<?xml version="1.0" encoding="UTF-8"?>
<testsuites>
  <testsuite name="" tests="11018" assertions="52906" errors="18" failures="17" skipped="77" time="1140.925525">
    <testsuite name="default" tests="10993" assertions="52659" errors="18" failures="17" skipped="77" time="1138.785965">
      <testsuite name="Tests_Actions" file="/var/www/html/test/wordpress_test/inpsyde_test/test/wp-content/plugins/plugintestslughere/tests/unit/tests/actions.php" tests="25" assertions="98" errors="0" failures="0" skipped="0" time="0.707705">
        <testcase name="test_simple_action" class="Tests_Actions" classname="Tests_Actions" file="/var/www/html/test/wordpress_test/inpsyde_test/test/wp-content/plugins/plugintestslughere/tests/unit/tests/actions.php" line="10" assertions="3" time="0.071997"/>
        <testcase name="test_remove_action" class="Tests_Actions" classname="Tests_Actions" file="/var/www/html/test/wordpress_test/inpsyde_test/test/wp-content/plugins/plugintestslughere/tests/unit/tests/actions.php" line="27" assertions="4" time="0.025511"/>
        <testcase name="test_has_action" class="Tests_Actions" classname="Tests_Actions" file="/var/www/html/test/wordpress_test/inpsyde_test/test/wp-content/plugins/plugintestslughere/tests/unit/tests/actions.php" line="46" assertions="6" time="0.044931"/>
        <testcase name="test_multiple_actions" class="Tests_Actions" classname="Tests_Actions" file="/var/www/html/test/wordpress_test/inpsyde_test/test/wp-content/plugins/plugintestslughere/tests/unit/tests/actions.php" line="61" assertions="2" time="0.023152"/>
        <testcase name="test_action_args_1" class="Tests_Actions" classname="Tests_Actions" file="/var/www/html/test/wordpress_test/inpsyde_test/test/wp-content/plugins/plugintestslughere/tests/unit/tests/actions.php" line="77" assertions="2" time="0.022851"/>
        <testcase name="test_action_args_2" class="Tests_Actions" classname="Tests_Actions" file="/var/www/html/test/wordpress_test/inpsyde_test/test/wp-content/plugins/plugintestslughere/tests/unit/tests/actions.php" line="92" assertions="4" time="0.022011"/>
        <testcase name="test_action_args_3" class="Tests_Actions" classname="Tests_Actions" file="/var/www/html/test/wordpress_test/inpsyde_test/test/wp-content/plugins/plugintestslughere/tests/unit/tests/actions.php" line="124" assertions="6" time="0.021564"/>
        <testcase name="test_action_args_with_php4_syntax" class="Tests_Actions" classname="Tests_Actions" file="/var/www/html/test/wordpress_test/inpsyde_test/test/wp-content/plugins/plugintestslughere/tests/unit/tests/actions.php" line="161" assertions="1" time="0.020981"/>
        <testcase name="test_action_priority" class="Tests_Actions" classname="Tests_Actions" file="/var/www/html/test/wordpress_test/inpsyde_test/test/wp-content/plugins/plugintestslughere/tests/unit/tests/actions.php" line="175" assertions="2" time="0.020481"/>
        <testcase name="test_did_action" class="Tests_Actions" classname="Tests_Actions" file="/var/www/html/test/wordpress_test/inpsyde_test/test/wp-content/plugins/plugintestslughere/tests/unit/tests/actions.php" line="204" assertions="4" time="0.022837"/>
        <testcase name="test_all_action" class="Tests_Actions" classname="Tests_Actions" file="/var/www/html/test/wordpress_test/inpsyde_test/test/wp-content/plugins/plugintestslughere/tests/unit/tests/actions.php" line="225" assertions="4" time="0.022647"/>
        <testcase name="test_remove_all_action" class="Tests_Actions" classname="Tests_Actions" file="/var/www/html/test/wordpress_test/inpsyde_test/test/wp-content/plugins/plugintestslughere/tests/unit/tests/actions.php" line="249" assertions="6" time="0.020560"/>
        <testcase name="test_action_ref_array" class="Tests_Actions" classname="Tests_Actions" file="/var/www/html/test/wordpress_test/inpsyde_test/test/wp-content/plugins/plugintestslughere/tests/unit/tests/actions.php" line="269" assertions="2" time="0.021810"/>
        <testcase name="test_action_keyed_array" class="Tests_Actions" classname="Tests_Actions" file="/var/www/html/test/wordpress_test/inpsyde_test/test/wp-content/plugins/plugintestslughere/tests/unit/tests/actions.php" line="288" assertions="2" time="0.021742"/>
        <testcase name="test_action_self_removal" class="Tests_Actions" classname="Tests_Actions" file="/var/www/html/test/wordpress_test/inpsyde_test/test/wp-content/plugins/plugintestslughere/tests/unit/tests/actions.php" line="312" assertions="1" time="0.020559"/>
        <testcase name="test_action_recursion" class="Tests_Actions" classname="Tests_Actions" file="/var/www/html/test/wordpress_test/inpsyde_test/test/wp-content/plugins/plugintestslughere/tests/unit/tests/actions.php" line="325" assertions="2" time="0.020272"/>
        <testcase name="test_action_callback_manipulation_while_running" class="Tests_Actions" classname="Tests_Actions" file="/var/www/html/test/wordpress_test/inpsyde_test/test/wp-content/plugins/plugintestslughere/tests/unit/tests/actions.php" line="352" assertions="5" time="0.021465"/>
        <testcase name="test_remove_anonymous_callback" class="Tests_Actions" classname="Tests_Actions" file="/var/www/html/test/wordpress_test/inpsyde_test/test/wp-content/plugins/plugintestslughere/tests/unit/tests/actions.php" line="387" assertions="2" time="0.027737"/>
        <testcase name="test_array_access_of_wp_filter_global" class="Tests_Actions" classname="Tests_Actions" file="/var/www/html/test/wordpress_test/inpsyde_test/test/wp-content/plugins/plugintestslughere/tests/unit/tests/actions.php" line="420" assertions="4" time="0.046206"/>
        <testcase name="test_current_action" class="Tests_Actions" classname="Tests_Actions" file="/var/www/html/test/wordpress_test/inpsyde_test/test/wp-content/plugins/plugintestslughere/tests/unit/tests/actions.php" line="446" assertions="1" time="0.043050"/>
        <testcase name="test_doing_filter" class="Tests_Actions" classname="Tests_Actions" file="/var/www/html/test/wordpress_test/inpsyde_test/test/wp-content/plugins/plugintestslughere/tests/unit/tests/actions.php" line="457" assertions="5" time="0.033817"/>
        <testcase name="test_doing_action" class="Tests_Actions" classname="Tests_Actions" file="/var/www/html/test/wordpress_test/inpsyde_test/test/wp-content/plugins/plugintestslughere/tests/unit/tests/actions.php" line="476" assertions="5" time="0.030230"/>
        <testcase name="test_doing_filter_real" class="Tests_Actions" classname="Tests_Actions" file="/var/www/html/test/wordpress_test/inpsyde_test/test/wp-content/plugins/plugintestslughere/tests/unit/tests/actions.php" line="495" assertions="20" time="0.028298"/>
        <testcase name="test_do_action_deprecated" class="Tests_Actions" classname="Tests_Actions" file="/var/www/html/test/wordpress_test/inpsyde_test/test/wp-content/plugins/plugintestslughere/tests/unit/tests/actions.php" line="545" assertions="2" time="0.027786"/>
        <testcase name="test_do_action_deprecated_with_multiple_params" class="Tests_Actions" classname="Tests_Actions" file="/var/www/html/test/wordpress_test/inpsyde_test/test/wp-content/plugins/plugintestslughere/tests/unit/tests/actions.php" line="563" assertions="3" time="0.025209"/>
      </testsuite>
      <testsuite name="Tests_Actions_Callbacks" file="/var/www/html/test/wordpress_test/inpsyde_test/test/wp-content/plugins/plugintestslughere/tests/unit/tests/actions/callbacks.php" tests="1" assertions="3" errors="0" failures="0" skipped="0" time="0.044733">
        <testcase name="test_callback_representations" class="Tests_Actions_Callbacks" classname="Tests_Actions_Callbacks" file="/var/www/html/test/wordpress_test/inpsyde_test/test/wp-content/plugins/plugintestslughere/tests/unit/tests/actions/callbacks.php" line="11" assertions="3" time="0.044733"/>
      </testsuite>
      <testsuite name="Tests_Actions_Closures" file="/var/www/html/test/wordpress_test/inpsyde_test/test/wp-content/plugins/plugintestslughere/tests/unit/tests/actions/closures.php" tests="1" assertions="4" errors="0" failures="0" skipped="0" time="0.035552">
        <testcase name="test_action_closure" class="Tests_Actions_Closures" classname="Tests_Actions_Closures" file="/var/www/html/test/wordpress_test/inpsyde_test/test/wp-content/plugins/plugintestslughere/tests/unit/tests/actions/closures.php" line="13" assertions="4" time="0.035552"/>
      </testsuite>
      <testsuite name="Tests_Admin_IncludesComment" file="/var/www/html/test/wordpress_test/inpsyde_test/test/wp-content/plugins/plugintestslughere/tests/unit/tests/admin/includesComment.php" tests="5" assertions="6" errors="0" failures="0" skipped="0" time="0.144332">
        <testcase name="test_must_match_date_and_author" class="Tests_Admin_IncludesComment" classname="Tests_Admin_IncludesComment" file="/var/www/html/test/wordpress_test/inpsyde_test/test/wp-content/plugins/plugintestslughere/tests/unit/tests/admin/includesComment.php" line="51" assertions="2" time="0.045795"/>
        <testcase name="test_default_value_of_timezone_should_be_blog" class="Tests_Admin_IncludesComment" classname="Tests_Admin_IncludesComment" file="/var/www/html/test/wordpress_test/inpsyde_test/test/wp-content/plugins/plugintestslughere/tests/unit/tests/admin/includesComment.php" line="59" assertions="1" time="0.036326"/>
        <testcase name="test_should_respect_timezone_blog" class="Tests_Admin_IncludesComment" classname="Tests_Admin_IncludesComment" file="/var/www/html/test/wordpress_test/inpsyde_test/test/wp-content/plugins/plugintestslughere/tests/unit/tests/admin/includesComment.php" line="66" assertions="1" time="0.019749"/>
        <testcase name="test_should_respect_timezone_gmt" class="Tests_Admin_IncludesComment" classname="Tests_Admin_IncludesComment" file="/var/www/html/test/wordpress_test/inpsyde_test/test/wp-content/plugins/plugintestslughere/tests/unit/tests/admin/includesComment.php" line="73" assertions="1" time="0.021407"/>
        <testcase name="test_invalid_timezone_should_fall_back_on_blog" class="Tests_Admin_IncludesComment" classname="Tests_Admin_IncludesComment" file="/var/www/html/test/wordpress_test/inpsyde_test/test/wp-content/plugins/plugintestslughere/tests/unit/tests/admin/includesComment.php" line="80" assertions="1" time="0.021055"/>
      </testsuite>
      <testsuite name="Test_WP_Community_Events" file="/var/www/html/test/wordpress_test/inpsyde_test/test/wp-content/plugins/plugintestslughere/tests/unit/tests/admin/includesCommunityEvents.php" tests="12" assertions="24" errors="0" failures="0" skipped="0" time="0.713816">
        <testcase name="test_get_events_bad_response_code" class="Test_WP_Community_Events" classname="Test_WP_Community_Events" file="/var/www/html/test/wordpress_test/inpsyde_test/test/wp-content/plugins/plugintestslughere/tests/unit/tests/admin/includesCommunityEvents.php" line="64" assertions="1" time="0.063194"/>
        <testcase name="test_get_cached_events_bad_response_code" class="Test_WP_Community_Events" classname="Test_WP_Community_Events" file="/var/www/html/test/wordpress_test/inpsyde_test/test/wp-content/plugins/plugintestslughere/tests/unit/tests/admin/includesCommunityEvents.php" line="77" assertions="1" time="0.045314"/>
        <testcase name="test_get_events_invalid_response" class="Test_WP_Community_Events" classname="Test_WP_Community_Events" file="/var/www/html/test/wordpress_test/inpsyde_test/test/wp-content/plugins/plugintestslughere/tests/unit/tests/admin/includesCommunityEvents.php" line="112" assertions="1" time="0.036061"/>
        <testcase name="test_get_cached_events_invalid_response" class="Test_WP_Community_Events" classname="Test_WP_Community_Events" file="/var/www/html/test/wordpress_test/inpsyde_test/test/wp-content/plugins/plugintestslughere/tests/unit/tests/admin/includesCommunityEvents.php" line="125" assertions="1" time="0.031777"/>
        <testcase name="test_get_events_valid_response" class="Test_WP_Community_Events" classname="Test_WP_Community_Events" file="/var/www/html/test/wordpress_test/inpsyde_test/test/wp-content/plugins/plugintestslughere/tests/unit/tests/admin/includesCommunityEvents.php" line="160" assertions="4" time="0.087163"/>
        <testcase name="test_get_cached_events_valid_response" class="Test_WP_Community_Events" classname="Test_WP_Community_Events" file="/var/www/html/test/wordpress_test/inpsyde_test/test/wp-content/plugins/plugintestslughere/tests/unit/tests/admin/includesCommunityEvents.php" line="179" assertions="4" time="0.098426"/>
        <testcase name="test_get_events_pin_wordcamp" class="Test_WP_Community_Events" classname="Test_WP_Community_Events" file="/var/www/html/test/wordpress_test/inpsyde_test/test/wp-content/plugins/plugintestslughere/tests/unit/tests/admin/includesCommunityEvents.php" line="266" assertions="4" time="0.098680"/>
        <testcase name="test_get_events_dont_pin_multiple_wordcamps" class="Test_WP_Community_Events" classname="Test_WP_Community_Events" file="/var/www/html/test/wordpress_test/inpsyde_test/test/wp-content/plugins/plugintestslughere/tests/unit/tests/admin/includesCommunityEvents.php" line="368" assertions="4" time="0.097854"/>
        <testsuite name="Test_WP_Community_Events::test_get_unsafe_client_ip" tests="4" assertions="4" errors="0" failures="0" skipped="0" time="0.155347">
          <testcase name="test_get_unsafe_client_ip with data set #0" class="Test_WP_Community_Events" classname="Test_WP_Community_Events" file="/var/www/html/test/wordpress_test/inpsyde_test/test/wp-content/plugins/plugintestslughere/tests/unit/tests/admin/includesCommunityEvents.php" line="486" assertions="1" time="0.046743"/>
          <testcase name="test_get_unsafe_client_ip with data set #1" class="Test_WP_Community_Events" classname="Test_WP_Community_Events" file="/var/www/html/test/wordpress_test/inpsyde_test/test/wp-content/plugins/plugintestslughere/tests/unit/tests/admin/includesCommunityEvents.php" line="486" assertions="1" time="0.042435"/>
          <testcase name="test_get_unsafe_client_ip with data set #2" class="Test_WP_Community_Events" classname="Test_WP_Community_Events" file="/var/www/html/test/wordpress_test/inpsyde_test/test/wp-content/plugins/plugintestslughere/tests/unit/tests/admin/includesCommunityEvents.php" line="486" assertions="1" time="0.035185"/>
          <testcase name="test_get_unsafe_client_ip with data set #3" class="Test_WP_Community_Events" classname="Test_WP_Community_Events" file="/var/www/html/test/wordpress_test/inpsyde_test/test/wp-content/plugins/plugintestslughere/tests/unit/tests/admin/includesCommunityEvents.php" line="486" assertions="1" time="0.030984"/>
        </testsuite>
      </testsuite>
      <testsuite name="Tests_Admin_includesFile" file="/var/www/html/test/wordpress_test/inpsyde_test/test/wp-content/plugins/plugintestslughere/tests/unit/tests/admin/includesFile.php" tests="2" assertions="8" errors="0" failures="0" skipped="0" time="0.132411">
        <testcase name="test_get_home_path" class="Tests_Admin_includesFile" classname="Tests_Admin_includesFile" file="/var/www/html/test/wordpress_test/inpsyde_test/test/wp-content/plugins/plugintestslughere/tests/unit/tests/admin/includesFile.php" line="12" assertions="4" time="0.085817"/>
        <testcase name="test_download_url_non_200_response_code" class="Tests_Admin_includesFile" classname="Tests_Admin_includesFile" file="/var/www/html/test/wordpress_test/inpsyde_test/test/wp-content/plugins/plugintestslughere/tests/unit/tests/admin/includesFile.php" line="38" assertions="4" time="0.046594"/>
      </testsuite>
      <testsuite name="Tests_Admin_includesListTable" file="/var/www/html/test/wordpress_test/inpsyde_test/test/wp-content/plugins/plugintestslughere/tests/unit/tests/admin/includesListTable.php" tests="16" assertions="44" errors="0" failures="0" skipped="0" time="1.122840">
        <testcase name="test_list_hierarchical_pages_first_page" class="Tests_Admin_includesListTable" classname="Tests_Admin_includesListTable" file="/var/www/html/test/wordpress_test/inpsyde_test/test/wp-content/plugins/plugintestslughere/tests/unit/tests/admin/includesListTable.php" line="79" assertions="3" time="0.144730"/>
        <testcase name="test_list_hierarchical_pages_second_page" class="Tests_Admin_includesListTable" classname="Tests_Admin_includesListTable" file="/var/www/html/test/wordpress_test/inpsyde_test/test/wp-content/plugins/plugintestslughere/tests/unit/tests/admin/includesListTable.php" line="95" assertions="4" time="0.071371"/>
        <testcase name="test_search_hierarchical_pages_first_page" class="Tests_Admin_includesListTable" classname="Tests_Admin_includesListTable" file="/var/www/html/test/wordpress_test/inpsyde_test/test/wp-content/plugins/plugintestslughere/tests/unit/tests/admin/includesListTable.php" line="112" assertions="3" time="0.046174"/>
        <testcase name="test_search_hierarchical_pages_second_page" class="Tests_Admin_includesListTable" classname="Tests_Admin_includesListTable" file="/var/www/html/test/wordpress_test/inpsyde_test/test/wp-content/plugins/plugintestslughere/tests/unit/tests/admin/includesListTable.php" line="129" assertions="3" time="0.040691"/>
        <testcase name="test_grandchildren_hierarchical_pages_first_page" class="Tests_Admin_includesListTable" classname="Tests_Admin_includesListTable" file="/var/www/html/test/wordpress_test/inpsyde_test/test/wp-content/plugins/plugintestslughere/tests/unit/tests/admin/includesListTable.php" line="146" assertions="5" time="0.054478"/>
        <testcase name="test_grandchildren_hierarchical_pages_second_page" class="Tests_Admin_includesListTable" classname="Tests_Admin_includesListTable" file="/var/www/html/test/wordpress_test/inpsyde_test/test/wp-content/plugins/plugintestslughere/tests/unit/tests/admin/includesListTable.php" line="165" assertions="5" time="0.060922"/>
        <testcase name="test_filter_button_should_not_be_shown_if_there_are_no_posts" class="Tests_Admin_includesListTable" classname="Tests_Admin_includesListTable" file="/var/www/html/test/wordpress_test/inpsyde_test/test/wp-content/plugins/plugintestslughere/tests/unit/tests/admin/includesListTable.php" line="231" assertions="1" time="0.097738"/>
        <testcase name="test_months_dropdown_should_not_be_shown_if_there_are_no_posts" class="Tests_Admin_includesListTable" classname="Tests_Admin_includesListTable" file="/var/www/html/test/wordpress_test/inpsyde_test/test/wp-content/plugins/plugintestslughere/tests/unit/tests/admin/includesListTable.php" line="245" assertions="1" time="0.038816"/>
        <testcase name="test_category_dropdown_should_not_be_shown_if_there_are_no_posts" class="Tests_Admin_includesListTable" classname="Tests_Admin_includesListTable" file="/var/www/html/test/wordpress_test/inpsyde_test/test/wp-content/plugins/plugintestslughere/tests/unit/tests/admin/includesListTable.php" line="259" assertions="1" time="0.030854"/>
        <testcase name="test_empty_trash_button_should_not_be_shown_if_there_are_no_posts" class="Tests_Admin_includesListTable" classname="Tests_Admin_includesListTable" file="/var/www/html/test/wordpress_test/inpsyde_test/test/wp-content/plugins/plugintestslughere/tests/unit/tests/admin/includesListTable.php" line="273" assertions="1" time="0.028834"/>
        <testcase name="test_filter_button_should_not_be_shown_if_there_are_no_comments" class="Tests_Admin_includesListTable" classname="Tests_Admin_includesListTable" file="/var/www/html/test/wordpress_test/inpsyde_test/test/wp-content/plugins/plugintestslughere/tests/unit/tests/admin/includesListTable.php" line="287" assertions="1" time="0.055721"/>
        <testcase name="test_filter_button_should_be_shown_if_there_are_comments" class="Tests_Admin_includesListTable" classname="Tests_Admin_includesListTable" file="/var/www/html/test/wordpress_test/inpsyde_test/test/wp-content/plugins/plugintestslughere/tests/unit/tests/admin/includesListTable.php" line="300" assertions="1" time="0.115573"/>
        <testcase name="test_filter_comment_type_dropdown_should_be_shown_if_there_are_comments" class="Tests_Admin_includesListTable" classname="Tests_Admin_includesListTable" file="/var/www/html/test/wordpress_test/inpsyde_test/test/wp-content/plugins/plugintestslughere/tests/unit/tests/admin/includesListTable.php" line="322" assertions="2" time="0.110147"/>
        <testcase name="test_empty_trash_button_should_not_be_shown_if_there_are_no_comments" class="Tests_Admin_includesListTable" classname="Tests_Admin_includesListTable" file="/var/www/html/test/wordpress_test/inpsyde_test/test/wp-content/plugins/plugintestslughere/tests/unit/tests/admin/includesListTable.php" line="345" assertions="1" time="0.042431"/>
        <testcase name="test_sortable_columns" class="Tests_Admin_includesListTable" classname="Tests_Admin_includesListTable" file="/var/www/html/test/wordpress_test/inpsyde_test/test/wp-content/plugins/plugintestslughere/tests/unit/tests/admin/includesListTable.php" line="358" assertions="6" time="0.152719"/>
        <testcase name="test_sortable_columns_with_current_ordering" class="Tests_Admin_includesListTable" classname="Tests_Admin_includesListTable" file="/var/www/html/test/wordpress_test/inpsyde_test/test/wp-content/plugins/plugintestslughere/tests/unit/tests/admin/includesListTable.php" line="392" assertions="6" time="0.031641"/>
      </testsuite>
      <testsuite name="Tests_Admin_includesMisc" file="/var/www/html/test/wordpress_test/inpsyde_test/test/wp-content/plugins/plugintestslughere/tests/unit/tests/admin/includesMisc.php" tests="1" assertions="6" errors="0" failures="0" skipped="0" time="0.028807">
        <testcase name="test_shorten_url" class="Tests_Admin_includesMisc" classname="Tests_Admin_includesMisc" file="/var/www/html/test/wordpress_test/inpsyde_test/test/wp-content/plugins/plugintestslughere/tests/unit/tests/admin/includesMisc.php" line="7" assertions="6" time="0.028807"/>
      </testsuite>
      <testsuite name="Tests_Admin_includesPlugin" file="/var/www/html/test/wordpress_test/inpsyde_test/test/wp-content/plugins/plugintestslughere/tests/unit/tests/admin/includesPlugin.php" tests="42" assertions="152" errors="0" failures="0" skipped="0" time="4.895725">
        <testcase name="test_get_plugin_data" class="Tests_Admin_includesPlugin" classname="Tests_Admin_includesPlugin" file="/var/www/html/test/wordpress_test/inpsyde_test/test/wp-content/plugins/plugintestslughere/tests/unit/tests/admin/includesPlugin.php" line="7" assertions="19" time="0.064591"/>
        <testcase name="test_menu_page_url" class="Tests_Admin_includesPlugin" classname="Tests_Admin_includesPlugin" file="/var/www/html/test/wordpress_test/inpsyde_test/test/wp-content/plugins/plugintestslughere/tests/unit/tests/admin/includesPlugin.php" line="30" assertions="8" time="0.169193"/>
        <testsuite name="Tests_Admin_includesPlugin::test_submenu_priority" tests="8" assertions="8" errors="0" failures="0" skipped="0" time="1.386387">
          <testcase name="test_submenu_priority with data set #0" class="Tests_Admin_includesPlugin" classname="Tests_Admin_includesPlugin" file="/var/www/html/test/wordpress_test/inpsyde_test/test/wp-content/plugins/plugintestslughere/tests/unit/tests/admin/includesPlugin.php" line="72" assertions="1" time="0.286601"/>
          <testcase name="test_submenu_priority with data set #1" class="Tests_Admin_includesPlugin" classname="Tests_Admin_includesPlugin" file="/var/www/html/test/wordpress_test/inpsyde_test/test/wp-content/plugins/plugintestslughere/tests/unit/tests/admin/includesPlugin.php" line="72" assertions="1" time="0.176661"/>
          <testcase name="test_submenu_priority with data set #2" class="Tests_Admin_includesPlugin" classname="Tests_Admin_includesPlugin" file="/var/www/html/test/wordpress_test/inpsyde_test/test/wp-content/plugins/plugintestslughere/tests/unit/tests/admin/includesPlugin.php" line="72" assertions="1" time="0.175431"/>
          <testcase name="test_submenu_priority with data set #3" class="Tests_Admin_includesPlugin" classname="Tests_Admin_includesPlugin" file="/var/www/html/test/wordpress_test/inpsyde_test/test/wp-content/plugins/plugintestslughere/tests/unit/tests/admin/includesPlugin.php" line="72" assertions="1" time="0.142130"/>
          <testcase name="test_submenu_priority with data set #4" class="Tests_Admin_includesPlugin" classname="Tests_Admin_includesPlugin" file="/var/www/html/test/wordpress_test/inpsyde_test/test/wp-content/plugins/plugintestslughere/tests/unit/tests/admin/includesPlugin.php" line="72" assertions="1" time="0.155063"/>
          <testcase name="test_submenu_priority with data set #5" class="Tests_Admin_includesPlugin" classname="Tests_Admin_includesPlugin" file="/var/www/html/test/wordpress_test/inpsyde_test/test/wp-content/plugins/plugintestslughere/tests/unit/tests/admin/includesPlugin.php" line="72" assertions="1" time="0.149559"/>
          <testcase name="test_submenu_priority with data set #6" class="Tests_Admin_includesPlugin" classname="Tests_Admin_includesPlugin" file="/var/www/html/test/wordpress_test/inpsyde_test/test/wp-content/plugins/plugintestslughere/tests/unit/tests/admin/includesPlugin.php" line="72" assertions="1" time="0.135705"/>
          <testcase name="test_submenu_priority with data set #7" class="Tests_Admin_includesPlugin" classname="Tests_Admin_includesPlugin" file="/var/www/html/test/wordpress_test/inpsyde_test/test/wp-content/plugins/plugintestslughere/tests/unit/tests/admin/includesPlugin.php" line="72" assertions="1" time="0.165237"/>
        </testsuite>
        <testsuite name="Tests_Admin_includesPlugin::test_submenu_helpers_priority" tests="8" assertions="88" errors="0" failures="0" skipped="0" time="1.557182">
          <testcase name="test_submenu_helpers_priority with data set #0" class="Tests_Admin_includesPlugin" classname="Tests_Admin_includesPlugin" file="/var/www/html/test/wordpress_test/inpsyde_test/test/wp-content/plugins/plugintestslughere/tests/unit/tests/admin/includesPlugin.php" line="120" assertions="11" time="0.206755"/>
          <testcase name="test_submenu_helpers_priority with data set #1" class="Tests_Admin_includesPlugin" classname="Tests_Admin_includesPlugin" file="/var/www/html/test/wordpress_test/inpsyde_test/test/wp-content/plugins/plugintestslughere/tests/unit/tests/admin/includesPlugin.php" line="120" assertions="11" time="0.154211"/>
          <testcase name="test_submenu_helpers_priority with data set #2" class="Tests_Admin_includesPlugin" classname="Tests_Admin_includesPlugin" file="/var/www/html/test/wordpress_test/inpsyde_test/test/wp-content/plugins/plugintestslughere/tests/unit/tests/admin/includesPlugin.php" line="120" assertions="11" time="0.186815"/>
          <testcase name="test_submenu_helpers_priority with data set #3" class="Tests_Admin_includesPlugin" classname="Tests_Admin_includesPlugin" file="/var/www/html/test/wordpress_test/inpsyde_test/test/wp-content/plugins/plugintestslughere/tests/unit/tests/admin/includesPlugin.php" line="120" assertions="11" time="0.219790"/>
          <testcase name="test_submenu_helpers_priority with data set #4" class="Tests_Admin_includesPlugin" classname="Tests_Admin_includesPlugin" file="/var/www/html/test/wordpress_test/inpsyde_test/test/wp-content/plugins/plugintestslughere/tests/unit/tests/admin/includesPlugin.php" line="120" assertions="11" time="0.219146"/>
          <testcase name="test_submenu_helpers_priority with data set #5" class="Tests_Admin_includesPlugin" classname="Tests_Admin_includesPlugin" file="/var/www/html/test/wordpress_test/inpsyde_test/test/wp-content/plugins/plugintestslughere/tests/unit/tests/admin/includesPlugin.php" line="120" assertions="11" time="0.186342"/>
          <testcase name="test_submenu_helpers_priority with data set #6" class="Tests_Admin_includesPlugin" classname="Tests_Admin_includesPlugin" file="/var/www/html/test/wordpress_test/inpsyde_test/test/wp-content/plugins/plugintestslughere/tests/unit/tests/admin/includesPlugin.php" line="120" assertions="11" time="0.187234"/>
          <testcase name="test_submenu_helpers_priority with data set #7" class="Tests_Admin_includesPlugin" classname="Tests_Admin_includesPlugin" file="/var/www/html/test/wordpress_test/inpsyde_test/test/wp-content/plugins/plugintestslughere/tests/unit/tests/admin/includesPlugin.php" line="120" assertions="11" time="0.196889"/>
        </testsuite>
        <testcase name="test_priority_when_parent_slug_child_slug_are_the_same" class="Tests_Admin_includesPlugin" classname="Tests_Admin_includesPlugin" file="/var/www/html/test/wordpress_test/inpsyde_test/test/wp-content/plugins/plugintestslughere/tests/unit/tests/admin/includesPlugin.php" line="263" assertions="3" time="0.219700"/>
        <testcase name="test_passing_string_as_priority_fires_doing_it_wrong" class="Tests_Admin_includesPlugin" classname="Tests_Admin_includesPlugin" file="/var/www/html/test/wordpress_test/inpsyde_test/test/wp-content/plugins/plugintestslughere/tests/unit/tests/admin/includesPlugin.php" line="295" assertions="2" time="0.197725"/>
        <testcase name="test_is_plugin_active_true" class="Tests_Admin_includesPlugin" classname="Tests_Admin_includesPlugin" file="/var/www/html/test/wordpress_test/inpsyde_test/test/wp-content/plugins/plugintestslughere/tests/unit/tests/admin/includesPlugin.php" line="319" assertions="1" time="0.142223"/>
        <testcase name="test_is_plugin_active_false" class="Tests_Admin_includesPlugin" classname="Tests_Admin_includesPlugin" file="/var/www/html/test/wordpress_test/inpsyde_test/test/wp-content/plugins/plugintestslughere/tests/unit/tests/admin/includesPlugin.php" line="327" assertions="1" time="0.063541"/>
        <testcase name="test_is_plugin_inactive_true" class="Tests_Admin_includesPlugin" classname="Tests_Admin_includesPlugin" file="/var/www/html/test/wordpress_test/inpsyde_test/test/wp-content/plugins/plugintestslughere/tests/unit/tests/admin/includesPlugin.php" line="333" assertions="1" time="0.043690"/>
        <testcase name="test_is_plugin_inactive_false" class="Tests_Admin_includesPlugin" classname="Tests_Admin_includesPlugin" file="/var/www/html/test/wordpress_test/inpsyde_test/test/wp-content/plugins/plugintestslughere/tests/unit/tests/admin/includesPlugin.php" line="339" assertions="1" time="0.112024"/>
        <testcase name="test_get_plugin_files_single" class="Tests_Admin_includesPlugin" classname="Tests_Admin_includesPlugin" file="/var/www/html/test/wordpress_test/inpsyde_test/test/wp-content/plugins/plugintestslughere/tests/unit/tests/admin/includesPlugin.php" line="350" assertions="1" time="0.064389"/>
        <testcase name="test_get_plugin_files_folder" class="Tests_Admin_includesPlugin" classname="Tests_Admin_includesPlugin" file="/var/www/html/test/wordpress_test/inpsyde_test/test/wp-content/plugins/plugintestslughere/tests/unit/tests/admin/includesPlugin.php" line="358" assertions="1" time="0.095796"/>
        <testcase name="test_get_mu_plugins_when_mu_plugins_exists_but_is_empty" class="Tests_Admin_includesPlugin" classname="Tests_Admin_includesPlugin" file="/var/www/html/test/wordpress_test/inpsyde_test/test/wp-content/plugins/plugintestslughere/tests/unit/tests/admin/includesPlugin.php" line="383" assertions="1" time="0.040429"/>
        <testcase name="test_get_mu_plugins_when_mu_plugins_directory_does_not_exist" class="Tests_Admin_includesPlugin" classname="Tests_Admin_includesPlugin" file="/var/www/html/test/wordpress_test/inpsyde_test/test/wp-content/plugins/plugintestslughere/tests/unit/tests/admin/includesPlugin.php" line="405" assertions="1" time="0.039602"/>
        <testcase name="test_get_mu_plugins_should_ignore_index_php_containing_silence_is_golden" class="Tests_Admin_includesPlugin" classname="Tests_Admin_includesPlugin" file="/var/www/html/test/wordpress_test/inpsyde_test/test/wp-content/plugins/plugintestslughere/tests/unit/tests/admin/includesPlugin.php" line="425" assertions="1" time="0.039876"/>
        <testcase name="test_get_mu_plugins_should_not_ignore_index_php_containing_something_other_than_silence_is_golden" class="Tests_Admin_includesPlugin" classname="Tests_Admin_includesPlugin" file="/var/www/html/test/wordpress_test/inpsyde_test/test/wp-content/plugins/plugintestslughere/tests/unit/tests/admin/includesPlugin.php" line="449" assertions="1" time="0.036275"/>
        <testcase name="test_get_mu_plugins_should_ignore_files_without_php_extensions" class="Tests_Admin_includesPlugin" classname="Tests_Admin_includesPlugin" file="/var/www/html/test/wordpress_test/inpsyde_test/test/wp-content/plugins/plugintestslughere/tests/unit/tests/admin/includesPlugin.php" line="474" assertions="1" time="0.039766"/>
        <testcase name="test__sort_uname_callback" class="Tests_Admin_includesPlugin" classname="Tests_Admin_includesPlugin" file="/var/www/html/test/wordpress_test/inpsyde_test/test/wp-content/plugins/plugintestslughere/tests/unit/tests/admin/includesPlugin.php" line="501" assertions="3" time="0.103269"/>
        <testcase name="test_get_dropins_empty" class="Tests_Admin_includesPlugin" classname="Tests_Admin_includesPlugin" file="/var/www/html/test/wordpress_test/inpsyde_test/test/wp-content/plugins/plugintestslughere/tests/unit/tests/admin/includesPlugin.php" line="510" assertions="1" time="0.025470"/>
        <testcase name="test_get_dropins_not_empty" class="Tests_Admin_includesPlugin" classname="Tests_Admin_includesPlugin" file="/var/www/html/test/wordpress_test/inpsyde_test/test/wp-content/plugins/plugintestslughere/tests/unit/tests/admin/includesPlugin.php" line="522" assertions="1" time="0.037215"/>
        <testcase name="test_is_network_only_plugin_hello" class="Tests_Admin_includesPlugin" classname="Tests_Admin_includesPlugin" file="/var/www/html/test/wordpress_test/inpsyde_test/test/wp-content/plugins/plugintestslughere/tests/unit/tests/admin/includesPlugin.php" line="541" assertions="1" time="0.023525"/>
        <testcase name="test_is_network_only_plugin" class="Tests_Admin_includesPlugin" classname="Tests_Admin_includesPlugin" file="/var/www/html/test/wordpress_test/inpsyde_test/test/wp-content/plugins/plugintestslughere/tests/unit/tests/admin/includesPlugin.php" line="548" assertions="1" time="0.021726"/>
        <testcase name="test_activate_plugins_single_no_array" class="Tests_Admin_includesPlugin" classname="Tests_Admin_includesPlugin" file="/var/www/html/test/wordpress_test/inpsyde_test/test/wp-content/plugins/plugintestslughere/tests/unit/tests/admin/includesPlugin.php" line="559" assertions="1" time="0.076855"/>
        <testcase name="test_activate_plugins_single_array" class="Tests_Admin_includesPlugin" classname="Tests_Admin_includesPlugin" file="/var/www/html/test/wordpress_test/inpsyde_test/test/wp-content/plugins/plugintestslughere/tests/unit/tests/admin/includesPlugin.php" line="569" assertions="1" time="0.087402"/>
        <testcase name="test_validate_active_plugins_remove_invalid" class="Tests_Admin_includesPlugin" classname="Tests_Admin_includesPlugin" file="/var/www/html/test/wordpress_test/inpsyde_test/test/wp-content/plugins/plugintestslughere/tests/unit/tests/admin/includesPlugin.php" line="579" assertions="1" time="0.076979"/>
        <testcase name="test_validate_active_plugins_empty" class="Tests_Admin_includesPlugin" classname="Tests_Admin_includesPlugin" file="/var/www/html/test/wordpress_test/inpsyde_test/test/wp-content/plugins/plugintestslughere/tests/unit/tests/admin/includesPlugin.php" line="592" assertions="1" time="0.033426"/>
        <testcase name="test_is_uninstallable_plugin" class="Tests_Admin_includesPlugin" classname="Tests_Admin_includesPlugin" file="/var/www/html/test/wordpress_test/inpsyde_test/test/wp-content/plugins/plugintestslughere/tests/unit/tests/admin/includesPlugin.php" line="599" assertions="1" time="0.030357"/>
        <testcase name="test_is_uninstallable_plugin_true" class="Tests_Admin_includesPlugin" classname="Tests_Admin_includesPlugin" file="/var/www/html/test/wordpress_test/inpsyde_test/test/wp-content/plugins/plugintestslughere/tests/unit/tests/admin/includesPlugin.php" line="606" assertions="1" time="0.067111"/>
      </testsuite>
      <testsuite name="Tests_Admin_Includes_Post" file="/var/www/html/test/wordpress_test/inpsyde_test/test/wp-content/plugins/plugintestslughere/tests/unit/tests/admin/includesPost.php" tests="37" assertions="84" errors="0" failures="0" skipped="0" time="6.304532">
        <testcase name="test__wp_translate_postdata_cap_checks_contributor" class="Tests_Admin_Includes_Post" classname="Tests_Admin_Includes_Post" file="/var/www/html/test/wordpress_test/inpsyde_test/test/wp-content/plugins/plugintestslughere/tests/unit/tests/admin/includesPost.php" line="29" assertions="12" time="0.132019"/>
        <testcase name="test__wp_translate_postdata_cap_checks_editor" class="Tests_Admin_Includes_Post" classname="Tests_Admin_Includes_Post" file="/var/www/html/test/wordpress_test/inpsyde_test/test/wp-content/plugins/plugintestslughere/tests/unit/tests/admin/includesPost.php" line="79" assertions="12" time="0.130734"/>
        <testcase name="test_edit_post_auto_draft" class="Tests_Admin_Includes_Post" classname="Tests_Admin_Includes_Post" file="/var/www/html/test/wordpress_test/inpsyde_test/test/wp-content/plugins/plugintestslughere/tests/unit/tests/admin/includesPost.php" line="134" assertions="2" time="0.209066"/>
        <testcase name="test_edit_post_should_parse_tax_input_by_name_rather_than_slug_for_nonhierarchical_taxonomies" class="Tests_Admin_Includes_Post" classname="Tests_Admin_Includes_Post" file="/var/www/html/test/wordpress_test/inpsyde_test/test/wp-content/plugins/plugintestslughere/tests/unit/tests/admin/includesPost.php" line="151" assertions="2" time="0.672652"/>
        <testcase name="test_edit_post_should_not_create_terms_for_an_empty_tag_input_field" class="Tests_Admin_Includes_Post" classname="Tests_Admin_Includes_Post" file="/var/www/html/test/wordpress_test/inpsyde_test/test/wp-content/plugins/plugintestslughere/tests/unit/tests/admin/includesPost.php" line="191" assertions="1" time="0.252866"/>
        <testcase name="test_bulk_edit_posts_stomping" class="Tests_Admin_Includes_Post" classname="Tests_Admin_Includes_Post" file="/var/www/html/test/wordpress_test/inpsyde_test/test/wp-content/plugins/plugintestslughere/tests/unit/tests/admin/includesPost.php" line="220" assertions="4" time="0.251643"/>
        <testcase name="test_bulk_edit_posts_should_preserve_post_format_when_unchanged" class="Tests_Admin_Includes_Post" classname="Tests_Admin_Includes_Post" file="/var/www/html/test/wordpress_test/inpsyde_test/test/wp-content/plugins/plugintestslughere/tests/unit/tests/admin/includesPost.php" line="267" assertions="6" time="0.462304"/>
        <testcase name="test_bulk_edit_posts_should_set_post_format_before_wp_update_post_runs" class="Tests_Admin_Includes_Post" classname="Tests_Admin_Includes_Post" file="/var/www/html/test/wordpress_test/inpsyde_test/test/wp-content/plugins/plugintestslughere/tests/unit/tests/admin/includesPost.php" line="299" assertions="1" time="0.176170"/>
        <testcase name="test_user_cant_delete_protected_meta" class="Tests_Admin_Includes_Post" classname="Tests_Admin_Includes_Post" file="/var/www/html/test/wordpress_test/inpsyde_test/test/wp-content/plugins/plugintestslughere/tests/unit/tests/admin/includesPost.php" line="324" assertions="1" time="0.119125"/>
        <testcase name="test_get_sample_permalink_should_return_pretty_permalink_for_posts_with_post_status_future" class="Tests_Admin_Includes_Post" classname="Tests_Admin_Includes_Post" file="/var/www/html/test/wordpress_test/inpsyde_test/test/wp-content/plugins/plugintestslughere/tests/unit/tests/admin/includesPost.php" line="358" assertions="1" time="0.121452"/>
        <testcase name="test_get_sample_permalink_html_should_use_default_permalink_for_view_post_link_when_pretty_permalinks_are_disabled" class="Tests_Admin_Includes_Post" classname="Tests_Admin_Includes_Post" file="/var/www/html/test/wordpress_test/inpsyde_test/test/wp-content/plugins/plugintestslughere/tests/unit/tests/admin/includesPost.php" line="381" assertions="2" time="0.132202"/>
        <testcase name="test_get_sample_permalink_html_should_use_pretty_permalink_for_view_post_link_when_pretty_permalinks_are_enabled" class="Tests_Admin_Includes_Post" classname="Tests_Admin_Includes_Post" file="/var/www/html/test/wordpress_test/inpsyde_test/test/wp-content/plugins/plugintestslughere/tests/unit/tests/admin/includesPost.php" line="402" assertions="2" time="0.175448"/>
        <testcase name="test_get_sample_permalink_html_should_use_pretty_permalink_for_view_attachment_link_when_pretty_permalinks_are_enabled" class="Tests_Admin_Includes_Post" classname="Tests_Admin_Includes_Post" file="/var/www/html/test/wordpress_test/inpsyde_test/test/wp-content/plugins/plugintestslughere/tests/unit/tests/admin/includesPost.php" line="425" assertions="2" time="0.142978"/>
        <testcase name="test_get_sample_permalink_html_should_use_correct_permalink_for_view_post_link_when_changing_slug" class="Tests_Admin_Includes_Post" classname="Tests_Admin_Includes_Post" file="/var/www/html/test/wordpress_test/inpsyde_test/test/wp-content/plugins/plugintestslughere/tests/unit/tests/admin/includesPost.php" line="451" assertions="6" time="0.196765"/>
        <testcase name="test_get_sample_permalink_html_should_use_preview_links_for_draft_and_pending_posts_with_no_post_name" class="Tests_Admin_Includes_Post" classname="Tests_Admin_Includes_Post" file="/var/www/html/test/wordpress_test/inpsyde_test/test/wp-content/plugins/plugintestslughere/tests/unit/tests/admin/includesPost.php" line="509" assertions="1" time="0.131623"/>
        <testcase name="test_get_sample_permalink_should_avoid_slugs_that_would_create_clashes_with_year_archives" class="Tests_Admin_Includes_Post" classname="Tests_Admin_Includes_Post" file="/var/www/html/test/wordpress_test/inpsyde_test/test/wp-content/plugins/plugintestslughere/tests/unit/tests/admin/includesPost.php" line="531" assertions="1" time="0.120576"/>
        <testcase name="test_get_sample_permalink_should_allow_yearlike_slugs_if_permastruct_does_not_cause_an_archive_conflict" class="Tests_Admin_Includes_Post" classname="Tests_Admin_Includes_Post" file="/var/www/html/test/wordpress_test/inpsyde_test/test/wp-content/plugins/plugintestslughere/tests/unit/tests/admin/includesPost.php" line="547" assertions="1" time="0.197829"/>
        <testcase name="test_get_sample_permalink_should_avoid_slugs_that_would_create_clashes_with_month_archives" class="Tests_Admin_Includes_Post" classname="Tests_Admin_Includes_Post" file="/var/www/html/test/wordpress_test/inpsyde_test/test/wp-content/plugins/plugintestslughere/tests/unit/tests/admin/includesPost.php" line="563" assertions="1" time="0.164590"/>
        <testcase name="test_get_sample_permalink_should_ignore_potential_month_conflicts_for_invalid_monthnum" class="Tests_Admin_Includes_Post" classname="Tests_Admin_Includes_Post" file="/var/www/html/test/wordpress_test/inpsyde_test/test/wp-content/plugins/plugintestslughere/tests/unit/tests/admin/includesPost.php" line="579" assertions="1" time="0.131588"/>
        <testcase name="test_get_sample_permalink_should_avoid_slugs_that_would_create_clashes_with_day_archives" class="Tests_Admin_Includes_Post" classname="Tests_Admin_Includes_Post" file="/var/www/html/test/wordpress_test/inpsyde_test/test/wp-content/plugins/plugintestslughere/tests/unit/tests/admin/includesPost.php" line="595" assertions="1" time="0.141956"/>
        <testcase name="test_get_sample_permalink_should_iterate_slug_suffix_when_a_date_conflict_is_found" class="Tests_Admin_Includes_Post" classname="Tests_Admin_Includes_Post" file="/var/www/html/test/wordpress_test/inpsyde_test/test/wp-content/plugins/plugintestslughere/tests/unit/tests/admin/includesPost.php" line="611" assertions="1" time="0.188556"/>
        <testcase name="test_get_sample_permalink_should_ignore_potential_day_conflicts_for_invalid_day" class="Tests_Admin_Includes_Post" classname="Tests_Admin_Includes_Post" file="/var/www/html/test/wordpress_test/inpsyde_test/test/wp-content/plugins/plugintestslughere/tests/unit/tests/admin/includesPost.php" line="633" assertions="1" time="0.126079"/>
        <testcase name="test_get_sample_permalink_should_allow_daylike_slugs_if_permastruct_does_not_cause_an_archive_conflict" class="Tests_Admin_Includes_Post" classname="Tests_Admin_Includes_Post" file="/var/www/html/test/wordpress_test/inpsyde_test/test/wp-content/plugins/plugintestslughere/tests/unit/tests/admin/includesPost.php" line="649" assertions="1" time="0.117010"/>
        <testcase name="test_get_sample_permalink_should_respect_hierarchy_of_draft_pages" class="Tests_Admin_Includes_Post" classname="Tests_Admin_Includes_Post" file="/var/www/html/test/wordpress_test/inpsyde_test/test/wp-content/plugins/plugintestslughere/tests/unit/tests/admin/includesPost.php" line="665" assertions="2" time="0.120404"/>
        <testcase name="test_post_exists_should_match_title" class="Tests_Admin_Includes_Post" classname="Tests_Admin_Includes_Post" file="/var/www/html/test/wordpress_test/inpsyde_test/test/wp-content/plugins/plugintestslughere/tests/unit/tests/admin/includesPost.php" line="689" assertions="1" time="0.120621"/>
        <testcase name="test_post_exists_should_not_match_nonexistent_title" class="Tests_Admin_Includes_Post" classname="Tests_Admin_Includes_Post" file="/var/www/html/test/wordpress_test/inpsyde_test/test/wp-content/plugins/plugintestslughere/tests/unit/tests/admin/includesPost.php" line="699" assertions="1" time="0.121180"/>
        <testcase name="test_post_exists_should_match_nonempty_content" class="Tests_Admin_Includes_Post" classname="Tests_Admin_Includes_Post" file="/var/www/html/test/wordpress_test/inpsyde_test/test/wp-content/plugins/plugintestslughere/tests/unit/tests/admin/includesPost.php" line="709" assertions="1" time="0.153745"/>
        <testcase name="test_post_exists_should_match_content_with_no_title" class="Tests_Admin_Includes_Post" classname="Tests_Admin_Includes_Post" file="/var/www/html/test/wordpress_test/inpsyde_test/test/wp-content/plugins/plugintestslughere/tests/unit/tests/admin/includesPost.php" line="725" assertions="1" time="0.120459"/>
        <testcase name="test_post_exists_should_not_match_when_nonempty_content_doesnt_match" class="Tests_Admin_Includes_Post" classname="Tests_Admin_Includes_Post" file="/var/www/html/test/wordpress_test/inpsyde_test/test/wp-content/plugins/plugintestslughere/tests/unit/tests/admin/includesPost.php" line="738" assertions="1" time="0.131430"/>
        <testcase name="test_post_exists_should_match_nonempty_date" class="Tests_Admin_Includes_Post" classname="Tests_Admin_Includes_Post" file="/var/www/html/test/wordpress_test/inpsyde_test/test/wp-content/plugins/plugintestslughere/tests/unit/tests/admin/includesPost.php" line="751" assertions="1" time="0.131408"/>
        <testcase name="test_post_exists_should_not_match_when_nonempty_date_doesnt_match" class="Tests_Admin_Includes_Post" classname="Tests_Admin_Includes_Post" file="/var/www/html/test/wordpress_test/inpsyde_test/test/wp-content/plugins/plugintestslughere/tests/unit/tests/admin/includesPost.php" line="764" assertions="1" time="0.131448"/>
        <testcase name="test_post_exists_should_match_nonempty_title_content_and_date" class="Tests_Admin_Includes_Post" classname="Tests_Admin_Includes_Post" file="/var/www/html/test/wordpress_test/inpsyde_test/test/wp-content/plugins/plugintestslughere/tests/unit/tests/admin/includesPost.php" line="777" assertions="1" time="0.120064"/>
        <testcase name="test_use_block_editor_for_post" class="Tests_Admin_Includes_Post" classname="Tests_Admin_Includes_Post" file="/var/www/html/test/wordpress_test/inpsyde_test/test/wp-content/plugins/plugintestslughere/tests/unit/tests/admin/includesPost.php" line="792" assertions="5" time="0.264163"/>
        <testcase name="test_get_block_editor_server_block_settings" class="Tests_Admin_Includes_Post" classname="Tests_Admin_Includes_Post" file="/var/www/html/test/wordpress_test/inpsyde_test/test/wp-content/plugins/plugintestslughere/tests/unit/tests/admin/includesPost.php" line="825" assertions="2" time="0.047691"/>
        <testcase name="test_post_add_meta_empty_is_allowed" class="Tests_Admin_Includes_Post" classname="Tests_Admin_Includes_Post" file="/var/www/html/test/wordpress_test/inpsyde_test/test/wp-content/plugins/plugintestslughere/tests/unit/tests/admin/includesPost.php" line="857" assertions="2" time="0.139050"/>
        <testcase name="test_post_exists_should_support_post_type" class="Tests_Admin_Includes_Post" classname="Tests_Admin_Includes_Post" file="/var/www/html/test/wordpress_test/inpsyde_test/test/wp-content/plugins/plugintestslughere/tests/unit/tests/admin/includesPost.php" line="876" assertions="1" time="0.097432"/>
        <testcase name="test_post_exists_should_not_match_a_page_for_post" class="Tests_Admin_Includes_Post" classname="Tests_Admin_Includes_Post" file="/var/www/html/test/wordpress_test/inpsyde_test/test/wp-content/plugins/plugintestslughere/tests/unit/tests/admin/includesPost.php" line="893" assertions="1" time="0.110206"/>
      </testsuite>
      <testsuite name="Tests_Admin_Includes_Schema" file="/var/www/html/test/wordpress_test/inpsyde_test/test/wp-content/plugins/plugintestslughere/tests/unit/tests/admin/includesSchema.php" tests="8" assertions="8" errors="0" failures="0" skipped="0" time="3.314570">
        <testsuite name="Tests_Admin_Includes_Schema::test_populate_options" tests="5" assertions="5" errors="0" failures="0" skipped="0" time="2.254091">
          <testcase name="test_populate_options with data set #0" class="Tests_Admin_Includes_Schema" classname="Tests_Admin_Includes_Schema" file="/var/www/html/test/wordpress_test/inpsyde_test/test/wp-content/plugins/plugintestslughere/tests/unit/tests/admin/includesSchema.php" line="94" assertions="1" time="0.530346"/>
          <testcase name="test_populate_options with data set #1" class="Tests_Admin_Includes_Schema" classname="Tests_Admin_Includes_Schema" file="/var/www/html/test/wordpress_test/inpsyde_test/test/wp-content/plugins/plugintestslughere/tests/unit/tests/admin/includesSchema.php" line="94" assertions="1" time="0.354070"/>
          <testcase name="test_populate_options with data set #2" class="Tests_Admin_Includes_Schema" classname="Tests_Admin_Includes_Schema" file="/var/www/html/test/wordpress_test/inpsyde_test/test/wp-content/plugins/plugintestslughere/tests/unit/tests/admin/includesSchema.php" line="94" assertions="1" time="0.507165"/>
          <testcase name="test_populate_options with data set #3" class="Tests_Admin_Includes_Schema" classname="Tests_Admin_Includes_Schema" file="/var/www/html/test/wordpress_test/inpsyde_test/test/wp-content/plugins/plugintestslughere/tests/unit/tests/admin/includesSchema.php" line="94" assertions="1" time="0.386481"/>
          <testcase name="test_populate_options with data set #4" class="Tests_Admin_Includes_Schema" classname="Tests_Admin_Includes_Schema" file="/var/www/html/test/wordpress_test/inpsyde_test/test/wp-content/plugins/plugintestslughere/tests/unit/tests/admin/includesSchema.php" line="94" assertions="1" time="0.476029"/>
        </testsuite>
        <testsuite name="Tests_Admin_Includes_Schema::test_populate_network_meta" tests="3" assertions="3" errors="0" failures="0" skipped="0" time="1.060479">
          <testcase name="test_populate_network_meta with data set #0" class="Tests_Admin_Includes_Schema" classname="Tests_Admin_Includes_Schema" file="/var/www/html/test/wordpress_test/inpsyde_test/test/wp-content/plugins/plugintestslughere/tests/unit/tests/admin/includesSchema.php" line="230" assertions="1" time="0.341418"/>
          <testcase name="test_populate_network_meta with data set #1" class="Tests_Admin_Includes_Schema" classname="Tests_Admin_Includes_Schema" file="/var/www/html/test/wordpress_test/inpsyde_test/test/wp-content/plugins/plugintestslughere/tests/unit/tests/admin/includesSchema.php" line="230" assertions="1" time="0.365042"/>
          <testcase name="test_populate_network_meta with data set #2" class="Tests_Admin_Includes_Schema" classname="Tests_Admin_Includes_Schema" file="/var/www/html/test/wordpress_test/inpsyde_test/test/wp-content/plugins/plugintestslughere/tests/unit/tests/admin/includesSchema.php" line="230" assertions="1" time="0.354019"/>
        </testsuite>
      </testsuite>
      <testsuite name="Tests_Admin_includesScreen" file="/var/www/html/test/wordpress_test/inpsyde_test/test/wp-content/plugins/plugintestslughere/tests/unit/tests/admin/includesScreen.php" tests="18" assertions="393" errors="0" failures="0" skipped="0" time="0.755789">
        <testcase name="test_set_current_screen_with_hook_suffix" class="Tests_Admin_includesScreen" classname="Tests_Admin_includesScreen" file="/var/www/html/test/wordpress_test/inpsyde_test/test/wp-content/plugins/plugintestslughere/tests/unit/tests/admin/includesScreen.php" line="170" assertions="290" time="0.029739"/>
        <testcase name="test_post_type_as_hookname" class="Tests_Admin_includesScreen" classname="Tests_Admin_includesScreen" file="/var/www/html/test/wordpress_test/inpsyde_test/test/wp-content/plugins/plugintestslughere/tests/unit/tests/admin/includesScreen.php" line="238" assertions="4" time="0.027684"/>
        <testcase name="test_post_type_with_special_suffix_as_hookname" class="Tests_Admin_includesScreen" classname="Tests_Admin_includesScreen" file="/var/www/html/test/wordpress_test/inpsyde_test/test/wp-content/plugins/plugintestslughere/tests/unit/tests/admin/includesScreen.php" line="246" assertions="8" time="0.032653"/>
        <testcase name="test_taxonomy_with_special_suffix_as_hookname" class="Tests_Admin_includesScreen" classname="Tests_Admin_includesScreen" file="/var/www/html/test/wordpress_test/inpsyde_test/test/wp-content/plugins/plugintestslughere/tests/unit/tests/admin/includesScreen.php" line="261" assertions="4" time="0.033519"/>
        <testcase name="test_post_type_with_edit_prefix" class="Tests_Admin_includesScreen" classname="Tests_Admin_includesScreen" file="/var/www/html/test/wordpress_test/inpsyde_test/test/wp-content/plugins/plugintestslughere/tests/unit/tests/admin/includesScreen.php" line="270" assertions="8" time="0.028842"/>
        <testcase name="test_post_type_edit_collisions" class="Tests_Admin_includesScreen" classname="Tests_Admin_includesScreen" file="/var/www/html/test/wordpress_test/inpsyde_test/test/wp-content/plugins/plugintestslughere/tests/unit/tests/admin/includesScreen.php" line="285" assertions="4" time="0.029906"/>
        <testcase name="test_help_tabs" class="Tests_Admin_includesScreen" classname="Tests_Admin_includesScreen" file="/var/www/html/test/wordpress_test/inpsyde_test/test/wp-content/plugins/plugintestslughere/tests/unit/tests/admin/includesScreen.php" line="305" assertions="4" time="0.033759"/>
        <testcase name="test_help_tabs_priority" class="Tests_Admin_includesScreen" classname="Tests_Admin_includesScreen" file="/var/www/html/test/wordpress_test/inpsyde_test/test/wp-content/plugins/plugintestslughere/tests/unit/tests/admin/includesScreen.php" line="340" assertions="19" time="0.024158"/>
        <testcase name="test_options" class="Tests_Admin_includesScreen" classname="Tests_Admin_includesScreen" file="/var/www/html/test/wordpress_test/inpsyde_test/test/wp-content/plugins/plugintestslughere/tests/unit/tests/admin/includesScreen.php" line="435" assertions="4" time="0.023132"/>
        <testcase name="test_in_admin" class="Tests_Admin_includesScreen" classname="Tests_Admin_includesScreen" file="/var/www/html/test/wordpress_test/inpsyde_test/test/wp-content/plugins/plugintestslughere/tests/unit/tests/admin/includesScreen.php" line="458" assertions="16" time="0.029248"/>
        <testsuite name="Tests_Admin_includesScreen::test_is_block_editor" tests="8" assertions="32" errors="0" failures="0" skipped="0" time="0.463149">
          <testcase name="test_is_block_editor with data set #0" class="Tests_Admin_includesScreen" classname="Tests_Admin_includesScreen" file="/var/www/html/test/wordpress_test/inpsyde_test/test/wp-content/plugins/plugintestslughere/tests/unit/tests/admin/includesScreen.php" line="610" assertions="4" time="0.082671"/>
          <testcase name="test_is_block_editor with data set #1" class="Tests_Admin_includesScreen" classname="Tests_Admin_includesScreen" file="/var/www/html/test/wordpress_test/inpsyde_test/test/wp-content/plugins/plugintestslughere/tests/unit/tests/admin/includesScreen.php" line="610" assertions="4" time="0.076651"/>
          <testcase name="test_is_block_editor with data set #2" class="Tests_Admin_includesScreen" classname="Tests_Admin_includesScreen" file="/var/www/html/test/wordpress_test/inpsyde_test/test/wp-content/plugins/plugintestslughere/tests/unit/tests/admin/includesScreen.php" line="610" assertions="4" time="0.110771"/>
          <testcase name="test_is_block_editor with data set #3" class="Tests_Admin_includesScreen" classname="Tests_Admin_includesScreen" file="/var/www/html/test/wordpress_test/inpsyde_test/test/wp-content/plugins/plugintestslughere/tests/unit/tests/admin/includesScreen.php" line="610" assertions="4" time="0.086959"/>
          <testcase name="test_is_block_editor with data set #4" class="Tests_Admin_includesScreen" classname="Tests_Admin_includesScreen" file="/var/www/html/test/wordpress_test/inpsyde_test/test/wp-content/plugins/plugintestslughere/tests/unit/tests/admin/includesScreen.php" line="610" assertions="4" time="0.023923"/>
          <testcase name="test_is_block_editor with data set #5" class="Tests_Admin_includesScreen" classname="Tests_Admin_includesScreen" file="/var/www/html/test/wordpress_test/inpsyde_test/test/wp-content/plugins/plugintestslughere/tests/unit/tests/admin/includesScreen.php" line="610" assertions="4" time="0.024910"/>
          <testcase name="test_is_block_editor with data set #6" class="Tests_Admin_includesScreen" classname="Tests_Admin_includesScreen" file="/var/www/html/test/wordpress_test/inpsyde_test/test/wp-content/plugins/plugintestslughere/tests/unit/tests/admin/includesScreen.php" line="610" assertions="4" time="0.027199"/>
          <testcase name="test_is_block_editor with data set #7" class="Tests_Admin_includesScreen" classname="Tests_Admin_includesScreen" file="/var/www/html/test/wordpress_test/inpsyde_test/test/wp-content/plugins/plugintestslughere/tests/unit/tests/admin/includesScreen.php" line="610" assertions="4" time="0.030065"/>
        </testsuite>
      </testsuite>
      <testsuite name="Tests_Admin_includesTemplate" file="/var/www/html/test/wordpress_test/inpsyde_test/test/wp-content/plugins/plugintestslughere/tests/unit/tests/admin/includesTemplate.php" tests="17" assertions="33" errors="0" failures="0" skipped="0" time="0.489083">
        <testsuite name="Tests_Admin_includesTemplate::test_wp_terms_checklist_with_selected_cats" tests="2" assertions="2" errors="0" failures="0" skipped="0" time="0.052324">
          <testcase name="test_wp_terms_checklist_with_selected_cats with data set #0" class="Tests_Admin_includesTemplate" classname="Tests_Admin_includesTemplate" file="/var/www/html/test/wordpress_test/inpsyde_test/test/wp-content/plugins/plugintestslughere/tests/unit/tests/admin/includesTemplate.php" line="11" assertions="1" time="0.025905"/>
          <testcase name="test_wp_terms_checklist_with_selected_cats with data set #1" class="Tests_Admin_includesTemplate" classname="Tests_Admin_includesTemplate" file="/var/www/html/test/wordpress_test/inpsyde_test/test/wp-content/plugins/plugintestslughere/tests/unit/tests/admin/includesTemplate.php" line="11" assertions="1" time="0.026419"/>
        </testsuite>
        <testsuite name="Tests_Admin_includesTemplate::test_wp_terms_checklist_with_popular_cats" tests="2" assertions="2" errors="0" failures="0" skipped="0" time="0.053510">
          <testcase name="test_wp_terms_checklist_with_popular_cats with data set #0" class="Tests_Admin_includesTemplate" classname="Tests_Admin_includesTemplate" file="/var/www/html/test/wordpress_test/inpsyde_test/test/wp-content/plugins/plugintestslughere/tests/unit/tests/admin/includesTemplate.php" line="27" assertions="1" time="0.027835"/>
          <testcase name="test_wp_terms_checklist_with_popular_cats with data set #1" class="Tests_Admin_includesTemplate" classname="Tests_Admin_includesTemplate" file="/var/www/html/test/wordpress_test/inpsyde_test/test/wp-content/plugins/plugintestslughere/tests/unit/tests/admin/includesTemplate.php" line="27" assertions="1" time="0.025675"/>
        </testsuite>
        <testcase name="test_add_meta_box" class="Tests_Admin_includesTemplate" classname="Tests_Admin_includesTemplate" file="/var/www/html/test/wordpress_test/inpsyde_test/test/wp-content/plugins/plugintestslughere/tests/unit/tests/admin/includesTemplate.php" line="46" assertions="1" time="0.023549"/>
        <testcase name="test_remove_meta_box" class="Tests_Admin_includesTemplate" classname="Tests_Admin_includesTemplate" file="/var/www/html/test/wordpress_test/inpsyde_test/test/wp-content/plugins/plugintestslughere/tests/unit/tests/admin/includesTemplate.php" line="54" assertions="2" time="0.025838"/>
        <testcase name="test_add_meta_box_on_multiple_screens" class="Tests_Admin_includesTemplate" classname="Tests_Admin_includesTemplate" file="/var/www/html/test/wordpress_test/inpsyde_test/test/wp-content/plugins/plugintestslughere/tests/unit/tests/admin/includesTemplate.php" line="73" assertions="3" time="0.025483"/>
        <testcase name="test_remove_meta_box_from_multiple_screens" class="Tests_Admin_includesTemplate" classname="Tests_Admin_includesTemplate" file="/var/www/html/test/wordpress_test/inpsyde_test/test/wp-content/plugins/plugintestslughere/tests/unit/tests/admin/includesTemplate.php" line="87" assertions="5" time="0.028080"/>
        <testcase name="test_add_meta_box_with_previously_removed_box_and_sorted_priority" class="Tests_Admin_includesTemplate" classname="Tests_Admin_includesTemplate" file="/var/www/html/test/wordpress_test/inpsyde_test/test/wp-content/plugins/plugintestslughere/tests/unit/tests/admin/includesTemplate.php" line="111" assertions="1" time="0.024034"/>
        <testcase name="test_get_settings_errors_sources" class="Tests_Admin_includesTemplate" classname="Tests_Admin_includesTemplate" file="/var/www/html/test/wordpress_test/inpsyde_test/test/wp-content/plugins/plugintestslughere/tests/unit/tests/admin/includesTemplate.php" line="134" assertions="3" time="0.089170"/>
        <testsuite name="Tests_Admin_includesTemplate::test_settings_errors_css_classes" tests="7" assertions="14" errors="0" failures="0" skipped="0" time="0.167095">
          <testcase name="test_settings_errors_css_classes with data set #0" class="Tests_Admin_includesTemplate" classname="Tests_Admin_includesTemplate" file="/var/www/html/test/wordpress_test/inpsyde_test/test/wp-content/plugins/plugintestslughere/tests/unit/tests/admin/includesTemplate.php" line="175" assertions="2" time="0.021132"/>
          <testcase name="test_settings_errors_css_classes with data set #1" class="Tests_Admin_includesTemplate" classname="Tests_Admin_includesTemplate" file="/var/www/html/test/wordpress_test/inpsyde_test/test/wp-content/plugins/plugintestslughere/tests/unit/tests/admin/includesTemplate.php" line="175" assertions="2" time="0.022483"/>
          <testcase name="test_settings_errors_css_classes with data set #2" class="Tests_Admin_includesTemplate" classname="Tests_Admin_includesTemplate" file="/var/www/html/test/wordpress_test/inpsyde_test/test/wp-content/plugins/plugintestslughere/tests/unit/tests/admin/includesTemplate.php" line="175" assertions="2" time="0.024371"/>
          <testcase name="test_settings_errors_css_classes with data set #3" class="Tests_Admin_includesTemplate" classname="Tests_Admin_includesTemplate" file="/var/www/html/test/wordpress_test/inpsyde_test/test/wp-content/plugins/plugintestslughere/tests/unit/tests/admin/includesTemplate.php" line="175" assertions="2" time="0.020937"/>
          <testcase name="test_settings_errors_css_classes with data set #4" class="Tests_Admin_includesTemplate" classname="Tests_Admin_includesTemplate" file="/var/www/html/test/wordpress_test/inpsyde_test/test/wp-content/plugins/plugintestslughere/tests/unit/tests/admin/includesTemplate.php" line="175" assertions="2" time="0.023063"/>
          <testcase name="test_settings_errors_css_classes with data set #5" class="Tests_Admin_includesTemplate" classname="Tests_Admin_includesTemplate" file="/var/www/html/test/wordpress_test/inpsyde_test/test/wp-content/plugins/plugintestslughere/tests/unit/tests/admin/includesTemplate.php" line="175" assertions="2" time="0.024586"/>
          <testcase name="test_settings_errors_css_classes with data set #6" class="Tests_Admin_includesTemplate" classname="Tests_Admin_includesTemplate" file="/var/www/html/test/wordpress_test/inpsyde_test/test/wp-content/plugins/plugintestslughere/tests/unit/tests/admin/includesTemplate.php" line="175" assertions="2" time="0.030523"/>
        </testsuite>
      </testsuite>
      <testsuite name="Tests_Admin_includesTheme" file="/var/www/html/test/wordpress_test/inpsyde_test/test/wp-content/plugins/plugintestslughere/tests/unit/tests/admin/includesTheme.php" tests="5" assertions="21" errors="0" failures="0" skipped="0" time="0.983101">
        <testcase name="test_page_templates" class="Tests_Admin_includesTheme" classname="Tests_Admin_includesTheme" file="/var/www/html/test/wordpress_test/inpsyde_test/test/wp-content/plugins/plugintestslughere/tests/unit/tests/admin/includesTheme.php" line="45" assertions="5" time="0.390016"/>
        <testcase name="test_page_templates_different_post_types" class="Tests_Admin_includesTheme" classname="Tests_Admin_includesTheme" file="/var/www/html/test/wordpress_test/inpsyde_test/test/wp-content/plugins/plugintestslughere/tests/unit/tests/admin/includesTheme.php" line="78" assertions="4" time="0.109484"/>
        <testcase name="test_page_templates_for_post_types_with_trailing_periods" class="Tests_Admin_includesTheme" classname="Tests_Admin_includesTheme" file="/var/www/html/test/wordpress_test/inpsyde_test/test/wp-content/plugins/plugintestslughere/tests/unit/tests/admin/includesTheme.php" line="104" assertions="3" time="0.098919"/>
        <testcase name="test_page_templates_child_theme" class="Tests_Admin_includesTheme" classname="Tests_Admin_includesTheme" file="/var/www/html/test/wordpress_test/inpsyde_test/test/wp-content/plugins/plugintestslughere/tests/unit/tests/admin/includesTheme.php" line="136" assertions="5" time="0.253705"/>
        <testcase name="test_get_post_templates_child_theme" class="Tests_Admin_includesTheme" classname="Tests_Admin_includesTheme" file="/var/www/html/test/wordpress_test/inpsyde_test/test/wp-content/plugins/plugintestslughere/tests/unit/tests/admin/includesTheme.php" line="175" assertions="4" time="0.130977"/>
      </testsuite>
      <testsuite name="Tests_Admin_IncludesUpdateCore" file="/var/www/html/test/wordpress_test/inpsyde_test/test/wp-content/plugins/plugintestslughere/tests/unit/tests/admin/includesUpdateCore.php" tests="725" assertions="725" errors="0" failures="0" skipped="0" time="18.764105">
        <testsuite name="Tests_Admin_IncludesUpdateCore::test_new_files_are_not_in_old_files_array_compiled" tests="725" assertions="725" errors="0" failures="0" skipped="0" time="18.764105">
          <testcase name="test_new_files_are_not_in_old_files_array_compiled with data set #0" class="Tests_Admin_IncludesUpdateCore" classname="Tests_Admin_IncludesUpdateCore" file="/var/www/html/test/wordpress_test/inpsyde_test/test/wp-content/plugins/plugintestslughere/tests/unit/tests/admin/includesUpdateCore.php" line="31" assertions="1" time="0.064337"/>
          <testcase name="test_new_files_are_not_in_old_files_array_compiled with data set #1" class="Tests_Admin_IncludesUpdateCore" classname="Tests_Admin_IncludesUpdateCore" file="/var/www/html/test/wordpress_test/inpsyde_test/test/wp-content/plugins/plugintestslughere/tests/unit/tests/admin/includesUpdateCore.php" line="31" assertions="1" time="0.029062"/>
          <testcase name="test_new_files_are_not_in_old_files_array_compiled with data set #2" class="Tests_Admin_IncludesUpdateCore" classname="Tests_Admin_IncludesUpdateCore" file="/var/www/html/test/wordpress_test/inpsyde_test/test/wp-content/plugins/plugintestslughere/tests/unit/tests/admin/includesUpdateCore.php" line="31" assertions="1" time="0.025149"/>
          <testcase name="test_new_files_are_not_in_old_files_array_compiled with data set #3" class="Tests_Admin_IncludesUpdateCore" classname="Tests_Admin_IncludesUpdateCore" file="/var/www/html/test/wordpress_test/inpsyde_test/test/wp-content/plugins/plugintestslughere/tests/unit/tests/admin/includesUpdateCore.php" line="31" assertions="1" time="0.025133"/>
          <testcase name="test_new_files_are_not_in_old_files_array_compiled with data set #4" class="Tests_Admin_IncludesUpdateCore" classname="Tests_Admin_IncludesUpdateCore" file="/var/www/html/test/wordpress_test/inpsyde_test/test/wp-content/plugins/plugintestslughere/tests/unit/tests/admin/includesUpdateCore.php" line="31" assertions="1" time="0.024851"/>
          <testcase name="test_new_files_are_not_in_old_files_array_compiled with data set #5" class="Tests_Admin_IncludesUpdateCore" classname="Tests_Admin_IncludesUpdateCore" file="/var/www/html/test/wordpress_test/inpsyde_test/test/wp-content/plugins/plugintestslughere/tests/unit/tests/admin/includesUpdateCore.php" line="31" assertions="1" time="0.022354"/>
          <testcase name="test_new_files_are_not_in_old_files_array_compiled with data set #6" class="Tests_Admin_IncludesUpdateCore" classname="Tests_Admin_IncludesUpdateCore" file="/var/www/html/test/wordpress_test/inpsyde_test/test/wp-content/plugins/plugintestslughere/tests/unit/tests/admin/includesUpdateCore.php" line="31" assertions="1" time="0.022945"/>
          <testcase name="test_new_files_are_not_in_old_files_array_compiled with data set #7" class="Tests_Admin_IncludesUpdateCore" classname="Tests_Admin_IncludesUpdateCore" file="/var/www/html/test/wordpress_test/inpsyde_test/test/wp-content/plugins/plugintestslughere/tests/unit/tests/admin/includesUpdateCore.php" line="31" assertions="1" time="0.025196"/>
          <testcase name="test_new_files_are_not_in_old_files_array_compiled with data set #8" class="Tests_Admin_IncludesUpdateCore" classname="Tests_Admin_IncludesUpdateCore" file="/var/www/html/test/wordpress_test/inpsyde_test/test/wp-content/plugins/plugintestslughere/tests/unit/tests/admin/includesUpdateCore.php" line="31" assertions="1" time="0.024426"/>
          <testcase name="test_new_files_are_not_in_old_files_array_compiled with data set #9" class="Tests_Admin_IncludesUpdateCore" classname="Tests_Admin_IncludesUpdateCore" file="/var/www/html/test/wordpress_test/inpsyde_test/test/wp-content/plugins/plugintestslughere/tests/unit/tests/admin/includesUpdateCore.php" line="31" assertions="1" time="0.023248"/>
          <testcase name="test_new_files_are_not_in_old_files_array_compiled with data set #10" class="Tests_Admin_IncludesUpdateCore" classname="Tests_Admin_IncludesUpdateCore" file="/var/www/html/test/wordpress_test/inpsyde_test/test/wp-content/plugins/plugintestslughere/tests/unit/tests/admin/includesUpdateCore.php" line="31" assertions="1" time="0.023191"/>
          <testcase name="test_new_files_are_not_in_old_files_array_compiled with data set #11" class="Tests_Admin_IncludesUpdateCore" classname="Tests_Admin_IncludesUpdateCore" file="/var/www/html/test/wordpress_test/inpsyde_test/test/wp-content/plugins/plugintestslughere/tests/unit/tests/admin/includesUpdateCore.php" line="31" assertions="1" time="0.023767"/>
          <testcase name="test_new_files_are_not_in_old_files_array_compiled with data set #12" class="Tests_Admin_IncludesUpdateCore" classname="Tests_Admin_IncludesUpdateCore" file="/var/www/html/test/wordpress_test/inpsyde_test/test/wp-content/plugins/plugintestslughere/tests/unit/tests/admin/includesUpdateCore.php" line="31" assertions="1" time="0.022121"/>
          <testcase name="test_new_files_are_not_in_old_files_array_compiled with data set #13" class="Tests_Admin_IncludesUpdateCore" classname="Tests_Admin_IncludesUpdateCore" file="/var/www/html/test/wordpress_test/inpsyde_test/test/wp-content/plugins/plugintestslughere/tests/unit/tests/admin/includesUpdateCore.php" line="31" assertions="1" time="0.024004"/>
          <testcase name="test_new_files_are_not_in_old_files_array_compiled with data set #14" class="Tests_Admin_IncludesUpdateCore" classname="Tests_Admin_IncludesUpdateCore" file="/var/www/html/test/wordpress_test/inpsyde_test/test/wp-content/plugins/plugintestslughere/tests/unit/tests/admin/includesUpdateCore.php" line="31" assertions="1" time="0.023763"/>
          <testcase name="test_new_files_are_not_in_old_files_array_compiled with data set #15" class="Tests_Admin_IncludesUpdateCore" classname="Tests_Admin_IncludesUpdateCore" file="/var/www/html/test/wordpress_test/inpsyde_test/test/wp-content/plugins/plugintestslughere/tests/unit/tests/admin/includesUpdateCore.php" line="31" assertions="1" time="0.056889"/>
          <testcase name="test_new_files_are_not_in_old_files_array_compiled with data set #16" class="Tests_Admin_IncludesUpdateCore" classname="Tests_Admin_IncludesUpdateCore" file="/var/www/html/test/wordpress_test/inpsyde_test/test/wp-content/plugins/plugintestslughere/tests/unit/tests/admin/includesUpdateCore.php" line="31" assertions="1" time="0.036574"/>
          <testcase name="test_new_files_are_not_in_old_files_array_compiled with data set #17" class="Tests_Admin_IncludesUpdateCore" classname="Tests_Admin_IncludesUpdateCore" file="/var/www/html/test/wordpress_test/inpsyde_test/test/wp-content/plugins/plugintestslughere/tests/unit/tests/admin/includesUpdateCore.php" line="31" assertions="1" time="0.029652"/>
          <testcase name="test_new_files_are_not_in_old_files_array_compiled with data set #18" class="Tests_Admin_IncludesUpdateCore" classname="Tests_Admin_IncludesUpdateCore" file="/var/www/html/test/wordpress_test/inpsyde_test/test/wp-content/plugins/plugintestslughere/tests/unit/tests/admin/includesUpdateCore.php" line="31" assertions="1" time="0.025244"/>
          <testcase name="test_new_files_are_not_in_old_files_array_compiled with data set #19" class="Tests_Admin_IncludesUpdateCore" classname="Tests_Admin_IncludesUpdateCore" file="/var/www/html/test/wordpress_test/inpsyde_test/test/wp-content/plugins/plugintestslughere/tests/unit/tests/admin/includesUpdateCore.php" line="31" assertions="1" time="0.022797"/>
          <testcase name="test_new_files_are_not_in_old_files_array_compiled with data set #20" class="Tests_Admin_IncludesUpdateCore" classname="Tests_Admin_IncludesUpdateCore" file="/var/www/html/test/wordpress_test/inpsyde_test/test/wp-content/plugins/plugintestslughere/tests/unit/tests/admin/includesUpdateCore.php" line="31" assertions="1" time="0.022848"/>
          <testcase name="test_new_files_are_not_in_old_files_array_compiled with data set #21" class="Tests_Admin_IncludesUpdateCore" classname="Tests_Admin_IncludesUpdateCore" file="/var/www/html/test/wordpress_test/inpsyde_test/test/wp-content/plugins/plugintestslughere/tests/unit/tests/admin/includesUpdateCore.php" line="31" assertions="1" time="0.022805"/>
          <testcase name="test_new_files_are_not_in_old_files_array_compiled with data set #22" class="Tests_Admin_IncludesUpdateCore" classname="Tests_Admin_IncludesUpdateCore" file="/var/www/html/test/wordpress_test/inpsyde_test/test/wp-content/plugins/plugintestslughere/tests/unit/tests/admin/includesUpdateCore.php" line="31" assertions="1" time="0.023656"/>
          <testcase name="test_new_files_are_not_in_old_files_array_compiled with data set #23" class="Tests_Admin_IncludesUpdateCore" classname="Tests_Admin_IncludesUpdateCore" file="/var/www/html/test/wordpress_test/inpsyde_test/test/wp-content/plugins/plugintestslughere/tests/unit/tests/admin/includesUpdateCore.php" line="31" assertions="1" time="0.021693"/>
          <testcase name="test_new_files_are_not_in_old_files_array_compiled with data set #24" class="Tests_Admin_IncludesUpdateCore" classname="Tests_Admin_IncludesUpdateCore" file="/var/www/html/test/wordpress_test/inpsyde_test/test/wp-content/plugins/plugintestslughere/tests/unit/tests/admin/includesUpdateCore.php" line="31" assertions="1" time="0.021798"/>
          <testcase name="test_new_files_are_not_in_old_files_array_compiled with data set #25" class="Tests_Admin_IncludesUpdateCore" classname="Tests_Admin_IncludesUpdateCore" file="/var/www/html/test/wordpress_test/inpsyde_test/test/wp-content/plugins/plugintestslughere/tests/unit/tests/admin/includesUpdateCore.php" line="31" assertions="1" time="0.022674"/>
          <testcase name="test_new_files_are_not_in_old_files_array_compiled with data set #26" class="Tests_Admin_IncludesUpdateCore" classname="Tests_Admin_IncludesUpdateCore" file="/var/www/html/test/wordpress_test/inpsyde_test/test/wp-content/plugins/plugintestslughere/tests/unit/tests/admin/includesUpdateCore.php" line="31" assertions="1" time="0.022769"/>
          <testcase name="test_new_files_are_not_in_old_files_array_compiled with data set #27" class="Tests_Admin_IncludesUpdateCore" classname="Tests_Admin_IncludesUpdateCore" file="/var/www/html/test/wordpress_test/inpsyde_test/test/wp-content/plugins/plugintestslughere/tests/unit/tests/admin/includesUpdateCore.php" line="31" assertions="1" time="0.021213"/>
          <testcase name="test_new_files_are_not_in_old_files_array_compiled with data set #28" class="Tests_Admin_IncludesUpdateCore" classname="Tests_Admin_IncludesUpdateCore" file="/var/www/html/test/wordpress_test/inpsyde_test/test/wp-content/plugins/plugintestslughere/tests/unit/tests/admin/includesUpdateCore.php" line="31" assertions="1" time="0.021395"/>
          <testcase name="test_new_files_are_not_in_old_files_array_compiled with data set #29" class="Tests_Admin_IncludesUpdateCore" classname="Tests_Admin_IncludesUpdateCore" file="/var/www/html/test/wordpress_test/inpsyde_test/test/wp-content/plugins/plugintestslughere/tests/unit/tests/admin/includesUpdateCore.php" line="31" assertions="1" time="0.021637"/>
          <testcase name="test_new_files_are_not_in_old_files_array_compiled with data set #30" class="Tests_Admin_IncludesUpdateCore" classname="Tests_Admin_IncludesUpdateCore" file="/var/www/html/test/wordpress_test/inpsyde_test/test/wp-content/plugins/plugintestslughere/tests/unit/tests/admin/includesUpdateCore.php" line="31" assertions="1" time="0.021904"/>
          <testcase name="test_new_files_are_not_in_old_files_array_compiled with data set #31" class="Tests_Admin_IncludesUpdateCore" classname="Tests_Admin_IncludesUpdateCore" file="/var/www/html/test/wordpress_test/inpsyde_test/test/wp-content/plugins/plugintestslughere/tests/unit/tests/admin/includesUpdateCore.php" line="31" assertions="1" time="0.021310"/>
          <testcase name="test_new_files_are_not_in_old_files_array_compiled with data set #32" class="Tests_Admin_IncludesUpdateCore" classname="Tests_Admin_IncludesUpdateCore" file="/var/www/html/test/wordpress_test/inpsyde_test/test/wp-content/plugins/plugintestslughere/tests/unit/tests/admin/includesUpdateCore.php" line="31" assertions="1" time="0.022957"/>
          <testcase name="test_new_files_are_not_in_old_files_array_compiled with data set #33" class="Tests_Admin_IncludesUpdateCore" classname="Tests_Admin_IncludesUpdateCore" file="/var/www/html/test/wordpress_test/inpsyde_test/test/wp-content/plugins/plugintestslughere/tests/unit/tests/admin/includesUpdateCore.php" line="31" assertions="1" time="0.022989"/>
          <testcase name="test_new_files_are_not_in_old_files_array_compiled with data set #34" class="Tests_Admin_IncludesUpdateCore" classname="Tests_Admin_IncludesUpdateCore" file="/var/www/html/test/wordpress_test/inpsyde_test/test/wp-content/plugins/plugintestslughere/tests/unit/tests/admin/includesUpdateCore.php" line="31" assertions="1" time="0.022784"/>
          <testcase name="test_new_files_are_not_in_old_files_array_compiled with data set #35" class="Tests_Admin_IncludesUpdateCore" classname="Tests_Admin_IncludesUpdateCore" file="/var/www/html/test/wordpress_test/inpsyde_test/test/wp-content/plugins/plugintestslughere/tests/unit/tests/admin/includesUpdateCore.php" line="31" assertions="1" time="0.021204"/>
          <testcase name="test_new_files_are_not_in_old_files_array_compiled with data set #36" class="Tests_Admin_IncludesUpdateCore" classname="Tests_Admin_IncludesUpdateCore" file="/var/www/html/test/wordpress_test/inpsyde_test/test/wp-content/plugins/plugintestslughere/tests/unit/tests/admin/includesUpdateCore.php" line="31" assertions="1" time="0.021786"/>
          <testcase name="test_new_files_are_not_in_old_files_array_compiled with data set #37" class="Tests_Admin_IncludesUpdateCore" classname="Tests_Admin_IncludesUpdateCore" file="/var/www/html/test/wordpress_test/inpsyde_test/test/wp-content/plugins/plugintestslughere/tests/unit/tests/admin/includesUpdateCore.php" line="31" assertions="1" time="0.022287"/>
          <testcase name="test_new_files_are_not_in_old_files_array_compiled with data set #38" class="Tests_Admin_IncludesUpdateCore" classname="Tests_Admin_IncludesUpdateCore" file="/var/www/html/test/wordpress_test/inpsyde_test/test/wp-content/plugins/plugintestslughere/tests/unit/tests/admin/includesUpdateCore.php" line="31" assertions="1" time="0.020960"/>
          <testcase name="test_new_files_are_not_in_old_files_array_compiled with data set #39" class="Tests_Admin_IncludesUpdateCore" classname="Tests_Admin_IncludesUpdateCore" file="/var/www/html/test/wordpress_test/inpsyde_test/test/wp-content/plugins/plugintestslughere/tests/unit/tests/admin/includesUpdateCore.php" line="31" assertions="1" time="0.021085"/>
          <testcase name="test_new_files_are_not_in_old_files_array_compiled with data set #40" class="Tests_Admin_IncludesUpdateCore" classname="Tests_Admin_IncludesUpdateCore" file="/var/www/html/test/wordpress_test/inpsyde_test/test/wp-content/plugins/plugintestslughere/tests/unit/tests/admin/includesUpdateCore.php" line="31" assertions="1" time="0.021319"/>
          <testcase name="test_new_files_are_not_in_old_files_array_compiled with data set #41" class="Tests_Admin_IncludesUpdateCore" classname="Tests_Admin_IncludesUpdateCore" file="/var/www/html/test/wordpress_test/inpsyde_test/test/wp-content/plugins/plugintestslughere/tests/unit/tests/admin/includesUpdateCore.php" line="31" assertions="1" time="0.021084"/>
          <testcase name="test_new_files_are_not_in_old_files_array_compiled with data set #42" class="Tests_Admin_IncludesUpdateCore" classname="Tests_Admin_IncludesUpdateCore" file="/var/www/html/test/wordpress_test/inpsyde_test/test/wp-content/plugins/plugintestslughere/tests/unit/tests/admin/includesUpdateCore.php" line="31" assertions="1" time="0.021431"/>
          <testcase name="test_new_files_are_not_in_old_files_array_compiled with data set #43" class="Tests_Admin_IncludesUpdateCore" classname="Tests_Admin_IncludesUpdateCore" file="/var/www/html/test/wordpress_test/inpsyde_test/test/wp-content/plugins/plugintestslughere/tests/unit/tests/admin/includesUpdateCore.php" line="31" assertions="1" time="0.022088"/>
          <testcase name="test_new_files_are_not_in_old_files_array_compiled with data set #44" class="Tests_Admin_IncludesUpdateCore" classname="Tests_Admin_IncludesUpdateCore" file="/var/www/html/test/wordpress_test/inpsyde_test/test/wp-content/plugins/plugintestslughere/tests/unit/tests/admin/includesUpdateCore.php" line="31" assertions="1" time="0.025092"/>
          <testcase name="test_new_files_are_not_in_old_files_array_compiled with data set #45" class="Tests_Admin_IncludesUpdateCore" classname="Tests_Admin_IncludesUpdateCore" file="/var/www/html/test/wordpress_test/inpsyde_test/test/wp-content/plugins/plugintestslughere/tests/unit/tests/admin/includesUpdateCore.php" line="31" assertions="1" time="0.023904"/>
          <testcase name="test_new_files_are_not_in_old_files_array_compiled with data set #46" class="Tests_Admin_IncludesUpdateCore" classname="Tests_Admin_IncludesUpdateCore" file="/var/www/html/test/wordpress_test/inpsyde_test/test/wp-content/plugins/plugintestslughere/tests/unit/tests/admin/includesUpdateCore.php" line="31" assertions="1" time="0.024728"/>
          <testcase name="test_new_files_are_not_in_old_files_array_compiled with data set #47" class="Tests_Admin_IncludesUpdateCore" classname="Tests_Admin_IncludesUpdateCore" file="/var/www/html/test/wordpress_test/inpsyde_test/test/wp-content/plugins/plugintestslughere/tests/unit/tests/admin/includesUpdateCore.php" line="31" assertions="1" time="0.023755"/>
          <testcase name="test_new_files_are_not_in_old_files_array_compiled with data set #48" class="Tests_Admin_IncludesUpdateCore" classname="Tests_Admin_IncludesUpdateCore" file="/var/www/html/test/wordpress_test/inpsyde_test/test/wp-content/plugins/plugintestslughere/tests/unit/tests/admin/includesUpdateCore.php" line="31" assertions="1" time="0.025765"/>
          <testcase name="test_new_files_are_not_in_old_files_array_compiled with data set #49" class="Tests_Admin_IncludesUpdateCore" classname="Tests_Admin_IncludesUpdateCore" file="/var/www/html/test/wordpress_test/inpsyde_test/test/wp-content/plugins/plugintestslughere/tests/unit/tests/admin/includesUpdateCore.php" line="31" assertions="1" time="0.025349"/>
          <testcase name="test_new_files_are_not_in_old_files_array_compiled with data set #50" class="Tests_Admin_IncludesUpdateCore" classname="Tests_Admin_IncludesUpdateCore" file="/var/www/html/test/wordpress_test/inpsyde_test/test/wp-content/plugins/plugintestslughere/tests/unit/tests/admin/includesUpdateCore.php" line="31" assertions="1" time="0.024198"/>
          <testcase name="test_new_files_are_not_in_old_files_array_compiled with data set #51" class="Tests_Admin_IncludesUpdateCore" classname="Tests_Admin_IncludesUpdateCore" file="/var/www/html/test/wordpress_test/inpsyde_test/test/wp-content/plugins/plugintestslughere/tests/unit/tests/admin/includesUpdateCore.php" line="31" assertions="1" time="0.023502"/>
          <testcase name="test_new_files_are_not_in_old_files_array_compiled with data set #52" class="Tests_Admin_IncludesUpdateCore" classname="Tests_Admin_IncludesUpdateCore" file="/var/www/html/test/wordpress_test/inpsyde_test/test/wp-content/plugins/plugintestslughere/tests/unit/tests/admin/includesUpdateCore.php" line="31" assertions="1" time="0.024707"/>
          <testcase name="test_new_files_are_not_in_old_files_array_compiled with data set #53" class="Tests_Admin_IncludesUpdateCore" classname="Tests_Admin_IncludesUpdateCore" file="/var/www/html/test/wordpress_test/inpsyde_test/test/wp-content/plugins/plugintestslughere/tests/unit/tests/admin/includesUpdateCore.php" line="31" assertions="1" time="0.024005"/>
          <testcase name="test_new_files_are_not_in_old_files_array_compiled with data set #54" class="Tests_Admin_IncludesUpdateCore" classname="Tests_Admin_IncludesUpdateCore" file="/var/www/html/test/wordpress_test/inpsyde_test/test/wp-content/plugins/plugintestslughere/tests/unit/tests/admin/includesUpdateCore.php" line="31" assertions="1" time="0.022773"/>
          <testcase name="test_new_files_are_not_in_old_files_array_compiled with data set #55" class="Tests_Admin_IncludesUpdateCore" classname="Tests_Admin_IncludesUpdateCore" file="/var/www/html/test/wordpress_test/inpsyde_test/test/wp-content/plugins/plugintestslughere/tests/unit/tests/admin/includesUpdateCore.php" line="31" assertions="1" time="0.026354"/>
          <testcase name="test_new_files_are_not_in_old_files_array_compiled with data set #56" class="Tests_Admin_IncludesUpdateCore" classname="Tests_Admin_IncludesUpdateCore" file="/var/www/html/test/wordpress_test/inpsyde_test/test/wp-content/plugins/plugintestslughere/tests/unit/tests/admin/includesUpdateCore.php" line="31" assertions="1" time="0.029720"/>
          <testcase name="test_new_files_are_not_in_old_files_array_compiled with data set #57" class="Tests_Admin_IncludesUpdateCore" classname="Tests_Admin_IncludesUpdateCore" file="/var/www/html/test/wordpress_test/inpsyde_test/test/wp-content/plugins/plugintestslughere/tests/unit/tests/admin/includesUpdateCore.php" line="31" assertions="1" time="0.026284"/>
          <testcase name="test_new_files_are_not_in_old_files_array_compiled with data set #58" class="Tests_Admin_IncludesUpdateCore" classname="Tests_Admin_IncludesUpdateCore" file="/var/www/html/test/wordpress_test/inpsyde_test/test/wp-content/plugins/plugintestslughere/tests/unit/tests/admin/includesUpdateCore.php" line="31" assertions="1" time="0.024282"/>
          <testcase name="test_new_files_are_not_in_old_files_array_compiled with data set #59" class="Tests_Admin_IncludesUpdateCore" classname="Tests_Admin_IncludesUpdateCore" file="/var/www/html/test/wordpress_test/inpsyde_test/test/wp-content/plugins/plugintestslughere/tests/unit/tests/admin/includesUpdateCore.php" line="31" assertions="1" time="0.024311"/>
          <testcase name="test_new_files_are_not_in_old_files_array_compiled with data set #60" class="Tests_Admin_IncludesUpdateCore" classname="Tests_Admin_IncludesUpdateCore" file="/var/www/html/test/wordpress_test/inpsyde_test/test/wp-content/plugins/plugintestslughere/tests/unit/tests/admin/includesUpdateCore.php" line="31" assertions="1" time="0.022538"/>
          <testcase name="test_new_files_are_not_in_old_files_array_compiled with data set #61" class="Tests_Admin_IncludesUpdateCore" classname="Tests_Admin_IncludesUpdateCore" file="/var/www/html/test/wordpress_test/inpsyde_test/test/wp-content/plugins/plugintestslughere/tests/unit/tests/admin/includesUpdateCore.php" line="31" assertions="1" time="0.037569"/>
          <testcase name="test_new_files_are_not_in_old_files_array_compiled with data set #62" class="Tests_Admin_IncludesUpdateCore" classname="Tests_Admin_IncludesUpdateCore" file="/var/www/html/test/wordpress_test/inpsyde_test/test/wp-content/plugins/plugintestslughere/tests/unit/tests/admin/includesUpdateCore.php" line="31" assertions="1" time="0.062695"/>
          <testcase name="test_new_files_are_not_in_old_files_array_compiled with data set #63" class="Tests_Admin_IncludesUpdateCore" classname="Tests_Admin_IncludesUpdateCore" file="/var/www/html/test/wordpress_test/inpsyde_test/test/wp-content/plugins/plugintestslughere/tests/unit/tests/admin/includesUpdateCore.php" line="31" assertions="1" time="0.041290"/>
          <testcase name="test_new_files_are_not_in_old_files_array_compiled with data set #64" class="Tests_Admin_IncludesUpdateCore" classname="Tests_Admin_IncludesUpdateCore" file="/var/www/html/test/wordpress_test/inpsyde_test/test/wp-content/plugins/plugintestslughere/tests/unit/tests/admin/includesUpdateCore.php" line="31" assertions="1" time="0.034429"/>
          <testcase name="test_new_files_are_not_in_old_files_array_compiled with data set #65" class="Tests_Admin_IncludesUpdateCore" classname="Tests_Admin_IncludesUpdateCore" file="/var/www/html/test/wordpress_test/inpsyde_test/test/wp-content/plugins/plugintestslughere/tests/unit/tests/admin/includesUpdateCore.php" line="31" assertions="1" time="0.027838"/>
          <testcase name="test_new_files_are_not_in_old_files_array_compiled with data set #66" class="Tests_Admin_IncludesUpdateCore" classname="Tests_Admin_IncludesUpdateCore" file="/var/www/html/test/wordpress_test/inpsyde_test/test/wp-content/plugins/plugintestslughere/tests/unit/tests/admin/includesUpdateCore.php" line="31" assertions="1" time="0.024000"/>
          <testcase name="test_new_files_are_not_in_old_files_array_compiled with data set #67" class="Tests_Admin_IncludesUpdateCore" classname="Tests_Admin_IncludesUpdateCore" file="/var/www/html/test/wordpress_test/inpsyde_test/test/wp-content/plugins/plugintestslughere/tests/unit/tests/admin/includesUpdateCore.php" line="31" assertions="1" time="0.025280"/>
          <testcase name="test_new_files_are_not_in_old_files_array_compiled with data set #68" class="Tests_Admin_IncludesUpdateCore" classname="Tests_Admin_IncludesUpdateCore" file="/var/www/html/test/wordpress_test/inpsyde_test/test/wp-content/plugins/plugintestslughere/tests/unit/tests/admin/includesUpdateCore.php" line="31" assertions="1" time="0.026907"/>
          <testcase name="test_new_files_are_not_in_old_files_array_compiled with data set #69" class="Tests_Admin_IncludesUpdateCore" classname="Tests_Admin_IncludesUpdateCore" file="/var/www/html/test/wordpress_test/inpsyde_test/test/wp-content/plugins/plugintestslughere/tests/unit/tests/admin/includesUpdateCore.php" line="31" assertions="1" time="0.024811"/>
          <testcase name="test_new_files_are_not_in_old_files_array_compiled with data set #70" class="Tests_Admin_IncludesUpdateCore" classname="Tests_Admin_IncludesUpdateCore" file="/var/www/html/test/wordpress_test/inpsyde_test/test/wp-content/plugins/plugintestslughere/tests/unit/tests/admin/includesUpdateCore.php" line="31" assertions="1" time="0.022945"/>
          <testcase name="test_new_files_are_not_in_old_files_array_compiled with data set #71" class="Tests_Admin_IncludesUpdateCore" classname="Tests_Admin_IncludesUpdateCore" file="/var/www/html/test/wordpress_test/inpsyde_test/test/wp-content/plugins/plugintestslughere/tests/unit/tests/admin/includesUpdateCore.php" line="31" assertions="1" time="0.021425"/>
          <testcase name="test_new_files_are_not_in_old_files_array_compiled with data set #72" class="Tests_Admin_IncludesUpdateCore" classname="Tests_Admin_IncludesUpdateCore" file="/var/www/html/test/wordpress_test/inpsyde_test/test/wp-content/plugins/plugintestslughere/tests/unit/tests/admin/includesUpdateCore.php" line="31" assertions="1" time="0.022554"/>
          <testcase name="test_new_files_are_not_in_old_files_array_compiled with data set #73" class="Tests_Admin_IncludesUpdateCore" classname="Tests_Admin_IncludesUpdateCore" file="/var/www/html/test/wordpress_test/inpsyde_test/test/wp-content/plugins/plugintestslughere/tests/unit/tests/admin/includesUpdateCore.php" line="31" assertions="1" time="0.021432"/>
          <testcase name="test_new_files_are_not_in_old_files_array_compiled with data set #74" class="Tests_Admin_IncludesUpdateCore" classname="Tests_Admin_IncludesUpdateCore" file="/var/www/html/test/wordpress_test/inpsyde_test/test/wp-content/plugins/plugintestslughere/tests/unit/tests/admin/includesUpdateCore.php" line="31" assertions="1" time="0.022282"/>
          <testcase name="test_new_files_are_not_in_old_files_array_compiled with data set #75" class="Tests_Admin_IncludesUpdateCore" classname="Tests_Admin_IncludesUpdateCore" file="/var/www/html/test/wordpress_test/inpsyde_test/test/wp-content/plugins/plugintestslughere/tests/unit/tests/admin/includesUpdateCore.php" line="31" assertions="1" time="0.024528"/>
          <testcase name="test_new_files_are_not_in_old_files_array_compiled with data set #76" class="Tests_Admin_IncludesUpdateCore" classname="Tests_Admin_IncludesUpdateCore" file="/var/www/html/test/wordpress_test/inpsyde_test/test/wp-content/plugins/plugintestslughere/tests/unit/tests/admin/includesUpdateCore.php" line="31" assertions="1" time="0.031917"/>
          <testcase name="test_new_files_are_not_in_old_files_array_compiled with data set #77" class="Tests_Admin_IncludesUpdateCore" classname="Tests_Admin_IncludesUpdateCore" file="/var/www/html/test/wordpress_test/inpsyde_test/test/wp-content/plugins/plugintestslughere/tests/unit/tests/admin/includesUpdateCore.php" line="31" assertions="1" time="0.044149"/>
          <testcase name="test_new_files_are_not_in_old_files_array_compiled with data set #78" class="Tests_Admin_IncludesUpdateCore" classname="Tests_Admin_IncludesUpdateCore" file="/var/www/html/test/wordpress_test/inpsyde_test/test/wp-content/plugins/plugintestslughere/tests/unit/tests/admin/includesUpdateCore.php" line="31" assertions="1" time="0.022526"/>
          <testcase name="test_new_files_are_not_in_old_files_array_compiled with data set #79" class="Tests_Admin_IncludesUpdateCore" classname="Tests_Admin_IncludesUpdateCore" file="/var/www/html/test/wordpress_test/inpsyde_test/test/wp-content/plugins/plugintestslughere/tests/unit/tests/admin/includesUpdateCore.php" line="31" assertions="1" time="0.022455"/>
          <testcase name="test_new_files_are_not_in_old_files_array_compiled with data set #80" class="Tests_Admin_IncludesUpdateCore" classname="Tests_Admin_IncludesUpdateCore" file="/var/www/html/test/wordpress_test/inpsyde_test/test/wp-content/plugins/plugintestslughere/tests/unit/tests/admin/includesUpdateCore.php" line="31" assertions="1" time="0.023424"/>
          <testcase name="test_new_files_are_not_in_old_files_array_compiled with data set #81" class="Tests_Admin_IncludesUpdateCore" classname="Tests_Admin_IncludesUpdateCore" file="/var/www/html/test/wordpress_test/inpsyde_test/test/wp-content/plugins/plugintestslughere/tests/unit/tests/admin/includesUpdateCore.php" line="31" assertions="1" time="0.076889"/>
          <testcase name="test_new_files_are_not_in_old_files_array_compiled with data set #82" class="Tests_Admin_IncludesUpdateCore" classname="Tests_Admin_IncludesUpdateCore" file="/var/www/html/test/wordpress_test/inpsyde_test/test/wp-content/plugins/plugintestslughere/tests/unit/tests/admin/includesUpdateCore.php" line="31" assertions="1" time="0.034314"/>
          <testcase name="test_new_files_are_not_in_old_files_array_compiled with data set #83" class="Tests_Admin_IncludesUpdateCore" classname="Tests_Admin_IncludesUpdateCore" file="/var/www/html/test/wordpress_test/inpsyde_test/test/wp-content/plugins/plugintestslughere/tests/unit/tests/admin/includesUpdateCore.php" line="31" assertions="1" time="0.030038"/>
          <testcase name="test_new_files_are_not_in_old_files_array_compiled with data set #84" class="Tests_Admin_IncludesUpdateCore" classname="Tests_Admin_IncludesUpdateCore" file="/var/www/html/test/wordpress_test/inpsyde_test/test/wp-content/plugins/plugintestslughere/tests/unit/tests/admin/includesUpdateCore.php" line="31" assertions="1" time="0.026212"/>
          <testcase name="test_new_files_are_not_in_old_files_array_compiled with data set #85" class="Tests_Admin_IncludesUpdateCore" classname="Tests_Admin_IncludesUpdateCore" file="/var/www/html/test/wordpress_test/inpsyde_test/test/wp-content/plugins/plugintestslughere/tests/unit/tests/admin/includesUpdateCore.php" line="31" assertions="1" time="0.023405"/>
          <testcase name="test_new_files_are_not_in_old_files_array_compiled with data set #86" class="Tests_Admin_IncludesUpdateCore" classname="Tests_Admin_IncludesUpdateCore" file="/var/www/html/test/wordpress_test/inpsyde_test/test/wp-content/plugins/plugintestslughere/tests/unit/tests/admin/includesUpdateCore.php" line="31" assertions="1" time="0.022360"/>
          <testcase name="test_new_files_are_not_in_old_files_array_compiled with data set #87" class="Tests_Admin_IncludesUpdateCore" classname="Tests_Admin_IncludesUpdateCore" file="/var/www/html/test/wordpress_test/inpsyde_test/test/wp-content/plugins/plugintestslughere/tests/unit/tests/admin/includesUpdateCore.php" line="31" assertions="1" time="0.098435"/>
          <testcase name="test_new_files_are_not_in_old_files_array_compiled with data set #88" class="Tests_Admin_IncludesUpdateCore" classname="Tests_Admin_IncludesUpdateCore" file="/var/www/html/test/wordpress_test/inpsyde_test/test/wp-content/plugins/plugintestslughere/tests/unit/tests/admin/includesUpdateCore.php" line="31" assertions="1" time="0.030044"/>
          <testcase name="test_new_files_are_not_in_old_files_array_compiled with data set #89" class="Tests_Admin_IncludesUpdateCore" classname="Tests_Admin_IncludesUpdateCore" file="/var/www/html/test/wordpress_test/inpsyde_test/test/wp-content/plugins/plugintestslughere/tests/unit/tests/admin/includesUpdateCore.php" line="31" assertions="1" time="0.026442"/>
          <testcase name="test_new_files_are_not_in_old_files_array_compiled with data set #90" class="Tests_Admin_IncludesUpdateCore" classname="Tests_Admin_IncludesUpdateCore" file="/var/www/html/test/wordpress_test/inpsyde_test/test/wp-content/plugins/plugintestslughere/tests/unit/tests/admin/includesUpdateCore.php" line="31" assertions="1" time="0.106434"/>
          <testcase name="test_new_files_are_not_in_old_files_array_compiled with data set #91" class="Tests_Admin_IncludesUpdateCore" classname="Tests_Admin_IncludesUpdateCore" file="/var/www/html/test/wordpress_test/inpsyde_test/test/wp-content/plugins/plugintestslughere/tests/unit/tests/admin/includesUpdateCore.php" line="31" assertions="1" time="0.035237"/>
          <testcase name="test_new_files_are_not_in_old_files_array_compiled with data set #92" class="Tests_Admin_IncludesUpdateCore" classname="Tests_Admin_IncludesUpdateCore" file="/var/www/html/test/wordpress_test/inpsyde_test/test/wp-content/plugins/plugintestslughere/tests/unit/tests/admin/includesUpdateCore.php" line="31" assertions="1" time="0.030466"/>
          <testcase name="test_new_files_are_not_in_old_files_array_compiled with data set #93" class="Tests_Admin_IncludesUpdateCore" classname="Tests_Admin_IncludesUpdateCore" file="/var/www/html/test/wordpress_test/inpsyde_test/test/wp-content/plugins/plugintestslughere/tests/unit/tests/admin/includesUpdateCore.php" line="31" assertions="1" time="0.027011"/>
          <testcase name="test_new_files_are_not_in_old_files_array_compiled with data set #94" class="Tests_Admin_IncludesUpdateCore" classname="Tests_Admin_IncludesUpdateCore" file="/var/www/html/test/wordpress_test/inpsyde_test/test/wp-content/plugins/plugintestslughere/tests/unit/tests/admin/includesUpdateCore.php" line="31" assertions="1" time="0.026306"/>
          <testcase name="test_new_files_are_not_in_old_files_array_compiled with data set #95" class="Tests_Admin_IncludesUpdateCore" classname="Tests_Admin_IncludesUpdateCore" file="/var/www/html/test/wordpress_test/inpsyde_test/test/wp-content/plugins/plugintestslughere/tests/unit/tests/admin/includesUpdateCore.php" line="31" assertions="1" time="0.039901"/>
          <testcase name="test_new_files_are_not_in_old_files_array_compiled with data set #96" class="Tests_Admin_IncludesUpdateCore" classname="Tests_Admin_IncludesUpdateCore" file="/var/www/html/test/wordpress_test/inpsyde_test/test/wp-content/plugins/plugintestslughere/tests/unit/tests/admin/includesUpdateCore.php" line="31" assertions="1" time="0.026407"/>
          <testcase name="test_new_files_are_not_in_old_files_array_compiled with data set #97" class="Tests_Admin_IncludesUpdateCore" classname="Tests_Admin_IncludesUpdateCore" file="/var/www/html/test/wordpress_test/inpsyde_test/test/wp-content/plugins/plugintestslughere/tests/unit/tests/admin/includesUpdateCore.php" line="31" assertions="1" time="0.024829"/>
          <testcase name="test_new_files_are_not_in_old_files_array_compiled with data set #98" class="Tests_Admin_IncludesUpdateCore" classname="Tests_Admin_IncludesUpdateCore" file="/var/www/html/test/wordpress_test/inpsyde_test/test/wp-content/plugins/plugintestslughere/tests/unit/tests/admin/includesUpdateCore.php" line="31" assertions="1" time="0.022060"/>
          <testcase name="test_new_files_are_not_in_old_files_array_compiled with data set #99" class="Tests_Admin_IncludesUpdateCore" classname="Tests_Admin_IncludesUpdateCore" file="/var/www/html/test/wordpress_test/inpsyde_test/test/wp-content/plugins/plugintestslughere/tests/unit/tests/admin/includesUpdateCore.php" line="31" assertions="1" time="0.022173"/>
          <testcase name="test_new_files_are_not_in_old_files_array_compiled with data set #100" class="Tests_Admin_IncludesUpdateCore" classname="Tests_Admin_IncludesUpdateCore" file="/var/www/html/test/wordpress_test/inpsyde_test/test/wp-content/plugins/plugintestslughere/tests/unit/tests/admin/includesUpdateCore.php" line="31" assertions="1" time="0.021720"/>
          <testcase name="test_new_files_are_not_in_old_files_array_compiled with data set #101" class="Tests_Admin_IncludesUpdateCore" classname="Tests_Admin_IncludesUpdateCore" file="/var/www/html/test/wordpress_test/inpsyde_test/test/wp-content/plugins/plugintestslughere/tests/unit/tests/admin/includesUpdateCore.php" line="31" assertions="1" time="0.021273"/>
          <testcase name="test_new_files_are_not_in_old_files_array_compiled with data set #102" class="Tests_Admin_IncludesUpdateCore" classname="Tests_Admin_IncludesUpdateCore" file="/var/www/html/test/wordpress_test/inpsyde_test/test/wp-content/plugins/plugintestslughere/tests/unit/tests/admin/includesUpdateCore.php" line="31" assertions="1" time="0.021803"/>
          <testcase name="test_new_files_are_not_in_old_files_array_compiled with data set #103" class="Tests_Admin_IncludesUpdateCore" classname="Tests_Admin_IncludesUpdateCore" file="/var/www/html/test/wordpress_test/inpsyde_test/test/wp-content/plugins/plugintestslughere/tests/unit/tests/admin/includesUpdateCore.php" line="31" assertions="1" time="0.021967"/>
          <testcase name="test_new_files_are_not_in_old_files_array_compiled with data set #104" class="Tests_Admin_IncludesUpdateCore" classname="Tests_Admin_IncludesUpdateCore" file="/var/www/html/test/wordpress_test/inpsyde_test/test/wp-content/plugins/plugintestslughere/tests/unit/tests/admin/includesUpdateCore.php" line="31" assertions="1" time="0.022483"/>
          <testcase name="test_new_files_are_not_in_old_files_array_compiled with data set #105" class="Tests_Admin_IncludesUpdateCore" classname="Tests_Admin_IncludesUpdateCore" file="/var/www/html/test/wordpress_test/inpsyde_test/test/wp-content/plugins/plugintestslughere/tests/unit/tests/admin/includesUpdateCore.php" line="31" assertions="1" time="0.021267"/>
          <testcase name="test_new_files_are_not_in_old_files_array_compiled with data set #106" class="Tests_Admin_IncludesUpdateCore" classname="Tests_Admin_IncludesUpdateCore" file="/var/www/html/test/wordpress_test/inpsyde_test/test/wp-content/plugins/plugintestslughere/tests/unit/tests/admin/includesUpdateCore.php" line="31" assertions="1" time="0.058456"/>
          <testcase name="test_new_files_are_not_in_old_files_array_compiled with data set #107" class="Tests_Admin_IncludesUpdateCore" classname="Tests_Admin_IncludesUpdateCore" file="/var/www/html/test/wordpress_test/inpsyde_test/test/wp-content/plugins/plugintestslughere/tests/unit/tests/admin/includesUpdateCore.php" line="31" assertions="1" time="0.036106"/>
          <testcase name="test_new_files_are_not_in_old_files_array_compiled with data set #108" class="Tests_Admin_IncludesUpdateCore" classname="Tests_Admin_IncludesUpdateCore" file="/var/www/html/test/wordpress_test/inpsyde_test/test/wp-content/plugins/plugintestslughere/tests/unit/tests/admin/includesUpdateCore.php" line="31" assertions="1" time="0.029894"/>
          <testcase name="test_new_files_are_not_in_old_files_array_compiled with data set #109" class="Tests_Admin_IncludesUpdateCore" classname="Tests_Admin_IncludesUpdateCore" file="/var/www/html/test/wordpress_test/inpsyde_test/test/wp-content/plugins/plugintestslughere/tests/unit/tests/admin/includesUpdateCore.php" line="31" assertions="1" time="0.027150"/>
          <testcase name="test_new_files_are_not_in_old_files_array_compiled with data set #110" class="Tests_Admin_IncludesUpdateCore" classname="Tests_Admin_IncludesUpdateCore" file="/var/www/html/test/wordpress_test/inpsyde_test/test/wp-content/plugins/plugintestslughere/tests/unit/tests/admin/includesUpdateCore.php" line="31" assertions="1" time="0.059733"/>
          <testcase name="test_new_files_are_not_in_old_files_array_compiled with data set #111" class="Tests_Admin_IncludesUpdateCore" classname="Tests_Admin_IncludesUpdateCore" file="/var/www/html/test/wordpress_test/inpsyde_test/test/wp-content/plugins/plugintestslughere/tests/unit/tests/admin/includesUpdateCore.php" line="31" assertions="1" time="0.044661"/>
          <testcase name="test_new_files_are_not_in_old_files_array_compiled with data set #112" class="Tests_Admin_IncludesUpdateCore" classname="Tests_Admin_IncludesUpdateCore" file="/var/www/html/test/wordpress_test/inpsyde_test/test/wp-content/plugins/plugintestslughere/tests/unit/tests/admin/includesUpdateCore.php" line="31" assertions="1" time="0.038425"/>
          <testcase name="test_new_files_are_not_in_old_files_array_compiled with data set #113" class="Tests_Admin_IncludesUpdateCore" classname="Tests_Admin_IncludesUpdateCore" file="/var/www/html/test/wordpress_test/inpsyde_test/test/wp-content/plugins/plugintestslughere/tests/unit/tests/admin/includesUpdateCore.php" line="31" assertions="1" time="0.031704"/>
          <testcase name="test_new_files_are_not_in_old_files_array_compiled with data set #114" class="Tests_Admin_IncludesUpdateCore" classname="Tests_Admin_IncludesUpdateCore" file="/var/www/html/test/wordpress_test/inpsyde_test/test/wp-content/plugins/plugintestslughere/tests/unit/tests/admin/includesUpdateCore.php" line="31" assertions="1" time="0.028358"/>
          <testcase name="test_new_files_are_not_in_old_files_array_compiled with data set #115" class="Tests_Admin_IncludesUpdateCore" classname="Tests_Admin_IncludesUpdateCore" file="/var/www/html/test/wordpress_test/inpsyde_test/test/wp-content/plugins/plugintestslughere/tests/unit/tests/admin/includesUpdateCore.php" line="31" assertions="1" time="0.026291"/>
          <testcase name="test_new_files_are_not_in_old_files_array_compiled with data set #116" class="Tests_Admin_IncludesUpdateCore" classname="Tests_Admin_IncludesUpdateCore" file="/var/www/html/test/wordpress_test/inpsyde_test/test/wp-content/plugins/plugintestslughere/tests/unit/tests/admin/includesUpdateCore.php" line="31" assertions="1" time="0.027287"/>
          <testcase name="test_new_files_are_not_in_old_files_array_compiled with data set #117" class="Tests_Admin_IncludesUpdateCore" classname="Tests_Admin_IncludesUpdateCore" file="/var/www/html/test/wordpress_test/inpsyde_test/test/wp-content/plugins/plugintestslughere/tests/unit/tests/admin/includesUpdateCore.php" line="31" assertions="1" time="0.023381"/>
          <testcase name="test_new_files_are_not_in_old_files_array_compiled with data set #118" class="Tests_Admin_IncludesUpdateCore" classname="Tests_Admin_IncludesUpdateCore" file="/var/www/html/test/wordpress_test/inpsyde_test/test/wp-content/plugins/plugintestslughere/tests/unit/tests/admin/includesUpdateCore.php" line="31" assertions="1" time="0.022622"/>
          <testcase name="test_new_files_are_not_in_old_files_array_compiled with data set #119" class="Tests_Admin_IncludesUpdateCore" classname="Tests_Admin_IncludesUpdateCore" file="/var/www/html/test/wordpress_test/inpsyde_test/test/wp-content/plugins/plugintestslughere/tests/unit/tests/admin/includesUpdateCore.php" line="31" assertions="1" time="0.022071"/>
          <testcase name="test_new_files_are_not_in_old_files_array_compiled with data set #120" class="Tests_Admin_IncludesUpdateCore" classname="Tests_Admin_IncludesUpdateCore" file="/var/www/html/test/wordpress_test/inpsyde_test/test/wp-content/plugins/plugintestslughere/tests/unit/tests/admin/includesUpdateCore.php" line="31" assertions="1" time="0.022686"/>
          <testcase name="test_new_files_are_not_in_old_files_array_compiled with data set #121" class="Tests_Admin_IncludesUpdateCore" classname="Tests_Admin_IncludesUpdateCore" file="/var/www/html/test/wordpress_test/inpsyde_test/test/wp-content/plugins/plugintestslughere/tests/unit/tests/admin/includesUpdateCore.php" line="31" assertions="1" time="0.022210"/>
          <testcase name="test_new_files_are_not_in_old_files_array_compiled with data set #122" class="Tests_Admin_IncludesUpdateCore" classname="Tests_Admin_IncludesUpdateCore" file="/var/www/html/test/wordpress_test/inpsyde_test/test/wp-content/plugins/plugintestslughere/tests/unit/tests/admin/includesUpdateCore.php" line="31" assertions="1" time="0.021591"/>
          <testcase name="test_new_files_are_not_in_old_files_array_compiled with data set #123" class="Tests_Admin_IncludesUpdateCore" classname="Tests_Admin_IncludesUpdateCore" file="/var/www/html/test/wordpress_test/inpsyde_test/test/wp-content/plugins/plugintestslughere/tests/unit/tests/admin/includesUpdateCore.php" line="31" assertions="1" time="0.020605"/>
          <testcase name="test_new_files_are_not_in_old_files_array_compiled with data set #124" class="Tests_Admin_IncludesUpdateCore" classname="Tests_Admin_IncludesUpdateCore" file="/var/www/html/test/wordpress_test/inpsyde_test/test/wp-content/plugins/plugintestslughere/tests/unit/tests/admin/includesUpdateCore.php" line="31" assertions="1" time="0.021388"/>
          <testcase name="test_new_files_are_not_in_old_files_array_compiled with data set #125" class="Tests_Admin_IncludesUpdateCore" classname="Tests_Admin_IncludesUpdateCore" file="/var/www/html/test/wordpress_test/inpsyde_test/test/wp-content/plugins/plugintestslughere/tests/unit/tests/admin/includesUpdateCore.php" line="31" assertions="1" time="0.026243"/>
          <testcase name="test_new_files_are_not_in_old_files_array_compiled with data set #126" class="Tests_Admin_IncludesUpdateCore" classname="Tests_Admin_IncludesUpdateCore" file="/var/www/html/test/wordpress_test/inpsyde_test/test/wp-content/plugins/plugintestslughere/tests/unit/tests/admin/includesUpdateCore.php" line="31" assertions="1" time="0.043548"/>
          <testcase name="test_new_files_are_not_in_old_files_array_compiled with data set #127" class="Tests_Admin_IncludesUpdateCore" classname="Tests_Admin_IncludesUpdateCore" file="/var/www/html/test/wordpress_test/inpsyde_test/test/wp-content/plugins/plugintestslughere/tests/unit/tests/admin/includesUpdateCore.php" line="31" assertions="1" time="0.034356"/>
          <testcase name="test_new_files_are_not_in_old_files_array_compiled with data set #128" class="Tests_Admin_IncludesUpdateCore" classname="Tests_Admin_IncludesUpdateCore" file="/var/www/html/test/wordpress_test/inpsyde_test/test/wp-content/plugins/plugintestslughere/tests/unit/tests/admin/includesUpdateCore.php" line="31" assertions="1" time="0.030503"/>
          <testcase name="test_new_files_are_not_in_old_files_array_compiled with data set #129" class="Tests_Admin_IncludesUpdateCore" classname="Tests_Admin_IncludesUpdateCore" file="/var/www/html/test/wordpress_test/inpsyde_test/test/wp-content/plugins/plugintestslughere/tests/unit/tests/admin/includesUpdateCore.php" line="31" assertions="1" time="0.028887"/>
          <testcase name="test_new_files_are_not_in_old_files_array_compiled with data set #130" class="Tests_Admin_IncludesUpdateCore" classname="Tests_Admin_IncludesUpdateCore" file="/var/www/html/test/wordpress_test/inpsyde_test/test/wp-content/plugins/plugintestslughere/tests/unit/tests/admin/includesUpdateCore.php" line="31" assertions="1" time="0.025565"/>
          <testcase name="test_new_files_are_not_in_old_files_array_compiled with data set #131" class="Tests_Admin_IncludesUpdateCore" classname="Tests_Admin_IncludesUpdateCore" file="/var/www/html/test/wordpress_test/inpsyde_test/test/wp-content/plugins/plugintestslughere/tests/unit/tests/admin/includesUpdateCore.php" line="31" assertions="1" time="0.023456"/>
          <testcase name="test_new_files_are_not_in_old_files_array_compiled with data set #132" class="Tests_Admin_IncludesUpdateCore" classname="Tests_Admin_IncludesUpdateCore" file="/var/www/html/test/wordpress_test/inpsyde_test/test/wp-content/plugins/plugintestslughere/tests/unit/tests/admin/includesUpdateCore.php" line="31" assertions="1" time="0.024081"/>
          <testcase name="test_new_files_are_not_in_old_files_array_compiled with data set #133" class="Tests_Admin_IncludesUpdateCore" classname="Tests_Admin_IncludesUpdateCore" file="/var/www/html/test/wordpress_test/inpsyde_test/test/wp-content/plugins/plugintestslughere/tests/unit/tests/admin/includesUpdateCore.php" line="31" assertions="1" time="0.033714"/>
          <testcase name="test_new_files_are_not_in_old_files_array_compiled with data set #134" class="Tests_Admin_IncludesUpdateCore" classname="Tests_Admin_IncludesUpdateCore" file="/var/www/html/test/wordpress_test/inpsyde_test/test/wp-content/plugins/plugintestslughere/tests/unit/tests/admin/includesUpdateCore.php" line="31" assertions="1" time="0.029540"/>
          <testcase name="test_new_files_are_not_in_old_files_array_compiled with data set #135" class="Tests_Admin_IncludesUpdateCore" classname="Tests_Admin_IncludesUpdateCore" file="/var/www/html/test/wordpress_test/inpsyde_test/test/wp-content/plugins/plugintestslughere/tests/unit/tests/admin/includesUpdateCore.php" line="31" assertions="1" time="0.028056"/>
          <testcase name="test_new_files_are_not_in_old_files_array_compiled with data set #136" class="Tests_Admin_IncludesUpdateCore" classname="Tests_Admin_IncludesUpdateCore" file="/var/www/html/test/wordpress_test/inpsyde_test/test/wp-content/plugins/plugintestslughere/tests/unit/tests/admin/includesUpdateCore.php" line="31" assertions="1" time="0.026037"/>
          <testcase name="test_new_files_are_not_in_old_files_array_compiled with data set #137" class="Tests_Admin_IncludesUpdateCore" classname="Tests_Admin_IncludesUpdateCore" file="/var/www/html/test/wordpress_test/inpsyde_test/test/wp-content/plugins/plugintestslughere/tests/unit/tests/admin/includesUpdateCore.php" line="31" assertions="1" time="0.032902"/>
          <testcase name="test_new_files_are_not_in_old_files_array_compiled with data set #138" class="Tests_Admin_IncludesUpdateCore" classname="Tests_Admin_IncludesUpdateCore" file="/var/www/html/test/wordpress_test/inpsyde_test/test/wp-content/plugins/plugintestslughere/tests/unit/tests/admin/includesUpdateCore.php" line="31" assertions="1" time="0.023423"/>
          <testcase name="test_new_files_are_not_in_old_files_array_compiled with data set #139" class="Tests_Admin_IncludesUpdateCore" classname="Tests_Admin_IncludesUpdateCore" file="/var/www/html/test/wordpress_test/inpsyde_test/test/wp-content/plugins/plugintestslughere/tests/unit/tests/admin/includesUpdateCore.php" line="31" assertions="1" time="0.022242"/>
          <testcase name="test_new_files_are_not_in_old_files_array_compiled with data set #140" class="Tests_Admin_IncludesUpdateCore" classname="Tests_Admin_IncludesUpdateCore" file="/var/www/html/test/wordpress_test/inpsyde_test/test/wp-content/plugins/plugintestslughere/tests/unit/tests/admin/includesUpdateCore.php" line="31" assertions="1" time="0.022280"/>
          <testcase name="test_new_files_are_not_in_old_files_array_compiled with data set #141" class="Tests_Admin_IncludesUpdateCore" classname="Tests_Admin_IncludesUpdateCore" file="/var/www/html/test/wordpress_test/inpsyde_test/test/wp-content/plugins/plugintestslughere/tests/unit/tests/admin/includesUpdateCore.php" line="31" assertions="1" time="0.021693"/>
          <testcase name="test_new_files_are_not_in_old_files_array_compiled with data set #142" class="Tests_Admin_IncludesUpdateCore" classname="Tests_Admin_IncludesUpdateCore" file="/var/www/html/test/wordpress_test/inpsyde_test/test/wp-content/plugins/plugintestslughere/tests/unit/tests/admin/includesUpdateCore.php" line="31" assertions="1" time="0.020318"/>
          <testcase name="test_new_files_are_not_in_old_files_array_compiled with data set #143" class="Tests_Admin_IncludesUpdateCore" classname="Tests_Admin_IncludesUpdateCore" file="/var/www/html/test/wordpress_test/inpsyde_test/test/wp-content/plugins/plugintestslughere/tests/unit/tests/admin/includesUpdateCore.php" line="31" assertions="1" time="0.021068"/>
          <testcase name="test_new_files_are_not_in_old_files_array_compiled with data set #144" class="Tests_Admin_IncludesUpdateCore" classname="Tests_Admin_IncludesUpdateCore" file="/var/www/html/test/wordpress_test/inpsyde_test/test/wp-content/plugins/plugintestslughere/tests/unit/tests/admin/includesUpdateCore.php" line="31" assertions="1" time="0.022008"/>
          <testcase name="test_new_files_are_not_in_old_files_array_compiled with data set #145" class="Tests_Admin_IncludesUpdateCore" classname="Tests_Admin_IncludesUpdateCore" file="/var/www/html/test/wordpress_test/inpsyde_test/test/wp-content/plugins/plugintestslughere/tests/unit/tests/admin/includesUpdateCore.php" line="31" assertions="1" time="0.021961"/>
          <testcase name="test_new_files_are_not_in_old_files_array_compiled with data set #146" class="Tests_Admin_IncludesUpdateCore" classname="Tests_Admin_IncludesUpdateCore" file="/var/www/html/test/wordpress_test/inpsyde_test/test/wp-content/plugins/plugintestslughere/tests/unit/tests/admin/includesUpdateCore.php" line="31" assertions="1" time="0.021517"/>
          <testcase name="test_new_files_are_not_in_old_files_array_compiled with data set #147" class="Tests_Admin_IncludesUpdateCore" classname="Tests_Admin_IncludesUpdateCore" file="/var/www/html/test/wordpress_test/inpsyde_test/test/wp-content/plugins/plugintestslughere/tests/unit/tests/admin/includesUpdateCore.php" line="31" assertions="1" time="0.021389"/>
          <testcase name="test_new_files_are_not_in_old_files_array_compiled with data set #148" class="Tests_Admin_IncludesUpdateCore" classname="Tests_Admin_IncludesUpdateCore" file="/var/www/html/test/wordpress_test/inpsyde_test/test/wp-content/plugins/plugintestslughere/tests/unit/tests/admin/includesUpdateCore.php" line="31" assertions="1" time="0.021850"/>
          <testcase name="test_new_files_are_not_in_old_files_array_compiled with data set #149" class="Tests_Admin_IncludesUpdateCore" classname="Tests_Admin_IncludesUpdateCore" file="/var/www/html/test/wordpress_test/inpsyde_test/test/wp-content/plugins/plugintestslughere/tests/unit/tests/admin/includesUpdateCore.php" line="31" assertions="1" time="0.020398"/>
          <testcase name="test_new_files_are_not_in_old_files_array_compiled with data set #150" class="Tests_Admin_IncludesUpdateCore" classname="Tests_Admin_IncludesUpdateCore" file="/var/www/html/test/wordpress_test/inpsyde_test/test/wp-content/plugins/plugintestslughere/tests/unit/tests/admin/includesUpdateCore.php" line="31" assertions="1" time="0.024365"/>
          <testcase name="test_new_files_are_not_in_old_files_array_compiled with data set #151" class="Tests_Admin_IncludesUpdateCore" classname="Tests_Admin_IncludesUpdateCore" file="/var/www/html/test/wordpress_test/inpsyde_test/test/wp-content/plugins/plugintestslughere/tests/unit/tests/admin/includesUpdateCore.php" line="31" assertions="1" time="0.024045"/>
          <testcase name="test_new_files_are_not_in_old_files_array_compiled with data set #152" class="Tests_Admin_IncludesUpdateCore" classname="Tests_Admin_IncludesUpdateCore" file="/var/www/html/test/wordpress_test/inpsyde_test/test/wp-content/plugins/plugintestslughere/tests/unit/tests/admin/includesUpdateCore.php" line="31" assertions="1" time="0.023525"/>
          <testcase name="test_new_files_are_not_in_old_files_array_compiled with data set #153" class="Tests_Admin_IncludesUpdateCore" classname="Tests_Admin_IncludesUpdateCore" file="/var/www/html/test/wordpress_test/inpsyde_test/test/wp-content/plugins/plugintestslughere/tests/unit/tests/admin/includesUpdateCore.php" line="31" assertions="1" time="0.031594"/>
          <testcase name="test_new_files_are_not_in_old_files_array_compiled with data set #154" class="Tests_Admin_IncludesUpdateCore" classname="Tests_Admin_IncludesUpdateCore" file="/var/www/html/test/wordpress_test/inpsyde_test/test/wp-content/plugins/plugintestslughere/tests/unit/tests/admin/includesUpdateCore.php" line="31" assertions="1" time="0.022718"/>
          <testcase name="test_new_files_are_not_in_old_files_array_compiled with data set #155" class="Tests_Admin_IncludesUpdateCore" classname="Tests_Admin_IncludesUpdateCore" file="/var/www/html/test/wordpress_test/inpsyde_test/test/wp-content/plugins/plugintestslughere/tests/unit/tests/admin/includesUpdateCore.php" line="31" assertions="1" time="0.021837"/>
          <testcase name="test_new_files_are_not_in_old_files_array_compiled with data set #156" class="Tests_Admin_IncludesUpdateCore" classname="Tests_Admin_IncludesUpdateCore" file="/var/www/html/test/wordpress_test/inpsyde_test/test/wp-content/plugins/plugintestslughere/tests/unit/tests/admin/includesUpdateCore.php" line="31" assertions="1" time="0.021824"/>
          <testcase name="test_new_files_are_not_in_old_files_array_compiled with data set #157" class="Tests_Admin_IncludesUpdateCore" classname="Tests_Admin_IncludesUpdateCore" file="/var/www/html/test/wordpress_test/inpsyde_test/test/wp-content/plugins/plugintestslughere/tests/unit/tests/admin/includesUpdateCore.php" line="31" assertions="1" time="0.022353"/>
          <testcase name="test_new_files_are_not_in_old_files_array_compiled with data set #158" class="Tests_Admin_IncludesUpdateCore" classname="Tests_Admin_IncludesUpdateCore" file="/var/www/html/test/wordpress_test/inpsyde_test/test/wp-content/plugins/plugintestslughere/tests/unit/tests/admin/includesUpdateCore.php" line="31" assertions="1" time="0.022833"/>
          <testcase name="test_new_files_are_not_in_old_files_array_compiled with data set #159" class="Tests_Admin_IncludesUpdateCore" classname="Tests_Admin_IncludesUpdateCore" file="/var/www/html/test/wordpress_test/inpsyde_test/test/wp-content/plugins/plugintestslughere/tests/unit/tests/admin/includesUpdateCore.php" line="31" assertions="1" time="0.021256"/>
          <testcase name="test_new_files_are_not_in_old_files_array_compiled with data set #160" class="Tests_Admin_IncludesUpdateCore" classname="Tests_Admin_IncludesUpdateCore" file="/var/www/html/test/wordpress_test/inpsyde_test/test/wp-content/plugins/plugintestslughere/tests/unit/tests/admin/includesUpdateCore.php" line="31" assertions="1" time="0.022364"/>
          <testcase name="test_new_files_are_not_in_old_files_array_compiled with data set #161" class="Tests_Admin_IncludesUpdateCore" classname="Tests_Admin_IncludesUpdateCore" file="/var/www/html/test/wordpress_test/inpsyde_test/test/wp-content/plugins/plugintestslughere/tests/unit/tests/admin/includesUpdateCore.php" line="31" assertions="1" time="0.023364"/>
          <testcase name="test_new_files_are_not_in_old_files_array_compiled with data set #162" class="Tests_Admin_IncludesUpdateCore" classname="Tests_Admin_IncludesUpdateCore" file="/var/www/html/test/wordpress_test/inpsyde_test/test/wp-content/plugins/plugintestslughere/tests/unit/tests/admin/includesUpdateCore.php" line="31" assertions="1" time="0.022532"/>
          <testcase name="test_new_files_are_not_in_old_files_array_compiled with data set #163" class="Tests_Admin_IncludesUpdateCore" classname="Tests_Admin_IncludesUpdateCore" file="/var/www/html/test/wordpress_test/inpsyde_test/test/wp-content/plugins/plugintestslughere/tests/unit/tests/admin/includesUpdateCore.php" line="31" assertions="1" time="0.021953"/>
          <testcase name="test_new_files_are_not_in_old_files_array_compiled with data set #164" class="Tests_Admin_IncludesUpdateCore" classname="Tests_Admin_IncludesUpdateCore" file="/var/www/html/test/wordpress_test/inpsyde_test/test/wp-content/plugins/plugintestslughere/tests/unit/tests/admin/includesUpdateCore.php" line="31" assertions="1" time="0.025397"/>
          <testcase name="test_new_files_are_not_in_old_files_array_compiled with data set #165" class="Tests_Admin_IncludesUpdateCore" classname="Tests_Admin_IncludesUpdateCore" file="/var/www/html/test/wordpress_test/inpsyde_test/test/wp-content/plugins/plugintestslughere/tests/unit/tests/admin/includesUpdateCore.php" line="31" assertions="1" time="0.024199"/>
          <testcase name="test_new_files_are_not_in_old_files_array_compiled with data set #166" class="Tests_Admin_IncludesUpdateCore" classname="Tests_Admin_IncludesUpdateCore" file="/var/www/html/test/wordpress_test/inpsyde_test/test/wp-content/plugins/plugintestslughere/tests/unit/tests/admin/includesUpdateCore.php" line="31" assertions="1" time="0.025704"/>
          <testcase name="test_new_files_are_not_in_old_files_array_compiled with data set #167" class="Tests_Admin_IncludesUpdateCore" classname="Tests_Admin_IncludesUpdateCore" file="/var/www/html/test/wordpress_test/inpsyde_test/test/wp-content/plugins/plugintestslughere/tests/unit/tests/admin/includesUpdateCore.php" line="31" assertions="1" time="0.023761"/>
          <testcase name="test_new_files_are_not_in_old_files_array_compiled with data set #168" class="Tests_Admin_IncludesUpdateCore" classname="Tests_Admin_IncludesUpdateCore" file="/var/www/html/test/wordpress_test/inpsyde_test/test/wp-content/plugins/plugintestslughere/tests/unit/tests/admin/includesUpdateCore.php" line="31" assertions="1" time="0.027957"/>
          <testcase name="test_new_files_are_not_in_old_files_array_compiled with data set #169" class="Tests_Admin_IncludesUpdateCore" classname="Tests_Admin_IncludesUpdateCore" file="/var/www/html/test/wordpress_test/inpsyde_test/test/wp-content/plugins/plugintestslughere/tests/unit/tests/admin/includesUpdateCore.php" line="31" assertions="1" time="0.033517"/>
          <testcase name="test_new_files_are_not_in_old_files_array_compiled with data set #170" class="Tests_Admin_IncludesUpdateCore" classname="Tests_Admin_IncludesUpdateCore" file="/var/www/html/test/wordpress_test/inpsyde_test/test/wp-content/plugins/plugintestslughere/tests/unit/tests/admin/includesUpdateCore.php" line="31" assertions="1" time="0.022025"/>
          <testcase name="test_new_files_are_not_in_old_files_array_compiled with data set #171" class="Tests_Admin_IncludesUpdateCore" classname="Tests_Admin_IncludesUpdateCore" file="/var/www/html/test/wordpress_test/inpsyde_test/test/wp-content/plugins/plugintestslughere/tests/unit/tests/admin/includesUpdateCore.php" line="31" assertions="1" time="0.025569"/>
          <testcase name="test_new_files_are_not_in_old_files_array_compiled with data set #172" class="Tests_Admin_IncludesUpdateCore" classname="Tests_Admin_IncludesUpdateCore" file="/var/www/html/test/wordpress_test/inpsyde_test/test/wp-content/plugins/plugintestslughere/tests/unit/tests/admin/includesUpdateCore.php" line="31" assertions="1" time="0.022426"/>
          <testcase name="test_new_files_are_not_in_old_files_array_compiled with data set #173" class="Tests_Admin_IncludesUpdateCore" classname="Tests_Admin_IncludesUpdateCore" file="/var/www/html/test/wordpress_test/inpsyde_test/test/wp-content/plugins/plugintestslughere/tests/unit/tests/admin/includesUpdateCore.php" line="31" assertions="1" time="0.023937"/>
          <testcase name="test_new_files_are_not_in_old_files_array_compiled with data set #174" class="Tests_Admin_IncludesUpdateCore" classname="Tests_Admin_IncludesUpdateCore" file="/var/www/html/test/wordpress_test/inpsyde_test/test/wp-content/plugins/plugintestslughere/tests/unit/tests/admin/includesUpdateCore.php" line="31" assertions="1" time="0.026045"/>
          <testcase name="test_new_files_are_not_in_old_files_array_compiled with data set #175" class="Tests_Admin_IncludesUpdateCore" classname="Tests_Admin_IncludesUpdateCore" file="/var/www/html/test/wordpress_test/inpsyde_test/test/wp-content/plugins/plugintestslughere/tests/unit/tests/admin/includesUpdateCore.php" line="31" assertions="1" time="0.027077"/>
          <testcase name="test_new_files_are_not_in_old_files_array_compiled with data set #176" class="Tests_Admin_IncludesUpdateCore" classname="Tests_Admin_IncludesUpdateCore" file="/var/www/html/test/wordpress_test/inpsyde_test/test/wp-content/plugins/plugintestslughere/tests/unit/tests/admin/includesUpdateCore.php" line="31" assertions="1" time="0.024604"/>
          <testcase name="test_new_files_are_not_in_old_files_array_compiled with data set #177" class="Tests_Admin_IncludesUpdateCore" classname="Tests_Admin_IncludesUpdateCore" file="/var/www/html/test/wordpress_test/inpsyde_test/test/wp-content/plugins/plugintestslughere/tests/unit/tests/admin/includesUpdateCore.php" line="31" assertions="1" time="0.022753"/>
          <testcase name="test_new_files_are_not_in_old_files_array_compiled with data set #178" class="Tests_Admin_IncludesUpdateCore" classname="Tests_Admin_IncludesUpdateCore" file="/var/www/html/test/wordpress_test/inpsyde_test/test/wp-content/plugins/plugintestslughere/tests/unit/tests/admin/includesUpdateCore.php" line="31" assertions="1" time="0.022100"/>
          <testcase name="test_new_files_are_not_in_old_files_array_compiled with data set #179" class="Tests_Admin_IncludesUpdateCore" classname="Tests_Admin_IncludesUpdateCore" file="/var/www/html/test/wordpress_test/inpsyde_test/test/wp-content/plugins/plugintestslughere/tests/unit/tests/admin/includesUpdateCore.php" line="31" assertions="1" time="0.021885"/>
          <testcase name="test_new_files_are_not_in_old_files_array_compiled with data set #180" class="Tests_Admin_IncludesUpdateCore" classname="Tests_Admin_IncludesUpdateCore" file="/var/www/html/test/wordpress_test/inpsyde_test/test/wp-content/plugins/plugintestslughere/tests/unit/tests/admin/includesUpdateCore.php" line="31" assertions="1" time="0.021031"/>
          <testcase name="test_new_files_are_not_in_old_files_array_compiled with data set #181" class="Tests_Admin_IncludesUpdateCore" classname="Tests_Admin_IncludesUpdateCore" file="/var/www/html/test/wordpress_test/inpsyde_test/test/wp-content/plugins/plugintestslughere/tests/unit/tests/admin/includesUpdateCore.php" line="31" assertions="1" time="0.023259"/>
          <testcase name="test_new_files_are_not_in_old_files_array_compiled with data set #182" class="Tests_Admin_IncludesUpdateCore" classname="Tests_Admin_IncludesUpdateCore" file="/var/www/html/test/wordpress_test/inpsyde_test/test/wp-content/plugins/plugintestslughere/tests/unit/tests/admin/includesUpdateCore.php" line="31" assertions="1" time="0.026484"/>
          <testcase name="test_new_files_are_not_in_old_files_array_compiled with data set #183" class="Tests_Admin_IncludesUpdateCore" classname="Tests_Admin_IncludesUpdateCore" file="/var/www/html/test/wordpress_test/inpsyde_test/test/wp-content/plugins/plugintestslughere/tests/unit/tests/admin/includesUpdateCore.php" line="31" assertions="1" time="0.023236"/>
          <testcase name="test_new_files_are_not_in_old_files_array_compiled with data set #184" class="Tests_Admin_IncludesUpdateCore" classname="Tests_Admin_IncludesUpdateCore" file="/var/www/html/test/wordpress_test/inpsyde_test/test/wp-content/plugins/plugintestslughere/tests/unit/tests/admin/includesUpdateCore.php" line="31" assertions="1" time="0.025909"/>
          <testcase name="test_new_files_are_not_in_old_files_array_compiled with data set #185" class="Tests_Admin_IncludesUpdateCore" classname="Tests_Admin_IncludesUpdateCore" file="/var/www/html/test/wordpress_test/inpsyde_test/test/wp-content/plugins/plugintestslughere/tests/unit/tests/admin/includesUpdateCore.php" line="31" assertions="1" time="0.030029"/>
          <testcase name="test_new_files_are_not_in_old_files_array_compiled with data set #186" class="Tests_Admin_IncludesUpdateCore" classname="Tests_Admin_IncludesUpdateCore" file="/var/www/html/test/wordpress_test/inpsyde_test/test/wp-content/plugins/plugintestslughere/tests/unit/tests/admin/includesUpdateCore.php" line="31" assertions="1" time="0.024068"/>
          <testcase name="test_new_files_are_not_in_old_files_array_compiled with data set #187" class="Tests_Admin_IncludesUpdateCore" classname="Tests_Admin_IncludesUpdateCore" file="/var/www/html/test/wordpress_test/inpsyde_test/test/wp-content/plugins/plugintestslughere/tests/unit/tests/admin/includesUpdateCore.php" line="31" assertions="1" time="0.024002"/>
          <testcase name="test_new_files_are_not_in_old_files_array_compiled with data set #188" class="Tests_Admin_IncludesUpdateCore" classname="Tests_Admin_IncludesUpdateCore" file="/var/www/html/test/wordpress_test/inpsyde_test/test/wp-content/plugins/plugintestslughere/tests/unit/tests/admin/includesUpdateCore.php" line="31" assertions="1" time="0.022286"/>
          <testcase name="test_new_files_are_not_in_old_files_array_compiled with data set #189" class="Tests_Admin_IncludesUpdateCore" classname="Tests_Admin_IncludesUpdateCore" file="/var/www/html/test/wordpress_test/inpsyde_test/test/wp-content/plugins/plugintestslughere/tests/unit/tests/admin/includesUpdateCore.php" line="31" assertions="1" time="0.022618"/>
          <testcase name="test_new_files_are_not_in_old_files_array_compiled with data set #190" class="Tests_Admin_IncludesUpdateCore" classname="Tests_Admin_IncludesUpdateCore" file="/var/www/html/test/wordpress_test/inpsyde_test/test/wp-content/plugins/plugintestslughere/tests/unit/tests/admin/includesUpdateCore.php" line="31" assertions="1" time="0.021604"/>
          <testcase name="test_new_files_are_not_in_old_files_array_compiled with data set #191" class="Tests_Admin_IncludesUpdateCore" classname="Tests_Admin_IncludesUpdateCore" file="/var/www/html/test/wordpress_test/inpsyde_test/test/wp-content/plugins/plugintestslughere/tests/unit/tests/admin/includesUpdateCore.php" line="31" assertions="1" time="0.028096"/>
          <testcase name="test_new_files_are_not_in_old_files_array_compiled with data set #192" class="Tests_Admin_IncludesUpdateCore" classname="Tests_Admin_IncludesUpdateCore" file="/var/www/html/test/wordpress_test/inpsyde_test/test/wp-content/plugins/plugintestslughere/tests/unit/tests/admin/includesUpdateCore.php" line="31" assertions="1" time="0.033744"/>
          <testcase name="test_new_files_are_not_in_old_files_array_compiled with data set #193" class="Tests_Admin_IncludesUpdateCore" classname="Tests_Admin_IncludesUpdateCore" file="/var/www/html/test/wordpress_test/inpsyde_test/test/wp-content/plugins/plugintestslughere/tests/unit/tests/admin/includesUpdateCore.php" line="31" assertions="1" time="0.027644"/>
          <testcase name="test_new_files_are_not_in_old_files_array_compiled with data set #194" class="Tests_Admin_IncludesUpdateCore" classname="Tests_Admin_IncludesUpdateCore" file="/var/www/html/test/wordpress_test/inpsyde_test/test/wp-content/plugins/plugintestslughere/tests/unit/tests/admin/includesUpdateCore.php" line="31" assertions="1" time="0.022652"/>
          <testcase name="test_new_files_are_not_in_old_files_array_compiled with data set #195" class="Tests_Admin_IncludesUpdateCore" classname="Tests_Admin_IncludesUpdateCore" file="/var/www/html/test/wordpress_test/inpsyde_test/test/wp-content/plugins/plugintestslughere/tests/unit/tests/admin/includesUpdateCore.php" line="31" assertions="1" time="0.024292"/>
          <testcase name="test_new_files_are_not_in_old_files_array_compiled with data set #196" class="Tests_Admin_IncludesUpdateCore" classname="Tests_Admin_IncludesUpdateCore" file="/var/www/html/test/wordpress_test/inpsyde_test/test/wp-content/plugins/plugintestslughere/tests/unit/tests/admin/includesUpdateCore.php" line="31" assertions="1" time="0.026189"/>
          <testcase name="test_new_files_are_not_in_old_files_array_compiled with data set #197" class="Tests_Admin_IncludesUpdateCore" classname="Tests_Admin_IncludesUpdateCore" file="/var/www/html/test/wordpress_test/inpsyde_test/test/wp-content/plugins/plugintestslughere/tests/unit/tests/admin/includesUpdateCore.php" line="31" assertions="1" time="0.025422"/>
          <testcase name="test_new_files_are_not_in_old_files_array_compiled with data set #198" class="Tests_Admin_IncludesUpdateCore" classname="Tests_Admin_IncludesUpdateCore" file="/var/www/html/test/wordpress_test/inpsyde_test/test/wp-content/plugins/plugintestslughere/tests/unit/tests/admin/includesUpdateCore.php" line="31" assertions="1" time="0.024221"/>
          <testcase name="test_new_files_are_not_in_old_files_array_compiled with data set #199" class="Tests_Admin_IncludesUpdateCore" classname="Tests_Admin_IncludesUpdateCore" file="/var/www/html/test/wordpress_test/inpsyde_test/test/wp-content/plugins/plugintestslughere/tests/unit/tests/admin/includesUpdateCore.php" line="31" assertions="1" time="0.024682"/>
          <testcase name="test_new_files_are_not_in_old_files_array_compiled with data set #200" class="Tests_Admin_IncludesUpdateCore" classname="Tests_Admin_IncludesUpdateCore" file="/var/www/html/test/wordpress_test/inpsyde_test/test/wp-content/plugins/plugintestslughere/tests/unit/tests/admin/includesUpdateCore.php" line="31" assertions="1" time="0.026141"/>
          <testcase name="test_new_files_are_not_in_old_files_array_compiled with data set #201" class="Tests_Admin_IncludesUpdateCore" classname="Tests_Admin_IncludesUpdateCore" file="/var/www/html/test/wordpress_test/inpsyde_test/test/wp-content/plugins/plugintestslughere/tests/unit/tests/admin/includesUpdateCore.php" line="31" assertions="1" time="0.026863"/>
          <testcase name="test_new_files_are_not_in_old_files_array_compiled with data set #202" class="Tests_Admin_IncludesUpdateCore" classname="Tests_Admin_IncludesUpdateCore" file="/var/www/html/test/wordpress_test/inpsyde_test/test/wp-content/plugins/plugintestslughere/tests/unit/tests/admin/includesUpdateCore.php" line="31" assertions="1" time="0.023240"/>
          <testcase name="test_new_files_are_not_in_old_files_array_compiled with data set #203" class="Tests_Admin_IncludesUpdateCore" classname="Tests_Admin_IncludesUpdateCore" file="/var/www/html/test/wordpress_test/inpsyde_test/test/wp-content/plugins/plugintestslughere/tests/unit/tests/admin/includesUpdateCore.php" line="31" assertions="1" time="0.023257"/>
          <testcase name="test_new_files_are_not_in_old_files_array_compiled with data set #204" class="Tests_Admin_IncludesUpdateCore" classname="Tests_Admin_IncludesUpdateCore" file="/var/www/html/test/wordpress_test/inpsyde_test/test/wp-content/plugins/plugintestslughere/tests/unit/tests/admin/includesUpdateCore.php" line="31" assertions="1" time="0.024701"/>
          <testcase name="test_new_files_are_not_in_old_files_array_compiled with data set #205" class="Tests_Admin_IncludesUpdateCore" classname="Tests_Admin_IncludesUpdateCore" file="/var/www/html/test/wordpress_test/inpsyde_test/test/wp-content/plugins/plugintestslughere/tests/unit/tests/admin/includesUpdateCore.php" line="31" assertions="1" time="0.024529"/>
          <testcase name="test_new_files_are_not_in_old_files_array_compiled with data set #206" class="Tests_Admin_IncludesUpdateCore" classname="Tests_Admin_IncludesUpdateCore" file="/var/www/html/test/wordpress_test/inpsyde_test/test/wp-content/plugins/plugintestslughere/tests/unit/tests/admin/includesUpdateCore.php" line="31" assertions="1" time="0.030896"/>
          <testcase name="test_new_files_are_not_in_old_files_array_compiled with data set #207" class="Tests_Admin_IncludesUpdateCore" classname="Tests_Admin_IncludesUpdateCore" file="/var/www/html/test/wordpress_test/inpsyde_test/test/wp-content/plugins/plugintestslughere/tests/unit/tests/admin/includesUpdateCore.php" line="31" assertions="1" time="0.022829"/>
          <testcase name="test_new_files_are_not_in_old_files_array_compiled with data set #208" class="Tests_Admin_IncludesUpdateCore" classname="Tests_Admin_IncludesUpdateCore" file="/var/www/html/test/wordpress_test/inpsyde_test/test/wp-content/plugins/plugintestslughere/tests/unit/tests/admin/includesUpdateCore.php" line="31" assertions="1" time="0.025827"/>
          <testcase name="test_new_files_are_not_in_old_files_array_compiled with data set #209" class="Tests_Admin_IncludesUpdateCore" classname="Tests_Admin_IncludesUpdateCore" file="/var/www/html/test/wordpress_test/inpsyde_test/test/wp-content/plugins/plugintestslughere/tests/unit/tests/admin/includesUpdateCore.php" line="31" assertions="1" time="0.022616"/>
          <testcase name="test_new_files_are_not_in_old_files_array_compiled with data set #210" class="Tests_Admin_IncludesUpdateCore" classname="Tests_Admin_IncludesUpdateCore" file="/var/www/html/test/wordpress_test/inpsyde_test/test/wp-content/plugins/plugintestslughere/tests/unit/tests/admin/includesUpdateCore.php" line="31" assertions="1" time="0.023517"/>
          <testcase name="test_new_files_are_not_in_old_files_array_compiled with data set #211" class="Tests_Admin_IncludesUpdateCore" classname="Tests_Admin_IncludesUpdateCore" file="/var/www/html/test/wordpress_test/inpsyde_test/test/wp-content/plugins/plugintestslughere/tests/unit/tests/admin/includesUpdateCore.php" line="31" assertions="1" time="0.022895"/>
          <testcase name="test_new_files_are_not_in_old_files_array_compiled with data set #212" class="Tests_Admin_IncludesUpdateCore" classname="Tests_Admin_IncludesUpdateCore" file="/var/www/html/test/wordpress_test/inpsyde_test/test/wp-content/plugins/plugintestslughere/tests/unit/tests/admin/includesUpdateCore.php" line="31" assertions="1" time="0.022864"/>
          <testcase name="test_new_files_are_not_in_old_files_array_compiled with data set #213" class="Tests_Admin_IncludesUpdateCore" classname="Tests_Admin_IncludesUpdateCore" file="/var/www/html/test/wordpress_test/inpsyde_test/test/wp-content/plugins/plugintestslughere/tests/unit/tests/admin/includesUpdateCore.php" line="31" assertions="1" time="0.023724"/>
          <testcase name="test_new_files_are_not_in_old_files_array_compiled with data set #214" class="Tests_Admin_IncludesUpdateCore" classname="Tests_Admin_IncludesUpdateCore" file="/var/www/html/test/wordpress_test/inpsyde_test/test/wp-content/plugins/plugintestslughere/tests/unit/tests/admin/includesUpdateCore.php" line="31" assertions="1" time="0.022912"/>
          <testcase name="test_new_files_are_not_in_old_files_array_compiled with data set #215" class="Tests_Admin_IncludesUpdateCore" classname="Tests_Admin_IncludesUpdateCore" file="/var/www/html/test/wordpress_test/inpsyde_test/test/wp-content/plugins/plugintestslughere/tests/unit/tests/admin/includesUpdateCore.php" line="31" assertions="1" time="0.022814"/>
          <testcase name="test_new_files_are_not_in_old_files_array_compiled with data set #216" class="Tests_Admin_IncludesUpdateCore" classname="Tests_Admin_IncludesUpdateCore" file="/var/www/html/test/wordpress_test/inpsyde_test/test/wp-content/plugins/plugintestslughere/tests/unit/tests/admin/includesUpdateCore.php" line="31" assertions="1" time="0.022972"/>
          <testcase name="test_new_files_are_not_in_old_files_array_compiled with data set #217" class="Tests_Admin_IncludesUpdateCore" classname="Tests_Admin_IncludesUpdateCore" file="/var/www/html/test/wordpress_test/inpsyde_test/test/wp-content/plugins/plugintestslughere/tests/unit/tests/admin/includesUpdateCore.php" line="31" assertions="1" time="0.022762"/>
          <testcase name="test_new_files_are_not_in_old_files_array_compiled with data set #218" class="Tests_Admin_IncludesUpdateCore" classname="Tests_Admin_IncludesUpdateCore" file="/var/www/html/test/wordpress_test/inpsyde_test/test/wp-content/plugins/plugintestslughere/tests/unit/tests/admin/includesUpdateCore.php" line="31" assertions="1" time="0.024072"/>
          <testcase name="test_new_files_are_not_in_old_files_array_compiled with data set #219" class="Tests_Admin_IncludesUpdateCore" classname="Tests_Admin_IncludesUpdateCore" file="/var/www/html/test/wordpress_test/inpsyde_test/test/wp-content/plugins/plugintestslughere/tests/unit/tests/admin/includesUpdateCore.php" line="31" assertions="1" time="0.023907"/>
          <testcase name="test_new_files_are_not_in_old_files_array_compiled with data set #220" class="Tests_Admin_IncludesUpdateCore" classname="Tests_Admin_IncludesUpdateCore" file="/var/www/html/test/wordpress_test/inpsyde_test/test/wp-content/plugins/plugintestslughere/tests/unit/tests/admin/includesUpdateCore.php" line="31" assertions="1" time="0.023597"/>
          <testcase name="test_new_files_are_not_in_old_files_array_compiled with data set #221" class="Tests_Admin_IncludesUpdateCore" classname="Tests_Admin_IncludesUpdateCore" file="/var/www/html/test/wordpress_test/inpsyde_test/test/wp-content/plugins/plugintestslughere/tests/unit/tests/admin/includesUpdateCore.php" line="31" assertions="1" time="0.022604"/>
          <testcase name="test_new_files_are_not_in_old_files_array_compiled with data set #222" class="Tests_Admin_IncludesUpdateCore" classname="Tests_Admin_IncludesUpdateCore" file="/var/www/html/test/wordpress_test/inpsyde_test/test/wp-content/plugins/plugintestslughere/tests/unit/tests/admin/includesUpdateCore.php" line="31" assertions="1" time="0.022222"/>
          <testcase name="test_new_files_are_not_in_old_files_array_compiled with data set #223" class="Tests_Admin_IncludesUpdateCore" classname="Tests_Admin_IncludesUpdateCore" file="/var/www/html/test/wordpress_test/inpsyde_test/test/wp-content/plugins/plugintestslughere/tests/unit/tests/admin/includesUpdateCore.php" line="31" assertions="1" time="0.022613"/>
          <testcase name="test_new_files_are_not_in_old_files_array_compiled with data set #224" class="Tests_Admin_IncludesUpdateCore" classname="Tests_Admin_IncludesUpdateCore" file="/var/www/html/test/wordpress_test/inpsyde_test/test/wp-content/plugins/plugintestslughere/tests/unit/tests/admin/includesUpdateCore.php" line="31" assertions="1" time="0.020945"/>
          <testcase name="test_new_files_are_not_in_old_files_array_compiled with data set #225" class="Tests_Admin_IncludesUpdateCore" classname="Tests_Admin_IncludesUpdateCore" file="/var/www/html/test/wordpress_test/inpsyde_test/test/wp-content/plugins/plugintestslughere/tests/unit/tests/admin/includesUpdateCore.php" line="31" assertions="1" time="0.024340"/>
          <testcase name="test_new_files_are_not_in_old_files_array_compiled with data set #226" class="Tests_Admin_IncludesUpdateCore" classname="Tests_Admin_IncludesUpdateCore" file="/var/www/html/test/wordpress_test/inpsyde_test/test/wp-content/plugins/plugintestslughere/tests/unit/tests/admin/includesUpdateCore.php" line="31" assertions="1" time="0.024176"/>
          <testcase name="test_new_files_are_not_in_old_files_array_compiled with data set #227" class="Tests_Admin_IncludesUpdateCore" classname="Tests_Admin_IncludesUpdateCore" file="/var/www/html/test/wordpress_test/inpsyde_test/test/wp-content/plugins/plugintestslughere/tests/unit/tests/admin/includesUpdateCore.php" line="31" assertions="1" time="0.024190"/>
          <testcase name="test_new_files_are_not_in_old_files_array_compiled with data set #228" class="Tests_Admin_IncludesUpdateCore" classname="Tests_Admin_IncludesUpdateCore" file="/var/www/html/test/wordpress_test/inpsyde_test/test/wp-content/plugins/plugintestslughere/tests/unit/tests/admin/includesUpdateCore.php" line="31" assertions="1" time="0.021946"/>
          <testcase name="test_new_files_are_not_in_old_files_array_compiled with data set #229" class="Tests_Admin_IncludesUpdateCore" classname="Tests_Admin_IncludesUpdateCore" file="/var/www/html/test/wordpress_test/inpsyde_test/test/wp-content/plugins/plugintestslughere/tests/unit/tests/admin/includesUpdateCore.php" line="31" assertions="1" time="0.021250"/>
          <testcase name="test_new_files_are_not_in_old_files_array_compiled with data set #230" class="Tests_Admin_IncludesUpdateCore" classname="Tests_Admin_IncludesUpdateCore" file="/var/www/html/test/wordpress_test/inpsyde_test/test/wp-content/plugins/plugintestslughere/tests/unit/tests/admin/includesUpdateCore.php" line="31" assertions="1" time="0.023111"/>
          <testcase name="test_new_files_are_not_in_old_files_array_compiled with data set #231" class="Tests_Admin_IncludesUpdateCore" classname="Tests_Admin_IncludesUpdateCore" file="/var/www/html/test/wordpress_test/inpsyde_test/test/wp-content/plugins/plugintestslughere/tests/unit/tests/admin/includesUpdateCore.php" line="31" assertions="1" time="0.022694"/>
          <testcase name="test_new_files_are_not_in_old_files_array_compiled with data set #232" class="Tests_Admin_IncludesUpdateCore" classname="Tests_Admin_IncludesUpdateCore" file="/var/www/html/test/wordpress_test/inpsyde_test/test/wp-content/plugins/plugintestslughere/tests/unit/tests/admin/includesUpdateCore.php" line="31" assertions="1" time="0.027242"/>
          <testcase name="test_new_files_are_not_in_old_files_array_compiled with data set #233" class="Tests_Admin_IncludesUpdateCore" classname="Tests_Admin_IncludesUpdateCore" file="/var/www/html/test/wordpress_test/inpsyde_test/test/wp-content/plugins/plugintestslughere/tests/unit/tests/admin/includesUpdateCore.php" line="31" assertions="1" time="0.022133"/>
          <testcase name="test_new_files_are_not_in_old_files_array_compiled with data set #234" class="Tests_Admin_IncludesUpdateCore" classname="Tests_Admin_IncludesUpdateCore" file="/var/www/html/test/wordpress_test/inpsyde_test/test/wp-content/plugins/plugintestslughere/tests/unit/tests/admin/includesUpdateCore.php" line="31" assertions="1" time="0.021433"/>
          <testcase name="test_new_files_are_not_in_old_files_array_compiled with data set #235" class="Tests_Admin_IncludesUpdateCore" classname="Tests_Admin_IncludesUpdateCore" file="/var/www/html/test/wordpress_test/inpsyde_test/test/wp-content/plugins/plugintestslughere/tests/unit/tests/admin/includesUpdateCore.php" line="31" assertions="1" time="0.021661"/>
          <testcase name="test_new_files_are_not_in_old_files_array_compiled with data set #236" class="Tests_Admin_IncludesUpdateCore" classname="Tests_Admin_IncludesUpdateCore" file="/var/www/html/test/wordpress_test/inpsyde_test/test/wp-content/plugins/plugintestslughere/tests/unit/tests/admin/includesUpdateCore.php" line="31" assertions="1" time="0.023542"/>
          <testcase name="test_new_files_are_not_in_old_files_array_compiled with data set #237" class="Tests_Admin_IncludesUpdateCore" classname="Tests_Admin_IncludesUpdateCore" file="/var/www/html/test/wordpress_test/inpsyde_test/test/wp-content/plugins/plugintestslughere/tests/unit/tests/admin/includesUpdateCore.php" line="31" assertions="1" time="0.021599"/>
          <testcase name="test_new_files_are_not_in_old_files_array_compiled with data set #238" class="Tests_Admin_IncludesUpdateCore" classname="Tests_Admin_IncludesUpdateCore" file="/var/www/html/test/wordpress_test/inpsyde_test/test/wp-content/plugins/plugintestslughere/tests/unit/tests/admin/includesUpdateCore.php" line="31" assertions="1" time="0.021817"/>
          <testcase name="test_new_files_are_not_in_old_files_array_compiled with data set #239" class="Tests_Admin_IncludesUpdateCore" classname="Tests_Admin_IncludesUpdateCore" file="/var/www/html/test/wordpress_test/inpsyde_test/test/wp-content/plugins/plugintestslughere/tests/unit/tests/admin/includesUpdateCore.php" line="31" assertions="1" time="0.036900"/>
          <testcase name="test_new_files_are_not_in_old_files_array_compiled with data set #240" class="Tests_Admin_IncludesUpdateCore" classname="Tests_Admin_IncludesUpdateCore" file="/var/www/html/test/wordpress_test/inpsyde_test/test/wp-content/plugins/plugintestslughere/tests/unit/tests/admin/includesUpdateCore.php" line="31" assertions="1" time="0.022755"/>
          <testcase name="test_new_files_are_not_in_old_files_array_compiled with data set #241" class="Tests_Admin_IncludesUpdateCore" classname="Tests_Admin_IncludesUpdateCore" file="/var/www/html/test/wordpress_test/inpsyde_test/test/wp-content/plugins/plugintestslughere/tests/unit/tests/admin/includesUpdateCore.php" line="31" assertions="1" time="0.022752"/>
          <testcase name="test_new_files_are_not_in_old_files_array_compiled with data set #242" class="Tests_Admin_IncludesUpdateCore" classname="Tests_Admin_IncludesUpdateCore" file="/var/www/html/test/wordpress_test/inpsyde_test/test/wp-content/plugins/plugintestslughere/tests/unit/tests/admin/includesUpdateCore.php" line="31" assertions="1" time="0.022692"/>
          <testcase name="test_new_files_are_not_in_old_files_array_compiled with data set #243" class="Tests_Admin_IncludesUpdateCore" classname="Tests_Admin_IncludesUpdateCore" file="/var/www/html/test/wordpress_test/inpsyde_test/test/wp-content/plugins/plugintestslughere/tests/unit/tests/admin/includesUpdateCore.php" line="31" assertions="1" time="0.024755"/>
          <testcase name="test_new_files_are_not_in_old_files_array_compiled with data set #244" class="Tests_Admin_IncludesUpdateCore" classname="Tests_Admin_IncludesUpdateCore" file="/var/www/html/test/wordpress_test/inpsyde_test/test/wp-content/plugins/plugintestslughere/tests/unit/tests/admin/includesUpdateCore.php" line="31" assertions="1" time="0.024145"/>
          <testcase name="test_new_files_are_not_in_old_files_array_compiled with data set #245" class="Tests_Admin_IncludesUpdateCore" classname="Tests_Admin_IncludesUpdateCore" file="/var/www/html/test/wordpress_test/inpsyde_test/test/wp-content/plugins/plugintestslughere/tests/unit/tests/admin/includesUpdateCore.php" line="31" assertions="1" time="0.023458"/>
          <testcase name="test_new_files_are_not_in_old_files_array_compiled with data set #246" class="Tests_Admin_IncludesUpdateCore" classname="Tests_Admin_IncludesUpdateCore" file="/var/www/html/test/wordpress_test/inpsyde_test/test/wp-content/plugins/plugintestslughere/tests/unit/tests/admin/includesUpdateCore.php" line="31" assertions="1" time="0.024794"/>
          <testcase name="test_new_files_are_not_in_old_files_array_compiled with data set #247" class="Tests_Admin_IncludesUpdateCore" classname="Tests_Admin_IncludesUpdateCore" file="/var/www/html/test/wordpress_test/inpsyde_test/test/wp-content/plugins/plugintestslughere/tests/unit/tests/admin/includesUpdateCore.php" line="31" assertions="1" time="0.026419"/>
          <testcase name="test_new_files_are_not_in_old_files_array_compiled with data set #248" class="Tests_Admin_IncludesUpdateCore" classname="Tests_Admin_IncludesUpdateCore" file="/var/www/html/test/wordpress_test/inpsyde_test/test/wp-content/plugins/plugintestslughere/tests/unit/tests/admin/includesUpdateCore.php" line="31" assertions="1" time="0.023588"/>
          <testcase name="test_new_files_are_not_in_old_files_array_compiled with data set #249" class="Tests_Admin_IncludesUpdateCore" classname="Tests_Admin_IncludesUpdateCore" file="/var/www/html/test/wordpress_test/inpsyde_test/test/wp-content/plugins/plugintestslughere/tests/unit/tests/admin/includesUpdateCore.php" line="31" assertions="1" time="0.025311"/>
          <testcase name="test_new_files_are_not_in_old_files_array_compiled with data set #250" class="Tests_Admin_IncludesUpdateCore" classname="Tests_Admin_IncludesUpdateCore" file="/var/www/html/test/wordpress_test/inpsyde_test/test/wp-content/plugins/plugintestslughere/tests/unit/tests/admin/includesUpdateCore.php" line="31" assertions="1" time="0.023996"/>
          <testcase name="test_new_files_are_not_in_old_files_array_compiled with data set #251" class="Tests_Admin_IncludesUpdateCore" classname="Tests_Admin_IncludesUpdateCore" file="/var/www/html/test/wordpress_test/inpsyde_test/test/wp-content/plugins/plugintestslughere/tests/unit/tests/admin/includesUpdateCore.php" line="31" assertions="1" time="0.022349"/>
          <testcase name="test_new_files_are_not_in_old_files_array_compiled with data set #252" class="Tests_Admin_IncludesUpdateCore" classname="Tests_Admin_IncludesUpdateCore" file="/var/www/html/test/wordpress_test/inpsyde_test/test/wp-content/plugins/plugintestslughere/tests/unit/tests/admin/includesUpdateCore.php" line="31" assertions="1" time="0.024065"/>
          <testcase name="test_new_files_are_not_in_old_files_array_compiled with data set #253" class="Tests_Admin_IncludesUpdateCore" classname="Tests_Admin_IncludesUpdateCore" file="/var/www/html/test/wordpress_test/inpsyde_test/test/wp-content/plugins/plugintestslughere/tests/unit/tests/admin/includesUpdateCore.php" line="31" assertions="1" time="0.025012"/>
          <testcase name="test_new_files_are_not_in_old_files_array_compiled with data set #254" class="Tests_Admin_IncludesUpdateCore" classname="Tests_Admin_IncludesUpdateCore" file="/var/www/html/test/wordpress_test/inpsyde_test/test/wp-content/plugins/plugintestslughere/tests/unit/tests/admin/includesUpdateCore.php" line="31" assertions="1" time="0.023562"/>
          <testcase name="test_new_files_are_not_in_old_files_array_compiled with data set #255" class="Tests_Admin_IncludesUpdateCore" classname="Tests_Admin_IncludesUpdateCore" file="/var/www/html/test/wordpress_test/inpsyde_test/test/wp-content/plugins/plugintestslughere/tests/unit/tests/admin/includesUpdateCore.php" line="31" assertions="1" time="0.023766"/>
          <testcase name="test_new_files_are_not_in_old_files_array_compiled with data set #256" class="Tests_Admin_IncludesUpdateCore" classname="Tests_Admin_IncludesUpdateCore" file="/var/www/html/test/wordpress_test/inpsyde_test/test/wp-content/plugins/plugintestslughere/tests/unit/tests/admin/includesUpdateCore.php" line="31" assertions="1" time="0.023529"/>
          <testcase name="test_new_files_are_not_in_old_files_array_compiled with data set #257" class="Tests_Admin_IncludesUpdateCore" classname="Tests_Admin_IncludesUpdateCore" file="/var/www/html/test/wordpress_test/inpsyde_test/test/wp-content/plugins/plugintestslughere/tests/unit/tests/admin/includesUpdateCore.php" line="31" assertions="1" time="0.022979"/>
          <testcase name="test_new_files_are_not_in_old_files_array_compiled with data set #258" class="Tests_Admin_IncludesUpdateCore" classname="Tests_Admin_IncludesUpdateCore" file="/var/www/html/test/wordpress_test/inpsyde_test/test/wp-content/plugins/plugintestslughere/tests/unit/tests/admin/includesUpdateCore.php" line="31" assertions="1" time="0.023146"/>
          <testcase name="test_new_files_are_not_in_old_files_array_compiled with data set #259" class="Tests_Admin_IncludesUpdateCore" classname="Tests_Admin_IncludesUpdateCore" file="/var/www/html/test/wordpress_test/inpsyde_test/test/wp-content/plugins/plugintestslughere/tests/unit/tests/admin/includesUpdateCore.php" line="31" assertions="1" time="0.022245"/>
          <testcase name="test_new_files_are_not_in_old_files_array_compiled with data set #260" class="Tests_Admin_IncludesUpdateCore" classname="Tests_Admin_IncludesUpdateCore" file="/var/www/html/test/wordpress_test/inpsyde_test/test/wp-content/plugins/plugintestslughere/tests/unit/tests/admin/includesUpdateCore.php" line="31" assertions="1" time="0.022176"/>
          <testcase name="test_new_files_are_not_in_old_files_array_compiled with data set #261" class="Tests_Admin_IncludesUpdateCore" classname="Tests_Admin_IncludesUpdateCore" file="/var/www/html/test/wordpress_test/inpsyde_test/test/wp-content/plugins/plugintestslughere/tests/unit/tests/admin/includesUpdateCore.php" line="31" assertions="1" time="0.020742"/>
          <testcase name="test_new_files_are_not_in_old_files_array_compiled with data set #262" class="Tests_Admin_IncludesUpdateCore" classname="Tests_Admin_IncludesUpdateCore" file="/var/www/html/test/wordpress_test/inpsyde_test/test/wp-content/plugins/plugintestslughere/tests/unit/tests/admin/includesUpdateCore.php" line="31" assertions="1" time="0.021038"/>
          <testcase name="test_new_files_are_not_in_old_files_array_compiled with data set #263" class="Tests_Admin_IncludesUpdateCore" classname="Tests_Admin_IncludesUpdateCore" file="/var/www/html/test/wordpress_test/inpsyde_test/test/wp-content/plugins/plugintestslughere/tests/unit/tests/admin/includesUpdateCore.php" line="31" assertions="1" time="0.023080"/>
          <testcase name="test_new_files_are_not_in_old_files_array_compiled with data set #264" class="Tests_Admin_IncludesUpdateCore" classname="Tests_Admin_IncludesUpdateCore" file="/var/www/html/test/wordpress_test/inpsyde_test/test/wp-content/plugins/plugintestslughere/tests/unit/tests/admin/includesUpdateCore.php" line="31" assertions="1" time="0.028553"/>
          <testcase name="test_new_files_are_not_in_old_files_array_compiled with data set #265" class="Tests_Admin_IncludesUpdateCore" classname="Tests_Admin_IncludesUpdateCore" file="/var/www/html/test/wordpress_test/inpsyde_test/test/wp-content/plugins/plugintestslughere/tests/unit/tests/admin/includesUpdateCore.php" line="31" assertions="1" time="0.023507"/>
          <testcase name="test_new_files_are_not_in_old_files_array_compiled with data set #266" class="Tests_Admin_IncludesUpdateCore" classname="Tests_Admin_IncludesUpdateCore" file="/var/www/html/test/wordpress_test/inpsyde_test/test/wp-content/plugins/plugintestslughere/tests/unit/tests/admin/includesUpdateCore.php" line="31" assertions="1" time="0.022165"/>
          <testcase name="test_new_files_are_not_in_old_files_array_compiled with data set #267" class="Tests_Admin_IncludesUpdateCore" classname="Tests_Admin_IncludesUpdateCore" file="/var/www/html/test/wordpress_test/inpsyde_test/test/wp-content/plugins/plugintestslughere/tests/unit/tests/admin/includesUpdateCore.php" line="31" assertions="1" time="0.034044"/>
          <testcase name="test_new_files_are_not_in_old_files_array_compiled with data set #268" class="Tests_Admin_IncludesUpdateCore" classname="Tests_Admin_IncludesUpdateCore" file="/var/www/html/test/wordpress_test/inpsyde_test/test/wp-content/plugins/plugintestslughere/tests/unit/tests/admin/includesUpdateCore.php" line="31" assertions="1" time="0.034946"/>
          <testcase name="test_new_files_are_not_in_old_files_array_compiled with data set #269" class="Tests_Admin_IncludesUpdateCore" classname="Tests_Admin_IncludesUpdateCore" file="/var/www/html/test/wordpress_test/inpsyde_test/test/wp-content/plugins/plugintestslughere/tests/unit/tests/admin/includesUpdateCore.php" line="31" assertions="1" time="0.029705"/>
          <testcase name="test_new_files_are_not_in_old_files_array_compiled with data set #270" class="Tests_Admin_IncludesUpdateCore" classname="Tests_Admin_IncludesUpdateCore" file="/var/www/html/test/wordpress_test/inpsyde_test/test/wp-content/plugins/plugintestslughere/tests/unit/tests/admin/includesUpdateCore.php" line="31" assertions="1" time="0.021886"/>
          <testcase name="test_new_files_are_not_in_old_files_array_compiled with data set #271" class="Tests_Admin_IncludesUpdateCore" classname="Tests_Admin_IncludesUpdateCore" file="/var/www/html/test/wordpress_test/inpsyde_test/test/wp-content/plugins/plugintestslughere/tests/unit/tests/admin/includesUpdateCore.php" line="31" assertions="1" time="0.021105"/>
          <testcase name="test_new_files_are_not_in_old_files_array_compiled with data set #272" class="Tests_Admin_IncludesUpdateCore" classname="Tests_Admin_IncludesUpdateCore" file="/var/www/html/test/wordpress_test/inpsyde_test/test/wp-content/plugins/plugintestslughere/tests/unit/tests/admin/includesUpdateCore.php" line="31" assertions="1" time="0.027705"/>
          <testcase name="test_new_files_are_not_in_old_files_array_compiled with data set #273" class="Tests_Admin_IncludesUpdateCore" classname="Tests_Admin_IncludesUpdateCore" file="/var/www/html/test/wordpress_test/inpsyde_test/test/wp-content/plugins/plugintestslughere/tests/unit/tests/admin/includesUpdateCore.php" line="31" assertions="1" time="0.036618"/>
          <testcase name="test_new_files_are_not_in_old_files_array_compiled with data set #274" class="Tests_Admin_IncludesUpdateCore" classname="Tests_Admin_IncludesUpdateCore" file="/var/www/html/test/wordpress_test/inpsyde_test/test/wp-content/plugins/plugintestslughere/tests/unit/tests/admin/includesUpdateCore.php" line="31" assertions="1" time="0.028281"/>
          <testcase name="test_new_files_are_not_in_old_files_array_compiled with data set #275" class="Tests_Admin_IncludesUpdateCore" classname="Tests_Admin_IncludesUpdateCore" file="/var/www/html/test/wordpress_test/inpsyde_test/test/wp-content/plugins/plugintestslughere/tests/unit/tests/admin/includesUpdateCore.php" line="31" assertions="1" time="0.024595"/>
          <testcase name="test_new_files_are_not_in_old_files_array_compiled with data set #276" class="Tests_Admin_IncludesUpdateCore" classname="Tests_Admin_IncludesUpdateCore" file="/var/www/html/test/wordpress_test/inpsyde_test/test/wp-content/plugins/plugintestslughere/tests/unit/tests/admin/includesUpdateCore.php" line="31" assertions="1" time="0.026527"/>
          <testcase name="test_new_files_are_not_in_old_files_array_compiled with data set #277" class="Tests_Admin_IncludesUpdateCore" classname="Tests_Admin_IncludesUpdateCore" file="/var/www/html/test/wordpress_test/inpsyde_test/test/wp-content/plugins/plugintestslughere/tests/unit/tests/admin/includesUpdateCore.php" line="31" assertions="1" time="0.026743"/>
          <testcase name="test_new_files_are_not_in_old_files_array_compiled with data set #278" class="Tests_Admin_IncludesUpdateCore" classname="Tests_Admin_IncludesUpdateCore" file="/var/www/html/test/wordpress_test/inpsyde_test/test/wp-content/plugins/plugintestslughere/tests/unit/tests/admin/includesUpdateCore.php" line="31" assertions="1" time="0.030107"/>
          <testcase name="test_new_files_are_not_in_old_files_array_compiled with data set #279" class="Tests_Admin_IncludesUpdateCore" classname="Tests_Admin_IncludesUpdateCore" file="/var/www/html/test/wordpress_test/inpsyde_test/test/wp-content/plugins/plugintestslughere/tests/unit/tests/admin/includesUpdateCore.php" line="31" assertions="1" time="0.039207"/>
          <testcase name="test_new_files_are_not_in_old_files_array_compiled with data set #280" class="Tests_Admin_IncludesUpdateCore" classname="Tests_Admin_IncludesUpdateCore" file="/var/www/html/test/wordpress_test/inpsyde_test/test/wp-content/plugins/plugintestslughere/tests/unit/tests/admin/includesUpdateCore.php" line="31" assertions="1" time="0.026304"/>
          <testcase name="test_new_files_are_not_in_old_files_array_compiled with data set #281" class="Tests_Admin_IncludesUpdateCore" classname="Tests_Admin_IncludesUpdateCore" file="/var/www/html/test/wordpress_test/inpsyde_test/test/wp-content/plugins/plugintestslughere/tests/unit/tests/admin/includesUpdateCore.php" line="31" assertions="1" time="0.027430"/>
          <testcase name="test_new_files_are_not_in_old_files_array_compiled with data set #282" class="Tests_Admin_IncludesUpdateCore" classname="Tests_Admin_IncludesUpdateCore" file="/var/www/html/test/wordpress_test/inpsyde_test/test/wp-content/plugins/plugintestslughere/tests/unit/tests/admin/includesUpdateCore.php" line="31" assertions="1" time="0.036177"/>
          <testcase name="test_new_files_are_not_in_old_files_array_compiled with data set #283" class="Tests_Admin_IncludesUpdateCore" classname="Tests_Admin_IncludesUpdateCore" file="/var/www/html/test/wordpress_test/inpsyde_test/test/wp-content/plugins/plugintestslughere/tests/unit/tests/admin/includesUpdateCore.php" line="31" assertions="1" time="0.026966"/>
          <testcase name="test_new_files_are_not_in_old_files_array_compiled with data set #284" class="Tests_Admin_IncludesUpdateCore" classname="Tests_Admin_IncludesUpdateCore" file="/var/www/html/test/wordpress_test/inpsyde_test/test/wp-content/plugins/plugintestslughere/tests/unit/tests/admin/includesUpdateCore.php" line="31" assertions="1" time="0.024133"/>
          <testcase name="test_new_files_are_not_in_old_files_array_compiled with data set #285" class="Tests_Admin_IncludesUpdateCore" classname="Tests_Admin_IncludesUpdateCore" file="/var/www/html/test/wordpress_test/inpsyde_test/test/wp-content/plugins/plugintestslughere/tests/unit/tests/admin/includesUpdateCore.php" line="31" assertions="1" time="0.027776"/>
          <testcase name="test_new_files_are_not_in_old_files_array_compiled with data set #286" class="Tests_Admin_IncludesUpdateCore" classname="Tests_Admin_IncludesUpdateCore" file="/var/www/html/test/wordpress_test/inpsyde_test/test/wp-content/plugins/plugintestslughere/tests/unit/tests/admin/includesUpdateCore.php" line="31" assertions="1" time="0.022161"/>
          <testcase name="test_new_files_are_not_in_old_files_array_compiled with data set #287" class="Tests_Admin_IncludesUpdateCore" classname="Tests_Admin_IncludesUpdateCore" file="/var/www/html/test/wordpress_test/inpsyde_test/test/wp-content/plugins/plugintestslughere/tests/unit/tests/admin/includesUpdateCore.php" line="31" assertions="1" time="0.025542"/>
          <testcase name="test_new_files_are_not_in_old_files_array_compiled with data set #288" class="Tests_Admin_IncludesUpdateCore" classname="Tests_Admin_IncludesUpdateCore" file="/var/www/html/test/wordpress_test/inpsyde_test/test/wp-content/plugins/plugintestslughere/tests/unit/tests/admin/includesUpdateCore.php" line="31" assertions="1" time="0.023791"/>
          <testcase name="test_new_files_are_not_in_old_files_array_compiled with data set #289" class="Tests_Admin_IncludesUpdateCore" classname="Tests_Admin_IncludesUpdateCore" file="/var/www/html/test/wordpress_test/inpsyde_test/test/wp-content/plugins/plugintestslughere/tests/unit/tests/admin/includesUpdateCore.php" line="31" assertions="1" time="0.025882"/>
          <testcase name="test_new_files_are_not_in_old_files_array_compiled with data set #290" class="Tests_Admin_IncludesUpdateCore" classname="Tests_Admin_IncludesUpdateCore" file="/var/www/html/test/wordpress_test/inpsyde_test/test/wp-content/plugins/plugintestslughere/tests/unit/tests/admin/includesUpdateCore.php" line="31" assertions="1" time="0.023649"/>
          <testcase name="test_new_files_are_not_in_old_files_array_compiled with data set #291" class="Tests_Admin_IncludesUpdateCore" classname="Tests_Admin_IncludesUpdateCore" file="/var/www/html/test/wordpress_test/inpsyde_test/test/wp-content/plugins/plugintestslughere/tests/unit/tests/admin/includesUpdateCore.php" line="31" assertions="1" time="0.025907"/>
          <testcase name="test_new_files_are_not_in_old_files_array_compiled with data set #292" class="Tests_Admin_IncludesUpdateCore" classname="Tests_Admin_IncludesUpdateCore" file="/var/www/html/test/wordpress_test/inpsyde_test/test/wp-content/plugins/plugintestslughere/tests/unit/tests/admin/includesUpdateCore.php" line="31" assertions="1" time="0.022394"/>
          <testcase name="test_new_files_are_not_in_old_files_array_compiled with data set #293" class="Tests_Admin_IncludesUpdateCore" classname="Tests_Admin_IncludesUpdateCore" file="/var/www/html/test/wordpress_test/inpsyde_test/test/wp-content/plugins/plugintestslughere/tests/unit/tests/admin/includesUpdateCore.php" line="31" assertions="1" time="0.025402"/>
          <testcase name="test_new_files_are_not_in_old_files_array_compiled with data set #294" class="Tests_Admin_IncludesUpdateCore" classname="Tests_Admin_IncludesUpdateCore" file="/var/www/html/test/wordpress_test/inpsyde_test/test/wp-content/plugins/plugintestslughere/tests/unit/tests/admin/includesUpdateCore.php" line="31" assertions="1" time="0.023592"/>
          <testcase name="test_new_files_are_not_in_old_files_array_compiled with data set #295" class="Tests_Admin_IncludesUpdateCore" classname="Tests_Admin_IncludesUpdateCore" file="/var/www/html/test/wordpress_test/inpsyde_test/test/wp-content/plugins/plugintestslughere/tests/unit/tests/admin/includesUpdateCore.php" line="31" assertions="1" time="0.025328"/>
          <testcase name="test_new_files_are_not_in_old_files_array_compiled with data set #296" class="Tests_Admin_IncludesUpdateCore" classname="Tests_Admin_IncludesUpdateCore" file="/var/www/html/test/wordpress_test/inpsyde_test/test/wp-content/plugins/plugintestslughere/tests/unit/tests/admin/includesUpdateCore.php" line="31" assertions="1" time="0.023944"/>
          <testcase name="test_new_files_are_not_in_old_files_array_compiled with data set #297" class="Tests_Admin_IncludesUpdateCore" classname="Tests_Admin_IncludesUpdateCore" file="/var/www/html/test/wordpress_test/inpsyde_test/test/wp-content/plugins/plugintestslughere/tests/unit/tests/admin/includesUpdateCore.php" line="31" assertions="1" time="0.026716"/>
          <testcase name="test_new_files_are_not_in_old_files_array_compiled with data set #298" class="Tests_Admin_IncludesUpdateCore" classname="Tests_Admin_IncludesUpdateCore" file="/var/www/html/test/wordpress_test/inpsyde_test/test/wp-content/plugins/plugintestslughere/tests/unit/tests/admin/includesUpdateCore.php" line="31" assertions="1" time="0.022451"/>
          <testcase name="test_new_files_are_not_in_old_files_array_compiled with data set #299" class="Tests_Admin_IncludesUpdateCore" classname="Tests_Admin_IncludesUpdateCore" file="/var/www/html/test/wordpress_test/inpsyde_test/test/wp-content/plugins/plugintestslughere/tests/unit/tests/admin/includesUpdateCore.php" line="31" assertions="1" time="0.024453"/>
          <testcase name="test_new_files_are_not_in_old_files_array_compiled with data set #300" class="Tests_Admin_IncludesUpdateCore" classname="Tests_Admin_IncludesUpdateCore" file="/var/www/html/test/wordpress_test/inpsyde_test/test/wp-content/plugins/plugintestslughere/tests/unit/tests/admin/includesUpdateCore.php" line="31" assertions="1" time="0.028164"/>
          <testcase name="test_new_files_are_not_in_old_files_array_compiled with data set #301" class="Tests_Admin_IncludesUpdateCore" classname="Tests_Admin_IncludesUpdateCore" file="/var/www/html/test/wordpress_test/inpsyde_test/test/wp-content/plugins/plugintestslughere/tests/unit/tests/admin/includesUpdateCore.php" line="31" assertions="1" time="0.027875"/>
          <testcase name="test_new_files_are_not_in_old_files_array_compiled with data set #302" class="Tests_Admin_IncludesUpdateCore" classname="Tests_Admin_IncludesUpdateCore" file="/var/www/html/test/wordpress_test/inpsyde_test/test/wp-content/plugins/plugintestslughere/tests/unit/tests/admin/includesUpdateCore.php" line="31" assertions="1" time="0.026364"/>
          <testcase name="test_new_files_are_not_in_old_files_array_compiled with data set #303" class="Tests_Admin_IncludesUpdateCore" classname="Tests_Admin_IncludesUpdateCore" file="/var/www/html/test/wordpress_test/inpsyde_test/test/wp-content/plugins/plugintestslughere/tests/unit/tests/admin/includesUpdateCore.php" line="31" assertions="1" time="0.042162"/>
          <testcase name="test_new_files_are_not_in_old_files_array_compiled with data set #304" class="Tests_Admin_IncludesUpdateCore" classname="Tests_Admin_IncludesUpdateCore" file="/var/www/html/test/wordpress_test/inpsyde_test/test/wp-content/plugins/plugintestslughere/tests/unit/tests/admin/includesUpdateCore.php" line="31" assertions="1" time="0.027386"/>
          <testcase name="test_new_files_are_not_in_old_files_array_compiled with data set #305" class="Tests_Admin_IncludesUpdateCore" classname="Tests_Admin_IncludesUpdateCore" file="/var/www/html/test/wordpress_test/inpsyde_test/test/wp-content/plugins/plugintestslughere/tests/unit/tests/admin/includesUpdateCore.php" line="31" assertions="1" time="0.029904"/>
          <testcase name="test_new_files_are_not_in_old_files_array_compiled with data set #306" class="Tests_Admin_IncludesUpdateCore" classname="Tests_Admin_IncludesUpdateCore" file="/var/www/html/test/wordpress_test/inpsyde_test/test/wp-content/plugins/plugintestslughere/tests/unit/tests/admin/includesUpdateCore.php" line="31" assertions="1" time="0.023753"/>
          <testcase name="test_new_files_are_not_in_old_files_array_compiled with data set #307" class="Tests_Admin_IncludesUpdateCore" classname="Tests_Admin_IncludesUpdateCore" file="/var/www/html/test/wordpress_test/inpsyde_test/test/wp-content/plugins/plugintestslughere/tests/unit/tests/admin/includesUpdateCore.php" line="31" assertions="1" time="0.025679"/>
          <testcase name="test_new_files_are_not_in_old_files_array_compiled with data set #308" class="Tests_Admin_IncludesUpdateCore" classname="Tests_Admin_IncludesUpdateCore" file="/var/www/html/test/wordpress_test/inpsyde_test/test/wp-content/plugins/plugintestslughere/tests/unit/tests/admin/includesUpdateCore.php" line="31" assertions="1" time="0.024170"/>
          <testcase name="test_new_files_are_not_in_old_files_array_compiled with data set #309" class="Tests_Admin_IncludesUpdateCore" classname="Tests_Admin_IncludesUpdateCore" file="/var/www/html/test/wordpress_test/inpsyde_test/test/wp-content/plugins/plugintestslughere/tests/unit/tests/admin/includesUpdateCore.php" line="31" assertions="1" time="0.025402"/>
          <testcase name="test_new_files_are_not_in_old_files_array_compiled with data set #310" class="Tests_Admin_IncludesUpdateCore" classname="Tests_Admin_IncludesUpdateCore" file="/var/www/html/test/wordpress_test/inpsyde_test/test/wp-content/plugins/plugintestslughere/tests/unit/tests/admin/includesUpdateCore.php" line="31" assertions="1" time="0.024903"/>
          <testcase name="test_new_files_are_not_in_old_files_array_compiled with data set #311" class="Tests_Admin_IncludesUpdateCore" classname="Tests_Admin_IncludesUpdateCore" file="/var/www/html/test/wordpress_test/inpsyde_test/test/wp-content/plugins/plugintestslughere/tests/unit/tests/admin/includesUpdateCore.php" line="31" assertions="1" time="0.026223"/>
          <testcase name="test_new_files_are_not_in_old_files_array_compiled with data set #312" class="Tests_Admin_IncludesUpdateCore" classname="Tests_Admin_IncludesUpdateCore" file="/var/www/html/test/wordpress_test/inpsyde_test/test/wp-content/plugins/plugintestslughere/tests/unit/tests/admin/includesUpdateCore.php" line="31" assertions="1" time="0.023958"/>
          <testcase name="test_new_files_are_not_in_old_files_array_compiled with data set #313" class="Tests_Admin_IncludesUpdateCore" classname="Tests_Admin_IncludesUpdateCore" file="/var/www/html/test/wordpress_test/inpsyde_test/test/wp-content/plugins/plugintestslughere/tests/unit/tests/admin/includesUpdateCore.php" line="31" assertions="1" time="0.027395"/>
          <testcase name="test_new_files_are_not_in_old_files_array_compiled with data set #314" class="Tests_Admin_IncludesUpdateCore" classname="Tests_Admin_IncludesUpdateCore" file="/var/www/html/test/wordpress_test/inpsyde_test/test/wp-content/plugins/plugintestslughere/tests/unit/tests/admin/includesUpdateCore.php" line="31" assertions="1" time="0.023047"/>
          <testcase name="test_new_files_are_not_in_old_files_array_compiled with data set #315" class="Tests_Admin_IncludesUpdateCore" classname="Tests_Admin_IncludesUpdateCore" file="/var/www/html/test/wordpress_test/inpsyde_test/test/wp-content/plugins/plugintestslughere/tests/unit/tests/admin/includesUpdateCore.php" line="31" assertions="1" time="0.026031"/>
          <testcase name="test_new_files_are_not_in_old_files_array_compiled with data set #316" class="Tests_Admin_IncludesUpdateCore" classname="Tests_Admin_IncludesUpdateCore" file="/var/www/html/test/wordpress_test/inpsyde_test/test/wp-content/plugins/plugintestslughere/tests/unit/tests/admin/includesUpdateCore.php" line="31" assertions="1" time="0.037108"/>
          <testcase name="test_new_files_are_not_in_old_files_array_compiled with data set #317" class="Tests_Admin_IncludesUpdateCore" classname="Tests_Admin_IncludesUpdateCore" file="/var/www/html/test/wordpress_test/inpsyde_test/test/wp-content/plugins/plugintestslughere/tests/unit/tests/admin/includesUpdateCore.php" line="31" assertions="1" time="0.026161"/>
          <testcase name="test_new_files_are_not_in_old_files_array_compiled with data set #318" class="Tests_Admin_IncludesUpdateCore" classname="Tests_Admin_IncludesUpdateCore" file="/var/www/html/test/wordpress_test/inpsyde_test/test/wp-content/plugins/plugintestslughere/tests/unit/tests/admin/includesUpdateCore.php" line="31" assertions="1" time="0.024985"/>
          <testcase name="test_new_files_are_not_in_old_files_array_compiled with data set #319" class="Tests_Admin_IncludesUpdateCore" classname="Tests_Admin_IncludesUpdateCore" file="/var/www/html/test/wordpress_test/inpsyde_test/test/wp-content/plugins/plugintestslughere/tests/unit/tests/admin/includesUpdateCore.php" line="31" assertions="1" time="0.025056"/>
          <testcase name="test_new_files_are_not_in_old_files_array_compiled with data set #320" class="Tests_Admin_IncludesUpdateCore" classname="Tests_Admin_IncludesUpdateCore" file="/var/www/html/test/wordpress_test/inpsyde_test/test/wp-content/plugins/plugintestslughere/tests/unit/tests/admin/includesUpdateCore.php" line="31" assertions="1" time="0.023721"/>
          <testcase name="test_new_files_are_not_in_old_files_array_compiled with data set #321" class="Tests_Admin_IncludesUpdateCore" classname="Tests_Admin_IncludesUpdateCore" file="/var/www/html/test/wordpress_test/inpsyde_test/test/wp-content/plugins/plugintestslughere/tests/unit/tests/admin/includesUpdateCore.php" line="31" assertions="1" time="0.026161"/>
          <testcase name="test_new_files_are_not_in_old_files_array_compiled with data set #322" class="Tests_Admin_IncludesUpdateCore" classname="Tests_Admin_IncludesUpdateCore" file="/var/www/html/test/wordpress_test/inpsyde_test/test/wp-content/plugins/plugintestslughere/tests/unit/tests/admin/includesUpdateCore.php" line="31" assertions="1" time="0.023396"/>
          <testcase name="test_new_files_are_not_in_old_files_array_compiled with data set #323" class="Tests_Admin_IncludesUpdateCore" classname="Tests_Admin_IncludesUpdateCore" file="/var/www/html/test/wordpress_test/inpsyde_test/test/wp-content/plugins/plugintestslughere/tests/unit/tests/admin/includesUpdateCore.php" line="31" assertions="1" time="0.025878"/>
          <testcase name="test_new_files_are_not_in_old_files_array_compiled with data set #324" class="Tests_Admin_IncludesUpdateCore" classname="Tests_Admin_IncludesUpdateCore" file="/var/www/html/test/wordpress_test/inpsyde_test/test/wp-content/plugins/plugintestslughere/tests/unit/tests/admin/includesUpdateCore.php" line="31" assertions="1" time="0.023386"/>
          <testcase name="test_new_files_are_not_in_old_files_array_compiled with data set #325" class="Tests_Admin_IncludesUpdateCore" classname="Tests_Admin_IncludesUpdateCore" file="/var/www/html/test/wordpress_test/inpsyde_test/test/wp-content/plugins/plugintestslughere/tests/unit/tests/admin/includesUpdateCore.php" line="31" assertions="1" time="0.033543"/>
          <testcase name="test_new_files_are_not_in_old_files_array_compiled with data set #326" class="Tests_Admin_IncludesUpdateCore" classname="Tests_Admin_IncludesUpdateCore" file="/var/www/html/test/wordpress_test/inpsyde_test/test/wp-content/plugins/plugintestslughere/tests/unit/tests/admin/includesUpdateCore.php" line="31" assertions="1" time="0.026592"/>
          <testcase name="test_new_files_are_not_in_old_files_array_compiled with data set #327" class="Tests_Admin_IncludesUpdateCore" classname="Tests_Admin_IncludesUpdateCore" file="/var/www/html/test/wordpress_test/inpsyde_test/test/wp-content/plugins/plugintestslughere/tests/unit/tests/admin/includesUpdateCore.php" line="31" assertions="1" time="0.022785"/>
          <testcase name="test_new_files_are_not_in_old_files_array_compiled with data set #328" class="Tests_Admin_IncludesUpdateCore" classname="Tests_Admin_IncludesUpdateCore" file="/var/www/html/test/wordpress_test/inpsyde_test/test/wp-content/plugins/plugintestslughere/tests/unit/tests/admin/includesUpdateCore.php" line="31" assertions="1" time="0.025297"/>
          <testcase name="test_new_files_are_not_in_old_files_array_compiled with data set #329" class="Tests_Admin_IncludesUpdateCore" classname="Tests_Admin_IncludesUpdateCore" file="/var/www/html/test/wordpress_test/inpsyde_test/test/wp-content/plugins/plugintestslughere/tests/unit/tests/admin/includesUpdateCore.php" line="31" assertions="1" time="0.023904"/>
          <testcase name="test_new_files_are_not_in_old_files_array_compiled with data set #330" class="Tests_Admin_IncludesUpdateCore" classname="Tests_Admin_IncludesUpdateCore" file="/var/www/html/test/wordpress_test/inpsyde_test/test/wp-content/plugins/plugintestslughere/tests/unit/tests/admin/includesUpdateCore.php" line="31" assertions="1" time="0.026569"/>
          <testcase name="test_new_files_are_not_in_old_files_array_compiled with data set #331" class="Tests_Admin_IncludesUpdateCore" classname="Tests_Admin_IncludesUpdateCore" file="/var/www/html/test/wordpress_test/inpsyde_test/test/wp-content/plugins/plugintestslughere/tests/unit/tests/admin/includesUpdateCore.php" line="31" assertions="1" time="0.024414"/>
          <testcase name="test_new_files_are_not_in_old_files_array_compiled with data set #332" class="Tests_Admin_IncludesUpdateCore" classname="Tests_Admin_IncludesUpdateCore" file="/var/www/html/test/wordpress_test/inpsyde_test/test/wp-content/plugins/plugintestslughere/tests/unit/tests/admin/includesUpdateCore.php" line="31" assertions="1" time="0.028177"/>
          <testcase name="test_new_files_are_not_in_old_files_array_compiled with data set #333" class="Tests_Admin_IncludesUpdateCore" classname="Tests_Admin_IncludesUpdateCore" file="/var/www/html/test/wordpress_test/inpsyde_test/test/wp-content/plugins/plugintestslughere/tests/unit/tests/admin/includesUpdateCore.php" line="31" assertions="1" time="0.036080"/>
          <testcase name="test_new_files_are_not_in_old_files_array_compiled with data set #334" class="Tests_Admin_IncludesUpdateCore" classname="Tests_Admin_IncludesUpdateCore" file="/var/www/html/test/wordpress_test/inpsyde_test/test/wp-content/plugins/plugintestslughere/tests/unit/tests/admin/includesUpdateCore.php" line="31" assertions="1" time="0.025897"/>
          <testcase name="test_new_files_are_not_in_old_files_array_compiled with data set #335" class="Tests_Admin_IncludesUpdateCore" classname="Tests_Admin_IncludesUpdateCore" file="/var/www/html/test/wordpress_test/inpsyde_test/test/wp-content/plugins/plugintestslughere/tests/unit/tests/admin/includesUpdateCore.php" line="31" assertions="1" time="0.023660"/>
          <testcase name="test_new_files_are_not_in_old_files_array_compiled with data set #336" class="Tests_Admin_IncludesUpdateCore" classname="Tests_Admin_IncludesUpdateCore" file="/var/www/html/test/wordpress_test/inpsyde_test/test/wp-content/plugins/plugintestslughere/tests/unit/tests/admin/includesUpdateCore.php" line="31" assertions="1" time="0.024570"/>
          <testcase name="test_new_files_are_not_in_old_files_array_compiled with data set #337" class="Tests_Admin_IncludesUpdateCore" classname="Tests_Admin_IncludesUpdateCore" file="/var/www/html/test/wordpress_test/inpsyde_test/test/wp-content/plugins/plugintestslughere/tests/unit/tests/admin/includesUpdateCore.php" line="31" assertions="1" time="0.034069"/>
          <testcase name="test_new_files_are_not_in_old_files_array_compiled with data set #338" class="Tests_Admin_IncludesUpdateCore" classname="Tests_Admin_IncludesUpdateCore" file="/var/www/html/test/wordpress_test/inpsyde_test/test/wp-content/plugins/plugintestslughere/tests/unit/tests/admin/includesUpdateCore.php" line="31" assertions="1" time="0.023782"/>
          <testcase name="test_new_files_are_not_in_old_files_array_compiled with data set #339" class="Tests_Admin_IncludesUpdateCore" classname="Tests_Admin_IncludesUpdateCore" file="/var/www/html/test/wordpress_test/inpsyde_test/test/wp-content/plugins/plugintestslughere/tests/unit/tests/admin/includesUpdateCore.php" line="31" assertions="1" time="0.024127"/>
          <testcase name="test_new_files_are_not_in_old_files_array_compiled with data set #340" class="Tests_Admin_IncludesUpdateCore" classname="Tests_Admin_IncludesUpdateCore" file="/var/www/html/test/wordpress_test/inpsyde_test/test/wp-content/plugins/plugintestslughere/tests/unit/tests/admin/includesUpdateCore.php" line="31" assertions="1" time="0.024362"/>
          <testcase name="test_new_files_are_not_in_old_files_array_compiled with data set #341" class="Tests_Admin_IncludesUpdateCore" classname="Tests_Admin_IncludesUpdateCore" file="/var/www/html/test/wordpress_test/inpsyde_test/test/wp-content/plugins/plugintestslughere/tests/unit/tests/admin/includesUpdateCore.php" line="31" assertions="1" time="0.026488"/>
          <testcase name="test_new_files_are_not_in_old_files_array_compiled with data set #342" class="Tests_Admin_IncludesUpdateCore" classname="Tests_Admin_IncludesUpdateCore" file="/var/www/html/test/wordpress_test/inpsyde_test/test/wp-content/plugins/plugintestslughere/tests/unit/tests/admin/includesUpdateCore.php" line="31" assertions="1" time="0.024408"/>
          <testcase name="test_new_files_are_not_in_old_files_array_compiled with data set #343" class="Tests_Admin_IncludesUpdateCore" classname="Tests_Admin_IncludesUpdateCore" file="/var/www/html/test/wordpress_test/inpsyde_test/test/wp-content/plugins/plugintestslughere/tests/unit/tests/admin/includesUpdateCore.php" line="31" assertions="1" time="0.026138"/>
          <testcase name="test_new_files_are_not_in_old_files_array_compiled with data set #344" class="Tests_Admin_IncludesUpdateCore" classname="Tests_Admin_IncludesUpdateCore" file="/var/www/html/test/wordpress_test/inpsyde_test/test/wp-content/plugins/plugintestslughere/tests/unit/tests/admin/includesUpdateCore.php" line="31" assertions="1" time="0.025017"/>
          <testcase name="test_new_files_are_not_in_old_files_array_compiled with data set #345" class="Tests_Admin_IncludesUpdateCore" classname="Tests_Admin_IncludesUpdateCore" file="/var/www/html/test/wordpress_test/inpsyde_test/test/wp-content/plugins/plugintestslughere/tests/unit/tests/admin/includesUpdateCore.php" line="31" assertions="1" time="0.026234"/>
          <testcase name="test_new_files_are_not_in_old_files_array_compiled with data set #346" class="Tests_Admin_IncludesUpdateCore" classname="Tests_Admin_IncludesUpdateCore" file="/var/www/html/test/wordpress_test/inpsyde_test/test/wp-content/plugins/plugintestslughere/tests/unit/tests/admin/includesUpdateCore.php" line="31" assertions="1" time="0.023227"/>
          <testcase name="test_new_files_are_not_in_old_files_array_compiled with data set #347" class="Tests_Admin_IncludesUpdateCore" classname="Tests_Admin_IncludesUpdateCore" file="/var/www/html/test/wordpress_test/inpsyde_test/test/wp-content/plugins/plugintestslughere/tests/unit/tests/admin/includesUpdateCore.php" line="31" assertions="1" time="0.026109"/>
          <testcase name="test_new_files_are_not_in_old_files_array_compiled with data set #348" class="Tests_Admin_IncludesUpdateCore" classname="Tests_Admin_IncludesUpdateCore" file="/var/www/html/test/wordpress_test/inpsyde_test/test/wp-content/plugins/plugintestslughere/tests/unit/tests/admin/includesUpdateCore.php" line="31" assertions="1" time="0.023537"/>
          <testcase name="test_new_files_are_not_in_old_files_array_compiled with data set #349" class="Tests_Admin_IncludesUpdateCore" classname="Tests_Admin_IncludesUpdateCore" file="/var/www/html/test/wordpress_test/inpsyde_test/test/wp-content/plugins/plugintestslughere/tests/unit/tests/admin/includesUpdateCore.php" line="31" assertions="1" time="0.025961"/>
          <testcase name="test_new_files_are_not_in_old_files_array_compiled with data set #350" class="Tests_Admin_IncludesUpdateCore" classname="Tests_Admin_IncludesUpdateCore" file="/var/www/html/test/wordpress_test/inpsyde_test/test/wp-content/plugins/plugintestslughere/tests/unit/tests/admin/includesUpdateCore.php" line="31" assertions="1" time="0.023196"/>
          <testcase name="test_new_files_are_not_in_old_files_array_compiled with data set #351" class="Tests_Admin_IncludesUpdateCore" classname="Tests_Admin_IncludesUpdateCore" file="/var/www/html/test/wordpress_test/inpsyde_test/test/wp-content/plugins/plugintestslughere/tests/unit/tests/admin/includesUpdateCore.php" line="31" assertions="1" time="0.027366"/>
          <testcase name="test_new_files_are_not_in_old_files_array_compiled with data set #352" class="Tests_Admin_IncludesUpdateCore" classname="Tests_Admin_IncludesUpdateCore" file="/var/www/html/test/wordpress_test/inpsyde_test/test/wp-content/plugins/plugintestslughere/tests/unit/tests/admin/includesUpdateCore.php" line="31" assertions="1" time="0.024982"/>
          <testcase name="test_new_files_are_not_in_old_files_array_compiled with data set #353" class="Tests_Admin_IncludesUpdateCore" classname="Tests_Admin_IncludesUpdateCore" file="/var/www/html/test/wordpress_test/inpsyde_test/test/wp-content/plugins/plugintestslughere/tests/unit/tests/admin/includesUpdateCore.php" line="31" assertions="1" time="0.023935"/>
          <testcase name="test_new_files_are_not_in_old_files_array_compiled with data set #354" class="Tests_Admin_IncludesUpdateCore" classname="Tests_Admin_IncludesUpdateCore" file="/var/www/html/test/wordpress_test/inpsyde_test/test/wp-content/plugins/plugintestslughere/tests/unit/tests/admin/includesUpdateCore.php" line="31" assertions="1" time="0.024012"/>
          <testcase name="test_new_files_are_not_in_old_files_array_compiled with data set #355" class="Tests_Admin_IncludesUpdateCore" classname="Tests_Admin_IncludesUpdateCore" file="/var/www/html/test/wordpress_test/inpsyde_test/test/wp-content/plugins/plugintestslughere/tests/unit/tests/admin/includesUpdateCore.php" line="31" assertions="1" time="0.026766"/>
          <testcase name="test_new_files_are_not_in_old_files_array_compiled with data set #356" class="Tests_Admin_IncludesUpdateCore" classname="Tests_Admin_IncludesUpdateCore" file="/var/www/html/test/wordpress_test/inpsyde_test/test/wp-content/plugins/plugintestslughere/tests/unit/tests/admin/includesUpdateCore.php" line="31" assertions="1" time="0.024667"/>
          <testcase name="test_new_files_are_not_in_old_files_array_compiled with data set #357" class="Tests_Admin_IncludesUpdateCore" classname="Tests_Admin_IncludesUpdateCore" file="/var/www/html/test/wordpress_test/inpsyde_test/test/wp-content/plugins/plugintestslughere/tests/unit/tests/admin/includesUpdateCore.php" line="31" assertions="1" time="0.024198"/>
          <testcase name="test_new_files_are_not_in_old_files_array_compiled with data set #358" class="Tests_Admin_IncludesUpdateCore" classname="Tests_Admin_IncludesUpdateCore" file="/var/www/html/test/wordpress_test/inpsyde_test/test/wp-content/plugins/plugintestslughere/tests/unit/tests/admin/includesUpdateCore.php" line="31" assertions="1" time="0.024082"/>
          <testcase name="test_new_files_are_not_in_old_files_array_compiled with data set #359" class="Tests_Admin_IncludesUpdateCore" classname="Tests_Admin_IncludesUpdateCore" file="/var/www/html/test/wordpress_test/inpsyde_test/test/wp-content/plugins/plugintestslughere/tests/unit/tests/admin/includesUpdateCore.php" line="31" assertions="1" time="0.025580"/>
          <testcase name="test_new_files_are_not_in_old_files_array_compiled with data set #360" class="Tests_Admin_IncludesUpdateCore" classname="Tests_Admin_IncludesUpdateCore" file="/var/www/html/test/wordpress_test/inpsyde_test/test/wp-content/plugins/plugintestslughere/tests/unit/tests/admin/includesUpdateCore.php" line="31" assertions="1" time="0.027634"/>
          <testcase name="test_new_files_are_not_in_old_files_array_compiled with data set #361" class="Tests_Admin_IncludesUpdateCore" classname="Tests_Admin_IncludesUpdateCore" file="/var/www/html/test/wordpress_test/inpsyde_test/test/wp-content/plugins/plugintestslughere/tests/unit/tests/admin/includesUpdateCore.php" line="31" assertions="1" time="0.027897"/>
          <testcase name="test_new_files_are_not_in_old_files_array_compiled with data set #362" class="Tests_Admin_IncludesUpdateCore" classname="Tests_Admin_IncludesUpdateCore" file="/var/www/html/test/wordpress_test/inpsyde_test/test/wp-content/plugins/plugintestslughere/tests/unit/tests/admin/includesUpdateCore.php" line="31" assertions="1" time="0.031680"/>
          <testcase name="test_new_files_are_not_in_old_files_array_compiled with data set #363" class="Tests_Admin_IncludesUpdateCore" classname="Tests_Admin_IncludesUpdateCore" file="/var/www/html/test/wordpress_test/inpsyde_test/test/wp-content/plugins/plugintestslughere/tests/unit/tests/admin/includesUpdateCore.php" line="31" assertions="1" time="0.024632"/>
          <testcase name="test_new_files_are_not_in_old_files_array_compiled with data set #364" class="Tests_Admin_IncludesUpdateCore" classname="Tests_Admin_IncludesUpdateCore" file="/var/www/html/test/wordpress_test/inpsyde_test/test/wp-content/plugins/plugintestslughere/tests/unit/tests/admin/includesUpdateCore.php" line="31" assertions="1" time="0.023699"/>
          <testcase name="test_new_files_are_not_in_old_files_array_compiled with data set #365" class="Tests_Admin_IncludesUpdateCore" classname="Tests_Admin_IncludesUpdateCore" file="/var/www/html/test/wordpress_test/inpsyde_test/test/wp-content/plugins/plugintestslughere/tests/unit/tests/admin/includesUpdateCore.php" line="31" assertions="1" time="0.025175"/>
          <testcase name="test_new_files_are_not_in_old_files_array_compiled with data set #366" class="Tests_Admin_IncludesUpdateCore" classname="Tests_Admin_IncludesUpdateCore" file="/var/www/html/test/wordpress_test/inpsyde_test/test/wp-content/plugins/plugintestslughere/tests/unit/tests/admin/includesUpdateCore.php" line="31" assertions="1" time="0.023608"/>
          <testcase name="test_new_files_are_not_in_old_files_array_compiled with data set #367" class="Tests_Admin_IncludesUpdateCore" classname="Tests_Admin_IncludesUpdateCore" file="/var/www/html/test/wordpress_test/inpsyde_test/test/wp-content/plugins/plugintestslughere/tests/unit/tests/admin/includesUpdateCore.php" line="31" assertions="1" time="0.027147"/>
          <testcase name="test_new_files_are_not_in_old_files_array_compiled with data set #368" class="Tests_Admin_IncludesUpdateCore" classname="Tests_Admin_IncludesUpdateCore" file="/var/www/html/test/wordpress_test/inpsyde_test/test/wp-content/plugins/plugintestslughere/tests/unit/tests/admin/includesUpdateCore.php" line="31" assertions="1" time="0.026411"/>
          <testcase name="test_new_files_are_not_in_old_files_array_compiled with data set #369" class="Tests_Admin_IncludesUpdateCore" classname="Tests_Admin_IncludesUpdateCore" file="/var/www/html/test/wordpress_test/inpsyde_test/test/wp-content/plugins/plugintestslughere/tests/unit/tests/admin/includesUpdateCore.php" line="31" assertions="1" time="0.024422"/>
          <testcase name="test_new_files_are_not_in_old_files_array_compiled with data set #370" class="Tests_Admin_IncludesUpdateCore" classname="Tests_Admin_IncludesUpdateCore" file="/var/www/html/test/wordpress_test/inpsyde_test/test/wp-content/plugins/plugintestslughere/tests/unit/tests/admin/includesUpdateCore.php" line="31" assertions="1" time="0.025671"/>
          <testcase name="test_new_files_are_not_in_old_files_array_compiled with data set #371" class="Tests_Admin_IncludesUpdateCore" classname="Tests_Admin_IncludesUpdateCore" file="/var/www/html/test/wordpress_test/inpsyde_test/test/wp-content/plugins/plugintestslughere/tests/unit/tests/admin/includesUpdateCore.php" line="31" assertions="1" time="0.025320"/>
          <testcase name="test_new_files_are_not_in_old_files_array_compiled with data set #372" class="Tests_Admin_IncludesUpdateCore" classname="Tests_Admin_IncludesUpdateCore" file="/var/www/html/test/wordpress_test/inpsyde_test/test/wp-content/plugins/plugintestslughere/tests/unit/tests/admin/includesUpdateCore.php" line="31" assertions="1" time="0.029594"/>
          <testcase name="test_new_files_are_not_in_old_files_array_compiled with data set #373" class="Tests_Admin_IncludesUpdateCore" classname="Tests_Admin_IncludesUpdateCore" file="/var/www/html/test/wordpress_test/inpsyde_test/test/wp-content/plugins/plugintestslughere/tests/unit/tests/admin/includesUpdateCore.php" line="31" assertions="1" time="0.025025"/>
          <testcase name="test_new_files_are_not_in_old_files_array_compiled with data set #374" class="Tests_Admin_IncludesUpdateCore" classname="Tests_Admin_IncludesUpdateCore" file="/var/www/html/test/wordpress_test/inpsyde_test/test/wp-content/plugins/plugintestslughere/tests/unit/tests/admin/includesUpdateCore.php" line="31" assertions="1" time="0.026988"/>
          <testcase name="test_new_files_are_not_in_old_files_array_compiled with data set #375" class="Tests_Admin_IncludesUpdateCore" classname="Tests_Admin_IncludesUpdateCore" file="/var/www/html/test/wordpress_test/inpsyde_test/test/wp-content/plugins/plugintestslughere/tests/unit/tests/admin/includesUpdateCore.php" line="31" assertions="1" time="0.025335"/>
          <testcase name="test_new_files_are_not_in_old_files_array_compiled with data set #376" class="Tests_Admin_IncludesUpdateCore" classname="Tests_Admin_IncludesUpdateCore" file="/var/www/html/test/wordpress_test/inpsyde_test/test/wp-content/plugins/plugintestslughere/tests/unit/tests/admin/includesUpdateCore.php" line="31" assertions="1" time="0.024793"/>
          <testcase name="test_new_files_are_not_in_old_files_array_compiled with data set #377" class="Tests_Admin_IncludesUpdateCore" classname="Tests_Admin_IncludesUpdateCore" file="/var/www/html/test/wordpress_test/inpsyde_test/test/wp-content/plugins/plugintestslughere/tests/unit/tests/admin/includesUpdateCore.php" line="31" assertions="1" time="0.024609"/>
          <testcase name="test_new_files_are_not_in_old_files_array_compiled with data set #378" class="Tests_Admin_IncludesUpdateCore" classname="Tests_Admin_IncludesUpdateCore" file="/var/www/html/test/wordpress_test/inpsyde_test/test/wp-content/plugins/plugintestslughere/tests/unit/tests/admin/includesUpdateCore.php" line="31" assertions="1" time="0.025094"/>
          <testcase name="test_new_files_are_not_in_old_files_array_compiled with data set #379" class="Tests_Admin_IncludesUpdateCore" classname="Tests_Admin_IncludesUpdateCore" file="/var/www/html/test/wordpress_test/inpsyde_test/test/wp-content/plugins/plugintestslughere/tests/unit/tests/admin/includesUpdateCore.php" line="31" assertions="1" time="0.024023"/>
          <testcase name="test_new_files_are_not_in_old_files_array_compiled with data set #380" class="Tests_Admin_IncludesUpdateCore" classname="Tests_Admin_IncludesUpdateCore" file="/var/www/html/test/wordpress_test/inpsyde_test/test/wp-content/plugins/plugintestslughere/tests/unit/tests/admin/includesUpdateCore.php" line="31" assertions="1" time="0.025064"/>
          <testcase name="test_new_files_are_not_in_old_files_array_compiled with data set #381" class="Tests_Admin_IncludesUpdateCore" classname="Tests_Admin_IncludesUpdateCore" file="/var/www/html/test/wordpress_test/inpsyde_test/test/wp-content/plugins/plugintestslughere/tests/unit/tests/admin/includesUpdateCore.php" line="31" assertions="1" time="0.026773"/>
          <testcase name="test_new_files_are_not_in_old_files_array_compiled with data set #382" class="Tests_Admin_IncludesUpdateCore" classname="Tests_Admin_IncludesUpdateCore" file="/var/www/html/test/wordpress_test/inpsyde_test/test/wp-content/plugins/plugintestslughere/tests/unit/tests/admin/includesUpdateCore.php" line="31" assertions="1" time="0.026855"/>
          <testcase name="test_new_files_are_not_in_old_files_array_compiled with data set #383" class="Tests_Admin_IncludesUpdateCore" classname="Tests_Admin_IncludesUpdateCore" file="/var/www/html/test/wordpress_test/inpsyde_test/test/wp-content/plugins/plugintestslughere/tests/unit/tests/admin/includesUpdateCore.php" line="31" assertions="1" time="0.026130"/>
          <testcase name="test_new_files_are_not_in_old_files_array_compiled with data set #384" class="Tests_Admin_IncludesUpdateCore" classname="Tests_Admin_IncludesUpdateCore" file="/var/www/html/test/wordpress_test/inpsyde_test/test/wp-content/plugins/plugintestslughere/tests/unit/tests/admin/includesUpdateCore.php" line="31" assertions="1" time="0.023404"/>
          <testcase name="test_new_files_are_not_in_old_files_array_compiled with data set #385" class="Tests_Admin_IncludesUpdateCore" classname="Tests_Admin_IncludesUpdateCore" file="/var/www/html/test/wordpress_test/inpsyde_test/test/wp-content/plugins/plugintestslughere/tests/unit/tests/admin/includesUpdateCore.php" line="31" assertions="1" time="0.028092"/>
          <testcase name="test_new_files_are_not_in_old_files_array_compiled with data set #386" class="Tests_Admin_IncludesUpdateCore" classname="Tests_Admin_IncludesUpdateCore" file="/var/www/html/test/wordpress_test/inpsyde_test/test/wp-content/plugins/plugintestslughere/tests/unit/tests/admin/includesUpdateCore.php" line="31" assertions="1" time="0.024755"/>
          <testcase name="test_new_files_are_not_in_old_files_array_compiled with data set #387" class="Tests_Admin_IncludesUpdateCore" classname="Tests_Admin_IncludesUpdateCore" file="/var/www/html/test/wordpress_test/inpsyde_test/test/wp-content/plugins/plugintestslughere/tests/unit/tests/admin/includesUpdateCore.php" line="31" assertions="1" time="0.025380"/>
          <testcase name="test_new_files_are_not_in_old_files_array_compiled with data set #388" class="Tests_Admin_IncludesUpdateCore" classname="Tests_Admin_IncludesUpdateCore" file="/var/www/html/test/wordpress_test/inpsyde_test/test/wp-content/plugins/plugintestslughere/tests/unit/tests/admin/includesUpdateCore.php" line="31" assertions="1" time="0.024018"/>
          <testcase name="test_new_files_are_not_in_old_files_array_compiled with data set #389" class="Tests_Admin_IncludesUpdateCore" classname="Tests_Admin_IncludesUpdateCore" file="/var/www/html/test/wordpress_test/inpsyde_test/test/wp-content/plugins/plugintestslughere/tests/unit/tests/admin/includesUpdateCore.php" line="31" assertions="1" time="0.025121"/>
          <testcase name="test_new_files_are_not_in_old_files_array_compiled with data set #390" class="Tests_Admin_IncludesUpdateCore" classname="Tests_Admin_IncludesUpdateCore" file="/var/www/html/test/wordpress_test/inpsyde_test/test/wp-content/plugins/plugintestslughere/tests/unit/tests/admin/includesUpdateCore.php" line="31" assertions="1" time="0.024786"/>
          <testcase name="test_new_files_are_not_in_old_files_array_compiled with data set #391" class="Tests_Admin_IncludesUpdateCore" classname="Tests_Admin_IncludesUpdateCore" file="/var/www/html/test/wordpress_test/inpsyde_test/test/wp-content/plugins/plugintestslughere/tests/unit/tests/admin/includesUpdateCore.php" line="31" assertions="1" time="0.025719"/>
          <testcase name="test_new_files_are_not_in_old_files_array_compiled with data set #392" class="Tests_Admin_IncludesUpdateCore" classname="Tests_Admin_IncludesUpdateCore" file="/var/www/html/test/wordpress_test/inpsyde_test/test/wp-content/plugins/plugintestslughere/tests/unit/tests/admin/includesUpdateCore.php" line="31" assertions="1" time="0.024879"/>
          <testcase name="test_new_files_are_not_in_old_files_array_compiled with data set #393" class="Tests_Admin_IncludesUpdateCore" classname="Tests_Admin_IncludesUpdateCore" file="/var/www/html/test/wordpress_test/inpsyde_test/test/wp-content/plugins/plugintestslughere/tests/unit/tests/admin/includesUpdateCore.php" line="31" assertions="1" time="0.023436"/>
          <testcase name="test_new_files_are_not_in_old_files_array_compiled with data set #394" class="Tests_Admin_IncludesUpdateCore" classname="Tests_Admin_IncludesUpdateCore" file="/var/www/html/test/wordpress_test/inpsyde_test/test/wp-content/plugins/plugintestslughere/tests/unit/tests/admin/includesUpdateCore.php" line="31" assertions="1" time="0.022487"/>
          <testcase name="test_new_files_are_not_in_old_files_array_compiled with data set #395" class="Tests_Admin_IncludesUpdateCore" classname="Tests_Admin_IncludesUpdateCore" file="/var/www/html/test/wordpress_test/inpsyde_test/test/wp-content/plugins/plugintestslughere/tests/unit/tests/admin/includesUpdateCore.php" line="31" assertions="1" time="0.021885"/>
          <testcase name="test_new_files_are_not_in_old_files_array_compiled with data set #396" class="Tests_Admin_IncludesUpdateCore" classname="Tests_Admin_IncludesUpdateCore" file="/var/www/html/test/wordpress_test/inpsyde_test/test/wp-content/plugins/plugintestslughere/tests/unit/tests/admin/includesUpdateCore.php" line="31" assertions="1" time="0.021497"/>
          <testcase name="test_new_files_are_not_in_old_files_array_compiled with data set #397" class="Tests_Admin_IncludesUpdateCore" classname="Tests_Admin_IncludesUpdateCore" file="/var/www/html/test/wordpress_test/inpsyde_test/test/wp-content/plugins/plugintestslughere/tests/unit/tests/admin/includesUpdateCore.php" line="31" assertions="1" time="0.021552"/>
          <testcase name="test_new_files_are_not_in_old_files_array_compiled with data set #398" class="Tests_Admin_IncludesUpdateCore" classname="Tests_Admin_IncludesUpdateCore" file="/var/www/html/test/wordpress_test/inpsyde_test/test/wp-content/plugins/plugintestslughere/tests/unit/tests/admin/includesUpdateCore.php" line="31" assertions="1" time="0.021456"/>
          <testcase name="test_new_files_are_not_in_old_files_array_compiled with data set #399" class="Tests_Admin_IncludesUpdateCore" classname="Tests_Admin_IncludesUpdateCore" file="/var/www/html/test/wordpress_test/inpsyde_test/test/wp-content/plugins/plugintestslughere/tests/unit/tests/admin/includesUpdateCore.php" line="31" assertions="1" time="0.021937"/>
          <testcase name="test_new_files_are_not_in_old_files_array_compiled with data set #400" class="Tests_Admin_IncludesUpdateCore" classname="Tests_Admin_IncludesUpdateCore" file="/var/www/html/test/wordpress_test/inpsyde_test/test/wp-content/plugins/plugintestslughere/tests/unit/tests/admin/includesUpdateCore.php" line="31" assertions="1" time="0.020990"/>
          <testcase name="test_new_files_are_not_in_old_files_array_compiled with data set #401" class="Tests_Admin_IncludesUpdateCore" classname="Tests_Admin_IncludesUpdateCore" file="/var/www/html/test/wordpress_test/inpsyde_test/test/wp-content/plugins/plugintestslughere/tests/unit/tests/admin/includesUpdateCore.php" line="31" assertions="1" time="0.025085"/>
          <testcase name="test_new_files_are_not_in_old_files_array_compiled with data set #402" class="Tests_Admin_IncludesUpdateCore" classname="Tests_Admin_IncludesUpdateCore" file="/var/www/html/test/wordpress_test/inpsyde_test/test/wp-content/plugins/plugintestslughere/tests/unit/tests/admin/includesUpdateCore.php" line="31" assertions="1" time="0.022681"/>
          <testcase name="test_new_files_are_not_in_old_files_array_compiled with data set #403" class="Tests_Admin_IncludesUpdateCore" classname="Tests_Admin_IncludesUpdateCore" file="/var/www/html/test/wordpress_test/inpsyde_test/test/wp-content/plugins/plugintestslughere/tests/unit/tests/admin/includesUpdateCore.php" line="31" assertions="1" time="0.024223"/>
          <testcase name="test_new_files_are_not_in_old_files_array_compiled with data set #404" class="Tests_Admin_IncludesUpdateCore" classname="Tests_Admin_IncludesUpdateCore" file="/var/www/html/test/wordpress_test/inpsyde_test/test/wp-content/plugins/plugintestslughere/tests/unit/tests/admin/includesUpdateCore.php" line="31" assertions="1" time="0.022356"/>
          <testcase name="test_new_files_are_not_in_old_files_array_compiled with data set #405" class="Tests_Admin_IncludesUpdateCore" classname="Tests_Admin_IncludesUpdateCore" file="/var/www/html/test/wordpress_test/inpsyde_test/test/wp-content/plugins/plugintestslughere/tests/unit/tests/admin/includesUpdateCore.php" line="31" assertions="1" time="0.023776"/>
          <testcase name="test_new_files_are_not_in_old_files_array_compiled with data set #406" class="Tests_Admin_IncludesUpdateCore" classname="Tests_Admin_IncludesUpdateCore" file="/var/www/html/test/wordpress_test/inpsyde_test/test/wp-content/plugins/plugintestslughere/tests/unit/tests/admin/includesUpdateCore.php" line="31" assertions="1" time="0.024075"/>
          <testcase name="test_new_files_are_not_in_old_files_array_compiled with data set #407" class="Tests_Admin_IncludesUpdateCore" classname="Tests_Admin_IncludesUpdateCore" file="/var/www/html/test/wordpress_test/inpsyde_test/test/wp-content/plugins/plugintestslughere/tests/unit/tests/admin/includesUpdateCore.php" line="31" assertions="1" time="0.022373"/>
          <testcase name="test_new_files_are_not_in_old_files_array_compiled with data set #408" class="Tests_Admin_IncludesUpdateCore" classname="Tests_Admin_IncludesUpdateCore" file="/var/www/html/test/wordpress_test/inpsyde_test/test/wp-content/plugins/plugintestslughere/tests/unit/tests/admin/includesUpdateCore.php" line="31" assertions="1" time="0.026713"/>
          <testcase name="test_new_files_are_not_in_old_files_array_compiled with data set #409" class="Tests_Admin_IncludesUpdateCore" classname="Tests_Admin_IncludesUpdateCore" file="/var/www/html/test/wordpress_test/inpsyde_test/test/wp-content/plugins/plugintestslughere/tests/unit/tests/admin/includesUpdateCore.php" line="31" assertions="1" time="0.023324"/>
          <testcase name="test_new_files_are_not_in_old_files_array_compiled with data set #410" class="Tests_Admin_IncludesUpdateCore" classname="Tests_Admin_IncludesUpdateCore" file="/var/www/html/test/wordpress_test/inpsyde_test/test/wp-content/plugins/plugintestslughere/tests/unit/tests/admin/includesUpdateCore.php" line="31" assertions="1" time="0.022751"/>
          <testcase name="test_new_files_are_not_in_old_files_array_compiled with data set #411" class="Tests_Admin_IncludesUpdateCore" classname="Tests_Admin_IncludesUpdateCore" file="/var/www/html/test/wordpress_test/inpsyde_test/test/wp-content/plugins/plugintestslughere/tests/unit/tests/admin/includesUpdateCore.php" line="31" assertions="1" time="0.025876"/>
          <testcase name="test_new_files_are_not_in_old_files_array_compiled with data set #412" class="Tests_Admin_IncludesUpdateCore" classname="Tests_Admin_IncludesUpdateCore" file="/var/www/html/test/wordpress_test/inpsyde_test/test/wp-content/plugins/plugintestslughere/tests/unit/tests/admin/includesUpdateCore.php" line="31" assertions="1" time="0.023598"/>
          <testcase name="test_new_files_are_not_in_old_files_array_compiled with data set #413" class="Tests_Admin_IncludesUpdateCore" classname="Tests_Admin_IncludesUpdateCore" file="/var/www/html/test/wordpress_test/inpsyde_test/test/wp-content/plugins/plugintestslughere/tests/unit/tests/admin/includesUpdateCore.php" line="31" assertions="1" time="0.021664"/>
          <testcase name="test_new_files_are_not_in_old_files_array_compiled with data set #414" class="Tests_Admin_IncludesUpdateCore" classname="Tests_Admin_IncludesUpdateCore" file="/var/www/html/test/wordpress_test/inpsyde_test/test/wp-content/plugins/plugintestslughere/tests/unit/tests/admin/includesUpdateCore.php" line="31" assertions="1" time="0.022137"/>
          <testcase name="test_new_files_are_not_in_old_files_array_compiled with data set #415" class="Tests_Admin_IncludesUpdateCore" classname="Tests_Admin_IncludesUpdateCore" file="/var/www/html/test/wordpress_test/inpsyde_test/test/wp-content/plugins/plugintestslughere/tests/unit/tests/admin/includesUpdateCore.php" line="31" assertions="1" time="0.021514"/>
          <testcase name="test_new_files_are_not_in_old_files_array_compiled with data set #416" class="Tests_Admin_IncludesUpdateCore" classname="Tests_Admin_IncludesUpdateCore" file="/var/www/html/test/wordpress_test/inpsyde_test/test/wp-content/plugins/plugintestslughere/tests/unit/tests/admin/includesUpdateCore.php" line="31" assertions="1" time="0.022034"/>
          <testcase name="test_new_files_are_not_in_old_files_array_compiled with data set #417" class="Tests_Admin_IncludesUpdateCore" classname="Tests_Admin_IncludesUpdateCore" file="/var/www/html/test/wordpress_test/inpsyde_test/test/wp-content/plugins/plugintestslughere/tests/unit/tests/admin/includesUpdateCore.php" line="31" assertions="1" time="0.021165"/>
          <testcase name="test_new_files_are_not_in_old_files_array_compiled with data set #418" class="Tests_Admin_IncludesUpdateCore" classname="Tests_Admin_IncludesUpdateCore" file="/var/www/html/test/wordpress_test/inpsyde_test/test/wp-content/plugins/plugintestslughere/tests/unit/tests/admin/includesUpdateCore.php" line="31" assertions="1" time="0.022030"/>
          <testcase name="test_new_files_are_not_in_old_files_array_compiled with data set #419" class="Tests_Admin_IncludesUpdateCore" classname="Tests_Admin_IncludesUpdateCore" file="/var/www/html/test/wordpress_test/inpsyde_test/test/wp-content/plugins/plugintestslughere/tests/unit/tests/admin/includesUpdateCore.php" line="31" assertions="1" time="0.020968"/>
          <testcase name="test_new_files_are_not_in_old_files_array_compiled with data set #420" class="Tests_Admin_IncludesUpdateCore" classname="Tests_Admin_IncludesUpdateCore" file="/var/www/html/test/wordpress_test/inpsyde_test/test/wp-content/plugins/plugintestslughere/tests/unit/tests/admin/includesUpdateCore.php" line="31" assertions="1" time="0.034001"/>
          <testcase name="test_new_files_are_not_in_old_files_array_compiled with data set #421" class="Tests_Admin_IncludesUpdateCore" classname="Tests_Admin_IncludesUpdateCore" file="/var/www/html/test/wordpress_test/inpsyde_test/test/wp-content/plugins/plugintestslughere/tests/unit/tests/admin/includesUpdateCore.php" line="31" assertions="1" time="0.057547"/>
          <testcase name="test_new_files_are_not_in_old_files_array_compiled with data set #422" class="Tests_Admin_IncludesUpdateCore" classname="Tests_Admin_IncludesUpdateCore" file="/var/www/html/test/wordpress_test/inpsyde_test/test/wp-content/plugins/plugintestslughere/tests/unit/tests/admin/includesUpdateCore.php" line="31" assertions="1" time="0.045986"/>
          <testcase name="test_new_files_are_not_in_old_files_array_compiled with data set #423" class="Tests_Admin_IncludesUpdateCore" classname="Tests_Admin_IncludesUpdateCore" file="/var/www/html/test/wordpress_test/inpsyde_test/test/wp-content/plugins/plugintestslughere/tests/unit/tests/admin/includesUpdateCore.php" line="31" assertions="1" time="0.025736"/>
          <testcase name="test_new_files_are_not_in_old_files_array_compiled with data set #424" class="Tests_Admin_IncludesUpdateCore" classname="Tests_Admin_IncludesUpdateCore" file="/var/www/html/test/wordpress_test/inpsyde_test/test/wp-content/plugins/plugintestslughere/tests/unit/tests/admin/includesUpdateCore.php" line="31" assertions="1" time="0.023389"/>
          <testcase name="test_new_files_are_not_in_old_files_array_compiled with data set #425" class="Tests_Admin_IncludesUpdateCore" classname="Tests_Admin_IncludesUpdateCore" file="/var/www/html/test/wordpress_test/inpsyde_test/test/wp-content/plugins/plugintestslughere/tests/unit/tests/admin/includesUpdateCore.php" line="31" assertions="1" time="0.027084"/>
          <testcase name="test_new_files_are_not_in_old_files_array_compiled with data set #426" class="Tests_Admin_IncludesUpdateCore" classname="Tests_Admin_IncludesUpdateCore" file="/var/www/html/test/wordpress_test/inpsyde_test/test/wp-content/plugins/plugintestslughere/tests/unit/tests/admin/includesUpdateCore.php" line="31" assertions="1" time="0.021801"/>
          <testcase name="test_new_files_are_not_in_old_files_array_compiled with data set #427" class="Tests_Admin_IncludesUpdateCore" classname="Tests_Admin_IncludesUpdateCore" file="/var/www/html/test/wordpress_test/inpsyde_test/test/wp-content/plugins/plugintestslughere/tests/unit/tests/admin/includesUpdateCore.php" line="31" assertions="1" time="0.024043"/>
          <testcase name="test_new_files_are_not_in_old_files_array_compiled with data set #428" class="Tests_Admin_IncludesUpdateCore" classname="Tests_Admin_IncludesUpdateCore" file="/var/www/html/test/wordpress_test/inpsyde_test/test/wp-content/plugins/plugintestslughere/tests/unit/tests/admin/includesUpdateCore.php" line="31" assertions="1" time="0.022906"/>
          <testcase name="test_new_files_are_not_in_old_files_array_compiled with data set #429" class="Tests_Admin_IncludesUpdateCore" classname="Tests_Admin_IncludesUpdateCore" file="/var/www/html/test/wordpress_test/inpsyde_test/test/wp-content/plugins/plugintestslughere/tests/unit/tests/admin/includesUpdateCore.php" line="31" assertions="1" time="0.025642"/>
          <testcase name="test_new_files_are_not_in_old_files_array_compiled with data set #430" class="Tests_Admin_IncludesUpdateCore" classname="Tests_Admin_IncludesUpdateCore" file="/var/www/html/test/wordpress_test/inpsyde_test/test/wp-content/plugins/plugintestslughere/tests/unit/tests/admin/includesUpdateCore.php" line="31" assertions="1" time="0.029286"/>
          <testcase name="test_new_files_are_not_in_old_files_array_compiled with data set #431" class="Tests_Admin_IncludesUpdateCore" classname="Tests_Admin_IncludesUpdateCore" file="/var/www/html/test/wordpress_test/inpsyde_test/test/wp-content/plugins/plugintestslughere/tests/unit/tests/admin/includesUpdateCore.php" line="31" assertions="1" time="0.023804"/>
          <testcase name="test_new_files_are_not_in_old_files_array_compiled with data set #432" class="Tests_Admin_IncludesUpdateCore" classname="Tests_Admin_IncludesUpdateCore" file="/var/www/html/test/wordpress_test/inpsyde_test/test/wp-content/plugins/plugintestslughere/tests/unit/tests/admin/includesUpdateCore.php" line="31" assertions="1" time="0.021903"/>
          <testcase name="test_new_files_are_not_in_old_files_array_compiled with data set #433" class="Tests_Admin_IncludesUpdateCore" classname="Tests_Admin_IncludesUpdateCore" file="/var/www/html/test/wordpress_test/inpsyde_test/test/wp-content/plugins/plugintestslughere/tests/unit/tests/admin/includesUpdateCore.php" line="31" assertions="1" time="0.023163"/>
          <testcase name="test_new_files_are_not_in_old_files_array_compiled with data set #434" class="Tests_Admin_IncludesUpdateCore" classname="Tests_Admin_IncludesUpdateCore" file="/var/www/html/test/wordpress_test/inpsyde_test/test/wp-content/plugins/plugintestslughere/tests/unit/tests/admin/includesUpdateCore.php" line="31" assertions="1" time="0.026396"/>
          <testcase name="test_new_files_are_not_in_old_files_array_compiled with data set #435" class="Tests_Admin_IncludesUpdateCore" classname="Tests_Admin_IncludesUpdateCore" file="/var/www/html/test/wordpress_test/inpsyde_test/test/wp-content/plugins/plugintestslughere/tests/unit/tests/admin/includesUpdateCore.php" line="31" assertions="1" time="0.027471"/>
          <testcase name="test_new_files_are_not_in_old_files_array_compiled with data set #436" class="Tests_Admin_IncludesUpdateCore" classname="Tests_Admin_IncludesUpdateCore" file="/var/www/html/test/wordpress_test/inpsyde_test/test/wp-content/plugins/plugintestslughere/tests/unit/tests/admin/includesUpdateCore.php" line="31" assertions="1" time="0.023574"/>
          <testcase name="test_new_files_are_not_in_old_files_array_compiled with data set #437" class="Tests_Admin_IncludesUpdateCore" classname="Tests_Admin_IncludesUpdateCore" file="/var/www/html/test/wordpress_test/inpsyde_test/test/wp-content/plugins/plugintestslughere/tests/unit/tests/admin/includesUpdateCore.php" line="31" assertions="1" time="0.023366"/>
          <testcase name="test_new_files_are_not_in_old_files_array_compiled with data set #438" class="Tests_Admin_IncludesUpdateCore" classname="Tests_Admin_IncludesUpdateCore" file="/var/www/html/test/wordpress_test/inpsyde_test/test/wp-content/plugins/plugintestslughere/tests/unit/tests/admin/includesUpdateCore.php" line="31" assertions="1" time="0.022228"/>
          <testcase name="test_new_files_are_not_in_old_files_array_compiled with data set #439" class="Tests_Admin_IncludesUpdateCore" classname="Tests_Admin_IncludesUpdateCore" file="/var/www/html/test/wordpress_test/inpsyde_test/test/wp-content/plugins/plugintestslughere/tests/unit/tests/admin/includesUpdateCore.php" line="31" assertions="1" time="0.023628"/>
          <testcase name="test_new_files_are_not_in_old_files_array_compiled with data set #440" class="Tests_Admin_IncludesUpdateCore" classname="Tests_Admin_IncludesUpdateCore" file="/var/www/html/test/wordpress_test/inpsyde_test/test/wp-content/plugins/plugintestslughere/tests/unit/tests/admin/includesUpdateCore.php" line="31" assertions="1" time="0.023788"/>
          <testcase name="test_new_files_are_not_in_old_files_array_compiled with data set #441" class="Tests_Admin_IncludesUpdateCore" classname="Tests_Admin_IncludesUpdateCore" file="/var/www/html/test/wordpress_test/inpsyde_test/test/wp-content/plugins/plugintestslughere/tests/unit/tests/admin/includesUpdateCore.php" line="31" assertions="1" time="0.022512"/>
          <testcase name="test_new_files_are_not_in_old_files_array_compiled with data set #442" class="Tests_Admin_IncludesUpdateCore" classname="Tests_Admin_IncludesUpdateCore" file="/var/www/html/test/wordpress_test/inpsyde_test/test/wp-content/plugins/plugintestslughere/tests/unit/tests/admin/includesUpdateCore.php" line="31" assertions="1" time="0.024451"/>
          <testcase name="test_new_files_are_not_in_old_files_array_compiled with data set #443" class="Tests_Admin_IncludesUpdateCore" classname="Tests_Admin_IncludesUpdateCore" file="/var/www/html/test/wordpress_test/inpsyde_test/test/wp-content/plugins/plugintestslughere/tests/unit/tests/admin/includesUpdateCore.php" line="31" assertions="1" time="0.022485"/>
          <testcase name="test_new_files_are_not_in_old_files_array_compiled with data set #444" class="Tests_Admin_IncludesUpdateCore" classname="Tests_Admin_IncludesUpdateCore" file="/var/www/html/test/wordpress_test/inpsyde_test/test/wp-content/plugins/plugintestslughere/tests/unit/tests/admin/includesUpdateCore.php" line="31" assertions="1" time="0.022828"/>
          <testcase name="test_new_files_are_not_in_old_files_array_compiled with data set #445" class="Tests_Admin_IncludesUpdateCore" classname="Tests_Admin_IncludesUpdateCore" file="/var/www/html/test/wordpress_test/inpsyde_test/test/wp-content/plugins/plugintestslughere/tests/unit/tests/admin/includesUpdateCore.php" line="31" assertions="1" time="0.025828"/>
          <testcase name="test_new_files_are_not_in_old_files_array_compiled with data set #446" class="Tests_Admin_IncludesUpdateCore" classname="Tests_Admin_IncludesUpdateCore" file="/var/www/html/test/wordpress_test/inpsyde_test/test/wp-content/plugins/plugintestslughere/tests/unit/tests/admin/includesUpdateCore.php" line="31" assertions="1" time="0.021565"/>
          <testcase name="test_new_files_are_not_in_old_files_array_compiled with data set #447" class="Tests_Admin_IncludesUpdateCore" classname="Tests_Admin_IncludesUpdateCore" file="/var/www/html/test/wordpress_test/inpsyde_test/test/wp-content/plugins/plugintestslughere/tests/unit/tests/admin/includesUpdateCore.php" line="31" assertions="1" time="0.023823"/>
          <testcase name="test_new_files_are_not_in_old_files_array_compiled with data set #448" class="Tests_Admin_IncludesUpdateCore" classname="Tests_Admin_IncludesUpdateCore" file="/var/www/html/test/wordpress_test/inpsyde_test/test/wp-content/plugins/plugintestslughere/tests/unit/tests/admin/includesUpdateCore.php" line="31" assertions="1" time="0.021645"/>
          <testcase name="test_new_files_are_not_in_old_files_array_compiled with data set #449" class="Tests_Admin_IncludesUpdateCore" classname="Tests_Admin_IncludesUpdateCore" file="/var/www/html/test/wordpress_test/inpsyde_test/test/wp-content/plugins/plugintestslughere/tests/unit/tests/admin/includesUpdateCore.php" line="31" assertions="1" time="0.022766"/>
          <testcase name="test_new_files_are_not_in_old_files_array_compiled with data set #450" class="Tests_Admin_IncludesUpdateCore" classname="Tests_Admin_IncludesUpdateCore" file="/var/www/html/test/wordpress_test/inpsyde_test/test/wp-content/plugins/plugintestslughere/tests/unit/tests/admin/includesUpdateCore.php" line="31" assertions="1" time="0.023002"/>
          <testcase name="test_new_files_are_not_in_old_files_array_compiled with data set #451" class="Tests_Admin_IncludesUpdateCore" classname="Tests_Admin_IncludesUpdateCore" file="/var/www/html/test/wordpress_test/inpsyde_test/test/wp-content/plugins/plugintestslughere/tests/unit/tests/admin/includesUpdateCore.php" line="31" assertions="1" time="0.023346"/>
          <testcase name="test_new_files_are_not_in_old_files_array_compiled with data set #452" class="Tests_Admin_IncludesUpdateCore" classname="Tests_Admin_IncludesUpdateCore" file="/var/www/html/test/wordpress_test/inpsyde_test/test/wp-content/plugins/plugintestslughere/tests/unit/tests/admin/includesUpdateCore.php" line="31" assertions="1" time="0.022901"/>
          <testcase name="test_new_files_are_not_in_old_files_array_compiled with data set #453" class="Tests_Admin_IncludesUpdateCore" classname="Tests_Admin_IncludesUpdateCore" file="/var/www/html/test/wordpress_test/inpsyde_test/test/wp-content/plugins/plugintestslughere/tests/unit/tests/admin/includesUpdateCore.php" line="31" assertions="1" time="0.055399"/>
          <testcase name="test_new_files_are_not_in_old_files_array_compiled with data set #454" class="Tests_Admin_IncludesUpdateCore" classname="Tests_Admin_IncludesUpdateCore" file="/var/www/html/test/wordpress_test/inpsyde_test/test/wp-content/plugins/plugintestslughere/tests/unit/tests/admin/includesUpdateCore.php" line="31" assertions="1" time="0.023981"/>
          <testcase name="test_new_files_are_not_in_old_files_array_compiled with data set #455" class="Tests_Admin_IncludesUpdateCore" classname="Tests_Admin_IncludesUpdateCore" file="/var/www/html/test/wordpress_test/inpsyde_test/test/wp-content/plugins/plugintestslughere/tests/unit/tests/admin/includesUpdateCore.php" line="31" assertions="1" time="0.023660"/>
          <testcase name="test_new_files_are_not_in_old_files_array_compiled with data set #456" class="Tests_Admin_IncludesUpdateCore" classname="Tests_Admin_IncludesUpdateCore" file="/var/www/html/test/wordpress_test/inpsyde_test/test/wp-content/plugins/plugintestslughere/tests/unit/tests/admin/includesUpdateCore.php" line="31" assertions="1" time="0.037582"/>
          <testcase name="test_new_files_are_not_in_old_files_array_compiled with data set #457" class="Tests_Admin_IncludesUpdateCore" classname="Tests_Admin_IncludesUpdateCore" file="/var/www/html/test/wordpress_test/inpsyde_test/test/wp-content/plugins/plugintestslughere/tests/unit/tests/admin/includesUpdateCore.php" line="31" assertions="1" time="0.023710"/>
          <testcase name="test_new_files_are_not_in_old_files_array_compiled with data set #458" class="Tests_Admin_IncludesUpdateCore" classname="Tests_Admin_IncludesUpdateCore" file="/var/www/html/test/wordpress_test/inpsyde_test/test/wp-content/plugins/plugintestslughere/tests/unit/tests/admin/includesUpdateCore.php" line="31" assertions="1" time="0.022357"/>
          <testcase name="test_new_files_are_not_in_old_files_array_compiled with data set #459" class="Tests_Admin_IncludesUpdateCore" classname="Tests_Admin_IncludesUpdateCore" file="/var/www/html/test/wordpress_test/inpsyde_test/test/wp-content/plugins/plugintestslughere/tests/unit/tests/admin/includesUpdateCore.php" line="31" assertions="1" time="0.047225"/>
          <testcase name="test_new_files_are_not_in_old_files_array_compiled with data set #460" class="Tests_Admin_IncludesUpdateCore" classname="Tests_Admin_IncludesUpdateCore" file="/var/www/html/test/wordpress_test/inpsyde_test/test/wp-content/plugins/plugintestslughere/tests/unit/tests/admin/includesUpdateCore.php" line="31" assertions="1" time="0.023776"/>
          <testcase name="test_new_files_are_not_in_old_files_array_compiled with data set #461" class="Tests_Admin_IncludesUpdateCore" classname="Tests_Admin_IncludesUpdateCore" file="/var/www/html/test/wordpress_test/inpsyde_test/test/wp-content/plugins/plugintestslughere/tests/unit/tests/admin/includesUpdateCore.php" line="31" assertions="1" time="0.023232"/>
          <testcase name="test_new_files_are_not_in_old_files_array_compiled with data set #462" class="Tests_Admin_IncludesUpdateCore" classname="Tests_Admin_IncludesUpdateCore" file="/var/www/html/test/wordpress_test/inpsyde_test/test/wp-content/plugins/plugintestslughere/tests/unit/tests/admin/includesUpdateCore.php" line="31" assertions="1" time="0.028885"/>
          <testcase name="test_new_files_are_not_in_old_files_array_compiled with data set #463" class="Tests_Admin_IncludesUpdateCore" classname="Tests_Admin_IncludesUpdateCore" file="/var/www/html/test/wordpress_test/inpsyde_test/test/wp-content/plugins/plugintestslughere/tests/unit/tests/admin/includesUpdateCore.php" line="31" assertions="1" time="0.024672"/>
          <testcase name="test_new_files_are_not_in_old_files_array_compiled with data set #464" class="Tests_Admin_IncludesUpdateCore" classname="Tests_Admin_IncludesUpdateCore" file="/var/www/html/test/wordpress_test/inpsyde_test/test/wp-content/plugins/plugintestslughere/tests/unit/tests/admin/includesUpdateCore.php" line="31" assertions="1" time="0.022698"/>
          <testcase name="test_new_files_are_not_in_old_files_array_compiled with data set #465" class="Tests_Admin_IncludesUpdateCore" classname="Tests_Admin_IncludesUpdateCore" file="/var/www/html/test/wordpress_test/inpsyde_test/test/wp-content/plugins/plugintestslughere/tests/unit/tests/admin/includesUpdateCore.php" line="31" assertions="1" time="0.038691"/>
          <testcase name="test_new_files_are_not_in_old_files_array_compiled with data set #466" class="Tests_Admin_IncludesUpdateCore" classname="Tests_Admin_IncludesUpdateCore" file="/var/www/html/test/wordpress_test/inpsyde_test/test/wp-content/plugins/plugintestslughere/tests/unit/tests/admin/includesUpdateCore.php" line="31" assertions="1" time="0.036681"/>
          <testcase name="test_new_files_are_not_in_old_files_array_compiled with data set #467" class="Tests_Admin_IncludesUpdateCore" classname="Tests_Admin_IncludesUpdateCore" file="/var/www/html/test/wordpress_test/inpsyde_test/test/wp-content/plugins/plugintestslughere/tests/unit/tests/admin/includesUpdateCore.php" line="31" assertions="1" time="0.030026"/>
          <testcase name="test_new_files_are_not_in_old_files_array_compiled with data set #468" class="Tests_Admin_IncludesUpdateCore" classname="Tests_Admin_IncludesUpdateCore" file="/var/www/html/test/wordpress_test/inpsyde_test/test/wp-content/plugins/plugintestslughere/tests/unit/tests/admin/includesUpdateCore.php" line="31" assertions="1" time="0.025133"/>
          <testcase name="test_new_files_are_not_in_old_files_array_compiled with data set #469" class="Tests_Admin_IncludesUpdateCore" classname="Tests_Admin_IncludesUpdateCore" file="/var/www/html/test/wordpress_test/inpsyde_test/test/wp-content/plugins/plugintestslughere/tests/unit/tests/admin/includesUpdateCore.php" line="31" assertions="1" time="0.023897"/>
          <testcase name="test_new_files_are_not_in_old_files_array_compiled with data set #470" class="Tests_Admin_IncludesUpdateCore" classname="Tests_Admin_IncludesUpdateCore" file="/var/www/html/test/wordpress_test/inpsyde_test/test/wp-content/plugins/plugintestslughere/tests/unit/tests/admin/includesUpdateCore.php" line="31" assertions="1" time="0.022895"/>
          <testcase name="test_new_files_are_not_in_old_files_array_compiled with data set #471" class="Tests_Admin_IncludesUpdateCore" classname="Tests_Admin_IncludesUpdateCore" file="/var/www/html/test/wordpress_test/inpsyde_test/test/wp-content/plugins/plugintestslughere/tests/unit/tests/admin/includesUpdateCore.php" line="31" assertions="1" time="0.023530"/>
          <testcase name="test_new_files_are_not_in_old_files_array_compiled with data set #472" class="Tests_Admin_IncludesUpdateCore" classname="Tests_Admin_IncludesUpdateCore" file="/var/www/html/test/wordpress_test/inpsyde_test/test/wp-content/plugins/plugintestslughere/tests/unit/tests/admin/includesUpdateCore.php" line="31" assertions="1" time="0.021874"/>
          <testcase name="test_new_files_are_not_in_old_files_array_compiled with data set #473" class="Tests_Admin_IncludesUpdateCore" classname="Tests_Admin_IncludesUpdateCore" file="/var/www/html/test/wordpress_test/inpsyde_test/test/wp-content/plugins/plugintestslughere/tests/unit/tests/admin/includesUpdateCore.php" line="31" assertions="1" time="0.022899"/>
          <testcase name="test_new_files_are_not_in_old_files_array_compiled with data set #474" class="Tests_Admin_IncludesUpdateCore" classname="Tests_Admin_IncludesUpdateCore" file="/var/www/html/test/wordpress_test/inpsyde_test/test/wp-content/plugins/plugintestslughere/tests/unit/tests/admin/includesUpdateCore.php" line="31" assertions="1" time="0.023651"/>
          <testcase name="test_new_files_are_not_in_old_files_array_compiled with data set #475" class="Tests_Admin_IncludesUpdateCore" classname="Tests_Admin_IncludesUpdateCore" file="/var/www/html/test/wordpress_test/inpsyde_test/test/wp-content/plugins/plugintestslughere/tests/unit/tests/admin/includesUpdateCore.php" line="31" assertions="1" time="0.025369"/>
          <testcase name="test_new_files_are_not_in_old_files_array_compiled with data set #476" class="Tests_Admin_IncludesUpdateCore" classname="Tests_Admin_IncludesUpdateCore" file="/var/www/html/test/wordpress_test/inpsyde_test/test/wp-content/plugins/plugintestslughere/tests/unit/tests/admin/includesUpdateCore.php" line="31" assertions="1" time="0.031652"/>
          <testcase name="test_new_files_are_not_in_old_files_array_compiled with data set #477" class="Tests_Admin_IncludesUpdateCore" classname="Tests_Admin_IncludesUpdateCore" file="/var/www/html/test/wordpress_test/inpsyde_test/test/wp-content/plugins/plugintestslughere/tests/unit/tests/admin/includesUpdateCore.php" line="31" assertions="1" time="0.026592"/>
          <testcase name="test_new_files_are_not_in_old_files_array_compiled with data set #478" class="Tests_Admin_IncludesUpdateCore" classname="Tests_Admin_IncludesUpdateCore" file="/var/www/html/test/wordpress_test/inpsyde_test/test/wp-content/plugins/plugintestslughere/tests/unit/tests/admin/includesUpdateCore.php" line="31" assertions="1" time="0.022710"/>
          <testcase name="test_new_files_are_not_in_old_files_array_compiled with data set #479" class="Tests_Admin_IncludesUpdateCore" classname="Tests_Admin_IncludesUpdateCore" file="/var/www/html/test/wordpress_test/inpsyde_test/test/wp-content/plugins/plugintestslughere/tests/unit/tests/admin/includesUpdateCore.php" line="31" assertions="1" time="0.023073"/>
          <testcase name="test_new_files_are_not_in_old_files_array_compiled with data set #480" class="Tests_Admin_IncludesUpdateCore" classname="Tests_Admin_IncludesUpdateCore" file="/var/www/html/test/wordpress_test/inpsyde_test/test/wp-content/plugins/plugintestslughere/tests/unit/tests/admin/includesUpdateCore.php" line="31" assertions="1" time="0.022851"/>
          <testcase name="test_new_files_are_not_in_old_files_array_compiled with data set #481" class="Tests_Admin_IncludesUpdateCore" classname="Tests_Admin_IncludesUpdateCore" file="/var/www/html/test/wordpress_test/inpsyde_test/test/wp-content/plugins/plugintestslughere/tests/unit/tests/admin/includesUpdateCore.php" line="31" assertions="1" time="0.021781"/>
          <testcase name="test_new_files_are_not_in_old_files_array_compiled with data set #482" class="Tests_Admin_IncludesUpdateCore" classname="Tests_Admin_IncludesUpdateCore" file="/var/www/html/test/wordpress_test/inpsyde_test/test/wp-content/plugins/plugintestslughere/tests/unit/tests/admin/includesUpdateCore.php" line="31" assertions="1" time="0.022039"/>
          <testcase name="test_new_files_are_not_in_old_files_array_compiled with data set #483" class="Tests_Admin_IncludesUpdateCore" classname="Tests_Admin_IncludesUpdateCore" file="/var/www/html/test/wordpress_test/inpsyde_test/test/wp-content/plugins/plugintestslughere/tests/unit/tests/admin/includesUpdateCore.php" line="31" assertions="1" time="0.021939"/>
          <testcase name="test_new_files_are_not_in_old_files_array_compiled with data set #484" class="Tests_Admin_IncludesUpdateCore" classname="Tests_Admin_IncludesUpdateCore" file="/var/www/html/test/wordpress_test/inpsyde_test/test/wp-content/plugins/plugintestslughere/tests/unit/tests/admin/includesUpdateCore.php" line="31" assertions="1" time="0.021202"/>
          <testcase name="test_new_files_are_not_in_old_files_array_compiled with data set #485" class="Tests_Admin_IncludesUpdateCore" classname="Tests_Admin_IncludesUpdateCore" file="/var/www/html/test/wordpress_test/inpsyde_test/test/wp-content/plugins/plugintestslughere/tests/unit/tests/admin/includesUpdateCore.php" line="31" assertions="1" time="0.022838"/>
          <testcase name="test_new_files_are_not_in_old_files_array_compiled with data set #486" class="Tests_Admin_IncludesUpdateCore" classname="Tests_Admin_IncludesUpdateCore" file="/var/www/html/test/wordpress_test/inpsyde_test/test/wp-content/plugins/plugintestslughere/tests/unit/tests/admin/includesUpdateCore.php" line="31" assertions="1" time="0.021424"/>
          <testcase name="test_new_files_are_not_in_old_files_array_compiled with data set #487" class="Tests_Admin_IncludesUpdateCore" classname="Tests_Admin_IncludesUpdateCore" file="/var/www/html/test/wordpress_test/inpsyde_test/test/wp-content/plugins/plugintestslughere/tests/unit/tests/admin/includesUpdateCore.php" line="31" assertions="1" time="0.022044"/>
          <testcase name="test_new_files_are_not_in_old_files_array_compiled with data set #488" class="Tests_Admin_IncludesUpdateCore" classname="Tests_Admin_IncludesUpdateCore" file="/var/www/html/test/wordpress_test/inpsyde_test/test/wp-content/plugins/plugintestslughere/tests/unit/tests/admin/includesUpdateCore.php" line="31" assertions="1" time="0.022164"/>
          <testcase name="test_new_files_are_not_in_old_files_array_compiled with data set #489" class="Tests_Admin_IncludesUpdateCore" classname="Tests_Admin_IncludesUpdateCore" file="/var/www/html/test/wordpress_test/inpsyde_test/test/wp-content/plugins/plugintestslughere/tests/unit/tests/admin/includesUpdateCore.php" line="31" assertions="1" time="0.023204"/>
          <testcase name="test_new_files_are_not_in_old_files_array_compiled with data set #490" class="Tests_Admin_IncludesUpdateCore" classname="Tests_Admin_IncludesUpdateCore" file="/var/www/html/test/wordpress_test/inpsyde_test/test/wp-content/plugins/plugintestslughere/tests/unit/tests/admin/includesUpdateCore.php" line="31" assertions="1" time="0.022613"/>
          <testcase name="test_new_files_are_not_in_old_files_array_compiled with data set #491" class="Tests_Admin_IncludesUpdateCore" classname="Tests_Admin_IncludesUpdateCore" file="/var/www/html/test/wordpress_test/inpsyde_test/test/wp-content/plugins/plugintestslughere/tests/unit/tests/admin/includesUpdateCore.php" line="31" assertions="1" time="0.023689"/>
          <testcase name="test_new_files_are_not_in_old_files_array_compiled with data set #492" class="Tests_Admin_IncludesUpdateCore" classname="Tests_Admin_IncludesUpdateCore" file="/var/www/html/test/wordpress_test/inpsyde_test/test/wp-content/plugins/plugintestslughere/tests/unit/tests/admin/includesUpdateCore.php" line="31" assertions="1" time="0.022273"/>
          <testcase name="test_new_files_are_not_in_old_files_array_compiled with data set #493" class="Tests_Admin_IncludesUpdateCore" classname="Tests_Admin_IncludesUpdateCore" file="/var/www/html/test/wordpress_test/inpsyde_test/test/wp-content/plugins/plugintestslughere/tests/unit/tests/admin/includesUpdateCore.php" line="31" assertions="1" time="0.022512"/>
          <testcase name="test_new_files_are_not_in_old_files_array_compiled with data set #494" class="Tests_Admin_IncludesUpdateCore" classname="Tests_Admin_IncludesUpdateCore" file="/var/www/html/test/wordpress_test/inpsyde_test/test/wp-content/plugins/plugintestslughere/tests/unit/tests/admin/includesUpdateCore.php" line="31" assertions="1" time="0.022143"/>
          <testcase name="test_new_files_are_not_in_old_files_array_compiled with data set #495" class="Tests_Admin_IncludesUpdateCore" classname="Tests_Admin_IncludesUpdateCore" file="/var/www/html/test/wordpress_test/inpsyde_test/test/wp-content/plugins/plugintestslughere/tests/unit/tests/admin/includesUpdateCore.php" line="31" assertions="1" time="0.022922"/>
          <testcase name="test_new_files_are_not_in_old_files_array_compiled with data set #496" class="Tests_Admin_IncludesUpdateCore" classname="Tests_Admin_IncludesUpdateCore" file="/var/www/html/test/wordpress_test/inpsyde_test/test/wp-content/plugins/plugintestslughere/tests/unit/tests/admin/includesUpdateCore.php" line="31" assertions="1" time="0.023235"/>
          <testcase name="test_new_files_are_not_in_old_files_array_compiled with data set #497" class="Tests_Admin_IncludesUpdateCore" classname="Tests_Admin_IncludesUpdateCore" file="/var/www/html/test/wordpress_test/inpsyde_test/test/wp-content/plugins/plugintestslughere/tests/unit/tests/admin/includesUpdateCore.php" line="31" assertions="1" time="0.024441"/>
          <testcase name="test_new_files_are_not_in_old_files_array_compiled with data set #498" class="Tests_Admin_IncludesUpdateCore" classname="Tests_Admin_IncludesUpdateCore" file="/var/www/html/test/wordpress_test/inpsyde_test/test/wp-content/plugins/plugintestslughere/tests/unit/tests/admin/includesUpdateCore.php" line="31" assertions="1" time="0.022324"/>
          <testcase name="test_new_files_are_not_in_old_files_array_compiled with data set #499" class="Tests_Admin_IncludesUpdateCore" classname="Tests_Admin_IncludesUpdateCore" file="/var/www/html/test/wordpress_test/inpsyde_test/test/wp-content/plugins/plugintestslughere/tests/unit/tests/admin/includesUpdateCore.php" line="31" assertions="1" time="0.023674"/>
          <testcase name="test_new_files_are_not_in_old_files_array_compiled with data set #500" class="Tests_Admin_IncludesUpdateCore" classname="Tests_Admin_IncludesUpdateCore" file="/var/www/html/test/wordpress_test/inpsyde_test/test/wp-content/plugins/plugintestslughere/tests/unit/tests/admin/includesUpdateCore.php" line="31" assertions="1" time="0.024268"/>
          <testcase name="test_new_files_are_not_in_old_files_array_compiled with data set #501" class="Tests_Admin_IncludesUpdateCore" classname="Tests_Admin_IncludesUpdateCore" file="/var/www/html/test/wordpress_test/inpsyde_test/test/wp-content/plugins/plugintestslughere/tests/unit/tests/admin/includesUpdateCore.php" line="31" assertions="1" time="0.023281"/>
          <testcase name="test_new_files_are_not_in_old_files_array_compiled with data set #502" class="Tests_Admin_IncludesUpdateCore" classname="Tests_Admin_IncludesUpdateCore" file="/var/www/html/test/wordpress_test/inpsyde_test/test/wp-content/plugins/plugintestslughere/tests/unit/tests/admin/includesUpdateCore.php" line="31" assertions="1" time="0.021208"/>
          <testcase name="test_new_files_are_not_in_old_files_array_compiled with data set #503" class="Tests_Admin_IncludesUpdateCore" classname="Tests_Admin_IncludesUpdateCore" file="/var/www/html/test/wordpress_test/inpsyde_test/test/wp-content/plugins/plugintestslughere/tests/unit/tests/admin/includesUpdateCore.php" line="31" assertions="1" time="0.023357"/>
          <testcase name="test_new_files_are_not_in_old_files_array_compiled with data set #504" class="Tests_Admin_IncludesUpdateCore" classname="Tests_Admin_IncludesUpdateCore" file="/var/www/html/test/wordpress_test/inpsyde_test/test/wp-content/plugins/plugintestslughere/tests/unit/tests/admin/includesUpdateCore.php" line="31" assertions="1" time="0.023479"/>
          <testcase name="test_new_files_are_not_in_old_files_array_compiled with data set #505" class="Tests_Admin_IncludesUpdateCore" classname="Tests_Admin_IncludesUpdateCore" file="/var/www/html/test/wordpress_test/inpsyde_test/test/wp-content/plugins/plugintestslughere/tests/unit/tests/admin/includesUpdateCore.php" line="31" assertions="1" time="0.021569"/>
          <testcase name="test_new_files_are_not_in_old_files_array_compiled with data set #506" class="Tests_Admin_IncludesUpdateCore" classname="Tests_Admin_IncludesUpdateCore" file="/var/www/html/test/wordpress_test/inpsyde_test/test/wp-content/plugins/plugintestslughere/tests/unit/tests/admin/includesUpdateCore.php" line="31" assertions="1" time="0.025100"/>
          <testcase name="test_new_files_are_not_in_old_files_array_compiled with data set #507" class="Tests_Admin_IncludesUpdateCore" classname="Tests_Admin_IncludesUpdateCore" file="/var/www/html/test/wordpress_test/inpsyde_test/test/wp-content/plugins/plugintestslughere/tests/unit/tests/admin/includesUpdateCore.php" line="31" assertions="1" time="0.021691"/>
          <testcase name="test_new_files_are_not_in_old_files_array_compiled with data set #508" class="Tests_Admin_IncludesUpdateCore" classname="Tests_Admin_IncludesUpdateCore" file="/var/www/html/test/wordpress_test/inpsyde_test/test/wp-content/plugins/plugintestslughere/tests/unit/tests/admin/includesUpdateCore.php" line="31" assertions="1" time="0.021937"/>
          <testcase name="test_new_files_are_not_in_old_files_array_compiled with data set #509" class="Tests_Admin_IncludesUpdateCore" classname="Tests_Admin_IncludesUpdateCore" file="/var/www/html/test/wordpress_test/inpsyde_test/test/wp-content/plugins/plugintestslughere/tests/unit/tests/admin/includesUpdateCore.php" line="31" assertions="1" time="0.022240"/>
          <testcase name="test_new_files_are_not_in_old_files_array_compiled with data set #510" class="Tests_Admin_IncludesUpdateCore" classname="Tests_Admin_IncludesUpdateCore" file="/var/www/html/test/wordpress_test/inpsyde_test/test/wp-content/plugins/plugintestslughere/tests/unit/tests/admin/includesUpdateCore.php" line="31" assertions="1" time="0.021587"/>
          <testcase name="test_new_files_are_not_in_old_files_array_compiled with data set #511" class="Tests_Admin_IncludesUpdateCore" classname="Tests_Admin_IncludesUpdateCore" file="/var/www/html/test/wordpress_test/inpsyde_test/test/wp-content/plugins/plugintestslughere/tests/unit/tests/admin/includesUpdateCore.php" line="31" assertions="1" time="0.023779"/>
          <testcase name="test_new_files_are_not_in_old_files_array_compiled with data set #512" class="Tests_Admin_IncludesUpdateCore" classname="Tests_Admin_IncludesUpdateCore" file="/var/www/html/test/wordpress_test/inpsyde_test/test/wp-content/plugins/plugintestslughere/tests/unit/tests/admin/includesUpdateCore.php" line="31" assertions="1" time="0.021817"/>
          <testcase name="test_new_files_are_not_in_old_files_array_compiled with data set #513" class="Tests_Admin_IncludesUpdateCore" classname="Tests_Admin_IncludesUpdateCore" file="/var/www/html/test/wordpress_test/inpsyde_test/test/wp-content/plugins/plugintestslughere/tests/unit/tests/admin/includesUpdateCore.php" line="31" assertions="1" time="0.022055"/>
          <testcase name="test_new_files_are_not_in_old_files_array_compiled with data set #514" class="Tests_Admin_IncludesUpdateCore" classname="Tests_Admin_IncludesUpdateCore" file="/var/www/html/test/wordpress_test/inpsyde_test/test/wp-content/plugins/plugintestslughere/tests/unit/tests/admin/includesUpdateCore.php" line="31" assertions="1" time="0.032265"/>
          <testcase name="test_new_files_are_not_in_old_files_array_compiled with data set #515" class="Tests_Admin_IncludesUpdateCore" classname="Tests_Admin_IncludesUpdateCore" file="/var/www/html/test/wordpress_test/inpsyde_test/test/wp-content/plugins/plugintestslughere/tests/unit/tests/admin/includesUpdateCore.php" line="31" assertions="1" time="0.022397"/>
          <testcase name="test_new_files_are_not_in_old_files_array_compiled with data set #516" class="Tests_Admin_IncludesUpdateCore" classname="Tests_Admin_IncludesUpdateCore" file="/var/www/html/test/wordpress_test/inpsyde_test/test/wp-content/plugins/plugintestslughere/tests/unit/tests/admin/includesUpdateCore.php" line="31" assertions="1" time="0.022902"/>
          <testcase name="test_new_files_are_not_in_old_files_array_compiled with data set #517" class="Tests_Admin_IncludesUpdateCore" classname="Tests_Admin_IncludesUpdateCore" file="/var/www/html/test/wordpress_test/inpsyde_test/test/wp-content/plugins/plugintestslughere/tests/unit/tests/admin/includesUpdateCore.php" line="31" assertions="1" time="0.022781"/>
          <testcase name="test_new_files_are_not_in_old_files_array_compiled with data set #518" class="Tests_Admin_IncludesUpdateCore" classname="Tests_Admin_IncludesUpdateCore" file="/var/www/html/test/wordpress_test/inpsyde_test/test/wp-content/plugins/plugintestslughere/tests/unit/tests/admin/includesUpdateCore.php" line="31" assertions="1" time="0.024164"/>
          <testcase name="test_new_files_are_not_in_old_files_array_compiled with data set #519" class="Tests_Admin_IncludesUpdateCore" classname="Tests_Admin_IncludesUpdateCore" file="/var/www/html/test/wordpress_test/inpsyde_test/test/wp-content/plugins/plugintestslughere/tests/unit/tests/admin/includesUpdateCore.php" line="31" assertions="1" time="0.021346"/>
          <testcase name="test_new_files_are_not_in_old_files_array_compiled with data set #520" class="Tests_Admin_IncludesUpdateCore" classname="Tests_Admin_IncludesUpdateCore" file="/var/www/html/test/wordpress_test/inpsyde_test/test/wp-content/plugins/plugintestslughere/tests/unit/tests/admin/includesUpdateCore.php" line="31" assertions="1" time="0.022356"/>
          <testcase name="test_new_files_are_not_in_old_files_array_compiled with data set #521" class="Tests_Admin_IncludesUpdateCore" classname="Tests_Admin_IncludesUpdateCore" file="/var/www/html/test/wordpress_test/inpsyde_test/test/wp-content/plugins/plugintestslughere/tests/unit/tests/admin/includesUpdateCore.php" line="31" assertions="1" time="0.023567"/>
          <testcase name="test_new_files_are_not_in_old_files_array_compiled with data set #522" class="Tests_Admin_IncludesUpdateCore" classname="Tests_Admin_IncludesUpdateCore" file="/var/www/html/test/wordpress_test/inpsyde_test/test/wp-content/plugins/plugintestslughere/tests/unit/tests/admin/includesUpdateCore.php" line="31" assertions="1" time="0.022557"/>
          <testcase name="test_new_files_are_not_in_old_files_array_compiled with data set #523" class="Tests_Admin_IncludesUpdateCore" classname="Tests_Admin_IncludesUpdateCore" file="/var/www/html/test/wordpress_test/inpsyde_test/test/wp-content/plugins/plugintestslughere/tests/unit/tests/admin/includesUpdateCore.php" line="31" assertions="1" time="0.021759"/>
          <testcase name="test_new_files_are_not_in_old_files_array_compiled with data set #524" class="Tests_Admin_IncludesUpdateCore" classname="Tests_Admin_IncludesUpdateCore" file="/var/www/html/test/wordpress_test/inpsyde_test/test/wp-content/plugins/plugintestslughere/tests/unit/tests/admin/includesUpdateCore.php" line="31" assertions="1" time="0.033224"/>
          <testcase name="test_new_files_are_not_in_old_files_array_compiled with data set #525" class="Tests_Admin_IncludesUpdateCore" classname="Tests_Admin_IncludesUpdateCore" file="/var/www/html/test/wordpress_test/inpsyde_test/test/wp-content/plugins/plugintestslughere/tests/unit/tests/admin/includesUpdateCore.php" line="31" assertions="1" time="0.021583"/>
          <testcase name="test_new_files_are_not_in_old_files_array_compiled with data set #526" class="Tests_Admin_IncludesUpdateCore" classname="Tests_Admin_IncludesUpdateCore" file="/var/www/html/test/wordpress_test/inpsyde_test/test/wp-content/plugins/plugintestslughere/tests/unit/tests/admin/includesUpdateCore.php" line="31" assertions="1" time="0.021960"/>
          <testcase name="test_new_files_are_not_in_old_files_array_compiled with data set #527" class="Tests_Admin_IncludesUpdateCore" classname="Tests_Admin_IncludesUpdateCore" file="/var/www/html/test/wordpress_test/inpsyde_test/test/wp-content/plugins/plugintestslughere/tests/unit/tests/admin/includesUpdateCore.php" line="31" assertions="1" time="0.022305"/>
          <testcase name="test_new_files_are_not_in_old_files_array_compiled with data set #528" class="Tests_Admin_IncludesUpdateCore" classname="Tests_Admin_IncludesUpdateCore" file="/var/www/html/test/wordpress_test/inpsyde_test/test/wp-content/plugins/plugintestslughere/tests/unit/tests/admin/includesUpdateCore.php" line="31" assertions="1" time="0.020249"/>
          <testcase name="test_new_files_are_not_in_old_files_array_compiled with data set #529" class="Tests_Admin_IncludesUpdateCore" classname="Tests_Admin_IncludesUpdateCore" file="/var/www/html/test/wordpress_test/inpsyde_test/test/wp-content/plugins/plugintestslughere/tests/unit/tests/admin/includesUpdateCore.php" line="31" assertions="1" time="0.022159"/>
          <testcase name="test_new_files_are_not_in_old_files_array_compiled with data set #530" class="Tests_Admin_IncludesUpdateCore" classname="Tests_Admin_IncludesUpdateCore" file="/var/www/html/test/wordpress_test/inpsyde_test/test/wp-content/plugins/plugintestslughere/tests/unit/tests/admin/includesUpdateCore.php" line="31" assertions="1" time="0.022222"/>
          <testcase name="test_new_files_are_not_in_old_files_array_compiled with data set #531" class="Tests_Admin_IncludesUpdateCore" classname="Tests_Admin_IncludesUpdateCore" file="/var/www/html/test/wordpress_test/inpsyde_test/test/wp-content/plugins/plugintestslughere/tests/unit/tests/admin/includesUpdateCore.php" line="31" assertions="1" time="0.022157"/>
          <testcase name="test_new_files_are_not_in_old_files_array_compiled with data set #532" class="Tests_Admin_IncludesUpdateCore" classname="Tests_Admin_IncludesUpdateCore" file="/var/www/html/test/wordpress_test/inpsyde_test/test/wp-content/plugins/plugintestslughere/tests/unit/tests/admin/includesUpdateCore.php" line="31" assertions="1" time="0.021046"/>
          <testcase name="test_new_files_are_not_in_old_files_array_compiled with data set #533" class="Tests_Admin_IncludesUpdateCore" classname="Tests_Admin_IncludesUpdateCore" file="/var/www/html/test/wordpress_test/inpsyde_test/test/wp-content/plugins/plugintestslughere/tests/unit/tests/admin/includesUpdateCore.php" line="31" assertions="1" time="0.022889"/>
          <testcase name="test_new_files_are_not_in_old_files_array_compiled with data set #534" class="Tests_Admin_IncludesUpdateCore" classname="Tests_Admin_IncludesUpdateCore" file="/var/www/html/test/wordpress_test/inpsyde_test/test/wp-content/plugins/plugintestslughere/tests/unit/tests/admin/includesUpdateCore.php" line="31" assertions="1" time="0.023748"/>
          <testcase name="test_new_files_are_not_in_old_files_array_compiled with data set #535" class="Tests_Admin_IncludesUpdateCore" classname="Tests_Admin_IncludesUpdateCore" file="/var/www/html/test/wordpress_test/inpsyde_test/test/wp-content/plugins/plugintestslughere/tests/unit/tests/admin/includesUpdateCore.php" line="31" assertions="1" time="0.021435"/>
          <testcase name="test_new_files_are_not_in_old_files_array_compiled with data set #536" class="Tests_Admin_IncludesUpdateCore" classname="Tests_Admin_IncludesUpdateCore" file="/var/www/html/test/wordpress_test/inpsyde_test/test/wp-content/plugins/plugintestslughere/tests/unit/tests/admin/includesUpdateCore.php" line="31" assertions="1" time="0.023640"/>
          <testcase name="test_new_files_are_not_in_old_files_array_compiled with data set #537" class="Tests_Admin_IncludesUpdateCore" classname="Tests_Admin_IncludesUpdateCore" file="/var/www/html/test/wordpress_test/inpsyde_test/test/wp-content/plugins/plugintestslughere/tests/unit/tests/admin/includesUpdateCore.php" line="31" assertions="1" time="0.022686"/>
          <testcase name="test_new_files_are_not_in_old_files_array_compiled with data set #538" class="Tests_Admin_IncludesUpdateCore" classname="Tests_Admin_IncludesUpdateCore" file="/var/www/html/test/wordpress_test/inpsyde_test/test/wp-content/plugins/plugintestslughere/tests/unit/tests/admin/includesUpdateCore.php" line="31" assertions="1" time="0.021559"/>
          <testcase name="test_new_files_are_not_in_old_files_array_compiled with data set #539" class="Tests_Admin_IncludesUpdateCore" classname="Tests_Admin_IncludesUpdateCore" file="/var/www/html/test/wordpress_test/inpsyde_test/test/wp-content/plugins/plugintestslughere/tests/unit/tests/admin/includesUpdateCore.php" line="31" assertions="1" time="0.024127"/>
          <testcase name="test_new_files_are_not_in_old_files_array_compiled with data set #540" class="Tests_Admin_IncludesUpdateCore" classname="Tests_Admin_IncludesUpdateCore" file="/var/www/html/test/wordpress_test/inpsyde_test/test/wp-content/plugins/plugintestslughere/tests/unit/tests/admin/includesUpdateCore.php" line="31" assertions="1" time="0.021563"/>
          <testcase name="test_new_files_are_not_in_old_files_array_compiled with data set #541" class="Tests_Admin_IncludesUpdateCore" classname="Tests_Admin_IncludesUpdateCore" file="/var/www/html/test/wordpress_test/inpsyde_test/test/wp-content/plugins/plugintestslughere/tests/unit/tests/admin/includesUpdateCore.php" line="31" assertions="1" time="0.022497"/>
          <testcase name="test_new_files_are_not_in_old_files_array_compiled with data set #542" class="Tests_Admin_IncludesUpdateCore" classname="Tests_Admin_IncludesUpdateCore" file="/var/www/html/test/wordpress_test/inpsyde_test/test/wp-content/plugins/plugintestslughere/tests/unit/tests/admin/includesUpdateCore.php" line="31" assertions="1" time="0.023220"/>
          <testcase name="test_new_files_are_not_in_old_files_array_compiled with data set #543" class="Tests_Admin_IncludesUpdateCore" classname="Tests_Admin_IncludesUpdateCore" file="/var/www/html/test/wordpress_test/inpsyde_test/test/wp-content/plugins/plugintestslughere/tests/unit/tests/admin/includesUpdateCore.php" line="31" assertions="1" time="0.029513"/>
          <testcase name="test_new_files_are_not_in_old_files_array_compiled with data set #544" class="Tests_Admin_IncludesUpdateCore" classname="Tests_Admin_IncludesUpdateCore" file="/var/www/html/test/wordpress_test/inpsyde_test/test/wp-content/plugins/plugintestslughere/tests/unit/tests/admin/includesUpdateCore.php" line="31" assertions="1" time="0.026804"/>
          <testcase name="test_new_files_are_not_in_old_files_array_compiled with data set #545" class="Tests_Admin_IncludesUpdateCore" classname="Tests_Admin_IncludesUpdateCore" file="/var/www/html/test/wordpress_test/inpsyde_test/test/wp-content/plugins/plugintestslughere/tests/unit/tests/admin/includesUpdateCore.php" line="31" assertions="1" time="0.032859"/>
          <testcase name="test_new_files_are_not_in_old_files_array_compiled with data set #546" class="Tests_Admin_IncludesUpdateCore" classname="Tests_Admin_IncludesUpdateCore" file="/var/www/html/test/wordpress_test/inpsyde_test/test/wp-content/plugins/plugintestslughere/tests/unit/tests/admin/includesUpdateCore.php" line="31" assertions="1" time="0.039898"/>
          <testcase name="test_new_files_are_not_in_old_files_array_compiled with data set #547" class="Tests_Admin_IncludesUpdateCore" classname="Tests_Admin_IncludesUpdateCore" file="/var/www/html/test/wordpress_test/inpsyde_test/test/wp-content/plugins/plugintestslughere/tests/unit/tests/admin/includesUpdateCore.php" line="31" assertions="1" time="0.038788"/>
          <testcase name="test_new_files_are_not_in_old_files_array_compiled with data set #548" class="Tests_Admin_IncludesUpdateCore" classname="Tests_Admin_IncludesUpdateCore" file="/var/www/html/test/wordpress_test/inpsyde_test/test/wp-content/plugins/plugintestslughere/tests/unit/tests/admin/includesUpdateCore.php" line="31" assertions="1" time="0.037621"/>
          <testcase name="test_new_files_are_not_in_old_files_array_compiled with data set #549" class="Tests_Admin_IncludesUpdateCore" classname="Tests_Admin_IncludesUpdateCore" file="/var/www/html/test/wordpress_test/inpsyde_test/test/wp-content/plugins/plugintestslughere/tests/unit/tests/admin/includesUpdateCore.php" line="31" assertions="1" time="0.037058"/>
          <testcase name="test_new_files_are_not_in_old_files_array_compiled with data set #550" class="Tests_Admin_IncludesUpdateCore" classname="Tests_Admin_IncludesUpdateCore" file="/var/www/html/test/wordpress_test/inpsyde_test/test/wp-content/plugins/plugintestslughere/tests/unit/tests/admin/includesUpdateCore.php" line="31" assertions="1" time="0.039770"/>
          <testcase name="test_new_files_are_not_in_old_files_array_compiled with data set #551" class="Tests_Admin_IncludesUpdateCore" classname="Tests_Admin_IncludesUpdateCore" file="/var/www/html/test/wordpress_test/inpsyde_test/test/wp-content/plugins/plugintestslughere/tests/unit/tests/admin/includesUpdateCore.php" line="31" assertions="1" time="0.038630"/>
          <testcase name="test_new_files_are_not_in_old_files_array_compiled with data set #552" class="Tests_Admin_IncludesUpdateCore" classname="Tests_Admin_IncludesUpdateCore" file="/var/www/html/test/wordpress_test/inpsyde_test/test/wp-content/plugins/plugintestslughere/tests/unit/tests/admin/includesUpdateCore.php" line="31" assertions="1" time="0.066545"/>
          <testcase name="test_new_files_are_not_in_old_files_array_compiled with data set #553" class="Tests_Admin_IncludesUpdateCore" classname="Tests_Admin_IncludesUpdateCore" file="/var/www/html/test/wordpress_test/inpsyde_test/test/wp-content/plugins/plugintestslughere/tests/unit/tests/admin/includesUpdateCore.php" line="31" assertions="1" time="0.036397"/>
          <testcase name="test_new_files_are_not_in_old_files_array_compiled with data set #554" class="Tests_Admin_IncludesUpdateCore" classname="Tests_Admin_IncludesUpdateCore" file="/var/www/html/test/wordpress_test/inpsyde_test/test/wp-content/plugins/plugintestslughere/tests/unit/tests/admin/includesUpdateCore.php" line="31" assertions="1" time="0.039270"/>
          <testcase name="test_new_files_are_not_in_old_files_array_compiled with data set #555" class="Tests_Admin_IncludesUpdateCore" classname="Tests_Admin_IncludesUpdateCore" file="/var/www/html/test/wordpress_test/inpsyde_test/test/wp-content/plugins/plugintestslughere/tests/unit/tests/admin/includesUpdateCore.php" line="31" assertions="1" time="0.046461"/>
          <testcase name="test_new_files_are_not_in_old_files_array_compiled with data set #556" class="Tests_Admin_IncludesUpdateCore" classname="Tests_Admin_IncludesUpdateCore" file="/var/www/html/test/wordpress_test/inpsyde_test/test/wp-content/plugins/plugintestslughere/tests/unit/tests/admin/includesUpdateCore.php" line="31" assertions="1" time="0.040740"/>
          <testcase name="test_new_files_are_not_in_old_files_array_compiled with data set #557" class="Tests_Admin_IncludesUpdateCore" classname="Tests_Admin_IncludesUpdateCore" file="/var/www/html/test/wordpress_test/inpsyde_test/test/wp-content/plugins/plugintestslughere/tests/unit/tests/admin/includesUpdateCore.php" line="31" assertions="1" time="0.041813"/>
          <testcase name="test_new_files_are_not_in_old_files_array_compiled with data set #558" class="Tests_Admin_IncludesUpdateCore" classname="Tests_Admin_IncludesUpdateCore" file="/var/www/html/test/wordpress_test/inpsyde_test/test/wp-content/plugins/plugintestslughere/tests/unit/tests/admin/includesUpdateCore.php" line="31" assertions="1" time="0.025799"/>
          <testcase name="test_new_files_are_not_in_old_files_array_compiled with data set #559" class="Tests_Admin_IncludesUpdateCore" classname="Tests_Admin_IncludesUpdateCore" file="/var/www/html/test/wordpress_test/inpsyde_test/test/wp-content/plugins/plugintestslughere/tests/unit/tests/admin/includesUpdateCore.php" line="31" assertions="1" time="0.024978"/>
          <testcase name="test_new_files_are_not_in_old_files_array_compiled with data set #560" class="Tests_Admin_IncludesUpdateCore" classname="Tests_Admin_IncludesUpdateCore" file="/var/www/html/test/wordpress_test/inpsyde_test/test/wp-content/plugins/plugintestslughere/tests/unit/tests/admin/includesUpdateCore.php" line="31" assertions="1" time="0.024171"/>
          <testcase name="test_new_files_are_not_in_old_files_array_compiled with data set #561" class="Tests_Admin_IncludesUpdateCore" classname="Tests_Admin_IncludesUpdateCore" file="/var/www/html/test/wordpress_test/inpsyde_test/test/wp-content/plugins/plugintestslughere/tests/unit/tests/admin/includesUpdateCore.php" line="31" assertions="1" time="0.026087"/>
          <testcase name="test_new_files_are_not_in_old_files_array_compiled with data set #562" class="Tests_Admin_IncludesUpdateCore" classname="Tests_Admin_IncludesUpdateCore" file="/var/www/html/test/wordpress_test/inpsyde_test/test/wp-content/plugins/plugintestslughere/tests/unit/tests/admin/includesUpdateCore.php" line="31" assertions="1" time="0.030576"/>
          <testcase name="test_new_files_are_not_in_old_files_array_compiled with data set #563" class="Tests_Admin_IncludesUpdateCore" classname="Tests_Admin_IncludesUpdateCore" file="/var/www/html/test/wordpress_test/inpsyde_test/test/wp-content/plugins/plugintestslughere/tests/unit/tests/admin/includesUpdateCore.php" line="31" assertions="1" time="0.024873"/>
          <testcase name="test_new_files_are_not_in_old_files_array_compiled with data set #564" class="Tests_Admin_IncludesUpdateCore" classname="Tests_Admin_IncludesUpdateCore" file="/var/www/html/test/wordpress_test/inpsyde_test/test/wp-content/plugins/plugintestslughere/tests/unit/tests/admin/includesUpdateCore.php" line="31" assertions="1" time="0.029116"/>
          <testcase name="test_new_files_are_not_in_old_files_array_compiled with data set #565" class="Tests_Admin_IncludesUpdateCore" classname="Tests_Admin_IncludesUpdateCore" file="/var/www/html/test/wordpress_test/inpsyde_test/test/wp-content/plugins/plugintestslughere/tests/unit/tests/admin/includesUpdateCore.php" line="31" assertions="1" time="0.039016"/>
          <testcase name="test_new_files_are_not_in_old_files_array_compiled with data set #566" class="Tests_Admin_IncludesUpdateCore" classname="Tests_Admin_IncludesUpdateCore" file="/var/www/html/test/wordpress_test/inpsyde_test/test/wp-content/plugins/plugintestslughere/tests/unit/tests/admin/includesUpdateCore.php" line="31" assertions="1" time="0.032822"/>
          <testcase name="test_new_files_are_not_in_old_files_array_compiled with data set #567" class="Tests_Admin_IncludesUpdateCore" classname="Tests_Admin_IncludesUpdateCore" file="/var/www/html/test/wordpress_test/inpsyde_test/test/wp-content/plugins/plugintestslughere/tests/unit/tests/admin/includesUpdateCore.php" line="31" assertions="1" time="0.033484"/>
          <testcase name="test_new_files_are_not_in_old_files_array_compiled with data set #568" class="Tests_Admin_IncludesUpdateCore" classname="Tests_Admin_IncludesUpdateCore" file="/var/www/html/test/wordpress_test/inpsyde_test/test/wp-content/plugins/plugintestslughere/tests/unit/tests/admin/includesUpdateCore.php" line="31" assertions="1" time="0.028931"/>
          <testcase name="test_new_files_are_not_in_old_files_array_compiled with data set #569" class="Tests_Admin_IncludesUpdateCore" classname="Tests_Admin_IncludesUpdateCore" file="/var/www/html/test/wordpress_test/inpsyde_test/test/wp-content/plugins/plugintestslughere/tests/unit/tests/admin/includesUpdateCore.php" line="31" assertions="1" time="0.026073"/>
          <testcase name="test_new_files_are_not_in_old_files_array_compiled with data set #570" class="Tests_Admin_IncludesUpdateCore" classname="Tests_Admin_IncludesUpdateCore" file="/var/www/html/test/wordpress_test/inpsyde_test/test/wp-content/plugins/plugintestslughere/tests/unit/tests/admin/includesUpdateCore.php" line="31" assertions="1" time="0.032095"/>
          <testcase name="test_new_files_are_not_in_old_files_array_compiled with data set #571" class="Tests_Admin_IncludesUpdateCore" classname="Tests_Admin_IncludesUpdateCore" file="/var/www/html/test/wordpress_test/inpsyde_test/test/wp-content/plugins/plugintestslughere/tests/unit/tests/admin/includesUpdateCore.php" line="31" assertions="1" time="0.023653"/>
          <testcase name="test_new_files_are_not_in_old_files_array_compiled with data set #572" class="Tests_Admin_IncludesUpdateCore" classname="Tests_Admin_IncludesUpdateCore" file="/var/www/html/test/wordpress_test/inpsyde_test/test/wp-content/plugins/plugintestslughere/tests/unit/tests/admin/includesUpdateCore.php" line="31" assertions="1" time="0.024407"/>
          <testcase name="test_new_files_are_not_in_old_files_array_compiled with data set #573" class="Tests_Admin_IncludesUpdateCore" classname="Tests_Admin_IncludesUpdateCore" file="/var/www/html/test/wordpress_test/inpsyde_test/test/wp-content/plugins/plugintestslughere/tests/unit/tests/admin/includesUpdateCore.php" line="31" assertions="1" time="0.024539"/>
          <testcase name="test_new_files_are_not_in_old_files_array_compiled with data set #574" class="Tests_Admin_IncludesUpdateCore" classname="Tests_Admin_IncludesUpdateCore" file="/var/www/html/test/wordpress_test/inpsyde_test/test/wp-content/plugins/plugintestslughere/tests/unit/tests/admin/includesUpdateCore.php" line="31" assertions="1" time="0.026204"/>
          <testcase name="test_new_files_are_not_in_old_files_array_compiled with data set #575" class="Tests_Admin_IncludesUpdateCore" classname="Tests_Admin_IncludesUpdateCore" file="/var/www/html/test/wordpress_test/inpsyde_test/test/wp-content/plugins/plugintestslughere/tests/unit/tests/admin/includesUpdateCore.php" line="31" assertions="1" time="0.023225"/>
          <testcase name="test_new_files_are_not_in_old_files_array_compiled with data set #576" class="Tests_Admin_IncludesUpdateCore" classname="Tests_Admin_IncludesUpdateCore" file="/var/www/html/test/wordpress_test/inpsyde_test/test/wp-content/plugins/plugintestslughere/tests/unit/tests/admin/includesUpdateCore.php" line="31" assertions="1" time="0.024150"/>
          <testcase name="test_new_files_are_not_in_old_files_array_compiled with data set #577" class="Tests_Admin_IncludesUpdateCore" classname="Tests_Admin_IncludesUpdateCore" file="/var/www/html/test/wordpress_test/inpsyde_test/test/wp-content/plugins/plugintestslughere/tests/unit/tests/admin/includesUpdateCore.php" line="31" assertions="1" time="0.023416"/>
          <testcase name="test_new_files_are_not_in_old_files_array_compiled with data set #578" class="Tests_Admin_IncludesUpdateCore" classname="Tests_Admin_IncludesUpdateCore" file="/var/www/html/test/wordpress_test/inpsyde_test/test/wp-content/plugins/plugintestslughere/tests/unit/tests/admin/includesUpdateCore.php" line="31" assertions="1" time="0.022862"/>
          <testcase name="test_new_files_are_not_in_old_files_array_compiled with data set #579" class="Tests_Admin_IncludesUpdateCore" classname="Tests_Admin_IncludesUpdateCore" file="/var/www/html/test/wordpress_test/inpsyde_test/test/wp-content/plugins/plugintestslughere/tests/unit/tests/admin/includesUpdateCore.php" line="31" assertions="1" time="0.030353"/>
          <testcase name="test_new_files_are_not_in_old_files_array_compiled with data set #580" class="Tests_Admin_IncludesUpdateCore" classname="Tests_Admin_IncludesUpdateCore" file="/var/www/html/test/wordpress_test/inpsyde_test/test/wp-content/plugins/plugintestslughere/tests/unit/tests/admin/includesUpdateCore.php" line="31" assertions="1" time="0.029919"/>
          <testcase name="test_new_files_are_not_in_old_files_array_compiled with data set #581" class="Tests_Admin_IncludesUpdateCore" classname="Tests_Admin_IncludesUpdateCore" file="/var/www/html/test/wordpress_test/inpsyde_test/test/wp-content/plugins/plugintestslughere/tests/unit/tests/admin/includesUpdateCore.php" line="31" assertions="1" time="0.027912"/>
          <testcase name="test_new_files_are_not_in_old_files_array_compiled with data set #582" class="Tests_Admin_IncludesUpdateCore" classname="Tests_Admin_IncludesUpdateCore" file="/var/www/html/test/wordpress_test/inpsyde_test/test/wp-content/plugins/plugintestslughere/tests/unit/tests/admin/includesUpdateCore.php" line="31" assertions="1" time="0.029588"/>
          <testcase name="test_new_files_are_not_in_old_files_array_compiled with data set #583" class="Tests_Admin_IncludesUpdateCore" classname="Tests_Admin_IncludesUpdateCore" file="/var/www/html/test/wordpress_test/inpsyde_test/test/wp-content/plugins/plugintestslughere/tests/unit/tests/admin/includesUpdateCore.php" line="31" assertions="1" time="0.029147"/>
          <testcase name="test_new_files_are_not_in_old_files_array_compiled with data set #584" class="Tests_Admin_IncludesUpdateCore" classname="Tests_Admin_IncludesUpdateCore" file="/var/www/html/test/wordpress_test/inpsyde_test/test/wp-content/plugins/plugintestslughere/tests/unit/tests/admin/includesUpdateCore.php" line="31" assertions="1" time="0.022547"/>
          <testcase name="test_new_files_are_not_in_old_files_array_compiled with data set #585" class="Tests_Admin_IncludesUpdateCore" classname="Tests_Admin_IncludesUpdateCore" file="/var/www/html/test/wordpress_test/inpsyde_test/test/wp-content/plugins/plugintestslughere/tests/unit/tests/admin/includesUpdateCore.php" line="31" assertions="1" time="0.023745"/>
          <testcase name="test_new_files_are_not_in_old_files_array_compiled with data set #586" class="Tests_Admin_IncludesUpdateCore" classname="Tests_Admin_IncludesUpdateCore" file="/var/www/html/test/wordpress_test/inpsyde_test/test/wp-content/plugins/plugintestslughere/tests/unit/tests/admin/includesUpdateCore.php" line="31" assertions="1" time="0.021149"/>
          <testcase name="test_new_files_are_not_in_old_files_array_compiled with data set #587" class="Tests_Admin_IncludesUpdateCore" classname="Tests_Admin_IncludesUpdateCore" file="/var/www/html/test/wordpress_test/inpsyde_test/test/wp-content/plugins/plugintestslughere/tests/unit/tests/admin/includesUpdateCore.php" line="31" assertions="1" time="0.042240"/>
          <testcase name="test_new_files_are_not_in_old_files_array_compiled with data set #588" class="Tests_Admin_IncludesUpdateCore" classname="Tests_Admin_IncludesUpdateCore" file="/var/www/html/test/wordpress_test/inpsyde_test/test/wp-content/plugins/plugintestslughere/tests/unit/tests/admin/includesUpdateCore.php" line="31" assertions="1" time="0.024144"/>
          <testcase name="test_new_files_are_not_in_old_files_array_compiled with data set #589" class="Tests_Admin_IncludesUpdateCore" classname="Tests_Admin_IncludesUpdateCore" file="/var/www/html/test/wordpress_test/inpsyde_test/test/wp-content/plugins/plugintestslughere/tests/unit/tests/admin/includesUpdateCore.php" line="31" assertions="1" time="0.021330"/>
          <testcase name="test_new_files_are_not_in_old_files_array_compiled with data set #590" class="Tests_Admin_IncludesUpdateCore" classname="Tests_Admin_IncludesUpdateCore" file="/var/www/html/test/wordpress_test/inpsyde_test/test/wp-content/plugins/plugintestslughere/tests/unit/tests/admin/includesUpdateCore.php" line="31" assertions="1" time="0.022234"/>
          <testcase name="test_new_files_are_not_in_old_files_array_compiled with data set #591" class="Tests_Admin_IncludesUpdateCore" classname="Tests_Admin_IncludesUpdateCore" file="/var/www/html/test/wordpress_test/inpsyde_test/test/wp-content/plugins/plugintestslughere/tests/unit/tests/admin/includesUpdateCore.php" line="31" assertions="1" time="0.022648"/>
          <testcase name="test_new_files_are_not_in_old_files_array_compiled with data set #592" class="Tests_Admin_IncludesUpdateCore" classname="Tests_Admin_IncludesUpdateCore" file="/var/www/html/test/wordpress_test/inpsyde_test/test/wp-content/plugins/plugintestslughere/tests/unit/tests/admin/includesUpdateCore.php" line="31" assertions="1" time="0.022990"/>
          <testcase name="test_new_files_are_not_in_old_files_array_compiled with data set #593" class="Tests_Admin_IncludesUpdateCore" classname="Tests_Admin_IncludesUpdateCore" file="/var/www/html/test/wordpress_test/inpsyde_test/test/wp-content/plugins/plugintestslughere/tests/unit/tests/admin/includesUpdateCore.php" line="31" assertions="1" time="0.023361"/>
          <testcase name="test_new_files_are_not_in_old_files_array_compiled with data set #594" class="Tests_Admin_IncludesUpdateCore" classname="Tests_Admin_IncludesUpdateCore" file="/var/www/html/test/wordpress_test/inpsyde_test/test/wp-content/plugins/plugintestslughere/tests/unit/tests/admin/includesUpdateCore.php" line="31" assertions="1" time="0.023169"/>
          <testcase name="test_new_files_are_not_in_old_files_array_compiled with data set #595" class="Tests_Admin_IncludesUpdateCore" classname="Tests_Admin_IncludesUpdateCore" file="/var/www/html/test/wordpress_test/inpsyde_test/test/wp-content/plugins/plugintestslughere/tests/unit/tests/admin/includesUpdateCore.php" line="31" assertions="1" time="0.026104"/>
          <testcase name="test_new_files_are_not_in_old_files_array_compiled with data set #596" class="Tests_Admin_IncludesUpdateCore" classname="Tests_Admin_IncludesUpdateCore" file="/var/www/html/test/wordpress_test/inpsyde_test/test/wp-content/plugins/plugintestslughere/tests/unit/tests/admin/includesUpdateCore.php" line="31" assertions="1" time="0.024212"/>
          <testcase name="test_new_files_are_not_in_old_files_array_compiled with data set #597" class="Tests_Admin_IncludesUpdateCore" classname="Tests_Admin_IncludesUpdateCore" file="/var/www/html/test/wordpress_test/inpsyde_test/test/wp-content/plugins/plugintestslughere/tests/unit/tests/admin/includesUpdateCore.php" line="31" assertions="1" time="0.021338"/>
          <testcase name="test_new_files_are_not_in_old_files_array_compiled with data set #598" class="Tests_Admin_IncludesUpdateCore" classname="Tests_Admin_IncludesUpdateCore" file="/var/www/html/test/wordpress_test/inpsyde_test/test/wp-content/plugins/plugintestslughere/tests/unit/tests/admin/includesUpdateCore.php" line="31" assertions="1" time="0.022882"/>
          <testcase name="test_new_files_are_not_in_old_files_array_compiled with data set #599" class="Tests_Admin_IncludesUpdateCore" classname="Tests_Admin_IncludesUpdateCore" file="/var/www/html/test/wordpress_test/inpsyde_test/test/wp-content/plugins/plugintestslughere/tests/unit/tests/admin/includesUpdateCore.php" line="31" assertions="1" time="0.024407"/>
          <testcase name="test_new_files_are_not_in_old_files_array_compiled with data set #600" class="Tests_Admin_IncludesUpdateCore" classname="Tests_Admin_IncludesUpdateCore" file="/var/www/html/test/wordpress_test/inpsyde_test/test/wp-content/plugins/plugintestslughere/tests/unit/tests/admin/includesUpdateCore.php" line="31" assertions="1" time="0.021786"/>
          <testcase name="test_new_files_are_not_in_old_files_array_compiled with data set #601" class="Tests_Admin_IncludesUpdateCore" classname="Tests_Admin_IncludesUpdateCore" file="/var/www/html/test/wordpress_test/inpsyde_test/test/wp-content/plugins/plugintestslughere/tests/unit/tests/admin/includesUpdateCore.php" line="31" assertions="1" time="0.025252"/>
          <testcase name="test_new_files_are_not_in_old_files_array_compiled with data set #602" class="Tests_Admin_IncludesUpdateCore" classname="Tests_Admin_IncludesUpdateCore" file="/var/www/html/test/wordpress_test/inpsyde_test/test/wp-content/plugins/plugintestslughere/tests/unit/tests/admin/includesUpdateCore.php" line="31" assertions="1" time="0.022475"/>
          <testcase name="test_new_files_are_not_in_old_files_array_compiled with data set #603" class="Tests_Admin_IncludesUpdateCore" classname="Tests_Admin_IncludesUpdateCore" file="/var/www/html/test/wordpress_test/inpsyde_test/test/wp-content/plugins/plugintestslughere/tests/unit/tests/admin/includesUpdateCore.php" line="31" assertions="1" time="0.022473"/>
          <testcase name="test_new_files_are_not_in_old_files_array_compiled with data set #604" class="Tests_Admin_IncludesUpdateCore" classname="Tests_Admin_IncludesUpdateCore" file="/var/www/html/test/wordpress_test/inpsyde_test/test/wp-content/plugins/plugintestslughere/tests/unit/tests/admin/includesUpdateCore.php" line="31" assertions="1" time="0.024135"/>
          <testcase name="test_new_files_are_not_in_old_files_array_compiled with data set #605" class="Tests_Admin_IncludesUpdateCore" classname="Tests_Admin_IncludesUpdateCore" file="/var/www/html/test/wordpress_test/inpsyde_test/test/wp-content/plugins/plugintestslughere/tests/unit/tests/admin/includesUpdateCore.php" line="31" assertions="1" time="0.023319"/>
          <testcase name="test_new_files_are_not_in_old_files_array_compiled with data set #606" class="Tests_Admin_IncludesUpdateCore" classname="Tests_Admin_IncludesUpdateCore" file="/var/www/html/test/wordpress_test/inpsyde_test/test/wp-content/plugins/plugintestslughere/tests/unit/tests/admin/includesUpdateCore.php" line="31" assertions="1" time="0.021467"/>
          <testcase name="test_new_files_are_not_in_old_files_array_compiled with data set #607" class="Tests_Admin_IncludesUpdateCore" classname="Tests_Admin_IncludesUpdateCore" file="/var/www/html/test/wordpress_test/inpsyde_test/test/wp-content/plugins/plugintestslughere/tests/unit/tests/admin/includesUpdateCore.php" line="31" assertions="1" time="0.022425"/>
          <testcase name="test_new_files_are_not_in_old_files_array_compiled with data set #608" class="Tests_Admin_IncludesUpdateCore" classname="Tests_Admin_IncludesUpdateCore" file="/var/www/html/test/wordpress_test/inpsyde_test/test/wp-content/plugins/plugintestslughere/tests/unit/tests/admin/includesUpdateCore.php" line="31" assertions="1" time="0.023019"/>
          <testcase name="test_new_files_are_not_in_old_files_array_compiled with data set #609" class="Tests_Admin_IncludesUpdateCore" classname="Tests_Admin_IncludesUpdateCore" file="/var/www/html/test/wordpress_test/inpsyde_test/test/wp-content/plugins/plugintestslughere/tests/unit/tests/admin/includesUpdateCore.php" line="31" assertions="1" time="0.022392"/>
          <testcase name="test_new_files_are_not_in_old_files_array_compiled with data set #610" class="Tests_Admin_IncludesUpdateCore" classname="Tests_Admin_IncludesUpdateCore" file="/var/www/html/test/wordpress_test/inpsyde_test/test/wp-content/plugins/plugintestslughere/tests/unit/tests/admin/includesUpdateCore.php" line="31" assertions="1" time="0.021430"/>
          <testcase name="test_new_files_are_not_in_old_files_array_compiled with data set #611" class="Tests_Admin_IncludesUpdateCore" classname="Tests_Admin_IncludesUpdateCore" file="/var/www/html/test/wordpress_test/inpsyde_test/test/wp-content/plugins/plugintestslughere/tests/unit/tests/admin/includesUpdateCore.php" line="31" assertions="1" time="0.022305"/>
          <testcase name="test_new_files_are_not_in_old_files_array_compiled with data set #612" class="Tests_Admin_IncludesUpdateCore" classname="Tests_Admin_IncludesUpdateCore" file="/var/www/html/test/wordpress_test/inpsyde_test/test/wp-content/plugins/plugintestslughere/tests/unit/tests/admin/includesUpdateCore.php" line="31" assertions="1" time="0.022664"/>
          <testcase name="test_new_files_are_not_in_old_files_array_compiled with data set #613" class="Tests_Admin_IncludesUpdateCore" classname="Tests_Admin_IncludesUpdateCore" file="/var/www/html/test/wordpress_test/inpsyde_test/test/wp-content/plugins/plugintestslughere/tests/unit/tests/admin/includesUpdateCore.php" line="31" assertions="1" time="0.020615"/>
          <testcase name="test_new_files_are_not_in_old_files_array_compiled with data set #614" class="Tests_Admin_IncludesUpdateCore" classname="Tests_Admin_IncludesUpdateCore" file="/var/www/html/test/wordpress_test/inpsyde_test/test/wp-content/plugins/plugintestslughere/tests/unit/tests/admin/includesUpdateCore.php" line="31" assertions="1" time="0.024261"/>
          <testcase name="test_new_files_are_not_in_old_files_array_compiled with data set #615" class="Tests_Admin_IncludesUpdateCore" classname="Tests_Admin_IncludesUpdateCore" file="/var/www/html/test/wordpress_test/inpsyde_test/test/wp-content/plugins/plugintestslughere/tests/unit/tests/admin/includesUpdateCore.php" line="31" assertions="1" time="0.024871"/>
          <testcase name="test_new_files_are_not_in_old_files_array_compiled with data set #616" class="Tests_Admin_IncludesUpdateCore" classname="Tests_Admin_IncludesUpdateCore" file="/var/www/html/test/wordpress_test/inpsyde_test/test/wp-content/plugins/plugintestslughere/tests/unit/tests/admin/includesUpdateCore.php" line="31" assertions="1" time="0.023871"/>
          <testcase name="test_new_files_are_not_in_old_files_array_compiled with data set #617" class="Tests_Admin_IncludesUpdateCore" classname="Tests_Admin_IncludesUpdateCore" file="/var/www/html/test/wordpress_test/inpsyde_test/test/wp-content/plugins/plugintestslughere/tests/unit/tests/admin/includesUpdateCore.php" line="31" assertions="1" time="0.024063"/>
          <testcase name="test_new_files_are_not_in_old_files_array_compiled with data set #618" class="Tests_Admin_IncludesUpdateCore" classname="Tests_Admin_IncludesUpdateCore" file="/var/www/html/test/wordpress_test/inpsyde_test/test/wp-content/plugins/plugintestslughere/tests/unit/tests/admin/includesUpdateCore.php" line="31" assertions="1" time="0.023211"/>
          <testcase name="test_new_files_are_not_in_old_files_array_compiled with data set #619" class="Tests_Admin_IncludesUpdateCore" classname="Tests_Admin_IncludesUpdateCore" file="/var/www/html/test/wordpress_test/inpsyde_test/test/wp-content/plugins/plugintestslughere/tests/unit/tests/admin/includesUpdateCore.php" line="31" assertions="1" time="0.022479"/>
          <testcase name="test_new_files_are_not_in_old_files_array_compiled with data set #620" class="Tests_Admin_IncludesUpdateCore" classname="Tests_Admin_IncludesUpdateCore" file="/var/www/html/test/wordpress_test/inpsyde_test/test/wp-content/plugins/plugintestslughere/tests/unit/tests/admin/includesUpdateCore.php" line="31" assertions="1" time="0.024130"/>
          <testcase name="test_new_files_are_not_in_old_files_array_compiled with data set #621" class="Tests_Admin_IncludesUpdateCore" classname="Tests_Admin_IncludesUpdateCore" file="/var/www/html/test/wordpress_test/inpsyde_test/test/wp-content/plugins/plugintestslughere/tests/unit/tests/admin/includesUpdateCore.php" line="31" assertions="1" time="0.023301"/>
          <testcase name="test_new_files_are_not_in_old_files_array_compiled with data set #622" class="Tests_Admin_IncludesUpdateCore" classname="Tests_Admin_IncludesUpdateCore" file="/var/www/html/test/wordpress_test/inpsyde_test/test/wp-content/plugins/plugintestslughere/tests/unit/tests/admin/includesUpdateCore.php" line="31" assertions="1" time="0.024759"/>
          <testcase name="test_new_files_are_not_in_old_files_array_compiled with data set #623" class="Tests_Admin_IncludesUpdateCore" classname="Tests_Admin_IncludesUpdateCore" file="/var/www/html/test/wordpress_test/inpsyde_test/test/wp-content/plugins/plugintestslughere/tests/unit/tests/admin/includesUpdateCore.php" line="31" assertions="1" time="0.025359"/>
          <testcase name="test_new_files_are_not_in_old_files_array_compiled with data set #624" class="Tests_Admin_IncludesUpdateCore" classname="Tests_Admin_IncludesUpdateCore" file="/var/www/html/test/wordpress_test/inpsyde_test/test/wp-content/plugins/plugintestslughere/tests/unit/tests/admin/includesUpdateCore.php" line="31" assertions="1" time="0.023553"/>
          <testcase name="test_new_files_are_not_in_old_files_array_compiled with data set #625" class="Tests_Admin_IncludesUpdateCore" classname="Tests_Admin_IncludesUpdateCore" file="/var/www/html/test/wordpress_test/inpsyde_test/test/wp-content/plugins/plugintestslughere/tests/unit/tests/admin/includesUpdateCore.php" line="31" assertions="1" time="0.023802"/>
          <testcase name="test_new_files_are_not_in_old_files_array_compiled with data set #626" class="Tests_Admin_IncludesUpdateCore" classname="Tests_Admin_IncludesUpdateCore" file="/var/www/html/test/wordpress_test/inpsyde_test/test/wp-content/plugins/plugintestslughere/tests/unit/tests/admin/includesUpdateCore.php" line="31" assertions="1" time="0.024785"/>
          <testcase name="test_new_files_are_not_in_old_files_array_compiled with data set #627" class="Tests_Admin_IncludesUpdateCore" classname="Tests_Admin_IncludesUpdateCore" file="/var/www/html/test/wordpress_test/inpsyde_test/test/wp-content/plugins/plugintestslughere/tests/unit/tests/admin/includesUpdateCore.php" line="31" assertions="1" time="0.022936"/>
          <testcase name="test_new_files_are_not_in_old_files_array_compiled with data set #628" class="Tests_Admin_IncludesUpdateCore" classname="Tests_Admin_IncludesUpdateCore" file="/var/www/html/test/wordpress_test/inpsyde_test/test/wp-content/plugins/plugintestslughere/tests/unit/tests/admin/includesUpdateCore.php" line="31" assertions="1" time="0.023309"/>
          <testcase name="test_new_files_are_not_in_old_files_array_compiled with data set #629" class="Tests_Admin_IncludesUpdateCore" classname="Tests_Admin_IncludesUpdateCore" file="/var/www/html/test/wordpress_test/inpsyde_test/test/wp-content/plugins/plugintestslughere/tests/unit/tests/admin/includesUpdateCore.php" line="31" assertions="1" time="0.024401"/>
          <testcase name="test_new_files_are_not_in_old_files_array_compiled with data set #630" class="Tests_Admin_IncludesUpdateCore" classname="Tests_Admin_IncludesUpdateCore" file="/var/www/html/test/wordpress_test/inpsyde_test/test/wp-content/plugins/plugintestslughere/tests/unit/tests/admin/includesUpdateCore.php" line="31" assertions="1" time="0.029953"/>
          <testcase name="test_new_files_are_not_in_old_files_array_compiled with data set #631" class="Tests_Admin_IncludesUpdateCore" classname="Tests_Admin_IncludesUpdateCore" file="/var/www/html/test/wordpress_test/inpsyde_test/test/wp-content/plugins/plugintestslughere/tests/unit/tests/admin/includesUpdateCore.php" line="31" assertions="1" time="0.025898"/>
          <testcase name="test_new_files_are_not_in_old_files_array_compiled with data set #632" class="Tests_Admin_IncludesUpdateCore" classname="Tests_Admin_IncludesUpdateCore" file="/var/www/html/test/wordpress_test/inpsyde_test/test/wp-content/plugins/plugintestslughere/tests/unit/tests/admin/includesUpdateCore.php" line="31" assertions="1" time="0.022560"/>
          <testcase name="test_new_files_are_not_in_old_files_array_compiled with data set #633" class="Tests_Admin_IncludesUpdateCore" classname="Tests_Admin_IncludesUpdateCore" file="/var/www/html/test/wordpress_test/inpsyde_test/test/wp-content/plugins/plugintestslughere/tests/unit/tests/admin/includesUpdateCore.php" line="31" assertions="1" time="0.023088"/>
          <testcase name="test_new_files_are_not_in_old_files_array_compiled with data set #634" class="Tests_Admin_IncludesUpdateCore" classname="Tests_Admin_IncludesUpdateCore" file="/var/www/html/test/wordpress_test/inpsyde_test/test/wp-content/plugins/plugintestslughere/tests/unit/tests/admin/includesUpdateCore.php" line="31" assertions="1" time="0.023506"/>
          <testcase name="test_new_files_are_not_in_old_files_array_compiled with data set #635" class="Tests_Admin_IncludesUpdateCore" classname="Tests_Admin_IncludesUpdateCore" file="/var/www/html/test/wordpress_test/inpsyde_test/test/wp-content/plugins/plugintestslughere/tests/unit/tests/admin/includesUpdateCore.php" line="31" assertions="1" time="0.021770"/>
          <testcase name="test_new_files_are_not_in_old_files_array_compiled with data set #636" class="Tests_Admin_IncludesUpdateCore" classname="Tests_Admin_IncludesUpdateCore" file="/var/www/html/test/wordpress_test/inpsyde_test/test/wp-content/plugins/plugintestslughere/tests/unit/tests/admin/includesUpdateCore.php" line="31" assertions="1" time="0.022148"/>
          <testcase name="test_new_files_are_not_in_old_files_array_compiled with data set #637" class="Tests_Admin_IncludesUpdateCore" classname="Tests_Admin_IncludesUpdateCore" file="/var/www/html/test/wordpress_test/inpsyde_test/test/wp-content/plugins/plugintestslughere/tests/unit/tests/admin/includesUpdateCore.php" line="31" assertions="1" time="0.023705"/>
          <testcase name="test_new_files_are_not_in_old_files_array_compiled with data set #638" class="Tests_Admin_IncludesUpdateCore" classname="Tests_Admin_IncludesUpdateCore" file="/var/www/html/test/wordpress_test/inpsyde_test/test/wp-content/plugins/plugintestslughere/tests/unit/tests/admin/includesUpdateCore.php" line="31" assertions="1" time="0.022585"/>
          <testcase name="test_new_files_are_not_in_old_files_array_compiled with data set #639" class="Tests_Admin_IncludesUpdateCore" classname="Tests_Admin_IncludesUpdateCore" file="/var/www/html/test/wordpress_test/inpsyde_test/test/wp-content/plugins/plugintestslughere/tests/unit/tests/admin/includesUpdateCore.php" line="31" assertions="1" time="0.022909"/>
          <testcase name="test_new_files_are_not_in_old_files_array_compiled with data set #640" class="Tests_Admin_IncludesUpdateCore" classname="Tests_Admin_IncludesUpdateCore" file="/var/www/html/test/wordpress_test/inpsyde_test/test/wp-content/plugins/plugintestslughere/tests/unit/tests/admin/includesUpdateCore.php" line="31" assertions="1" time="0.022426"/>
          <testcase name="test_new_files_are_not_in_old_files_array_compiled with data set #641" class="Tests_Admin_IncludesUpdateCore" classname="Tests_Admin_IncludesUpdateCore" file="/var/www/html/test/wordpress_test/inpsyde_test/test/wp-content/plugins/plugintestslughere/tests/unit/tests/admin/includesUpdateCore.php" line="31" assertions="1" time="0.026694"/>
          <testcase name="test_new_files_are_not_in_old_files_array_compiled with data set #642" class="Tests_Admin_IncludesUpdateCore" classname="Tests_Admin_IncludesUpdateCore" file="/var/www/html/test/wordpress_test/inpsyde_test/test/wp-content/plugins/plugintestslughere/tests/unit/tests/admin/includesUpdateCore.php" line="31" assertions="1" time="0.053407"/>
          <testcase name="test_new_files_are_not_in_old_files_array_compiled with data set #643" class="Tests_Admin_IncludesUpdateCore" classname="Tests_Admin_IncludesUpdateCore" file="/var/www/html/test/wordpress_test/inpsyde_test/test/wp-content/plugins/plugintestslughere/tests/unit/tests/admin/includesUpdateCore.php" line="31" assertions="1" time="0.027674"/>
          <testcase name="test_new_files_are_not_in_old_files_array_compiled with data set #644" class="Tests_Admin_IncludesUpdateCore" classname="Tests_Admin_IncludesUpdateCore" file="/var/www/html/test/wordpress_test/inpsyde_test/test/wp-content/plugins/plugintestslughere/tests/unit/tests/admin/includesUpdateCore.php" line="31" assertions="1" time="0.027970"/>
          <testcase name="test_new_files_are_not_in_old_files_array_compiled with data set #645" class="Tests_Admin_IncludesUpdateCore" classname="Tests_Admin_IncludesUpdateCore" file="/var/www/html/test/wordpress_test/inpsyde_test/test/wp-content/plugins/plugintestslughere/tests/unit/tests/admin/includesUpdateCore.php" line="31" assertions="1" time="0.025201"/>
          <testcase name="test_new_files_are_not_in_old_files_array_compiled with data set #646" class="Tests_Admin_IncludesUpdateCore" classname="Tests_Admin_IncludesUpdateCore" file="/var/www/html/test/wordpress_test/inpsyde_test/test/wp-content/plugins/plugintestslughere/tests/unit/tests/admin/includesUpdateCore.php" line="31" assertions="1" time="0.028735"/>
          <testcase name="test_new_files_are_not_in_old_files_array_compiled with data set #647" class="Tests_Admin_IncludesUpdateCore" classname="Tests_Admin_IncludesUpdateCore" file="/var/www/html/test/wordpress_test/inpsyde_test/test/wp-content/plugins/plugintestslughere/tests/unit/tests/admin/includesUpdateCore.php" line="31" assertions="1" time="0.026650"/>
          <testcase name="test_new_files_are_not_in_old_files_array_compiled with data set #648" class="Tests_Admin_IncludesUpdateCore" classname="Tests_Admin_IncludesUpdateCore" file="/var/www/html/test/wordpress_test/inpsyde_test/test/wp-content/plugins/plugintestslughere/tests/unit/tests/admin/includesUpdateCore.php" line="31" assertions="1" time="0.023432"/>
          <testcase name="test_new_files_are_not_in_old_files_array_compiled with data set #649" class="Tests_Admin_IncludesUpdateCore" classname="Tests_Admin_IncludesUpdateCore" file="/var/www/html/test/wordpress_test/inpsyde_test/test/wp-content/plugins/plugintestslughere/tests/unit/tests/admin/includesUpdateCore.php" line="31" assertions="1" time="0.021272"/>
          <testcase name="test_new_files_are_not_in_old_files_array_compiled with data set #650" class="Tests_Admin_IncludesUpdateCore" classname="Tests_Admin_IncludesUpdateCore" file="/var/www/html/test/wordpress_test/inpsyde_test/test/wp-content/plugins/plugintestslughere/tests/unit/tests/admin/includesUpdateCore.php" line="31" assertions="1" time="0.023171"/>
          <testcase name="test_new_files_are_not_in_old_files_array_compiled with data set #651" class="Tests_Admin_IncludesUpdateCore" classname="Tests_Admin_IncludesUpdateCore" file="/var/www/html/test/wordpress_test/inpsyde_test/test/wp-content/plugins/plugintestslughere/tests/unit/tests/admin/includesUpdateCore.php" line="31" assertions="1" time="0.021914"/>
          <testcase name="test_new_files_are_not_in_old_files_array_compiled with data set #652" class="Tests_Admin_IncludesUpdateCore" classname="Tests_Admin_IncludesUpdateCore" file="/var/www/html/test/wordpress_test/inpsyde_test/test/wp-content/plugins/plugintestslughere/tests/unit/tests/admin/includesUpdateCore.php" line="31" assertions="1" time="0.022429"/>
          <testcase name="test_new_files_are_not_in_old_files_array_compiled with data set #653" class="Tests_Admin_IncludesUpdateCore" classname="Tests_Admin_IncludesUpdateCore" file="/var/www/html/test/wordpress_test/inpsyde_test/test/wp-content/plugins/plugintestslughere/tests/unit/tests/admin/includesUpdateCore.php" line="31" assertions="1" time="0.023122"/>
          <testcase name="test_new_files_are_not_in_old_files_array_compiled with data set #654" class="Tests_Admin_IncludesUpdateCore" classname="Tests_Admin_IncludesUpdateCore" file="/var/www/html/test/wordpress_test/inpsyde_test/test/wp-content/plugins/plugintestslughere/tests/unit/tests/admin/includesUpdateCore.php" line="31" assertions="1" time="0.023626"/>
          <testcase name="test_new_files_are_not_in_old_files_array_compiled with data set #655" class="Tests_Admin_IncludesUpdateCore" classname="Tests_Admin_IncludesUpdateCore" file="/var/www/html/test/wordpress_test/inpsyde_test/test/wp-content/plugins/plugintestslughere/tests/unit/tests/admin/includesUpdateCore.php" line="31" assertions="1" time="0.022683"/>
          <testcase name="test_new_files_are_not_in_old_files_array_compiled with data set #656" class="Tests_Admin_IncludesUpdateCore" classname="Tests_Admin_IncludesUpdateCore" file="/var/www/html/test/wordpress_test/inpsyde_test/test/wp-content/plugins/plugintestslughere/tests/unit/tests/admin/includesUpdateCore.php" line="31" assertions="1" time="0.031900"/>
          <testcase name="test_new_files_are_not_in_old_files_array_compiled with data set #657" class="Tests_Admin_IncludesUpdateCore" classname="Tests_Admin_IncludesUpdateCore" file="/var/www/html/test/wordpress_test/inpsyde_test/test/wp-content/plugins/plugintestslughere/tests/unit/tests/admin/includesUpdateCore.php" line="31" assertions="1" time="0.022719"/>
          <testcase name="test_new_files_are_not_in_old_files_array_compiled with data set #658" class="Tests_Admin_IncludesUpdateCore" classname="Tests_Admin_IncludesUpdateCore" file="/var/www/html/test/wordpress_test/inpsyde_test/test/wp-content/plugins/plugintestslughere/tests/unit/tests/admin/includesUpdateCore.php" line="31" assertions="1" time="0.021851"/>
          <testcase name="test_new_files_are_not_in_old_files_array_compiled with data set #659" class="Tests_Admin_IncludesUpdateCore" classname="Tests_Admin_IncludesUpdateCore" file="/var/www/html/test/wordpress_test/inpsyde_test/test/wp-content/plugins/plugintestslughere/tests/unit/tests/admin/includesUpdateCore.php" line="31" assertions="1" time="0.022939"/>
          <testcase name="test_new_files_are_not_in_old_files_array_compiled with data set #660" class="Tests_Admin_IncludesUpdateCore" classname="Tests_Admin_IncludesUpdateCore" file="/var/www/html/test/wordpress_test/inpsyde_test/test/wp-content/plugins/plugintestslughere/tests/unit/tests/admin/includesUpdateCore.php" line="31" assertions="1" time="0.028822"/>
          <testcase name="test_new_files_are_not_in_old_files_array_compiled with data set #661" class="Tests_Admin_IncludesUpdateCore" classname="Tests_Admin_IncludesUpdateCore" file="/var/www/html/test/wordpress_test/inpsyde_test/test/wp-content/plugins/plugintestslughere/tests/unit/tests/admin/includesUpdateCore.php" line="31" assertions="1" time="0.024170"/>
          <testcase name="test_new_files_are_not_in_old_files_array_compiled with data set #662" class="Tests_Admin_IncludesUpdateCore" classname="Tests_Admin_IncludesUpdateCore" file="/var/www/html/test/wordpress_test/inpsyde_test/test/wp-content/plugins/plugintestslughere/tests/unit/tests/admin/includesUpdateCore.php" line="31" assertions="1" time="0.025012"/>
          <testcase name="test_new_files_are_not_in_old_files_array_compiled with data set #663" class="Tests_Admin_IncludesUpdateCore" classname="Tests_Admin_IncludesUpdateCore" file="/var/www/html/test/wordpress_test/inpsyde_test/test/wp-content/plugins/plugintestslughere/tests/unit/tests/admin/includesUpdateCore.php" line="31" assertions="1" time="0.034718"/>
          <testcase name="test_new_files_are_not_in_old_files_array_compiled with data set #664" class="Tests_Admin_IncludesUpdateCore" classname="Tests_Admin_IncludesUpdateCore" file="/var/www/html/test/wordpress_test/inpsyde_test/test/wp-content/plugins/plugintestslughere/tests/unit/tests/admin/includesUpdateCore.php" line="31" assertions="1" time="0.025859"/>
          <testcase name="test_new_files_are_not_in_old_files_array_compiled with data set #665" class="Tests_Admin_IncludesUpdateCore" classname="Tests_Admin_IncludesUpdateCore" file="/var/www/html/test/wordpress_test/inpsyde_test/test/wp-content/plugins/plugintestslughere/tests/unit/tests/admin/includesUpdateCore.php" line="31" assertions="1" time="0.022746"/>
          <testcase name="test_new_files_are_not_in_old_files_array_compiled with data set #666" class="Tests_Admin_IncludesUpdateCore" classname="Tests_Admin_IncludesUpdateCore" file="/var/www/html/test/wordpress_test/inpsyde_test/test/wp-content/plugins/plugintestslughere/tests/unit/tests/admin/includesUpdateCore.php" line="31" assertions="1" time="0.024441"/>
          <testcase name="test_new_files_are_not_in_old_files_array_compiled with data set #667" class="Tests_Admin_IncludesUpdateCore" classname="Tests_Admin_IncludesUpdateCore" file="/var/www/html/test/wordpress_test/inpsyde_test/test/wp-content/plugins/plugintestslughere/tests/unit/tests/admin/includesUpdateCore.php" line="31" assertions="1" time="0.023286"/>
          <testcase name="test_new_files_are_not_in_old_files_array_compiled with data set #668" class="Tests_Admin_IncludesUpdateCore" classname="Tests_Admin_IncludesUpdateCore" file="/var/www/html/test/wordpress_test/inpsyde_test/test/wp-content/plugins/plugintestslughere/tests/unit/tests/admin/includesUpdateCore.php" line="31" assertions="1" time="0.022184"/>
          <testcase name="test_new_files_are_not_in_old_files_array_compiled with data set #669" class="Tests_Admin_IncludesUpdateCore" classname="Tests_Admin_IncludesUpdateCore" file="/var/www/html/test/wordpress_test/inpsyde_test/test/wp-content/plugins/plugintestslughere/tests/unit/tests/admin/includesUpdateCore.php" line="31" assertions="1" time="0.024611"/>
          <testcase name="test_new_files_are_not_in_old_files_array_compiled with data set #670" class="Tests_Admin_IncludesUpdateCore" classname="Tests_Admin_IncludesUpdateCore" file="/var/www/html/test/wordpress_test/inpsyde_test/test/wp-content/plugins/plugintestslughere/tests/unit/tests/admin/includesUpdateCore.php" line="31" assertions="1" time="0.026011"/>
          <testcase name="test_new_files_are_not_in_old_files_array_compiled with data set #671" class="Tests_Admin_IncludesUpdateCore" classname="Tests_Admin_IncludesUpdateCore" file="/var/www/html/test/wordpress_test/inpsyde_test/test/wp-content/plugins/plugintestslughere/tests/unit/tests/admin/includesUpdateCore.php" line="31" assertions="1" time="0.025485"/>
          <testcase name="test_new_files_are_not_in_old_files_array_compiled with data set #672" class="Tests_Admin_IncludesUpdateCore" classname="Tests_Admin_IncludesUpdateCore" file="/var/www/html/test/wordpress_test/inpsyde_test/test/wp-content/plugins/plugintestslughere/tests/unit/tests/admin/includesUpdateCore.php" line="31" assertions="1" time="0.022953"/>
          <testcase name="test_new_files_are_not_in_old_files_array_compiled with data set #673" class="Tests_Admin_IncludesUpdateCore" classname="Tests_Admin_IncludesUpdateCore" file="/var/www/html/test/wordpress_test/inpsyde_test/test/wp-content/plugins/plugintestslughere/tests/unit/tests/admin/includesUpdateCore.php" line="31" assertions="1" time="0.024105"/>
          <testcase name="test_new_files_are_not_in_old_files_array_compiled with data set #674" class="Tests_Admin_IncludesUpdateCore" classname="Tests_Admin_IncludesUpdateCore" file="/var/www/html/test/wordpress_test/inpsyde_test/test/wp-content/plugins/plugintestslughere/tests/unit/tests/admin/includesUpdateCore.php" line="31" assertions="1" time="0.024231"/>
          <testcase name="test_new_files_are_not_in_old_files_array_compiled with data set #675" class="Tests_Admin_IncludesUpdateCore" classname="Tests_Admin_IncludesUpdateCore" file="/var/www/html/test/wordpress_test/inpsyde_test/test/wp-content/plugins/plugintestslughere/tests/unit/tests/admin/includesUpdateCore.php" line="31" assertions="1" time="0.023954"/>
          <testcase name="test_new_files_are_not_in_old_files_array_compiled with data set #676" class="Tests_Admin_IncludesUpdateCore" classname="Tests_Admin_IncludesUpdateCore" file="/var/www/html/test/wordpress_test/inpsyde_test/test/wp-content/plugins/plugintestslughere/tests/unit/tests/admin/includesUpdateCore.php" line="31" assertions="1" time="0.023165"/>
          <testcase name="test_new_files_are_not_in_old_files_array_compiled with data set #677" class="Tests_Admin_IncludesUpdateCore" classname="Tests_Admin_IncludesUpdateCore" file="/var/www/html/test/wordpress_test/inpsyde_test/test/wp-content/plugins/plugintestslughere/tests/unit/tests/admin/includesUpdateCore.php" line="31" assertions="1" time="0.022589"/>
          <testcase name="test_new_files_are_not_in_old_files_array_compiled with data set #678" class="Tests_Admin_IncludesUpdateCore" classname="Tests_Admin_IncludesUpdateCore" file="/var/www/html/test/wordpress_test/inpsyde_test/test/wp-content/plugins/plugintestslughere/tests/unit/tests/admin/includesUpdateCore.php" line="31" assertions="1" time="0.024024"/>
          <testcase name="test_new_files_are_not_in_old_files_array_compiled with data set #679" class="Tests_Admin_IncludesUpdateCore" classname="Tests_Admin_IncludesUpdateCore" file="/var/www/html/test/wordpress_test/inpsyde_test/test/wp-content/plugins/plugintestslughere/tests/unit/tests/admin/includesUpdateCore.php" line="31" assertions="1" time="0.024764"/>
          <testcase name="test_new_files_are_not_in_old_files_array_compiled with data set #680" class="Tests_Admin_IncludesUpdateCore" classname="Tests_Admin_IncludesUpdateCore" file="/var/www/html/test/wordpress_test/inpsyde_test/test/wp-content/plugins/plugintestslughere/tests/unit/tests/admin/includesUpdateCore.php" line="31" assertions="1" time="0.023201"/>
          <testcase name="test_new_files_are_not_in_old_files_array_compiled with data set #681" class="Tests_Admin_IncludesUpdateCore" classname="Tests_Admin_IncludesUpdateCore" file="/var/www/html/test/wordpress_test/inpsyde_test/test/wp-content/plugins/plugintestslughere/tests/unit/tests/admin/includesUpdateCore.php" line="31" assertions="1" time="0.024140"/>
          <testcase name="test_new_files_are_not_in_old_files_array_compiled with data set #682" class="Tests_Admin_IncludesUpdateCore" classname="Tests_Admin_IncludesUpdateCore" file="/var/www/html/test/wordpress_test/inpsyde_test/test/wp-content/plugins/plugintestslughere/tests/unit/tests/admin/includesUpdateCore.php" line="31" assertions="1" time="0.026772"/>
          <testcase name="test_new_files_are_not_in_old_files_array_compiled with data set #683" class="Tests_Admin_IncludesUpdateCore" classname="Tests_Admin_IncludesUpdateCore" file="/var/www/html/test/wordpress_test/inpsyde_test/test/wp-content/plugins/plugintestslughere/tests/unit/tests/admin/includesUpdateCore.php" line="31" assertions="1" time="0.023449"/>
          <testcase name="test_new_files_are_not_in_old_files_array_compiled with data set #684" class="Tests_Admin_IncludesUpdateCore" classname="Tests_Admin_IncludesUpdateCore" file="/var/www/html/test/wordpress_test/inpsyde_test/test/wp-content/plugins/plugintestslughere/tests/unit/tests/admin/includesUpdateCore.php" line="31" assertions="1" time="0.023541"/>
          <testcase name="test_new_files_are_not_in_old_files_array_compiled with data set #685" class="Tests_Admin_IncludesUpdateCore" classname="Tests_Admin_IncludesUpdateCore" file="/var/www/html/test/wordpress_test/inpsyde_test/test/wp-content/plugins/plugintestslughere/tests/unit/tests/admin/includesUpdateCore.php" line="31" assertions="1" time="0.026011"/>
          <testcase name="test_new_files_are_not_in_old_files_array_compiled with data set #686" class="Tests_Admin_IncludesUpdateCore" classname="Tests_Admin_IncludesUpdateCore" file="/var/www/html/test/wordpress_test/inpsyde_test/test/wp-content/plugins/plugintestslughere/tests/unit/tests/admin/includesUpdateCore.php" line="31" assertions="1" time="0.028645"/>
          <testcase name="test_new_files_are_not_in_old_files_array_compiled with data set #687" class="Tests_Admin_IncludesUpdateCore" classname="Tests_Admin_IncludesUpdateCore" file="/var/www/html/test/wordpress_test/inpsyde_test/test/wp-content/plugins/plugintestslughere/tests/unit/tests/admin/includesUpdateCore.php" line="31" assertions="1" time="0.026710"/>
          <testcase name="test_new_files_are_not_in_old_files_array_compiled with data set #688" class="Tests_Admin_IncludesUpdateCore" classname="Tests_Admin_IncludesUpdateCore" file="/var/www/html/test/wordpress_test/inpsyde_test/test/wp-content/plugins/plugintestslughere/tests/unit/tests/admin/includesUpdateCore.php" line="31" assertions="1" time="0.024302"/>
          <testcase name="test_new_files_are_not_in_old_files_array_compiled with data set #689" class="Tests_Admin_IncludesUpdateCore" classname="Tests_Admin_IncludesUpdateCore" file="/var/www/html/test/wordpress_test/inpsyde_test/test/wp-content/plugins/plugintestslughere/tests/unit/tests/admin/includesUpdateCore.php" line="31" assertions="1" time="0.024399"/>
          <testcase name="test_new_files_are_not_in_old_files_array_compiled with data set #690" class="Tests_Admin_IncludesUpdateCore" classname="Tests_Admin_IncludesUpdateCore" file="/var/www/html/test/wordpress_test/inpsyde_test/test/wp-content/plugins/plugintestslughere/tests/unit/tests/admin/includesUpdateCore.php" line="31" assertions="1" time="0.030697"/>
          <testcase name="test_new_files_are_not_in_old_files_array_compiled with data set #691" class="Tests_Admin_IncludesUpdateCore" classname="Tests_Admin_IncludesUpdateCore" file="/var/www/html/test/wordpress_test/inpsyde_test/test/wp-content/plugins/plugintestslughere/tests/unit/tests/admin/includesUpdateCore.php" line="31" assertions="1" time="0.024887"/>
          <testcase name="test_new_files_are_not_in_old_files_array_compiled with data set #692" class="Tests_Admin_IncludesUpdateCore" classname="Tests_Admin_IncludesUpdateCore" file="/var/www/html/test/wordpress_test/inpsyde_test/test/wp-content/plugins/plugintestslughere/tests/unit/tests/admin/includesUpdateCore.php" line="31" assertions="1" time="0.029596"/>
          <testcase name="test_new_files_are_not_in_old_files_array_compiled with data set #693" class="Tests_Admin_IncludesUpdateCore" classname="Tests_Admin_IncludesUpdateCore" file="/var/www/html/test/wordpress_test/inpsyde_test/test/wp-content/plugins/plugintestslughere/tests/unit/tests/admin/includesUpdateCore.php" line="31" assertions="1" time="0.037178"/>
          <testcase name="test_new_files_are_not_in_old_files_array_compiled with data set #694" class="Tests_Admin_IncludesUpdateCore" classname="Tests_Admin_IncludesUpdateCore" file="/var/www/html/test/wordpress_test/inpsyde_test/test/wp-content/plugins/plugintestslughere/tests/unit/tests/admin/includesUpdateCore.php" line="31" assertions="1" time="0.021752"/>
          <testcase name="test_new_files_are_not_in_old_files_array_compiled with data set #695" class="Tests_Admin_IncludesUpdateCore" classname="Tests_Admin_IncludesUpdateCore" file="/var/www/html/test/wordpress_test/inpsyde_test/test/wp-content/plugins/plugintestslughere/tests/unit/tests/admin/includesUpdateCore.php" line="31" assertions="1" time="0.023516"/>
          <testcase name="test_new_files_are_not_in_old_files_array_compiled with data set #696" class="Tests_Admin_IncludesUpdateCore" classname="Tests_Admin_IncludesUpdateCore" file="/var/www/html/test/wordpress_test/inpsyde_test/test/wp-content/plugins/plugintestslughere/tests/unit/tests/admin/includesUpdateCore.php" line="31" assertions="1" time="0.023360"/>
          <testcase name="test_new_files_are_not_in_old_files_array_compiled with data set #697" class="Tests_Admin_IncludesUpdateCore" classname="Tests_Admin_IncludesUpdateCore" file="/var/www/html/test/wordpress_test/inpsyde_test/test/wp-content/plugins/plugintestslughere/tests/unit/tests/admin/includesUpdateCore.php" line="31" assertions="1" time="0.022182"/>
          <testcase name="test_new_files_are_not_in_old_files_array_compiled with data set #698" class="Tests_Admin_IncludesUpdateCore" classname="Tests_Admin_IncludesUpdateCore" file="/var/www/html/test/wordpress_test/inpsyde_test/test/wp-content/plugins/plugintestslughere/tests/unit/tests/admin/includesUpdateCore.php" line="31" assertions="1" time="0.022905"/>
          <testcase name="test_new_files_are_not_in_old_files_array_compiled with data set #699" class="Tests_Admin_IncludesUpdateCore" classname="Tests_Admin_IncludesUpdateCore" file="/var/www/html/test/wordpress_test/inpsyde_test/test/wp-content/plugins/plugintestslughere/tests/unit/tests/admin/includesUpdateCore.php" line="31" assertions="1" time="0.021544"/>
          <testcase name="test_new_files_are_not_in_old_files_array_compiled with data set #700" class="Tests_Admin_IncludesUpdateCore" classname="Tests_Admin_IncludesUpdateCore" file="/var/www/html/test/wordpress_test/inpsyde_test/test/wp-content/plugins/plugintestslughere/tests/unit/tests/admin/includesUpdateCore.php" line="31" assertions="1" time="0.024116"/>
          <testcase name="test_new_files_are_not_in_old_files_array_compiled with data set #701" class="Tests_Admin_IncludesUpdateCore" classname="Tests_Admin_IncludesUpdateCore" file="/var/www/html/test/wordpress_test/inpsyde_test/test/wp-content/plugins/plugintestslughere/tests/unit/tests/admin/includesUpdateCore.php" line="31" assertions="1" time="0.022688"/>
          <testcase name="test_new_files_are_not_in_old_files_array_compiled with data set #702" class="Tests_Admin_IncludesUpdateCore" classname="Tests_Admin_IncludesUpdateCore" file="/var/www/html/test/wordpress_test/inpsyde_test/test/wp-content/plugins/plugintestslughere/tests/unit/tests/admin/includesUpdateCore.php" line="31" assertions="1" time="0.020864"/>
          <testcase name="test_new_files_are_not_in_old_files_array_compiled with data set #703" class="Tests_Admin_IncludesUpdateCore" classname="Tests_Admin_IncludesUpdateCore" file="/var/www/html/test/wordpress_test/inpsyde_test/test/wp-content/plugins/plugintestslughere/tests/unit/tests/admin/includesUpdateCore.php" line="31" assertions="1" time="0.023685"/>
          <testcase name="test_new_files_are_not_in_old_files_array_compiled with data set #704" class="Tests_Admin_IncludesUpdateCore" classname="Tests_Admin_IncludesUpdateCore" file="/var/www/html/test/wordpress_test/inpsyde_test/test/wp-content/plugins/plugintestslughere/tests/unit/tests/admin/includesUpdateCore.php" line="31" assertions="1" time="0.022957"/>
          <testcase name="test_new_files_are_not_in_old_files_array_compiled with data set #705" class="Tests_Admin_IncludesUpdateCore" classname="Tests_Admin_IncludesUpdateCore" file="/var/www/html/test/wordpress_test/inpsyde_test/test/wp-content/plugins/plugintestslughere/tests/unit/tests/admin/includesUpdateCore.php" line="31" assertions="1" time="0.023145"/>
          <testcase name="test_new_files_are_not_in_old_files_array_compiled with data set #706" class="Tests_Admin_IncludesUpdateCore" classname="Tests_Admin_IncludesUpdateCore" file="/var/www/html/test/wordpress_test/inpsyde_test/test/wp-content/plugins/plugintestslughere/tests/unit/tests/admin/includesUpdateCore.php" line="31" assertions="1" time="0.033846"/>
          <testcase name="test_new_files_are_not_in_old_files_array_compiled with data set #707" class="Tests_Admin_IncludesUpdateCore" classname="Tests_Admin_IncludesUpdateCore" file="/var/www/html/test/wordpress_test/inpsyde_test/test/wp-content/plugins/plugintestslughere/tests/unit/tests/admin/includesUpdateCore.php" line="31" assertions="1" time="0.023489"/>
          <testcase name="test_new_files_are_not_in_old_files_array_compiled with data set #708" class="Tests_Admin_IncludesUpdateCore" classname="Tests_Admin_IncludesUpdateCore" file="/var/www/html/test/wordpress_test/inpsyde_test/test/wp-content/plugins/plugintestslughere/tests/unit/tests/admin/includesUpdateCore.php" line="31" assertions="1" time="0.020993"/>
          <testcase name="test_new_files_are_not_in_old_files_array_compiled with data set #709" class="Tests_Admin_IncludesUpdateCore" classname="Tests_Admin_IncludesUpdateCore" file="/var/www/html/test/wordpress_test/inpsyde_test/test/wp-content/plugins/plugintestslughere/tests/unit/tests/admin/includesUpdateCore.php" line="31" assertions="1" time="0.024187"/>
          <testcase name="test_new_files_are_not_in_old_files_array_compiled with data set #710" class="Tests_Admin_IncludesUpdateCore" classname="Tests_Admin_IncludesUpdateCore" file="/var/www/html/test/wordpress_test/inpsyde_test/test/wp-content/plugins/plugintestslughere/tests/unit/tests/admin/includesUpdateCore.php" line="31" assertions="1" time="0.022681"/>
          <testcase name="test_new_files_are_not_in_old_files_array_compiled with data set #711" class="Tests_Admin_IncludesUpdateCore" classname="Tests_Admin_IncludesUpdateCore" file="/var/www/html/test/wordpress_test/inpsyde_test/test/wp-content/plugins/plugintestslughere/tests/unit/tests/admin/includesUpdateCore.php" line="31" assertions="1" time="0.020954"/>
          <testcase name="test_new_files_are_not_in_old_files_array_compiled with data set #712" class="Tests_Admin_IncludesUpdateCore" classname="Tests_Admin_IncludesUpdateCore" file="/var/www/html/test/wordpress_test/inpsyde_test/test/wp-content/plugins/plugintestslughere/tests/unit/tests/admin/includesUpdateCore.php" line="31" assertions="1" time="0.023068"/>
          <testcase name="test_new_files_are_not_in_old_files_array_compiled with data set #713" class="Tests_Admin_IncludesUpdateCore" classname="Tests_Admin_IncludesUpdateCore" file="/var/www/html/test/wordpress_test/inpsyde_test/test/wp-content/plugins/plugintestslughere/tests/unit/tests/admin/includesUpdateCore.php" line="31" assertions="1" time="0.023256"/>
          <testcase name="test_new_files_are_not_in_old_files_array_compiled with data set #714" class="Tests_Admin_IncludesUpdateCore" classname="Tests_Admin_IncludesUpdateCore" file="/var/www/html/test/wordpress_test/inpsyde_test/test/wp-content/plugins/plugintestslughere/tests/unit/tests/admin/includesUpdateCore.php" line="31" assertions="1" time="0.034646"/>
          <testcase name="test_new_files_are_not_in_old_files_array_compiled with data set #715" class="Tests_Admin_IncludesUpdateCore" classname="Tests_Admin_IncludesUpdateCore" file="/var/www/html/test/wordpress_test/inpsyde_test/test/wp-content/plugins/plugintestslughere/tests/unit/tests/admin/includesUpdateCore.php" line="31" assertions="1" time="0.031404"/>
          <testcase name="test_new_files_are_not_in_old_files_array_compiled with data set #716" class="Tests_Admin_IncludesUpdateCore" classname="Tests_Admin_IncludesUpdateCore" file="/var/www/html/test/wordpress_test/inpsyde_test/test/wp-content/plugins/plugintestslughere/tests/unit/tests/admin/includesUpdateCore.php" line="31" assertions="1" time="0.038276"/>
          <testcase name="test_new_files_are_not_in_old_files_array_compiled with data set #717" class="Tests_Admin_IncludesUpdateCore" classname="Tests_Admin_IncludesUpdateCore" file="/var/www/html/test/wordpress_test/inpsyde_test/test/wp-content/plugins/plugintestslughere/tests/unit/tests/admin/includesUpdateCore.php" line="31" assertions="1" time="0.025739"/>
          <testcase name="test_new_files_are_not_in_old_files_array_compiled with data set #718" class="Tests_Admin_IncludesUpdateCore" classname="Tests_Admin_IncludesUpdateCore" file="/var/www/html/test/wordpress_test/inpsyde_test/test/wp-content/plugins/plugintestslughere/tests/unit/tests/admin/includesUpdateCore.php" line="31" assertions="1" time="0.021828"/>
          <testcase name="test_new_files_are_not_in_old_files_array_compiled with data set #719" class="Tests_Admin_IncludesUpdateCore" classname="Tests_Admin_IncludesUpdateCore" file="/var/www/html/test/wordpress_test/inpsyde_test/test/wp-content/plugins/plugintestslughere/tests/unit/tests/admin/includesUpdateCore.php" line="31" assertions="1" time="0.021371"/>
          <testcase name="test_new_files_are_not_in_old_files_array_compiled with data set #720" class="Tests_Admin_IncludesUpdateCore" classname="Tests_Admin_IncludesUpdateCore" file="/var/www/html/test/wordpress_test/inpsyde_test/test/wp-content/plugins/plugintestslughere/tests/unit/tests/admin/includesUpdateCore.php" line="31" assertions="1" time="0.022267"/>
          <testcase name="test_new_files_are_not_in_old_files_array_compiled with data set #721" class="Tests_Admin_IncludesUpdateCore" classname="Tests_Admin_IncludesUpdateCore" file="/var/www/html/test/wordpress_test/inpsyde_test/test/wp-content/plugins/plugintestslughere/tests/unit/tests/admin/includesUpdateCore.php" line="31" assertions="1" time="0.021072"/>
          <testcase name="test_new_files_are_not_in_old_files_array_compiled with data set #722" class="Tests_Admin_IncludesUpdateCore" classname="Tests_Admin_IncludesUpdateCore" file="/var/www/html/test/wordpress_test/inpsyde_test/test/wp-content/plugins/plugintestslughere/tests/unit/tests/admin/includesUpdateCore.php" line="31" assertions="1" time="0.022145"/>
          <testcase name="test_new_files_are_not_in_old_files_array_compiled with data set #723" class="Tests_Admin_IncludesUpdateCore" classname="Tests_Admin_IncludesUpdateCore" file="/var/www/html/test/wordpress_test/inpsyde_test/test/wp-content/plugins/plugintestslughere/tests/unit/tests/admin/includesUpdateCore.php" line="31" assertions="1" time="0.022228"/>
          <testcase name="test_new_files_are_not_in_old_files_array_compiled with data set #724" class="Tests_Admin_IncludesUpdateCore" classname="Tests_Admin_IncludesUpdateCore" file="/var/www/html/test/wordpress_test/inpsyde_test/test/wp-content/plugins/plugintestslughere/tests/unit/tests/admin/includesUpdateCore.php" line="31" assertions="1" time="0.020714"/>
        </testsuite>
      </testsuite>
      <testsuite name="Tests_Admin_WpPrivacyRequestsTable" file="/var/www/html/test/wordpress_test/inpsyde_test/test/wp-content/plugins/plugintestslughere/tests/unit/tests/admin/wpPrivacyRequestsTable.php" tests="9" assertions="9" errors="0" failures="0" skipped="0" time="0.288394">
        <testsuite name="Tests_Admin_WpPrivacyRequestsTable::test_columns_should_be_sortable" tests="9" assertions="9" errors="0" failures="0" skipped="0" time="0.288394">
          <testcase name="test_columns_should_be_sortable with data set #0" class="Tests_Admin_WpPrivacyRequestsTable" classname="Tests_Admin_WpPrivacyRequestsTable" file="/var/www/html/test/wordpress_test/inpsyde_test/test/wp-content/plugins/plugintestslughere/tests/unit/tests/admin/wpPrivacyRequestsTable.php" line="67" assertions="1" time="0.046500"/>
          <testcase name="test_columns_should_be_sortable with data set #1" class="Tests_Admin_WpPrivacyRequestsTable" classname="Tests_Admin_WpPrivacyRequestsTable" file="/var/www/html/test/wordpress_test/inpsyde_test/test/wp-content/plugins/plugintestslughere/tests/unit/tests/admin/wpPrivacyRequestsTable.php" line="67" assertions="1" time="0.034515"/>
          <testcase name="test_columns_should_be_sortable with data set #2" class="Tests_Admin_WpPrivacyRequestsTable" classname="Tests_Admin_WpPrivacyRequestsTable" file="/var/www/html/test/wordpress_test/inpsyde_test/test/wp-content/plugins/plugintestslughere/tests/unit/tests/admin/wpPrivacyRequestsTable.php" line="67" assertions="1" time="0.032570"/>
          <testcase name="test_columns_should_be_sortable with data set #3" class="Tests_Admin_WpPrivacyRequestsTable" classname="Tests_Admin_WpPrivacyRequestsTable" file="/var/www/html/test/wordpress_test/inpsyde_test/test/wp-content/plugins/plugintestslughere/tests/unit/tests/admin/wpPrivacyRequestsTable.php" line="67" assertions="1" time="0.033178"/>
          <testcase name="test_columns_should_be_sortable with data set #4" class="Tests_Admin_WpPrivacyRequestsTable" classname="Tests_Admin_WpPrivacyRequestsTable" file="/var/www/html/test/wordpress_test/inpsyde_test/test/wp-content/plugins/plugintestslughere/tests/unit/tests/admin/wpPrivacyRequestsTable.php" line="67" assertions="1" time="0.024456"/>
          <testcase name="test_columns_should_be_sortable with data set #5" class="Tests_Admin_WpPrivacyRequestsTable" classname="Tests_Admin_WpPrivacyRequestsTable" file="/var/www/html/test/wordpress_test/inpsyde_test/test/wp-content/plugins/plugintestslughere/tests/unit/tests/admin/wpPrivacyRequestsTable.php" line="67" assertions="1" time="0.024823"/>
          <testcase name="test_columns_should_be_sortable with data set #6" class="Tests_Admin_WpPrivacyRequestsTable" classname="Tests_Admin_WpPrivacyRequestsTable" file="/var/www/html/test/wordpress_test/inpsyde_test/test/wp-content/plugins/plugintestslughere/tests/unit/tests/admin/wpPrivacyRequestsTable.php" line="67" assertions="1" time="0.025089"/>
          <testcase name="test_columns_should_be_sortable with data set #7" class="Tests_Admin_WpPrivacyRequestsTable" classname="Tests_Admin_WpPrivacyRequestsTable" file="/var/www/html/test/wordpress_test/inpsyde_test/test/wp-content/plugins/plugintestslughere/tests/unit/tests/admin/wpPrivacyRequestsTable.php" line="67" assertions="1" time="0.037056"/>
          <testcase name="test_columns_should_be_sortable with data set #8" class="Tests_Admin_WpPrivacyRequestsTable" classname="Tests_Admin_WpPrivacyRequestsTable" file="/var/www/html/test/wordpress_test/inpsyde_test/test/wp-content/plugins/plugintestslughere/tests/unit/tests/admin/wpPrivacyRequestsTable.php" line="67" assertions="1" time="0.030207"/>
        </testsuite>
      </testsuite>
      <testsuite name="Tests_AdminBar" file="/var/www/html/test/wordpress_test/inpsyde_test/test/wp-content/plugins/plugintestslughere/tests/unit/tests/adminbar.php" tests="26" assertions="83" errors="0" failures="0" skipped="0" time="1.308958">
        <testcase name="test_content_post_type" class="Tests_AdminBar" classname="Tests_AdminBar" file="/var/www/html/test/wordpress_test/inpsyde_test/test/wp-content/plugins/plugintestslughere/tests/unit/tests/adminbar.php" line="35" assertions="2" time="0.052677"/>
        <testcase name="test_merging_existing_meta_values" class="Tests_AdminBar" classname="Tests_AdminBar" file="/var/www/html/test/wordpress_test/inpsyde_test/test/wp-content/plugins/plugintestslughere/tests/unit/tests/adminbar.php" line="54" assertions="2" time="0.038359"/>
        <testcase name="test_admin_bar_contains_correct_links_for_users_with_no_role" class="Tests_AdminBar" classname="Tests_AdminBar" file="/var/www/html/test/wordpress_test/inpsyde_test/test/wp-content/plugins/plugintestslughere/tests/unit/tests/adminbar.php" line="90" assertions="7" time="0.043051"/>
        <testcase name="test_admin_bar_contains_correct_links_for_users_with_role" class="Tests_AdminBar" classname="Tests_AdminBar" file="/var/www/html/test/wordpress_test/inpsyde_test/test/wp-content/plugins/plugintestslughere/tests/unit/tests/adminbar.php" line="115" assertions="7" time="0.053099"/>
        <testsuite name="Tests_AdminBar::test_admin_bar_with_tabindex_meta" tests="8" assertions="8" errors="0" failures="0" skipped="0" time="0.213500">
          <testcase name="test_admin_bar_with_tabindex_meta with data set #0" class="Tests_AdminBar" classname="Tests_AdminBar" file="/var/www/html/test/wordpress_test/inpsyde_test/test/wp-content/plugins/plugintestslughere/tests/unit/tests/adminbar.php" line="263" assertions="1" time="0.022916"/>
          <testcase name="test_admin_bar_with_tabindex_meta with data set #1" class="Tests_AdminBar" classname="Tests_AdminBar" file="/var/www/html/test/wordpress_test/inpsyde_test/test/wp-content/plugins/plugintestslughere/tests/unit/tests/adminbar.php" line="263" assertions="1" time="0.022446"/>
          <testcase name="test_admin_bar_with_tabindex_meta with data set #2" class="Tests_AdminBar" classname="Tests_AdminBar" file="/var/www/html/test/wordpress_test/inpsyde_test/test/wp-content/plugins/plugintestslughere/tests/unit/tests/adminbar.php" line="263" assertions="1" time="0.022289"/>
          <testcase name="test_admin_bar_with_tabindex_meta with data set #3" class="Tests_AdminBar" classname="Tests_AdminBar" file="/var/www/html/test/wordpress_test/inpsyde_test/test/wp-content/plugins/plugintestslughere/tests/unit/tests/adminbar.php" line="263" assertions="1" time="0.021859"/>
          <testcase name="test_admin_bar_with_tabindex_meta with data set #4" class="Tests_AdminBar" classname="Tests_AdminBar" file="/var/www/html/test/wordpress_test/inpsyde_test/test/wp-content/plugins/plugintestslughere/tests/unit/tests/adminbar.php" line="263" assertions="1" time="0.040252"/>
          <testcase name="test_admin_bar_with_tabindex_meta with data set #5" class="Tests_AdminBar" classname="Tests_AdminBar" file="/var/www/html/test/wordpress_test/inpsyde_test/test/wp-content/plugins/plugintestslughere/tests/unit/tests/adminbar.php" line="263" assertions="1" time="0.031381"/>
          <testcase name="test_admin_bar_with_tabindex_meta with data set #6" class="Tests_AdminBar" classname="Tests_AdminBar" file="/var/www/html/test/wordpress_test/inpsyde_test/test/wp-content/plugins/plugintestslughere/tests/unit/tests/adminbar.php" line="263" assertions="1" time="0.027616"/>
          <testcase name="test_admin_bar_with_tabindex_meta with data set #7" class="Tests_AdminBar" classname="Tests_AdminBar" file="/var/www/html/test/wordpress_test/inpsyde_test/test/wp-content/plugins/plugintestslughere/tests/unit/tests/adminbar.php" line="263" assertions="1" time="0.024741"/>
        </testsuite>
        <testcase name="test_admin_bar_has_edit_link_for_existing_posts" class="Tests_AdminBar" classname="Tests_AdminBar" file="/var/www/html/test/wordpress_test/inpsyde_test/test/wp-content/plugins/plugintestslughere/tests/unit/tests/adminbar.php" line="351" assertions="3" time="0.120960"/>
        <testcase name="test_admin_bar_has_no_edit_link_for_non_existing_posts" class="Tests_AdminBar" classname="Tests_AdminBar" file="/var/www/html/test/wordpress_test/inpsyde_test/test/wp-content/plugins/plugintestslughere/tests/unit/tests/adminbar.php" line="378" assertions="3" time="0.051401"/>
        <testcase name="test_admin_bar_has_no_archives_link_if_no_static_front_page" class="Tests_AdminBar" classname="Tests_AdminBar" file="/var/www/html/test/wordpress_test/inpsyde_test/test/wp-content/plugins/plugintestslughere/tests/unit/tests/adminbar.php" line="397" assertions="3" time="0.032582"/>
        <testcase name="test_admin_bar_contains_view_archive_link_if_static_front_page" class="Tests_AdminBar" classname="Tests_AdminBar" file="/var/www/html/test/wordpress_test/inpsyde_test/test/wp-content/plugins/plugintestslughere/tests/unit/tests/adminbar.php" line="411" assertions="3" time="0.120931"/>
        <testcase name="test_admin_bar_has_no_archives_link_for_pages" class="Tests_AdminBar" classname="Tests_AdminBar" file="/var/www/html/test/wordpress_test/inpsyde_test/test/wp-content/plugins/plugintestslughere/tests/unit/tests/adminbar.php" line="426" assertions="3" time="0.023794"/>
        <testcase name="test_admin_bar_contains_correct_about_link_for_users_with_role" class="Tests_AdminBar" classname="Tests_AdminBar" file="/var/www/html/test/wordpress_test/inpsyde_test/test/wp-content/plugins/plugintestslughere/tests/unit/tests/adminbar.php" line="441" assertions="6" time="0.034887"/>
        <testcase name="test_admin_bar_contains_correct_about_link_for_users_with_no_role" class="Tests_AdminBar" classname="Tests_AdminBar" file="/var/www/html/test/wordpress_test/inpsyde_test/test/wp-content/plugins/plugintestslughere/tests/unit/tests/adminbar.php" line="458" assertions="7" time="0.035410"/>
        <testcase name="test_admin_bar_has_no_archives_link_for_non_public_cpt" class="Tests_AdminBar" classname="Tests_AdminBar" file="/var/www/html/test/wordpress_test/inpsyde_test/test/wp-content/plugins/plugintestslughere/tests/unit/tests/adminbar.php" line="496" assertions="3" time="0.025923"/>
        <testcase name="test_admin_bar_has_no_archives_link_for_cpt_without_archive" class="Tests_AdminBar" classname="Tests_AdminBar" file="/var/www/html/test/wordpress_test/inpsyde_test/test/wp-content/plugins/plugintestslughere/tests/unit/tests/adminbar.php" line="520" assertions="3" time="0.023987"/>
        <testcase name="test_admin_bar_has_no_archives_link_for_cpt_not_shown_in_admin_bar" class="Tests_AdminBar" classname="Tests_AdminBar" file="/var/www/html/test/wordpress_test/inpsyde_test/test/wp-content/plugins/plugintestslughere/tests/unit/tests/adminbar.php" line="544" assertions="3" time="0.024180"/>
        <testcase name="test_new_user_link_exists_for_user_with_create_users" class="Tests_AdminBar" classname="Tests_AdminBar" file="/var/www/html/test/wordpress_test/inpsyde_test/test/wp-content/plugins/plugintestslughere/tests/unit/tests/adminbar.php" line="600" assertions="5" time="0.033265"/>
        <testcase name="test_new_user_link_existence_for_user_with_promote_users" class="Tests_AdminBar" classname="Tests_AdminBar" file="/var/www/html/test/wordpress_test/inpsyde_test/test/wp-content/plugins/plugintestslughere/tests/unit/tests/adminbar.php" line="619" assertions="5" time="0.035754"/>
        <testcase name="test_new_user_link_does_not_exist_for_user_without_create_or_promote_users" class="Tests_AdminBar" classname="Tests_AdminBar" file="/var/www/html/test/wordpress_test/inpsyde_test/test/wp-content/plugins/plugintestslughere/tests/unit/tests/adminbar.php" line="642" assertions="5" time="0.046607"/>
        <testcase name="test_customize_link" class="Tests_AdminBar" classname="Tests_AdminBar" file="/var/www/html/test/wordpress_test/inpsyde_test/test/wp-content/plugins/plugintestslughere/tests/unit/tests/adminbar.php" line="661" assertions="5" time="0.298591"/>
      </testsuite>
      <testsuite name="Tests_Attachment_Slashes" file="/var/www/html/test/wordpress_test/inpsyde_test/test/wp-content/plugins/plugintestslughere/tests/unit/tests/attachment/slashes.php" tests="1" assertions="6" errors="0" failures="0" skipped="0" time="0.110539">
        <testcase name="test_wp_insert_attachment" class="Tests_Attachment_Slashes" classname="Tests_Attachment_Slashes" file="/var/www/html/test/wordpress_test/inpsyde_test/test/wp-content/plugins/plugintestslughere/tests/unit/tests/attachment/slashes.php" line="34" assertions="6" time="0.110539"/>
      </testsuite>
      <testsuite name="Tests_Auth" file="/var/www/html/test/wordpress_test/inpsyde_test/test/wp-content/plugins/plugintestslughere/tests/unit/tests/auth.php" tests="21" assertions="60" errors="0" failures="0" skipped="0" time="2.335994">
        <testcase name="test_auth_cookie_valid" class="Tests_Auth" classname="Tests_Auth" file="/var/www/html/test/wordpress_test/inpsyde_test/test/wp-content/plugins/plugintestslughere/tests/unit/tests/auth.php" line="38" assertions="1" time="0.088415"/>
        <testcase name="test_auth_cookie_invalid" class="Tests_Auth" classname="Tests_Auth" file="/var/www/html/test/wordpress_test/inpsyde_test/test/wp-content/plugins/plugintestslughere/tests/unit/tests/auth.php" line="43" assertions="3" time="0.099041"/>
        <testcase name="test_auth_cookie_scheme" class="Tests_Auth" classname="Tests_Auth" file="/var/www/html/test/wordpress_test/inpsyde_test/test/wp-content/plugins/plugintestslughere/tests/unit/tests/auth.php" line="59" assertions="2" time="0.075884"/>
        <testcase name="test_password_trimming" class="Tests_Auth" classname="Tests_Auth" file="/var/www/html/test/wordpress_test/inpsyde_test/test/wp-content/plugins/plugintestslughere/tests/unit/tests/auth.php" line="72" assertions="8" time="0.263805"/>
        <testcase name="test_wp_hash_password_trimming" class="Tests_Auth" classname="Tests_Auth" file="/var/www/html/test/wordpress_test/inpsyde_test/test/wp-content/plugins/plugintestslughere/tests/unit/tests/auth.php" line="97" assertions="5" time="0.200461"/>
        <testcase name="test_wp_verify_nonce_with_empty_arg" class="Tests_Auth" classname="Tests_Auth" file="/var/www/html/test/wordpress_test/inpsyde_test/test/wp-content/plugins/plugintestslughere/tests/unit/tests/auth.php" line="118" assertions="2" time="0.022720"/>
        <testcase name="test_wp_verify_nonce_with_integer_arg" class="Tests_Auth" classname="Tests_Auth" file="/var/www/html/test/wordpress_test/inpsyde_test/test/wp-content/plugins/plugintestslughere/tests/unit/tests/auth.php" line="126" assertions="1" time="0.023809"/>
        <testcase name="test_wp_nonce_verify_failed" class="Tests_Auth" classname="Tests_Auth" file="/var/www/html/test/wordpress_test/inpsyde_test/test/wp-content/plugins/plugintestslughere/tests/unit/tests/auth.php" line="133" assertions="1" time="0.022922"/>
        <testcase name="test_wp_nonce_verify_success" class="Tests_Auth" classname="Tests_Auth" file="/var/www/html/test/wordpress_test/inpsyde_test/test/wp-content/plugins/plugintestslughere/tests/unit/tests/auth.php" line="145" assertions="1" time="0.024445"/>
        <testcase name="test_check_admin_referer_with_no_action_triggers_doing_it_wrong" class="Tests_Auth" classname="Tests_Auth" file="/var/www/html/test/wordpress_test/inpsyde_test/test/wp-content/plugins/plugintestslughere/tests/unit/tests/auth.php" line="157" assertions="2" time="0.023267"/>
        <testcase name="test_check_admin_referer_with_default_action_as_string_not_doing_it_wrong" class="Tests_Auth" classname="Tests_Auth" file="/var/www/html/test/wordpress_test/inpsyde_test/test/wp-content/plugins/plugintestslughere/tests/unit/tests/auth.php" line="168" assertions="1" time="0.024801"/>
        <testcase name="test_check_ajax_referer_with_no_action_triggers_doing_it_wrong" class="Tests_Auth" classname="Tests_Auth" file="/var/www/html/test/wordpress_test/inpsyde_test/test/wp-content/plugins/plugintestslughere/tests/unit/tests/auth.php" line="180" assertions="2" time="0.024085"/>
        <testcase name="test_password_length_limit" class="Tests_Auth" classname="Tests_Auth" file="/var/www/html/test/wordpress_test/inpsyde_test/test/wp-content/plugins/plugintestslughere/tests/unit/tests/auth.php" line="191" assertions="12" time="0.324456"/>
        <testcase name="test_user_activation_key_is_saved" class="Tests_Auth" classname="Tests_Auth" file="/var/www/html/test/wordpress_test/inpsyde_test/test/wp-content/plugins/plugintestslughere/tests/unit/tests/auth.php" line="241" assertions="3" time="0.153184"/>
        <testcase name="test_user_activation_key_is_checked" class="Tests_Auth" classname="Tests_Auth" file="/var/www/html/test/wordpress_test/inpsyde_test/test/wp-content/plugins/plugintestslughere/tests/unit/tests/auth.php" line="255" assertions="6" time="0.164514"/>
        <testcase name="test_expired_user_activation_key_is_rejected" class="Tests_Auth" classname="Tests_Auth" file="/var/www/html/test/wordpress_test/inpsyde_test/test/wp-content/plugins/plugintestslughere/tests/unit/tests/auth.php" line="293" assertions="1" time="0.143651"/>
        <testcase name="test_empty_user_activation_key_fails_key_check" class="Tests_Auth" classname="Tests_Auth" file="/var/www/html/test/wordpress_test/inpsyde_test/test/wp-content/plugins/plugintestslughere/tests/unit/tests/auth.php" line="316" assertions="2" time="0.050699"/>
        <testcase name="test_legacy_user_activation_key_is_rejected" class="Tests_Auth" classname="Tests_Auth" file="/var/www/html/test/wordpress_test/inpsyde_test/test/wp-content/plugins/plugintestslughere/tests/unit/tests/auth.php" line="329" assertions="2" time="0.124008"/>
        <testcase name="test_plaintext_user_activation_key_is_rejected" class="Tests_Auth" classname="Tests_Auth" file="/var/www/html/test/wordpress_test/inpsyde_test/test/wp-content/plugins/plugintestslughere/tests/unit/tests/auth.php" line="359" assertions="2" time="0.097649"/>
        <testcase name="test_log_in_using_email" class="Tests_Auth" classname="Tests_Auth" file="/var/www/html/test/wordpress_test/inpsyde_test/test/wp-content/plugins/plugintestslughere/tests/unit/tests/auth.php" line="390" assertions="2" time="0.187135"/>
        <testcase name="test_wp_signon_using_email_with_an_apostrophe" class="Tests_Auth" classname="Tests_Auth" file="/var/www/html/test/wordpress_test/inpsyde_test/test/wp-content/plugins/plugintestslughere/tests/unit/tests/auth.php" line="405" assertions="1" time="0.197043"/>
      </testsuite>
      <testsuite name="Tests_Avatar" file="/var/www/html/test/wordpress_test/inpsyde_test/test/wp-content/plugins/plugintestslughere/tests/unit/tests/avatar.php" tests="19" assertions="34" errors="0" failures="0" skipped="0" time="0.943610">
        <testcase name="test_get_avatar_url_gravatar_url" class="Tests_Avatar" classname="Tests_Avatar" file="/var/www/html/test/wordpress_test/inpsyde_test/test/wp-content/plugins/plugintestslughere/tests/unit/tests/avatar.php" line="12" assertions="1" time="0.030093"/>
        <testcase name="test_get_avatar_url_size" class="Tests_Avatar" classname="Tests_Avatar" file="/var/www/html/test/wordpress_test/inpsyde_test/test/wp-content/plugins/plugintestslughere/tests/unit/tests/avatar.php" line="20" assertions="2" time="0.030175"/>
        <testcase name="test_get_avatar_url_default" class="Tests_Avatar" classname="Tests_Avatar" file="/var/www/html/test/wordpress_test/inpsyde_test/test/wp-content/plugins/plugintestslughere/tests/unit/tests/avatar.php" line="32" assertions="4" time="0.026488"/>
        <testcase name="test_get_avatar_url_rating" class="Tests_Avatar" classname="Tests_Avatar" file="/var/www/html/test/wordpress_test/inpsyde_test/test/wp-content/plugins/plugintestslughere/tests/unit/tests/avatar.php" line="49" assertions="2" time="0.027889"/>
        <testcase name="test_get_avatar_url_scheme" class="Tests_Avatar" classname="Tests_Avatar" file="/var/www/html/test/wordpress_test/inpsyde_test/test/wp-content/plugins/plugintestslughere/tests/unit/tests/avatar.php" line="61" assertions="3" time="0.030559"/>
        <testcase name="test_get_avatar_url_user" class="Tests_Avatar" classname="Tests_Avatar" file="/var/www/html/test/wordpress_test/inpsyde_test/test/wp-content/plugins/plugintestslughere/tests/unit/tests/avatar.php" line="77" assertions="5" time="0.179642"/>
        <testcase name="test_pre_get_avatar_url_filter" class="Tests_Avatar" classname="Tests_Avatar" file="/var/www/html/test/wordpress_test/inpsyde_test/test/wp-content/plugins/plugintestslughere/tests/unit/tests/avatar.php" line="110" assertions="1" time="0.027697"/>
        <testcase name="test_get_avatar_url_filter" class="Tests_Avatar" classname="Tests_Avatar" file="/var/www/html/test/wordpress_test/inpsyde_test/test/wp-content/plugins/plugintestslughere/tests/unit/tests/avatar.php" line="127" assertions="1" time="0.026965"/>
        <testcase name="test_get_avatar_comment_types_filter" class="Tests_Avatar" classname="Tests_Avatar" file="/var/www/html/test/wordpress_test/inpsyde_test/test/wp-content/plugins/plugintestslughere/tests/unit/tests/avatar.php" line="143" assertions="2" time="0.097558"/>
        <testcase name="test_get_avatar" class="Tests_Avatar" classname="Tests_Avatar" file="/var/www/html/test/wordpress_test/inpsyde_test/test/wp-content/plugins/plugintestslughere/tests/unit/tests/avatar.php" line="170" assertions="1" time="0.029377"/>
        <testcase name="test_get_avatar_size" class="Tests_Avatar" classname="Tests_Avatar" file="/var/www/html/test/wordpress_test/inpsyde_test/test/wp-content/plugins/plugintestslughere/tests/unit/tests/avatar.php" line="175" assertions="1" time="0.029733"/>
        <testcase name="test_get_avatar_alt" class="Tests_Avatar" classname="Tests_Avatar" file="/var/www/html/test/wordpress_test/inpsyde_test/test/wp-content/plugins/plugintestslughere/tests/unit/tests/avatar.php" line="181" assertions="1" time="0.040188"/>
        <testcase name="test_get_avatar_class" class="Tests_Avatar" classname="Tests_Avatar" file="/var/www/html/test/wordpress_test/inpsyde_test/test/wp-content/plugins/plugintestslughere/tests/unit/tests/avatar.php" line="187" assertions="1" time="0.030023"/>
        <testcase name="test_get_avatar_default_class" class="Tests_Avatar" classname="Tests_Avatar" file="/var/www/html/test/wordpress_test/inpsyde_test/test/wp-content/plugins/plugintestslughere/tests/unit/tests/avatar.php" line="193" assertions="1" time="0.028940"/>
        <testcase name="test_get_avatar_force_display" class="Tests_Avatar" classname="Tests_Avatar" file="/var/www/html/test/wordpress_test/inpsyde_test/test/wp-content/plugins/plugintestslughere/tests/unit/tests/avatar.php" line="198" assertions="2" time="0.078809"/>
        <testcase name="test_pre_get_avatar_filter" class="Tests_Avatar" classname="Tests_Avatar" file="/var/www/html/test/wordpress_test/inpsyde_test/test/wp-content/plugins/plugintestslughere/tests/unit/tests/avatar.php" line="214" assertions="1" time="0.026061"/>
        <testcase name="test_get_avatar_filter" class="Tests_Avatar" classname="Tests_Avatar" file="/var/www/html/test/wordpress_test/inpsyde_test/test/wp-content/plugins/plugintestslughere/tests/unit/tests/avatar.php" line="230" assertions="1" time="0.028335"/>
        <testcase name="test_get_avatar_data_should_return_gravatar_url_when_input_avatar_comment_type" class="Tests_Avatar" classname="Tests_Avatar" file="/var/www/html/test/wordpress_test/inpsyde_test/test/wp-content/plugins/plugintestslughere/tests/unit/tests/avatar.php" line="248" assertions="2" time="0.098555"/>
        <testcase name="test_get_avatar_data_should_return_invalid_url_when_input_not_avatar_comment_type" class="Tests_Avatar" classname="Tests_Avatar" file="/var/www/html/test/wordpress_test/inpsyde_test/test/wp-content/plugins/plugintestslughere/tests/unit/tests/avatar.php" line="268" assertions="2" time="0.076523"/>
      </testsuite>
      <testsuite name="Tests_Basic" file="/var/www/html/test/wordpress_test/inpsyde_test/test/wp-content/plugins/plugintestslughere/tests/unit/tests/basic.php" tests="6" assertions="11" errors="0" failures="0" skipped="0" time="0.258462">
        <testcase name="test_license" class="Tests_Basic" classname="Tests_Basic" file="/var/www/html/test/wordpress_test/inpsyde_test/test/wp-content/plugins/plugintestslughere/tests/unit/tests/basic.php" line="10" assertions="1" time="0.084746"/>
        <testcase name="test_security_md" class="Tests_Basic" classname="Tests_Basic" file="/var/www/html/test/wordpress_test/inpsyde_test/test/wp-content/plugins/plugintestslughere/tests/unit/tests/basic.php" line="20" assertions="1" time="0.069590"/>
        <testcase name="test_package_json" class="Tests_Basic" classname="Tests_Basic" file="/var/www/html/test/wordpress_test/inpsyde_test/test/wp-content/plugins/plugintestslughere/tests/unit/tests/basic.php" line="31" assertions="1" time="0.026303"/>
        <testcase name="test_package_json_node_engine" class="Tests_Basic" classname="Tests_Basic" file="/var/www/html/test/wordpress_test/inpsyde_test/test/wp-content/plugins/plugintestslughere/tests/unit/tests/basic.php" line="46" assertions="3" time="0.026859"/>
        <testcase name="test_strip_ws" class="Tests_Basic" classname="Tests_Basic" file="/var/www/html/test/wordpress_test/inpsyde_test/test/wp-content/plugins/plugintestslughere/tests/unit/tests/basic.php" line="55" assertions="4" time="0.024596"/>
        <testcase name="test_mask_input_value" class="Tests_Basic" classname="Tests_Basic" file="/var/www/html/test/wordpress_test/inpsyde_test/test/wp-content/plugins/plugintestslughere/tests/unit/tests/basic.php" line="82" assertions="1" time="0.026368"/>
      </testsuite>
      <testsuite name="WP_Block_Context_Test" file="/var/www/html/test/wordpress_test/inpsyde_test/test/wp-content/plugins/plugintestslughere/tests/unit/tests/blocks/block-context.php" tests="3" assertions="3" errors="0" failures="0" skipped="0" time="0.316185">
        <testcase name="test_provides_block_context" class="WP_Block_Context_Test" classname="WP_Block_Context_Test" file="/var/www/html/test/wordpress_test/inpsyde_test/test/wp-content/plugins/plugintestslughere/tests/unit/tests/blocks/block-context.php" line="80" assertions="1" time="0.119279"/>
        <testcase name="test_provides_default_context" class="WP_Block_Context_Test" classname="WP_Block_Context_Test" file="/var/www/html/test/wordpress_test/inpsyde_test/test/wp-content/plugins/plugintestslughere/tests/unit/tests/blocks/block-context.php" line="149" assertions="1" time="0.098523"/>
        <testcase name="test_default_context_is_filterable" class="WP_Block_Context_Test" classname="WP_Block_Context_Test" file="/var/www/html/test/wordpress_test/inpsyde_test/test/wp-content/plugins/plugintestslughere/tests/unit/tests/blocks/block-context.php" line="184" assertions="1" time="0.098383"/>
      </testsuite>
      <testsuite name="WP_Block_List_Test" file="/var/www/html/test/wordpress_test/inpsyde_test/test/wp-content/plugins/plugintestslughere/tests/unit/tests/blocks/block-list.php" tests="3" assertions="10" errors="0" failures="0" skipped="0" time="0.079253">
        <testcase name="test_array_access" class="WP_Block_List_Test" classname="WP_Block_List_Test" file="/var/www/html/test/wordpress_test/inpsyde_test/test/wp-content/plugins/plugintestslughere/tests/unit/tests/blocks/block-list.php" line="48" assertions="4" time="0.027931"/>
        <testcase name="test_iterable" class="WP_Block_List_Test" classname="WP_Block_List_Test" file="/var/www/html/test/wordpress_test/inpsyde_test/test/wp-content/plugins/plugintestslughere/tests/unit/tests/blocks/block-list.php" line="72" assertions="5" time="0.023398"/>
        <testcase name="test_countable" class="WP_Block_List_Test" classname="WP_Block_List_Test" file="/var/www/html/test/wordpress_test/inpsyde_test/test/wp-content/plugins/plugintestslughere/tests/unit/tests/blocks/block-list.php" line="104" assertions="1" time="0.027924"/>
      </testsuite>
      <testsuite name="WP_Test_Block_Parser" file="/var/www/html/test/wordpress_test/inpsyde_test/test/wp-content/plugins/plugintestslughere/tests/unit/tests/blocks/block-parser.php" tests="62" assertions="62" errors="0" failures="0" skipped="0" time="1.995112">
        <testsuite name="WP_Test_Block_Parser::test_default_parser_output" tests="62" assertions="62" errors="0" failures="0" skipped="0" time="1.995112">
          <testcase name="test_default_parser_output with data set #0" class="WP_Test_Block_Parser" classname="WP_Test_Block_Parser" file="/var/www/html/test/wordpress_test/inpsyde_test/test/wp-content/plugins/plugintestslughere/tests/unit/tests/blocks/block-parser.php" line="56" assertions="1" time="0.034633"/>
          <testcase name="test_default_parser_output with data set #1" class="WP_Test_Block_Parser" classname="WP_Test_Block_Parser" file="/var/www/html/test/wordpress_test/inpsyde_test/test/wp-content/plugins/plugintestslughere/tests/unit/tests/blocks/block-parser.php" line="56" assertions="1" time="0.029272"/>
          <testcase name="test_default_parser_output with data set #2" class="WP_Test_Block_Parser" classname="WP_Test_Block_Parser" file="/var/www/html/test/wordpress_test/inpsyde_test/test/wp-content/plugins/plugintestslughere/tests/unit/tests/blocks/block-parser.php" line="56" assertions="1" time="0.024924"/>
          <testcase name="test_default_parser_output with data set #3" class="WP_Test_Block_Parser" classname="WP_Test_Block_Parser" file="/var/www/html/test/wordpress_test/inpsyde_test/test/wp-content/plugins/plugintestslughere/tests/unit/tests/blocks/block-parser.php" line="56" assertions="1" time="0.023615"/>
          <testcase name="test_default_parser_output with data set #4" class="WP_Test_Block_Parser" classname="WP_Test_Block_Parser" file="/var/www/html/test/wordpress_test/inpsyde_test/test/wp-content/plugins/plugintestslughere/tests/unit/tests/blocks/block-parser.php" line="56" assertions="1" time="0.023428"/>
          <testcase name="test_default_parser_output with data set #5" class="WP_Test_Block_Parser" classname="WP_Test_Block_Parser" file="/var/www/html/test/wordpress_test/inpsyde_test/test/wp-content/plugins/plugintestslughere/tests/unit/tests/blocks/block-parser.php" line="56" assertions="1" time="0.025107"/>
          <testcase name="test_default_parser_output with data set #6" class="WP_Test_Block_Parser" classname="WP_Test_Block_Parser" file="/var/www/html/test/wordpress_test/inpsyde_test/test/wp-content/plugins/plugintestslughere/tests/unit/tests/blocks/block-parser.php" line="56" assertions="1" time="0.060449"/>
          <testcase name="test_default_parser_output with data set #7" class="WP_Test_Block_Parser" classname="WP_Test_Block_Parser" file="/var/www/html/test/wordpress_test/inpsyde_test/test/wp-content/plugins/plugintestslughere/tests/unit/tests/blocks/block-parser.php" line="56" assertions="1" time="0.066065"/>
          <testcase name="test_default_parser_output with data set #8" class="WP_Test_Block_Parser" classname="WP_Test_Block_Parser" file="/var/www/html/test/wordpress_test/inpsyde_test/test/wp-content/plugins/plugintestslughere/tests/unit/tests/blocks/block-parser.php" line="56" assertions="1" time="0.034660"/>
          <testcase name="test_default_parser_output with data set #9" class="WP_Test_Block_Parser" classname="WP_Test_Block_Parser" file="/var/www/html/test/wordpress_test/inpsyde_test/test/wp-content/plugins/plugintestslughere/tests/unit/tests/blocks/block-parser.php" line="56" assertions="1" time="0.034431"/>
          <testcase name="test_default_parser_output with data set #10" class="WP_Test_Block_Parser" classname="WP_Test_Block_Parser" file="/var/www/html/test/wordpress_test/inpsyde_test/test/wp-content/plugins/plugintestslughere/tests/unit/tests/blocks/block-parser.php" line="56" assertions="1" time="0.024415"/>
          <testcase name="test_default_parser_output with data set #11" class="WP_Test_Block_Parser" classname="WP_Test_Block_Parser" file="/var/www/html/test/wordpress_test/inpsyde_test/test/wp-content/plugins/plugintestslughere/tests/unit/tests/blocks/block-parser.php" line="56" assertions="1" time="0.025932"/>
          <testcase name="test_default_parser_output with data set #12" class="WP_Test_Block_Parser" classname="WP_Test_Block_Parser" file="/var/www/html/test/wordpress_test/inpsyde_test/test/wp-content/plugins/plugintestslughere/tests/unit/tests/blocks/block-parser.php" line="56" assertions="1" time="0.022294"/>
          <testcase name="test_default_parser_output with data set #13" class="WP_Test_Block_Parser" classname="WP_Test_Block_Parser" file="/var/www/html/test/wordpress_test/inpsyde_test/test/wp-content/plugins/plugintestslughere/tests/unit/tests/blocks/block-parser.php" line="56" assertions="1" time="0.022758"/>
          <testcase name="test_default_parser_output with data set #14" class="WP_Test_Block_Parser" classname="WP_Test_Block_Parser" file="/var/www/html/test/wordpress_test/inpsyde_test/test/wp-content/plugins/plugintestslughere/tests/unit/tests/blocks/block-parser.php" line="56" assertions="1" time="0.024251"/>
          <testcase name="test_default_parser_output with data set #15" class="WP_Test_Block_Parser" classname="WP_Test_Block_Parser" file="/var/www/html/test/wordpress_test/inpsyde_test/test/wp-content/plugins/plugintestslughere/tests/unit/tests/blocks/block-parser.php" line="56" assertions="1" time="0.022926"/>
          <testcase name="test_default_parser_output with data set #16" class="WP_Test_Block_Parser" classname="WP_Test_Block_Parser" file="/var/www/html/test/wordpress_test/inpsyde_test/test/wp-content/plugins/plugintestslughere/tests/unit/tests/blocks/block-parser.php" line="56" assertions="1" time="0.021604"/>
          <testcase name="test_default_parser_output with data set #17" class="WP_Test_Block_Parser" classname="WP_Test_Block_Parser" file="/var/www/html/test/wordpress_test/inpsyde_test/test/wp-content/plugins/plugintestslughere/tests/unit/tests/blocks/block-parser.php" line="56" assertions="1" time="0.023095"/>
          <testcase name="test_default_parser_output with data set #18" class="WP_Test_Block_Parser" classname="WP_Test_Block_Parser" file="/var/www/html/test/wordpress_test/inpsyde_test/test/wp-content/plugins/plugintestslughere/tests/unit/tests/blocks/block-parser.php" line="56" assertions="1" time="0.022041"/>
          <testcase name="test_default_parser_output with data set #19" class="WP_Test_Block_Parser" classname="WP_Test_Block_Parser" file="/var/www/html/test/wordpress_test/inpsyde_test/test/wp-content/plugins/plugintestslughere/tests/unit/tests/blocks/block-parser.php" line="56" assertions="1" time="0.022374"/>
          <testcase name="test_default_parser_output with data set #20" class="WP_Test_Block_Parser" classname="WP_Test_Block_Parser" file="/var/www/html/test/wordpress_test/inpsyde_test/test/wp-content/plugins/plugintestslughere/tests/unit/tests/blocks/block-parser.php" line="56" assertions="1" time="0.021351"/>
          <testcase name="test_default_parser_output with data set #21" class="WP_Test_Block_Parser" classname="WP_Test_Block_Parser" file="/var/www/html/test/wordpress_test/inpsyde_test/test/wp-content/plugins/plugintestslughere/tests/unit/tests/blocks/block-parser.php" line="56" assertions="1" time="0.022453"/>
          <testcase name="test_default_parser_output with data set #22" class="WP_Test_Block_Parser" classname="WP_Test_Block_Parser" file="/var/www/html/test/wordpress_test/inpsyde_test/test/wp-content/plugins/plugintestslughere/tests/unit/tests/blocks/block-parser.php" line="56" assertions="1" time="0.022776"/>
          <testcase name="test_default_parser_output with data set #23" class="WP_Test_Block_Parser" classname="WP_Test_Block_Parser" file="/var/www/html/test/wordpress_test/inpsyde_test/test/wp-content/plugins/plugintestslughere/tests/unit/tests/blocks/block-parser.php" line="56" assertions="1" time="0.022171"/>
          <testcase name="test_default_parser_output with data set #24" class="WP_Test_Block_Parser" classname="WP_Test_Block_Parser" file="/var/www/html/test/wordpress_test/inpsyde_test/test/wp-content/plugins/plugintestslughere/tests/unit/tests/blocks/block-parser.php" line="56" assertions="1" time="0.022094"/>
          <testcase name="test_default_parser_output with data set #25" class="WP_Test_Block_Parser" classname="WP_Test_Block_Parser" file="/var/www/html/test/wordpress_test/inpsyde_test/test/wp-content/plugins/plugintestslughere/tests/unit/tests/blocks/block-parser.php" line="56" assertions="1" time="0.023760"/>
          <testcase name="test_default_parser_output with data set #26" class="WP_Test_Block_Parser" classname="WP_Test_Block_Parser" file="/var/www/html/test/wordpress_test/inpsyde_test/test/wp-content/plugins/plugintestslughere/tests/unit/tests/blocks/block-parser.php" line="56" assertions="1" time="0.022520"/>
          <testcase name="test_default_parser_output with data set #27" class="WP_Test_Block_Parser" classname="WP_Test_Block_Parser" file="/var/www/html/test/wordpress_test/inpsyde_test/test/wp-content/plugins/plugintestslughere/tests/unit/tests/blocks/block-parser.php" line="56" assertions="1" time="0.022891"/>
          <testcase name="test_default_parser_output with data set #28" class="WP_Test_Block_Parser" classname="WP_Test_Block_Parser" file="/var/www/html/test/wordpress_test/inpsyde_test/test/wp-content/plugins/plugintestslughere/tests/unit/tests/blocks/block-parser.php" line="56" assertions="1" time="0.021452"/>
          <testcase name="test_default_parser_output with data set #29" class="WP_Test_Block_Parser" classname="WP_Test_Block_Parser" file="/var/www/html/test/wordpress_test/inpsyde_test/test/wp-content/plugins/plugintestslughere/tests/unit/tests/blocks/block-parser.php" line="56" assertions="1" time="0.022127"/>
          <testcase name="test_default_parser_output with data set #30" class="WP_Test_Block_Parser" classname="WP_Test_Block_Parser" file="/var/www/html/test/wordpress_test/inpsyde_test/test/wp-content/plugins/plugintestslughere/tests/unit/tests/blocks/block-parser.php" line="56" assertions="1" time="0.022538"/>
          <testcase name="test_default_parser_output with data set #31" class="WP_Test_Block_Parser" classname="WP_Test_Block_Parser" file="/var/www/html/test/wordpress_test/inpsyde_test/test/wp-content/plugins/plugintestslughere/tests/unit/tests/blocks/block-parser.php" line="56" assertions="1" time="0.023072"/>
          <testcase name="test_default_parser_output with data set #32" class="WP_Test_Block_Parser" classname="WP_Test_Block_Parser" file="/var/www/html/test/wordpress_test/inpsyde_test/test/wp-content/plugins/plugintestslughere/tests/unit/tests/blocks/block-parser.php" line="56" assertions="1" time="0.021729"/>
          <testcase name="test_default_parser_output with data set #33" class="WP_Test_Block_Parser" classname="WP_Test_Block_Parser" file="/var/www/html/test/wordpress_test/inpsyde_test/test/wp-content/plugins/plugintestslughere/tests/unit/tests/blocks/block-parser.php" line="56" assertions="1" time="0.022287"/>
          <testcase name="test_default_parser_output with data set #34" class="WP_Test_Block_Parser" classname="WP_Test_Block_Parser" file="/var/www/html/test/wordpress_test/inpsyde_test/test/wp-content/plugins/plugintestslughere/tests/unit/tests/blocks/block-parser.php" line="56" assertions="1" time="0.024387"/>
          <testcase name="test_default_parser_output with data set #35" class="WP_Test_Block_Parser" classname="WP_Test_Block_Parser" file="/var/www/html/test/wordpress_test/inpsyde_test/test/wp-content/plugins/plugintestslughere/tests/unit/tests/blocks/block-parser.php" line="56" assertions="1" time="0.023769"/>
          <testcase name="test_default_parser_output with data set #36" class="WP_Test_Block_Parser" classname="WP_Test_Block_Parser" file="/var/www/html/test/wordpress_test/inpsyde_test/test/wp-content/plugins/plugintestslughere/tests/unit/tests/blocks/block-parser.php" line="56" assertions="1" time="0.024413"/>
          <testcase name="test_default_parser_output with data set #37" class="WP_Test_Block_Parser" classname="WP_Test_Block_Parser" file="/var/www/html/test/wordpress_test/inpsyde_test/test/wp-content/plugins/plugintestslughere/tests/unit/tests/blocks/block-parser.php" line="56" assertions="1" time="0.024815"/>
          <testcase name="test_default_parser_output with data set #38" class="WP_Test_Block_Parser" classname="WP_Test_Block_Parser" file="/var/www/html/test/wordpress_test/inpsyde_test/test/wp-content/plugins/plugintestslughere/tests/unit/tests/blocks/block-parser.php" line="56" assertions="1" time="0.022760"/>
          <testcase name="test_default_parser_output with data set #39" class="WP_Test_Block_Parser" classname="WP_Test_Block_Parser" file="/var/www/html/test/wordpress_test/inpsyde_test/test/wp-content/plugins/plugintestslughere/tests/unit/tests/blocks/block-parser.php" line="56" assertions="1" time="0.027047"/>
          <testcase name="test_default_parser_output with data set #40" class="WP_Test_Block_Parser" classname="WP_Test_Block_Parser" file="/var/www/html/test/wordpress_test/inpsyde_test/test/wp-content/plugins/plugintestslughere/tests/unit/tests/blocks/block-parser.php" line="56" assertions="1" time="0.051495"/>
          <testcase name="test_default_parser_output with data set #41" class="WP_Test_Block_Parser" classname="WP_Test_Block_Parser" file="/var/www/html/test/wordpress_test/inpsyde_test/test/wp-content/plugins/plugintestslughere/tests/unit/tests/blocks/block-parser.php" line="56" assertions="1" time="0.043751"/>
          <testcase name="test_default_parser_output with data set #42" class="WP_Test_Block_Parser" classname="WP_Test_Block_Parser" file="/var/www/html/test/wordpress_test/inpsyde_test/test/wp-content/plugins/plugintestslughere/tests/unit/tests/blocks/block-parser.php" line="56" assertions="1" time="0.087881"/>
          <testcase name="test_default_parser_output with data set #43" class="WP_Test_Block_Parser" classname="WP_Test_Block_Parser" file="/var/www/html/test/wordpress_test/inpsyde_test/test/wp-content/plugins/plugintestslughere/tests/unit/tests/blocks/block-parser.php" line="56" assertions="1" time="0.055181"/>
          <testcase name="test_default_parser_output with data set #44" class="WP_Test_Block_Parser" classname="WP_Test_Block_Parser" file="/var/www/html/test/wordpress_test/inpsyde_test/test/wp-content/plugins/plugintestslughere/tests/unit/tests/blocks/block-parser.php" line="56" assertions="1" time="0.042946"/>
          <testcase name="test_default_parser_output with data set #45" class="WP_Test_Block_Parser" classname="WP_Test_Block_Parser" file="/var/www/html/test/wordpress_test/inpsyde_test/test/wp-content/plugins/plugintestslughere/tests/unit/tests/blocks/block-parser.php" line="56" assertions="1" time="0.031346"/>
          <testcase name="test_default_parser_output with data set #46" class="WP_Test_Block_Parser" classname="WP_Test_Block_Parser" file="/var/www/html/test/wordpress_test/inpsyde_test/test/wp-content/plugins/plugintestslughere/tests/unit/tests/blocks/block-parser.php" line="56" assertions="1" time="0.050982"/>
          <testcase name="test_default_parser_output with data set #47" class="WP_Test_Block_Parser" classname="WP_Test_Block_Parser" file="/var/www/html/test/wordpress_test/inpsyde_test/test/wp-content/plugins/plugintestslughere/tests/unit/tests/blocks/block-parser.php" line="56" assertions="1" time="0.024676"/>
          <testcase name="test_default_parser_output with data set #48" class="WP_Test_Block_Parser" classname="WP_Test_Block_Parser" file="/var/www/html/test/wordpress_test/inpsyde_test/test/wp-content/plugins/plugintestslughere/tests/unit/tests/blocks/block-parser.php" line="56" assertions="1" time="0.038438"/>
          <testcase name="test_default_parser_output with data set #49" class="WP_Test_Block_Parser" classname="WP_Test_Block_Parser" file="/var/www/html/test/wordpress_test/inpsyde_test/test/wp-content/plugins/plugintestslughere/tests/unit/tests/blocks/block-parser.php" line="56" assertions="1" time="0.061740"/>
          <testcase name="test_default_parser_output with data set #50" class="WP_Test_Block_Parser" classname="WP_Test_Block_Parser" file="/var/www/html/test/wordpress_test/inpsyde_test/test/wp-content/plugins/plugintestslughere/tests/unit/tests/blocks/block-parser.php" line="56" assertions="1" time="0.083116"/>
          <testcase name="test_default_parser_output with data set #51" class="WP_Test_Block_Parser" classname="WP_Test_Block_Parser" file="/var/www/html/test/wordpress_test/inpsyde_test/test/wp-content/plugins/plugintestslughere/tests/unit/tests/blocks/block-parser.php" line="56" assertions="1" time="0.041007"/>
          <testcase name="test_default_parser_output with data set #52" class="WP_Test_Block_Parser" classname="WP_Test_Block_Parser" file="/var/www/html/test/wordpress_test/inpsyde_test/test/wp-content/plugins/plugintestslughere/tests/unit/tests/blocks/block-parser.php" line="56" assertions="1" time="0.063230"/>
          <testcase name="test_default_parser_output with data set #53" class="WP_Test_Block_Parser" classname="WP_Test_Block_Parser" file="/var/www/html/test/wordpress_test/inpsyde_test/test/wp-content/plugins/plugintestslughere/tests/unit/tests/blocks/block-parser.php" line="56" assertions="1" time="0.044610"/>
          <testcase name="test_default_parser_output with data set #54" class="WP_Test_Block_Parser" classname="WP_Test_Block_Parser" file="/var/www/html/test/wordpress_test/inpsyde_test/test/wp-content/plugins/plugintestslughere/tests/unit/tests/blocks/block-parser.php" line="56" assertions="1" time="0.034994"/>
          <testcase name="test_default_parser_output with data set #55" class="WP_Test_Block_Parser" classname="WP_Test_Block_Parser" file="/var/www/html/test/wordpress_test/inpsyde_test/test/wp-content/plugins/plugintestslughere/tests/unit/tests/blocks/block-parser.php" line="56" assertions="1" time="0.038816"/>
          <testcase name="test_default_parser_output with data set #56" class="WP_Test_Block_Parser" classname="WP_Test_Block_Parser" file="/var/www/html/test/wordpress_test/inpsyde_test/test/wp-content/plugins/plugintestslughere/tests/unit/tests/blocks/block-parser.php" line="56" assertions="1" time="0.028502"/>
          <testcase name="test_default_parser_output with data set #57" class="WP_Test_Block_Parser" classname="WP_Test_Block_Parser" file="/var/www/html/test/wordpress_test/inpsyde_test/test/wp-content/plugins/plugintestslughere/tests/unit/tests/blocks/block-parser.php" line="56" assertions="1" time="0.027112"/>
          <testcase name="test_default_parser_output with data set #58" class="WP_Test_Block_Parser" classname="WP_Test_Block_Parser" file="/var/www/html/test/wordpress_test/inpsyde_test/test/wp-content/plugins/plugintestslughere/tests/unit/tests/blocks/block-parser.php" line="56" assertions="1" time="0.026047"/>
          <testcase name="test_default_parser_output with data set #59" class="WP_Test_Block_Parser" classname="WP_Test_Block_Parser" file="/var/www/html/test/wordpress_test/inpsyde_test/test/wp-content/plugins/plugintestslughere/tests/unit/tests/blocks/block-parser.php" line="56" assertions="1" time="0.025251"/>
          <testcase name="test_default_parser_output with data set #60" class="WP_Test_Block_Parser" classname="WP_Test_Block_Parser" file="/var/www/html/test/wordpress_test/inpsyde_test/test/wp-content/plugins/plugintestslughere/tests/unit/tests/blocks/block-parser.php" line="56" assertions="1" time="0.023004"/>
          <testcase name="test_default_parser_output with data set #61" class="WP_Test_Block_Parser" classname="WP_Test_Block_Parser" file="/var/www/html/test/wordpress_test/inpsyde_test/test/wp-content/plugins/plugintestslughere/tests/unit/tests/blocks/block-parser.php" line="56" assertions="1" time="0.022299"/>
        </testsuite>
      </testsuite>
      <testsuite name="WP_Test_Block_Type_Registry" file="/var/www/html/test/wordpress_test/inpsyde_test/test/wp-content/plugins/plugintestslughere/tests/unit/tests/blocks/block-type-registry.php" tests="10" assertions="21" errors="0" failures="0" skipped="0" time="0.235236">
        <testcase name="test_invalid_non_string_names" class="WP_Test_Block_Type_Registry" classname="WP_Test_Block_Type_Registry" file="/var/www/html/test/wordpress_test/inpsyde_test/test/wp-content/plugins/plugintestslughere/tests/unit/tests/blocks/block-type-registry.php" line="56" assertions="2" time="0.027747"/>
        <testcase name="test_invalid_names_without_namespace" class="WP_Test_Block_Type_Registry" classname="WP_Test_Block_Type_Registry" file="/var/www/html/test/wordpress_test/inpsyde_test/test/wp-content/plugins/plugintestslughere/tests/unit/tests/blocks/block-type-registry.php" line="68" assertions="2" time="0.025202"/>
        <testcase name="test_invalid_characters" class="WP_Test_Block_Type_Registry" classname="WP_Test_Block_Type_Registry" file="/var/www/html/test/wordpress_test/inpsyde_test/test/wp-content/plugins/plugintestslughere/tests/unit/tests/blocks/block-type-registry.php" line="80" assertions="2" time="0.024025"/>
        <testcase name="test_uppercase_characters" class="WP_Test_Block_Type_Registry" classname="WP_Test_Block_Type_Registry" file="/var/www/html/test/wordpress_test/inpsyde_test/test/wp-content/plugins/plugintestslughere/tests/unit/tests/blocks/block-type-registry.php" line="92" assertions="2" time="0.024036"/>
        <testcase name="test_register_block_type" class="WP_Test_Block_Type_Registry" classname="WP_Test_Block_Type_Registry" file="/var/www/html/test/wordpress_test/inpsyde_test/test/wp-content/plugins/plugintestslughere/tests/unit/tests/blocks/block-type-registry.php" line="102" assertions="3" time="0.023962"/>
        <testcase name="test_register_block_type_twice" class="WP_Test_Block_Type_Registry" classname="WP_Test_Block_Type_Registry" file="/var/www/html/test/wordpress_test/inpsyde_test/test/wp-content/plugins/plugintestslughere/tests/unit/tests/blocks/block-type-registry.php" line="121" assertions="3" time="0.022296"/>
        <testcase name="test_register_block_type_instance" class="WP_Test_Block_Type_Registry" classname="WP_Test_Block_Type_Registry" file="/var/www/html/test/wordpress_test/inpsyde_test/test/wp-content/plugins/plugintestslughere/tests/unit/tests/blocks/block-type-registry.php" line="138" assertions="1" time="0.021350"/>
        <testcase name="test_unregister_not_registered_block" class="WP_Test_Block_Type_Registry" classname="WP_Test_Block_Type_Registry" file="/var/www/html/test/wordpress_test/inpsyde_test/test/wp-content/plugins/plugintestslughere/tests/unit/tests/blocks/block-type-registry.php" line="152" assertions="2" time="0.022672"/>
        <testcase name="test_unregister_block_type" class="WP_Test_Block_Type_Registry" classname="WP_Test_Block_Type_Registry" file="/var/www/html/test/wordpress_test/inpsyde_test/test/wp-content/plugins/plugintestslughere/tests/unit/tests/blocks/block-type-registry.php" line="162" assertions="3" time="0.022840"/>
        <testcase name="test_get_all_registered" class="WP_Test_Block_Type_Registry" classname="WP_Test_Block_Type_Registry" file="/var/www/html/test/wordpress_test/inpsyde_test/test/wp-content/plugins/plugintestslughere/tests/unit/tests/blocks/block-type-registry.php" line="178" assertions="1" time="0.021106"/>
      </testsuite>
      <testsuite name="WP_Test_Block_Type" file="/var/www/html/test/wordpress_test/inpsyde_test/test/wp-content/plugins/plugintestslughere/tests/unit/tests/blocks/block-type.php" tests="19" assertions="50" errors="0" failures="0" skipped="0" time="0.440209">
        <testcase name="test_set_props" class="WP_Test_Block_Type" classname="WP_Test_Block_Type" file="/var/www/html/test/wordpress_test/inpsyde_test/test/wp-content/plugins/plugintestslughere/tests/unit/tests/blocks/block-type.php" line="73" assertions="3" time="0.044510"/>
        <testcase name="test_render" class="WP_Test_Block_Type" classname="WP_Test_Block_Type" file="/var/www/html/test/wordpress_test/inpsyde_test/test/wp-content/plugins/plugintestslughere/tests/unit/tests/blocks/block-type.php" line="90" assertions="1" time="0.034845"/>
        <testcase name="test_render_with_content" class="WP_Test_Block_Type" classname="WP_Test_Block_Type" file="/var/www/html/test/wordpress_test/inpsyde_test/test/wp-content/plugins/plugintestslughere/tests/unit/tests/blocks/block-type.php" line="109" assertions="1" time="0.020932"/>
        <testcase name="test_render_for_static_block" class="WP_Test_Block_Type" classname="WP_Test_Block_Type" file="/var/www/html/test/wordpress_test/inpsyde_test/test/wp-content/plugins/plugintestslughere/tests/unit/tests/blocks/block-type.php" line="132" assertions="1" time="0.021335"/>
        <testcase name="test_is_dynamic_for_static_block" class="WP_Test_Block_Type" classname="WP_Test_Block_Type" file="/var/www/html/test/wordpress_test/inpsyde_test/test/wp-content/plugins/plugintestslughere/tests/unit/tests/blocks/block-type.php" line="142" assertions="1" time="0.020759"/>
        <testcase name="test_is_dynamic_for_dynamic_block" class="WP_Test_Block_Type" classname="WP_Test_Block_Type" file="/var/www/html/test/wordpress_test/inpsyde_test/test/wp-content/plugins/plugintestslughere/tests/unit/tests/blocks/block-type.php" line="151" assertions="1" time="0.019565"/>
        <testcase name="test_prepare_attributes" class="WP_Test_Block_Type" classname="WP_Test_Block_Type" file="/var/www/html/test/wordpress_test/inpsyde_test/test/wp-content/plugins/plugintestslughere/tests/unit/tests/blocks/block-type.php" line="165" assertions="1" time="0.021264"/>
        <testcase name="test_prepare_attributes_none_defined" class="WP_Test_Block_Type" classname="WP_Test_Block_Type" file="/var/www/html/test/wordpress_test/inpsyde_test/test/wp-content/plugins/plugintestslughere/tests/unit/tests/blocks/block-type.php" line="219" assertions="1" time="0.020401"/>
        <testcase name="test_has_block_with_mixed_content" class="WP_Test_Block_Type" classname="WP_Test_Block_Type" file="/var/www/html/test/wordpress_test/inpsyde_test/test/wp-content/plugins/plugintestslughere/tests/unit/tests/blocks/block-type.php" line="232" assertions="8" time="0.021421"/>
        <testcase name="test_has_block_with_invalid_content" class="WP_Test_Block_Type" classname="WP_Test_Block_Type" file="/var/www/html/test/wordpress_test/inpsyde_test/test/wp-content/plugins/plugintestslughere/tests/unit/tests/blocks/block-type.php" line="267" assertions="5" time="0.021224"/>
        <testcase name="test_post_has_block" class="WP_Test_Block_Type" classname="WP_Test_Block_Type" file="/var/www/html/test/wordpress_test/inpsyde_test/test/wp-content/plugins/plugintestslughere/tests/unit/tests/blocks/block-type.php" line="290" assertions="5" time="0.021358"/>
        <testcase name="test_post_has_block_serialized_name" class="WP_Test_Block_Type" classname="WP_Test_Block_Type" file="/var/www/html/test/wordpress_test/inpsyde_test/test/wp-content/plugins/plugintestslughere/tests/unit/tests/blocks/block-type.php" line="307" assertions="8" time="0.020932"/>
        <testcase name="test_register_block" class="WP_Test_Block_Type" classname="WP_Test_Block_Type" file="/var/www/html/test/wordpress_test/inpsyde_test/test/wp-content/plugins/plugintestslughere/tests/unit/tests/blocks/block-type.php" line="355" assertions="8" time="0.020109"/>
        <testsuite name="WP_Test_Block_Type::test_block_version" tests="6" assertions="6" errors="0" failures="0" skipped="0" time="0.131553">
          <testcase name="test_block_version with data set #0" class="WP_Test_Block_Type" classname="WP_Test_Block_Type" file="/var/www/html/test/wordpress_test/inpsyde_test/test/wp-content/plugins/plugintestslughere/tests/unit/tests/blocks/block-type.php" line="390" assertions="1" time="0.021872"/>
          <testcase name="test_block_version with data set #1" class="WP_Test_Block_Type" classname="WP_Test_Block_Type" file="/var/www/html/test/wordpress_test/inpsyde_test/test/wp-content/plugins/plugintestslughere/tests/unit/tests/blocks/block-type.php" line="390" assertions="1" time="0.021976"/>
          <testcase name="test_block_version with data set #2" class="WP_Test_Block_Type" classname="WP_Test_Block_Type" file="/var/www/html/test/wordpress_test/inpsyde_test/test/wp-content/plugins/plugintestslughere/tests/unit/tests/blocks/block-type.php" line="390" assertions="1" time="0.021528"/>
          <testcase name="test_block_version with data set #3" class="WP_Test_Block_Type" classname="WP_Test_Block_Type" file="/var/www/html/test/wordpress_test/inpsyde_test/test/wp-content/plugins/plugintestslughere/tests/unit/tests/blocks/block-type.php" line="390" assertions="1" time="0.021652"/>
          <testcase name="test_block_version with data set #4" class="WP_Test_Block_Type" classname="WP_Test_Block_Type" file="/var/www/html/test/wordpress_test/inpsyde_test/test/wp-content/plugins/plugintestslughere/tests/unit/tests/blocks/block-type.php" line="390" assertions="1" time="0.022484"/>
          <testcase name="test_block_version with data set #5" class="WP_Test_Block_Type" classname="WP_Test_Block_Type" file="/var/www/html/test/wordpress_test/inpsyde_test/test/wp-content/plugins/plugintestslughere/tests/unit/tests/blocks/block-type.php" line="390" assertions="1" time="0.022041"/>
        </testsuite>
      </testsuite>
      <testsuite name="WP_Block_Test" file="/var/www/html/test/wordpress_test/inpsyde_test/test/wp-content/plugins/plugintestslughere/tests/unit/tests/blocks/block.php" tests="13" assertions="24" errors="0" failures="0" skipped="0" time="0.367795">
        <testcase name="test_constructor_assigns_properties_from_parsed_block" class="WP_Block_Test" classname="WP_Block_Test" file="/var/www/html/test/wordpress_test/inpsyde_test/test/wp-content/plugins/plugintestslughere/tests/unit/tests/blocks/block.php" line="51" assertions="5" time="0.045637"/>
        <testcase name="test_constructor_assigns_block_type_from_registry" class="WP_Block_Test" classname="WP_Block_Test" file="/var/www/html/test/wordpress_test/inpsyde_test/test/wp-content/plugins/plugintestslughere/tests/unit/tests/blocks/block.php" line="69" assertions="2" time="0.038984"/>
        <testcase name="test_lazily_assigns_attributes_with_defaults" class="WP_Block_Test" classname="WP_Block_Test" file="/var/www/html/test/wordpress_test/inpsyde_test/test/wp-content/plugins/plugintestslughere/tests/unit/tests/blocks/block.php" line="94" assertions="1" time="0.033494"/>
        <testcase name="test_lazily_assigns_attributes_with_only_defaults" class="WP_Block_Test" classname="WP_Block_Test" file="/var/www/html/test/wordpress_test/inpsyde_test/test/wp-content/plugins/plugintestslughere/tests/unit/tests/blocks/block.php" line="128" assertions="2" time="0.030046"/>
        <testcase name="test_constructor_assigns_context_from_block_type" class="WP_Block_Test" classname="WP_Block_Test" file="/var/www/html/test/wordpress_test/inpsyde_test/test/wp-content/plugins/plugintestslughere/tests/unit/tests/blocks/block.php" line="156" assertions="1" time="0.027535"/>
        <testcase name="test_constructor_maps_inner_blocks" class="WP_Block_Test" classname="WP_Block_Test" file="/var/www/html/test/wordpress_test/inpsyde_test/test/wp-content/plugins/plugintestslughere/tests/unit/tests/blocks/block.php" line="177" assertions="3" time="0.027652"/>
        <testcase name="test_constructor_prepares_context_for_inner_blocks" class="WP_Block_Test" classname="WP_Block_Test" file="/var/www/html/test/wordpress_test/inpsyde_test/test/wp-content/plugins/plugintestslughere/tests/unit/tests/blocks/block.php" line="193" assertions="2" time="0.026324"/>
        <testcase name="test_constructor_assigns_merged_context" class="WP_Block_Test" classname="WP_Block_Test" file="/var/www/html/test/wordpress_test/inpsyde_test/test/wp-content/plugins/plugintestslughere/tests/unit/tests/blocks/block.php" line="229" assertions="3" time="0.023697"/>
        <testcase name="test_render_static_block_type_returns_own_content" class="WP_Block_Test" classname="WP_Block_Test" file="/var/www/html/test/wordpress_test/inpsyde_test/test/wp-content/plugins/plugintestslughere/tests/unit/tests/blocks/block.php" line="273" assertions="1" time="0.023557"/>
        <testcase name="test_render_passes_block_for_render_callback" class="WP_Block_Test" classname="WP_Block_Test" file="/var/www/html/test/wordpress_test/inpsyde_test/test/wp-content/plugins/plugintestslughere/tests/unit/tests/blocks/block.php" line="295" assertions="1" time="0.023411"/>
        <testcase name="test_render_applies_render_block_filter" class="WP_Block_Test" classname="WP_Block_Test" file="/var/www/html/test/wordpress_test/inpsyde_test/test/wp-content/plugins/plugintestslughere/tests/unit/tests/blocks/block.php" line="316" assertions="1" time="0.022990"/>
        <testcase name="test_passes_attributes_to_render_callback" class="WP_Block_Test" classname="WP_Block_Test" file="/var/www/html/test/wordpress_test/inpsyde_test/test/wp-content/plugins/plugintestslughere/tests/unit/tests/blocks/block.php" line="337" assertions="1" time="0.022014"/>
        <testcase name="test_passes_content_to_render_callback" class="WP_Block_Test" classname="WP_Block_Test" file="/var/www/html/test/wordpress_test/inpsyde_test/test/wp-content/plugins/plugintestslughere/tests/unit/tests/blocks/block.php" line="371" assertions="1" time="0.022454"/>
      </testsuite>
      <testsuite name="WP_Test_Block_Register" file="/var/www/html/test/wordpress_test/inpsyde_test/test/wp-content/plugins/plugintestslughere/tests/unit/tests/blocks/register.php" tests="20" assertions="47" errors="0" failures="0" skipped="0" time="0.592098">
        <testcase name="test_register_affects_main_registry" class="WP_Test_Block_Register" classname="WP_Test_Block_Register" file="/var/www/html/test/wordpress_test/inpsyde_test/test/wp-content/plugins/plugintestslughere/tests/unit/tests/blocks/register.php" line="77" assertions="1" time="0.032388"/>
        <testcase name="test_unregister_affects_main_registry" class="WP_Test_Block_Register" classname="WP_Test_Block_Register" file="/var/www/html/test/wordpress_test/inpsyde_test/test/wp-content/plugins/plugintestslughere/tests/unit/tests/blocks/register.php" line="92" assertions="1" time="0.030227"/>
        <testcase name="test_does_not_remove_block_asset_path_prefix" class="WP_Test_Block_Register" classname="WP_Test_Block_Register" file="/var/www/html/test/wordpress_test/inpsyde_test/test/wp-content/plugins/plugintestslughere/tests/unit/tests/blocks/register.php" line="108" assertions="1" time="0.028693"/>
        <testcase name="test_removes_block_asset_path_prefix" class="WP_Test_Block_Register" classname="WP_Test_Block_Register" file="/var/www/html/test/wordpress_test/inpsyde_test/test/wp-content/plugins/plugintestslughere/tests/unit/tests/blocks/register.php" line="117" assertions="1" time="0.028501"/>
        <testcase name="test_generate_block_asset_handle" class="WP_Test_Block_Register" classname="WP_Test_Block_Register" file="/var/www/html/test/wordpress_test/inpsyde_test/test/wp-content/plugins/plugintestslughere/tests/unit/tests/blocks/register.php" line="126" assertions="4" time="0.041634"/>
        <testcase name="test_field_not_found_register_block_script_handle" class="WP_Test_Block_Register" classname="WP_Test_Block_Register" file="/var/www/html/test/wordpress_test/inpsyde_test/test/wp-content/plugins/plugintestslughere/tests/unit/tests/blocks/register.php" line="150" assertions="1" time="0.030022"/>
        <testcase name="test_empty_value_register_block_script_handle" class="WP_Test_Block_Register" classname="WP_Test_Block_Register" file="/var/www/html/test/wordpress_test/inpsyde_test/test/wp-content/plugins/plugintestslughere/tests/unit/tests/blocks/register.php" line="159" assertions="1" time="0.028145"/>
        <testcase name="test_missing_asset_file_register_block_script_handle" class="WP_Test_Block_Register" classname="WP_Test_Block_Register" file="/var/www/html/test/wordpress_test/inpsyde_test/test/wp-content/plugins/plugintestslughere/tests/unit/tests/blocks/register.php" line="170" assertions="2" time="0.027255"/>
        <testcase name="test_handle_passed_register_block_script_handle" class="WP_Test_Block_Register" classname="WP_Test_Block_Register" file="/var/www/html/test/wordpress_test/inpsyde_test/test/wp-content/plugins/plugintestslughere/tests/unit/tests/blocks/register.php" line="184" assertions="1" time="0.026196"/>
        <testcase name="test_success_register_block_script_handle" class="WP_Test_Block_Register" classname="WP_Test_Block_Register" file="/var/www/html/test/wordpress_test/inpsyde_test/test/wp-content/plugins/plugintestslughere/tests/unit/tests/blocks/register.php" line="196" assertions="1" time="0.024601"/>
        <testcase name="test_field_not_found_register_block_style_handle" class="WP_Test_Block_Register" classname="WP_Test_Block_Register" file="/var/www/html/test/wordpress_test/inpsyde_test/test/wp-content/plugins/plugintestslughere/tests/unit/tests/blocks/register.php" line="210" assertions="1" time="0.025926"/>
        <testcase name="test_empty_value_found_register_block_style_handle" class="WP_Test_Block_Register" classname="WP_Test_Block_Register" file="/var/www/html/test/wordpress_test/inpsyde_test/test/wp-content/plugins/plugintestslughere/tests/unit/tests/blocks/register.php" line="219" assertions="1" time="0.021987"/>
        <testcase name="test_handle_passed_register_block_style_handle" class="WP_Test_Block_Register" classname="WP_Test_Block_Register" file="/var/www/html/test/wordpress_test/inpsyde_test/test/wp-content/plugins/plugintestslughere/tests/unit/tests/blocks/register.php" line="229" assertions="1" time="0.021402"/>
        <testcase name="test_success_register_block_style_handle" class="WP_Test_Block_Register" classname="WP_Test_Block_Register" file="/var/www/html/test/wordpress_test/inpsyde_test/test/wp-content/plugins/plugintestslughere/tests/unit/tests/blocks/register.php" line="241" assertions="1" time="0.020543"/>
        <testcase name="test_metadata_not_found_in_wordpress_core" class="WP_Test_Block_Register" classname="WP_Test_Block_Register" file="/var/www/html/test/wordpress_test/inpsyde_test/test/wp-content/plugins/plugintestslughere/tests/unit/tests/blocks/register.php" line="258" assertions="1" time="0.022002"/>
        <testcase name="test_metadata_not_found_in_the_current_directory" class="WP_Test_Block_Register" classname="WP_Test_Block_Register" file="/var/www/html/test/wordpress_test/inpsyde_test/test/wp-content/plugins/plugintestslughere/tests/unit/tests/blocks/register.php" line="270" assertions="1" time="0.021249"/>
        <testcase name="test_block_registers_with_metadata_fixture" class="WP_Test_Block_Register" classname="WP_Test_Block_Register" file="/var/www/html/test/wordpress_test/inpsyde_test/test/wp-content/plugins/plugintestslughere/tests/unit/tests/blocks/register.php" line="282" assertions="18" time="0.033454"/>
        <testcase name="test_get_dynamic_block_names" class="WP_Test_Block_Register" classname="WP_Test_Block_Register" file="/var/www/html/test/wordpress_test/inpsyde_test/test/wp-content/plugins/plugintestslughere/tests/unit/tests/blocks/register.php" line="350" assertions="2" time="0.021425"/>
        <testcase name="test_has_blocks" class="WP_Test_Block_Register" classname="WP_Test_Block_Register" file="/var/www/html/test/wordpress_test/inpsyde_test/test/wp-content/plugins/plugintestslughere/tests/unit/tests/blocks/register.php" line="363" assertions="6" time="0.084093"/>
        <testcase name="test_filter_block_registration" class="WP_Test_Block_Register" classname="WP_Test_Block_Register" file="/var/www/html/test/wordpress_test/inpsyde_test/test/wp-content/plugins/plugintestslughere/tests/unit/tests/blocks/register.php" line="387" assertions="1" time="0.022355"/>
      </testsuite>
      <testsuite name="WP_Test_Render_Reusable_Blocks" file="/var/www/html/test/wordpress_test/inpsyde_test/test/wp-content/plugins/plugintestslughere/tests/unit/tests/blocks/render-reusable.php" tests="3" assertions="3" errors="0" failures="0" skipped="0" time="0.107060">
        <testcase name="test_render" class="WP_Test_Render_Reusable_Blocks" classname="WP_Test_Render_Reusable_Blocks" file="/var/www/html/test/wordpress_test/inpsyde_test/test/wp-content/plugins/plugintestslughere/tests/unit/tests/blocks/render-reusable.php" line="85" assertions="1" time="0.043021"/>
        <testcase name="test_ref_empty" class="WP_Test_Render_Reusable_Blocks" classname="WP_Test_Render_Reusable_Blocks" file="/var/www/html/test/wordpress_test/inpsyde_test/test/wp-content/plugins/plugintestslughere/tests/unit/tests/blocks/render-reusable.php" line="91" assertions="1" time="0.034046"/>
        <testcase name="test_ref_wrong_post_type" class="WP_Test_Render_Reusable_Blocks" classname="WP_Test_Render_Reusable_Blocks" file="/var/www/html/test/wordpress_test/inpsyde_test/test/wp-content/plugins/plugintestslughere/tests/unit/tests/blocks/render-reusable.php" line="97" assertions="1" time="0.029993"/>
      </testsuite>
      <testsuite name="WP_Test_Block_Render" file="/var/www/html/test/wordpress_test/inpsyde_test/test/wp-content/plugins/plugintestslughere/tests/unit/tests/blocks/render.php" tests="75" assertions="81" errors="0" failures="0" skipped="0" time="2.603822">
        <testcase name="test_do_blocks_removes_comments" class="WP_Test_Block_Render" classname="WP_Test_Block_Render" file="/var/www/html/test/wordpress_test/inpsyde_test/test/wp-content/plugins/plugintestslughere/tests/unit/tests/blocks/render.php" line="57" assertions="1" time="0.029811"/>
        <testcase name="test_the_content" class="WP_Test_Block_Render" classname="WP_Test_Block_Render" file="/var/www/html/test/wordpress_test/inpsyde_test/test/wp-content/plugins/plugintestslughere/tests/unit/tests/blocks/render.php" line="69" assertions="1" time="0.029061"/>
        <testcase name="test_nested_calls_to_the_content" class="WP_Test_Block_Render" classname="WP_Test_Block_Render" file="/var/www/html/test/wordpress_test/inpsyde_test/test/wp-content/plugins/plugintestslughere/tests/unit/tests/blocks/render.php" line="93" assertions="1" time="0.028054"/>
        <testcase name="test_can_nest_at_least_so_deep" class="WP_Test_Block_Render" classname="WP_Test_Block_Render" file="/var/www/html/test/wordpress_test/inpsyde_test/test/wp-content/plugins/plugintestslughere/tests/unit/tests/blocks/render.php" line="116" assertions="1" time="0.040106"/>
        <testcase name="test_can_nest_at_least_so_deep_with_dynamic_blocks" class="WP_Test_Block_Render" classname="WP_Test_Block_Render" file="/var/www/html/test/wordpress_test/inpsyde_test/test/wp-content/plugins/plugintestslughere/tests/unit/tests/blocks/render.php" line="127" assertions="1" time="0.042963"/>
        <testcase name="test_blocks_arent_autopeed" class="WP_Test_Block_Render" classname="WP_Test_Block_Render" file="/var/www/html/test/wordpress_test/inpsyde_test/test/wp-content/plugins/plugintestslughere/tests/unit/tests/blocks/render.php" line="155" assertions="6" time="0.034485"/>
        <testsuite name="WP_Test_Block_Render::test_do_block_output" tests="62" assertions="62" errors="0" failures="0" skipped="0" time="1.925129">
          <testcase name="test_do_block_output with data set #0" class="WP_Test_Block_Render" classname="WP_Test_Block_Render" file="/var/www/html/test/wordpress_test/inpsyde_test/test/wp-content/plugins/plugintestslughere/tests/unit/tests/blocks/render.php" line="212" assertions="1" time="0.052654"/>
          <testcase name="test_do_block_output with data set #1" class="WP_Test_Block_Render" classname="WP_Test_Block_Render" file="/var/www/html/test/wordpress_test/inpsyde_test/test/wp-content/plugins/plugintestslughere/tests/unit/tests/blocks/render.php" line="212" assertions="1" time="0.056771"/>
          <testcase name="test_do_block_output with data set #2" class="WP_Test_Block_Render" classname="WP_Test_Block_Render" file="/var/www/html/test/wordpress_test/inpsyde_test/test/wp-content/plugins/plugintestslughere/tests/unit/tests/blocks/render.php" line="212" assertions="1" time="0.029517"/>
          <testcase name="test_do_block_output with data set #3" class="WP_Test_Block_Render" classname="WP_Test_Block_Render" file="/var/www/html/test/wordpress_test/inpsyde_test/test/wp-content/plugins/plugintestslughere/tests/unit/tests/blocks/render.php" line="212" assertions="1" time="0.028941"/>
          <testcase name="test_do_block_output with data set #4" class="WP_Test_Block_Render" classname="WP_Test_Block_Render" file="/var/www/html/test/wordpress_test/inpsyde_test/test/wp-content/plugins/plugintestslughere/tests/unit/tests/blocks/render.php" line="212" assertions="1" time="0.029607"/>
          <testcase name="test_do_block_output with data set #5" class="WP_Test_Block_Render" classname="WP_Test_Block_Render" file="/var/www/html/test/wordpress_test/inpsyde_test/test/wp-content/plugins/plugintestslughere/tests/unit/tests/blocks/render.php" line="212" assertions="1" time="0.024294"/>
          <testcase name="test_do_block_output with data set #6" class="WP_Test_Block_Render" classname="WP_Test_Block_Render" file="/var/www/html/test/wordpress_test/inpsyde_test/test/wp-content/plugins/plugintestslughere/tests/unit/tests/blocks/render.php" line="212" assertions="1" time="0.029943"/>
          <testcase name="test_do_block_output with data set #7" class="WP_Test_Block_Render" classname="WP_Test_Block_Render" file="/var/www/html/test/wordpress_test/inpsyde_test/test/wp-content/plugins/plugintestslughere/tests/unit/tests/blocks/render.php" line="212" assertions="1" time="0.029152"/>
          <testcase name="test_do_block_output with data set #8" class="WP_Test_Block_Render" classname="WP_Test_Block_Render" file="/var/www/html/test/wordpress_test/inpsyde_test/test/wp-content/plugins/plugintestslughere/tests/unit/tests/blocks/render.php" line="212" assertions="1" time="0.024837"/>
          <testcase name="test_do_block_output with data set #9" class="WP_Test_Block_Render" classname="WP_Test_Block_Render" file="/var/www/html/test/wordpress_test/inpsyde_test/test/wp-content/plugins/plugintestslughere/tests/unit/tests/blocks/render.php" line="212" assertions="1" time="0.027433"/>
          <testcase name="test_do_block_output with data set #10" class="WP_Test_Block_Render" classname="WP_Test_Block_Render" file="/var/www/html/test/wordpress_test/inpsyde_test/test/wp-content/plugins/plugintestslughere/tests/unit/tests/blocks/render.php" line="212" assertions="1" time="0.027378"/>
          <testcase name="test_do_block_output with data set #11" class="WP_Test_Block_Render" classname="WP_Test_Block_Render" file="/var/www/html/test/wordpress_test/inpsyde_test/test/wp-content/plugins/plugintestslughere/tests/unit/tests/blocks/render.php" line="212" assertions="1" time="0.025232"/>
          <testcase name="test_do_block_output with data set #12" class="WP_Test_Block_Render" classname="WP_Test_Block_Render" file="/var/www/html/test/wordpress_test/inpsyde_test/test/wp-content/plugins/plugintestslughere/tests/unit/tests/blocks/render.php" line="212" assertions="1" time="0.025509"/>
          <testcase name="test_do_block_output with data set #13" class="WP_Test_Block_Render" classname="WP_Test_Block_Render" file="/var/www/html/test/wordpress_test/inpsyde_test/test/wp-content/plugins/plugintestslughere/tests/unit/tests/blocks/render.php" line="212" assertions="1" time="0.036531"/>
          <testcase name="test_do_block_output with data set #14" class="WP_Test_Block_Render" classname="WP_Test_Block_Render" file="/var/www/html/test/wordpress_test/inpsyde_test/test/wp-content/plugins/plugintestslughere/tests/unit/tests/blocks/render.php" line="212" assertions="1" time="0.036491"/>
          <testcase name="test_do_block_output with data set #15" class="WP_Test_Block_Render" classname="WP_Test_Block_Render" file="/var/www/html/test/wordpress_test/inpsyde_test/test/wp-content/plugins/plugintestslughere/tests/unit/tests/blocks/render.php" line="212" assertions="1" time="0.029253"/>
          <testcase name="test_do_block_output with data set #16" class="WP_Test_Block_Render" classname="WP_Test_Block_Render" file="/var/www/html/test/wordpress_test/inpsyde_test/test/wp-content/plugins/plugintestslughere/tests/unit/tests/blocks/render.php" line="212" assertions="1" time="0.061295"/>
          <testcase name="test_do_block_output with data set #17" class="WP_Test_Block_Render" classname="WP_Test_Block_Render" file="/var/www/html/test/wordpress_test/inpsyde_test/test/wp-content/plugins/plugintestslughere/tests/unit/tests/blocks/render.php" line="212" assertions="1" time="0.085750"/>
          <testcase name="test_do_block_output with data set #18" class="WP_Test_Block_Render" classname="WP_Test_Block_Render" file="/var/www/html/test/wordpress_test/inpsyde_test/test/wp-content/plugins/plugintestslughere/tests/unit/tests/blocks/render.php" line="212" assertions="1" time="0.025451"/>
          <testcase name="test_do_block_output with data set #19" class="WP_Test_Block_Render" classname="WP_Test_Block_Render" file="/var/www/html/test/wordpress_test/inpsyde_test/test/wp-content/plugins/plugintestslughere/tests/unit/tests/blocks/render.php" line="212" assertions="1" time="0.027648"/>
          <testcase name="test_do_block_output with data set #20" class="WP_Test_Block_Render" classname="WP_Test_Block_Render" file="/var/www/html/test/wordpress_test/inpsyde_test/test/wp-content/plugins/plugintestslughere/tests/unit/tests/blocks/render.php" line="212" assertions="1" time="0.026443"/>
          <testcase name="test_do_block_output with data set #21" class="WP_Test_Block_Render" classname="WP_Test_Block_Render" file="/var/www/html/test/wordpress_test/inpsyde_test/test/wp-content/plugins/plugintestslughere/tests/unit/tests/blocks/render.php" line="212" assertions="1" time="0.026177"/>
          <testcase name="test_do_block_output with data set #22" class="WP_Test_Block_Render" classname="WP_Test_Block_Render" file="/var/www/html/test/wordpress_test/inpsyde_test/test/wp-content/plugins/plugintestslughere/tests/unit/tests/blocks/render.php" line="212" assertions="1" time="0.027660"/>
          <testcase name="test_do_block_output with data set #23" class="WP_Test_Block_Render" classname="WP_Test_Block_Render" file="/var/www/html/test/wordpress_test/inpsyde_test/test/wp-content/plugins/plugintestslughere/tests/unit/tests/blocks/render.php" line="212" assertions="1" time="0.024360"/>
          <testcase name="test_do_block_output with data set #24" class="WP_Test_Block_Render" classname="WP_Test_Block_Render" file="/var/www/html/test/wordpress_test/inpsyde_test/test/wp-content/plugins/plugintestslughere/tests/unit/tests/blocks/render.php" line="212" assertions="1" time="0.028364"/>
          <testcase name="test_do_block_output with data set #25" class="WP_Test_Block_Render" classname="WP_Test_Block_Render" file="/var/www/html/test/wordpress_test/inpsyde_test/test/wp-content/plugins/plugintestslughere/tests/unit/tests/blocks/render.php" line="212" assertions="1" time="0.027211"/>
          <testcase name="test_do_block_output with data set #26" class="WP_Test_Block_Render" classname="WP_Test_Block_Render" file="/var/www/html/test/wordpress_test/inpsyde_test/test/wp-content/plugins/plugintestslughere/tests/unit/tests/blocks/render.php" line="212" assertions="1" time="0.027395"/>
          <testcase name="test_do_block_output with data set #27" class="WP_Test_Block_Render" classname="WP_Test_Block_Render" file="/var/www/html/test/wordpress_test/inpsyde_test/test/wp-content/plugins/plugintestslughere/tests/unit/tests/blocks/render.php" line="212" assertions="1" time="0.026164"/>
          <testcase name="test_do_block_output with data set #28" class="WP_Test_Block_Render" classname="WP_Test_Block_Render" file="/var/www/html/test/wordpress_test/inpsyde_test/test/wp-content/plugins/plugintestslughere/tests/unit/tests/blocks/render.php" line="212" assertions="1" time="0.026727"/>
          <testcase name="test_do_block_output with data set #29" class="WP_Test_Block_Render" classname="WP_Test_Block_Render" file="/var/www/html/test/wordpress_test/inpsyde_test/test/wp-content/plugins/plugintestslughere/tests/unit/tests/blocks/render.php" line="212" assertions="1" time="0.024633"/>
          <testcase name="test_do_block_output with data set #30" class="WP_Test_Block_Render" classname="WP_Test_Block_Render" file="/var/www/html/test/wordpress_test/inpsyde_test/test/wp-content/plugins/plugintestslughere/tests/unit/tests/blocks/render.php" line="212" assertions="1" time="0.026474"/>
          <testcase name="test_do_block_output with data set #31" class="WP_Test_Block_Render" classname="WP_Test_Block_Render" file="/var/www/html/test/wordpress_test/inpsyde_test/test/wp-content/plugins/plugintestslughere/tests/unit/tests/blocks/render.php" line="212" assertions="1" time="0.024314"/>
          <testcase name="test_do_block_output with data set #32" class="WP_Test_Block_Render" classname="WP_Test_Block_Render" file="/var/www/html/test/wordpress_test/inpsyde_test/test/wp-content/plugins/plugintestslughere/tests/unit/tests/blocks/render.php" line="212" assertions="1" time="0.025732"/>
          <testcase name="test_do_block_output with data set #33" class="WP_Test_Block_Render" classname="WP_Test_Block_Render" file="/var/www/html/test/wordpress_test/inpsyde_test/test/wp-content/plugins/plugintestslughere/tests/unit/tests/blocks/render.php" line="212" assertions="1" time="0.025289"/>
          <testcase name="test_do_block_output with data set #34" class="WP_Test_Block_Render" classname="WP_Test_Block_Render" file="/var/www/html/test/wordpress_test/inpsyde_test/test/wp-content/plugins/plugintestslughere/tests/unit/tests/blocks/render.php" line="212" assertions="1" time="0.029194"/>
          <testcase name="test_do_block_output with data set #35" class="WP_Test_Block_Render" classname="WP_Test_Block_Render" file="/var/www/html/test/wordpress_test/inpsyde_test/test/wp-content/plugins/plugintestslughere/tests/unit/tests/blocks/render.php" line="212" assertions="1" time="0.028825"/>
          <testcase name="test_do_block_output with data set #36" class="WP_Test_Block_Render" classname="WP_Test_Block_Render" file="/var/www/html/test/wordpress_test/inpsyde_test/test/wp-content/plugins/plugintestslughere/tests/unit/tests/blocks/render.php" line="212" assertions="1" time="0.024297"/>
          <testcase name="test_do_block_output with data set #37" class="WP_Test_Block_Render" classname="WP_Test_Block_Render" file="/var/www/html/test/wordpress_test/inpsyde_test/test/wp-content/plugins/plugintestslughere/tests/unit/tests/blocks/render.php" line="212" assertions="1" time="0.027837"/>
          <testcase name="test_do_block_output with data set #38" class="WP_Test_Block_Render" classname="WP_Test_Block_Render" file="/var/www/html/test/wordpress_test/inpsyde_test/test/wp-content/plugins/plugintestslughere/tests/unit/tests/blocks/render.php" line="212" assertions="1" time="0.028831"/>
          <testcase name="test_do_block_output with data set #39" class="WP_Test_Block_Render" classname="WP_Test_Block_Render" file="/var/www/html/test/wordpress_test/inpsyde_test/test/wp-content/plugins/plugintestslughere/tests/unit/tests/blocks/render.php" line="212" assertions="1" time="0.026127"/>
          <testcase name="test_do_block_output with data set #40" class="WP_Test_Block_Render" classname="WP_Test_Block_Render" file="/var/www/html/test/wordpress_test/inpsyde_test/test/wp-content/plugins/plugintestslughere/tests/unit/tests/blocks/render.php" line="212" assertions="1" time="0.033961"/>
          <testcase name="test_do_block_output with data set #41" class="WP_Test_Block_Render" classname="WP_Test_Block_Render" file="/var/www/html/test/wordpress_test/inpsyde_test/test/wp-content/plugins/plugintestslughere/tests/unit/tests/blocks/render.php" line="212" assertions="1" time="0.031268"/>
          <testcase name="test_do_block_output with data set #42" class="WP_Test_Block_Render" classname="WP_Test_Block_Render" file="/var/www/html/test/wordpress_test/inpsyde_test/test/wp-content/plugins/plugintestslughere/tests/unit/tests/blocks/render.php" line="212" assertions="1" time="0.029313"/>
          <testcase name="test_do_block_output with data set #43" class="WP_Test_Block_Render" classname="WP_Test_Block_Render" file="/var/www/html/test/wordpress_test/inpsyde_test/test/wp-content/plugins/plugintestslughere/tests/unit/tests/blocks/render.php" line="212" assertions="1" time="0.027491"/>
          <testcase name="test_do_block_output with data set #44" class="WP_Test_Block_Render" classname="WP_Test_Block_Render" file="/var/www/html/test/wordpress_test/inpsyde_test/test/wp-content/plugins/plugintestslughere/tests/unit/tests/blocks/render.php" line="212" assertions="1" time="0.026419"/>
          <testcase name="test_do_block_output with data set #45" class="WP_Test_Block_Render" classname="WP_Test_Block_Render" file="/var/www/html/test/wordpress_test/inpsyde_test/test/wp-content/plugins/plugintestslughere/tests/unit/tests/blocks/render.php" line="212" assertions="1" time="0.027685"/>
          <testcase name="test_do_block_output with data set #46" class="WP_Test_Block_Render" classname="WP_Test_Block_Render" file="/var/www/html/test/wordpress_test/inpsyde_test/test/wp-content/plugins/plugintestslughere/tests/unit/tests/blocks/render.php" line="212" assertions="1" time="0.025846"/>
          <testcase name="test_do_block_output with data set #47" class="WP_Test_Block_Render" classname="WP_Test_Block_Render" file="/var/www/html/test/wordpress_test/inpsyde_test/test/wp-content/plugins/plugintestslughere/tests/unit/tests/blocks/render.php" line="212" assertions="1" time="0.026361"/>
          <testcase name="test_do_block_output with data set #48" class="WP_Test_Block_Render" classname="WP_Test_Block_Render" file="/var/www/html/test/wordpress_test/inpsyde_test/test/wp-content/plugins/plugintestslughere/tests/unit/tests/blocks/render.php" line="212" assertions="1" time="0.027023"/>
          <testcase name="test_do_block_output with data set #49" class="WP_Test_Block_Render" classname="WP_Test_Block_Render" file="/var/www/html/test/wordpress_test/inpsyde_test/test/wp-content/plugins/plugintestslughere/tests/unit/tests/blocks/render.php" line="212" assertions="1" time="0.049242"/>
          <testcase name="test_do_block_output with data set #50" class="WP_Test_Block_Render" classname="WP_Test_Block_Render" file="/var/www/html/test/wordpress_test/inpsyde_test/test/wp-content/plugins/plugintestslughere/tests/unit/tests/blocks/render.php" line="212" assertions="1" time="0.066553"/>
          <testcase name="test_do_block_output with data set #51" class="WP_Test_Block_Render" classname="WP_Test_Block_Render" file="/var/www/html/test/wordpress_test/inpsyde_test/test/wp-content/plugins/plugintestslughere/tests/unit/tests/blocks/render.php" line="212" assertions="1" time="0.039289"/>
          <testcase name="test_do_block_output with data set #52" class="WP_Test_Block_Render" classname="WP_Test_Block_Render" file="/var/www/html/test/wordpress_test/inpsyde_test/test/wp-content/plugins/plugintestslughere/tests/unit/tests/blocks/render.php" line="212" assertions="1" time="0.031362"/>
          <testcase name="test_do_block_output with data set #53" class="WP_Test_Block_Render" classname="WP_Test_Block_Render" file="/var/www/html/test/wordpress_test/inpsyde_test/test/wp-content/plugins/plugintestslughere/tests/unit/tests/blocks/render.php" line="212" assertions="1" time="0.027891"/>
          <testcase name="test_do_block_output with data set #54" class="WP_Test_Block_Render" classname="WP_Test_Block_Render" file="/var/www/html/test/wordpress_test/inpsyde_test/test/wp-content/plugins/plugintestslughere/tests/unit/tests/blocks/render.php" line="212" assertions="1" time="0.025345"/>
          <testcase name="test_do_block_output with data set #55" class="WP_Test_Block_Render" classname="WP_Test_Block_Render" file="/var/www/html/test/wordpress_test/inpsyde_test/test/wp-content/plugins/plugintestslughere/tests/unit/tests/blocks/render.php" line="212" assertions="1" time="0.027207"/>
          <testcase name="test_do_block_output with data set #56" class="WP_Test_Block_Render" classname="WP_Test_Block_Render" file="/var/www/html/test/wordpress_test/inpsyde_test/test/wp-content/plugins/plugintestslughere/tests/unit/tests/blocks/render.php" line="212" assertions="1" time="0.024892"/>
          <testcase name="test_do_block_output with data set #57" class="WP_Test_Block_Render" classname="WP_Test_Block_Render" file="/var/www/html/test/wordpress_test/inpsyde_test/test/wp-content/plugins/plugintestslughere/tests/unit/tests/blocks/render.php" line="212" assertions="1" time="0.027382"/>
          <testcase name="test_do_block_output with data set #58" class="WP_Test_Block_Render" classname="WP_Test_Block_Render" file="/var/www/html/test/wordpress_test/inpsyde_test/test/wp-content/plugins/plugintestslughere/tests/unit/tests/blocks/render.php" line="212" assertions="1" time="0.026895"/>
          <testcase name="test_do_block_output with data set #59" class="WP_Test_Block_Render" classname="WP_Test_Block_Render" file="/var/www/html/test/wordpress_test/inpsyde_test/test/wp-content/plugins/plugintestslughere/tests/unit/tests/blocks/render.php" line="212" assertions="1" time="0.025421"/>
          <testcase name="test_do_block_output with data set #60" class="WP_Test_Block_Render" classname="WP_Test_Block_Render" file="/var/www/html/test/wordpress_test/inpsyde_test/test/wp-content/plugins/plugintestslughere/tests/unit/tests/blocks/render.php" line="212" assertions="1" time="0.027036"/>
          <testcase name="test_do_block_output with data set #61" class="WP_Test_Block_Render" classname="WP_Test_Block_Render" file="/var/www/html/test/wordpress_test/inpsyde_test/test/wp-content/plugins/plugintestslughere/tests/unit/tests/blocks/render.php" line="212" assertions="1" time="0.025506"/>
        </testsuite>
        <testcase name="test_dynamic_block_rendering" class="WP_Test_Block_Render" classname="WP_Test_Block_Render" file="/var/www/html/test/wordpress_test/inpsyde_test/test/wp-content/plugins/plugintestslughere/tests/unit/tests/blocks/render.php" line="235" assertions="1" time="0.026853"/>
        <testcase name="test_global_post_persistence" class="WP_Test_Block_Render" classname="WP_Test_Block_Render" file="/var/www/html/test/wordpress_test/inpsyde_test/test/wp-content/plugins/plugintestslughere/tests/unit/tests/blocks/render.php" line="270" assertions="1" time="0.217872"/>
        <testcase name="test_render_latest_comments_on_password_protected_post" class="WP_Test_Block_Render" classname="WP_Test_Block_Render" file="/var/www/html/test/wordpress_test/inpsyde_test/test/wp-content/plugins/plugintestslughere/tests/unit/tests/blocks/render.php" line="292" assertions="1" time="0.109826"/>
        <testcase name="test_dynamic_block_renders_string" class="WP_Test_Block_Render" classname="WP_Test_Block_Render" file="/var/www/html/test/wordpress_test/inpsyde_test/test/wp-content/plugins/plugintestslughere/tests/unit/tests/blocks/render.php" line="313" assertions="2" time="0.042358"/>
        <testcase name="test_dynamic_block_gets_inner_html" class="WP_Test_Block_Render" classname="WP_Test_Block_Render" file="/var/www/html/test/wordpress_test/inpsyde_test/test/wp-content/plugins/plugintestslughere/tests/unit/tests/blocks/render.php" line="330" assertions="1" time="0.027123"/>
        <testcase name="test_dynamic_block_gets_rendered_inner_blocks" class="WP_Test_Block_Render" classname="WP_Test_Block_Render" file="/var/www/html/test/wordpress_test/inpsyde_test/test/wp-content/plugins/plugintestslughere/tests/unit/tests/blocks/render.php" line="348" assertions="1" time="0.023535"/>
        <testcase name="test_dynamic_block_gets_rendered_inner_dynamic_blocks" class="WP_Test_Block_Render" classname="WP_Test_Block_Render" file="/var/www/html/test/wordpress_test/inpsyde_test/test/wp-content/plugins/plugintestslughere/tests/unit/tests/blocks/render.php" line="376" assertions="1" time="0.026646"/>
      </testsuite>
      <testsuite name="WP_Test_Block_Serialization" file="/var/www/html/test/wordpress_test/inpsyde_test/test/wp-content/plugins/plugintestslughere/tests/unit/tests/blocks/serialization.php" tests="7" assertions="10" errors="0" failures="0" skipped="0" time="0.166675">
        <testsuite name="WP_Test_Block_Serialization::test_serialize_identity_from_parsed" tests="6" assertions="6" errors="0" failures="0" skipped="0" time="0.143425">
          <testcase name="test_serialize_identity_from_parsed with data set #0" class="WP_Test_Block_Serialization" classname="WP_Test_Block_Serialization" file="/var/www/html/test/wordpress_test/inpsyde_test/test/wp-content/plugins/plugintestslughere/tests/unit/tests/blocks/serialization.php" line="22" assertions="1" time="0.022655"/>
          <testcase name="test_serialize_identity_from_parsed with data set #1" class="WP_Test_Block_Serialization" classname="WP_Test_Block_Serialization" file="/var/www/html/test/wordpress_test/inpsyde_test/test/wp-content/plugins/plugintestslughere/tests/unit/tests/blocks/serialization.php" line="22" assertions="1" time="0.024942"/>
          <testcase name="test_serialize_identity_from_parsed with data set #2" class="WP_Test_Block_Serialization" classname="WP_Test_Block_Serialization" file="/var/www/html/test/wordpress_test/inpsyde_test/test/wp-content/plugins/plugintestslughere/tests/unit/tests/blocks/serialization.php" line="22" assertions="1" time="0.023424"/>
          <testcase name="test_serialize_identity_from_parsed with data set #3" class="WP_Test_Block_Serialization" classname="WP_Test_Block_Serialization" file="/var/www/html/test/wordpress_test/inpsyde_test/test/wp-content/plugins/plugintestslughere/tests/unit/tests/blocks/serialization.php" line="22" assertions="1" time="0.025366"/>
          <testcase name="test_serialize_identity_from_parsed with data set #4" class="WP_Test_Block_Serialization" classname="WP_Test_Block_Serialization" file="/var/www/html/test/wordpress_test/inpsyde_test/test/wp-content/plugins/plugintestslughere/tests/unit/tests/blocks/serialization.php" line="22" assertions="1" time="0.023609"/>
          <testcase name="test_serialize_identity_from_parsed with data set #5" class="WP_Test_Block_Serialization" classname="WP_Test_Block_Serialization" file="/var/www/html/test/wordpress_test/inpsyde_test/test/wp-content/plugins/plugintestslughere/tests/unit/tests/blocks/serialization.php" line="22" assertions="1" time="0.023429"/>
        </testsuite>
        <testcase name="test_serialized_block_name" class="WP_Test_Block_Serialization" classname="WP_Test_Block_Serialization" file="/var/www/html/test/wordpress_test/inpsyde_test/test/wp-content/plugins/plugintestslughere/tests/unit/tests/blocks/serialization.php" line="53" assertions="4" time="0.023250"/>
      </testsuite>
      <testsuite name="Tests_Bookmark_GetBookmarks" file="/var/www/html/test/wordpress_test/inpsyde_test/test/wp-content/plugins/plugintestslughere/tests/unit/tests/bookmark/getBookmarks.php" tests="6" assertions="9" errors="0" failures="0" skipped="0" time="0.676069">
        <testcase name="test_should_hit_cache" class="Tests_Bookmark_GetBookmarks" classname="Tests_Bookmark_GetBookmarks" file="/var/www/html/test/wordpress_test/inpsyde_test/test/wp-content/plugins/plugintestslughere/tests/unit/tests/bookmark/getBookmarks.php" line="7" assertions="2" time="0.083501"/>
        <testcase name="test_adding_bookmark_should_bust_get_bookmarks_cache" class="Tests_Bookmark_GetBookmarks" classname="Tests_Bookmark_GetBookmarks" file="/var/www/html/test/wordpress_test/inpsyde_test/test/wp-content/plugins/plugintestslughere/tests/unit/tests/bookmark/getBookmarks.php" line="30" assertions="2" time="0.087519"/>
        <testcase name="test_orderby_rand_should_not_be_cached" class="Tests_Bookmark_GetBookmarks" classname="Tests_Bookmark_GetBookmarks" file="/var/www/html/test/wordpress_test/inpsyde_test/test/wp-content/plugins/plugintestslughere/tests/unit/tests/bookmark/getBookmarks.php" line="64" assertions="2" time="0.120568"/>
        <testcase name="test_exclude_param_gets_properly_parsed_as_list" class="Tests_Bookmark_GetBookmarks" classname="Tests_Bookmark_GetBookmarks" file="/var/www/html/test/wordpress_test/inpsyde_test/test/wp-content/plugins/plugintestslughere/tests/unit/tests/bookmark/getBookmarks.php" line="88" assertions="1" time="0.088132"/>
        <testcase name="test_include_param_gets_properly_parsed_as_list" class="Tests_Bookmark_GetBookmarks" classname="Tests_Bookmark_GetBookmarks" file="/var/www/html/test/wordpress_test/inpsyde_test/test/wp-content/plugins/plugintestslughere/tests/unit/tests/bookmark/getBookmarks.php" line="106" assertions="1" time="0.098416"/>
        <testcase name="test_category_param_propelry_gets_parsed_as_list" class="Tests_Bookmark_GetBookmarks" classname="Tests_Bookmark_GetBookmarks" file="/var/www/html/test/wordpress_test/inpsyde_test/test/wp-content/plugins/plugintestslughere/tests/unit/tests/bookmark/getBookmarks.php" line="124" assertions="1" time="0.197933"/>
      </testsuite>
      <testsuite name="Tests_Cache" file="/var/www/html/test/wordpress_test/inpsyde_test/test/wp-content/plugins/plugintestslughere/tests/unit/tests/cache.php" tests="20" assertions="70" errors="0" failures="0" skipped="0" time="0.518892">
        <testcase name="test_miss" class="Tests_Cache" classname="Tests_Cache" file="/var/www/html/test/wordpress_test/inpsyde_test/test/wp-content/plugins/plugintestslughere/tests/unit/tests/cache.php" line="29" assertions="1" time="0.033123"/>
        <testcase name="test_add_get" class="Tests_Cache" classname="Tests_Cache" file="/var/www/html/test/wordpress_test/inpsyde_test/test/wp-content/plugins/plugintestslughere/tests/unit/tests/cache.php" line="33" assertions="1" time="0.030382"/>
        <testcase name="test_add_get_0" class="Tests_Cache" classname="Tests_Cache" file="/var/www/html/test/wordpress_test/inpsyde_test/test/wp-content/plugins/plugintestslughere/tests/unit/tests/cache.php" line="41" assertions="2" time="0.026660"/>
        <testcase name="test_add_get_null" class="Tests_Cache" classname="Tests_Cache" file="/var/www/html/test/wordpress_test/inpsyde_test/test/wp-content/plugins/plugintestslughere/tests/unit/tests/cache.php" line="53" assertions="2" time="0.025452"/>
        <testcase name="test_add_get_false" class="Tests_Cache" classname="Tests_Cache" file="/var/www/html/test/wordpress_test/inpsyde_test/test/wp-content/plugins/plugintestslughere/tests/unit/tests/cache.php" line="65" assertions="2" time="0.024426"/>
        <testcase name="test_add" class="Tests_Cache" classname="Tests_Cache" file="/var/www/html/test/wordpress_test/inpsyde_test/test/wp-content/plugins/plugintestslughere/tests/unit/tests/cache.php" line="74" assertions="4" time="0.022583"/>
        <testcase name="test_replace" class="Tests_Cache" classname="Tests_Cache" file="/var/www/html/test/wordpress_test/inpsyde_test/test/wp-content/plugins/plugintestslughere/tests/unit/tests/cache.php" line="87" assertions="6" time="0.022968"/>
        <testcase name="test_set" class="Tests_Cache" classname="Tests_Cache" file="/var/www/html/test/wordpress_test/inpsyde_test/test/wp-content/plugins/plugintestslughere/tests/unit/tests/cache.php" line="101" assertions="4" time="0.021731"/>
        <testcase name="test_flush" class="Tests_Cache" classname="Tests_Cache" file="/var/www/html/test/wordpress_test/inpsyde_test/test/wp-content/plugins/plugintestslughere/tests/unit/tests/cache.php" line="114" assertions="2" time="0.023303"/>
        <testcase name="test_object_refs" class="Tests_Cache" classname="Tests_Cache" file="/var/www/html/test/wordpress_test/inpsyde_test/test/wp-content/plugins/plugintestslughere/tests/unit/tests/cache.php" line="133" assertions="4" time="0.023389"/>
        <testcase name="test_incr" class="Tests_Cache" classname="Tests_Cache" file="/var/www/html/test/wordpress_test/inpsyde_test/test/wp-content/plugins/plugintestslughere/tests/unit/tests/cache.php" line="155" assertions="3" time="0.021281"/>
        <testcase name="test_wp_cache_incr" class="Tests_Cache" classname="Tests_Cache" file="/var/www/html/test/wordpress_test/inpsyde_test/test/wp-content/plugins/plugintestslughere/tests/unit/tests/cache.php" line="168" assertions="3" time="0.020091"/>
        <testcase name="test_decr" class="Tests_Cache" classname="Tests_Cache" file="/var/www/html/test/wordpress_test/inpsyde_test/test/wp-content/plugins/plugintestslughere/tests/unit/tests/cache.php" line="181" assertions="4" time="0.020786"/>
        <testcase name="test_wp_cache_decr" class="Tests_Cache" classname="Tests_Cache" file="/var/www/html/test/wordpress_test/inpsyde_test/test/wp-content/plugins/plugintestslughere/tests/unit/tests/cache.php" line="201" assertions="4" time="0.026948"/>
        <testcase name="test_delete" class="Tests_Cache" classname="Tests_Cache" file="/var/www/html/test/wordpress_test/inpsyde_test/test/wp-content/plugins/plugintestslughere/tests/unit/tests/cache.php" line="218" assertions="5" time="0.038402"/>
        <testcase name="test_wp_cache_delete" class="Tests_Cache" classname="Tests_Cache" file="/var/www/html/test/wordpress_test/inpsyde_test/test/wp-content/plugins/plugintestslughere/tests/unit/tests/cache.php" line="233" assertions="5" time="0.031579"/>
        <testcase name="test_switch_to_blog" class="Tests_Cache" classname="Tests_Cache" file="/var/www/html/test/wordpress_test/inpsyde_test/test/wp-content/plugins/plugintestslughere/tests/unit/tests/cache.php" line="252" assertions="12" time="0.029595"/>
        <testcase name="test_wp_cache_init" class="Tests_Cache" classname="Tests_Cache" file="/var/www/html/test/wordpress_test/inpsyde_test/test/wp-content/plugins/plugintestslughere/tests/unit/tests/cache.php" line="298" assertions="1" time="0.028125"/>
        <testcase name="test_wp_cache_replace" class="Tests_Cache" classname="Tests_Cache" file="/var/www/html/test/wordpress_test/inpsyde_test/test/wp-content/plugins/plugintestslughere/tests/unit/tests/cache.php" line="312" assertions="4" time="0.024210"/>
        <testcase name="test_get_multiple" class="Tests_Cache" classname="Tests_Cache" file="/var/www/html/test/wordpress_test/inpsyde_test/test/wp-content/plugins/plugintestslughere/tests/unit/tests/cache.php" line="337" assertions="1" time="0.023858"/>
      </testsuite>
      <testsuite name="Tests_Canonical" file="/var/www/html/test/wordpress_test/inpsyde_test/test/wp-content/plugins/plugintestslughere/tests/unit/tests/canonical.php" tests="60" assertions="73" errors="0" failures="0" skipped="0" time="7.719768">
        <testsuite name="Tests_Canonical::test_canonical" tests="56" assertions="68" errors="0" failures="0" skipped="0" time="7.269789">
          <testcase name="test_canonical with data set #0" class="Tests_Canonical" classname="Tests_Canonical" file="/var/www/html/test/wordpress_test/inpsyde_test/test/wp-content/plugins/plugintestslughere/tests/unit/tests/canonical.php" line="21" assertions="1" time="0.084706"/>
          <testcase name="test_canonical with data set #1" class="Tests_Canonical" classname="Tests_Canonical" file="/var/www/html/test/wordpress_test/inpsyde_test/test/wp-content/plugins/plugintestslughere/tests/unit/tests/canonical.php" line="21" assertions="1" time="0.087929"/>
          <testcase name="test_canonical with data set #2" class="Tests_Canonical" classname="Tests_Canonical" file="/var/www/html/test/wordpress_test/inpsyde_test/test/wp-content/plugins/plugintestslughere/tests/unit/tests/canonical.php" line="21" assertions="1" time="0.098423"/>
          <testcase name="test_canonical with data set #3" class="Tests_Canonical" classname="Tests_Canonical" file="/var/www/html/test/wordpress_test/inpsyde_test/test/wp-content/plugins/plugintestslughere/tests/unit/tests/canonical.php" line="21" assertions="2" time="0.154040"/>
          <testcase name="test_canonical with data set #4" class="Tests_Canonical" classname="Tests_Canonical" file="/var/www/html/test/wordpress_test/inpsyde_test/test/wp-content/plugins/plugintestslughere/tests/unit/tests/canonical.php" line="21" assertions="2" time="0.121328"/>
          <testcase name="test_canonical with data set #5" class="Tests_Canonical" classname="Tests_Canonical" file="/var/www/html/test/wordpress_test/inpsyde_test/test/wp-content/plugins/plugintestslughere/tests/unit/tests/canonical.php" line="21" assertions="2" time="0.164277"/>
          <testcase name="test_canonical with data set #6" class="Tests_Canonical" classname="Tests_Canonical" file="/var/www/html/test/wordpress_test/inpsyde_test/test/wp-content/plugins/plugintestslughere/tests/unit/tests/canonical.php" line="21" assertions="2" time="0.175424"/>
          <testcase name="test_canonical with data set #7" class="Tests_Canonical" classname="Tests_Canonical" file="/var/www/html/test/wordpress_test/inpsyde_test/test/wp-content/plugins/plugintestslughere/tests/unit/tests/canonical.php" line="21" assertions="3" time="0.110038"/>
          <testcase name="test_canonical with data set #8" class="Tests_Canonical" classname="Tests_Canonical" file="/var/www/html/test/wordpress_test/inpsyde_test/test/wp-content/plugins/plugintestslughere/tests/unit/tests/canonical.php" line="21" assertions="3" time="0.110080"/>
          <testcase name="test_canonical with data set #9" class="Tests_Canonical" classname="Tests_Canonical" file="/var/www/html/test/wordpress_test/inpsyde_test/test/wp-content/plugins/plugintestslughere/tests/unit/tests/canonical.php" line="21" assertions="1" time="0.119860"/>
          <testcase name="test_canonical with data set #10" class="Tests_Canonical" classname="Tests_Canonical" file="/var/www/html/test/wordpress_test/inpsyde_test/test/wp-content/plugins/plugintestslughere/tests/unit/tests/canonical.php" line="21" assertions="3" time="0.132438"/>
          <testcase name="test_canonical with data set #11" class="Tests_Canonical" classname="Tests_Canonical" file="/var/www/html/test/wordpress_test/inpsyde_test/test/wp-content/plugins/plugintestslughere/tests/unit/tests/canonical.php" line="21" assertions="1" time="0.174498"/>
          <testcase name="test_canonical with data set #12" class="Tests_Canonical" classname="Tests_Canonical" file="/var/www/html/test/wordpress_test/inpsyde_test/test/wp-content/plugins/plugintestslughere/tests/unit/tests/canonical.php" line="21" assertions="1" time="0.121261"/>
          <testcase name="test_canonical with data set #13" class="Tests_Canonical" classname="Tests_Canonical" file="/var/www/html/test/wordpress_test/inpsyde_test/test/wp-content/plugins/plugintestslughere/tests/unit/tests/canonical.php" line="21" assertions="1" time="0.230546"/>
          <testcase name="test_canonical with data set #14" class="Tests_Canonical" classname="Tests_Canonical" file="/var/www/html/test/wordpress_test/inpsyde_test/test/wp-content/plugins/plugintestslughere/tests/unit/tests/canonical.php" line="21" assertions="1" time="0.098513"/>
          <testcase name="test_canonical with data set #15" class="Tests_Canonical" classname="Tests_Canonical" file="/var/www/html/test/wordpress_test/inpsyde_test/test/wp-content/plugins/plugintestslughere/tests/unit/tests/canonical.php" line="21" assertions="1" time="0.088281"/>
          <testcase name="test_canonical with data set #16" class="Tests_Canonical" classname="Tests_Canonical" file="/var/www/html/test/wordpress_test/inpsyde_test/test/wp-content/plugins/plugintestslughere/tests/unit/tests/canonical.php" line="21" assertions="1" time="0.120897"/>
          <testcase name="test_canonical with data set #17" class="Tests_Canonical" classname="Tests_Canonical" file="/var/www/html/test/wordpress_test/inpsyde_test/test/wp-content/plugins/plugintestslughere/tests/unit/tests/canonical.php" line="21" assertions="1" time="0.120296"/>
          <testcase name="test_canonical with data set #18" class="Tests_Canonical" classname="Tests_Canonical" file="/var/www/html/test/wordpress_test/inpsyde_test/test/wp-content/plugins/plugintestslughere/tests/unit/tests/canonical.php" line="21" assertions="1" time="0.131234"/>
          <testcase name="test_canonical with data set #19" class="Tests_Canonical" classname="Tests_Canonical" file="/var/www/html/test/wordpress_test/inpsyde_test/test/wp-content/plugins/plugintestslughere/tests/unit/tests/canonical.php" line="21" assertions="1" time="0.109253"/>
          <testcase name="test_canonical with data set #20" class="Tests_Canonical" classname="Tests_Canonical" file="/var/www/html/test/wordpress_test/inpsyde_test/test/wp-content/plugins/plugintestslughere/tests/unit/tests/canonical.php" line="21" assertions="1" time="0.120759"/>
          <testcase name="test_canonical with data set #21" class="Tests_Canonical" classname="Tests_Canonical" file="/var/www/html/test/wordpress_test/inpsyde_test/test/wp-content/plugins/plugintestslughere/tests/unit/tests/canonical.php" line="21" assertions="1" time="0.199752"/>
          <testcase name="test_canonical with data set #22" class="Tests_Canonical" classname="Tests_Canonical" file="/var/www/html/test/wordpress_test/inpsyde_test/test/wp-content/plugins/plugintestslughere/tests/unit/tests/canonical.php" line="21" assertions="1" time="0.099798"/>
          <testcase name="test_canonical with data set #23" class="Tests_Canonical" classname="Tests_Canonical" file="/var/www/html/test/wordpress_test/inpsyde_test/test/wp-content/plugins/plugintestslughere/tests/unit/tests/canonical.php" line="21" assertions="1" time="0.096885"/>
          <testcase name="test_canonical with data set #24" class="Tests_Canonical" classname="Tests_Canonical" file="/var/www/html/test/wordpress_test/inpsyde_test/test/wp-content/plugins/plugintestslughere/tests/unit/tests/canonical.php" line="21" assertions="1" time="0.099131"/>
          <testcase name="test_canonical with data set #25" class="Tests_Canonical" classname="Tests_Canonical" file="/var/www/html/test/wordpress_test/inpsyde_test/test/wp-content/plugins/plugintestslughere/tests/unit/tests/canonical.php" line="21" assertions="2" time="0.141578"/>
          <testcase name="test_canonical with data set #26" class="Tests_Canonical" classname="Tests_Canonical" file="/var/www/html/test/wordpress_test/inpsyde_test/test/wp-content/plugins/plugintestslughere/tests/unit/tests/canonical.php" line="21" assertions="1" time="0.121564"/>
          <testcase name="test_canonical with data set #27" class="Tests_Canonical" classname="Tests_Canonical" file="/var/www/html/test/wordpress_test/inpsyde_test/test/wp-content/plugins/plugintestslughere/tests/unit/tests/canonical.php" line="21" assertions="1" time="0.131426"/>
          <testcase name="test_canonical with data set #28" class="Tests_Canonical" classname="Tests_Canonical" file="/var/www/html/test/wordpress_test/inpsyde_test/test/wp-content/plugins/plugintestslughere/tests/unit/tests/canonical.php" line="21" assertions="1" time="0.131430"/>
          <testcase name="test_canonical with data set #29" class="Tests_Canonical" classname="Tests_Canonical" file="/var/www/html/test/wordpress_test/inpsyde_test/test/wp-content/plugins/plugintestslughere/tests/unit/tests/canonical.php" line="21" assertions="1" time="0.197969"/>
          <testcase name="test_canonical with data set #30" class="Tests_Canonical" classname="Tests_Canonical" file="/var/www/html/test/wordpress_test/inpsyde_test/test/wp-content/plugins/plugintestslughere/tests/unit/tests/canonical.php" line="21" assertions="1" time="0.120517"/>
          <testcase name="test_canonical with data set #31" class="Tests_Canonical" classname="Tests_Canonical" file="/var/www/html/test/wordpress_test/inpsyde_test/test/wp-content/plugins/plugintestslughere/tests/unit/tests/canonical.php" line="21" assertions="1" time="0.120285"/>
          <testcase name="test_canonical with data set #32" class="Tests_Canonical" classname="Tests_Canonical" file="/var/www/html/test/wordpress_test/inpsyde_test/test/wp-content/plugins/plugintestslughere/tests/unit/tests/canonical.php" line="21" assertions="1" time="0.131420"/>
          <testcase name="test_canonical with data set #33" class="Tests_Canonical" classname="Tests_Canonical" file="/var/www/html/test/wordpress_test/inpsyde_test/test/wp-content/plugins/plugintestslughere/tests/unit/tests/canonical.php" line="21" assertions="1" time="0.131470"/>
          <testcase name="test_canonical with data set #34" class="Tests_Canonical" classname="Tests_Canonical" file="/var/www/html/test/wordpress_test/inpsyde_test/test/wp-content/plugins/plugintestslughere/tests/unit/tests/canonical.php" line="21" assertions="1" time="0.131337"/>
          <testcase name="test_canonical with data set #35" class="Tests_Canonical" classname="Tests_Canonical" file="/var/www/html/test/wordpress_test/inpsyde_test/test/wp-content/plugins/plugintestslughere/tests/unit/tests/canonical.php" line="21" assertions="1" time="0.132186"/>
          <testcase name="test_canonical with data set #36" class="Tests_Canonical" classname="Tests_Canonical" file="/var/www/html/test/wordpress_test/inpsyde_test/test/wp-content/plugins/plugintestslughere/tests/unit/tests/canonical.php" line="21" assertions="1" time="0.163952"/>
          <testcase name="test_canonical with data set #37" class="Tests_Canonical" classname="Tests_Canonical" file="/var/www/html/test/wordpress_test/inpsyde_test/test/wp-content/plugins/plugintestslughere/tests/unit/tests/canonical.php" line="21" assertions="1" time="0.219826"/>
          <testcase name="test_canonical with data set #38" class="Tests_Canonical" classname="Tests_Canonical" file="/var/www/html/test/wordpress_test/inpsyde_test/test/wp-content/plugins/plugintestslughere/tests/unit/tests/canonical.php" line="21" assertions="1" time="0.141857"/>
          <testcase name="test_canonical with data set #39" class="Tests_Canonical" classname="Tests_Canonical" file="/var/www/html/test/wordpress_test/inpsyde_test/test/wp-content/plugins/plugintestslughere/tests/unit/tests/canonical.php" line="21" assertions="1" time="0.109380"/>
          <testcase name="test_canonical with data set #40" class="Tests_Canonical" classname="Tests_Canonical" file="/var/www/html/test/wordpress_test/inpsyde_test/test/wp-content/plugins/plugintestslughere/tests/unit/tests/canonical.php" line="21" assertions="1" time="0.121707"/>
          <testcase name="test_canonical with data set #41" class="Tests_Canonical" classname="Tests_Canonical" file="/var/www/html/test/wordpress_test/inpsyde_test/test/wp-content/plugins/plugintestslughere/tests/unit/tests/canonical.php" line="21" assertions="2" time="0.120257"/>
          <testcase name="test_canonical with data set #42" class="Tests_Canonical" classname="Tests_Canonical" file="/var/www/html/test/wordpress_test/inpsyde_test/test/wp-content/plugins/plugintestslughere/tests/unit/tests/canonical.php" line="21" assertions="1" time="0.108790"/>
          <testcase name="test_canonical with data set #43" class="Tests_Canonical" classname="Tests_Canonical" file="/var/www/html/test/wordpress_test/inpsyde_test/test/wp-content/plugins/plugintestslughere/tests/unit/tests/canonical.php" line="21" assertions="1" time="0.198805"/>
          <testcase name="test_canonical with data set #44" class="Tests_Canonical" classname="Tests_Canonical" file="/var/www/html/test/wordpress_test/inpsyde_test/test/wp-content/plugins/plugintestslughere/tests/unit/tests/canonical.php" line="21" assertions="1" time="0.130968"/>
          <testcase name="test_canonical with data set #45" class="Tests_Canonical" classname="Tests_Canonical" file="/var/www/html/test/wordpress_test/inpsyde_test/test/wp-content/plugins/plugintestslughere/tests/unit/tests/canonical.php" line="21" assertions="1" time="0.120604"/>
          <testcase name="test_canonical with data set #46" class="Tests_Canonical" classname="Tests_Canonical" file="/var/www/html/test/wordpress_test/inpsyde_test/test/wp-content/plugins/plugintestslughere/tests/unit/tests/canonical.php" line="21" assertions="1" time="0.109340"/>
          <testcase name="test_canonical with data set #47" class="Tests_Canonical" classname="Tests_Canonical" file="/var/www/html/test/wordpress_test/inpsyde_test/test/wp-content/plugins/plugintestslughere/tests/unit/tests/canonical.php" line="21" assertions="1" time="0.110130"/>
          <testcase name="test_canonical with data set #48" class="Tests_Canonical" classname="Tests_Canonical" file="/var/www/html/test/wordpress_test/inpsyde_test/test/wp-content/plugins/plugintestslughere/tests/unit/tests/canonical.php" line="21" assertions="1" time="0.120272"/>
          <testcase name="test_canonical with data set #49" class="Tests_Canonical" classname="Tests_Canonical" file="/var/www/html/test/wordpress_test/inpsyde_test/test/wp-content/plugins/plugintestslughere/tests/unit/tests/canonical.php" line="21" assertions="1" time="0.098286"/>
          <testcase name="test_canonical with data set #50" class="Tests_Canonical" classname="Tests_Canonical" file="/var/www/html/test/wordpress_test/inpsyde_test/test/wp-content/plugins/plugintestslughere/tests/unit/tests/canonical.php" line="21" assertions="1" time="0.153717"/>
          <testcase name="test_canonical with data set #51" class="Tests_Canonical" classname="Tests_Canonical" file="/var/www/html/test/wordpress_test/inpsyde_test/test/wp-content/plugins/plugintestslughere/tests/unit/tests/canonical.php" line="21" assertions="1" time="0.176131"/>
          <testcase name="test_canonical with data set #52" class="Tests_Canonical" classname="Tests_Canonical" file="/var/www/html/test/wordpress_test/inpsyde_test/test/wp-content/plugins/plugintestslughere/tests/unit/tests/canonical.php" line="21" assertions="1" time="0.098640"/>
          <testcase name="test_canonical with data set #53" class="Tests_Canonical" classname="Tests_Canonical" file="/var/www/html/test/wordpress_test/inpsyde_test/test/wp-content/plugins/plugintestslughere/tests/unit/tests/canonical.php" line="21" assertions="1" time="0.098815"/>
          <testcase name="test_canonical with data set #54" class="Tests_Canonical" classname="Tests_Canonical" file="/var/www/html/test/wordpress_test/inpsyde_test/test/wp-content/plugins/plugintestslughere/tests/unit/tests/canonical.php" line="21" assertions="1" time="0.098092"/>
          <testcase name="test_canonical with data set #55" class="Tests_Canonical" classname="Tests_Canonical" file="/var/www/html/test/wordpress_test/inpsyde_test/test/wp-content/plugins/plugintestslughere/tests/unit/tests/canonical.php" line="21" assertions="1" time="0.109390"/>
        </testsuite>
        <testcase name="test_do_redirect_guess_404_permalink" class="Tests_Canonical" classname="Tests_Canonical" file="/var/www/html/test/wordpress_test/inpsyde_test/test/wp-content/plugins/plugintestslughere/tests/unit/tests/canonical.php" line="236" assertions="1" time="0.098862"/>
        <testcase name="test_pre_redirect_guess_404_permalink" class="Tests_Canonical" classname="Tests_Canonical" file="/var/www/html/test/wordpress_test/inpsyde_test/test/wp-content/plugins/plugintestslughere/tests/unit/tests/canonical.php" line="246" assertions="1" time="0.088778"/>
        <testcase name="test_strict_redirect_guess_404_permalink" class="Tests_Canonical" classname="Tests_Canonical" file="/var/www/html/test/wordpress_test/inpsyde_test/test/wp-content/plugins/plugintestslughere/tests/unit/tests/canonical.php" line="261" assertions="2" time="0.130639"/>
        <testcase name="test_utf8_query_keys_canonical" class="Tests_Canonical" classname="Tests_Canonical" file="/var/www/html/test/wordpress_test/inpsyde_test/test/wp-content/plugins/plugintestslughere/tests/unit/tests/canonical.php" line="281" assertions="1" time="0.131700"/>
      </testsuite>
      <testsuite name="Tests_Canonical_Category" file="/var/www/html/test/wordpress_test/inpsyde_test/test/wp-content/plugins/plugintestslughere/tests/unit/tests/canonical/category.php" tests="5" assertions="10" errors="0" failures="0" skipped="0" time="0.909928">
        <testsuite name="Tests_Canonical_Category::test_canonical_category" tests="5" assertions="10" errors="0" failures="0" skipped="0" time="0.909928">
          <testcase name="test_canonical_category with data set #0" class="Tests_Canonical_Category" classname="Tests_Canonical_Category" file="/var/www/html/test/wordpress_test/inpsyde_test/test/wp-content/plugins/plugintestslughere/tests/unit/tests/canonical/category.php" line="28" assertions="2" time="0.141477"/>
          <testcase name="test_canonical_category with data set #1" class="Tests_Canonical_Category" classname="Tests_Canonical_Category" file="/var/www/html/test/wordpress_test/inpsyde_test/test/wp-content/plugins/plugintestslughere/tests/unit/tests/canonical/category.php" line="28" assertions="2" time="0.131357"/>
          <testcase name="test_canonical_category with data set #2" class="Tests_Canonical_Category" classname="Tests_Canonical_Category" file="/var/www/html/test/wordpress_test/inpsyde_test/test/wp-content/plugins/plugintestslughere/tests/unit/tests/canonical/category.php" line="28" assertions="2" time="0.142368"/>
          <testcase name="test_canonical_category with data set #3" class="Tests_Canonical_Category" classname="Tests_Canonical_Category" file="/var/www/html/test/wordpress_test/inpsyde_test/test/wp-content/plugins/plugintestslughere/tests/unit/tests/canonical/category.php" line="28" assertions="2" time="0.142384"/>
          <testcase name="test_canonical_category with data set #4" class="Tests_Canonical_Category" classname="Tests_Canonical_Category" file="/var/www/html/test/wordpress_test/inpsyde_test/test/wp-content/plugins/plugintestslughere/tests/unit/tests/canonical/category.php" line="28" assertions="2" time="0.352342"/>
        </testsuite>
      </testsuite>
      <testsuite name="Tests_Canonical_CustomRules" file="/var/www/html/test/wordpress_test/inpsyde_test/test/wp-content/plugins/plugintestslughere/tests/unit/tests/canonical/customRules.php" tests="2" assertions="4" errors="0" failures="0" skipped="0" time="1.129175">
        <testsuite name="Tests_Canonical_CustomRules::test" tests="2" assertions="4" errors="0" failures="0" skipped="0" time="1.129175">
          <testcase name="test with data set #0" class="Tests_Canonical_CustomRules" classname="Tests_Canonical_CustomRules" file="/var/www/html/test/wordpress_test/inpsyde_test/test/wp-content/plugins/plugintestslughere/tests/unit/tests/canonical/customRules.php" line="21" assertions="2" time="0.999025"/>
          <testcase name="test with data set #1" class="Tests_Canonical_CustomRules" classname="Tests_Canonical_CustomRules" file="/var/www/html/test/wordpress_test/inpsyde_test/test/wp-content/plugins/plugintestslughere/tests/unit/tests/canonical/customRules.php" line="21" assertions="2" time="0.130150"/>
        </testsuite>
      </testsuite>
      <testsuite name="Tests_Canonical_HTTPS" file="/var/www/html/test/wordpress_test/inpsyde_test/test/wp-content/plugins/plugintestslughere/tests/unit/tests/canonical/https.php" tests="3" assertions="3" errors="0" failures="0" skipped="0" time="0.430684">
        <testcase name="test_http_request_with_http_home" class="Tests_Canonical_HTTPS" classname="Tests_Canonical_HTTPS" file="/var/www/html/test/wordpress_test/inpsyde_test/test/wp-content/plugins/plugintestslughere/tests/unit/tests/canonical/https.php" line="26" assertions="1" time="0.135498"/>
        <testcase name="test_https_request_with_http_home" class="Tests_Canonical_HTTPS" classname="Tests_Canonical_HTTPS" file="/var/www/html/test/wordpress_test/inpsyde_test/test/wp-content/plugins/plugintestslughere/tests/unit/tests/canonical/https.php" line="35" assertions="1" time="0.130795"/>
        <testcase name="test_https_request_with_https_home" class="Tests_Canonical_HTTPS" classname="Tests_Canonical_HTTPS" file="/var/www/html/test/wordpress_test/inpsyde_test/test/wp-content/plugins/plugintestslughere/tests/unit/tests/canonical/https.php" line="44" assertions="1" time="0.164391"/>
      </testsuite>
      <testsuite name="Tests_Canonical_NoRewrite" file="/var/www/html/test/wordpress_test/inpsyde_test/test/wp-content/plugins/plugintestslughere/tests/unit/tests/canonical/noRewrite.php" tests="56" assertions="104" errors="0" failures="0" skipped="0" time="7.223998">
        <testsuite name="Tests_Canonical_NoRewrite::test" tests="56" assertions="104" errors="0" failures="0" skipped="0" time="7.223998">
          <testcase name="test with data set #0" class="Tests_Canonical_NoRewrite" classname="Tests_Canonical_NoRewrite" file="/var/www/html/test/wordpress_test/inpsyde_test/test/wp-content/plugins/plugintestslughere/tests/unit/tests/canonical/noRewrite.php" line="27" assertions="1" time="0.269690"/>
          <testcase name="test with data set #1" class="Tests_Canonical_NoRewrite" classname="Tests_Canonical_NoRewrite" file="/var/www/html/test/wordpress_test/inpsyde_test/test/wp-content/plugins/plugintestslughere/tests/unit/tests/canonical/noRewrite.php" line="27" assertions="1" time="0.119183"/>
          <testcase name="test with data set #2" class="Tests_Canonical_NoRewrite" classname="Tests_Canonical_NoRewrite" file="/var/www/html/test/wordpress_test/inpsyde_test/test/wp-content/plugins/plugintestslughere/tests/unit/tests/canonical/noRewrite.php" line="27" assertions="1" time="0.120661"/>
          <testcase name="test with data set #3" class="Tests_Canonical_NoRewrite" classname="Tests_Canonical_NoRewrite" file="/var/www/html/test/wordpress_test/inpsyde_test/test/wp-content/plugins/plugintestslughere/tests/unit/tests/canonical/noRewrite.php" line="27" assertions="3" time="0.131362"/>
          <testcase name="test with data set #4" class="Tests_Canonical_NoRewrite" classname="Tests_Canonical_NoRewrite" file="/var/www/html/test/wordpress_test/inpsyde_test/test/wp-content/plugins/plugintestslughere/tests/unit/tests/canonical/noRewrite.php" line="27" assertions="3" time="0.131090"/>
          <testcase name="test with data set #5" class="Tests_Canonical_NoRewrite" classname="Tests_Canonical_NoRewrite" file="/var/www/html/test/wordpress_test/inpsyde_test/test/wp-content/plugins/plugintestslughere/tests/unit/tests/canonical/noRewrite.php" line="27" assertions="3" time="0.098747"/>
          <testcase name="test with data set #6" class="Tests_Canonical_NoRewrite" classname="Tests_Canonical_NoRewrite" file="/var/www/html/test/wordpress_test/inpsyde_test/test/wp-content/plugins/plugintestslughere/tests/unit/tests/canonical/noRewrite.php" line="27" assertions="3" time="0.131627"/>
          <testcase name="test with data set #7" class="Tests_Canonical_NoRewrite" classname="Tests_Canonical_NoRewrite" file="/var/www/html/test/wordpress_test/inpsyde_test/test/wp-content/plugins/plugintestslughere/tests/unit/tests/canonical/noRewrite.php" line="27" assertions="3" time="0.143258"/>
          <testcase name="test with data set #8" class="Tests_Canonical_NoRewrite" classname="Tests_Canonical_NoRewrite" file="/var/www/html/test/wordpress_test/inpsyde_test/test/wp-content/plugins/plugintestslughere/tests/unit/tests/canonical/noRewrite.php" line="27" assertions="3" time="0.131424"/>
          <testcase name="test with data set #9" class="Tests_Canonical_NoRewrite" classname="Tests_Canonical_NoRewrite" file="/var/www/html/test/wordpress_test/inpsyde_test/test/wp-content/plugins/plugintestslughere/tests/unit/tests/canonical/noRewrite.php" line="27" assertions="3" time="0.131516"/>
          <testcase name="test with data set #10" class="Tests_Canonical_NoRewrite" classname="Tests_Canonical_NoRewrite" file="/var/www/html/test/wordpress_test/inpsyde_test/test/wp-content/plugins/plugintestslughere/tests/unit/tests/canonical/noRewrite.php" line="27" assertions="3" time="0.131475"/>
          <testcase name="test with data set #11" class="Tests_Canonical_NoRewrite" classname="Tests_Canonical_NoRewrite" file="/var/www/html/test/wordpress_test/inpsyde_test/test/wp-content/plugins/plugintestslughere/tests/unit/tests/canonical/noRewrite.php" line="27" assertions="3" time="0.141991"/>
          <testcase name="test with data set #12" class="Tests_Canonical_NoRewrite" classname="Tests_Canonical_NoRewrite" file="/var/www/html/test/wordpress_test/inpsyde_test/test/wp-content/plugins/plugintestslughere/tests/unit/tests/canonical/noRewrite.php" line="27" assertions="3" time="0.098576"/>
          <testcase name="test with data set #13" class="Tests_Canonical_NoRewrite" classname="Tests_Canonical_NoRewrite" file="/var/www/html/test/wordpress_test/inpsyde_test/test/wp-content/plugins/plugintestslughere/tests/unit/tests/canonical/noRewrite.php" line="27" assertions="3" time="0.088306"/>
          <testcase name="test with data set #14" class="Tests_Canonical_NoRewrite" classname="Tests_Canonical_NoRewrite" file="/var/www/html/test/wordpress_test/inpsyde_test/test/wp-content/plugins/plugintestslughere/tests/unit/tests/canonical/noRewrite.php" line="27" assertions="3" time="0.131450"/>
          <testcase name="test with data set #15" class="Tests_Canonical_NoRewrite" classname="Tests_Canonical_NoRewrite" file="/var/www/html/test/wordpress_test/inpsyde_test/test/wp-content/plugins/plugintestslughere/tests/unit/tests/canonical/noRewrite.php" line="27" assertions="3" time="0.175398"/>
          <testcase name="test with data set #16" class="Tests_Canonical_NoRewrite" classname="Tests_Canonical_NoRewrite" file="/var/www/html/test/wordpress_test/inpsyde_test/test/wp-content/plugins/plugintestslughere/tests/unit/tests/canonical/noRewrite.php" line="27" assertions="3" time="0.098521"/>
          <testcase name="test with data set #17" class="Tests_Canonical_NoRewrite" classname="Tests_Canonical_NoRewrite" file="/var/www/html/test/wordpress_test/inpsyde_test/test/wp-content/plugins/plugintestslughere/tests/unit/tests/canonical/noRewrite.php" line="27" assertions="3" time="0.099293"/>
          <testcase name="test with data set #18" class="Tests_Canonical_NoRewrite" classname="Tests_Canonical_NoRewrite" file="/var/www/html/test/wordpress_test/inpsyde_test/test/wp-content/plugins/plugintestslughere/tests/unit/tests/canonical/noRewrite.php" line="27" assertions="3" time="0.109722"/>
          <testcase name="test with data set #19" class="Tests_Canonical_NoRewrite" classname="Tests_Canonical_NoRewrite" file="/var/www/html/test/wordpress_test/inpsyde_test/test/wp-content/plugins/plugintestslughere/tests/unit/tests/canonical/noRewrite.php" line="27" assertions="3" time="0.131110"/>
          <testcase name="test with data set #20" class="Tests_Canonical_NoRewrite" classname="Tests_Canonical_NoRewrite" file="/var/www/html/test/wordpress_test/inpsyde_test/test/wp-content/plugins/plugintestslughere/tests/unit/tests/canonical/noRewrite.php" line="27" assertions="3" time="0.109496"/>
          <testcase name="test with data set #21" class="Tests_Canonical_NoRewrite" classname="Tests_Canonical_NoRewrite" file="/var/www/html/test/wordpress_test/inpsyde_test/test/wp-content/plugins/plugintestslughere/tests/unit/tests/canonical/noRewrite.php" line="27" assertions="3" time="0.131709"/>
          <testcase name="test with data set #22" class="Tests_Canonical_NoRewrite" classname="Tests_Canonical_NoRewrite" file="/var/www/html/test/wordpress_test/inpsyde_test/test/wp-content/plugins/plugintestslughere/tests/unit/tests/canonical/noRewrite.php" line="27" assertions="3" time="0.110076"/>
          <testcase name="test with data set #23" class="Tests_Canonical_NoRewrite" classname="Tests_Canonical_NoRewrite" file="/var/www/html/test/wordpress_test/inpsyde_test/test/wp-content/plugins/plugintestslughere/tests/unit/tests/canonical/noRewrite.php" line="27" assertions="3" time="0.207996"/>
          <testcase name="test with data set #24" class="Tests_Canonical_NoRewrite" classname="Tests_Canonical_NoRewrite" file="/var/www/html/test/wordpress_test/inpsyde_test/test/wp-content/plugins/plugintestslughere/tests/unit/tests/canonical/noRewrite.php" line="27" assertions="3" time="0.099354"/>
          <testcase name="test with data set #25" class="Tests_Canonical_NoRewrite" classname="Tests_Canonical_NoRewrite" file="/var/www/html/test/wordpress_test/inpsyde_test/test/wp-content/plugins/plugintestslughere/tests/unit/tests/canonical/noRewrite.php" line="27" assertions="3" time="0.109338"/>
          <testcase name="test with data set #26" class="Tests_Canonical_NoRewrite" classname="Tests_Canonical_NoRewrite" file="/var/www/html/test/wordpress_test/inpsyde_test/test/wp-content/plugins/plugintestslughere/tests/unit/tests/canonical/noRewrite.php" line="27" assertions="3" time="0.098754"/>
          <testcase name="test with data set #27" class="Tests_Canonical_NoRewrite" classname="Tests_Canonical_NoRewrite" file="/var/www/html/test/wordpress_test/inpsyde_test/test/wp-content/plugins/plugintestslughere/tests/unit/tests/canonical/noRewrite.php" line="27" assertions="1" time="0.098444"/>
          <testcase name="test with data set #28" class="Tests_Canonical_NoRewrite" classname="Tests_Canonical_NoRewrite" file="/var/www/html/test/wordpress_test/inpsyde_test/test/wp-content/plugins/plugintestslughere/tests/unit/tests/canonical/noRewrite.php" line="27" assertions="1" time="0.110409"/>
          <testcase name="test with data set #29" class="Tests_Canonical_NoRewrite" classname="Tests_Canonical_NoRewrite" file="/var/www/html/test/wordpress_test/inpsyde_test/test/wp-content/plugins/plugintestslughere/tests/unit/tests/canonical/noRewrite.php" line="27" assertions="1" time="0.131245"/>
          <testcase name="test with data set #30" class="Tests_Canonical_NoRewrite" classname="Tests_Canonical_NoRewrite" file="/var/www/html/test/wordpress_test/inpsyde_test/test/wp-content/plugins/plugintestslughere/tests/unit/tests/canonical/noRewrite.php" line="27" assertions="1" time="0.131032"/>
          <testcase name="test with data set #31" class="Tests_Canonical_NoRewrite" classname="Tests_Canonical_NoRewrite" file="/var/www/html/test/wordpress_test/inpsyde_test/test/wp-content/plugins/plugintestslughere/tests/unit/tests/canonical/noRewrite.php" line="27" assertions="1" time="0.176442"/>
          <testcase name="test with data set #32" class="Tests_Canonical_NoRewrite" classname="Tests_Canonical_NoRewrite" file="/var/www/html/test/wordpress_test/inpsyde_test/test/wp-content/plugins/plugintestslughere/tests/unit/tests/canonical/noRewrite.php" line="27" assertions="1" time="0.120301"/>
          <testcase name="test with data set #33" class="Tests_Canonical_NoRewrite" classname="Tests_Canonical_NoRewrite" file="/var/www/html/test/wordpress_test/inpsyde_test/test/wp-content/plugins/plugintestslughere/tests/unit/tests/canonical/noRewrite.php" line="27" assertions="1" time="0.131434"/>
          <testcase name="test with data set #34" class="Tests_Canonical_NoRewrite" classname="Tests_Canonical_NoRewrite" file="/var/www/html/test/wordpress_test/inpsyde_test/test/wp-content/plugins/plugintestslughere/tests/unit/tests/canonical/noRewrite.php" line="27" assertions="1" time="0.131559"/>
          <testcase name="test with data set #35" class="Tests_Canonical_NoRewrite" classname="Tests_Canonical_NoRewrite" file="/var/www/html/test/wordpress_test/inpsyde_test/test/wp-content/plugins/plugintestslughere/tests/unit/tests/canonical/noRewrite.php" line="27" assertions="1" time="0.131579"/>
          <testcase name="test with data set #36" class="Tests_Canonical_NoRewrite" classname="Tests_Canonical_NoRewrite" file="/var/www/html/test/wordpress_test/inpsyde_test/test/wp-content/plugins/plugintestslughere/tests/unit/tests/canonical/noRewrite.php" line="27" assertions="1" time="0.141857"/>
          <testcase name="test with data set #37" class="Tests_Canonical_NoRewrite" classname="Tests_Canonical_NoRewrite" file="/var/www/html/test/wordpress_test/inpsyde_test/test/wp-content/plugins/plugintestslughere/tests/unit/tests/canonical/noRewrite.php" line="27" assertions="1" time="0.121384"/>
          <testcase name="test with data set #38" class="Tests_Canonical_NoRewrite" classname="Tests_Canonical_NoRewrite" file="/var/www/html/test/wordpress_test/inpsyde_test/test/wp-content/plugins/plugintestslughere/tests/unit/tests/canonical/noRewrite.php" line="27" assertions="1" time="0.120476"/>
          <testcase name="test with data set #39" class="Tests_Canonical_NoRewrite" classname="Tests_Canonical_NoRewrite" file="/var/www/html/test/wordpress_test/inpsyde_test/test/wp-content/plugins/plugintestslughere/tests/unit/tests/canonical/noRewrite.php" line="27" assertions="1" time="0.165377"/>
          <testcase name="test with data set #40" class="Tests_Canonical_NoRewrite" classname="Tests_Canonical_NoRewrite" file="/var/www/html/test/wordpress_test/inpsyde_test/test/wp-content/plugins/plugintestslughere/tests/unit/tests/canonical/noRewrite.php" line="27" assertions="1" time="0.109374"/>
          <testcase name="test with data set #41" class="Tests_Canonical_NoRewrite" classname="Tests_Canonical_NoRewrite" file="/var/www/html/test/wordpress_test/inpsyde_test/test/wp-content/plugins/plugintestslughere/tests/unit/tests/canonical/noRewrite.php" line="27" assertions="1" time="0.110022"/>
          <testcase name="test with data set #42" class="Tests_Canonical_NoRewrite" classname="Tests_Canonical_NoRewrite" file="/var/www/html/test/wordpress_test/inpsyde_test/test/wp-content/plugins/plugintestslughere/tests/unit/tests/canonical/noRewrite.php" line="27" assertions="1" time="0.121907"/>
          <testcase name="test with data set #43" class="Tests_Canonical_NoRewrite" classname="Tests_Canonical_NoRewrite" file="/var/www/html/test/wordpress_test/inpsyde_test/test/wp-content/plugins/plugintestslughere/tests/unit/tests/canonical/noRewrite.php" line="27" assertions="1" time="0.131399"/>
          <testcase name="test with data set #44" class="Tests_Canonical_NoRewrite" classname="Tests_Canonical_NoRewrite" file="/var/www/html/test/wordpress_test/inpsyde_test/test/wp-content/plugins/plugintestslughere/tests/unit/tests/canonical/noRewrite.php" line="27" assertions="1" time="0.131357"/>
          <testcase name="test with data set #45" class="Tests_Canonical_NoRewrite" classname="Tests_Canonical_NoRewrite" file="/var/www/html/test/wordpress_test/inpsyde_test/test/wp-content/plugins/plugintestslughere/tests/unit/tests/canonical/noRewrite.php" line="27" assertions="1" time="0.142485"/>
          <testcase name="test with data set #46" class="Tests_Canonical_NoRewrite" classname="Tests_Canonical_NoRewrite" file="/var/www/html/test/wordpress_test/inpsyde_test/test/wp-content/plugins/plugintestslughere/tests/unit/tests/canonical/noRewrite.php" line="27" assertions="1" time="0.185990"/>
          <testcase name="test with data set #47" class="Tests_Canonical_NoRewrite" classname="Tests_Canonical_NoRewrite" file="/var/www/html/test/wordpress_test/inpsyde_test/test/wp-content/plugins/plugintestslughere/tests/unit/tests/canonical/noRewrite.php" line="27" assertions="1" time="0.121143"/>
          <testcase name="test with data set #48" class="Tests_Canonical_NoRewrite" classname="Tests_Canonical_NoRewrite" file="/var/www/html/test/wordpress_test/inpsyde_test/test/wp-content/plugins/plugintestslughere/tests/unit/tests/canonical/noRewrite.php" line="27" assertions="1" time="0.098835"/>
          <testcase name="test with data set #49" class="Tests_Canonical_NoRewrite" classname="Tests_Canonical_NoRewrite" file="/var/www/html/test/wordpress_test/inpsyde_test/test/wp-content/plugins/plugintestslughere/tests/unit/tests/canonical/noRewrite.php" line="27" assertions="1" time="0.099005"/>
          <testcase name="test with data set #50" class="Tests_Canonical_NoRewrite" classname="Tests_Canonical_NoRewrite" file="/var/www/html/test/wordpress_test/inpsyde_test/test/wp-content/plugins/plugintestslughere/tests/unit/tests/canonical/noRewrite.php" line="27" assertions="1" time="0.109260"/>
          <testcase name="test with data set #51" class="Tests_Canonical_NoRewrite" classname="Tests_Canonical_NoRewrite" file="/var/www/html/test/wordpress_test/inpsyde_test/test/wp-content/plugins/plugintestslughere/tests/unit/tests/canonical/noRewrite.php" line="27" assertions="1" time="0.088195"/>
          <testcase name="test with data set #52" class="Tests_Canonical_NoRewrite" classname="Tests_Canonical_NoRewrite" file="/var/www/html/test/wordpress_test/inpsyde_test/test/wp-content/plugins/plugintestslughere/tests/unit/tests/canonical/noRewrite.php" line="27" assertions="1" time="0.098427"/>
          <testcase name="test with data set #53" class="Tests_Canonical_NoRewrite" classname="Tests_Canonical_NoRewrite" file="/var/www/html/test/wordpress_test/inpsyde_test/test/wp-content/plugins/plugintestslughere/tests/unit/tests/canonical/noRewrite.php" line="27" assertions="1" time="0.098924"/>
          <testcase name="test with data set #54" class="Tests_Canonical_NoRewrite" classname="Tests_Canonical_NoRewrite" file="/var/www/html/test/wordpress_test/inpsyde_test/test/wp-content/plugins/plugintestslughere/tests/unit/tests/canonical/noRewrite.php" line="27" assertions="1" time="0.131729"/>
          <testcase name="test with data set #55" class="Tests_Canonical_NoRewrite" classname="Tests_Canonical_NoRewrite" file="/var/www/html/test/wordpress_test/inpsyde_test/test/wp-content/plugins/plugintestslughere/tests/unit/tests/canonical/noRewrite.php" line="27" assertions="1" time="0.253284"/>
        </testsuite>
      </testsuite>
      <testsuite name="Tests_Canonical_PageOnFront" file="/var/www/html/test/wordpress_test/inpsyde_test/test/wp-content/plugins/plugintestslughere/tests/unit/tests/canonical/pageOnFront.php" tests="10" assertions="10" errors="0" failures="0" skipped="0" time="1.930268">
        <testsuite name="Tests_Canonical_PageOnFront::test" tests="10" assertions="10" errors="0" failures="0" skipped="0" time="1.930268">
          <testcase name="test with data set #0" class="Tests_Canonical_PageOnFront" classname="Tests_Canonical_PageOnFront" file="/var/www/html/test/wordpress_test/inpsyde_test/test/wp-content/plugins/plugintestslughere/tests/unit/tests/canonical/pageOnFront.php" line="38" assertions="1" time="0.152417"/>
          <testcase name="test with data set #1" class="Tests_Canonical_PageOnFront" classname="Tests_Canonical_PageOnFront" file="/var/www/html/test/wordpress_test/inpsyde_test/test/wp-content/plugins/plugintestslughere/tests/unit/tests/canonical/pageOnFront.php" line="38" assertions="1" time="0.219328"/>
          <testcase name="test with data set #2" class="Tests_Canonical_PageOnFront" classname="Tests_Canonical_PageOnFront" file="/var/www/html/test/wordpress_test/inpsyde_test/test/wp-content/plugins/plugintestslughere/tests/unit/tests/canonical/pageOnFront.php" line="38" assertions="1" time="0.164929"/>
          <testcase name="test with data set #3" class="Tests_Canonical_PageOnFront" classname="Tests_Canonical_PageOnFront" file="/var/www/html/test/wordpress_test/inpsyde_test/test/wp-content/plugins/plugintestslughere/tests/unit/tests/canonical/pageOnFront.php" line="38" assertions="1" time="0.164081"/>
          <testcase name="test with data set #4" class="Tests_Canonical_PageOnFront" classname="Tests_Canonical_PageOnFront" file="/var/www/html/test/wordpress_test/inpsyde_test/test/wp-content/plugins/plugintestslughere/tests/unit/tests/canonical/pageOnFront.php" line="38" assertions="1" time="0.152949"/>
          <testcase name="test with data set #5" class="Tests_Canonical_PageOnFront" classname="Tests_Canonical_PageOnFront" file="/var/www/html/test/wordpress_test/inpsyde_test/test/wp-content/plugins/plugintestslughere/tests/unit/tests/canonical/pageOnFront.php" line="38" assertions="1" time="0.176058"/>
          <testcase name="test with data set #6" class="Tests_Canonical_PageOnFront" classname="Tests_Canonical_PageOnFront" file="/var/www/html/test/wordpress_test/inpsyde_test/test/wp-content/plugins/plugintestslughere/tests/unit/tests/canonical/pageOnFront.php" line="38" assertions="1" time="0.373715"/>
          <testcase name="test with data set #7" class="Tests_Canonical_PageOnFront" classname="Tests_Canonical_PageOnFront" file="/var/www/html/test/wordpress_test/inpsyde_test/test/wp-content/plugins/plugintestslughere/tests/unit/tests/canonical/pageOnFront.php" line="38" assertions="1" time="0.175459"/>
          <testcase name="test with data set #8" class="Tests_Canonical_PageOnFront" classname="Tests_Canonical_PageOnFront" file="/var/www/html/test/wordpress_test/inpsyde_test/test/wp-content/plugins/plugintestslughere/tests/unit/tests/canonical/pageOnFront.php" line="38" assertions="1" time="0.175957"/>
          <testcase name="test with data set #9" class="Tests_Canonical_PageOnFront" classname="Tests_Canonical_PageOnFront" file="/var/www/html/test/wordpress_test/inpsyde_test/test/wp-content/plugins/plugintestslughere/tests/unit/tests/canonical/pageOnFront.php" line="38" assertions="1" time="0.175375"/>
        </testsuite>
      </testsuite>
      <testsuite name="Tests_Canonical_Paged" file="/var/www/html/test/wordpress_test/inpsyde_test/test/wp-content/plugins/plugintestslughere/tests/unit/tests/canonical/paged.php" tests="1" assertions="2" errors="0" failures="0" skipped="0" time="0.173939">
        <testcase name="test_redirect_canonical_with_nextpage_pagination" class="Tests_Canonical_Paged" classname="Tests_Canonical_Paged" file="/var/www/html/test/wordpress_test/inpsyde_test/test/wp-content/plugins/plugintestslughere/tests/unit/tests/canonical/paged.php" line="9" assertions="2" time="0.173939"/>
      </testsuite>
      <testsuite name="Tests_Canonical_Robots" file="/var/www/html/test/wordpress_test/inpsyde_test/test/wp-content/plugins/plugintestslughere/tests/unit/tests/canonical/robots.php" tests="1" assertions="2" errors="0" failures="0" skipped="0" time="0.169716">
        <testcase name="test_remove_trailing_slashes_for_robots_requests" class="Tests_Canonical_Robots" classname="Tests_Canonical_Robots" file="/var/www/html/test/wordpress_test/inpsyde_test/test/wp-content/plugins/plugintestslughere/tests/unit/tests/canonical/robots.php" line="10" assertions="2" time="0.169716"/>
      </testsuite>
      <testsuite name="Tests_Canonical_Sitemaps" file="/var/www/html/test/wordpress_test/inpsyde_test/test/wp-content/plugins/plugintestslughere/tests/unit/tests/canonical/sitemaps.php" tests="20" assertions="26" errors="0" failures="0" skipped="0" time="2.937517">
        <testcase name="test_remove_trailing_slashes_for_sitemap_index_requests" class="Tests_Canonical_Sitemaps" classname="Tests_Canonical_Sitemaps" file="/var/www/html/test/wordpress_test/inpsyde_test/test/wp-content/plugins/plugintestslughere/tests/unit/tests/canonical/sitemaps.php" line="17" assertions="2" time="0.151861"/>
        <testcase name="test_remove_trailing_slashes_for_sitemap_index_stylesheet_requests" class="Tests_Canonical_Sitemaps" classname="Tests_Canonical_Sitemaps" file="/var/www/html/test/wordpress_test/inpsyde_test/test/wp-content/plugins/plugintestslughere/tests/unit/tests/canonical/sitemaps.php" line="23" assertions="2" time="0.141765"/>
        <testcase name="test_remove_trailing_slashes_for_sitemap_requests" class="Tests_Canonical_Sitemaps" classname="Tests_Canonical_Sitemaps" file="/var/www/html/test/wordpress_test/inpsyde_test/test/wp-content/plugins/plugintestslughere/tests/unit/tests/canonical/sitemaps.php" line="29" assertions="4" time="0.185780"/>
        <testcase name="test_remove_trailing_slashes_for_sitemap_stylesheet_requests" class="Tests_Canonical_Sitemaps" classname="Tests_Canonical_Sitemaps" file="/var/www/html/test/wordpress_test/inpsyde_test/test/wp-content/plugins/plugintestslughere/tests/unit/tests/canonical/sitemaps.php" line="37" assertions="2" time="0.121078"/>
        <testsuite name="Tests_Canonical_Sitemaps::test_sitemaps_canonical_pretty_redirects" tests="11" assertions="11" errors="0" failures="0" skipped="0" time="1.691034">
          <testcase name="test_sitemaps_canonical_pretty_redirects with data set #0" class="Tests_Canonical_Sitemaps" classname="Tests_Canonical_Sitemaps" file="/var/www/html/test/wordpress_test/inpsyde_test/test/wp-content/plugins/plugintestslughere/tests/unit/tests/canonical/sitemaps.php" line="49" assertions="1" time="0.186169"/>
          <testcase name="test_sitemaps_canonical_pretty_redirects with data set #1" class="Tests_Canonical_Sitemaps" classname="Tests_Canonical_Sitemaps" file="/var/www/html/test/wordpress_test/inpsyde_test/test/wp-content/plugins/plugintestslughere/tests/unit/tests/canonical/sitemaps.php" line="49" assertions="1" time="0.142375"/>
          <testcase name="test_sitemaps_canonical_pretty_redirects with data set #2" class="Tests_Canonical_Sitemaps" classname="Tests_Canonical_Sitemaps" file="/var/www/html/test/wordpress_test/inpsyde_test/test/wp-content/plugins/plugintestslughere/tests/unit/tests/canonical/sitemaps.php" line="49" assertions="1" time="0.164759"/>
          <testcase name="test_sitemaps_canonical_pretty_redirects with data set #3" class="Tests_Canonical_Sitemaps" classname="Tests_Canonical_Sitemaps" file="/var/www/html/test/wordpress_test/inpsyde_test/test/wp-content/plugins/plugintestslughere/tests/unit/tests/canonical/sitemaps.php" line="49" assertions="1" time="0.142244"/>
          <testcase name="test_sitemaps_canonical_pretty_redirects with data set #4" class="Tests_Canonical_Sitemaps" classname="Tests_Canonical_Sitemaps" file="/var/www/html/test/wordpress_test/inpsyde_test/test/wp-content/plugins/plugintestslughere/tests/unit/tests/canonical/sitemaps.php" line="49" assertions="1" time="0.142507"/>
          <testcase name="test_sitemaps_canonical_pretty_redirects with data set #5" class="Tests_Canonical_Sitemaps" classname="Tests_Canonical_Sitemaps" file="/var/www/html/test/wordpress_test/inpsyde_test/test/wp-content/plugins/plugintestslughere/tests/unit/tests/canonical/sitemaps.php" line="49" assertions="1" time="0.144323"/>
          <testcase name="test_sitemaps_canonical_pretty_redirects with data set #6" class="Tests_Canonical_Sitemaps" classname="Tests_Canonical_Sitemaps" file="/var/www/html/test/wordpress_test/inpsyde_test/test/wp-content/plugins/plugintestslughere/tests/unit/tests/canonical/sitemaps.php" line="49" assertions="1" time="0.142389"/>
          <testcase name="test_sitemaps_canonical_pretty_redirects with data set #7" class="Tests_Canonical_Sitemaps" classname="Tests_Canonical_Sitemaps" file="/var/www/html/test/wordpress_test/inpsyde_test/test/wp-content/plugins/plugintestslughere/tests/unit/tests/canonical/sitemaps.php" line="49" assertions="1" time="0.197851"/>
          <testcase name="test_sitemaps_canonical_pretty_redirects with data set #8" class="Tests_Canonical_Sitemaps" classname="Tests_Canonical_Sitemaps" file="/var/www/html/test/wordpress_test/inpsyde_test/test/wp-content/plugins/plugintestslughere/tests/unit/tests/canonical/sitemaps.php" line="49" assertions="1" time="0.131381"/>
          <testcase name="test_sitemaps_canonical_pretty_redirects with data set #9" class="Tests_Canonical_Sitemaps" classname="Tests_Canonical_Sitemaps" file="/var/www/html/test/wordpress_test/inpsyde_test/test/wp-content/plugins/plugintestslughere/tests/unit/tests/canonical/sitemaps.php" line="49" assertions="1" time="0.175849"/>
          <testcase name="test_sitemaps_canonical_pretty_redirects with data set #10" class="Tests_Canonical_Sitemaps" classname="Tests_Canonical_Sitemaps" file="/var/www/html/test/wordpress_test/inpsyde_test/test/wp-content/plugins/plugintestslughere/tests/unit/tests/canonical/sitemaps.php" line="49" assertions="1" time="0.121187"/>
        </testsuite>
        <testsuite name="Tests_Canonical_Sitemaps::test_sitemaps_canonical_ugly_redirects" tests="5" assertions="5" errors="0" failures="0" skipped="0" time="0.645999">
          <testcase name="test_sitemaps_canonical_ugly_redirects with data set #0" class="Tests_Canonical_Sitemaps" classname="Tests_Canonical_Sitemaps" file="/var/www/html/test/wordpress_test/inpsyde_test/test/wp-content/plugins/plugintestslughere/tests/unit/tests/canonical/sitemaps.php" line="89" assertions="1" time="0.119325"/>
          <testcase name="test_sitemaps_canonical_ugly_redirects with data set #1" class="Tests_Canonical_Sitemaps" classname="Tests_Canonical_Sitemaps" file="/var/www/html/test/wordpress_test/inpsyde_test/test/wp-content/plugins/plugintestslughere/tests/unit/tests/canonical/sitemaps.php" line="89" assertions="1" time="0.131796"/>
          <testcase name="test_sitemaps_canonical_ugly_redirects with data set #2" class="Tests_Canonical_Sitemaps" classname="Tests_Canonical_Sitemaps" file="/var/www/html/test/wordpress_test/inpsyde_test/test/wp-content/plugins/plugintestslughere/tests/unit/tests/canonical/sitemaps.php" line="89" assertions="1" time="0.132035"/>
          <testcase name="test_sitemaps_canonical_ugly_redirects with data set #3" class="Tests_Canonical_Sitemaps" classname="Tests_Canonical_Sitemaps" file="/var/www/html/test/wordpress_test/inpsyde_test/test/wp-content/plugins/plugintestslughere/tests/unit/tests/canonical/sitemaps.php" line="89" assertions="1" time="0.164168"/>
          <testcase name="test_sitemaps_canonical_ugly_redirects with data set #4" class="Tests_Canonical_Sitemaps" classname="Tests_Canonical_Sitemaps" file="/var/www/html/test/wordpress_test/inpsyde_test/test/wp-content/plugins/plugintestslughere/tests/unit/tests/canonical/sitemaps.php" line="89" assertions="1" time="0.098675"/>
        </testsuite>
      </testsuite>
      <testsuite name="Tests_Category" file="/var/www/html/test/wordpress_test/inpsyde_test/test/wp-content/plugins/plugintestslughere/tests/unit/tests/category.php" tests="6" assertions="42" errors="0" failures="0" skipped="0" time="0.802147">
        <testcase name="test_get_all_category_ids" class="Tests_Category" classname="Tests_Category" file="/var/www/html/test/wordpress_test/inpsyde_test/test/wp-content/plugins/plugintestslughere/tests/unit/tests/category.php" line="22" assertions="2" time="0.164751"/>
        <testcase name="test_get_category_by_slug" class="Tests_Category" classname="Tests_Category" file="/var/www/html/test/wordpress_test/inpsyde_test/test/wp-content/plugins/plugintestslughere/tests/unit/tests/category.php" line="38" assertions="3" time="0.098377"/>
        <testcase name="test__make_cat_compat" class="Tests_Category" classname="Tests_Category" file="/var/www/html/test/wordpress_test/inpsyde_test/test/wp-content/plugins/plugintestslughere/tests/unit/tests/category.php" line="68" assertions="24" time="0.088332"/>
        <testcase name="test_get_cat_name" class="Tests_Category" classname="Tests_Category" file="/var/www/html/test/wordpress_test/inpsyde_test/test/wp-content/plugins/plugintestslughere/tests/unit/tests/category.php" line="145" assertions="3" time="0.110861"/>
        <testcase name="test_get_cat_ID" class="Tests_Category" classname="Tests_Category" file="/var/www/html/test/wordpress_test/inpsyde_test/test/wp-content/plugins/plugintestslughere/tests/unit/tests/category.php" line="165" assertions="3" time="0.153686"/>
        <testcase name="test_get_category_by_path" class="Tests_Category" classname="Tests_Category" file="/var/www/html/test/wordpress_test/inpsyde_test/test/wp-content/plugins/plugintestslughere/tests/unit/tests/category.php" line="185" assertions="7" time="0.186140"/>
      </testsuite>
      <testsuite name="Tests_Category_CategoryDescription" file="/var/www/html/test/wordpress_test/inpsyde_test/test/wp-content/plugins/plugintestslughere/tests/unit/tests/category/categoryDescription.php" tests="4" assertions="4" errors="0" failures="0" skipped="0" time="0.362785">
        <testcase name="test_success_query_by_id" class="Tests_Category_CategoryDescription" classname="Tests_Category_CategoryDescription" file="/var/www/html/test/wordpress_test/inpsyde_test/test/wp-content/plugins/plugintestslughere/tests/unit/tests/category/categoryDescription.php" line="8" assertions="1" time="0.089840"/>
        <testcase name="test_success_query_by_object" class="Tests_Category_CategoryDescription" classname="Tests_Category_CategoryDescription" file="/var/www/html/test/wordpress_test/inpsyde_test/test/wp-content/plugins/plugintestslughere/tests/unit/tests/category/categoryDescription.php" line="22" assertions="1" time="0.099470"/>
        <testcase name="test_should_return_description_for_term_from_another_taxonomy_on_primed_cache" class="Tests_Category_CategoryDescription" classname="Tests_Category_CategoryDescription" file="/var/www/html/test/wordpress_test/inpsyde_test/test/wp-content/plugins/plugintestslughere/tests/unit/tests/category/categoryDescription.php" line="43" assertions="1" time="0.096966"/>
        <testcase name="test_should_return_description_for_term_from_another_taxonomy_on_empty_cache" class="Tests_Category_CategoryDescription" classname="Tests_Category_CategoryDescription" file="/var/www/html/test/wordpress_test/inpsyde_test/test/wp-content/plugins/plugintestslughere/tests/unit/tests/category/categoryDescription.php" line="67" assertions="1" time="0.076509"/>
      </testsuite>
      <testsuite name="Tests_Category_GetCategories" file="/var/www/html/test/wordpress_test/inpsyde_test/test/wp-content/plugins/plugintestslughere/tests/unit/tests/category/getCategories.php" tests="1" assertions="1" errors="0" failures="0" skipped="0" time="0.043341">
        <testcase name="test_wp_error_should_return_an_empty_array" class="Tests_Category_GetCategories" classname="Tests_Category_GetCategories" file="/var/www/html/test/wordpress_test/inpsyde_test/test/wp-content/plugins/plugintestslughere/tests/unit/tests/category/getCategories.php" line="11" assertions="1" time="0.043341"/>
      </testsuite>
      <testsuite name="Tests_Category_GetCategoryLink" file="/var/www/html/test/wordpress_test/inpsyde_test/test/wp-content/plugins/plugintestslughere/tests/unit/tests/category/getCategoryLink.php" tests="3" assertions="3" errors="0" failures="0" skipped="0" time="0.255691">
        <testcase name="test_success" class="Tests_Category_GetCategoryLink" classname="Tests_Category_GetCategoryLink" file="/var/www/html/test/wordpress_test/inpsyde_test/test/wp-content/plugins/plugintestslughere/tests/unit/tests/category/getCategoryLink.php" line="8" assertions="1" time="0.091569"/>
        <testcase name="test_should_return_link_for_term_from_another_taxonomy_on_primed_cache" class="Tests_Category_GetCategoryLink" classname="Tests_Category_GetCategoryLink" file="/var/www/html/test/wordpress_test/inpsyde_test/test/wp-content/plugins/plugintestslughere/tests/unit/tests/category/getCategoryLink.php" line="20" assertions="1" time="0.087840"/>
        <testcase name="test_should_return_link_for_term_from_another_taxonomy_on_empty_cache" class="Tests_Category_GetCategoryLink" classname="Tests_Category_GetCategoryLink" file="/var/www/html/test/wordpress_test/inpsyde_test/test/wp-content/plugins/plugintestslughere/tests/unit/tests/category/getCategoryLink.php" line="41" assertions="1" time="0.076282"/>
      </testsuite>
      <testsuite name="Tests_Category_GetCategoryParents" file="/var/www/html/test/wordpress_test/inpsyde_test/test/wp-content/plugins/plugintestslughere/tests/unit/tests/category/getCategoryParents.php" tests="8" assertions="8" errors="0" failures="0" skipped="0" time="0.897274">
        <testcase name="test_should_return_wp_error_for_invalid_category" class="Tests_Category_GetCategoryParents" classname="Tests_Category_GetCategoryParents" file="/var/www/html/test/wordpress_test/inpsyde_test/test/wp-content/plugins/plugintestslughere/tests/unit/tests/category/getCategoryParents.php" line="21" assertions="1" time="0.109115"/>
        <testcase name="test_with_default_parameters" class="Tests_Category_GetCategoryParents" classname="Tests_Category_GetCategoryParents" file="/var/www/html/test/wordpress_test/inpsyde_test/test/wp-content/plugins/plugintestslughere/tests/unit/tests/category/getCategoryParents.php" line="25" assertions="1" time="0.109887"/>
        <testcase name="test_link_true" class="Tests_Category_GetCategoryParents" classname="Tests_Category_GetCategoryParents" file="/var/www/html/test/wordpress_test/inpsyde_test/test/wp-content/plugins/plugintestslughere/tests/unit/tests/category/getCategoryParents.php" line="31" assertions="1" time="0.109343"/>
        <testcase name="test_separator" class="Tests_Category_GetCategoryParents" classname="Tests_Category_GetCategoryParents" file="/var/www/html/test/wordpress_test/inpsyde_test/test/wp-content/plugins/plugintestslughere/tests/unit/tests/category/getCategoryParents.php" line="37" assertions="1" time="0.130834"/>
        <testcase name="test_nicename_false" class="Tests_Category_GetCategoryParents" classname="Tests_Category_GetCategoryParents" file="/var/www/html/test/wordpress_test/inpsyde_test/test/wp-content/plugins/plugintestslughere/tests/unit/tests/category/getCategoryParents.php" line="43" assertions="1" time="0.098706"/>
        <testcase name="test_nicename_true" class="Tests_Category_GetCategoryParents" classname="Tests_Category_GetCategoryParents" file="/var/www/html/test/wordpress_test/inpsyde_test/test/wp-content/plugins/plugintestslughere/tests/unit/tests/category/getCategoryParents.php" line="49" assertions="1" time="0.120440"/>
        <testcase name="test_deprecated_argument_visited" class="Tests_Category_GetCategoryParents" classname="Tests_Category_GetCategoryParents" file="/var/www/html/test/wordpress_test/inpsyde_test/test/wp-content/plugins/plugintestslughere/tests/unit/tests/category/getCategoryParents.php" line="55" assertions="1" time="0.109382"/>
        <testcase name="test_category_without_parents" class="Tests_Category_GetCategoryParents" classname="Tests_Category_GetCategoryParents" file="/var/www/html/test/wordpress_test/inpsyde_test/test/wp-content/plugins/plugintestslughere/tests/unit/tests/category/getCategoryParents.php" line="60" assertions="1" time="0.109568"/>
      </testsuite>
      <testsuite name="Tests_Category_GetTheCategoryById" file="/var/www/html/test/wordpress_test/inpsyde_test/test/wp-content/plugins/plugintestslughere/tests/unit/tests/category/getTheCategoryById.php" tests="3" assertions="3" errors="0" failures="0" skipped="0" time="0.305020">
        <testcase name="test_success" class="Tests_Category_GetTheCategoryById" classname="Tests_Category_GetTheCategoryById" file="/var/www/html/test/wordpress_test/inpsyde_test/test/wp-content/plugins/plugintestslughere/tests/unit/tests/category/getTheCategoryById.php" line="8" assertions="1" time="0.096953"/>
        <testcase name="test_should_return_link_for_term_from_another_taxonomy_on_primed_cache" class="Tests_Category_GetTheCategoryById" classname="Tests_Category_GetTheCategoryById" file="/var/www/html/test/wordpress_test/inpsyde_test/test/wp-content/plugins/plugintestslughere/tests/unit/tests/category/getTheCategoryById.php" line="23" assertions="1" time="0.098641"/>
        <testcase name="test_should_return_link_for_term_from_another_taxonomy_on_empty_cache" class="Tests_Category_GetTheCategoryById" classname="Tests_Category_GetTheCategoryById" file="/var/www/html/test/wordpress_test/inpsyde_test/test/wp-content/plugins/plugintestslughere/tests/unit/tests/category/getTheCategoryById.php" line="43" assertions="1" time="0.109426"/>
      </testsuite>
      <testsuite name="Tests_Category_Walker_Category" file="/var/www/html/test/wordpress_test/inpsyde_test/test/wp-content/plugins/plugintestslughere/tests/unit/tests/category/walkerCategory.php" tests="8" assertions="8" errors="0" failures="0" skipped="0" time="0.888503">
        <testsuite name="Tests_Category_Walker_Category::test_start_el_with_empty_attributes" tests="8" assertions="8" errors="0" failures="0" skipped="0" time="0.888503">
          <testcase name="test_start_el_with_empty_attributes with data set #0" class="Tests_Category_Walker_Category" classname="Tests_Category_Walker_Category" file="/var/www/html/test/wordpress_test/inpsyde_test/test/wp-content/plugins/plugintestslughere/tests/unit/tests/category/walkerCategory.php" line="29" assertions="1" time="0.100607"/>
          <testcase name="test_start_el_with_empty_attributes with data set #1" class="Tests_Category_Walker_Category" classname="Tests_Category_Walker_Category" file="/var/www/html/test/wordpress_test/inpsyde_test/test/wp-content/plugins/plugintestslughere/tests/unit/tests/category/walkerCategory.php" line="29" assertions="1" time="0.131554"/>
          <testcase name="test_start_el_with_empty_attributes with data set #2" class="Tests_Category_Walker_Category" classname="Tests_Category_Walker_Category" file="/var/www/html/test/wordpress_test/inpsyde_test/test/wp-content/plugins/plugintestslughere/tests/unit/tests/category/walkerCategory.php" line="29" assertions="1" time="0.098468"/>
          <testcase name="test_start_el_with_empty_attributes with data set #3" class="Tests_Category_Walker_Category" classname="Tests_Category_Walker_Category" file="/var/www/html/test/wordpress_test/inpsyde_test/test/wp-content/plugins/plugintestslughere/tests/unit/tests/category/walkerCategory.php" line="29" assertions="1" time="0.109433"/>
          <testcase name="test_start_el_with_empty_attributes with data set #4" class="Tests_Category_Walker_Category" classname="Tests_Category_Walker_Category" file="/var/www/html/test/wordpress_test/inpsyde_test/test/wp-content/plugins/plugintestslughere/tests/unit/tests/category/walkerCategory.php" line="29" assertions="1" time="0.109373"/>
          <testcase name="test_start_el_with_empty_attributes with data set #5" class="Tests_Category_Walker_Category" classname="Tests_Category_Walker_Category" file="/var/www/html/test/wordpress_test/inpsyde_test/test/wp-content/plugins/plugintestslughere/tests/unit/tests/category/walkerCategory.php" line="29" assertions="1" time="0.131523"/>
          <testcase name="test_start_el_with_empty_attributes with data set #6" class="Tests_Category_Walker_Category" classname="Tests_Category_Walker_Category" file="/var/www/html/test/wordpress_test/inpsyde_test/test/wp-content/plugins/plugintestslughere/tests/unit/tests/category/walkerCategory.php" line="29" assertions="1" time="0.109421"/>
          <testcase name="test_start_el_with_empty_attributes with data set #7" class="Tests_Category_Walker_Category" classname="Tests_Category_Walker_Category" file="/var/www/html/test/wordpress_test/inpsyde_test/test/wp-content/plugins/plugintestslughere/tests/unit/tests/category/walkerCategory.php" line="29" assertions="1" time="0.098124"/>
        </testsuite>
      </testsuite>
      <testsuite name="Tests_Category_WpDropdownCategories" file="/var/www/html/test/wordpress_test/inpsyde_test/test/wp-content/plugins/plugintestslughere/tests/unit/tests/category/wpDropdownCategories.php" tests="10" assertions="16" errors="0" failures="0" skipped="0" time="1.262784">
        <testcase name="test_wp_dropdown_categories_value_field_should_default_to_term_id" class="Tests_Category_WpDropdownCategories" classname="Tests_Category_WpDropdownCategories" file="/var/www/html/test/wordpress_test/inpsyde_test/test/wp-content/plugins/plugintestslughere/tests/unit/tests/category/wpDropdownCategories.php" line="10" assertions="1" time="0.101205"/>
        <testcase name="test_wp_dropdown_categories_value_field_term_id" class="Tests_Category_WpDropdownCategories" classname="Tests_Category_WpDropdownCategories" file="/var/www/html/test/wordpress_test/inpsyde_test/test/wp-content/plugins/plugintestslughere/tests/unit/tests/category/wpDropdownCategories.php" line="34" assertions="1" time="0.097736"/>
        <testcase name="test_wp_dropdown_categories_value_field_slug" class="Tests_Category_WpDropdownCategories" classname="Tests_Category_WpDropdownCategories" file="/var/www/html/test/wordpress_test/inpsyde_test/test/wp-content/plugins/plugintestslughere/tests/unit/tests/category/wpDropdownCategories.php" line="59" assertions="1" time="0.087363"/>
        <testcase name="test_wp_dropdown_categories_value_field_should_fall_back_on_term_id_when_an_invalid_value_is_provided" class="Tests_Category_WpDropdownCategories" classname="Tests_Category_WpDropdownCategories" file="/var/www/html/test/wordpress_test/inpsyde_test/test/wp-content/plugins/plugintestslughere/tests/unit/tests/category/wpDropdownCategories.php" line="84" assertions="1" time="0.077253"/>
        <testcase name="test_wp_dropdown_categories_selected_should_respect_custom_value_field" class="Tests_Category_WpDropdownCategories" classname="Tests_Category_WpDropdownCategories" file="/var/www/html/test/wordpress_test/inpsyde_test/test/wp-content/plugins/plugintestslughere/tests/unit/tests/category/wpDropdownCategories.php" line="109" assertions="1" time="0.120387"/>
        <testcase name="test_wp_dropdown_categories_show_option_all_should_be_selected_if_no_selected_value_is_explicitly_passed_and_value_field_does_not_have_string_values" class="Tests_Category_WpDropdownCategories" classname="Tests_Category_WpDropdownCategories" file="/var/www/html/test/wordpress_test/inpsyde_test/test/wp-content/plugins/plugintestslughere/tests/unit/tests/category/wpDropdownCategories.php" line="139" assertions="4" time="0.347215"/>
        <testcase name="test_wp_dropdown_categories_show_option_all_should_be_selected_if_selected_value_of_0_string_is_explicitly_passed_and_value_field_does_not_have_string_values" class="Tests_Category_WpDropdownCategories" classname="Tests_Category_WpDropdownCategories" file="/var/www/html/test/wordpress_test/inpsyde_test/test/wp-content/plugins/plugintestslughere/tests/unit/tests/category/wpDropdownCategories.php" line="162" assertions="4" time="0.125009"/>
        <testcase name="test_required_true_should_add_required_attribute" class="Tests_Category_WpDropdownCategories" classname="Tests_Category_WpDropdownCategories" file="/var/www/html/test/wordpress_test/inpsyde_test/test/wp-content/plugins/plugintestslughere/tests/unit/tests/category/wpDropdownCategories.php" line="186" assertions="1" time="0.087452"/>
        <testcase name="test_required_false_should_omit_required_attribute" class="Tests_Category_WpDropdownCategories" classname="Tests_Category_WpDropdownCategories" file="/var/www/html/test/wordpress_test/inpsyde_test/test/wp-content/plugins/plugintestslughere/tests/unit/tests/category/wpDropdownCategories.php" line="211" assertions="1" time="0.110046"/>
        <testcase name="test_required_should_default_to_false" class="Tests_Category_WpDropdownCategories" classname="Tests_Category_WpDropdownCategories" file="/var/www/html/test/wordpress_test/inpsyde_test/test/wp-content/plugins/plugintestslughere/tests/unit/tests/category/wpDropdownCategories.php" line="236" assertions="1" time="0.109118"/>
      </testsuite>
      <testsuite name="Tests_Category_WpListCategories" file="/var/www/html/test/wordpress_test/inpsyde_test/test/wp-content/plugins/plugintestslughere/tests/unit/tests/category/wpListCategories.php" tests="22" assertions="53" errors="0" failures="0" skipped="0" time="2.631325">
        <testcase name="test_class" class="Tests_Category_WpListCategories" classname="Tests_Category_WpListCategories" file="/var/www/html/test/wordpress_test/inpsyde_test/test/wp-content/plugins/plugintestslughere/tests/unit/tests/category/wpListCategories.php" line="7" assertions="1" time="0.120298"/>
        <testcase name="test_class_containing_current_cat" class="Tests_Category_WpListCategories" classname="Tests_Category_WpListCategories" file="/var/www/html/test/wordpress_test/inpsyde_test/test/wp-content/plugins/plugintestslughere/tests/unit/tests/category/wpListCategories.php" line="20" assertions="2" time="0.131082"/>
        <testcase name="test_class_containing_current_cat_parent" class="Tests_Category_WpListCategories" classname="Tests_Category_WpListCategories" file="/var/www/html/test/wordpress_test/inpsyde_test/test/wp-content/plugins/plugintestslughere/tests/unit/tests/category/wpListCategories.php" line="36" assertions="2" time="0.165056"/>
        <testcase name="test_current_category_should_accept_an_array_of_ids" class="Tests_Category_WpListCategories" classname="Tests_Category_WpListCategories" file="/var/www/html/test/wordpress_test/inpsyde_test/test/wp-content/plugins/plugintestslughere/tests/unit/tests/category/wpListCategories.php" line="59" assertions="3" time="0.142726"/>
        <testcase name="test_should_not_create_element_when_cat_name_is_filtered_to_empty_string" class="Tests_Category_WpListCategories" classname="Tests_Category_WpListCategories" file="/var/www/html/test/wordpress_test/inpsyde_test/test/wp-content/plugins/plugintestslughere/tests/unit/tests/category/wpListCategories.php" line="78" assertions="4" time="0.120392"/>
        <testcase name="test_should_create_element_when_cat_name_is_zero" class="Tests_Category_WpListCategories" classname="Tests_Category_WpListCategories" file="/var/www/html/test/wordpress_test/inpsyde_test/test/wp-content/plugins/plugintestslughere/tests/unit/tests/category/wpListCategories.php" line="117" assertions="2" time="0.109490"/>
        <testcase name="test_show_option_all_link_should_go_to_home_page_when_show_on_front_is_false" class="Tests_Category_WpListCategories" classname="Tests_Category_WpListCategories" file="/var/www/html/test/wordpress_test/inpsyde_test/test/wp-content/plugins/plugintestslughere/tests/unit/tests/category/wpListCategories.php" line="135" assertions="1" time="0.120079"/>
        <testcase name="test_show_option_all_link_should_respect_page_for_posts" class="Tests_Category_WpListCategories" classname="Tests_Category_WpListCategories" file="/var/www/html/test/wordpress_test/inpsyde_test/test/wp-content/plugins/plugintestslughere/tests/unit/tests/category/wpListCategories.php" line="150" assertions="1" time="0.131566"/>
        <testcase name="test_show_option_all_link_should_link_to_post_type_archive_when_taxonomy_does_not_apply_to_posts" class="Tests_Category_WpListCategories" classname="Tests_Category_WpListCategories" file="/var/www/html/test/wordpress_test/inpsyde_test/test/wp-content/plugins/plugintestslughere/tests/unit/tests/category/wpListCategories.php" line="172" assertions="1" time="0.143183"/>
        <testcase name="test_show_option_all_link_should_not_link_to_post_type_archive_if_has_archive_is_false" class="Tests_Category_WpListCategories" classname="Tests_Category_WpListCategories" file="/var/www/html/test/wordpress_test/inpsyde_test/test/wp-content/plugins/plugintestslughere/tests/unit/tests/category/wpListCategories.php" line="201" assertions="1" time="0.120404"/>
        <testcase name="test_show_option_all_link_should_link_to_post_archive_if_available" class="Tests_Category_WpListCategories" classname="Tests_Category_WpListCategories" file="/var/www/html/test/wordpress_test/inpsyde_test/test/wp-content/plugins/plugintestslughere/tests/unit/tests/category/wpListCategories.php" line="227" assertions="1" time="0.122386"/>
        <testcase name="test_show_option_all_link_should_link_to_post_archive_if_no_associated_post_types_have_archives" class="Tests_Category_WpListCategories" classname="Tests_Category_WpListCategories" file="/var/www/html/test/wordpress_test/inpsyde_test/test/wp-content/plugins/plugintestslughere/tests/unit/tests/category/wpListCategories.php" line="253" assertions="1" time="0.109069"/>
        <testcase name="test_title_li_should_be_shown_by_default_for_empty_lists" class="Tests_Category_WpListCategories" classname="Tests_Category_WpListCategories" file="/var/www/html/test/wordpress_test/inpsyde_test/test/wp-content/plugins/plugintestslughere/tests/unit/tests/category/wpListCategories.php" line="282" assertions="1" time="0.051172"/>
        <testcase name="test_hide_title_if_empty_should_be_respected_for_empty_lists_when_true" class="Tests_Category_WpListCategories" classname="Tests_Category_WpListCategories" file="/var/www/html/test/wordpress_test/inpsyde_test/test/wp-content/plugins/plugintestslughere/tests/unit/tests/category/wpListCategories.php" line="295" assertions="1" time="0.043635"/>
        <testcase name="test_hide_title_if_empty_should_be_respected_for_empty_lists_when_false" class="Tests_Category_WpListCategories" classname="Tests_Category_WpListCategories" file="/var/www/html/test/wordpress_test/inpsyde_test/test/wp-content/plugins/plugintestslughere/tests/unit/tests/category/wpListCategories.php" line="309" assertions="1" time="0.033652"/>
        <testcase name="test_hide_title_if_empty_should_be_ignored_when_category_list_is_not_empty" class="Tests_Category_WpListCategories" classname="Tests_Category_WpListCategories" file="/var/www/html/test/wordpress_test/inpsyde_test/test/wp-content/plugins/plugintestslughere/tests/unit/tests/category/wpListCategories.php" line="323" assertions="1" time="0.078243"/>
        <testcase name="test_hide_title_if_empty_should_not_output_stray_closing_tags" class="Tests_Category_WpListCategories" classname="Tests_Category_WpListCategories" file="/var/www/html/test/wordpress_test/inpsyde_test/test/wp-content/plugins/plugintestslughere/tests/unit/tests/category/wpListCategories.php" line="340" assertions="1" time="0.066111"/>
        <testcase name="test_exclude_tree_should_be_respected" class="Tests_Category_WpListCategories" classname="Tests_Category_WpListCategories" file="/var/www/html/test/wordpress_test/inpsyde_test/test/wp-content/plugins/plugintestslughere/tests/unit/tests/category/wpListCategories.php" line="358" assertions="2" time="0.120399"/>
        <testcase name="test_exclude_tree_should_be_merged_with_exclude" class="Tests_Category_WpListCategories" classname="Tests_Category_WpListCategories" file="/var/www/html/test/wordpress_test/inpsyde_test/test/wp-content/plugins/plugintestslughere/tests/unit/tests/category/wpListCategories.php" line="390" assertions="4" time="0.165398"/>
        <testcase name="test_comma_separated_exclude_tree_should_be_merged_with_exclude" class="Tests_Category_WpListCategories" classname="Tests_Category_WpListCategories" file="/var/www/html/test/wordpress_test/inpsyde_test/test/wp-content/plugins/plugintestslughere/tests/unit/tests/category/wpListCategories.php" line="444" assertions="9" time="0.196673"/>
        <testcase name="test_array_exclude_tree_should_be_merged_with_exclude" class="Tests_Category_WpListCategories" classname="Tests_Category_WpListCategories" file="/var/www/html/test/wordpress_test/inpsyde_test/test/wp-content/plugins/plugintestslughere/tests/unit/tests/category/wpListCategories.php" line="530" assertions="9" time="0.197885"/>
        <testcase name="test_class_containing_current_cat_ancestor" class="Tests_Category_WpListCategories" classname="Tests_Category_WpListCategories" file="/var/www/html/test/wordpress_test/inpsyde_test/test/wp-content/plugins/plugintestslughere/tests/unit/tests/category/wpListCategories.php" line="616" assertions="4" time="0.142426"/>
      </testsuite>
      <testsuite name="Tests_Comment_Submission" file="/var/www/html/test/wordpress_test/inpsyde_test/test/wp-content/plugins/plugintestslughere/tests/unit/tests/comment-submission.php" tests="36" assertions="121" errors="0" failures="0" skipped="0" time="4.209807">
        <testcase name="test_submitting_comment_to_invalid_post_returns_error" class="Tests_Comment_Submission" classname="Tests_Comment_Submission" file="/var/www/html/test/wordpress_test/inpsyde_test/test/wp-content/plugins/plugintestslughere/tests/unit/tests/comment-submission.php" line="42" assertions="4" time="0.045880"/>
        <testcase name="test_submitting_comment_to_post_with_closed_comments_returns_error" class="Tests_Comment_Submission" classname="Tests_Comment_Submission" file="/var/www/html/test/wordpress_test/inpsyde_test/test/wp-content/plugins/plugintestslughere/tests/unit/tests/comment-submission.php" line="58" assertions="4" time="0.194927"/>
        <testcase name="test_submitting_comment_to_trashed_post_returns_error" class="Tests_Comment_Submission" classname="Tests_Comment_Submission" file="/var/www/html/test/wordpress_test/inpsyde_test/test/wp-content/plugins/plugintestslughere/tests/unit/tests/comment-submission.php" line="81" assertions="4" time="0.153717"/>
        <testcase name="test_submitting_comment_to_draft_post_returns_error" class="Tests_Comment_Submission" classname="Tests_Comment_Submission" file="/var/www/html/test/wordpress_test/inpsyde_test/test/wp-content/plugins/plugintestslughere/tests/unit/tests/comment-submission.php" line="102" assertions="5" time="0.209268"/>
        <testcase name="test_submitting_comment_to_draft_post_returns_error_message_for_user_with_correct_caps" class="Tests_Comment_Submission" classname="Tests_Comment_Submission" file="/var/www/html/test/wordpress_test/inpsyde_test/test/wp-content/plugins/plugintestslughere/tests/unit/tests/comment-submission.php" line="128" assertions="5" time="0.121305"/>
        <testcase name="test_submitting_comment_to_scheduled_post_returns_error" class="Tests_Comment_Submission" classname="Tests_Comment_Submission" file="/var/www/html/test/wordpress_test/inpsyde_test/test/wp-content/plugins/plugintestslughere/tests/unit/tests/comment-submission.php" line="153" assertions="5" time="0.176090"/>
        <testcase name="test_submitting_comment_to_password_required_post_returns_error" class="Tests_Comment_Submission" classname="Tests_Comment_Submission" file="/var/www/html/test/wordpress_test/inpsyde_test/test/wp-content/plugins/plugintestslughere/tests/unit/tests/comment-submission.php" line="179" assertions="4" time="0.097897"/>
        <testcase name="test_submitting_comment_to_password_protected_post_succeeds" class="Tests_Comment_Submission" classname="Tests_Comment_Submission" file="/var/www/html/test/wordpress_test/inpsyde_test/test/wp-content/plugins/plugintestslughere/tests/unit/tests/comment-submission.php" line="202" assertions="2" time="0.165214"/>
        <testcase name="test_submitting_valid_comment_as_logged_in_user_succeeds" class="Tests_Comment_Submission" classname="Tests_Comment_Submission" file="/var/www/html/test/wordpress_test/inpsyde_test/test/wp-content/plugins/plugintestslughere/tests/unit/tests/comment-submission.php" line="230" assertions="7" time="0.220630"/>
        <testcase name="test_submitting_valid_comment_anonymously_succeeds" class="Tests_Comment_Submission" classname="Tests_Comment_Submission" file="/var/www/html/test/wordpress_test/inpsyde_test/test/wp-content/plugins/plugintestslughere/tests/unit/tests/comment-submission.php" line="257" assertions="7" time="0.153172"/>
        <testcase name="test_submitting_comment_handles_slashes_correctly_handles_slashes" class="Tests_Comment_Submission" classname="Tests_Comment_Submission" file="/var/www/html/test/wordpress_test/inpsyde_test/test/wp-content/plugins/plugintestslughere/tests/unit/tests/comment-submission.php" line="284" assertions="5" time="0.109358"/>
        <testcase name="test_submitting_comment_anonymously_to_private_post_returns_error" class="Tests_Comment_Submission" classname="Tests_Comment_Submission" file="/var/www/html/test/wordpress_test/inpsyde_test/test/wp-content/plugins/plugintestslughere/tests/unit/tests/comment-submission.php" line="303" assertions="3" time="0.120258"/>
        <testcase name="test_submitting_comment_as_logged_in_user_to_inaccessible_private_post_returns_error" class="Tests_Comment_Submission" classname="Tests_Comment_Submission" file="/var/www/html/test/wordpress_test/inpsyde_test/test/wp-content/plugins/plugintestslughere/tests/unit/tests/comment-submission.php" line="324" assertions="3" time="0.187206"/>
        <testcase name="test_submitting_comment_to_private_post_with_closed_comments_returns_correct_error" class="Tests_Comment_Submission" classname="Tests_Comment_Submission" file="/var/www/html/test/wordpress_test/inpsyde_test/test/wp-content/plugins/plugintestslughere/tests/unit/tests/comment-submission.php" line="354" assertions="3" time="0.186353"/>
        <testcase name="test_submitting_comment_to_own_private_post_succeeds" class="Tests_Comment_Submission" classname="Tests_Comment_Submission" file="/var/www/html/test/wordpress_test/inpsyde_test/test/wp-content/plugins/plugintestslughere/tests/unit/tests/comment-submission.php" line="385" assertions="3" time="0.131368"/>
        <testcase name="test_submitting_comment_to_accessible_private_post_succeeds" class="Tests_Comment_Submission" classname="Tests_Comment_Submission" file="/var/www/html/test/wordpress_test/inpsyde_test/test/wp-content/plugins/plugintestslughere/tests/unit/tests/comment-submission.php" line="408" assertions="3" time="0.175359"/>
        <testcase name="test_anonymous_user_cannot_comment_unfiltered_html" class="Tests_Comment_Submission" classname="Tests_Comment_Submission" file="/var/www/html/test/wordpress_test/inpsyde_test/test/wp-content/plugins/plugintestslughere/tests/unit/tests/comment-submission.php" line="431" assertions="3" time="0.098259"/>
        <testcase name="test_unprivileged_user_cannot_comment_unfiltered_html" class="Tests_Comment_Submission" classname="Tests_Comment_Submission" file="/var/www/html/test/wordpress_test/inpsyde_test/test/wp-content/plugins/plugintestslughere/tests/unit/tests/comment-submission.php" line="447" assertions="4" time="0.109401"/>
        <testcase name="test_unprivileged_user_cannot_comment_unfiltered_html_even_with_valid_nonce" class="Tests_Comment_Submission" classname="Tests_Comment_Submission" file="/var/www/html/test/wordpress_test/inpsyde_test/test/wp-content/plugins/plugintestslughere/tests/unit/tests/comment-submission.php" line="465" assertions="5" time="0.088285"/>
        <testcase name="test_privileged_user_can_comment_unfiltered_html_with_valid_nonce" class="Tests_Comment_Submission" classname="Tests_Comment_Submission" file="/var/www/html/test/wordpress_test/inpsyde_test/test/wp-content/plugins/plugintestslughere/tests/unit/tests/comment-submission.php" line="489" assertions="6" time="0.109236"/>
        <testcase name="test_privileged_user_cannot_comment_unfiltered_html_without_valid_nonce" class="Tests_Comment_Submission" classname="Tests_Comment_Submission" file="/var/www/html/test/wordpress_test/inpsyde_test/test/wp-content/plugins/plugintestslughere/tests/unit/tests/comment-submission.php" line="521" assertions="4" time="0.098809"/>
        <testcase name="test_submitting_comment_as_anonymous_user_when_registration_required_returns_error" class="Tests_Comment_Submission" classname="Tests_Comment_Submission" file="/var/www/html/test/wordpress_test/inpsyde_test/test/wp-content/plugins/plugintestslughere/tests/unit/tests/comment-submission.php" line="545" assertions="2" time="0.108447"/>
        <testcase name="test_submitting_comment_with_no_name_when_name_email_required_returns_error" class="Tests_Comment_Submission" classname="Tests_Comment_Submission" file="/var/www/html/test/wordpress_test/inpsyde_test/test/wp-content/plugins/plugintestslughere/tests/unit/tests/comment-submission.php" line="564" assertions="2" time="0.048345"/>
        <testcase name="test_submitting_comment_with_no_email_when_name_email_required_returns_error" class="Tests_Comment_Submission" classname="Tests_Comment_Submission" file="/var/www/html/test/wordpress_test/inpsyde_test/test/wp-content/plugins/plugintestslughere/tests/unit/tests/comment-submission.php" line="585" assertions="2" time="0.044901"/>
        <testcase name="test_submitting_comment_with_invalid_email_when_name_email_required_returns_error" class="Tests_Comment_Submission" classname="Tests_Comment_Submission" file="/var/www/html/test/wordpress_test/inpsyde_test/test/wp-content/plugins/plugintestslughere/tests/unit/tests/comment-submission.php" line="606" assertions="2" time="0.035549"/>
        <testcase name="test_submitting_comment_with_no_comment_content_returns_error" class="Tests_Comment_Submission" classname="Tests_Comment_Submission" file="/var/www/html/test/wordpress_test/inpsyde_test/test/wp-content/plugins/plugintestslughere/tests/unit/tests/comment-submission.php" line="628" assertions="2" time="0.030752"/>
        <testcase name="test_submitting_comment_with_content_too_long_returns_error" class="Tests_Comment_Submission" classname="Tests_Comment_Submission" file="/var/www/html/test/wordpress_test/inpsyde_test/test/wp-content/plugins/plugintestslughere/tests/unit/tests/comment-submission.php" line="648" assertions="2" time="0.225271"/>
        <testcase name="test_submitting_comment_with_author_too_long_returns_error" class="Tests_Comment_Submission" classname="Tests_Comment_Submission" file="/var/www/html/test/wordpress_test/inpsyde_test/test/wp-content/plugins/plugintestslughere/tests/unit/tests/comment-submission.php" line="666" assertions="2" time="0.024251"/>
        <testcase name="test_submitting_comment_with_email_too_long_returns_error" class="Tests_Comment_Submission" classname="Tests_Comment_Submission" file="/var/www/html/test/wordpress_test/inpsyde_test/test/wp-content/plugins/plugintestslughere/tests/unit/tests/comment-submission.php" line="684" assertions="2" time="0.022678"/>
        <testcase name="test_submitting_comment_with_url_too_long_returns_error" class="Tests_Comment_Submission" classname="Tests_Comment_Submission" file="/var/www/html/test/wordpress_test/inpsyde_test/test/wp-content/plugins/plugintestslughere/tests/unit/tests/comment-submission.php" line="702" assertions="2" time="0.021727"/>
        <testcase name="test_submitting_comment_with_empty_type_results_in_correct_type" class="Tests_Comment_Submission" classname="Tests_Comment_Submission" file="/var/www/html/test/wordpress_test/inpsyde_test/test/wp-content/plugins/plugintestslughere/tests/unit/tests/comment-submission.php" line="721" assertions="3" time="0.081769"/>
        <testcase name="test_inserting_comment_with_empty_type_results_in_correct_type" class="Tests_Comment_Submission" classname="Tests_Comment_Submission" file="/var/www/html/test/wordpress_test/inpsyde_test/test/wp-content/plugins/plugintestslughere/tests/unit/tests/comment-submission.php" line="740" assertions="3" time="0.088107"/>
        <testcase name="test_comment_submission_sends_all_expected_parameters_to_preprocess_comment_filter" class="Tests_Comment_Submission" classname="Tests_Comment_Submission" file="/var/www/html/test/wordpress_test/inpsyde_test/test/wp-content/plugins/plugintestslughere/tests/unit/tests/comment-submission.php" line="760" assertions="2" time="0.109965"/>
        <testcase name="test_submitting_duplicate_comments" class="Tests_Comment_Submission" classname="Tests_Comment_Submission" file="/var/www/html/test/wordpress_test/inpsyde_test/test/wp-content/plugins/plugintestslughere/tests/unit/tests/comment-submission.php" line="804" assertions="2" time="0.109078"/>
        <testcase name="test_comments_flood" class="Tests_Comment_Submission" classname="Tests_Comment_Submission" file="/var/www/html/test/wordpress_test/inpsyde_test/test/wp-content/plugins/plugintestslughere/tests/unit/tests/comment-submission.php" line="820" assertions="2" time="0.109304"/>
        <testcase name="test_comments_flood_user_is_admin" class="Tests_Comment_Submission" classname="Tests_Comment_Submission" file="/var/www/html/test/wordpress_test/inpsyde_test/test/wp-content/plugins/plugintestslughere/tests/unit/tests/comment-submission.php" line="839" assertions="2" time="0.197672"/>
      </testsuite>
      <testsuite name="Tests_Comment" file="/var/www/html/test/wordpress_test/inpsyde_test/test/wp-content/plugins/plugintestslughere/tests/unit/tests/comment.php" tests="49" assertions="122" errors="0" failures="0" skipped="0" time="5.312505">
        <testcase name="test_wp_update_comment" class="Tests_Comment" classname="Tests_Comment" file="/var/www/html/test/wordpress_test/inpsyde_test/test/wp-content/plugins/plugintestslughere/tests/unit/tests/comment.php" line="33" assertions="4" time="0.186526"/>
        <testcase name="test_wp_update_comment_updates_comment_type" class="Tests_Comment" classname="Tests_Comment" file="/var/www/html/test/wordpress_test/inpsyde_test/test/wp-content/plugins/plugintestslughere/tests/unit/tests/comment.php" line="82" assertions="1" time="0.087421"/>
        <testcase name="test_wp_update_comment_updates_comment_meta" class="Tests_Comment" classname="Tests_Comment" file="/var/www/html/test/wordpress_test/inpsyde_test/test/wp-content/plugins/plugintestslughere/tests/unit/tests/comment.php" line="99" assertions="1" time="0.286429"/>
        <testcase name="test_wp_update_comment_updates_user_id" class="Tests_Comment" classname="Tests_Comment" file="/var/www/html/test/wordpress_test/inpsyde_test/test/wp-content/plugins/plugintestslughere/tests/unit/tests/comment.php" line="118" assertions="1" time="0.098818"/>
        <testcase name="test_wp_update_comment_with_no_post_id" class="Tests_Comment" classname="Tests_Comment" file="/var/www/html/test/wordpress_test/inpsyde_test/test/wp-content/plugins/plugintestslughere/tests/unit/tests/comment.php" line="135" assertions="2" time="0.100394"/>
        <testcase name="test_wp_update_comment_returns_false_for_invalid_comment_or_post_id" class="Tests_Comment" classname="Tests_Comment" file="/var/www/html/test/wordpress_test/inpsyde_test/test/wp-content/plugins/plugintestslughere/tests/unit/tests/comment.php" line="156" assertions="2" time="0.136475"/>
        <testcase name="test_wp_update_comment_is_wp_error" class="Tests_Comment" classname="Tests_Comment" file="/var/www/html/test/wordpress_test/inpsyde_test/test/wp-content/plugins/plugintestslughere/tests/unit/tests/comment.php" line="179" assertions="1" time="0.081654"/>
        <testcase name="test_get_approved_comments" class="Tests_Comment" classname="Tests_Comment" file="/var/www/html/test/wordpress_test/inpsyde_test/test/wp-content/plugins/plugintestslughere/tests/unit/tests/comment.php" line="204" assertions="1" time="0.109944"/>
        <testcase name="test_get_approved_comments_with_post_id_0_should_return_empty_array" class="Tests_Comment" classname="Tests_Comment" file="/var/www/html/test/wordpress_test/inpsyde_test/test/wp-content/plugins/plugintestslughere/tests/unit/tests/comment.php" line="261" assertions="1" time="0.067262"/>
        <testcase name="test_wp_new_comment_respects_dates" class="Tests_Comment" classname="Tests_Comment" file="/var/www/html/test/wordpress_test/inpsyde_test/test/wp-content/plugins/plugintestslughere/tests/unit/tests/comment.php" line="277" assertions="2" time="0.066006"/>
        <testcase name="test_wp_new_comment_respects_author_ip" class="Tests_Comment" classname="Tests_Comment" file="/var/www/html/test/wordpress_test/inpsyde_test/test/wp-content/plugins/plugintestslughere/tests/unit/tests/comment.php" line="300" assertions="1" time="0.119356"/>
        <testcase name="test_wp_new_comment_respects_author_ip_empty_string" class="Tests_Comment" classname="Tests_Comment" file="/var/www/html/test/wordpress_test/inpsyde_test/test/wp-content/plugins/plugintestslughere/tests/unit/tests/comment.php" line="321" assertions="1" time="0.077118"/>
        <testcase name="test_wp_new_comment_respects_comment_agent" class="Tests_Comment" classname="Tests_Comment" file="/var/www/html/test/wordpress_test/inpsyde_test/test/wp-content/plugins/plugintestslughere/tests/unit/tests/comment.php" line="342" assertions="1" time="0.076879"/>
        <testcase name="test_wp_new_comment_should_trim_provided_comment_agent_to_254_chars" class="Tests_Comment" classname="Tests_Comment" file="/var/www/html/test/wordpress_test/inpsyde_test/test/wp-content/plugins/plugintestslughere/tests/unit/tests/comment.php" line="364" assertions="1" time="0.087459"/>
        <testcase name="test_wp_new_comment_respects_comment_agent_empty_string" class="Tests_Comment" classname="Tests_Comment" file="/var/www/html/test/wordpress_test/inpsyde_test/test/wp-content/plugins/plugintestslughere/tests/unit/tests/comment.php" line="386" assertions="1" time="0.087286"/>
        <testcase name="test_comment_field_lengths" class="Tests_Comment" classname="Tests_Comment" file="/var/www/html/test/wordpress_test/inpsyde_test/test/wp-content/plugins/plugintestslughere/tests/unit/tests/comment.php" line="406" assertions="1" time="0.441752"/>
        <testcase name="test_wp_notify_moderator_should_not_throw_notice_when_post_author_is_0" class="Tests_Comment" classname="Tests_Comment" file="/var/www/html/test/wordpress_test/inpsyde_test/test/wp-content/plugins/plugintestslughere/tests/unit/tests/comment.php" line="428" assertions="1" time="0.131611"/>
        <testcase name="test_wp_new_comment_notify_postauthor_should_send_email_when_comment_is_approved" class="Tests_Comment" classname="Tests_Comment" file="/var/www/html/test/wordpress_test/inpsyde_test/test/wp-content/plugins/plugintestslughere/tests/unit/tests/comment.php" line="444" assertions="1" time="0.098430"/>
        <testcase name="test_wp_new_comment_notify_postauthor_should_not_send_email_when_comment_is_unapproved" class="Tests_Comment" classname="Tests_Comment" file="/var/www/html/test/wordpress_test/inpsyde_test/test/wp-content/plugins/plugintestslughere/tests/unit/tests/comment.php" line="455" assertions="1" time="0.076939"/>
        <testcase name="test_wp_new_comment_notify_postauthor_should_not_send_email_when_comment_has_been_marked_as_spam" class="Tests_Comment" classname="Tests_Comment" file="/var/www/html/test/wordpress_test/inpsyde_test/test/wp-content/plugins/plugintestslughere/tests/unit/tests/comment.php" line="470" assertions="1" time="0.076406"/>
        <testcase name="test_wp_new_comment_notify_postauthor_should_not_send_email_when_comment_has_been_trashed" class="Tests_Comment" classname="Tests_Comment" file="/var/www/html/test/wordpress_test/inpsyde_test/test/wp-content/plugins/plugintestslughere/tests/unit/tests/comment.php" line="485" assertions="1" time="0.065632"/>
        <testcase name="test_wp_new_comment_notify_postauthor_content_should_include_link_to_parent" class="Tests_Comment" classname="Tests_Comment" file="/var/www/html/test/wordpress_test/inpsyde_test/test/wp-content/plugins/plugintestslughere/tests/unit/tests/comment.php" line="500" assertions="1" time="0.087926"/>
        <testcase name="test_wp_new_comment_notify_moderator_content_should_include_link_to_parent" class="Tests_Comment" classname="Tests_Comment" file="/var/www/html/test/wordpress_test/inpsyde_test/test/wp-content/plugins/plugintestslughere/tests/unit/tests/comment.php" line="524" assertions="1" time="0.087658"/>
        <testcase name="test_wp_new_comment_with_meta" class="Tests_Comment" classname="Tests_Comment" file="/var/www/html/test/wordpress_test/inpsyde_test/test/wp-content/plugins/plugintestslughere/tests/unit/tests/comment.php" line="560" assertions="1" time="0.094032"/>
        <testcase name="test_wp_comment_get_children_should_fill_children" class="Tests_Comment" classname="Tests_Comment" file="/var/www/html/test/wordpress_test/inpsyde_test/test/wp-content/plugins/plugintestslughere/tests/unit/tests/comment.php" line="577" assertions="2" time="0.136624"/>
        <testcase name="test_post_properties_should_be_lazyloaded" class="Tests_Comment" classname="Tests_Comment" file="/var/www/html/test/wordpress_test/inpsyde_test/test/wp-content/plugins/plugintestslughere/tests/unit/tests/comment.php" line="637" assertions="42" time="0.098494"/>
        <testcase name="test_wp_notify_moderator_filter_moderation_notify_option_true_filter_false" class="Tests_Comment" classname="Tests_Comment" file="/var/www/html/test/wordpress_test/inpsyde_test/test/wp-content/plugins/plugintestslughere/tests/unit/tests/comment.php" line="688" assertions="1" time="0.109507"/>
        <testcase name="test_wp_notify_moderator_filter_moderation_notify_option_false_filter_true" class="Tests_Comment" classname="Tests_Comment" file="/var/www/html/test/wordpress_test/inpsyde_test/test/wp-content/plugins/plugintestslughere/tests/unit/tests/comment.php" line="709" assertions="1" time="0.142932"/>
        <testcase name="test_wp_notify_post_author_filter_comments_notify_option_true_filter_false" class="Tests_Comment" classname="Tests_Comment" file="/var/www/html/test/wordpress_test/inpsyde_test/test/wp-content/plugins/plugintestslughere/tests/unit/tests/comment.php" line="730" assertions="1" time="0.109021"/>
        <testcase name="test_wp_notify_post_author_filter_comments_notify_option_false_filter_true" class="Tests_Comment" classname="Tests_Comment" file="/var/www/html/test/wordpress_test/inpsyde_test/test/wp-content/plugins/plugintestslughere/tests/unit/tests/comment.php" line="752" assertions="1" time="0.120733"/>
        <testcase name="test_close_comments_for_old_post" class="Tests_Comment" classname="Tests_Comment" file="/var/www/html/test/wordpress_test/inpsyde_test/test/wp-content/plugins/plugintestslughere/tests/unit/tests/comment.php" line="855" assertions="2" time="0.087847"/>
        <testcase name="test_close_comments_for_old_post_undated_draft" class="Tests_Comment" classname="Tests_Comment" file="/var/www/html/test/wordpress_test/inpsyde_test/test/wp-content/plugins/plugintestslughere/tests/unit/tests/comment.php" line="870" assertions="1" time="0.087778"/>
        <testcase name="test_wp_update_comment_author_id_and_agent" class="Tests_Comment" classname="Tests_Comment" file="/var/www/html/test/wordpress_test/inpsyde_test/test/wp-content/plugins/plugintestslughere/tests/unit/tests/comment.php" line="885" assertions="4" time="0.231272"/>
        <testcase name="test_wp_get_comment_fields_max_lengths" class="Tests_Comment" classname="Tests_Comment" file="/var/www/html/test/wordpress_test/inpsyde_test/test/wp-content/plugins/plugintestslughere/tests/unit/tests/comment.php" line="920" assertions="4" time="0.024708"/>
        <testcase name="test_wp_comments_personal_data_eraser" class="Tests_Comment" classname="Tests_Comment" file="/var/www/html/test/wordpress_test/inpsyde_test/test/wp-content/plugins/plugintestslughere/tests/unit/tests/comment.php" line="941" assertions="1" time="0.161747"/>
        <testcase name="test_wp_comments_personal_data_eraser_empty_first_page_output" class="Tests_Comment" classname="Tests_Comment" file="/var/www/html/test/wordpress_test/inpsyde_test/test/wp-content/plugins/plugintestslughere/tests/unit/tests/comment.php" line="998" assertions="1" time="0.028930"/>
        <testcase name="test_wp_comments_personal_data_eraser_non_empty_first_page_output" class="Tests_Comment" classname="Tests_Comment" file="/var/www/html/test/wordpress_test/inpsyde_test/test/wp-content/plugins/plugintestslughere/tests/unit/tests/comment.php" line="1017" assertions="1" time="0.102860"/>
        <testcase name="test_wp_comments_personal_data_eraser_empty_second_page_output" class="Tests_Comment" classname="Tests_Comment" file="/var/www/html/test/wordpress_test/inpsyde_test/test/wp-content/plugins/plugintestslughere/tests/unit/tests/comment.php" line="1049" assertions="1" time="0.097915"/>
        <testcase name="test_wp_anonymize_comment_filter_to_prevent_comment_anonymization" class="Tests_Comment" classname="Tests_Comment" file="/var/www/html/test/wordpress_test/inpsyde_test/test/wp-content/plugins/plugintestslughere/tests/unit/tests/comment.php" line="1081" assertions="1" time="0.099165"/>
        <testcase name="test_wp_anonymize_comment_filter_to_prevent_comment_anonymization_with_custom_message" class="Tests_Comment" classname="Tests_Comment" file="/var/www/html/test/wordpress_test/inpsyde_test/test/wp-content/plugins/plugintestslughere/tests/unit/tests/comment.php" line="1118" assertions="1" time="0.109506"/>
        <testcase name="test_update_should_invalidate_comment_cache" class="Tests_Comment" classname="Tests_Comment" file="/var/www/html/test/wordpress_test/inpsyde_test/test/wp-content/plugins/plugintestslughere/tests/unit/tests/comment.php" line="1162" assertions="2" time="0.109389"/>
        <testcase name="test_trash_should_invalidate_comment_cache" class="Tests_Comment" classname="Tests_Comment" file="/var/www/html/test/wordpress_test/inpsyde_test/test/wp-content/plugins/plugintestslughere/tests/unit/tests/comment.php" line="1182" assertions="1" time="0.087550"/>
        <testcase name="test_untrash_should_invalidate_comment_cache" class="Tests_Comment" classname="Tests_Comment" file="/var/www/html/test/wordpress_test/inpsyde_test/test/wp-content/plugins/plugintestslughere/tests/unit/tests/comment.php" line="1196" assertions="2" time="0.098878"/>
        <testcase name="test_spam_should_invalidate_comment_cache" class="Tests_Comment" classname="Tests_Comment" file="/var/www/html/test/wordpress_test/inpsyde_test/test/wp-content/plugins/plugintestslughere/tests/unit/tests/comment.php" line="1212" assertions="1" time="0.076661"/>
        <testcase name="test_unspam_should_invalidate_comment_cache" class="Tests_Comment" classname="Tests_Comment" file="/var/www/html/test/wordpress_test/inpsyde_test/test/wp-content/plugins/plugintestslughere/tests/unit/tests/comment.php" line="1226" assertions="2" time="0.087883"/>
        <testcase name="test_wp_comments_personal_data_exporter" class="Tests_Comment" classname="Tests_Comment" file="/var/www/html/test/wordpress_test/inpsyde_test/test/wp-content/plugins/plugintestslughere/tests/unit/tests/comment.php" line="1248" assertions="13" time="0.086904"/>
        <testcase name="test_wp_comments_personal_data_exporter_no_comments_found" class="Tests_Comment" classname="Tests_Comment" file="/var/www/html/test/wordpress_test/inpsyde_test/test/wp-content/plugins/plugintestslughere/tests/unit/tests/comment.php" line="1294" assertions="1" time="0.026575"/>
        <testcase name="test_wp_comments_personal_data_exporter_empty_comment_prop" class="Tests_Comment" classname="Tests_Comment" file="/var/www/html/test/wordpress_test/inpsyde_test/test/wp-content/plugins/plugintestslughere/tests/unit/tests/comment.php" line="1312" assertions="3" time="0.072108"/>
        <testcase name="test_wp_comments_personal_data_exporter_empty_second_page" class="Tests_Comment" classname="Tests_Comment" file="/var/www/html/test/wordpress_test/inpsyde_test/test/wp-content/plugins/plugintestslughere/tests/unit/tests/comment.php" line="1343" assertions="2" time="0.088106"/>
      </testsuite>
      <testsuite name="Tests_Comment_CheckComment" file="/var/www/html/test/wordpress_test/inpsyde_test/test/wp-content/plugins/plugintestslughere/tests/unit/tests/comment/checkComment.php" tests="9" assertions="10" errors="0" failures="0" skipped="0" time="1.010720">
        <testcase name="test_should_return_true_when_comment_previously_approved_is_disabled" class="Tests_Comment_CheckComment" classname="Tests_Comment_CheckComment" file="/var/www/html/test/wordpress_test/inpsyde_test/test/wp-content/plugins/plugintestslughere/tests/unit/tests/comment/checkComment.php" line="7" assertions="1" time="0.089724"/>
        <testcase name="test_should_return_false_when_comment_previously_approved_is_enabled_and_author_does_not_have_approved_comment" class="Tests_Comment_CheckComment" classname="Tests_Comment_CheckComment" file="/var/www/html/test/wordpress_test/inpsyde_test/test/wp-content/plugins/plugintestslughere/tests/unit/tests/comment/checkComment.php" line="21" assertions="1" time="0.088333"/>
        <testcase name="test_should_return_true_when_comment_previously_approved_is_enabled_and_author_has_approved_comment" class="Tests_Comment_CheckComment" classname="Tests_Comment_CheckComment" file="/var/www/html/test/wordpress_test/inpsyde_test/test/wp-content/plugins/plugintestslughere/tests/unit/tests/comment/checkComment.php" line="36" assertions="2" time="0.131481"/>
        <testcase name="test_should_return_false_when_content_matches_moderation_key" class="Tests_Comment_CheckComment" classname="Tests_Comment_CheckComment" file="/var/www/html/test/wordpress_test/inpsyde_test/test/wp-content/plugins/plugintestslughere/tests/unit/tests/comment/checkComment.php" line="71" assertions="1" time="0.110045"/>
        <testcase name="test_should_return_true_when_content_does_not_match_moderation_keys" class="Tests_Comment_CheckComment" classname="Tests_Comment_CheckComment" file="/var/www/html/test/wordpress_test/inpsyde_test/test/wp-content/plugins/plugintestslughere/tests/unit/tests/comment/checkComment.php" line="87" assertions="1" time="0.119981"/>
        <testcase name="test_should_return_false_when_link_count_exceeds_comment_max_length_setting" class="Tests_Comment_CheckComment" classname="Tests_Comment_CheckComment" file="/var/www/html/test/wordpress_test/inpsyde_test/test/wp-content/plugins/plugintestslughere/tests/unit/tests/comment/checkComment.php" line="103" assertions="1" time="0.087751"/>
        <testcase name="test_should_return_true_when_link_count_does_not_exceed_comment_max_length_setting" class="Tests_Comment_CheckComment" classname="Tests_Comment_CheckComment" file="/var/www/html/test/wordpress_test/inpsyde_test/test/wp-content/plugins/plugintestslughere/tests/unit/tests/comment/checkComment.php" line="119" assertions="1" time="0.087479"/>
        <testcase name="test_should_return_true_when_comment_previously_approved_is_enabled_and_user_has_previously_approved_comments_with_different_email" class="Tests_Comment_CheckComment" classname="Tests_Comment_CheckComment" file="/var/www/html/test/wordpress_test/inpsyde_test/test/wp-content/plugins/plugintestslughere/tests/unit/tests/comment/checkComment.php" line="138" assertions="1" time="0.164022"/>
        <testcase name="test_should_return_false_when_comment_previously_approved_is_enabled_and_user_does_not_have_a_previously_approved_comment_with_any_email" class="Tests_Comment_CheckComment" classname="Tests_Comment_CheckComment" file="/var/www/html/test/wordpress_test/inpsyde_test/test/wp-content/plugins/plugintestslughere/tests/unit/tests/comment/checkComment.php" line="170" assertions="1" time="0.131904"/>
      </testsuite>
      <testsuite name="Tests_Comment_CommentForm" file="/var/www/html/test/wordpress_test/inpsyde_test/test/wp-content/plugins/plugintestslughere/tests/unit/tests/comment/commentForm.php" tests="6" assertions="7" errors="0" failures="0" skipped="0" time="0.771221">
        <testcase name="test_default_markup_for_submit_button_and_wrapper" class="Tests_Comment_CommentForm" classname="Tests_Comment_CommentForm" file="/var/www/html/test/wordpress_test/inpsyde_test/test/wp-content/plugins/plugintestslughere/tests/unit/tests/comment/commentForm.php" line="7" assertions="1" time="0.122934"/>
        <testcase name="test_custom_submit_button" class="Tests_Comment_CommentForm" classname="Tests_Comment_CommentForm" file="/var/www/html/test/wordpress_test/inpsyde_test/test/wp-content/plugins/plugintestslughere/tests/unit/tests/comment/commentForm.php" line="24" assertions="1" time="0.099446"/>
        <testcase name="test_custom_submit_field" class="Tests_Comment_CommentForm" classname="Tests_Comment_CommentForm" file="/var/www/html/test/wordpress_test/inpsyde_test/test/wp-content/plugins/plugintestslughere/tests/unit/tests/comment/commentForm.php" line="41" assertions="1" time="0.119647"/>
        <testcase name="test_submit_button_and_submit_field_should_fall_back_on_defaults_when_filtered_defaults_do_not_contain_the_keys" class="Tests_Comment_CommentForm" classname="Tests_Comment_CommentForm" file="/var/www/html/test/wordpress_test/inpsyde_test/test/wp-content/plugins/plugintestslughere/tests/unit/tests/comment/commentForm.php" line="62" assertions="1" time="0.199196"/>
        <testcase name="test_fields_should_include_cookies_consent" class="Tests_Comment_CommentForm" classname="Tests_Comment_CommentForm" file="/var/www/html/test/wordpress_test/inpsyde_test/test/wp-content/plugins/plugintestslughere/tests/unit/tests/comment/commentForm.php" line="90" assertions="1" time="0.109126"/>
        <testcase name="test_aria_describedby_email_notes_should_not_be_added_if_no_email_notes" class="Tests_Comment_CommentForm" classname="Tests_Comment_CommentForm" file="/var/www/html/test/wordpress_test/inpsyde_test/test/wp-content/plugins/plugintestslughere/tests/unit/tests/comment/commentForm.php" line="111" assertions="2" time="0.120872"/>
      </testsuite>
      <testsuite name="Tests_Comment_CommentsTemplate" file="/var/www/html/test/wordpress_test/inpsyde_test/test/wp-content/plugins/plugintestslughere/tests/unit/tests/comment/commentsTemplate.php" tests="17" assertions="25" errors="0" failures="0" skipped="0" time="2.911710">
        <testcase name="test_should_respect_comment_order_asc_when_default_comments_page_is_newest" class="Tests_Comment_CommentsTemplate" classname="Tests_Comment_CommentsTemplate" file="/var/www/html/test/wordpress_test/inpsyde_test/test/wp-content/plugins/plugintestslughere/tests/unit/tests/comment/commentsTemplate.php" line="13" assertions="1" time="0.210557"/>
        <testcase name="test_should_respect_comment_order_desc_when_default_comments_page_is_newest" class="Tests_Comment_CommentsTemplate" classname="Tests_Comment_CommentsTemplate" file="/var/www/html/test/wordpress_test/inpsyde_test/test/wp-content/plugins/plugintestslughere/tests/unit/tests/comment/commentsTemplate.php" line="47" assertions="1" time="0.153069"/>
        <testcase name="test_should_respect_comment_order_asc_when_default_comments_page_is_oldest" class="Tests_Comment_CommentsTemplate" classname="Tests_Comment_CommentsTemplate" file="/var/www/html/test/wordpress_test/inpsyde_test/test/wp-content/plugins/plugintestslughere/tests/unit/tests/comment/commentsTemplate.php" line="81" assertions="1" time="0.175621"/>
        <testcase name="test_should_respect_comment_order_desc_when_default_comments_page_is_oldest" class="Tests_Comment_CommentsTemplate" classname="Tests_Comment_CommentsTemplate" file="/var/www/html/test/wordpress_test/inpsyde_test/test/wp-content/plugins/plugintestslughere/tests/unit/tests/comment/commentsTemplate.php" line="115" assertions="1" time="0.198548"/>
        <testcase name="test_should_respect_comment_order_asc_when_default_comments_page_is_newest_on_subsequent_pages" class="Tests_Comment_CommentsTemplate" classname="Tests_Comment_CommentsTemplate" file="/var/www/html/test/wordpress_test/inpsyde_test/test/wp-content/plugins/plugintestslughere/tests/unit/tests/comment/commentsTemplate.php" line="149" assertions="1" time="0.197404"/>
        <testcase name="test_should_respect_comment_order_desc_when_default_comments_page_is_newest_on_subsequent_pages" class="Tests_Comment_CommentsTemplate" classname="Tests_Comment_CommentsTemplate" file="/var/www/html/test/wordpress_test/inpsyde_test/test/wp-content/plugins/plugintestslughere/tests/unit/tests/comment/commentsTemplate.php" line="220" assertions="1" time="0.197291"/>
        <testcase name="test_should_respect_comment_order_asc_when_default_comments_page_is_oldest_on_subsequent_pages" class="Tests_Comment_CommentsTemplate" classname="Tests_Comment_CommentsTemplate" file="/var/www/html/test/wordpress_test/inpsyde_test/test/wp-content/plugins/plugintestslughere/tests/unit/tests/comment/commentsTemplate.php" line="291" assertions="1" time="0.174990"/>
        <testcase name="test_should_respect_comment_order_desc_when_default_comments_page_is_oldest_on_subsequent_pages" class="Tests_Comment_CommentsTemplate" classname="Tests_Comment_CommentsTemplate" file="/var/www/html/test/wordpress_test/inpsyde_test/test/wp-content/plugins/plugintestslughere/tests/unit/tests/comment/commentsTemplate.php" line="348" assertions="1" time="0.131703"/>
        <testcase name="test_last_page_of_comments_should_be_full_when_default_comment_page_is_newest" class="Tests_Comment_CommentsTemplate" classname="Tests_Comment_CommentsTemplate" file="/var/www/html/test/wordpress_test/inpsyde_test/test/wp-content/plugins/plugintestslughere/tests/unit/tests/comment/commentsTemplate.php" line="407" assertions="1" time="0.143266"/>
        <testcase name="test_first_page_of_comments_should_have_remainder_when_default_comments_page_is_newest" class="Tests_Comment_CommentsTemplate" classname="Tests_Comment_CommentsTemplate" file="/var/www/html/test/wordpress_test/inpsyde_test/test/wp-content/plugins/plugintestslughere/tests/unit/tests/comment/commentsTemplate.php" line="459" assertions="1" time="0.143178"/>
        <testcase name="test_comment_permalinks_should_be_correct_when_using_default_display_callback_with_default_comment_page_oldest" class="Tests_Comment_CommentsTemplate" classname="Tests_Comment_CommentsTemplate" file="/var/www/html/test/wordpress_test/inpsyde_test/test/wp-content/plugins/plugintestslughere/tests/unit/tests/comment/commentsTemplate.php" line="509" assertions="4" time="0.196925"/>
        <testcase name="test_comment_permalinks_should_be_correct_when_using_default_display_callback_with_default_comment_page_newest" class="Tests_Comment_CommentsTemplate" classname="Tests_Comment_CommentsTemplate" file="/var/www/html/test/wordpress_test/inpsyde_test/test/wp-content/plugins/plugintestslughere/tests/unit/tests/comment/commentsTemplate.php" line="588" assertions="6" time="0.231008"/>
        <testcase name="test_query_offset_should_not_include_unapproved_comments" class="Tests_Comment_CommentsTemplate" classname="Tests_Comment_CommentsTemplate" file="/var/www/html/test/wordpress_test/inpsyde_test/test/wp-content/plugins/plugintestslughere/tests/unit/tests/comment/commentsTemplate.php" line="701" assertions="1" time="0.163387"/>
        <testcase name="test_query_offset_should_include_unapproved_comments" class="Tests_Comment_CommentsTemplate" classname="Tests_Comment_CommentsTemplate" file="/var/www/html/test/wordpress_test/inpsyde_test/test/wp-content/plugins/plugintestslughere/tests/unit/tests/comment/commentsTemplate.php" line="755" assertions="1" time="0.132752"/>
        <testcase name="test_comments_list_should_include_just_posted_unapproved_comment" class="Tests_Comment_CommentsTemplate" classname="Tests_Comment_CommentsTemplate" file="/var/www/html/test/wordpress_test/inpsyde_test/test/wp-content/plugins/plugintestslughere/tests/unit/tests/comment/commentsTemplate.php" line="837" assertions="1" time="0.143175"/>
        <testcase name="test_hierarchy_should_be_ignored_when_threading_is_disabled" class="Tests_Comment_CommentsTemplate" classname="Tests_Comment_CommentsTemplate" file="/var/www/html/test/wordpress_test/inpsyde_test/test/wp-content/plugins/plugintestslughere/tests/unit/tests/comment/commentsTemplate.php" line="873" assertions="1" time="0.165367"/>
        <testcase name="test_pagination_calculation_should_ignore_comment_hierarchy_when_threading_is_disabled" class="Tests_Comment_CommentsTemplate" classname="Tests_Comment_CommentsTemplate" file="/var/www/html/test/wordpress_test/inpsyde_test/test/wp-content/plugins/plugintestslughere/tests/unit/tests/comment/commentsTemplate.php" line="918" assertions="1" time="0.153469"/>
      </testsuite>
      <testsuite name="Tests_Comment_DateQuery" file="/var/www/html/test/wordpress_test/inpsyde_test/test/wp-content/plugins/plugintestslughere/tests/unit/tests/comment/dateQuery.php" tests="1" assertions="1" errors="0" failures="0" skipped="0" time="0.181150">
        <testcase name="test_year" class="Tests_Comment_DateQuery" classname="Tests_Comment_DateQuery" file="/var/www/html/test/wordpress_test/inpsyde_test/test/wp-content/plugins/plugintestslughere/tests/unit/tests/comment/dateQuery.php" line="64" assertions="1" time="0.181150"/>
      </testsuite>
      <testsuite name="Tests_Comment_GetCommentAuthorEmailLink" file="/var/www/html/test/wordpress_test/inpsyde_test/test/wp-content/plugins/plugintestslughere/tests/unit/tests/comment/getCommentAuthorEmailLink.php" tests="7" assertions="7" errors="0" failures="0" skipped="0" time="0.272403">
        <testcase name="test_global_comment_with_default_parameters" class="Tests_Comment_GetCommentAuthorEmailLink" classname="Tests_Comment_GetCommentAuthorEmailLink" file="/var/www/html/test/wordpress_test/inpsyde_test/test/wp-content/plugins/plugintestslughere/tests/unit/tests/comment/getCommentAuthorEmailLink.php" line="33" assertions="1" time="0.032372"/>
        <testcase name="test_all_parameters" class="Tests_Comment_GetCommentAuthorEmailLink" classname="Tests_Comment_GetCommentAuthorEmailLink" file="/var/www/html/test/wordpress_test/inpsyde_test/test/wp-content/plugins/plugintestslughere/tests/unit/tests/comment/getCommentAuthorEmailLink.php" line="42" assertions="1" time="0.065706"/>
        <testcase name="test_all_parameters_with_global_comment" class="Tests_Comment_GetCommentAuthorEmailLink" classname="Tests_Comment_GetCommentAuthorEmailLink" file="/var/www/html/test/wordpress_test/inpsyde_test/test/wp-content/plugins/plugintestslughere/tests/unit/tests/comment/getCommentAuthorEmailLink.php" line="59" assertions="1" time="0.024287"/>
        <testcase name="test_linktext" class="Tests_Comment_GetCommentAuthorEmailLink" classname="Tests_Comment_GetCommentAuthorEmailLink" file="/var/www/html/test/wordpress_test/inpsyde_test/test/wp-content/plugins/plugintestslughere/tests/unit/tests/comment/getCommentAuthorEmailLink.php" line="69" assertions="1" time="0.023828"/>
        <testcase name="test_before" class="Tests_Comment_GetCommentAuthorEmailLink" classname="Tests_Comment_GetCommentAuthorEmailLink" file="/var/www/html/test/wordpress_test/inpsyde_test/test/wp-content/plugins/plugintestslughere/tests/unit/tests/comment/getCommentAuthorEmailLink.php" line="75" assertions="1" time="0.022157"/>
        <testcase name="test_after" class="Tests_Comment_GetCommentAuthorEmailLink" classname="Tests_Comment_GetCommentAuthorEmailLink" file="/var/www/html/test/wordpress_test/inpsyde_test/test/wp-content/plugins/plugintestslughere/tests/unit/tests/comment/getCommentAuthorEmailLink.php" line="81" assertions="1" time="0.022226"/>
        <testcase name="test_comment_param_should_override_global" class="Tests_Comment_GetCommentAuthorEmailLink" classname="Tests_Comment_GetCommentAuthorEmailLink" file="/var/www/html/test/wordpress_test/inpsyde_test/test/wp-content/plugins/plugintestslughere/tests/unit/tests/comment/getCommentAuthorEmailLink.php" line="90" assertions="1" time="0.081827"/>
      </testsuite>
      <testsuite name="Tests_Comment_GetCommentAuthorUrl" file="/var/www/html/test/wordpress_test/inpsyde_test/test/wp-content/plugins/plugintestslughere/tests/unit/tests/comment/getCommentAuthorUrl.php" tests="1" assertions="1" errors="0" failures="0" skipped="0" time="0.080515">
        <testcase name="test_comment_author_url_passes_correct_comment_id" class="Tests_Comment_GetCommentAuthorUrl" classname="Tests_Comment_GetCommentAuthorUrl" file="/var/www/html/test/wordpress_test/inpsyde_test/test/wp-content/plugins/plugintestslughere/tests/unit/tests/comment/getCommentAuthorUrl.php" line="16" assertions="1" time="0.080515"/>
      </testsuite>
      <testsuite name="Tests_Comment_GetCommentAuthorUrlLink" file="/var/www/html/test/wordpress_test/inpsyde_test/test/wp-content/plugins/plugintestslughere/tests/unit/tests/comment/getCommentAuthorUrlLink.php" tests="7" assertions="7" errors="0" failures="0" skipped="0" time="0.198616">
        <testcase name="test_no_comment" class="Tests_Comment_GetCommentAuthorUrlLink" classname="Tests_Comment_GetCommentAuthorUrlLink" file="/var/www/html/test/wordpress_test/inpsyde_test/test/wp-content/plugins/plugintestslughere/tests/unit/tests/comment/getCommentAuthorUrlLink.php" line="27" assertions="1" time="0.036895"/>
        <testcase name="test_global_comment" class="Tests_Comment_GetCommentAuthorUrlLink" classname="Tests_Comment_GetCommentAuthorUrlLink" file="/var/www/html/test/wordpress_test/inpsyde_test/test/wp-content/plugins/plugintestslughere/tests/unit/tests/comment/getCommentAuthorUrlLink.php" line="33" assertions="1" time="0.032408"/>
        <testcase name="test_comment_arg" class="Tests_Comment_GetCommentAuthorUrlLink" classname="Tests_Comment_GetCommentAuthorUrlLink" file="/var/www/html/test/wordpress_test/inpsyde_test/test/wp-content/plugins/plugintestslughere/tests/unit/tests/comment/getCommentAuthorUrlLink.php" line="42" assertions="1" time="0.029036"/>
        <testcase name="test_linktext" class="Tests_Comment_GetCommentAuthorUrlLink" classname="Tests_Comment_GetCommentAuthorUrlLink" file="/var/www/html/test/wordpress_test/inpsyde_test/test/wp-content/plugins/plugintestslughere/tests/unit/tests/comment/getCommentAuthorUrlLink.php" line="50" assertions="1" time="0.023911"/>
        <testcase name="test_before" class="Tests_Comment_GetCommentAuthorUrlLink" classname="Tests_Comment_GetCommentAuthorUrlLink" file="/var/www/html/test/wordpress_test/inpsyde_test/test/wp-content/plugins/plugintestslughere/tests/unit/tests/comment/getCommentAuthorUrlLink.php" line="58" assertions="1" time="0.026620"/>
        <testcase name="test_after" class="Tests_Comment_GetCommentAuthorUrlLink" classname="Tests_Comment_GetCommentAuthorUrlLink" file="/var/www/html/test/wordpress_test/inpsyde_test/test/wp-content/plugins/plugintestslughere/tests/unit/tests/comment/getCommentAuthorUrlLink.php" line="66" assertions="1" time="0.024213"/>
        <testcase name="test_before_after" class="Tests_Comment_GetCommentAuthorUrlLink" classname="Tests_Comment_GetCommentAuthorUrlLink" file="/var/www/html/test/wordpress_test/inpsyde_test/test/wp-content/plugins/plugintestslughere/tests/unit/tests/comment/getCommentAuthorUrlLink.php" line="74" assertions="1" time="0.025533"/>
      </testsuite>
      <testsuite name="Tests_Comment_GetCommentClass" file="/var/www/html/test/wordpress_test/inpsyde_test/test/wp-content/plugins/plugintestslughere/tests/unit/tests/comment/getCommentClass.php" tests="5" assertions="6" errors="0" failures="0" skipped="0" time="0.401889">
        <testcase name="test_should_accept_comment_id" class="Tests_Comment_GetCommentClass" classname="Tests_Comment_GetCommentClass" file="/var/www/html/test/wordpress_test/inpsyde_test/test/wp-content/plugins/plugintestslughere/tests/unit/tests/comment/getCommentClass.php" line="7" assertions="1" time="0.094791"/>
        <testcase name="test_should_accept_comment_object" class="Tests_Comment_GetCommentClass" classname="Tests_Comment_GetCommentClass" file="/var/www/html/test/wordpress_test/inpsyde_test/test/wp-content/plugins/plugintestslughere/tests/unit/tests/comment/getCommentClass.php" line="15" assertions="1" time="0.099007"/>
        <testcase name="test_should_append_single_class" class="Tests_Comment_GetCommentClass" classname="Tests_Comment_GetCommentClass" file="/var/www/html/test/wordpress_test/inpsyde_test/test/wp-content/plugins/plugintestslughere/tests/unit/tests/comment/getCommentClass.php" line="23" assertions="1" time="0.087258"/>
        <testcase name="test_should_append_array_of_classes" class="Tests_Comment_GetCommentClass" classname="Tests_Comment_GetCommentClass" file="/var/www/html/test/wordpress_test/inpsyde_test/test/wp-content/plugins/plugintestslughere/tests/unit/tests/comment/getCommentClass.php" line="31" assertions="2" time="0.099162"/>
        <testcase name="test_should_return_an_empty_array_for_invalid_comment_id" class="Tests_Comment_GetCommentClass" classname="Tests_Comment_GetCommentClass" file="/var/www/html/test/wordpress_test/inpsyde_test/test/wp-content/plugins/plugintestslughere/tests/unit/tests/comment/getCommentClass.php" line="43" assertions="1" time="0.021671"/>
      </testsuite>
      <testsuite name="Tests_Get_Comment_Count" file="/var/www/html/test/wordpress_test/inpsyde_test/test/wp-content/plugins/plugintestslughere/tests/unit/tests/comment/getCommentCount.php" tests="6" assertions="36" errors="0" failures="0" skipped="0" time="0.478441">
        <testcase name="test_get_comment_count" class="Tests_Get_Comment_Count" classname="Tests_Get_Comment_Count" file="/var/www/html/test/wordpress_test/inpsyde_test/test/wp-content/plugins/plugintestslughere/tests/unit/tests/comment/getCommentCount.php" line="5" assertions="6" time="0.023673"/>
        <testcase name="test_get_comment_count_approved" class="Tests_Get_Comment_Count" classname="Tests_Get_Comment_Count" file="/var/www/html/test/wordpress_test/inpsyde_test/test/wp-content/plugins/plugintestslughere/tests/unit/tests/comment/getCommentCount.php" line="16" assertions="6" time="0.104096"/>
        <testcase name="test_get_comment_count_awaiting" class="Tests_Get_Comment_Count" classname="Tests_Get_Comment_Count" file="/var/www/html/test/wordpress_test/inpsyde_test/test/wp-content/plugins/plugintestslughere/tests/unit/tests/comment/getCommentCount.php" line="33" assertions="6" time="0.077039"/>
        <testcase name="test_get_comment_count_spam" class="Tests_Get_Comment_Count" classname="Tests_Get_Comment_Count" file="/var/www/html/test/wordpress_test/inpsyde_test/test/wp-content/plugins/plugintestslughere/tests/unit/tests/comment/getCommentCount.php" line="50" assertions="6" time="0.130806"/>
        <testcase name="test_get_comment_count_trash" class="Tests_Get_Comment_Count" classname="Tests_Get_Comment_Count" file="/var/www/html/test/wordpress_test/inpsyde_test/test/wp-content/plugins/plugintestslughere/tests/unit/tests/comment/getCommentCount.php" line="67" assertions="6" time="0.076682"/>
        <testcase name="test_get_comment_count_post_trashed" class="Tests_Get_Comment_Count" classname="Tests_Get_Comment_Count" file="/var/www/html/test/wordpress_test/inpsyde_test/test/wp-content/plugins/plugintestslughere/tests/unit/tests/comment/getCommentCount.php" line="84" assertions="6" time="0.066145"/>
      </testsuite>
      <testsuite name="Tests_Get_Comment_Excerpt" file="/var/www/html/test/wordpress_test/inpsyde_test/test/wp-content/plugins/plugintestslughere/tests/unit/tests/comment/getCommentExcerpt.php" tests="2" assertions="2" errors="0" failures="0" skipped="0" time="0.137991">
        <testcase name="test_get_comment_excerpt" class="Tests_Get_Comment_Excerpt" classname="Tests_Get_Comment_Excerpt" file="/var/www/html/test/wordpress_test/inpsyde_test/test/wp-content/plugins/plugintestslughere/tests/unit/tests/comment/getCommentExcerpt.php" line="16" assertions="1" time="0.072201"/>
        <testcase name="test_get_comment_excerpt_filtered" class="Tests_Get_Comment_Excerpt" classname="Tests_Get_Comment_Excerpt" file="/var/www/html/test/wordpress_test/inpsyde_test/test/wp-content/plugins/plugintestslughere/tests/unit/tests/comment/getCommentExcerpt.php" line="28" assertions="1" time="0.065790"/>
      </testsuite>
      <testsuite name="Tests_Comment_GetCommentLink" file="/var/www/html/test/wordpress_test/inpsyde_test/test/wp-content/plugins/plugintestslughere/tests/unit/tests/comment/getCommentLink.php" tests="7" assertions="7" errors="0" failures="0" skipped="0" time="0.667726">
        <testcase name="test_default_comments_page_newest_default_page_should_have_cpage" class="Tests_Comment_GetCommentLink" classname="Tests_Comment_GetCommentLink" file="/var/www/html/test/wordpress_test/inpsyde_test/test/wp-content/plugins/plugintestslughere/tests/unit/tests/comment/getCommentLink.php" line="62" assertions="1" time="0.076725"/>
        <testcase name="test_default_comments_page_newest_middle_page_should_have_cpage" class="Tests_Comment_GetCommentLink" classname="Tests_Comment_GetCommentLink" file="/var/www/html/test/wordpress_test/inpsyde_test/test/wp-content/plugins/plugintestslughere/tests/unit/tests/comment/getCommentLink.php" line="75" assertions="1" time="0.097965"/>
        <testcase name="test_default_comments_page_newest_last_page_should_have_cpage" class="Tests_Comment_GetCommentLink" classname="Tests_Comment_GetCommentLink" file="/var/www/html/test/wordpress_test/inpsyde_test/test/wp-content/plugins/plugintestslughere/tests/unit/tests/comment/getCommentLink.php" line="88" assertions="1" time="0.088048"/>
        <testcase name="test_default_comments_page_oldest_default_page_should_not_have_cpage" class="Tests_Comment_GetCommentLink" classname="Tests_Comment_GetCommentLink" file="/var/www/html/test/wordpress_test/inpsyde_test/test/wp-content/plugins/plugintestslughere/tests/unit/tests/comment/getCommentLink.php" line="101" assertions="1" time="0.112387"/>
        <testcase name="test_default_comments_page_oldest_middle_page_should_have_cpage" class="Tests_Comment_GetCommentLink" classname="Tests_Comment_GetCommentLink" file="/var/www/html/test/wordpress_test/inpsyde_test/test/wp-content/plugins/plugintestslughere/tests/unit/tests/comment/getCommentLink.php" line="113" assertions="1" time="0.128714"/>
        <testcase name="test_default_comments_page_oldest_last_page_should_have_cpage" class="Tests_Comment_GetCommentLink" classname="Tests_Comment_GetCommentLink" file="/var/www/html/test/wordpress_test/inpsyde_test/test/wp-content/plugins/plugintestslughere/tests/unit/tests/comment/getCommentLink.php" line="126" assertions="1" time="0.077928"/>
        <testcase name="test_should_not_contain_comment_page_1_when_pagination_is_disabled" class="Tests_Comment_GetCommentLink" classname="Tests_Comment_GetCommentLink" file="/var/www/html/test/wordpress_test/inpsyde_test/test/wp-content/plugins/plugintestslughere/tests/unit/tests/comment/getCommentLink.php" line="139" assertions="1" time="0.085959"/>
      </testsuite>
      <testsuite name="Tests_Comment_GetCommentReplyLink" file="/var/www/html/test/wordpress_test/inpsyde_test/test/wp-content/plugins/plugintestslughere/tests/unit/tests/comment/getCommentReplyLink.php" tests="4" assertions="4" errors="0" failures="0" skipped="0" time="0.197611">
        <testcase name="test_should_return_null_when_max_depth_is_less_than_depth" class="Tests_Comment_GetCommentReplyLink" classname="Tests_Comment_GetCommentReplyLink" file="/var/www/html/test/wordpress_test/inpsyde_test/test/wp-content/plugins/plugintestslughere/tests/unit/tests/comment/getCommentReplyLink.php" line="10" assertions="1" time="0.030553"/>
        <testcase name="test_should_return_null_when_default_max_depth_is_less_than_depth" class="Tests_Comment_GetCommentReplyLink" classname="Tests_Comment_GetCommentReplyLink" file="/var/www/html/test/wordpress_test/inpsyde_test/test/wp-content/plugins/plugintestslughere/tests/unit/tests/comment/getCommentReplyLink.php" line="22" assertions="1" time="0.026302"/>
        <testcase name="test_get_comment_reply_link_should_include_post_permalink" class="Tests_Comment_GetCommentReplyLink" classname="Tests_Comment_GetCommentReplyLink" file="/var/www/html/test/wordpress_test/inpsyde_test/test/wp-content/plugins/plugintestslughere/tests/unit/tests/comment/getCommentReplyLink.php" line="35" assertions="1" time="0.111899"/>
        <testcase name="test_should_return_null_when_depth_less_than_max_depth_and_comment_null_and_no_current_global_comment" class="Tests_Comment_GetCommentReplyLink" classname="Tests_Comment_GetCommentReplyLink" file="/var/www/html/test/wordpress_test/inpsyde_test/test/wp-content/plugins/plugintestslughere/tests/unit/tests/comment/getCommentReplyLink.php" line="73" assertions="1" time="0.028857"/>
      </testsuite>
      <testsuite name="Tests_Comment_GetCommentsPagesCount" file="/var/www/html/test/wordpress_test/inpsyde_test/test/wp-content/plugins/plugintestslughere/tests/unit/tests/comment/getCommentsPagesCount.php" tests="5" assertions="28" errors="0" failures="0" skipped="0" time="0.995125">
        <testcase name="test_empty" class="Tests_Comment_GetCommentsPagesCount" classname="Tests_Comment_GetCommentsPagesCount" file="/var/www/html/test/wordpress_test/inpsyde_test/test/wp-content/plugins/plugintestslughere/tests/unit/tests/comment/getCommentsPagesCount.php" line="40" assertions="7" time="0.126495"/>
        <testcase name="test_threaded_comments" class="Tests_Comment_GetCommentsPagesCount" classname="Tests_Comment_GetCommentsPagesCount" file="/var/www/html/test/wordpress_test/inpsyde_test/test/wp-content/plugins/plugintestslughere/tests/unit/tests/comment/getCommentsPagesCount.php" line="67" assertions="3" time="0.197610"/>
        <testcase name="test_option_thread_comments" class="Tests_Comment_GetCommentsPagesCount" classname="Tests_Comment_GetCommentsPagesCount" file="/var/www/html/test/wordpress_test/inpsyde_test/test/wp-content/plugins/plugintestslughere/tests/unit/tests/comment/getCommentsPagesCount.php" line="87" assertions="8" time="0.362741"/>
        <testcase name="test_wp_query_comments_per_page" class="Tests_Comment_GetCommentsPagesCount" classname="Tests_Comment_GetCommentsPagesCount" file="/var/www/html/test/wordpress_test/inpsyde_test/test/wp-content/plugins/plugintestslughere/tests/unit/tests/comment/getCommentsPagesCount.php" line="118" assertions="7" time="0.231615"/>
        <testcase name="test_max_num_comment_pages" class="Tests_Comment_GetCommentsPagesCount" classname="Tests_Comment_GetCommentsPagesCount" file="/var/www/html/test/wordpress_test/inpsyde_test/test/wp-content/plugins/plugintestslughere/tests/unit/tests/comment/getCommentsPagesCount.php" line="167" assertions="3" time="0.076664"/>
      </testsuite>
      <testsuite name="Tests_Comment_GetPageOfComment" file="/var/www/html/test/wordpress_test/inpsyde_test/test/wp-content/plugins/plugintestslughere/tests/unit/tests/comment/getPageOfComment.php" tests="15" assertions="34" errors="0" failures="0" skipped="0" time="2.368154">
        <testcase name="test_last_comment" class="Tests_Comment_GetPageOfComment" classname="Tests_Comment_GetPageOfComment" file="/var/www/html/test/wordpress_test/inpsyde_test/test/wp-content/plugins/plugintestslughere/tests/unit/tests/comment/getPageOfComment.php" line="9" assertions="4" time="0.170246"/>
        <testcase name="test_type_pings" class="Tests_Comment_GetPageOfComment" classname="Tests_Comment_GetPageOfComment" file="/var/www/html/test/wordpress_test/inpsyde_test/test/wp-content/plugins/plugintestslughere/tests/unit/tests/comment/getPageOfComment.php" line="38" assertions="3" time="0.153902"/>
        <testcase name="test_subsequent_calls_should_hit_cache" class="Tests_Comment_GetPageOfComment" classname="Tests_Comment_GetPageOfComment" file="/var/www/html/test/wordpress_test/inpsyde_test/test/wp-content/plugins/plugintestslughere/tests/unit/tests/comment/getPageOfComment.php" line="101" assertions="2" time="0.166295"/>
        <testcase name="test_cache_hits_should_be_sensitive_to_comment_type" class="Tests_Comment_GetPageOfComment" classname="Tests_Comment_GetPageOfComment" file="/var/www/html/test/wordpress_test/inpsyde_test/test/wp-content/plugins/plugintestslughere/tests/unit/tests/comment/getPageOfComment.php" line="120" assertions="3" time="0.195826"/>
        <testcase name="test_cache_should_be_invalidated_when_comment_is_approved" class="Tests_Comment_GetPageOfComment" classname="Tests_Comment_GetPageOfComment" file="/var/www/html/test/wordpress_test/inpsyde_test/test/wp-content/plugins/plugintestslughere/tests/unit/tests/comment/getPageOfComment.php" line="169" assertions="1" time="0.231103"/>
        <testcase name="test_cache_should_be_invalidated_when_comment_is_deleted" class="Tests_Comment_GetPageOfComment" classname="Tests_Comment_GetPageOfComment" file="/var/www/html/test/wordpress_test/inpsyde_test/test/wp-content/plugins/plugintestslughere/tests/unit/tests/comment/getPageOfComment.php" line="190" assertions="1" time="0.165316"/>
        <testcase name="test_cache_should_be_invalidated_when_comment_is_spammed" class="Tests_Comment_GetPageOfComment" classname="Tests_Comment_GetPageOfComment" file="/var/www/html/test/wordpress_test/inpsyde_test/test/wp-content/plugins/plugintestslughere/tests/unit/tests/comment/getPageOfComment.php" line="206" assertions="1" time="0.174864"/>
        <testcase name="test_cache_should_be_invalidated_when_older_comment_is_published" class="Tests_Comment_GetPageOfComment" classname="Tests_Comment_GetPageOfComment" file="/var/www/html/test/wordpress_test/inpsyde_test/test/wp-content/plugins/plugintestslughere/tests/unit/tests/comment/getPageOfComment.php" line="222" assertions="2" time="0.143418"/>
        <testcase name="test_query_should_be_limited_to_comments_on_the_proper_post" class="Tests_Comment_GetPageOfComment" classname="Tests_Comment_GetPageOfComment" file="/var/www/html/test/wordpress_test/inpsyde_test/test/wp-content/plugins/plugintestslughere/tests/unit/tests/comment/getPageOfComment.php" line="256" assertions="2" time="0.186314"/>
        <testcase name="test_only_top_level_comments_should_be_included_in_older_count" class="Tests_Comment_GetPageOfComment" classname="Tests_Comment_GetPageOfComment" file="/var/www/html/test/wordpress_test/inpsyde_test/test/wp-content/plugins/plugintestslughere/tests/unit/tests/comment/getPageOfComment.php" line="287" assertions="10" time="0.142833"/>
        <testcase name="test_comments_per_page_option_should_be_fallback_when_query_var_is_not_available" class="Tests_Comment_GetPageOfComment" classname="Tests_Comment_GetPageOfComment" file="/var/www/html/test/wordpress_test/inpsyde_test/test/wp-content/plugins/plugintestslughere/tests/unit/tests/comment/getPageOfComment.php" line="334" assertions="1" time="0.109834"/>
        <testcase name="test_should_ignore_comment_order" class="Tests_Comment_GetPageOfComment" classname="Tests_Comment_GetPageOfComment" file="/var/www/html/test/wordpress_test/inpsyde_test/test/wp-content/plugins/plugintestslughere/tests/unit/tests/comment/getPageOfComment.php" line="367" assertions="1" time="0.132183"/>
        <testcase name="test_should_ignore_default_comment_page" class="Tests_Comment_GetPageOfComment" classname="Tests_Comment_GetPageOfComment" file="/var/www/html/test/wordpress_test/inpsyde_test/test/wp-content/plugins/plugintestslughere/tests/unit/tests/comment/getPageOfComment.php" line="407" assertions="1" time="0.109740"/>
        <testcase name="test_page_number_when_unapproved_comments_are_included_for_current_commenter" class="Tests_Comment_GetPageOfComment" classname="Tests_Comment_GetPageOfComment" file="/var/www/html/test/wordpress_test/inpsyde_test/test/wp-content/plugins/plugintestslughere/tests/unit/tests/comment/getPageOfComment.php" line="446" assertions="1" time="0.098816"/>
        <testcase name="test_page_number_when_unapproved_comments_are_included_for_current_user" class="Tests_Comment_GetPageOfComment" classname="Tests_Comment_GetPageOfComment" file="/var/www/html/test/wordpress_test/inpsyde_test/test/wp-content/plugins/plugintestslughere/tests/unit/tests/comment/getPageOfComment.php" line="494" assertions="1" time="0.187464"/>
      </testsuite>
      <testsuite name="Tests_Comment_IsAvatarCommentType" file="/var/www/html/test/wordpress_test/inpsyde_test/test/wp-content/plugins/plugintestslughere/tests/unit/tests/comment/isAvatarCommentType.php" tests="5" assertions="7" errors="0" failures="0" skipped="0" time="0.120288">
        <testsuite name="Tests_Comment_IsAvatarCommentType::test_function" tests="4" assertions="4" errors="0" failures="0" skipped="0" time="0.096683">
          <testcase name="test_function with data set #0" class="Tests_Comment_IsAvatarCommentType" classname="Tests_Comment_IsAvatarCommentType" file="/var/www/html/test/wordpress_test/inpsyde_test/test/wp-content/plugins/plugintestslughere/tests/unit/tests/comment/isAvatarCommentType.php" line="26" assertions="1" time="0.025593"/>
          <testcase name="test_function with data set #1" class="Tests_Comment_IsAvatarCommentType" classname="Tests_Comment_IsAvatarCommentType" file="/var/www/html/test/wordpress_test/inpsyde_test/test/wp-content/plugins/plugintestslughere/tests/unit/tests/comment/isAvatarCommentType.php" line="26" assertions="1" time="0.024148"/>
          <testcase name="test_function with data set #2" class="Tests_Comment_IsAvatarCommentType" classname="Tests_Comment_IsAvatarCommentType" file="/var/www/html/test/wordpress_test/inpsyde_test/test/wp-content/plugins/plugintestslughere/tests/unit/tests/comment/isAvatarCommentType.php" line="26" assertions="1" time="0.023162"/>
          <testcase name="test_function with data set #3" class="Tests_Comment_IsAvatarCommentType" classname="Tests_Comment_IsAvatarCommentType" file="/var/www/html/test/wordpress_test/inpsyde_test/test/wp-content/plugins/plugintestslughere/tests/unit/tests/comment/isAvatarCommentType.php" line="26" assertions="1" time="0.023780"/>
        </testsuite>
        <testcase name="test_function_should_be_filterable" class="Tests_Comment_IsAvatarCommentType" classname="Tests_Comment_IsAvatarCommentType" file="/var/www/html/test/wordpress_test/inpsyde_test/test/wp-content/plugins/plugintestslughere/tests/unit/tests/comment/isAvatarCommentType.php" line="56" assertions="3" time="0.023605"/>
      </testsuite>
      <testsuite name="Tests_Comment_Last_Modified" file="/var/www/html/test/wordpress_test/inpsyde_test/test/wp-content/plugins/plugintestslughere/tests/unit/tests/comment/lastCommentModified.php" tests="9" assertions="15" errors="0" failures="0" skipped="0" time="0.752991">
        <testcase name="test_no_comments" class="Tests_Comment_Last_Modified" classname="Tests_Comment_Last_Modified" file="/var/www/html/test/wordpress_test/inpsyde_test/test/wp-content/plugins/plugintestslughere/tests/unit/tests/comment/lastCommentModified.php" line="8" assertions="1" time="0.040871"/>
        <testcase name="test_default_timezone" class="Tests_Comment_Last_Modified" classname="Tests_Comment_Last_Modified" file="/var/www/html/test/wordpress_test/inpsyde_test/test/wp-content/plugins/plugintestslughere/tests/unit/tests/comment/lastCommentModified.php" line="12" assertions="1" time="0.075450"/>
        <testcase name="test_server_timezone" class="Tests_Comment_Last_Modified" classname="Tests_Comment_Last_Modified" file="/var/www/html/test/wordpress_test/inpsyde_test/test/wp-content/plugins/plugintestslughere/tests/unit/tests/comment/lastCommentModified.php" line="24" assertions="1" time="0.087897"/>
        <testcase name="test_blog_timezone" class="Tests_Comment_Last_Modified" classname="Tests_Comment_Last_Modified" file="/var/www/html/test/wordpress_test/inpsyde_test/test/wp-content/plugins/plugintestslughere/tests/unit/tests/comment/lastCommentModified.php" line="36" assertions="1" time="0.087955"/>
        <testcase name="test_gmt_timezone" class="Tests_Comment_Last_Modified" classname="Tests_Comment_Last_Modified" file="/var/www/html/test/wordpress_test/inpsyde_test/test/wp-content/plugins/plugintestslughere/tests/unit/tests/comment/lastCommentModified.php" line="48" assertions="1" time="0.088944"/>
        <testcase name="test_unknown_timezone" class="Tests_Comment_Last_Modified" classname="Tests_Comment_Last_Modified" file="/var/www/html/test/wordpress_test/inpsyde_test/test/wp-content/plugins/plugintestslughere/tests/unit/tests/comment/lastCommentModified.php" line="60" assertions="1" time="0.076250"/>
        <testcase name="test_data_is_cached" class="Tests_Comment_Last_Modified" classname="Tests_Comment_Last_Modified" file="/var/www/html/test/wordpress_test/inpsyde_test/test/wp-content/plugins/plugintestslughere/tests/unit/tests/comment/lastCommentModified.php" line="72" assertions="1" time="0.076836"/>
        <testcase name="test_cache_is_cleared" class="Tests_Comment_Last_Modified" classname="Tests_Comment_Last_Modified" file="/var/www/html/test/wordpress_test/inpsyde_test/test/wp-content/plugins/plugintestslughere/tests/unit/tests/comment/lastCommentModified.php" line="85" assertions="4" time="0.089332"/>
        <testcase name="test_cache_is_cleared_when_comment_is_trashed" class="Tests_Comment_Last_Modified" classname="Tests_Comment_Last_Modified" file="/var/www/html/test/wordpress_test/inpsyde_test/test/wp-content/plugins/plugintestslughere/tests/unit/tests/comment/lastCommentModified.php" line="111" assertions="4" time="0.129456"/>
      </testsuite>
      <testsuite name="Tests_Comment_Meta_Cache" file="/var/www/html/test/wordpress_test/inpsyde_test/test/wp-content/plugins/plugintestslughere/tests/unit/tests/comment/metaCache.php" tests="9" assertions="23" errors="0" failures="0" skipped="0" time="1.136791">
        <testcase name="test_update_comment_meta_cache_should_default_to_true" class="Tests_Comment_Meta_Cache" classname="Tests_Comment_Meta_Cache" file="/var/www/html/test/wordpress_test/inpsyde_test/test/wp-content/plugins/plugintestslughere/tests/unit/tests/comment/metaCache.php" line="10" assertions="1" time="0.127502"/>
        <testcase name="test_update_comment_meta_cache_true" class="Tests_Comment_Meta_Cache" classname="Tests_Comment_Meta_Cache" file="/var/www/html/test/wordpress_test/inpsyde_test/test/wp-content/plugins/plugintestslughere/tests/unit/tests/comment/metaCache.php" line="40" assertions="1" time="0.131807"/>
        <testcase name="test_update_comment_meta_cache_false" class="Tests_Comment_Meta_Cache" classname="Tests_Comment_Meta_Cache" file="/var/www/html/test/wordpress_test/inpsyde_test/test/wp-content/plugins/plugintestslughere/tests/unit/tests/comment/metaCache.php" line="71" assertions="1" time="0.120667"/>
        <testcase name="test_comment_meta_should_be_lazy_loaded_for_all_comments_in_comments_template" class="Tests_Comment_Meta_Cache" classname="Tests_Comment_Meta_Cache" file="/var/www/html/test/wordpress_test/inpsyde_test/test/wp-content/plugins/plugintestslughere/tests/unit/tests/comment/metaCache.php" line="99" assertions="2" time="0.175695"/>
        <testcase name="test_comment_meta_should_be_lazy_loaded_in_comment_feed_queries" class="Tests_Comment_Meta_Cache" classname="Tests_Comment_Meta_Cache" file="/var/www/html/test/wordpress_test/inpsyde_test/test/wp-content/plugins/plugintestslughere/tests/unit/tests/comment/metaCache.php" line="134" assertions="6" time="0.164506"/>
        <testcase name="test_comment_meta_should_be_lazy_loaded_in_single_post_comment_feed_queries" class="Tests_Comment_Meta_Cache" classname="Tests_Comment_Meta_Cache" file="/var/www/html/test/wordpress_test/inpsyde_test/test/wp-content/plugins/plugintestslughere/tests/unit/tests/comment/metaCache.php" line="182" assertions="6" time="0.175615"/>
        <testcase name="test_add_metadata_sets_comments_last_changed" class="Tests_Comment_Meta_Cache" classname="Tests_Comment_Meta_Cache" file="/var/www/html/test/wordpress_test/inpsyde_test/test/wp-content/plugins/plugintestslughere/tests/unit/tests/comment/metaCache.php" line="231" assertions="2" time="0.077006"/>
        <testcase name="test_update_metadata_sets_comments_last_changed" class="Tests_Comment_Meta_Cache" classname="Tests_Comment_Meta_Cache" file="/var/www/html/test/wordpress_test/inpsyde_test/test/wp-content/plugins/plugintestslughere/tests/unit/tests/comment/metaCache.php" line="243" assertions="2" time="0.087867"/>
        <testcase name="test_delete_metadata_sets_comments_last_changed" class="Tests_Comment_Meta_Cache" classname="Tests_Comment_Meta_Cache" file="/var/www/html/test/wordpress_test/inpsyde_test/test/wp-content/plugins/plugintestslughere/tests/unit/tests/comment/metaCache.php" line="255" assertions="2" time="0.076126"/>
      </testsuite>
      <testsuite name="Tests_Comment_Query" file="/var/www/html/test/wordpress_test/inpsyde_test/test/wp-content/plugins/plugintestslughere/tests/unit/tests/comment/query.php" tests="143" assertions="241" errors="0" failures="0" skipped="0" time="15.374479">
        <testcase name="test_query" class="Tests_Comment_Query" classname="Tests_Comment_Query" file="/var/www/html/test/wordpress_test/inpsyde_test/test/wp-content/plugins/plugintestslughere/tests/unit/tests/comment/query.php" line="20" assertions="1" time="0.098997"/>
        <testcase name="test_query_post_id_0" class="Tests_Comment_Query" classname="Tests_Comment_Query" file="/var/www/html/test/wordpress_test/inpsyde_test/test/wp-content/plugins/plugintestslughere/tests/unit/tests/comment/query.php" line="66" assertions="1" time="0.076452"/>
        <testcase name="test_query_type_empty_string" class="Tests_Comment_Query" classname="Tests_Comment_Query" file="/var/www/html/test/wordpress_test/inpsyde_test/test/wp-content/plugins/plugintestslughere/tests/unit/tests/comment/query.php" line="88" assertions="1" time="0.175421"/>
        <testcase name="test_query_type_comment" class="Tests_Comment_Query" classname="Tests_Comment_Query" file="/var/www/html/test/wordpress_test/inpsyde_test/test/wp-content/plugins/plugintestslughere/tests/unit/tests/comment/query.php" line="138" assertions="1" time="0.110210"/>
        <testcase name="test_query_type_pingback" class="Tests_Comment_Query" classname="Tests_Comment_Query" file="/var/www/html/test/wordpress_test/inpsyde_test/test/wp-content/plugins/plugintestslughere/tests/unit/tests/comment/query.php" line="185" assertions="1" time="0.109547"/>
        <testcase name="test_query_type_trackback" class="Tests_Comment_Query" classname="Tests_Comment_Query" file="/var/www/html/test/wordpress_test/inpsyde_test/test/wp-content/plugins/plugintestslughere/tests/unit/tests/comment/query.php" line="226" assertions="1" time="0.087795"/>
        <testcase name="test_query_type_pings" class="Tests_Comment_Query" classname="Tests_Comment_Query" file="/var/www/html/test/wordpress_test/inpsyde_test/test/wp-content/plugins/plugintestslughere/tests/unit/tests/comment/query.php" line="270" assertions="1" time="0.087556"/>
        <testcase name="test_type_array_comments_and_custom" class="Tests_Comment_Query" classname="Tests_Comment_Query" file="/var/www/html/test/wordpress_test/inpsyde_test/test/wp-content/plugins/plugintestslughere/tests/unit/tests/comment/query.php" line="322" assertions="1" time="0.098928"/>
        <testcase name="test_type_not__in_array_custom" class="Tests_Comment_Query" classname="Tests_Comment_Query" file="/var/www/html/test/wordpress_test/inpsyde_test/test/wp-content/plugins/plugintestslughere/tests/unit/tests/comment/query.php" line="379" assertions="1" time="0.098888"/>
        <testcase name="test_type__in_array_and_not_type_array_custom" class="Tests_Comment_Query" classname="Tests_Comment_Query" file="/var/www/html/test/wordpress_test/inpsyde_test/test/wp-content/plugins/plugintestslughere/tests/unit/tests/comment/query.php" line="436" assertions="1" time="0.109262"/>
        <testcase name="test_type_array_and_type__not_in_array_custom" class="Tests_Comment_Query" classname="Tests_Comment_Query" file="/var/www/html/test/wordpress_test/inpsyde_test/test/wp-content/plugins/plugintestslughere/tests/unit/tests/comment/query.php" line="494" assertions="1" time="0.098943"/>
        <testcase name="test_type__not_in_custom" class="Tests_Comment_Query" classname="Tests_Comment_Query" file="/var/www/html/test/wordpress_test/inpsyde_test/test/wp-content/plugins/plugintestslughere/tests/unit/tests/comment/query.php" line="552" assertions="1" time="0.098754"/>
        <testcase name="test_type_array_comments_and_pings" class="Tests_Comment_Query" classname="Tests_Comment_Query" file="/var/www/html/test/wordpress_test/inpsyde_test/test/wp-content/plugins/plugintestslughere/tests/unit/tests/comment/query.php" line="609" assertions="1" time="0.088056"/>
        <testcase name="test_type_array_comment_pings" class="Tests_Comment_Query" classname="Tests_Comment_Query" file="/var/www/html/test/wordpress_test/inpsyde_test/test/wp-content/plugins/plugintestslughere/tests/unit/tests/comment/query.php" line="659" assertions="1" time="0.109435"/>
        <testcase name="test_type_array_pingback" class="Tests_Comment_Query" classname="Tests_Comment_Query" file="/var/www/html/test/wordpress_test/inpsyde_test/test/wp-content/plugins/plugintestslughere/tests/unit/tests/comment/query.php" line="695" assertions="1" time="0.077591"/>
        <testcase name="test_type_array_custom_pingpack" class="Tests_Comment_Query" classname="Tests_Comment_Query" file="/var/www/html/test/wordpress_test/inpsyde_test/test/wp-content/plugins/plugintestslughere/tests/unit/tests/comment/query.php" line="731" assertions="1" time="0.086926"/>
        <testcase name="test_type_array_pings" class="Tests_Comment_Query" classname="Tests_Comment_Query" file="/var/www/html/test/wordpress_test/inpsyde_test/test/wp-content/plugins/plugintestslughere/tests/unit/tests/comment/query.php" line="767" assertions="1" time="0.087358"/>
        <testcase name="test_type_status_approved_array_comment_pings" class="Tests_Comment_Query" classname="Tests_Comment_Query" file="/var/www/html/test/wordpress_test/inpsyde_test/test/wp-content/plugins/plugintestslughere/tests/unit/tests/comment/query.php" line="803" assertions="1" time="0.087747"/>
        <testcase name="test_type_array_trackback" class="Tests_Comment_Query" classname="Tests_Comment_Query" file="/var/www/html/test/wordpress_test/inpsyde_test/test/wp-content/plugins/plugintestslughere/tests/unit/tests/comment/query.php" line="847" assertions="1" time="0.076729"/>
        <testcase name="test_type_array_custom_trackback" class="Tests_Comment_Query" classname="Tests_Comment_Query" file="/var/www/html/test/wordpress_test/inpsyde_test/test/wp-content/plugins/plugintestslughere/tests/unit/tests/comment/query.php" line="883" assertions="1" time="0.087851"/>
        <testcase name="test_type_array_pings_approved" class="Tests_Comment_Query" classname="Tests_Comment_Query" file="/var/www/html/test/wordpress_test/inpsyde_test/test/wp-content/plugins/plugintestslughere/tests/unit/tests/comment/query.php" line="919" assertions="1" time="0.132444"/>
        <testcase name="test_status_empty_string" class="Tests_Comment_Query" classname="Tests_Comment_Query" file="/var/www/html/test/wordpress_test/inpsyde_test/test/wp-content/plugins/plugintestslughere/tests/unit/tests/comment/query.php" line="963" assertions="1" time="0.087360"/>
        <testcase name="test_status_hold" class="Tests_Comment_Query" classname="Tests_Comment_Query" file="/var/www/html/test/wordpress_test/inpsyde_test/test/wp-content/plugins/plugintestslughere/tests/unit/tests/comment/query.php" line="997" assertions="1" time="0.154316"/>
        <testcase name="test_status_approve" class="Tests_Comment_Query" classname="Tests_Comment_Query" file="/var/www/html/test/wordpress_test/inpsyde_test/test/wp-content/plugins/plugintestslughere/tests/unit/tests/comment/query.php" line="1025" assertions="1" time="0.120870"/>
        <testcase name="test_status_custom" class="Tests_Comment_Query" classname="Tests_Comment_Query" file="/var/www/html/test/wordpress_test/inpsyde_test/test/wp-content/plugins/plugintestslughere/tests/unit/tests/comment/query.php" line="1050" assertions="1" time="0.098852"/>
        <testcase name="test_status_all" class="Tests_Comment_Query" classname="Tests_Comment_Query" file="/var/www/html/test/wordpress_test/inpsyde_test/test/wp-content/plugins/plugintestslughere/tests/unit/tests/comment/query.php" line="1081" assertions="1" time="0.098008"/>
        <testcase name="test_status_default_to_all" class="Tests_Comment_Query" classname="Tests_Comment_Query" file="/var/www/html/test/wordpress_test/inpsyde_test/test/wp-content/plugins/plugintestslughere/tests/unit/tests/comment/query.php" line="1112" assertions="1" time="0.087000"/>
        <testcase name="test_status_comma_any" class="Tests_Comment_Query" classname="Tests_Comment_Query" file="/var/www/html/test/wordpress_test/inpsyde_test/test/wp-content/plugins/plugintestslughere/tests/unit/tests/comment/query.php" line="1145" assertions="1" time="0.087656"/>
        <testcase name="test_status_comma_separated" class="Tests_Comment_Query" classname="Tests_Comment_Query" file="/var/www/html/test/wordpress_test/inpsyde_test/test/wp-content/plugins/plugintestslughere/tests/unit/tests/comment/query.php" line="1179" assertions="1" time="0.088078"/>
        <testcase name="test_status_array" class="Tests_Comment_Query" classname="Tests_Comment_Query" file="/var/www/html/test/wordpress_test/inpsyde_test/test/wp-content/plugins/plugintestslughere/tests/unit/tests/comment/query.php" line="1213" assertions="1" time="0.076163"/>
        <testcase name="test_multiple_post_fields_should_all_be_respected" class="Tests_Comment_Query" classname="Tests_Comment_Query" file="/var/www/html/test/wordpress_test/inpsyde_test/test/wp-content/plugins/plugintestslughere/tests/unit/tests/comment/query.php" line="1247" assertions="1" time="0.132114"/>
        <testcase name="test_get_comments_for_post" class="Tests_Comment_Query" classname="Tests_Comment_Query" file="/var/www/html/test/wordpress_test/inpsyde_test/test/wp-content/plugins/plugintestslughere/tests/unit/tests/comment/query.php" line="1291" assertions="36" time="1.155500"/>
        <testcase name="test_orderby_meta" class="Tests_Comment_Query" classname="Tests_Comment_Query" file="/var/www/html/test/wordpress_test/inpsyde_test/test/wp-content/plugins/plugintestslughere/tests/unit/tests/comment/query.php" line="1351" assertions="16" time="0.211082"/>
        <testcase name="test_orderby_clause_key" class="Tests_Comment_Query" classname="Tests_Comment_Query" file="/var/www/html/test/wordpress_test/inpsyde_test/test/wp-content/plugins/plugintestslughere/tests/unit/tests/comment/query.php" line="1443" assertions="1" time="0.076530"/>
        <testcase name="test_orderby_clause_key_as_secondary_sort" class="Tests_Comment_Query" classname="Tests_Comment_Query" file="/var/www/html/test/wordpress_test/inpsyde_test/test/wp-content/plugins/plugintestslughere/tests/unit/tests/comment/query.php" line="1470" assertions="1" time="0.076954"/>
        <testcase name="test_orderby_more_than_one_clause_key" class="Tests_Comment_Query" classname="Tests_Comment_Query" file="/var/www/html/test/wordpress_test/inpsyde_test/test/wp-content/plugins/plugintestslughere/tests/unit/tests/comment/query.php" line="1514" assertions="1" time="0.142656"/>
        <testcase name="test_meta_query_should_work_with_comment__in" class="Tests_Comment_Query" classname="Tests_Comment_Query" file="/var/www/html/test/wordpress_test/inpsyde_test/test/wp-content/plugins/plugintestslughere/tests/unit/tests/comment/query.php" line="1551" assertions="1" time="0.087795"/>
        <testcase name="test_meta_query_should_work_with_comment__not_in" class="Tests_Comment_Query" classname="Tests_Comment_Query" file="/var/www/html/test/wordpress_test/inpsyde_test/test/wp-content/plugins/plugintestslughere/tests/unit/tests/comment/query.php" line="1577" assertions="1" time="0.077181"/>
        <testcase name="test_get_comments_by_user" class="Tests_Comment_Query" classname="Tests_Comment_Query" file="/var/www/html/test/wordpress_test/inpsyde_test/test/wp-content/plugins/plugintestslughere/tests/unit/tests/comment/query.php" line="1603" assertions="7" time="0.219768"/>
        <testcase name="test_get_comments_by_author_url" class="Tests_Comment_Query" classname="Tests_Comment_Query" file="/var/www/html/test/wordpress_test/inpsyde_test/test/wp-content/plugins/plugintestslughere/tests/unit/tests/comment/query.php" line="1657" assertions="1" time="0.079208"/>
        <testcase name="test_fields_ids_query" class="Tests_Comment_Query" classname="Tests_Comment_Query" file="/var/www/html/test/wordpress_test/inpsyde_test/test/wp-content/plugins/plugintestslughere/tests/unit/tests/comment/query.php" line="1696" assertions="5" time="0.085177"/>
        <testcase name="test_fields_comment__in" class="Tests_Comment_Query" classname="Tests_Comment_Query" file="/var/www/html/test/wordpress_test/inpsyde_test/test/wp-content/plugins/plugintestslughere/tests/unit/tests/comment/query.php" line="1732" assertions="1" time="0.110038"/>
        <testcase name="test_fields_comment__not_in" class="Tests_Comment_Query" classname="Tests_Comment_Query" file="/var/www/html/test/wordpress_test/inpsyde_test/test/wp-content/plugins/plugintestslughere/tests/unit/tests/comment/query.php" line="1768" assertions="1" time="0.065678"/>
        <testcase name="test_fields_post__in" class="Tests_Comment_Query" classname="Tests_Comment_Query" file="/var/www/html/test/wordpress_test/inpsyde_test/test/wp-content/plugins/plugintestslughere/tests/unit/tests/comment/query.php" line="1804" assertions="1" time="0.187232"/>
        <testcase name="test_fields_post__not_in" class="Tests_Comment_Query" classname="Tests_Comment_Query" file="/var/www/html/test/wordpress_test/inpsyde_test/test/wp-content/plugins/plugintestslughere/tests/unit/tests/comment/query.php" line="1844" assertions="1" time="0.153848"/>
        <testcase name="test_fields_post_author__in" class="Tests_Comment_Query" classname="Tests_Comment_Query" file="/var/www/html/test/wordpress_test/inpsyde_test/test/wp-content/plugins/plugintestslughere/tests/unit/tests/comment/query.php" line="1884" assertions="1" time="0.131601"/>
        <testcase name="test_fields_post_author__not_in" class="Tests_Comment_Query" classname="Tests_Comment_Query" file="/var/www/html/test/wordpress_test/inpsyde_test/test/wp-content/plugins/plugintestslughere/tests/unit/tests/comment/query.php" line="1927" assertions="1" time="0.220593"/>
        <testcase name="test_fields_author__in" class="Tests_Comment_Query" classname="Tests_Comment_Query" file="/var/www/html/test/wordpress_test/inpsyde_test/test/wp-content/plugins/plugintestslughere/tests/unit/tests/comment/query.php" line="1970" assertions="1" time="0.264013"/>
        <testcase name="test_fields_author__not_in" class="Tests_Comment_Query" classname="Tests_Comment_Query" file="/var/www/html/test/wordpress_test/inpsyde_test/test/wp-content/plugins/plugintestslughere/tests/unit/tests/comment/query.php" line="2018" assertions="1" time="0.219108"/>
        <testcase name="test_get_comments_with_status_all" class="Tests_Comment_Query" classname="Tests_Comment_Query" file="/var/www/html/test/wordpress_test/inpsyde_test/test/wp-content/plugins/plugintestslughere/tests/unit/tests/comment/query.php" line="2066" assertions="1" time="0.109734"/>
        <testcase name="test_get_comments_with_include_unapproved_user_id" class="Tests_Comment_Query" classname="Tests_Comment_Query" file="/var/www/html/test/wordpress_test/inpsyde_test/test/wp-content/plugins/plugintestslughere/tests/unit/tests/comment/query.php" line="2097" assertions="1" time="0.109119"/>
        <testcase name="test_get_comments_with_include_unapproved_user_id_array" class="Tests_Comment_Query" classname="Tests_Comment_Query" file="/var/www/html/test/wordpress_test/inpsyde_test/test/wp-content/plugins/plugintestslughere/tests/unit/tests/comment/query.php" line="2141" assertions="1" time="0.120845"/>
        <testcase name="test_get_comments_with_include_unapproved_user_id_comma_separated" class="Tests_Comment_Query" classname="Tests_Comment_Query" file="/var/www/html/test/wordpress_test/inpsyde_test/test/wp-content/plugins/plugintestslughere/tests/unit/tests/comment/query.php" line="2192" assertions="1" time="0.108974"/>
        <testcase name="test_get_comments_with_include_unapproved_author_email" class="Tests_Comment_Query" classname="Tests_Comment_Query" file="/var/www/html/test/wordpress_test/inpsyde_test/test/wp-content/plugins/plugintestslughere/tests/unit/tests/comment/query.php" line="2243" assertions="1" time="0.076823"/>
        <testcase name="test_get_comments_with_include_unapproved_mixed_array" class="Tests_Comment_Query" classname="Tests_Comment_Query" file="/var/www/html/test/wordpress_test/inpsyde_test/test/wp-content/plugins/plugintestslughere/tests/unit/tests/comment/query.php" line="2293" assertions="1" time="0.088357"/>
        <testcase name="test_get_comments_with_include_unapproved_mixed_comma_separated" class="Tests_Comment_Query" classname="Tests_Comment_Query" file="/var/www/html/test/wordpress_test/inpsyde_test/test/wp-content/plugins/plugintestslughere/tests/unit/tests/comment/query.php" line="2352" assertions="1" time="0.142717"/>
        <testcase name="test_search" class="Tests_Comment_Query" classname="Tests_Comment_Query" file="/var/www/html/test/wordpress_test/inpsyde_test/test/wp-content/plugins/plugintestslughere/tests/unit/tests/comment/query.php" line="2408" assertions="1" time="0.109454"/>
        <testcase name="test_search_false_should_be_ignored" class="Tests_Comment_Query" classname="Tests_Comment_Query" file="/var/www/html/test/wordpress_test/inpsyde_test/test/wp-content/plugins/plugintestslughere/tests/unit/tests/comment/query.php" line="2484" assertions="1" time="0.046743"/>
        <testcase name="test_search_null_should_be_ignored" class="Tests_Comment_Query" classname="Tests_Comment_Query" file="/var/www/html/test/wordpress_test/inpsyde_test/test/wp-content/plugins/plugintestslughere/tests/unit/tests/comment/query.php" line="2497" assertions="1" time="0.037124"/>
        <testcase name="test_search_empty_string_should_be_ignored" class="Tests_Comment_Query" classname="Tests_Comment_Query" file="/var/www/html/test/wordpress_test/inpsyde_test/test/wp-content/plugins/plugintestslughere/tests/unit/tests/comment/query.php" line="2510" assertions="1" time="0.031960"/>
        <testcase name="test_search_int_0_should_not_be_ignored" class="Tests_Comment_Query" classname="Tests_Comment_Query" file="/var/www/html/test/wordpress_test/inpsyde_test/test/wp-content/plugins/plugintestslughere/tests/unit/tests/comment/query.php" line="2523" assertions="1" time="0.029295"/>
        <testcase name="test_search_string_0_should_not_be_ignored" class="Tests_Comment_Query" classname="Tests_Comment_Query" file="/var/www/html/test/wordpress_test/inpsyde_test/test/wp-content/plugins/plugintestslughere/tests/unit/tests/comment/query.php" line="2537" assertions="1" time="0.027186"/>
        <testcase name="test_orderby_default" class="Tests_Comment_Query" classname="Tests_Comment_Query" file="/var/www/html/test/wordpress_test/inpsyde_test/test/wp-content/plugins/plugintestslughere/tests/unit/tests/comment/query.php" line="2548" assertions="1" time="0.023943"/>
        <testcase name="test_orderby_single" class="Tests_Comment_Query" classname="Tests_Comment_Query" file="/var/www/html/test/wordpress_test/inpsyde_test/test/wp-content/plugins/plugintestslughere/tests/unit/tests/comment/query.php" line="2557" assertions="1" time="0.022652"/>
        <testcase name="test_orderby_single_invalid" class="Tests_Comment_Query" classname="Tests_Comment_Query" file="/var/www/html/test/wordpress_test/inpsyde_test/test/wp-content/plugins/plugintestslughere/tests/unit/tests/comment/query.php" line="2570" assertions="1" time="0.021326"/>
        <testcase name="test_orderby_space_separated" class="Tests_Comment_Query" classname="Tests_Comment_Query" file="/var/www/html/test/wordpress_test/inpsyde_test/test/wp-content/plugins/plugintestslughere/tests/unit/tests/comment/query.php" line="2583" assertions="1" time="0.051130"/>
        <testcase name="test_orderby_comma_separated" class="Tests_Comment_Query" classname="Tests_Comment_Query" file="/var/www/html/test/wordpress_test/inpsyde_test/test/wp-content/plugins/plugintestslughere/tests/unit/tests/comment/query.php" line="2596" assertions="1" time="0.024350"/>
        <testcase name="test_orderby_flat_array" class="Tests_Comment_Query" classname="Tests_Comment_Query" file="/var/www/html/test/wordpress_test/inpsyde_test/test/wp-content/plugins/plugintestslughere/tests/unit/tests/comment/query.php" line="2609" assertions="1" time="0.034304"/>
        <testcase name="test_orderby_array_contains_invalid_item" class="Tests_Comment_Query" classname="Tests_Comment_Query" file="/var/www/html/test/wordpress_test/inpsyde_test/test/wp-content/plugins/plugintestslughere/tests/unit/tests/comment/query.php" line="2622" assertions="1" time="0.030779"/>
        <testcase name="test_orderby_array_contains_all_invalid_items" class="Tests_Comment_Query" classname="Tests_Comment_Query" file="/var/www/html/test/wordpress_test/inpsyde_test/test/wp-content/plugins/plugintestslughere/tests/unit/tests/comment/query.php" line="2635" assertions="1" time="0.027595"/>
        <testcase name="test_orderby_none" class="Tests_Comment_Query" classname="Tests_Comment_Query" file="/var/www/html/test/wordpress_test/inpsyde_test/test/wp-content/plugins/plugintestslughere/tests/unit/tests/comment/query.php" line="2651" assertions="1" time="0.025506"/>
        <testcase name="test_orderby_empty_array" class="Tests_Comment_Query" classname="Tests_Comment_Query" file="/var/www/html/test/wordpress_test/inpsyde_test/test/wp-content/plugins/plugintestslughere/tests/unit/tests/comment/query.php" line="2665" assertions="1" time="0.026343"/>
        <testcase name="test_orderby_false" class="Tests_Comment_Query" classname="Tests_Comment_Query" file="/var/www/html/test/wordpress_test/inpsyde_test/test/wp-content/plugins/plugintestslughere/tests/unit/tests/comment/query.php" line="2679" assertions="1" time="0.030218"/>
        <testcase name="test_orderby_array" class="Tests_Comment_Query" classname="Tests_Comment_Query" file="/var/www/html/test/wordpress_test/inpsyde_test/test/wp-content/plugins/plugintestslughere/tests/unit/tests/comment/query.php" line="2693" assertions="1" time="0.029370"/>
        <testcase name="test_orderby_array_should_discard_invalid_columns" class="Tests_Comment_Query" classname="Tests_Comment_Query" file="/var/www/html/test/wordpress_test/inpsyde_test/test/wp-content/plugins/plugintestslughere/tests/unit/tests/comment/query.php" line="2714" assertions="1" time="0.030424"/>
        <testcase name="test_orderby_array_should_convert_invalid_order_to_DESC" class="Tests_Comment_Query" classname="Tests_Comment_Query" file="/var/www/html/test/wordpress_test/inpsyde_test/test/wp-content/plugins/plugintestslughere/tests/unit/tests/comment/query.php" line="2735" assertions="1" time="0.030864"/>
        <testcase name="test_orderby_array_should_sort_by_comment_ID_as_fallback_and_should_inherit_order_from_comment_date_gmt" class="Tests_Comment_Query" classname="Tests_Comment_Query" file="/var/www/html/test/wordpress_test/inpsyde_test/test/wp-content/plugins/plugintestslughere/tests/unit/tests/comment/query.php" line="2756" assertions="1" time="0.024802"/>
        <testcase name="test_orderby_array_should_sort_by_comment_ID_as_fallback_and_should_inherit_order_from_comment_date" class="Tests_Comment_Query" classname="Tests_Comment_Query" file="/var/www/html/test/wordpress_test/inpsyde_test/test/wp-content/plugins/plugintestslughere/tests/unit/tests/comment/query.php" line="2776" assertions="1" time="0.031223"/>
        <testcase name="test_orderby_array_should_sort_by_comment_ID_DESC_as_fallback_when_not_sorted_by_date" class="Tests_Comment_Query" classname="Tests_Comment_Query" file="/var/www/html/test/wordpress_test/inpsyde_test/test/wp-content/plugins/plugintestslughere/tests/unit/tests/comment/query.php" line="2796" assertions="1" time="0.021996"/>
        <testcase name="test_orderby_date_modified_gmt_should_order_by_comment_ID_in_case_of_tie_ASC" class="Tests_Comment_Query" classname="Tests_Comment_Query" file="/var/www/html/test/wordpress_test/inpsyde_test/test/wp-content/plugins/plugintestslughere/tests/unit/tests/comment/query.php" line="2815" assertions="1" time="0.089409"/>
        <testcase name="test_orderby_date_modified_gmt_should_order_by_comment_ID_in_case_of_tie_DESC" class="Tests_Comment_Query" classname="Tests_Comment_Query" file="/var/www/html/test/wordpress_test/inpsyde_test/test/wp-content/plugins/plugintestslughere/tests/unit/tests/comment/query.php" line="2840" assertions="1" time="0.142602"/>
        <testcase name="test_meta_vars_should_be_converted_to_meta_query" class="Tests_Comment_Query" classname="Tests_Comment_Query" file="/var/www/html/test/wordpress_test/inpsyde_test/test/wp-content/plugins/plugintestslughere/tests/unit/tests/comment/query.php" line="2864" assertions="4" time="0.046207"/>
        <testcase name="test_count" class="Tests_Comment_Query" classname="Tests_Comment_Query" file="/var/www/html/test/wordpress_test/inpsyde_test/test/wp-content/plugins/plugintestslughere/tests/unit/tests/comment/query.php" line="2881" assertions="1" time="0.084601"/>
        <testcase name="test_count_with_meta_query" class="Tests_Comment_Query" classname="Tests_Comment_Query" file="/var/www/html/test/wordpress_test/inpsyde_test/test/wp-content/plugins/plugintestslughere/tests/unit/tests/comment/query.php" line="2908" assertions="1" time="0.109129"/>
        <testcase name="test_paged" class="Tests_Comment_Query" classname="Tests_Comment_Query" file="/var/www/html/test/wordpress_test/inpsyde_test/test/wp-content/plugins/plugintestslughere/tests/unit/tests/comment/query.php" line="2949" assertions="1" time="0.098878"/>
        <testcase name="test_offset_should_take_precedence_over_paged" class="Tests_Comment_Query" classname="Tests_Comment_Query" file="/var/www/html/test/wordpress_test/inpsyde_test/test/wp-content/plugins/plugintestslughere/tests/unit/tests/comment/query.php" line="2995" assertions="1" time="0.109659"/>
        <testcase name="test_post_type_single_value" class="Tests_Comment_Query" classname="Tests_Comment_Query" file="/var/www/html/test/wordpress_test/inpsyde_test/test/wp-content/plugins/plugintestslughere/tests/unit/tests/comment/query.php" line="3040" assertions="1" time="0.131251"/>
        <testcase name="test_post_type_singleton_array" class="Tests_Comment_Query" classname="Tests_Comment_Query" file="/var/www/html/test/wordpress_test/inpsyde_test/test/wp-content/plugins/plugintestslughere/tests/unit/tests/comment/query.php" line="3067" assertions="1" time="0.131678"/>
        <testcase name="test_post_type_array" class="Tests_Comment_Query" classname="Tests_Comment_Query" file="/var/www/html/test/wordpress_test/inpsyde_test/test/wp-content/plugins/plugintestslughere/tests/unit/tests/comment/query.php" line="3094" assertions="1" time="0.164501"/>
        <testcase name="test_post_name_single_value" class="Tests_Comment_Query" classname="Tests_Comment_Query" file="/var/www/html/test/wordpress_test/inpsyde_test/test/wp-content/plugins/plugintestslughere/tests/unit/tests/comment/query.php" line="3118" assertions="1" time="0.219444"/>
        <testcase name="test_post_name_singleton_array" class="Tests_Comment_Query" classname="Tests_Comment_Query" file="/var/www/html/test/wordpress_test/inpsyde_test/test/wp-content/plugins/plugintestslughere/tests/unit/tests/comment/query.php" line="3139" assertions="1" time="0.164352"/>
        <testcase name="test_post_name_array" class="Tests_Comment_Query" classname="Tests_Comment_Query" file="/var/www/html/test/wordpress_test/inpsyde_test/test/wp-content/plugins/plugintestslughere/tests/unit/tests/comment/query.php" line="3160" assertions="1" time="0.154260"/>
        <testcase name="test_post_status_single_value" class="Tests_Comment_Query" classname="Tests_Comment_Query" file="/var/www/html/test/wordpress_test/inpsyde_test/test/wp-content/plugins/plugintestslughere/tests/unit/tests/comment/query.php" line="3180" assertions="1" time="0.163895"/>
        <testcase name="test_post_status_singleton_array" class="Tests_Comment_Query" classname="Tests_Comment_Query" file="/var/www/html/test/wordpress_test/inpsyde_test/test/wp-content/plugins/plugintestslughere/tests/unit/tests/comment/query.php" line="3201" assertions="1" time="0.121142"/>
        <testcase name="test_post_status_array" class="Tests_Comment_Query" classname="Tests_Comment_Query" file="/var/www/html/test/wordpress_test/inpsyde_test/test/wp-content/plugins/plugintestslughere/tests/unit/tests/comment/query.php" line="3222" assertions="1" time="0.230169"/>
        <testcase name="test_post_type_any_should_override_other_post_types" class="Tests_Comment_Query" classname="Tests_Comment_Query" file="/var/www/html/test/wordpress_test/inpsyde_test/test/wp-content/plugins/plugintestslughere/tests/unit/tests/comment/query.php" line="3245" assertions="1" time="0.143241"/>
        <testcase name="test_post_type_any_as_part_of_an_array_of_post_types" class="Tests_Comment_Query" classname="Tests_Comment_Query" file="/var/www/html/test/wordpress_test/inpsyde_test/test/wp-content/plugins/plugintestslughere/tests/unit/tests/comment/query.php" line="3268" assertions="1" time="0.142436"/>
        <testcase name="test_post_status_any_should_override_other_post_statuses" class="Tests_Comment_Query" classname="Tests_Comment_Query" file="/var/www/html/test/wordpress_test/inpsyde_test/test/wp-content/plugins/plugintestslughere/tests/unit/tests/comment/query.php" line="3291" assertions="1" time="0.164382"/>
        <testcase name="test_post_status_any_as_part_of_an_array_of_post_statuses" class="Tests_Comment_Query" classname="Tests_Comment_Query" file="/var/www/html/test/wordpress_test/inpsyde_test/test/wp-content/plugins/plugintestslughere/tests/unit/tests/comment/query.php" line="3311" assertions="1" time="0.142360"/>
        <testcase name="test_comment_query_object" class="Tests_Comment_Query" classname="Tests_Comment_Query" file="/var/www/html/test/wordpress_test/inpsyde_test/test/wp-content/plugins/plugintestslughere/tests/unit/tests/comment/query.php" line="3331" assertions="8" time="0.100002"/>
        <testcase name="test_comment_cache_key_should_ignore_custom_params" class="Tests_Comment_Query" classname="Tests_Comment_Query" file="/var/www/html/test/wordpress_test/inpsyde_test/test/wp-content/plugins/plugintestslughere/tests/unit/tests/comment/query.php" line="3351" assertions="1" time="0.120461"/>
        <testcase name="test_cache_should_be_sensitive_to_parent__in" class="Tests_Comment_Query" classname="Tests_Comment_Query" file="/var/www/html/test/wordpress_test/inpsyde_test/test/wp-content/plugins/plugintestslughere/tests/unit/tests/comment/query.php" line="3382" assertions="1" time="0.047006"/>
        <testcase name="test_cache_should_be_sensitive_to_parent__not_in" class="Tests_Comment_Query" classname="Tests_Comment_Query" file="/var/www/html/test/wordpress_test/inpsyde_test/test/wp-content/plugins/plugintestslughere/tests/unit/tests/comment/query.php" line="3405" assertions="1" time="0.038053"/>
        <testcase name="test_it_should_be_possible_to_modify_meta_query_using_pre_get_comments_action" class="Tests_Comment_Query" classname="Tests_Comment_Query" file="/var/www/html/test/wordpress_test/inpsyde_test/test/wp-content/plugins/plugintestslughere/tests/unit/tests/comment/query.php" line="3428" assertions="1" time="0.144670"/>
        <testcase name="test_it_should_be_possible_to_modify_meta_params_using_pre_get_comments_action" class="Tests_Comment_Query" classname="Tests_Comment_Query" file="/var/www/html/test/wordpress_test/inpsyde_test/test/wp-content/plugins/plugintestslughere/tests/unit/tests/comment/query.php" line="3466" assertions="1" time="0.109335"/>
        <testcase name="test_parent__in" class="Tests_Comment_Query" classname="Tests_Comment_Query" file="/var/www/html/test/wordpress_test/inpsyde_test/test/wp-content/plugins/plugintestslughere/tests/unit/tests/comment/query.php" line="3498" assertions="1" time="0.098351"/>
        <testcase name="test_parent__in_commas" class="Tests_Comment_Query" classname="Tests_Comment_Query" file="/var/www/html/test/wordpress_test/inpsyde_test/test/wp-content/plugins/plugintestslughere/tests/unit/tests/comment/query.php" line="3527" assertions="1" time="0.120042"/>
        <testcase name="test_parent__not_in" class="Tests_Comment_Query" classname="Tests_Comment_Query" file="/var/www/html/test/wordpress_test/inpsyde_test/test/wp-content/plugins/plugintestslughere/tests/unit/tests/comment/query.php" line="3569" assertions="1" time="0.087673"/>
        <testcase name="test_parent__not_in_commas" class="Tests_Comment_Query" classname="Tests_Comment_Query" file="/var/www/html/test/wordpress_test/inpsyde_test/test/wp-content/plugins/plugintestslughere/tests/unit/tests/comment/query.php" line="3599" assertions="1" time="0.098713"/>
        <testcase name="test_orderby_comment__in" class="Tests_Comment_Query" classname="Tests_Comment_Query" file="/var/www/html/test/wordpress_test/inpsyde_test/test/wp-content/plugins/plugintestslughere/tests/unit/tests/comment/query.php" line="3642" assertions="1" time="0.120325"/>
        <testcase name="test_no_found_rows_should_default_to_true" class="Tests_Comment_Query" classname="Tests_Comment_Query" file="/var/www/html/test/wordpress_test/inpsyde_test/test/wp-content/plugins/plugintestslughere/tests/unit/tests/comment/query.php" line="3685" assertions="2" time="0.109419"/>
        <testcase name="test_should_respect_no_found_rows_true" class="Tests_Comment_Query" classname="Tests_Comment_Query" file="/var/www/html/test/wordpress_test/inpsyde_test/test/wp-content/plugins/plugintestslughere/tests/unit/tests/comment/query.php" line="3702" assertions="2" time="0.109576"/>
        <testcase name="test_should_respect_no_found_rows_false" class="Tests_Comment_Query" classname="Tests_Comment_Query" file="/var/www/html/test/wordpress_test/inpsyde_test/test/wp-content/plugins/plugintestslughere/tests/unit/tests/comment/query.php" line="3720" assertions="2" time="0.130115"/>
        <testcase name="test_found_rows_should_be_fetched_from_the_cache" class="Tests_Comment_Query" classname="Tests_Comment_Query" file="/var/www/html/test/wordpress_test/inpsyde_test/test/wp-content/plugins/plugintestslughere/tests/unit/tests/comment/query.php" line="3738" assertions="2" time="0.098962"/>
        <testcase name="test_hierarchical_should_skip_child_comments_in_offset" class="Tests_Comment_Query" classname="Tests_Comment_Query" file="/var/www/html/test/wordpress_test/inpsyde_test/test/wp-content/plugins/plugintestslughere/tests/unit/tests/comment/query.php" line="3765" assertions="1" time="0.120225"/>
        <testcase name="test_hierarchical_should_not_include_child_comments_in_number" class="Tests_Comment_Query" classname="Tests_Comment_Query" file="/var/www/html/test/wordpress_test/inpsyde_test/test/wp-content/plugins/plugintestslughere/tests/unit/tests/comment/query.php" line="3807" assertions="1" time="0.164695"/>
        <testcase name="test_hierarchical_threaded" class="Tests_Comment_Query" classname="Tests_Comment_Query" file="/var/www/html/test/wordpress_test/inpsyde_test/test/wp-content/plugins/plugintestslughere/tests/unit/tests/comment/query.php" line="3847" assertions="4" time="0.132590"/>
        <testcase name="test_hierarchical_threaded_approved" class="Tests_Comment_Query" classname="Tests_Comment_Query" file="/var/www/html/test/wordpress_test/inpsyde_test/test/wp-content/plugins/plugintestslughere/tests/unit/tests/comment/query.php" line="3925" assertions="3" time="0.141555"/>
        <testcase name="test_comment_clauses_prepend_callback_should_be_respected_when_filling_descendants" class="Tests_Comment_Query" classname="Tests_Comment_Query" file="/var/www/html/test/wordpress_test/inpsyde_test/test/wp-content/plugins/plugintestslughere/tests/unit/tests/comment/query.php" line="4001" assertions="1" time="0.131114"/>
        <testcase name="test_comment_clauses_append_callback_should_be_respected_when_filling_descendants" class="Tests_Comment_Query" classname="Tests_Comment_Query" file="/var/www/html/test/wordpress_test/inpsyde_test/test/wp-content/plugins/plugintestslughere/tests/unit/tests/comment/query.php" line="4058" assertions="1" time="0.131501"/>
        <testcase name="test_cache_should_be_hit_when_querying_descendants" class="Tests_Comment_Query" classname="Tests_Comment_Query" file="/var/www/html/test/wordpress_test/inpsyde_test/test/wp-content/plugins/plugintestslughere/tests/unit/tests/comment/query.php" line="4115" assertions="2" time="0.165072"/>
        <testcase name="test_hierarchy_should_be_filled_when_cache_is_incomplete" class="Tests_Comment_Query" classname="Tests_Comment_Query" file="/var/www/html/test/wordpress_test/inpsyde_test/test/wp-content/plugins/plugintestslughere/tests/unit/tests/comment/query.php" line="4171" assertions="2" time="0.120570"/>
        <testcase name="test_fill_hierarchy_should_disregard_offset_and_number" class="Tests_Comment_Query" classname="Tests_Comment_Query" file="/var/www/html/test/wordpress_test/inpsyde_test/test/wp-content/plugins/plugintestslughere/tests/unit/tests/comment/query.php" line="4233" assertions="2" time="0.099534"/>
        <testcase name="test_update_comment_post_cache_should_be_disabled_by_default" class="Tests_Comment_Query" classname="Tests_Comment_Query" file="/var/www/html/test/wordpress_test/inpsyde_test/test/wp-content/plugins/plugintestslughere/tests/unit/tests/comment/query.php" line="4300" assertions="2" time="0.098082"/>
        <testcase name="test_should_respect_update_comment_post_cache_true" class="Tests_Comment_Query" classname="Tests_Comment_Query" file="/var/www/html/test/wordpress_test/inpsyde_test/test/wp-content/plugins/plugintestslughere/tests/unit/tests/comment/query.php" line="4320" assertions="2" time="0.087646"/>
        <testcase name="test_comment_objects_should_be_filled_from_cache" class="Tests_Comment_Query" classname="Tests_Comment_Query" file="/var/www/html/test/wordpress_test/inpsyde_test/test/wp-content/plugins/plugintestslughere/tests/unit/tests/comment/query.php" line="4341" assertions="2" time="0.087952"/>
        <testcase name="test_comment_objects_should_be_fetched_from_database_when_suspend_cache_addition" class="Tests_Comment_Query" classname="Tests_Comment_Query" file="/var/www/html/test/wordpress_test/inpsyde_test/test/wp-content/plugins/plugintestslughere/tests/unit/tests/comment/query.php" line="4369" assertions="1" time="0.065615"/>
        <testcase name="test_comment_query_should_be_cached" class="Tests_Comment_Query" classname="Tests_Comment_Query" file="/var/www/html/test/wordpress_test/inpsyde_test/test/wp-content/plugins/plugintestslughere/tests/unit/tests/comment/query.php" line="4387" assertions="1" time="0.076891"/>
        <testcase name="test_created_comment_should_invalidate_query_cache" class="Tests_Comment_Query" classname="Tests_Comment_Query" file="/var/www/html/test/wordpress_test/inpsyde_test/test/wp-content/plugins/plugintestslughere/tests/unit/tests/comment/query.php" line="4417" assertions="2" time="0.065701"/>
        <testcase name="test_updated_comment_should_invalidate_query_cache" class="Tests_Comment_Query" classname="Tests_Comment_Query" file="/var/www/html/test/wordpress_test/inpsyde_test/test/wp-content/plugins/plugintestslughere/tests/unit/tests/comment/query.php" line="4447" assertions="2" time="0.066214"/>
        <testcase name="test_deleted_comment_should_invalidate_query_cache" class="Tests_Comment_Query" classname="Tests_Comment_Query" file="/var/www/html/test/wordpress_test/inpsyde_test/test/wp-content/plugins/plugintestslughere/tests/unit/tests/comment/query.php" line="4487" assertions="2" time="0.142394"/>
        <testcase name="test_trashed_comment_should_invalidate_query_cache" class="Tests_Comment_Query" classname="Tests_Comment_Query" file="/var/www/html/test/wordpress_test/inpsyde_test/test/wp-content/plugins/plugintestslughere/tests/unit/tests/comment/query.php" line="4520" assertions="2" time="0.087985"/>
        <testcase name="test_untrashed_comment_should_invalidate_query_cache" class="Tests_Comment_Query" classname="Tests_Comment_Query" file="/var/www/html/test/wordpress_test/inpsyde_test/test/wp-content/plugins/plugintestslughere/tests/unit/tests/comment/query.php" line="4553" assertions="2" time="0.087747"/>
        <testcase name="test_spammed_comment_should_invalidate_query_cache" class="Tests_Comment_Query" classname="Tests_Comment_Query" file="/var/www/html/test/wordpress_test/inpsyde_test/test/wp-content/plugins/plugintestslughere/tests/unit/tests/comment/query.php" line="4588" assertions="2" time="0.098621"/>
        <testcase name="test_unspammed_comment_should_invalidate_query_cache" class="Tests_Comment_Query" classname="Tests_Comment_Query" file="/var/www/html/test/wordpress_test/inpsyde_test/test/wp-content/plugins/plugintestslughere/tests/unit/tests/comment/query.php" line="4621" assertions="2" time="0.109171"/>
        <testcase name="test_count_query_should_miss_noncount_cache" class="Tests_Comment_Query" classname="Tests_Comment_Query" file="/var/www/html/test/wordpress_test/inpsyde_test/test/wp-content/plugins/plugintestslughere/tests/unit/tests/comment/query.php" line="4659" assertions="1" time="0.037511"/>
        <testcase name="test_count_query_should_hit_count_cache" class="Tests_Comment_Query" classname="Tests_Comment_Query" file="/var/www/html/test/wordpress_test/inpsyde_test/test/wp-content/plugins/plugintestslughere/tests/unit/tests/comment/query.php" line="4688" assertions="1" time="0.031493"/>
        <testcase name="test_different_values_of_fields_should_share_cached_values" class="Tests_Comment_Query" classname="Tests_Comment_Query" file="/var/www/html/test/wordpress_test/inpsyde_test/test/wp-content/plugins/plugintestslughere/tests/unit/tests/comment/query.php" line="4717" assertions="1" time="0.023681"/>
        <testcase name="test_add_comment_meta_should_invalidate_query_cache" class="Tests_Comment_Query" classname="Tests_Comment_Query" file="/var/www/html/test/wordpress_test/inpsyde_test/test/wp-content/plugins/plugintestslughere/tests/unit/tests/comment/query.php" line="4745" assertions="2" time="0.104215"/>
        <testcase name="test_update_comment_meta_should_invalidate_query_cache" class="Tests_Comment_Query" classname="Tests_Comment_Query" file="/var/www/html/test/wordpress_test/inpsyde_test/test/wp-content/plugins/plugintestslughere/tests/unit/tests/comment/query.php" line="4794" assertions="2" time="0.142235"/>
        <testcase name="test_delete_comment_meta_should_invalidate_query_cache" class="Tests_Comment_Query" classname="Tests_Comment_Query" file="/var/www/html/test/wordpress_test/inpsyde_test/test/wp-content/plugins/plugintestslughere/tests/unit/tests/comment/query.php" line="4843" assertions="2" time="0.110112"/>
        <testcase name="test_comments_pre_query_filter_should_bypass_database_query" class="Tests_Comment_Query" classname="Tests_Comment_Query" file="/var/www/html/test/wordpress_test/inpsyde_test/test/wp-content/plugins/plugintestslughere/tests/unit/tests/comment/query.php" line="4892" assertions="3" time="0.035908"/>
        <testcase name="test_comments_pre_query_filter_should_set_comments_property" class="Tests_Comment_Query" classname="Tests_Comment_Query" file="/var/www/html/test/wordpress_test/inpsyde_test/test/wp-content/plugins/plugintestslughere/tests/unit/tests/comment/query.php" line="4923" assertions="2" time="0.117725"/>
      </testsuite>
      <testsuite name="Tests_Comment_Slashes" file="/var/www/html/test/wordpress_test/inpsyde_test/test/wp-content/plugins/plugintestslughere/tests/unit/tests/comment/slashes.php" tests="4" assertions="16" errors="0" failures="0" skipped="0" time="0.405372">
        <testcase name="test_wp_new_comment" class="Tests_Comment_Slashes" classname="Tests_Comment_Slashes" file="/var/www/html/test/wordpress_test/inpsyde_test/test/wp-content/plugins/plugintestslughere/tests/unit/tests/comment/slashes.php" line="37" assertions="4" time="0.121069"/>
        <testcase name="test_edit_comment" class="Tests_Comment_Slashes" classname="Tests_Comment_Slashes" file="/var/www/html/test/wordpress_test/inpsyde_test/test/wp-content/plugins/plugintestslughere/tests/unit/tests/comment/slashes.php" line="76" assertions="4" time="0.121102"/>
        <testcase name="test_wp_insert_comment" class="Tests_Comment_Slashes" classname="Tests_Comment_Slashes" file="/var/www/html/test/wordpress_test/inpsyde_test/test/wp-content/plugins/plugintestslughere/tests/unit/tests/comment/slashes.php" line="122" assertions="4" time="0.085949"/>
        <testcase name="test_wp_update_comment" class="Tests_Comment_Slashes" classname="Tests_Comment_Slashes" file="/var/www/html/test/wordpress_test/inpsyde_test/test/wp-content/plugins/plugintestslughere/tests/unit/tests/comment/slashes.php" line="153" assertions="4" time="0.077252"/>
      </testsuite>
      <testsuite name="Tests_Comment_Template" file="/var/www/html/test/wordpress_test/inpsyde_test/test/wp-content/plugins/plugintestslughere/tests/unit/tests/comment/template.php" tests="16" assertions="24" errors="0" failures="0" skipped="0" time="2.627505">
        <testcase name="test_get_comments_number" class="Tests_Comment_Template" classname="Tests_Comment_Template" file="/var/www/html/test/wordpress_test/inpsyde_test/test/wp-content/plugins/plugintestslughere/tests/unit/tests/comment/template.php" line="7" assertions="5" time="0.161047"/>
        <testcase name="test_get_comments_number_without_arg" class="Tests_Comment_Template" classname="Tests_Comment_Template" file="/var/www/html/test/wordpress_test/inpsyde_test/test/wp-content/plugins/plugintestslughere/tests/unit/tests/comment/template.php" line="20" assertions="2" time="0.220012"/>
        <testcase name="test_get_comments_number_text_with_post_id" class="Tests_Comment_Template" classname="Tests_Comment_Template" file="/var/www/html/test/wordpress_test/inpsyde_test/test/wp-content/plugins/plugintestslughere/tests/unit/tests/comment/template.php" line="36" assertions="2" time="0.153396"/>
        <testcase name="test_get_comments_number_text_declension_with_default_args" class="Tests_Comment_Template" classname="Tests_Comment_Template" file="/var/www/html/test/wordpress_test/inpsyde_test/test/wp-content/plugins/plugintestslughere/tests/unit/tests/comment/template.php" line="55" assertions="3" time="0.153290"/>
        <testsuite name="Tests_Comment_Template::test_get_comments_number_text_declension_with_custom_args" tests="12" assertions="12" errors="0" failures="0" skipped="0" time="1.939760">
          <testcase name="test_get_comments_number_text_declension_with_custom_args with data set #0" class="Tests_Comment_Template" classname="Tests_Comment_Template" file="/var/www/html/test/wordpress_test/inpsyde_test/test/wp-content/plugins/plugintestslughere/tests/unit/tests/comment/template.php" line="78" assertions="1" time="0.141259"/>
          <testcase name="test_get_comments_number_text_declension_with_custom_args with data set #1" class="Tests_Comment_Template" classname="Tests_Comment_Template" file="/var/www/html/test/wordpress_test/inpsyde_test/test/wp-content/plugins/plugintestslughere/tests/unit/tests/comment/template.php" line="78" assertions="1" time="0.153364"/>
          <testcase name="test_get_comments_number_text_declension_with_custom_args with data set #2" class="Tests_Comment_Template" classname="Tests_Comment_Template" file="/var/www/html/test/wordpress_test/inpsyde_test/test/wp-content/plugins/plugintestslughere/tests/unit/tests/comment/template.php" line="78" assertions="1" time="0.186326"/>
          <testcase name="test_get_comments_number_text_declension_with_custom_args with data set #3" class="Tests_Comment_Template" classname="Tests_Comment_Template" file="/var/www/html/test/wordpress_test/inpsyde_test/test/wp-content/plugins/plugintestslughere/tests/unit/tests/comment/template.php" line="78" assertions="1" time="0.141815"/>
          <testcase name="test_get_comments_number_text_declension_with_custom_args with data set #4" class="Tests_Comment_Template" classname="Tests_Comment_Template" file="/var/www/html/test/wordpress_test/inpsyde_test/test/wp-content/plugins/plugintestslughere/tests/unit/tests/comment/template.php" line="78" assertions="1" time="0.110295"/>
          <testcase name="test_get_comments_number_text_declension_with_custom_args with data set #5" class="Tests_Comment_Template" classname="Tests_Comment_Template" file="/var/www/html/test/wordpress_test/inpsyde_test/test/wp-content/plugins/plugintestslughere/tests/unit/tests/comment/template.php" line="78" assertions="1" time="0.142413"/>
          <testcase name="test_get_comments_number_text_declension_with_custom_args with data set #6" class="Tests_Comment_Template" classname="Tests_Comment_Template" file="/var/www/html/test/wordpress_test/inpsyde_test/test/wp-content/plugins/plugintestslughere/tests/unit/tests/comment/template.php" line="78" assertions="1" time="0.119956"/>
          <testcase name="test_get_comments_number_text_declension_with_custom_args with data set #7" class="Tests_Comment_Template" classname="Tests_Comment_Template" file="/var/www/html/test/wordpress_test/inpsyde_test/test/wp-content/plugins/plugintestslughere/tests/unit/tests/comment/template.php" line="78" assertions="1" time="0.099030"/>
          <testcase name="test_get_comments_number_text_declension_with_custom_args with data set #8" class="Tests_Comment_Template" classname="Tests_Comment_Template" file="/var/www/html/test/wordpress_test/inpsyde_test/test/wp-content/plugins/plugintestslughere/tests/unit/tests/comment/template.php" line="78" assertions="1" time="0.131357"/>
          <testcase name="test_get_comments_number_text_declension_with_custom_args with data set #9" class="Tests_Comment_Template" classname="Tests_Comment_Template" file="/var/www/html/test/wordpress_test/inpsyde_test/test/wp-content/plugins/plugintestslughere/tests/unit/tests/comment/template.php" line="78" assertions="1" time="0.330385"/>
          <testcase name="test_get_comments_number_text_declension_with_custom_args with data set #10" class="Tests_Comment_Template" classname="Tests_Comment_Template" file="/var/www/html/test/wordpress_test/inpsyde_test/test/wp-content/plugins/plugintestslughere/tests/unit/tests/comment/template.php" line="78" assertions="1" time="0.263356"/>
          <testcase name="test_get_comments_number_text_declension_with_custom_args with data set #11" class="Tests_Comment_Template" classname="Tests_Comment_Template" file="/var/www/html/test/wordpress_test/inpsyde_test/test/wp-content/plugins/plugintestslughere/tests/unit/tests/comment/template.php" line="78" assertions="1" time="0.120204"/>
        </testsuite>
      </testsuite>
      <testsuite name="Tests_Comment_Walker" file="/var/www/html/test/wordpress_test/inpsyde_test/test/wp-content/plugins/plugintestslughere/tests/unit/tests/comment/walker.php" tests="1" assertions="8" errors="0" failures="0" skipped="0" time="0.124779">
        <testcase name="test_has_children" class="Tests_Comment_Walker" classname="Tests_Comment_Walker" file="/var/www/html/test/wordpress_test/inpsyde_test/test/wp-content/plugins/plugintestslughere/tests/unit/tests/comment/walker.php" line="17" assertions="8" time="0.124779"/>
      </testsuite>
      <testsuite name="Tests_Comment_WpAllowComment" file="/var/www/html/test/wordpress_test/inpsyde_test/test/wp-content/plugins/plugintestslughere/tests/unit/tests/comment/wpAllowComment.php" tests="2" assertions="2" errors="0" failures="0" skipped="0" time="0.103056">
        <testcase name="test_allow_comment_if_comment_author_emails_differ" class="Tests_Comment_WpAllowComment" classname="Tests_Comment_WpAllowComment" file="/var/www/html/test/wordpress_test/inpsyde_test/test/wp-content/plugins/plugintestslughere/tests/unit/tests/comment/wpAllowComment.php" line="33" assertions="1" time="0.047671"/>
        <testcase name="test_die_as_duplicate_if_comment_author_name_and_emails_match" class="Tests_Comment_WpAllowComment" classname="Tests_Comment_WpAllowComment" file="/var/www/html/test/wordpress_test/inpsyde_test/test/wp-content/plugins/plugintestslughere/tests/unit/tests/comment/wpAllowComment.php" line="53" assertions="1" time="0.055385"/>
      </testsuite>
      <testsuite name="Tests_Batch_Update_Comment_Type" file="/var/www/html/test/wordpress_test/inpsyde_test/test/wp-content/plugins/plugintestslughere/tests/unit/tests/comment/wpBatchUpdateCommentType.php" tests="1" assertions="6" errors="0" failures="0" skipped="0" time="0.137525">
        <testcase name="test__wp_batch_update_comment_type" class="Tests_Batch_Update_Comment_Type" classname="Tests_Batch_Update_Comment_Type" file="/var/www/html/test/wordpress_test/inpsyde_test/test/wp-content/plugins/plugintestslughere/tests/unit/tests/comment/wpBatchUpdateCommentType.php" line="12" assertions="6" time="0.137525"/>
      </testsuite>
      <testsuite name="Tests_WP_Blocklist_Check" file="/var/www/html/test/wordpress_test/inpsyde_test/test/wp-content/plugins/plugintestslughere/tests/unit/tests/comment/wpBlacklistCheck.php" tests="6" assertions="6" errors="0" failures="0" skipped="0" time="0.521635">
        <testcase name="test_should_return_true_when_content_matches_disallowed_keys" class="Tests_WP_Blocklist_Check" classname="Tests_WP_Blocklist_Check" file="/var/www/html/test/wordpress_test/inpsyde_test/test/wp-content/plugins/plugintestslughere/tests/unit/tests/comment/wpBlacklistCheck.php" line="8" assertions="1" time="0.061488"/>
        <testcase name="test_should_return_true_when_content_with_html_matches_disallowed_keys" class="Tests_WP_Blocklist_Check" classname="Tests_WP_Blocklist_Check" file="/var/www/html/test/wordpress_test/inpsyde_test/test/wp-content/plugins/plugintestslughere/tests/unit/tests/comment/wpBlacklistCheck.php" line="26" assertions="1" time="0.066205"/>
        <testcase name="test_should_return_true_when_author_matches_disallowed_keys" class="Tests_WP_Blocklist_Check" classname="Tests_WP_Blocklist_Check" file="/var/www/html/test/wordpress_test/inpsyde_test/test/wp-content/plugins/plugintestslughere/tests/unit/tests/comment/wpBlacklistCheck.php" line="41" assertions="1" time="0.131533"/>
        <testcase name="test_should_return_true_when_url_matches_disallowed_keys" class="Tests_WP_Blocklist_Check" classname="Tests_WP_Blocklist_Check" file="/var/www/html/test/wordpress_test/inpsyde_test/test/wp-content/plugins/plugintestslughere/tests/unit/tests/comment/wpBlacklistCheck.php" line="56" assertions="1" time="0.087636"/>
        <testcase name="test_should_return_true_when_link_matches_disallowed_keys" class="Tests_WP_Blocklist_Check" classname="Tests_WP_Blocklist_Check" file="/var/www/html/test/wordpress_test/inpsyde_test/test/wp-content/plugins/plugintestslughere/tests/unit/tests/comment/wpBlacklistCheck.php" line="74" assertions="1" time="0.087356"/>
        <testcase name="test_should_return_false_when_no_match" class="Tests_WP_Blocklist_Check" classname="Tests_WP_Blocklist_Check" file="/var/www/html/test/wordpress_test/inpsyde_test/test/wp-content/plugins/plugintestslughere/tests/unit/tests/comment/wpBlacklistCheck.php" line="89" assertions="1" time="0.087417"/>
      </testsuite>
      <testsuite name="Tests_Term_WpComment" file="/var/www/html/test/wordpress_test/inpsyde_test/test/wp-content/plugins/plugintestslughere/tests/unit/tests/comment/wpComment.php" tests="4" assertions="4" errors="0" failures="0" skipped="0" time="0.144565">
        <testcase name="test_get_instance_should_work_for_numeric_string" class="Tests_Term_WpComment" classname="Tests_Term_WpComment" file="/var/www/html/test/wordpress_test/inpsyde_test/test/wp-content/plugins/plugintestslughere/tests/unit/tests/comment/wpComment.php" line="31" assertions="1" time="0.043675"/>
        <testcase name="test_get_instance_should_fail_for_negative_number" class="Tests_Term_WpComment" classname="Tests_Term_WpComment" file="/var/www/html/test/wordpress_test/inpsyde_test/test/wp-content/plugins/plugintestslughere/tests/unit/tests/comment/wpComment.php" line="40" assertions="1" time="0.036151"/>
        <testcase name="test_get_instance_should_fail_for_non_numeric_string" class="Tests_Term_WpComment" classname="Tests_Term_WpComment" file="/var/www/html/test/wordpress_test/inpsyde_test/test/wp-content/plugins/plugintestslughere/tests/unit/tests/comment/wpComment.php" line="49" assertions="1" time="0.031344"/>
        <testcase name="test_get_instance_should_succeed_for_float_that_is_equal_to_post_id" class="Tests_Term_WpComment" classname="Tests_Term_WpComment" file="/var/www/html/test/wordpress_test/inpsyde_test/test/wp-content/plugins/plugintestslughere/tests/unit/tests/comment/wpComment.php" line="58" assertions="1" time="0.033395"/>
      </testsuite>
      <testsuite name="Tests_WP_Count_Comments" file="/var/www/html/test/wordpress_test/inpsyde_test/test/wp-content/plugins/plugintestslughere/tests/unit/tests/comment/wpCountComments.php" tests="7" assertions="98" errors="0" failures="0" skipped="0" time="0.663397">
        <testcase name="test_wp_count_comments" class="Tests_WP_Count_Comments" classname="Tests_WP_Count_Comments" file="/var/www/html/test/wordpress_test/inpsyde_test/test/wp-content/plugins/plugintestslughere/tests/unit/tests/comment/wpCountComments.php" line="5" assertions="7" time="0.045319"/>
        <testcase name="test_wp_count_comments_approved" class="Tests_WP_Count_Comments" classname="Tests_WP_Count_Comments" file="/var/www/html/test/wordpress_test/inpsyde_test/test/wp-content/plugins/plugintestslughere/tests/unit/tests/comment/wpCountComments.php" line="17" assertions="7" time="0.090699"/>
        <testcase name="test_wp_count_comments_awaiting" class="Tests_WP_Count_Comments" classname="Tests_WP_Count_Comments" file="/var/www/html/test/wordpress_test/inpsyde_test/test/wp-content/plugins/plugintestslughere/tests/unit/tests/comment/wpCountComments.php" line="35" assertions="7" time="0.098505"/>
        <testcase name="test_wp_count_comments_spam" class="Tests_WP_Count_Comments" classname="Tests_WP_Count_Comments" file="/var/www/html/test/wordpress_test/inpsyde_test/test/wp-content/plugins/plugintestslughere/tests/unit/tests/comment/wpCountComments.php" line="53" assertions="7" time="0.109609"/>
        <testcase name="test_wp_count_comments_trash" class="Tests_WP_Count_Comments" classname="Tests_WP_Count_Comments" file="/var/www/html/test/wordpress_test/inpsyde_test/test/wp-content/plugins/plugintestslughere/tests/unit/tests/comment/wpCountComments.php" line="71" assertions="7" time="0.097894"/>
        <testcase name="test_wp_count_comments_post_trashed" class="Tests_WP_Count_Comments" classname="Tests_WP_Count_Comments" file="/var/www/html/test/wordpress_test/inpsyde_test/test/wp-content/plugins/plugintestslughere/tests/unit/tests/comment/wpCountComments.php" line="89" assertions="7" time="0.089365"/>
        <testcase name="test_wp_count_comments_cache" class="Tests_WP_Count_Comments" classname="Tests_WP_Count_Comments" file="/var/www/html/test/wordpress_test/inpsyde_test/test/wp-content/plugins/plugintestslughere/tests/unit/tests/comment/wpCountComments.php" line="107" assertions="56" time="0.132006"/>
      </testsuite>
      <testsuite name="Tests_Comment_WpListComments" file="/var/www/html/test/wordpress_test/inpsyde_test/test/wp-content/plugins/plugintestslughere/tests/unit/tests/comment/wpListComments.php" tests="6" assertions="7" errors="0" failures="0" skipped="0" time="1.364052">
        <testcase name="test_should_respect_page_param" class="Tests_Comment_WpListComments" classname="Tests_Comment_WpListComments" file="/var/www/html/test/wordpress_test/inpsyde_test/test/wp-content/plugins/plugintestslughere/tests/unit/tests/comment/wpListComments.php" line="10" assertions="1" time="0.197899"/>
        <testcase name="test_should_respect_per_page_param" class="Tests_Comment_WpListComments" classname="Tests_Comment_WpListComments" file="/var/www/html/test/wordpress_test/inpsyde_test/test/wp-content/plugins/plugintestslughere/tests/unit/tests/comment/wpListComments.php" line="48" assertions="1" time="0.197642"/>
        <testcase name="test_should_respect_reverse_top_level_param" class="Tests_Comment_WpListComments" classname="Tests_Comment_WpListComments" file="/var/www/html/test/wordpress_test/inpsyde_test/test/wp-content/plugins/plugintestslughere/tests/unit/tests/comment/wpListComments.php" line="86" assertions="2" time="0.241979"/>
        <testcase name="test_comments_param_should_be_respected_when_custom_pagination_params_are_passed" class="Tests_Comment_WpListComments" classname="Tests_Comment_WpListComments" file="/var/www/html/test/wordpress_test/inpsyde_test/test/wp-content/plugins/plugintestslughere/tests/unit/tests/comment/wpListComments.php" line="132" assertions="1" time="0.209488"/>
        <testcase name="test_custom_pagination_should_not_result_in_unapproved_comments_being_shown" class="Tests_Comment_WpListComments" classname="Tests_Comment_WpListComments" file="/var/www/html/test/wordpress_test/inpsyde_test/test/wp-content/plugins/plugintestslughere/tests/unit/tests/comment/wpListComments.php" line="172" assertions="1" time="0.231627"/>
        <testcase name="test_custom_pagination_should_allow_ones_own_unapproved_comments" class="Tests_Comment_WpListComments" classname="Tests_Comment_WpListComments" file="/var/www/html/test/wordpress_test/inpsyde_test/test/wp-content/plugins/plugintestslughere/tests/unit/tests/comment/wpListComments.php" line="216" assertions="1" time="0.285417"/>
      </testsuite>
      <testsuite name="Tests_Update_Comment_Count_Now" file="/var/www/html/test/wordpress_test/inpsyde_test/test/wp-content/plugins/plugintestslughere/tests/unit/tests/comment/wpUpdateCommentCountNow.php" tests="3" assertions="11" errors="0" failures="0" skipped="0" time="0.387106">
        <testcase name="test_invalid_post_bails_early" class="Tests_Update_Comment_Count_Now" classname="Tests_Update_Comment_Count_Now" file="/var/www/html/test/wordpress_test/inpsyde_test/test/wp-content/plugins/plugintestslughere/tests/unit/tests/comment/wpUpdateCommentCountNow.php" line="12" assertions="3" time="0.042980"/>
        <testcase name="test_regular_post_updates_comment_count" class="Tests_Update_Comment_Count_Now" classname="Tests_Update_Comment_Count_Now" file="/var/www/html/test/wordpress_test/inpsyde_test/test/wp-content/plugins/plugintestslughere/tests/unit/tests/comment/wpUpdateCommentCountNow.php" line="18" assertions="4" time="0.201819"/>
        <testcase name="test_using_filter_adjusts_comment_count_without_an_additional_database_query" class="Tests_Update_Comment_Count_Now" classname="Tests_Update_Comment_Count_Now" file="/var/www/html/test/wordpress_test/inpsyde_test/test/wp-content/plugins/plugintestslughere/tests/unit/tests/comment/wpUpdateCommentCountNow.php" line="33" assertions="4" time="0.142307"/>
      </testsuite>
      <testsuite name="Tests_Compat" file="/var/www/html/test/wordpress_test/inpsyde_test/test/wp-content/plugins/plugintestslughere/tests/unit/tests/compat.php" tests="69" assertions="98" errors="0" failures="0" skipped="0" time="1.919027">
        <testsuite name="Tests_Compat::test_mb_strlen" tests="8" assertions="8" errors="0" failures="0" skipped="0" time="0.222127">
          <testcase name="test_mb_strlen with data set #0" class="Tests_Compat" classname="Tests_Compat" file="/var/www/html/test/wordpress_test/inpsyde_test/test/wp-content/plugins/plugintestslughere/tests/unit/tests/compat.php" line="38" assertions="1" time="0.037962"/>
          <testcase name="test_mb_strlen with data set #1" class="Tests_Compat" classname="Tests_Compat" file="/var/www/html/test/wordpress_test/inpsyde_test/test/wp-content/plugins/plugintestslughere/tests/unit/tests/compat.php" line="38" assertions="1" time="0.033999"/>
          <testcase name="test_mb_strlen with data set #2" class="Tests_Compat" classname="Tests_Compat" file="/var/www/html/test/wordpress_test/inpsyde_test/test/wp-content/plugins/plugintestslughere/tests/unit/tests/compat.php" line="38" assertions="1" time="0.029642"/>
          <testcase name="test_mb_strlen with data set #3" class="Tests_Compat" classname="Tests_Compat" file="/var/www/html/test/wordpress_test/inpsyde_test/test/wp-content/plugins/plugintestslughere/tests/unit/tests/compat.php" line="38" assertions="1" time="0.026948"/>
          <testcase name="test_mb_strlen with data set #4" class="Tests_Compat" classname="Tests_Compat" file="/var/www/html/test/wordpress_test/inpsyde_test/test/wp-content/plugins/plugintestslughere/tests/unit/tests/compat.php" line="38" assertions="1" time="0.024784"/>
          <testcase name="test_mb_strlen with data set #5" class="Tests_Compat" classname="Tests_Compat" file="/var/www/html/test/wordpress_test/inpsyde_test/test/wp-content/plugins/plugintestslughere/tests/unit/tests/compat.php" line="38" assertions="1" time="0.023529"/>
          <testcase name="test_mb_strlen with data set #6" class="Tests_Compat" classname="Tests_Compat" file="/var/www/html/test/wordpress_test/inpsyde_test/test/wp-content/plugins/plugintestslughere/tests/unit/tests/compat.php" line="38" assertions="1" time="0.022518"/>
          <testcase name="test_mb_strlen with data set #7" class="Tests_Compat" classname="Tests_Compat" file="/var/www/html/test/wordpress_test/inpsyde_test/test/wp-content/plugins/plugintestslughere/tests/unit/tests/compat.php" line="38" assertions="1" time="0.022745"/>
        </testsuite>
        <testsuite name="Tests_Compat::test_mb_strlen_via_regex" tests="8" assertions="8" errors="0" failures="0" skipped="0" time="0.189266">
          <testcase name="test_mb_strlen_via_regex with data set #0" class="Tests_Compat" classname="Tests_Compat" file="/var/www/html/test/wordpress_test/inpsyde_test/test/wp-content/plugins/plugintestslughere/tests/unit/tests/compat.php" line="45" assertions="1" time="0.024110"/>
          <testcase name="test_mb_strlen_via_regex with data set #1" class="Tests_Compat" classname="Tests_Compat" file="/var/www/html/test/wordpress_test/inpsyde_test/test/wp-content/plugins/plugintestslughere/tests/unit/tests/compat.php" line="45" assertions="1" time="0.021420"/>
          <testcase name="test_mb_strlen_via_regex with data set #2" class="Tests_Compat" classname="Tests_Compat" file="/var/www/html/test/wordpress_test/inpsyde_test/test/wp-content/plugins/plugintestslughere/tests/unit/tests/compat.php" line="45" assertions="1" time="0.021414"/>
          <testcase name="test_mb_strlen_via_regex with data set #3" class="Tests_Compat" classname="Tests_Compat" file="/var/www/html/test/wordpress_test/inpsyde_test/test/wp-content/plugins/plugintestslughere/tests/unit/tests/compat.php" line="45" assertions="1" time="0.020989"/>
          <testcase name="test_mb_strlen_via_regex with data set #4" class="Tests_Compat" classname="Tests_Compat" file="/var/www/html/test/wordpress_test/inpsyde_test/test/wp-content/plugins/plugintestslughere/tests/unit/tests/compat.php" line="45" assertions="1" time="0.020519"/>
          <testcase name="test_mb_strlen_via_regex with data set #5" class="Tests_Compat" classname="Tests_Compat" file="/var/www/html/test/wordpress_test/inpsyde_test/test/wp-content/plugins/plugintestslughere/tests/unit/tests/compat.php" line="45" assertions="1" time="0.021205"/>
          <testcase name="test_mb_strlen_via_regex with data set #6" class="Tests_Compat" classname="Tests_Compat" file="/var/www/html/test/wordpress_test/inpsyde_test/test/wp-content/plugins/plugintestslughere/tests/unit/tests/compat.php" line="45" assertions="1" time="0.028324"/>
          <testcase name="test_mb_strlen_via_regex with data set #7" class="Tests_Compat" classname="Tests_Compat" file="/var/www/html/test/wordpress_test/inpsyde_test/test/wp-content/plugins/plugintestslughere/tests/unit/tests/compat.php" line="45" assertions="1" time="0.031285"/>
        </testsuite>
        <testsuite name="Tests_Compat::test_8bit_mb_strlen" tests="8" assertions="8" errors="0" failures="0" skipped="0" time="0.213764">
          <testcase name="test_8bit_mb_strlen with data set #0" class="Tests_Compat" classname="Tests_Compat" file="/var/www/html/test/wordpress_test/inpsyde_test/test/wp-content/plugins/plugintestslughere/tests/unit/tests/compat.php" line="54" assertions="1" time="0.027286"/>
          <testcase name="test_8bit_mb_strlen with data set #1" class="Tests_Compat" classname="Tests_Compat" file="/var/www/html/test/wordpress_test/inpsyde_test/test/wp-content/plugins/plugintestslughere/tests/unit/tests/compat.php" line="54" assertions="1" time="0.026487"/>
          <testcase name="test_8bit_mb_strlen with data set #2" class="Tests_Compat" classname="Tests_Compat" file="/var/www/html/test/wordpress_test/inpsyde_test/test/wp-content/plugins/plugintestslughere/tests/unit/tests/compat.php" line="54" assertions="1" time="0.025246"/>
          <testcase name="test_8bit_mb_strlen with data set #3" class="Tests_Compat" classname="Tests_Compat" file="/var/www/html/test/wordpress_test/inpsyde_test/test/wp-content/plugins/plugintestslughere/tests/unit/tests/compat.php" line="54" assertions="1" time="0.023865"/>
          <testcase name="test_8bit_mb_strlen with data set #4" class="Tests_Compat" classname="Tests_Compat" file="/var/www/html/test/wordpress_test/inpsyde_test/test/wp-content/plugins/plugintestslughere/tests/unit/tests/compat.php" line="54" assertions="1" time="0.023461"/>
          <testcase name="test_8bit_mb_strlen with data set #5" class="Tests_Compat" classname="Tests_Compat" file="/var/www/html/test/wordpress_test/inpsyde_test/test/wp-content/plugins/plugintestslughere/tests/unit/tests/compat.php" line="54" assertions="1" time="0.022633"/>
          <testcase name="test_8bit_mb_strlen with data set #6" class="Tests_Compat" classname="Tests_Compat" file="/var/www/html/test/wordpress_test/inpsyde_test/test/wp-content/plugins/plugintestslughere/tests/unit/tests/compat.php" line="54" assertions="1" time="0.022997"/>
          <testcase name="test_8bit_mb_strlen with data set #7" class="Tests_Compat" classname="Tests_Compat" file="/var/www/html/test/wordpress_test/inpsyde_test/test/wp-content/plugins/plugintestslughere/tests/unit/tests/compat.php" line="54" assertions="1" time="0.041789"/>
        </testsuite>
        <testsuite name="Tests_Compat::test_mb_substr" tests="7" assertions="7" errors="0" failures="0" skipped="0" time="0.181470">
          <testcase name="test_mb_substr with data set #0" class="Tests_Compat" classname="Tests_Compat" file="/var/www/html/test/wordpress_test/inpsyde_test/test/wp-content/plugins/plugintestslughere/tests/unit/tests/compat.php" line="61" assertions="1" time="0.031942"/>
          <testcase name="test_mb_substr with data set #1" class="Tests_Compat" classname="Tests_Compat" file="/var/www/html/test/wordpress_test/inpsyde_test/test/wp-content/plugins/plugintestslughere/tests/unit/tests/compat.php" line="61" assertions="1" time="0.028070"/>
          <testcase name="test_mb_substr with data set #2" class="Tests_Compat" classname="Tests_Compat" file="/var/www/html/test/wordpress_test/inpsyde_test/test/wp-content/plugins/plugintestslughere/tests/unit/tests/compat.php" line="61" assertions="1" time="0.026597"/>
          <testcase name="test_mb_substr with data set #3" class="Tests_Compat" classname="Tests_Compat" file="/var/www/html/test/wordpress_test/inpsyde_test/test/wp-content/plugins/plugintestslughere/tests/unit/tests/compat.php" line="61" assertions="1" time="0.024747"/>
          <testcase name="test_mb_substr with data set #4" class="Tests_Compat" classname="Tests_Compat" file="/var/www/html/test/wordpress_test/inpsyde_test/test/wp-content/plugins/plugintestslughere/tests/unit/tests/compat.php" line="61" assertions="1" time="0.024191"/>
          <testcase name="test_mb_substr with data set #5" class="Tests_Compat" classname="Tests_Compat" file="/var/www/html/test/wordpress_test/inpsyde_test/test/wp-content/plugins/plugintestslughere/tests/unit/tests/compat.php" line="61" assertions="1" time="0.022749"/>
          <testcase name="test_mb_substr with data set #6" class="Tests_Compat" classname="Tests_Compat" file="/var/www/html/test/wordpress_test/inpsyde_test/test/wp-content/plugins/plugintestslughere/tests/unit/tests/compat.php" line="61" assertions="1" time="0.023174"/>
        </testsuite>
        <testsuite name="Tests_Compat::test_mb_substr_via_regex" tests="7" assertions="7" errors="0" failures="0" skipped="0" time="0.177619">
          <testcase name="test_mb_substr_via_regex with data set #0" class="Tests_Compat" classname="Tests_Compat" file="/var/www/html/test/wordpress_test/inpsyde_test/test/wp-content/plugins/plugintestslughere/tests/unit/tests/compat.php" line="68" assertions="1" time="0.024363"/>
          <testcase name="test_mb_substr_via_regex with data set #1" class="Tests_Compat" classname="Tests_Compat" file="/var/www/html/test/wordpress_test/inpsyde_test/test/wp-content/plugins/plugintestslughere/tests/unit/tests/compat.php" line="68" assertions="1" time="0.023913"/>
          <testcase name="test_mb_substr_via_regex with data set #2" class="Tests_Compat" classname="Tests_Compat" file="/var/www/html/test/wordpress_test/inpsyde_test/test/wp-content/plugins/plugintestslughere/tests/unit/tests/compat.php" line="68" assertions="1" time="0.024489"/>
          <testcase name="test_mb_substr_via_regex with data set #3" class="Tests_Compat" classname="Tests_Compat" file="/var/www/html/test/wordpress_test/inpsyde_test/test/wp-content/plugins/plugintestslughere/tests/unit/tests/compat.php" line="68" assertions="1" time="0.025272"/>
          <testcase name="test_mb_substr_via_regex with data set #4" class="Tests_Compat" classname="Tests_Compat" file="/var/www/html/test/wordpress_test/inpsyde_test/test/wp-content/plugins/plugintestslughere/tests/unit/tests/compat.php" line="68" assertions="1" time="0.026493"/>
          <testcase name="test_mb_substr_via_regex with data set #5" class="Tests_Compat" classname="Tests_Compat" file="/var/www/html/test/wordpress_test/inpsyde_test/test/wp-content/plugins/plugintestslughere/tests/unit/tests/compat.php" line="68" assertions="1" time="0.026011"/>
          <testcase name="test_mb_substr_via_regex with data set #6" class="Tests_Compat" classname="Tests_Compat" file="/var/www/html/test/wordpress_test/inpsyde_test/test/wp-content/plugins/plugintestslughere/tests/unit/tests/compat.php" line="68" assertions="1" time="0.027077"/>
        </testsuite>
        <testsuite name="Tests_Compat::test_8bit_mb_substr" tests="7" assertions="7" errors="0" failures="0" skipped="0" time="0.166083">
          <testcase name="test_8bit_mb_substr with data set #0" class="Tests_Compat" classname="Tests_Compat" file="/var/www/html/test/wordpress_test/inpsyde_test/test/wp-content/plugins/plugintestslughere/tests/unit/tests/compat.php" line="77" assertions="1" time="0.024779"/>
          <testcase name="test_8bit_mb_substr with data set #1" class="Tests_Compat" classname="Tests_Compat" file="/var/www/html/test/wordpress_test/inpsyde_test/test/wp-content/plugins/plugintestslughere/tests/unit/tests/compat.php" line="77" assertions="1" time="0.026598"/>
          <testcase name="test_8bit_mb_substr with data set #2" class="Tests_Compat" classname="Tests_Compat" file="/var/www/html/test/wordpress_test/inpsyde_test/test/wp-content/plugins/plugintestslughere/tests/unit/tests/compat.php" line="77" assertions="1" time="0.026852"/>
          <testcase name="test_8bit_mb_substr with data set #3" class="Tests_Compat" classname="Tests_Compat" file="/var/www/html/test/wordpress_test/inpsyde_test/test/wp-content/plugins/plugintestslughere/tests/unit/tests/compat.php" line="77" assertions="1" time="0.021419"/>
          <testcase name="test_8bit_mb_substr with data set #4" class="Tests_Compat" classname="Tests_Compat" file="/var/www/html/test/wordpress_test/inpsyde_test/test/wp-content/plugins/plugintestslughere/tests/unit/tests/compat.php" line="77" assertions="1" time="0.022114"/>
          <testcase name="test_8bit_mb_substr with data set #5" class="Tests_Compat" classname="Tests_Compat" file="/var/www/html/test/wordpress_test/inpsyde_test/test/wp-content/plugins/plugintestslughere/tests/unit/tests/compat.php" line="77" assertions="1" time="0.022337"/>
          <testcase name="test_8bit_mb_substr with data set #6" class="Tests_Compat" classname="Tests_Compat" file="/var/www/html/test/wordpress_test/inpsyde_test/test/wp-content/plugins/plugintestslughere/tests/unit/tests/compat.php" line="77" assertions="1" time="0.021984"/>
        </testsuite>
        <testcase name="test_mb_substr_phpcore" class="Tests_Compat" classname="Tests_Compat" file="/var/www/html/test/wordpress_test/inpsyde_test/test/wp-content/plugins/plugintestslughere/tests/unit/tests/compat.php" line="81" assertions="27" time="0.024943"/>
        <testcase name="test_hash_hmac_simple" class="Tests_Compat" classname="Tests_Compat" file="/var/www/html/test/wordpress_test/inpsyde_test/test/wp-content/plugins/plugintestslughere/tests/unit/tests/compat.php" line="167" assertions="2" time="0.022053"/>
        <testcase name="test_hash_hmac_padding" class="Tests_Compat" classname="Tests_Compat" file="/var/www/html/test/wordpress_test/inpsyde_test/test/wp-content/plugins/plugintestslughere/tests/unit/tests/compat.php" line="172" assertions="2" time="0.022251"/>
        <testcase name="test_hash_hmac_output" class="Tests_Compat" classname="Tests_Compat" file="/var/www/html/test/wordpress_test/inpsyde_test/test/wp-content/plugins/plugintestslughere/tests/unit/tests/compat.php" line="177" assertions="2" time="0.021869"/>
        <testcase name="test_json_encode_decode" class="Tests_Compat" classname="Tests_Compat" file="/var/www/html/test/wordpress_test/inpsyde_test/test/wp-content/plugins/plugintestslughere/tests/unit/tests/compat.php" line="182" assertions="1" time="0.036770"/>
        <testcase name="test_is_countable_availability" class="Tests_Compat" classname="Tests_Compat" file="/var/www/html/test/wordpress_test/inpsyde_test/test/wp-content/plugins/plugintestslughere/tests/unit/tests/compat.php" line="197" assertions="1" time="0.020393"/>
        <testsuite name="Tests_Compat::test_is_countable_functionality" tests="9" assertions="9" errors="0" failures="0" skipped="0" time="0.192088">
          <testcase name="test_is_countable_functionality with data set #0" class="Tests_Compat" classname="Tests_Compat" file="/var/www/html/test/wordpress_test/inpsyde_test/test/wp-content/plugins/plugintestslughere/tests/unit/tests/compat.php" line="211" assertions="1" time="0.020396"/>
          <testcase name="test_is_countable_functionality with data set #1" class="Tests_Compat" classname="Tests_Compat" file="/var/www/html/test/wordpress_test/inpsyde_test/test/wp-content/plugins/plugintestslughere/tests/unit/tests/compat.php" line="211" assertions="1" time="0.020657"/>
          <testcase name="test_is_countable_functionality with data set #2" class="Tests_Compat" classname="Tests_Compat" file="/var/www/html/test/wordpress_test/inpsyde_test/test/wp-content/plugins/plugintestslughere/tests/unit/tests/compat.php" line="211" assertions="1" time="0.021400"/>
          <testcase name="test_is_countable_functionality with data set #3" class="Tests_Compat" classname="Tests_Compat" file="/var/www/html/test/wordpress_test/inpsyde_test/test/wp-content/plugins/plugintestslughere/tests/unit/tests/compat.php" line="211" assertions="1" time="0.021224"/>
          <testcase name="test_is_countable_functionality with data set #4" class="Tests_Compat" classname="Tests_Compat" file="/var/www/html/test/wordpress_test/inpsyde_test/test/wp-content/plugins/plugintestslughere/tests/unit/tests/compat.php" line="211" assertions="1" time="0.022046"/>
          <testcase name="test_is_countable_functionality with data set #5" class="Tests_Compat" classname="Tests_Compat" file="/var/www/html/test/wordpress_test/inpsyde_test/test/wp-content/plugins/plugintestslughere/tests/unit/tests/compat.php" line="211" assertions="1" time="0.021634"/>
          <testcase name="test_is_countable_functionality with data set #6" class="Tests_Compat" classname="Tests_Compat" file="/var/www/html/test/wordpress_test/inpsyde_test/test/wp-content/plugins/plugintestslughere/tests/unit/tests/compat.php" line="211" assertions="1" time="0.020905"/>
          <testcase name="test_is_countable_functionality with data set #7" class="Tests_Compat" classname="Tests_Compat" file="/var/www/html/test/wordpress_test/inpsyde_test/test/wp-content/plugins/plugintestslughere/tests/unit/tests/compat.php" line="211" assertions="1" time="0.021368"/>
          <testcase name="test_is_countable_functionality with data set #8" class="Tests_Compat" classname="Tests_Compat" file="/var/www/html/test/wordpress_test/inpsyde_test/test/wp-content/plugins/plugintestslughere/tests/unit/tests/compat.php" line="211" assertions="1" time="0.022458"/>
        </testsuite>
        <testcase name="test_is_countable_ResourceBundle" class="Tests_Compat" classname="Tests_Compat" file="/var/www/html/test/wordpress_test/inpsyde_test/test/wp-content/plugins/plugintestslughere/tests/unit/tests/compat.php" line="246" assertions="1" time="0.193499"/>
        <testcase name="test_is_countable_SimpleXMLElement" class="Tests_Compat" classname="Tests_Compat" file="/var/www/html/test/wordpress_test/inpsyde_test/test/wp-content/plugins/plugintestslughere/tests/unit/tests/compat.php" line="259" assertions="1" time="0.046807"/>
        <testcase name="test_is_iterable_availability" class="Tests_Compat" classname="Tests_Compat" file="/var/www/html/test/wordpress_test/inpsyde_test/test/wp-content/plugins/plugintestslughere/tests/unit/tests/compat.php" line="272" assertions="1" time="0.036539"/>
        <testsuite name="Tests_Compat::test_is_iterable_functionality" tests="6" assertions="6" errors="0" failures="0" skipped="0" time="0.151487">
          <testcase name="test_is_iterable_functionality with data set #0" class="Tests_Compat" classname="Tests_Compat" file="/var/www/html/test/wordpress_test/inpsyde_test/test/wp-content/plugins/plugintestslughere/tests/unit/tests/compat.php" line="286" assertions="1" time="0.030800"/>
          <testcase name="test_is_iterable_functionality with data set #1" class="Tests_Compat" classname="Tests_Compat" file="/var/www/html/test/wordpress_test/inpsyde_test/test/wp-content/plugins/plugintestslughere/tests/unit/tests/compat.php" line="286" assertions="1" time="0.028077"/>
          <testcase name="test_is_iterable_functionality with data set #2" class="Tests_Compat" classname="Tests_Compat" file="/var/www/html/test/wordpress_test/inpsyde_test/test/wp-content/plugins/plugintestslughere/tests/unit/tests/compat.php" line="286" assertions="1" time="0.024819"/>
          <testcase name="test_is_iterable_functionality with data set #3" class="Tests_Compat" classname="Tests_Compat" file="/var/www/html/test/wordpress_test/inpsyde_test/test/wp-content/plugins/plugintestslughere/tests/unit/tests/compat.php" line="286" assertions="1" time="0.023049"/>
          <testcase name="test_is_iterable_functionality with data set #4" class="Tests_Compat" classname="Tests_Compat" file="/var/www/html/test/wordpress_test/inpsyde_test/test/wp-content/plugins/plugintestslughere/tests/unit/tests/compat.php" line="286" assertions="1" time="0.023778"/>
          <testcase name="test_is_iterable_functionality with data set #5" class="Tests_Compat" classname="Tests_Compat" file="/var/www/html/test/wordpress_test/inpsyde_test/test/wp-content/plugins/plugintestslughere/tests/unit/tests/compat.php" line="286" assertions="1" time="0.020964"/>
        </testsuite>
      </testsuite>
      <testsuite name="Tests_Cron" file="/var/www/html/test/wordpress_test/inpsyde_test/test/wp-content/plugins/plugintestslughere/tests/unit/tests/cron.php" tests="27" assertions="92" errors="0" failures="0" skipped="0" time="2.723166">
        <testcase name="test_wp_get_schedule_empty" class="Tests_Cron" classname="Tests_Cron" file="/var/www/html/test/wordpress_test/inpsyde_test/test/wp-content/plugins/plugintestslughere/tests/unit/tests/cron.php" line="33" assertions="1" time="0.096479"/>
        <testcase name="test_schedule_event_single" class="Tests_Cron" classname="Tests_Cron" file="/var/www/html/test/wordpress_test/inpsyde_test/test/wp-content/plugins/plugintestslughere/tests/unit/tests/cron.php" line="39" assertions="3" time="0.086968"/>
        <testcase name="test_schedule_event_single_args" class="Tests_Cron" classname="Tests_Cron" file="/var/www/html/test/wordpress_test/inpsyde_test/test/wp-content/plugins/plugintestslughere/tests/unit/tests/cron.php" line="53" assertions="5" time="0.086805"/>
        <testcase name="test_schedule_event" class="Tests_Cron" classname="Tests_Cron" file="/var/www/html/test/wordpress_test/inpsyde_test/test/wp-content/plugins/plugintestslughere/tests/unit/tests/cron.php" line="71" assertions="3" time="0.065908"/>
        <testcase name="test_schedule_event_args" class="Tests_Cron" classname="Tests_Cron" file="/var/www/html/test/wordpress_test/inpsyde_test/test/wp-content/plugins/plugintestslughere/tests/unit/tests/cron.php" line="85" assertions="5" time="0.099292"/>
        <testcase name="test_unschedule_event" class="Tests_Cron" classname="Tests_Cron" file="/var/www/html/test/wordpress_test/inpsyde_test/test/wp-content/plugins/plugintestslughere/tests/unit/tests/cron.php" line="104" assertions="3" time="0.220380"/>
        <testcase name="test_clear_schedule" class="Tests_Cron" classname="Tests_Cron" file="/var/www/html/test/wordpress_test/inpsyde_test/test/wp-content/plugins/plugintestslughere/tests/unit/tests/cron.php" line="118" assertions="6" time="0.109271"/>
        <testcase name="test_clear_undefined_schedule" class="Tests_Cron" classname="Tests_Cron" file="/var/www/html/test/wordpress_test/inpsyde_test/test/wp-content/plugins/plugintestslughere/tests/unit/tests/cron.php" line="145" assertions="1" time="0.098062"/>
        <testcase name="test_clear_schedule_multiple_args" class="Tests_Cron" classname="Tests_Cron" file="/var/www/html/test/wordpress_test/inpsyde_test/test/wp-content/plugins/plugintestslughere/tests/unit/tests/cron.php" line="157" assertions="5" time="0.098437"/>
        <testcase name="test_clear_schedule_new_args" class="Tests_Cron" classname="Tests_Cron" file="/var/www/html/test/wordpress_test/inpsyde_test/test/wp-content/plugins/plugintestslughere/tests/unit/tests/cron.php" line="186" assertions="6" time="0.120508"/>
        <testcase name="test_unschedule_hook" class="Tests_Cron" classname="Tests_Cron" file="/var/www/html/test/wordpress_test/inpsyde_test/test/wp-content/plugins/plugintestslughere/tests/unit/tests/cron.php" line="224" assertions="4" time="0.098312"/>
        <testcase name="test_unschedule_undefined_hook" class="Tests_Cron" classname="Tests_Cron" file="/var/www/html/test/wordpress_test/inpsyde_test/test/wp-content/plugins/plugintestslughere/tests/unit/tests/cron.php" line="244" assertions="4" time="0.097999"/>
        <testcase name="test_duplicate_event" class="Tests_Cron" classname="Tests_Cron" file="/var/www/html/test/wordpress_test/inpsyde_test/test/wp-content/plugins/plugintestslughere/tests/unit/tests/cron.php" line="265" assertions="3" time="0.087898"/>
        <testcase name="test_not_duplicate_event" class="Tests_Cron" classname="Tests_Cron" file="/var/www/html/test/wordpress_test/inpsyde_test/test/wp-content/plugins/plugintestslughere/tests/unit/tests/cron.php" line="284" assertions="4" time="0.109615"/>
        <testcase name="test_not_duplicate_event_reversed" class="Tests_Cron" classname="Tests_Cron" file="/var/www/html/test/wordpress_test/inpsyde_test/test/wp-content/plugins/plugintestslughere/tests/unit/tests/cron.php" line="303" assertions="4" time="0.098506"/>
        <testcase name="test_pre_schedule_event_filter" class="Tests_Cron" classname="Tests_Cron" file="/var/www/html/test/wordpress_test/inpsyde_test/test/wp-content/plugins/plugintestslughere/tests/unit/tests/cron.php" line="328" assertions="4" time="0.087302"/>
        <testcase name="test_pre_reschedule_event_filter" class="Tests_Cron" classname="Tests_Cron" file="/var/www/html/test/wordpress_test/inpsyde_test/test/wp-content/plugins/plugintestslughere/tests/unit/tests/cron.php" line="380" assertions="2" time="0.087499"/>
        <testcase name="test_pre_unschedule_event_filter" class="Tests_Cron" classname="Tests_Cron" file="/var/www/html/test/wordpress_test/inpsyde_test/test/wp-content/plugins/plugintestslughere/tests/unit/tests/cron.php" line="404" assertions="2" time="0.087486"/>
        <testcase name="test_pre_clear_scheduled_hook_filters" class="Tests_Cron" classname="Tests_Cron" file="/var/www/html/test/wordpress_test/inpsyde_test/test/wp-content/plugins/plugintestslughere/tests/unit/tests/cron.php" line="428" assertions="3" time="0.076517"/>
        <testcase name="test_pre_scheduled_event_hooks" class="Tests_Cron" classname="Tests_Cron" file="/var/www/html/test/wordpress_test/inpsyde_test/test/wp-content/plugins/plugintestslughere/tests/unit/tests/cron.php" line="459" assertions="2" time="0.087269"/>
        <testcase name="test_get_scheduled_event_singles" class="Tests_Cron" classname="Tests_Cron" file="/var/www/html/test/wordpress_test/inpsyde_test/test/wp-content/plugins/plugintestslughere/tests/unit/tests/cron.php" line="493" assertions="3" time="0.129433"/>
        <testcase name="test_get_scheduled_event_recurring" class="Tests_Cron" classname="Tests_Cron" file="/var/www/html/test/wordpress_test/inpsyde_test/test/wp-content/plugins/plugintestslughere/tests/unit/tests/cron.php" line="536" assertions="3" time="0.089569"/>
        <testcase name="test_get_scheduled_event_false" class="Tests_Cron" classname="Tests_Cron" file="/var/www/html/test/wordpress_test/inpsyde_test/test/wp-content/plugins/plugintestslughere/tests/unit/tests/cron.php" line="580" assertions="4" time="0.087868"/>
        <testcase name="test_duplicate_past_event" class="Tests_Cron" classname="Tests_Cron" file="/var/www/html/test/wordpress_test/inpsyde_test/test/wp-content/plugins/plugintestslughere/tests/unit/tests/cron.php" line="605" assertions="3" time="0.120250"/>
        <testcase name="test_duplicate_near_future_event" class="Tests_Cron" classname="Tests_Cron" file="/var/www/html/test/wordpress_test/inpsyde_test/test/wp-content/plugins/plugintestslughere/tests/unit/tests/cron.php" line="627" assertions="3" time="0.098563"/>
        <testcase name="test_duplicate_future_event" class="Tests_Cron" classname="Tests_Cron" file="/var/www/html/test/wordpress_test/inpsyde_test/test/wp-content/plugins/plugintestslughere/tests/unit/tests/cron.php" line="649" assertions="3" time="0.098670"/>
        <testcase name="test_not_duplicate_future_event" class="Tests_Cron" classname="Tests_Cron" file="/var/www/html/test/wordpress_test/inpsyde_test/test/wp-content/plugins/plugintestslughere/tests/unit/tests/cron.php" line="669" assertions="3" time="0.098300"/>
      </testsuite>
      <testsuite name="Test_WP_Customize_Control" file="/var/www/html/test/wordpress_test/inpsyde_test/test/wp-content/plugins/plugintestslughere/tests/unit/tests/customize/control.php" tests="2" assertions="14" errors="0" failures="0" skipped="0" time="0.387565">
        <testcase name="test_check_capabilities" class="Test_WP_Customize_Control" classname="Test_WP_Customize_Control" file="/var/www/html/test/wordpress_test/inpsyde_test/test/wp-content/plugins/plugintestslughere/tests/unit/tests/customize/control.php" line="40" assertions="6" time="0.222127"/>
        <testcase name="test_dropdown_pages" class="Test_WP_Customize_Control" classname="Test_WP_Customize_Control" file="/var/www/html/test/wordpress_test/inpsyde_test/test/wp-content/plugins/plugintestslughere/tests/unit/tests/customize/control.php" line="108" assertions="8" time="0.165438"/>
      </testsuite>
      <testsuite name="Test_WP_Customize_Custom_CSS_Setting" file="/var/www/html/test/wordpress_test/inpsyde_test/test/wp-content/plugins/plugintestslughere/tests/unit/tests/customize/custom-css-setting.php" tests="8" assertions="66" errors="0" failures="0" skipped="0" time="1.728497">
        <testcase name="test_construct" class="Test_WP_Customize_Custom_CSS_Setting" classname="Test_WP_Customize_Custom_CSS_Setting" file="/var/www/html/test/wordpress_test/inpsyde_test/test/wp-content/plugins/plugintestslughere/tests/unit/tests/customize/custom-css-setting.php" line="80" assertions="6" time="0.190584"/>
        <testcase name="test_crud" class="Test_WP_Customize_Custom_CSS_Setting" classname="Test_WP_Customize_Custom_CSS_Setting" file="/var/www/html/test/wordpress_test/inpsyde_test/test/wp-content/plugins/plugintestslughere/tests/unit/tests/customize/custom-css-setting.php" line="113" assertions="33" time="0.406365"/>
        <testcase name="test_custom_css_revision_saved" class="Test_WP_Customize_Custom_CSS_Setting" classname="Test_WP_Customize_Custom_CSS_Setting" file="/var/www/html/test/wordpress_test/inpsyde_test/test/wp-content/plugins/plugintestslughere/tests/unit/tests/customize/custom-css-setting.php" line="214" assertions="6" time="0.198556"/>
        <testcase name="test_get_custom_css_post_queries_after_failed_lookup" class="Test_WP_Customize_Custom_CSS_Setting" classname="Test_WP_Customize_Custom_CSS_Setting" file="/var/www/html/test/wordpress_test/inpsyde_test/test/wp-content/plugins/plugintestslughere/tests/unit/tests/customize/custom-css-setting.php" line="248" assertions="1" time="0.186234"/>
        <testcase name="test_update_custom_css_updates_theme_mod" class="Test_WP_Customize_Custom_CSS_Setting" classname="Test_WP_Customize_Custom_CSS_Setting" file="/var/www/html/test/wordpress_test/inpsyde_test/test/wp-content/plugins/plugintestslughere/tests/unit/tests/customize/custom-css-setting.php" line="260" assertions="1" time="0.207932"/>
        <testcase name="test_value_filter" class="Test_WP_Customize_Custom_CSS_Setting" classname="Test_WP_Customize_Custom_CSS_Setting" file="/var/www/html/test/wordpress_test/inpsyde_test/test/wp-content/plugins/plugintestslughere/tests/unit/tests/customize/custom-css-setting.php" line="271" assertions="5" time="0.165640"/>
        <testcase name="test_update_filter" class="Test_WP_Customize_Custom_CSS_Setting" classname="Test_WP_Customize_Custom_CSS_Setting" file="/var/www/html/test/wordpress_test/inpsyde_test/test/wp-content/plugins/plugintestslughere/tests/unit/tests/customize/custom-css-setting.php" line="311" assertions="11" time="0.229695"/>
        <testcase name="test_validate" class="Test_WP_Customize_Custom_CSS_Setting" classname="Test_WP_Customize_Custom_CSS_Setting" file="/var/www/html/test/wordpress_test/inpsyde_test/test/wp-content/plugins/plugintestslughere/tests/unit/tests/customize/custom-css-setting.php" line="369" assertions="3" time="0.143491"/>
      </testsuite>
      <testsuite name="Tests_WP_Customize_Manager" file="/var/www/html/test/wordpress_test/inpsyde_test/test/wp-content/plugins/plugintestslughere/tests/unit/tests/customize/manager.php" tests="70" assertions="651" errors="0" failures="0" skipped="0" time="9.031636">
        <testcase name="test_constructor" class="Tests_WP_Customize_Manager" classname="Tests_WP_Customize_Manager" file="/var/www/html/test/wordpress_test/inpsyde_test/test/wp-content/plugins/plugintestslughere/tests/unit/tests/customize/manager.php" line="111" assertions="10" time="0.116515"/>
        <testcase name="test_constructor_deferred_changeset_uuid" class="Tests_WP_Customize_Manager" classname="Tests_WP_Customize_Manager" file="/var/www/html/test/wordpress_test/inpsyde_test/test/wp-content/plugins/plugintestslughere/tests/unit/tests/customize/manager.php" line="157" assertions="5" time="0.301660"/>
        <testcase name="test_setup_theme_in_customize_admin" class="Tests_WP_Customize_Manager" classname="Tests_WP_Customize_Manager" file="/var/www/html/test/wordpress_test/inpsyde_test/test/wp-content/plugins/plugintestslughere/tests/unit/tests/customize/manager.php" line="230" assertions="6" time="0.131368"/>
        <testcase name="test_fresh_site_flag_clearing" class="Tests_WP_Customize_Manager" classname="Tests_WP_Customize_Manager" file="/var/www/html/test/wordpress_test/inpsyde_test/test/wp-content/plugins/plugintestslughere/tests/unit/tests/customize/manager.php" line="276" assertions="2" time="0.120420"/>
        <testcase name="test_setup_theme_in_frontend" class="Tests_WP_Customize_Manager" classname="Tests_WP_Customize_Manager" file="/var/www/html/test/wordpress_test/inpsyde_test/test/wp-content/plugins/plugintestslughere/tests/unit/tests/customize/manager.php" line="299" assertions="4" time="0.044872"/>
        <testcase name="test_settings_previewed" class="Tests_WP_Customize_Manager" classname="Tests_WP_Customize_Manager" file="/var/www/html/test/wordpress_test/inpsyde_test/test/wp-content/plugins/plugintestslughere/tests/unit/tests/customize/manager.php" line="334" assertions="2" time="0.036301"/>
        <testcase name="test_autosaved" class="Tests_WP_Customize_Manager" classname="Tests_WP_Customize_Manager" file="/var/www/html/test/wordpress_test/inpsyde_test/test/wp-content/plugins/plugintestslughere/tests/unit/tests/customize/manager.php" line="348" assertions="3" time="0.036596"/>
        <testcase name="test_branching" class="Tests_WP_Customize_Manager" classname="Tests_WP_Customize_Manager" file="/var/www/html/test/wordpress_test/inpsyde_test/test/wp-content/plugins/plugintestslughere/tests/unit/tests/customize/manager.php" line="365" assertions="5" time="0.065129"/>
        <testcase name="test_changeset_uuid" class="Tests_WP_Customize_Manager" classname="Tests_WP_Customize_Manager" file="/var/www/html/test/wordpress_test/inpsyde_test/test/wp-content/plugins/plugintestslughere/tests/unit/tests/customize/manager.php" line="387" assertions="1" time="0.031408"/>
        <testcase name="test_wp_loaded" class="Tests_WP_Customize_Manager" classname="Tests_WP_Customize_Manager" file="/var/www/html/test/wordpress_test/inpsyde_test/test/wp-content/plugins/plugintestslughere/tests/unit/tests/customize/manager.php" line="401" assertions="4" time="0.066524"/>
        <testcase name="test_find_changeset_post_id" class="Tests_WP_Customize_Manager" classname="Tests_WP_Customize_Manager" file="/var/www/html/test/wordpress_test/inpsyde_test/test/wp-content/plugins/plugintestslughere/tests/unit/tests/customize/manager.php" line="419" assertions="3" time="0.103960"/>
        <testcase name="test_changeset_post_id" class="Tests_WP_Customize_Manager" classname="Tests_WP_Customize_Manager" file="/var/www/html/test/wordpress_test/inpsyde_test/test/wp-content/plugins/plugintestslughere/tests/unit/tests/customize/manager.php" line="444" assertions="2" time="0.110075"/>
        <testcase name="test_changeset_data" class="Tests_WP_Customize_Manager" classname="Tests_WP_Customize_Manager" file="/var/www/html/test/wordpress_test/inpsyde_test/test/wp-content/plugins/plugintestslughere/tests/unit/tests/customize/manager.php" line="468" assertions="9" time="0.165210"/>
        <testcase name="test_import_theme_starter_content" class="Tests_WP_Customize_Manager" classname="Tests_WP_Customize_Manager" file="/var/www/html/test/wordpress_test/inpsyde_test/test/wp-content/plugins/plugintestslughere/tests/unit/tests/customize/manager.php" line="545" assertions="118" time="1.068599"/>
        <testcase name="test_import_theme_starter_content_with_nested_arrays" class="Tests_WP_Customize_Manager" classname="Tests_WP_Customize_Manager" file="/var/www/html/test/wordpress_test/inpsyde_test/test/wp-content/plugins/plugintestslughere/tests/unit/tests/customize/manager.php" line="813" assertions="6" time="0.120699"/>
        <testcase name="test_customize_preview_init" class="Tests_WP_Customize_Manager" classname="Tests_WP_Customize_Manager" file="/var/www/html/test/wordpress_test/inpsyde_test/test/wp-content/plugins/plugintestslughere/tests/unit/tests/customize/manager.php" line="887" assertions="12" time="0.076921"/>
        <testcase name="test_filter_iframe_security_headers" class="Tests_WP_Customize_Manager" classname="Tests_WP_Customize_Manager" file="/var/www/html/test/wordpress_test/inpsyde_test/test/wp-content/plugins/plugintestslughere/tests/unit/tests/customize/manager.php" line="932" assertions="4" time="0.037362"/>
        <testcase name="test_add_state_query_params" class="Tests_WP_Customize_Manager" classname="Tests_WP_Customize_Manager" file="/var/www/html/test/wordpress_test/inpsyde_test/test/wp-content/plugins/plugintestslughere/tests/unit/tests/customize/manager.php" line="947" assertions="13" time="0.068774"/>
        <testcase name="test_save_changeset_post_without_theme_activation" class="Tests_WP_Customize_Manager" classname="Tests_WP_Customize_Manager" file="/var/www/html/test/wordpress_test/inpsyde_test/test/wp-content/plugins/plugintestslughere/tests/unit/tests/customize/manager.php" line="1006" assertions="116" time="0.498273"/>
        <testcase name="test_save_changeset_post_without_kses_corrupting_json" class="Tests_WP_Customize_Manager" classname="Tests_WP_Customize_Manager" file="/var/www/html/test/wordpress_test/inpsyde_test/test/wp-content/plugins/plugintestslughere/tests/unit/tests/customize/manager.php" line="1248" assertions="12" time="0.351547"/>
        <testcase name="test_save_changeset_post_with_theme_activation" class="Tests_WP_Customize_Manager" classname="Tests_WP_Customize_Manager" file="/var/www/html/test/wordpress_test/inpsyde_test/test/wp-content/plugins/plugintestslughere/tests/unit/tests/customize/manager.php" line="1452" assertions="3" time="0.352145"/>
        <testcase name="test_save_changeset_post_with_varying_users" class="Tests_WP_Customize_Manager" classname="Tests_WP_Customize_Manager" file="/var/www/html/test/wordpress_test/inpsyde_test/test/wp-content/plugins/plugintestslughere/tests/unit/tests/customize/manager.php" line="1490" assertions="28" time="0.450673"/>
        <testcase name="test_save_changeset_post_dumping_auto_draft_date" class="Tests_WP_Customize_Manager" classname="Tests_WP_Customize_Manager" file="/var/www/html/test/wordpress_test/inpsyde_test/test/wp-content/plugins/plugintestslughere/tests/unit/tests/customize/manager.php" line="1665" assertions="1" time="0.164276"/>
        <testcase name="test_save_changeset_post_with_unchanged_values" class="Tests_WP_Customize_Manager" classname="Tests_WP_Customize_Manager" file="/var/www/html/test/wordpress_test/inpsyde_test/test/wp-content/plugins/plugintestslughere/tests/unit/tests/customize/manager.php" line="1705" assertions="10" time="0.595003"/>
        <testcase name="test_save_changeset_post_with_autosave" class="Tests_WP_Customize_Manager" classname="Tests_WP_Customize_Manager" file="/var/www/html/test/wordpress_test/inpsyde_test/test/wp-content/plugins/plugintestslughere/tests/unit/tests/customize/manager.php" line="1796" assertions="12" time="0.263417"/>
        <testcase name="test_remove_setting_from_changeset_post" class="Tests_WP_Customize_Manager" classname="Tests_WP_Customize_Manager" file="/var/www/html/test/wordpress_test/inpsyde_test/test/wp-content/plugins/plugintestslughere/tests/unit/tests/customize/manager.php" line="1905" assertions="2" time="0.176079"/>
        <testcase name="test_save_changeset_post_with_varying_unfiltered_html_cap" class="Tests_WP_Customize_Manager" classname="Tests_WP_Customize_Manager" file="/var/www/html/test/wordpress_test/inpsyde_test/test/wp-content/plugins/plugintestslughere/tests/unit/tests/customize/manager.php" line="1941" assertions="6" time="0.418313"/>
        <testcase name="test_wp_customize_publish_changeset" class="Tests_WP_Customize_Manager" classname="Tests_WP_Customize_Manager" file="/var/www/html/test/wordpress_test/inpsyde_test/test/wp-content/plugins/plugintestslughere/tests/unit/tests/customize/manager.php" line="2013" assertions="5" time="0.186648"/>
        <testcase name="test_publish_changeset_with_future_status_when_future_date" class="Tests_WP_Customize_Manager" classname="Tests_WP_Customize_Manager" file="/var/www/html/test/wordpress_test/inpsyde_test/test/wp-content/plugins/plugintestslughere/tests/unit/tests/customize/manager.php" line="2059" assertions="1" time="0.164290"/>
        <testcase name="test_save_changeset_post_for_bad_changeset" class="Tests_WP_Customize_Manager" classname="Tests_WP_Customize_Manager" file="/var/www/html/test/wordpress_test/inpsyde_test/test/wp-content/plugins/plugintestslughere/tests/unit/tests/customize/manager.php" line="2080" assertions="4" time="0.208490"/>
        <testcase name="test_trash_changeset_post_preserves_properties" class="Tests_WP_Customize_Manager" classname="Tests_WP_Customize_Manager" file="/var/www/html/test/wordpress_test/inpsyde_test/test/wp-content/plugins/plugintestslughere/tests/unit/tests/customize/manager.php" line="2120" assertions="3" time="0.233588"/>
        <testcase name="test_is_cross_domain" class="Tests_WP_Customize_Manager" classname="Tests_WP_Customize_Manager" file="/var/www/html/test/wordpress_test/inpsyde_test/test/wp-content/plugins/plugintestslughere/tests/unit/tests/customize/manager.php" line="2197" assertions="2" time="0.140043"/>
        <testcase name="test_get_allowed_urls" class="Tests_WP_Customize_Manager" classname="Tests_WP_Customize_Manager" file="/var/www/html/test/wordpress_test/inpsyde_test/test/wp-content/plugins/plugintestslughere/tests/unit/tests/customize/manager.php" line="2215" assertions="4" time="0.053069"/>
        <testcase name="test_not_doing_ajax" class="Tests_WP_Customize_Manager" classname="Tests_WP_Customize_Manager" file="/var/www/html/test/wordpress_test/inpsyde_test/test/wp-content/plugins/plugintestslughere/tests/unit/tests/customize/manager.php" line="2257" assertions="1" time="0.040497"/>
        <testcase name="test_unsanitized_post_values_from_input" class="Tests_WP_Customize_Manager" classname="Tests_WP_Customize_Manager" file="/var/www/html/test/wordpress_test/inpsyde_test/test/wp-content/plugins/plugintestslughere/tests/unit/tests/customize/manager.php" line="2269" assertions="5" time="0.039148"/>
        <testcase name="test_unsanitized_post_values_with_changeset_and_stashed_theme_mods" class="Tests_WP_Customize_Manager" classname="Tests_WP_Customize_Manager" file="/var/www/html/test/wordpress_test/inpsyde_test/test/wp-content/plugins/plugintestslughere/tests/unit/tests/customize/manager.php" line="2298" assertions="14" time="0.119085"/>
        <testcase name="test_post_value" class="Tests_WP_Customize_Manager" classname="Tests_WP_Customize_Manager" file="/var/www/html/test/wordpress_test/inpsyde_test/test/wp-content/plugins/plugintestslughere/tests/unit/tests/customize/manager.php" line="2422" assertions="3" time="0.056636"/>
        <testcase name="test_invalid_post_value" class="Tests_WP_Customize_Manager" classname="Tests_WP_Customize_Manager" file="/var/www/html/test/wordpress_test/inpsyde_test/test/wp-content/plugins/plugintestslughere/tests/unit/tests/customize/manager.php" line="2446" assertions="10" time="0.044413"/>
        <testcase name="test_post_value_validation_sanitization_order" class="Tests_WP_Customize_Manager" classname="Tests_WP_Customize_Manager" file="/var/www/html/test/wordpress_test/inpsyde_test/test/wp-content/plugins/plugintestslughere/tests/unit/tests/customize/manager.php" line="2515" assertions="4" time="0.039874"/>
        <testcase name="test_validate_setting_values" class="Tests_WP_Customize_Manager" classname="Tests_WP_Customize_Manager" file="/var/www/html/test/wordpress_test/inpsyde_test/test/wp-content/plugins/plugintestslughere/tests/unit/tests/customize/manager.php" line="2563" assertions="16" time="0.032268"/>
        <testcase name="test_late_validate_setting_values" class="Tests_WP_Customize_Manager" classname="Tests_WP_Customize_Manager" file="/var/www/html/test/wordpress_test/inpsyde_test/test/wp-content/plugins/plugintestslughere/tests/unit/tests/customize/manager.php" line="2612" assertions="8" time="0.026056"/>
        <testcase name="test_validate_setting_values_args" class="Tests_WP_Customize_Manager" classname="Tests_WP_Customize_Manager" file="/var/www/html/test/wordpress_test/inpsyde_test/test/wp-content/plugins/plugintestslughere/tests/unit/tests/customize/manager.php" line="2638" assertions="11" time="0.034218"/>
        <testcase name="test_validate_setting_values_validation_sanitization_order" class="Tests_WP_Customize_Manager" classname="Tests_WP_Customize_Manager" file="/var/www/html/test/wordpress_test/inpsyde_test/test/wp-content/plugins/plugintestslughere/tests/unit/tests/customize/manager.php" line="2689" assertions="2" time="0.029487"/>
        <testcase name="test_prepare_setting_validity_for_js" class="Tests_WP_Customize_Manager" classname="Tests_WP_Customize_Manager" file="/var/www/html/test/wordpress_test/inpsyde_test/test/wp-content/plugins/plugintestslughere/tests/unit/tests/customize/manager.php" line="2710" assertions="14" time="0.029155"/>
        <testcase name="test_set_post_value" class="Tests_WP_Customize_Manager" classname="Tests_WP_Customize_Manager" file="/var/www/html/test/wordpress_test/inpsyde_test/test/wp-content/plugins/plugintestslughere/tests/unit/tests/customize/manager.php" line="2734" assertions="9" time="0.030734"/>
        <testcase name="test_add_dynamic_settings" class="Tests_WP_Customize_Manager" classname="Tests_WP_Customize_Manager" file="/var/www/html/test/wordpress_test/inpsyde_test/test/wp-content/plugins/plugintestslughere/tests/unit/tests/customize/manager.php" line="2798" assertions="9" time="0.025405"/>
        <testcase name="test_has_published_pages" class="Tests_WP_Customize_Manager" classname="Tests_WP_Customize_Manager" file="/var/www/html/test/wordpress_test/inpsyde_test/test/wp-content/plugins/plugintestslughere/tests/unit/tests/customize/manager.php" line="2819" assertions="3" time="0.108763"/>
        <testcase name="test_has_published_pages_when_nav_menus_created_posts" class="Tests_WP_Customize_Manager" classname="Tests_WP_Customize_Manager" file="/var/www/html/test/wordpress_test/inpsyde_test/test/wp-content/plugins/plugintestslughere/tests/unit/tests/customize/manager.php" line="2848" assertions="3" time="0.145603"/>
        <testcase name="test_register_dynamic_settings" class="Tests_WP_Customize_Manager" classname="Tests_WP_Customize_Manager" file="/var/www/html/test/wordpress_test/inpsyde_test/test/wp-content/plugins/plugintestslughere/tests/unit/tests/customize/manager.php" line="2877" assertions="11" time="0.088775"/>
        <testcase name="test_get_document_title_template" class="Tests_WP_Customize_Manager" classname="Tests_WP_Customize_Manager" file="/var/www/html/test/wordpress_test/inpsyde_test/test/wp-content/plugins/plugintestslughere/tests/unit/tests/customize/manager.php" line="2939" assertions="1" time="0.039673"/>
        <testcase name="test_preview_url" class="Tests_WP_Customize_Manager" classname="Tests_WP_Customize_Manager" file="/var/www/html/test/wordpress_test/inpsyde_test/test/wp-content/plugins/plugintestslughere/tests/unit/tests/customize/manager.php" line="2950" assertions="3" time="0.037450"/>
        <testcase name="test_return_url" class="Tests_WP_Customize_Manager" classname="Tests_WP_Customize_Manager" file="/var/www/html/test/wordpress_test/inpsyde_test/test/wp-content/plugins/plugintestslughere/tests/unit/tests/customize/manager.php" line="2965" assertions="10" time="0.140800"/>
        <testcase name="test_return_url_with_deactivated_theme" class="Tests_WP_Customize_Manager" classname="Tests_WP_Customize_Manager" file="/var/www/html/test/wordpress_test/inpsyde_test/test/wp-content/plugins/plugintestslughere/tests/unit/tests/customize/manager.php" line="3000" assertions="1" time="0.054343"/>
        <testcase name="test_autofocus" class="Tests_WP_Customize_Manager" classname="Tests_WP_Customize_Manager" file="/var/www/html/test/wordpress_test/inpsyde_test/test/wp-content/plugins/plugintestslughere/tests/unit/tests/customize/manager.php" line="3011" assertions="6" time="0.042603"/>
        <testcase name="test_nonces" class="Tests_WP_Customize_Manager" classname="Tests_WP_Customize_Manager" file="/var/www/html/test/wordpress_test/inpsyde_test/test/wp-content/plugins/plugintestslughere/tests/unit/tests/customize/manager.php" line="3039" assertions="6" time="0.036703"/>
        <testcase name="test_customize_pane_settings" class="Tests_WP_Customize_Manager" classname="Tests_WP_Customize_Manager" file="/var/www/html/test/wordpress_test/inpsyde_test/test/wp-content/plugins/plugintestslughere/tests/unit/tests/customize/manager.php" line="3069" assertions="13" time="0.139674"/>
        <testcase name="test_remove_frameless_preview_messenger_channel" class="Tests_WP_Customize_Manager" classname="Tests_WP_Customize_Manager" file="/var/www/html/test/wordpress_test/inpsyde_test/test/wp-content/plugins/plugintestslughere/tests/unit/tests/customize/manager.php" line="3120" assertions="2" time="0.043744"/>
        <testcase name="test_customize_preview_settings" class="Tests_WP_Customize_Manager" classname="Tests_WP_Customize_Manager" file="/var/www/html/test/wordpress_test/inpsyde_test/test/wp-content/plugins/plugintestslughere/tests/unit/tests/customize/manager.php" line="3140" assertions="13" time="0.120587"/>
        <testcase name="test_customize_loaded_components_filter" class="Tests_WP_Customize_Manager" classname="Tests_WP_Customize_Manager" file="/var/www/html/test/wordpress_test/inpsyde_test/test/wp-content/plugins/plugintestslughere/tests/unit/tests/customize/manager.php" line="3172" assertions="18" time="0.049541"/>
        <testcase name="test_prepare_controls_stable_sorting" class="Tests_WP_Customize_Manager" classname="Tests_WP_Customize_Manager" file="/var/www/html/test/wordpress_test/inpsyde_test/test/wp-content/plugins/plugintestslughere/tests/unit/tests/customize/manager.php" line="3234" assertions="1" time="0.058282"/>
        <testcase name="test_add_section_return_instance" class="Tests_WP_Customize_Manager" classname="Tests_WP_Customize_Manager" file="/var/www/html/test/wordpress_test/inpsyde_test/test/wp-content/plugins/plugintestslughere/tests/unit/tests/customize/manager.php" line="3274" assertions="5" time="0.029530"/>
        <testcase name="test_add_setting_return_instance" class="Tests_WP_Customize_Manager" classname="Tests_WP_Customize_Manager" file="/var/www/html/test/wordpress_test/inpsyde_test/test/wp-content/plugins/plugintestslughere/tests/unit/tests/customize/manager.php" line="3308" assertions="5" time="0.068700"/>
        <testcase name="test_add_setting_honoring_dynamic" class="Tests_WP_Customize_Manager" classname="Tests_WP_Customize_Manager" file="/var/www/html/test/wordpress_test/inpsyde_test/test/wp-content/plugins/plugintestslughere/tests/unit/tests/customize/manager.php" line="3329" assertions="5" time="0.071205"/>
        <testcase name="test_add_panel_return_instance" class="Tests_WP_Customize_Manager" classname="Tests_WP_Customize_Manager" file="/var/www/html/test/wordpress_test/inpsyde_test/test/wp-content/plugins/plugintestslughere/tests/unit/tests/customize/manager.php" line="3379" assertions="5" time="0.045421"/>
        <testcase name="test_add_control_return_instance" class="Tests_WP_Customize_Manager" classname="Tests_WP_Customize_Manager" file="/var/www/html/test/wordpress_test/inpsyde_test/test/wp-content/plugins/plugintestslughere/tests/unit/tests/customize/manager.php" line="3412" assertions="5" time="0.041464"/>
        <testcase name="test_get_previewable_devices" class="Tests_WP_Customize_Manager" classname="Tests_WP_Customize_Manager" file="/var/www/html/test/wordpress_test/inpsyde_test/test/wp-content/plugins/plugintestslughere/tests/unit/tests/customize/manager.php" line="3460" assertions="2" time="0.033313"/>
        <testcase name="test_prepare_controls_wp_list_sort_controls" class="Tests_WP_Customize_Manager" classname="Tests_WP_Customize_Manager" file="/var/www/html/test/wordpress_test/inpsyde_test/test/wp-content/plugins/plugintestslughere/tests/unit/tests/customize/manager.php" line="3520" assertions="1" time="0.033853"/>
        <testcase name="test_prepare_controls_wp_list_sort_sections" class="Tests_WP_Customize_Manager" classname="Tests_WP_Customize_Manager" file="/var/www/html/test/wordpress_test/inpsyde_test/test/wp-content/plugins/plugintestslughere/tests/unit/tests/customize/manager.php" line="3553" assertions="1" time="0.030486"/>
        <testcase name="test_prepare_controls_wp_list_sort_panels" class="Tests_WP_Customize_Manager" classname="Tests_WP_Customize_Manager" file="/var/www/html/test/wordpress_test/inpsyde_test/test/wp-content/plugins/plugintestslughere/tests/unit/tests/customize/manager.php" line="3582" assertions="1" time="0.030291"/>
        <testcase name="test_sanitize_external_header_video_trim" class="Tests_WP_Customize_Manager" classname="Tests_WP_Customize_Manager" file="/var/www/html/test/wordpress_test/inpsyde_test/test/wp-content/plugins/plugintestslughere/tests/unit/tests/customize/manager.php" line="3613" assertions="6" time="0.035609"/>
      </testsuite>
      <testsuite name="Test_WP_Customize_Nav_Menu_Item_Setting" file="/var/www/html/test/wordpress_test/inpsyde_test/test/wp-content/plugins/plugintestslughere/tests/unit/tests/customize/nav-menu-item-setting.php" tests="21" assertions="253" errors="0" failures="0" skipped="0" time="6.511016">
        <testcase name="test_constants" class="Test_WP_Customize_Nav_Menu_Item_Setting" classname="Test_WP_Customize_Nav_Menu_Item_Setting" file="/var/www/html/test/wordpress_test/inpsyde_test/test/wp-content/plugins/plugintestslughere/tests/unit/tests/customize/nav-menu-item-setting.php" line="57" assertions="1" time="0.167292"/>
        <testcase name="test_construct" class="Test_WP_Customize_Nav_Menu_Item_Setting" classname="Test_WP_Customize_Nav_Menu_Item_Setting" file="/var/www/html/test/wordpress_test/inpsyde_test/test/wp-content/plugins/plugintestslughere/tests/unit/tests/customize/nav-menu-item-setting.php" line="67" assertions="8" time="0.143739"/>
        <testcase name="test_construct_empty_menus" class="Test_WP_Customize_Nav_Menu_Item_Setting" classname="Test_WP_Customize_Nav_Menu_Item_Setting" file="/var/www/html/test/wordpress_test/inpsyde_test/test/wp-content/plugins/plugintestslughere/tests/unit/tests/customize/nav-menu-item-setting.php" line="111" assertions="1" time="0.185938"/>
        <testcase name="test_construct_placeholder" class="Test_WP_Customize_Nav_Menu_Item_Setting" classname="Test_WP_Customize_Nav_Menu_Item_Setting" file="/var/www/html/test/wordpress_test/inpsyde_test/test/wp-content/plugins/plugintestslughere/tests/unit/tests/customize/nav-menu-item-setting.php" line="131" assertions="3" time="0.220357"/>
        <testcase name="test_value_type_post_type" class="Test_WP_Customize_Nav_Menu_Item_Setting" classname="Test_WP_Customize_Nav_Menu_Item_Setting" file="/var/www/html/test/wordpress_test/inpsyde_test/test/wp-content/plugins/plugintestslughere/tests/unit/tests/customize/nav-menu-item-setting.php" line="149" assertions="8" time="0.594916"/>
        <testcase name="test_value_type_post_type_without_label" class="Test_WP_Customize_Nav_Menu_Item_Setting" classname="Test_WP_Customize_Nav_Menu_Item_Setting" file="/var/www/html/test/wordpress_test/inpsyde_test/test/wp-content/plugins/plugintestslughere/tests/unit/tests/customize/nav-menu-item-setting.php" line="200" assertions="2" time="0.429273"/>
        <testcase name="test_value_type_taxonomy" class="Test_WP_Customize_Nav_Menu_Item_Setting" classname="Test_WP_Customize_Nav_Menu_Item_Setting" file="/var/www/html/test/wordpress_test/inpsyde_test/test/wp-content/plugins/plugintestslughere/tests/unit/tests/customize/nav-menu-item-setting.php" line="232" assertions="6" time="0.263416"/>
        <testcase name="test_custom_type_label" class="Test_WP_Customize_Nav_Menu_Item_Setting" classname="Test_WP_Customize_Nav_Menu_Item_Setting" file="/var/www/html/test/wordpress_test/inpsyde_test/test/wp-content/plugins/plugintestslughere/tests/unit/tests/customize/nav-menu-item-setting.php" line="271" assertions="2" time="0.218498"/>
        <testcase name="test_value_nav_menu_term_id_returns_zero" class="Test_WP_Customize_Nav_Menu_Item_Setting" classname="Test_WP_Customize_Nav_Menu_Item_Setting" file="/var/www/html/test/wordpress_test/inpsyde_test/test/wp-content/plugins/plugintestslughere/tests/unit/tests/customize/nav-menu-item-setting.php" line="303" assertions="2" time="0.197951"/>
        <testcase name="test_preview_updated" class="Test_WP_Customize_Nav_Menu_Item_Setting" classname="Test_WP_Customize_Nav_Menu_Item_Setting" file="/var/www/html/test/wordpress_test/inpsyde_test/test/wp-content/plugins/plugintestslughere/tests/unit/tests/customize/nav-menu-item-setting.php" line="348" assertions="8" time="0.418055"/>
        <testcase name="test_preview_inserted" class="Test_WP_Customize_Nav_Menu_Item_Setting" classname="Test_WP_Customize_Nav_Menu_Item_Setting" file="/var/www/html/test/wordpress_test/inpsyde_test/test/wp-content/plugins/plugintestslughere/tests/unit/tests/customize/nav-menu-item-setting.php" line="403" assertions="8" time="0.571640"/>
        <testcase name="test_preview_deleted" class="Test_WP_Customize_Nav_Menu_Item_Setting" classname="Test_WP_Customize_Nav_Menu_Item_Setting" file="/var/www/html/test/wordpress_test/inpsyde_test/test/wp-content/plugins/plugintestslughere/tests/unit/tests/customize/nav-menu-item-setting.php" line="462" assertions="3" time="0.440451"/>
        <testcase name="test_sanitize" class="Test_WP_Customize_Nav_Menu_Item_Setting" classname="Test_WP_Customize_Nav_Menu_Item_Setting" file="/var/www/html/test/wordpress_test/inpsyde_test/test/wp-content/plugins/plugintestslughere/tests/unit/tests/customize/nav-menu-item-setting.php" line="502" assertions="79" time="0.219710"/>
        <testcase name="test_save_updated" class="Test_WP_Customize_Nav_Menu_Item_Setting" classname="Test_WP_Customize_Nav_Menu_Item_Setting" file="/var/www/html/test/wordpress_test/inpsyde_test/test/wp-content/plugins/plugintestslughere/tests/unit/tests/customize/nav-menu-item-setting.php" line="640" assertions="17" time="0.308424"/>
        <testcase name="test_save_inserted" class="Test_WP_Customize_Nav_Menu_Item_Setting" classname="Test_WP_Customize_Nav_Menu_Item_Setting" file="/var/www/html/test/wordpress_test/inpsyde_test/test/wp-content/plugins/plugintestslughere/tests/unit/tests/customize/nav-menu-item-setting.php" line="709" assertions="17" time="0.482985"/>
        <testcase name="test_save_deleted" class="Test_WP_Customize_Nav_Menu_Item_Setting" classname="Test_WP_Customize_Nav_Menu_Item_Setting" file="/var/www/html/test/wordpress_test/inpsyde_test/test/wp-content/plugins/plugintestslughere/tests/unit/tests/customize/nav-menu-item-setting.php" line="782" assertions="12" time="0.341578"/>
        <testcase name="test_invalid_nav_menu_item" class="Test_WP_Customize_Nav_Menu_Item_Setting" classname="Test_WP_Customize_Nav_Menu_Item_Setting" file="/var/www/html/test/wordpress_test/inpsyde_test/test/wp-content/plugins/plugintestslughere/tests/unit/tests/customize/nav-menu-item-setting.php" line="834" assertions="7" time="0.242198"/>
        <testcase name="test_value_as_wp_post_nav_menu_item" class="Test_WP_Customize_Nav_Menu_Item_Setting" classname="Test_WP_Customize_Nav_Menu_Item_Setting" file="/var/www/html/test/wordpress_test/inpsyde_test/test/wp-content/plugins/plugintestslughere/tests/unit/tests/customize/nav-menu-item-setting.php" line="891" assertions="17" time="0.263902"/>
        <testcase name="test_value_as_wp_post_nav_menu_item_term_urls" class="Test_WP_Customize_Nav_Menu_Item_Setting" classname="Test_WP_Customize_Nav_Menu_Item_Setting" file="/var/www/html/test/wordpress_test/inpsyde_test/test/wp-content/plugins/plugintestslughere/tests/unit/tests/customize/nav-menu-item-setting.php" line="951" assertions="3" time="0.230192"/>
        <testcase name="test_get_original_title" class="Test_WP_Customize_Nav_Menu_Item_Setting" classname="Test_WP_Customize_Nav_Menu_Item_Setting" file="/var/www/html/test/wordpress_test/inpsyde_test/test/wp-content/plugins/plugintestslughere/tests/unit/tests/customize/nav-menu-item-setting.php" line="1024" assertions="48" time="0.351341"/>
        <testcase name="test_value_as_wp_post_nav_menu_item_with_empty_title" class="Test_WP_Customize_Nav_Menu_Item_Setting" classname="Test_WP_Customize_Nav_Menu_Item_Setting" file="/var/www/html/test/wordpress_test/inpsyde_test/test/wp-content/plugins/plugintestslughere/tests/unit/tests/customize/nav-menu-item-setting.php" line="1219" assertions="1" time="0.219160"/>
      </testsuite>
      <testsuite name="Test_WP_Customize_Nav_Menu_Setting" file="/var/www/html/test/wordpress_test/inpsyde_test/test/wp-content/plugins/plugintestslughere/tests/unit/tests/customize/nav-menu-setting.php" tests="13" assertions="115" errors="0" failures="0" skipped="0" time="2.262149">
        <testcase name="test_constants" class="Test_WP_Customize_Nav_Menu_Setting" classname="Test_WP_Customize_Nav_Menu_Setting" file="/var/www/html/test/wordpress_test/inpsyde_test/test/wp-content/plugins/plugintestslughere/tests/unit/tests/customize/nav-menu-setting.php" line="53" assertions="1" time="0.163217"/>
        <testcase name="test_construct" class="Test_WP_Customize_Nav_Menu_Setting" classname="Test_WP_Customize_Nav_Menu_Setting" file="/var/www/html/test/wordpress_test/inpsyde_test/test/wp-content/plugins/plugintestslughere/tests/unit/tests/customize/nav-menu-setting.php" line="63" assertions="14" time="0.175141"/>
        <testcase name="test_construct_empty_menus" class="Test_WP_Customize_Nav_Menu_Setting" classname="Test_WP_Customize_Nav_Menu_Setting" file="/var/www/html/test/wordpress_test/inpsyde_test/test/wp-content/plugins/plugintestslughere/tests/unit/tests/customize/nav-menu-setting.php" line="94" assertions="1" time="0.153786"/>
        <testcase name="test_construct_placeholder" class="Test_WP_Customize_Nav_Menu_Setting" classname="Test_WP_Customize_Nav_Menu_Setting" file="/var/www/html/test/wordpress_test/inpsyde_test/test/wp-content/plugins/plugintestslughere/tests/unit/tests/customize/nav-menu-setting.php" line="114" assertions="2" time="0.164798"/>
        <testcase name="test_value" class="Test_WP_Customize_Nav_Menu_Setting" classname="Test_WP_Customize_Nav_Menu_Setting" file="/var/www/html/test/wordpress_test/inpsyde_test/test/wp-content/plugins/plugintestslughere/tests/unit/tests/customize/nav-menu-setting.php" line="131" assertions="8" time="0.197751"/>
        <testcase name="test_preview_updated" class="Test_WP_Customize_Nav_Menu_Setting" classname="Test_WP_Customize_Nav_Menu_Setting" file="/var/www/html/test/wordpress_test/inpsyde_test/test/wp-content/plugins/plugintestslughere/tests/unit/tests/customize/nav-menu-setting.php" line="171" assertions="14" time="0.187247"/>
        <testcase name="test_preview_inserted" class="Test_WP_Customize_Nav_Menu_Setting" classname="Test_WP_Customize_Nav_Menu_Setting" file="/var/www/html/test/wordpress_test/inpsyde_test/test/wp-content/plugins/plugintestslughere/tests/unit/tests/customize/nav-menu-setting.php" line="238" assertions="11" time="0.177273"/>
        <testcase name="test_preview_deleted" class="Test_WP_Customize_Nav_Menu_Setting" classname="Test_WP_Customize_Nav_Menu_Setting" file="/var/www/html/test/wordpress_test/inpsyde_test/test/wp-content/plugins/plugintestslughere/tests/unit/tests/customize/nav-menu-setting.php" line="283" assertions="6" time="0.185608"/>
        <testcase name="test_sanitize" class="Test_WP_Customize_Nav_Menu_Setting" classname="Test_WP_Customize_Nav_Menu_Setting" file="/var/www/html/test/wordpress_test/inpsyde_test/test/wp-content/plugins/plugintestslughere/tests/unit/tests/customize/nav-menu-setting.php" line="322" assertions="8" time="0.154046"/>
        <testcase name="test_save_updated" class="Test_WP_Customize_Nav_Menu_Setting" classname="Test_WP_Customize_Nav_Menu_Setting" file="/var/www/html/test/wordpress_test/inpsyde_test/test/wp-content/plugins/plugintestslughere/tests/unit/tests/customize/nav-menu-setting.php" line="353" assertions="17" time="0.175540"/>
        <testcase name="test_save_inserted" class="Test_WP_Customize_Nav_Menu_Setting" classname="Test_WP_Customize_Nav_Menu_Setting" file="/var/www/html/test/wordpress_test/inpsyde_test/test/wp-content/plugins/plugintestslughere/tests/unit/tests/customize/nav-menu-setting.php" line="418" assertions="17" time="0.167741"/>
        <testcase name="test_save_inserted_conflicted_name" class="Test_WP_Customize_Nav_Menu_Setting" classname="Test_WP_Customize_Nav_Menu_Setting" file="/var/www/html/test/wordpress_test/inpsyde_test/test/wp-content/plugins/plugintestslughere/tests/unit/tests/customize/nav-menu-setting.php" line="467" assertions="2" time="0.173488"/>
        <testcase name="test_save_deleted" class="Test_WP_Customize_Nav_Menu_Setting" classname="Test_WP_Customize_Nav_Menu_Setting" file="/var/www/html/test/wordpress_test/inpsyde_test/test/wp-content/plugins/plugintestslughere/tests/unit/tests/customize/nav-menu-setting.php" line="492" assertions="14" time="0.186513"/>
      </testsuite>
      <testsuite name="Test_WP_Customize_Nav_Menus" file="/var/www/html/test/wordpress_test/inpsyde_test/test/wp-content/plugins/plugintestslughere/tests/unit/tests/customize/nav-menus.php" tests="29" assertions="181" errors="0" failures="0" skipped="0" time="6.823034">
        <testcase name="test_construct" class="Test_WP_Customize_Nav_Menus" classname="Test_WP_Customize_Nav_Menus" file="/var/www/html/test/wordpress_test/inpsyde_test/test/wp-content/plugins/plugintestslughere/tests/unit/tests/customize/nav-menus.php" line="84" assertions="15" time="0.180905"/>
        <testcase name="test_load_available_items_query_returns_wp_error" class="Test_WP_Customize_Nav_Menus" classname="Test_WP_Customize_Nav_Menus" file="/var/www/html/test/wordpress_test/inpsyde_test/test/wp-content/plugins/plugintestslughere/tests/unit/tests/customize/nav-menus.php" line="110" assertions="4" time="0.132035"/>
        <testcase name="test_load_available_items_query_maybe_returns_home" class="Test_WP_Customize_Nav_Menus" classname="Test_WP_Customize_Nav_Menus" file="/var/www/html/test/wordpress_test/inpsyde_test/test/wp-content/plugins/plugintestslughere/tests/unit/tests/customize/nav-menus.php" line="129" assertions="3" time="0.351630"/>
        <testcase name="test_load_available_items_query_returns_post_item_with_page_number" class="Test_WP_Customize_Nav_Menus" classname="Test_WP_Customize_Nav_Menus" file="/var/www/html/test/wordpress_test/inpsyde_test/test/wp-content/plugins/plugintestslughere/tests/unit/tests/customize/nav-menus.php" line="160" assertions="1" time="0.440677"/>
        <testcase name="test_load_available_items_query_returns_page_item" class="Test_WP_Customize_Nav_Menus" classname="Test_WP_Customize_Nav_Menus" file="/var/www/html/test/wordpress_test/inpsyde_test/test/wp-content/plugins/plugintestslughere/tests/unit/tests/customize/nav-menus.php" line="190" assertions="1" time="0.152598"/>
        <testcase name="test_load_available_items_query_returns_post_item" class="Test_WP_Customize_Nav_Menus" classname="Test_WP_Customize_Nav_Menus" file="/var/www/html/test/wordpress_test/inpsyde_test/test/wp-content/plugins/plugintestslughere/tests/unit/tests/customize/nav-menus.php" line="221" assertions="1" time="0.304311"/>
        <testcase name="test_load_available_items_query_returns_term_item" class="Test_WP_Customize_Nav_Menus" classname="Test_WP_Customize_Nav_Menus" file="/var/www/html/test/wordpress_test/inpsyde_test/test/wp-content/plugins/plugintestslughere/tests/unit/tests/customize/nav-menus.php" line="247" assertions="1" time="0.168901"/>
        <testcase name="test_load_available_items_query_returns_custom_item" class="Test_WP_Customize_Nav_Menus" classname="Test_WP_Customize_Nav_Menus" file="/var/www/html/test/wordpress_test/inpsyde_test/test/wp-content/plugins/plugintestslughere/tests/unit/tests/customize/nav-menus.php" line="273" assertions="1" time="0.164979"/>
        <testcase name="test_search_available_items_query" class="Test_WP_Customize_Nav_Menus" classname="Test_WP_Customize_Nav_Menus" file="/var/www/html/test/wordpress_test/inpsyde_test/test/wp-content/plugins/plugintestslughere/tests/unit/tests/customize/nav-menus.php" line="298" assertions="16" time="0.329282"/>
        <testcase name="test_search_available_items_query_should_return_unassigned_term_items" class="Test_WP_Customize_Nav_Menus" classname="Test_WP_Customize_Nav_Menus" file="/var/www/html/test/wordpress_test/inpsyde_test/test/wp-content/plugins/plugintestslughere/tests/unit/tests/customize/nav-menus.php" line="407" assertions="1" time="0.164831"/>
        <testcase name="test_enqueue_scripts" class="Test_WP_Customize_Nav_Menus" classname="Test_WP_Customize_Nav_Menus" file="/var/www/html/test/wordpress_test/inpsyde_test/test/wp-content/plugins/plugintestslughere/tests/unit/tests/customize/nav-menus.php" line="495" assertions="1" time="0.164472"/>
        <testcase name="test_filter_dynamic_setting_args" class="Test_WP_Customize_Nav_Menus" classname="Test_WP_Customize_Nav_Menus" file="/var/www/html/test/wordpress_test/inpsyde_test/test/wp-content/plugins/plugintestslughere/tests/unit/tests/customize/nav-menus.php" line="510" assertions="2" time="0.220314"/>
        <testcase name="test_filter_dynamic_setting_class" class="Test_WP_Customize_Nav_Menus" classname="Test_WP_Customize_Nav_Menus" file="/var/www/html/test/wordpress_test/inpsyde_test/test/wp-content/plugins/plugintestslughere/tests/unit/tests/customize/nav-menus.php" line="527" assertions="2" time="0.166007"/>
        <testcase name="test_customize_register" class="Test_WP_Customize_Nav_Menus" classname="Test_WP_Customize_Nav_Menus" file="/var/www/html/test/wordpress_test/inpsyde_test/test/wp-content/plugins/plugintestslughere/tests/unit/tests/customize/nav-menus.php" line="545" assertions="7" time="0.229645"/>
        <testcase name="test_intval_base10" class="Test_WP_Customize_Nav_Menus" classname="Test_WP_Customize_Nav_Menus" file="/var/www/html/test/wordpress_test/inpsyde_test/test/wp-content/plugins/plugintestslughere/tests/unit/tests/customize/nav-menus.php" line="577" assertions="8" time="0.120792"/>
        <testcase name="test_available_item_types" class="Test_WP_Customize_Nav_Menus" classname="Test_WP_Customize_Nav_Menus" file="/var/www/html/test/wordpress_test/inpsyde_test/test/wp-content/plugins/plugintestslughere/tests/unit/tests/customize/nav-menus.php" line="596" assertions="3" time="0.132051"/>
        <testcase name="test_insert_auto_draft_post" class="Test_WP_Customize_Nav_Menus" classname="Test_WP_Customize_Nav_Menus" file="/var/www/html/test/wordpress_test/inpsyde_test/test/wp-content/plugins/plugintestslughere/tests/unit/tests/customize/nav-menus.php" line="666" assertions="21" time="0.297212"/>
        <testcase name="test_print_templates" class="Test_WP_Customize_Nav_Menus" classname="Test_WP_Customize_Nav_Menus" file="/var/www/html/test/wordpress_test/inpsyde_test/test/wp-content/plugins/plugintestslughere/tests/unit/tests/customize/nav-menus.php" line="732" assertions="1" time="0.142831"/>
        <testcase name="test_available_items_template" class="Test_WP_Customize_Nav_Menus" classname="Test_WP_Customize_Nav_Menus" file="/var/www/html/test/wordpress_test/inpsyde_test/test/wp-content/plugins/plugintestslughere/tests/unit/tests/customize/nav-menus.php" line="756" assertions="26" time="0.142630"/>
        <testcase name="test_customize_dynamic_partial_args" class="Test_WP_Customize_Nav_Menus" classname="Test_WP_Customize_Nav_Menus" file="/var/www/html/test/wordpress_test/inpsyde_test/test/wp-content/plugins/plugintestslughere/tests/unit/tests/customize/nav-menus.php" line="803" assertions="9" time="0.143179"/>
        <testcase name="test_customize_preview_init" class="Test_WP_Customize_Nav_Menus" classname="Test_WP_Customize_Nav_Menus" file="/var/www/html/test/wordpress_test/inpsyde_test/test/wp-content/plugins/plugintestslughere/tests/unit/tests/customize/nav-menus.php" line="825" assertions="3" time="0.209132"/>
        <testcase name="test_make_auto_draft_status_previewable" class="Test_WP_Customize_Nav_Menus" classname="Test_WP_Customize_Nav_Menus" file="/var/www/html/test/wordpress_test/inpsyde_test/test/wp-content/plugins/plugintestslughere/tests/unit/tests/customize/nav-menus.php" line="840" assertions="1" time="0.266732"/>
        <testcase name="test_sanitize_nav_menus_created_posts" class="Test_WP_Customize_Nav_Menus" classname="Test_WP_Customize_Nav_Menus" file="/var/www/html/test/wordpress_test/inpsyde_test/test/wp-content/plugins/plugintestslughere/tests/unit/tests/customize/nav-menus.php" line="852" assertions="3" time="0.370515"/>
        <testcase name="test_save_nav_menus_created_posts" class="Test_WP_Customize_Nav_Menus" classname="Test_WP_Customize_Nav_Menus" file="/var/www/html/test/wordpress_test/inpsyde_test/test/wp-content/plugins/plugintestslughere/tests/unit/tests/customize/nav-menus.php" line="926" assertions="25" time="0.883132"/>
        <testcase name="test_filter_wp_nav_menu_args" class="Test_WP_Customize_Nav_Menus" classname="Test_WP_Customize_Nav_Menus" file="/var/www/html/test/wordpress_test/inpsyde_test/test/wp-content/plugins/plugintestslughere/tests/unit/tests/customize/nav-menus.php" line="1034" assertions="11" time="0.217663"/>
        <testcase name="test_filter_wp_nav_menu" class="Test_WP_Customize_Nav_Menus" classname="Test_WP_Customize_Nav_Menus" file="/var/www/html/test/wordpress_test/inpsyde_test/test/wp-content/plugins/plugintestslughere/tests/unit/tests/customize/nav-menus.php" line="1120" assertions="5" time="0.176328"/>
        <testcase name="test_customize_preview_enqueue_deps" class="Test_WP_Customize_Nav_Menus" classname="Test_WP_Customize_Nav_Menus" file="/var/www/html/test/wordpress_test/inpsyde_test/test/wp-content/plugins/plugintestslughere/tests/unit/tests/customize/nav-menus.php" line="1156" assertions="1" time="0.163986"/>
        <testcase name="test_export_preview_data" class="Test_WP_Customize_Nav_Menus" classname="Test_WP_Customize_Nav_Menus" file="/var/www/html/test/wordpress_test/inpsyde_test/test/wp-content/plugins/plugintestslughere/tests/unit/tests/customize/nav-menus.php" line="1170" assertions="2" time="0.188780"/>
        <testcase name="test_render_nav_menu_partial" class="Test_WP_Customize_Nav_Menus" classname="Test_WP_Customize_Nav_Menus" file="/var/www/html/test/wordpress_test/inpsyde_test/test/wp-content/plugins/plugintestslughere/tests/unit/tests/customize/nav-menus.php" line="1184" assertions="6" time="0.197484"/>
      </testsuite>
      <testsuite name="Tests_WP_Customize_Panel" file="/var/www/html/test/wordpress_test/inpsyde_test/test/wp-content/plugins/plugintestslughere/tests/unit/tests/customize/panel.php" tests="10" assertions="52" errors="0" failures="0" skipped="0" time="0.787011">
        <testcase name="test_construct_default_args" class="Tests_WP_Customize_Panel" classname="Tests_WP_Customize_Panel" file="/var/www/html/test/wordpress_test/inpsyde_test/test/wp-content/plugins/plugintestslughere/tests/unit/tests/customize/panel.php" line="32" assertions="11" time="0.029335"/>
        <testcase name="test_construct_custom_args" class="Tests_WP_Customize_Panel" classname="Tests_WP_Customize_Panel" file="/var/www/html/test/wordpress_test/inpsyde_test/test/wp-content/plugins/plugintestslughere/tests/unit/tests/customize/panel.php" line="50" assertions="7" time="0.041858"/>
        <testcase name="test_construct_custom_type" class="Tests_WP_Customize_Panel" classname="Tests_WP_Customize_Panel" file="/var/www/html/test/wordpress_test/inpsyde_test/test/wp-content/plugins/plugintestslughere/tests/unit/tests/customize/panel.php" line="70" assertions="1" time="0.031763"/>
        <testcase name="test_active" class="Tests_WP_Customize_Panel" classname="Tests_WP_Customize_Panel" file="/var/www/html/test/wordpress_test/inpsyde_test/test/wp-content/plugins/plugintestslughere/tests/unit/tests/customize/panel.php" line="79" assertions="5" time="0.036610"/>
        <testcase name="test_json" class="Tests_WP_Customize_Panel" classname="Tests_WP_Customize_Panel" file="/var/www/html/test/wordpress_test/inpsyde_test/test/wp-content/plugins/plugintestslughere/tests/unit/tests/customize/panel.php" line="110" assertions="8" time="0.031456"/>
        <testcase name="test_check_capabilities" class="Tests_WP_Customize_Panel" classname="Tests_WP_Customize_Panel" file="/var/www/html/test/wordpress_test/inpsyde_test/test/wp-content/plugins/plugintestslughere/tests/unit/tests/customize/panel.php" line="134" assertions="4" time="0.154452"/>
        <testcase name="test_get_content" class="Tests_WP_Customize_Panel" classname="Tests_WP_Customize_Panel" file="/var/www/html/test/wordpress_test/inpsyde_test/test/wp-content/plugins/plugintestslughere/tests/unit/tests/customize/panel.php" line="152" assertions="1" time="0.031711"/>
        <testcase name="test_maybe_render" class="Tests_WP_Customize_Panel" classname="Tests_WP_Customize_Panel" file="/var/www/html/test/wordpress_test/inpsyde_test/test/wp-content/plugins/plugintestslughere/tests/unit/tests/customize/panel.php" line="160" assertions="5" time="0.132623"/>
        <testcase name="test_print_templates_standard" class="Tests_WP_Customize_Panel" classname="Tests_WP_Customize_Panel" file="/var/www/html/test/wordpress_test/inpsyde_test/test/wp-content/plugins/plugintestslughere/tests/unit/tests/customize/panel.php" line="185" assertions="6" time="0.165051"/>
        <testcase name="test_print_templates_custom" class="Tests_WP_Customize_Panel" classname="Tests_WP_Customize_Panel" file="/var/www/html/test/wordpress_test/inpsyde_test/test/wp-content/plugins/plugintestslughere/tests/unit/tests/customize/panel.php" line="203" assertions="4" time="0.132152"/>
      </testsuite>
      <testsuite name="Test_WP_Customize_Partial" file="/var/www/html/test/wordpress_test/inpsyde_test/test/wp-content/plugins/plugintestslughere/tests/unit/tests/customize/partial.php" tests="9" assertions="61" errors="0" failures="0" skipped="0" time="0.496663">
        <testcase name="test_construct_default_args" class="Test_WP_Customize_Partial" classname="Test_WP_Customize_Partial" file="/var/www/html/test/wordpress_test/inpsyde_test/test/wp-content/plugins/plugintestslughere/tests/unit/tests/customize/partial.php" line="47" assertions="9" time="0.032816"/>
        <testcase name="test_construct_non_default_args" class="Test_WP_Customize_Partial" classname="Test_WP_Customize_Partial" file="/var/www/html/test/wordpress_test/inpsyde_test/test/wp-content/plugins/plugintestslughere/tests/unit/tests/customize/partial.php" line="85" assertions="12" time="0.125109"/>
        <testcase name="test_id_data" class="Test_WP_Customize_Partial" classname="Test_WP_Customize_Partial" file="/var/www/html/test/wordpress_test/inpsyde_test/test/wp-content/plugins/plugintestslughere/tests/unit/tests/customize/partial.php" line="132" assertions="4" time="0.029849"/>
        <testcase name="test_render_with_bad_callback_should_give_preference_to_return_value" class="Test_WP_Customize_Partial" classname="Test_WP_Customize_Partial" file="/var/www/html/test/wordpress_test/inpsyde_test/test/wp-content/plugins/plugintestslughere/tests/unit/tests/customize/partial.php" line="222" assertions="2" time="0.031487"/>
        <testcase name="test_render_echo_callback" class="Test_WP_Customize_Partial" classname="Test_WP_Customize_Partial" file="/var/www/html/test/wordpress_test/inpsyde_test/test/wp-content/plugins/plugintestslughere/tests/unit/tests/customize/partial.php" line="239" assertions="10" time="0.031389"/>
        <testcase name="test_render_return_callback" class="Test_WP_Customize_Partial" classname="Test_WP_Customize_Partial" file="/var/www/html/test/wordpress_test/inpsyde_test/test/wp-content/plugins/plugintestslughere/tests/unit/tests/customize/partial.php" line="262" assertions="10" time="0.028997"/>
        <testcase name="test_render_callback_default" class="Test_WP_Customize_Partial" classname="Test_WP_Customize_Partial" file="/var/www/html/test/wordpress_test/inpsyde_test/test/wp-content/plugins/plugintestslughere/tests/unit/tests/customize/partial.php" line="285" assertions="2" time="0.031453"/>
        <testcase name="test_json" class="Test_WP_Customize_Partial" classname="Test_WP_Customize_Partial" file="/var/www/html/test/wordpress_test/inpsyde_test/test/wp-content/plugins/plugintestslughere/tests/unit/tests/customize/partial.php" line="296" assertions="6" time="0.029215"/>
        <testcase name="test_check_capabilities" class="Test_WP_Customize_Partial" classname="Test_WP_Customize_Partial" file="/var/www/html/test/wordpress_test/inpsyde_test/test/wp-content/plugins/plugintestslughere/tests/unit/tests/customize/partial.php" line="324" assertions="6" time="0.156348"/>
      </testsuite>
      <testsuite name="Tests_WP_Customize_Section" file="/var/www/html/test/wordpress_test/inpsyde_test/test/wp-content/plugins/plugintestslughere/tests/unit/tests/customize/section.php" tests="10" assertions="50" errors="0" failures="0" skipped="0" time="0.331480">
        <testcase name="test_construct_default_args" class="Tests_WP_Customize_Section" classname="Tests_WP_Customize_Section" file="/var/www/html/test/wordpress_test/inpsyde_test/test/wp-content/plugins/plugintestslughere/tests/unit/tests/customize/section.php" line="39" assertions="11" time="0.039211"/>
        <testcase name="test_construct_custom_args" class="Tests_WP_Customize_Section" classname="Tests_WP_Customize_Section" file="/var/www/html/test/wordpress_test/inpsyde_test/test/wp-content/plugins/plugintestslughere/tests/unit/tests/customize/section.php" line="57" assertions="8" time="0.037803"/>
        <testcase name="test_construct_custom_type" class="Tests_WP_Customize_Section" classname="Tests_WP_Customize_Section" file="/var/www/html/test/wordpress_test/inpsyde_test/test/wp-content/plugins/plugintestslughere/tests/unit/tests/customize/section.php" line="80" assertions="1" time="0.032417"/>
        <testcase name="test_active" class="Tests_WP_Customize_Section" classname="Tests_WP_Customize_Section" file="/var/www/html/test/wordpress_test/inpsyde_test/test/wp-content/plugins/plugintestslughere/tests/unit/tests/customize/section.php" line="89" assertions="5" time="0.031066"/>
        <testcase name="test_json" class="Tests_WP_Customize_Section" classname="Tests_WP_Customize_Section" file="/var/www/html/test/wordpress_test/inpsyde_test/test/wp-content/plugins/plugintestslughere/tests/unit/tests/customize/section.php" line="120" assertions="9" time="0.029638"/>
        <testcase name="test_check_capabilities" class="Tests_WP_Customize_Section" classname="Tests_WP_Customize_Section" file="/var/www/html/test/wordpress_test/inpsyde_test/test/wp-content/plugins/plugintestslughere/tests/unit/tests/customize/section.php" line="148" assertions="4" time="0.032490"/>
        <testcase name="test_get_content" class="Tests_WP_Customize_Section" classname="Tests_WP_Customize_Section" file="/var/www/html/test/wordpress_test/inpsyde_test/test/wp-content/plugins/plugintestslughere/tests/unit/tests/customize/section.php" line="165" assertions="1" time="0.028504"/>
        <testcase name="test_maybe_render" class="Tests_WP_Customize_Section" classname="Tests_WP_Customize_Section" file="/var/www/html/test/wordpress_test/inpsyde_test/test/wp-content/plugins/plugintestslughere/tests/unit/tests/customize/section.php" line="173" assertions="5" time="0.037552"/>
        <testcase name="test_print_templates_standard" class="Tests_WP_Customize_Section" classname="Tests_WP_Customize_Section" file="/var/www/html/test/wordpress_test/inpsyde_test/test/wp-content/plugins/plugintestslughere/tests/unit/tests/customize/section.php" line="198" assertions="3" time="0.031980"/>
        <testcase name="test_print_templates_custom" class="Tests_WP_Customize_Section" classname="Tests_WP_Customize_Section" file="/var/www/html/test/wordpress_test/inpsyde_test/test/wp-content/plugins/plugintestslughere/tests/unit/tests/customize/section.php" line="213" assertions="3" time="0.030819"/>
      </testsuite>
      <testsuite name="Test_WP_Customize_Selective_Refresh" file="/var/www/html/test/wordpress_test/inpsyde_test/test/wp-content/plugins/plugintestslughere/tests/unit/tests/customize/selective-refresh.php" tests="9" assertions="54" errors="0" failures="0" skipped="0" time="0.424073">
        <testcase name="test_construct" class="Test_WP_Customize_Selective_Refresh" classname="Test_WP_Customize_Selective_Refresh" file="/var/www/html/test/wordpress_test/inpsyde_test/test/wp-content/plugins/plugintestslughere/tests/unit/tests/customize/selective-refresh.php" line="47" assertions="1" time="0.028862"/>
        <testcase name="test_register_scripts" class="Test_WP_Customize_Selective_Refresh" classname="Test_WP_Customize_Selective_Refresh" file="/var/www/html/test/wordpress_test/inpsyde_test/test/wp-content/plugins/plugintestslughere/tests/unit/tests/customize/selective-refresh.php" line="56" assertions="3" time="0.044304"/>
        <testcase name="test_partials" class="Test_WP_Customize_Selective_Refresh" classname="Test_WP_Customize_Selective_Refresh" file="/var/www/html/test/wordpress_test/inpsyde_test/test/wp-content/plugins/plugintestslughere/tests/unit/tests/customize/selective-refresh.php" line="73" assertions="1" time="0.031433"/>
        <testcase name="test_crud_partial" class="Test_WP_Customize_Selective_Refresh" classname="Test_WP_Customize_Selective_Refresh" file="/var/www/html/test/wordpress_test/inpsyde_test/test/wp-content/plugins/plugintestslughere/tests/unit/tests/customize/selective-refresh.php" line="84" assertions="16" time="0.030428"/>
        <testcase name="test_init_preview" class="Test_WP_Customize_Selective_Refresh" classname="Test_WP_Customize_Selective_Refresh" file="/var/www/html/test/wordpress_test/inpsyde_test/test/wp-content/plugins/plugintestslughere/tests/unit/tests/customize/selective-refresh.php" line="113" assertions="2" time="0.030657"/>
        <testcase name="test_enqueue_preview_scripts" class="Test_WP_Customize_Selective_Refresh" classname="Test_WP_Customize_Selective_Refresh" file="/var/www/html/test/wordpress_test/inpsyde_test/test/wp-content/plugins/plugintestslughere/tests/unit/tests/customize/selective-refresh.php" line="124" assertions="3" time="0.044319"/>
        <testcase name="test_export_preview_data" class="Test_WP_Customize_Selective_Refresh" classname="Test_WP_Customize_Selective_Refresh" file="/var/www/html/test/wordpress_test/inpsyde_test/test/wp-content/plugins/plugintestslughere/tests/unit/tests/customize/selective-refresh.php" line="137" assertions="9" time="0.149622"/>
        <testcase name="test_add_dynamic_partials" class="Test_WP_Customize_Selective_Refresh" classname="Test_WP_Customize_Selective_Refresh" file="/var/www/html/test/wordpress_test/inpsyde_test/test/wp-content/plugins/plugintestslughere/tests/unit/tests/customize/selective-refresh.php" line="181" assertions="17" time="0.032312"/>
        <testcase name="test_is_render_partials_request" class="Test_WP_Customize_Selective_Refresh" classname="Test_WP_Customize_Selective_Refresh" file="/var/www/html/test/wordpress_test/inpsyde_test/test/wp-content/plugins/plugintestslughere/tests/unit/tests/customize/selective-refresh.php" line="249" assertions="2" time="0.032136"/>
      </testsuite>
      <testsuite name="Tests_WP_Customize_Setting" file="/var/www/html/test/wordpress_test/inpsyde_test/test/wp-content/plugins/plugintestslughere/tests/unit/tests/customize/setting.php" tests="12" assertions="252" errors="0" failures="0" skipped="0" time="1.354546">
        <testcase name="test_constructor_without_args" class="Tests_WP_Customize_Setting" classname="Tests_WP_Customize_Setting" file="/var/www/html/test/wordpress_test/inpsyde_test/test/wp-content/plugins/plugintestslughere/tests/unit/tests/customize/setting.php" line="34" assertions="13" time="0.027535"/>
        <testcase name="test_constructor_with_args" class="Tests_WP_Customize_Setting" classname="Tests_WP_Customize_Setting" file="/var/www/html/test/wordpress_test/inpsyde_test/test/wp-content/plugins/plugintestslughere/tests/unit/tests/customize/setting.php" line="91" assertions="12" time="0.030169"/>
        <testcase name="test_preview_standard_types_non_multidimensional" class="Tests_WP_Customize_Setting" classname="Tests_WP_Customize_Setting" file="/var/www/html/test/wordpress_test/inpsyde_test/test/wp-content/plugins/plugintestslughere/tests/unit/tests/customize/setting.php" line="139" assertions="64" time="0.156809"/>
        <testcase name="test_preview_standard_types_multidimensional" class="Tests_WP_Customize_Setting" classname="Tests_WP_Customize_Setting" file="/var/www/html/test/wordpress_test/inpsyde_test/test/wp-content/plugins/plugintestslughere/tests/unit/tests/customize/setting.php" line="218" assertions="66" time="0.153547"/>
        <testcase name="test_preview_custom_type" class="Tests_WP_Customize_Setting" classname="Tests_WP_Customize_Setting" file="/var/www/html/test/wordpress_test/inpsyde_test/test/wp-content/plugins/plugintestslughere/tests/unit/tests/customize/setting.php" line="364" assertions="48" time="0.208655"/>
        <testcase name="test_non_posted_setting_applying_default_value_in_preview" class="Tests_WP_Customize_Setting" classname="Tests_WP_Customize_Setting" file="/var/www/html/test/wordpress_test/inpsyde_test/test/wp-content/plugins/plugintestslughere/tests/unit/tests/customize/setting.php" line="476" assertions="5" time="0.034028"/>
        <testcase name="test_update_custom_type" class="Tests_WP_Customize_Setting" classname="Tests_WP_Customize_Setting" file="/var/www/html/test/wordpress_test/inpsyde_test/test/wp-content/plugins/plugintestslughere/tests/unit/tests/customize/setting.php" line="494" assertions="16" time="0.175042"/>
        <testcase name="test_is_current_blog_previewed" class="Tests_WP_Customize_Setting" classname="Tests_WP_Customize_Setting" file="/var/www/html/test/wordpress_test/inpsyde_test/test/wp-content/plugins/plugintestslughere/tests/unit/tests/customize/setting.php" line="553" assertions="5" time="0.197466"/>
        <testcase name="test_option_autoloading" class="Tests_WP_Customize_Setting" classname="Tests_WP_Customize_Setting" file="/var/www/html/test/wordpress_test/inpsyde_test/test/wp-content/plugins/plugintestslughere/tests/unit/tests/customize/setting.php" line="597" assertions="7" time="0.162965"/>
        <testcase name="test_js_value" class="Tests_WP_Customize_Setting" classname="Tests_WP_Customize_Setting" file="/var/www/html/test/wordpress_test/inpsyde_test/test/wp-content/plugins/plugintestslughere/tests/unit/tests/customize/setting.php" line="677" assertions="10" time="0.032536"/>
        <testcase name="test_validate" class="Tests_WP_Customize_Setting" classname="Tests_WP_Customize_Setting" file="/var/www/html/test/wordpress_test/inpsyde_test/test/wp-content/plugins/plugintestslughere/tests/unit/tests/customize/setting.php" line="707" assertions="4" time="0.033067"/>
        <testcase name="test_multidimensional_value_when_previewed" class="Tests_WP_Customize_Setting" classname="Tests_WP_Customize_Setting" file="/var/www/html/test/wordpress_test/inpsyde_test/test/wp-content/plugins/plugintestslughere/tests/unit/tests/customize/setting.php" line="745" assertions="2" time="0.142727"/>
      </testsuite>
      <testsuite name="Tests_WP_Customize_Widgets" file="/var/www/html/test/wordpress_test/inpsyde_test/test/wp-content/plugins/plugintestslughere/tests/unit/tests/customize/widgets.php" tests="22" assertions="293" errors="0" failures="0" skipped="0" time="6.616772">
        <testcase name="test_construct" class="Tests_WP_Customize_Widgets" classname="Tests_WP_Customize_Widgets" file="/var/www/html/test/wordpress_test/inpsyde_test/test/wp-content/plugins/plugintestslughere/tests/unit/tests/customize/widgets.php" line="91" assertions="8" time="0.258055"/>
        <testcase name="test_customize_register_with_deleted_sidebars" class="Tests_WP_Customize_Widgets" classname="Tests_WP_Customize_Widgets" file="/var/www/html/test/wordpress_test/inpsyde_test/test/wp-content/plugins/plugintestslughere/tests/unit/tests/customize/widgets.php" line="103" assertions="7" time="1.672999"/>
        <testcase name="test_get_selective_refreshable_widgets_when_theme_supports" class="Tests_WP_Customize_Widgets" classname="Tests_WP_Customize_Widgets" file="/var/www/html/test/wordpress_test/inpsyde_test/test/wp-content/plugins/plugintestslughere/tests/unit/tests/customize/widgets.php" line="116" assertions="12" time="0.286548"/>
        <testcase name="test_get_selective_refreshable_widgets_when_no_theme_supports" class="Tests_WP_Customize_Widgets" classname="Tests_WP_Customize_Widgets" file="/var/www/html/test/wordpress_test/inpsyde_test/test/wp-content/plugins/plugintestslughere/tests/unit/tests/customize/widgets.php" line="136" assertions="7" time="0.253499"/>
        <testcase name="test_is_widget_selective_refreshable" class="Tests_WP_Customize_Widgets" classname="Tests_WP_Customize_Widgets" file="/var/www/html/test/wordpress_test/inpsyde_test/test/wp-content/plugins/plugintestslughere/tests/unit/tests/customize/widgets.php" line="160" assertions="9" time="0.287681"/>
        <testcase name="test_register_settings" class="Tests_WP_Customize_Widgets" classname="Tests_WP_Customize_Widgets" file="/var/www/html/test/wordpress_test/inpsyde_test/test/wp-content/plugins/plugintestslughere/tests/unit/tests/customize/widgets.php" line="176" assertions="15" time="0.251485"/>
        <testcase name="test_register_settings_without_selective_refresh" class="Tests_WP_Customize_Widgets" classname="Tests_WP_Customize_Widgets" file="/var/www/html/test/wordpress_test/inpsyde_test/test/wp-content/plugins/plugintestslughere/tests/unit/tests/customize/widgets.php" line="228" assertions="15" time="0.242132"/>
        <testcase name="test_register_settings_with_late_theme_support_added" class="Tests_WP_Customize_Widgets" classname="Tests_WP_Customize_Widgets" file="/var/www/html/test/wordpress_test/inpsyde_test/test/wp-content/plugins/plugintestslughere/tests/unit/tests/customize/widgets.php" line="238" assertions="15" time="0.253080"/>
        <testcase name="test_get_setting_args" class="Tests_WP_Customize_Widgets" classname="Tests_WP_Customize_Widgets" file="/var/www/html/test/wordpress_test/inpsyde_test/test/wp-content/plugins/plugintestslughere/tests/unit/tests/customize/widgets.php" line="254" assertions="41" time="0.264696"/>
        <testcase name="test_sanitize_widget_js_instance" class="Tests_WP_Customize_Widgets" classname="Tests_WP_Customize_Widgets" file="/var/www/html/test/wordpress_test/inpsyde_test/test/wp-content/plugins/plugintestslughere/tests/unit/tests/customize/widgets.php" line="343" assertions="13" time="0.241969"/>
        <testcase name="test_get_widget_control" class="Tests_WP_Customize_Widgets" classname="Tests_WP_Customize_Widgets" file="/var/www/html/test/wordpress_test/inpsyde_test/test/wp-content/plugins/plugintestslughere/tests/unit/tests/customize/widgets.php" line="394" assertions="10" time="0.340942"/>
        <testcase name="test_get_widget_control_parts" class="Tests_WP_Customize_Widgets" classname="Tests_WP_Customize_Widgets" file="/var/www/html/test/wordpress_test/inpsyde_test/test/wp-content/plugins/plugintestslughere/tests/unit/tests/customize/widgets.php" line="407" assertions="13" time="0.241474"/>
        <testcase name="test_wp_widget_form_customize_control_json" class="Tests_WP_Customize_Widgets" classname="Tests_WP_Customize_Widgets" file="/var/www/html/test/wordpress_test/inpsyde_test/test/wp-content/plugins/plugintestslughere/tests/unit/tests/customize/widgets.php" line="423" assertions="18" time="0.253213"/>
        <testcase name="test_is_panel_active" class="Tests_WP_Customize_Widgets" classname="Tests_WP_Customize_Widgets" file="/var/www/html/test/wordpress_test/inpsyde_test/test/wp-content/plugins/plugintestslughere/tests/unit/tests/customize/widgets.php" line="445" assertions="11" time="0.341002"/>
        <testcase name="test_call_widget_update" class="Tests_WP_Customize_Widgets" classname="Tests_WP_Customize_Widgets" file="/var/www/html/test/wordpress_test/inpsyde_test/test/wp-content/plugins/plugintestslughere/tests/unit/tests/customize/widgets.php" line="462" assertions="19" time="0.252799"/>
        <testcase name="test_customize_dynamic_partial_args" class="Tests_WP_Customize_Widgets" classname="Tests_WP_Customize_Widgets" file="/var/www/html/test/wordpress_test/inpsyde_test/test/wp-content/plugins/plugintestslughere/tests/unit/tests/customize/widgets.php" line="518" assertions="16" time="0.164516"/>
        <testcase name="test_selective_refresh_init_with_theme_support" class="Tests_WP_Customize_Widgets" classname="Tests_WP_Customize_Widgets" file="/var/www/html/test/wordpress_test/inpsyde_test/test/wp-content/plugins/plugintestslughere/tests/unit/tests/customize/widgets.php" line="544" assertions="10" time="0.131837"/>
        <testcase name="test_selective_refresh_init_without_theme_support" class="Tests_WP_Customize_Widgets" classname="Tests_WP_Customize_Widgets" file="/var/www/html/test/wordpress_test/inpsyde_test/test/wp-content/plugins/plugintestslughere/tests/unit/tests/customize/widgets.php" line="558" assertions="10" time="0.132061"/>
        <testcase name="test_customize_preview_enqueue" class="Tests_WP_Customize_Widgets" classname="Tests_WP_Customize_Widgets" file="/var/www/html/test/wordpress_test/inpsyde_test/test/wp-content/plugins/plugintestslughere/tests/unit/tests/customize/widgets.php" line="572" assertions="9" time="0.153241"/>
        <testcase name="test_filter_dynamic_sidebar_params" class="Tests_WP_Customize_Widgets" classname="Tests_WP_Customize_Widgets" file="/var/www/html/test/wordpress_test/inpsyde_test/test/wp-content/plugins/plugintestslughere/tests/unit/tests/customize/widgets.php" line="587" assertions="15" time="0.209255"/>
        <testcase name="test_render_widget_partial" class="Tests_WP_Customize_Widgets" classname="Tests_WP_Customize_Widgets" file="/var/www/html/test/wordpress_test/inpsyde_test/test/wp-content/plugins/plugintestslughere/tests/unit/tests/customize/widgets.php" line="642" assertions="13" time="0.263645"/>
        <testcase name="test_deprecated_methods" class="Tests_WP_Customize_Widgets" classname="Tests_WP_Customize_Widgets" file="/var/www/html/test/wordpress_test/inpsyde_test/test/wp-content/plugins/plugintestslughere/tests/unit/tests/customize/widgets.php" line="666" assertions="7" time="0.120642"/>
      </testsuite>
      <testsuite name="Tests_Date_Current_Time" file="/var/www/html/test/wordpress_test/inpsyde_test/test/wp-content/plugins/plugintestslughere/tests/unit/tests/date/currentTime.php" tests="6" assertions="17" errors="0" failures="0" skipped="0" time="0.619852">
        <testcase name="test_current_time_with_date_format_string" class="Tests_Date_Current_Time" classname="Tests_Date_Current_Time" file="/var/www/html/test/wordpress_test/inpsyde_test/test/wp-content/plugins/plugintestslughere/tests/unit/tests/date/currentTime.php" line="12" assertions="2" time="0.071341"/>
        <testcase name="test_current_time_with_mysql_format" class="Tests_Date_Current_Time" classname="Tests_Date_Current_Time" file="/var/www/html/test/wordpress_test/inpsyde_test/test/wp-content/plugins/plugintestslughere/tests/unit/tests/date/currentTime.php" line="26" assertions="2" time="0.087382"/>
        <testcase name="test_current_time_with_timestamp" class="Tests_Date_Current_Time" classname="Tests_Date_Current_Time" file="/var/www/html/test/wordpress_test/inpsyde_test/test/wp-content/plugins/plugintestslughere/tests/unit/tests/date/currentTime.php" line="40" assertions="2" time="0.076626"/>
        <testcase name="test_should_work_with_changed_timezone" class="Tests_Date_Current_Time" classname="Tests_Date_Current_Time" file="/var/www/html/test/wordpress_test/inpsyde_test/test/wp-content/plugins/plugintestslughere/tests/unit/tests/date/currentTime.php" line="55" assertions="4" time="0.173983"/>
        <testcase name="test_should_return_wp_timestamp" class="Tests_Date_Current_Time" classname="Tests_Date_Current_Time" file="/var/www/html/test/wordpress_test/inpsyde_test/test/wp-content/plugins/plugintestslughere/tests/unit/tests/date/currentTime.php" line="82" assertions="5" time="0.133875"/>
        <testcase name="test_should_return_correct_local_time" class="Tests_Date_Current_Time" classname="Tests_Date_Current_Time" file="/var/www/html/test/wordpress_test/inpsyde_test/test/wp-content/plugins/plugintestslughere/tests/unit/tests/date/currentTime.php" line="107" assertions="2" time="0.076645"/>
      </testsuite>
      <testsuite name="Tests_Date_I18n" file="/var/www/html/test/wordpress_test/inpsyde_test/test/wp-content/plugins/plugintestslughere/tests/unit/tests/date/dateI18n.php" tests="20" assertions="25" errors="0" failures="0" skipped="0" time="1.275133">
        <testcase name="test_should_return_current_time_on_invalid_timestamp" class="Tests_Date_I18n" classname="Tests_Date_I18n" file="/var/www/html/test/wordpress_test/inpsyde_test/test/wp-content/plugins/plugintestslughere/tests/unit/tests/date/dateI18n.php" line="12" assertions="1" time="0.072399"/>
        <testcase name="test_should_handle_zero_timestamp" class="Tests_Date_I18n" classname="Tests_Date_I18n" file="/var/www/html/test/wordpress_test/inpsyde_test/test/wp-content/plugins/plugintestslughere/tests/unit/tests/date/dateI18n.php" line="25" assertions="2" time="0.065908"/>
        <testcase name="test_should_format_date" class="Tests_Date_I18n" classname="Tests_Date_I18n" file="/var/www/html/test/wordpress_test/inpsyde_test/test/wp-content/plugins/plugintestslughere/tests/unit/tests/date/dateI18n.php" line="40" assertions="1" time="0.026875"/>
        <testcase name="test_should_use_custom_timestamp" class="Tests_Date_I18n" classname="Tests_Date_I18n" file="/var/www/html/test/wordpress_test/inpsyde_test/test/wp-content/plugins/plugintestslughere/tests/unit/tests/date/dateI18n.php" line="44" assertions="1" time="0.026054"/>
        <testcase name="test_date_should_be_in_gmt" class="Tests_Date_I18n" classname="Tests_Date_I18n" file="/var/www/html/test/wordpress_test/inpsyde_test/test/wp-content/plugins/plugintestslughere/tests/unit/tests/date/dateI18n.php" line="48" assertions="1" time="0.031719"/>
        <testcase name="test_custom_timezone_setting" class="Tests_Date_I18n" classname="Tests_Date_I18n" file="/var/www/html/test/wordpress_test/inpsyde_test/test/wp-content/plugins/plugintestslughere/tests/unit/tests/date/dateI18n.php" line="52" assertions="1" time="0.068039"/>
        <testcase name="test_date_should_be_in_gmt_with_custom_timezone_setting" class="Tests_Date_I18n" classname="Tests_Date_I18n" file="/var/www/html/test/wordpress_test/inpsyde_test/test/wp-content/plugins/plugintestslughere/tests/unit/tests/date/dateI18n.php" line="58" assertions="1" time="0.064783"/>
        <testcase name="test_date_should_be_in_gmt_with_custom_timezone_setting_and_timestamp" class="Tests_Date_I18n" classname="Tests_Date_I18n" file="/var/www/html/test/wordpress_test/inpsyde_test/test/wp-content/plugins/plugintestslughere/tests/unit/tests/date/dateI18n.php" line="64" assertions="1" time="0.065900"/>
        <testcase name="test_adjusts_format_based_on_locale" class="Tests_Date_I18n" classname="Tests_Date_I18n" file="/var/www/html/test/wordpress_test/inpsyde_test/test/wp-content/plugins/plugintestslughere/tests/unit/tests/date/dateI18n.php" line="70" assertions="1" time="0.024343"/>
        <testcase name="test_adjusts_format_based_on_timezone_string" class="Tests_Date_I18n" classname="Tests_Date_I18n" file="/var/www/html/test/wordpress_test/inpsyde_test/test/wp-content/plugins/plugintestslughere/tests/unit/tests/date/dateI18n.php" line="93" assertions="1" time="0.073550"/>
        <testcase name="test_gmt_offset_should_output_correct_timezone" class="Tests_Date_I18n" classname="Tests_Date_I18n" file="/var/www/html/test/wordpress_test/inpsyde_test/test/wp-content/plugins/plugintestslughere/tests/unit/tests/date/dateI18n.php" line="102" assertions="1" time="0.065757"/>
        <testsuite name="Tests_Date_I18n::test_date_i18n_handles_shorthand_formats" tests="2" assertions="4" errors="0" failures="0" skipped="0" time="0.233351">
          <testcase name="test_date_i18n_handles_shorthand_formats with data set #0" class="Tests_Date_I18n" classname="Tests_Date_I18n" file="/var/www/html/test/wordpress_test/inpsyde_test/test/wp-content/plugins/plugintestslughere/tests/unit/tests/date/dateI18n.php" line="121" assertions="2" time="0.065831"/>
          <testcase name="test_date_i18n_handles_shorthand_formats with data set #1" class="Tests_Date_I18n" classname="Tests_Date_I18n" file="/var/www/html/test/wordpress_test/inpsyde_test/test/wp-content/plugins/plugintestslughere/tests/unit/tests/date/dateI18n.php" line="121" assertions="2" time="0.167520"/>
        </testsuite>
        <testcase name="test_should_return_wp_timestamp" class="Tests_Date_I18n" classname="Tests_Date_I18n" file="/var/www/html/test/wordpress_test/inpsyde_test/test/wp-content/plugins/plugintestslughere/tests/unit/tests/date/dateI18n.php" line="144" assertions="3" time="0.095657"/>
        <testcase name="test_swatch_internet_time_with_wp_timestamp" class="Tests_Date_I18n" classname="Tests_Date_I18n" file="/var/www/html/test/wordpress_test/inpsyde_test/test/wp-content/plugins/plugintestslughere/tests/unit/tests/date/dateI18n.php" line="159" assertions="1" time="0.065618"/>
        <testcase name="test_should_handle_escaped_formats" class="Tests_Date_I18n" classname="Tests_Date_I18n" file="/var/www/html/test/wordpress_test/inpsyde_test/test/wp-content/plugins/plugintestslughere/tests/unit/tests/date/dateI18n.php" line="168" assertions="1" time="0.026892"/>
        <testsuite name="Tests_Date_I18n::test_should_handle_dst" tests="4" assertions="4" errors="0" failures="0" skipped="0" time="0.268288">
          <testcase name="test_should_handle_dst with data set &quot;Before DST start&quot;" class="Tests_Date_I18n" classname="Tests_Date_I18n" file="/var/www/html/test/wordpress_test/inpsyde_test/test/wp-content/plugins/plugintestslughere/tests/unit/tests/date/dateI18n.php" line="182" assertions="1" time="0.071076"/>
          <testcase name="test_should_handle_dst with data set &quot;After DST start&quot;" class="Tests_Date_I18n" classname="Tests_Date_I18n" file="/var/www/html/test/wordpress_test/inpsyde_test/test/wp-content/plugins/plugintestslughere/tests/unit/tests/date/dateI18n.php" line="182" assertions="1" time="0.065656"/>
          <testcase name="test_should_handle_dst with data set &quot;Before DST end&quot;" class="Tests_Date_I18n" classname="Tests_Date_I18n" file="/var/www/html/test/wordpress_test/inpsyde_test/test/wp-content/plugins/plugintestslughere/tests/unit/tests/date/dateI18n.php" line="182" assertions="1" time="0.065641"/>
          <testcase name="test_should_handle_dst with data set &quot;After DST end&quot;" class="Tests_Date_I18n" classname="Tests_Date_I18n" file="/var/www/html/test/wordpress_test/inpsyde_test/test/wp-content/plugins/plugintestslughere/tests/unit/tests/date/dateI18n.php" line="182" assertions="1" time="0.065915"/>
        </testsuite>
      </testsuite>
      <testsuite name="Tests_Date_Get_Comment_Date" file="/var/www/html/test/wordpress_test/inpsyde_test/test/wp-content/plugins/plugintestslughere/tests/unit/tests/date/getCommentDate.php" tests="4" assertions="6" errors="0" failures="0" skipped="0" time="0.431900">
        <testcase name="test_get_comment_date_returns_correct_time_with_comment_id" class="Tests_Date_Get_Comment_Date" classname="Tests_Date_Get_Comment_Date" file="/var/www/html/test/wordpress_test/inpsyde_test/test/wp-content/plugins/plugintestslughere/tests/unit/tests/date/getCommentDate.php" line="13" assertions="1" time="0.092162"/>
        <testcase name="test_get_comment_date_returns_correct_time_with_empty_format" class="Tests_Date_Get_Comment_Date" classname="Tests_Date_Get_Comment_Date" file="/var/www/html/test/wordpress_test/inpsyde_test/test/wp-content/plugins/plugintestslughere/tests/unit/tests/date/getCommentDate.php" line="22" assertions="2" time="0.154149"/>
        <testcase name="test_get_comment_time_returns_correct_time" class="Tests_Date_Get_Comment_Date" classname="Tests_Date_Get_Comment_Date" file="/var/www/html/test/wordpress_test/inpsyde_test/test/wp-content/plugins/plugintestslughere/tests/unit/tests/date/getCommentDate.php" line="32" assertions="1" time="0.079498"/>
        <testcase name="test_get_comment_time_returns_correct_time_with_empty_format" class="Tests_Date_Get_Comment_Date" classname="Tests_Date_Get_Comment_Date" file="/var/www/html/test/wordpress_test/inpsyde_test/test/wp-content/plugins/plugintestslughere/tests/unit/tests/date/getCommentDate.php" line="42" assertions="2" time="0.106091"/>
      </testsuite>
      <testsuite name="Tests_Date_Get_Feed_Build_Date" file="/var/www/html/test/wordpress_test/inpsyde_test/test/wp-content/plugins/plugintestslughere/tests/unit/tests/date/getFeedBuildDate.php" tests="2" assertions="4" errors="0" failures="0" skipped="0" time="0.236331">
        <testcase name="test_should_return_correct_feed_build_date" class="Tests_Date_Get_Feed_Build_Date" classname="Tests_Date_Get_Feed_Build_Date" file="/var/www/html/test/wordpress_test/inpsyde_test/test/wp-content/plugins/plugintestslughere/tests/unit/tests/date/getFeedBuildDate.php" line="23" assertions="1" time="0.104791"/>
        <testcase name="test_should_fall_back_to_last_post_modified" class="Tests_Date_Get_Feed_Build_Date" classname="Tests_Date_Get_Feed_Build_Date" file="/var/www/html/test/wordpress_test/inpsyde_test/test/wp-content/plugins/plugintestslughere/tests/unit/tests/date/getFeedBuildDate.php" line="46" assertions="3" time="0.131540"/>
      </testsuite>
      <testsuite name="Tests_Date_Get_Permalink" file="/var/www/html/test/wordpress_test/inpsyde_test/test/wp-content/plugins/plugintestslughere/tests/unit/tests/date/getPermalink.php" tests="1" assertions="2" errors="0" failures="0" skipped="0" time="0.095162">
        <testcase name="test_should_return_correct_date_permalink_with_changed_time_zone" class="Tests_Date_Get_Permalink" classname="Tests_Date_Get_Permalink" file="/var/www/html/test/wordpress_test/inpsyde_test/test/wp-content/plugins/plugintestslughere/tests/unit/tests/date/getPermalink.php" line="22" assertions="2" time="0.095162"/>
      </testsuite>
      <testsuite name="Tests_Date_Get_Post_Time" file="/var/www/html/test/wordpress_test/inpsyde_test/test/wp-content/plugins/plugintestslughere/tests/unit/tests/date/getPostTime.php" tests="7" assertions="28" errors="0" failures="0" skipped="0" time="1.379042">
        <testcase name="test_get_post_time_returns_correct_time_with_post_id" class="Tests_Date_Get_Post_Time" classname="Tests_Date_Get_Post_Time" file="/var/www/html/test/wordpress_test/inpsyde_test/test/wp-content/plugins/plugintestslughere/tests/unit/tests/date/getPostTime.php" line="13" assertions="1" time="0.092681"/>
        <testcase name="test_get_post_time_returns_false_with_null_or_non_existing_post" class="Tests_Date_Get_Post_Time" classname="Tests_Date_Get_Post_Time" file="/var/www/html/test/wordpress_test/inpsyde_test/test/wp-content/plugins/plugintestslughere/tests/unit/tests/date/getPostTime.php" line="22" assertions="4" time="0.023944"/>
        <testcase name="test_get_post_modified_time_returns_correct_time_with_post_id" class="Tests_Date_Get_Post_Time" classname="Tests_Date_Get_Post_Time" file="/var/www/html/test/wordpress_test/inpsyde_test/test/wp-content/plugins/plugintestslughere/tests/unit/tests/date/getPostTime.php" line="32" assertions="1" time="0.085385"/>
        <testcase name="test_get_post_modified_time_returns_false_with_null_or_non_existing_post" class="Tests_Date_Get_Post_Time" classname="Tests_Date_Get_Post_Time" file="/var/www/html/test/wordpress_test/inpsyde_test/test/wp-content/plugins/plugintestslughere/tests/unit/tests/date/getPostTime.php" line="41" assertions="4" time="0.025224"/>
        <testcase name="test_should_return_wp_timestamp" class="Tests_Date_Get_Post_Time" classname="Tests_Date_Get_Post_Time" file="/var/www/html/test/wordpress_test/inpsyde_test/test/wp-content/plugins/plugintestslughere/tests/unit/tests/date/getPostTime.php" line="51" assertions="8" time="0.106194"/>
        <testcase name="test_should_return_time" class="Tests_Date_Get_Post_Time" classname="Tests_Date_Get_Post_Time" file="/var/www/html/test/wordpress_test/inpsyde_test/test/wp-content/plugins/plugintestslughere/tests/unit/tests/date/getPostTime.php" line="80" assertions="8" time="0.099658"/>
        <testcase name="test_should_keep_utc_time_on_timezone_change" class="Tests_Date_Get_Post_Time" classname="Tests_Date_Get_Post_Time" file="/var/www/html/test/wordpress_test/inpsyde_test/test/wp-content/plugins/plugintestslughere/tests/unit/tests/date/getPostTime.php" line="108" assertions="2" time="0.945956"/>
      </testsuite>
      <testsuite name="Tests_Date_Get_The_Date" file="/var/www/html/test/wordpress_test/inpsyde_test/test/wp-content/plugins/plugintestslughere/tests/unit/tests/date/getTheDate.php" tests="6" assertions="14" errors="0" failures="0" skipped="0" time="0.470035">
        <testcase name="test_get_the_date_returns_correct_time_with_post_id" class="Tests_Date_Get_The_Date" classname="Tests_Date_Get_The_Date" file="/var/www/html/test/wordpress_test/inpsyde_test/test/wp-content/plugins/plugintestslughere/tests/unit/tests/date/getTheDate.php" line="13" assertions="1" time="0.129871"/>
        <testcase name="test_get_the_date_returns_false_with_null_or_non_existing_post" class="Tests_Date_Get_The_Date" classname="Tests_Date_Get_The_Date" file="/var/www/html/test/wordpress_test/inpsyde_test/test/wp-content/plugins/plugintestslughere/tests/unit/tests/date/getTheDate.php" line="22" assertions="4" time="0.031709"/>
        <testcase name="test_get_the_date_returns_correct_time_with_empty_format" class="Tests_Date_Get_The_Date" classname="Tests_Date_Get_The_Date" file="/var/www/html/test/wordpress_test/inpsyde_test/test/wp-content/plugins/plugintestslughere/tests/unit/tests/date/getTheDate.php" line="32" assertions="2" time="0.099489"/>
        <testcase name="test_get_the_time_returns_correct_time_with_post_id" class="Tests_Date_Get_The_Date" classname="Tests_Date_Get_The_Date" file="/var/www/html/test/wordpress_test/inpsyde_test/test/wp-content/plugins/plugintestslughere/tests/unit/tests/date/getTheDate.php" line="42" assertions="1" time="0.087786"/>
        <testcase name="test_get_the_time_returns_false_with_null_or_non_existing_post" class="Tests_Date_Get_The_Date" classname="Tests_Date_Get_The_Date" file="/var/www/html/test/wordpress_test/inpsyde_test/test/wp-content/plugins/plugintestslughere/tests/unit/tests/date/getTheDate.php" line="51" assertions="4" time="0.026768"/>
        <testcase name="test_get_the_time_returns_correct_time_with_empty_format" class="Tests_Date_Get_The_Date" classname="Tests_Date_Get_The_Date" file="/var/www/html/test/wordpress_test/inpsyde_test/test/wp-content/plugins/plugintestslughere/tests/unit/tests/date/getTheDate.php" line="61" assertions="2" time="0.094412"/>
      </testsuite>
      <testsuite name="Tests_Date_Get_The_Modified_Date" file="/var/www/html/test/wordpress_test/inpsyde_test/test/wp-content/plugins/plugintestslughere/tests/unit/tests/date/getTheModifiedDate.php" tests="10" assertions="20" errors="0" failures="0" skipped="0" time="0.717308">
        <testcase name="test_get_the_modified_date_with_post_id" class="Tests_Date_Get_The_Modified_Date" classname="Tests_Date_Get_The_Modified_Date" file="/var/www/html/test/wordpress_test/inpsyde_test/test/wp-content/plugins/plugintestslughere/tests/unit/tests/date/getTheModifiedDate.php" line="17" assertions="1" time="0.093001"/>
        <testcase name="test_get_the_modified_date_default" class="Tests_Date_Get_The_Modified_Date" classname="Tests_Date_Get_The_Modified_Date" file="/var/www/html/test/wordpress_test/inpsyde_test/test/wp-content/plugins/plugintestslughere/tests/unit/tests/date/getTheModifiedDate.php" line="36" assertions="1" time="0.098454"/>
        <testcase name="test_get_the_modified_date_failures_are_filtered" class="Tests_Date_Get_The_Modified_Date" classname="Tests_Date_Get_The_Modified_Date" file="/var/www/html/test/wordpress_test/inpsyde_test/test/wp-content/plugins/plugintestslughere/tests/unit/tests/date/getTheModifiedDate.php" line="59" assertions="2" time="0.023924"/>
        <testcase name="test_get_the_modified_date_returns_false_with_null_or_non_existing_post" class="Tests_Date_Get_The_Modified_Date" classname="Tests_Date_Get_The_Modified_Date" file="/var/www/html/test/wordpress_test/inpsyde_test/test/wp-content/plugins/plugintestslughere/tests/unit/tests/date/getTheModifiedDate.php" line="84" assertions="4" time="0.024827"/>
        <testcase name="test_get_the_modified_date_returns_correct_time_with_empty_format" class="Tests_Date_Get_The_Modified_Date" classname="Tests_Date_Get_The_Modified_Date" file="/var/www/html/test/wordpress_test/inpsyde_test/test/wp-content/plugins/plugintestslughere/tests/unit/tests/date/getTheModifiedDate.php" line="94" assertions="2" time="0.093943"/>
        <testcase name="test_get_the_modified_time_with_post_id" class="Tests_Date_Get_The_Modified_Date" classname="Tests_Date_Get_The_Modified_Date" file="/var/www/html/test/wordpress_test/inpsyde_test/test/wp-content/plugins/plugintestslughere/tests/unit/tests/date/getTheModifiedDate.php" line="108" assertions="1" time="0.131247"/>
        <testcase name="test_get_the_modified_time_default" class="Tests_Date_Get_The_Modified_Date" classname="Tests_Date_Get_The_Modified_Date" file="/var/www/html/test/wordpress_test/inpsyde_test/test/wp-content/plugins/plugintestslughere/tests/unit/tests/date/getTheModifiedDate.php" line="127" assertions="1" time="0.109697"/>
        <testcase name="test_get_the_modified_time_failures_are_filtered" class="Tests_Date_Get_The_Modified_Date" classname="Tests_Date_Get_The_Modified_Date" file="/var/www/html/test/wordpress_test/inpsyde_test/test/wp-content/plugins/plugintestslughere/tests/unit/tests/date/getTheModifiedDate.php" line="150" assertions="2" time="0.025899"/>
        <testcase name="test_get_the_modified_time_returns_false_with_null_or_non_existing_post" class="Tests_Date_Get_The_Modified_Date" classname="Tests_Date_Get_The_Modified_Date" file="/var/www/html/test/wordpress_test/inpsyde_test/test/wp-content/plugins/plugintestslughere/tests/unit/tests/date/getTheModifiedDate.php" line="175" assertions="4" time="0.023784"/>
        <testcase name="test_get_the_modified_time_returns_correct_time_with_empty_format" class="Tests_Date_Get_The_Modified_Date" classname="Tests_Date_Get_The_Modified_Date" file="/var/www/html/test/wordpress_test/inpsyde_test/test/wp-content/plugins/plugintestslughere/tests/unit/tests/date/getTheModifiedDate.php" line="185" assertions="2" time="0.092531"/>
      </testsuite>
      <testsuite name="Tests_Functions_MaybeDeclineDate" file="/var/www/html/test/wordpress_test/inpsyde_test/test/wp-content/plugins/plugintestslughere/tests/unit/tests/date/maybeDeclineDate.php" tests="15" assertions="15" errors="0" failures="0" skipped="0" time="0.374105">
        <testsuite name="Tests_Functions_MaybeDeclineDate::test_wp_maybe_decline_date" tests="15" assertions="15" errors="0" failures="0" skipped="0" time="0.374105">
          <testcase name="test_wp_maybe_decline_date with data set #0" class="Tests_Functions_MaybeDeclineDate" classname="Tests_Functions_MaybeDeclineDate" file="/var/www/html/test/wordpress_test/inpsyde_test/test/wp-content/plugins/plugintestslughere/tests/unit/tests/date/maybeDeclineDate.php" line="45" assertions="1" time="0.031705"/>
          <testcase name="test_wp_maybe_decline_date with data set #1" class="Tests_Functions_MaybeDeclineDate" classname="Tests_Functions_MaybeDeclineDate" file="/var/www/html/test/wordpress_test/inpsyde_test/test/wp-content/plugins/plugintestslughere/tests/unit/tests/date/maybeDeclineDate.php" line="45" assertions="1" time="0.029990"/>
          <testcase name="test_wp_maybe_decline_date with data set #2" class="Tests_Functions_MaybeDeclineDate" classname="Tests_Functions_MaybeDeclineDate" file="/var/www/html/test/wordpress_test/inpsyde_test/test/wp-content/plugins/plugintestslughere/tests/unit/tests/date/maybeDeclineDate.php" line="45" assertions="1" time="0.025846"/>
          <testcase name="test_wp_maybe_decline_date with data set #3" class="Tests_Functions_MaybeDeclineDate" classname="Tests_Functions_MaybeDeclineDate" file="/var/www/html/test/wordpress_test/inpsyde_test/test/wp-content/plugins/plugintestslughere/tests/unit/tests/date/maybeDeclineDate.php" line="45" assertions="1" time="0.024089"/>
          <testcase name="test_wp_maybe_decline_date with data set #4" class="Tests_Functions_MaybeDeclineDate" classname="Tests_Functions_MaybeDeclineDate" file="/var/www/html/test/wordpress_test/inpsyde_test/test/wp-content/plugins/plugintestslughere/tests/unit/tests/date/maybeDeclineDate.php" line="45" assertions="1" time="0.022855"/>
          <testcase name="test_wp_maybe_decline_date with data set #5" class="Tests_Functions_MaybeDeclineDate" classname="Tests_Functions_MaybeDeclineDate" file="/var/www/html/test/wordpress_test/inpsyde_test/test/wp-content/plugins/plugintestslughere/tests/unit/tests/date/maybeDeclineDate.php" line="45" assertions="1" time="0.024229"/>
          <testcase name="test_wp_maybe_decline_date with data set #6" class="Tests_Functions_MaybeDeclineDate" classname="Tests_Functions_MaybeDeclineDate" file="/var/www/html/test/wordpress_test/inpsyde_test/test/wp-content/plugins/plugintestslughere/tests/unit/tests/date/maybeDeclineDate.php" line="45" assertions="1" time="0.024507"/>
          <testcase name="test_wp_maybe_decline_date with data set #7" class="Tests_Functions_MaybeDeclineDate" classname="Tests_Functions_MaybeDeclineDate" file="/var/www/html/test/wordpress_test/inpsyde_test/test/wp-content/plugins/plugintestslughere/tests/unit/tests/date/maybeDeclineDate.php" line="45" assertions="1" time="0.022981"/>
          <testcase name="test_wp_maybe_decline_date with data set #8" class="Tests_Functions_MaybeDeclineDate" classname="Tests_Functions_MaybeDeclineDate" file="/var/www/html/test/wordpress_test/inpsyde_test/test/wp-content/plugins/plugintestslughere/tests/unit/tests/date/maybeDeclineDate.php" line="45" assertions="1" time="0.025896"/>
          <testcase name="test_wp_maybe_decline_date with data set #9" class="Tests_Functions_MaybeDeclineDate" classname="Tests_Functions_MaybeDeclineDate" file="/var/www/html/test/wordpress_test/inpsyde_test/test/wp-content/plugins/plugintestslughere/tests/unit/tests/date/maybeDeclineDate.php" line="45" assertions="1" time="0.023274"/>
          <testcase name="test_wp_maybe_decline_date with data set #10" class="Tests_Functions_MaybeDeclineDate" classname="Tests_Functions_MaybeDeclineDate" file="/var/www/html/test/wordpress_test/inpsyde_test/test/wp-content/plugins/plugintestslughere/tests/unit/tests/date/maybeDeclineDate.php" line="45" assertions="1" time="0.023851"/>
          <testcase name="test_wp_maybe_decline_date with data set #11" class="Tests_Functions_MaybeDeclineDate" classname="Tests_Functions_MaybeDeclineDate" file="/var/www/html/test/wordpress_test/inpsyde_test/test/wp-content/plugins/plugintestslughere/tests/unit/tests/date/maybeDeclineDate.php" line="45" assertions="1" time="0.022753"/>
          <testcase name="test_wp_maybe_decline_date with data set #12" class="Tests_Functions_MaybeDeclineDate" classname="Tests_Functions_MaybeDeclineDate" file="/var/www/html/test/wordpress_test/inpsyde_test/test/wp-content/plugins/plugintestslughere/tests/unit/tests/date/maybeDeclineDate.php" line="45" assertions="1" time="0.024513"/>
          <testcase name="test_wp_maybe_decline_date with data set #13" class="Tests_Functions_MaybeDeclineDate" classname="Tests_Functions_MaybeDeclineDate" file="/var/www/html/test/wordpress_test/inpsyde_test/test/wp-content/plugins/plugintestslughere/tests/unit/tests/date/maybeDeclineDate.php" line="45" assertions="1" time="0.023223"/>
          <testcase name="test_wp_maybe_decline_date with data set #14" class="Tests_Functions_MaybeDeclineDate" classname="Tests_Functions_MaybeDeclineDate" file="/var/www/html/test/wordpress_test/inpsyde_test/test/wp-content/plugins/plugintestslughere/tests/unit/tests/date/maybeDeclineDate.php" line="45" assertions="1" time="0.024393"/>
        </testsuite>
      </testsuite>
      <testsuite name="Tests_Date_mysql2date" file="/var/www/html/test/wordpress_test/inpsyde_test/test/wp-content/plugins/plugintestslughere/tests/unit/tests/date/mysql2date.php" tests="6" assertions="11" errors="0" failures="0" skipped="0" time="0.376328">
        <testcase name="test_mysql2date_returns_false_with_no_date" class="Tests_Date_mysql2date" classname="Tests_Date_mysql2date" file="/var/www/html/test/wordpress_test/inpsyde_test/test/wp-content/plugins/plugintestslughere/tests/unit/tests/date/mysql2date.php" line="19" assertions="1" time="0.025002"/>
        <testcase name="test_mysql2date_returns_gmt_or_unix_timestamp" class="Tests_Date_mysql2date" classname="Tests_Date_mysql2date" file="/var/www/html/test/wordpress_test/inpsyde_test/test/wp-content/plugins/plugintestslughere/tests/unit/tests/date/mysql2date.php" line="26" assertions="2" time="0.025930"/>
        <testcase name="test_mysql2date_should_format_time" class="Tests_Date_mysql2date" classname="Tests_Date_mysql2date" file="/var/www/html/test/wordpress_test/inpsyde_test/test/wp-content/plugins/plugintestslughere/tests/unit/tests/date/mysql2date.php" line="34" assertions="2" time="0.061840"/>
        <testcase name="test_mysql2date_should_format_time_with_changed_time_zone" class="Tests_Date_mysql2date" classname="Tests_Date_mysql2date" file="/var/www/html/test/wordpress_test/inpsyde_test/test/wp-content/plugins/plugintestslughere/tests/unit/tests/date/mysql2date.php" line="48" assertions="2" time="0.065834"/>
        <testcase name="test_mysql2date_should_return_wp_timestamp" class="Tests_Date_mysql2date" classname="Tests_Date_mysql2date" file="/var/www/html/test/wordpress_test/inpsyde_test/test/wp-content/plugins/plugintestslughere/tests/unit/tests/date/mysql2date.php" line="64" assertions="2" time="0.077106"/>
        <testcase name="test_mysql2date_should_return_unix_timestamp_for_gmt_time" class="Tests_Date_mysql2date" classname="Tests_Date_mysql2date" file="/var/www/html/test/wordpress_test/inpsyde_test/test/wp-content/plugins/plugintestslughere/tests/unit/tests/date/mysql2date.php" line="78" assertions="2" time="0.120616"/>
      </testsuite>
      <testsuite name="Tests_WP_Date_Query" file="/var/www/html/test/wordpress_test/inpsyde_test/test/wp-content/plugins/plugintestslughere/tests/unit/tests/date/query.php" tests="85" assertions="778" errors="0" failures="0" skipped="0" time="2.629140">
        <testcase name="test_construct_date_query_empty" class="Tests_WP_Date_Query" classname="Tests_WP_Date_Query" file="/var/www/html/test/wordpress_test/inpsyde_test/test/wp-content/plugins/plugintestslughere/tests/unit/tests/date/query.php" line="20" assertions="4" time="0.024215"/>
        <testcase name="test_construct_date_query_non_array" class="Tests_WP_Date_Query" classname="Tests_WP_Date_Query" file="/var/www/html/test/wordpress_test/inpsyde_test/test/wp-content/plugins/plugintestslughere/tests/unit/tests/date/query.php" line="28" assertions="4" time="0.023854"/>
        <testcase name="test_construct_relation_or_lowercase" class="Tests_WP_Date_Query" classname="Tests_WP_Date_Query" file="/var/www/html/test/wordpress_test/inpsyde_test/test/wp-content/plugins/plugintestslughere/tests/unit/tests/date/query.php" line="36" assertions="1" time="0.024096"/>
        <testcase name="test_construct_relation_invalid" class="Tests_WP_Date_Query" classname="Tests_WP_Date_Query" file="/var/www/html/test/wordpress_test/inpsyde_test/test/wp-content/plugins/plugintestslughere/tests/unit/tests/date/query.php" line="46" assertions="1" time="0.022983"/>
        <testcase name="test_construct_query_not_an_array_of_arrays" class="Tests_WP_Date_Query" classname="Tests_WP_Date_Query" file="/var/www/html/test/wordpress_test/inpsyde_test/test/wp-content/plugins/plugintestslughere/tests/unit/tests/date/query.php" line="56" assertions="1" time="0.028208"/>
        <testcase name="test_construct_query_contains_non_arrays" class="Tests_WP_Date_Query" classname="Tests_WP_Date_Query" file="/var/www/html/test/wordpress_test/inpsyde_test/test/wp-content/plugins/plugintestslughere/tests/unit/tests/date/query.php" line="84" assertions="1" time="0.023618"/>
        <testcase name="test_get_compare_empty" class="Tests_WP_Date_Query" classname="Tests_WP_Date_Query" file="/var/www/html/test/wordpress_test/inpsyde_test/test/wp-content/plugins/plugintestslughere/tests/unit/tests/date/query.php" line="116" assertions="1" time="0.022885"/>
        <testcase name="test_get_compare_equals" class="Tests_WP_Date_Query" classname="Tests_WP_Date_Query" file="/var/www/html/test/wordpress_test/inpsyde_test/test/wp-content/plugins/plugintestslughere/tests/unit/tests/date/query.php" line="121" assertions="1" time="0.023219"/>
        <testcase name="test_get_compare_not_equals" class="Tests_WP_Date_Query" classname="Tests_WP_Date_Query" file="/var/www/html/test/wordpress_test/inpsyde_test/test/wp-content/plugins/plugintestslughere/tests/unit/tests/date/query.php" line="132" assertions="1" time="0.025151"/>
        <testcase name="test_get_compare_greater_than" class="Tests_WP_Date_Query" classname="Tests_WP_Date_Query" file="/var/www/html/test/wordpress_test/inpsyde_test/test/wp-content/plugins/plugintestslughere/tests/unit/tests/date/query.php" line="143" assertions="1" time="0.025674"/>
        <testcase name="test_get_compare_greater_than_or_equal_to" class="Tests_WP_Date_Query" classname="Tests_WP_Date_Query" file="/var/www/html/test/wordpress_test/inpsyde_test/test/wp-content/plugins/plugintestslughere/tests/unit/tests/date/query.php" line="154" assertions="1" time="0.029011"/>
        <testcase name="test_get_compare_less_than" class="Tests_WP_Date_Query" classname="Tests_WP_Date_Query" file="/var/www/html/test/wordpress_test/inpsyde_test/test/wp-content/plugins/plugintestslughere/tests/unit/tests/date/query.php" line="165" assertions="1" time="0.025983"/>
        <testcase name="test_get_compare_less_than_or_equal_to" class="Tests_WP_Date_Query" classname="Tests_WP_Date_Query" file="/var/www/html/test/wordpress_test/inpsyde_test/test/wp-content/plugins/plugintestslughere/tests/unit/tests/date/query.php" line="176" assertions="1" time="0.026216"/>
        <testcase name="test_get_compare_in" class="Tests_WP_Date_Query" classname="Tests_WP_Date_Query" file="/var/www/html/test/wordpress_test/inpsyde_test/test/wp-content/plugins/plugintestslughere/tests/unit/tests/date/query.php" line="187" assertions="1" time="0.024204"/>
        <testcase name="test_get_compare_not_in" class="Tests_WP_Date_Query" classname="Tests_WP_Date_Query" file="/var/www/html/test/wordpress_test/inpsyde_test/test/wp-content/plugins/plugintestslughere/tests/unit/tests/date/query.php" line="198" assertions="1" time="0.023926"/>
        <testcase name="test_get_compare_between" class="Tests_WP_Date_Query" classname="Tests_WP_Date_Query" file="/var/www/html/test/wordpress_test/inpsyde_test/test/wp-content/plugins/plugintestslughere/tests/unit/tests/date/query.php" line="209" assertions="1" time="0.025262"/>
        <testcase name="test_get_compare_not_between" class="Tests_WP_Date_Query" classname="Tests_WP_Date_Query" file="/var/www/html/test/wordpress_test/inpsyde_test/test/wp-content/plugins/plugintestslughere/tests/unit/tests/date/query.php" line="220" assertions="1" time="0.023558"/>
        <testcase name="test_validate_column_post_date" class="Tests_WP_Date_Query" classname="Tests_WP_Date_Query" file="/var/www/html/test/wordpress_test/inpsyde_test/test/wp-content/plugins/plugintestslughere/tests/unit/tests/date/query.php" line="231" assertions="1" time="0.025329"/>
        <testcase name="test_validate_column_post_date_gmt" class="Tests_WP_Date_Query" classname="Tests_WP_Date_Query" file="/var/www/html/test/wordpress_test/inpsyde_test/test/wp-content/plugins/plugintestslughere/tests/unit/tests/date/query.php" line="238" assertions="1" time="0.024205"/>
        <testcase name="test_validate_column_post_modified" class="Tests_WP_Date_Query" classname="Tests_WP_Date_Query" file="/var/www/html/test/wordpress_test/inpsyde_test/test/wp-content/plugins/plugintestslughere/tests/unit/tests/date/query.php" line="245" assertions="1" time="0.024729"/>
        <testcase name="test_validate_column_post_modified_gmt" class="Tests_WP_Date_Query" classname="Tests_WP_Date_Query" file="/var/www/html/test/wordpress_test/inpsyde_test/test/wp-content/plugins/plugintestslughere/tests/unit/tests/date/query.php" line="252" assertions="1" time="0.022885"/>
        <testcase name="test_validate_column_comment_date" class="Tests_WP_Date_Query" classname="Tests_WP_Date_Query" file="/var/www/html/test/wordpress_test/inpsyde_test/test/wp-content/plugins/plugintestslughere/tests/unit/tests/date/query.php" line="259" assertions="1" time="0.022238"/>
        <testcase name="test_validate_column_comment_date_gmt" class="Tests_WP_Date_Query" classname="Tests_WP_Date_Query" file="/var/www/html/test/wordpress_test/inpsyde_test/test/wp-content/plugins/plugintestslughere/tests/unit/tests/date/query.php" line="266" assertions="1" time="0.024851"/>
        <testcase name="test_validate_column_invalid" class="Tests_WP_Date_Query" classname="Tests_WP_Date_Query" file="/var/www/html/test/wordpress_test/inpsyde_test/test/wp-content/plugins/plugintestslughere/tests/unit/tests/date/query.php" line="273" assertions="1" time="0.022799"/>
        <testcase name="test_validate_column_with_date_query_valid_columns_filter" class="Tests_WP_Date_Query" classname="Tests_WP_Date_Query" file="/var/www/html/test/wordpress_test/inpsyde_test/test/wp-content/plugins/plugintestslughere/tests/unit/tests/date/query.php" line="283" assertions="1" time="0.023782"/>
        <testcase name="test_validate_column_prefixed_column_name" class="Tests_WP_Date_Query" classname="Tests_WP_Date_Query" file="/var/www/html/test/wordpress_test/inpsyde_test/test/wp-content/plugins/plugintestslughere/tests/unit/tests/date/query.php" line="296" assertions="1" time="0.022267"/>
        <testcase name="test_validate_column_prefixed_column_name_with_illegal_characters" class="Tests_WP_Date_Query" classname="Tests_WP_Date_Query" file="/var/www/html/test/wordpress_test/inpsyde_test/test/wp-content/plugins/plugintestslughere/tests/unit/tests/date/query.php" line="305" assertions="1" time="0.022136"/>
        <testcase name="test_build_value_value_null" class="Tests_WP_Date_Query" classname="Tests_WP_Date_Query" file="/var/www/html/test/wordpress_test/inpsyde_test/test/wp-content/plugins/plugintestslughere/tests/unit/tests/date/query.php" line="311" assertions="1" time="0.023816"/>
        <testcase name="test_build_value_compare_in" class="Tests_WP_Date_Query" classname="Tests_WP_Date_Query" file="/var/www/html/test/wordpress_test/inpsyde_test/test/wp-content/plugins/plugintestslughere/tests/unit/tests/date/query.php" line="321" assertions="4" time="0.022497"/>
        <testcase name="test_build_value_compare_not_in" class="Tests_WP_Date_Query" classname="Tests_WP_Date_Query" file="/var/www/html/test/wordpress_test/inpsyde_test/test/wp-content/plugins/plugintestslughere/tests/unit/tests/date/query.php" line="344" assertions="4" time="0.023727"/>
        <testcase name="test_build_value_compare_between_single_integer" class="Tests_WP_Date_Query" classname="Tests_WP_Date_Query" file="/var/www/html/test/wordpress_test/inpsyde_test/test/wp-content/plugins/plugintestslughere/tests/unit/tests/date/query.php" line="364" assertions="1" time="0.023511"/>
        <testcase name="test_build_value_compare_between_single_non_numeric" class="Tests_WP_Date_Query" classname="Tests_WP_Date_Query" file="/var/www/html/test/wordpress_test/inpsyde_test/test/wp-content/plugins/plugintestslughere/tests/unit/tests/date/query.php" line="374" assertions="1" time="0.023937"/>
        <testcase name="test_build_value_compare_between_array_with_other_than_two_items" class="Tests_WP_Date_Query" classname="Tests_WP_Date_Query" file="/var/www/html/test/wordpress_test/inpsyde_test/test/wp-content/plugins/plugintestslughere/tests/unit/tests/date/query.php" line="384" assertions="1" time="0.026170"/>
        <testcase name="test_build_value_compare_between_incorrect_array_key" class="Tests_WP_Date_Query" classname="Tests_WP_Date_Query" file="/var/www/html/test/wordpress_test/inpsyde_test/test/wp-content/plugins/plugintestslughere/tests/unit/tests/date/query.php" line="394" assertions="1" time="0.026823"/>
        <testcase name="test_build_value_compare_between_array_contains_non_numeric" class="Tests_WP_Date_Query" classname="Tests_WP_Date_Query" file="/var/www/html/test/wordpress_test/inpsyde_test/test/wp-content/plugins/plugintestslughere/tests/unit/tests/date/query.php" line="411" assertions="1" time="0.023141"/>
        <testcase name="test_build_value_compare_between" class="Tests_WP_Date_Query" classname="Tests_WP_Date_Query" file="/var/www/html/test/wordpress_test/inpsyde_test/test/wp-content/plugins/plugintestslughere/tests/unit/tests/date/query.php" line="418" assertions="1" time="0.022448"/>
        <testcase name="test_build_value_compare_not_between_single_integer" class="Tests_WP_Date_Query" classname="Tests_WP_Date_Query" file="/var/www/html/test/wordpress_test/inpsyde_test/test/wp-content/plugins/plugintestslughere/tests/unit/tests/date/query.php" line="425" assertions="1" time="0.022367"/>
        <testcase name="test_build_value_compare_not_between_single_non_numeric" class="Tests_WP_Date_Query" classname="Tests_WP_Date_Query" file="/var/www/html/test/wordpress_test/inpsyde_test/test/wp-content/plugins/plugintestslughere/tests/unit/tests/date/query.php" line="435" assertions="1" time="0.029611"/>
        <testcase name="test_build_value_compare_not_between_array_with_other_than_two_items" class="Tests_WP_Date_Query" classname="Tests_WP_Date_Query" file="/var/www/html/test/wordpress_test/inpsyde_test/test/wp-content/plugins/plugintestslughere/tests/unit/tests/date/query.php" line="445" assertions="1" time="0.021652"/>
        <testcase name="test_build_value_compare_not_between_incorrect_array_key" class="Tests_WP_Date_Query" classname="Tests_WP_Date_Query" file="/var/www/html/test/wordpress_test/inpsyde_test/test/wp-content/plugins/plugintestslughere/tests/unit/tests/date/query.php" line="455" assertions="1" time="0.022884"/>
        <testcase name="test_build_value_compare_not_between_array_contains_non_numeric" class="Tests_WP_Date_Query" classname="Tests_WP_Date_Query" file="/var/www/html/test/wordpress_test/inpsyde_test/test/wp-content/plugins/plugintestslughere/tests/unit/tests/date/query.php" line="472" assertions="1" time="0.023177"/>
        <testcase name="test_build_value_compare_not_between" class="Tests_WP_Date_Query" classname="Tests_WP_Date_Query" file="/var/www/html/test/wordpress_test/inpsyde_test/test/wp-content/plugins/plugintestslughere/tests/unit/tests/date/query.php" line="479" assertions="1" time="0.023066"/>
        <testcase name="test_build_value_compare_default_value_integer" class="Tests_WP_Date_Query" classname="Tests_WP_Date_Query" file="/var/www/html/test/wordpress_test/inpsyde_test/test/wp-content/plugins/plugintestslughere/tests/unit/tests/date/query.php" line="486" assertions="1" time="0.031318"/>
        <testcase name="test_build_value_compare_default_value_non_numeric" class="Tests_WP_Date_Query" classname="Tests_WP_Date_Query" file="/var/www/html/test/wordpress_test/inpsyde_test/test/wp-content/plugins/plugintestslughere/tests/unit/tests/date/query.php" line="496" assertions="1" time="0.025878"/>
        <testcase name="test_build_mysql_datetime_datetime_non_array" class="Tests_WP_Date_Query" classname="Tests_WP_Date_Query" file="/var/www/html/test/wordpress_test/inpsyde_test/test/wp-content/plugins/plugintestslughere/tests/unit/tests/date/query.php" line="503" assertions="1" time="0.026330"/>
        <testsuite name="Tests_WP_Date_Query::test_build_mysql_datetime" tests="10" assertions="10" errors="0" failures="0" skipped="0" time="0.263393">
          <testcase name="test_build_mysql_datetime with data set #0" class="Tests_WP_Date_Query" classname="Tests_WP_Date_Query" file="/var/www/html/test/wordpress_test/inpsyde_test/test/wp-content/plugins/plugintestslughere/tests/unit/tests/date/query.php" line="521" assertions="1" time="0.028566"/>
          <testcase name="test_build_mysql_datetime with data set #1" class="Tests_WP_Date_Query" classname="Tests_WP_Date_Query" file="/var/www/html/test/wordpress_test/inpsyde_test/test/wp-content/plugins/plugintestslughere/tests/unit/tests/date/query.php" line="521" assertions="1" time="0.029085"/>
          <testcase name="test_build_mysql_datetime with data set #2" class="Tests_WP_Date_Query" classname="Tests_WP_Date_Query" file="/var/www/html/test/wordpress_test/inpsyde_test/test/wp-content/plugins/plugintestslughere/tests/unit/tests/date/query.php" line="521" assertions="1" time="0.025558"/>
          <testcase name="test_build_mysql_datetime with data set #3" class="Tests_WP_Date_Query" classname="Tests_WP_Date_Query" file="/var/www/html/test/wordpress_test/inpsyde_test/test/wp-content/plugins/plugintestslughere/tests/unit/tests/date/query.php" line="521" assertions="1" time="0.026425"/>
          <testcase name="test_build_mysql_datetime with data set #4" class="Tests_WP_Date_Query" classname="Tests_WP_Date_Query" file="/var/www/html/test/wordpress_test/inpsyde_test/test/wp-content/plugins/plugintestslughere/tests/unit/tests/date/query.php" line="521" assertions="1" time="0.024267"/>
          <testcase name="test_build_mysql_datetime with data set #5" class="Tests_WP_Date_Query" classname="Tests_WP_Date_Query" file="/var/www/html/test/wordpress_test/inpsyde_test/test/wp-content/plugins/plugintestslughere/tests/unit/tests/date/query.php" line="521" assertions="1" time="0.025723"/>
          <testcase name="test_build_mysql_datetime with data set #6" class="Tests_WP_Date_Query" classname="Tests_WP_Date_Query" file="/var/www/html/test/wordpress_test/inpsyde_test/test/wp-content/plugins/plugintestslughere/tests/unit/tests/date/query.php" line="521" assertions="1" time="0.023724"/>
          <testcase name="test_build_mysql_datetime with data set #7" class="Tests_WP_Date_Query" classname="Tests_WP_Date_Query" file="/var/www/html/test/wordpress_test/inpsyde_test/test/wp-content/plugins/plugintestslughere/tests/unit/tests/date/query.php" line="521" assertions="1" time="0.028979"/>
          <testcase name="test_build_mysql_datetime with data set #8" class="Tests_WP_Date_Query" classname="Tests_WP_Date_Query" file="/var/www/html/test/wordpress_test/inpsyde_test/test/wp-content/plugins/plugintestslughere/tests/unit/tests/date/query.php" line="521" assertions="1" time="0.024253"/>
          <testcase name="test_build_mysql_datetime with data set #9" class="Tests_WP_Date_Query" classname="Tests_WP_Date_Query" file="/var/www/html/test/wordpress_test/inpsyde_test/test/wp-content/plugins/plugintestslughere/tests/unit/tests/date/query.php" line="521" assertions="1" time="0.026814"/>
        </testsuite>
        <testsuite name="Tests_WP_Date_Query::test_build_mysql_datetime_with_custom_timezone" tests="2" assertions="2" errors="0" failures="0" skipped="0" time="0.156062">
          <testcase name="test_build_mysql_datetime_with_custom_timezone with data set #0" class="Tests_WP_Date_Query" classname="Tests_WP_Date_Query" file="/var/www/html/test/wordpress_test/inpsyde_test/test/wp-content/plugins/plugintestslughere/tests/unit/tests/date/query.php" line="554" assertions="1" time="0.079396"/>
          <testcase name="test_build_mysql_datetime_with_custom_timezone with data set #1" class="Tests_WP_Date_Query" classname="Tests_WP_Date_Query" file="/var/www/html/test/wordpress_test/inpsyde_test/test/wp-content/plugins/plugintestslughere/tests/unit/tests/date/query.php" line="554" assertions="1" time="0.076666"/>
        </testsuite>
        <testcase name="test_build_mysql_datetime_with_relative_date" class="Tests_WP_Date_Query" classname="Tests_WP_Date_Query" file="/var/www/html/test/wordpress_test/inpsyde_test/test/wp-content/plugins/plugintestslughere/tests/unit/tests/date/query.php" line="576" assertions="1" time="0.065637"/>
        <testcase name="test_build_time_query_insufficient_time_values" class="Tests_WP_Date_Query" classname="Tests_WP_Date_Query" file="/var/www/html/test/wordpress_test/inpsyde_test/test/wp-content/plugins/plugintestslughere/tests/unit/tests/date/query.php" line="589" assertions="1" time="0.024815"/>
        <testcase name="test_build_time_query_should_not_discard_hour_0" class="Tests_WP_Date_Query" classname="Tests_WP_Date_Query" file="/var/www/html/test/wordpress_test/inpsyde_test/test/wp-content/plugins/plugintestslughere/tests/unit/tests/date/query.php" line="598" assertions="1" time="0.028267"/>
        <testcase name="test_build_time_query_compare_in" class="Tests_WP_Date_Query" classname="Tests_WP_Date_Query" file="/var/www/html/test/wordpress_test/inpsyde_test/test/wp-content/plugins/plugintestslughere/tests/unit/tests/date/query.php" line="607" assertions="3" time="0.024563"/>
        <testcase name="test_build_time_query_compare_not_in" class="Tests_WP_Date_Query" classname="Tests_WP_Date_Query" file="/var/www/html/test/wordpress_test/inpsyde_test/test/wp-content/plugins/plugintestslughere/tests/unit/tests/date/query.php" line="623" assertions="3" time="0.025213"/>
        <testcase name="test_build_time_query_compare_between" class="Tests_WP_Date_Query" classname="Tests_WP_Date_Query" file="/var/www/html/test/wordpress_test/inpsyde_test/test/wp-content/plugins/plugintestslughere/tests/unit/tests/date/query.php" line="639" assertions="3" time="0.024010"/>
        <testcase name="test_build_time_query_compare_not_between" class="Tests_WP_Date_Query" classname="Tests_WP_Date_Query" file="/var/www/html/test/wordpress_test/inpsyde_test/test/wp-content/plugins/plugintestslughere/tests/unit/tests/date/query.php" line="655" assertions="3" time="0.026259"/>
        <testcase name="test_build_time_query_hour_only" class="Tests_WP_Date_Query" classname="Tests_WP_Date_Query" file="/var/www/html/test/wordpress_test/inpsyde_test/test/wp-content/plugins/plugintestslughere/tests/unit/tests/date/query.php" line="671" assertions="1" time="0.023736"/>
        <testcase name="test_build_time_query_minute_only" class="Tests_WP_Date_Query" classname="Tests_WP_Date_Query" file="/var/www/html/test/wordpress_test/inpsyde_test/test/wp-content/plugins/plugintestslughere/tests/unit/tests/date/query.php" line="678" assertions="1" time="0.028039"/>
        <testcase name="test_build_time_query_second_only" class="Tests_WP_Date_Query" classname="Tests_WP_Date_Query" file="/var/www/html/test/wordpress_test/inpsyde_test/test/wp-content/plugins/plugintestslughere/tests/unit/tests/date/query.php" line="685" assertions="1" time="0.029173"/>
        <testcase name="test_build_time_query_hour_and_second" class="Tests_WP_Date_Query" classname="Tests_WP_Date_Query" file="/var/www/html/test/wordpress_test/inpsyde_test/test/wp-content/plugins/plugintestslughere/tests/unit/tests/date/query.php" line="692" assertions="1" time="0.023368"/>
        <testcase name="test_build_time_query_hour_minute" class="Tests_WP_Date_Query" classname="Tests_WP_Date_Query" file="/var/www/html/test/wordpress_test/inpsyde_test/test/wp-content/plugins/plugintestslughere/tests/unit/tests/date/query.php" line="699" assertions="1" time="0.024921"/>
        <testcase name="test_build_time_query_hour_minute_second" class="Tests_WP_Date_Query" classname="Tests_WP_Date_Query" file="/var/www/html/test/wordpress_test/inpsyde_test/test/wp-content/plugins/plugintestslughere/tests/unit/tests/date/query.php" line="710" assertions="1" time="0.026767"/>
        <testcase name="test_build_time_query_minute_second" class="Tests_WP_Date_Query" classname="Tests_WP_Date_Query" file="/var/www/html/test/wordpress_test/inpsyde_test/test/wp-content/plugins/plugintestslughere/tests/unit/tests/date/query.php" line="721" assertions="1" time="0.026403"/>
        <testcase name="test_validate_date_query_before_after" class="Tests_WP_Date_Query" classname="Tests_WP_Date_Query" file="/var/www/html/test/wordpress_test/inpsyde_test/test/wp-content/plugins/plugintestslughere/tests/unit/tests/date/query.php" line="736" assertions="15" time="0.025235"/>
        <testcase name="test_validate_date_query_before_after_with_month" class="Tests_WP_Date_Query" classname="Tests_WP_Date_Query" file="/var/www/html/test/wordpress_test/inpsyde_test/test/wp-content/plugins/plugintestslughere/tests/unit/tests/date/query.php" line="783" assertions="5" time="0.025570"/>
        <testcase name="test_validate_date_values_week" class="Tests_WP_Date_Query" classname="Tests_WP_Date_Query" file="/var/www/html/test/wordpress_test/inpsyde_test/test/wp-content/plugins/plugintestslughere/tests/unit/tests/date/query.php" line="829" assertions="61" time="0.029383"/>
        <testcase name="test_validate_date_values_month" class="Tests_WP_Date_Query" classname="Tests_WP_Date_Query" file="/var/www/html/test/wordpress_test/inpsyde_test/test/wp-content/plugins/plugintestslughere/tests/unit/tests/date/query.php" line="882" assertions="17" time="0.025507"/>
        <testcase name="test_validate_date_values_day" class="Tests_WP_Date_Query" classname="Tests_WP_Date_Query" file="/var/www/html/test/wordpress_test/inpsyde_test/test/wp-content/plugins/plugintestslughere/tests/unit/tests/date/query.php" line="900" assertions="38" time="0.027566"/>
        <testcase name="test_validate_date_values_hour" class="Tests_WP_Date_Query" classname="Tests_WP_Date_Query" file="/var/www/html/test/wordpress_test/inpsyde_test/test/wp-content/plugins/plugintestslughere/tests/unit/tests/date/query.php" line="957" assertions="29" time="0.029955"/>
        <testcase name="test_validate_date_values_minute" class="Tests_WP_Date_Query" classname="Tests_WP_Date_Query" file="/var/www/html/test/wordpress_test/inpsyde_test/test/wp-content/plugins/plugintestslughere/tests/unit/tests/date/query.php" line="975" assertions="63" time="0.032048"/>
        <testcase name="test_validate_date_values_second" class="Tests_WP_Date_Query" classname="Tests_WP_Date_Query" file="/var/www/html/test/wordpress_test/inpsyde_test/test/wp-content/plugins/plugintestslughere/tests/unit/tests/date/query.php" line="993" assertions="63" time="0.026571"/>
        <testcase name="test_validate_date_values_day_of_week" class="Tests_WP_Date_Query" classname="Tests_WP_Date_Query" file="/var/www/html/test/wordpress_test/inpsyde_test/test/wp-content/plugins/plugintestslughere/tests/unit/tests/date/query.php" line="1012" assertions="11" time="0.026019"/>
        <testcase name="test_validate_date_values_day_of_week_iso" class="Tests_WP_Date_Query" classname="Tests_WP_Date_Query" file="/var/www/html/test/wordpress_test/inpsyde_test/test/wp-content/plugins/plugintestslughere/tests/unit/tests/date/query.php" line="1030" assertions="11" time="0.028542"/>
        <testcase name="test_validate_date_values_day_of_year" class="Tests_WP_Date_Query" classname="Tests_WP_Date_Query" file="/var/www/html/test/wordpress_test/inpsyde_test/test/wp-content/plugins/plugintestslughere/tests/unit/tests/date/query.php" line="1048" assertions="370" time="0.044967"/>
        <testcase name="test_validate_date_values_should_process_array_value_for_year" class="Tests_WP_Date_Query" classname="Tests_WP_Date_Query" file="/var/www/html/test/wordpress_test/inpsyde_test/test/wp-content/plugins/plugintestslughere/tests/unit/tests/date/query.php" line="1065" assertions="1" time="0.124179"/>
        <testcase name="test_validate_date_values_should_process_array_value_for_day" class="Tests_WP_Date_Query" classname="Tests_WP_Date_Query" file="/var/www/html/test/wordpress_test/inpsyde_test/test/wp-content/plugins/plugintestslughere/tests/unit/tests/date/query.php" line="1087" assertions="1" time="0.132372"/>
        <testcase name="test_validate_date_values_should_process_array_value_for_day_when_values_are_invalid" class="Tests_WP_Date_Query" classname="Tests_WP_Date_Query" file="/var/www/html/test/wordpress_test/inpsyde_test/test/wp-content/plugins/plugintestslughere/tests/unit/tests/date/query.php" line="1110" assertions="2" time="0.130961"/>
      </testsuite>
      <testsuite name="Tests_Date_The_Date" file="/var/www/html/test/wordpress_test/inpsyde_test/test/wp-content/plugins/plugintestslughere/tests/unit/tests/date/theDate.php" tests="3" assertions="18" errors="0" failures="0" skipped="0" time="0.336550">
        <testcase name="test_should_call_hooks" class="Tests_Date_The_Date" classname="Tests_Date_The_Date" file="/var/www/html/test/wordpress_test/inpsyde_test/test/wp-content/plugins/plugintestslughere/tests/unit/tests/date/theDate.php" line="24" assertions="10" time="0.105382"/>
        <testcase name="test_the_date" class="Tests_Date_The_Date" classname="Tests_Date_The_Date" file="/var/www/html/test/wordpress_test/inpsyde_test/test/wp-content/plugins/plugintestslughere/tests/unit/tests/date/theDate.php" line="89" assertions="5" time="0.143001"/>
        <testcase name="test_the_weekday_date" class="Tests_Date_The_Date" classname="Tests_Date_The_Date" file="/var/www/html/test/wordpress_test/inpsyde_test/test/wp-content/plugins/plugintestslughere/tests/unit/tests/date/theDate.php" line="129" assertions="3" time="0.088167"/>
      </testsuite>
      <testsuite name="Tests_Date_WP_Date" file="/var/www/html/test/wordpress_test/inpsyde_test/test/wp-content/plugins/plugintestslughere/tests/unit/tests/date/wpDate.php" tests="3" assertions="3" errors="0" failures="0" skipped="0" time="0.074675">
        <testcase name="test_should_return_false_on_invalid_timestamp" class="Tests_Date_WP_Date" classname="Tests_Date_WP_Date" file="/var/www/html/test/wordpress_test/inpsyde_test/test/wp-content/plugins/plugintestslughere/tests/unit/tests/date/wpDate.php" line="31" assertions="1" time="0.024032"/>
        <testcase name="test_should_not_escape_localized_numbers" class="Tests_Date_WP_Date" classname="Tests_Date_WP_Date" file="/var/www/html/test/wordpress_test/inpsyde_test/test/wp-content/plugins/plugintestslughere/tests/unit/tests/date/wpDate.php" line="38" assertions="1" time="0.026998"/>
        <testcase name="test_should_keep_localized_slashes" class="Tests_Date_WP_Date" classname="Tests_Date_WP_Date" file="/var/www/html/test/wordpress_test/inpsyde_test/test/wp-content/plugins/plugintestslughere/tests/unit/tests/date/wpDate.php" line="52" assertions="1" time="0.023645"/>
      </testsuite>
      <testsuite name="Tests_Date_WP_Timezone" file="/var/www/html/test/wordpress_test/inpsyde_test/test/wp-content/plugins/plugintestslughere/tests/unit/tests/date/wpTimezone.php" tests="59" assertions="118" errors="0" failures="0" skipped="0" time="4.822143">
        <testsuite name="Tests_Date_WP_Timezone::test_should_convert_gmt_offset" tests="58" assertions="116" errors="0" failures="0" skipped="0" time="4.756504">
          <testcase name="test_should_convert_gmt_offset with data set #0" class="Tests_Date_WP_Timezone" classname="Tests_Date_WP_Timezone" file="/var/www/html/test/wordpress_test/inpsyde_test/test/wp-content/plugins/plugintestslughere/tests/unit/tests/date/wpTimezone.php" line="17" assertions="2" time="0.068193"/>
          <testcase name="test_should_convert_gmt_offset with data set #1" class="Tests_Date_WP_Timezone" classname="Tests_Date_WP_Timezone" file="/var/www/html/test/wordpress_test/inpsyde_test/test/wp-content/plugins/plugintestslughere/tests/unit/tests/date/wpTimezone.php" line="17" assertions="2" time="0.086979"/>
          <testcase name="test_should_convert_gmt_offset with data set #2" class="Tests_Date_WP_Timezone" classname="Tests_Date_WP_Timezone" file="/var/www/html/test/wordpress_test/inpsyde_test/test/wp-content/plugins/plugintestslughere/tests/unit/tests/date/wpTimezone.php" line="17" assertions="2" time="0.076844"/>
          <testcase name="test_should_convert_gmt_offset with data set #3" class="Tests_Date_WP_Timezone" classname="Tests_Date_WP_Timezone" file="/var/www/html/test/wordpress_test/inpsyde_test/test/wp-content/plugins/plugintestslughere/tests/unit/tests/date/wpTimezone.php" line="17" assertions="2" time="0.076411"/>
          <testcase name="test_should_convert_gmt_offset with data set #4" class="Tests_Date_WP_Timezone" classname="Tests_Date_WP_Timezone" file="/var/www/html/test/wordpress_test/inpsyde_test/test/wp-content/plugins/plugintestslughere/tests/unit/tests/date/wpTimezone.php" line="17" assertions="2" time="0.076647"/>
          <testcase name="test_should_convert_gmt_offset with data set #5" class="Tests_Date_WP_Timezone" classname="Tests_Date_WP_Timezone" file="/var/www/html/test/wordpress_test/inpsyde_test/test/wp-content/plugins/plugintestslughere/tests/unit/tests/date/wpTimezone.php" line="17" assertions="2" time="0.077261"/>
          <testcase name="test_should_convert_gmt_offset with data set #6" class="Tests_Date_WP_Timezone" classname="Tests_Date_WP_Timezone" file="/var/www/html/test/wordpress_test/inpsyde_test/test/wp-content/plugins/plugintestslughere/tests/unit/tests/date/wpTimezone.php" line="17" assertions="2" time="0.075825"/>
          <testcase name="test_should_convert_gmt_offset with data set #7" class="Tests_Date_WP_Timezone" classname="Tests_Date_WP_Timezone" file="/var/www/html/test/wordpress_test/inpsyde_test/test/wp-content/plugins/plugintestslughere/tests/unit/tests/date/wpTimezone.php" line="17" assertions="2" time="0.087889"/>
          <testcase name="test_should_convert_gmt_offset with data set #8" class="Tests_Date_WP_Timezone" classname="Tests_Date_WP_Timezone" file="/var/www/html/test/wordpress_test/inpsyde_test/test/wp-content/plugins/plugintestslughere/tests/unit/tests/date/wpTimezone.php" line="17" assertions="2" time="0.109853"/>
          <testcase name="test_should_convert_gmt_offset with data set #9" class="Tests_Date_WP_Timezone" classname="Tests_Date_WP_Timezone" file="/var/www/html/test/wordpress_test/inpsyde_test/test/wp-content/plugins/plugintestslughere/tests/unit/tests/date/wpTimezone.php" line="17" assertions="2" time="0.077350"/>
          <testcase name="test_should_convert_gmt_offset with data set #10" class="Tests_Date_WP_Timezone" classname="Tests_Date_WP_Timezone" file="/var/www/html/test/wordpress_test/inpsyde_test/test/wp-content/plugins/plugintestslughere/tests/unit/tests/date/wpTimezone.php" line="17" assertions="2" time="0.065206"/>
          <testcase name="test_should_convert_gmt_offset with data set #11" class="Tests_Date_WP_Timezone" classname="Tests_Date_WP_Timezone" file="/var/www/html/test/wordpress_test/inpsyde_test/test/wp-content/plugins/plugintestslughere/tests/unit/tests/date/wpTimezone.php" line="17" assertions="2" time="0.065947"/>
          <testcase name="test_should_convert_gmt_offset with data set #12" class="Tests_Date_WP_Timezone" classname="Tests_Date_WP_Timezone" file="/var/www/html/test/wordpress_test/inpsyde_test/test/wp-content/plugins/plugintestslughere/tests/unit/tests/date/wpTimezone.php" line="17" assertions="2" time="0.076174"/>
          <testcase name="test_should_convert_gmt_offset with data set #13" class="Tests_Date_WP_Timezone" classname="Tests_Date_WP_Timezone" file="/var/www/html/test/wordpress_test/inpsyde_test/test/wp-content/plugins/plugintestslughere/tests/unit/tests/date/wpTimezone.php" line="17" assertions="2" time="0.065871"/>
          <testcase name="test_should_convert_gmt_offset with data set #14" class="Tests_Date_WP_Timezone" classname="Tests_Date_WP_Timezone" file="/var/www/html/test/wordpress_test/inpsyde_test/test/wp-content/plugins/plugintestslughere/tests/unit/tests/date/wpTimezone.php" line="17" assertions="2" time="0.066004"/>
          <testcase name="test_should_convert_gmt_offset with data set #15" class="Tests_Date_WP_Timezone" classname="Tests_Date_WP_Timezone" file="/var/www/html/test/wordpress_test/inpsyde_test/test/wp-content/plugins/plugintestslughere/tests/unit/tests/date/wpTimezone.php" line="17" assertions="2" time="0.076426"/>
          <testcase name="test_should_convert_gmt_offset with data set #16" class="Tests_Date_WP_Timezone" classname="Tests_Date_WP_Timezone" file="/var/www/html/test/wordpress_test/inpsyde_test/test/wp-content/plugins/plugintestslughere/tests/unit/tests/date/wpTimezone.php" line="17" assertions="2" time="0.065773"/>
          <testcase name="test_should_convert_gmt_offset with data set #17" class="Tests_Date_WP_Timezone" classname="Tests_Date_WP_Timezone" file="/var/www/html/test/wordpress_test/inpsyde_test/test/wp-content/plugins/plugintestslughere/tests/unit/tests/date/wpTimezone.php" line="17" assertions="2" time="0.076553"/>
          <testcase name="test_should_convert_gmt_offset with data set #18" class="Tests_Date_WP_Timezone" classname="Tests_Date_WP_Timezone" file="/var/www/html/test/wordpress_test/inpsyde_test/test/wp-content/plugins/plugintestslughere/tests/unit/tests/date/wpTimezone.php" line="17" assertions="2" time="0.077625"/>
          <testcase name="test_should_convert_gmt_offset with data set #19" class="Tests_Date_WP_Timezone" classname="Tests_Date_WP_Timezone" file="/var/www/html/test/wordpress_test/inpsyde_test/test/wp-content/plugins/plugintestslughere/tests/unit/tests/date/wpTimezone.php" line="17" assertions="2" time="0.086731"/>
          <testcase name="test_should_convert_gmt_offset with data set #20" class="Tests_Date_WP_Timezone" classname="Tests_Date_WP_Timezone" file="/var/www/html/test/wordpress_test/inpsyde_test/test/wp-content/plugins/plugintestslughere/tests/unit/tests/date/wpTimezone.php" line="17" assertions="2" time="0.087736"/>
          <testcase name="test_should_convert_gmt_offset with data set #21" class="Tests_Date_WP_Timezone" classname="Tests_Date_WP_Timezone" file="/var/www/html/test/wordpress_test/inpsyde_test/test/wp-content/plugins/plugintestslughere/tests/unit/tests/date/wpTimezone.php" line="17" assertions="2" time="0.110033"/>
          <testcase name="test_should_convert_gmt_offset with data set #22" class="Tests_Date_WP_Timezone" classname="Tests_Date_WP_Timezone" file="/var/www/html/test/wordpress_test/inpsyde_test/test/wp-content/plugins/plugintestslughere/tests/unit/tests/date/wpTimezone.php" line="17" assertions="2" time="0.066122"/>
          <testcase name="test_should_convert_gmt_offset with data set #23" class="Tests_Date_WP_Timezone" classname="Tests_Date_WP_Timezone" file="/var/www/html/test/wordpress_test/inpsyde_test/test/wp-content/plugins/plugintestslughere/tests/unit/tests/date/wpTimezone.php" line="17" assertions="2" time="0.076341"/>
          <testcase name="test_should_convert_gmt_offset with data set #24" class="Tests_Date_WP_Timezone" classname="Tests_Date_WP_Timezone" file="/var/www/html/test/wordpress_test/inpsyde_test/test/wp-content/plugins/plugintestslughere/tests/unit/tests/date/wpTimezone.php" line="17" assertions="2" time="0.076434"/>
          <testcase name="test_should_convert_gmt_offset with data set #25" class="Tests_Date_WP_Timezone" classname="Tests_Date_WP_Timezone" file="/var/www/html/test/wordpress_test/inpsyde_test/test/wp-content/plugins/plugintestslughere/tests/unit/tests/date/wpTimezone.php" line="17" assertions="2" time="0.076543"/>
          <testcase name="test_should_convert_gmt_offset with data set #26" class="Tests_Date_WP_Timezone" classname="Tests_Date_WP_Timezone" file="/var/www/html/test/wordpress_test/inpsyde_test/test/wp-content/plugins/plugintestslughere/tests/unit/tests/date/wpTimezone.php" line="17" assertions="2" time="0.066081"/>
          <testcase name="test_should_convert_gmt_offset with data set #27" class="Tests_Date_WP_Timezone" classname="Tests_Date_WP_Timezone" file="/var/www/html/test/wordpress_test/inpsyde_test/test/wp-content/plugins/plugintestslughere/tests/unit/tests/date/wpTimezone.php" line="17" assertions="2" time="0.076145"/>
          <testcase name="test_should_convert_gmt_offset with data set #28" class="Tests_Date_WP_Timezone" classname="Tests_Date_WP_Timezone" file="/var/www/html/test/wordpress_test/inpsyde_test/test/wp-content/plugins/plugintestslughere/tests/unit/tests/date/wpTimezone.php" line="17" assertions="2" time="0.078360"/>
          <testcase name="test_should_convert_gmt_offset with data set #29" class="Tests_Date_WP_Timezone" classname="Tests_Date_WP_Timezone" file="/var/www/html/test/wordpress_test/inpsyde_test/test/wp-content/plugins/plugintestslughere/tests/unit/tests/date/wpTimezone.php" line="17" assertions="2" time="0.065914"/>
          <testcase name="test_should_convert_gmt_offset with data set #30" class="Tests_Date_WP_Timezone" classname="Tests_Date_WP_Timezone" file="/var/www/html/test/wordpress_test/inpsyde_test/test/wp-content/plugins/plugintestslughere/tests/unit/tests/date/wpTimezone.php" line="17" assertions="2" time="0.076154"/>
          <testcase name="test_should_convert_gmt_offset with data set #31" class="Tests_Date_WP_Timezone" classname="Tests_Date_WP_Timezone" file="/var/www/html/test/wordpress_test/inpsyde_test/test/wp-content/plugins/plugintestslughere/tests/unit/tests/date/wpTimezone.php" line="17" assertions="2" time="0.077080"/>
          <testcase name="test_should_convert_gmt_offset with data set #32" class="Tests_Date_WP_Timezone" classname="Tests_Date_WP_Timezone" file="/var/www/html/test/wordpress_test/inpsyde_test/test/wp-content/plugins/plugintestslughere/tests/unit/tests/date/wpTimezone.php" line="17" assertions="2" time="0.142942"/>
          <testcase name="test_should_convert_gmt_offset with data set #33" class="Tests_Date_WP_Timezone" classname="Tests_Date_WP_Timezone" file="/var/www/html/test/wordpress_test/inpsyde_test/test/wp-content/plugins/plugintestslughere/tests/unit/tests/date/wpTimezone.php" line="17" assertions="2" time="0.109595"/>
          <testcase name="test_should_convert_gmt_offset with data set #34" class="Tests_Date_WP_Timezone" classname="Tests_Date_WP_Timezone" file="/var/www/html/test/wordpress_test/inpsyde_test/test/wp-content/plugins/plugintestslughere/tests/unit/tests/date/wpTimezone.php" line="17" assertions="2" time="0.065679"/>
          <testcase name="test_should_convert_gmt_offset with data set #35" class="Tests_Date_WP_Timezone" classname="Tests_Date_WP_Timezone" file="/var/www/html/test/wordpress_test/inpsyde_test/test/wp-content/plugins/plugintestslughere/tests/unit/tests/date/wpTimezone.php" line="17" assertions="2" time="0.066170"/>
          <testcase name="test_should_convert_gmt_offset with data set #36" class="Tests_Date_WP_Timezone" classname="Tests_Date_WP_Timezone" file="/var/www/html/test/wordpress_test/inpsyde_test/test/wp-content/plugins/plugintestslughere/tests/unit/tests/date/wpTimezone.php" line="17" assertions="2" time="0.076805"/>
          <testcase name="test_should_convert_gmt_offset with data set #37" class="Tests_Date_WP_Timezone" classname="Tests_Date_WP_Timezone" file="/var/www/html/test/wordpress_test/inpsyde_test/test/wp-content/plugins/plugintestslughere/tests/unit/tests/date/wpTimezone.php" line="17" assertions="2" time="0.076010"/>
          <testcase name="test_should_convert_gmt_offset with data set #38" class="Tests_Date_WP_Timezone" classname="Tests_Date_WP_Timezone" file="/var/www/html/test/wordpress_test/inpsyde_test/test/wp-content/plugins/plugintestslughere/tests/unit/tests/date/wpTimezone.php" line="17" assertions="2" time="0.065866"/>
          <testcase name="test_should_convert_gmt_offset with data set #39" class="Tests_Date_WP_Timezone" classname="Tests_Date_WP_Timezone" file="/var/www/html/test/wordpress_test/inpsyde_test/test/wp-content/plugins/plugintestslughere/tests/unit/tests/date/wpTimezone.php" line="17" assertions="2" time="0.076930"/>
          <testcase name="test_should_convert_gmt_offset with data set #40" class="Tests_Date_WP_Timezone" classname="Tests_Date_WP_Timezone" file="/var/www/html/test/wordpress_test/inpsyde_test/test/wp-content/plugins/plugintestslughere/tests/unit/tests/date/wpTimezone.php" line="17" assertions="2" time="0.076095"/>
          <testcase name="test_should_convert_gmt_offset with data set #41" class="Tests_Date_WP_Timezone" classname="Tests_Date_WP_Timezone" file="/var/www/html/test/wordpress_test/inpsyde_test/test/wp-content/plugins/plugintestslughere/tests/unit/tests/date/wpTimezone.php" line="17" assertions="2" time="0.065398"/>
          <testcase name="test_should_convert_gmt_offset with data set #42" class="Tests_Date_WP_Timezone" classname="Tests_Date_WP_Timezone" file="/var/www/html/test/wordpress_test/inpsyde_test/test/wp-content/plugins/plugintestslughere/tests/unit/tests/date/wpTimezone.php" line="17" assertions="2" time="0.066004"/>
          <testcase name="test_should_convert_gmt_offset with data set #43" class="Tests_Date_WP_Timezone" classname="Tests_Date_WP_Timezone" file="/var/www/html/test/wordpress_test/inpsyde_test/test/wp-content/plugins/plugintestslughere/tests/unit/tests/date/wpTimezone.php" line="17" assertions="2" time="0.076774"/>
          <testcase name="test_should_convert_gmt_offset with data set #44" class="Tests_Date_WP_Timezone" classname="Tests_Date_WP_Timezone" file="/var/www/html/test/wordpress_test/inpsyde_test/test/wp-content/plugins/plugintestslughere/tests/unit/tests/date/wpTimezone.php" line="17" assertions="2" time="0.086931"/>
          <testcase name="test_should_convert_gmt_offset with data set #45" class="Tests_Date_WP_Timezone" classname="Tests_Date_WP_Timezone" file="/var/www/html/test/wordpress_test/inpsyde_test/test/wp-content/plugins/plugintestslughere/tests/unit/tests/date/wpTimezone.php" line="17" assertions="2" time="0.087906"/>
          <testcase name="test_should_convert_gmt_offset with data set #46" class="Tests_Date_WP_Timezone" classname="Tests_Date_WP_Timezone" file="/var/www/html/test/wordpress_test/inpsyde_test/test/wp-content/plugins/plugintestslughere/tests/unit/tests/date/wpTimezone.php" line="17" assertions="2" time="0.132054"/>
          <testcase name="test_should_convert_gmt_offset with data set #47" class="Tests_Date_WP_Timezone" classname="Tests_Date_WP_Timezone" file="/var/www/html/test/wordpress_test/inpsyde_test/test/wp-content/plugins/plugintestslughere/tests/unit/tests/date/wpTimezone.php" line="17" assertions="2" time="0.088194"/>
          <testcase name="test_should_convert_gmt_offset with data set #48" class="Tests_Date_WP_Timezone" classname="Tests_Date_WP_Timezone" file="/var/www/html/test/wordpress_test/inpsyde_test/test/wp-content/plugins/plugintestslughere/tests/unit/tests/date/wpTimezone.php" line="17" assertions="2" time="0.065146"/>
          <testcase name="test_should_convert_gmt_offset with data set #49" class="Tests_Date_WP_Timezone" classname="Tests_Date_WP_Timezone" file="/var/www/html/test/wordpress_test/inpsyde_test/test/wp-content/plugins/plugintestslughere/tests/unit/tests/date/wpTimezone.php" line="17" assertions="2" time="0.086583"/>
          <testcase name="test_should_convert_gmt_offset with data set #50" class="Tests_Date_WP_Timezone" classname="Tests_Date_WP_Timezone" file="/var/www/html/test/wordpress_test/inpsyde_test/test/wp-content/plugins/plugintestslughere/tests/unit/tests/date/wpTimezone.php" line="17" assertions="2" time="0.076924"/>
          <testcase name="test_should_convert_gmt_offset with data set #51" class="Tests_Date_WP_Timezone" classname="Tests_Date_WP_Timezone" file="/var/www/html/test/wordpress_test/inpsyde_test/test/wp-content/plugins/plugintestslughere/tests/unit/tests/date/wpTimezone.php" line="17" assertions="2" time="0.076403"/>
          <testcase name="test_should_convert_gmt_offset with data set #52" class="Tests_Date_WP_Timezone" classname="Tests_Date_WP_Timezone" file="/var/www/html/test/wordpress_test/inpsyde_test/test/wp-content/plugins/plugintestslughere/tests/unit/tests/date/wpTimezone.php" line="17" assertions="2" time="0.087259"/>
          <testcase name="test_should_convert_gmt_offset with data set #53" class="Tests_Date_WP_Timezone" classname="Tests_Date_WP_Timezone" file="/var/www/html/test/wordpress_test/inpsyde_test/test/wp-content/plugins/plugintestslughere/tests/unit/tests/date/wpTimezone.php" line="17" assertions="2" time="0.076240"/>
          <testcase name="test_should_convert_gmt_offset with data set #54" class="Tests_Date_WP_Timezone" classname="Tests_Date_WP_Timezone" file="/var/www/html/test/wordpress_test/inpsyde_test/test/wp-content/plugins/plugintestslughere/tests/unit/tests/date/wpTimezone.php" line="17" assertions="2" time="0.087411"/>
          <testcase name="test_should_convert_gmt_offset with data set #55" class="Tests_Date_WP_Timezone" classname="Tests_Date_WP_Timezone" file="/var/www/html/test/wordpress_test/inpsyde_test/test/wp-content/plugins/plugintestslughere/tests/unit/tests/date/wpTimezone.php" line="17" assertions="2" time="0.119875"/>
          <testcase name="test_should_convert_gmt_offset with data set #56" class="Tests_Date_WP_Timezone" classname="Tests_Date_WP_Timezone" file="/var/www/html/test/wordpress_test/inpsyde_test/test/wp-content/plugins/plugintestslughere/tests/unit/tests/date/wpTimezone.php" line="17" assertions="2" time="0.082493"/>
          <testcase name="test_should_convert_gmt_offset with data set #57" class="Tests_Date_WP_Timezone" classname="Tests_Date_WP_Timezone" file="/var/www/html/test/wordpress_test/inpsyde_test/test/wp-content/plugins/plugintestslughere/tests/unit/tests/date/wpTimezone.php" line="17" assertions="2" time="0.170312"/>
        </testsuite>
        <testcase name="test_should_return_timezone_string" class="Tests_Date_WP_Timezone" classname="Tests_Date_WP_Timezone" file="/var/www/html/test/wordpress_test/inpsyde_test/test/wp-content/plugins/plugintestslughere/tests/unit/tests/date/wpTimezone.php" line="31" assertions="2" time="0.065639"/>
      </testsuite>
      <testsuite name="Tests_Date_XMLRPC" file="/var/www/html/test/wordpress_test/inpsyde_test/test/wp-content/plugins/plugintestslughere/tests/unit/tests/date/xmlrpc.php" tests="3" assertions="11" errors="0" failures="0" skipped="0" time="0.976289">
        <testcase name="test_date_new_post" class="Tests_Date_XMLRPC" classname="Tests_Date_XMLRPC" file="/var/www/html/test/wordpress_test/inpsyde_test/test/wp-content/plugins/plugintestslughere/tests/unit/tests/date/xmlrpc.php" line="13" assertions="5" time="0.403916"/>
        <testcase name="test_date_edit_post" class="Tests_Date_XMLRPC" classname="Tests_Date_XMLRPC" file="/var/www/html/test/wordpress_test/inpsyde_test/test/wp-content/plugins/plugintestslughere/tests/unit/tests/date/xmlrpc.php" line="131" assertions="4" time="0.311983"/>
        <testcase name="test_date_edit_comment" class="Tests_Date_XMLRPC" classname="Tests_Date_XMLRPC" file="/var/www/html/test/wordpress_test/inpsyde_test/test/wp-content/plugins/plugintestslughere/tests/unit/tests/date/xmlrpc.php" line="198" assertions="2" time="0.260390"/>
      </testsuite>
      <testsuite name="Tests_DB" file="/var/www/html/test/wordpress_test/inpsyde_test/test/wp-content/plugins/plugintestslughere/tests/unit/tests/db.php" tests="392" assertions="556" errors="0" failures="0" skipped="2" time="10.840610">
        <testcase name="test_db_reconnect" class="Tests_DB" classname="Tests_DB" file="/var/www/html/test/wordpress_test/inpsyde_test/test/wp-content/plugins/plugintestslughere/tests/unit/tests/db.php" line="62" assertions="2" time="0.030301"/>
        <testcase name="test_locale_floats" class="Tests_DB" classname="Tests_DB" file="/var/www/html/test/wordpress_test/inpsyde_test/test/wp-content/plugins/plugintestslughere/tests/unit/tests/db.php" line="86" assertions="0" time="0.117445">
          <skipped/>
        </testcase>
        <testcase name="test_esc_like" class="Tests_DB" classname="Tests_DB" file="/var/www/html/test/wordpress_test/inpsyde_test/test/wp-content/plugins/plugintestslughere/tests/unit/tests/db.php" line="132" assertions="5" time="0.029880"/>
        <testsuite name="Tests_DB::test_like_query" tests="10" assertions="10" errors="0" failures="0" skipped="0" time="0.238021">
          <testcase name="test_like_query with data set #0" class="Tests_DB" classname="Tests_DB" file="/var/www/html/test/wordpress_test/inpsyde_test/test/wp-content/plugins/plugintestslughere/tests/unit/tests/db.php" line="168" assertions="1" time="0.026618"/>
          <testcase name="test_like_query with data set #1" class="Tests_DB" classname="Tests_DB" file="/var/www/html/test/wordpress_test/inpsyde_test/test/wp-content/plugins/plugintestslughere/tests/unit/tests/db.php" line="168" assertions="1" time="0.024629"/>
          <testcase name="test_like_query with data set #2" class="Tests_DB" classname="Tests_DB" file="/var/www/html/test/wordpress_test/inpsyde_test/test/wp-content/plugins/plugintestslughere/tests/unit/tests/db.php" line="168" assertions="1" time="0.025272"/>
          <testcase name="test_like_query with data set #3" class="Tests_DB" classname="Tests_DB" file="/var/www/html/test/wordpress_test/inpsyde_test/test/wp-content/plugins/plugintestslughere/tests/unit/tests/db.php" line="168" assertions="1" time="0.022908"/>
          <testcase name="test_like_query with data set #4" class="Tests_DB" classname="Tests_DB" file="/var/www/html/test/wordpress_test/inpsyde_test/test/wp-content/plugins/plugintestslughere/tests/unit/tests/db.php" line="168" assertions="1" time="0.023179"/>
          <testcase name="test_like_query with data set #5" class="Tests_DB" classname="Tests_DB" file="/var/www/html/test/wordpress_test/inpsyde_test/test/wp-content/plugins/plugintestslughere/tests/unit/tests/db.php" line="168" assertions="1" time="0.022509"/>
          <testcase name="test_like_query with data set #6" class="Tests_DB" classname="Tests_DB" file="/var/www/html/test/wordpress_test/inpsyde_test/test/wp-content/plugins/plugintestslughere/tests/unit/tests/db.php" line="168" assertions="1" time="0.022510"/>
          <testcase name="test_like_query with data set #7" class="Tests_DB" classname="Tests_DB" file="/var/www/html/test/wordpress_test/inpsyde_test/test/wp-content/plugins/plugintestslughere/tests/unit/tests/db.php" line="168" assertions="1" time="0.023932"/>
          <testcase name="test_like_query with data set #8" class="Tests_DB" classname="Tests_DB" file="/var/www/html/test/wordpress_test/inpsyde_test/test/wp-content/plugins/plugintestslughere/tests/unit/tests/db.php" line="168" assertions="1" time="0.023212"/>
          <testcase name="test_like_query with data set #9" class="Tests_DB" classname="Tests_DB" file="/var/www/html/test/wordpress_test/inpsyde_test/test/wp-content/plugins/plugintestslughere/tests/unit/tests/db.php" line="168" assertions="1" time="0.023252"/>
        </testsuite>
        <testcase name="test_wpdb_supposedly_protected_properties" class="Tests_DB" classname="Tests_DB" file="/var/www/html/test/wordpress_test/inpsyde_test/test/wp-content/plugins/plugintestslughere/tests/unit/tests/db.php" line="231" assertions="5" time="0.022686"/>
        <testcase name="test_wpdb_actually_protected_properties" class="Tests_DB" classname="Tests_DB" file="/var/www/html/test/wordpress_test/inpsyde_test/test/wp-content/plugins/plugintestslughere/tests/unit/tests/db.php" line="247" assertions="2" time="0.021977"/>
        <testcase name="test_wpdb_nonexistent_properties" class="Tests_DB" classname="Tests_DB" file="/var/www/html/test/wordpress_test/inpsyde_test/test/wp-content/plugins/plugintestslughere/tests/unit/tests/db.php" line="262" assertions="4" time="0.022834"/>
        <testcase name="test_double_escaped_placeholders" class="Tests_DB" classname="Tests_DB" file="/var/www/html/test/wordpress_test/inpsyde_test/test/wp-content/plugins/plugintestslughere/tests/unit/tests/db.php" line="278" assertions="2" time="0.021431"/>
        <testcase name="test_set_sql_mode" class="Tests_DB" classname="Tests_DB" file="/var/www/html/test/wordpress_test/inpsyde_test/test/wp-content/plugins/plugintestslughere/tests/unit/tests/db.php" line="293" assertions="1" time="0.022484"/>
        <testcase name="test_set_incompatible_sql_mode" class="Tests_DB" classname="Tests_DB" file="/var/www/html/test/wordpress_test/inpsyde_test/test/wp-content/plugins/plugintestslughere/tests/unit/tests/db.php" line="313" assertions="1" time="0.024979"/>
        <testcase name="test_set_allowed_incompatible_sql_mode" class="Tests_DB" classname="Tests_DB" file="/var/www/html/test/wordpress_test/inpsyde_test/test/wp-content/plugins/plugintestslughere/tests/unit/tests/db.php" line="331" assertions="3" time="0.055470"/>
        <testcase name="test_prepare_without_arguments" class="Tests_DB" classname="Tests_DB" file="/var/www/html/test/wordpress_test/inpsyde_test/test/wp-content/plugins/plugintestslughere/tests/unit/tests/db.php" line="364" assertions="2" time="0.030086"/>
        <testcase name="test_prepare_sprintf" class="Tests_DB" classname="Tests_DB" file="/var/www/html/test/wordpress_test/inpsyde_test/test/wp-content/plugins/plugintestslughere/tests/unit/tests/db.php" line="373" assertions="1" time="0.025939"/>
        <testcase name="test_prepare_sprintf_invalid_args" class="Tests_DB" classname="Tests_DB" file="/var/www/html/test/wordpress_test/inpsyde_test/test/wp-content/plugins/plugintestslughere/tests/unit/tests/db.php" line="383" assertions="3" time="0.023597"/>
        <testcase name="test_prepare_vsprintf" class="Tests_DB" classname="Tests_DB" file="/var/www/html/test/wordpress_test/inpsyde_test/test/wp-content/plugins/plugintestslughere/tests/unit/tests/db.php" line="395" assertions="1" time="0.023267"/>
        <testcase name="test_prepare_vsprintf_invalid_args" class="Tests_DB" classname="Tests_DB" file="/var/www/html/test/wordpress_test/inpsyde_test/test/wp-content/plugins/plugintestslughere/tests/unit/tests/db.php" line="405" assertions="3" time="0.024297"/>
        <testsuite name="Tests_DB::test_prepare_incorrect_arg_count" tests="9" assertions="18" errors="0" failures="0" skipped="0" time="0.208286">
          <testcase name="test_prepare_incorrect_arg_count with data set #0" class="Tests_DB" classname="Tests_DB" file="/var/www/html/test/wordpress_test/inpsyde_test/test/wp-content/plugins/plugintestslughere/tests/unit/tests/db.php" line="422" assertions="2" time="0.022631"/>
          <testcase name="test_prepare_incorrect_arg_count with data set #1" class="Tests_DB" classname="Tests_DB" file="/var/www/html/test/wordpress_test/inpsyde_test/test/wp-content/plugins/plugintestslughere/tests/unit/tests/db.php" line="422" assertions="2" time="0.023168"/>
          <testcase name="test_prepare_incorrect_arg_count with data set #2" class="Tests_DB" classname="Tests_DB" file="/var/www/html/test/wordpress_test/inpsyde_test/test/wp-content/plugins/plugintestslughere/tests/unit/tests/db.php" line="422" assertions="2" time="0.022286"/>
          <testcase name="test_prepare_incorrect_arg_count with data set #3" class="Tests_DB" classname="Tests_DB" file="/var/www/html/test/wordpress_test/inpsyde_test/test/wp-content/plugins/plugintestslughere/tests/unit/tests/db.php" line="422" assertions="2" time="0.023542"/>
          <testcase name="test_prepare_incorrect_arg_count with data set #4" class="Tests_DB" classname="Tests_DB" file="/var/www/html/test/wordpress_test/inpsyde_test/test/wp-content/plugins/plugintestslughere/tests/unit/tests/db.php" line="422" assertions="2" time="0.022345"/>
          <testcase name="test_prepare_incorrect_arg_count with data set #5" class="Tests_DB" classname="Tests_DB" file="/var/www/html/test/wordpress_test/inpsyde_test/test/wp-content/plugins/plugintestslughere/tests/unit/tests/db.php" line="422" assertions="2" time="0.024114"/>
          <testcase name="test_prepare_incorrect_arg_count with data set #6" class="Tests_DB" classname="Tests_DB" file="/var/www/html/test/wordpress_test/inpsyde_test/test/wp-content/plugins/plugintestslughere/tests/unit/tests/db.php" line="422" assertions="2" time="0.022721"/>
          <testcase name="test_prepare_incorrect_arg_count with data set #7" class="Tests_DB" classname="Tests_DB" file="/var/www/html/test/wordpress_test/inpsyde_test/test/wp-content/plugins/plugintestslughere/tests/unit/tests/db.php" line="422" assertions="2" time="0.023369"/>
          <testcase name="test_prepare_incorrect_arg_count with data set #8" class="Tests_DB" classname="Tests_DB" file="/var/www/html/test/wordpress_test/inpsyde_test/test/wp-content/plugins/plugintestslughere/tests/unit/tests/db.php" line="422" assertions="2" time="0.024111"/>
        </testsuite>
        <testcase name="test_db_version" class="Tests_DB" classname="Tests_DB" file="/var/www/html/test/wordpress_test/inpsyde_test/test/wp-content/plugins/plugintestslughere/tests/unit/tests/db.php" line="482" assertions="1" time="0.022466"/>
        <testcase name="test_get_caller" class="Tests_DB" classname="Tests_DB" file="/var/www/html/test/wordpress_test/inpsyde_test/test/wp-content/plugins/plugintestslughere/tests/unit/tests/db.php" line="488" assertions="1" time="0.023075"/>
        <testcase name="test_has_cap" class="Tests_DB" classname="Tests_DB" file="/var/www/html/test/wordpress_test/inpsyde_test/test/wp-content/plugins/plugintestslughere/tests/unit/tests/db.php" line="496" assertions="8" time="0.023702"/>
        <testcase name="test_supports_collation" class="Tests_DB" classname="Tests_DB" file="/var/www/html/test/wordpress_test/inpsyde_test/test/wp-content/plugins/plugintestslughere/tests/unit/tests/db.php" line="517" assertions="2" time="0.022045"/>
        <testcase name="test_check_database_version" class="Tests_DB" classname="Tests_DB" file="/var/www/html/test/wordpress_test/inpsyde_test/test/wp-content/plugins/plugintestslughere/tests/unit/tests/db.php" line="522" assertions="1" time="0.022252"/>
        <testcase name="test_bail" class="Tests_DB" classname="Tests_DB" file="/var/www/html/test/wordpress_test/inpsyde_test/test/wp-content/plugins/plugintestslughere/tests/unit/tests/db.php" line="527" assertions="1" time="0.022073"/>
        <testcase name="test_timers" class="Tests_DB" classname="Tests_DB" file="/var/www/html/test/wordpress_test/inpsyde_test/test/wp-content/plugins/plugintestslughere/tests/unit/tests/db.php" line="534" assertions="2" time="0.021944"/>
        <testcase name="test_get_col_info" class="Tests_DB" classname="Tests_DB" file="/var/www/html/test/wordpress_test/inpsyde_test/test/wp-content/plugins/plugintestslughere/tests/unit/tests/db.php" line="545" assertions="3" time="0.022623"/>
        <testcase name="test_query_and_delete" class="Tests_DB" classname="Tests_DB" file="/var/www/html/test/wordpress_test/inpsyde_test/test/wp-content/plugins/plugintestslughere/tests/unit/tests/db.php" line="555" assertions="3" time="0.061608"/>
        <testcase name="test_get_row" class="Tests_DB" classname="Tests_DB" file="/var/www/html/test/wordpress_test/inpsyde_test/test/wp-content/plugins/plugintestslughere/tests/unit/tests/db.php" line="564" assertions="4" time="0.065220"/>
        <testsuite name="Tests_DB::test_get_col" tests="7" assertions="12" errors="0" failures="0" skipped="0" time="0.164939">
          <testcase name="test_get_col with data set #0" class="Tests_DB" classname="Tests_DB" file="/var/www/html/test/wordpress_test/inpsyde_test/test/wp-content/plugins/plugintestslughere/tests/unit/tests/db.php" line="587" assertions="2" time="0.025628"/>
          <testcase name="test_get_col with data set #1" class="Tests_DB" classname="Tests_DB" file="/var/www/html/test/wordpress_test/inpsyde_test/test/wp-content/plugins/plugintestslughere/tests/unit/tests/db.php" line="587" assertions="2" time="0.022811"/>
          <testcase name="test_get_col with data set #2" class="Tests_DB" classname="Tests_DB" file="/var/www/html/test/wordpress_test/inpsyde_test/test/wp-content/plugins/plugintestslughere/tests/unit/tests/db.php" line="587" assertions="2" time="0.025376"/>
          <testcase name="test_get_col with data set #3" class="Tests_DB" classname="Tests_DB" file="/var/www/html/test/wordpress_test/inpsyde_test/test/wp-content/plugins/plugintestslughere/tests/unit/tests/db.php" line="587" assertions="2" time="0.023406"/>
          <testcase name="test_get_col with data set #4" class="Tests_DB" classname="Tests_DB" file="/var/www/html/test/wordpress_test/inpsyde_test/test/wp-content/plugins/plugintestslughere/tests/unit/tests/db.php" line="587" assertions="2" time="0.023552"/>
          <testcase name="test_get_col with data set #5" class="Tests_DB" classname="Tests_DB" file="/var/www/html/test/wordpress_test/inpsyde_test/test/wp-content/plugins/plugintestslughere/tests/unit/tests/db.php" line="587" assertions="1" time="0.022177"/>
          <testcase name="test_get_col with data set #6" class="Tests_DB" classname="Tests_DB" file="/var/www/html/test/wordpress_test/inpsyde_test/test/wp-content/plugins/plugintestslughere/tests/unit/tests/db.php" line="587" assertions="1" time="0.021989"/>
        </testsuite>
        <testcase name="test_replace" class="Tests_DB" classname="Tests_DB" file="/var/www/html/test/wordpress_test/inpsyde_test/test/wp-content/plugins/plugintestslughere/tests/unit/tests/db.php" line="666" assertions="6" time="0.106781"/>
        <testcase name="test_empty_where_on_update" class="Tests_DB" classname="Tests_DB" file="/var/www/html/test/wordpress_test/inpsyde_test/test/wp-content/plugins/plugintestslughere/tests/unit/tests/db.php" line="694" assertions="4" time="0.047503"/>
        <testcase name="test_mysqli_flush_sync" class="Tests_DB" classname="Tests_DB" file="/var/www/html/test/wordpress_test/inpsyde_test/test/wp-content/plugins/plugintestslughere/tests/unit/tests/db.php" line="716" assertions="2" time="0.530978"/>
        <testsuite name="Tests_DB::test_get_table_from_query" tests="225" assertions="225" errors="0" failures="0" skipped="0" time="5.502002">
          <testcase name="test_get_table_from_query with data set #0" class="Tests_DB" classname="Tests_DB" file="/var/www/html/test/wordpress_test/inpsyde_test/test/wp-content/plugins/plugintestslughere/tests/unit/tests/db.php" line="876" assertions="1" time="0.027005"/>
          <testcase name="test_get_table_from_query with data set #1" class="Tests_DB" classname="Tests_DB" file="/var/www/html/test/wordpress_test/inpsyde_test/test/wp-content/plugins/plugintestslughere/tests/unit/tests/db.php" line="876" assertions="1" time="0.025155"/>
          <testcase name="test_get_table_from_query with data set #2" class="Tests_DB" classname="Tests_DB" file="/var/www/html/test/wordpress_test/inpsyde_test/test/wp-content/plugins/plugintestslughere/tests/unit/tests/db.php" line="876" assertions="1" time="0.024603"/>
          <testcase name="test_get_table_from_query with data set #3" class="Tests_DB" classname="Tests_DB" file="/var/www/html/test/wordpress_test/inpsyde_test/test/wp-content/plugins/plugintestslughere/tests/unit/tests/db.php" line="876" assertions="1" time="0.023448"/>
          <testcase name="test_get_table_from_query with data set #4" class="Tests_DB" classname="Tests_DB" file="/var/www/html/test/wordpress_test/inpsyde_test/test/wp-content/plugins/plugintestslughere/tests/unit/tests/db.php" line="876" assertions="1" time="0.023285"/>
          <testcase name="test_get_table_from_query with data set #5" class="Tests_DB" classname="Tests_DB" file="/var/www/html/test/wordpress_test/inpsyde_test/test/wp-content/plugins/plugintestslughere/tests/unit/tests/db.php" line="876" assertions="1" time="0.022358"/>
          <testcase name="test_get_table_from_query with data set #6" class="Tests_DB" classname="Tests_DB" file="/var/www/html/test/wordpress_test/inpsyde_test/test/wp-content/plugins/plugintestslughere/tests/unit/tests/db.php" line="876" assertions="1" time="0.021342"/>
          <testcase name="test_get_table_from_query with data set #7" class="Tests_DB" classname="Tests_DB" file="/var/www/html/test/wordpress_test/inpsyde_test/test/wp-content/plugins/plugintestslughere/tests/unit/tests/db.php" line="876" assertions="1" time="0.022204"/>
          <testcase name="test_get_table_from_query with data set #8" class="Tests_DB" classname="Tests_DB" file="/var/www/html/test/wordpress_test/inpsyde_test/test/wp-content/plugins/plugintestslughere/tests/unit/tests/db.php" line="876" assertions="1" time="0.022602"/>
          <testcase name="test_get_table_from_query with data set #9" class="Tests_DB" classname="Tests_DB" file="/var/www/html/test/wordpress_test/inpsyde_test/test/wp-content/plugins/plugintestslughere/tests/unit/tests/db.php" line="876" assertions="1" time="0.022117"/>
          <testcase name="test_get_table_from_query with data set #10" class="Tests_DB" classname="Tests_DB" file="/var/www/html/test/wordpress_test/inpsyde_test/test/wp-content/plugins/plugintestslughere/tests/unit/tests/db.php" line="876" assertions="1" time="0.021957"/>
          <testcase name="test_get_table_from_query with data set #11" class="Tests_DB" classname="Tests_DB" file="/var/www/html/test/wordpress_test/inpsyde_test/test/wp-content/plugins/plugintestslughere/tests/unit/tests/db.php" line="876" assertions="1" time="0.022956"/>
          <testcase name="test_get_table_from_query with data set #12" class="Tests_DB" classname="Tests_DB" file="/var/www/html/test/wordpress_test/inpsyde_test/test/wp-content/plugins/plugintestslughere/tests/unit/tests/db.php" line="876" assertions="1" time="0.021340"/>
          <testcase name="test_get_table_from_query with data set #13" class="Tests_DB" classname="Tests_DB" file="/var/www/html/test/wordpress_test/inpsyde_test/test/wp-content/plugins/plugintestslughere/tests/unit/tests/db.php" line="876" assertions="1" time="0.022400"/>
          <testcase name="test_get_table_from_query with data set #14" class="Tests_DB" classname="Tests_DB" file="/var/www/html/test/wordpress_test/inpsyde_test/test/wp-content/plugins/plugintestslughere/tests/unit/tests/db.php" line="876" assertions="1" time="0.022053"/>
          <testcase name="test_get_table_from_query with data set #15" class="Tests_DB" classname="Tests_DB" file="/var/www/html/test/wordpress_test/inpsyde_test/test/wp-content/plugins/plugintestslughere/tests/unit/tests/db.php" line="876" assertions="1" time="0.021341"/>
          <testcase name="test_get_table_from_query with data set #16" class="Tests_DB" classname="Tests_DB" file="/var/www/html/test/wordpress_test/inpsyde_test/test/wp-content/plugins/plugintestslughere/tests/unit/tests/db.php" line="876" assertions="1" time="0.023134"/>
          <testcase name="test_get_table_from_query with data set #17" class="Tests_DB" classname="Tests_DB" file="/var/www/html/test/wordpress_test/inpsyde_test/test/wp-content/plugins/plugintestslughere/tests/unit/tests/db.php" line="876" assertions="1" time="0.023444"/>
          <testcase name="test_get_table_from_query with data set #18" class="Tests_DB" classname="Tests_DB" file="/var/www/html/test/wordpress_test/inpsyde_test/test/wp-content/plugins/plugintestslughere/tests/unit/tests/db.php" line="876" assertions="1" time="0.021840"/>
          <testcase name="test_get_table_from_query with data set #19" class="Tests_DB" classname="Tests_DB" file="/var/www/html/test/wordpress_test/inpsyde_test/test/wp-content/plugins/plugintestslughere/tests/unit/tests/db.php" line="876" assertions="1" time="0.024879"/>
          <testcase name="test_get_table_from_query with data set #20" class="Tests_DB" classname="Tests_DB" file="/var/www/html/test/wordpress_test/inpsyde_test/test/wp-content/plugins/plugintestslughere/tests/unit/tests/db.php" line="876" assertions="1" time="0.023581"/>
          <testcase name="test_get_table_from_query with data set #21" class="Tests_DB" classname="Tests_DB" file="/var/www/html/test/wordpress_test/inpsyde_test/test/wp-content/plugins/plugintestslughere/tests/unit/tests/db.php" line="876" assertions="1" time="0.024945"/>
          <testcase name="test_get_table_from_query with data set #22" class="Tests_DB" classname="Tests_DB" file="/var/www/html/test/wordpress_test/inpsyde_test/test/wp-content/plugins/plugintestslughere/tests/unit/tests/db.php" line="876" assertions="1" time="0.022386"/>
          <testcase name="test_get_table_from_query with data set #23" class="Tests_DB" classname="Tests_DB" file="/var/www/html/test/wordpress_test/inpsyde_test/test/wp-content/plugins/plugintestslughere/tests/unit/tests/db.php" line="876" assertions="1" time="0.023872"/>
          <testcase name="test_get_table_from_query with data set #24" class="Tests_DB" classname="Tests_DB" file="/var/www/html/test/wordpress_test/inpsyde_test/test/wp-content/plugins/plugintestslughere/tests/unit/tests/db.php" line="876" assertions="1" time="0.023231"/>
          <testcase name="test_get_table_from_query with data set #25" class="Tests_DB" classname="Tests_DB" file="/var/www/html/test/wordpress_test/inpsyde_test/test/wp-content/plugins/plugintestslughere/tests/unit/tests/db.php" line="876" assertions="1" time="0.022314"/>
          <testcase name="test_get_table_from_query with data set #26" class="Tests_DB" classname="Tests_DB" file="/var/www/html/test/wordpress_test/inpsyde_test/test/wp-content/plugins/plugintestslughere/tests/unit/tests/db.php" line="876" assertions="1" time="0.024347"/>
          <testcase name="test_get_table_from_query with data set #27" class="Tests_DB" classname="Tests_DB" file="/var/www/html/test/wordpress_test/inpsyde_test/test/wp-content/plugins/plugintestslughere/tests/unit/tests/db.php" line="876" assertions="1" time="0.022942"/>
          <testcase name="test_get_table_from_query with data set #28" class="Tests_DB" classname="Tests_DB" file="/var/www/html/test/wordpress_test/inpsyde_test/test/wp-content/plugins/plugintestslughere/tests/unit/tests/db.php" line="876" assertions="1" time="0.024966"/>
          <testcase name="test_get_table_from_query with data set #29" class="Tests_DB" classname="Tests_DB" file="/var/www/html/test/wordpress_test/inpsyde_test/test/wp-content/plugins/plugintestslughere/tests/unit/tests/db.php" line="876" assertions="1" time="0.024814"/>
          <testcase name="test_get_table_from_query with data set #30" class="Tests_DB" classname="Tests_DB" file="/var/www/html/test/wordpress_test/inpsyde_test/test/wp-content/plugins/plugintestslughere/tests/unit/tests/db.php" line="876" assertions="1" time="0.026210"/>
          <testcase name="test_get_table_from_query with data set #31" class="Tests_DB" classname="Tests_DB" file="/var/www/html/test/wordpress_test/inpsyde_test/test/wp-content/plugins/plugintestslughere/tests/unit/tests/db.php" line="876" assertions="1" time="0.022603"/>
          <testcase name="test_get_table_from_query with data set #32" class="Tests_DB" classname="Tests_DB" file="/var/www/html/test/wordpress_test/inpsyde_test/test/wp-content/plugins/plugintestslughere/tests/unit/tests/db.php" line="876" assertions="1" time="0.024906"/>
          <testcase name="test_get_table_from_query with data set #33" class="Tests_DB" classname="Tests_DB" file="/var/www/html/test/wordpress_test/inpsyde_test/test/wp-content/plugins/plugintestslughere/tests/unit/tests/db.php" line="876" assertions="1" time="0.023151"/>
          <testcase name="test_get_table_from_query with data set #34" class="Tests_DB" classname="Tests_DB" file="/var/www/html/test/wordpress_test/inpsyde_test/test/wp-content/plugins/plugintestslughere/tests/unit/tests/db.php" line="876" assertions="1" time="0.024653"/>
          <testcase name="test_get_table_from_query with data set #35" class="Tests_DB" classname="Tests_DB" file="/var/www/html/test/wordpress_test/inpsyde_test/test/wp-content/plugins/plugintestslughere/tests/unit/tests/db.php" line="876" assertions="1" time="0.022877"/>
          <testcase name="test_get_table_from_query with data set #36" class="Tests_DB" classname="Tests_DB" file="/var/www/html/test/wordpress_test/inpsyde_test/test/wp-content/plugins/plugintestslughere/tests/unit/tests/db.php" line="876" assertions="1" time="0.022298"/>
          <testcase name="test_get_table_from_query with data set #37" class="Tests_DB" classname="Tests_DB" file="/var/www/html/test/wordpress_test/inpsyde_test/test/wp-content/plugins/plugintestslughere/tests/unit/tests/db.php" line="876" assertions="1" time="0.024564"/>
          <testcase name="test_get_table_from_query with data set #38" class="Tests_DB" classname="Tests_DB" file="/var/www/html/test/wordpress_test/inpsyde_test/test/wp-content/plugins/plugintestslughere/tests/unit/tests/db.php" line="876" assertions="1" time="0.023584"/>
          <testcase name="test_get_table_from_query with data set #39" class="Tests_DB" classname="Tests_DB" file="/var/www/html/test/wordpress_test/inpsyde_test/test/wp-content/plugins/plugintestslughere/tests/unit/tests/db.php" line="876" assertions="1" time="0.024980"/>
          <testcase name="test_get_table_from_query with data set #40" class="Tests_DB" classname="Tests_DB" file="/var/www/html/test/wordpress_test/inpsyde_test/test/wp-content/plugins/plugintestslughere/tests/unit/tests/db.php" line="876" assertions="1" time="0.023595"/>
          <testcase name="test_get_table_from_query with data set #41" class="Tests_DB" classname="Tests_DB" file="/var/www/html/test/wordpress_test/inpsyde_test/test/wp-content/plugins/plugintestslughere/tests/unit/tests/db.php" line="876" assertions="1" time="0.025379"/>
          <testcase name="test_get_table_from_query with data set #42" class="Tests_DB" classname="Tests_DB" file="/var/www/html/test/wordpress_test/inpsyde_test/test/wp-content/plugins/plugintestslughere/tests/unit/tests/db.php" line="876" assertions="1" time="0.025747"/>
          <testcase name="test_get_table_from_query with data set #43" class="Tests_DB" classname="Tests_DB" file="/var/www/html/test/wordpress_test/inpsyde_test/test/wp-content/plugins/plugintestslughere/tests/unit/tests/db.php" line="876" assertions="1" time="0.025771"/>
          <testcase name="test_get_table_from_query with data set #44" class="Tests_DB" classname="Tests_DB" file="/var/www/html/test/wordpress_test/inpsyde_test/test/wp-content/plugins/plugintestslughere/tests/unit/tests/db.php" line="876" assertions="1" time="0.022079"/>
          <testcase name="test_get_table_from_query with data set #45" class="Tests_DB" classname="Tests_DB" file="/var/www/html/test/wordpress_test/inpsyde_test/test/wp-content/plugins/plugintestslughere/tests/unit/tests/db.php" line="876" assertions="1" time="0.025127"/>
          <testcase name="test_get_table_from_query with data set #46" class="Tests_DB" classname="Tests_DB" file="/var/www/html/test/wordpress_test/inpsyde_test/test/wp-content/plugins/plugintestslughere/tests/unit/tests/db.php" line="876" assertions="1" time="0.023679"/>
          <testcase name="test_get_table_from_query with data set #47" class="Tests_DB" classname="Tests_DB" file="/var/www/html/test/wordpress_test/inpsyde_test/test/wp-content/plugins/plugintestslughere/tests/unit/tests/db.php" line="876" assertions="1" time="0.025135"/>
          <testcase name="test_get_table_from_query with data set #48" class="Tests_DB" classname="Tests_DB" file="/var/www/html/test/wordpress_test/inpsyde_test/test/wp-content/plugins/plugintestslughere/tests/unit/tests/db.php" line="876" assertions="1" time="0.024277"/>
          <testcase name="test_get_table_from_query with data set #49" class="Tests_DB" classname="Tests_DB" file="/var/www/html/test/wordpress_test/inpsyde_test/test/wp-content/plugins/plugintestslughere/tests/unit/tests/db.php" line="876" assertions="1" time="0.026132"/>
          <testcase name="test_get_table_from_query with data set #50" class="Tests_DB" classname="Tests_DB" file="/var/www/html/test/wordpress_test/inpsyde_test/test/wp-content/plugins/plugintestslughere/tests/unit/tests/db.php" line="876" assertions="1" time="0.023266"/>
          <testcase name="test_get_table_from_query with data set #51" class="Tests_DB" classname="Tests_DB" file="/var/www/html/test/wordpress_test/inpsyde_test/test/wp-content/plugins/plugintestslughere/tests/unit/tests/db.php" line="876" assertions="1" time="0.028012"/>
          <testcase name="test_get_table_from_query with data set #52" class="Tests_DB" classname="Tests_DB" file="/var/www/html/test/wordpress_test/inpsyde_test/test/wp-content/plugins/plugintestslughere/tests/unit/tests/db.php" line="876" assertions="1" time="0.024509"/>
          <testcase name="test_get_table_from_query with data set #53" class="Tests_DB" classname="Tests_DB" file="/var/www/html/test/wordpress_test/inpsyde_test/test/wp-content/plugins/plugintestslughere/tests/unit/tests/db.php" line="876" assertions="1" time="0.024837"/>
          <testcase name="test_get_table_from_query with data set #54" class="Tests_DB" classname="Tests_DB" file="/var/www/html/test/wordpress_test/inpsyde_test/test/wp-content/plugins/plugintestslughere/tests/unit/tests/db.php" line="876" assertions="1" time="0.023216"/>
          <testcase name="test_get_table_from_query with data set #55" class="Tests_DB" classname="Tests_DB" file="/var/www/html/test/wordpress_test/inpsyde_test/test/wp-content/plugins/plugintestslughere/tests/unit/tests/db.php" line="876" assertions="1" time="0.025944"/>
          <testcase name="test_get_table_from_query with data set #56" class="Tests_DB" classname="Tests_DB" file="/var/www/html/test/wordpress_test/inpsyde_test/test/wp-content/plugins/plugintestslughere/tests/unit/tests/db.php" line="876" assertions="1" time="0.023236"/>
          <testcase name="test_get_table_from_query with data set #57" class="Tests_DB" classname="Tests_DB" file="/var/www/html/test/wordpress_test/inpsyde_test/test/wp-content/plugins/plugintestslughere/tests/unit/tests/db.php" line="876" assertions="1" time="0.026418"/>
          <testcase name="test_get_table_from_query with data set #58" class="Tests_DB" classname="Tests_DB" file="/var/www/html/test/wordpress_test/inpsyde_test/test/wp-content/plugins/plugintestslughere/tests/unit/tests/db.php" line="876" assertions="1" time="0.022050"/>
          <testcase name="test_get_table_from_query with data set #59" class="Tests_DB" classname="Tests_DB" file="/var/www/html/test/wordpress_test/inpsyde_test/test/wp-content/plugins/plugintestslughere/tests/unit/tests/db.php" line="876" assertions="1" time="0.025243"/>
          <testcase name="test_get_table_from_query with data set #60" class="Tests_DB" classname="Tests_DB" file="/var/www/html/test/wordpress_test/inpsyde_test/test/wp-content/plugins/plugintestslughere/tests/unit/tests/db.php" line="876" assertions="1" time="0.023876"/>
          <testcase name="test_get_table_from_query with data set #61" class="Tests_DB" classname="Tests_DB" file="/var/www/html/test/wordpress_test/inpsyde_test/test/wp-content/plugins/plugintestslughere/tests/unit/tests/db.php" line="876" assertions="1" time="0.024925"/>
          <testcase name="test_get_table_from_query with data set #62" class="Tests_DB" classname="Tests_DB" file="/var/www/html/test/wordpress_test/inpsyde_test/test/wp-content/plugins/plugintestslughere/tests/unit/tests/db.php" line="876" assertions="1" time="0.023880"/>
          <testcase name="test_get_table_from_query with data set #63" class="Tests_DB" classname="Tests_DB" file="/var/www/html/test/wordpress_test/inpsyde_test/test/wp-content/plugins/plugintestslughere/tests/unit/tests/db.php" line="876" assertions="1" time="0.024845"/>
          <testcase name="test_get_table_from_query with data set #64" class="Tests_DB" classname="Tests_DB" file="/var/www/html/test/wordpress_test/inpsyde_test/test/wp-content/plugins/plugintestslughere/tests/unit/tests/db.php" line="876" assertions="1" time="0.023425"/>
          <testcase name="test_get_table_from_query with data set #65" class="Tests_DB" classname="Tests_DB" file="/var/www/html/test/wordpress_test/inpsyde_test/test/wp-content/plugins/plugintestslughere/tests/unit/tests/db.php" line="876" assertions="1" time="0.023271"/>
          <testcase name="test_get_table_from_query with data set #66" class="Tests_DB" classname="Tests_DB" file="/var/www/html/test/wordpress_test/inpsyde_test/test/wp-content/plugins/plugintestslughere/tests/unit/tests/db.php" line="876" assertions="1" time="0.022896"/>
          <testcase name="test_get_table_from_query with data set #67" class="Tests_DB" classname="Tests_DB" file="/var/www/html/test/wordpress_test/inpsyde_test/test/wp-content/plugins/plugintestslughere/tests/unit/tests/db.php" line="876" assertions="1" time="0.022946"/>
          <testcase name="test_get_table_from_query with data set #68" class="Tests_DB" classname="Tests_DB" file="/var/www/html/test/wordpress_test/inpsyde_test/test/wp-content/plugins/plugintestslughere/tests/unit/tests/db.php" line="876" assertions="1" time="0.023831"/>
          <testcase name="test_get_table_from_query with data set #69" class="Tests_DB" classname="Tests_DB" file="/var/www/html/test/wordpress_test/inpsyde_test/test/wp-content/plugins/plugintestslughere/tests/unit/tests/db.php" line="876" assertions="1" time="0.022917"/>
          <testcase name="test_get_table_from_query with data set #70" class="Tests_DB" classname="Tests_DB" file="/var/www/html/test/wordpress_test/inpsyde_test/test/wp-content/plugins/plugintestslughere/tests/unit/tests/db.php" line="876" assertions="1" time="0.024931"/>
          <testcase name="test_get_table_from_query with data set #71" class="Tests_DB" classname="Tests_DB" file="/var/www/html/test/wordpress_test/inpsyde_test/test/wp-content/plugins/plugintestslughere/tests/unit/tests/db.php" line="876" assertions="1" time="0.023144"/>
          <testcase name="test_get_table_from_query with data set #72" class="Tests_DB" classname="Tests_DB" file="/var/www/html/test/wordpress_test/inpsyde_test/test/wp-content/plugins/plugintestslughere/tests/unit/tests/db.php" line="876" assertions="1" time="0.022864"/>
          <testcase name="test_get_table_from_query with data set #73" class="Tests_DB" classname="Tests_DB" file="/var/www/html/test/wordpress_test/inpsyde_test/test/wp-content/plugins/plugintestslughere/tests/unit/tests/db.php" line="876" assertions="1" time="0.024695"/>
          <testcase name="test_get_table_from_query with data set #74" class="Tests_DB" classname="Tests_DB" file="/var/www/html/test/wordpress_test/inpsyde_test/test/wp-content/plugins/plugintestslughere/tests/unit/tests/db.php" line="876" assertions="1" time="0.022416"/>
          <testcase name="test_get_table_from_query with data set #75" class="Tests_DB" classname="Tests_DB" file="/var/www/html/test/wordpress_test/inpsyde_test/test/wp-content/plugins/plugintestslughere/tests/unit/tests/db.php" line="876" assertions="1" time="0.024538"/>
          <testcase name="test_get_table_from_query with data set #76" class="Tests_DB" classname="Tests_DB" file="/var/www/html/test/wordpress_test/inpsyde_test/test/wp-content/plugins/plugintestslughere/tests/unit/tests/db.php" line="876" assertions="1" time="0.022802"/>
          <testcase name="test_get_table_from_query with data set #77" class="Tests_DB" classname="Tests_DB" file="/var/www/html/test/wordpress_test/inpsyde_test/test/wp-content/plugins/plugintestslughere/tests/unit/tests/db.php" line="876" assertions="1" time="0.025619"/>
          <testcase name="test_get_table_from_query with data set #78" class="Tests_DB" classname="Tests_DB" file="/var/www/html/test/wordpress_test/inpsyde_test/test/wp-content/plugins/plugintestslughere/tests/unit/tests/db.php" line="876" assertions="1" time="0.023001"/>
          <testcase name="test_get_table_from_query with data set #79" class="Tests_DB" classname="Tests_DB" file="/var/www/html/test/wordpress_test/inpsyde_test/test/wp-content/plugins/plugintestslughere/tests/unit/tests/db.php" line="876" assertions="1" time="0.025871"/>
          <testcase name="test_get_table_from_query with data set #80" class="Tests_DB" classname="Tests_DB" file="/var/www/html/test/wordpress_test/inpsyde_test/test/wp-content/plugins/plugintestslughere/tests/unit/tests/db.php" line="876" assertions="1" time="0.023165"/>
          <testcase name="test_get_table_from_query with data set #81" class="Tests_DB" classname="Tests_DB" file="/var/www/html/test/wordpress_test/inpsyde_test/test/wp-content/plugins/plugintestslughere/tests/unit/tests/db.php" line="876" assertions="1" time="0.025018"/>
          <testcase name="test_get_table_from_query with data set #82" class="Tests_DB" classname="Tests_DB" file="/var/www/html/test/wordpress_test/inpsyde_test/test/wp-content/plugins/plugintestslughere/tests/unit/tests/db.php" line="876" assertions="1" time="0.023627"/>
          <testcase name="test_get_table_from_query with data set #83" class="Tests_DB" classname="Tests_DB" file="/var/www/html/test/wordpress_test/inpsyde_test/test/wp-content/plugins/plugintestslughere/tests/unit/tests/db.php" line="876" assertions="1" time="0.024850"/>
          <testcase name="test_get_table_from_query with data set #84" class="Tests_DB" classname="Tests_DB" file="/var/www/html/test/wordpress_test/inpsyde_test/test/wp-content/plugins/plugintestslughere/tests/unit/tests/db.php" line="876" assertions="1" time="0.022843"/>
          <testcase name="test_get_table_from_query with data set #85" class="Tests_DB" classname="Tests_DB" file="/var/www/html/test/wordpress_test/inpsyde_test/test/wp-content/plugins/plugintestslughere/tests/unit/tests/db.php" line="876" assertions="1" time="0.023962"/>
          <testcase name="test_get_table_from_query with data set #86" class="Tests_DB" classname="Tests_DB" file="/var/www/html/test/wordpress_test/inpsyde_test/test/wp-content/plugins/plugintestslughere/tests/unit/tests/db.php" line="876" assertions="1" time="0.025505"/>
          <testcase name="test_get_table_from_query with data set #87" class="Tests_DB" classname="Tests_DB" file="/var/www/html/test/wordpress_test/inpsyde_test/test/wp-content/plugins/plugintestslughere/tests/unit/tests/db.php" line="876" assertions="1" time="0.022932"/>
          <testcase name="test_get_table_from_query with data set #88" class="Tests_DB" classname="Tests_DB" file="/var/www/html/test/wordpress_test/inpsyde_test/test/wp-content/plugins/plugintestslughere/tests/unit/tests/db.php" line="876" assertions="1" time="0.022959"/>
          <testcase name="test_get_table_from_query with data set #89" class="Tests_DB" classname="Tests_DB" file="/var/www/html/test/wordpress_test/inpsyde_test/test/wp-content/plugins/plugintestslughere/tests/unit/tests/db.php" line="876" assertions="1" time="0.024181"/>
          <testcase name="test_get_table_from_query with data set #90" class="Tests_DB" classname="Tests_DB" file="/var/www/html/test/wordpress_test/inpsyde_test/test/wp-content/plugins/plugintestslughere/tests/unit/tests/db.php" line="876" assertions="1" time="0.023750"/>
          <testcase name="test_get_table_from_query with data set #91" class="Tests_DB" classname="Tests_DB" file="/var/www/html/test/wordpress_test/inpsyde_test/test/wp-content/plugins/plugintestslughere/tests/unit/tests/db.php" line="876" assertions="1" time="0.022445"/>
          <testcase name="test_get_table_from_query with data set #92" class="Tests_DB" classname="Tests_DB" file="/var/www/html/test/wordpress_test/inpsyde_test/test/wp-content/plugins/plugintestslughere/tests/unit/tests/db.php" line="876" assertions="1" time="0.022576"/>
          <testcase name="test_get_table_from_query with data set #93" class="Tests_DB" classname="Tests_DB" file="/var/www/html/test/wordpress_test/inpsyde_test/test/wp-content/plugins/plugintestslughere/tests/unit/tests/db.php" line="876" assertions="1" time="0.022675"/>
          <testcase name="test_get_table_from_query with data set #94" class="Tests_DB" classname="Tests_DB" file="/var/www/html/test/wordpress_test/inpsyde_test/test/wp-content/plugins/plugintestslughere/tests/unit/tests/db.php" line="876" assertions="1" time="0.023501"/>
          <testcase name="test_get_table_from_query with data set #95" class="Tests_DB" classname="Tests_DB" file="/var/www/html/test/wordpress_test/inpsyde_test/test/wp-content/plugins/plugintestslughere/tests/unit/tests/db.php" line="876" assertions="1" time="0.025272"/>
          <testcase name="test_get_table_from_query with data set #96" class="Tests_DB" classname="Tests_DB" file="/var/www/html/test/wordpress_test/inpsyde_test/test/wp-content/plugins/plugintestslughere/tests/unit/tests/db.php" line="876" assertions="1" time="0.022199"/>
          <testcase name="test_get_table_from_query with data set #97" class="Tests_DB" classname="Tests_DB" file="/var/www/html/test/wordpress_test/inpsyde_test/test/wp-content/plugins/plugintestslughere/tests/unit/tests/db.php" line="876" assertions="1" time="0.024468"/>
          <testcase name="test_get_table_from_query with data set #98" class="Tests_DB" classname="Tests_DB" file="/var/www/html/test/wordpress_test/inpsyde_test/test/wp-content/plugins/plugintestslughere/tests/unit/tests/db.php" line="876" assertions="1" time="0.022860"/>
          <testcase name="test_get_table_from_query with data set #99" class="Tests_DB" classname="Tests_DB" file="/var/www/html/test/wordpress_test/inpsyde_test/test/wp-content/plugins/plugintestslughere/tests/unit/tests/db.php" line="876" assertions="1" time="0.023634"/>
          <testcase name="test_get_table_from_query with data set #100" class="Tests_DB" classname="Tests_DB" file="/var/www/html/test/wordpress_test/inpsyde_test/test/wp-content/plugins/plugintestslughere/tests/unit/tests/db.php" line="876" assertions="1" time="0.023415"/>
          <testcase name="test_get_table_from_query with data set #101" class="Tests_DB" classname="Tests_DB" file="/var/www/html/test/wordpress_test/inpsyde_test/test/wp-content/plugins/plugintestslughere/tests/unit/tests/db.php" line="876" assertions="1" time="0.024744"/>
          <testcase name="test_get_table_from_query with data set #102" class="Tests_DB" classname="Tests_DB" file="/var/www/html/test/wordpress_test/inpsyde_test/test/wp-content/plugins/plugintestslughere/tests/unit/tests/db.php" line="876" assertions="1" time="0.024660"/>
          <testcase name="test_get_table_from_query with data set #103" class="Tests_DB" classname="Tests_DB" file="/var/www/html/test/wordpress_test/inpsyde_test/test/wp-content/plugins/plugintestslughere/tests/unit/tests/db.php" line="876" assertions="1" time="0.023964"/>
          <testcase name="test_get_table_from_query with data set #104" class="Tests_DB" classname="Tests_DB" file="/var/www/html/test/wordpress_test/inpsyde_test/test/wp-content/plugins/plugintestslughere/tests/unit/tests/db.php" line="876" assertions="1" time="0.023604"/>
          <testcase name="test_get_table_from_query with data set #105" class="Tests_DB" classname="Tests_DB" file="/var/www/html/test/wordpress_test/inpsyde_test/test/wp-content/plugins/plugintestslughere/tests/unit/tests/db.php" line="876" assertions="1" time="0.022486"/>
          <testcase name="test_get_table_from_query with data set #106" class="Tests_DB" classname="Tests_DB" file="/var/www/html/test/wordpress_test/inpsyde_test/test/wp-content/plugins/plugintestslughere/tests/unit/tests/db.php" line="876" assertions="1" time="0.025923"/>
          <testcase name="test_get_table_from_query with data set #107" class="Tests_DB" classname="Tests_DB" file="/var/www/html/test/wordpress_test/inpsyde_test/test/wp-content/plugins/plugintestslughere/tests/unit/tests/db.php" line="876" assertions="1" time="0.024693"/>
          <testcase name="test_get_table_from_query with data set #108" class="Tests_DB" classname="Tests_DB" file="/var/www/html/test/wordpress_test/inpsyde_test/test/wp-content/plugins/plugintestslughere/tests/unit/tests/db.php" line="876" assertions="1" time="0.023586"/>
          <testcase name="test_get_table_from_query with data set #109" class="Tests_DB" classname="Tests_DB" file="/var/www/html/test/wordpress_test/inpsyde_test/test/wp-content/plugins/plugintestslughere/tests/unit/tests/db.php" line="876" assertions="1" time="0.023340"/>
          <testcase name="test_get_table_from_query with data set #110" class="Tests_DB" classname="Tests_DB" file="/var/www/html/test/wordpress_test/inpsyde_test/test/wp-content/plugins/plugintestslughere/tests/unit/tests/db.php" line="876" assertions="1" time="0.025670"/>
          <testcase name="test_get_table_from_query with data set #111" class="Tests_DB" classname="Tests_DB" file="/var/www/html/test/wordpress_test/inpsyde_test/test/wp-content/plugins/plugintestslughere/tests/unit/tests/db.php" line="876" assertions="1" time="0.023808"/>
          <testcase name="test_get_table_from_query with data set #112" class="Tests_DB" classname="Tests_DB" file="/var/www/html/test/wordpress_test/inpsyde_test/test/wp-content/plugins/plugintestslughere/tests/unit/tests/db.php" line="876" assertions="1" time="0.023758"/>
          <testcase name="test_get_table_from_query with data set #113" class="Tests_DB" classname="Tests_DB" file="/var/www/html/test/wordpress_test/inpsyde_test/test/wp-content/plugins/plugintestslughere/tests/unit/tests/db.php" line="876" assertions="1" time="0.023120"/>
          <testcase name="test_get_table_from_query with data set #114" class="Tests_DB" classname="Tests_DB" file="/var/www/html/test/wordpress_test/inpsyde_test/test/wp-content/plugins/plugintestslughere/tests/unit/tests/db.php" line="876" assertions="1" time="0.022983"/>
          <testcase name="test_get_table_from_query with data set #115" class="Tests_DB" classname="Tests_DB" file="/var/www/html/test/wordpress_test/inpsyde_test/test/wp-content/plugins/plugintestslughere/tests/unit/tests/db.php" line="876" assertions="1" time="0.023720"/>
          <testcase name="test_get_table_from_query with data set #116" class="Tests_DB" classname="Tests_DB" file="/var/www/html/test/wordpress_test/inpsyde_test/test/wp-content/plugins/plugintestslughere/tests/unit/tests/db.php" line="876" assertions="1" time="0.023286"/>
          <testcase name="test_get_table_from_query with data set #117" class="Tests_DB" classname="Tests_DB" file="/var/www/html/test/wordpress_test/inpsyde_test/test/wp-content/plugins/plugintestslughere/tests/unit/tests/db.php" line="876" assertions="1" time="0.023920"/>
          <testcase name="test_get_table_from_query with data set #118" class="Tests_DB" classname="Tests_DB" file="/var/www/html/test/wordpress_test/inpsyde_test/test/wp-content/plugins/plugintestslughere/tests/unit/tests/db.php" line="876" assertions="1" time="0.022522"/>
          <testcase name="test_get_table_from_query with data set #119" class="Tests_DB" classname="Tests_DB" file="/var/www/html/test/wordpress_test/inpsyde_test/test/wp-content/plugins/plugintestslughere/tests/unit/tests/db.php" line="876" assertions="1" time="0.022135"/>
          <testcase name="test_get_table_from_query with data set #120" class="Tests_DB" classname="Tests_DB" file="/var/www/html/test/wordpress_test/inpsyde_test/test/wp-content/plugins/plugintestslughere/tests/unit/tests/db.php" line="876" assertions="1" time="0.022516"/>
          <testcase name="test_get_table_from_query with data set #121" class="Tests_DB" classname="Tests_DB" file="/var/www/html/test/wordpress_test/inpsyde_test/test/wp-content/plugins/plugintestslughere/tests/unit/tests/db.php" line="876" assertions="1" time="0.023093"/>
          <testcase name="test_get_table_from_query with data set #122" class="Tests_DB" classname="Tests_DB" file="/var/www/html/test/wordpress_test/inpsyde_test/test/wp-content/plugins/plugintestslughere/tests/unit/tests/db.php" line="876" assertions="1" time="0.022851"/>
          <testcase name="test_get_table_from_query with data set #123" class="Tests_DB" classname="Tests_DB" file="/var/www/html/test/wordpress_test/inpsyde_test/test/wp-content/plugins/plugintestslughere/tests/unit/tests/db.php" line="876" assertions="1" time="0.023123"/>
          <testcase name="test_get_table_from_query with data set #124" class="Tests_DB" classname="Tests_DB" file="/var/www/html/test/wordpress_test/inpsyde_test/test/wp-content/plugins/plugintestslughere/tests/unit/tests/db.php" line="876" assertions="1" time="0.022019"/>
          <testcase name="test_get_table_from_query with data set #125" class="Tests_DB" classname="Tests_DB" file="/var/www/html/test/wordpress_test/inpsyde_test/test/wp-content/plugins/plugintestslughere/tests/unit/tests/db.php" line="876" assertions="1" time="0.030644"/>
          <testcase name="test_get_table_from_query with data set #126" class="Tests_DB" classname="Tests_DB" file="/var/www/html/test/wordpress_test/inpsyde_test/test/wp-content/plugins/plugintestslughere/tests/unit/tests/db.php" line="876" assertions="1" time="0.040031"/>
          <testcase name="test_get_table_from_query with data set #127" class="Tests_DB" classname="Tests_DB" file="/var/www/html/test/wordpress_test/inpsyde_test/test/wp-content/plugins/plugintestslughere/tests/unit/tests/db.php" line="876" assertions="1" time="0.028105"/>
          <testcase name="test_get_table_from_query with data set #128" class="Tests_DB" classname="Tests_DB" file="/var/www/html/test/wordpress_test/inpsyde_test/test/wp-content/plugins/plugintestslughere/tests/unit/tests/db.php" line="876" assertions="1" time="0.024546"/>
          <testcase name="test_get_table_from_query with data set #129" class="Tests_DB" classname="Tests_DB" file="/var/www/html/test/wordpress_test/inpsyde_test/test/wp-content/plugins/plugintestslughere/tests/unit/tests/db.php" line="876" assertions="1" time="0.025834"/>
          <testcase name="test_get_table_from_query with data set #130" class="Tests_DB" classname="Tests_DB" file="/var/www/html/test/wordpress_test/inpsyde_test/test/wp-content/plugins/plugintestslughere/tests/unit/tests/db.php" line="876" assertions="1" time="0.027259"/>
          <testcase name="test_get_table_from_query with data set #131" class="Tests_DB" classname="Tests_DB" file="/var/www/html/test/wordpress_test/inpsyde_test/test/wp-content/plugins/plugintestslughere/tests/unit/tests/db.php" line="876" assertions="1" time="0.022507"/>
          <testcase name="test_get_table_from_query with data set #132" class="Tests_DB" classname="Tests_DB" file="/var/www/html/test/wordpress_test/inpsyde_test/test/wp-content/plugins/plugintestslughere/tests/unit/tests/db.php" line="876" assertions="1" time="0.026239"/>
          <testcase name="test_get_table_from_query with data set #133" class="Tests_DB" classname="Tests_DB" file="/var/www/html/test/wordpress_test/inpsyde_test/test/wp-content/plugins/plugintestslughere/tests/unit/tests/db.php" line="876" assertions="1" time="0.024488"/>
          <testcase name="test_get_table_from_query with data set #134" class="Tests_DB" classname="Tests_DB" file="/var/www/html/test/wordpress_test/inpsyde_test/test/wp-content/plugins/plugintestslughere/tests/unit/tests/db.php" line="876" assertions="1" time="0.025528"/>
          <testcase name="test_get_table_from_query with data set #135" class="Tests_DB" classname="Tests_DB" file="/var/www/html/test/wordpress_test/inpsyde_test/test/wp-content/plugins/plugintestslughere/tests/unit/tests/db.php" line="876" assertions="1" time="0.022898"/>
          <testcase name="test_get_table_from_query with data set #136" class="Tests_DB" classname="Tests_DB" file="/var/www/html/test/wordpress_test/inpsyde_test/test/wp-content/plugins/plugintestslughere/tests/unit/tests/db.php" line="876" assertions="1" time="0.024719"/>
          <testcase name="test_get_table_from_query with data set #137" class="Tests_DB" classname="Tests_DB" file="/var/www/html/test/wordpress_test/inpsyde_test/test/wp-content/plugins/plugintestslughere/tests/unit/tests/db.php" line="876" assertions="1" time="0.022808"/>
          <testcase name="test_get_table_from_query with data set #138" class="Tests_DB" classname="Tests_DB" file="/var/www/html/test/wordpress_test/inpsyde_test/test/wp-content/plugins/plugintestslughere/tests/unit/tests/db.php" line="876" assertions="1" time="0.024677"/>
          <testcase name="test_get_table_from_query with data set #139" class="Tests_DB" classname="Tests_DB" file="/var/www/html/test/wordpress_test/inpsyde_test/test/wp-content/plugins/plugintestslughere/tests/unit/tests/db.php" line="876" assertions="1" time="0.025175"/>
          <testcase name="test_get_table_from_query with data set #140" class="Tests_DB" classname="Tests_DB" file="/var/www/html/test/wordpress_test/inpsyde_test/test/wp-content/plugins/plugintestslughere/tests/unit/tests/db.php" line="876" assertions="1" time="0.027253"/>
          <testcase name="test_get_table_from_query with data set #141" class="Tests_DB" classname="Tests_DB" file="/var/www/html/test/wordpress_test/inpsyde_test/test/wp-content/plugins/plugintestslughere/tests/unit/tests/db.php" line="876" assertions="1" time="0.023011"/>
          <testcase name="test_get_table_from_query with data set #142" class="Tests_DB" classname="Tests_DB" file="/var/www/html/test/wordpress_test/inpsyde_test/test/wp-content/plugins/plugintestslughere/tests/unit/tests/db.php" line="876" assertions="1" time="0.025397"/>
          <testcase name="test_get_table_from_query with data set #143" class="Tests_DB" classname="Tests_DB" file="/var/www/html/test/wordpress_test/inpsyde_test/test/wp-content/plugins/plugintestslughere/tests/unit/tests/db.php" line="876" assertions="1" time="0.023310"/>
          <testcase name="test_get_table_from_query with data set #144" class="Tests_DB" classname="Tests_DB" file="/var/www/html/test/wordpress_test/inpsyde_test/test/wp-content/plugins/plugintestslughere/tests/unit/tests/db.php" line="876" assertions="1" time="0.026643"/>
          <testcase name="test_get_table_from_query with data set #145" class="Tests_DB" classname="Tests_DB" file="/var/www/html/test/wordpress_test/inpsyde_test/test/wp-content/plugins/plugintestslughere/tests/unit/tests/db.php" line="876" assertions="1" time="0.024192"/>
          <testcase name="test_get_table_from_query with data set #146" class="Tests_DB" classname="Tests_DB" file="/var/www/html/test/wordpress_test/inpsyde_test/test/wp-content/plugins/plugintestslughere/tests/unit/tests/db.php" line="876" assertions="1" time="0.025764"/>
          <testcase name="test_get_table_from_query with data set #147" class="Tests_DB" classname="Tests_DB" file="/var/www/html/test/wordpress_test/inpsyde_test/test/wp-content/plugins/plugintestslughere/tests/unit/tests/db.php" line="876" assertions="1" time="0.024234"/>
          <testcase name="test_get_table_from_query with data set #148" class="Tests_DB" classname="Tests_DB" file="/var/www/html/test/wordpress_test/inpsyde_test/test/wp-content/plugins/plugintestslughere/tests/unit/tests/db.php" line="876" assertions="1" time="0.026237"/>
          <testcase name="test_get_table_from_query with data set #149" class="Tests_DB" classname="Tests_DB" file="/var/www/html/test/wordpress_test/inpsyde_test/test/wp-content/plugins/plugintestslughere/tests/unit/tests/db.php" line="876" assertions="1" time="0.024819"/>
          <testcase name="test_get_table_from_query with data set #150" class="Tests_DB" classname="Tests_DB" file="/var/www/html/test/wordpress_test/inpsyde_test/test/wp-content/plugins/plugintestslughere/tests/unit/tests/db.php" line="876" assertions="1" time="0.025913"/>
          <testcase name="test_get_table_from_query with data set #151" class="Tests_DB" classname="Tests_DB" file="/var/www/html/test/wordpress_test/inpsyde_test/test/wp-content/plugins/plugintestslughere/tests/unit/tests/db.php" line="876" assertions="1" time="0.023367"/>
          <testcase name="test_get_table_from_query with data set #152" class="Tests_DB" classname="Tests_DB" file="/var/www/html/test/wordpress_test/inpsyde_test/test/wp-content/plugins/plugintestslughere/tests/unit/tests/db.php" line="876" assertions="1" time="0.025644"/>
          <testcase name="test_get_table_from_query with data set #153" class="Tests_DB" classname="Tests_DB" file="/var/www/html/test/wordpress_test/inpsyde_test/test/wp-content/plugins/plugintestslughere/tests/unit/tests/db.php" line="876" assertions="1" time="0.023813"/>
          <testcase name="test_get_table_from_query with data set #154" class="Tests_DB" classname="Tests_DB" file="/var/www/html/test/wordpress_test/inpsyde_test/test/wp-content/plugins/plugintestslughere/tests/unit/tests/db.php" line="876" assertions="1" time="0.024792"/>
          <testcase name="test_get_table_from_query with data set #155" class="Tests_DB" classname="Tests_DB" file="/var/www/html/test/wordpress_test/inpsyde_test/test/wp-content/plugins/plugintestslughere/tests/unit/tests/db.php" line="876" assertions="1" time="0.023936"/>
          <testcase name="test_get_table_from_query with data set #156" class="Tests_DB" classname="Tests_DB" file="/var/www/html/test/wordpress_test/inpsyde_test/test/wp-content/plugins/plugintestslughere/tests/unit/tests/db.php" line="876" assertions="1" time="0.024805"/>
          <testcase name="test_get_table_from_query with data set #157" class="Tests_DB" classname="Tests_DB" file="/var/www/html/test/wordpress_test/inpsyde_test/test/wp-content/plugins/plugintestslughere/tests/unit/tests/db.php" line="876" assertions="1" time="0.024025"/>
          <testcase name="test_get_table_from_query with data set #158" class="Tests_DB" classname="Tests_DB" file="/var/www/html/test/wordpress_test/inpsyde_test/test/wp-content/plugins/plugintestslughere/tests/unit/tests/db.php" line="876" assertions="1" time="0.026283"/>
          <testcase name="test_get_table_from_query with data set #159" class="Tests_DB" classname="Tests_DB" file="/var/www/html/test/wordpress_test/inpsyde_test/test/wp-content/plugins/plugintestslughere/tests/unit/tests/db.php" line="876" assertions="1" time="0.023388"/>
          <testcase name="test_get_table_from_query with data set #160" class="Tests_DB" classname="Tests_DB" file="/var/www/html/test/wordpress_test/inpsyde_test/test/wp-content/plugins/plugintestslughere/tests/unit/tests/db.php" line="876" assertions="1" time="0.026129"/>
          <testcase name="test_get_table_from_query with data set #161" class="Tests_DB" classname="Tests_DB" file="/var/www/html/test/wordpress_test/inpsyde_test/test/wp-content/plugins/plugintestslughere/tests/unit/tests/db.php" line="876" assertions="1" time="0.025189"/>
          <testcase name="test_get_table_from_query with data set #162" class="Tests_DB" classname="Tests_DB" file="/var/www/html/test/wordpress_test/inpsyde_test/test/wp-content/plugins/plugintestslughere/tests/unit/tests/db.php" line="876" assertions="1" time="0.025894"/>
          <testcase name="test_get_table_from_query with data set #163" class="Tests_DB" classname="Tests_DB" file="/var/www/html/test/wordpress_test/inpsyde_test/test/wp-content/plugins/plugintestslughere/tests/unit/tests/db.php" line="876" assertions="1" time="0.026947"/>
          <testcase name="test_get_table_from_query with data set #164" class="Tests_DB" classname="Tests_DB" file="/var/www/html/test/wordpress_test/inpsyde_test/test/wp-content/plugins/plugintestslughere/tests/unit/tests/db.php" line="876" assertions="1" time="0.024225"/>
          <testcase name="test_get_table_from_query with data set #165" class="Tests_DB" classname="Tests_DB" file="/var/www/html/test/wordpress_test/inpsyde_test/test/wp-content/plugins/plugintestslughere/tests/unit/tests/db.php" line="876" assertions="1" time="0.026356"/>
          <testcase name="test_get_table_from_query with data set #166" class="Tests_DB" classname="Tests_DB" file="/var/www/html/test/wordpress_test/inpsyde_test/test/wp-content/plugins/plugintestslughere/tests/unit/tests/db.php" line="876" assertions="1" time="0.023687"/>
          <testcase name="test_get_table_from_query with data set #167" class="Tests_DB" classname="Tests_DB" file="/var/www/html/test/wordpress_test/inpsyde_test/test/wp-content/plugins/plugintestslughere/tests/unit/tests/db.php" line="876" assertions="1" time="0.027080"/>
          <testcase name="test_get_table_from_query with data set #168" class="Tests_DB" classname="Tests_DB" file="/var/www/html/test/wordpress_test/inpsyde_test/test/wp-content/plugins/plugintestslughere/tests/unit/tests/db.php" line="876" assertions="1" time="0.023792"/>
          <testcase name="test_get_table_from_query with data set #169" class="Tests_DB" classname="Tests_DB" file="/var/www/html/test/wordpress_test/inpsyde_test/test/wp-content/plugins/plugintestslughere/tests/unit/tests/db.php" line="876" assertions="1" time="0.029037"/>
          <testcase name="test_get_table_from_query with data set #170" class="Tests_DB" classname="Tests_DB" file="/var/www/html/test/wordpress_test/inpsyde_test/test/wp-content/plugins/plugintestslughere/tests/unit/tests/db.php" line="876" assertions="1" time="0.028493"/>
          <testcase name="test_get_table_from_query with data set #171" class="Tests_DB" classname="Tests_DB" file="/var/www/html/test/wordpress_test/inpsyde_test/test/wp-content/plugins/plugintestslughere/tests/unit/tests/db.php" line="876" assertions="1" time="0.024592"/>
          <testcase name="test_get_table_from_query with data set #172" class="Tests_DB" classname="Tests_DB" file="/var/www/html/test/wordpress_test/inpsyde_test/test/wp-content/plugins/plugintestslughere/tests/unit/tests/db.php" line="876" assertions="1" time="0.027634"/>
          <testcase name="test_get_table_from_query with data set #173" class="Tests_DB" classname="Tests_DB" file="/var/www/html/test/wordpress_test/inpsyde_test/test/wp-content/plugins/plugintestslughere/tests/unit/tests/db.php" line="876" assertions="1" time="0.030239"/>
          <testcase name="test_get_table_from_query with data set #174" class="Tests_DB" classname="Tests_DB" file="/var/www/html/test/wordpress_test/inpsyde_test/test/wp-content/plugins/plugintestslughere/tests/unit/tests/db.php" line="876" assertions="1" time="0.023276"/>
          <testcase name="test_get_table_from_query with data set #175" class="Tests_DB" classname="Tests_DB" file="/var/www/html/test/wordpress_test/inpsyde_test/test/wp-content/plugins/plugintestslughere/tests/unit/tests/db.php" line="876" assertions="1" time="0.025922"/>
          <testcase name="test_get_table_from_query with data set #176" class="Tests_DB" classname="Tests_DB" file="/var/www/html/test/wordpress_test/inpsyde_test/test/wp-content/plugins/plugintestslughere/tests/unit/tests/db.php" line="876" assertions="1" time="0.023761"/>
          <testcase name="test_get_table_from_query with data set #177" class="Tests_DB" classname="Tests_DB" file="/var/www/html/test/wordpress_test/inpsyde_test/test/wp-content/plugins/plugintestslughere/tests/unit/tests/db.php" line="876" assertions="1" time="0.026907"/>
          <testcase name="test_get_table_from_query with data set #178" class="Tests_DB" classname="Tests_DB" file="/var/www/html/test/wordpress_test/inpsyde_test/test/wp-content/plugins/plugintestslughere/tests/unit/tests/db.php" line="876" assertions="1" time="0.023583"/>
          <testcase name="test_get_table_from_query with data set #179" class="Tests_DB" classname="Tests_DB" file="/var/www/html/test/wordpress_test/inpsyde_test/test/wp-content/plugins/plugintestslughere/tests/unit/tests/db.php" line="876" assertions="1" time="0.026408"/>
          <testcase name="test_get_table_from_query with data set #180" class="Tests_DB" classname="Tests_DB" file="/var/www/html/test/wordpress_test/inpsyde_test/test/wp-content/plugins/plugintestslughere/tests/unit/tests/db.php" line="876" assertions="1" time="0.024712"/>
          <testcase name="test_get_table_from_query with data set #181" class="Tests_DB" classname="Tests_DB" file="/var/www/html/test/wordpress_test/inpsyde_test/test/wp-content/plugins/plugintestslughere/tests/unit/tests/db.php" line="876" assertions="1" time="0.029682"/>
          <testcase name="test_get_table_from_query with data set #182" class="Tests_DB" classname="Tests_DB" file="/var/www/html/test/wordpress_test/inpsyde_test/test/wp-content/plugins/plugintestslughere/tests/unit/tests/db.php" line="876" assertions="1" time="0.033556"/>
          <testcase name="test_get_table_from_query with data set #183" class="Tests_DB" classname="Tests_DB" file="/var/www/html/test/wordpress_test/inpsyde_test/test/wp-content/plugins/plugintestslughere/tests/unit/tests/db.php" line="876" assertions="1" time="0.033897"/>
          <testcase name="test_get_table_from_query with data set #184" class="Tests_DB" classname="Tests_DB" file="/var/www/html/test/wordpress_test/inpsyde_test/test/wp-content/plugins/plugintestslughere/tests/unit/tests/db.php" line="876" assertions="1" time="0.031225"/>
          <testcase name="test_get_table_from_query with data set #185" class="Tests_DB" classname="Tests_DB" file="/var/www/html/test/wordpress_test/inpsyde_test/test/wp-content/plugins/plugintestslughere/tests/unit/tests/db.php" line="876" assertions="1" time="0.025576"/>
          <testcase name="test_get_table_from_query with data set #186" class="Tests_DB" classname="Tests_DB" file="/var/www/html/test/wordpress_test/inpsyde_test/test/wp-content/plugins/plugintestslughere/tests/unit/tests/db.php" line="876" assertions="1" time="0.022900"/>
          <testcase name="test_get_table_from_query with data set #187" class="Tests_DB" classname="Tests_DB" file="/var/www/html/test/wordpress_test/inpsyde_test/test/wp-content/plugins/plugintestslughere/tests/unit/tests/db.php" line="876" assertions="1" time="0.024062"/>
          <testcase name="test_get_table_from_query with data set #188" class="Tests_DB" classname="Tests_DB" file="/var/www/html/test/wordpress_test/inpsyde_test/test/wp-content/plugins/plugintestslughere/tests/unit/tests/db.php" line="876" assertions="1" time="0.022350"/>
          <testcase name="test_get_table_from_query with data set #189" class="Tests_DB" classname="Tests_DB" file="/var/www/html/test/wordpress_test/inpsyde_test/test/wp-content/plugins/plugintestslughere/tests/unit/tests/db.php" line="876" assertions="1" time="0.021653"/>
          <testcase name="test_get_table_from_query with data set #190" class="Tests_DB" classname="Tests_DB" file="/var/www/html/test/wordpress_test/inpsyde_test/test/wp-content/plugins/plugintestslughere/tests/unit/tests/db.php" line="876" assertions="1" time="0.022358"/>
          <testcase name="test_get_table_from_query with data set #191" class="Tests_DB" classname="Tests_DB" file="/var/www/html/test/wordpress_test/inpsyde_test/test/wp-content/plugins/plugintestslughere/tests/unit/tests/db.php" line="876" assertions="1" time="0.022885"/>
          <testcase name="test_get_table_from_query with data set #192" class="Tests_DB" classname="Tests_DB" file="/var/www/html/test/wordpress_test/inpsyde_test/test/wp-content/plugins/plugintestslughere/tests/unit/tests/db.php" line="876" assertions="1" time="0.022345"/>
          <testcase name="test_get_table_from_query with data set #193" class="Tests_DB" classname="Tests_DB" file="/var/www/html/test/wordpress_test/inpsyde_test/test/wp-content/plugins/plugintestslughere/tests/unit/tests/db.php" line="876" assertions="1" time="0.034199"/>
          <testcase name="test_get_table_from_query with data set #194" class="Tests_DB" classname="Tests_DB" file="/var/www/html/test/wordpress_test/inpsyde_test/test/wp-content/plugins/plugintestslughere/tests/unit/tests/db.php" line="876" assertions="1" time="0.030131"/>
          <testcase name="test_get_table_from_query with data set #195" class="Tests_DB" classname="Tests_DB" file="/var/www/html/test/wordpress_test/inpsyde_test/test/wp-content/plugins/plugintestslughere/tests/unit/tests/db.php" line="876" assertions="1" time="0.026113"/>
          <testcase name="test_get_table_from_query with data set #196" class="Tests_DB" classname="Tests_DB" file="/var/www/html/test/wordpress_test/inpsyde_test/test/wp-content/plugins/plugintestslughere/tests/unit/tests/db.php" line="876" assertions="1" time="0.023172"/>
          <testcase name="test_get_table_from_query with data set #197" class="Tests_DB" classname="Tests_DB" file="/var/www/html/test/wordpress_test/inpsyde_test/test/wp-content/plugins/plugintestslughere/tests/unit/tests/db.php" line="876" assertions="1" time="0.023750"/>
          <testcase name="test_get_table_from_query with data set #198" class="Tests_DB" classname="Tests_DB" file="/var/www/html/test/wordpress_test/inpsyde_test/test/wp-content/plugins/plugintestslughere/tests/unit/tests/db.php" line="876" assertions="1" time="0.023291"/>
          <testcase name="test_get_table_from_query with data set #199" class="Tests_DB" classname="Tests_DB" file="/var/www/html/test/wordpress_test/inpsyde_test/test/wp-content/plugins/plugintestslughere/tests/unit/tests/db.php" line="876" assertions="1" time="0.023696"/>
          <testcase name="test_get_table_from_query with data set #200" class="Tests_DB" classname="Tests_DB" file="/var/www/html/test/wordpress_test/inpsyde_test/test/wp-content/plugins/plugintestslughere/tests/unit/tests/db.php" line="876" assertions="1" time="0.022552"/>
          <testcase name="test_get_table_from_query with data set #201" class="Tests_DB" classname="Tests_DB" file="/var/www/html/test/wordpress_test/inpsyde_test/test/wp-content/plugins/plugintestslughere/tests/unit/tests/db.php" line="876" assertions="1" time="0.021661"/>
          <testcase name="test_get_table_from_query with data set #202" class="Tests_DB" classname="Tests_DB" file="/var/www/html/test/wordpress_test/inpsyde_test/test/wp-content/plugins/plugintestslughere/tests/unit/tests/db.php" line="876" assertions="1" time="0.022877"/>
          <testcase name="test_get_table_from_query with data set #203" class="Tests_DB" classname="Tests_DB" file="/var/www/html/test/wordpress_test/inpsyde_test/test/wp-content/plugins/plugintestslughere/tests/unit/tests/db.php" line="876" assertions="1" time="0.023319"/>
          <testcase name="test_get_table_from_query with data set #204" class="Tests_DB" classname="Tests_DB" file="/var/www/html/test/wordpress_test/inpsyde_test/test/wp-content/plugins/plugintestslughere/tests/unit/tests/db.php" line="876" assertions="1" time="0.025006"/>
          <testcase name="test_get_table_from_query with data set #205" class="Tests_DB" classname="Tests_DB" file="/var/www/html/test/wordpress_test/inpsyde_test/test/wp-content/plugins/plugintestslughere/tests/unit/tests/db.php" line="876" assertions="1" time="0.023053"/>
          <testcase name="test_get_table_from_query with data set #206" class="Tests_DB" classname="Tests_DB" file="/var/www/html/test/wordpress_test/inpsyde_test/test/wp-content/plugins/plugintestslughere/tests/unit/tests/db.php" line="876" assertions="1" time="0.023941"/>
          <testcase name="test_get_table_from_query with data set #207" class="Tests_DB" classname="Tests_DB" file="/var/www/html/test/wordpress_test/inpsyde_test/test/wp-content/plugins/plugintestslughere/tests/unit/tests/db.php" line="876" assertions="1" time="0.025839"/>
          <testcase name="test_get_table_from_query with data set #208" class="Tests_DB" classname="Tests_DB" file="/var/www/html/test/wordpress_test/inpsyde_test/test/wp-content/plugins/plugintestslughere/tests/unit/tests/db.php" line="876" assertions="1" time="0.024481"/>
          <testcase name="test_get_table_from_query with data set #209" class="Tests_DB" classname="Tests_DB" file="/var/www/html/test/wordpress_test/inpsyde_test/test/wp-content/plugins/plugintestslughere/tests/unit/tests/db.php" line="876" assertions="1" time="0.023757"/>
          <testcase name="test_get_table_from_query with data set #210" class="Tests_DB" classname="Tests_DB" file="/var/www/html/test/wordpress_test/inpsyde_test/test/wp-content/plugins/plugintestslughere/tests/unit/tests/db.php" line="876" assertions="1" time="0.022662"/>
          <testcase name="test_get_table_from_query with data set #211" class="Tests_DB" classname="Tests_DB" file="/var/www/html/test/wordpress_test/inpsyde_test/test/wp-content/plugins/plugintestslughere/tests/unit/tests/db.php" line="876" assertions="1" time="0.025224"/>
          <testcase name="test_get_table_from_query with data set #212" class="Tests_DB" classname="Tests_DB" file="/var/www/html/test/wordpress_test/inpsyde_test/test/wp-content/plugins/plugintestslughere/tests/unit/tests/db.php" line="876" assertions="1" time="0.023596"/>
          <testcase name="test_get_table_from_query with data set #213" class="Tests_DB" classname="Tests_DB" file="/var/www/html/test/wordpress_test/inpsyde_test/test/wp-content/plugins/plugintestslughere/tests/unit/tests/db.php" line="876" assertions="1" time="0.025280"/>
          <testcase name="test_get_table_from_query with data set #214" class="Tests_DB" classname="Tests_DB" file="/var/www/html/test/wordpress_test/inpsyde_test/test/wp-content/plugins/plugintestslughere/tests/unit/tests/db.php" line="876" assertions="1" time="0.023818"/>
          <testcase name="test_get_table_from_query with data set #215" class="Tests_DB" classname="Tests_DB" file="/var/www/html/test/wordpress_test/inpsyde_test/test/wp-content/plugins/plugintestslughere/tests/unit/tests/db.php" line="876" assertions="1" time="0.025197"/>
          <testcase name="test_get_table_from_query with data set #216" class="Tests_DB" classname="Tests_DB" file="/var/www/html/test/wordpress_test/inpsyde_test/test/wp-content/plugins/plugintestslughere/tests/unit/tests/db.php" line="876" assertions="1" time="0.023276"/>
          <testcase name="test_get_table_from_query with data set #217" class="Tests_DB" classname="Tests_DB" file="/var/www/html/test/wordpress_test/inpsyde_test/test/wp-content/plugins/plugintestslughere/tests/unit/tests/db.php" line="876" assertions="1" time="0.025720"/>
          <testcase name="test_get_table_from_query with data set #218" class="Tests_DB" classname="Tests_DB" file="/var/www/html/test/wordpress_test/inpsyde_test/test/wp-content/plugins/plugintestslughere/tests/unit/tests/db.php" line="876" assertions="1" time="0.023798"/>
          <testcase name="test_get_table_from_query with data set #219" class="Tests_DB" classname="Tests_DB" file="/var/www/html/test/wordpress_test/inpsyde_test/test/wp-content/plugins/plugintestslughere/tests/unit/tests/db.php" line="876" assertions="1" time="0.026242"/>
          <testcase name="test_get_table_from_query with data set #220" class="Tests_DB" classname="Tests_DB" file="/var/www/html/test/wordpress_test/inpsyde_test/test/wp-content/plugins/plugintestslughere/tests/unit/tests/db.php" line="876" assertions="1" time="0.023306"/>
          <testcase name="test_get_table_from_query with data set #221" class="Tests_DB" classname="Tests_DB" file="/var/www/html/test/wordpress_test/inpsyde_test/test/wp-content/plugins/plugintestslughere/tests/unit/tests/db.php" line="876" assertions="1" time="0.025375"/>
          <testcase name="test_get_table_from_query with data set #222" class="Tests_DB" classname="Tests_DB" file="/var/www/html/test/wordpress_test/inpsyde_test/test/wp-content/plugins/plugintestslughere/tests/unit/tests/db.php" line="876" assertions="1" time="0.023619"/>
          <testcase name="test_get_table_from_query with data set #223" class="Tests_DB" classname="Tests_DB" file="/var/www/html/test/wordpress_test/inpsyde_test/test/wp-content/plugins/plugintestslughere/tests/unit/tests/db.php" line="876" assertions="1" time="0.024139"/>
          <testcase name="test_get_table_from_query with data set #224" class="Tests_DB" classname="Tests_DB" file="/var/www/html/test/wordpress_test/inpsyde_test/test/wp-content/plugins/plugintestslughere/tests/unit/tests/db.php" line="876" assertions="1" time="0.022885"/>
        </testsuite>
        <testsuite name="Tests_DB::test_get_table_from_query_false" tests="1" assertions="1" errors="0" failures="0" skipped="0" time="0.024222">
          <testcase name="test_get_table_from_query_false with data set #0" class="Tests_DB" classname="Tests_DB" file="/var/www/html/test/wordpress_test/inpsyde_test/test/wp-content/plugins/plugintestslughere/tests/unit/tests/db.php" line="891" assertions="1" time="0.024222"/>
        </testsuite>
        <testsuite name="Tests_DB::test_get_escaped_table_from_show_query" tests="8" assertions="8" errors="0" failures="0" skipped="0" time="0.188130">
          <testcase name="test_get_escaped_table_from_show_query with data set #0" class="Tests_DB" classname="Tests_DB" file="/var/www/html/test/wordpress_test/inpsyde_test/test/wp-content/plugins/plugintestslughere/tests/unit/tests/db.php" line="918" assertions="1" time="0.023237"/>
          <testcase name="test_get_escaped_table_from_show_query with data set #1" class="Tests_DB" classname="Tests_DB" file="/var/www/html/test/wordpress_test/inpsyde_test/test/wp-content/plugins/plugintestslughere/tests/unit/tests/db.php" line="918" assertions="1" time="0.022535"/>
          <testcase name="test_get_escaped_table_from_show_query with data set #2" class="Tests_DB" classname="Tests_DB" file="/var/www/html/test/wordpress_test/inpsyde_test/test/wp-content/plugins/plugintestslughere/tests/unit/tests/db.php" line="918" assertions="1" time="0.024777"/>
          <testcase name="test_get_escaped_table_from_show_query with data set #3" class="Tests_DB" classname="Tests_DB" file="/var/www/html/test/wordpress_test/inpsyde_test/test/wp-content/plugins/plugintestslughere/tests/unit/tests/db.php" line="918" assertions="1" time="0.022440"/>
          <testcase name="test_get_escaped_table_from_show_query with data set #4" class="Tests_DB" classname="Tests_DB" file="/var/www/html/test/wordpress_test/inpsyde_test/test/wp-content/plugins/plugintestslughere/tests/unit/tests/db.php" line="918" assertions="1" time="0.025307"/>
          <testcase name="test_get_escaped_table_from_show_query with data set #5" class="Tests_DB" classname="Tests_DB" file="/var/www/html/test/wordpress_test/inpsyde_test/test/wp-content/plugins/plugintestslughere/tests/unit/tests/db.php" line="918" assertions="1" time="0.022896"/>
          <testcase name="test_get_escaped_table_from_show_query with data set #6" class="Tests_DB" classname="Tests_DB" file="/var/www/html/test/wordpress_test/inpsyde_test/test/wp-content/plugins/plugintestslughere/tests/unit/tests/db.php" line="918" assertions="1" time="0.024501"/>
          <testcase name="test_get_escaped_table_from_show_query with data set #7" class="Tests_DB" classname="Tests_DB" file="/var/www/html/test/wordpress_test/inpsyde_test/test/wp-content/plugins/plugintestslughere/tests/unit/tests/db.php" line="918" assertions="1" time="0.022437"/>
        </testsuite>
        <testsuite name="Tests_DB::test_process_field_formats" tests="5" assertions="5" errors="0" failures="0" skipped="0" time="0.118943">
          <testcase name="test_process_field_formats with data set #0" class="Tests_DB" classname="Tests_DB" file="/var/www/html/test/wordpress_test/inpsyde_test/test/wp-content/plugins/plugintestslughere/tests/unit/tests/db.php" line="1033" assertions="1" time="0.022691"/>
          <testcase name="test_process_field_formats with data set #1" class="Tests_DB" classname="Tests_DB" file="/var/www/html/test/wordpress_test/inpsyde_test/test/wp-content/plugins/plugintestslughere/tests/unit/tests/db.php" line="1033" assertions="1" time="0.024974"/>
          <testcase name="test_process_field_formats with data set #2" class="Tests_DB" classname="Tests_DB" file="/var/www/html/test/wordpress_test/inpsyde_test/test/wp-content/plugins/plugintestslughere/tests/unit/tests/db.php" line="1033" assertions="1" time="0.023276"/>
          <testcase name="test_process_field_formats with data set #3" class="Tests_DB" classname="Tests_DB" file="/var/www/html/test/wordpress_test/inpsyde_test/test/wp-content/plugins/plugintestslughere/tests/unit/tests/db.php" line="1033" assertions="1" time="0.024648"/>
          <testcase name="test_process_field_formats with data set #4" class="Tests_DB" classname="Tests_DB" file="/var/www/html/test/wordpress_test/inpsyde_test/test/wp-content/plugins/plugintestslughere/tests/unit/tests/db.php" line="1033" assertions="1" time="0.023354"/>
        </testsuite>
        <testcase name="test_process_fields" class="Tests_DB" classname="Tests_DB" file="/var/www/html/test/wordpress_test/inpsyde_test/test/wp-content/plugins/plugintestslughere/tests/unit/tests/db.php" line="1041" assertions="1" time="0.026315"/>
        <testcase name="test_process_fields_on_nonexistent_table" class="Tests_DB" classname="Tests_DB" file="/var/www/html/test/wordpress_test/inpsyde_test/test/wp-content/plugins/plugintestslughere/tests/unit/tests/db.php" line="1071" assertions="1" time="0.025950"/>
        <testcase name="test_pre_get_table_charset_filter" class="Tests_DB" classname="Tests_DB" file="/var/www/html/test/wordpress_test/inpsyde_test/test/wp-content/plugins/plugintestslughere/tests/unit/tests/db.php" line="1081" assertions="1" time="0.022390"/>
        <testcase name="test_pre_get_col_charset_filter" class="Tests_DB" classname="Tests_DB" file="/var/www/html/test/wordpress_test/inpsyde_test/test/wp-content/plugins/plugintestslughere/tests/unit/tests/db.php" line="1095" assertions="1" time="0.025033"/>
        <testcase name="test_null_insert" class="Tests_DB" classname="Tests_DB" file="/var/www/html/test/wordpress_test/inpsyde_test/test/wp-content/plugins/plugintestslughere/tests/unit/tests/db.php" line="1109" assertions="1" time="0.081515"/>
        <testcase name="test_null_update_value" class="Tests_DB" classname="Tests_DB" file="/var/www/html/test/wordpress_test/inpsyde_test/test/wp-content/plugins/plugintestslughere/tests/unit/tests/db.php" line="1131" assertions="2" time="0.154045"/>
        <testcase name="test_null_update_where" class="Tests_DB" classname="Tests_DB" file="/var/www/html/test/wordpress_test/inpsyde_test/test/wp-content/plugins/plugintestslughere/tests/unit/tests/db.php" line="1169" assertions="2" time="0.065686"/>
        <testcase name="test_null_delete" class="Tests_DB" classname="Tests_DB" file="/var/www/html/test/wordpress_test/inpsyde_test/test/wp-content/plugins/plugintestslughere/tests/unit/tests/db.php" line="1207" assertions="2" time="0.066071"/>
        <testcase name="test_close" class="Tests_DB" classname="Tests_DB" file="/var/www/html/test/wordpress_test/inpsyde_test/test/wp-content/plugins/plugintestslughere/tests/unit/tests/db.php" line="1243" assertions="5" time="0.080579"/>
        <testcase name="test_charset_not_determined_when_disconnected" class="Tests_DB" classname="Tests_DB" file="/var/www/html/test/wordpress_test/inpsyde_test/test/wp-content/plugins/plugintestslughere/tests/unit/tests/db.php" line="1262" assertions="1" time="0.057829"/>
        <testcase name="test_charset_switched_to_utf8mb4" class="Tests_DB" classname="Tests_DB" file="/var/www/html/test/wordpress_test/inpsyde_test/test/wp-content/plugins/plugintestslughere/tests/unit/tests/db.php" line="1280" assertions="1" time="0.027726"/>
        <testcase name="test_collate_switched_to_utf8mb4_520" class="Tests_DB" classname="Tests_DB" file="/var/www/html/test/wordpress_test/inpsyde_test/test/wp-content/plugins/plugintestslughere/tests/unit/tests/db.php" line="1299" assertions="1" time="0.022259"/>
        <testcase name="test_non_unicode_collations" class="Tests_DB" classname="Tests_DB" file="/var/www/html/test/wordpress_test/inpsyde_test/test/wp-content/plugins/plugintestslughere/tests/unit/tests/db.php" line="1318" assertions="1" time="0.023893"/>
        <testcase name="test_charset_switched_to_utf8" class="Tests_DB" classname="Tests_DB" file="/var/www/html/test/wordpress_test/inpsyde_test/test/wp-content/plugins/plugintestslughere/tests/unit/tests/db.php" line="1336" assertions="0" time="0.022777">
          <skipped/>
        </testcase>
        <testsuite name="Tests_DB::test_prepare_with_placeholders_and_individual_args" tests="28" assertions="34" errors="0" failures="0" skipped="0" time="0.695127">
          <testcase name="test_prepare_with_placeholders_and_individual_args with data set #0" class="Tests_DB" classname="Tests_DB" file="/var/www/html/test/wordpress_test/inpsyde_test/test/wp-content/plugins/plugintestslughere/tests/unit/tests/db.php" line="1355" assertions="1" time="0.022881"/>
          <testcase name="test_prepare_with_placeholders_and_individual_args with data set #1" class="Tests_DB" classname="Tests_DB" file="/var/www/html/test/wordpress_test/inpsyde_test/test/wp-content/plugins/plugintestslughere/tests/unit/tests/db.php" line="1355" assertions="2" time="0.023522"/>
          <testcase name="test_prepare_with_placeholders_and_individual_args with data set #2" class="Tests_DB" classname="Tests_DB" file="/var/www/html/test/wordpress_test/inpsyde_test/test/wp-content/plugins/plugintestslughere/tests/unit/tests/db.php" line="1355" assertions="1" time="0.022156"/>
          <testcase name="test_prepare_with_placeholders_and_individual_args with data set #3" class="Tests_DB" classname="Tests_DB" file="/var/www/html/test/wordpress_test/inpsyde_test/test/wp-content/plugins/plugintestslughere/tests/unit/tests/db.php" line="1355" assertions="1" time="0.022493"/>
          <testcase name="test_prepare_with_placeholders_and_individual_args with data set #4" class="Tests_DB" classname="Tests_DB" file="/var/www/html/test/wordpress_test/inpsyde_test/test/wp-content/plugins/plugintestslughere/tests/unit/tests/db.php" line="1355" assertions="1" time="0.022260"/>
          <testcase name="test_prepare_with_placeholders_and_individual_args with data set #5" class="Tests_DB" classname="Tests_DB" file="/var/www/html/test/wordpress_test/inpsyde_test/test/wp-content/plugins/plugintestslughere/tests/unit/tests/db.php" line="1355" assertions="1" time="0.021499"/>
          <testcase name="test_prepare_with_placeholders_and_individual_args with data set #6" class="Tests_DB" classname="Tests_DB" file="/var/www/html/test/wordpress_test/inpsyde_test/test/wp-content/plugins/plugintestslughere/tests/unit/tests/db.php" line="1355" assertions="1" time="0.023361"/>
          <testcase name="test_prepare_with_placeholders_and_individual_args with data set #7" class="Tests_DB" classname="Tests_DB" file="/var/www/html/test/wordpress_test/inpsyde_test/test/wp-content/plugins/plugintestslughere/tests/unit/tests/db.php" line="1355" assertions="1" time="0.022087"/>
          <testcase name="test_prepare_with_placeholders_and_individual_args with data set #8" class="Tests_DB" classname="Tests_DB" file="/var/www/html/test/wordpress_test/inpsyde_test/test/wp-content/plugins/plugintestslughere/tests/unit/tests/db.php" line="1355" assertions="1" time="0.022546"/>
          <testcase name="test_prepare_with_placeholders_and_individual_args with data set #9" class="Tests_DB" classname="Tests_DB" file="/var/www/html/test/wordpress_test/inpsyde_test/test/wp-content/plugins/plugintestslughere/tests/unit/tests/db.php" line="1355" assertions="1" time="0.023866"/>
          <testcase name="test_prepare_with_placeholders_and_individual_args with data set #10" class="Tests_DB" classname="Tests_DB" file="/var/www/html/test/wordpress_test/inpsyde_test/test/wp-content/plugins/plugintestslughere/tests/unit/tests/db.php" line="1355" assertions="1" time="0.022951"/>
          <testcase name="test_prepare_with_placeholders_and_individual_args with data set #11" class="Tests_DB" classname="Tests_DB" file="/var/www/html/test/wordpress_test/inpsyde_test/test/wp-content/plugins/plugintestslughere/tests/unit/tests/db.php" line="1355" assertions="2" time="0.024294"/>
          <testcase name="test_prepare_with_placeholders_and_individual_args with data set #12" class="Tests_DB" classname="Tests_DB" file="/var/www/html/test/wordpress_test/inpsyde_test/test/wp-content/plugins/plugintestslughere/tests/unit/tests/db.php" line="1355" assertions="1" time="0.023588"/>
          <testcase name="test_prepare_with_placeholders_and_individual_args with data set #13" class="Tests_DB" classname="Tests_DB" file="/var/www/html/test/wordpress_test/inpsyde_test/test/wp-content/plugins/plugintestslughere/tests/unit/tests/db.php" line="1355" assertions="1" time="0.025415"/>
          <testcase name="test_prepare_with_placeholders_and_individual_args with data set #14" class="Tests_DB" classname="Tests_DB" file="/var/www/html/test/wordpress_test/inpsyde_test/test/wp-content/plugins/plugintestslughere/tests/unit/tests/db.php" line="1355" assertions="1" time="0.023681"/>
          <testcase name="test_prepare_with_placeholders_and_individual_args with data set #15" class="Tests_DB" classname="Tests_DB" file="/var/www/html/test/wordpress_test/inpsyde_test/test/wp-content/plugins/plugintestslughere/tests/unit/tests/db.php" line="1355" assertions="2" time="0.028016"/>
          <testcase name="test_prepare_with_placeholders_and_individual_args with data set #16" class="Tests_DB" classname="Tests_DB" file="/var/www/html/test/wordpress_test/inpsyde_test/test/wp-content/plugins/plugintestslughere/tests/unit/tests/db.php" line="1355" assertions="2" time="0.031406"/>
          <testcase name="test_prepare_with_placeholders_and_individual_args with data set #17" class="Tests_DB" classname="Tests_DB" file="/var/www/html/test/wordpress_test/inpsyde_test/test/wp-content/plugins/plugintestslughere/tests/unit/tests/db.php" line="1355" assertions="2" time="0.025653"/>
          <testcase name="test_prepare_with_placeholders_and_individual_args with data set #18" class="Tests_DB" classname="Tests_DB" file="/var/www/html/test/wordpress_test/inpsyde_test/test/wp-content/plugins/plugintestslughere/tests/unit/tests/db.php" line="1355" assertions="1" time="0.028304"/>
          <testcase name="test_prepare_with_placeholders_and_individual_args with data set #19" class="Tests_DB" classname="Tests_DB" file="/var/www/html/test/wordpress_test/inpsyde_test/test/wp-content/plugins/plugintestslughere/tests/unit/tests/db.php" line="1355" assertions="1" time="0.025555"/>
          <testcase name="test_prepare_with_placeholders_and_individual_args with data set #20" class="Tests_DB" classname="Tests_DB" file="/var/www/html/test/wordpress_test/inpsyde_test/test/wp-content/plugins/plugintestslughere/tests/unit/tests/db.php" line="1355" assertions="1" time="0.025905"/>
          <testcase name="test_prepare_with_placeholders_and_individual_args with data set #21" class="Tests_DB" classname="Tests_DB" file="/var/www/html/test/wordpress_test/inpsyde_test/test/wp-content/plugins/plugintestslughere/tests/unit/tests/db.php" line="1355" assertions="1" time="0.026843"/>
          <testcase name="test_prepare_with_placeholders_and_individual_args with data set #22" class="Tests_DB" classname="Tests_DB" file="/var/www/html/test/wordpress_test/inpsyde_test/test/wp-content/plugins/plugintestslughere/tests/unit/tests/db.php" line="1355" assertions="1" time="0.023939"/>
          <testcase name="test_prepare_with_placeholders_and_individual_args with data set #23" class="Tests_DB" classname="Tests_DB" file="/var/www/html/test/wordpress_test/inpsyde_test/test/wp-content/plugins/plugintestslughere/tests/unit/tests/db.php" line="1355" assertions="1" time="0.027116"/>
          <testcase name="test_prepare_with_placeholders_and_individual_args with data set #24" class="Tests_DB" classname="Tests_DB" file="/var/www/html/test/wordpress_test/inpsyde_test/test/wp-content/plugins/plugintestslughere/tests/unit/tests/db.php" line="1355" assertions="2" time="0.024314"/>
          <testcase name="test_prepare_with_placeholders_and_individual_args with data set #25" class="Tests_DB" classname="Tests_DB" file="/var/www/html/test/wordpress_test/inpsyde_test/test/wp-content/plugins/plugintestslughere/tests/unit/tests/db.php" line="1355" assertions="1" time="0.027040"/>
          <testcase name="test_prepare_with_placeholders_and_individual_args with data set #26" class="Tests_DB" classname="Tests_DB" file="/var/www/html/test/wordpress_test/inpsyde_test/test/wp-content/plugins/plugintestslughere/tests/unit/tests/db.php" line="1355" assertions="1" time="0.027973"/>
          <testcase name="test_prepare_with_placeholders_and_individual_args with data set #27" class="Tests_DB" classname="Tests_DB" file="/var/www/html/test/wordpress_test/inpsyde_test/test/wp-content/plugins/plugintestslughere/tests/unit/tests/db.php" line="1355" assertions="1" time="0.026463"/>
        </testsuite>
        <testsuite name="Tests_DB::test_prepare_with_placeholders_and_array_args" tests="28" assertions="34" errors="0" failures="0" skipped="0" time="0.712666">
          <testcase name="test_prepare_with_placeholders_and_array_args with data set #0" class="Tests_DB" classname="Tests_DB" file="/var/www/html/test/wordpress_test/inpsyde_test/test/wp-content/plugins/plugintestslughere/tests/unit/tests/db.php" line="1374" assertions="1" time="0.026558"/>
          <testcase name="test_prepare_with_placeholders_and_array_args with data set #1" class="Tests_DB" classname="Tests_DB" file="/var/www/html/test/wordpress_test/inpsyde_test/test/wp-content/plugins/plugintestslughere/tests/unit/tests/db.php" line="1374" assertions="2" time="0.025145"/>
          <testcase name="test_prepare_with_placeholders_and_array_args with data set #2" class="Tests_DB" classname="Tests_DB" file="/var/www/html/test/wordpress_test/inpsyde_test/test/wp-content/plugins/plugintestslughere/tests/unit/tests/db.php" line="1374" assertions="1" time="0.024900"/>
          <testcase name="test_prepare_with_placeholders_and_array_args with data set #3" class="Tests_DB" classname="Tests_DB" file="/var/www/html/test/wordpress_test/inpsyde_test/test/wp-content/plugins/plugintestslughere/tests/unit/tests/db.php" line="1374" assertions="1" time="0.022685"/>
          <testcase name="test_prepare_with_placeholders_and_array_args with data set #4" class="Tests_DB" classname="Tests_DB" file="/var/www/html/test/wordpress_test/inpsyde_test/test/wp-content/plugins/plugintestslughere/tests/unit/tests/db.php" line="1374" assertions="1" time="0.027133"/>
          <testcase name="test_prepare_with_placeholders_and_array_args with data set #5" class="Tests_DB" classname="Tests_DB" file="/var/www/html/test/wordpress_test/inpsyde_test/test/wp-content/plugins/plugintestslughere/tests/unit/tests/db.php" line="1374" assertions="1" time="0.024969"/>
          <testcase name="test_prepare_with_placeholders_and_array_args with data set #6" class="Tests_DB" classname="Tests_DB" file="/var/www/html/test/wordpress_test/inpsyde_test/test/wp-content/plugins/plugintestslughere/tests/unit/tests/db.php" line="1374" assertions="1" time="0.024787"/>
          <testcase name="test_prepare_with_placeholders_and_array_args with data set #7" class="Tests_DB" classname="Tests_DB" file="/var/www/html/test/wordpress_test/inpsyde_test/test/wp-content/plugins/plugintestslughere/tests/unit/tests/db.php" line="1374" assertions="1" time="0.025079"/>
          <testcase name="test_prepare_with_placeholders_and_array_args with data set #8" class="Tests_DB" classname="Tests_DB" file="/var/www/html/test/wordpress_test/inpsyde_test/test/wp-content/plugins/plugintestslughere/tests/unit/tests/db.php" line="1374" assertions="1" time="0.024578"/>
          <testcase name="test_prepare_with_placeholders_and_array_args with data set #9" class="Tests_DB" classname="Tests_DB" file="/var/www/html/test/wordpress_test/inpsyde_test/test/wp-content/plugins/plugintestslughere/tests/unit/tests/db.php" line="1374" assertions="1" time="0.025298"/>
          <testcase name="test_prepare_with_placeholders_and_array_args with data set #10" class="Tests_DB" classname="Tests_DB" file="/var/www/html/test/wordpress_test/inpsyde_test/test/wp-content/plugins/plugintestslughere/tests/unit/tests/db.php" line="1374" assertions="1" time="0.025649"/>
          <testcase name="test_prepare_with_placeholders_and_array_args with data set #11" class="Tests_DB" classname="Tests_DB" file="/var/www/html/test/wordpress_test/inpsyde_test/test/wp-content/plugins/plugintestslughere/tests/unit/tests/db.php" line="1374" assertions="2" time="0.026894"/>
          <testcase name="test_prepare_with_placeholders_and_array_args with data set #12" class="Tests_DB" classname="Tests_DB" file="/var/www/html/test/wordpress_test/inpsyde_test/test/wp-content/plugins/plugintestslughere/tests/unit/tests/db.php" line="1374" assertions="1" time="0.023568"/>
          <testcase name="test_prepare_with_placeholders_and_array_args with data set #13" class="Tests_DB" classname="Tests_DB" file="/var/www/html/test/wordpress_test/inpsyde_test/test/wp-content/plugins/plugintestslughere/tests/unit/tests/db.php" line="1374" assertions="1" time="0.025802"/>
          <testcase name="test_prepare_with_placeholders_and_array_args with data set #14" class="Tests_DB" classname="Tests_DB" file="/var/www/html/test/wordpress_test/inpsyde_test/test/wp-content/plugins/plugintestslughere/tests/unit/tests/db.php" line="1374" assertions="1" time="0.023159"/>
          <testcase name="test_prepare_with_placeholders_and_array_args with data set #15" class="Tests_DB" classname="Tests_DB" file="/var/www/html/test/wordpress_test/inpsyde_test/test/wp-content/plugins/plugintestslughere/tests/unit/tests/db.php" line="1374" assertions="2" time="0.025305"/>
          <testcase name="test_prepare_with_placeholders_and_array_args with data set #16" class="Tests_DB" classname="Tests_DB" file="/var/www/html/test/wordpress_test/inpsyde_test/test/wp-content/plugins/plugintestslughere/tests/unit/tests/db.php" line="1374" assertions="2" time="0.024802"/>
          <testcase name="test_prepare_with_placeholders_and_array_args with data set #17" class="Tests_DB" classname="Tests_DB" file="/var/www/html/test/wordpress_test/inpsyde_test/test/wp-content/plugins/plugintestslughere/tests/unit/tests/db.php" line="1374" assertions="2" time="0.026547"/>
          <testcase name="test_prepare_with_placeholders_and_array_args with data set #18" class="Tests_DB" classname="Tests_DB" file="/var/www/html/test/wordpress_test/inpsyde_test/test/wp-content/plugins/plugintestslughere/tests/unit/tests/db.php" line="1374" assertions="1" time="0.024458"/>
          <testcase name="test_prepare_with_placeholders_and_array_args with data set #19" class="Tests_DB" classname="Tests_DB" file="/var/www/html/test/wordpress_test/inpsyde_test/test/wp-content/plugins/plugintestslughere/tests/unit/tests/db.php" line="1374" assertions="1" time="0.026293"/>
          <testcase name="test_prepare_with_placeholders_and_array_args with data set #20" class="Tests_DB" classname="Tests_DB" file="/var/www/html/test/wordpress_test/inpsyde_test/test/wp-content/plugins/plugintestslughere/tests/unit/tests/db.php" line="1374" assertions="1" time="0.023138"/>
          <testcase name="test_prepare_with_placeholders_and_array_args with data set #21" class="Tests_DB" classname="Tests_DB" file="/var/www/html/test/wordpress_test/inpsyde_test/test/wp-content/plugins/plugintestslughere/tests/unit/tests/db.php" line="1374" assertions="1" time="0.027083"/>
          <testcase name="test_prepare_with_placeholders_and_array_args with data set #22" class="Tests_DB" classname="Tests_DB" file="/var/www/html/test/wordpress_test/inpsyde_test/test/wp-content/plugins/plugintestslughere/tests/unit/tests/db.php" line="1374" assertions="1" time="0.025578"/>
          <testcase name="test_prepare_with_placeholders_and_array_args with data set #23" class="Tests_DB" classname="Tests_DB" file="/var/www/html/test/wordpress_test/inpsyde_test/test/wp-content/plugins/plugintestslughere/tests/unit/tests/db.php" line="1374" assertions="1" time="0.026227"/>
          <testcase name="test_prepare_with_placeholders_and_array_args with data set #24" class="Tests_DB" classname="Tests_DB" file="/var/www/html/test/wordpress_test/inpsyde_test/test/wp-content/plugins/plugintestslughere/tests/unit/tests/db.php" line="1374" assertions="2" time="0.028059"/>
          <testcase name="test_prepare_with_placeholders_and_array_args with data set #25" class="Tests_DB" classname="Tests_DB" file="/var/www/html/test/wordpress_test/inpsyde_test/test/wp-content/plugins/plugintestslughere/tests/unit/tests/db.php" line="1374" assertions="1" time="0.024691"/>
          <testcase name="test_prepare_with_placeholders_and_array_args with data set #26" class="Tests_DB" classname="Tests_DB" file="/var/www/html/test/wordpress_test/inpsyde_test/test/wp-content/plugins/plugintestslughere/tests/unit/tests/db.php" line="1374" assertions="1" time="0.028298"/>
          <testcase name="test_prepare_with_placeholders_and_array_args with data set #27" class="Tests_DB" classname="Tests_DB" file="/var/www/html/test/wordpress_test/inpsyde_test/test/wp-content/plugins/plugintestslughere/tests/unit/tests/db.php" line="1374" assertions="1" time="0.025983"/>
        </testsuite>
        <testsuite name="Tests_DB::test_escape_and_prepare" tests="3" assertions="5" errors="0" failures="0" skipped="0" time="0.074918">
          <testcase name="test_escape_and_prepare with data set #0" class="Tests_DB" classname="Tests_DB" file="/var/www/html/test/wordpress_test/inpsyde_test/test/wp-content/plugins/plugintestslughere/tests/unit/tests/db.php" line="1568" assertions="2" time="0.025571"/>
          <testcase name="test_escape_and_prepare with data set #1" class="Tests_DB" classname="Tests_DB" file="/var/www/html/test/wordpress_test/inpsyde_test/test/wp-content/plugins/plugintestslughere/tests/unit/tests/db.php" line="1568" assertions="2" time="0.024129"/>
          <testcase name="test_escape_and_prepare with data set #2" class="Tests_DB" classname="Tests_DB" file="/var/www/html/test/wordpress_test/inpsyde_test/test/wp-content/plugins/plugintestslughere/tests/unit/tests/db.php" line="1568" assertions="1" time="0.025218"/>
        </testsuite>
        <testcase name="test_double_prepare" class="Tests_DB" classname="Tests_DB" file="/var/www/html/test/wordpress_test/inpsyde_test/test/wp-content/plugins/plugintestslughere/tests/unit/tests/db.php" line="1615" assertions="3" time="0.027345"/>
        <testcase name="test_prepare_numeric_placeholders_float_args" class="Tests_DB" classname="Tests_DB" file="/var/www/html/test/wordpress_test/inpsyde_test/test/wp-content/plugins/plugintestslughere/tests/unit/tests/db.php" line="1625" assertions="2" time="0.024008"/>
        <testcase name="test_prepare_numeric_placeholders_float_array" class="Tests_DB" classname="Tests_DB" file="/var/www/html/test/wordpress_test/inpsyde_test/test/wp-content/plugins/plugintestslughere/tests/unit/tests/db.php" line="1640" assertions="2" time="0.026218"/>
        <testcase name="test_query_unescapes_placeholders" class="Tests_DB" classname="Tests_DB" file="/var/www/html/test/wordpress_test/inpsyde_test/test/wp-content/plugins/plugintestslughere/tests/unit/tests/db.php" line="1654" assertions="2" time="0.087122"/>
        <testcase name="test_esc_sql_with_unsupported_placeholder_type" class="Tests_DB" classname="Tests_DB" file="/var/www/html/test/wordpress_test/inpsyde_test/test/wp-content/plugins/plugintestslughere/tests/unit/tests/db.php" line="1673" assertions="1" time="0.026391"/>
        <testsuite name="Tests_DB::test_parse_db_host" tests="21" assertions="101" errors="0" failures="0" skipped="0" time="0.531260">
          <testcase name="test_parse_db_host with data set #0" class="Tests_DB" classname="Tests_DB" file="/var/www/html/test/wordpress_test/inpsyde_test/test/wp-content/plugins/plugintestslughere/tests/unit/tests/db.php" line="1687" assertions="5" time="0.025170"/>
          <testcase name="test_parse_db_host with data set #1" class="Tests_DB" classname="Tests_DB" file="/var/www/html/test/wordpress_test/inpsyde_test/test/wp-content/plugins/plugintestslughere/tests/unit/tests/db.php" line="1687" assertions="5" time="0.027131"/>
          <testcase name="test_parse_db_host with data set #2" class="Tests_DB" classname="Tests_DB" file="/var/www/html/test/wordpress_test/inpsyde_test/test/wp-content/plugins/plugintestslughere/tests/unit/tests/db.php" line="1687" assertions="5" time="0.024416"/>
          <testcase name="test_parse_db_host with data set #3" class="Tests_DB" classname="Tests_DB" file="/var/www/html/test/wordpress_test/inpsyde_test/test/wp-content/plugins/plugintestslughere/tests/unit/tests/db.php" line="1687" assertions="5" time="0.026704"/>
          <testcase name="test_parse_db_host with data set #4" class="Tests_DB" classname="Tests_DB" file="/var/www/html/test/wordpress_test/inpsyde_test/test/wp-content/plugins/plugintestslughere/tests/unit/tests/db.php" line="1687" assertions="5" time="0.025373"/>
          <testcase name="test_parse_db_host with data set #5" class="Tests_DB" classname="Tests_DB" file="/var/www/html/test/wordpress_test/inpsyde_test/test/wp-content/plugins/plugintestslughere/tests/unit/tests/db.php" line="1687" assertions="5" time="0.024608"/>
          <testcase name="test_parse_db_host with data set #6" class="Tests_DB" classname="Tests_DB" file="/var/www/html/test/wordpress_test/inpsyde_test/test/wp-content/plugins/plugintestslughere/tests/unit/tests/db.php" line="1687" assertions="5" time="0.025818"/>
          <testcase name="test_parse_db_host with data set #7" class="Tests_DB" classname="Tests_DB" file="/var/www/html/test/wordpress_test/inpsyde_test/test/wp-content/plugins/plugintestslughere/tests/unit/tests/db.php" line="1687" assertions="5" time="0.025535"/>
          <testcase name="test_parse_db_host with data set #8" class="Tests_DB" classname="Tests_DB" file="/var/www/html/test/wordpress_test/inpsyde_test/test/wp-content/plugins/plugintestslughere/tests/unit/tests/db.php" line="1687" assertions="5" time="0.026995"/>
          <testcase name="test_parse_db_host with data set #9" class="Tests_DB" classname="Tests_DB" file="/var/www/html/test/wordpress_test/inpsyde_test/test/wp-content/plugins/plugintestslughere/tests/unit/tests/db.php" line="1687" assertions="5" time="0.023570"/>
          <testcase name="test_parse_db_host with data set #10" class="Tests_DB" classname="Tests_DB" file="/var/www/html/test/wordpress_test/inpsyde_test/test/wp-content/plugins/plugintestslughere/tests/unit/tests/db.php" line="1687" assertions="5" time="0.025799"/>
          <testcase name="test_parse_db_host with data set #11" class="Tests_DB" classname="Tests_DB" file="/var/www/html/test/wordpress_test/inpsyde_test/test/wp-content/plugins/plugintestslughere/tests/unit/tests/db.php" line="1687" assertions="5" time="0.023869"/>
          <testcase name="test_parse_db_host with data set #12" class="Tests_DB" classname="Tests_DB" file="/var/www/html/test/wordpress_test/inpsyde_test/test/wp-content/plugins/plugintestslughere/tests/unit/tests/db.php" line="1687" assertions="5" time="0.027762"/>
          <testcase name="test_parse_db_host with data set #13" class="Tests_DB" classname="Tests_DB" file="/var/www/html/test/wordpress_test/inpsyde_test/test/wp-content/plugins/plugintestslughere/tests/unit/tests/db.php" line="1687" assertions="5" time="0.028466"/>
          <testcase name="test_parse_db_host with data set #14" class="Tests_DB" classname="Tests_DB" file="/var/www/html/test/wordpress_test/inpsyde_test/test/wp-content/plugins/plugintestslughere/tests/unit/tests/db.php" line="1687" assertions="5" time="0.023121"/>
          <testcase name="test_parse_db_host with data set #15" class="Tests_DB" classname="Tests_DB" file="/var/www/html/test/wordpress_test/inpsyde_test/test/wp-content/plugins/plugintestslughere/tests/unit/tests/db.php" line="1687" assertions="5" time="0.025216"/>
          <testcase name="test_parse_db_host with data set #16" class="Tests_DB" classname="Tests_DB" file="/var/www/html/test/wordpress_test/inpsyde_test/test/wp-content/plugins/plugintestslughere/tests/unit/tests/db.php" line="1687" assertions="5" time="0.023313"/>
          <testcase name="test_parse_db_host with data set #17" class="Tests_DB" classname="Tests_DB" file="/var/www/html/test/wordpress_test/inpsyde_test/test/wp-content/plugins/plugintestslughere/tests/unit/tests/db.php" line="1687" assertions="5" time="0.025004"/>
          <testcase name="test_parse_db_host with data set #18" class="Tests_DB" classname="Tests_DB" file="/var/www/html/test/wordpress_test/inpsyde_test/test/wp-content/plugins/plugintestslughere/tests/unit/tests/db.php" line="1687" assertions="5" time="0.024131"/>
          <testcase name="test_parse_db_host with data set #19" class="Tests_DB" classname="Tests_DB" file="/var/www/html/test/wordpress_test/inpsyde_test/test/wp-content/plugins/plugintestslughere/tests/unit/tests/db.php" line="1687" assertions="5" time="0.022919"/>
          <testcase name="test_parse_db_host with data set #20" class="Tests_DB" classname="Tests_DB" file="/var/www/html/test/wordpress_test/inpsyde_test/test/wp-content/plugins/plugintestslughere/tests/unit/tests/db.php" line="1687" assertions="1" time="0.026340"/>
        </testsuite>
      </testsuite>
      <testsuite name="Tests_DB_Charset" file="/var/www/html/test/wordpress_test/inpsyde_test/test/wp-content/plugins/plugintestslughere/tests/unit/tests/db/charset.php" tests="99" assertions="174" errors="0" failures="0" skipped="0" time="2.773879">
        <testsuite name="Tests_DB_Charset::test_strip_invalid_text" tests="42" assertions="42" errors="0" failures="0" skipped="0" time="1.181540">
          <testcase name="test_strip_invalid_text with data set #0" class="Tests_DB_Charset" classname="Tests_DB_Charset" file="/var/www/html/test/wordpress_test/inpsyde_test/test/wp-content/plugins/plugintestslughere/tests/unit/tests/db/charset.php" line="480" assertions="1" time="0.026261"/>
          <testcase name="test_strip_invalid_text with data set #1" class="Tests_DB_Charset" classname="Tests_DB_Charset" file="/var/www/html/test/wordpress_test/inpsyde_test/test/wp-content/plugins/plugintestslughere/tests/unit/tests/db/charset.php" line="480" assertions="1" time="0.028934"/>
          <testcase name="test_strip_invalid_text with data set #2" class="Tests_DB_Charset" classname="Tests_DB_Charset" file="/var/www/html/test/wordpress_test/inpsyde_test/test/wp-content/plugins/plugintestslughere/tests/unit/tests/db/charset.php" line="480" assertions="1" time="0.025109"/>
          <testcase name="test_strip_invalid_text with data set #3" class="Tests_DB_Charset" classname="Tests_DB_Charset" file="/var/www/html/test/wordpress_test/inpsyde_test/test/wp-content/plugins/plugintestslughere/tests/unit/tests/db/charset.php" line="480" assertions="1" time="0.042180"/>
          <testcase name="test_strip_invalid_text with data set #4" class="Tests_DB_Charset" classname="Tests_DB_Charset" file="/var/www/html/test/wordpress_test/inpsyde_test/test/wp-content/plugins/plugintestslughere/tests/unit/tests/db/charset.php" line="480" assertions="1" time="0.023946"/>
          <testcase name="test_strip_invalid_text with data set #5" class="Tests_DB_Charset" classname="Tests_DB_Charset" file="/var/www/html/test/wordpress_test/inpsyde_test/test/wp-content/plugins/plugintestslughere/tests/unit/tests/db/charset.php" line="480" assertions="1" time="0.026757"/>
          <testcase name="test_strip_invalid_text with data set #6" class="Tests_DB_Charset" classname="Tests_DB_Charset" file="/var/www/html/test/wordpress_test/inpsyde_test/test/wp-content/plugins/plugintestslughere/tests/unit/tests/db/charset.php" line="480" assertions="1" time="0.027649"/>
          <testcase name="test_strip_invalid_text with data set #7" class="Tests_DB_Charset" classname="Tests_DB_Charset" file="/var/www/html/test/wordpress_test/inpsyde_test/test/wp-content/plugins/plugintestslughere/tests/unit/tests/db/charset.php" line="480" assertions="1" time="0.025935"/>
          <testcase name="test_strip_invalid_text with data set #8" class="Tests_DB_Charset" classname="Tests_DB_Charset" file="/var/www/html/test/wordpress_test/inpsyde_test/test/wp-content/plugins/plugintestslughere/tests/unit/tests/db/charset.php" line="480" assertions="1" time="0.026045"/>
          <testcase name="test_strip_invalid_text with data set #9" class="Tests_DB_Charset" classname="Tests_DB_Charset" file="/var/www/html/test/wordpress_test/inpsyde_test/test/wp-content/plugins/plugintestslughere/tests/unit/tests/db/charset.php" line="480" assertions="1" time="0.025346"/>
          <testcase name="test_strip_invalid_text with data set #10" class="Tests_DB_Charset" classname="Tests_DB_Charset" file="/var/www/html/test/wordpress_test/inpsyde_test/test/wp-content/plugins/plugintestslughere/tests/unit/tests/db/charset.php" line="480" assertions="1" time="0.029850"/>
          <testcase name="test_strip_invalid_text with data set #11" class="Tests_DB_Charset" classname="Tests_DB_Charset" file="/var/www/html/test/wordpress_test/inpsyde_test/test/wp-content/plugins/plugintestslughere/tests/unit/tests/db/charset.php" line="480" assertions="1" time="0.027389"/>
          <testcase name="test_strip_invalid_text with data set #12" class="Tests_DB_Charset" classname="Tests_DB_Charset" file="/var/www/html/test/wordpress_test/inpsyde_test/test/wp-content/plugins/plugintestslughere/tests/unit/tests/db/charset.php" line="480" assertions="1" time="0.025357"/>
          <testcase name="test_strip_invalid_text with data set #13" class="Tests_DB_Charset" classname="Tests_DB_Charset" file="/var/www/html/test/wordpress_test/inpsyde_test/test/wp-content/plugins/plugintestslughere/tests/unit/tests/db/charset.php" line="480" assertions="1" time="0.036386"/>
          <testcase name="test_strip_invalid_text with data set #14" class="Tests_DB_Charset" classname="Tests_DB_Charset" file="/var/www/html/test/wordpress_test/inpsyde_test/test/wp-content/plugins/plugintestslughere/tests/unit/tests/db/charset.php" line="480" assertions="1" time="0.031270"/>
          <testcase name="test_strip_invalid_text with data set #15" class="Tests_DB_Charset" classname="Tests_DB_Charset" file="/var/www/html/test/wordpress_test/inpsyde_test/test/wp-content/plugins/plugintestslughere/tests/unit/tests/db/charset.php" line="480" assertions="1" time="0.027770"/>
          <testcase name="test_strip_invalid_text with data set #16" class="Tests_DB_Charset" classname="Tests_DB_Charset" file="/var/www/html/test/wordpress_test/inpsyde_test/test/wp-content/plugins/plugintestslughere/tests/unit/tests/db/charset.php" line="480" assertions="1" time="0.032436"/>
          <testcase name="test_strip_invalid_text with data set #17" class="Tests_DB_Charset" classname="Tests_DB_Charset" file="/var/www/html/test/wordpress_test/inpsyde_test/test/wp-content/plugins/plugintestslughere/tests/unit/tests/db/charset.php" line="480" assertions="1" time="0.032818"/>
          <testcase name="test_strip_invalid_text with data set #18" class="Tests_DB_Charset" classname="Tests_DB_Charset" file="/var/www/html/test/wordpress_test/inpsyde_test/test/wp-content/plugins/plugintestslughere/tests/unit/tests/db/charset.php" line="480" assertions="1" time="0.030761"/>
          <testcase name="test_strip_invalid_text with data set #19" class="Tests_DB_Charset" classname="Tests_DB_Charset" file="/var/www/html/test/wordpress_test/inpsyde_test/test/wp-content/plugins/plugintestslughere/tests/unit/tests/db/charset.php" line="480" assertions="1" time="0.027299"/>
          <testcase name="test_strip_invalid_text with data set #20" class="Tests_DB_Charset" classname="Tests_DB_Charset" file="/var/www/html/test/wordpress_test/inpsyde_test/test/wp-content/plugins/plugintestslughere/tests/unit/tests/db/charset.php" line="480" assertions="1" time="0.024792"/>
          <testcase name="test_strip_invalid_text with data set #21" class="Tests_DB_Charset" classname="Tests_DB_Charset" file="/var/www/html/test/wordpress_test/inpsyde_test/test/wp-content/plugins/plugintestslughere/tests/unit/tests/db/charset.php" line="480" assertions="1" time="0.028637"/>
          <testcase name="test_strip_invalid_text with data set #22" class="Tests_DB_Charset" classname="Tests_DB_Charset" file="/var/www/html/test/wordpress_test/inpsyde_test/test/wp-content/plugins/plugintestslughere/tests/unit/tests/db/charset.php" line="480" assertions="1" time="0.026398"/>
          <testcase name="test_strip_invalid_text with data set #23" class="Tests_DB_Charset" classname="Tests_DB_Charset" file="/var/www/html/test/wordpress_test/inpsyde_test/test/wp-content/plugins/plugintestslughere/tests/unit/tests/db/charset.php" line="480" assertions="1" time="0.027226"/>
          <testcase name="test_strip_invalid_text with data set #24" class="Tests_DB_Charset" classname="Tests_DB_Charset" file="/var/www/html/test/wordpress_test/inpsyde_test/test/wp-content/plugins/plugintestslughere/tests/unit/tests/db/charset.php" line="480" assertions="1" time="0.030204"/>
          <testcase name="test_strip_invalid_text with data set #25" class="Tests_DB_Charset" classname="Tests_DB_Charset" file="/var/www/html/test/wordpress_test/inpsyde_test/test/wp-content/plugins/plugintestslughere/tests/unit/tests/db/charset.php" line="480" assertions="1" time="0.027464"/>
          <testcase name="test_strip_invalid_text with data set #26" class="Tests_DB_Charset" classname="Tests_DB_Charset" file="/var/www/html/test/wordpress_test/inpsyde_test/test/wp-content/plugins/plugintestslughere/tests/unit/tests/db/charset.php" line="480" assertions="1" time="0.026411"/>
          <testcase name="test_strip_invalid_text with data set #27" class="Tests_DB_Charset" classname="Tests_DB_Charset" file="/var/www/html/test/wordpress_test/inpsyde_test/test/wp-content/plugins/plugintestslughere/tests/unit/tests/db/charset.php" line="480" assertions="1" time="0.027181"/>
          <testcase name="test_strip_invalid_text with data set #28" class="Tests_DB_Charset" classname="Tests_DB_Charset" file="/var/www/html/test/wordpress_test/inpsyde_test/test/wp-content/plugins/plugintestslughere/tests/unit/tests/db/charset.php" line="480" assertions="1" time="0.026190"/>
          <testcase name="test_strip_invalid_text with data set #29" class="Tests_DB_Charset" classname="Tests_DB_Charset" file="/var/www/html/test/wordpress_test/inpsyde_test/test/wp-content/plugins/plugintestslughere/tests/unit/tests/db/charset.php" line="480" assertions="1" time="0.024665"/>
          <testcase name="test_strip_invalid_text with data set #30" class="Tests_DB_Charset" classname="Tests_DB_Charset" file="/var/www/html/test/wordpress_test/inpsyde_test/test/wp-content/plugins/plugintestslughere/tests/unit/tests/db/charset.php" line="480" assertions="1" time="0.024512"/>
          <testcase name="test_strip_invalid_text with data set #31" class="Tests_DB_Charset" classname="Tests_DB_Charset" file="/var/www/html/test/wordpress_test/inpsyde_test/test/wp-content/plugins/plugintestslughere/tests/unit/tests/db/charset.php" line="480" assertions="1" time="0.034242"/>
          <testcase name="test_strip_invalid_text with data set #32" class="Tests_DB_Charset" classname="Tests_DB_Charset" file="/var/www/html/test/wordpress_test/inpsyde_test/test/wp-content/plugins/plugintestslughere/tests/unit/tests/db/charset.php" line="480" assertions="1" time="0.025731"/>
          <testcase name="test_strip_invalid_text with data set #33" class="Tests_DB_Charset" classname="Tests_DB_Charset" file="/var/www/html/test/wordpress_test/inpsyde_test/test/wp-content/plugins/plugintestslughere/tests/unit/tests/db/charset.php" line="480" assertions="1" time="0.027019"/>
          <testcase name="test_strip_invalid_text with data set #34" class="Tests_DB_Charset" classname="Tests_DB_Charset" file="/var/www/html/test/wordpress_test/inpsyde_test/test/wp-content/plugins/plugintestslughere/tests/unit/tests/db/charset.php" line="480" assertions="1" time="0.024062"/>
          <testcase name="test_strip_invalid_text with data set #35" class="Tests_DB_Charset" classname="Tests_DB_Charset" file="/var/www/html/test/wordpress_test/inpsyde_test/test/wp-content/plugins/plugintestslughere/tests/unit/tests/db/charset.php" line="480" assertions="1" time="0.023208"/>
          <testcase name="test_strip_invalid_text with data set #36" class="Tests_DB_Charset" classname="Tests_DB_Charset" file="/var/www/html/test/wordpress_test/inpsyde_test/test/wp-content/plugins/plugintestslughere/tests/unit/tests/db/charset.php" line="480" assertions="1" time="0.052230"/>
          <testcase name="test_strip_invalid_text with data set #37" class="Tests_DB_Charset" classname="Tests_DB_Charset" file="/var/www/html/test/wordpress_test/inpsyde_test/test/wp-content/plugins/plugintestslughere/tests/unit/tests/db/charset.php" line="480" assertions="1" time="0.024140"/>
          <testcase name="test_strip_invalid_text with data set #38" class="Tests_DB_Charset" classname="Tests_DB_Charset" file="/var/www/html/test/wordpress_test/inpsyde_test/test/wp-content/plugins/plugintestslughere/tests/unit/tests/db/charset.php" line="480" assertions="1" time="0.024048"/>
          <testcase name="test_strip_invalid_text with data set #39" class="Tests_DB_Charset" classname="Tests_DB_Charset" file="/var/www/html/test/wordpress_test/inpsyde_test/test/wp-content/plugins/plugintestslughere/tests/unit/tests/db/charset.php" line="480" assertions="1" time="0.027444"/>
          <testcase name="test_strip_invalid_text with data set #40" class="Tests_DB_Charset" classname="Tests_DB_Charset" file="/var/www/html/test/wordpress_test/inpsyde_test/test/wp-content/plugins/plugintestslughere/tests/unit/tests/db/charset.php" line="480" assertions="1" time="0.023083"/>
          <testcase name="test_strip_invalid_text with data set #41" class="Tests_DB_Charset" classname="Tests_DB_Charset" file="/var/www/html/test/wordpress_test/inpsyde_test/test/wp-content/plugins/plugintestslughere/tests/unit/tests/db/charset.php" line="480" assertions="1" time="0.023155"/>
        </testsuite>
        <testcase name="test_process_fields_failure" class="Tests_DB_Charset" classname="Tests_DB_Charset" file="/var/www/html/test/wordpress_test/inpsyde_test/test/wp-content/plugins/plugintestslughere/tests/unit/tests/db/charset.php" line="511" assertions="1" time="0.023898"/>
        <testsuite name="Tests_DB_Charset::test_process_field_charsets" tests="3" assertions="3" errors="0" failures="0" skipped="0" time="0.065054">
          <testcase name="test_process_field_charsets with data set #0" class="Tests_DB_Charset" classname="Tests_DB_Charset" file="/var/www/html/test/wordpress_test/inpsyde_test/test/wp-content/plugins/plugintestslughere/tests/unit/tests/db/charset.php" line="596" assertions="1" time="0.021431"/>
          <testcase name="test_process_field_charsets with data set #1" class="Tests_DB_Charset" classname="Tests_DB_Charset" file="/var/www/html/test/wordpress_test/inpsyde_test/test/wp-content/plugins/plugintestslughere/tests/unit/tests/db/charset.php" line="596" assertions="1" time="0.021818"/>
          <testcase name="test_process_field_charsets with data set #2" class="Tests_DB_Charset" classname="Tests_DB_Charset" file="/var/www/html/test/wordpress_test/inpsyde_test/test/wp-content/plugins/plugintestslughere/tests/unit/tests/db/charset.php" line="596" assertions="1" time="0.021805"/>
        </testsuite>
        <testcase name="test_process_field_charsets_on_nonexistent_table" class="Tests_DB_Charset" classname="Tests_DB_Charset" file="/var/www/html/test/wordpress_test/inpsyde_test/test/wp-content/plugins/plugintestslughere/tests/unit/tests/db/charset.php" line="608" assertions="1" time="0.024718"/>
        <testcase name="test_check_ascii" class="Tests_DB_Charset" classname="Tests_DB_Charset" file="/var/www/html/test/wordpress_test/inpsyde_test/test/wp-content/plugins/plugintestslughere/tests/unit/tests/db/charset.php" line="623" assertions="1" time="0.022040"/>
        <testcase name="test_check_ascii_false" class="Tests_DB_Charset" classname="Tests_DB_Charset" file="/var/www/html/test/wordpress_test/inpsyde_test/test/wp-content/plugins/plugintestslughere/tests/unit/tests/db/charset.php" line="631" assertions="1" time="0.022341"/>
        <testcase name="test_strip_invalid_text_for_column" class="Tests_DB_Charset" classname="Tests_DB_Charset" file="/var/www/html/test/wordpress_test/inpsyde_test/test/wp-content/plugins/plugintestslughere/tests/unit/tests/db/charset.php" line="638" assertions="1" time="0.023345"/>
        <testsuite name="Tests_DB_Charset::test_get_table_charset" tests="8" assertions="16" errors="0" failures="0" skipped="0" time="0.198223">
          <testcase name="test_get_table_charset with data set #0" class="Tests_DB_Charset" classname="Tests_DB_Charset" file="/var/www/html/test/wordpress_test/inpsyde_test/test/wp-content/plugins/plugintestslughere/tests/unit/tests/db/charset.php" line="746" assertions="2" time="0.024462"/>
          <testcase name="test_get_table_charset with data set #1" class="Tests_DB_Charset" classname="Tests_DB_Charset" file="/var/www/html/test/wordpress_test/inpsyde_test/test/wp-content/plugins/plugintestslughere/tests/unit/tests/db/charset.php" line="746" assertions="2" time="0.025589"/>
          <testcase name="test_get_table_charset with data set #2" class="Tests_DB_Charset" classname="Tests_DB_Charset" file="/var/www/html/test/wordpress_test/inpsyde_test/test/wp-content/plugins/plugintestslughere/tests/unit/tests/db/charset.php" line="746" assertions="2" time="0.023814"/>
          <testcase name="test_get_table_charset with data set #3" class="Tests_DB_Charset" classname="Tests_DB_Charset" file="/var/www/html/test/wordpress_test/inpsyde_test/test/wp-content/plugins/plugintestslughere/tests/unit/tests/db/charset.php" line="746" assertions="2" time="0.025210"/>
          <testcase name="test_get_table_charset with data set #4" class="Tests_DB_Charset" classname="Tests_DB_Charset" file="/var/www/html/test/wordpress_test/inpsyde_test/test/wp-content/plugins/plugintestslughere/tests/unit/tests/db/charset.php" line="746" assertions="2" time="0.024158"/>
          <testcase name="test_get_table_charset with data set #5" class="Tests_DB_Charset" classname="Tests_DB_Charset" file="/var/www/html/test/wordpress_test/inpsyde_test/test/wp-content/plugins/plugintestslughere/tests/unit/tests/db/charset.php" line="746" assertions="2" time="0.025405"/>
          <testcase name="test_get_table_charset with data set #6" class="Tests_DB_Charset" classname="Tests_DB_Charset" file="/var/www/html/test/wordpress_test/inpsyde_test/test/wp-content/plugins/plugintestslughere/tests/unit/tests/db/charset.php" line="746" assertions="2" time="0.024399"/>
          <testcase name="test_get_table_charset with data set #7" class="Tests_DB_Charset" classname="Tests_DB_Charset" file="/var/www/html/test/wordpress_test/inpsyde_test/test/wp-content/plugins/plugintestslughere/tests/unit/tests/db/charset.php" line="746" assertions="2" time="0.025186"/>
        </testsuite>
        <testsuite name="Tests_DB_Charset::test_get_column_charset" tests="8" assertions="32" errors="0" failures="0" skipped="0" time="0.204197">
          <testcase name="test_get_column_charset with data set #0" class="Tests_DB_Charset" classname="Tests_DB_Charset" file="/var/www/html/test/wordpress_test/inpsyde_test/test/wp-content/plugins/plugintestslughere/tests/unit/tests/db/charset.php" line="786" assertions="4" time="0.025241"/>
          <testcase name="test_get_column_charset with data set #1" class="Tests_DB_Charset" classname="Tests_DB_Charset" file="/var/www/html/test/wordpress_test/inpsyde_test/test/wp-content/plugins/plugintestslughere/tests/unit/tests/db/charset.php" line="786" assertions="4" time="0.026524"/>
          <testcase name="test_get_column_charset with data set #2" class="Tests_DB_Charset" classname="Tests_DB_Charset" file="/var/www/html/test/wordpress_test/inpsyde_test/test/wp-content/plugins/plugintestslughere/tests/unit/tests/db/charset.php" line="786" assertions="4" time="0.025209"/>
          <testcase name="test_get_column_charset with data set #3" class="Tests_DB_Charset" classname="Tests_DB_Charset" file="/var/www/html/test/wordpress_test/inpsyde_test/test/wp-content/plugins/plugintestslughere/tests/unit/tests/db/charset.php" line="786" assertions="4" time="0.024257"/>
          <testcase name="test_get_column_charset with data set #4" class="Tests_DB_Charset" classname="Tests_DB_Charset" file="/var/www/html/test/wordpress_test/inpsyde_test/test/wp-content/plugins/plugintestslughere/tests/unit/tests/db/charset.php" line="786" assertions="4" time="0.027284"/>
          <testcase name="test_get_column_charset with data set #5" class="Tests_DB_Charset" classname="Tests_DB_Charset" file="/var/www/html/test/wordpress_test/inpsyde_test/test/wp-content/plugins/plugintestslughere/tests/unit/tests/db/charset.php" line="786" assertions="4" time="0.025233"/>
          <testcase name="test_get_column_charset with data set #6" class="Tests_DB_Charset" classname="Tests_DB_Charset" file="/var/www/html/test/wordpress_test/inpsyde_test/test/wp-content/plugins/plugintestslughere/tests/unit/tests/db/charset.php" line="786" assertions="4" time="0.025644"/>
          <testcase name="test_get_column_charset with data set #7" class="Tests_DB_Charset" classname="Tests_DB_Charset" file="/var/www/html/test/wordpress_test/inpsyde_test/test/wp-content/plugins/plugintestslughere/tests/unit/tests/db/charset.php" line="786" assertions="4" time="0.024805"/>
        </testsuite>
        <testsuite name="Tests_DB_Charset::test_get_column_charset_non_mysql" tests="8" assertions="16" errors="0" failures="0" skipped="0" time="0.198038">
          <testcase name="test_get_column_charset_non_mysql with data set #0" class="Tests_DB_Charset" classname="Tests_DB_Charset" file="/var/www/html/test/wordpress_test/inpsyde_test/test/wp-content/plugins/plugintestslughere/tests/unit/tests/db/charset.php" line="808" assertions="2" time="0.024979"/>
          <testcase name="test_get_column_charset_non_mysql with data set #1" class="Tests_DB_Charset" classname="Tests_DB_Charset" file="/var/www/html/test/wordpress_test/inpsyde_test/test/wp-content/plugins/plugintestslughere/tests/unit/tests/db/charset.php" line="808" assertions="2" time="0.023892"/>
          <testcase name="test_get_column_charset_non_mysql with data set #2" class="Tests_DB_Charset" classname="Tests_DB_Charset" file="/var/www/html/test/wordpress_test/inpsyde_test/test/wp-content/plugins/plugintestslughere/tests/unit/tests/db/charset.php" line="808" assertions="2" time="0.025805"/>
          <testcase name="test_get_column_charset_non_mysql with data set #3" class="Tests_DB_Charset" classname="Tests_DB_Charset" file="/var/www/html/test/wordpress_test/inpsyde_test/test/wp-content/plugins/plugintestslughere/tests/unit/tests/db/charset.php" line="808" assertions="2" time="0.024196"/>
          <testcase name="test_get_column_charset_non_mysql with data set #4" class="Tests_DB_Charset" classname="Tests_DB_Charset" file="/var/www/html/test/wordpress_test/inpsyde_test/test/wp-content/plugins/plugintestslughere/tests/unit/tests/db/charset.php" line="808" assertions="2" time="0.024362"/>
          <testcase name="test_get_column_charset_non_mysql with data set #5" class="Tests_DB_Charset" classname="Tests_DB_Charset" file="/var/www/html/test/wordpress_test/inpsyde_test/test/wp-content/plugins/plugintestslughere/tests/unit/tests/db/charset.php" line="808" assertions="2" time="0.023614"/>
          <testcase name="test_get_column_charset_non_mysql with data set #6" class="Tests_DB_Charset" classname="Tests_DB_Charset" file="/var/www/html/test/wordpress_test/inpsyde_test/test/wp-content/plugins/plugintestslughere/tests/unit/tests/db/charset.php" line="808" assertions="2" time="0.027257"/>
          <testcase name="test_get_column_charset_non_mysql with data set #7" class="Tests_DB_Charset" classname="Tests_DB_Charset" file="/var/www/html/test/wordpress_test/inpsyde_test/test/wp-content/plugins/plugintestslughere/tests/unit/tests/db/charset.php" line="808" assertions="2" time="0.023933"/>
        </testsuite>
        <testsuite name="Tests_DB_Charset::test_get_column_charset_is_mysql_undefined" tests="8" assertions="16" errors="0" failures="0" skipped="0" time="0.197827">
          <testcase name="test_get_column_charset_is_mysql_undefined with data set #0" class="Tests_DB_Charset" classname="Tests_DB_Charset" file="/var/www/html/test/wordpress_test/inpsyde_test/test/wp-content/plugins/plugintestslughere/tests/unit/tests/db/charset.php" line="834" assertions="2" time="0.025167"/>
          <testcase name="test_get_column_charset_is_mysql_undefined with data set #1" class="Tests_DB_Charset" classname="Tests_DB_Charset" file="/var/www/html/test/wordpress_test/inpsyde_test/test/wp-content/plugins/plugintestslughere/tests/unit/tests/db/charset.php" line="834" assertions="2" time="0.024447"/>
          <testcase name="test_get_column_charset_is_mysql_undefined with data set #2" class="Tests_DB_Charset" classname="Tests_DB_Charset" file="/var/www/html/test/wordpress_test/inpsyde_test/test/wp-content/plugins/plugintestslughere/tests/unit/tests/db/charset.php" line="834" assertions="2" time="0.026285"/>
          <testcase name="test_get_column_charset_is_mysql_undefined with data set #3" class="Tests_DB_Charset" classname="Tests_DB_Charset" file="/var/www/html/test/wordpress_test/inpsyde_test/test/wp-content/plugins/plugintestslughere/tests/unit/tests/db/charset.php" line="834" assertions="2" time="0.023082"/>
          <testcase name="test_get_column_charset_is_mysql_undefined with data set #4" class="Tests_DB_Charset" classname="Tests_DB_Charset" file="/var/www/html/test/wordpress_test/inpsyde_test/test/wp-content/plugins/plugintestslughere/tests/unit/tests/db/charset.php" line="834" assertions="2" time="0.025035"/>
          <testcase name="test_get_column_charset_is_mysql_undefined with data set #5" class="Tests_DB_Charset" classname="Tests_DB_Charset" file="/var/www/html/test/wordpress_test/inpsyde_test/test/wp-content/plugins/plugintestslughere/tests/unit/tests/db/charset.php" line="834" assertions="2" time="0.023462"/>
          <testcase name="test_get_column_charset_is_mysql_undefined with data set #6" class="Tests_DB_Charset" classname="Tests_DB_Charset" file="/var/www/html/test/wordpress_test/inpsyde_test/test/wp-content/plugins/plugintestslughere/tests/unit/tests/db/charset.php" line="834" assertions="2" time="0.025517"/>
          <testcase name="test_get_column_charset_is_mysql_undefined with data set #7" class="Tests_DB_Charset" classname="Tests_DB_Charset" file="/var/www/html/test/wordpress_test/inpsyde_test/test/wp-content/plugins/plugintestslughere/tests/unit/tests/db/charset.php" line="834" assertions="2" time="0.024832"/>
        </testsuite>
        <testsuite name="Tests_DB_Charset::test_strip_invalid_text_from_query" tests="2" assertions="2" errors="0" failures="0" skipped="0" time="0.046453">
          <testcase name="test_strip_invalid_text_from_query with data set #0" class="Tests_DB_Charset" classname="Tests_DB_Charset" file="/var/www/html/test/wordpress_test/inpsyde_test/test/wp-content/plugins/plugintestslughere/tests/unit/tests/db/charset.php" line="893" assertions="1" time="0.023197"/>
          <testcase name="test_strip_invalid_text_from_query with data set #1" class="Tests_DB_Charset" classname="Tests_DB_Charset" file="/var/www/html/test/wordpress_test/inpsyde_test/test/wp-content/plugins/plugintestslughere/tests/unit/tests/db/charset.php" line="893" assertions="1" time="0.023256"/>
        </testsuite>
        <testsuite name="Tests_DB_Charset::test_dont_strip_text_from_schema_queries" tests="5" assertions="5" errors="0" failures="0" skipped="0" time="0.108329">
          <testcase name="test_dont_strip_text_from_schema_queries with data set #0" class="Tests_DB_Charset" classname="Tests_DB_Charset" file="/var/www/html/test/wordpress_test/inpsyde_test/test/wp-content/plugins/plugintestslughere/tests/unit/tests/db/charset.php" line="936" assertions="1" time="0.021226"/>
          <testcase name="test_dont_strip_text_from_schema_queries with data set #1" class="Tests_DB_Charset" classname="Tests_DB_Charset" file="/var/www/html/test/wordpress_test/inpsyde_test/test/wp-content/plugins/plugintestslughere/tests/unit/tests/db/charset.php" line="936" assertions="1" time="0.023473"/>
          <testcase name="test_dont_strip_text_from_schema_queries with data set #2" class="Tests_DB_Charset" classname="Tests_DB_Charset" file="/var/www/html/test/wordpress_test/inpsyde_test/test/wp-content/plugins/plugintestslughere/tests/unit/tests/db/charset.php" line="936" assertions="1" time="0.020911"/>
          <testcase name="test_dont_strip_text_from_schema_queries with data set #3" class="Tests_DB_Charset" classname="Tests_DB_Charset" file="/var/www/html/test/wordpress_test/inpsyde_test/test/wp-content/plugins/plugintestslughere/tests/unit/tests/db/charset.php" line="936" assertions="1" time="0.021317"/>
          <testcase name="test_dont_strip_text_from_schema_queries with data set #4" class="Tests_DB_Charset" classname="Tests_DB_Charset" file="/var/www/html/test/wordpress_test/inpsyde_test/test/wp-content/plugins/plugintestslughere/tests/unit/tests/db/charset.php" line="936" assertions="1" time="0.021402"/>
        </testsuite>
        <testcase name="test_invalid_characters_in_query" class="Tests_DB_Charset" classname="Tests_DB_Charset" file="/var/www/html/test/wordpress_test/inpsyde_test/test/wp-content/plugins/plugintestslughere/tests/unit/tests/db/charset.php" line="944" assertions="1" time="0.020645"/>
        <testsuite name="Tests_DB_Charset::test_table_collation_check" tests="5" assertions="30" errors="0" failures="0" skipped="0" time="0.162931">
          <testcase name="test_table_collation_check with data set #0" class="Tests_DB_Charset" classname="Tests_DB_Charset" file="/var/www/html/test/wordpress_test/inpsyde_test/test/wp-content/plugins/plugintestslughere/tests/unit/tests/db/charset.php" line="1014" assertions="6" time="0.037144"/>
          <testcase name="test_table_collation_check with data set #1" class="Tests_DB_Charset" classname="Tests_DB_Charset" file="/var/www/html/test/wordpress_test/inpsyde_test/test/wp-content/plugins/plugintestslughere/tests/unit/tests/db/charset.php" line="1014" assertions="6" time="0.022866"/>
          <testcase name="test_table_collation_check with data set #2" class="Tests_DB_Charset" classname="Tests_DB_Charset" file="/var/www/html/test/wordpress_test/inpsyde_test/test/wp-content/plugins/plugintestslughere/tests/unit/tests/db/charset.php" line="1014" assertions="6" time="0.044701"/>
          <testcase name="test_table_collation_check with data set #3" class="Tests_DB_Charset" classname="Tests_DB_Charset" file="/var/www/html/test/wordpress_test/inpsyde_test/test/wp-content/plugins/plugintestslughere/tests/unit/tests/db/charset.php" line="1014" assertions="6" time="0.031802"/>
          <testcase name="test_table_collation_check with data set #4" class="Tests_DB_Charset" classname="Tests_DB_Charset" file="/var/www/html/test/wordpress_test/inpsyde_test/test/wp-content/plugins/plugintestslughere/tests/unit/tests/db/charset.php" line="1014" assertions="6" time="0.026418"/>
        </testsuite>
        <testcase name="test_strip_invalid_text_for_column_bails_if_ascii_input_too_long" class="Tests_DB_Charset" classname="Tests_DB_Charset" file="/var/www/html/test/wordpress_test/inpsyde_test/test/wp-content/plugins/plugintestslughere/tests/unit/tests/db/charset.php" line="1030" assertions="2" time="0.021930"/>
        <testcase name="test_strip_invalid_text_from_query_cp1251_is_safe" class="Tests_DB_Charset" classname="Tests_DB_Charset" file="/var/www/html/test/wordpress_test/inpsyde_test/test/wp-content/plugins/plugintestslughere/tests/unit/tests/db/charset.php" line="1045" assertions="1" time="0.023631"/>
        <testcase name="test_no_db_charset_defined" class="Tests_DB_Charset" classname="Tests_DB_Charset" file="/var/www/html/test/wordpress_test/inpsyde_test/test/wp-content/plugins/plugintestslughere/tests/unit/tests/db/charset.php" line="1062" assertions="1" time="0.024891"/>
        <testcase name="test_set_charset_changes_the_connection_collation" class="Tests_DB_Charset" classname="Tests_DB_Charset" file="/var/www/html/test/wordpress_test/inpsyde_test/test/wp-content/plugins/plugintestslughere/tests/unit/tests/db/charset.php" line="1084" assertions="2" time="0.203846"/>
      </testsuite>
      <testsuite name="Tests_dbDelta" file="/var/www/html/test/wordpress_test/inpsyde_test/test/wp-content/plugins/plugintestslughere/tests/unit/tests/dbdelta.php" tests="29" assertions="42" errors="0" failures="0" skipped="1" time="125.475708">
        <testcase name="test_creating_a_table" class="Tests_dbDelta" classname="Tests_dbDelta" file="/var/www/html/test/wordpress_test/inpsyde_test/test/wp-content/plugins/plugintestslughere/tests/unit/tests/dbdelta.php" line="100" assertions="2" time="4.326629"/>
        <testcase name="test_existing_table" class="Tests_dbDelta" classname="Tests_dbDelta" file="/var/www/html/test/wordpress_test/inpsyde_test/test/wp-content/plugins/plugintestslughere/tests/unit/tests/dbdelta.php" line="137" assertions="1" time="3.660255"/>
        <testcase name="test_column_type_change" class="Tests_dbDelta" classname="Tests_dbDelta" file="/var/www/html/test/wordpress_test/inpsyde_test/test/wp-content/plugins/plugintestslughere/tests/unit/tests/dbdelta.php" line="159" assertions="1" time="7.817447"/>
        <testcase name="test_column_added" class="Tests_dbDelta" classname="Tests_dbDelta" file="/var/www/html/test/wordpress_test/inpsyde_test/test/wp-content/plugins/plugintestslughere/tests/unit/tests/dbdelta.php" line="188" assertions="3" time="7.553649"/>
        <testcase name="test_columns_arent_removed" class="Tests_dbDelta" classname="Tests_dbDelta" file="/var/www/html/test/wordpress_test/inpsyde_test/test/wp-content/plugins/plugintestslughere/tests/unit/tests/dbdelta.php" line="222" assertions="2" time="3.593575"/>
        <testcase name="test_no_execution" class="Tests_dbDelta" classname="Tests_dbDelta" file="/var/www/html/test/wordpress_test/inpsyde_test/test/wp-content/plugins/plugintestslughere/tests/unit/tests/dbdelta.php" line="246" assertions="2" time="4.606629"/>
        <testcase name="test_insert_into_table" class="Tests_dbDelta" classname="Tests_dbDelta" file="/var/www/html/test/wordpress_test/inpsyde_test/test/wp-content/plugins/plugintestslughere/tests/unit/tests/dbdelta.php" line="279" assertions="2" time="3.275277"/>
        <testcase name="test_fulltext_index" class="Tests_dbDelta" classname="Tests_dbDelta" file="/var/www/html/test/wordpress_test/inpsyde_test/test/wp-content/plugins/plugintestslughere/tests/unit/tests/dbdelta.php" line="300" assertions="1" time="3.737156"/>
        <testcase name="test_truncated_index" class="Tests_dbDelta" classname="Tests_dbDelta" file="/var/www/html/test/wordpress_test/inpsyde_test/test/wp-content/plugins/plugintestslughere/tests/unit/tests/dbdelta.php" line="405" assertions="0" time="4.644560">
          <skipped/>
        </testcase>
        <testcase name="test_dont_downsize_text_fields" class="Tests_dbDelta" classname="Tests_dbDelta" file="/var/www/html/test/wordpress_test/inpsyde_test/test/wp-content/plugins/plugintestslughere/tests/unit/tests/dbdelta.php" line="445" assertions="1" time="3.834655"/>
        <testcase name="test_dont_downsize_blob_fields" class="Tests_dbDelta" classname="Tests_dbDelta" file="/var/www/html/test/wordpress_test/inpsyde_test/test/wp-content/plugins/plugintestslughere/tests/unit/tests/dbdelta.php" line="470" assertions="1" time="2.908115"/>
        <testcase name="test_upsize_text_fields" class="Tests_dbDelta" classname="Tests_dbDelta" file="/var/www/html/test/wordpress_test/inpsyde_test/test/wp-content/plugins/plugintestslughere/tests/unit/tests/dbdelta.php" line="495" assertions="1" time="3.625761"/>
        <testcase name="test_upsize_blob_fields" class="Tests_dbDelta" classname="Tests_dbDelta" file="/var/www/html/test/wordpress_test/inpsyde_test/test/wp-content/plugins/plugintestslughere/tests/unit/tests/dbdelta.php" line="526" assertions="1" time="3.451110"/>
        <testcase name="test_query_with_backticks_does_not_throw_an_undefined_index_warning" class="Tests_dbDelta" classname="Tests_dbDelta" file="/var/www/html/test/wordpress_test/inpsyde_test/test/wp-content/plugins/plugintestslughere/tests/unit/tests/dbdelta.php" line="557" assertions="1" time="3.737451"/>
        <testcase name="test_spatial_indices" class="Tests_dbDelta" classname="Tests_dbDelta" file="/var/www/html/test/wordpress_test/inpsyde_test/test/wp-content/plugins/plugintestslughere/tests/unit/tests/dbdelta.php" line="582" assertions="2" time="3.772584"/>
        <testcase name="test_query_with_backticks_does_not_cause_a_query_to_alter_all_columns_and_indices_to_run_even_if_none_have_changed" class="Tests_dbDelta" classname="Tests_dbDelta" file="/var/www/html/test/wordpress_test/inpsyde_test/test/wp-content/plugins/plugintestslughere/tests/unit/tests/dbdelta.php" line="643" assertions="2" time="3.686491"/>
        <testcase name="test_index_with_a_reserved_keyword_can_be_created" class="Tests_dbDelta" classname="Tests_dbDelta" file="/var/www/html/test/wordpress_test/inpsyde_test/test/wp-content/plugins/plugintestslughere/tests/unit/tests/dbdelta.php" line="672" assertions="2" time="7.705871"/>
        <testcase name="test_wp_get_db_schema_does_no_alter_queries_on_existing_install" class="Tests_dbDelta" classname="Tests_dbDelta" file="/var/www/html/test/wordpress_test/inpsyde_test/test/wp-content/plugins/plugintestslughere/tests/unit/tests/dbdelta.php" line="708" assertions="1" time="4.675134"/>
        <testcase name="test_key_and_index_and_fulltext_key_and_fulltext_index_and_unique_key_and_unique_index_indicies" class="Tests_dbDelta" classname="Tests_dbDelta" file="/var/www/html/test/wordpress_test/inpsyde_test/test/wp-content/plugins/plugintestslughere/tests/unit/tests/dbdelta.php" line="717" assertions="2" time="5.796591"/>
        <testcase name="test_index_and_key_are_synonyms_and_do_not_recreate_indices" class="Tests_dbDelta" classname="Tests_dbDelta" file="/var/www/html/test/wordpress_test/inpsyde_test/test/wp-content/plugins/plugintestslughere/tests/unit/tests/dbdelta.php" line="755" assertions="1" time="4.060700"/>
        <testcase name="test_indices_with_prefix_limits_are_created_and_do_not_recreate_indices" class="Tests_dbDelta" classname="Tests_dbDelta" file="/var/www/html/test/wordpress_test/inpsyde_test/test/wp-content/plugins/plugintestslughere/tests/unit/tests/dbdelta.php" line="779" assertions="2" time="4.195627"/>
        <testcase name="test_index_col_names_with_order_do_not_recreate_indices" class="Tests_dbDelta" classname="Tests_dbDelta" file="/var/www/html/test/wordpress_test/inpsyde_test/test/wp-content/plugins/plugintestslughere/tests/unit/tests/dbdelta.php" line="813" assertions="1" time="3.682152"/>
        <testcase name="test_primary_key_with_single_space_does_not_recreate_index" class="Tests_dbDelta" classname="Tests_dbDelta" file="/var/www/html/test/wordpress_test/inpsyde_test/test/wp-content/plugins/plugintestslughere/tests/unit/tests/dbdelta.php" line="837" assertions="1" time="3.324523"/>
        <testcase name="test_index_definitions_with_spaces_do_not_recreate_indices" class="Tests_dbDelta" classname="Tests_dbDelta" file="/var/www/html/test/wordpress_test/inpsyde_test/test/wp-content/plugins/plugintestslughere/tests/unit/tests/dbdelta.php" line="861" assertions="1" time="3.355928"/>
        <testcase name="test_index_types_are_not_case_sensitive_and_do_not_recreate_indices" class="Tests_dbDelta" classname="Tests_dbDelta" file="/var/www/html/test/wordpress_test/inpsyde_test/test/wp-content/plugins/plugintestslughere/tests/unit/tests/dbdelta.php" line="885" assertions="1" time="3.716232"/>
        <testcase name="test_key_names_are_not_case_sensitive_and_do_not_recreate_indices" class="Tests_dbDelta" classname="Tests_dbDelta" file="/var/www/html/test/wordpress_test/inpsyde_test/test/wp-content/plugins/plugintestslughere/tests/unit/tests/dbdelta.php" line="909" assertions="1" time="4.755255"/>
        <testcase name="test_unchanged_key_lengths_do_not_recreate_index" class="Tests_dbDelta" classname="Tests_dbDelta" file="/var/www/html/test/wordpress_test/inpsyde_test/test/wp-content/plugins/plugintestslughere/tests/unit/tests/dbdelta.php" line="934" assertions="1" time="3.974024"/>
        <testcase name="test_changed_key_lengths_do_not_recreate_index" class="Tests_dbDelta" classname="Tests_dbDelta" file="/var/www/html/test/wordpress_test/inpsyde_test/test/wp-content/plugins/plugintestslughere/tests/unit/tests/dbdelta.php" line="959" assertions="4" time="4.248480"/>
        <testcase name="test_column_type_change_with_hyphens_in_name" class="Tests_dbDelta" classname="Tests_dbDelta" file="/var/www/html/test/wordpress_test/inpsyde_test/test/wp-content/plugins/plugintestslughere/tests/unit/tests/dbdelta.php" line="1043" assertions="1" time="3.753846"/>
      </testsuite>
      <testsuite name="Tests_Dependencies" file="/var/www/html/test/wordpress_test/inpsyde_test/test/wp-content/plugins/plugintestslughere/tests/unit/tests/dependencies.php" tests="7" assertions="56" errors="0" failures="0" skipped="0" time="0.170464">
        <testcase name="test_add" class="Tests_Dependencies" classname="Tests_Dependencies" file="/var/www/html/test/wordpress_test/inpsyde_test/test/wp-content/plugins/plugintestslughere/tests/unit/tests/dependencies.php" line="7" assertions="5" time="0.030055"/>
        <testcase name="test_remove" class="Tests_Dependencies" classname="Tests_Dependencies" file="/var/www/html/test/wordpress_test/inpsyde_test/test/wp-content/plugins/plugintestslughere/tests/unit/tests/dependencies.php" line="20" assertions="4" time="0.024335"/>
        <testcase name="test_enqueue" class="Tests_Dependencies" classname="Tests_Dependencies" file="/var/www/html/test/wordpress_test/inpsyde_test/test/wp-content/plugins/plugintestslughere/tests/unit/tests/dependencies.php" line="33" assertions="7" time="0.025225"/>
        <testcase name="test_dequeue" class="Tests_Dependencies" classname="Tests_Dependencies" file="/var/www/html/test/wordpress_test/inpsyde_test/test/wp-content/plugins/plugintestslughere/tests/unit/tests/dependencies.php" line="49" assertions="8" time="0.023034"/>
        <testcase name="test_enqueue_args" class="Tests_Dependencies" classname="Tests_Dependencies" file="/var/www/html/test/wordpress_test/inpsyde_test/test/wp-content/plugins/plugintestslughere/tests/unit/tests/dependencies.php" line="69" assertions="9" time="0.022504"/>
        <testcase name="test_dequeue_args" class="Tests_Dependencies" classname="Tests_Dependencies" file="/var/www/html/test/wordpress_test/inpsyde_test/test/wp-content/plugins/plugintestslughere/tests/unit/tests/dependencies.php" line="87" assertions="12" time="0.022180"/>
        <testcase name="test_query_and_registered_enqueued" class="Tests_Dependencies" classname="Tests_Dependencies" file="/var/www/html/test/wordpress_test/inpsyde_test/test/wp-content/plugins/plugintestslughere/tests/unit/tests/dependencies.php" line="114" assertions="11" time="0.023131"/>
      </testsuite>
      <testsuite name="Tests_Dependencies_jQuery" file="/var/www/html/test/wordpress_test/inpsyde_test/test/wp-content/plugins/plugintestslughere/tests/unit/tests/dependencies/jquery.php" tests="5" assertions="36" errors="0" failures="0" skipped="0" time="0.239842">
        <testcase name="test_location_of_jquery" class="Tests_Dependencies_jQuery" classname="Tests_Dependencies_jQuery" file="/var/www/html/test/wordpress_test/inpsyde_test/test/wp-content/plugins/plugintestslughere/tests/unit/tests/dependencies/jquery.php" line="9" assertions="1" time="0.058779"/>
        <testcase name="test_presence_of_jquery_no_conflict" class="Tests_Dependencies_jQuery" classname="Tests_Dependencies_jQuery" file="/var/www/html/test/wordpress_test/inpsyde_test/test/wp-content/plugins/plugintestslughere/tests/unit/tests/dependencies/jquery.php" line="39" assertions="1" time="0.062543"/>
        <testcase name="test_dont_allow_deregister_core_scripts_in_admin" class="Tests_Dependencies_jQuery" classname="Tests_Dependencies_jQuery" file="/var/www/html/test/wordpress_test/inpsyde_test/test/wp-content/plugins/plugintestslughere/tests/unit/tests/dependencies/jquery.php" line="51" assertions="27" time="0.051271"/>
        <testcase name="test_wp_script_is_dep_enqueued" class="Tests_Dependencies_jQuery" classname="Tests_Dependencies_jQuery" file="/var/www/html/test/wordpress_test/inpsyde_test/test/wp-content/plugins/plugintestslughere/tests/unit/tests/dependencies/jquery.php" line="94" assertions="2" time="0.028276"/>
        <testcase name="test_jquery_in_footer" class="Tests_Dependencies_jQuery" classname="Tests_Dependencies_jQuery" file="/var/www/html/test/wordpress_test/inpsyde_test/test/wp-content/plugins/plugintestslughere/tests/unit/tests/dependencies/jquery.php" line="108" assertions="5" time="0.038973"/>
      </testsuite>
      <testsuite name="Tests_Dependencies_MediaElementjs" file="/var/www/html/test/wordpress_test/inpsyde_test/test/wp-content/plugins/plugintestslughere/tests/unit/tests/dependencies/mediaelementjs.php" tests="1" assertions="2" errors="0" failures="0" skipped="0" time="0.028836">
        <testcase name="test_exclusion_of_flash" class="Tests_Dependencies_MediaElementjs" classname="Tests_Dependencies_MediaElementjs" file="/var/www/html/test/wordpress_test/inpsyde_test/test/wp-content/plugins/plugintestslughere/tests/unit/tests/dependencies/mediaelementjs.php" line="20" assertions="2" time="0.028836"/>
      </testsuite>
      <testsuite name="Tests_Dependencies_Scripts" file="/var/www/html/test/wordpress_test/inpsyde_test/test/wp-content/plugins/plugintestslughere/tests/unit/tests/dependencies/scripts.php" tests="49" assertions="646" errors="0" failures="0" skipped="0" time="6.011644">
        <testcase name="test_wp_enqueue_script" class="Tests_Dependencies_Scripts" classname="Tests_Dependencies_Scripts" file="/var/www/html/test/wordpress_test/inpsyde_test/test/wp-content/plugins/plugintestslughere/tests/unit/tests/dependencies/scripts.php" line="42" assertions="2" time="0.030248"/>
        <testcase name="test_wp_enqueue_script_with_html5_support_does_not_contain_type_attribute" class="Tests_Dependencies_Scripts" classname="Tests_Dependencies_Scripts" file="/var/www/html/test/wordpress_test/inpsyde_test/test/wp-content/plugins/plugintestslughere/tests/unit/tests/dependencies/scripts.php" line="63" assertions="1" time="0.026283"/>
        <testcase name="test_protocols" class="Tests_Dependencies_Scripts" classname="Tests_Dependencies_Scripts" file="/var/www/html/test/wordpress_test/inpsyde_test/test/wp-content/plugins/plugintestslughere/tests/unit/tests/dependencies/scripts.php" line="83" assertions="2" time="0.029024"/>
        <testcase name="test_script_concatenation" class="Tests_Dependencies_Scripts" classname="Tests_Dependencies_Scripts" file="/var/www/html/test/wordpress_test/inpsyde_test/test/wp-content/plugins/plugintestslughere/tests/unit/tests/dependencies/scripts.php" line="125" assertions="1" time="0.026359"/>
        <testcase name="test_wp_script_add_data_with_data_key" class="Tests_Dependencies_Scripts" classname="Tests_Dependencies_Scripts" file="/var/www/html/test/wordpress_test/inpsyde_test/test/wp-content/plugins/plugintestslughere/tests/unit/tests/dependencies/scripts.php" line="149" assertions="2" time="0.024458"/>
        <testcase name="test_wp_script_add_data_with_conditional_key" class="Tests_Dependencies_Scripts" classname="Tests_Dependencies_Scripts" file="/var/www/html/test/wordpress_test/inpsyde_test/test/wp-content/plugins/plugintestslughere/tests/unit/tests/dependencies/scripts.php" line="168" assertions="2" time="0.025755"/>
        <testcase name="test_wp_script_add_data_with_data_and_conditional_keys" class="Tests_Dependencies_Scripts" classname="Tests_Dependencies_Scripts" file="/var/www/html/test/wordpress_test/inpsyde_test/test/wp-content/plugins/plugintestslughere/tests/unit/tests/dependencies/scripts.php" line="186" assertions="2" time="0.024433"/>
        <testcase name="test_wp_script_add_data_with_invalid_key" class="Tests_Dependencies_Scripts" classname="Tests_Dependencies_Scripts" file="/var/www/html/test/wordpress_test/inpsyde_test/test/wp-content/plugins/plugintestslughere/tests/unit/tests/dependencies/scripts.php" line="206" assertions="2" time="0.026502"/>
        <testcase name="test_wp_register_script" class="Tests_Dependencies_Scripts" classname="Tests_Dependencies_Scripts" file="/var/www/html/test/wordpress_test/inpsyde_test/test/wp-content/plugins/plugintestslughere/tests/unit/tests/dependencies/scripts.php" line="224" assertions="2" time="0.025824"/>
        <testcase name="test_wp_register_script_with_handle_without_source" class="Tests_Dependencies_Scripts" classname="Tests_Dependencies_Scripts" file="/var/www/html/test/wordpress_test/inpsyde_test/test/wp-content/plugins/plugintestslughere/tests/unit/tests/dependencies/scripts.php" line="232" assertions="1" time="0.026862"/>
        <testcase name="test_wp_enqueue_script_footer_alias" class="Tests_Dependencies_Scripts" classname="Tests_Dependencies_Scripts" file="/var/www/html/test/wordpress_test/inpsyde_test/test/wp-content/plugins/plugintestslughere/tests/unit/tests/dependencies/scripts.php" line="248" assertions="3" time="0.028840"/>
        <testcase name="test_group_mismatch_in_deps" class="Tests_Dependencies_Scripts" classname="Tests_Dependencies_Scripts" file="/var/www/html/test/wordpress_test/inpsyde_test/test/wp-content/plugins/plugintestslughere/tests/unit/tests/dependencies/scripts.php" line="268" assertions="15" time="0.027907"/>
        <testcase name="test_wp_register_script_with_dependencies_in_head_and_footer" class="Tests_Dependencies_Scripts" classname="Tests_Dependencies_Scripts" file="/var/www/html/test/wordpress_test/inpsyde_test/test/wp-content/plugins/plugintestslughere/tests/unit/tests/dependencies/scripts.php" line="312" assertions="2" time="0.026088"/>
        <testcase name="test_wp_register_script_with_dependencies_in_head_and_footer_in_reversed_order" class="Tests_Dependencies_Scripts" classname="Tests_Dependencies_Scripts" file="/var/www/html/test/wordpress_test/inpsyde_test/test/wp-content/plugins/plugintestslughere/tests/unit/tests/dependencies/scripts.php" line="333" assertions="2" time="0.026364"/>
        <testcase name="test_wp_register_script_with_dependencies_in_head_and_footer_in_reversed_order_and_two_parent_scripts" class="Tests_Dependencies_Scripts" classname="Tests_Dependencies_Scripts" file="/var/www/html/test/wordpress_test/inpsyde_test/test/wp-content/plugins/plugintestslughere/tests/unit/tests/dependencies/scripts.php" line="354" assertions="2" time="0.027681"/>
        <testcase name="test_wp_add_inline_script_returns_bool" class="Tests_Dependencies_Scripts" classname="Tests_Dependencies_Scripts" file="/var/www/html/test/wordpress_test/inpsyde_test/test/wp-content/plugins/plugintestslughere/tests/unit/tests/dependencies/scripts.php" line="385" assertions="2" time="0.024843"/>
        <testcase name="test_wp_add_inline_script_unknown_handle" class="Tests_Dependencies_Scripts" classname="Tests_Dependencies_Scripts" file="/var/www/html/test/wordpress_test/inpsyde_test/test/wp-content/plugins/plugintestslughere/tests/unit/tests/dependencies/scripts.php" line="394" assertions="2" time="0.026528"/>
        <testcase name="test_wp_add_inline_script_before" class="Tests_Dependencies_Scripts" classname="Tests_Dependencies_Scripts" file="/var/www/html/test/wordpress_test/inpsyde_test/test/wp-content/plugins/plugintestslughere/tests/unit/tests/dependencies/scripts.php" line="402" assertions="1" time="0.025926"/>
        <testcase name="test_wp_add_inline_script_after" class="Tests_Dependencies_Scripts" classname="Tests_Dependencies_Scripts" file="/var/www/html/test/wordpress_test/inpsyde_test/test/wp-content/plugins/plugintestslughere/tests/unit/tests/dependencies/scripts.php" line="415" assertions="1" time="0.024914"/>
        <testcase name="test_wp_add_inline_script_before_and_after" class="Tests_Dependencies_Scripts" classname="Tests_Dependencies_Scripts" file="/var/www/html/test/wordpress_test/inpsyde_test/test/wp-content/plugins/plugintestslughere/tests/unit/tests/dependencies/scripts.php" line="428" assertions="1" time="0.026176"/>
        <testcase name="test_wp_add_inline_script_before_for_handle_without_source" class="Tests_Dependencies_Scripts" classname="Tests_Dependencies_Scripts" file="/var/www/html/test/wordpress_test/inpsyde_test/test/wp-content/plugins/plugintestslughere/tests/unit/tests/dependencies/scripts.php" line="443" assertions="1" time="0.024824"/>
        <testcase name="test_wp_add_inline_script_after_for_handle_without_source" class="Tests_Dependencies_Scripts" classname="Tests_Dependencies_Scripts" file="/var/www/html/test/wordpress_test/inpsyde_test/test/wp-content/plugins/plugintestslughere/tests/unit/tests/dependencies/scripts.php" line="456" assertions="1" time="0.026144"/>
        <testcase name="test_wp_add_inline_script_before_and_after_for_handle_without_source" class="Tests_Dependencies_Scripts" classname="Tests_Dependencies_Scripts" file="/var/www/html/test/wordpress_test/inpsyde_test/test/wp-content/plugins/plugintestslughere/tests/unit/tests/dependencies/scripts.php" line="469" assertions="1" time="0.027639"/>
        <testcase name="test_wp_add_inline_script_multiple" class="Tests_Dependencies_Scripts" classname="Tests_Dependencies_Scripts" file="/var/www/html/test/wordpress_test/inpsyde_test/test/wp-content/plugins/plugintestslughere/tests/unit/tests/dependencies/scripts.php" line="484" assertions="1" time="0.024882"/>
        <testcase name="test_wp_add_inline_script_localized_data_is_added_first" class="Tests_Dependencies_Scripts" classname="Tests_Dependencies_Scripts" file="/var/www/html/test/wordpress_test/inpsyde_test/test/wp-content/plugins/plugintestslughere/tests/unit/tests/dependencies/scripts.php" line="501" assertions="1" time="0.025844"/>
        <testcase name="test_wp_add_inline_script_before_with_concat" class="Tests_Dependencies_Scripts" classname="Tests_Dependencies_Scripts" file="/var/www/html/test/wordpress_test/inpsyde_test/test/wp-content/plugins/plugintestslughere/tests/unit/tests/dependencies/scripts.php" line="518" assertions="1" time="0.024996"/>
        <testcase name="test_wp_add_inline_script_before_with_concat2" class="Tests_Dependencies_Scripts" classname="Tests_Dependencies_Scripts" file="/var/www/html/test/wordpress_test/inpsyde_test/test/wp-content/plugins/plugintestslughere/tests/unit/tests/dependencies/scripts.php" line="544" assertions="1" time="0.025604"/>
        <testcase name="test_wp_add_inline_script_after_with_concat" class="Tests_Dependencies_Scripts" classname="Tests_Dependencies_Scripts" file="/var/www/html/test/wordpress_test/inpsyde_test/test/wp-content/plugins/plugintestslughere/tests/unit/tests/dependencies/scripts.php" line="568" assertions="1" time="0.027781"/>
        <testcase name="test_wp_add_inline_script_after_and_before_with_concat_and_conditional" class="Tests_Dependencies_Scripts" classname="Tests_Dependencies_Scripts" file="/var/www/html/test/wordpress_test/inpsyde_test/test/wp-content/plugins/plugintestslughere/tests/unit/tests/dependencies/scripts.php" line="596" assertions="3" time="0.025116"/>
        <testcase name="test_wp_add_inline_script_after_with_concat_and_core_dependency" class="Tests_Dependencies_Scripts" classname="Tests_Dependencies_Scripts" file="/var/www/html/test/wordpress_test/inpsyde_test/test/wp-content/plugins/plugintestslughere/tests/unit/tests/dependencies/scripts.php" line="626" assertions="1" time="0.037228"/>
        <testcase name="test_wp_add_inline_script_after_with_concat_and_conditional_and_core_dependency" class="Tests_Dependencies_Scripts" classname="Tests_Dependencies_Scripts" file="/var/www/html/test/wordpress_test/inpsyde_test/test/wp-content/plugins/plugintestslughere/tests/unit/tests/dependencies/scripts.php" line="651" assertions="1" time="0.033377"/>
        <testcase name="test_wp_add_inline_script_before_with_concat_and_core_dependency" class="Tests_Dependencies_Scripts" classname="Tests_Dependencies_Scripts" file="/var/www/html/test/wordpress_test/inpsyde_test/test/wp-content/plugins/plugintestslughere/tests/unit/tests/dependencies/scripts.php" line="679" assertions="1" time="0.039058"/>
        <testcase name="test_wp_add_inline_script_before_after_concat_with_core_dependency" class="Tests_Dependencies_Scripts" classname="Tests_Dependencies_Scripts" file="/var/www/html/test/wordpress_test/inpsyde_test/test/wp-content/plugins/plugintestslughere/tests/unit/tests/dependencies/scripts.php" line="705" assertions="1" time="0.045619"/>
        <testcase name="test_wp_add_inline_script_customize_dependency" class="Tests_Dependencies_Scripts" classname="Tests_Dependencies_Scripts" file="/var/www/html/test/wordpress_test/inpsyde_test/test/wp-content/plugins/plugintestslughere/tests/unit/tests/dependencies/scripts.php" line="761" assertions="1" time="0.039959"/>
        <testcase name="test_wp_add_inline_script_after_for_core_scripts_with_concat_is_limited_and_falls_back_to_no_concat" class="Tests_Dependencies_Scripts" classname="Tests_Dependencies_Scripts" file="/var/www/html/test/wordpress_test/inpsyde_test/test/wp-content/plugins/plugintestslughere/tests/unit/tests/dependencies/scripts.php" line="789" assertions="1" time="0.024171"/>
        <testcase name="test_wp_add_inline_script_before_third_core_script_prints_two_concat_scripts" class="Tests_Dependencies_Scripts" classname="Tests_Dependencies_Scripts" file="/var/www/html/test/wordpress_test/inpsyde_test/test/wp-content/plugins/plugintestslughere/tests/unit/tests/dependencies/scripts.php" line="814" assertions="1" time="0.024665"/>
        <testcase name="test_wp_set_script_translations" class="Tests_Dependencies_Scripts" classname="Tests_Dependencies_Scripts" file="/var/www/html/test/wordpress_test/inpsyde_test/test/wp-content/plugins/plugintestslughere/tests/unit/tests/dependencies/scripts.php" line="838" assertions="1" time="0.035242"/>
        <testcase name="test_wp_set_script_translations_for_plugin" class="Tests_Dependencies_Scripts" classname="Tests_Dependencies_Scripts" file="/var/www/html/test/wordpress_test/inpsyde_test/test/wp-content/plugins/plugintestslughere/tests/unit/tests/dependencies/scripts.php" line="865" assertions="1" time="0.025052"/>
        <testcase name="test_wp_set_script_translations_for_theme" class="Tests_Dependencies_Scripts" classname="Tests_Dependencies_Scripts" file="/var/www/html/test/wordpress_test/inpsyde_test/test/wp-content/plugins/plugintestslughere/tests/unit/tests/dependencies/scripts.php" line="892" assertions="1" time="0.025433"/>
        <testcase name="test_wp_set_script_translations_with_handle_file" class="Tests_Dependencies_Scripts" classname="Tests_Dependencies_Scripts" file="/var/www/html/test/wordpress_test/inpsyde_test/test/wp-content/plugins/plugintestslughere/tests/unit/tests/dependencies/scripts.php" line="919" assertions="1" time="0.034421"/>
        <testcase name="test_wp_set_script_translations_i18n_dependency" class="Tests_Dependencies_Scripts" classname="Tests_Dependencies_Scripts" file="/var/www/html/test/wordpress_test/inpsyde_test/test/wp-content/plugins/plugintestslughere/tests/unit/tests/dependencies/scripts.php" line="946" assertions="1" time="0.024948"/>
        <testcase name="test_wp_set_script_translations_when_translation_file_does_not_exist" class="Tests_Dependencies_Scripts" classname="Tests_Dependencies_Scripts" file="/var/www/html/test/wordpress_test/inpsyde_test/test/wp-content/plugins/plugintestslughere/tests/unit/tests/dependencies/scripts.php" line="961" assertions="1" time="0.026847"/>
        <testcase name="test_wp_set_script_translations_after_register" class="Tests_Dependencies_Scripts" classname="Tests_Dependencies_Scripts" file="/var/www/html/test/wordpress_test/inpsyde_test/test/wp-content/plugins/plugintestslughere/tests/unit/tests/dependencies/scripts.php" line="988" assertions="1" time="0.025685"/>
        <testcase name="test_wp_set_script_translations_dependency" class="Tests_Dependencies_Scripts" classname="Tests_Dependencies_Scripts" file="/var/www/html/test/wordpress_test/inpsyde_test/test/wp-content/plugins/plugintestslughere/tests/unit/tests/dependencies/scripts.php" line="1017" assertions="1" time="0.027089"/>
        <testcase name="test_wp_enqueue_code_editor_when_php_file_will_be_passed" class="Tests_Dependencies_Scripts" classname="Tests_Dependencies_Scripts" file="/var/www/html/test/wordpress_test/inpsyde_test/test/wp-content/plugins/plugintestslughere/tests/unit/tests/dependencies/scripts.php" line="1050" assertions="16" time="0.027124"/>
        <testcase name="test_wp_enqueue_code_editor_when_generated_array_by_compact_will_be_passed" class="Tests_Dependencies_Scripts" classname="Tests_Dependencies_Scripts" file="/var/www/html/test/wordpress_test/inpsyde_test/test/wp-content/plugins/plugintestslughere/tests/unit/tests/dependencies/scripts.php" line="1137" assertions="16" time="0.027062"/>
        <testcase name="test_wp_enqueue_code_editor_when_generated_array_by_array_merge_will_be_passed" class="Tests_Dependencies_Scripts" classname="Tests_Dependencies_Scripts" file="/var/www/html/test/wordpress_test/inpsyde_test/test/wp-content/plugins/plugintestslughere/tests/unit/tests/dependencies/scripts.php" line="1220" assertions="15" time="0.027033"/>
        <testcase name="test_wp_enqueue_code_editor_when_simple_array_will_be_passed" class="Tests_Dependencies_Scripts" classname="Tests_Dependencies_Scripts" file="/var/www/html/test/wordpress_test/inpsyde_test/test/wp-content/plugins/plugintestslughere/tests/unit/tests/dependencies/scripts.php" line="1317" assertions="15" time="0.026279"/>
        <testcase name="test_no_source_mapping" class="Tests_Dependencies_Scripts" classname="Tests_Dependencies_Scripts" file="/var/www/html/test/wordpress_test/inpsyde_test/test/wp-content/plugins/plugintestslughere/tests/unit/tests/dependencies/scripts.php" line="1405" assertions="510" time="4.671507"/>
      </testsuite>
      <testsuite name="Tests_Dependencies_Styles" file="/var/www/html/test/wordpress_test/inpsyde_test/test/wp-content/plugins/plugintestslughere/tests/unit/tests/dependencies/styles.php" tests="21" assertions="31" errors="0" failures="0" skipped="0" time="0.782576">
        <testcase name="test_wp_enqueue_style" class="Tests_Dependencies_Styles" classname="Tests_Dependencies_Styles" file="/var/www/html/test/wordpress_test/inpsyde_test/test/wp-content/plugins/plugintestslughere/tests/unit/tests/dependencies/styles.php" line="54" assertions="2" time="0.033484"/>
        <testcase name="test_wp_enqueue_style_with_html5_support_does_not_contain_type_attribute" class="Tests_Dependencies_Styles" classname="Tests_Dependencies_Styles" file="/var/www/html/test/wordpress_test/inpsyde_test/test/wp-content/plugins/plugintestslughere/tests/unit/tests/dependencies/styles.php" line="75" assertions="1" time="0.034480"/>
        <testcase name="test_protocols" class="Tests_Dependencies_Styles" classname="Tests_Dependencies_Styles" file="/var/www/html/test/wordpress_test/inpsyde_test/test/wp-content/plugins/plugintestslughere/tests/unit/tests/dependencies/styles.php" line="95" assertions="2" time="0.034477"/>
        <testcase name="test_inline_styles" class="Tests_Dependencies_Styles" classname="Tests_Dependencies_Styles" file="/var/www/html/test/wordpress_test/inpsyde_test/test/wp-content/plugins/plugintestslughere/tests/unit/tests/dependencies/styles.php" line="139" assertions="1" time="0.033771"/>
        <testcase name="test_inline_styles_concat" class="Tests_Dependencies_Styles" classname="Tests_Dependencies_Styles" file="/var/www/html/test/wordpress_test/inpsyde_test/test/wp-content/plugins/plugintestslughere/tests/unit/tests/dependencies/styles.php" line="163" assertions="1" time="0.034217"/>
        <testcase name="test_multiple_inline_styles" class="Tests_Dependencies_Styles" classname="Tests_Dependencies_Styles" file="/var/www/html/test/wordpress_test/inpsyde_test/test/wp-content/plugins/plugintestslughere/tests/unit/tests/dependencies/styles.php" line="192" assertions="1" time="0.034721"/>
        <testcase name="test_plugin_doing_inline_styles_wrong" class="Tests_Dependencies_Styles" classname="Tests_Dependencies_Styles" file="/var/www/html/test/wordpress_test/inpsyde_test/test/wp-content/plugins/plugintestslughere/tests/unit/tests/dependencies/styles.php" line="223" assertions="2" time="0.034090"/>
        <testcase name="test_unnecessary_style_tags" class="Tests_Dependencies_Styles" classname="Tests_Dependencies_Styles" file="/var/www/html/test/wordpress_test/inpsyde_test/test/wp-content/plugins/plugintestslughere/tests/unit/tests/dependencies/styles.php" line="247" assertions="1" time="0.034852"/>
        <testcase name="test_conditional_inline_styles_are_also_conditional" class="Tests_Dependencies_Styles" classname="Tests_Dependencies_Styles" file="/var/www/html/test/wordpress_test/inpsyde_test/test/wp-content/plugins/plugintestslughere/tests/unit/tests/dependencies/styles.php" line="261" assertions="1" time="0.041318"/>
        <testcase name="test_wp_register_style" class="Tests_Dependencies_Styles" classname="Tests_Dependencies_Styles" file="/var/www/html/test/wordpress_test/inpsyde_test/test/wp-content/plugins/plugintestslughere/tests/unit/tests/dependencies/styles.php" line="283" assertions="2" time="0.040389"/>
        <testcase name="test_wp_add_inline_style_for_handle_without_source" class="Tests_Dependencies_Styles" classname="Tests_Dependencies_Styles" file="/var/www/html/test/wordpress_test/inpsyde_test/test/wp-content/plugins/plugintestslughere/tests/unit/tests/dependencies/styles.php" line="291" assertions="1" time="0.037655"/>
        <testsuite name="Tests_Dependencies_Styles::test_wp_enqueue_style_with_media" tests="6" assertions="6" errors="0" failures="0" skipped="0" time="0.230690">
          <testcase name="test_wp_enqueue_style_with_media with data set #0" class="Tests_Dependencies_Styles" classname="Tests_Dependencies_Styles" file="/var/www/html/test/wordpress_test/inpsyde_test/test/wp-content/plugins/plugintestslughere/tests/unit/tests/dependencies/styles.php" line="314" assertions="1" time="0.039525"/>
          <testcase name="test_wp_enqueue_style_with_media with data set #1" class="Tests_Dependencies_Styles" classname="Tests_Dependencies_Styles" file="/var/www/html/test/wordpress_test/inpsyde_test/test/wp-content/plugins/plugintestslughere/tests/unit/tests/dependencies/styles.php" line="314" assertions="1" time="0.037789"/>
          <testcase name="test_wp_enqueue_style_with_media with data set #2" class="Tests_Dependencies_Styles" classname="Tests_Dependencies_Styles" file="/var/www/html/test/wordpress_test/inpsyde_test/test/wp-content/plugins/plugintestslughere/tests/unit/tests/dependencies/styles.php" line="314" assertions="1" time="0.037821"/>
          <testcase name="test_wp_enqueue_style_with_media with data set #3" class="Tests_Dependencies_Styles" classname="Tests_Dependencies_Styles" file="/var/www/html/test/wordpress_test/inpsyde_test/test/wp-content/plugins/plugintestslughere/tests/unit/tests/dependencies/styles.php" line="314" assertions="1" time="0.040696"/>
          <testcase name="test_wp_enqueue_style_with_media with data set #4" class="Tests_Dependencies_Styles" classname="Tests_Dependencies_Styles" file="/var/www/html/test/wordpress_test/inpsyde_test/test/wp-content/plugins/plugintestslughere/tests/unit/tests/dependencies/styles.php" line="314" assertions="1" time="0.038077"/>
          <testcase name="test_wp_enqueue_style_with_media with data set #5" class="Tests_Dependencies_Styles" classname="Tests_Dependencies_Styles" file="/var/www/html/test/wordpress_test/inpsyde_test/test/wp-content/plugins/plugintestslughere/tests/unit/tests/dependencies/styles.php" line="314" assertions="1" time="0.036782"/>
        </testsuite>
        <testcase name="test_block_styles_for_editing_without_theme_support" class="Tests_Dependencies_Styles" classname="Tests_Dependencies_Styles" file="/var/www/html/test/wordpress_test/inpsyde_test/test/wp-content/plugins/plugintestslughere/tests/unit/tests/dependencies/styles.php" line="353" assertions="3" time="0.039707"/>
        <testcase name="test_block_styles_for_editing_with_theme_support" class="Tests_Dependencies_Styles" classname="Tests_Dependencies_Styles" file="/var/www/html/test/wordpress_test/inpsyde_test/test/wp-content/plugins/plugintestslughere/tests/unit/tests/dependencies/styles.php" line="369" assertions="2" time="0.039931"/>
        <testcase name="test_no_block_styles_for_viewing_without_theme_support" class="Tests_Dependencies_Styles" classname="Tests_Dependencies_Styles" file="/var/www/html/test/wordpress_test/inpsyde_test/test/wp-content/plugins/plugintestslughere/tests/unit/tests/dependencies/styles.php" line="385" assertions="3" time="0.039449"/>
        <testcase name="test_block_styles_for_viewing_with_theme_support" class="Tests_Dependencies_Styles" classname="Tests_Dependencies_Styles" file="/var/www/html/test/wordpress_test/inpsyde_test/test/wp-content/plugins/plugintestslughere/tests/unit/tests/dependencies/styles.php" line="401" assertions="2" time="0.039345"/>
      </testsuite>
      <testsuite name="Tests_WP_Editors" file="/var/www/html/test/wordpress_test/inpsyde_test/test/wp-content/plugins/plugintestslughere/tests/unit/tests/editor/wpEditors.php" tests="4" assertions="4" errors="0" failures="0" skipped="0" time="0.432494">
        <testcase name="test_wp_link_query_returns_false_when_nothing_found" class="Tests_WP_Editors" classname="Tests_WP_Editors" file="/var/www/html/test/wordpress_test/inpsyde_test/test/wp-content/plugins/plugintestslughere/tests/unit/tests/editor/wpEditors.php" line="25" assertions="1" time="0.025262"/>
        <testcase name="test_wp_link_query_returns_search_results" class="Tests_WP_Editors" classname="Tests_WP_Editors" file="/var/www/html/test/wordpress_test/inpsyde_test/test/wp-content/plugins/plugintestslughere/tests/unit/tests/editor/wpEditors.php" line="31" assertions="1" time="0.209525"/>
        <testcase name="test_wp_link_query_returns_filtered_result_when_nothing_found" class="Tests_WP_Editors" classname="Tests_WP_Editors" file="/var/www/html/test/wordpress_test/inpsyde_test/test/wp-content/plugins/plugintestslughere/tests/unit/tests/editor/wpEditors.php" line="51" assertions="1" time="0.033500"/>
        <testcase name="test_wp_link_query_returns_filtered_search_results" class="Tests_WP_Editors" classname="Tests_WP_Editors" file="/var/www/html/test/wordpress_test/inpsyde_test/test/wp-content/plugins/plugintestslughere/tests/unit/tests/editor/wpEditors.php" line="69" assertions="1" time="0.164207"/>
      </testsuite>
      <testsuite name="Tests_Recovery_Mode_Cookie_Service" file="/var/www/html/test/wordpress_test/inpsyde_test/test/wp-content/plugins/plugintestslughere/tests/unit/tests/error-protection/recovery-mode-cookie-service.php" tests="5" assertions="13" errors="0" failures="0" skipped="0" time="0.324084">
        <testcase name="test_validate_cookie_returns_wp_error_if_invalid_format" class="Tests_Recovery_Mode_Cookie_Service" classname="Tests_Recovery_Mode_Cookie_Service" file="/var/www/html/test/wordpress_test/inpsyde_test/test/wp-content/plugins/plugintestslughere/tests/unit/tests/error-protection/recovery-mode-cookie-service.php" line="11" assertions="6" time="0.023359"/>
        <testcase name="test_validate_cookie_returns_wp_error_if_expired" class="Tests_Recovery_Mode_Cookie_Service" classname="Tests_Recovery_Mode_Cookie_Service" file="/var/www/html/test/wordpress_test/inpsyde_test/test/wp-content/plugins/plugintestslughere/tests/unit/tests/error-protection/recovery-mode-cookie-service.php" line="31" assertions="2" time="0.070874"/>
        <testcase name="test_validate_cookie_returns_wp_error_if_signature_mismatch" class="Tests_Recovery_Mode_Cookie_Service" classname="Tests_Recovery_Mode_Cookie_Service" file="/var/www/html/test/wordpress_test/inpsyde_test/test/wp-content/plugins/plugintestslughere/tests/unit/tests/error-protection/recovery-mode-cookie-service.php" line="48" assertions="2" time="0.077062"/>
        <testcase name="test_validate_cookie_returns_wp_error_if_created_at_is_invalid_format" class="Tests_Recovery_Mode_Cookie_Service" classname="Tests_Recovery_Mode_Cookie_Service" file="/var/www/html/test/wordpress_test/inpsyde_test/test/wp-content/plugins/plugintestslughere/tests/unit/tests/error-protection/recovery-mode-cookie-service.php" line="64" assertions="2" time="0.075972"/>
        <testcase name="test_validate_cookie_returns_true_for_valid_cookie" class="Tests_Recovery_Mode_Cookie_Service" classname="Tests_Recovery_Mode_Cookie_Service" file="/var/www/html/test/wordpress_test/inpsyde_test/test/wp-content/plugins/plugintestslughere/tests/unit/tests/error-protection/recovery-mode-cookie-service.php" line="81" assertions="1" time="0.076817"/>
      </testsuite>
      <testsuite name="Tests_Recovery_Mode_Key_Service" file="/var/www/html/test/wordpress_test/inpsyde_test/test/wp-content/plugins/plugintestslughere/tests/unit/tests/error-protection/recovery-mode-key-service.php" tests="12" assertions="23" errors="0" failures="0" skipped="0" time="1.362390">
        <testcase name="test_generate_and_store_recovery_mode_key_returns_recovery_key" class="Tests_Recovery_Mode_Key_Service" classname="Tests_Recovery_Mode_Key_Service" file="/var/www/html/test/wordpress_test/inpsyde_test/test/wp-content/plugins/plugintestslughere/tests/unit/tests/error-protection/recovery-mode-key-service.php" line="11" assertions="1" time="0.121109"/>
        <testcase name="test_validate_recovery_mode_key_returns_wp_error_if_no_key_set" class="Tests_Recovery_Mode_Key_Service" classname="Tests_Recovery_Mode_Key_Service" file="/var/www/html/test/wordpress_test/inpsyde_test/test/wp-content/plugins/plugintestslughere/tests/unit/tests/error-protection/recovery-mode-key-service.php" line="22" assertions="2" time="0.031324"/>
        <testcase name="test_validate_recovery_mode_key_returns_wp_error_if_data_missing" class="Tests_Recovery_Mode_Key_Service" classname="Tests_Recovery_Mode_Key_Service" file="/var/www/html/test/wordpress_test/inpsyde_test/test/wp-content/plugins/plugintestslughere/tests/unit/tests/error-protection/recovery-mode-key-service.php" line="33" assertions="2" time="0.066992"/>
        <testcase name="test_validate_recovery_mode_key_returns_wp_error_if_bad" class="Tests_Recovery_Mode_Key_Service" classname="Tests_Recovery_Mode_Key_Service" file="/var/www/html/test/wordpress_test/inpsyde_test/test/wp-content/plugins/plugintestslughere/tests/unit/tests/error-protection/recovery-mode-key-service.php" line="46" assertions="2" time="0.077205"/>
        <testcase name="test_validate_recovery_mode_key_returns_wp_error_if_stored_format_is_invalid" class="Tests_Recovery_Mode_Key_Service" classname="Tests_Recovery_Mode_Key_Service" file="/var/www/html/test/wordpress_test/inpsyde_test/test/wp-content/plugins/plugintestslughere/tests/unit/tests/error-protection/recovery-mode-key-service.php" line="60" assertions="2" time="0.076561"/>
        <testcase name="test_validate_recovery_mode_key_returns_wp_error_if_empty_key" class="Tests_Recovery_Mode_Key_Service" classname="Tests_Recovery_Mode_Key_Service" file="/var/www/html/test/wordpress_test/inpsyde_test/test/wp-content/plugins/plugintestslughere/tests/unit/tests/error-protection/recovery-mode-key-service.php" line="75" assertions="2" time="0.109002"/>
        <testcase name="test_validate_recovery_mode_key_returns_wp_error_if_hash_mismatch" class="Tests_Recovery_Mode_Key_Service" classname="Tests_Recovery_Mode_Key_Service" file="/var/www/html/test/wordpress_test/inpsyde_test/test/wp-content/plugins/plugintestslughere/tests/unit/tests/error-protection/recovery-mode-key-service.php" line="88" assertions="2" time="0.099370"/>
        <testcase name="test_validate_recovery_mode_key_returns_wp_error_if_expired" class="Tests_Recovery_Mode_Key_Service" classname="Tests_Recovery_Mode_Key_Service" file="/var/www/html/test/wordpress_test/inpsyde_test/test/wp-content/plugins/plugintestslughere/tests/unit/tests/error-protection/recovery-mode-key-service.php" line="101" assertions="2" time="0.208756"/>
        <testcase name="test_validate_recovery_mode_key_returns_true_for_valid_key" class="Tests_Recovery_Mode_Key_Service" classname="Tests_Recovery_Mode_Key_Service" file="/var/www/html/test/wordpress_test/inpsyde_test/test/wp-content/plugins/plugintestslughere/tests/unit/tests/error-protection/recovery-mode-key-service.php" line="119" assertions="1" time="0.142195"/>
        <testcase name="test_validate_recovery_mode_key_returns_error_if_token_used_more_than_once" class="Tests_Recovery_Mode_Key_Service" classname="Tests_Recovery_Mode_Key_Service" file="/var/www/html/test/wordpress_test/inpsyde_test/test/wp-content/plugins/plugintestslughere/tests/unit/tests/error-protection/recovery-mode-key-service.php" line="129" assertions="3" time="0.177696"/>
        <testcase name="test_validate_recovery_mode_key_returns_error_if_token_used_more_than_once_more_than_key_stored" class="Tests_Recovery_Mode_Key_Service" classname="Tests_Recovery_Mode_Key_Service" file="/var/www/html/test/wordpress_test/inpsyde_test/test/wp-content/plugins/plugintestslughere/tests/unit/tests/error-protection/recovery-mode-key-service.php" line="146" assertions="3" time="0.142335"/>
        <testcase name="test_clean_expired_keys" class="Tests_Recovery_Mode_Key_Service" classname="Tests_Recovery_Mode_Key_Service" file="/var/www/html/test/wordpress_test/inpsyde_test/test/wp-content/plugins/plugintestslughere/tests/unit/tests/error-protection/recovery-mode-key-service.php" line="168" assertions="1" time="0.109845"/>
      </testsuite>
      <testsuite name="Tests_Feeds_Atom" file="/var/www/html/test/wordpress_test/inpsyde_test/test/wp-content/plugins/plugintestslughere/tests/unit/tests/feed/atom.php" tests="3" assertions="109" errors="0" failures="0" skipped="0" time="0.494144">
        <testcase name="test_feed_element" class="Tests_Feeds_Atom" classname="Tests_Feeds_Atom" file="/var/www/html/test/wordpress_test/inpsyde_test/test/wp-content/plugins/plugintestslughere/tests/unit/tests/feed/atom.php" line="88" assertions="12" time="0.182032"/>
        <testcase name="test_entry_elements" class="Tests_Feeds_Atom" classname="Tests_Feeds_Atom" file="/var/www/html/test/wordpress_test/inpsyde_test/test/wp-content/plugins/plugintestslughere/tests/unit/tests/feed/atom.php" line="132" assertions="82" time="0.149784"/>
        <testcase name="test_atom_enclosure_with_extended_url_length_type_parsing" class="Tests_Feeds_Atom" classname="Tests_Feeds_Atom" file="/var/www/html/test/wordpress_test/inpsyde_test/test/wp-content/plugins/plugintestslughere/tests/unit/tests/feed/atom.php" line="212" assertions="15" time="0.162328"/>
      </testsuite>
      <testsuite name="Tests_Feeds_RSS2" file="/var/www/html/test/wordpress_test/inpsyde_test/test/wp-content/plugins/plugintestslughere/tests/unit/tests/feed/rss2.php" tests="13" assertions="171" errors="0" failures="0" skipped="0" time="2.517561">
        <testcase name="test_rss_element" class="Tests_Feeds_RSS2" classname="Tests_Feeds_RSS2" file="/var/www/html/test/wordpress_test/inpsyde_test/test/wp-content/plugins/plugintestslughere/tests/unit/tests/feed/rss2.php" line="100" assertions="6" time="0.187300"/>
        <testcase name="test_channel_element" class="Tests_Feeds_RSS2" classname="Tests_Feeds_RSS2" file="/var/www/html/test/wordpress_test/inpsyde_test/test/wp-content/plugins/plugintestslughere/tests/unit/tests/feed/rss2.php" line="125" assertions="5" time="0.164516"/>
        <testcase name="test_channel_pubdate_element_translated" class="Tests_Feeds_RSS2" classname="Tests_Feeds_RSS2" file="/var/www/html/test/wordpress_test/inpsyde_test/test/wp-content/plugins/plugintestslughere/tests/unit/tests/feed/rss2.php" line="155" assertions="1" time="0.153377"/>
        <testcase name="test_item_elements" class="Tests_Feeds_RSS2" classname="Tests_Feeds_RSS2" file="/var/www/html/test/wordpress_test/inpsyde_test/test/wp-content/plugins/plugintestslughere/tests/unit/tests/feed/rss2.php" line="178" assertions="109" time="0.197931"/>
        <testcase name="test_items_comments_closed" class="Tests_Feeds_RSS2" classname="Tests_Feeds_RSS2" file="/var/www/html/test/wordpress_test/inpsyde_test/test/wp-content/plugins/plugintestslughere/tests/unit/tests/feed/rss2.php" line="269" assertions="20" time="0.209373"/>
        <testcase name="test_valid_home_feed_endpoint" class="Tests_Feeds_RSS2" classname="Tests_Feeds_RSS2" file="/var/www/html/test/wordpress_test/inpsyde_test/test/wp-content/plugins/plugintestslughere/tests/unit/tests/feed/rss2.php" line="304" assertions="3" time="0.164748"/>
        <testcase name="test_valid_taxonomy_feed_endpoint" class="Tests_Feeds_RSS2" classname="Tests_Feeds_RSS2" file="/var/www/html/test/wordpress_test/inpsyde_test/test/wp-content/plugins/plugintestslughere/tests/unit/tests/feed/rss2.php" line="332" assertions="5" time="0.153732"/>
        <testcase name="test_valid_main_comment_feed_endpoint" class="Tests_Feeds_RSS2" classname="Tests_Feeds_RSS2" file="/var/www/html/test/wordpress_test/inpsyde_test/test/wp-content/plugins/plugintestslughere/tests/unit/tests/feed/rss2.php" line="360" assertions="4" time="0.286706"/>
        <testcase name="test_valid_archive_feed_endpoint" class="Tests_Feeds_RSS2" classname="Tests_Feeds_RSS2" file="/var/www/html/test/wordpress_test/inpsyde_test/test/wp-content/plugins/plugintestslughere/tests/unit/tests/feed/rss2.php" line="393" assertions="6" time="0.186286"/>
        <testcase name="test_valid_single_post_comment_feed_endpoint" class="Tests_Feeds_RSS2" classname="Tests_Feeds_RSS2" file="/var/www/html/test/wordpress_test/inpsyde_test/test/wp-content/plugins/plugintestslughere/tests/unit/tests/feed/rss2.php" line="421" assertions="6" time="0.197939"/>
        <testcase name="test_valid_search_feed_endpoint" class="Tests_Feeds_RSS2" classname="Tests_Feeds_RSS2" file="/var/www/html/test/wordpress_test/inpsyde_test/test/wp-content/plugins/plugintestslughere/tests/unit/tests/feed/rss2.php" line="449" assertions="4" time="0.165141"/>
        <testsuite name="Tests_Feeds_RSS2::test_get_feed_build_date" tests="2" assertions="2" errors="0" failures="0" skipped="0" time="0.450512">
          <testcase name="test_get_feed_build_date with data set #0" class="Tests_Feeds_RSS2" classname="Tests_Feeds_RSS2" file="/var/www/html/test/wordpress_test/inpsyde_test/test/wp-content/plugins/plugintestslughere/tests/unit/tests/feed/rss2.php" line="478" assertions="1" time="0.253364"/>
          <testcase name="test_get_feed_build_date with data set #1" class="Tests_Feeds_RSS2" classname="Tests_Feeds_RSS2" file="/var/www/html/test/wordpress_test/inpsyde_test/test/wp-content/plugins/plugintestslughere/tests/unit/tests/feed/rss2.php" line="478" assertions="1" time="0.197148"/>
        </testsuite>
      </testsuite>
      <testsuite name="Tests_File" file="/var/www/html/test/wordpress_test/inpsyde_test/test/wp-content/plugins/plugintestslughere/tests/unit/tests/file.php" tests="16" assertions="32" errors="0" failures="0" skipped="0" time="0.414127">
        <testcase name="test_get_file_data" class="Tests_File" classname="Tests_File" file="/var/www/html/test/wordpress_test/inpsyde_test/test/wp-content/plugins/plugintestslughere/tests/unit/tests/file.php" line="20" assertions="6" time="0.022574"/>
        <testcase name="test_get_file_data_cr_line_endings" class="Tests_File" classname="Tests_File" file="/var/www/html/test/wordpress_test/inpsyde_test/test/wp-content/plugins/plugintestslughere/tests/unit/tests/file.php" line="50" assertions="3" time="0.061924"/>
        <testcase name="test_unique_filename_is_valid" class="Tests_File" classname="Tests_File" file="/var/www/html/test/wordpress_test/inpsyde_test/test/wp-content/plugins/plugintestslughere/tests/unit/tests/file.php" line="91" assertions="1" time="0.024694"/>
        <testcase name="test_unique_filename_is_unique" class="Tests_File" classname="Tests_File" file="/var/www/html/test/wordpress_test/inpsyde_test/test/wp-content/plugins/plugintestslughere/tests/unit/tests/file.php" line="100" assertions="3" time="0.024024"/>
        <testcase name="test_unique_filename_is_sanitized" class="Tests_File" classname="Tests_File" file="/var/www/html/test/wordpress_test/inpsyde_test/test/wp-content/plugins/plugintestslughere/tests/unit/tests/file.php" line="116" assertions="2" time="0.022578"/>
        <testcase name="test_unique_filename_with_slashes" class="Tests_File" classname="Tests_File" file="/var/www/html/test/wordpress_test/inpsyde_test/test/wp-content/plugins/plugintestslughere/tests/unit/tests/file.php" line="128" assertions="2" time="0.024481"/>
        <testcase name="test_unique_filename_multiple_ext" class="Tests_File" classname="Tests_File" file="/var/www/html/test/wordpress_test/inpsyde_test/test/wp-content/plugins/plugintestslughere/tests/unit/tests/file.php" line="141" assertions="2" time="0.023003"/>
        <testcase name="test_unique_filename_no_ext" class="Tests_File" classname="Tests_File" file="/var/www/html/test/wordpress_test/inpsyde_test/test/wp-content/plugins/plugintestslughere/tests/unit/tests/file.php" line="153" assertions="2" time="0.025783"/>
        <testsuite name="Tests_File::test_wp_tempnam" tests="6" assertions="6" errors="0" failures="0" skipped="0" time="0.139120">
          <testcase name="test_wp_tempnam with data set #0" class="Tests_File" classname="Tests_File" file="/var/www/html/test/wordpress_test/inpsyde_test/test/wp-content/plugins/plugintestslughere/tests/unit/tests/file.php" line="167" assertions="1" time="0.022835"/>
          <testcase name="test_wp_tempnam with data set #1" class="Tests_File" classname="Tests_File" file="/var/www/html/test/wordpress_test/inpsyde_test/test/wp-content/plugins/plugintestslughere/tests/unit/tests/file.php" line="167" assertions="1" time="0.023790"/>
          <testcase name="test_wp_tempnam with data set #2" class="Tests_File" classname="Tests_File" file="/var/www/html/test/wordpress_test/inpsyde_test/test/wp-content/plugins/plugintestslughere/tests/unit/tests/file.php" line="167" assertions="1" time="0.023127"/>
          <testcase name="test_wp_tempnam with data set #3" class="Tests_File" classname="Tests_File" file="/var/www/html/test/wordpress_test/inpsyde_test/test/wp-content/plugins/plugintestslughere/tests/unit/tests/file.php" line="167" assertions="1" time="0.022701"/>
          <testcase name="test_wp_tempnam with data set #4" class="Tests_File" classname="Tests_File" file="/var/www/html/test/wordpress_test/inpsyde_test/test/wp-content/plugins/plugintestslughere/tests/unit/tests/file.php" line="167" assertions="1" time="0.024348"/>
          <testcase name="test_wp_tempnam with data set #5" class="Tests_File" classname="Tests_File" file="/var/www/html/test/wordpress_test/inpsyde_test/test/wp-content/plugins/plugintestslughere/tests/unit/tests/file.php" line="167" assertions="1" time="0.022319"/>
        </testsuite>
        <testcase name="test_file_signature_functions_as_expected" class="Tests_File" classname="Tests_File" file="/var/www/html/test/wordpress_test/inpsyde_test/test/wp-content/plugins/plugintestslughere/tests/unit/tests/file.php" line="187" assertions="3" time="0.024126"/>
        <testcase name="test_file_signature_expected_failure" class="Tests_File" classname="Tests_File" file="/var/www/html/test/wordpress_test/inpsyde_test/test/wp-content/plugins/plugintestslughere/tests/unit/tests/file.php" line="220" assertions="2" time="0.021820"/>
      </testsuite>
      <testsuite name="WP_Filesystem_find_folder_UnitTestCases" file="/var/www/html/test/wordpress_test/inpsyde_test/test/wp-content/plugins/plugintestslughere/tests/unit/tests/filesystem/findFolder.php" tests="5" assertions="14" errors="0" failures="0" skipped="0" time="0.189003">
        <testcase name="test_ftp_has_root_access" class="WP_Filesystem_find_folder_UnitTestCases" classname="WP_Filesystem_find_folder_UnitTestCases" file="/var/www/html/test/wordpress_test/inpsyde_test/test/wp-content/plugins/plugintestslughere/tests/unit/tests/filesystem/findFolder.php" line="11" assertions="2" time="0.074202"/>
        <testcase name="test_sibling_wordpress_in_subdir" class="WP_Filesystem_find_folder_UnitTestCases" classname="WP_Filesystem_find_folder_UnitTestCases" file="/var/www/html/test/wordpress_test/inpsyde_test/test/wp-content/plugins/plugintestslughere/tests/unit/tests/filesystem/findFolder.php" line="30" assertions="2" time="0.035407"/>
        <testcase name="test_subdir_of_another" class="WP_Filesystem_find_folder_UnitTestCases" classname="WP_Filesystem_find_folder_UnitTestCases" file="/var/www/html/test/wordpress_test/inpsyde_test/test/wp-content/plugins/plugintestslughere/tests/unit/tests/filesystem/findFolder.php" line="60" assertions="2" time="0.030688"/>
        <testcase name="test_multiple_tokens_in_path1" class="WP_Filesystem_find_folder_UnitTestCases" classname="WP_Filesystem_find_folder_UnitTestCases" file="/var/www/html/test/wordpress_test/inpsyde_test/test/wp-content/plugins/plugintestslughere/tests/unit/tests/filesystem/findFolder.php" line="87" assertions="3" time="0.025780"/>
        <testcase name="test_is_MockFS_sane" class="WP_Filesystem_find_folder_UnitTestCases" classname="WP_Filesystem_find_folder_UnitTestCases" file="/var/www/html/test/wordpress_test/inpsyde_test/test/wp-content/plugins/plugintestslughere/tests/unit/tests/filesystem/findFolder.php" line="30" assertions="5" time="0.022926"/>
      </testsuite>
      <testsuite name="Tests_Filters" file="/var/www/html/test/wordpress_test/inpsyde_test/test/wp-content/plugins/plugintestslughere/tests/unit/tests/filters.php" tests="18" assertions="69" errors="0" failures="0" skipped="0" time="0.410764">
        <testcase name="test_simple_filter" class="Tests_Filters" classname="Tests_Filters" file="/var/www/html/test/wordpress_test/inpsyde_test/test/wp-content/plugins/plugintestslughere/tests/unit/tests/filters.php" line="10" assertions="4" time="0.023552"/>
        <testcase name="test_remove_filter" class="Tests_Filters" classname="Tests_Filters" file="/var/www/html/test/wordpress_test/inpsyde_test/test/wp-content/plugins/plugintestslughere/tests/unit/tests/filters.php" line="28" assertions="6" time="0.023253"/>
        <testcase name="test_has_filter" class="Tests_Filters" classname="Tests_Filters" file="/var/www/html/test/wordpress_test/inpsyde_test/test/wp-content/plugins/plugintestslughere/tests/unit/tests/filters.php" line="48" assertions="6" time="0.023127"/>
        <testcase name="test_multiple_filters" class="Tests_Filters" classname="Tests_Filters" file="/var/www/html/test/wordpress_test/inpsyde_test/test/wp-content/plugins/plugintestslughere/tests/unit/tests/filters.php" line="63" assertions="3" time="0.022149"/>
        <testcase name="test_filter_args_1" class="Tests_Filters" classname="Tests_Filters" file="/var/www/html/test/wordpress_test/inpsyde_test/test/wp-content/plugins/plugintestslughere/tests/unit/tests/filters.php" line="80" assertions="3" time="0.022749"/>
        <testcase name="test_filter_args_2" class="Tests_Filters" classname="Tests_Filters" file="/var/www/html/test/wordpress_test/inpsyde_test/test/wp-content/plugins/plugintestslughere/tests/unit/tests/filters.php" line="95" assertions="5" time="0.023351"/>
        <testcase name="test_filter_priority" class="Tests_Filters" classname="Tests_Filters" file="/var/www/html/test/wordpress_test/inpsyde_test/test/wp-content/plugins/plugintestslughere/tests/unit/tests/filters.php" line="120" assertions="3" time="0.021621"/>
        <testcase name="test_all_filter" class="Tests_Filters" classname="Tests_Filters" file="/var/www/html/test/wordpress_test/inpsyde_test/test/wp-content/plugins/plugintestslughere/tests/unit/tests/filters.php" line="151" assertions="7" time="0.022397"/>
        <testcase name="test_remove_all_filter" class="Tests_Filters" classname="Tests_Filters" file="/var/www/html/test/wordpress_test/inpsyde_test/test/wp-content/plugins/plugintestslughere/tests/unit/tests/filters.php" line="175" assertions="10" time="0.023875"/>
        <testcase name="test_remove_all_filters_should_respect_the_priority_argument" class="Tests_Filters" classname="Tests_Filters" file="/var/www/html/test/wordpress_test/inpsyde_test/test/wp-content/plugins/plugintestslughere/tests/unit/tests/filters.php" line="202" assertions="3" time="0.022508"/>
        <testcase name="test_filter_ref_array" class="Tests_Filters" classname="Tests_Filters" file="/var/www/html/test/wordpress_test/inpsyde_test/test/wp-content/plugins/plugintestslughere/tests/unit/tests/filters.php" line="221" assertions="2" time="0.022701"/>
        <testcase name="test_filter_ref_array_result" class="Tests_Filters" classname="Tests_Filters" file="/var/www/html/test/wordpress_test/inpsyde_test/test/wp-content/plugins/plugintestslughere/tests/unit/tests/filters.php" line="240" assertions="5" time="0.022574"/>
        <testcase name="test_has_filter_after_remove_all_filters" class="Tests_Filters" classname="Tests_Filters" file="/var/www/html/test/wordpress_test/inpsyde_test/test/wp-content/plugins/plugintestslughere/tests/unit/tests/filters.php" line="275" assertions="4" time="0.023539"/>
        <testcase name="test_apply_filters_deprecated" class="Tests_Filters" classname="Tests_Filters" file="/var/www/html/test/wordpress_test/inpsyde_test/test/wp-content/plugins/plugintestslughere/tests/unit/tests/filters.php" line="302" assertions="2" time="0.024204"/>
        <testcase name="test_apply_filters_deprecated_with_multiple_params" class="Tests_Filters" classname="Tests_Filters" file="/var/www/html/test/wordpress_test/inpsyde_test/test/wp-content/plugins/plugintestslughere/tests/unit/tests/filters.php" line="321" assertions="3" time="0.020765"/>
        <testcase name="test_apply_filters_deprecated_without_filter" class="Tests_Filters" classname="Tests_Filters" file="/var/www/html/test/wordpress_test/inpsyde_test/test/wp-content/plugins/plugintestslughere/tests/unit/tests/filters.php" line="345" assertions="1" time="0.022459"/>
        <testcase name="test_current_priority" class="Tests_Filters" classname="Tests_Filters" file="/var/www/html/test/wordpress_test/inpsyde_test/test/wp-content/plugins/plugintestslughere/tests/unit/tests/filters.php" line="355" assertions="1" time="0.022979"/>
        <testcase name="test_other_priority" class="Tests_Filters" classname="Tests_Filters" file="/var/www/html/test/wordpress_test/inpsyde_test/test/wp-content/plugins/plugintestslughere/tests/unit/tests/filters.php" line="371" assertions="1" time="0.022961"/>
      </testsuite>
      <testsuite name="Tests_Formatting_Autop" file="/var/www/html/test/wordpress_test/inpsyde_test/test/wp-content/plugins/plugintestslughere/tests/unit/tests/formatting/Autop.php" tests="23" assertions="32" errors="0" failures="0" skipped="0" time="0.554325">
        <testcase name="test_first_post" class="Tests_Formatting_Autop" classname="Tests_Formatting_Autop" file="/var/www/html/test/wordpress_test/inpsyde_test/test/wp-content/plugins/plugintestslughere/tests/unit/tests/formatting/Autop.php" line="11" assertions="1" time="0.025697"/>
        <testcase name="test_skip_pre_elements" class="Tests_Formatting_Autop" classname="Tests_Formatting_Autop" file="/var/www/html/test/wordpress_test/inpsyde_test/test/wp-content/plugins/plugintestslughere/tests/unit/tests/formatting/Autop.php" line="73" assertions="3" time="0.044168"/>
        <testcase name="test_skip_input_elements" class="Tests_Formatting_Autop" classname="Tests_Formatting_Autop" file="/var/www/html/test/wordpress_test/inpsyde_test/test/wp-content/plugins/plugintestslughere/tests/unit/tests/formatting/Autop.php" line="100" assertions="1" time="0.024519"/>
        <testcase name="test_source_track_elements" class="Tests_Formatting_Autop" classname="Tests_Formatting_Autop" file="/var/www/html/test/wordpress_test/inpsyde_test/test/wp-content/plugins/plugintestslughere/tests/unit/tests/formatting/Autop.php" line="110" assertions="3" time="0.022648"/>
        <testcase name="test_param_embed_elements" class="Tests_Formatting_Autop" classname="Tests_Formatting_Autop" file="/var/www/html/test/wordpress_test/inpsyde_test/test/wp-content/plugins/plugintestslughere/tests/unit/tests/formatting/Autop.php" line="196" assertions="2" time="0.023695"/>
        <testcase name="test_skip_select_option_elements" class="Tests_Formatting_Autop" classname="Tests_Formatting_Autop" file="/var/www/html/test/wordpress_test/inpsyde_test/test/wp-content/plugins/plugintestslughere/tests/unit/tests/formatting/Autop.php" line="275" assertions="1" time="0.024235"/>
        <testcase name="test_that_wpautop_treats_block_level_elements_as_blocks" class="Tests_Formatting_Autop" classname="Tests_Formatting_Autop" file="/var/www/html/test/wordpress_test/inpsyde_test/test/wp-content/plugins/plugintestslughere/tests/unit/tests/formatting/Autop.php" line="285" assertions="4" time="0.026394"/>
        <testcase name="test_that_wpautop_does_not_wrap_blockquotes_but_does_autop_their_contents" class="Tests_Formatting_Autop" classname="Tests_Formatting_Autop" file="/var/www/html/test/wordpress_test/inpsyde_test/test/wp-content/plugins/plugintestslughere/tests/unit/tests/formatting/Autop.php" line="379" assertions="1" time="0.023479"/>
        <testcase name="test_that_wpautop_treats_inline_elements_as_inline" class="Tests_Formatting_Autop" classname="Tests_Formatting_Autop" file="/var/www/html/test/wordpress_test/inpsyde_test/test/wp-content/plugins/plugintestslughere/tests/unit/tests/formatting/Autop.php" line="391" assertions="1" time="0.022758"/>
        <testsuite name="Tests_Formatting_Autop::test_element_sanity" tests="7" assertions="7" errors="0" failures="0" skipped="0" time="0.161742">
          <testcase name="test_element_sanity with data set #0" class="Tests_Formatting_Autop" classname="Tests_Formatting_Autop" file="/var/www/html/test/wordpress_test/inpsyde_test/test/wp-content/plugins/plugintestslughere/tests/unit/tests/formatting/Autop.php" line="441" assertions="1" time="0.024773"/>
          <testcase name="test_element_sanity with data set #1" class="Tests_Formatting_Autop" classname="Tests_Formatting_Autop" file="/var/www/html/test/wordpress_test/inpsyde_test/test/wp-content/plugins/plugintestslughere/tests/unit/tests/formatting/Autop.php" line="441" assertions="1" time="0.023009"/>
          <testcase name="test_element_sanity with data set #2" class="Tests_Formatting_Autop" classname="Tests_Formatting_Autop" file="/var/www/html/test/wordpress_test/inpsyde_test/test/wp-content/plugins/plugintestslughere/tests/unit/tests/formatting/Autop.php" line="441" assertions="1" time="0.025528"/>
          <testcase name="test_element_sanity with data set #3" class="Tests_Formatting_Autop" classname="Tests_Formatting_Autop" file="/var/www/html/test/wordpress_test/inpsyde_test/test/wp-content/plugins/plugintestslughere/tests/unit/tests/formatting/Autop.php" line="441" assertions="1" time="0.022335"/>
          <testcase name="test_element_sanity with data set #4" class="Tests_Formatting_Autop" classname="Tests_Formatting_Autop" file="/var/www/html/test/wordpress_test/inpsyde_test/test/wp-content/plugins/plugintestslughere/tests/unit/tests/formatting/Autop.php" line="441" assertions="1" time="0.023818"/>
          <testcase name="test_element_sanity with data set #5" class="Tests_Formatting_Autop" classname="Tests_Formatting_Autop" file="/var/www/html/test/wordpress_test/inpsyde_test/test/wp-content/plugins/plugintestslughere/tests/unit/tests/formatting/Autop.php" line="441" assertions="1" time="0.021072"/>
          <testcase name="test_element_sanity with data set #6" class="Tests_Formatting_Autop" classname="Tests_Formatting_Autop" file="/var/www/html/test/wordpress_test/inpsyde_test/test/wp-content/plugins/plugintestslughere/tests/unit/tests/formatting/Autop.php" line="441" assertions="1" time="0.021207"/>
        </testsuite>
        <testcase name="test_that_wpautop_skips_line_breaks_after_br" class="Tests_Formatting_Autop" classname="Tests_Formatting_Autop" file="/var/www/html/test/wordpress_test/inpsyde_test/test/wp-content/plugins/plugintestslughere/tests/unit/tests/formatting/Autop.php" line="493" assertions="1" time="0.023222"/>
        <testcase name="test_that_wpautop_adds_a_paragraph_after_multiple_br" class="Tests_Formatting_Autop" classname="Tests_Formatting_Autop" file="/var/www/html/test/wordpress_test/inpsyde_test/test/wp-content/plugins/plugintestslughere/tests/unit/tests/formatting/Autop.php" line="516" assertions="1" time="0.021222"/>
        <testcase name="test_that_text_before_blocks_is_peed" class="Tests_Formatting_Autop" classname="Tests_Formatting_Autop" file="/var/www/html/test/wordpress_test/inpsyde_test/test/wp-content/plugins/plugintestslughere/tests/unit/tests/formatting/Autop.php" line="534" assertions="1" time="0.022251"/>
        <testcase name="test_that_wpautop_does_not_add_extra_closing_p_in_figure" class="Tests_Formatting_Autop" classname="Tests_Formatting_Autop" file="/var/www/html/test/wordpress_test/inpsyde_test/test/wp-content/plugins/plugintestslughere/tests/unit/tests/formatting/Autop.php" line="549" assertions="2" time="0.022817"/>
        <testcase name="test_the_hr_is_not_peed" class="Tests_Formatting_Autop" classname="Tests_Formatting_Autop" file="/var/www/html/test/wordpress_test/inpsyde_test/test/wp-content/plugins/plugintestslughere/tests/unit/tests/formatting/Autop.php" line="568" assertions="1" time="0.021663"/>
        <testcase name="test_that_wpautop_ignores_inline_svgs" class="Tests_Formatting_Autop" classname="Tests_Formatting_Autop" file="/var/www/html/test/wordpress_test/inpsyde_test/test/wp-content/plugins/plugintestslughere/tests/unit/tests/formatting/Autop.php" line="580" assertions="1" time="0.022861"/>
        <testcase name="test_that_wpautop_ignores_inline_scripts" class="Tests_Formatting_Autop" classname="Tests_Formatting_Autop" file="/var/www/html/test/wordpress_test/inpsyde_test/test/wp-content/plugins/plugintestslughere/tests/unit/tests/formatting/Autop.php" line="598" assertions="1" time="0.020954"/>
      </testsuite>
      <testsuite name="Tests_Formatting_BlogInfo" file="/var/www/html/test/wordpress_test/inpsyde_test/test/wp-content/plugins/plugintestslughere/tests/unit/tests/formatting/BlogInfo.php" tests="8" assertions="37" errors="0" failures="0" skipped="0" time="0.301292">
        <testsuite name="Tests_Formatting_BlogInfo::test_get_bloginfo_language" tests="7" assertions="7" errors="0" failures="0" skipped="0" time="0.199258">
          <testcase name="test_get_bloginfo_language with data set #0" class="Tests_Formatting_BlogInfo" classname="Tests_Formatting_BlogInfo" file="/var/www/html/test/wordpress_test/inpsyde_test/test/wp-content/plugins/plugintestslughere/tests/unit/tests/formatting/BlogInfo.php" line="12" assertions="1" time="0.033599"/>
          <testcase name="test_get_bloginfo_language with data set #1" class="Tests_Formatting_BlogInfo" classname="Tests_Formatting_BlogInfo" file="/var/www/html/test/wordpress_test/inpsyde_test/test/wp-content/plugins/plugintestslughere/tests/unit/tests/formatting/BlogInfo.php" line="12" assertions="1" time="0.033579"/>
          <testcase name="test_get_bloginfo_language with data set #2" class="Tests_Formatting_BlogInfo" classname="Tests_Formatting_BlogInfo" file="/var/www/html/test/wordpress_test/inpsyde_test/test/wp-content/plugins/plugintestslughere/tests/unit/tests/formatting/BlogInfo.php" line="12" assertions="1" time="0.025941"/>
          <testcase name="test_get_bloginfo_language with data set #3" class="Tests_Formatting_BlogInfo" classname="Tests_Formatting_BlogInfo" file="/var/www/html/test/wordpress_test/inpsyde_test/test/wp-content/plugins/plugintestslughere/tests/unit/tests/formatting/BlogInfo.php" line="12" assertions="1" time="0.029515"/>
          <testcase name="test_get_bloginfo_language with data set #4" class="Tests_Formatting_BlogInfo" classname="Tests_Formatting_BlogInfo" file="/var/www/html/test/wordpress_test/inpsyde_test/test/wp-content/plugins/plugintestslughere/tests/unit/tests/formatting/BlogInfo.php" line="12" assertions="1" time="0.025463"/>
          <testcase name="test_get_bloginfo_language with data set #5" class="Tests_Formatting_BlogInfo" classname="Tests_Formatting_BlogInfo" file="/var/www/html/test/wordpress_test/inpsyde_test/test/wp-content/plugins/plugintestslughere/tests/unit/tests/formatting/BlogInfo.php" line="12" assertions="1" time="0.025190"/>
          <testcase name="test_get_bloginfo_language with data set #6" class="Tests_Formatting_BlogInfo" classname="Tests_Formatting_BlogInfo" file="/var/www/html/test/wordpress_test/inpsyde_test/test/wp-content/plugins/plugintestslughere/tests/unit/tests/formatting/BlogInfo.php" line="12" assertions="1" time="0.025971"/>
        </testsuite>
        <testcase name="test_bloginfo_sanitize_option" class="Tests_Formatting_BlogInfo" classname="Tests_Formatting_BlogInfo" file="/var/www/html/test/wordpress_test/inpsyde_test/test/wp-content/plugins/plugintestslughere/tests/unit/tests/formatting/BlogInfo.php" line="39" assertions="30" time="0.102034"/>
      </testsuite>
      <testsuite name="Tests_Formatting_CapitalPDangit" file="/var/www/html/test/wordpress_test/inpsyde_test/test/wp-content/plugins/plugintestslughere/tests/unit/tests/formatting/CapitalPDangit.php" tests="1" assertions="7" errors="0" failures="0" skipped="0" time="0.025180">
        <testcase name="test_esc_attr_quotes" class="Tests_Formatting_CapitalPDangit" classname="Tests_Formatting_CapitalPDangit" file="/var/www/html/test/wordpress_test/inpsyde_test/test/wp-content/plugins/plugintestslughere/tests/unit/tests/formatting/CapitalPDangit.php" line="8" assertions="7" time="0.025180"/>
      </testsuite>
      <testsuite name="Tests_Formatting_CleanPre" file="/var/www/html/test/wordpress_test/inpsyde_test/test/wp-content/plugins/plugintestslughere/tests/unit/tests/formatting/CleanPre.php" tests="4" assertions="8" errors="0" failures="0" skipped="0" time="0.096052">
        <testcase name="test_removes_self_closing_br_with_space" class="Tests_Formatting_CleanPre" classname="Tests_Formatting_CleanPre" file="/var/www/html/test/wordpress_test/inpsyde_test/test/wp-content/plugins/plugintestslughere/tests/unit/tests/formatting/CleanPre.php" line="12" assertions="2" time="0.024780"/>
        <testcase name="test_removes_self_closing_br_without_space" class="Tests_Formatting_CleanPre" classname="Tests_Formatting_CleanPre" file="/var/www/html/test/wordpress_test/inpsyde_test/test/wp-content/plugins/plugintestslughere/tests/unit/tests/formatting/CleanPre.php" line="19" assertions="2" time="0.022576"/>
        <testcase name="test_removes_html_br" class="Tests_Formatting_CleanPre" classname="Tests_Formatting_CleanPre" file="/var/www/html/test/wordpress_test/inpsyde_test/test/wp-content/plugins/plugintestslughere/tests/unit/tests/formatting/CleanPre.php" line="29" assertions="2" time="0.025799"/>
        <testcase name="test_removes_p" class="Tests_Formatting_CleanPre" classname="Tests_Formatting_CleanPre" file="/var/www/html/test/wordpress_test/inpsyde_test/test/wp-content/plugins/plugintestslughere/tests/unit/tests/formatting/CleanPre.php" line="35" assertions="2" time="0.022897"/>
      </testsuite>
      <testsuite name="Tests_Formatting_ConvertInvalidEntities" file="/var/www/html/test/wordpress_test/inpsyde_test/test/wp-content/plugins/plugintestslughere/tests/unit/tests/formatting/ConvertInvalidEntries.php" tests="3" assertions="3" errors="0" failures="0" skipped="0" time="0.098975">
        <testcase name="test_replaces_windows1252_entities_with_unicode_ones" class="Tests_Formatting_ConvertInvalidEntities" classname="Tests_Formatting_ConvertInvalidEntities" file="/var/www/html/test/wordpress_test/inpsyde_test/test/wp-content/plugins/plugintestslughere/tests/unit/tests/formatting/ConvertInvalidEntries.php" line="7" assertions="1" time="0.045811"/>
        <testcase name="test_replaces_latin_letter_z_with_caron" class="Tests_Formatting_ConvertInvalidEntities" classname="Tests_Formatting_ConvertInvalidEntities" file="/var/www/html/test/wordpress_test/inpsyde_test/test/wp-content/plugins/plugintestslughere/tests/unit/tests/formatting/ConvertInvalidEntries.php" line="16" assertions="1" time="0.028214"/>
        <testcase name="test_escapes_lone_ampersands" class="Tests_Formatting_ConvertInvalidEntities" classname="Tests_Formatting_ConvertInvalidEntities" file="/var/www/html/test/wordpress_test/inpsyde_test/test/wp-content/plugins/plugintestslughere/tests/unit/tests/formatting/ConvertInvalidEntries.php" line="22" assertions="1" time="0.024950"/>
      </testsuite>
      <testsuite name="Tests_Formatting_Emoji" file="/var/www/html/test/wordpress_test/inpsyde_test/test/wp-content/plugins/plugintestslughere/tests/unit/tests/formatting/Emoji.php" tests="12" assertions="21" errors="0" failures="0" skipped="0" time="0.376570">
        <testcase name="test_unfiltered_emoji_cdns" class="Tests_Formatting_Emoji" classname="Tests_Formatting_Emoji" file="/var/www/html/test/wordpress_test/inpsyde_test/test/wp-content/plugins/plugintestslughere/tests/unit/tests/formatting/Emoji.php" line="15" assertions="2" time="0.023973"/>
        <testcase name="test_filtered_emoji_svn_cdn" class="Tests_Formatting_Emoji" classname="Tests_Formatting_Emoji" file="/var/www/html/test/wordpress_test/inpsyde_test/test/wp-content/plugins/plugintestslughere/tests/unit/tests/formatting/Emoji.php" line="29" assertions="3" time="0.023201"/>
        <testcase name="test_filtered_emoji_png_cdn" class="Tests_Formatting_Emoji" classname="Tests_Formatting_Emoji" file="/var/www/html/test/wordpress_test/inpsyde_test/test/wp-content/plugins/plugintestslughere/tests/unit/tests/formatting/Emoji.php" line="50" assertions="3" time="0.025003"/>
        <testcase name="test_wp_emoji_list_returns_data" class="Tests_Formatting_Emoji" classname="Tests_Formatting_Emoji" file="/var/www/html/test/wordpress_test/inpsyde_test/test/wp-content/plugins/plugintestslughere/tests/unit/tests/formatting/Emoji.php" line="67" assertions="5" time="0.022852"/>
        <testsuite name="Tests_Formatting_Emoji::test_wp_encode_emoji" tests="4" assertions="4" errors="0" failures="0" skipped="0" time="0.124116">
          <testcase name="test_wp_encode_emoji with data set #0" class="Tests_Formatting_Emoji" classname="Tests_Formatting_Emoji" file="/var/www/html/test/wordpress_test/inpsyde_test/test/wp-content/plugins/plugintestslughere/tests/unit/tests/formatting/Emoji.php" line="111" assertions="1" time="0.029027"/>
          <testcase name="test_wp_encode_emoji with data set #1" class="Tests_Formatting_Emoji" classname="Tests_Formatting_Emoji" file="/var/www/html/test/wordpress_test/inpsyde_test/test/wp-content/plugins/plugintestslughere/tests/unit/tests/formatting/Emoji.php" line="111" assertions="1" time="0.031118"/>
          <testcase name="test_wp_encode_emoji with data set #2" class="Tests_Formatting_Emoji" classname="Tests_Formatting_Emoji" file="/var/www/html/test/wordpress_test/inpsyde_test/test/wp-content/plugins/plugintestslughere/tests/unit/tests/formatting/Emoji.php" line="111" assertions="1" time="0.032653"/>
          <testcase name="test_wp_encode_emoji with data set #3" class="Tests_Formatting_Emoji" classname="Tests_Formatting_Emoji" file="/var/www/html/test/wordpress_test/inpsyde_test/test/wp-content/plugins/plugintestslughere/tests/unit/tests/formatting/Emoji.php" line="111" assertions="1" time="0.031318"/>
        </testsuite>
        <testsuite name="Tests_Formatting_Emoji::test_wp_staticize_emoji" tests="4" assertions="4" errors="0" failures="0" skipped="0" time="0.157426">
          <testcase name="test_wp_staticize_emoji with data set #0" class="Tests_Formatting_Emoji" classname="Tests_Formatting_Emoji" file="/var/www/html/test/wordpress_test/inpsyde_test/test/wp-content/plugins/plugintestslughere/tests/unit/tests/formatting/Emoji.php" line="146" assertions="1" time="0.029545"/>
          <testcase name="test_wp_staticize_emoji with data set #1" class="Tests_Formatting_Emoji" classname="Tests_Formatting_Emoji" file="/var/www/html/test/wordpress_test/inpsyde_test/test/wp-content/plugins/plugintestslughere/tests/unit/tests/formatting/Emoji.php" line="146" assertions="1" time="0.052312"/>
          <testcase name="test_wp_staticize_emoji with data set #2" class="Tests_Formatting_Emoji" classname="Tests_Formatting_Emoji" file="/var/www/html/test/wordpress_test/inpsyde_test/test/wp-content/plugins/plugintestslughere/tests/unit/tests/formatting/Emoji.php" line="146" assertions="1" time="0.038956"/>
          <testcase name="test_wp_staticize_emoji with data set #3" class="Tests_Formatting_Emoji" classname="Tests_Formatting_Emoji" file="/var/www/html/test/wordpress_test/inpsyde_test/test/wp-content/plugins/plugintestslughere/tests/unit/tests/formatting/Emoji.php" line="146" assertions="1" time="0.036613"/>
        </testsuite>
      </testsuite>
      <testsuite name="Tests_Formatting_EscAttr" file="/var/www/html/test/wordpress_test/inpsyde_test/test/wp-content/plugins/plugintestslughere/tests/unit/tests/formatting/EscAttr.php" tests="2" assertions="7" errors="0" failures="0" skipped="0" time="0.061736">
        <testcase name="test_esc_attr_quotes" class="Tests_Formatting_EscAttr" classname="Tests_Formatting_EscAttr" file="/var/www/html/test/wordpress_test/inpsyde_test/test/wp-content/plugins/plugintestslughere/tests/unit/tests/formatting/EscAttr.php" line="7" assertions="6" time="0.032568"/>
        <testcase name="test_esc_attr_amp" class="Tests_Formatting_EscAttr" classname="Tests_Formatting_EscAttr" file="/var/www/html/test/wordpress_test/inpsyde_test/test/wp-content/plugins/plugintestslughere/tests/unit/tests/formatting/EscAttr.php" line="28" assertions="1" time="0.029168"/>
      </testsuite>
      <testsuite name="Tests_Formatting_EscHtml" file="/var/www/html/test/wordpress_test/inpsyde_test/test/wp-content/plugins/plugintestslughere/tests/unit/tests/formatting/EscHtml.php" tests="4" assertions="6" errors="0" failures="0" skipped="0" time="0.092632">
        <testcase name="test_esc_html_basics" class="Tests_Formatting_EscHtml" classname="Tests_Formatting_EscHtml" file="/var/www/html/test/wordpress_test/inpsyde_test/test/wp-content/plugins/plugintestslughere/tests/unit/tests/formatting/EscHtml.php" line="7" assertions="3" time="0.022846"/>
        <testcase name="test_escapes_ampersands" class="Tests_Formatting_EscHtml" classname="Tests_Formatting_EscHtml" file="/var/www/html/test/wordpress_test/inpsyde_test/test/wp-content/plugins/plugintestslughere/tests/unit/tests/formatting/EscHtml.php" line="23" assertions="1" time="0.023453"/>
        <testcase name="test_escapes_greater_and_less_than" class="Tests_Formatting_EscHtml" classname="Tests_Formatting_EscHtml" file="/var/www/html/test/wordpress_test/inpsyde_test/test/wp-content/plugins/plugintestslughere/tests/unit/tests/formatting/EscHtml.php" line="29" assertions="1" time="0.022827"/>
        <testcase name="test_ignores_existing_entities" class="Tests_Formatting_EscHtml" classname="Tests_Formatting_EscHtml" file="/var/www/html/test/wordpress_test/inpsyde_test/test/wp-content/plugins/plugintestslughere/tests/unit/tests/formatting/EscHtml.php" line="35" assertions="1" time="0.023506"/>
      </testsuite>
      <testsuite name="Tests_Formatting_EscTextarea" file="/var/www/html/test/wordpress_test/inpsyde_test/test/wp-content/plugins/plugintestslughere/tests/unit/tests/formatting/EscTextarea.php" tests="2" assertions="2" errors="0" failures="0" skipped="0" time="0.045292">
        <testcase name="test_esc_textarea_charset_iso_8859_1" class="Tests_Formatting_EscTextarea" classname="Tests_Formatting_EscTextarea" file="/var/www/html/test/wordpress_test/inpsyde_test/test/wp-content/plugins/plugintestslughere/tests/unit/tests/formatting/EscTextarea.php" line="16" assertions="1" time="0.023150"/>
        <testcase name="test_esc_textarea_charset_utf_8" class="Tests_Formatting_EscTextarea" classname="Tests_Formatting_EscTextarea" file="/var/www/html/test/wordpress_test/inpsyde_test/test/wp-content/plugins/plugintestslughere/tests/unit/tests/formatting/EscTextarea.php" line="30" assertions="1" time="0.022142"/>
      </testsuite>
      <testsuite name="Tests_Formatting_EscUrl" file="/var/www/html/test/wordpress_test/inpsyde_test/test/wp-content/plugins/plugintestslughere/tests/unit/tests/formatting/EscUrl.php" tests="19" assertions="122" errors="0" failures="0" skipped="0" time="0.451054">
        <testcase name="test_spaces" class="Tests_Formatting_EscUrl" classname="Tests_Formatting_EscUrl" file="/var/www/html/test/wordpress_test/inpsyde_test/test/wp-content/plugins/plugintestslughere/tests/unit/tests/formatting/EscUrl.php" line="11" assertions="7" time="0.023707"/>
        <testcase name="test_bad_characters" class="Tests_Formatting_EscUrl" classname="Tests_Formatting_EscUrl" file="/var/www/html/test/wordpress_test/inpsyde_test/test/wp-content/plugins/plugintestslughere/tests/unit/tests/formatting/EscUrl.php" line="22" assertions="10" time="0.024025"/>
        <testcase name="test_relative" class="Tests_Formatting_EscUrl" classname="Tests_Formatting_EscUrl" file="/var/www/html/test/wordpress_test/inpsyde_test/test/wp-content/plugins/plugintestslughere/tests/unit/tests/formatting/EscUrl.php" line="36" assertions="4" time="0.022207"/>
        <testcase name="test_all_url_parts" class="Tests_Formatting_EscUrl" classname="Tests_Formatting_EscUrl" file="/var/www/html/test/wordpress_test/inpsyde_test/test/wp-content/plugins/plugintestslughere/tests/unit/tests/formatting/EscUrl.php" line="43" assertions="3" time="0.022995"/>
        <testcase name="test_bare" class="Tests_Formatting_EscUrl" classname="Tests_Formatting_EscUrl" file="/var/www/html/test/wordpress_test/inpsyde_test/test/wp-content/plugins/plugintestslughere/tests/unit/tests/formatting/EscUrl.php" line="63" assertions="5" time="0.024034"/>
        <testcase name="test_encoding" class="Tests_Formatting_EscUrl" classname="Tests_Formatting_EscUrl" file="/var/www/html/test/wordpress_test/inpsyde_test/test/wp-content/plugins/plugintestslughere/tests/unit/tests/formatting/EscUrl.php" line="71" assertions="7" time="0.022241"/>
        <testcase name="test_protocol" class="Tests_Formatting_EscUrl" classname="Tests_Formatting_EscUrl" file="/var/www/html/test/wordpress_test/inpsyde_test/test/wp-content/plugins/plugintestslughere/tests/unit/tests/formatting/EscUrl.php" line="84" assertions="53" time="0.029158"/>
        <testcase name="test_protocol_case" class="Tests_Formatting_EscUrl" classname="Tests_Formatting_EscUrl" file="/var/www/html/test/wordpress_test/inpsyde_test/test/wp-content/plugins/plugintestslughere/tests/unit/tests/formatting/EscUrl.php" line="149" assertions="2" time="0.023001"/>
        <testcase name="test_display_extras" class="Tests_Formatting_EscUrl" classname="Tests_Formatting_EscUrl" file="/var/www/html/test/wordpress_test/inpsyde_test/test/wp-content/plugins/plugintestslughere/tests/unit/tests/formatting/EscUrl.php" line="154" assertions="2" time="0.023162"/>
        <testcase name="test_non_ascii" class="Tests_Formatting_EscUrl" classname="Tests_Formatting_EscUrl" file="/var/www/html/test/wordpress_test/inpsyde_test/test/wp-content/plugins/plugintestslughere/tests/unit/tests/formatting/EscUrl.php" line="159" assertions="3" time="0.022825"/>
        <testcase name="test_feed" class="Tests_Formatting_EscUrl" classname="Tests_Formatting_EscUrl" file="/var/www/html/test/wordpress_test/inpsyde_test/test/wp-content/plugins/plugintestslughere/tests/unit/tests/formatting/EscUrl.php" line="165" assertions="5" time="0.025391"/>
        <testcase name="test_square_brackets" class="Tests_Formatting_EscUrl" classname="Tests_Formatting_EscUrl" file="/var/www/html/test/wordpress_test/inpsyde_test/test/wp-content/plugins/plugintestslughere/tests/unit/tests/formatting/EscUrl.php" line="176" assertions="9" time="0.024318"/>
        <testcase name="test_reserved_characters" class="Tests_Formatting_EscUrl" classname="Tests_Formatting_EscUrl" file="/var/www/html/test/wordpress_test/inpsyde_test/test/wp-content/plugins/plugintestslughere/tests/unit/tests/formatting/EscUrl.php" line="191" assertions="1" time="0.024557"/>
        <testcase name="test_protocol_relative_with_colon" class="Tests_Formatting_EscUrl" classname="Tests_Formatting_EscUrl" file="/var/www/html/test/wordpress_test/inpsyde_test/test/wp-content/plugins/plugintestslughere/tests/unit/tests/formatting/EscUrl.php" line="199" assertions="1" time="0.022807"/>
        <testcase name="test_mailto_with_newline" class="Tests_Formatting_EscUrl" classname="Tests_Formatting_EscUrl" file="/var/www/html/test/wordpress_test/inpsyde_test/test/wp-content/plugins/plugintestslughere/tests/unit/tests/formatting/EscUrl.php" line="206" assertions="1" time="0.024503"/>
        <testcase name="test_mailto_in_http_url_with_newline" class="Tests_Formatting_EscUrl" classname="Tests_Formatting_EscUrl" file="/var/www/html/test/wordpress_test/inpsyde_test/test/wp-content/plugins/plugintestslughere/tests/unit/tests/formatting/EscUrl.php" line="221" assertions="1" time="0.023227"/>
        <testcase name="test_mailto_with_spaces" class="Tests_Formatting_EscUrl" classname="Tests_Formatting_EscUrl" file="/var/www/html/test/wordpress_test/inpsyde_test/test/wp-content/plugins/plugintestslughere/tests/unit/tests/formatting/EscUrl.php" line="236" assertions="1" time="0.023170"/>
        <testcase name="test_invalid_charaters" class="Tests_Formatting_EscUrl" classname="Tests_Formatting_EscUrl" file="/var/www/html/test/wordpress_test/inpsyde_test/test/wp-content/plugins/plugintestslughere/tests/unit/tests/formatting/EscUrl.php" line="247" assertions="1" time="0.023157"/>
        <testcase name="test_ipv6_hosts" class="Tests_Formatting_EscUrl" classname="Tests_Formatting_EscUrl" file="/var/www/html/test/wordpress_test/inpsyde_test/test/wp-content/plugins/plugintestslughere/tests/unit/tests/formatting/EscUrl.php" line="254" assertions="6" time="0.022569"/>
      </testsuite>
      <testsuite name="Tests_Formatting_EscXml" file="/var/www/html/test/wordpress_test/inpsyde_test/test/wp-content/plugins/plugintestslughere/tests/unit/tests/formatting/EscXml.php" tests="13" assertions="13" errors="0" failures="0" skipped="0" time="0.344363">
        <testsuite name="Tests_Formatting_EscXml::test_esc_xml_basics" tests="3" assertions="3" errors="0" failures="0" skipped="0" time="0.069281">
          <testcase name="test_esc_xml_basics with data set #0" class="Tests_Formatting_EscXml" classname="Tests_Formatting_EscXml" file="/var/www/html/test/wordpress_test/inpsyde_test/test/wp-content/plugins/plugintestslughere/tests/unit/tests/formatting/EscXml.php" line="15" assertions="1" time="0.022598"/>
          <testcase name="test_esc_xml_basics with data set #1" class="Tests_Formatting_EscXml" classname="Tests_Formatting_EscXml" file="/var/www/html/test/wordpress_test/inpsyde_test/test/wp-content/plugins/plugintestslughere/tests/unit/tests/formatting/EscXml.php" line="15" assertions="1" time="0.022506"/>
          <testcase name="test_esc_xml_basics with data set #2" class="Tests_Formatting_EscXml" classname="Tests_Formatting_EscXml" file="/var/www/html/test/wordpress_test/inpsyde_test/test/wp-content/plugins/plugintestslughere/tests/unit/tests/formatting/EscXml.php" line="15" assertions="1" time="0.024177"/>
        </testsuite>
        <testcase name="test_escapes_ampersands" class="Tests_Formatting_EscXml" classname="Tests_Formatting_EscXml" file="/var/www/html/test/wordpress_test/inpsyde_test/test/wp-content/plugins/plugintestslughere/tests/unit/tests/formatting/EscXml.php" line="48" assertions="1" time="0.021828"/>
        <testcase name="test_escapes_greater_and_less_than" class="Tests_Formatting_EscXml" classname="Tests_Formatting_EscXml" file="/var/www/html/test/wordpress_test/inpsyde_test/test/wp-content/plugins/plugintestslughere/tests/unit/tests/formatting/EscXml.php" line="55" assertions="1" time="0.023477"/>
        <testcase name="test_escapes_html_named_entities" class="Tests_Formatting_EscXml" classname="Tests_Formatting_EscXml" file="/var/www/html/test/wordpress_test/inpsyde_test/test/wp-content/plugins/plugintestslughere/tests/unit/tests/formatting/EscXml.php" line="62" assertions="1" time="0.064087"/>
        <testcase name="test_ignores_existing_entities" class="Tests_Formatting_EscXml" classname="Tests_Formatting_EscXml" file="/var/www/html/test/wordpress_test/inpsyde_test/test/wp-content/plugins/plugintestslughere/tests/unit/tests/formatting/EscXml.php" line="69" assertions="1" time="0.023822"/>
        <testsuite name="Tests_Formatting_EscXml::test_ignores_cdata_sections" tests="6" assertions="6" errors="0" failures="0" skipped="0" time="0.141868">
          <testcase name="test_ignores_cdata_sections with data set #0" class="Tests_Formatting_EscXml" classname="Tests_Formatting_EscXml" file="/var/www/html/test/wordpress_test/inpsyde_test/test/wp-content/plugins/plugintestslughere/tests/unit/tests/formatting/EscXml.php" line="85" assertions="1" time="0.023180"/>
          <testcase name="test_ignores_cdata_sections with data set #1" class="Tests_Formatting_EscXml" classname="Tests_Formatting_EscXml" file="/var/www/html/test/wordpress_test/inpsyde_test/test/wp-content/plugins/plugintestslughere/tests/unit/tests/formatting/EscXml.php" line="85" assertions="1" time="0.022646"/>
          <testcase name="test_ignores_cdata_sections with data set #2" class="Tests_Formatting_EscXml" classname="Tests_Formatting_EscXml" file="/var/www/html/test/wordpress_test/inpsyde_test/test/wp-content/plugins/plugintestslughere/tests/unit/tests/formatting/EscXml.php" line="85" assertions="1" time="0.022995"/>
          <testcase name="test_ignores_cdata_sections with data set #3" class="Tests_Formatting_EscXml" classname="Tests_Formatting_EscXml" file="/var/www/html/test/wordpress_test/inpsyde_test/test/wp-content/plugins/plugintestslughere/tests/unit/tests/formatting/EscXml.php" line="85" assertions="1" time="0.022434"/>
          <testcase name="test_ignores_cdata_sections with data set #4" class="Tests_Formatting_EscXml" classname="Tests_Formatting_EscXml" file="/var/www/html/test/wordpress_test/inpsyde_test/test/wp-content/plugins/plugintestslughere/tests/unit/tests/formatting/EscXml.php" line="85" assertions="1" time="0.026276"/>
          <testcase name="test_ignores_cdata_sections with data set #5" class="Tests_Formatting_EscXml" classname="Tests_Formatting_EscXml" file="/var/www/html/test/wordpress_test/inpsyde_test/test/wp-content/plugins/plugintestslughere/tests/unit/tests/formatting/EscXml.php" line="85" assertions="1" time="0.024337"/>
        </testsuite>
      </testsuite>
      <testsuite name="Tests_Formatting_ExcerptRemoveBlocks" file="/var/www/html/test/wordpress_test/inpsyde_test/test/wp-content/plugins/plugintestslughere/tests/unit/tests/formatting/ExcerptRemoveBlocks.php" tests="2" assertions="3" errors="0" failures="0" skipped="0" time="0.218447">
        <testcase name="test_excerpt_remove_blocks" class="Tests_Formatting_ExcerptRemoveBlocks" classname="Tests_Formatting_ExcerptRemoveBlocks" file="/var/www/html/test/wordpress_test/inpsyde_test/test/wp-content/plugins/plugintestslughere/tests/unit/tests/formatting/ExcerptRemoveBlocks.php" line="95" assertions="2" time="0.106123"/>
        <testcase name="test_excerpt_infinite_loop" class="Tests_Formatting_ExcerptRemoveBlocks" classname="Tests_Formatting_ExcerptRemoveBlocks" file="/var/www/html/test/wordpress_test/inpsyde_test/test/wp-content/plugins/plugintestslughere/tests/unit/tests/formatting/ExcerptRemoveBlocks.php" line="120" assertions="1" time="0.112324"/>
      </testsuite>
      <testsuite name="Tests_Formatting_GetUrlInContent" file="/var/www/html/test/wordpress_test/inpsyde_test/test/wp-content/plugins/plugintestslughere/tests/unit/tests/formatting/GetUrlInContent.php" tests="6" assertions="6" errors="0" failures="0" skipped="0" time="0.138387">
        <testsuite name="Tests_Formatting_GetUrlInContent::test_get_url_in_content" tests="6" assertions="6" errors="0" failures="0" skipped="0" time="0.138387">
          <testcase name="test_get_url_in_content with data set #0" class="Tests_Formatting_GetUrlInContent" classname="Tests_Formatting_GetUrlInContent" file="/var/www/html/test/wordpress_test/inpsyde_test/test/wp-content/plugins/plugintestslughere/tests/unit/tests/formatting/GetUrlInContent.php" line="47" assertions="1" time="0.024374"/>
          <testcase name="test_get_url_in_content with data set #1" class="Tests_Formatting_GetUrlInContent" classname="Tests_Formatting_GetUrlInContent" file="/var/www/html/test/wordpress_test/inpsyde_test/test/wp-content/plugins/plugintestslughere/tests/unit/tests/formatting/GetUrlInContent.php" line="47" assertions="1" time="0.021738"/>
          <testcase name="test_get_url_in_content with data set #2" class="Tests_Formatting_GetUrlInContent" classname="Tests_Formatting_GetUrlInContent" file="/var/www/html/test/wordpress_test/inpsyde_test/test/wp-content/plugins/plugintestslughere/tests/unit/tests/formatting/GetUrlInContent.php" line="47" assertions="1" time="0.023760"/>
          <testcase name="test_get_url_in_content with data set #3" class="Tests_Formatting_GetUrlInContent" classname="Tests_Formatting_GetUrlInContent" file="/var/www/html/test/wordpress_test/inpsyde_test/test/wp-content/plugins/plugintestslughere/tests/unit/tests/formatting/GetUrlInContent.php" line="47" assertions="1" time="0.022640"/>
          <testcase name="test_get_url_in_content with data set #4" class="Tests_Formatting_GetUrlInContent" classname="Tests_Formatting_GetUrlInContent" file="/var/www/html/test/wordpress_test/inpsyde_test/test/wp-content/plugins/plugintestslughere/tests/unit/tests/formatting/GetUrlInContent.php" line="47" assertions="1" time="0.024705"/>
          <testcase name="test_get_url_in_content with data set #5" class="Tests_Formatting_GetUrlInContent" classname="Tests_Formatting_GetUrlInContent" file="/var/www/html/test/wordpress_test/inpsyde_test/test/wp-content/plugins/plugintestslughere/tests/unit/tests/formatting/GetUrlInContent.php" line="47" assertions="1" time="0.021170"/>
        </testsuite>
      </testsuite>
      <testsuite name="Tests_Formatting_HtmlExcerpt" file="/var/www/html/test/wordpress_test/inpsyde_test/test/wp-content/plugins/plugintestslughere/tests/unit/tests/formatting/HtmlExcerpt.php" tests="3" assertions="6" errors="0" failures="0" skipped="0" time="0.069684">
        <testcase name="test_simple" class="Tests_Formatting_HtmlExcerpt" classname="Tests_Formatting_HtmlExcerpt" file="/var/www/html/test/wordpress_test/inpsyde_test/test/wp-content/plugins/plugintestslughere/tests/unit/tests/formatting/HtmlExcerpt.php" line="7" assertions="1" time="0.023953"/>
        <testcase name="test_html" class="Tests_Formatting_HtmlExcerpt" classname="Tests_Formatting_HtmlExcerpt" file="/var/www/html/test/wordpress_test/inpsyde_test/test/wp-content/plugins/plugintestslughere/tests/unit/tests/formatting/HtmlExcerpt.php" line="10" assertions="1" time="0.021877"/>
        <testcase name="test_entities" class="Tests_Formatting_HtmlExcerpt" classname="Tests_Formatting_HtmlExcerpt" file="/var/www/html/test/wordpress_test/inpsyde_test/test/wp-content/plugins/plugintestslughere/tests/unit/tests/formatting/HtmlExcerpt.php" line="13" assertions="4" time="0.023854"/>
      </testsuite>
      <testsuite name="Tests_Formatting_HumanTimeDiff" file="/var/www/html/test/wordpress_test/inpsyde_test/test/wp-content/plugins/plugintestslughere/tests/unit/tests/formatting/HumanTimeDiff.php" tests="10" assertions="10" errors="0" failures="0" skipped="0" time="0.227959">
        <testsuite name="Tests_Formatting_HumanTimeDiff::test_human_time_diff" tests="10" assertions="10" errors="0" failures="0" skipped="0" time="0.227959">
          <testcase name="test_human_time_diff with data set #0" class="Tests_Formatting_HumanTimeDiff" classname="Tests_Formatting_HumanTimeDiff" file="/var/www/html/test/wordpress_test/inpsyde_test/test/wp-content/plugins/plugintestslughere/tests/unit/tests/formatting/HumanTimeDiff.php" line="14" assertions="1" time="0.023758"/>
          <testcase name="test_human_time_diff with data set #1" class="Tests_Formatting_HumanTimeDiff" classname="Tests_Formatting_HumanTimeDiff" file="/var/www/html/test/wordpress_test/inpsyde_test/test/wp-content/plugins/plugintestslughere/tests/unit/tests/formatting/HumanTimeDiff.php" line="14" assertions="1" time="0.022060"/>
          <testcase name="test_human_time_diff with data set #2" class="Tests_Formatting_HumanTimeDiff" classname="Tests_Formatting_HumanTimeDiff" file="/var/www/html/test/wordpress_test/inpsyde_test/test/wp-content/plugins/plugintestslughere/tests/unit/tests/formatting/HumanTimeDiff.php" line="14" assertions="1" time="0.022363"/>
          <testcase name="test_human_time_diff with data set #3" class="Tests_Formatting_HumanTimeDiff" classname="Tests_Formatting_HumanTimeDiff" file="/var/www/html/test/wordpress_test/inpsyde_test/test/wp-content/plugins/plugintestslughere/tests/unit/tests/formatting/HumanTimeDiff.php" line="14" assertions="1" time="0.023129"/>
          <testcase name="test_human_time_diff with data set #4" class="Tests_Formatting_HumanTimeDiff" classname="Tests_Formatting_HumanTimeDiff" file="/var/www/html/test/wordpress_test/inpsyde_test/test/wp-content/plugins/plugintestslughere/tests/unit/tests/formatting/HumanTimeDiff.php" line="14" assertions="1" time="0.022914"/>
          <testcase name="test_human_time_diff with data set #5" class="Tests_Formatting_HumanTimeDiff" classname="Tests_Formatting_HumanTimeDiff" file="/var/www/html/test/wordpress_test/inpsyde_test/test/wp-content/plugins/plugintestslughere/tests/unit/tests/formatting/HumanTimeDiff.php" line="14" assertions="1" time="0.022981"/>
          <testcase name="test_human_time_diff with data set #6" class="Tests_Formatting_HumanTimeDiff" classname="Tests_Formatting_HumanTimeDiff" file="/var/www/html/test/wordpress_test/inpsyde_test/test/wp-content/plugins/plugintestslughere/tests/unit/tests/formatting/HumanTimeDiff.php" line="14" assertions="1" time="0.022473"/>
          <testcase name="test_human_time_diff with data set #7" class="Tests_Formatting_HumanTimeDiff" classname="Tests_Formatting_HumanTimeDiff" file="/var/www/html/test/wordpress_test/inpsyde_test/test/wp-content/plugins/plugintestslughere/tests/unit/tests/formatting/HumanTimeDiff.php" line="14" assertions="1" time="0.022151"/>
          <testcase name="test_human_time_diff with data set #8" class="Tests_Formatting_HumanTimeDiff" classname="Tests_Formatting_HumanTimeDiff" file="/var/www/html/test/wordpress_test/inpsyde_test/test/wp-content/plugins/plugintestslughere/tests/unit/tests/formatting/HumanTimeDiff.php" line="14" assertions="1" time="0.023116"/>
          <testcase name="test_human_time_diff with data set #9" class="Tests_Formatting_HumanTimeDiff" classname="Tests_Formatting_HumanTimeDiff" file="/var/www/html/test/wordpress_test/inpsyde_test/test/wp-content/plugins/plugintestslughere/tests/unit/tests/formatting/HumanTimeDiff.php" line="14" assertions="1" time="0.023014"/>
        </testsuite>
      </testsuite>
      <testsuite name="Tests_Formatting_IsEmail" file="/var/www/html/test/wordpress_test/inpsyde_test/test/wp-content/plugins/plugintestslughere/tests/unit/tests/formatting/IsEmail.php" tests="2" assertions="11" errors="0" failures="0" skipped="0" time="0.045888">
        <testcase name="test_returns_the_email_address_if_it_is_valid" class="Tests_Formatting_IsEmail" classname="Tests_Formatting_IsEmail" file="/var/www/html/test/wordpress_test/inpsyde_test/test/wp-content/plugins/plugintestslughere/tests/unit/tests/formatting/IsEmail.php" line="7" assertions="5" time="0.022797"/>
        <testcase name="test_returns_false_if_given_an_invalid_email_address" class="Tests_Formatting_IsEmail" classname="Tests_Formatting_IsEmail" file="/var/www/html/test/wordpress_test/inpsyde_test/test/wp-content/plugins/plugintestslughere/tests/unit/tests/formatting/IsEmail.php" line="20" assertions="6" time="0.023091"/>
      </testsuite>
      <testsuite name="Tests_Formatting_JSEscape" file="/var/www/html/test/wordpress_test/inpsyde_test/test/wp-content/plugins/plugintestslughere/tests/unit/tests/formatting/JSEscape.php" tests="7" assertions="7" errors="0" failures="0" skipped="0" time="0.158676">
        <testcase name="test_js_escape_simple" class="Tests_Formatting_JSEscape" classname="Tests_Formatting_JSEscape" file="/var/www/html/test/wordpress_test/inpsyde_test/test/wp-content/plugins/plugintestslughere/tests/unit/tests/formatting/JSEscape.php" line="7" assertions="1" time="0.023026"/>
        <testcase name="test_js_escape_quotes" class="Tests_Formatting_JSEscape" classname="Tests_Formatting_JSEscape" file="/var/www/html/test/wordpress_test/inpsyde_test/test/wp-content/plugins/plugintestslughere/tests/unit/tests/formatting/JSEscape.php" line="12" assertions="1" time="0.023083"/>
        <testcase name="test_js_escape_backslash" class="Tests_Formatting_JSEscape" classname="Tests_Formatting_JSEscape" file="/var/www/html/test/wordpress_test/inpsyde_test/test/wp-content/plugins/plugintestslughere/tests/unit/tests/formatting/JSEscape.php" line="18" assertions="1" time="0.021716"/>
        <testcase name="test_js_escape_amp" class="Tests_Formatting_JSEscape" classname="Tests_Formatting_JSEscape" file="/var/www/html/test/wordpress_test/inpsyde_test/test/wp-content/plugins/plugintestslughere/tests/unit/tests/formatting/JSEscape.php" line="25" assertions="1" time="0.022746"/>
        <testcase name="test_js_escape_quote_entity" class="Tests_Formatting_JSEscape" classname="Tests_Formatting_JSEscape" file="/var/www/html/test/wordpress_test/inpsyde_test/test/wp-content/plugins/plugintestslughere/tests/unit/tests/formatting/JSEscape.php" line="30" assertions="1" time="0.022900"/>
        <testcase name="test_js_no_carriage_return" class="Tests_Formatting_JSEscape" classname="Tests_Formatting_JSEscape" file="/var/www/html/test/wordpress_test/inpsyde_test/test/wp-content/plugins/plugintestslughere/tests/unit/tests/formatting/JSEscape.php" line="35" assertions="1" time="0.022251"/>
        <testcase name="test_js_escape_rn" class="Tests_Formatting_JSEscape" classname="Tests_Formatting_JSEscape" file="/var/www/html/test/wordpress_test/inpsyde_test/test/wp-content/plugins/plugintestslughere/tests/unit/tests/formatting/JSEscape.php" line="41" assertions="1" time="0.022954"/>
      </testsuite>
      <testsuite name="Tests_Formatting_LikeEscape" file="/var/www/html/test/wordpress_test/inpsyde_test/test/wp-content/plugins/plugintestslughere/tests/unit/tests/formatting/LikeEscape.php" tests="1" assertions="5" errors="0" failures="0" skipped="0" time="0.037076">
        <testcase name="test_like_escape" class="Tests_Formatting_LikeEscape" classname="Tests_Formatting_LikeEscape" file="/var/www/html/test/wordpress_test/inpsyde_test/test/wp-content/plugins/plugintestslughere/tests/unit/tests/formatting/LikeEscape.php" line="11" assertions="5" time="0.037076"/>
      </testsuite>
      <testsuite name="Tests_Formatting_LinksAddTarget" file="/var/www/html/test/wordpress_test/inpsyde_test/test/wp-content/plugins/plugintestslughere/tests/unit/tests/formatting/LinksAddTarget.php" tests="13" assertions="13" errors="0" failures="0" skipped="0" time="0.310781">
        <testsuite name="Tests_Formatting_LinksAddTarget::test_normalize_whitespace" tests="13" assertions="13" errors="0" failures="0" skipped="0" time="0.310781">
          <testcase name="test_normalize_whitespace with data set #0" class="Tests_Formatting_LinksAddTarget" classname="Tests_Formatting_LinksAddTarget" file="/var/www/html/test/wordpress_test/inpsyde_test/test/wp-content/plugins/plugintestslughere/tests/unit/tests/formatting/LinksAddTarget.php" line="99" assertions="1" time="0.030258"/>
          <testcase name="test_normalize_whitespace with data set #1" class="Tests_Formatting_LinksAddTarget" classname="Tests_Formatting_LinksAddTarget" file="/var/www/html/test/wordpress_test/inpsyde_test/test/wp-content/plugins/plugintestslughere/tests/unit/tests/formatting/LinksAddTarget.php" line="99" assertions="1" time="0.027152"/>
          <testcase name="test_normalize_whitespace with data set #2" class="Tests_Formatting_LinksAddTarget" classname="Tests_Formatting_LinksAddTarget" file="/var/www/html/test/wordpress_test/inpsyde_test/test/wp-content/plugins/plugintestslughere/tests/unit/tests/formatting/LinksAddTarget.php" line="99" assertions="1" time="0.025505"/>
          <testcase name="test_normalize_whitespace with data set #3" class="Tests_Formatting_LinksAddTarget" classname="Tests_Formatting_LinksAddTarget" file="/var/www/html/test/wordpress_test/inpsyde_test/test/wp-content/plugins/plugintestslughere/tests/unit/tests/formatting/LinksAddTarget.php" line="99" assertions="1" time="0.024326"/>
          <testcase name="test_normalize_whitespace with data set #4" class="Tests_Formatting_LinksAddTarget" classname="Tests_Formatting_LinksAddTarget" file="/var/www/html/test/wordpress_test/inpsyde_test/test/wp-content/plugins/plugintestslughere/tests/unit/tests/formatting/LinksAddTarget.php" line="99" assertions="1" time="0.022804"/>
          <testcase name="test_normalize_whitespace with data set #5" class="Tests_Formatting_LinksAddTarget" classname="Tests_Formatting_LinksAddTarget" file="/var/www/html/test/wordpress_test/inpsyde_test/test/wp-content/plugins/plugintestslughere/tests/unit/tests/formatting/LinksAddTarget.php" line="99" assertions="1" time="0.023070"/>
          <testcase name="test_normalize_whitespace with data set #6" class="Tests_Formatting_LinksAddTarget" classname="Tests_Formatting_LinksAddTarget" file="/var/www/html/test/wordpress_test/inpsyde_test/test/wp-content/plugins/plugintestslughere/tests/unit/tests/formatting/LinksAddTarget.php" line="99" assertions="1" time="0.022678"/>
          <testcase name="test_normalize_whitespace with data set #7" class="Tests_Formatting_LinksAddTarget" classname="Tests_Formatting_LinksAddTarget" file="/var/www/html/test/wordpress_test/inpsyde_test/test/wp-content/plugins/plugintestslughere/tests/unit/tests/formatting/LinksAddTarget.php" line="99" assertions="1" time="0.021586"/>
          <testcase name="test_normalize_whitespace with data set #8" class="Tests_Formatting_LinksAddTarget" classname="Tests_Formatting_LinksAddTarget" file="/var/www/html/test/wordpress_test/inpsyde_test/test/wp-content/plugins/plugintestslughere/tests/unit/tests/formatting/LinksAddTarget.php" line="99" assertions="1" time="0.022449"/>
          <testcase name="test_normalize_whitespace with data set #9" class="Tests_Formatting_LinksAddTarget" classname="Tests_Formatting_LinksAddTarget" file="/var/www/html/test/wordpress_test/inpsyde_test/test/wp-content/plugins/plugintestslughere/tests/unit/tests/formatting/LinksAddTarget.php" line="99" assertions="1" time="0.022451"/>
          <testcase name="test_normalize_whitespace with data set #10" class="Tests_Formatting_LinksAddTarget" classname="Tests_Formatting_LinksAddTarget" file="/var/www/html/test/wordpress_test/inpsyde_test/test/wp-content/plugins/plugintestslughere/tests/unit/tests/formatting/LinksAddTarget.php" line="99" assertions="1" time="0.021136"/>
          <testcase name="test_normalize_whitespace with data set #11" class="Tests_Formatting_LinksAddTarget" classname="Tests_Formatting_LinksAddTarget" file="/var/www/html/test/wordpress_test/inpsyde_test/test/wp-content/plugins/plugintestslughere/tests/unit/tests/formatting/LinksAddTarget.php" line="99" assertions="1" time="0.023792"/>
          <testcase name="test_normalize_whitespace with data set #12" class="Tests_Formatting_LinksAddTarget" classname="Tests_Formatting_LinksAddTarget" file="/var/www/html/test/wordpress_test/inpsyde_test/test/wp-content/plugins/plugintestslughere/tests/unit/tests/formatting/LinksAddTarget.php" line="99" assertions="1" time="0.023574"/>
        </testsuite>
      </testsuite>
      <testsuite name="Tests_Formatting_MakeClickable" file="/var/www/html/test/wordpress_test/inpsyde_test/test/wp-content/plugins/plugintestslughere/tests/unit/tests/formatting/MakeClickable.php" tests="25" assertions="96" errors="0" failures="0" skipped="0" time="0.678260">
        <testcase name="test_mailto_xss" class="Tests_Formatting_MakeClickable" classname="Tests_Formatting_MakeClickable" file="/var/www/html/test/wordpress_test/inpsyde_test/test/wp-content/plugins/plugintestslughere/tests/unit/tests/formatting/MakeClickable.php" line="7" assertions="1" time="0.021746"/>
        <testcase name="test_valid_mailto" class="Tests_Formatting_MakeClickable" classname="Tests_Formatting_MakeClickable" file="/var/www/html/test/wordpress_test/inpsyde_test/test/wp-content/plugins/plugintestslughere/tests/unit/tests/formatting/MakeClickable.php" line="12" assertions="5" time="0.021945"/>
        <testcase name="test_invalid_mailto" class="Tests_Formatting_MakeClickable" classname="Tests_Formatting_MakeClickable" file="/var/www/html/test/wordpress_test/inpsyde_test/test/wp-content/plugins/plugintestslughere/tests/unit/tests/formatting/MakeClickable.php" line="25" assertions="6" time="0.022348"/>
        <testcase name="test_strip_trailing_with_protocol" class="Tests_Formatting_MakeClickable" classname="Tests_Formatting_MakeClickable" file="/var/www/html/test/wordpress_test/inpsyde_test/test/wp-content/plugins/plugintestslughere/tests/unit/tests/formatting/MakeClickable.php" line="43" assertions="6" time="0.023178"/>
        <testcase name="test_strip_trailing_with_protocol_nothing_afterwards" class="Tests_Formatting_MakeClickable" classname="Tests_Formatting_MakeClickable" file="/var/www/html/test/wordpress_test/inpsyde_test/test/wp-content/plugins/plugintestslughere/tests/unit/tests/formatting/MakeClickable.php" line="70" assertions="7" time="0.023871"/>
        <testcase name="test_strip_trailing_without_protocol" class="Tests_Formatting_MakeClickable" classname="Tests_Formatting_MakeClickable" file="/var/www/html/test/wordpress_test/inpsyde_test/test/wp-content/plugins/plugintestslughere/tests/unit/tests/formatting/MakeClickable.php" line="99" assertions="6" time="0.024306"/>
        <testcase name="test_strip_trailing_without_protocol_nothing_afterwards" class="Tests_Formatting_MakeClickable" classname="Tests_Formatting_MakeClickable" file="/var/www/html/test/wordpress_test/inpsyde_test/test/wp-content/plugins/plugintestslughere/tests/unit/tests/formatting/MakeClickable.php" line="126" assertions="6" time="0.023086"/>
        <testcase name="test_iri" class="Tests_Formatting_MakeClickable" classname="Tests_Formatting_MakeClickable" file="/var/www/html/test/wordpress_test/inpsyde_test/test/wp-content/plugins/plugintestslughere/tests/unit/tests/formatting/MakeClickable.php" line="152" assertions="3" time="0.024391"/>
        <testcase name="test_brackets_in_urls" class="Tests_Formatting_MakeClickable" classname="Tests_Formatting_MakeClickable" file="/var/www/html/test/wordpress_test/inpsyde_test/test/wp-content/plugins/plugintestslughere/tests/unit/tests/formatting/MakeClickable.php" line="171" assertions="10" time="0.025622"/>
        <testcase name="test_real_world_examples" class="Tests_Formatting_MakeClickable" classname="Tests_Formatting_MakeClickable" file="/var/www/html/test/wordpress_test/inpsyde_test/test/wp-content/plugins/plugintestslughere/tests/unit/tests/formatting/MakeClickable.php" line="210" assertions="4" time="0.023700"/>
        <testcase name="test_twitter_hash_bang" class="Tests_Formatting_MakeClickable" classname="Tests_Formatting_MakeClickable" file="/var/www/html/test/wordpress_test/inpsyde_test/test/wp-content/plugins/plugintestslughere/tests/unit/tests/formatting/MakeClickable.php" line="231" assertions="3" time="0.034926"/>
        <testcase name="test_wrapped_in_angles" class="Tests_Formatting_MakeClickable" classname="Tests_Formatting_MakeClickable" file="/var/www/html/test/wordpress_test/inpsyde_test/test/wp-content/plugins/plugintestslughere/tests/unit/tests/formatting/MakeClickable.php" line="247" assertions="3" time="0.023969"/>
        <testcase name="test_preceded_by_punctuation" class="Tests_Formatting_MakeClickable" classname="Tests_Formatting_MakeClickable" file="/var/www/html/test/wordpress_test/inpsyde_test/test/wp-content/plugins/plugintestslughere/tests/unit/tests/formatting/MakeClickable.php" line="263" assertions="6" time="0.023849"/>
        <testcase name="test_dont_break_attributes" class="Tests_Formatting_MakeClickable" classname="Tests_Formatting_MakeClickable" file="/var/www/html/test/wordpress_test/inpsyde_test/test/wp-content/plugins/plugintestslughere/tests/unit/tests/formatting/MakeClickable.php" line="285" assertions="6" time="0.022424"/>
        <testcase name="test_no_links_inside_pre_or_code" class="Tests_Formatting_MakeClickable" classname="Tests_Formatting_MakeClickable" file="/var/www/html/test/wordpress_test/inpsyde_test/test/wp-content/plugins/plugintestslughere/tests/unit/tests/formatting/MakeClickable.php" line="312" assertions="13" time="0.023737"/>
        <testcase name="test_click_inside_html" class="Tests_Formatting_MakeClickable" classname="Tests_Formatting_MakeClickable" file="/var/www/html/test/wordpress_test/inpsyde_test/test/wp-content/plugins/plugintestslughere/tests/unit/tests/formatting/MakeClickable.php" line="353" assertions="2" time="0.022563"/>
        <testcase name="test_no_links_within_links" class="Tests_Formatting_MakeClickable" classname="Tests_Formatting_MakeClickable" file="/var/www/html/test/wordpress_test/inpsyde_test/test/wp-content/plugins/plugintestslughere/tests/unit/tests/formatting/MakeClickable.php" line="367" assertions="1" time="0.021828"/>
        <testcase name="test_no_segfault" class="Tests_Formatting_MakeClickable" classname="Tests_Formatting_MakeClickable" file="/var/www/html/test/wordpress_test/inpsyde_test/test/wp-content/plugins/plugintestslughere/tests/unit/tests/formatting/MakeClickable.php" line="380" assertions="1" time="0.021465"/>
        <testcase name="test_line_break_in_existing_clickable_link" class="Tests_Formatting_MakeClickable" classname="Tests_Formatting_MakeClickable" file="/var/www/html/test/wordpress_test/inpsyde_test/test/wp-content/plugins/plugintestslughere/tests/unit/tests/formatting/MakeClickable.php" line="389" assertions="1" time="0.022436"/>
        <testsuite name="Tests_Formatting_MakeClickable::test_dont_link_script_and_style_tags" tests="4" assertions="4" errors="0" failures="0" skipped="0" time="0.087069">
          <testcase name="test_dont_link_script_and_style_tags with data set #0" class="Tests_Formatting_MakeClickable" classname="Tests_Formatting_MakeClickable" file="/var/www/html/test/wordpress_test/inpsyde_test/test/wp-content/plugins/plugintestslughere/tests/unit/tests/formatting/MakeClickable.php" line="399" assertions="1" time="0.021939"/>
          <testcase name="test_dont_link_script_and_style_tags with data set #1" class="Tests_Formatting_MakeClickable" classname="Tests_Formatting_MakeClickable" file="/var/www/html/test/wordpress_test/inpsyde_test/test/wp-content/plugins/plugintestslughere/tests/unit/tests/formatting/MakeClickable.php" line="399" assertions="1" time="0.021247"/>
          <testcase name="test_dont_link_script_and_style_tags with data set #2" class="Tests_Formatting_MakeClickable" classname="Tests_Formatting_MakeClickable" file="/var/www/html/test/wordpress_test/inpsyde_test/test/wp-content/plugins/plugintestslughere/tests/unit/tests/formatting/MakeClickable.php" line="399" assertions="1" time="0.021555"/>
          <testcase name="test_dont_link_script_and_style_tags with data set #3" class="Tests_Formatting_MakeClickable" classname="Tests_Formatting_MakeClickable" file="/var/www/html/test/wordpress_test/inpsyde_test/test/wp-content/plugins/plugintestslughere/tests/unit/tests/formatting/MakeClickable.php" line="399" assertions="1" time="0.022328"/>
        </testsuite>
        <testsuite name="Tests_Formatting_MakeClickable::test_add_rel_ugc_in_comments" tests="2" assertions="2" errors="0" failures="0" skipped="0" time="0.139801">
          <testcase name="test_add_rel_ugc_in_comments with data set #0" class="Tests_Formatting_MakeClickable" classname="Tests_Formatting_MakeClickable" file="/var/www/html/test/wordpress_test/inpsyde_test/test/wp-content/plugins/plugintestslughere/tests/unit/tests/formatting/MakeClickable.php" line="424" assertions="1" time="0.063430"/>
          <testcase name="test_add_rel_ugc_in_comments with data set #1" class="Tests_Formatting_MakeClickable" classname="Tests_Formatting_MakeClickable" file="/var/www/html/test/wordpress_test/inpsyde_test/test/wp-content/plugins/plugintestslughere/tests/unit/tests/formatting/MakeClickable.php" line="424" assertions="1" time="0.076371"/>
        </testsuite>
      </testsuite>
      <testsuite name="Tests_Formatting_MapDeep" file="/var/www/html/test/wordpress_test/inpsyde_test/test/wp-content/plugins/plugintestslughere/tests/unit/tests/formatting/MapDeep.php" tests="11" assertions="11" errors="0" failures="0" skipped="0" time="0.266600">
        <testcase name="test_map_deep_with_any_function_over_empty_array_should_return_empty_array" class="Tests_Formatting_MapDeep" classname="Tests_Formatting_MapDeep" file="/var/www/html/test/wordpress_test/inpsyde_test/test/wp-content/plugins/plugintestslughere/tests/unit/tests/formatting/MapDeep.php" line="9" assertions="1" time="0.034785"/>
        <testcase name="test_map_deep_should_map_each_element_of_array_one_level_deep" class="Tests_Formatting_MapDeep" classname="Tests_Formatting_MapDeep" file="/var/www/html/test/wordpress_test/inpsyde_test/test/wp-content/plugins/plugintestslughere/tests/unit/tests/formatting/MapDeep.php" line="13" assertions="1" time="0.030089"/>
        <testcase name="test_map_deep_should_map_each_element_of_array_two_levels_deep" class="Tests_Formatting_MapDeep" classname="Tests_Formatting_MapDeep" file="/var/www/html/test/wordpress_test/inpsyde_test/test/wp-content/plugins/plugintestslughere/tests/unit/tests/formatting/MapDeep.php" line="29" assertions="1" time="0.022458"/>
        <testcase name="test_map_deep_should_map_each_object_element_of_an_array" class="Tests_Formatting_MapDeep" classname="Tests_Formatting_MapDeep" file="/var/www/html/test/wordpress_test/inpsyde_test/test/wp-content/plugins/plugintestslughere/tests/unit/tests/formatting/MapDeep.php" line="49" assertions="1" time="0.021399"/>
        <testcase name="test_map_deep_should_apply_the_function_to_a_string" class="Tests_Formatting_MapDeep" classname="Tests_Formatting_MapDeep" file="/var/www/html/test/wordpress_test/inpsyde_test/test/wp-content/plugins/plugintestslughere/tests/unit/tests/formatting/MapDeep.php" line="69" assertions="1" time="0.022658"/>
        <testcase name="test_map_deep_should_apply_the_function_to_an_integer" class="Tests_Formatting_MapDeep" classname="Tests_Formatting_MapDeep" file="/var/www/html/test/wordpress_test/inpsyde_test/test/wp-content/plugins/plugintestslughere/tests/unit/tests/formatting/MapDeep.php" line="73" assertions="1" time="0.022593"/>
        <testcase name="test_map_deep_should_map_each_property_of_an_object" class="Tests_Formatting_MapDeep" classname="Tests_Formatting_MapDeep" file="/var/www/html/test/wordpress_test/inpsyde_test/test/wp-content/plugins/plugintestslughere/tests/unit/tests/formatting/MapDeep.php" line="77" assertions="1" time="0.021147"/>
        <testcase name="test_map_deep_should_map_each_array_property_of_an_object" class="Tests_Formatting_MapDeep" classname="Tests_Formatting_MapDeep" file="/var/www/html/test/wordpress_test/inpsyde_test/test/wp-content/plugins/plugintestslughere/tests/unit/tests/formatting/MapDeep.php" line="93" assertions="1" time="0.022732"/>
        <testcase name="test_map_deep_should_map_each_object_property_of_an_object" class="Tests_Formatting_MapDeep" classname="Tests_Formatting_MapDeep" file="/var/www/html/test/wordpress_test/inpsyde_test/test/wp-content/plugins/plugintestslughere/tests/unit/tests/formatting/MapDeep.php" line="113" assertions="1" time="0.023063"/>
        <testcase name="test_map_deep_should_map_object_properties_passed_by_reference" class="Tests_Formatting_MapDeep" classname="Tests_Formatting_MapDeep" file="/var/www/html/test/wordpress_test/inpsyde_test/test/wp-content/plugins/plugintestslughere/tests/unit/tests/formatting/MapDeep.php" line="136" assertions="1" time="0.023780"/>
        <testcase name="test_map_deep_should_map_array_elements_passed_by_reference" class="Tests_Formatting_MapDeep" classname="Tests_Formatting_MapDeep" file="/var/www/html/test/wordpress_test/inpsyde_test/test/wp-content/plugins/plugintestslughere/tests/unit/tests/formatting/MapDeep.php" line="154" assertions="1" time="0.021896"/>
      </testsuite>
      <testsuite name="Tests_Formatting_NormalizeWhitespace" file="/var/www/html/test/wordpress_test/inpsyde_test/test/wp-content/plugins/plugintestslughere/tests/unit/tests/formatting/NormalizeWhitespace.php" tests="7" assertions="7" errors="0" failures="0" skipped="0" time="0.160197">
        <testsuite name="Tests_Formatting_NormalizeWhitespace::test_normalize_whitespace" tests="7" assertions="7" errors="0" failures="0" skipped="0" time="0.160197">
          <testcase name="test_normalize_whitespace with data set #0" class="Tests_Formatting_NormalizeWhitespace" classname="Tests_Formatting_NormalizeWhitespace" file="/var/www/html/test/wordpress_test/inpsyde_test/test/wp-content/plugins/plugintestslughere/tests/unit/tests/formatting/NormalizeWhitespace.php" line="49" assertions="1" time="0.020637"/>
          <testcase name="test_normalize_whitespace with data set #1" class="Tests_Formatting_NormalizeWhitespace" classname="Tests_Formatting_NormalizeWhitespace" file="/var/www/html/test/wordpress_test/inpsyde_test/test/wp-content/plugins/plugintestslughere/tests/unit/tests/formatting/NormalizeWhitespace.php" line="49" assertions="1" time="0.022326"/>
          <testcase name="test_normalize_whitespace with data set #2" class="Tests_Formatting_NormalizeWhitespace" classname="Tests_Formatting_NormalizeWhitespace" file="/var/www/html/test/wordpress_test/inpsyde_test/test/wp-content/plugins/plugintestslughere/tests/unit/tests/formatting/NormalizeWhitespace.php" line="49" assertions="1" time="0.024047"/>
          <testcase name="test_normalize_whitespace with data set #3" class="Tests_Formatting_NormalizeWhitespace" classname="Tests_Formatting_NormalizeWhitespace" file="/var/www/html/test/wordpress_test/inpsyde_test/test/wp-content/plugins/plugintestslughere/tests/unit/tests/formatting/NormalizeWhitespace.php" line="49" assertions="1" time="0.022520"/>
          <testcase name="test_normalize_whitespace with data set #4" class="Tests_Formatting_NormalizeWhitespace" classname="Tests_Formatting_NormalizeWhitespace" file="/var/www/html/test/wordpress_test/inpsyde_test/test/wp-content/plugins/plugintestslughere/tests/unit/tests/formatting/NormalizeWhitespace.php" line="49" assertions="1" time="0.023299"/>
          <testcase name="test_normalize_whitespace with data set #5" class="Tests_Formatting_NormalizeWhitespace" classname="Tests_Formatting_NormalizeWhitespace" file="/var/www/html/test/wordpress_test/inpsyde_test/test/wp-content/plugins/plugintestslughere/tests/unit/tests/formatting/NormalizeWhitespace.php" line="49" assertions="1" time="0.023852"/>
          <testcase name="test_normalize_whitespace with data set #6" class="Tests_Formatting_NormalizeWhitespace" classname="Tests_Formatting_NormalizeWhitespace" file="/var/www/html/test/wordpress_test/inpsyde_test/test/wp-content/plugins/plugintestslughere/tests/unit/tests/formatting/NormalizeWhitespace.php" line="49" assertions="1" time="0.023516"/>
        </testsuite>
      </testsuite>
      <testsuite name="Tests_Formatting_RemoveAccents" file="/var/www/html/test/wordpress_test/inpsyde_test/test/wp-content/plugins/plugintestslughere/tests/unit/tests/formatting/RemoveAccents.php" tests="12" assertions="24" errors="0" failures="0" skipped="0" time="0.304366">
        <testcase name="test_remove_accents_simple" class="Tests_Formatting_RemoveAccents" classname="Tests_Formatting_RemoveAccents" file="/var/www/html/test/wordpress_test/inpsyde_test/test/wp-content/plugins/plugintestslughere/tests/unit/tests/formatting/RemoveAccents.php" line="7" assertions="1" time="0.022456"/>
        <testcase name="test_remove_accents_latin1_supplement" class="Tests_Formatting_RemoveAccents" classname="Tests_Formatting_RemoveAccents" file="/var/www/html/test/wordpress_test/inpsyde_test/test/wp-content/plugins/plugintestslughere/tests/unit/tests/formatting/RemoveAccents.php" line="14" assertions="1" time="0.022264"/>
        <testcase name="test_remove_accents_latin_extended_a" class="Tests_Formatting_RemoveAccents" classname="Tests_Formatting_RemoveAccents" file="/var/www/html/test/wordpress_test/inpsyde_test/test/wp-content/plugins/plugintestslughere/tests/unit/tests/formatting/RemoveAccents.php" line="21" assertions="1" time="0.024929"/>
        <testcase name="test_remove_accents_latin_extended_b" class="Tests_Formatting_RemoveAccents" classname="Tests_Formatting_RemoveAccents" file="/var/www/html/test/wordpress_test/inpsyde_test/test/wp-content/plugins/plugintestslughere/tests/unit/tests/formatting/RemoveAccents.php" line="28" assertions="1" time="0.022999"/>
        <testcase name="test_remove_accents_euro_pound_signs" class="Tests_Formatting_RemoveAccents" classname="Tests_Formatting_RemoveAccents" file="/var/www/html/test/wordpress_test/inpsyde_test/test/wp-content/plugins/plugintestslughere/tests/unit/tests/formatting/RemoveAccents.php" line="32" assertions="2" time="0.023081"/>
        <testcase name="test_remove_accents_iso8859" class="Tests_Formatting_RemoveAccents" classname="Tests_Formatting_RemoveAccents" file="/var/www/html/test/wordpress_test/inpsyde_test/test/wp-content/plugins/plugintestslughere/tests/unit/tests/formatting/RemoveAccents.php" line="37" assertions="1" time="0.032679"/>
        <testcase name="test_remove_accents_vowels_diacritic" class="Tests_Formatting_RemoveAccents" classname="Tests_Formatting_RemoveAccents" file="/var/www/html/test/wordpress_test/inpsyde_test/test/wp-content/plugins/plugintestslughere/tests/unit/tests/formatting/RemoveAccents.php" line="50" assertions="6" time="0.027489"/>
        <testcase name="test_remove_accents_hanyu_pinyin" class="Tests_Formatting_RemoveAccents" classname="Tests_Formatting_RemoveAccents" file="/var/www/html/test/wordpress_test/inpsyde_test/test/wp-content/plugins/plugintestslughere/tests/unit/tests/formatting/RemoveAccents.php" line="69" assertions="5" time="0.026094"/>
        <testcase name="test_remove_accents_germanic_umlauts" class="Tests_Formatting_RemoveAccents" classname="Tests_Formatting_RemoveAccents" file="/var/www/html/test/wordpress_test/inpsyde_test/test/wp-content/plugins/plugintestslughere/tests/unit/tests/formatting/RemoveAccents.php" line="90" assertions="1" time="0.025328"/>
        <testcase name="test_remove_danish_accents" class="Tests_Formatting_RemoveAccents" classname="Tests_Formatting_RemoveAccents" file="/var/www/html/test/wordpress_test/inpsyde_test/test/wp-content/plugins/plugintestslughere/tests/unit/tests/formatting/RemoveAccents.php" line="105" assertions="1" time="0.028087"/>
        <testcase name="test_remove_catalan_middot" class="Tests_Formatting_RemoveAccents" classname="Tests_Formatting_RemoveAccents" file="/var/www/html/test/wordpress_test/inpsyde_test/test/wp-content/plugins/plugintestslughere/tests/unit/tests/formatting/RemoveAccents.php" line="120" assertions="2" time="0.024031"/>
        <testcase name="test_transcribe_serbian_crossed_d" class="Tests_Formatting_RemoveAccents" classname="Tests_Formatting_RemoveAccents" file="/var/www/html/test/wordpress_test/inpsyde_test/test/wp-content/plugins/plugintestslughere/tests/unit/tests/formatting/RemoveAccents.php" line="137" assertions="2" time="0.024929"/>
      </testsuite>
      <testsuite name="Tests_Formatting_SanitizeFileName" file="/var/www/html/test/wordpress_test/inpsyde_test/test/wp-content/plugins/plugintestslughere/tests/unit/tests/formatting/SanitizeFileName.php" tests="14" assertions="19" errors="0" failures="0" skipped="0" time="0.347269">
        <testcase name="test_munges_extensions" class="Tests_Formatting_SanitizeFileName" classname="Tests_Formatting_SanitizeFileName" file="/var/www/html/test/wordpress_test/inpsyde_test/test/wp-content/plugins/plugintestslughere/tests/unit/tests/formatting/SanitizeFileName.php" line="7" assertions="1" time="0.023435"/>
        <testcase name="test_removes_special_chars" class="Tests_Formatting_SanitizeFileName" classname="Tests_Formatting_SanitizeFileName" file="/var/www/html/test/wordpress_test/inpsyde_test/test/wp-content/plugins/plugintestslughere/tests/unit/tests/formatting/SanitizeFileName.php" line="13" assertions="1" time="0.023191"/>
        <testcase name="test_removes_accents" class="Tests_Formatting_SanitizeFileName" classname="Tests_Formatting_SanitizeFileName" file="/var/www/html/test/wordpress_test/inpsyde_test/test/wp-content/plugins/plugintestslughere/tests/unit/tests/formatting/SanitizeFileName.php" line="26" assertions="1" time="0.023989"/>
        <testcase name="test_replaces_spaces" class="Tests_Formatting_SanitizeFileName" classname="Tests_Formatting_SanitizeFileName" file="/var/www/html/test/wordpress_test/inpsyde_test/test/wp-content/plugins/plugintestslughere/tests/unit/tests/formatting/SanitizeFileName.php" line="37" assertions="4" time="0.023930"/>
        <testcase name="test_replaces_any_number_of_hyphens_with_one_hyphen" class="Tests_Formatting_SanitizeFileName" classname="Tests_Formatting_SanitizeFileName" file="/var/www/html/test/wordpress_test/inpsyde_test/test/wp-content/plugins/plugintestslughere/tests/unit/tests/formatting/SanitizeFileName.php" line="50" assertions="1" time="0.023597"/>
        <testcase name="test_trims_trailing_hyphens" class="Tests_Formatting_SanitizeFileName" classname="Tests_Formatting_SanitizeFileName" file="/var/www/html/test/wordpress_test/inpsyde_test/test/wp-content/plugins/plugintestslughere/tests/unit/tests/formatting/SanitizeFileName.php" line="54" assertions="1" time="0.024944"/>
        <testcase name="test_replaces_any_amount_of_whitespace_with_one_hyphen" class="Tests_Formatting_SanitizeFileName" classname="Tests_Formatting_SanitizeFileName" file="/var/www/html/test/wordpress_test/inpsyde_test/test/wp-content/plugins/plugintestslughere/tests/unit/tests/formatting/SanitizeFileName.php" line="58" assertions="2" time="0.023778"/>
        <testcase name="test_replaces_percent_sign" class="Tests_Formatting_SanitizeFileName" classname="Tests_Formatting_SanitizeFileName" file="/var/www/html/test/wordpress_test/inpsyde_test/test/wp-content/plugins/plugintestslughere/tests/unit/tests/formatting/SanitizeFileName.php" line="66" assertions="1" time="0.025358"/>
        <testcase name="test_replaces_unnamed_file_extensions" class="Tests_Formatting_SanitizeFileName" classname="Tests_Formatting_SanitizeFileName" file="/var/www/html/test/wordpress_test/inpsyde_test/test/wp-content/plugins/plugintestslughere/tests/unit/tests/formatting/SanitizeFileName.php" line="70" assertions="2" time="0.025750"/>
        <testcase name="test_replaces_unnamed_file_extensionless" class="Tests_Formatting_SanitizeFileName" classname="Tests_Formatting_SanitizeFileName" file="/var/www/html/test/wordpress_test/inpsyde_test/test/wp-content/plugins/plugintestslughere/tests/unit/tests/formatting/SanitizeFileName.php" line="76" assertions="1" time="0.025184"/>
        <testsuite name="Tests_Formatting_SanitizeFileName::test_replaces_invalid_utf8_characters" tests="4" assertions="4" errors="0" failures="0" skipped="0" time="0.104113">
          <testcase name="test_replaces_invalid_utf8_characters with data set #0" class="Tests_Formatting_SanitizeFileName" classname="Tests_Formatting_SanitizeFileName" file="/var/www/html/test/wordpress_test/inpsyde_test/test/wp-content/plugins/plugintestslughere/tests/unit/tests/formatting/SanitizeFileName.php" line="84" assertions="1" time="0.024674"/>
          <testcase name="test_replaces_invalid_utf8_characters with data set #1" class="Tests_Formatting_SanitizeFileName" classname="Tests_Formatting_SanitizeFileName" file="/var/www/html/test/wordpress_test/inpsyde_test/test/wp-content/plugins/plugintestslughere/tests/unit/tests/formatting/SanitizeFileName.php" line="84" assertions="1" time="0.025403"/>
          <testcase name="test_replaces_invalid_utf8_characters with data set #2" class="Tests_Formatting_SanitizeFileName" classname="Tests_Formatting_SanitizeFileName" file="/var/www/html/test/wordpress_test/inpsyde_test/test/wp-content/plugins/plugintestslughere/tests/unit/tests/formatting/SanitizeFileName.php" line="84" assertions="1" time="0.026204"/>
          <testcase name="test_replaces_invalid_utf8_characters with data set #3" class="Tests_Formatting_SanitizeFileName" classname="Tests_Formatting_SanitizeFileName" file="/var/www/html/test/wordpress_test/inpsyde_test/test/wp-content/plugins/plugintestslughere/tests/unit/tests/formatting/SanitizeFileName.php" line="84" assertions="1" time="0.027832"/>
        </testsuite>
      </testsuite>
      <testsuite name="Tests_Formatting_SanitizeMimeType" file="/var/www/html/test/wordpress_test/inpsyde_test/test/wp-content/plugins/plugintestslughere/tests/unit/tests/formatting/SanitizeMimeType.php" tests="1" assertions="22" errors="0" failures="0" skipped="0" time="0.030024">
        <testcase name="test_sanitize_valid_mime_type" class="Tests_Formatting_SanitizeMimeType" classname="Tests_Formatting_SanitizeMimeType" file="/var/www/html/test/wordpress_test/inpsyde_test/test/wp-content/plugins/plugintestslughere/tests/unit/tests/formatting/SanitizeMimeType.php" line="11" assertions="22" time="0.030024"/>
      </testsuite>
      <testsuite name="Tests_Formatting_SanitizeOrderby" file="/var/www/html/test/wordpress_test/inpsyde_test/test/wp-content/plugins/plugintestslughere/tests/unit/tests/formatting/SanitizeOrderby.php" tests="26" assertions="26" errors="0" failures="0" skipped="0" time="0.648969">
        <testsuite name="Tests_Formatting_SanitizeOrderby::test_valid" tests="15" assertions="15" errors="0" failures="0" skipped="0" time="0.358540">
          <testcase name="test_valid with data set #0" class="Tests_Formatting_SanitizeOrderby" classname="Tests_Formatting_SanitizeOrderby" file="/var/www/html/test/wordpress_test/inpsyde_test/test/wp-content/plugins/plugintestslughere/tests/unit/tests/formatting/SanitizeOrderby.php" line="12" assertions="1" time="0.024301"/>
          <testcase name="test_valid with data set #1" class="Tests_Formatting_SanitizeOrderby" classname="Tests_Formatting_SanitizeOrderby" file="/var/www/html/test/wordpress_test/inpsyde_test/test/wp-content/plugins/plugintestslughere/tests/unit/tests/formatting/SanitizeOrderby.php" line="12" assertions="1" time="0.024469"/>
          <testcase name="test_valid with data set #2" class="Tests_Formatting_SanitizeOrderby" classname="Tests_Formatting_SanitizeOrderby" file="/var/www/html/test/wordpress_test/inpsyde_test/test/wp-content/plugins/plugintestslughere/tests/unit/tests/formatting/SanitizeOrderby.php" line="12" assertions="1" time="0.023991"/>
          <testcase name="test_valid with data set #3" class="Tests_Formatting_SanitizeOrderby" classname="Tests_Formatting_SanitizeOrderby" file="/var/www/html/test/wordpress_test/inpsyde_test/test/wp-content/plugins/plugintestslughere/tests/unit/tests/formatting/SanitizeOrderby.php" line="12" assertions="1" time="0.023586"/>
          <testcase name="test_valid with data set #4" class="Tests_Formatting_SanitizeOrderby" classname="Tests_Formatting_SanitizeOrderby" file="/var/www/html/test/wordpress_test/inpsyde_test/test/wp-content/plugins/plugintestslughere/tests/unit/tests/formatting/SanitizeOrderby.php" line="12" assertions="1" time="0.023713"/>
          <testcase name="test_valid with data set #5" class="Tests_Formatting_SanitizeOrderby" classname="Tests_Formatting_SanitizeOrderby" file="/var/www/html/test/wordpress_test/inpsyde_test/test/wp-content/plugins/plugintestslughere/tests/unit/tests/formatting/SanitizeOrderby.php" line="12" assertions="1" time="0.022792"/>
          <testcase name="test_valid with data set #6" class="Tests_Formatting_SanitizeOrderby" classname="Tests_Formatting_SanitizeOrderby" file="/var/www/html/test/wordpress_test/inpsyde_test/test/wp-content/plugins/plugintestslughere/tests/unit/tests/formatting/SanitizeOrderby.php" line="12" assertions="1" time="0.023727"/>
          <testcase name="test_valid with data set #7" class="Tests_Formatting_SanitizeOrderby" classname="Tests_Formatting_SanitizeOrderby" file="/var/www/html/test/wordpress_test/inpsyde_test/test/wp-content/plugins/plugintestslughere/tests/unit/tests/formatting/SanitizeOrderby.php" line="12" assertions="1" time="0.022965"/>
          <testcase name="test_valid with data set #8" class="Tests_Formatting_SanitizeOrderby" classname="Tests_Formatting_SanitizeOrderby" file="/var/www/html/test/wordpress_test/inpsyde_test/test/wp-content/plugins/plugintestslughere/tests/unit/tests/formatting/SanitizeOrderby.php" line="12" assertions="1" time="0.024148"/>
          <testcase name="test_valid with data set #9" class="Tests_Formatting_SanitizeOrderby" classname="Tests_Formatting_SanitizeOrderby" file="/var/www/html/test/wordpress_test/inpsyde_test/test/wp-content/plugins/plugintestslughere/tests/unit/tests/formatting/SanitizeOrderby.php" line="12" assertions="1" time="0.023967"/>
          <testcase name="test_valid with data set #10" class="Tests_Formatting_SanitizeOrderby" classname="Tests_Formatting_SanitizeOrderby" file="/var/www/html/test/wordpress_test/inpsyde_test/test/wp-content/plugins/plugintestslughere/tests/unit/tests/formatting/SanitizeOrderby.php" line="12" assertions="1" time="0.022670"/>
          <testcase name="test_valid with data set #11" class="Tests_Formatting_SanitizeOrderby" classname="Tests_Formatting_SanitizeOrderby" file="/var/www/html/test/wordpress_test/inpsyde_test/test/wp-content/plugins/plugintestslughere/tests/unit/tests/formatting/SanitizeOrderby.php" line="12" assertions="1" time="0.026317"/>
          <testcase name="test_valid with data set #12" class="Tests_Formatting_SanitizeOrderby" classname="Tests_Formatting_SanitizeOrderby" file="/var/www/html/test/wordpress_test/inpsyde_test/test/wp-content/plugins/plugintestslughere/tests/unit/tests/formatting/SanitizeOrderby.php" line="12" assertions="1" time="0.023572"/>
          <testcase name="test_valid with data set #13" class="Tests_Formatting_SanitizeOrderby" classname="Tests_Formatting_SanitizeOrderby" file="/var/www/html/test/wordpress_test/inpsyde_test/test/wp-content/plugins/plugintestslughere/tests/unit/tests/formatting/SanitizeOrderby.php" line="12" assertions="1" time="0.024547"/>
          <testcase name="test_valid with data set #14" class="Tests_Formatting_SanitizeOrderby" classname="Tests_Formatting_SanitizeOrderby" file="/var/www/html/test/wordpress_test/inpsyde_test/test/wp-content/plugins/plugintestslughere/tests/unit/tests/formatting/SanitizeOrderby.php" line="12" assertions="1" time="0.023775"/>
        </testsuite>
        <testsuite name="Tests_Formatting_SanitizeOrderby::test_invalid" tests="11" assertions="11" errors="0" failures="0" skipped="0" time="0.290429">
          <testcase name="test_invalid with data set #0" class="Tests_Formatting_SanitizeOrderby" classname="Tests_Formatting_SanitizeOrderby" file="/var/www/html/test/wordpress_test/inpsyde_test/test/wp-content/plugins/plugintestslughere/tests/unit/tests/formatting/SanitizeOrderby.php" line="39" assertions="1" time="0.024380"/>
          <testcase name="test_invalid with data set #1" class="Tests_Formatting_SanitizeOrderby" classname="Tests_Formatting_SanitizeOrderby" file="/var/www/html/test/wordpress_test/inpsyde_test/test/wp-content/plugins/plugintestslughere/tests/unit/tests/formatting/SanitizeOrderby.php" line="39" assertions="1" time="0.022832"/>
          <testcase name="test_invalid with data set #2" class="Tests_Formatting_SanitizeOrderby" classname="Tests_Formatting_SanitizeOrderby" file="/var/www/html/test/wordpress_test/inpsyde_test/test/wp-content/plugins/plugintestslughere/tests/unit/tests/formatting/SanitizeOrderby.php" line="39" assertions="1" time="0.025334"/>
          <testcase name="test_invalid with data set #3" class="Tests_Formatting_SanitizeOrderby" classname="Tests_Formatting_SanitizeOrderby" file="/var/www/html/test/wordpress_test/inpsyde_test/test/wp-content/plugins/plugintestslughere/tests/unit/tests/formatting/SanitizeOrderby.php" line="39" assertions="1" time="0.023572"/>
          <testcase name="test_invalid with data set #4" class="Tests_Formatting_SanitizeOrderby" classname="Tests_Formatting_SanitizeOrderby" file="/var/www/html/test/wordpress_test/inpsyde_test/test/wp-content/plugins/plugintestslughere/tests/unit/tests/formatting/SanitizeOrderby.php" line="39" assertions="1" time="0.029150"/>
          <testcase name="test_invalid with data set #5" class="Tests_Formatting_SanitizeOrderby" classname="Tests_Formatting_SanitizeOrderby" file="/var/www/html/test/wordpress_test/inpsyde_test/test/wp-content/plugins/plugintestslughere/tests/unit/tests/formatting/SanitizeOrderby.php" line="39" assertions="1" time="0.029961"/>
          <testcase name="test_invalid with data set #6" class="Tests_Formatting_SanitizeOrderby" classname="Tests_Formatting_SanitizeOrderby" file="/var/www/html/test/wordpress_test/inpsyde_test/test/wp-content/plugins/plugintestslughere/tests/unit/tests/formatting/SanitizeOrderby.php" line="39" assertions="1" time="0.023652"/>
          <testcase name="test_invalid with data set #7" class="Tests_Formatting_SanitizeOrderby" classname="Tests_Formatting_SanitizeOrderby" file="/var/www/html/test/wordpress_test/inpsyde_test/test/wp-content/plugins/plugintestslughere/tests/unit/tests/formatting/SanitizeOrderby.php" line="39" assertions="1" time="0.027134"/>
          <testcase name="test_invalid with data set #8" class="Tests_Formatting_SanitizeOrderby" classname="Tests_Formatting_SanitizeOrderby" file="/var/www/html/test/wordpress_test/inpsyde_test/test/wp-content/plugins/plugintestslughere/tests/unit/tests/formatting/SanitizeOrderby.php" line="39" assertions="1" time="0.025751"/>
          <testcase name="test_invalid with data set #9" class="Tests_Formatting_SanitizeOrderby" classname="Tests_Formatting_SanitizeOrderby" file="/var/www/html/test/wordpress_test/inpsyde_test/test/wp-content/plugins/plugintestslughere/tests/unit/tests/formatting/SanitizeOrderby.php" line="39" assertions="1" time="0.027965"/>
          <testcase name="test_invalid with data set #10" class="Tests_Formatting_SanitizeOrderby" classname="Tests_Formatting_SanitizeOrderby" file="/var/www/html/test/wordpress_test/inpsyde_test/test/wp-content/plugins/plugintestslughere/tests/unit/tests/formatting/SanitizeOrderby.php" line="39" assertions="1" time="0.030698"/>
        </testsuite>
      </testsuite>
      <testsuite name="Tests_Formatting_SanitizePost" file="/var/www/html/test/wordpress_test/inpsyde_test/test/wp-content/plugins/plugintestslughere/tests/unit/tests/formatting/SanitizePost.php" tests="1" assertions="5" errors="0" failures="0" skipped="0" time="0.095130">
        <testcase name="test_int_fields" class="Tests_Formatting_SanitizePost" classname="Tests_Formatting_SanitizePost" file="/var/www/html/test/wordpress_test/inpsyde_test/test/wp-content/plugins/plugintestslughere/tests/unit/tests/formatting/SanitizePost.php" line="11" assertions="5" time="0.095130"/>
      </testsuite>
      <testsuite name="Tests_Formatting_SanitizeTextField" file="/var/www/html/test/wordpress_test/inpsyde_test/test/wp-content/plugins/plugintestslughere/tests/unit/tests/formatting/SanitizeTextField.php" tests="23" assertions="46" errors="0" failures="0" skipped="0" time="0.549265">
        <testsuite name="Tests_Formatting_SanitizeTextField::test_sanitize_text_field" tests="23" assertions="46" errors="0" failures="0" skipped="0" time="0.549265">
          <testcase name="test_sanitize_text_field with data set #0" class="Tests_Formatting_SanitizeTextField" classname="Tests_Formatting_SanitizeTextField" file="/var/www/html/test/wordpress_test/inpsyde_test/test/wp-content/plugins/plugintestslughere/tests/unit/tests/formatting/SanitizeTextField.php" line="131" assertions="2" time="0.034906"/>
          <testcase name="test_sanitize_text_field with data set #1" class="Tests_Formatting_SanitizeTextField" classname="Tests_Formatting_SanitizeTextField" file="/var/www/html/test/wordpress_test/inpsyde_test/test/wp-content/plugins/plugintestslughere/tests/unit/tests/formatting/SanitizeTextField.php" line="131" assertions="2" time="0.026648"/>
          <testcase name="test_sanitize_text_field with data set #2" class="Tests_Formatting_SanitizeTextField" classname="Tests_Formatting_SanitizeTextField" file="/var/www/html/test/wordpress_test/inpsyde_test/test/wp-content/plugins/plugintestslughere/tests/unit/tests/formatting/SanitizeTextField.php" line="131" assertions="2" time="0.023463"/>
          <testcase name="test_sanitize_text_field with data set #3" class="Tests_Formatting_SanitizeTextField" classname="Tests_Formatting_SanitizeTextField" file="/var/www/html/test/wordpress_test/inpsyde_test/test/wp-content/plugins/plugintestslughere/tests/unit/tests/formatting/SanitizeTextField.php" line="131" assertions="2" time="0.023814"/>
          <testcase name="test_sanitize_text_field with data set #4" class="Tests_Formatting_SanitizeTextField" classname="Tests_Formatting_SanitizeTextField" file="/var/www/html/test/wordpress_test/inpsyde_test/test/wp-content/plugins/plugintestslughere/tests/unit/tests/formatting/SanitizeTextField.php" line="131" assertions="2" time="0.022927"/>
          <testcase name="test_sanitize_text_field with data set #5" class="Tests_Formatting_SanitizeTextField" classname="Tests_Formatting_SanitizeTextField" file="/var/www/html/test/wordpress_test/inpsyde_test/test/wp-content/plugins/plugintestslughere/tests/unit/tests/formatting/SanitizeTextField.php" line="131" assertions="2" time="0.022770"/>
          <testcase name="test_sanitize_text_field with data set #6" class="Tests_Formatting_SanitizeTextField" classname="Tests_Formatting_SanitizeTextField" file="/var/www/html/test/wordpress_test/inpsyde_test/test/wp-content/plugins/plugintestslughere/tests/unit/tests/formatting/SanitizeTextField.php" line="131" assertions="2" time="0.023460"/>
          <testcase name="test_sanitize_text_field with data set #7" class="Tests_Formatting_SanitizeTextField" classname="Tests_Formatting_SanitizeTextField" file="/var/www/html/test/wordpress_test/inpsyde_test/test/wp-content/plugins/plugintestslughere/tests/unit/tests/formatting/SanitizeTextField.php" line="131" assertions="2" time="0.022048"/>
          <testcase name="test_sanitize_text_field with data set #8" class="Tests_Formatting_SanitizeTextField" classname="Tests_Formatting_SanitizeTextField" file="/var/www/html/test/wordpress_test/inpsyde_test/test/wp-content/plugins/plugintestslughere/tests/unit/tests/formatting/SanitizeTextField.php" line="131" assertions="2" time="0.024017"/>
          <testcase name="test_sanitize_text_field with data set #9" class="Tests_Formatting_SanitizeTextField" classname="Tests_Formatting_SanitizeTextField" file="/var/www/html/test/wordpress_test/inpsyde_test/test/wp-content/plugins/plugintestslughere/tests/unit/tests/formatting/SanitizeTextField.php" line="131" assertions="2" time="0.023373"/>
          <testcase name="test_sanitize_text_field with data set #10" class="Tests_Formatting_SanitizeTextField" classname="Tests_Formatting_SanitizeTextField" file="/var/www/html/test/wordpress_test/inpsyde_test/test/wp-content/plugins/plugintestslughere/tests/unit/tests/formatting/SanitizeTextField.php" line="131" assertions="2" time="0.024197"/>
          <testcase name="test_sanitize_text_field with data set #11" class="Tests_Formatting_SanitizeTextField" classname="Tests_Formatting_SanitizeTextField" file="/var/www/html/test/wordpress_test/inpsyde_test/test/wp-content/plugins/plugintestslughere/tests/unit/tests/formatting/SanitizeTextField.php" line="131" assertions="2" time="0.023389"/>
          <testcase name="test_sanitize_text_field with data set #12" class="Tests_Formatting_SanitizeTextField" classname="Tests_Formatting_SanitizeTextField" file="/var/www/html/test/wordpress_test/inpsyde_test/test/wp-content/plugins/plugintestslughere/tests/unit/tests/formatting/SanitizeTextField.php" line="131" assertions="2" time="0.022233"/>
          <testcase name="test_sanitize_text_field with data set #13" class="Tests_Formatting_SanitizeTextField" classname="Tests_Formatting_SanitizeTextField" file="/var/www/html/test/wordpress_test/inpsyde_test/test/wp-content/plugins/plugintestslughere/tests/unit/tests/formatting/SanitizeTextField.php" line="131" assertions="2" time="0.023483"/>
          <testcase name="test_sanitize_text_field with data set #14" class="Tests_Formatting_SanitizeTextField" classname="Tests_Formatting_SanitizeTextField" file="/var/www/html/test/wordpress_test/inpsyde_test/test/wp-content/plugins/plugintestslughere/tests/unit/tests/formatting/SanitizeTextField.php" line="131" assertions="2" time="0.024251"/>
          <testcase name="test_sanitize_text_field with data set #15" class="Tests_Formatting_SanitizeTextField" classname="Tests_Formatting_SanitizeTextField" file="/var/www/html/test/wordpress_test/inpsyde_test/test/wp-content/plugins/plugintestslughere/tests/unit/tests/formatting/SanitizeTextField.php" line="131" assertions="2" time="0.024746"/>
          <testcase name="test_sanitize_text_field with data set #16" class="Tests_Formatting_SanitizeTextField" classname="Tests_Formatting_SanitizeTextField" file="/var/www/html/test/wordpress_test/inpsyde_test/test/wp-content/plugins/plugintestslughere/tests/unit/tests/formatting/SanitizeTextField.php" line="131" assertions="2" time="0.022053"/>
          <testcase name="test_sanitize_text_field with data set #17" class="Tests_Formatting_SanitizeTextField" classname="Tests_Formatting_SanitizeTextField" file="/var/www/html/test/wordpress_test/inpsyde_test/test/wp-content/plugins/plugintestslughere/tests/unit/tests/formatting/SanitizeTextField.php" line="131" assertions="2" time="0.023719"/>
          <testcase name="test_sanitize_text_field with data set #18" class="Tests_Formatting_SanitizeTextField" classname="Tests_Formatting_SanitizeTextField" file="/var/www/html/test/wordpress_test/inpsyde_test/test/wp-content/plugins/plugintestslughere/tests/unit/tests/formatting/SanitizeTextField.php" line="131" assertions="2" time="0.023507"/>
          <testcase name="test_sanitize_text_field with data set #19" class="Tests_Formatting_SanitizeTextField" classname="Tests_Formatting_SanitizeTextField" file="/var/www/html/test/wordpress_test/inpsyde_test/test/wp-content/plugins/plugintestslughere/tests/unit/tests/formatting/SanitizeTextField.php" line="131" assertions="2" time="0.021622"/>
          <testcase name="test_sanitize_text_field with data set #20" class="Tests_Formatting_SanitizeTextField" classname="Tests_Formatting_SanitizeTextField" file="/var/www/html/test/wordpress_test/inpsyde_test/test/wp-content/plugins/plugintestslughere/tests/unit/tests/formatting/SanitizeTextField.php" line="131" assertions="2" time="0.022796"/>
          <testcase name="test_sanitize_text_field with data set #21" class="Tests_Formatting_SanitizeTextField" classname="Tests_Formatting_SanitizeTextField" file="/var/www/html/test/wordpress_test/inpsyde_test/test/wp-content/plugins/plugintestslughere/tests/unit/tests/formatting/SanitizeTextField.php" line="131" assertions="2" time="0.022703"/>
          <testcase name="test_sanitize_text_field with data set #22" class="Tests_Formatting_SanitizeTextField" classname="Tests_Formatting_SanitizeTextField" file="/var/www/html/test/wordpress_test/inpsyde_test/test/wp-content/plugins/plugintestslughere/tests/unit/tests/formatting/SanitizeTextField.php" line="131" assertions="2" time="0.023140"/>
        </testsuite>
      </testsuite>
      <testsuite name="Tests_Formatting_SanitizeTitle" file="/var/www/html/test/wordpress_test/inpsyde_test/test/wp-content/plugins/plugintestslughere/tests/unit/tests/formatting/SanitizeTitle.php" tests="2" assertions="2" errors="0" failures="0" skipped="0" time="0.045516">
        <testcase name="test_strips_html" class="Tests_Formatting_SanitizeTitle" classname="Tests_Formatting_SanitizeTitle" file="/var/www/html/test/wordpress_test/inpsyde_test/test/wp-content/plugins/plugintestslughere/tests/unit/tests/formatting/SanitizeTitle.php" line="7" assertions="1" time="0.023723"/>
        <testcase name="test_titles_sanitized_to_nothing_are_replaced_with_optional_fallback" class="Tests_Formatting_SanitizeTitle" classname="Tests_Formatting_SanitizeTitle" file="/var/www/html/test/wordpress_test/inpsyde_test/test/wp-content/plugins/plugintestslughere/tests/unit/tests/formatting/SanitizeTitle.php" line="13" assertions="1" time="0.021793"/>
      </testsuite>
      <testsuite name="Tests_Formatting_SanitizeTitleWithDashes" file="/var/www/html/test/wordpress_test/inpsyde_test/test/wp-content/plugins/plugintestslughere/tests/unit/tests/formatting/SanitizeTitleWithDashes.php" tests="26" assertions="42" errors="0" failures="0" skipped="0" time="0.640993">
        <testcase name="test_strips_html" class="Tests_Formatting_SanitizeTitleWithDashes" classname="Tests_Formatting_SanitizeTitleWithDashes" file="/var/www/html/test/wordpress_test/inpsyde_test/test/wp-content/plugins/plugintestslughere/tests/unit/tests/formatting/SanitizeTitleWithDashes.php" line="7" assertions="1" time="0.032285"/>
        <testcase name="test_strips_unencoded_percent_signs" class="Tests_Formatting_SanitizeTitleWithDashes" classname="Tests_Formatting_SanitizeTitleWithDashes" file="/var/www/html/test/wordpress_test/inpsyde_test/test/wp-content/plugins/plugintestslughere/tests/unit/tests/formatting/SanitizeTitleWithDashes.php" line="13" assertions="1" time="0.024168"/>
        <testcase name="test_makes_title_lowercase" class="Tests_Formatting_SanitizeTitleWithDashes" classname="Tests_Formatting_SanitizeTitleWithDashes" file="/var/www/html/test/wordpress_test/inpsyde_test/test/wp-content/plugins/plugintestslughere/tests/unit/tests/formatting/SanitizeTitleWithDashes.php" line="17" assertions="1" time="0.023524"/>
        <testcase name="test_replaces_any_amount_of_whitespace_with_one_hyphen" class="Tests_Formatting_SanitizeTitleWithDashes" classname="Tests_Formatting_SanitizeTitleWithDashes" file="/var/www/html/test/wordpress_test/inpsyde_test/test/wp-content/plugins/plugintestslughere/tests/unit/tests/formatting/SanitizeTitleWithDashes.php" line="21" assertions="2" time="0.023687"/>
        <testcase name="test_replaces_any_number_of_hyphens_with_one_hyphen" class="Tests_Formatting_SanitizeTitleWithDashes" classname="Tests_Formatting_SanitizeTitleWithDashes" file="/var/www/html/test/wordpress_test/inpsyde_test/test/wp-content/plugins/plugintestslughere/tests/unit/tests/formatting/SanitizeTitleWithDashes.php" line="26" assertions="1" time="0.023531"/>
        <testcase name="test_trims_trailing_hyphens" class="Tests_Formatting_SanitizeTitleWithDashes" classname="Tests_Formatting_SanitizeTitleWithDashes" file="/var/www/html/test/wordpress_test/inpsyde_test/test/wp-content/plugins/plugintestslughere/tests/unit/tests/formatting/SanitizeTitleWithDashes.php" line="30" assertions="1" time="0.026740"/>
        <testcase name="test_handles_non_entity_ampersands" class="Tests_Formatting_SanitizeTitleWithDashes" classname="Tests_Formatting_SanitizeTitleWithDashes" file="/var/www/html/test/wordpress_test/inpsyde_test/test/wp-content/plugins/plugintestslughere/tests/unit/tests/formatting/SanitizeTitleWithDashes.php" line="34" assertions="1" time="0.024321"/>
        <testcase name="test_strips_nbsp_ndash_and_amp" class="Tests_Formatting_SanitizeTitleWithDashes" classname="Tests_Formatting_SanitizeTitleWithDashes" file="/var/www/html/test/wordpress_test/inpsyde_test/test/wp-content/plugins/plugintestslughere/tests/unit/tests/formatting/SanitizeTitleWithDashes.php" line="38" assertions="1" time="0.025247"/>
        <testcase name="test_strips_encoded_ampersand" class="Tests_Formatting_SanitizeTitleWithDashes" classname="Tests_Formatting_SanitizeTitleWithDashes" file="/var/www/html/test/wordpress_test/inpsyde_test/test/wp-content/plugins/plugintestslughere/tests/unit/tests/formatting/SanitizeTitleWithDashes.php" line="42" assertions="1" time="0.023021"/>
        <testcase name="test_strips_url_encoded_ampersand" class="Tests_Formatting_SanitizeTitleWithDashes" classname="Tests_Formatting_SanitizeTitleWithDashes" file="/var/www/html/test/wordpress_test/inpsyde_test/test/wp-content/plugins/plugintestslughere/tests/unit/tests/formatting/SanitizeTitleWithDashes.php" line="46" assertions="1" time="0.027375"/>
        <testcase name="test_strips_trademark_symbol" class="Tests_Formatting_SanitizeTitleWithDashes" classname="Tests_Formatting_SanitizeTitleWithDashes" file="/var/www/html/test/wordpress_test/inpsyde_test/test/wp-content/plugins/plugintestslughere/tests/unit/tests/formatting/SanitizeTitleWithDashes.php" line="50" assertions="1" time="0.024460"/>
        <testcase name="test_strips_unencoded_ampersand_followed_by_encoded_ampersand" class="Tests_Formatting_SanitizeTitleWithDashes" classname="Tests_Formatting_SanitizeTitleWithDashes" file="/var/www/html/test/wordpress_test/inpsyde_test/test/wp-content/plugins/plugintestslughere/tests/unit/tests/formatting/SanitizeTitleWithDashes.php" line="54" assertions="1" time="0.023180"/>
        <testcase name="test_strips_unencoded_ampersand_when_not_surrounded_by_spaces" class="Tests_Formatting_SanitizeTitleWithDashes" classname="Tests_Formatting_SanitizeTitleWithDashes" file="/var/www/html/test/wordpress_test/inpsyde_test/test/wp-content/plugins/plugintestslughere/tests/unit/tests/formatting/SanitizeTitleWithDashes.php" line="58" assertions="1" time="0.024492"/>
        <testcase name="test_replaces_nbsp" class="Tests_Formatting_SanitizeTitleWithDashes" classname="Tests_Formatting_SanitizeTitleWithDashes" file="/var/www/html/test/wordpress_test/inpsyde_test/test/wp-content/plugins/plugintestslughere/tests/unit/tests/formatting/SanitizeTitleWithDashes.php" line="62" assertions="1" time="0.022696"/>
        <testcase name="test_replaces_nbsp_entities" class="Tests_Formatting_SanitizeTitleWithDashes" classname="Tests_Formatting_SanitizeTitleWithDashes" file="/var/www/html/test/wordpress_test/inpsyde_test/test/wp-content/plugins/plugintestslughere/tests/unit/tests/formatting/SanitizeTitleWithDashes.php" line="69" assertions="1" time="0.023979"/>
        <testcase name="test_replaces_ndash_mdash" class="Tests_Formatting_SanitizeTitleWithDashes" classname="Tests_Formatting_SanitizeTitleWithDashes" file="/var/www/html/test/wordpress_test/inpsyde_test/test/wp-content/plugins/plugintestslughere/tests/unit/tests/formatting/SanitizeTitleWithDashes.php" line="73" assertions="2" time="0.022916"/>
        <testcase name="test_replaces_ndash_mdash_entities" class="Tests_Formatting_SanitizeTitleWithDashes" classname="Tests_Formatting_SanitizeTitleWithDashes" file="/var/www/html/test/wordpress_test/inpsyde_test/test/wp-content/plugins/plugintestslughere/tests/unit/tests/formatting/SanitizeTitleWithDashes.php" line="81" assertions="2" time="0.025637"/>
        <testcase name="test_replaces_iexcel_iquest" class="Tests_Formatting_SanitizeTitleWithDashes" classname="Tests_Formatting_SanitizeTitleWithDashes" file="/var/www/html/test/wordpress_test/inpsyde_test/test/wp-content/plugins/plugintestslughere/tests/unit/tests/formatting/SanitizeTitleWithDashes.php" line="86" assertions="2" time="0.023977"/>
        <testcase name="test_replaces_angle_quotes" class="Tests_Formatting_SanitizeTitleWithDashes" classname="Tests_Formatting_SanitizeTitleWithDashes" file="/var/www/html/test/wordpress_test/inpsyde_test/test/wp-content/plugins/plugintestslughere/tests/unit/tests/formatting/SanitizeTitleWithDashes.php" line="91" assertions="2" time="0.024836"/>
        <testcase name="test_replaces_curly_quotes" class="Tests_Formatting_SanitizeTitleWithDashes" classname="Tests_Formatting_SanitizeTitleWithDashes" file="/var/www/html/test/wordpress_test/inpsyde_test/test/wp-content/plugins/plugintestslughere/tests/unit/tests/formatting/SanitizeTitleWithDashes.php" line="96" assertions="5" time="0.024064"/>
        <testcase name="test_replaces_bullet" class="Tests_Formatting_SanitizeTitleWithDashes" classname="Tests_Formatting_SanitizeTitleWithDashes" file="/var/www/html/test/wordpress_test/inpsyde_test/test/wp-content/plugins/plugintestslughere/tests/unit/tests/formatting/SanitizeTitleWithDashes.php" line="107" assertions="1" time="0.024789"/>
        <testcase name="test_replaces_copy_reg_deg_trade" class="Tests_Formatting_SanitizeTitleWithDashes" classname="Tests_Formatting_SanitizeTitleWithDashes" file="/var/www/html/test/wordpress_test/inpsyde_test/test/wp-content/plugins/plugintestslughere/tests/unit/tests/formatting/SanitizeTitleWithDashes.php" line="111" assertions="4" time="0.023018"/>
        <testcase name="test_replaces_forward_slash" class="Tests_Formatting_SanitizeTitleWithDashes" classname="Tests_Formatting_SanitizeTitleWithDashes" file="/var/www/html/test/wordpress_test/inpsyde_test/test/wp-content/plugins/plugintestslughere/tests/unit/tests/formatting/SanitizeTitleWithDashes.php" line="121" assertions="5" time="0.026200"/>
        <testcase name="test_replaces_multiply_sign" class="Tests_Formatting_SanitizeTitleWithDashes" classname="Tests_Formatting_SanitizeTitleWithDashes" file="/var/www/html/test/wordpress_test/inpsyde_test/test/wp-content/plugins/plugintestslughere/tests/unit/tests/formatting/SanitizeTitleWithDashes.php" line="132" assertions="1" time="0.023368"/>
        <testcase name="test_replaces_standalone_diacritic" class="Tests_Formatting_SanitizeTitleWithDashes" classname="Tests_Formatting_SanitizeTitleWithDashes" file="/var/www/html/test/wordpress_test/inpsyde_test/test/wp-content/plugins/plugintestslughere/tests/unit/tests/formatting/SanitizeTitleWithDashes.php" line="139" assertions="1" time="0.024985"/>
        <testcase name="test_replaces_acute_accents" class="Tests_Formatting_SanitizeTitleWithDashes" classname="Tests_Formatting_SanitizeTitleWithDashes" file="/var/www/html/test/wordpress_test/inpsyde_test/test/wp-content/plugins/plugintestslughere/tests/unit/tests/formatting/SanitizeTitleWithDashes.php" line="146" assertions="1" time="0.024496"/>
      </testsuite>
      <testsuite name="Tests_Formatting_SanitizeTrackbackUrls" file="/var/www/html/test/wordpress_test/inpsyde_test/test/wp-content/plugins/plugintestslughere/tests/unit/tests/formatting/SanitizeTrackbackUrls.php" tests="8" assertions="8" errors="0" failures="0" skipped="0" time="0.206965">
        <testsuite name="Tests_Formatting_SanitizeTrackbackUrls::test_sanitize_trackback_urls_with_multiple_urls" tests="8" assertions="8" errors="0" failures="0" skipped="0" time="0.206965">
          <testcase name="test_sanitize_trackback_urls_with_multiple_urls with data set #0" class="Tests_Formatting_SanitizeTrackbackUrls" classname="Tests_Formatting_SanitizeTrackbackUrls" file="/var/www/html/test/wordpress_test/inpsyde_test/test/wp-content/plugins/plugintestslughere/tests/unit/tests/formatting/SanitizeTrackbackUrls.php" line="11" assertions="1" time="0.026338"/>
          <testcase name="test_sanitize_trackback_urls_with_multiple_urls with data set #1" class="Tests_Formatting_SanitizeTrackbackUrls" classname="Tests_Formatting_SanitizeTrackbackUrls" file="/var/www/html/test/wordpress_test/inpsyde_test/test/wp-content/plugins/plugintestslughere/tests/unit/tests/formatting/SanitizeTrackbackUrls.php" line="11" assertions="1" time="0.024521"/>
          <testcase name="test_sanitize_trackback_urls_with_multiple_urls with data set #2" class="Tests_Formatting_SanitizeTrackbackUrls" classname="Tests_Formatting_SanitizeTrackbackUrls" file="/var/www/html/test/wordpress_test/inpsyde_test/test/wp-content/plugins/plugintestslughere/tests/unit/tests/formatting/SanitizeTrackbackUrls.php" line="11" assertions="1" time="0.026373"/>
          <testcase name="test_sanitize_trackback_urls_with_multiple_urls with data set #3" class="Tests_Formatting_SanitizeTrackbackUrls" classname="Tests_Formatting_SanitizeTrackbackUrls" file="/var/www/html/test/wordpress_test/inpsyde_test/test/wp-content/plugins/plugintestslughere/tests/unit/tests/formatting/SanitizeTrackbackUrls.php" line="11" assertions="1" time="0.021840"/>
          <testcase name="test_sanitize_trackback_urls_with_multiple_urls with data set #4" class="Tests_Formatting_SanitizeTrackbackUrls" classname="Tests_Formatting_SanitizeTrackbackUrls" file="/var/www/html/test/wordpress_test/inpsyde_test/test/wp-content/plugins/plugintestslughere/tests/unit/tests/formatting/SanitizeTrackbackUrls.php" line="11" assertions="1" time="0.023347"/>
          <testcase name="test_sanitize_trackback_urls_with_multiple_urls with data set #5" class="Tests_Formatting_SanitizeTrackbackUrls" classname="Tests_Formatting_SanitizeTrackbackUrls" file="/var/www/html/test/wordpress_test/inpsyde_test/test/wp-content/plugins/plugintestslughere/tests/unit/tests/formatting/SanitizeTrackbackUrls.php" line="11" assertions="1" time="0.029811"/>
          <testcase name="test_sanitize_trackback_urls_with_multiple_urls with data set #6" class="Tests_Formatting_SanitizeTrackbackUrls" classname="Tests_Formatting_SanitizeTrackbackUrls" file="/var/www/html/test/wordpress_test/inpsyde_test/test/wp-content/plugins/plugintestslughere/tests/unit/tests/formatting/SanitizeTrackbackUrls.php" line="11" assertions="1" time="0.029651"/>
          <testcase name="test_sanitize_trackback_urls_with_multiple_urls with data set #7" class="Tests_Formatting_SanitizeTrackbackUrls" classname="Tests_Formatting_SanitizeTrackbackUrls" file="/var/www/html/test/wordpress_test/inpsyde_test/test/wp-content/plugins/plugintestslughere/tests/unit/tests/formatting/SanitizeTrackbackUrls.php" line="11" assertions="1" time="0.025084"/>
        </testsuite>
      </testsuite>
      <testsuite name="Tests_Formatting_SanitizeUser" file="/var/www/html/test/wordpress_test/inpsyde_test/test/wp-content/plugins/plugintestslughere/tests/unit/tests/formatting/SanitizeUser.php" tests="5" assertions="5" errors="0" failures="0" skipped="0" time="0.113018">
        <testcase name="test_strips_html" class="Tests_Formatting_SanitizeUser" classname="Tests_Formatting_SanitizeUser" file="/var/www/html/test/wordpress_test/inpsyde_test/test/wp-content/plugins/plugintestslughere/tests/unit/tests/formatting/SanitizeUser.php" line="7" assertions="1" time="0.022471"/>
        <testcase name="test_strips_encoded_ampersand" class="Tests_Formatting_SanitizeUser" classname="Tests_Formatting_SanitizeUser" file="/var/www/html/test/wordpress_test/inpsyde_test/test/wp-content/plugins/plugintestslughere/tests/unit/tests/formatting/SanitizeUser.php" line="13" assertions="1" time="0.021591"/>
        <testcase name="test_strips_encoded_ampersand_when_followed_by_semicolon" class="Tests_Formatting_SanitizeUser" classname="Tests_Formatting_SanitizeUser" file="/var/www/html/test/wordpress_test/inpsyde_test/test/wp-content/plugins/plugintestslughere/tests/unit/tests/formatting/SanitizeUser.php" line="24" assertions="1" time="0.023185"/>
        <testcase name="test_strips_percent_encoded_octets" class="Tests_Formatting_SanitizeUser" classname="Tests_Formatting_SanitizeUser" file="/var/www/html/test/wordpress_test/inpsyde_test/test/wp-content/plugins/plugintestslughere/tests/unit/tests/formatting/SanitizeUser.php" line="35" assertions="1" time="0.023376"/>
        <testcase name="test_optional_strict_mode_reduces_to_safe_ascii_subset" class="Tests_Formatting_SanitizeUser" classname="Tests_Formatting_SanitizeUser" file="/var/www/html/test/wordpress_test/inpsyde_test/test/wp-content/plugins/plugintestslughere/tests/unit/tests/formatting/SanitizeUser.php" line="39" assertions="1" time="0.022395"/>
      </testsuite>
      <testsuite name="Tests_Formatting_SeemsUtf8" file="/var/www/html/test/wordpress_test/inpsyde_test/test/wp-content/plugins/plugintestslughere/tests/unit/tests/formatting/SeemsUtf8.php" tests="11" assertions="11" errors="0" failures="0" skipped="0" time="0.283430">
        <testsuite name="Tests_Formatting_SeemsUtf8::test_returns_true_for_utf8_strings" tests="6" assertions="6" errors="0" failures="0" skipped="0" time="0.169742">
          <testcase name="test_returns_true_for_utf8_strings with data set #0" class="Tests_Formatting_SeemsUtf8" classname="Tests_Formatting_SeemsUtf8" file="/var/www/html/test/wordpress_test/inpsyde_test/test/wp-content/plugins/plugintestslughere/tests/unit/tests/formatting/SeemsUtf8.php" line="13" assertions="1" time="0.035810"/>
          <testcase name="test_returns_true_for_utf8_strings with data set #1" class="Tests_Formatting_SeemsUtf8" classname="Tests_Formatting_SeemsUtf8" file="/var/www/html/test/wordpress_test/inpsyde_test/test/wp-content/plugins/plugintestslughere/tests/unit/tests/formatting/SeemsUtf8.php" line="13" assertions="1" time="0.031794"/>
          <testcase name="test_returns_true_for_utf8_strings with data set #2" class="Tests_Formatting_SeemsUtf8" classname="Tests_Formatting_SeemsUtf8" file="/var/www/html/test/wordpress_test/inpsyde_test/test/wp-content/plugins/plugintestslughere/tests/unit/tests/formatting/SeemsUtf8.php" line="13" assertions="1" time="0.029507"/>
          <testcase name="test_returns_true_for_utf8_strings with data set #3" class="Tests_Formatting_SeemsUtf8" classname="Tests_Formatting_SeemsUtf8" file="/var/www/html/test/wordpress_test/inpsyde_test/test/wp-content/plugins/plugintestslughere/tests/unit/tests/formatting/SeemsUtf8.php" line="13" assertions="1" time="0.025254"/>
          <testcase name="test_returns_true_for_utf8_strings with data set #4" class="Tests_Formatting_SeemsUtf8" classname="Tests_Formatting_SeemsUtf8" file="/var/www/html/test/wordpress_test/inpsyde_test/test/wp-content/plugins/plugintestslughere/tests/unit/tests/formatting/SeemsUtf8.php" line="13" assertions="1" time="0.024245"/>
          <testcase name="test_returns_true_for_utf8_strings with data set #5" class="Tests_Formatting_SeemsUtf8" classname="Tests_Formatting_SeemsUtf8" file="/var/www/html/test/wordpress_test/inpsyde_test/test/wp-content/plugins/plugintestslughere/tests/unit/tests/formatting/SeemsUtf8.php" line="13" assertions="1" time="0.023132"/>
        </testsuite>
        <testsuite name="Tests_Formatting_SeemsUtf8::test_returns_false_for_non_utf8_strings" tests="5" assertions="5" errors="0" failures="0" skipped="0" time="0.113688">
          <testcase name="test_returns_false_for_non_utf8_strings with data set #0" class="Tests_Formatting_SeemsUtf8" classname="Tests_Formatting_SeemsUtf8" file="/var/www/html/test/wordpress_test/inpsyde_test/test/wp-content/plugins/plugintestslughere/tests/unit/tests/formatting/SeemsUtf8.php" line="30" assertions="1" time="0.022896"/>
          <testcase name="test_returns_false_for_non_utf8_strings with data set #1" class="Tests_Formatting_SeemsUtf8" classname="Tests_Formatting_SeemsUtf8" file="/var/www/html/test/wordpress_test/inpsyde_test/test/wp-content/plugins/plugintestslughere/tests/unit/tests/formatting/SeemsUtf8.php" line="30" assertions="1" time="0.023126"/>
          <testcase name="test_returns_false_for_non_utf8_strings with data set #2" class="Tests_Formatting_SeemsUtf8" classname="Tests_Formatting_SeemsUtf8" file="/var/www/html/test/wordpress_test/inpsyde_test/test/wp-content/plugins/plugintestslughere/tests/unit/tests/formatting/SeemsUtf8.php" line="30" assertions="1" time="0.022634"/>
          <testcase name="test_returns_false_for_non_utf8_strings with data set #3" class="Tests_Formatting_SeemsUtf8" classname="Tests_Formatting_SeemsUtf8" file="/var/www/html/test/wordpress_test/inpsyde_test/test/wp-content/plugins/plugintestslughere/tests/unit/tests/formatting/SeemsUtf8.php" line="30" assertions="1" time="0.022247"/>
          <testcase name="test_returns_false_for_non_utf8_strings with data set #4" class="Tests_Formatting_SeemsUtf8" classname="Tests_Formatting_SeemsUtf8" file="/var/www/html/test/wordpress_test/inpsyde_test/test/wp-content/plugins/plugintestslughere/tests/unit/tests/formatting/SeemsUtf8.php" line="30" assertions="1" time="0.022785"/>
        </testsuite>
      </testsuite>
      <testsuite name="Tests_Formatting_Slashit" file="/var/www/html/test/wordpress_test/inpsyde_test/test/wp-content/plugins/plugintestslughere/tests/unit/tests/formatting/Slashit.php" tests="9" assertions="12" errors="0" failures="0" skipped="0" time="0.286898">
        <testcase name="test_backslashes_middle_numbers" class="Tests_Formatting_Slashit" classname="Tests_Formatting_Slashit" file="/var/www/html/test/wordpress_test/inpsyde_test/test/wp-content/plugins/plugintestslughere/tests/unit/tests/formatting/Slashit.php" line="7" assertions="1" time="0.040237"/>
        <testcase name="test_backslashes_alphas" class="Tests_Formatting_Slashit" classname="Tests_Formatting_Slashit" file="/var/www/html/test/wordpress_test/inpsyde_test/test/wp-content/plugins/plugintestslughere/tests/unit/tests/formatting/Slashit.php" line="11" assertions="1" time="0.033956"/>
        <testcase name="test_double_backslashes_leading_numbers" class="Tests_Formatting_Slashit" classname="Tests_Formatting_Slashit" file="/var/www/html/test/wordpress_test/inpsyde_test/test/wp-content/plugins/plugintestslughere/tests/unit/tests/formatting/Slashit.php" line="15" assertions="1" time="0.033671"/>
        <testcase name="test_removes_trailing_slashes" class="Tests_Formatting_Slashit" classname="Tests_Formatting_Slashit" file="/var/www/html/test/wordpress_test/inpsyde_test/test/wp-content/plugins/plugintestslughere/tests/unit/tests/formatting/Slashit.php" line="19" assertions="2" time="0.039057"/>
        <testcase name="test_removes_trailing_backslashes" class="Tests_Formatting_Slashit" classname="Tests_Formatting_Slashit" file="/var/www/html/test/wordpress_test/inpsyde_test/test/wp-content/plugins/plugintestslughere/tests/unit/tests/formatting/Slashit.php" line="27" assertions="2" time="0.032984"/>
        <testcase name="test_removes_trailing_mixed_slashes" class="Tests_Formatting_Slashit" classname="Tests_Formatting_Slashit" file="/var/www/html/test/wordpress_test/inpsyde_test/test/wp-content/plugins/plugintestslughere/tests/unit/tests/formatting/Slashit.php" line="35" assertions="2" time="0.029673"/>
        <testcase name="test_adds_trailing_slash" class="Tests_Formatting_Slashit" classname="Tests_Formatting_Slashit" file="/var/www/html/test/wordpress_test/inpsyde_test/test/wp-content/plugins/plugintestslughere/tests/unit/tests/formatting/Slashit.php" line="40" assertions="1" time="0.027749"/>
        <testcase name="test_does_not_add_trailing_slash_if_one_exists" class="Tests_Formatting_Slashit" classname="Tests_Formatting_Slashit" file="/var/www/html/test/wordpress_test/inpsyde_test/test/wp-content/plugins/plugintestslughere/tests/unit/tests/formatting/Slashit.php" line="44" assertions="1" time="0.025506"/>
        <testcase name="test_converts_trailing_backslash_to_slash_if_one_exists" class="Tests_Formatting_Slashit" classname="Tests_Formatting_Slashit" file="/var/www/html/test/wordpress_test/inpsyde_test/test/wp-content/plugins/plugintestslughere/tests/unit/tests/formatting/Slashit.php" line="51" assertions="1" time="0.024065"/>
      </testsuite>
      <testsuite name="Tests_Formatting_Smilies" file="/var/www/html/test/wordpress_test/inpsyde_test/test/wp-content/plugins/plugintestslughere/tests/unit/tests/formatting/Smilies.php" tests="28" assertions="46" errors="0" failures="0" skipped="0" time="2.834187">
        <testsuite name="Tests_Formatting_Smilies::test_convert_standard_smilies" tests="6" assertions="12" errors="0" failures="0" skipped="0" time="0.606862">
          <testcase name="test_convert_standard_smilies with data set #0" class="Tests_Formatting_Smilies" classname="Tests_Formatting_Smilies" file="/var/www/html/test/wordpress_test/inpsyde_test/test/wp-content/plugins/plugintestslughere/tests/unit/tests/formatting/Smilies.php" line="51" assertions="2" time="0.103234"/>
          <testcase name="test_convert_standard_smilies with data set #1" class="Tests_Formatting_Smilies" classname="Tests_Formatting_Smilies" file="/var/www/html/test/wordpress_test/inpsyde_test/test/wp-content/plugins/plugintestslughere/tests/unit/tests/formatting/Smilies.php" line="51" assertions="2" time="0.087801"/>
          <testcase name="test_convert_standard_smilies with data set #2" class="Tests_Formatting_Smilies" classname="Tests_Formatting_Smilies" file="/var/www/html/test/wordpress_test/inpsyde_test/test/wp-content/plugins/plugintestslughere/tests/unit/tests/formatting/Smilies.php" line="51" assertions="2" time="0.098378"/>
          <testcase name="test_convert_standard_smilies with data set #3" class="Tests_Formatting_Smilies" classname="Tests_Formatting_Smilies" file="/var/www/html/test/wordpress_test/inpsyde_test/test/wp-content/plugins/plugintestslughere/tests/unit/tests/formatting/Smilies.php" line="51" assertions="2" time="0.087322"/>
          <testcase name="test_convert_standard_smilies with data set #4" class="Tests_Formatting_Smilies" classname="Tests_Formatting_Smilies" file="/var/www/html/test/wordpress_test/inpsyde_test/test/wp-content/plugins/plugintestslughere/tests/unit/tests/formatting/Smilies.php" line="51" assertions="2" time="0.131758"/>
          <testcase name="test_convert_standard_smilies with data set #5" class="Tests_Formatting_Smilies" classname="Tests_Formatting_Smilies" file="/var/www/html/test/wordpress_test/inpsyde_test/test/wp-content/plugins/plugintestslughere/tests/unit/tests/formatting/Smilies.php" line="51" assertions="2" time="0.098369"/>
        </testsuite>
        <testsuite name="Tests_Formatting_Smilies::test_convert_custom_smilies" tests="3" assertions="6" errors="0" failures="0" skipped="0" time="0.272680">
          <testcase name="test_convert_custom_smilies with data set #0" class="Tests_Formatting_Smilies" classname="Tests_Formatting_Smilies" file="/var/www/html/test/wordpress_test/inpsyde_test/test/wp-content/plugins/plugintestslughere/tests/unit/tests/formatting/Smilies.php" line="94" assertions="2" time="0.086784"/>
          <testcase name="test_convert_custom_smilies with data set #1" class="Tests_Formatting_Smilies" classname="Tests_Formatting_Smilies" file="/var/www/html/test/wordpress_test/inpsyde_test/test/wp-content/plugins/plugintestslughere/tests/unit/tests/formatting/Smilies.php" line="94" assertions="2" time="0.098533"/>
          <testcase name="test_convert_custom_smilies with data set #2" class="Tests_Formatting_Smilies" classname="Tests_Formatting_Smilies" file="/var/www/html/test/wordpress_test/inpsyde_test/test/wp-content/plugins/plugintestslughere/tests/unit/tests/formatting/Smilies.php" line="94" assertions="2" time="0.087363"/>
        </testsuite>
        <testsuite name="Tests_Formatting_Smilies::test_ignore_smilies_in_tags" tests="5" assertions="5" errors="0" failures="0" skipped="0" time="0.502328">
          <testcase name="test_ignore_smilies_in_tags with data set #0" class="Tests_Formatting_Smilies" classname="Tests_Formatting_Smilies" file="/var/www/html/test/wordpress_test/inpsyde_test/test/wp-content/plugins/plugintestslughere/tests/unit/tests/formatting/Smilies.php" line="146" assertions="1" time="0.097585"/>
          <testcase name="test_ignore_smilies_in_tags with data set #1" class="Tests_Formatting_Smilies" classname="Tests_Formatting_Smilies" file="/var/www/html/test/wordpress_test/inpsyde_test/test/wp-content/plugins/plugintestslughere/tests/unit/tests/formatting/Smilies.php" line="146" assertions="1" time="0.142747"/>
          <testcase name="test_ignore_smilies_in_tags with data set #2" class="Tests_Formatting_Smilies" classname="Tests_Formatting_Smilies" file="/var/www/html/test/wordpress_test/inpsyde_test/test/wp-content/plugins/plugintestslughere/tests/unit/tests/formatting/Smilies.php" line="146" assertions="1" time="0.087361"/>
          <testcase name="test_ignore_smilies_in_tags with data set #3" class="Tests_Formatting_Smilies" classname="Tests_Formatting_Smilies" file="/var/www/html/test/wordpress_test/inpsyde_test/test/wp-content/plugins/plugintestslughere/tests/unit/tests/formatting/Smilies.php" line="146" assertions="1" time="0.087469"/>
          <testcase name="test_ignore_smilies_in_tags with data set #4" class="Tests_Formatting_Smilies" classname="Tests_Formatting_Smilies" file="/var/www/html/test/wordpress_test/inpsyde_test/test/wp-content/plugins/plugintestslughere/tests/unit/tests/formatting/Smilies.php" line="146" assertions="1" time="0.087166"/>
        </testsuite>
        <testsuite name="Tests_Formatting_Smilies::test_smilies_combinations" tests="6" assertions="12" errors="0" failures="0" skipped="0" time="0.705305">
          <testcase name="test_smilies_combinations with data set #0" class="Tests_Formatting_Smilies" classname="Tests_Formatting_Smilies" file="/var/www/html/test/wordpress_test/inpsyde_test/test/wp-content/plugins/plugintestslughere/tests/unit/tests/formatting/Smilies.php" line="203" assertions="2" time="0.110120"/>
          <testcase name="test_smilies_combinations with data set #1" class="Tests_Formatting_Smilies" classname="Tests_Formatting_Smilies" file="/var/www/html/test/wordpress_test/inpsyde_test/test/wp-content/plugins/plugintestslughere/tests/unit/tests/formatting/Smilies.php" line="203" assertions="2" time="0.131522"/>
          <testcase name="test_smilies_combinations with data set #2" class="Tests_Formatting_Smilies" classname="Tests_Formatting_Smilies" file="/var/www/html/test/wordpress_test/inpsyde_test/test/wp-content/plugins/plugintestslughere/tests/unit/tests/formatting/Smilies.php" line="203" assertions="2" time="0.098396"/>
          <testcase name="test_smilies_combinations with data set #3" class="Tests_Formatting_Smilies" classname="Tests_Formatting_Smilies" file="/var/www/html/test/wordpress_test/inpsyde_test/test/wp-content/plugins/plugintestslughere/tests/unit/tests/formatting/Smilies.php" line="203" assertions="2" time="0.087406"/>
          <testcase name="test_smilies_combinations with data set #4" class="Tests_Formatting_Smilies" classname="Tests_Formatting_Smilies" file="/var/www/html/test/wordpress_test/inpsyde_test/test/wp-content/plugins/plugintestslughere/tests/unit/tests/formatting/Smilies.php" line="203" assertions="2" time="0.087238"/>
          <testcase name="test_smilies_combinations with data set #5" class="Tests_Formatting_Smilies" classname="Tests_Formatting_Smilies" file="/var/www/html/test/wordpress_test/inpsyde_test/test/wp-content/plugins/plugintestslughere/tests/unit/tests/formatting/Smilies.php" line="203" assertions="2" time="0.190623"/>
        </testsuite>
        <testsuite name="Tests_Formatting_Smilies::test_single_smilies_in_wpsmiliestrans" tests="3" assertions="6" errors="0" failures="0" skipped="0" time="0.500058">
          <testcase name="test_single_smilies_in_wpsmiliestrans with data set #0" class="Tests_Formatting_Smilies" classname="Tests_Formatting_Smilies" file="/var/www/html/test/wordpress_test/inpsyde_test/test/wp-content/plugins/plugintestslughere/tests/unit/tests/formatting/Smilies.php" line="245" assertions="2" time="0.339565"/>
          <testcase name="test_single_smilies_in_wpsmiliestrans with data set #1" class="Tests_Formatting_Smilies" classname="Tests_Formatting_Smilies" file="/var/www/html/test/wordpress_test/inpsyde_test/test/wp-content/plugins/plugintestslughere/tests/unit/tests/formatting/Smilies.php" line="245" assertions="2" time="0.083564"/>
          <testcase name="test_single_smilies_in_wpsmiliestrans with data set #2" class="Tests_Formatting_Smilies" classname="Tests_Formatting_Smilies" file="/var/www/html/test/wordpress_test/inpsyde_test/test/wp-content/plugins/plugintestslughere/tests/unit/tests/formatting/Smilies.php" line="245" assertions="2" time="0.076929"/>
        </testsuite>
        <testsuite name="Tests_Formatting_Smilies::test_spaces_around_smilies" tests="3" assertions="3" errors="0" failures="0" skipped="0" time="0.196216">
          <testcase name="test_spaces_around_smilies with data set #0" class="Tests_Formatting_Smilies" classname="Tests_Formatting_Smilies" file="/var/www/html/test/wordpress_test/inpsyde_test/test/wp-content/plugins/plugintestslughere/tests/unit/tests/formatting/Smilies.php" line="302" assertions="1" time="0.064698"/>
          <testcase name="test_spaces_around_smilies with data set #1" class="Tests_Formatting_Smilies" classname="Tests_Formatting_Smilies" file="/var/www/html/test/wordpress_test/inpsyde_test/test/wp-content/plugins/plugintestslughere/tests/unit/tests/formatting/Smilies.php" line="302" assertions="1" time="0.065930"/>
          <testcase name="test_spaces_around_smilies with data set #2" class="Tests_Formatting_Smilies" classname="Tests_Formatting_Smilies" file="/var/www/html/test/wordpress_test/inpsyde_test/test/wp-content/plugins/plugintestslughere/tests/unit/tests/formatting/Smilies.php" line="302" assertions="1" time="0.065588"/>
        </testsuite>
        <testcase name="test_smilies_filter_removes_smilies" class="Tests_Formatting_Smilies" classname="Tests_Formatting_Smilies" file="/var/www/html/test/wordpress_test/inpsyde_test/test/wp-content/plugins/plugintestslughere/tests/unit/tests/formatting/Smilies.php" line="319" assertions="1" time="0.025212"/>
        <testcase name="test_smilies_filter_adds_smilies" class="Tests_Formatting_Smilies" classname="Tests_Formatting_Smilies" file="/var/www/html/test/wordpress_test/inpsyde_test/test/wp-content/plugins/plugintestslughere/tests/unit/tests/formatting/Smilies.php" line="334" assertions="1" time="0.025526"/>
      </testsuite>
      <testsuite name="Tests_Formatting_StripSlashesDeep" file="/var/www/html/test/wordpress_test/inpsyde_test/test/wp-content/plugins/plugintestslughere/tests/unit/tests/formatting/StripSlashesDeep.php" tests="3" assertions="14" errors="0" failures="0" skipped="0" time="0.083211">
        <testcase name="test_preserves_original_datatype" class="Tests_Formatting_StripSlashesDeep" classname="Tests_Formatting_StripSlashesDeep" file="/var/www/html/test/wordpress_test/inpsyde_test/test/wp-content/plugins/plugintestslughere/tests/unit/tests/formatting/StripSlashesDeep.php" line="11" assertions="7" time="0.032486"/>
        <testcase name="test_strips_slashes" class="Tests_Formatting_StripSlashesDeep" classname="Tests_Formatting_StripSlashesDeep" file="/var/www/html/test/wordpress_test/inpsyde_test/test/wp-content/plugins/plugintestslughere/tests/unit/tests/formatting/StripSlashesDeep.php" line="34" assertions="5" time="0.024482"/>
        <testcase name="test_permits_escaped_slash" class="Tests_Formatting_StripSlashesDeep" classname="Tests_Formatting_StripSlashesDeep" file="/var/www/html/test/wordpress_test/inpsyde_test/test/wp-content/plugins/plugintestslughere/tests/unit/tests/formatting/StripSlashesDeep.php" line="49" assertions="2" time="0.026243"/>
      </testsuite>
      <testsuite name="Tests_Formatting_URLShorten" file="/var/www/html/test/wordpress_test/inpsyde_test/test/wp-content/plugins/plugintestslughere/tests/unit/tests/formatting/URLShorten.php" tests="1" assertions="7" errors="0" failures="0" skipped="0" time="0.029408">
        <testcase name="test_shorten_url" class="Tests_Formatting_URLShorten" classname="Tests_Formatting_URLShorten" file="/var/www/html/test/wordpress_test/inpsyde_test/test/wp-content/plugins/plugintestslughere/tests/unit/tests/formatting/URLShorten.php" line="7" assertions="7" time="0.029408"/>
      </testsuite>
      <testsuite name="Tests_Formatting_UrlencodeDeep" file="/var/www/html/test/wordpress_test/inpsyde_test/test/wp-content/plugins/plugintestslughere/tests/unit/tests/formatting/UrlencodeDeep.php" tests="6" assertions="6" errors="0" failures="0" skipped="0" time="0.143340">
        <testsuite name="Tests_Formatting_UrlencodeDeep::test_urlencode_deep_should_encode_individual_value" tests="5" assertions="5" errors="0" failures="0" skipped="0" time="0.121485">
          <testcase name="test_urlencode_deep_should_encode_individual_value with data set #0" class="Tests_Formatting_UrlencodeDeep" classname="Tests_Formatting_UrlencodeDeep" file="/var/www/html/test/wordpress_test/inpsyde_test/test/wp-content/plugins/plugintestslughere/tests/unit/tests/formatting/UrlencodeDeep.php" line="30" assertions="1" time="0.028803"/>
          <testcase name="test_urlencode_deep_should_encode_individual_value with data set #1" class="Tests_Formatting_UrlencodeDeep" classname="Tests_Formatting_UrlencodeDeep" file="/var/www/html/test/wordpress_test/inpsyde_test/test/wp-content/plugins/plugintestslughere/tests/unit/tests/formatting/UrlencodeDeep.php" line="30" assertions="1" time="0.023994"/>
          <testcase name="test_urlencode_deep_should_encode_individual_value with data set #2" class="Tests_Formatting_UrlencodeDeep" classname="Tests_Formatting_UrlencodeDeep" file="/var/www/html/test/wordpress_test/inpsyde_test/test/wp-content/plugins/plugintestslughere/tests/unit/tests/formatting/UrlencodeDeep.php" line="30" assertions="1" time="0.022978"/>
          <testcase name="test_urlencode_deep_should_encode_individual_value with data set #3" class="Tests_Formatting_UrlencodeDeep" classname="Tests_Formatting_UrlencodeDeep" file="/var/www/html/test/wordpress_test/inpsyde_test/test/wp-content/plugins/plugintestslughere/tests/unit/tests/formatting/UrlencodeDeep.php" line="30" assertions="1" time="0.022948"/>
          <testcase name="test_urlencode_deep_should_encode_individual_value with data set #4" class="Tests_Formatting_UrlencodeDeep" classname="Tests_Formatting_UrlencodeDeep" file="/var/www/html/test/wordpress_test/inpsyde_test/test/wp-content/plugins/plugintestslughere/tests/unit/tests/formatting/UrlencodeDeep.php" line="30" assertions="1" time="0.022762"/>
        </testsuite>
        <testcase name="test_urlencode_deep_should_encode_all_values_in_array" class="Tests_Formatting_UrlencodeDeep" classname="Tests_Formatting_UrlencodeDeep" file="/var/www/html/test/wordpress_test/inpsyde_test/test/wp-content/plugins/plugintestslughere/tests/unit/tests/formatting/UrlencodeDeep.php" line="37" assertions="1" time="0.021855"/>
      </testsuite>
      <testsuite name="Tests_Formatting_Utf8UriEncode" file="/var/www/html/test/wordpress_test/inpsyde_test/test/wp-content/plugins/plugintestslughere/tests/unit/tests/formatting/Utf8UriEncode.php" tests="12" assertions="12" errors="0" failures="0" skipped="0" time="0.292461">
        <testsuite name="Tests_Formatting_Utf8UriEncode::test_percent_encodes_non_reserved_characters" tests="6" assertions="6" errors="0" failures="0" skipped="0" time="0.152943">
          <testcase name="test_percent_encodes_non_reserved_characters with data set #0" class="Tests_Formatting_Utf8UriEncode" classname="Tests_Formatting_Utf8UriEncode" file="/var/www/html/test/wordpress_test/inpsyde_test/test/wp-content/plugins/plugintestslughere/tests/unit/tests/formatting/Utf8UriEncode.php" line="14" assertions="1" time="0.028700"/>
          <testcase name="test_percent_encodes_non_reserved_characters with data set #1" class="Tests_Formatting_Utf8UriEncode" classname="Tests_Formatting_Utf8UriEncode" file="/var/www/html/test/wordpress_test/inpsyde_test/test/wp-content/plugins/plugintestslughere/tests/unit/tests/formatting/Utf8UriEncode.php" line="14" assertions="1" time="0.023660"/>
          <testcase name="test_percent_encodes_non_reserved_characters with data set #2" class="Tests_Formatting_Utf8UriEncode" classname="Tests_Formatting_Utf8UriEncode" file="/var/www/html/test/wordpress_test/inpsyde_test/test/wp-content/plugins/plugintestslughere/tests/unit/tests/formatting/Utf8UriEncode.php" line="14" assertions="1" time="0.024625"/>
          <testcase name="test_percent_encodes_non_reserved_characters with data set #3" class="Tests_Formatting_Utf8UriEncode" classname="Tests_Formatting_Utf8UriEncode" file="/var/www/html/test/wordpress_test/inpsyde_test/test/wp-content/plugins/plugintestslughere/tests/unit/tests/formatting/Utf8UriEncode.php" line="14" assertions="1" time="0.022001"/>
          <testcase name="test_percent_encodes_non_reserved_characters with data set #4" class="Tests_Formatting_Utf8UriEncode" classname="Tests_Formatting_Utf8UriEncode" file="/var/www/html/test/wordpress_test/inpsyde_test/test/wp-content/plugins/plugintestslughere/tests/unit/tests/formatting/Utf8UriEncode.php" line="14" assertions="1" time="0.022101"/>
          <testcase name="test_percent_encodes_non_reserved_characters with data set #5" class="Tests_Formatting_Utf8UriEncode" classname="Tests_Formatting_Utf8UriEncode" file="/var/www/html/test/wordpress_test/inpsyde_test/test/wp-content/plugins/plugintestslughere/tests/unit/tests/formatting/Utf8UriEncode.php" line="14" assertions="1" time="0.031856"/>
        </testsuite>
        <testsuite name="Tests_Formatting_Utf8UriEncode::test_output_is_not_longer_than_optional_length_argument" tests="6" assertions="6" errors="0" failures="0" skipped="0" time="0.139518">
          <testcase name="test_output_is_not_longer_than_optional_length_argument with data set #0" class="Tests_Formatting_Utf8UriEncode" classname="Tests_Formatting_Utf8UriEncode" file="/var/www/html/test/wordpress_test/inpsyde_test/test/wp-content/plugins/plugintestslughere/tests/unit/tests/formatting/Utf8UriEncode.php" line="21" assertions="1" time="0.028988"/>
          <testcase name="test_output_is_not_longer_than_optional_length_argument with data set #1" class="Tests_Formatting_Utf8UriEncode" classname="Tests_Formatting_Utf8UriEncode" file="/var/www/html/test/wordpress_test/inpsyde_test/test/wp-content/plugins/plugintestslughere/tests/unit/tests/formatting/Utf8UriEncode.php" line="21" assertions="1" time="0.024606"/>
          <testcase name="test_output_is_not_longer_than_optional_length_argument with data set #2" class="Tests_Formatting_Utf8UriEncode" classname="Tests_Formatting_Utf8UriEncode" file="/var/www/html/test/wordpress_test/inpsyde_test/test/wp-content/plugins/plugintestslughere/tests/unit/tests/formatting/Utf8UriEncode.php" line="21" assertions="1" time="0.022635"/>
          <testcase name="test_output_is_not_longer_than_optional_length_argument with data set #3" class="Tests_Formatting_Utf8UriEncode" classname="Tests_Formatting_Utf8UriEncode" file="/var/www/html/test/wordpress_test/inpsyde_test/test/wp-content/plugins/plugintestslughere/tests/unit/tests/formatting/Utf8UriEncode.php" line="21" assertions="1" time="0.021279"/>
          <testcase name="test_output_is_not_longer_than_optional_length_argument with data set #4" class="Tests_Formatting_Utf8UriEncode" classname="Tests_Formatting_Utf8UriEncode" file="/var/www/html/test/wordpress_test/inpsyde_test/test/wp-content/plugins/plugintestslughere/tests/unit/tests/formatting/Utf8UriEncode.php" line="21" assertions="1" time="0.021305"/>
          <testcase name="test_output_is_not_longer_than_optional_length_argument with data set #5" class="Tests_Formatting_Utf8UriEncode" classname="Tests_Formatting_Utf8UriEncode" file="/var/www/html/test/wordpress_test/inpsyde_test/test/wp-content/plugins/plugintestslughere/tests/unit/tests/formatting/Utf8UriEncode.php" line="21" assertions="1" time="0.020705"/>
        </testsuite>
      </testsuite>
      <testsuite name="Tests_Formatting_WP_Basename" file="/var/www/html/test/wordpress_test/inpsyde_test/test/wp-content/plugins/plugintestslughere/tests/unit/tests/formatting/WPBasename.php" tests="4" assertions="4" errors="0" failures="0" skipped="0" time="0.125691">
        <testcase name="test_wp_basename_unix" class="Tests_Formatting_WP_Basename" classname="Tests_Formatting_WP_Basename" file="/var/www/html/test/wordpress_test/inpsyde_test/test/wp-content/plugins/plugintestslughere/tests/unit/tests/formatting/WPBasename.php" line="8" assertions="1" time="0.037614"/>
        <testcase name="test_wp_basename_unix_utf8_support" class="Tests_Formatting_WP_Basename" classname="Tests_Formatting_WP_Basename" file="/var/www/html/test/wordpress_test/inpsyde_test/test/wp-content/plugins/plugintestslughere/tests/unit/tests/formatting/WPBasename.php" line="15" assertions="1" time="0.032347"/>
        <testcase name="test_wp_basename_windows" class="Tests_Formatting_WP_Basename" classname="Tests_Formatting_WP_Basename" file="/var/www/html/test/wordpress_test/inpsyde_test/test/wp-content/plugins/plugintestslughere/tests/unit/tests/formatting/WPBasename.php" line="25" assertions="1" time="0.029357"/>
        <testcase name="test_wp_basename_windows_utf8_support" class="Tests_Formatting_WP_Basename" classname="Tests_Formatting_WP_Basename" file="/var/www/html/test/wordpress_test/inpsyde_test/test/wp-content/plugins/plugintestslughere/tests/unit/tests/formatting/WPBasename.php" line="35" assertions="1" time="0.026373"/>
      </testsuite>
      <testsuite name="Tests_Formatting_WPMakeLinkRelative" file="/var/www/html/test/wordpress_test/inpsyde_test/test/wp-content/plugins/plugintestslughere/tests/unit/tests/formatting/WPMakeLinkRelative.php" tests="5" assertions="5" errors="0" failures="0" skipped="0" time="0.127895">
        <testcase name="test_wp_make_link_relative_with_http_scheme" class="Tests_Formatting_WPMakeLinkRelative" classname="Tests_Formatting_WPMakeLinkRelative" file="/var/www/html/test/wordpress_test/inpsyde_test/test/wp-content/plugins/plugintestslughere/tests/unit/tests/formatting/WPMakeLinkRelative.php" line="8" assertions="1" time="0.028481"/>
        <testcase name="test_wp_make_link_relative_with_https_scheme" class="Tests_Formatting_WPMakeLinkRelative" classname="Tests_Formatting_WPMakeLinkRelative" file="/var/www/html/test/wordpress_test/inpsyde_test/test/wp-content/plugins/plugintestslughere/tests/unit/tests/formatting/WPMakeLinkRelative.php" line="14" assertions="1" time="0.024937"/>
        <testcase name="test_wp_make_link_relative_with_no_scheme" class="Tests_Formatting_WPMakeLinkRelative" classname="Tests_Formatting_WPMakeLinkRelative" file="/var/www/html/test/wordpress_test/inpsyde_test/test/wp-content/plugins/plugintestslughere/tests/unit/tests/formatting/WPMakeLinkRelative.php" line="23" assertions="1" time="0.024983"/>
        <testcase name="test_wp_make_link_relative_should_retain_URL_param_that_is_also_a_URL" class="Tests_Formatting_WPMakeLinkRelative" classname="Tests_Formatting_WPMakeLinkRelative" file="/var/www/html/test/wordpress_test/inpsyde_test/test/wp-content/plugins/plugintestslughere/tests/unit/tests/formatting/WPMakeLinkRelative.php" line="32" assertions="1" time="0.022841"/>
        <testcase name="test_wp_make_link_relative_with_no_path" class="Tests_Formatting_WPMakeLinkRelative" classname="Tests_Formatting_WPMakeLinkRelative" file="/var/www/html/test/wordpress_test/inpsyde_test/test/wp-content/plugins/plugintestslughere/tests/unit/tests/formatting/WPMakeLinkRelative.php" line="41" assertions="1" time="0.026653"/>
      </testsuite>
      <testsuite name="Tests_Rel_No_Follow" file="/var/www/html/test/wordpress_test/inpsyde_test/test/wp-content/plugins/plugintestslughere/tests/unit/tests/formatting/WPRelNoFollow.php" tests="12" assertions="12" errors="0" failures="0" skipped="0" time="0.282703">
        <testcase name="test_add_no_follow" class="Tests_Rel_No_Follow" classname="Tests_Rel_No_Follow" file="/var/www/html/test/wordpress_test/inpsyde_test/test/wp-content/plugins/plugintestslughere/tests/unit/tests/formatting/WPRelNoFollow.php" line="11" assertions="1" time="0.025283"/>
        <testcase name="test_convert_no_follow" class="Tests_Rel_No_Follow" classname="Tests_Rel_No_Follow" file="/var/www/html/test/wordpress_test/inpsyde_test/test/wp-content/plugins/plugintestslughere/tests/unit/tests/formatting/WPRelNoFollow.php" line="20" assertions="1" time="0.023216"/>
        <testsuite name="Tests_Rel_No_Follow::test_wp_rel_nofollow" tests="9" assertions="9" errors="0" failures="0" skipped="0" time="0.208729">
          <testcase name="test_wp_rel_nofollow with data set #0" class="Tests_Rel_No_Follow" classname="Tests_Rel_No_Follow" file="/var/www/html/test/wordpress_test/inpsyde_test/test/wp-content/plugins/plugintestslughere/tests/unit/tests/formatting/WPRelNoFollow.php" line="30" assertions="1" time="0.023217"/>
          <testcase name="test_wp_rel_nofollow with data set #1" class="Tests_Rel_No_Follow" classname="Tests_Rel_No_Follow" file="/var/www/html/test/wordpress_test/inpsyde_test/test/wp-content/plugins/plugintestslughere/tests/unit/tests/formatting/WPRelNoFollow.php" line="30" assertions="1" time="0.023462"/>
          <testcase name="test_wp_rel_nofollow with data set #2" class="Tests_Rel_No_Follow" classname="Tests_Rel_No_Follow" file="/var/www/html/test/wordpress_test/inpsyde_test/test/wp-content/plugins/plugintestslughere/tests/unit/tests/formatting/WPRelNoFollow.php" line="30" assertions="1" time="0.023637"/>
          <testcase name="test_wp_rel_nofollow with data set #3" class="Tests_Rel_No_Follow" classname="Tests_Rel_No_Follow" file="/var/www/html/test/wordpress_test/inpsyde_test/test/wp-content/plugins/plugintestslughere/tests/unit/tests/formatting/WPRelNoFollow.php" line="30" assertions="1" time="0.023990"/>
          <testcase name="test_wp_rel_nofollow with data set #4" class="Tests_Rel_No_Follow" classname="Tests_Rel_No_Follow" file="/var/www/html/test/wordpress_test/inpsyde_test/test/wp-content/plugins/plugintestslughere/tests/unit/tests/formatting/WPRelNoFollow.php" line="30" assertions="1" time="0.023066"/>
          <testcase name="test_wp_rel_nofollow with data set #5" class="Tests_Rel_No_Follow" classname="Tests_Rel_No_Follow" file="/var/www/html/test/wordpress_test/inpsyde_test/test/wp-content/plugins/plugintestslughere/tests/unit/tests/formatting/WPRelNoFollow.php" line="30" assertions="1" time="0.022870"/>
          <testcase name="test_wp_rel_nofollow with data set #6" class="Tests_Rel_No_Follow" classname="Tests_Rel_No_Follow" file="/var/www/html/test/wordpress_test/inpsyde_test/test/wp-content/plugins/plugintestslughere/tests/unit/tests/formatting/WPRelNoFollow.php" line="30" assertions="1" time="0.023033"/>
          <testcase name="test_wp_rel_nofollow with data set #7" class="Tests_Rel_No_Follow" classname="Tests_Rel_No_Follow" file="/var/www/html/test/wordpress_test/inpsyde_test/test/wp-content/plugins/plugintestslughere/tests/unit/tests/formatting/WPRelNoFollow.php" line="30" assertions="1" time="0.021731"/>
          <testcase name="test_wp_rel_nofollow with data set #8" class="Tests_Rel_No_Follow" classname="Tests_Rel_No_Follow" file="/var/www/html/test/wordpress_test/inpsyde_test/test/wp-content/plugins/plugintestslughere/tests/unit/tests/formatting/WPRelNoFollow.php" line="30" assertions="1" time="0.023723"/>
        </testsuite>
        <testcase name="test_append_no_follow_with_valueless_attribute" class="Tests_Rel_No_Follow" classname="Tests_Rel_No_Follow" file="/var/www/html/test/wordpress_test/inpsyde_test/test/wp-content/plugins/plugintestslughere/tests/unit/tests/formatting/WPRelNoFollow.php" line="78" assertions="1" time="0.025475"/>
      </testsuite>
      <testsuite name="Tests_Rel_Ugc" file="/var/www/html/test/wordpress_test/inpsyde_test/test/wp-content/plugins/plugintestslughere/tests/unit/tests/formatting/WPRelUgc.php" tests="12" assertions="12" errors="0" failures="0" skipped="0" time="0.305508">
        <testcase name="test_add_ugc" class="Tests_Rel_Ugc" classname="Tests_Rel_Ugc" file="/var/www/html/test/wordpress_test/inpsyde_test/test/wp-content/plugins/plugintestslughere/tests/unit/tests/formatting/WPRelUgc.php" line="11" assertions="1" time="0.027409"/>
        <testcase name="test_convert_ugc" class="Tests_Rel_Ugc" classname="Tests_Rel_Ugc" file="/var/www/html/test/wordpress_test/inpsyde_test/test/wp-content/plugins/plugintestslughere/tests/unit/tests/formatting/WPRelUgc.php" line="20" assertions="1" time="0.026003"/>
        <testsuite name="Tests_Rel_Ugc::test_wp_rel_ugc" tests="9" assertions="9" errors="0" failures="0" skipped="0" time="0.228425">
          <testcase name="test_wp_rel_ugc with data set #0" class="Tests_Rel_Ugc" classname="Tests_Rel_Ugc" file="/var/www/html/test/wordpress_test/inpsyde_test/test/wp-content/plugins/plugintestslughere/tests/unit/tests/formatting/WPRelUgc.php" line="30" assertions="1" time="0.028298"/>
          <testcase name="test_wp_rel_ugc with data set #1" class="Tests_Rel_Ugc" classname="Tests_Rel_Ugc" file="/var/www/html/test/wordpress_test/inpsyde_test/test/wp-content/plugins/plugintestslughere/tests/unit/tests/formatting/WPRelUgc.php" line="30" assertions="1" time="0.025539"/>
          <testcase name="test_wp_rel_ugc with data set #2" class="Tests_Rel_Ugc" classname="Tests_Rel_Ugc" file="/var/www/html/test/wordpress_test/inpsyde_test/test/wp-content/plugins/plugintestslughere/tests/unit/tests/formatting/WPRelUgc.php" line="30" assertions="1" time="0.024629"/>
          <testcase name="test_wp_rel_ugc with data set #3" class="Tests_Rel_Ugc" classname="Tests_Rel_Ugc" file="/var/www/html/test/wordpress_test/inpsyde_test/test/wp-content/plugins/plugintestslughere/tests/unit/tests/formatting/WPRelUgc.php" line="30" assertions="1" time="0.027923"/>
          <testcase name="test_wp_rel_ugc with data set #4" class="Tests_Rel_Ugc" classname="Tests_Rel_Ugc" file="/var/www/html/test/wordpress_test/inpsyde_test/test/wp-content/plugins/plugintestslughere/tests/unit/tests/formatting/WPRelUgc.php" line="30" assertions="1" time="0.023631"/>
          <testcase name="test_wp_rel_ugc with data set #5" class="Tests_Rel_Ugc" classname="Tests_Rel_Ugc" file="/var/www/html/test/wordpress_test/inpsyde_test/test/wp-content/plugins/plugintestslughere/tests/unit/tests/formatting/WPRelUgc.php" line="30" assertions="1" time="0.024876"/>
          <testcase name="test_wp_rel_ugc with data set #6" class="Tests_Rel_Ugc" classname="Tests_Rel_Ugc" file="/var/www/html/test/wordpress_test/inpsyde_test/test/wp-content/plugins/plugintestslughere/tests/unit/tests/formatting/WPRelUgc.php" line="30" assertions="1" time="0.023792"/>
          <testcase name="test_wp_rel_ugc with data set #7" class="Tests_Rel_Ugc" classname="Tests_Rel_Ugc" file="/var/www/html/test/wordpress_test/inpsyde_test/test/wp-content/plugins/plugintestslughere/tests/unit/tests/formatting/WPRelUgc.php" line="30" assertions="1" time="0.024246"/>
          <testcase name="test_wp_rel_ugc with data set #8" class="Tests_Rel_Ugc" classname="Tests_Rel_Ugc" file="/var/www/html/test/wordpress_test/inpsyde_test/test/wp-content/plugins/plugintestslughere/tests/unit/tests/formatting/WPRelUgc.php" line="30" assertions="1" time="0.025491"/>
        </testsuite>
        <testcase name="test_append_ugc_with_valueless_attribute" class="Tests_Rel_Ugc" classname="Tests_Rel_Ugc" file="/var/www/html/test/wordpress_test/inpsyde_test/test/wp-content/plugins/plugintestslughere/tests/unit/tests/formatting/WPRelUgc.php" line="78" assertions="1" time="0.023671"/>
      </testsuite>
      <testsuite name="Tests_Formatting_WPSlash" file="/var/www/html/test/wordpress_test/inpsyde_test/test/wp-content/plugins/plugintestslughere/tests/unit/tests/formatting/WPSlash.php" tests="9" assertions="20" errors="0" failures="0" skipped="0" time="0.242305">
        <testsuite name="Tests_Formatting_WPSlash::test_wp_slash" tests="6" assertions="6" errors="0" failures="0" skipped="0" time="0.171737">
          <testcase name="test_wp_slash with data set #0" class="Tests_Formatting_WPSlash" classname="Tests_Formatting_WPSlash" file="/var/www/html/test/wordpress_test/inpsyde_test/test/wp-content/plugins/plugintestslughere/tests/unit/tests/formatting/WPSlash.php" line="16" assertions="1" time="0.036266"/>
          <testcase name="test_wp_slash with data set #1" class="Tests_Formatting_WPSlash" classname="Tests_Formatting_WPSlash" file="/var/www/html/test/wordpress_test/inpsyde_test/test/wp-content/plugins/plugintestslughere/tests/unit/tests/formatting/WPSlash.php" line="16" assertions="1" time="0.034178"/>
          <testcase name="test_wp_slash with data set #2" class="Tests_Formatting_WPSlash" classname="Tests_Formatting_WPSlash" file="/var/www/html/test/wordpress_test/inpsyde_test/test/wp-content/plugins/plugintestslughere/tests/unit/tests/formatting/WPSlash.php" line="16" assertions="1" time="0.027250"/>
          <testcase name="test_wp_slash with data set #3" class="Tests_Formatting_WPSlash" classname="Tests_Formatting_WPSlash" file="/var/www/html/test/wordpress_test/inpsyde_test/test/wp-content/plugins/plugintestslughere/tests/unit/tests/formatting/WPSlash.php" line="16" assertions="1" time="0.024950"/>
          <testcase name="test_wp_slash with data set #4" class="Tests_Formatting_WPSlash" classname="Tests_Formatting_WPSlash" file="/var/www/html/test/wordpress_test/inpsyde_test/test/wp-content/plugins/plugintestslughere/tests/unit/tests/formatting/WPSlash.php" line="16" assertions="1" time="0.025176"/>
          <testcase name="test_wp_slash with data set #5" class="Tests_Formatting_WPSlash" classname="Tests_Formatting_WPSlash" file="/var/www/html/test/wordpress_test/inpsyde_test/test/wp-content/plugins/plugintestslughere/tests/unit/tests/formatting/WPSlash.php" line="16" assertions="1" time="0.023917"/>
        </testsuite>
        <testcase name="test_adds_slashes" class="Tests_Formatting_WPSlash" classname="Tests_Formatting_WPSlash" file="/var/www/html/test/wordpress_test/inpsyde_test/test/wp-content/plugins/plugintestslughere/tests/unit/tests/formatting/WPSlash.php" line="57" assertions="4" time="0.024243"/>
        <testcase name="test_preserves_original_datatype" class="Tests_Formatting_WPSlash" classname="Tests_Formatting_WPSlash" file="/var/www/html/test/wordpress_test/inpsyde_test/test/wp-content/plugins/plugintestslughere/tests/unit/tests/formatting/WPSlash.php" line="69" assertions="7" time="0.023914"/>
        <testcase name="test_add_even_more_slashes" class="Tests_Formatting_WPSlash" classname="Tests_Formatting_WPSlash" file="/var/www/html/test/wordpress_test/inpsyde_test/test/wp-content/plugins/plugintestslughere/tests/unit/tests/formatting/WPSlash.php" line="95" assertions="3" time="0.022411"/>
      </testsuite>
      <testsuite name="Tests_Formatting_WPSpecialchars" file="/var/www/html/test/wordpress_test/inpsyde_test/test/wp-content/plugins/plugintestslughere/tests/unit/tests/formatting/WPSpecialchars.php" tests="10" assertions="274" errors="0" failures="0" skipped="0" time="0.261098">
        <testcase name="test_wp_specialchars_basics" class="Tests_Formatting_WPSpecialchars" classname="Tests_Formatting_WPSpecialchars" file="/var/www/html/test/wordpress_test/inpsyde_test/test/wp-content/plugins/plugintestslughere/tests/unit/tests/formatting/WPSpecialchars.php" line="7" assertions="2" time="0.027839"/>
        <testcase name="test_allowed_entity_names" class="Tests_Formatting_WPSpecialchars" classname="Tests_Formatting_WPSpecialchars" file="/var/www/html/test/wordpress_test/inpsyde_test/test/wp-content/plugins/plugintestslughere/tests/unit/tests/formatting/WPSpecialchars.php" line="15" assertions="252" time="0.038103"/>
        <testcase name="test_not_allowed_entity_names" class="Tests_Formatting_WPSpecialchars" classname="Tests_Formatting_WPSpecialchars" file="/var/www/html/test/wordpress_test/inpsyde_test/test/wp-content/plugins/plugintestslughere/tests/unit/tests/formatting/WPSpecialchars.php" line="29" assertions="10" time="0.032380"/>
        <testcase name="test_optionally_escapes_quotes" class="Tests_Formatting_WPSpecialchars" classname="Tests_Formatting_WPSpecialchars" file="/var/www/html/test/wordpress_test/inpsyde_test/test/wp-content/plugins/plugintestslughere/tests/unit/tests/formatting/WPSpecialchars.php" line="39" assertions="4" time="0.025648"/>
        <testsuite name="Tests_Formatting_WPSpecialchars::test_double_encoding" tests="3" assertions="3" errors="0" failures="0" skipped="0" time="0.068142">
          <testcase name="test_double_encoding with data set #0" class="Tests_Formatting_WPSpecialchars" classname="Tests_Formatting_WPSpecialchars" file="/var/www/html/test/wordpress_test/inpsyde_test/test/wp-content/plugins/plugintestslughere/tests/unit/tests/formatting/WPSpecialchars.php" line="53" assertions="1" time="0.022377"/>
          <testcase name="test_double_encoding with data set #1" class="Tests_Formatting_WPSpecialchars" classname="Tests_Formatting_WPSpecialchars" file="/var/www/html/test/wordpress_test/inpsyde_test/test/wp-content/plugins/plugintestslughere/tests/unit/tests/formatting/WPSpecialchars.php" line="53" assertions="1" time="0.022353"/>
          <testcase name="test_double_encoding with data set #2" class="Tests_Formatting_WPSpecialchars" classname="Tests_Formatting_WPSpecialchars" file="/var/www/html/test/wordpress_test/inpsyde_test/test/wp-content/plugins/plugintestslughere/tests/unit/tests/formatting/WPSpecialchars.php" line="53" assertions="1" time="0.023412"/>
        </testsuite>
        <testsuite name="Tests_Formatting_WPSpecialchars::test_no_double_encoding" tests="3" assertions="3" errors="0" failures="0" skipped="0" time="0.068986">
          <testcase name="test_no_double_encoding with data set #0" class="Tests_Formatting_WPSpecialchars" classname="Tests_Formatting_WPSpecialchars" file="/var/www/html/test/wordpress_test/inpsyde_test/test/wp-content/plugins/plugintestslughere/tests/unit/tests/formatting/WPSpecialchars.php" line="80" assertions="1" time="0.024116"/>
          <testcase name="test_no_double_encoding with data set #1" class="Tests_Formatting_WPSpecialchars" classname="Tests_Formatting_WPSpecialchars" file="/var/www/html/test/wordpress_test/inpsyde_test/test/wp-content/plugins/plugintestslughere/tests/unit/tests/formatting/WPSpecialchars.php" line="80" assertions="1" time="0.022935"/>
          <testcase name="test_no_double_encoding with data set #2" class="Tests_Formatting_WPSpecialchars" classname="Tests_Formatting_WPSpecialchars" file="/var/www/html/test/wordpress_test/inpsyde_test/test/wp-content/plugins/plugintestslughere/tests/unit/tests/formatting/WPSpecialchars.php" line="80" assertions="1" time="0.021935"/>
        </testsuite>
      </testsuite>
      <testsuite name="Tests_Formatting_WPStripAllTags" file="/var/www/html/test/wordpress_test/inpsyde_test/test/wp-content/plugins/plugintestslughere/tests/unit/tests/formatting/WPStripAllTags.php" tests="1" assertions="6" errors="0" failures="0" skipped="0" time="0.032258">
        <testcase name="test_wp_strip_all_tags" class="Tests_Formatting_WPStripAllTags" classname="Tests_Formatting_WPStripAllTags" file="/var/www/html/test/wordpress_test/inpsyde_test/test/wp-content/plugins/plugintestslughere/tests/unit/tests/formatting/WPStripAllTags.php" line="9" assertions="6" time="0.032258"/>
      </testsuite>
      <testsuite name="Tests_Targeted_Link_Rel" file="/var/www/html/test/wordpress_test/inpsyde_test/test/wp-content/plugins/plugintestslughere/tests/unit/tests/formatting/WPTargetedLinkRel.php" tests="16" assertions="16" errors="0" failures="0" skipped="0" time="0.458215">
        <testcase name="test_add_to_links_with_target_blank" class="Tests_Targeted_Link_Rel" classname="Tests_Targeted_Link_Rel" file="/var/www/html/test/wordpress_test/inpsyde_test/test/wp-content/plugins/plugintestslughere/tests/unit/tests/formatting/WPTargetedLinkRel.php" line="9" assertions="1" time="0.030717"/>
        <testcase name="test_add_to_links_with_target_foo" class="Tests_Targeted_Link_Rel" classname="Tests_Targeted_Link_Rel" file="/var/www/html/test/wordpress_test/inpsyde_test/test/wp-content/plugins/plugintestslughere/tests/unit/tests/formatting/WPTargetedLinkRel.php" line="15" assertions="1" time="0.029683"/>
        <testcase name="test_target_as_first_attribute" class="Tests_Targeted_Link_Rel" classname="Tests_Targeted_Link_Rel" file="/var/www/html/test/wordpress_test/inpsyde_test/test/wp-content/plugins/plugintestslughere/tests/unit/tests/formatting/WPTargetedLinkRel.php" line="21" assertions="1" time="0.026753"/>
        <testcase name="test_add_to_existing_rel" class="Tests_Targeted_Link_Rel" classname="Tests_Targeted_Link_Rel" file="/var/www/html/test/wordpress_test/inpsyde_test/test/wp-content/plugins/plugintestslughere/tests/unit/tests/formatting/WPTargetedLinkRel.php" line="27" assertions="1" time="0.025137"/>
        <testcase name="test_no_duplicate_values_added" class="Tests_Targeted_Link_Rel" classname="Tests_Targeted_Link_Rel" file="/var/www/html/test/wordpress_test/inpsyde_test/test/wp-content/plugins/plugintestslughere/tests/unit/tests/formatting/WPTargetedLinkRel.php" line="33" assertions="1" time="0.023491"/>
        <testcase name="test_rel_with_single_quote_delimiter" class="Tests_Targeted_Link_Rel" classname="Tests_Targeted_Link_Rel" file="/var/www/html/test/wordpress_test/inpsyde_test/test/wp-content/plugins/plugintestslughere/tests/unit/tests/formatting/WPTargetedLinkRel.php" line="39" assertions="1" time="0.022822"/>
        <testcase name="test_rel_with_no_delimiter" class="Tests_Targeted_Link_Rel" classname="Tests_Targeted_Link_Rel" file="/var/www/html/test/wordpress_test/inpsyde_test/test/wp-content/plugins/plugintestslughere/tests/unit/tests/formatting/WPTargetedLinkRel.php" line="45" assertions="1" time="0.023210"/>
        <testcase name="test_rel_value_spaced_and_no_delimiter" class="Tests_Targeted_Link_Rel" classname="Tests_Targeted_Link_Rel" file="/var/www/html/test/wordpress_test/inpsyde_test/test/wp-content/plugins/plugintestslughere/tests/unit/tests/formatting/WPTargetedLinkRel.php" line="51" assertions="1" time="0.022687"/>
        <testcase name="test_escaped_quotes" class="Tests_Targeted_Link_Rel" classname="Tests_Targeted_Link_Rel" file="/var/www/html/test/wordpress_test/inpsyde_test/test/wp-content/plugins/plugintestslughere/tests/unit/tests/formatting/WPTargetedLinkRel.php" line="57" assertions="1" time="0.023084"/>
        <testcase name="test_ignore_links_with_no_target" class="Tests_Targeted_Link_Rel" classname="Tests_Targeted_Link_Rel" file="/var/www/html/test/wordpress_test/inpsyde_test/test/wp-content/plugins/plugintestslughere/tests/unit/tests/formatting/WPTargetedLinkRel.php" line="63" assertions="1" time="0.022736"/>
        <testcase name="test_ignore_if_wp_targeted_link_rel_nulled" class="Tests_Targeted_Link_Rel" classname="Tests_Targeted_Link_Rel" file="/var/www/html/test/wordpress_test/inpsyde_test/test/wp-content/plugins/plugintestslughere/tests/unit/tests/formatting/WPTargetedLinkRel.php" line="74" assertions="1" time="0.022772"/>
        <testcase name="test_wp_targeted_link_rel_filters_run" class="Tests_Targeted_Link_Rel" classname="Tests_Targeted_Link_Rel" file="/var/www/html/test/wordpress_test/inpsyde_test/test/wp-content/plugins/plugintestslughere/tests/unit/tests/formatting/WPTargetedLinkRel.php" line="86" assertions="1" time="0.090516"/>
        <testcase name="test_wp_targeted_link_rel_should_preserve_json" class="Tests_Targeted_Link_Rel" classname="Tests_Targeted_Link_Rel" file="/var/www/html/test/wordpress_test/inpsyde_test/test/wp-content/plugins/plugintestslughere/tests/unit/tests/formatting/WPTargetedLinkRel.php" line="104" assertions="1" time="0.026121"/>
        <testcase name="test_wp_targeted_link_rel_skips_style_and_scripts" class="Tests_Targeted_Link_Rel" classname="Tests_Targeted_Link_Rel" file="/var/www/html/test/wordpress_test/inpsyde_test/test/wp-content/plugins/plugintestslughere/tests/unit/tests/formatting/WPTargetedLinkRel.php" line="115" assertions="1" time="0.023787"/>
        <testcase name="test_ignore_entirely_serialized_content" class="Tests_Targeted_Link_Rel" classname="Tests_Targeted_Link_Rel" file="/var/www/html/test/wordpress_test/inpsyde_test/test/wp-content/plugins/plugintestslughere/tests/unit/tests/formatting/WPTargetedLinkRel.php" line="126" assertions="1" time="0.022075"/>
        <testcase name="test_wp_targeted_link_rel_tab_separated_values_are_split" class="Tests_Targeted_Link_Rel" classname="Tests_Targeted_Link_Rel" file="/var/www/html/test/wordpress_test/inpsyde_test/test/wp-content/plugins/plugintestslughere/tests/unit/tests/formatting/WPTargetedLinkRel.php" line="132" assertions="1" time="0.022624"/>
      </testsuite>
      <testsuite name="Tests_Formatting_WPTexturize" file="/var/www/html/test/wordpress_test/inpsyde_test/test/wp-content/plugins/plugintestslughere/tests/unit/tests/formatting/WPTexturize.php" tests="357" assertions="441" errors="0" failures="0" skipped="0" time="8.241664">
        <testcase name="test_dashes" class="Tests_Formatting_WPTexturize" classname="Tests_Formatting_WPTexturize" file="/var/www/html/test/wordpress_test/inpsyde_test/test/wp-content/plugins/plugintestslughere/tests/unit/tests/formatting/WPTexturize.php" line="7" assertions="2" time="0.036637"/>
        <testcase name="test_disable" class="Tests_Formatting_WPTexturize" classname="Tests_Formatting_WPTexturize" file="/var/www/html/test/wordpress_test/inpsyde_test/test/wp-content/plugins/plugintestslughere/tests/unit/tests/formatting/WPTexturize.php" line="12" assertions="11" time="0.031897"/>
        <testcase name="test_bracketed_quotes_1418" class="Tests_Formatting_WPTexturize" classname="Tests_Formatting_WPTexturize" file="/var/www/html/test/wordpress_test/inpsyde_test/test/wp-content/plugins/plugintestslughere/tests/unit/tests/formatting/WPTexturize.php" line="38" assertions="3" time="0.020652"/>
        <testcase name="test_bracketed_quotes_3810" class="Tests_Formatting_WPTexturize" classname="Tests_Formatting_WPTexturize" file="/var/www/html/test/wordpress_test/inpsyde_test/test/wp-content/plugins/plugintestslughere/tests/unit/tests/formatting/WPTexturize.php" line="47" assertions="1" time="0.021687"/>
        <testcase name="test_basic_quotes" class="Tests_Formatting_WPTexturize" classname="Tests_Formatting_WPTexturize" file="/var/www/html/test/wordpress_test/inpsyde_test/test/wp-content/plugins/plugintestslughere/tests/unit/tests/formatting/WPTexturize.php" line="54" assertions="11" time="0.022152"/>
        <testcase name="test_full_sentences_with_unmatched_single_quotes" class="Tests_Formatting_WPTexturize" classname="Tests_Formatting_WPTexturize" file="/var/www/html/test/wordpress_test/inpsyde_test/test/wp-content/plugins/plugintestslughere/tests/unit/tests/formatting/WPTexturize.php" line="77" assertions="1" time="0.020345"/>
        <testcase name="test_quotes" class="Tests_Formatting_WPTexturize" classname="Tests_Formatting_WPTexturize" file="/var/www/html/test/wordpress_test/inpsyde_test/test/wp-content/plugins/plugintestslughere/tests/unit/tests/formatting/WPTexturize.php" line="87" assertions="5" time="0.021746"/>
        <testcase name="test_quotes_before_s" class="Tests_Formatting_WPTexturize" classname="Tests_Formatting_WPTexturize" file="/var/www/html/test/wordpress_test/inpsyde_test/test/wp-content/plugins/plugintestslughere/tests/unit/tests/formatting/WPTexturize.php" line="106" assertions="5" time="0.020823"/>
        <testcase name="test_quotes_before_numbers" class="Tests_Formatting_WPTexturize" classname="Tests_Formatting_WPTexturize" file="/var/www/html/test/wordpress_test/inpsyde_test/test/wp-content/plugins/plugintestslughere/tests/unit/tests/formatting/WPTexturize.php" line="117" assertions="23" time="0.022816"/>
        <testcase name="test_quotes_after_numbers" class="Tests_Formatting_WPTexturize" classname="Tests_Formatting_WPTexturize" file="/var/www/html/test/wordpress_test/inpsyde_test/test/wp-content/plugins/plugintestslughere/tests/unit/tests/formatting/WPTexturize.php" line="144" assertions="1" time="0.020728"/>
        <testcase name="test_other_html" class="Tests_Formatting_WPTexturize" classname="Tests_Formatting_WPTexturize" file="/var/www/html/test/wordpress_test/inpsyde_test/test/wp-content/plugins/plugintestslughere/tests/unit/tests/formatting/WPTexturize.php" line="152" assertions="1" time="0.021003"/>
        <testcase name="test_x" class="Tests_Formatting_WPTexturize" classname="Tests_Formatting_WPTexturize" file="/var/www/html/test/wordpress_test/inpsyde_test/test/wp-content/plugins/plugintestslughere/tests/unit/tests/formatting/WPTexturize.php" line="158" assertions="1" time="0.021423"/>
        <testcase name="test_minutes_seconds" class="Tests_Formatting_WPTexturize" classname="Tests_Formatting_WPTexturize" file="/var/www/html/test/wordpress_test/inpsyde_test/test/wp-content/plugins/plugintestslughere/tests/unit/tests/formatting/WPTexturize.php" line="162" assertions="6" time="0.020910"/>
        <testcase name="test_wptexturize_quotes_around_numbers" class="Tests_Formatting_WPTexturize" classname="Tests_Formatting_WPTexturize" file="/var/www/html/test/wordpress_test/inpsyde_test/test/wp-content/plugins/plugintestslughere/tests/unit/tests/formatting/WPTexturize.php" line="176" assertions="4" time="0.021102"/>
        <testcase name="test_wptexturize_html_comments" class="Tests_Formatting_WPTexturize" classname="Tests_Formatting_WPTexturize" file="/var/www/html/test/wordpress_test/inpsyde_test/test/wp-content/plugins/plugintestslughere/tests/unit/tests/formatting/WPTexturize.php" line="186" assertions="3" time="0.020965"/>
        <testcase name="test_entity_quote_cuddling" class="Tests_Formatting_WPTexturize" classname="Tests_Formatting_WPTexturize" file="/var/www/html/test/wordpress_test/inpsyde_test/test/wp-content/plugins/plugintestslughere/tests/unit/tests/formatting/WPTexturize.php" line="196" assertions="1" time="0.021692"/>
        <testcase name="test_apostrophes_before_primes" class="Tests_Formatting_WPTexturize" classname="Tests_Formatting_WPTexturize" file="/var/www/html/test/wordpress_test/inpsyde_test/test/wp-content/plugins/plugintestslughere/tests/unit/tests/formatting/WPTexturize.php" line="204" assertions="1" time="0.021167"/>
        <testcase name="test_spaces_around_hyphens" class="Tests_Formatting_WPTexturize" classname="Tests_Formatting_WPTexturize" file="/var/www/html/test/wordpress_test/inpsyde_test/test/wp-content/plugins/plugintestslughere/tests/unit/tests/formatting/WPTexturize.php" line="211" assertions="14" time="0.022168"/>
        <testcase name="test_hyphens_at_start_and_end" class="Tests_Formatting_WPTexturize" classname="Tests_Formatting_WPTexturize" file="/var/www/html/test/wordpress_test/inpsyde_test/test/wp-content/plugins/plugintestslughere/tests/unit/tests/formatting/WPTexturize.php" line="234" assertions="6" time="0.022285"/>
        <testcase name="test_spaces_around_quotes_never" class="Tests_Formatting_WPTexturize" classname="Tests_Formatting_WPTexturize" file="/var/www/html/test/wordpress_test/inpsyde_test/test/wp-content/plugins/plugintestslughere/tests/unit/tests/formatting/WPTexturize.php" line="251" assertions="1" time="0.022683"/>
        <testsuite name="Tests_Formatting_WPTexturize::test_spaces_around_quotes" tests="9" assertions="9" errors="0" failures="0" skipped="0" time="0.194174">
          <testcase name="test_spaces_around_quotes with data set #0" class="Tests_Formatting_WPTexturize" classname="Tests_Formatting_WPTexturize" file="/var/www/html/test/wordpress_test/inpsyde_test/test/wp-content/plugins/plugintestslughere/tests/unit/tests/formatting/WPTexturize.php" line="268" assertions="1" time="0.020997"/>
          <testcase name="test_spaces_around_quotes with data set #1" class="Tests_Formatting_WPTexturize" classname="Tests_Formatting_WPTexturize" file="/var/www/html/test/wordpress_test/inpsyde_test/test/wp-content/plugins/plugintestslughere/tests/unit/tests/formatting/WPTexturize.php" line="268" assertions="1" time="0.021629"/>
          <testcase name="test_spaces_around_quotes with data set #2" class="Tests_Formatting_WPTexturize" classname="Tests_Formatting_WPTexturize" file="/var/www/html/test/wordpress_test/inpsyde_test/test/wp-content/plugins/plugintestslughere/tests/unit/tests/formatting/WPTexturize.php" line="268" assertions="1" time="0.021573"/>
          <testcase name="test_spaces_around_quotes with data set #3" class="Tests_Formatting_WPTexturize" classname="Tests_Formatting_WPTexturize" file="/var/www/html/test/wordpress_test/inpsyde_test/test/wp-content/plugins/plugintestslughere/tests/unit/tests/formatting/WPTexturize.php" line="268" assertions="1" time="0.020596"/>
          <testcase name="test_spaces_around_quotes with data set #4" class="Tests_Formatting_WPTexturize" classname="Tests_Formatting_WPTexturize" file="/var/www/html/test/wordpress_test/inpsyde_test/test/wp-content/plugins/plugintestslughere/tests/unit/tests/formatting/WPTexturize.php" line="268" assertions="1" time="0.022411"/>
          <testcase name="test_spaces_around_quotes with data set #5" class="Tests_Formatting_WPTexturize" classname="Tests_Formatting_WPTexturize" file="/var/www/html/test/wordpress_test/inpsyde_test/test/wp-content/plugins/plugintestslughere/tests/unit/tests/formatting/WPTexturize.php" line="268" assertions="1" time="0.022652"/>
          <testcase name="test_spaces_around_quotes with data set #6" class="Tests_Formatting_WPTexturize" classname="Tests_Formatting_WPTexturize" file="/var/www/html/test/wordpress_test/inpsyde_test/test/wp-content/plugins/plugintestslughere/tests/unit/tests/formatting/WPTexturize.php" line="268" assertions="1" time="0.021539"/>
          <testcase name="test_spaces_around_quotes with data set #7" class="Tests_Formatting_WPTexturize" classname="Tests_Formatting_WPTexturize" file="/var/www/html/test/wordpress_test/inpsyde_test/test/wp-content/plugins/plugintestslughere/tests/unit/tests/formatting/WPTexturize.php" line="268" assertions="1" time="0.021293"/>
          <testcase name="test_spaces_around_quotes with data set #8" class="Tests_Formatting_WPTexturize" classname="Tests_Formatting_WPTexturize" file="/var/www/html/test/wordpress_test/inpsyde_test/test/wp-content/plugins/plugintestslughere/tests/unit/tests/formatting/WPTexturize.php" line="268" assertions="1" time="0.021484"/>
        </testsuite>
        <testsuite name="Tests_Formatting_WPTexturize::test_apos_before_digits" tests="6" assertions="6" errors="0" failures="0" skipped="0" time="0.130767">
          <testcase name="test_apos_before_digits with data set #0" class="Tests_Formatting_WPTexturize" classname="Tests_Formatting_WPTexturize" file="/var/www/html/test/wordpress_test/inpsyde_test/test/wp-content/plugins/plugintestslughere/tests/unit/tests/formatting/WPTexturize.php" line="324" assertions="1" time="0.021905"/>
          <testcase name="test_apos_before_digits with data set #1" class="Tests_Formatting_WPTexturize" classname="Tests_Formatting_WPTexturize" file="/var/www/html/test/wordpress_test/inpsyde_test/test/wp-content/plugins/plugintestslughere/tests/unit/tests/formatting/WPTexturize.php" line="324" assertions="1" time="0.021409"/>
          <testcase name="test_apos_before_digits with data set #2" class="Tests_Formatting_WPTexturize" classname="Tests_Formatting_WPTexturize" file="/var/www/html/test/wordpress_test/inpsyde_test/test/wp-content/plugins/plugintestslughere/tests/unit/tests/formatting/WPTexturize.php" line="324" assertions="1" time="0.022848"/>
          <testcase name="test_apos_before_digits with data set #3" class="Tests_Formatting_WPTexturize" classname="Tests_Formatting_WPTexturize" file="/var/www/html/test/wordpress_test/inpsyde_test/test/wp-content/plugins/plugintestslughere/tests/unit/tests/formatting/WPTexturize.php" line="324" assertions="1" time="0.021422"/>
          <testcase name="test_apos_before_digits with data set #4" class="Tests_Formatting_WPTexturize" classname="Tests_Formatting_WPTexturize" file="/var/www/html/test/wordpress_test/inpsyde_test/test/wp-content/plugins/plugintestslughere/tests/unit/tests/formatting/WPTexturize.php" line="324" assertions="1" time="0.021762"/>
          <testcase name="test_apos_before_digits with data set #5" class="Tests_Formatting_WPTexturize" classname="Tests_Formatting_WPTexturize" file="/var/www/html/test/wordpress_test/inpsyde_test/test/wp-content/plugins/plugintestslughere/tests/unit/tests/formatting/WPTexturize.php" line="324" assertions="1" time="0.021421"/>
        </testsuite>
        <testsuite name="Tests_Formatting_WPTexturize::test_opening_single_quote" tests="28" assertions="28" errors="0" failures="0" skipped="0" time="0.601757">
          <testcase name="test_opening_single_quote with data set #0" class="Tests_Formatting_WPTexturize" classname="Tests_Formatting_WPTexturize" file="/var/www/html/test/wordpress_test/inpsyde_test/test/wp-content/plugins/plugintestslughere/tests/unit/tests/formatting/WPTexturize.php" line="365" assertions="1" time="0.022328"/>
          <testcase name="test_opening_single_quote with data set #1" class="Tests_Formatting_WPTexturize" classname="Tests_Formatting_WPTexturize" file="/var/www/html/test/wordpress_test/inpsyde_test/test/wp-content/plugins/plugintestslughere/tests/unit/tests/formatting/WPTexturize.php" line="365" assertions="1" time="0.021829"/>
          <testcase name="test_opening_single_quote with data set #2" class="Tests_Formatting_WPTexturize" classname="Tests_Formatting_WPTexturize" file="/var/www/html/test/wordpress_test/inpsyde_test/test/wp-content/plugins/plugintestslughere/tests/unit/tests/formatting/WPTexturize.php" line="365" assertions="1" time="0.020848"/>
          <testcase name="test_opening_single_quote with data set #3" class="Tests_Formatting_WPTexturize" classname="Tests_Formatting_WPTexturize" file="/var/www/html/test/wordpress_test/inpsyde_test/test/wp-content/plugins/plugintestslughere/tests/unit/tests/formatting/WPTexturize.php" line="365" assertions="1" time="0.021805"/>
          <testcase name="test_opening_single_quote with data set #4" class="Tests_Formatting_WPTexturize" classname="Tests_Formatting_WPTexturize" file="/var/www/html/test/wordpress_test/inpsyde_test/test/wp-content/plugins/plugintestslughere/tests/unit/tests/formatting/WPTexturize.php" line="365" assertions="1" time="0.021589"/>
          <testcase name="test_opening_single_quote with data set #5" class="Tests_Formatting_WPTexturize" classname="Tests_Formatting_WPTexturize" file="/var/www/html/test/wordpress_test/inpsyde_test/test/wp-content/plugins/plugintestslughere/tests/unit/tests/formatting/WPTexturize.php" line="365" assertions="1" time="0.022571"/>
          <testcase name="test_opening_single_quote with data set #6" class="Tests_Formatting_WPTexturize" classname="Tests_Formatting_WPTexturize" file="/var/www/html/test/wordpress_test/inpsyde_test/test/wp-content/plugins/plugintestslughere/tests/unit/tests/formatting/WPTexturize.php" line="365" assertions="1" time="0.020808"/>
          <testcase name="test_opening_single_quote with data set #7" class="Tests_Formatting_WPTexturize" classname="Tests_Formatting_WPTexturize" file="/var/www/html/test/wordpress_test/inpsyde_test/test/wp-content/plugins/plugintestslughere/tests/unit/tests/formatting/WPTexturize.php" line="365" assertions="1" time="0.021162"/>
          <testcase name="test_opening_single_quote with data set #8" class="Tests_Formatting_WPTexturize" classname="Tests_Formatting_WPTexturize" file="/var/www/html/test/wordpress_test/inpsyde_test/test/wp-content/plugins/plugintestslughere/tests/unit/tests/formatting/WPTexturize.php" line="365" assertions="1" time="0.021652"/>
          <testcase name="test_opening_single_quote with data set #9" class="Tests_Formatting_WPTexturize" classname="Tests_Formatting_WPTexturize" file="/var/www/html/test/wordpress_test/inpsyde_test/test/wp-content/plugins/plugintestslughere/tests/unit/tests/formatting/WPTexturize.php" line="365" assertions="1" time="0.020586"/>
          <testcase name="test_opening_single_quote with data set #10" class="Tests_Formatting_WPTexturize" classname="Tests_Formatting_WPTexturize" file="/var/www/html/test/wordpress_test/inpsyde_test/test/wp-content/plugins/plugintestslughere/tests/unit/tests/formatting/WPTexturize.php" line="365" assertions="1" time="0.020882"/>
          <testcase name="test_opening_single_quote with data set #11" class="Tests_Formatting_WPTexturize" classname="Tests_Formatting_WPTexturize" file="/var/www/html/test/wordpress_test/inpsyde_test/test/wp-content/plugins/plugintestslughere/tests/unit/tests/formatting/WPTexturize.php" line="365" assertions="1" time="0.021142"/>
          <testcase name="test_opening_single_quote with data set #12" class="Tests_Formatting_WPTexturize" classname="Tests_Formatting_WPTexturize" file="/var/www/html/test/wordpress_test/inpsyde_test/test/wp-content/plugins/plugintestslughere/tests/unit/tests/formatting/WPTexturize.php" line="365" assertions="1" time="0.021302"/>
          <testcase name="test_opening_single_quote with data set #13" class="Tests_Formatting_WPTexturize" classname="Tests_Formatting_WPTexturize" file="/var/www/html/test/wordpress_test/inpsyde_test/test/wp-content/plugins/plugintestslughere/tests/unit/tests/formatting/WPTexturize.php" line="365" assertions="1" time="0.020704"/>
          <testcase name="test_opening_single_quote with data set #14" class="Tests_Formatting_WPTexturize" classname="Tests_Formatting_WPTexturize" file="/var/www/html/test/wordpress_test/inpsyde_test/test/wp-content/plugins/plugintestslughere/tests/unit/tests/formatting/WPTexturize.php" line="365" assertions="1" time="0.022540"/>
          <testcase name="test_opening_single_quote with data set #15" class="Tests_Formatting_WPTexturize" classname="Tests_Formatting_WPTexturize" file="/var/www/html/test/wordpress_test/inpsyde_test/test/wp-content/plugins/plugintestslughere/tests/unit/tests/formatting/WPTexturize.php" line="365" assertions="1" time="0.022735"/>
          <testcase name="test_opening_single_quote with data set #16" class="Tests_Formatting_WPTexturize" classname="Tests_Formatting_WPTexturize" file="/var/www/html/test/wordpress_test/inpsyde_test/test/wp-content/plugins/plugintestslughere/tests/unit/tests/formatting/WPTexturize.php" line="365" assertions="1" time="0.021504"/>
          <testcase name="test_opening_single_quote with data set #17" class="Tests_Formatting_WPTexturize" classname="Tests_Formatting_WPTexturize" file="/var/www/html/test/wordpress_test/inpsyde_test/test/wp-content/plugins/plugintestslughere/tests/unit/tests/formatting/WPTexturize.php" line="365" assertions="1" time="0.021336"/>
          <testcase name="test_opening_single_quote with data set #18" class="Tests_Formatting_WPTexturize" classname="Tests_Formatting_WPTexturize" file="/var/www/html/test/wordpress_test/inpsyde_test/test/wp-content/plugins/plugintestslughere/tests/unit/tests/formatting/WPTexturize.php" line="365" assertions="1" time="0.021554"/>
          <testcase name="test_opening_single_quote with data set #19" class="Tests_Formatting_WPTexturize" classname="Tests_Formatting_WPTexturize" file="/var/www/html/test/wordpress_test/inpsyde_test/test/wp-content/plugins/plugintestslughere/tests/unit/tests/formatting/WPTexturize.php" line="365" assertions="1" time="0.021621"/>
          <testcase name="test_opening_single_quote with data set #20" class="Tests_Formatting_WPTexturize" classname="Tests_Formatting_WPTexturize" file="/var/www/html/test/wordpress_test/inpsyde_test/test/wp-content/plugins/plugintestslughere/tests/unit/tests/formatting/WPTexturize.php" line="365" assertions="1" time="0.020440"/>
          <testcase name="test_opening_single_quote with data set #21" class="Tests_Formatting_WPTexturize" classname="Tests_Formatting_WPTexturize" file="/var/www/html/test/wordpress_test/inpsyde_test/test/wp-content/plugins/plugintestslughere/tests/unit/tests/formatting/WPTexturize.php" line="365" assertions="1" time="0.021453"/>
          <testcase name="test_opening_single_quote with data set #22" class="Tests_Formatting_WPTexturize" classname="Tests_Formatting_WPTexturize" file="/var/www/html/test/wordpress_test/inpsyde_test/test/wp-content/plugins/plugintestslughere/tests/unit/tests/formatting/WPTexturize.php" line="365" assertions="1" time="0.022527"/>
          <testcase name="test_opening_single_quote with data set #23" class="Tests_Formatting_WPTexturize" classname="Tests_Formatting_WPTexturize" file="/var/www/html/test/wordpress_test/inpsyde_test/test/wp-content/plugins/plugintestslughere/tests/unit/tests/formatting/WPTexturize.php" line="365" assertions="1" time="0.021795"/>
          <testcase name="test_opening_single_quote with data set #24" class="Tests_Formatting_WPTexturize" classname="Tests_Formatting_WPTexturize" file="/var/www/html/test/wordpress_test/inpsyde_test/test/wp-content/plugins/plugintestslughere/tests/unit/tests/formatting/WPTexturize.php" line="365" assertions="1" time="0.021152"/>
          <testcase name="test_opening_single_quote with data set #25" class="Tests_Formatting_WPTexturize" classname="Tests_Formatting_WPTexturize" file="/var/www/html/test/wordpress_test/inpsyde_test/test/wp-content/plugins/plugintestslughere/tests/unit/tests/formatting/WPTexturize.php" line="365" assertions="1" time="0.021609"/>
          <testcase name="test_opening_single_quote with data set #26" class="Tests_Formatting_WPTexturize" classname="Tests_Formatting_WPTexturize" file="/var/www/html/test/wordpress_test/inpsyde_test/test/wp-content/plugins/plugintestslughere/tests/unit/tests/formatting/WPTexturize.php" line="365" assertions="1" time="0.021680"/>
          <testcase name="test_opening_single_quote with data set #27" class="Tests_Formatting_WPTexturize" classname="Tests_Formatting_WPTexturize" file="/var/www/html/test/wordpress_test/inpsyde_test/test/wp-content/plugins/plugintestslughere/tests/unit/tests/formatting/WPTexturize.php" line="365" assertions="1" time="0.020604"/>
        </testsuite>
        <testsuite name="Tests_Formatting_WPTexturize::test_double_prime" tests="4" assertions="4" errors="0" failures="0" skipped="0" time="0.085223">
          <testcase name="test_double_prime with data set #0" class="Tests_Formatting_WPTexturize" classname="Tests_Formatting_WPTexturize" file="/var/www/html/test/wordpress_test/inpsyde_test/test/wp-content/plugins/plugintestslughere/tests/unit/tests/formatting/WPTexturize.php" line="494" assertions="1" time="0.021559"/>
          <testcase name="test_double_prime with data set #1" class="Tests_Formatting_WPTexturize" classname="Tests_Formatting_WPTexturize" file="/var/www/html/test/wordpress_test/inpsyde_test/test/wp-content/plugins/plugintestslughere/tests/unit/tests/formatting/WPTexturize.php" line="494" assertions="1" time="0.021473"/>
          <testcase name="test_double_prime with data set #2" class="Tests_Formatting_WPTexturize" classname="Tests_Formatting_WPTexturize" file="/var/www/html/test/wordpress_test/inpsyde_test/test/wp-content/plugins/plugintestslughere/tests/unit/tests/formatting/WPTexturize.php" line="494" assertions="1" time="0.020394"/>
          <testcase name="test_double_prime with data set #3" class="Tests_Formatting_WPTexturize" classname="Tests_Formatting_WPTexturize" file="/var/www/html/test/wordpress_test/inpsyde_test/test/wp-content/plugins/plugintestslughere/tests/unit/tests/formatting/WPTexturize.php" line="494" assertions="1" time="0.021797"/>
        </testsuite>
        <testsuite name="Tests_Formatting_WPTexturize::test_single_prime" tests="4" assertions="4" errors="0" failures="0" skipped="0" time="0.091364">
          <testcase name="test_single_prime with data set #0" class="Tests_Formatting_WPTexturize" classname="Tests_Formatting_WPTexturize" file="/var/www/html/test/wordpress_test/inpsyde_test/test/wp-content/plugins/plugintestslughere/tests/unit/tests/formatting/WPTexturize.php" line="527" assertions="1" time="0.022651"/>
          <testcase name="test_single_prime with data set #1" class="Tests_Formatting_WPTexturize" classname="Tests_Formatting_WPTexturize" file="/var/www/html/test/wordpress_test/inpsyde_test/test/wp-content/plugins/plugintestslughere/tests/unit/tests/formatting/WPTexturize.php" line="527" assertions="1" time="0.022756"/>
          <testcase name="test_single_prime with data set #2" class="Tests_Formatting_WPTexturize" classname="Tests_Formatting_WPTexturize" file="/var/www/html/test/wordpress_test/inpsyde_test/test/wp-content/plugins/plugintestslughere/tests/unit/tests/formatting/WPTexturize.php" line="527" assertions="1" time="0.022738"/>
          <testcase name="test_single_prime with data set #3" class="Tests_Formatting_WPTexturize" classname="Tests_Formatting_WPTexturize" file="/var/www/html/test/wordpress_test/inpsyde_test/test/wp-content/plugins/plugintestslughere/tests/unit/tests/formatting/WPTexturize.php" line="527" assertions="1" time="0.023219"/>
        </testsuite>
        <testsuite name="Tests_Formatting_WPTexturize::test_contractions" tests="6" assertions="6" errors="0" failures="0" skipped="0" time="0.134156">
          <testcase name="test_contractions with data set #0" class="Tests_Formatting_WPTexturize" classname="Tests_Formatting_WPTexturize" file="/var/www/html/test/wordpress_test/inpsyde_test/test/wp-content/plugins/plugintestslughere/tests/unit/tests/formatting/WPTexturize.php" line="560" assertions="1" time="0.022378"/>
          <testcase name="test_contractions with data set #1" class="Tests_Formatting_WPTexturize" classname="Tests_Formatting_WPTexturize" file="/var/www/html/test/wordpress_test/inpsyde_test/test/wp-content/plugins/plugintestslughere/tests/unit/tests/formatting/WPTexturize.php" line="560" assertions="1" time="0.022909"/>
          <testcase name="test_contractions with data set #2" class="Tests_Formatting_WPTexturize" classname="Tests_Formatting_WPTexturize" file="/var/www/html/test/wordpress_test/inpsyde_test/test/wp-content/plugins/plugintestslughere/tests/unit/tests/formatting/WPTexturize.php" line="560" assertions="1" time="0.022818"/>
          <testcase name="test_contractions with data set #3" class="Tests_Formatting_WPTexturize" classname="Tests_Formatting_WPTexturize" file="/var/www/html/test/wordpress_test/inpsyde_test/test/wp-content/plugins/plugintestslughere/tests/unit/tests/formatting/WPTexturize.php" line="560" assertions="1" time="0.022017"/>
          <testcase name="test_contractions with data set #4" class="Tests_Formatting_WPTexturize" classname="Tests_Formatting_WPTexturize" file="/var/www/html/test/wordpress_test/inpsyde_test/test/wp-content/plugins/plugintestslughere/tests/unit/tests/formatting/WPTexturize.php" line="560" assertions="1" time="0.022129"/>
          <testcase name="test_contractions with data set #5" class="Tests_Formatting_WPTexturize" classname="Tests_Formatting_WPTexturize" file="/var/www/html/test/wordpress_test/inpsyde_test/test/wp-content/plugins/plugintestslughere/tests/unit/tests/formatting/WPTexturize.php" line="560" assertions="1" time="0.021905"/>
        </testsuite>
        <testsuite name="Tests_Formatting_WPTexturize::test_opening_quote" tests="15" assertions="15" errors="0" failures="0" skipped="0" time="0.357858">
          <testcase name="test_opening_quote with data set #0" class="Tests_Formatting_WPTexturize" classname="Tests_Formatting_WPTexturize" file="/var/www/html/test/wordpress_test/inpsyde_test/test/wp-content/plugins/plugintestslughere/tests/unit/tests/formatting/WPTexturize.php" line="601" assertions="1" time="0.020885"/>
          <testcase name="test_opening_quote with data set #1" class="Tests_Formatting_WPTexturize" classname="Tests_Formatting_WPTexturize" file="/var/www/html/test/wordpress_test/inpsyde_test/test/wp-content/plugins/plugintestslughere/tests/unit/tests/formatting/WPTexturize.php" line="601" assertions="1" time="0.022524"/>
          <testcase name="test_opening_quote with data set #2" class="Tests_Formatting_WPTexturize" classname="Tests_Formatting_WPTexturize" file="/var/www/html/test/wordpress_test/inpsyde_test/test/wp-content/plugins/plugintestslughere/tests/unit/tests/formatting/WPTexturize.php" line="601" assertions="1" time="0.023664"/>
          <testcase name="test_opening_quote with data set #3" class="Tests_Formatting_WPTexturize" classname="Tests_Formatting_WPTexturize" file="/var/www/html/test/wordpress_test/inpsyde_test/test/wp-content/plugins/plugintestslughere/tests/unit/tests/formatting/WPTexturize.php" line="601" assertions="1" time="0.025757"/>
          <testcase name="test_opening_quote with data set #4" class="Tests_Formatting_WPTexturize" classname="Tests_Formatting_WPTexturize" file="/var/www/html/test/wordpress_test/inpsyde_test/test/wp-content/plugins/plugintestslughere/tests/unit/tests/formatting/WPTexturize.php" line="601" assertions="1" time="0.029123"/>
          <testcase name="test_opening_quote with data set #5" class="Tests_Formatting_WPTexturize" classname="Tests_Formatting_WPTexturize" file="/var/www/html/test/wordpress_test/inpsyde_test/test/wp-content/plugins/plugintestslughere/tests/unit/tests/formatting/WPTexturize.php" line="601" assertions="1" time="0.025667"/>
          <testcase name="test_opening_quote with data set #6" class="Tests_Formatting_WPTexturize" classname="Tests_Formatting_WPTexturize" file="/var/www/html/test/wordpress_test/inpsyde_test/test/wp-content/plugins/plugintestslughere/tests/unit/tests/formatting/WPTexturize.php" line="601" assertions="1" time="0.025313"/>
          <testcase name="test_opening_quote with data set #7" class="Tests_Formatting_WPTexturize" classname="Tests_Formatting_WPTexturize" file="/var/www/html/test/wordpress_test/inpsyde_test/test/wp-content/plugins/plugintestslughere/tests/unit/tests/formatting/WPTexturize.php" line="601" assertions="1" time="0.023890"/>
          <testcase name="test_opening_quote with data set #8" class="Tests_Formatting_WPTexturize" classname="Tests_Formatting_WPTexturize" file="/var/www/html/test/wordpress_test/inpsyde_test/test/wp-content/plugins/plugintestslughere/tests/unit/tests/formatting/WPTexturize.php" line="601" assertions="1" time="0.023902"/>
          <testcase name="test_opening_quote with data set #9" class="Tests_Formatting_WPTexturize" classname="Tests_Formatting_WPTexturize" file="/var/www/html/test/wordpress_test/inpsyde_test/test/wp-content/plugins/plugintestslughere/tests/unit/tests/formatting/WPTexturize.php" line="601" assertions="1" time="0.021840"/>
          <testcase name="test_opening_quote with data set #10" class="Tests_Formatting_WPTexturize" classname="Tests_Formatting_WPTexturize" file="/var/www/html/test/wordpress_test/inpsyde_test/test/wp-content/plugins/plugintestslughere/tests/unit/tests/formatting/WPTexturize.php" line="601" assertions="1" time="0.022767"/>
          <testcase name="test_opening_quote with data set #11" class="Tests_Formatting_WPTexturize" classname="Tests_Formatting_WPTexturize" file="/var/www/html/test/wordpress_test/inpsyde_test/test/wp-content/plugins/plugintestslughere/tests/unit/tests/formatting/WPTexturize.php" line="601" assertions="1" time="0.021901"/>
          <testcase name="test_opening_quote with data set #12" class="Tests_Formatting_WPTexturize" classname="Tests_Formatting_WPTexturize" file="/var/www/html/test/wordpress_test/inpsyde_test/test/wp-content/plugins/plugintestslughere/tests/unit/tests/formatting/WPTexturize.php" line="601" assertions="1" time="0.022627"/>
          <testcase name="test_opening_quote with data set #13" class="Tests_Formatting_WPTexturize" classname="Tests_Formatting_WPTexturize" file="/var/www/html/test/wordpress_test/inpsyde_test/test/wp-content/plugins/plugintestslughere/tests/unit/tests/formatting/WPTexturize.php" line="601" assertions="1" time="0.024564"/>
          <testcase name="test_opening_quote with data set #14" class="Tests_Formatting_WPTexturize" classname="Tests_Formatting_WPTexturize" file="/var/www/html/test/wordpress_test/inpsyde_test/test/wp-content/plugins/plugintestslughere/tests/unit/tests/formatting/WPTexturize.php" line="601" assertions="1" time="0.023435"/>
        </testsuite>
        <testsuite name="Tests_Formatting_WPTexturize::test_closing_quote" tests="18" assertions="18" errors="0" failures="0" skipped="0" time="0.427307">
          <testcase name="test_closing_quote with data set #0" class="Tests_Formatting_WPTexturize" classname="Tests_Formatting_WPTexturize" file="/var/www/html/test/wordpress_test/inpsyde_test/test/wp-content/plugins/plugintestslughere/tests/unit/tests/formatting/WPTexturize.php" line="678" assertions="1" time="0.023289"/>
          <testcase name="test_closing_quote with data set #1" class="Tests_Formatting_WPTexturize" classname="Tests_Formatting_WPTexturize" file="/var/www/html/test/wordpress_test/inpsyde_test/test/wp-content/plugins/plugintestslughere/tests/unit/tests/formatting/WPTexturize.php" line="678" assertions="1" time="0.022820"/>
          <testcase name="test_closing_quote with data set #2" class="Tests_Formatting_WPTexturize" classname="Tests_Formatting_WPTexturize" file="/var/www/html/test/wordpress_test/inpsyde_test/test/wp-content/plugins/plugintestslughere/tests/unit/tests/formatting/WPTexturize.php" line="678" assertions="1" time="0.022407"/>
          <testcase name="test_closing_quote with data set #3" class="Tests_Formatting_WPTexturize" classname="Tests_Formatting_WPTexturize" file="/var/www/html/test/wordpress_test/inpsyde_test/test/wp-content/plugins/plugintestslughere/tests/unit/tests/formatting/WPTexturize.php" line="678" assertions="1" time="0.022121"/>
          <testcase name="test_closing_quote with data set #4" class="Tests_Formatting_WPTexturize" classname="Tests_Formatting_WPTexturize" file="/var/www/html/test/wordpress_test/inpsyde_test/test/wp-content/plugins/plugintestslughere/tests/unit/tests/formatting/WPTexturize.php" line="678" assertions="1" time="0.022074"/>
          <testcase name="test_closing_quote with data set #5" class="Tests_Formatting_WPTexturize" classname="Tests_Formatting_WPTexturize" file="/var/www/html/test/wordpress_test/inpsyde_test/test/wp-content/plugins/plugintestslughere/tests/unit/tests/formatting/WPTexturize.php" line="678" assertions="1" time="0.021917"/>
          <testcase name="test_closing_quote with data set #6" class="Tests_Formatting_WPTexturize" classname="Tests_Formatting_WPTexturize" file="/var/www/html/test/wordpress_test/inpsyde_test/test/wp-content/plugins/plugintestslughere/tests/unit/tests/formatting/WPTexturize.php" line="678" assertions="1" time="0.022185"/>
          <testcase name="test_closing_quote with data set #7" class="Tests_Formatting_WPTexturize" classname="Tests_Formatting_WPTexturize" file="/var/www/html/test/wordpress_test/inpsyde_test/test/wp-content/plugins/plugintestslughere/tests/unit/tests/formatting/WPTexturize.php" line="678" assertions="1" time="0.027116"/>
          <testcase name="test_closing_quote with data set #8" class="Tests_Formatting_WPTexturize" classname="Tests_Formatting_WPTexturize" file="/var/www/html/test/wordpress_test/inpsyde_test/test/wp-content/plugins/plugintestslughere/tests/unit/tests/formatting/WPTexturize.php" line="678" assertions="1" time="0.026254"/>
          <testcase name="test_closing_quote with data set #9" class="Tests_Formatting_WPTexturize" classname="Tests_Formatting_WPTexturize" file="/var/www/html/test/wordpress_test/inpsyde_test/test/wp-content/plugins/plugintestslughere/tests/unit/tests/formatting/WPTexturize.php" line="678" assertions="1" time="0.022586"/>
          <testcase name="test_closing_quote with data set #10" class="Tests_Formatting_WPTexturize" classname="Tests_Formatting_WPTexturize" file="/var/www/html/test/wordpress_test/inpsyde_test/test/wp-content/plugins/plugintestslughere/tests/unit/tests/formatting/WPTexturize.php" line="678" assertions="1" time="0.025312"/>
          <testcase name="test_closing_quote with data set #11" class="Tests_Formatting_WPTexturize" classname="Tests_Formatting_WPTexturize" file="/var/www/html/test/wordpress_test/inpsyde_test/test/wp-content/plugins/plugintestslughere/tests/unit/tests/formatting/WPTexturize.php" line="678" assertions="1" time="0.024310"/>
          <testcase name="test_closing_quote with data set #12" class="Tests_Formatting_WPTexturize" classname="Tests_Formatting_WPTexturize" file="/var/www/html/test/wordpress_test/inpsyde_test/test/wp-content/plugins/plugintestslughere/tests/unit/tests/formatting/WPTexturize.php" line="678" assertions="1" time="0.025635"/>
          <testcase name="test_closing_quote with data set #13" class="Tests_Formatting_WPTexturize" classname="Tests_Formatting_WPTexturize" file="/var/www/html/test/wordpress_test/inpsyde_test/test/wp-content/plugins/plugintestslughere/tests/unit/tests/formatting/WPTexturize.php" line="678" assertions="1" time="0.024452"/>
          <testcase name="test_closing_quote with data set #14" class="Tests_Formatting_WPTexturize" classname="Tests_Formatting_WPTexturize" file="/var/www/html/test/wordpress_test/inpsyde_test/test/wp-content/plugins/plugintestslughere/tests/unit/tests/formatting/WPTexturize.php" line="678" assertions="1" time="0.025567"/>
          <testcase name="test_closing_quote with data set #15" class="Tests_Formatting_WPTexturize" classname="Tests_Formatting_WPTexturize" file="/var/www/html/test/wordpress_test/inpsyde_test/test/wp-content/plugins/plugintestslughere/tests/unit/tests/formatting/WPTexturize.php" line="678" assertions="1" time="0.023271"/>
          <testcase name="test_closing_quote with data set #16" class="Tests_Formatting_WPTexturize" classname="Tests_Formatting_WPTexturize" file="/var/www/html/test/wordpress_test/inpsyde_test/test/wp-content/plugins/plugintestslughere/tests/unit/tests/formatting/WPTexturize.php" line="678" assertions="1" time="0.023369"/>
          <testcase name="test_closing_quote with data set #17" class="Tests_Formatting_WPTexturize" classname="Tests_Formatting_WPTexturize" file="/var/www/html/test/wordpress_test/inpsyde_test/test/wp-content/plugins/plugintestslughere/tests/unit/tests/formatting/WPTexturize.php" line="678" assertions="1" time="0.022622"/>
        </testsuite>
        <testsuite name="Tests_Formatting_WPTexturize::test_closing_single_quote" tests="18" assertions="18" errors="0" failures="0" skipped="0" time="0.421140">
          <testcase name="test_closing_single_quote with data set #0" class="Tests_Formatting_WPTexturize" classname="Tests_Formatting_WPTexturize" file="/var/www/html/test/wordpress_test/inpsyde_test/test/wp-content/plugins/plugintestslughere/tests/unit/tests/formatting/WPTexturize.php" line="767" assertions="1" time="0.023729"/>
          <testcase name="test_closing_single_quote with data set #1" class="Tests_Formatting_WPTexturize" classname="Tests_Formatting_WPTexturize" file="/var/www/html/test/wordpress_test/inpsyde_test/test/wp-content/plugins/plugintestslughere/tests/unit/tests/formatting/WPTexturize.php" line="767" assertions="1" time="0.021378"/>
          <testcase name="test_closing_single_quote with data set #2" class="Tests_Formatting_WPTexturize" classname="Tests_Formatting_WPTexturize" file="/var/www/html/test/wordpress_test/inpsyde_test/test/wp-content/plugins/plugintestslughere/tests/unit/tests/formatting/WPTexturize.php" line="767" assertions="1" time="0.022334"/>
          <testcase name="test_closing_single_quote with data set #3" class="Tests_Formatting_WPTexturize" classname="Tests_Formatting_WPTexturize" file="/var/www/html/test/wordpress_test/inpsyde_test/test/wp-content/plugins/plugintestslughere/tests/unit/tests/formatting/WPTexturize.php" line="767" assertions="1" time="0.022330"/>
          <testcase name="test_closing_single_quote with data set #4" class="Tests_Formatting_WPTexturize" classname="Tests_Formatting_WPTexturize" file="/var/www/html/test/wordpress_test/inpsyde_test/test/wp-content/plugins/plugintestslughere/tests/unit/tests/formatting/WPTexturize.php" line="767" assertions="1" time="0.023045"/>
          <testcase name="test_closing_single_quote with data set #5" class="Tests_Formatting_WPTexturize" classname="Tests_Formatting_WPTexturize" file="/var/www/html/test/wordpress_test/inpsyde_test/test/wp-content/plugins/plugintestslughere/tests/unit/tests/formatting/WPTexturize.php" line="767" assertions="1" time="0.022740"/>
          <testcase name="test_closing_single_quote with data set #6" class="Tests_Formatting_WPTexturize" classname="Tests_Formatting_WPTexturize" file="/var/www/html/test/wordpress_test/inpsyde_test/test/wp-content/plugins/plugintestslughere/tests/unit/tests/formatting/WPTexturize.php" line="767" assertions="1" time="0.021930"/>
          <testcase name="test_closing_single_quote with data set #7" class="Tests_Formatting_WPTexturize" classname="Tests_Formatting_WPTexturize" file="/var/www/html/test/wordpress_test/inpsyde_test/test/wp-content/plugins/plugintestslughere/tests/unit/tests/formatting/WPTexturize.php" line="767" assertions="1" time="0.021461"/>
          <testcase name="test_closing_single_quote with data set #8" class="Tests_Formatting_WPTexturize" classname="Tests_Formatting_WPTexturize" file="/var/www/html/test/wordpress_test/inpsyde_test/test/wp-content/plugins/plugintestslughere/tests/unit/tests/formatting/WPTexturize.php" line="767" assertions="1" time="0.021168"/>
          <testcase name="test_closing_single_quote with data set #9" class="Tests_Formatting_WPTexturize" classname="Tests_Formatting_WPTexturize" file="/var/www/html/test/wordpress_test/inpsyde_test/test/wp-content/plugins/plugintestslughere/tests/unit/tests/formatting/WPTexturize.php" line="767" assertions="1" time="0.033374"/>
          <testcase name="test_closing_single_quote with data set #10" class="Tests_Formatting_WPTexturize" classname="Tests_Formatting_WPTexturize" file="/var/www/html/test/wordpress_test/inpsyde_test/test/wp-content/plugins/plugintestslughere/tests/unit/tests/formatting/WPTexturize.php" line="767" assertions="1" time="0.026607"/>
          <testcase name="test_closing_single_quote with data set #11" class="Tests_Formatting_WPTexturize" classname="Tests_Formatting_WPTexturize" file="/var/www/html/test/wordpress_test/inpsyde_test/test/wp-content/plugins/plugintestslughere/tests/unit/tests/formatting/WPTexturize.php" line="767" assertions="1" time="0.025497"/>
          <testcase name="test_closing_single_quote with data set #12" class="Tests_Formatting_WPTexturize" classname="Tests_Formatting_WPTexturize" file="/var/www/html/test/wordpress_test/inpsyde_test/test/wp-content/plugins/plugintestslughere/tests/unit/tests/formatting/WPTexturize.php" line="767" assertions="1" time="0.022421"/>
          <testcase name="test_closing_single_quote with data set #13" class="Tests_Formatting_WPTexturize" classname="Tests_Formatting_WPTexturize" file="/var/www/html/test/wordpress_test/inpsyde_test/test/wp-content/plugins/plugintestslughere/tests/unit/tests/formatting/WPTexturize.php" line="767" assertions="1" time="0.022471"/>
          <testcase name="test_closing_single_quote with data set #14" class="Tests_Formatting_WPTexturize" classname="Tests_Formatting_WPTexturize" file="/var/www/html/test/wordpress_test/inpsyde_test/test/wp-content/plugins/plugintestslughere/tests/unit/tests/formatting/WPTexturize.php" line="767" assertions="1" time="0.023179"/>
          <testcase name="test_closing_single_quote with data set #15" class="Tests_Formatting_WPTexturize" classname="Tests_Formatting_WPTexturize" file="/var/www/html/test/wordpress_test/inpsyde_test/test/wp-content/plugins/plugintestslughere/tests/unit/tests/formatting/WPTexturize.php" line="767" assertions="1" time="0.022196"/>
          <testcase name="test_closing_single_quote with data set #16" class="Tests_Formatting_WPTexturize" classname="Tests_Formatting_WPTexturize" file="/var/www/html/test/wordpress_test/inpsyde_test/test/wp-content/plugins/plugintestslughere/tests/unit/tests/formatting/WPTexturize.php" line="767" assertions="1" time="0.023110"/>
          <testcase name="test_closing_single_quote with data set #17" class="Tests_Formatting_WPTexturize" classname="Tests_Formatting_WPTexturize" file="/var/www/html/test/wordpress_test/inpsyde_test/test/wp-content/plugins/plugintestslughere/tests/unit/tests/formatting/WPTexturize.php" line="767" assertions="1" time="0.022169"/>
        </testsuite>
        <testsuite name="Tests_Formatting_WPTexturize::test_multiplication" tests="8" assertions="8" errors="0" failures="0" skipped="0" time="0.176947">
          <testcase name="test_multiplication with data set #0" class="Tests_Formatting_WPTexturize" classname="Tests_Formatting_WPTexturize" file="/var/www/html/test/wordpress_test/inpsyde_test/test/wp-content/plugins/plugintestslughere/tests/unit/tests/formatting/WPTexturize.php" line="857" assertions="1" time="0.022191"/>
          <testcase name="test_multiplication with data set #1" class="Tests_Formatting_WPTexturize" classname="Tests_Formatting_WPTexturize" file="/var/www/html/test/wordpress_test/inpsyde_test/test/wp-content/plugins/plugintestslughere/tests/unit/tests/formatting/WPTexturize.php" line="857" assertions="1" time="0.021350"/>
          <testcase name="test_multiplication with data set #2" class="Tests_Formatting_WPTexturize" classname="Tests_Formatting_WPTexturize" file="/var/www/html/test/wordpress_test/inpsyde_test/test/wp-content/plugins/plugintestslughere/tests/unit/tests/formatting/WPTexturize.php" line="857" assertions="1" time="0.022423"/>
          <testcase name="test_multiplication with data set #3" class="Tests_Formatting_WPTexturize" classname="Tests_Formatting_WPTexturize" file="/var/www/html/test/wordpress_test/inpsyde_test/test/wp-content/plugins/plugintestslughere/tests/unit/tests/formatting/WPTexturize.php" line="857" assertions="1" time="0.021974"/>
          <testcase name="test_multiplication with data set #4" class="Tests_Formatting_WPTexturize" classname="Tests_Formatting_WPTexturize" file="/var/www/html/test/wordpress_test/inpsyde_test/test/wp-content/plugins/plugintestslughere/tests/unit/tests/formatting/WPTexturize.php" line="857" assertions="1" time="0.022144"/>
          <testcase name="test_multiplication with data set #5" class="Tests_Formatting_WPTexturize" classname="Tests_Formatting_WPTexturize" file="/var/www/html/test/wordpress_test/inpsyde_test/test/wp-content/plugins/plugintestslughere/tests/unit/tests/formatting/WPTexturize.php" line="857" assertions="1" time="0.021090"/>
          <testcase name="test_multiplication with data set #6" class="Tests_Formatting_WPTexturize" classname="Tests_Formatting_WPTexturize" file="/var/www/html/test/wordpress_test/inpsyde_test/test/wp-content/plugins/plugintestslughere/tests/unit/tests/formatting/WPTexturize.php" line="857" assertions="1" time="0.022665"/>
          <testcase name="test_multiplication with data set #7" class="Tests_Formatting_WPTexturize" classname="Tests_Formatting_WPTexturize" file="/var/www/html/test/wordpress_test/inpsyde_test/test/wp-content/plugins/plugintestslughere/tests/unit/tests/formatting/WPTexturize.php" line="857" assertions="1" time="0.023110"/>
        </testsuite>
        <testsuite name="Tests_Formatting_WPTexturize::test_ampersand" tests="12" assertions="12" errors="0" failures="0" skipped="0" time="0.321852">
          <testcase name="test_ampersand with data set #0" class="Tests_Formatting_WPTexturize" classname="Tests_Formatting_WPTexturize" file="/var/www/html/test/wordpress_test/inpsyde_test/test/wp-content/plugins/plugintestslughere/tests/unit/tests/formatting/WPTexturize.php" line="907" assertions="1" time="0.022498"/>
          <testcase name="test_ampersand with data set #1" class="Tests_Formatting_WPTexturize" classname="Tests_Formatting_WPTexturize" file="/var/www/html/test/wordpress_test/inpsyde_test/test/wp-content/plugins/plugintestslughere/tests/unit/tests/formatting/WPTexturize.php" line="907" assertions="1" time="0.021014"/>
          <testcase name="test_ampersand with data set #2" class="Tests_Formatting_WPTexturize" classname="Tests_Formatting_WPTexturize" file="/var/www/html/test/wordpress_test/inpsyde_test/test/wp-content/plugins/plugintestslughere/tests/unit/tests/formatting/WPTexturize.php" line="907" assertions="1" time="0.021729"/>
          <testcase name="test_ampersand with data set #3" class="Tests_Formatting_WPTexturize" classname="Tests_Formatting_WPTexturize" file="/var/www/html/test/wordpress_test/inpsyde_test/test/wp-content/plugins/plugintestslughere/tests/unit/tests/formatting/WPTexturize.php" line="907" assertions="1" time="0.021898"/>
          <testcase name="test_ampersand with data set #4" class="Tests_Formatting_WPTexturize" classname="Tests_Formatting_WPTexturize" file="/var/www/html/test/wordpress_test/inpsyde_test/test/wp-content/plugins/plugintestslughere/tests/unit/tests/formatting/WPTexturize.php" line="907" assertions="1" time="0.021589"/>
          <testcase name="test_ampersand with data set #5" class="Tests_Formatting_WPTexturize" classname="Tests_Formatting_WPTexturize" file="/var/www/html/test/wordpress_test/inpsyde_test/test/wp-content/plugins/plugintestslughere/tests/unit/tests/formatting/WPTexturize.php" line="907" assertions="1" time="0.022371"/>
          <testcase name="test_ampersand with data set #6" class="Tests_Formatting_WPTexturize" classname="Tests_Formatting_WPTexturize" file="/var/www/html/test/wordpress_test/inpsyde_test/test/wp-content/plugins/plugintestslughere/tests/unit/tests/formatting/WPTexturize.php" line="907" assertions="1" time="0.023006"/>
          <testcase name="test_ampersand with data set #7" class="Tests_Formatting_WPTexturize" classname="Tests_Formatting_WPTexturize" file="/var/www/html/test/wordpress_test/inpsyde_test/test/wp-content/plugins/plugintestslughere/tests/unit/tests/formatting/WPTexturize.php" line="907" assertions="1" time="0.027649"/>
          <testcase name="test_ampersand with data set #8" class="Tests_Formatting_WPTexturize" classname="Tests_Formatting_WPTexturize" file="/var/www/html/test/wordpress_test/inpsyde_test/test/wp-content/plugins/plugintestslughere/tests/unit/tests/formatting/WPTexturize.php" line="907" assertions="1" time="0.035802"/>
          <testcase name="test_ampersand with data set #9" class="Tests_Formatting_WPTexturize" classname="Tests_Formatting_WPTexturize" file="/var/www/html/test/wordpress_test/inpsyde_test/test/wp-content/plugins/plugintestslughere/tests/unit/tests/formatting/WPTexturize.php" line="907" assertions="1" time="0.033528"/>
          <testcase name="test_ampersand with data set #10" class="Tests_Formatting_WPTexturize" classname="Tests_Formatting_WPTexturize" file="/var/www/html/test/wordpress_test/inpsyde_test/test/wp-content/plugins/plugintestslughere/tests/unit/tests/formatting/WPTexturize.php" line="907" assertions="1" time="0.038354"/>
          <testcase name="test_ampersand with data set #11" class="Tests_Formatting_WPTexturize" classname="Tests_Formatting_WPTexturize" file="/var/www/html/test/wordpress_test/inpsyde_test/test/wp-content/plugins/plugintestslughere/tests/unit/tests/formatting/WPTexturize.php" line="907" assertions="1" time="0.032415"/>
        </testsuite>
        <testsuite name="Tests_Formatting_WPTexturize::test_cockney" tests="11" assertions="11" errors="0" failures="0" skipped="0" time="0.259659">
          <testcase name="test_cockney with data set #0" class="Tests_Formatting_WPTexturize" classname="Tests_Formatting_WPTexturize" file="/var/www/html/test/wordpress_test/inpsyde_test/test/wp-content/plugins/plugintestslughere/tests/unit/tests/formatting/WPTexturize.php" line="972" assertions="1" time="0.028878"/>
          <testcase name="test_cockney with data set #1" class="Tests_Formatting_WPTexturize" classname="Tests_Formatting_WPTexturize" file="/var/www/html/test/wordpress_test/inpsyde_test/test/wp-content/plugins/plugintestslughere/tests/unit/tests/formatting/WPTexturize.php" line="972" assertions="1" time="0.025270"/>
          <testcase name="test_cockney with data set #2" class="Tests_Formatting_WPTexturize" classname="Tests_Formatting_WPTexturize" file="/var/www/html/test/wordpress_test/inpsyde_test/test/wp-content/plugins/plugintestslughere/tests/unit/tests/formatting/WPTexturize.php" line="972" assertions="1" time="0.025570"/>
          <testcase name="test_cockney with data set #3" class="Tests_Formatting_WPTexturize" classname="Tests_Formatting_WPTexturize" file="/var/www/html/test/wordpress_test/inpsyde_test/test/wp-content/plugins/plugintestslughere/tests/unit/tests/formatting/WPTexturize.php" line="972" assertions="1" time="0.022927"/>
          <testcase name="test_cockney with data set #4" class="Tests_Formatting_WPTexturize" classname="Tests_Formatting_WPTexturize" file="/var/www/html/test/wordpress_test/inpsyde_test/test/wp-content/plugins/plugintestslughere/tests/unit/tests/formatting/WPTexturize.php" line="972" assertions="1" time="0.023072"/>
          <testcase name="test_cockney with data set #5" class="Tests_Formatting_WPTexturize" classname="Tests_Formatting_WPTexturize" file="/var/www/html/test/wordpress_test/inpsyde_test/test/wp-content/plugins/plugintestslughere/tests/unit/tests/formatting/WPTexturize.php" line="972" assertions="1" time="0.022755"/>
          <testcase name="test_cockney with data set #6" class="Tests_Formatting_WPTexturize" classname="Tests_Formatting_WPTexturize" file="/var/www/html/test/wordpress_test/inpsyde_test/test/wp-content/plugins/plugintestslughere/tests/unit/tests/formatting/WPTexturize.php" line="972" assertions="1" time="0.021891"/>
          <testcase name="test_cockney with data set #7" class="Tests_Formatting_WPTexturize" classname="Tests_Formatting_WPTexturize" file="/var/www/html/test/wordpress_test/inpsyde_test/test/wp-content/plugins/plugintestslughere/tests/unit/tests/formatting/WPTexturize.php" line="972" assertions="1" time="0.022568"/>
          <testcase name="test_cockney with data set #8" class="Tests_Formatting_WPTexturize" classname="Tests_Formatting_WPTexturize" file="/var/www/html/test/wordpress_test/inpsyde_test/test/wp-content/plugins/plugintestslughere/tests/unit/tests/formatting/WPTexturize.php" line="972" assertions="1" time="0.022619"/>
          <testcase name="test_cockney with data set #9" class="Tests_Formatting_WPTexturize" classname="Tests_Formatting_WPTexturize" file="/var/www/html/test/wordpress_test/inpsyde_test/test/wp-content/plugins/plugintestslughere/tests/unit/tests/formatting/WPTexturize.php" line="972" assertions="1" time="0.022762"/>
          <testcase name="test_cockney with data set #10" class="Tests_Formatting_WPTexturize" classname="Tests_Formatting_WPTexturize" file="/var/www/html/test/wordpress_test/inpsyde_test/test/wp-content/plugins/plugintestslughere/tests/unit/tests/formatting/WPTexturize.php" line="972" assertions="1" time="0.021347"/>
        </testsuite>
        <testsuite name="Tests_Formatting_WPTexturize::test_smart_dashes" tests="9" assertions="9" errors="0" failures="0" skipped="0" time="0.195688">
          <testcase name="test_smart_dashes with data set #0" class="Tests_Formatting_WPTexturize" classname="Tests_Formatting_WPTexturize" file="/var/www/html/test/wordpress_test/inpsyde_test/test/wp-content/plugins/plugintestslughere/tests/unit/tests/formatting/WPTexturize.php" line="1033" assertions="1" time="0.021679"/>
          <testcase name="test_smart_dashes with data set #1" class="Tests_Formatting_WPTexturize" classname="Tests_Formatting_WPTexturize" file="/var/www/html/test/wordpress_test/inpsyde_test/test/wp-content/plugins/plugintestslughere/tests/unit/tests/formatting/WPTexturize.php" line="1033" assertions="1" time="0.022194"/>
          <testcase name="test_smart_dashes with data set #2" class="Tests_Formatting_WPTexturize" classname="Tests_Formatting_WPTexturize" file="/var/www/html/test/wordpress_test/inpsyde_test/test/wp-content/plugins/plugintestslughere/tests/unit/tests/formatting/WPTexturize.php" line="1033" assertions="1" time="0.021875"/>
          <testcase name="test_smart_dashes with data set #3" class="Tests_Formatting_WPTexturize" classname="Tests_Formatting_WPTexturize" file="/var/www/html/test/wordpress_test/inpsyde_test/test/wp-content/plugins/plugintestslughere/tests/unit/tests/formatting/WPTexturize.php" line="1033" assertions="1" time="0.021807"/>
          <testcase name="test_smart_dashes with data set #4" class="Tests_Formatting_WPTexturize" classname="Tests_Formatting_WPTexturize" file="/var/www/html/test/wordpress_test/inpsyde_test/test/wp-content/plugins/plugintestslughere/tests/unit/tests/formatting/WPTexturize.php" line="1033" assertions="1" time="0.021537"/>
          <testcase name="test_smart_dashes with data set #5" class="Tests_Formatting_WPTexturize" classname="Tests_Formatting_WPTexturize" file="/var/www/html/test/wordpress_test/inpsyde_test/test/wp-content/plugins/plugintestslughere/tests/unit/tests/formatting/WPTexturize.php" line="1033" assertions="1" time="0.021219"/>
          <testcase name="test_smart_dashes with data set #6" class="Tests_Formatting_WPTexturize" classname="Tests_Formatting_WPTexturize" file="/var/www/html/test/wordpress_test/inpsyde_test/test/wp-content/plugins/plugintestslughere/tests/unit/tests/formatting/WPTexturize.php" line="1033" assertions="1" time="0.021122"/>
          <testcase name="test_smart_dashes with data set #7" class="Tests_Formatting_WPTexturize" classname="Tests_Formatting_WPTexturize" file="/var/www/html/test/wordpress_test/inpsyde_test/test/wp-content/plugins/plugintestslughere/tests/unit/tests/formatting/WPTexturize.php" line="1033" assertions="1" time="0.021989"/>
          <testcase name="test_smart_dashes with data set #8" class="Tests_Formatting_WPTexturize" classname="Tests_Formatting_WPTexturize" file="/var/www/html/test/wordpress_test/inpsyde_test/test/wp-content/plugins/plugintestslughere/tests/unit/tests/formatting/WPTexturize.php" line="1033" assertions="1" time="0.022266"/>
        </testsuite>
        <testsuite name="Tests_Formatting_WPTexturize::test_misc_static_replacements" tests="10" assertions="10" errors="0" failures="0" skipped="0" time="0.224300">
          <testcase name="test_misc_static_replacements with data set #0" class="Tests_Formatting_WPTexturize" classname="Tests_Formatting_WPTexturize" file="/var/www/html/test/wordpress_test/inpsyde_test/test/wp-content/plugins/plugintestslughere/tests/unit/tests/formatting/WPTexturize.php" line="1086" assertions="1" time="0.022723"/>
          <testcase name="test_misc_static_replacements with data set #1" class="Tests_Formatting_WPTexturize" classname="Tests_Formatting_WPTexturize" file="/var/www/html/test/wordpress_test/inpsyde_test/test/wp-content/plugins/plugintestslughere/tests/unit/tests/formatting/WPTexturize.php" line="1086" assertions="1" time="0.022022"/>
          <testcase name="test_misc_static_replacements with data set #2" class="Tests_Formatting_WPTexturize" classname="Tests_Formatting_WPTexturize" file="/var/www/html/test/wordpress_test/inpsyde_test/test/wp-content/plugins/plugintestslughere/tests/unit/tests/formatting/WPTexturize.php" line="1086" assertions="1" time="0.022665"/>
          <testcase name="test_misc_static_replacements with data set #3" class="Tests_Formatting_WPTexturize" classname="Tests_Formatting_WPTexturize" file="/var/www/html/test/wordpress_test/inpsyde_test/test/wp-content/plugins/plugintestslughere/tests/unit/tests/formatting/WPTexturize.php" line="1086" assertions="1" time="0.022739"/>
          <testcase name="test_misc_static_replacements with data set #4" class="Tests_Formatting_WPTexturize" classname="Tests_Formatting_WPTexturize" file="/var/www/html/test/wordpress_test/inpsyde_test/test/wp-content/plugins/plugintestslughere/tests/unit/tests/formatting/WPTexturize.php" line="1086" assertions="1" time="0.022665"/>
          <testcase name="test_misc_static_replacements with data set #5" class="Tests_Formatting_WPTexturize" classname="Tests_Formatting_WPTexturize" file="/var/www/html/test/wordpress_test/inpsyde_test/test/wp-content/plugins/plugintestslughere/tests/unit/tests/formatting/WPTexturize.php" line="1086" assertions="1" time="0.021744"/>
          <testcase name="test_misc_static_replacements with data set #6" class="Tests_Formatting_WPTexturize" classname="Tests_Formatting_WPTexturize" file="/var/www/html/test/wordpress_test/inpsyde_test/test/wp-content/plugins/plugintestslughere/tests/unit/tests/formatting/WPTexturize.php" line="1086" assertions="1" time="0.021961"/>
          <testcase name="test_misc_static_replacements with data set #7" class="Tests_Formatting_WPTexturize" classname="Tests_Formatting_WPTexturize" file="/var/www/html/test/wordpress_test/inpsyde_test/test/wp-content/plugins/plugintestslughere/tests/unit/tests/formatting/WPTexturize.php" line="1086" assertions="1" time="0.022507"/>
          <testcase name="test_misc_static_replacements with data set #8" class="Tests_Formatting_WPTexturize" classname="Tests_Formatting_WPTexturize" file="/var/www/html/test/wordpress_test/inpsyde_test/test/wp-content/plugins/plugintestslughere/tests/unit/tests/formatting/WPTexturize.php" line="1086" assertions="1" time="0.021191"/>
          <testcase name="test_misc_static_replacements with data set #9" class="Tests_Formatting_WPTexturize" classname="Tests_Formatting_WPTexturize" file="/var/www/html/test/wordpress_test/inpsyde_test/test/wp-content/plugins/plugintestslughere/tests/unit/tests/formatting/WPTexturize.php" line="1086" assertions="1" time="0.024083"/>
        </testsuite>
        <testsuite name="Tests_Formatting_WPTexturize::test_quoted_numbers" tests="9" assertions="9" errors="0" failures="0" skipped="0" time="0.222798">
          <testcase name="test_quoted_numbers with data set #0" class="Tests_Formatting_WPTexturize" classname="Tests_Formatting_WPTexturize" file="/var/www/html/test/wordpress_test/inpsyde_test/test/wp-content/plugins/plugintestslughere/tests/unit/tests/formatting/WPTexturize.php" line="1141" assertions="1" time="0.025037"/>
          <testcase name="test_quoted_numbers with data set #1" class="Tests_Formatting_WPTexturize" classname="Tests_Formatting_WPTexturize" file="/var/www/html/test/wordpress_test/inpsyde_test/test/wp-content/plugins/plugintestslughere/tests/unit/tests/formatting/WPTexturize.php" line="1141" assertions="1" time="0.022756"/>
          <testcase name="test_quoted_numbers with data set #2" class="Tests_Formatting_WPTexturize" classname="Tests_Formatting_WPTexturize" file="/var/www/html/test/wordpress_test/inpsyde_test/test/wp-content/plugins/plugintestslughere/tests/unit/tests/formatting/WPTexturize.php" line="1141" assertions="1" time="0.022978"/>
          <testcase name="test_quoted_numbers with data set #3" class="Tests_Formatting_WPTexturize" classname="Tests_Formatting_WPTexturize" file="/var/www/html/test/wordpress_test/inpsyde_test/test/wp-content/plugins/plugintestslughere/tests/unit/tests/formatting/WPTexturize.php" line="1141" assertions="1" time="0.021718"/>
          <testcase name="test_quoted_numbers with data set #4" class="Tests_Formatting_WPTexturize" classname="Tests_Formatting_WPTexturize" file="/var/www/html/test/wordpress_test/inpsyde_test/test/wp-content/plugins/plugintestslughere/tests/unit/tests/formatting/WPTexturize.php" line="1141" assertions="1" time="0.021657"/>
          <testcase name="test_quoted_numbers with data set #5" class="Tests_Formatting_WPTexturize" classname="Tests_Formatting_WPTexturize" file="/var/www/html/test/wordpress_test/inpsyde_test/test/wp-content/plugins/plugintestslughere/tests/unit/tests/formatting/WPTexturize.php" line="1141" assertions="1" time="0.024570"/>
          <testcase name="test_quoted_numbers with data set #6" class="Tests_Formatting_WPTexturize" classname="Tests_Formatting_WPTexturize" file="/var/www/html/test/wordpress_test/inpsyde_test/test/wp-content/plugins/plugintestslughere/tests/unit/tests/formatting/WPTexturize.php" line="1141" assertions="1" time="0.031832"/>
          <testcase name="test_quoted_numbers with data set #7" class="Tests_Formatting_WPTexturize" classname="Tests_Formatting_WPTexturize" file="/var/www/html/test/wordpress_test/inpsyde_test/test/wp-content/plugins/plugintestslughere/tests/unit/tests/formatting/WPTexturize.php" line="1141" assertions="1" time="0.026370"/>
          <testcase name="test_quoted_numbers with data set #8" class="Tests_Formatting_WPTexturize" classname="Tests_Formatting_WPTexturize" file="/var/www/html/test/wordpress_test/inpsyde_test/test/wp-content/plugins/plugintestslughere/tests/unit/tests/formatting/WPTexturize.php" line="1141" assertions="1" time="0.025880"/>
        </testsuite>
        <testsuite name="Tests_Formatting_WPTexturize::test_quotes_and_dashes" tests="12" assertions="12" errors="0" failures="0" skipped="0" time="0.274092">
          <testcase name="test_quotes_and_dashes with data set #0" class="Tests_Formatting_WPTexturize" classname="Tests_Formatting_WPTexturize" file="/var/www/html/test/wordpress_test/inpsyde_test/test/wp-content/plugins/plugintestslughere/tests/unit/tests/formatting/WPTexturize.php" line="1192" assertions="1" time="0.025432"/>
          <testcase name="test_quotes_and_dashes with data set #1" class="Tests_Formatting_WPTexturize" classname="Tests_Formatting_WPTexturize" file="/var/www/html/test/wordpress_test/inpsyde_test/test/wp-content/plugins/plugintestslughere/tests/unit/tests/formatting/WPTexturize.php" line="1192" assertions="1" time="0.023425"/>
          <testcase name="test_quotes_and_dashes with data set #2" class="Tests_Formatting_WPTexturize" classname="Tests_Formatting_WPTexturize" file="/var/www/html/test/wordpress_test/inpsyde_test/test/wp-content/plugins/plugintestslughere/tests/unit/tests/formatting/WPTexturize.php" line="1192" assertions="1" time="0.023228"/>
          <testcase name="test_quotes_and_dashes with data set #3" class="Tests_Formatting_WPTexturize" classname="Tests_Formatting_WPTexturize" file="/var/www/html/test/wordpress_test/inpsyde_test/test/wp-content/plugins/plugintestslughere/tests/unit/tests/formatting/WPTexturize.php" line="1192" assertions="1" time="0.022238"/>
          <testcase name="test_quotes_and_dashes with data set #4" class="Tests_Formatting_WPTexturize" classname="Tests_Formatting_WPTexturize" file="/var/www/html/test/wordpress_test/inpsyde_test/test/wp-content/plugins/plugintestslughere/tests/unit/tests/formatting/WPTexturize.php" line="1192" assertions="1" time="0.023051"/>
          <testcase name="test_quotes_and_dashes with data set #5" class="Tests_Formatting_WPTexturize" classname="Tests_Formatting_WPTexturize" file="/var/www/html/test/wordpress_test/inpsyde_test/test/wp-content/plugins/plugintestslughere/tests/unit/tests/formatting/WPTexturize.php" line="1192" assertions="1" time="0.022254"/>
          <testcase name="test_quotes_and_dashes with data set #6" class="Tests_Formatting_WPTexturize" classname="Tests_Formatting_WPTexturize" file="/var/www/html/test/wordpress_test/inpsyde_test/test/wp-content/plugins/plugintestslughere/tests/unit/tests/formatting/WPTexturize.php" line="1192" assertions="1" time="0.022385"/>
          <testcase name="test_quotes_and_dashes with data set #7" class="Tests_Formatting_WPTexturize" classname="Tests_Formatting_WPTexturize" file="/var/www/html/test/wordpress_test/inpsyde_test/test/wp-content/plugins/plugintestslughere/tests/unit/tests/formatting/WPTexturize.php" line="1192" assertions="1" time="0.022673"/>
          <testcase name="test_quotes_and_dashes with data set #8" class="Tests_Formatting_WPTexturize" classname="Tests_Formatting_WPTexturize" file="/var/www/html/test/wordpress_test/inpsyde_test/test/wp-content/plugins/plugintestslughere/tests/unit/tests/formatting/WPTexturize.php" line="1192" assertions="1" time="0.022624"/>
          <testcase name="test_quotes_and_dashes with data set #9" class="Tests_Formatting_WPTexturize" classname="Tests_Formatting_WPTexturize" file="/var/www/html/test/wordpress_test/inpsyde_test/test/wp-content/plugins/plugintestslughere/tests/unit/tests/formatting/WPTexturize.php" line="1192" assertions="1" time="0.021782"/>
          <testcase name="test_quotes_and_dashes with data set #10" class="Tests_Formatting_WPTexturize" classname="Tests_Formatting_WPTexturize" file="/var/www/html/test/wordpress_test/inpsyde_test/test/wp-content/plugins/plugintestslughere/tests/unit/tests/formatting/WPTexturize.php" line="1192" assertions="1" time="0.022315"/>
          <testcase name="test_quotes_and_dashes with data set #11" class="Tests_Formatting_WPTexturize" classname="Tests_Formatting_WPTexturize" file="/var/www/html/test/wordpress_test/inpsyde_test/test/wp-content/plugins/plugintestslughere/tests/unit/tests/formatting/WPTexturize.php" line="1192" assertions="1" time="0.022685"/>
        </testsuite>
        <testsuite name="Tests_Formatting_WPTexturize::test_tag_avoidance" tests="52" assertions="52" errors="0" failures="0" skipped="0" time="1.133360">
          <testcase name="test_tag_avoidance with data set #0" class="Tests_Formatting_WPTexturize" classname="Tests_Formatting_WPTexturize" file="/var/www/html/test/wordpress_test/inpsyde_test/test/wp-content/plugins/plugintestslughere/tests/unit/tests/formatting/WPTexturize.php" line="1255" assertions="1" time="0.023154"/>
          <testcase name="test_tag_avoidance with data set #1" class="Tests_Formatting_WPTexturize" classname="Tests_Formatting_WPTexturize" file="/var/www/html/test/wordpress_test/inpsyde_test/test/wp-content/plugins/plugintestslughere/tests/unit/tests/formatting/WPTexturize.php" line="1255" assertions="1" time="0.022546"/>
          <testcase name="test_tag_avoidance with data set #2" class="Tests_Formatting_WPTexturize" classname="Tests_Formatting_WPTexturize" file="/var/www/html/test/wordpress_test/inpsyde_test/test/wp-content/plugins/plugintestslughere/tests/unit/tests/formatting/WPTexturize.php" line="1255" assertions="1" time="0.022134"/>
          <testcase name="test_tag_avoidance with data set #3" class="Tests_Formatting_WPTexturize" classname="Tests_Formatting_WPTexturize" file="/var/www/html/test/wordpress_test/inpsyde_test/test/wp-content/plugins/plugintestslughere/tests/unit/tests/formatting/WPTexturize.php" line="1255" assertions="1" time="0.022379"/>
          <testcase name="test_tag_avoidance with data set #4" class="Tests_Formatting_WPTexturize" classname="Tests_Formatting_WPTexturize" file="/var/www/html/test/wordpress_test/inpsyde_test/test/wp-content/plugins/plugintestslughere/tests/unit/tests/formatting/WPTexturize.php" line="1255" assertions="1" time="0.020887"/>
          <testcase name="test_tag_avoidance with data set #5" class="Tests_Formatting_WPTexturize" classname="Tests_Formatting_WPTexturize" file="/var/www/html/test/wordpress_test/inpsyde_test/test/wp-content/plugins/plugintestslughere/tests/unit/tests/formatting/WPTexturize.php" line="1255" assertions="1" time="0.021332"/>
          <testcase name="test_tag_avoidance with data set #6" class="Tests_Formatting_WPTexturize" classname="Tests_Formatting_WPTexturize" file="/var/www/html/test/wordpress_test/inpsyde_test/test/wp-content/plugins/plugintestslughere/tests/unit/tests/formatting/WPTexturize.php" line="1255" assertions="1" time="0.021161"/>
          <testcase name="test_tag_avoidance with data set #7" class="Tests_Formatting_WPTexturize" classname="Tests_Formatting_WPTexturize" file="/var/www/html/test/wordpress_test/inpsyde_test/test/wp-content/plugins/plugintestslughere/tests/unit/tests/formatting/WPTexturize.php" line="1255" assertions="1" time="0.021375"/>
          <testcase name="test_tag_avoidance with data set #8" class="Tests_Formatting_WPTexturize" classname="Tests_Formatting_WPTexturize" file="/var/www/html/test/wordpress_test/inpsyde_test/test/wp-content/plugins/plugintestslughere/tests/unit/tests/formatting/WPTexturize.php" line="1255" assertions="1" time="0.020556"/>
          <testcase name="test_tag_avoidance with data set #9" class="Tests_Formatting_WPTexturize" classname="Tests_Formatting_WPTexturize" file="/var/www/html/test/wordpress_test/inpsyde_test/test/wp-content/plugins/plugintestslughere/tests/unit/tests/formatting/WPTexturize.php" line="1255" assertions="1" time="0.022110"/>
          <testcase name="test_tag_avoidance with data set #10" class="Tests_Formatting_WPTexturize" classname="Tests_Formatting_WPTexturize" file="/var/www/html/test/wordpress_test/inpsyde_test/test/wp-content/plugins/plugintestslughere/tests/unit/tests/formatting/WPTexturize.php" line="1255" assertions="1" time="0.022455"/>
          <testcase name="test_tag_avoidance with data set #11" class="Tests_Formatting_WPTexturize" classname="Tests_Formatting_WPTexturize" file="/var/www/html/test/wordpress_test/inpsyde_test/test/wp-content/plugins/plugintestslughere/tests/unit/tests/formatting/WPTexturize.php" line="1255" assertions="1" time="0.021208"/>
          <testcase name="test_tag_avoidance with data set #12" class="Tests_Formatting_WPTexturize" classname="Tests_Formatting_WPTexturize" file="/var/www/html/test/wordpress_test/inpsyde_test/test/wp-content/plugins/plugintestslughere/tests/unit/tests/formatting/WPTexturize.php" line="1255" assertions="1" time="0.021788"/>
          <testcase name="test_tag_avoidance with data set #13" class="Tests_Formatting_WPTexturize" classname="Tests_Formatting_WPTexturize" file="/var/www/html/test/wordpress_test/inpsyde_test/test/wp-content/plugins/plugintestslughere/tests/unit/tests/formatting/WPTexturize.php" line="1255" assertions="1" time="0.021390"/>
          <testcase name="test_tag_avoidance with data set #14" class="Tests_Formatting_WPTexturize" classname="Tests_Formatting_WPTexturize" file="/var/www/html/test/wordpress_test/inpsyde_test/test/wp-content/plugins/plugintestslughere/tests/unit/tests/formatting/WPTexturize.php" line="1255" assertions="1" time="0.021592"/>
          <testcase name="test_tag_avoidance with data set #15" class="Tests_Formatting_WPTexturize" classname="Tests_Formatting_WPTexturize" file="/var/www/html/test/wordpress_test/inpsyde_test/test/wp-content/plugins/plugintestslughere/tests/unit/tests/formatting/WPTexturize.php" line="1255" assertions="1" time="0.020480"/>
          <testcase name="test_tag_avoidance with data set #16" class="Tests_Formatting_WPTexturize" classname="Tests_Formatting_WPTexturize" file="/var/www/html/test/wordpress_test/inpsyde_test/test/wp-content/plugins/plugintestslughere/tests/unit/tests/formatting/WPTexturize.php" line="1255" assertions="1" time="0.021614"/>
          <testcase name="test_tag_avoidance with data set #17" class="Tests_Formatting_WPTexturize" classname="Tests_Formatting_WPTexturize" file="/var/www/html/test/wordpress_test/inpsyde_test/test/wp-content/plugins/plugintestslughere/tests/unit/tests/formatting/WPTexturize.php" line="1255" assertions="1" time="0.021785"/>
          <testcase name="test_tag_avoidance with data set #18" class="Tests_Formatting_WPTexturize" classname="Tests_Formatting_WPTexturize" file="/var/www/html/test/wordpress_test/inpsyde_test/test/wp-content/plugins/plugintestslughere/tests/unit/tests/formatting/WPTexturize.php" line="1255" assertions="1" time="0.021518"/>
          <testcase name="test_tag_avoidance with data set #19" class="Tests_Formatting_WPTexturize" classname="Tests_Formatting_WPTexturize" file="/var/www/html/test/wordpress_test/inpsyde_test/test/wp-content/plugins/plugintestslughere/tests/unit/tests/formatting/WPTexturize.php" line="1255" assertions="1" time="0.022077"/>
          <testcase name="test_tag_avoidance with data set #20" class="Tests_Formatting_WPTexturize" classname="Tests_Formatting_WPTexturize" file="/var/www/html/test/wordpress_test/inpsyde_test/test/wp-content/plugins/plugintestslughere/tests/unit/tests/formatting/WPTexturize.php" line="1255" assertions="1" time="0.021636"/>
          <testcase name="test_tag_avoidance with data set #21" class="Tests_Formatting_WPTexturize" classname="Tests_Formatting_WPTexturize" file="/var/www/html/test/wordpress_test/inpsyde_test/test/wp-content/plugins/plugintestslughere/tests/unit/tests/formatting/WPTexturize.php" line="1255" assertions="1" time="0.022458"/>
          <testcase name="test_tag_avoidance with data set #22" class="Tests_Formatting_WPTexturize" classname="Tests_Formatting_WPTexturize" file="/var/www/html/test/wordpress_test/inpsyde_test/test/wp-content/plugins/plugintestslughere/tests/unit/tests/formatting/WPTexturize.php" line="1255" assertions="1" time="0.020931"/>
          <testcase name="test_tag_avoidance with data set #23" class="Tests_Formatting_WPTexturize" classname="Tests_Formatting_WPTexturize" file="/var/www/html/test/wordpress_test/inpsyde_test/test/wp-content/plugins/plugintestslughere/tests/unit/tests/formatting/WPTexturize.php" line="1255" assertions="1" time="0.021925"/>
          <testcase name="test_tag_avoidance with data set #24" class="Tests_Formatting_WPTexturize" classname="Tests_Formatting_WPTexturize" file="/var/www/html/test/wordpress_test/inpsyde_test/test/wp-content/plugins/plugintestslughere/tests/unit/tests/formatting/WPTexturize.php" line="1255" assertions="1" time="0.021968"/>
          <testcase name="test_tag_avoidance with data set #25" class="Tests_Formatting_WPTexturize" classname="Tests_Formatting_WPTexturize" file="/var/www/html/test/wordpress_test/inpsyde_test/test/wp-content/plugins/plugintestslughere/tests/unit/tests/formatting/WPTexturize.php" line="1255" assertions="1" time="0.021928"/>
          <testcase name="test_tag_avoidance with data set #26" class="Tests_Formatting_WPTexturize" classname="Tests_Formatting_WPTexturize" file="/var/www/html/test/wordpress_test/inpsyde_test/test/wp-content/plugins/plugintestslughere/tests/unit/tests/formatting/WPTexturize.php" line="1255" assertions="1" time="0.021220"/>
          <testcase name="test_tag_avoidance with data set #27" class="Tests_Formatting_WPTexturize" classname="Tests_Formatting_WPTexturize" file="/var/www/html/test/wordpress_test/inpsyde_test/test/wp-content/plugins/plugintestslughere/tests/unit/tests/formatting/WPTexturize.php" line="1255" assertions="1" time="0.022547"/>
          <testcase name="test_tag_avoidance with data set #28" class="Tests_Formatting_WPTexturize" classname="Tests_Formatting_WPTexturize" file="/var/www/html/test/wordpress_test/inpsyde_test/test/wp-content/plugins/plugintestslughere/tests/unit/tests/formatting/WPTexturize.php" line="1255" assertions="1" time="0.024133"/>
          <testcase name="test_tag_avoidance with data set #29" class="Tests_Formatting_WPTexturize" classname="Tests_Formatting_WPTexturize" file="/var/www/html/test/wordpress_test/inpsyde_test/test/wp-content/plugins/plugintestslughere/tests/unit/tests/formatting/WPTexturize.php" line="1255" assertions="1" time="0.023048"/>
          <testcase name="test_tag_avoidance with data set #30" class="Tests_Formatting_WPTexturize" classname="Tests_Formatting_WPTexturize" file="/var/www/html/test/wordpress_test/inpsyde_test/test/wp-content/plugins/plugintestslughere/tests/unit/tests/formatting/WPTexturize.php" line="1255" assertions="1" time="0.022109"/>
          <testcase name="test_tag_avoidance with data set #31" class="Tests_Formatting_WPTexturize" classname="Tests_Formatting_WPTexturize" file="/var/www/html/test/wordpress_test/inpsyde_test/test/wp-content/plugins/plugintestslughere/tests/unit/tests/formatting/WPTexturize.php" line="1255" assertions="1" time="0.022064"/>
          <testcase name="test_tag_avoidance with data set #32" class="Tests_Formatting_WPTexturize" classname="Tests_Formatting_WPTexturize" file="/var/www/html/test/wordpress_test/inpsyde_test/test/wp-content/plugins/plugintestslughere/tests/unit/tests/formatting/WPTexturize.php" line="1255" assertions="1" time="0.023186"/>
          <testcase name="test_tag_avoidance with data set #33" class="Tests_Formatting_WPTexturize" classname="Tests_Formatting_WPTexturize" file="/var/www/html/test/wordpress_test/inpsyde_test/test/wp-content/plugins/plugintestslughere/tests/unit/tests/formatting/WPTexturize.php" line="1255" assertions="1" time="0.022421"/>
          <testcase name="test_tag_avoidance with data set #34" class="Tests_Formatting_WPTexturize" classname="Tests_Formatting_WPTexturize" file="/var/www/html/test/wordpress_test/inpsyde_test/test/wp-content/plugins/plugintestslughere/tests/unit/tests/formatting/WPTexturize.php" line="1255" assertions="1" time="0.021180"/>
          <testcase name="test_tag_avoidance with data set #35" class="Tests_Formatting_WPTexturize" classname="Tests_Formatting_WPTexturize" file="/var/www/html/test/wordpress_test/inpsyde_test/test/wp-content/plugins/plugintestslughere/tests/unit/tests/formatting/WPTexturize.php" line="1255" assertions="1" time="0.021882"/>
          <testcase name="test_tag_avoidance with data set #36" class="Tests_Formatting_WPTexturize" classname="Tests_Formatting_WPTexturize" file="/var/www/html/test/wordpress_test/inpsyde_test/test/wp-content/plugins/plugintestslughere/tests/unit/tests/formatting/WPTexturize.php" line="1255" assertions="1" time="0.022038"/>
          <testcase name="test_tag_avoidance with data set #37" class="Tests_Formatting_WPTexturize" classname="Tests_Formatting_WPTexturize" file="/var/www/html/test/wordpress_test/inpsyde_test/test/wp-content/plugins/plugintestslughere/tests/unit/tests/formatting/WPTexturize.php" line="1255" assertions="1" time="0.020793"/>
          <testcase name="test_tag_avoidance with data set #38" class="Tests_Formatting_WPTexturize" classname="Tests_Formatting_WPTexturize" file="/var/www/html/test/wordpress_test/inpsyde_test/test/wp-content/plugins/plugintestslughere/tests/unit/tests/formatting/WPTexturize.php" line="1255" assertions="1" time="0.021434"/>
          <testcase name="test_tag_avoidance with data set #39" class="Tests_Formatting_WPTexturize" classname="Tests_Formatting_WPTexturize" file="/var/www/html/test/wordpress_test/inpsyde_test/test/wp-content/plugins/plugintestslughere/tests/unit/tests/formatting/WPTexturize.php" line="1255" assertions="1" time="0.021510"/>
          <testcase name="test_tag_avoidance with data set #40" class="Tests_Formatting_WPTexturize" classname="Tests_Formatting_WPTexturize" file="/var/www/html/test/wordpress_test/inpsyde_test/test/wp-content/plugins/plugintestslughere/tests/unit/tests/formatting/WPTexturize.php" line="1255" assertions="1" time="0.021975"/>
          <testcase name="test_tag_avoidance with data set #41" class="Tests_Formatting_WPTexturize" classname="Tests_Formatting_WPTexturize" file="/var/www/html/test/wordpress_test/inpsyde_test/test/wp-content/plugins/plugintestslughere/tests/unit/tests/formatting/WPTexturize.php" line="1255" assertions="1" time="0.021776"/>
          <testcase name="test_tag_avoidance with data set #42" class="Tests_Formatting_WPTexturize" classname="Tests_Formatting_WPTexturize" file="/var/www/html/test/wordpress_test/inpsyde_test/test/wp-content/plugins/plugintestslughere/tests/unit/tests/formatting/WPTexturize.php" line="1255" assertions="1" time="0.022269"/>
          <testcase name="test_tag_avoidance with data set #43" class="Tests_Formatting_WPTexturize" classname="Tests_Formatting_WPTexturize" file="/var/www/html/test/wordpress_test/inpsyde_test/test/wp-content/plugins/plugintestslughere/tests/unit/tests/formatting/WPTexturize.php" line="1255" assertions="1" time="0.022127"/>
          <testcase name="test_tag_avoidance with data set #44" class="Tests_Formatting_WPTexturize" classname="Tests_Formatting_WPTexturize" file="/var/www/html/test/wordpress_test/inpsyde_test/test/wp-content/plugins/plugintestslughere/tests/unit/tests/formatting/WPTexturize.php" line="1255" assertions="1" time="0.022036"/>
          <testcase name="test_tag_avoidance with data set #45" class="Tests_Formatting_WPTexturize" classname="Tests_Formatting_WPTexturize" file="/var/www/html/test/wordpress_test/inpsyde_test/test/wp-content/plugins/plugintestslughere/tests/unit/tests/formatting/WPTexturize.php" line="1255" assertions="1" time="0.021903"/>
          <testcase name="test_tag_avoidance with data set #46" class="Tests_Formatting_WPTexturize" classname="Tests_Formatting_WPTexturize" file="/var/www/html/test/wordpress_test/inpsyde_test/test/wp-content/plugins/plugintestslughere/tests/unit/tests/formatting/WPTexturize.php" line="1255" assertions="1" time="0.021193"/>
          <testcase name="test_tag_avoidance with data set #47" class="Tests_Formatting_WPTexturize" classname="Tests_Formatting_WPTexturize" file="/var/www/html/test/wordpress_test/inpsyde_test/test/wp-content/plugins/plugintestslughere/tests/unit/tests/formatting/WPTexturize.php" line="1255" assertions="1" time="0.021329"/>
          <testcase name="test_tag_avoidance with data set #48" class="Tests_Formatting_WPTexturize" classname="Tests_Formatting_WPTexturize" file="/var/www/html/test/wordpress_test/inpsyde_test/test/wp-content/plugins/plugintestslughere/tests/unit/tests/formatting/WPTexturize.php" line="1255" assertions="1" time="0.021023"/>
          <testcase name="test_tag_avoidance with data set #49" class="Tests_Formatting_WPTexturize" classname="Tests_Formatting_WPTexturize" file="/var/www/html/test/wordpress_test/inpsyde_test/test/wp-content/plugins/plugintestslughere/tests/unit/tests/formatting/WPTexturize.php" line="1255" assertions="1" time="0.021335"/>
          <testcase name="test_tag_avoidance with data set #50" class="Tests_Formatting_WPTexturize" classname="Tests_Formatting_WPTexturize" file="/var/www/html/test/wordpress_test/inpsyde_test/test/wp-content/plugins/plugintestslughere/tests/unit/tests/formatting/WPTexturize.php" line="1255" assertions="1" time="0.021362"/>
          <testcase name="test_tag_avoidance with data set #51" class="Tests_Formatting_WPTexturize" classname="Tests_Formatting_WPTexturize" file="/var/www/html/test/wordpress_test/inpsyde_test/test/wp-content/plugins/plugintestslughere/tests/unit/tests/formatting/WPTexturize.php" line="1255" assertions="1" time="0.021080"/>
        </testsuite>
        <testsuite name="Tests_Formatting_WPTexturize::test_year_abbr" tests="18" assertions="18" errors="0" failures="0" skipped="0" time="0.449079">
          <testcase name="test_year_abbr with data set #0" class="Tests_Formatting_WPTexturize" classname="Tests_Formatting_WPTexturize" file="/var/www/html/test/wordpress_test/inpsyde_test/test/wp-content/plugins/plugintestslughere/tests/unit/tests/formatting/WPTexturize.php" line="1478" assertions="1" time="0.021800"/>
          <testcase name="test_year_abbr with data set #1" class="Tests_Formatting_WPTexturize" classname="Tests_Formatting_WPTexturize" file="/var/www/html/test/wordpress_test/inpsyde_test/test/wp-content/plugins/plugintestslughere/tests/unit/tests/formatting/WPTexturize.php" line="1478" assertions="1" time="0.022399"/>
          <testcase name="test_year_abbr with data set #2" class="Tests_Formatting_WPTexturize" classname="Tests_Formatting_WPTexturize" file="/var/www/html/test/wordpress_test/inpsyde_test/test/wp-content/plugins/plugintestslughere/tests/unit/tests/formatting/WPTexturize.php" line="1478" assertions="1" time="0.023082"/>
          <testcase name="test_year_abbr with data set #3" class="Tests_Formatting_WPTexturize" classname="Tests_Formatting_WPTexturize" file="/var/www/html/test/wordpress_test/inpsyde_test/test/wp-content/plugins/plugintestslughere/tests/unit/tests/formatting/WPTexturize.php" line="1478" assertions="1" time="0.021542"/>
          <testcase name="test_year_abbr with data set #4" class="Tests_Formatting_WPTexturize" classname="Tests_Formatting_WPTexturize" file="/var/www/html/test/wordpress_test/inpsyde_test/test/wp-content/plugins/plugintestslughere/tests/unit/tests/formatting/WPTexturize.php" line="1478" assertions="1" time="0.022298"/>
          <testcase name="test_year_abbr with data set #5" class="Tests_Formatting_WPTexturize" classname="Tests_Formatting_WPTexturize" file="/var/www/html/test/wordpress_test/inpsyde_test/test/wp-content/plugins/plugintestslughere/tests/unit/tests/formatting/WPTexturize.php" line="1478" assertions="1" time="0.022434"/>
          <testcase name="test_year_abbr with data set #6" class="Tests_Formatting_WPTexturize" classname="Tests_Formatting_WPTexturize" file="/var/www/html/test/wordpress_test/inpsyde_test/test/wp-content/plugins/plugintestslughere/tests/unit/tests/formatting/WPTexturize.php" line="1478" assertions="1" time="0.022847"/>
          <testcase name="test_year_abbr with data set #7" class="Tests_Formatting_WPTexturize" classname="Tests_Formatting_WPTexturize" file="/var/www/html/test/wordpress_test/inpsyde_test/test/wp-content/plugins/plugintestslughere/tests/unit/tests/formatting/WPTexturize.php" line="1478" assertions="1" time="0.022109"/>
          <testcase name="test_year_abbr with data set #8" class="Tests_Formatting_WPTexturize" classname="Tests_Formatting_WPTexturize" file="/var/www/html/test/wordpress_test/inpsyde_test/test/wp-content/plugins/plugintestslughere/tests/unit/tests/formatting/WPTexturize.php" line="1478" assertions="1" time="0.022119"/>
          <testcase name="test_year_abbr with data set #9" class="Tests_Formatting_WPTexturize" classname="Tests_Formatting_WPTexturize" file="/var/www/html/test/wordpress_test/inpsyde_test/test/wp-content/plugins/plugintestslughere/tests/unit/tests/formatting/WPTexturize.php" line="1478" assertions="1" time="0.022814"/>
          <testcase name="test_year_abbr with data set #10" class="Tests_Formatting_WPTexturize" classname="Tests_Formatting_WPTexturize" file="/var/www/html/test/wordpress_test/inpsyde_test/test/wp-content/plugins/plugintestslughere/tests/unit/tests/formatting/WPTexturize.php" line="1478" assertions="1" time="0.025609"/>
          <testcase name="test_year_abbr with data set #11" class="Tests_Formatting_WPTexturize" classname="Tests_Formatting_WPTexturize" file="/var/www/html/test/wordpress_test/inpsyde_test/test/wp-content/plugins/plugintestslughere/tests/unit/tests/formatting/WPTexturize.php" line="1478" assertions="1" time="0.036604"/>
          <testcase name="test_year_abbr with data set #12" class="Tests_Formatting_WPTexturize" classname="Tests_Formatting_WPTexturize" file="/var/www/html/test/wordpress_test/inpsyde_test/test/wp-content/plugins/plugintestslughere/tests/unit/tests/formatting/WPTexturize.php" line="1478" assertions="1" time="0.031397"/>
          <testcase name="test_year_abbr with data set #13" class="Tests_Formatting_WPTexturize" classname="Tests_Formatting_WPTexturize" file="/var/www/html/test/wordpress_test/inpsyde_test/test/wp-content/plugins/plugintestslughere/tests/unit/tests/formatting/WPTexturize.php" line="1478" assertions="1" time="0.029592"/>
          <testcase name="test_year_abbr with data set #14" class="Tests_Formatting_WPTexturize" classname="Tests_Formatting_WPTexturize" file="/var/www/html/test/wordpress_test/inpsyde_test/test/wp-content/plugins/plugintestslughere/tests/unit/tests/formatting/WPTexturize.php" line="1478" assertions="1" time="0.025032"/>
          <testcase name="test_year_abbr with data set #15" class="Tests_Formatting_WPTexturize" classname="Tests_Formatting_WPTexturize" file="/var/www/html/test/wordpress_test/inpsyde_test/test/wp-content/plugins/plugintestslughere/tests/unit/tests/formatting/WPTexturize.php" line="1478" assertions="1" time="0.027229"/>
          <testcase name="test_year_abbr with data set #16" class="Tests_Formatting_WPTexturize" classname="Tests_Formatting_WPTexturize" file="/var/www/html/test/wordpress_test/inpsyde_test/test/wp-content/plugins/plugintestslughere/tests/unit/tests/formatting/WPTexturize.php" line="1478" assertions="1" time="0.024201"/>
          <testcase name="test_year_abbr with data set #17" class="Tests_Formatting_WPTexturize" classname="Tests_Formatting_WPTexturize" file="/var/www/html/test/wordpress_test/inpsyde_test/test/wp-content/plugins/plugintestslughere/tests/unit/tests/formatting/WPTexturize.php" line="1478" assertions="1" time="0.025971"/>
        </testsuite>
        <testsuite name="Tests_Formatting_WPTexturize::test_translate" tests="44" assertions="44" errors="0" failures="0" skipped="0" time="1.054614">
          <testcase name="test_translate with data set #0" class="Tests_Formatting_WPTexturize" classname="Tests_Formatting_WPTexturize" file="/var/www/html/test/wordpress_test/inpsyde_test/test/wp-content/plugins/plugintestslughere/tests/unit/tests/formatting/WPTexturize.php" line="1567" assertions="1" time="0.023655"/>
          <testcase name="test_translate with data set #1" class="Tests_Formatting_WPTexturize" classname="Tests_Formatting_WPTexturize" file="/var/www/html/test/wordpress_test/inpsyde_test/test/wp-content/plugins/plugintestslughere/tests/unit/tests/formatting/WPTexturize.php" line="1567" assertions="1" time="0.025884"/>
          <testcase name="test_translate with data set #2" class="Tests_Formatting_WPTexturize" classname="Tests_Formatting_WPTexturize" file="/var/www/html/test/wordpress_test/inpsyde_test/test/wp-content/plugins/plugintestslughere/tests/unit/tests/formatting/WPTexturize.php" line="1567" assertions="1" time="0.023435"/>
          <testcase name="test_translate with data set #3" class="Tests_Formatting_WPTexturize" classname="Tests_Formatting_WPTexturize" file="/var/www/html/test/wordpress_test/inpsyde_test/test/wp-content/plugins/plugintestslughere/tests/unit/tests/formatting/WPTexturize.php" line="1567" assertions="1" time="0.024045"/>
          <testcase name="test_translate with data set #4" class="Tests_Formatting_WPTexturize" classname="Tests_Formatting_WPTexturize" file="/var/www/html/test/wordpress_test/inpsyde_test/test/wp-content/plugins/plugintestslughere/tests/unit/tests/formatting/WPTexturize.php" line="1567" assertions="1" time="0.025108"/>
          <testcase name="test_translate with data set #5" class="Tests_Formatting_WPTexturize" classname="Tests_Formatting_WPTexturize" file="/var/www/html/test/wordpress_test/inpsyde_test/test/wp-content/plugins/plugintestslughere/tests/unit/tests/formatting/WPTexturize.php" line="1567" assertions="1" time="0.022316"/>
          <testcase name="test_translate with data set #6" class="Tests_Formatting_WPTexturize" classname="Tests_Formatting_WPTexturize" file="/var/www/html/test/wordpress_test/inpsyde_test/test/wp-content/plugins/plugintestslughere/tests/unit/tests/formatting/WPTexturize.php" line="1567" assertions="1" time="0.024236"/>
          <testcase name="test_translate with data set #7" class="Tests_Formatting_WPTexturize" classname="Tests_Formatting_WPTexturize" file="/var/www/html/test/wordpress_test/inpsyde_test/test/wp-content/plugins/plugintestslughere/tests/unit/tests/formatting/WPTexturize.php" line="1567" assertions="1" time="0.023139"/>
          <testcase name="test_translate with data set #8" class="Tests_Formatting_WPTexturize" classname="Tests_Formatting_WPTexturize" file="/var/www/html/test/wordpress_test/inpsyde_test/test/wp-content/plugins/plugintestslughere/tests/unit/tests/formatting/WPTexturize.php" line="1567" assertions="1" time="0.022673"/>
          <testcase name="test_translate with data set #9" class="Tests_Formatting_WPTexturize" classname="Tests_Formatting_WPTexturize" file="/var/www/html/test/wordpress_test/inpsyde_test/test/wp-content/plugins/plugintestslughere/tests/unit/tests/formatting/WPTexturize.php" line="1567" assertions="1" time="0.022310"/>
          <testcase name="test_translate with data set #10" class="Tests_Formatting_WPTexturize" classname="Tests_Formatting_WPTexturize" file="/var/www/html/test/wordpress_test/inpsyde_test/test/wp-content/plugins/plugintestslughere/tests/unit/tests/formatting/WPTexturize.php" line="1567" assertions="1" time="0.022170"/>
          <testcase name="test_translate with data set #11" class="Tests_Formatting_WPTexturize" classname="Tests_Formatting_WPTexturize" file="/var/www/html/test/wordpress_test/inpsyde_test/test/wp-content/plugins/plugintestslughere/tests/unit/tests/formatting/WPTexturize.php" line="1567" assertions="1" time="0.021972"/>
          <testcase name="test_translate with data set #12" class="Tests_Formatting_WPTexturize" classname="Tests_Formatting_WPTexturize" file="/var/www/html/test/wordpress_test/inpsyde_test/test/wp-content/plugins/plugintestslughere/tests/unit/tests/formatting/WPTexturize.php" line="1567" assertions="1" time="0.022572"/>
          <testcase name="test_translate with data set #13" class="Tests_Formatting_WPTexturize" classname="Tests_Formatting_WPTexturize" file="/var/www/html/test/wordpress_test/inpsyde_test/test/wp-content/plugins/plugintestslughere/tests/unit/tests/formatting/WPTexturize.php" line="1567" assertions="1" time="0.022188"/>
          <testcase name="test_translate with data set #14" class="Tests_Formatting_WPTexturize" classname="Tests_Formatting_WPTexturize" file="/var/www/html/test/wordpress_test/inpsyde_test/test/wp-content/plugins/plugintestslughere/tests/unit/tests/formatting/WPTexturize.php" line="1567" assertions="1" time="0.022178"/>
          <testcase name="test_translate with data set #15" class="Tests_Formatting_WPTexturize" classname="Tests_Formatting_WPTexturize" file="/var/www/html/test/wordpress_test/inpsyde_test/test/wp-content/plugins/plugintestslughere/tests/unit/tests/formatting/WPTexturize.php" line="1567" assertions="1" time="0.023514"/>
          <testcase name="test_translate with data set #16" class="Tests_Formatting_WPTexturize" classname="Tests_Formatting_WPTexturize" file="/var/www/html/test/wordpress_test/inpsyde_test/test/wp-content/plugins/plugintestslughere/tests/unit/tests/formatting/WPTexturize.php" line="1567" assertions="1" time="0.023451"/>
          <testcase name="test_translate with data set #17" class="Tests_Formatting_WPTexturize" classname="Tests_Formatting_WPTexturize" file="/var/www/html/test/wordpress_test/inpsyde_test/test/wp-content/plugins/plugintestslughere/tests/unit/tests/formatting/WPTexturize.php" line="1567" assertions="1" time="0.024001"/>
          <testcase name="test_translate with data set #18" class="Tests_Formatting_WPTexturize" classname="Tests_Formatting_WPTexturize" file="/var/www/html/test/wordpress_test/inpsyde_test/test/wp-content/plugins/plugintestslughere/tests/unit/tests/formatting/WPTexturize.php" line="1567" assertions="1" time="0.028107"/>
          <testcase name="test_translate with data set #19" class="Tests_Formatting_WPTexturize" classname="Tests_Formatting_WPTexturize" file="/var/www/html/test/wordpress_test/inpsyde_test/test/wp-content/plugins/plugintestslughere/tests/unit/tests/formatting/WPTexturize.php" line="1567" assertions="1" time="0.026374"/>
          <testcase name="test_translate with data set #20" class="Tests_Formatting_WPTexturize" classname="Tests_Formatting_WPTexturize" file="/var/www/html/test/wordpress_test/inpsyde_test/test/wp-content/plugins/plugintestslughere/tests/unit/tests/formatting/WPTexturize.php" line="1567" assertions="1" time="0.027889"/>
          <testcase name="test_translate with data set #21" class="Tests_Formatting_WPTexturize" classname="Tests_Formatting_WPTexturize" file="/var/www/html/test/wordpress_test/inpsyde_test/test/wp-content/plugins/plugintestslughere/tests/unit/tests/formatting/WPTexturize.php" line="1567" assertions="1" time="0.030168"/>
          <testcase name="test_translate with data set #22" class="Tests_Formatting_WPTexturize" classname="Tests_Formatting_WPTexturize" file="/var/www/html/test/wordpress_test/inpsyde_test/test/wp-content/plugins/plugintestslughere/tests/unit/tests/formatting/WPTexturize.php" line="1567" assertions="1" time="0.026746"/>
          <testcase name="test_translate with data set #23" class="Tests_Formatting_WPTexturize" classname="Tests_Formatting_WPTexturize" file="/var/www/html/test/wordpress_test/inpsyde_test/test/wp-content/plugins/plugintestslughere/tests/unit/tests/formatting/WPTexturize.php" line="1567" assertions="1" time="0.024905"/>
          <testcase name="test_translate with data set #24" class="Tests_Formatting_WPTexturize" classname="Tests_Formatting_WPTexturize" file="/var/www/html/test/wordpress_test/inpsyde_test/test/wp-content/plugins/plugintestslughere/tests/unit/tests/formatting/WPTexturize.php" line="1567" assertions="1" time="0.027994"/>
          <testcase name="test_translate with data set #25" class="Tests_Formatting_WPTexturize" classname="Tests_Formatting_WPTexturize" file="/var/www/html/test/wordpress_test/inpsyde_test/test/wp-content/plugins/plugintestslughere/tests/unit/tests/formatting/WPTexturize.php" line="1567" assertions="1" time="0.024288"/>
          <testcase name="test_translate with data set #26" class="Tests_Formatting_WPTexturize" classname="Tests_Formatting_WPTexturize" file="/var/www/html/test/wordpress_test/inpsyde_test/test/wp-content/plugins/plugintestslughere/tests/unit/tests/formatting/WPTexturize.php" line="1567" assertions="1" time="0.025948"/>
          <testcase name="test_translate with data set #27" class="Tests_Formatting_WPTexturize" classname="Tests_Formatting_WPTexturize" file="/var/www/html/test/wordpress_test/inpsyde_test/test/wp-content/plugins/plugintestslughere/tests/unit/tests/formatting/WPTexturize.php" line="1567" assertions="1" time="0.023303"/>
          <testcase name="test_translate with data set #28" class="Tests_Formatting_WPTexturize" classname="Tests_Formatting_WPTexturize" file="/var/www/html/test/wordpress_test/inpsyde_test/test/wp-content/plugins/plugintestslughere/tests/unit/tests/formatting/WPTexturize.php" line="1567" assertions="1" time="0.024940"/>
          <testcase name="test_translate with data set #29" class="Tests_Formatting_WPTexturize" classname="Tests_Formatting_WPTexturize" file="/var/www/html/test/wordpress_test/inpsyde_test/test/wp-content/plugins/plugintestslughere/tests/unit/tests/formatting/WPTexturize.php" line="1567" assertions="1" time="0.023083"/>
          <testcase name="test_translate with data set #30" class="Tests_Formatting_WPTexturize" classname="Tests_Formatting_WPTexturize" file="/var/www/html/test/wordpress_test/inpsyde_test/test/wp-content/plugins/plugintestslughere/tests/unit/tests/formatting/WPTexturize.php" line="1567" assertions="1" time="0.022910"/>
          <testcase name="test_translate with data set #31" class="Tests_Formatting_WPTexturize" classname="Tests_Formatting_WPTexturize" file="/var/www/html/test/wordpress_test/inpsyde_test/test/wp-content/plugins/plugintestslughere/tests/unit/tests/formatting/WPTexturize.php" line="1567" assertions="1" time="0.021546"/>
          <testcase name="test_translate with data set #32" class="Tests_Formatting_WPTexturize" classname="Tests_Formatting_WPTexturize" file="/var/www/html/test/wordpress_test/inpsyde_test/test/wp-content/plugins/plugintestslughere/tests/unit/tests/formatting/WPTexturize.php" line="1567" assertions="1" time="0.023105"/>
          <testcase name="test_translate with data set #33" class="Tests_Formatting_WPTexturize" classname="Tests_Formatting_WPTexturize" file="/var/www/html/test/wordpress_test/inpsyde_test/test/wp-content/plugins/plugintestslughere/tests/unit/tests/formatting/WPTexturize.php" line="1567" assertions="1" time="0.022369"/>
          <testcase name="test_translate with data set #34" class="Tests_Formatting_WPTexturize" classname="Tests_Formatting_WPTexturize" file="/var/www/html/test/wordpress_test/inpsyde_test/test/wp-content/plugins/plugintestslughere/tests/unit/tests/formatting/WPTexturize.php" line="1567" assertions="1" time="0.026912"/>
          <testcase name="test_translate with data set #35" class="Tests_Formatting_WPTexturize" classname="Tests_Formatting_WPTexturize" file="/var/www/html/test/wordpress_test/inpsyde_test/test/wp-content/plugins/plugintestslughere/tests/unit/tests/formatting/WPTexturize.php" line="1567" assertions="1" time="0.022029"/>
          <testcase name="test_translate with data set #36" class="Tests_Formatting_WPTexturize" classname="Tests_Formatting_WPTexturize" file="/var/www/html/test/wordpress_test/inpsyde_test/test/wp-content/plugins/plugintestslughere/tests/unit/tests/formatting/WPTexturize.php" line="1567" assertions="1" time="0.022139"/>
          <testcase name="test_translate with data set #37" class="Tests_Formatting_WPTexturize" classname="Tests_Formatting_WPTexturize" file="/var/www/html/test/wordpress_test/inpsyde_test/test/wp-content/plugins/plugintestslughere/tests/unit/tests/formatting/WPTexturize.php" line="1567" assertions="1" time="0.021941"/>
          <testcase name="test_translate with data set #38" class="Tests_Formatting_WPTexturize" classname="Tests_Formatting_WPTexturize" file="/var/www/html/test/wordpress_test/inpsyde_test/test/wp-content/plugins/plugintestslughere/tests/unit/tests/formatting/WPTexturize.php" line="1567" assertions="1" time="0.022362"/>
          <testcase name="test_translate with data set #39" class="Tests_Formatting_WPTexturize" classname="Tests_Formatting_WPTexturize" file="/var/www/html/test/wordpress_test/inpsyde_test/test/wp-content/plugins/plugintestslughere/tests/unit/tests/formatting/WPTexturize.php" line="1567" assertions="1" time="0.022375"/>
          <testcase name="test_translate with data set #40" class="Tests_Formatting_WPTexturize" classname="Tests_Formatting_WPTexturize" file="/var/www/html/test/wordpress_test/inpsyde_test/test/wp-content/plugins/plugintestslughere/tests/unit/tests/formatting/WPTexturize.php" line="1567" assertions="1" time="0.023902"/>
          <testcase name="test_translate with data set #41" class="Tests_Formatting_WPTexturize" classname="Tests_Formatting_WPTexturize" file="/var/www/html/test/wordpress_test/inpsyde_test/test/wp-content/plugins/plugintestslughere/tests/unit/tests/formatting/WPTexturize.php" line="1567" assertions="1" time="0.023478"/>
          <testcase name="test_translate with data set #42" class="Tests_Formatting_WPTexturize" classname="Tests_Formatting_WPTexturize" file="/var/www/html/test/wordpress_test/inpsyde_test/test/wp-content/plugins/plugintestslughere/tests/unit/tests/formatting/WPTexturize.php" line="1567" assertions="1" time="0.022795"/>
          <testcase name="test_translate with data set #43" class="Tests_Formatting_WPTexturize" classname="Tests_Formatting_WPTexturize" file="/var/www/html/test/wordpress_test/inpsyde_test/test/wp-content/plugins/plugintestslughere/tests/unit/tests/formatting/WPTexturize.php" line="1567" assertions="1" time="0.024158"/>
        </testsuite>
        <testsuite name="Tests_Formatting_WPTexturize::test_element_stack" tests="9" assertions="9" errors="0" failures="0" skipped="0" time="0.234219">
          <testcase name="test_element_stack with data set #0" class="Tests_Formatting_WPTexturize" classname="Tests_Formatting_WPTexturize" file="/var/www/html/test/wordpress_test/inpsyde_test/test/wp-content/plugins/plugintestslughere/tests/unit/tests/formatting/WPTexturize.php" line="1794" assertions="1" time="0.041118"/>
          <testcase name="test_element_stack with data set #1" class="Tests_Formatting_WPTexturize" classname="Tests_Formatting_WPTexturize" file="/var/www/html/test/wordpress_test/inpsyde_test/test/wp-content/plugins/plugintestslughere/tests/unit/tests/formatting/WPTexturize.php" line="1794" assertions="1" time="0.033783"/>
          <testcase name="test_element_stack with data set #2" class="Tests_Formatting_WPTexturize" classname="Tests_Formatting_WPTexturize" file="/var/www/html/test/wordpress_test/inpsyde_test/test/wp-content/plugins/plugintestslughere/tests/unit/tests/formatting/WPTexturize.php" line="1794" assertions="1" time="0.025486"/>
          <testcase name="test_element_stack with data set #3" class="Tests_Formatting_WPTexturize" classname="Tests_Formatting_WPTexturize" file="/var/www/html/test/wordpress_test/inpsyde_test/test/wp-content/plugins/plugintestslughere/tests/unit/tests/formatting/WPTexturize.php" line="1794" assertions="1" time="0.023945"/>
          <testcase name="test_element_stack with data set #4" class="Tests_Formatting_WPTexturize" classname="Tests_Formatting_WPTexturize" file="/var/www/html/test/wordpress_test/inpsyde_test/test/wp-content/plugins/plugintestslughere/tests/unit/tests/formatting/WPTexturize.php" line="1794" assertions="1" time="0.023573"/>
          <testcase name="test_element_stack with data set #5" class="Tests_Formatting_WPTexturize" classname="Tests_Formatting_WPTexturize" file="/var/www/html/test/wordpress_test/inpsyde_test/test/wp-content/plugins/plugintestslughere/tests/unit/tests/formatting/WPTexturize.php" line="1794" assertions="1" time="0.021493"/>
          <testcase name="test_element_stack with data set #6" class="Tests_Formatting_WPTexturize" classname="Tests_Formatting_WPTexturize" file="/var/www/html/test/wordpress_test/inpsyde_test/test/wp-content/plugins/plugintestslughere/tests/unit/tests/formatting/WPTexturize.php" line="1794" assertions="1" time="0.021895"/>
          <testcase name="test_element_stack with data set #7" class="Tests_Formatting_WPTexturize" classname="Tests_Formatting_WPTexturize" file="/var/www/html/test/wordpress_test/inpsyde_test/test/wp-content/plugins/plugintestslughere/tests/unit/tests/formatting/WPTexturize.php" line="1794" assertions="1" time="0.021954"/>
          <testcase name="test_element_stack with data set #8" class="Tests_Formatting_WPTexturize" classname="Tests_Formatting_WPTexturize" file="/var/www/html/test/wordpress_test/inpsyde_test/test/wp-content/plugins/plugintestslughere/tests/unit/tests/formatting/WPTexturize.php" line="1794" assertions="1" time="0.020972"/>
        </testsuite>
        <testsuite name="Tests_Formatting_WPTexturize::test_unregistered_shortcodes" tests="15" assertions="15" errors="0" failures="0" skipped="0" time="0.328401">
          <testcase name="test_unregistered_shortcodes with data set #0" class="Tests_Formatting_WPTexturize" classname="Tests_Formatting_WPTexturize" file="/var/www/html/test/wordpress_test/inpsyde_test/test/wp-content/plugins/plugintestslughere/tests/unit/tests/formatting/WPTexturize.php" line="1845" assertions="1" time="0.020845"/>
          <testcase name="test_unregistered_shortcodes with data set #1" class="Tests_Formatting_WPTexturize" classname="Tests_Formatting_WPTexturize" file="/var/www/html/test/wordpress_test/inpsyde_test/test/wp-content/plugins/plugintestslughere/tests/unit/tests/formatting/WPTexturize.php" line="1845" assertions="1" time="0.021768"/>
          <testcase name="test_unregistered_shortcodes with data set #2" class="Tests_Formatting_WPTexturize" classname="Tests_Formatting_WPTexturize" file="/var/www/html/test/wordpress_test/inpsyde_test/test/wp-content/plugins/plugintestslughere/tests/unit/tests/formatting/WPTexturize.php" line="1845" assertions="1" time="0.021927"/>
          <testcase name="test_unregistered_shortcodes with data set #3" class="Tests_Formatting_WPTexturize" classname="Tests_Formatting_WPTexturize" file="/var/www/html/test/wordpress_test/inpsyde_test/test/wp-content/plugins/plugintestslughere/tests/unit/tests/formatting/WPTexturize.php" line="1845" assertions="1" time="0.021251"/>
          <testcase name="test_unregistered_shortcodes with data set #4" class="Tests_Formatting_WPTexturize" classname="Tests_Formatting_WPTexturize" file="/var/www/html/test/wordpress_test/inpsyde_test/test/wp-content/plugins/plugintestslughere/tests/unit/tests/formatting/WPTexturize.php" line="1845" assertions="1" time="0.022783"/>
          <testcase name="test_unregistered_shortcodes with data set #5" class="Tests_Formatting_WPTexturize" classname="Tests_Formatting_WPTexturize" file="/var/www/html/test/wordpress_test/inpsyde_test/test/wp-content/plugins/plugintestslughere/tests/unit/tests/formatting/WPTexturize.php" line="1845" assertions="1" time="0.021766"/>
          <testcase name="test_unregistered_shortcodes with data set #6" class="Tests_Formatting_WPTexturize" classname="Tests_Formatting_WPTexturize" file="/var/www/html/test/wordpress_test/inpsyde_test/test/wp-content/plugins/plugintestslughere/tests/unit/tests/formatting/WPTexturize.php" line="1845" assertions="1" time="0.021368"/>
          <testcase name="test_unregistered_shortcodes with data set #7" class="Tests_Formatting_WPTexturize" classname="Tests_Formatting_WPTexturize" file="/var/www/html/test/wordpress_test/inpsyde_test/test/wp-content/plugins/plugintestslughere/tests/unit/tests/formatting/WPTexturize.php" line="1845" assertions="1" time="0.020669"/>
          <testcase name="test_unregistered_shortcodes with data set #8" class="Tests_Formatting_WPTexturize" classname="Tests_Formatting_WPTexturize" file="/var/www/html/test/wordpress_test/inpsyde_test/test/wp-content/plugins/plugintestslughere/tests/unit/tests/formatting/WPTexturize.php" line="1845" assertions="1" time="0.021981"/>
          <testcase name="test_unregistered_shortcodes with data set #9" class="Tests_Formatting_WPTexturize" classname="Tests_Formatting_WPTexturize" file="/var/www/html/test/wordpress_test/inpsyde_test/test/wp-content/plugins/plugintestslughere/tests/unit/tests/formatting/WPTexturize.php" line="1845" assertions="1" time="0.021987"/>
          <testcase name="test_unregistered_shortcodes with data set #10" class="Tests_Formatting_WPTexturize" classname="Tests_Formatting_WPTexturize" file="/var/www/html/test/wordpress_test/inpsyde_test/test/wp-content/plugins/plugintestslughere/tests/unit/tests/formatting/WPTexturize.php" line="1845" assertions="1" time="0.021603"/>
          <testcase name="test_unregistered_shortcodes with data set #11" class="Tests_Formatting_WPTexturize" classname="Tests_Formatting_WPTexturize" file="/var/www/html/test/wordpress_test/inpsyde_test/test/wp-content/plugins/plugintestslughere/tests/unit/tests/formatting/WPTexturize.php" line="1845" assertions="1" time="0.022585"/>
          <testcase name="test_unregistered_shortcodes with data set #12" class="Tests_Formatting_WPTexturize" classname="Tests_Formatting_WPTexturize" file="/var/www/html/test/wordpress_test/inpsyde_test/test/wp-content/plugins/plugintestslughere/tests/unit/tests/formatting/WPTexturize.php" line="1845" assertions="1" time="0.023119"/>
          <testcase name="test_unregistered_shortcodes with data set #13" class="Tests_Formatting_WPTexturize" classname="Tests_Formatting_WPTexturize" file="/var/www/html/test/wordpress_test/inpsyde_test/test/wp-content/plugins/plugintestslughere/tests/unit/tests/formatting/WPTexturize.php" line="1845" assertions="1" time="0.022010"/>
          <testcase name="test_unregistered_shortcodes with data set #14" class="Tests_Formatting_WPTexturize" classname="Tests_Formatting_WPTexturize" file="/var/www/html/test/wordpress_test/inpsyde_test/test/wp-content/plugins/plugintestslughere/tests/unit/tests/formatting/WPTexturize.php" line="1845" assertions="1" time="0.022739"/>
        </testsuite>
        <testsuite name="Tests_Formatting_WPTexturize::test_primes_vs_quotes" tests="8" assertions="8" errors="0" failures="0" skipped="0" time="0.177045">
          <testcase name="test_primes_vs_quotes with data set #0" class="Tests_Formatting_WPTexturize" classname="Tests_Formatting_WPTexturize" file="/var/www/html/test/wordpress_test/inpsyde_test/test/wp-content/plugins/plugintestslughere/tests/unit/tests/formatting/WPTexturize.php" line="1930" assertions="1" time="0.021812"/>
          <testcase name="test_primes_vs_quotes with data set #1" class="Tests_Formatting_WPTexturize" classname="Tests_Formatting_WPTexturize" file="/var/www/html/test/wordpress_test/inpsyde_test/test/wp-content/plugins/plugintestslughere/tests/unit/tests/formatting/WPTexturize.php" line="1930" assertions="1" time="0.022371"/>
          <testcase name="test_primes_vs_quotes with data set #2" class="Tests_Formatting_WPTexturize" classname="Tests_Formatting_WPTexturize" file="/var/www/html/test/wordpress_test/inpsyde_test/test/wp-content/plugins/plugintestslughere/tests/unit/tests/formatting/WPTexturize.php" line="1930" assertions="1" time="0.023000"/>
          <testcase name="test_primes_vs_quotes with data set #3" class="Tests_Formatting_WPTexturize" classname="Tests_Formatting_WPTexturize" file="/var/www/html/test/wordpress_test/inpsyde_test/test/wp-content/plugins/plugintestslughere/tests/unit/tests/formatting/WPTexturize.php" line="1930" assertions="1" time="0.021503"/>
          <testcase name="test_primes_vs_quotes with data set #4" class="Tests_Formatting_WPTexturize" classname="Tests_Formatting_WPTexturize" file="/var/www/html/test/wordpress_test/inpsyde_test/test/wp-content/plugins/plugintestslughere/tests/unit/tests/formatting/WPTexturize.php" line="1930" assertions="1" time="0.022252"/>
          <testcase name="test_primes_vs_quotes with data set #5" class="Tests_Formatting_WPTexturize" classname="Tests_Formatting_WPTexturize" file="/var/www/html/test/wordpress_test/inpsyde_test/test/wp-content/plugins/plugintestslughere/tests/unit/tests/formatting/WPTexturize.php" line="1930" assertions="1" time="0.022247"/>
          <testcase name="test_primes_vs_quotes with data set #6" class="Tests_Formatting_WPTexturize" classname="Tests_Formatting_WPTexturize" file="/var/www/html/test/wordpress_test/inpsyde_test/test/wp-content/plugins/plugintestslughere/tests/unit/tests/formatting/WPTexturize.php" line="1930" assertions="1" time="0.022372"/>
          <testcase name="test_primes_vs_quotes with data set #7" class="Tests_Formatting_WPTexturize" classname="Tests_Formatting_WPTexturize" file="/var/www/html/test/wordpress_test/inpsyde_test/test/wp-content/plugins/plugintestslughere/tests/unit/tests/formatting/WPTexturize.php" line="1930" assertions="1" time="0.021488"/>
        </testsuite>
        <testsuite name="Tests_Formatting_WPTexturize::test_primes_quotes_translation" tests="8" assertions="8" errors="0" failures="0" skipped="0" time="0.183013">
          <testcase name="test_primes_quotes_translation with data set #0" class="Tests_Formatting_WPTexturize" classname="Tests_Formatting_WPTexturize" file="/var/www/html/test/wordpress_test/inpsyde_test/test/wp-content/plugins/plugintestslughere/tests/unit/tests/formatting/WPTexturize.php" line="1992" assertions="1" time="0.023470"/>
          <testcase name="test_primes_quotes_translation with data set #1" class="Tests_Formatting_WPTexturize" classname="Tests_Formatting_WPTexturize" file="/var/www/html/test/wordpress_test/inpsyde_test/test/wp-content/plugins/plugintestslughere/tests/unit/tests/formatting/WPTexturize.php" line="1992" assertions="1" time="0.022949"/>
          <testcase name="test_primes_quotes_translation with data set #2" class="Tests_Formatting_WPTexturize" classname="Tests_Formatting_WPTexturize" file="/var/www/html/test/wordpress_test/inpsyde_test/test/wp-content/plugins/plugintestslughere/tests/unit/tests/formatting/WPTexturize.php" line="1992" assertions="1" time="0.023545"/>
          <testcase name="test_primes_quotes_translation with data set #3" class="Tests_Formatting_WPTexturize" classname="Tests_Formatting_WPTexturize" file="/var/www/html/test/wordpress_test/inpsyde_test/test/wp-content/plugins/plugintestslughere/tests/unit/tests/formatting/WPTexturize.php" line="1992" assertions="1" time="0.022587"/>
          <testcase name="test_primes_quotes_translation with data set #4" class="Tests_Formatting_WPTexturize" classname="Tests_Formatting_WPTexturize" file="/var/www/html/test/wordpress_test/inpsyde_test/test/wp-content/plugins/plugintestslughere/tests/unit/tests/formatting/WPTexturize.php" line="1992" assertions="1" time="0.022227"/>
          <testcase name="test_primes_quotes_translation with data set #5" class="Tests_Formatting_WPTexturize" classname="Tests_Formatting_WPTexturize" file="/var/www/html/test/wordpress_test/inpsyde_test/test/wp-content/plugins/plugintestslughere/tests/unit/tests/formatting/WPTexturize.php" line="1992" assertions="1" time="0.023076"/>
          <testcase name="test_primes_quotes_translation with data set #6" class="Tests_Formatting_WPTexturize" classname="Tests_Formatting_WPTexturize" file="/var/www/html/test/wordpress_test/inpsyde_test/test/wp-content/plugins/plugintestslughere/tests/unit/tests/formatting/WPTexturize.php" line="1992" assertions="1" time="0.022857"/>
          <testcase name="test_primes_quotes_translation with data set #7" class="Tests_Formatting_WPTexturize" classname="Tests_Formatting_WPTexturize" file="/var/www/html/test/wordpress_test/inpsyde_test/test/wp-content/plugins/plugintestslughere/tests/unit/tests/formatting/WPTexturize.php" line="1992" assertions="1" time="0.022302"/>
        </testsuite>
        <testsuite name="Tests_Formatting_WPTexturize::test_pcre_performance" tests="3" assertions="6" errors="0" failures="0" skipped="0" time="0.066747">
          <testcase name="test_pcre_performance with data set #0" class="Tests_Formatting_WPTexturize" classname="Tests_Formatting_WPTexturize" file="/var/www/html/test/wordpress_test/inpsyde_test/test/wp-content/plugins/plugintestslughere/tests/unit/tests/formatting/WPTexturize.php" line="2085" assertions="2" time="0.021995"/>
          <testcase name="test_pcre_performance with data set #1" class="Tests_Formatting_WPTexturize" classname="Tests_Formatting_WPTexturize" file="/var/www/html/test/wordpress_test/inpsyde_test/test/wp-content/plugins/plugintestslughere/tests/unit/tests/formatting/WPTexturize.php" line="2085" assertions="2" time="0.021962"/>
          <testcase name="test_pcre_performance with data set #2" class="Tests_Formatting_WPTexturize" classname="Tests_Formatting_WPTexturize" file="/var/www/html/test/wordpress_test/inpsyde_test/test/wp-content/plugins/plugintestslughere/tests/unit/tests/formatting/WPTexturize.php" line="2085" assertions="2" time="0.022790"/>
        </testsuite>
        <testcase name="test_trailing_less_than" class="Tests_Formatting_WPTexturize" classname="Tests_Formatting_WPTexturize" file="/var/www/html/test/wordpress_test/inpsyde_test/test/wp-content/plugins/plugintestslughere/tests/unit/tests/formatting/WPTexturize.php" line="2105" assertions="1" time="0.041223"/>
      </testsuite>
      <testsuite name="Tests_Formatting_WPTrimWords" file="/var/www/html/test/wordpress_test/inpsyde_test/test/wp-content/plugins/plugintestslughere/tests/unit/tests/formatting/WPTrimWords.php" tests="9" assertions="13" errors="0" failures="0" skipped="0" time="0.350030">
        <testcase name="test_trims_to_55_by_default" class="Tests_Formatting_WPTrimWords" classname="Tests_Formatting_WPTrimWords" file="/var/www/html/test/wordpress_test/inpsyde_test/test/wp-content/plugins/plugintestslughere/tests/unit/tests/formatting/WPTrimWords.php" line="17" assertions="1" time="0.039167"/>
        <testcase name="test_trims_to_10" class="Tests_Formatting_WPTrimWords" classname="Tests_Formatting_WPTrimWords" file="/var/www/html/test/wordpress_test/inpsyde_test/test/wp-content/plugins/plugintestslughere/tests/unit/tests/formatting/WPTrimWords.php" line="22" assertions="1" time="0.033718"/>
        <testcase name="test_trims_to_5_and_uses_custom_more" class="Tests_Formatting_WPTrimWords" classname="Tests_Formatting_WPTrimWords" file="/var/www/html/test/wordpress_test/inpsyde_test/test/wp-content/plugins/plugintestslughere/tests/unit/tests/formatting/WPTrimWords.php" line="27" assertions="1" time="0.029222"/>
        <testcase name="test_strips_tags_before_trimming" class="Tests_Formatting_WPTrimWords" classname="Tests_Formatting_WPTrimWords" file="/var/www/html/test/wordpress_test/inpsyde_test/test/wp-content/plugins/plugintestslughere/tests/unit/tests/formatting/WPTrimWords.php" line="32" assertions="1" time="0.027891"/>
        <testcase name="test_strips_script_and_style_content" class="Tests_Formatting_WPTrimWords" classname="Tests_Formatting_WPTrimWords" file="/var/www/html/test/wordpress_test/inpsyde_test/test/wp-content/plugins/plugintestslughere/tests/unit/tests/formatting/WPTrimWords.php" line="41" assertions="2" time="0.024253"/>
        <testcase name="test_doesnt_trim_short_text" class="Tests_Formatting_WPTrimWords" classname="Tests_Formatting_WPTrimWords" file="/var/www/html/test/wordpress_test/inpsyde_test/test/wp-content/plugins/plugintestslughere/tests/unit/tests/formatting/WPTrimWords.php" line="51" assertions="1" time="0.022909"/>
        <testcase name="test_trims_to_20_counted_by_chars" class="Tests_Formatting_WPTrimWords" classname="Tests_Formatting_WPTrimWords" file="/var/www/html/test/wordpress_test/inpsyde_test/test/wp-content/plugins/plugintestslughere/tests/unit/tests/formatting/WPTrimWords.php" line="59" assertions="1" time="0.083278"/>
        <testcase name="test_trims_to_20_counted_by_chars_with_double_width_chars" class="Tests_Formatting_WPTrimWords" classname="Tests_Formatting_WPTrimWords" file="/var/www/html/test/wordpress_test/inpsyde_test/test/wp-content/plugins/plugintestslughere/tests/unit/tests/formatting/WPTrimWords.php" line="70" assertions="1" time="0.068109"/>
        <testcase name="test_works_with_non_numeric_num_words" class="Tests_Formatting_WPTrimWords" classname="Tests_Formatting_WPTrimWords" file="/var/www/html/test/wordpress_test/inpsyde_test/test/wp-content/plugins/plugintestslughere/tests/unit/tests/formatting/WPTrimWords.php" line="82" assertions="4" time="0.021483"/>
      </testsuite>
      <testsuite name="Tests_Formatting_WpHtmlEditPre" file="/var/www/html/test/wordpress_test/inpsyde_test/test/wp-content/plugins/plugintestslughere/tests/unit/tests/formatting/WpHtmlEditPre.php" tests="2" assertions="4" errors="0" failures="0" skipped="0" time="0.063989">
        <testcase name="test_wp_htmledit_pre_charset_iso_8859_1" class="Tests_Formatting_WpHtmlEditPre" classname="Tests_Formatting_WpHtmlEditPre" file="/var/www/html/test/wordpress_test/inpsyde_test/test/wp-content/plugins/plugintestslughere/tests/unit/tests/formatting/WpHtmlEditPre.php" line="17" assertions="2" time="0.033705"/>
        <testcase name="test_wp_htmledit_pre_charset_utf_8" class="Tests_Formatting_WpHtmlEditPre" classname="Tests_Formatting_WpHtmlEditPre" file="/var/www/html/test/wordpress_test/inpsyde_test/test/wp-content/plugins/plugintestslughere/tests/unit/tests/formatting/WpHtmlEditPre.php" line="31" assertions="2" time="0.030284"/>
      </testsuite>
      <testsuite name="Tests_Formatting_WpHtmlSplit" file="/var/www/html/test/wordpress_test/inpsyde_test/test/wp-content/plugins/plugintestslughere/tests/unit/tests/formatting/WpHtmlSplit.php" tests="7" assertions="7" errors="0" failures="0" skipped="0" time="0.210361">
        <testsuite name="Tests_Formatting_WpHtmlSplit::test_basic_features" tests="4" assertions="4" errors="0" failures="0" skipped="0" time="0.135510">
          <testcase name="test_basic_features with data set #0" class="Tests_Formatting_WpHtmlSplit" classname="Tests_Formatting_WpHtmlSplit" file="/var/www/html/test/wordpress_test/inpsyde_test/test/wp-content/plugins/plugintestslughere/tests/unit/tests/formatting/WpHtmlSplit.php" line="13" assertions="1" time="0.041372"/>
          <testcase name="test_basic_features with data set #1" class="Tests_Formatting_WpHtmlSplit" classname="Tests_Formatting_WpHtmlSplit" file="/var/www/html/test/wordpress_test/inpsyde_test/test/wp-content/plugins/plugintestslughere/tests/unit/tests/formatting/WpHtmlSplit.php" line="13" assertions="1" time="0.035328"/>
          <testcase name="test_basic_features with data set #2" class="Tests_Formatting_WpHtmlSplit" classname="Tests_Formatting_WpHtmlSplit" file="/var/www/html/test/wordpress_test/inpsyde_test/test/wp-content/plugins/plugintestslughere/tests/unit/tests/formatting/WpHtmlSplit.php" line="13" assertions="1" time="0.030470"/>
          <testcase name="test_basic_features with data set #3" class="Tests_Formatting_WpHtmlSplit" classname="Tests_Formatting_WpHtmlSplit" file="/var/www/html/test/wordpress_test/inpsyde_test/test/wp-content/plugins/plugintestslughere/tests/unit/tests/formatting/WpHtmlSplit.php" line="13" assertions="1" time="0.028340"/>
        </testsuite>
        <testsuite name="Tests_Formatting_WpHtmlSplit::test_pcre_performance" tests="3" assertions="3" errors="0" failures="0" skipped="0" time="0.074851">
          <testcase name="test_pcre_performance with data set #0" class="Tests_Formatting_WpHtmlSplit" classname="Tests_Formatting_WpHtmlSplit" file="/var/www/html/test/wordpress_test/inpsyde_test/test/wp-content/plugins/plugintestslughere/tests/unit/tests/formatting/WpHtmlSplit.php" line="43" assertions="1" time="0.026715"/>
          <testcase name="test_pcre_performance with data set #1" class="Tests_Formatting_WpHtmlSplit" classname="Tests_Formatting_WpHtmlSplit" file="/var/www/html/test/wordpress_test/inpsyde_test/test/wp-content/plugins/plugintestslughere/tests/unit/tests/formatting/WpHtmlSplit.php" line="43" assertions="1" time="0.024498"/>
          <testcase name="test_pcre_performance with data set #2" class="Tests_Formatting_WpHtmlSplit" classname="Tests_Formatting_WpHtmlSplit" file="/var/www/html/test/wordpress_test/inpsyde_test/test/wp-content/plugins/plugintestslughere/tests/unit/tests/formatting/WpHtmlSplit.php" line="43" assertions="1" time="0.023638"/>
        </testsuite>
      </testsuite>
      <testsuite name="Tests_Formatting_WpReplaceInTags" file="/var/www/html/test/wordpress_test/inpsyde_test/test/wp-content/plugins/plugintestslughere/tests/unit/tests/formatting/WpReplaceInHtmlTags.php" tests="4" assertions="4" errors="0" failures="0" skipped="0" time="0.133349">
        <testsuite name="Tests_Formatting_WpReplaceInTags::test_wp_replace_in_html_tags" tests="4" assertions="4" errors="0" failures="0" skipped="0" time="0.133349">
          <testcase name="test_wp_replace_in_html_tags with data set #0" class="Tests_Formatting_WpReplaceInTags" classname="Tests_Formatting_WpReplaceInTags" file="/var/www/html/test/wordpress_test/inpsyde_test/test/wp-content/plugins/plugintestslughere/tests/unit/tests/formatting/WpReplaceInHtmlTags.php" line="12" assertions="1" time="0.033370"/>
          <testcase name="test_wp_replace_in_html_tags with data set #1" class="Tests_Formatting_WpReplaceInTags" classname="Tests_Formatting_WpReplaceInTags" file="/var/www/html/test/wordpress_test/inpsyde_test/test/wp-content/plugins/plugintestslughere/tests/unit/tests/formatting/WpReplaceInHtmlTags.php" line="12" assertions="1" time="0.031036"/>
          <testcase name="test_wp_replace_in_html_tags with data set #2" class="Tests_Formatting_WpReplaceInTags" classname="Tests_Formatting_WpReplaceInTags" file="/var/www/html/test/wordpress_test/inpsyde_test/test/wp-content/plugins/plugintestslughere/tests/unit/tests/formatting/WpReplaceInHtmlTags.php" line="12" assertions="1" time="0.027208"/>
          <testcase name="test_wp_replace_in_html_tags with data set #3" class="Tests_Formatting_WpReplaceInTags" classname="Tests_Formatting_WpReplaceInTags" file="/var/www/html/test/wordpress_test/inpsyde_test/test/wp-content/plugins/plugintestslughere/tests/unit/tests/formatting/WpReplaceInHtmlTags.php" line="12" assertions="1" time="0.041735"/>
        </testsuite>
      </testsuite>
      <testsuite name="Tests_Formatting_WpRichEditPre" file="/var/www/html/test/wordpress_test/inpsyde_test/test/wp-content/plugins/plugintestslughere/tests/unit/tests/formatting/WpRichEditPre.php" tests="2" assertions="4" errors="0" failures="0" skipped="0" time="0.080206">
        <testcase name="test_wp_richedit_pre_charset_iso_8859_1" class="Tests_Formatting_WpRichEditPre" classname="Tests_Formatting_WpRichEditPre" file="/var/www/html/test/wordpress_test/inpsyde_test/test/wp-content/plugins/plugintestslughere/tests/unit/tests/formatting/WpRichEditPre.php" line="17" assertions="2" time="0.043543"/>
        <testcase name="test_wp_richedit_pre_charset_utf_8" class="Tests_Formatting_WpRichEditPre" classname="Tests_Formatting_WpRichEditPre" file="/var/www/html/test/wordpress_test/inpsyde_test/test/wp-content/plugins/plugintestslughere/tests/unit/tests/formatting/WpRichEditPre.php" line="31" assertions="2" time="0.036663"/>
      </testsuite>
      <testsuite name="Tests_Formatting_WpTrimExcerpt" file="/var/www/html/test/wordpress_test/inpsyde_test/test/wp-content/plugins/plugintestslughere/tests/unit/tests/formatting/WpTrimExcerpt.php" tests="3" assertions="5" errors="0" failures="0" skipped="0" time="0.488673">
        <testcase name="test_secondary_loop_respect_more" class="Tests_Formatting_WpTrimExcerpt" classname="Tests_Formatting_WpTrimExcerpt" file="/var/www/html/test/wordpress_test/inpsyde_test/test/wp-content/plugins/plugintestslughere/tests/unit/tests/formatting/WpTrimExcerpt.php" line="11" assertions="1" time="0.158349"/>
        <testcase name="test_secondary_loop_respect_nextpage" class="Tests_Formatting_WpTrimExcerpt" classname="Tests_Formatting_WpTrimExcerpt" file="/var/www/html/test/wordpress_test/inpsyde_test/test/wp-content/plugins/plugintestslughere/tests/unit/tests/formatting/WpTrimExcerpt.php" line="42" assertions="1" time="0.209606"/>
        <testcase name="test_should_generate_excerpt_for_empty_values" class="Tests_Formatting_WpTrimExcerpt" classname="Tests_Formatting_WpTrimExcerpt" file="/var/www/html/test/wordpress_test/inpsyde_test/test/wp-content/plugins/plugintestslughere/tests/unit/tests/formatting/WpTrimExcerpt.php" line="73" assertions="3" time="0.120718"/>
      </testsuite>
      <testsuite name="Tests_Formatting_Zeroise" file="/var/www/html/test/wordpress_test/inpsyde_test/test/wp-content/plugins/plugintestslughere/tests/unit/tests/formatting/Zeroise.php" tests="2" assertions="2" errors="0" failures="0" skipped="0" time="0.084696">
        <testcase name="test_pads_with_leading_zeroes" class="Tests_Formatting_Zeroise" classname="Tests_Formatting_Zeroise" file="/var/www/html/test/wordpress_test/inpsyde_test/test/wp-content/plugins/plugintestslughere/tests/unit/tests/formatting/Zeroise.php" line="7" assertions="1" time="0.045227"/>
        <testcase name="test_does_nothing_if_input_is_already_longer" class="Tests_Formatting_Zeroise" classname="Tests_Formatting_Zeroise" file="/var/www/html/test/wordpress_test/inpsyde_test/test/wp-content/plugins/plugintestslughere/tests/unit/tests/formatting/Zeroise.php" line="11" assertions="1" time="0.039469"/>
      </testsuite>
      <testsuite name="Tests_Formatting_BalanceTags" file="/var/www/html/test/wordpress_test/inpsyde_test/test/wp-content/plugins/plugintestslughere/tests/unit/tests/formatting/balanceTags.php" tests="108" assertions="139" errors="0" failures="0" skipped="0" time="2.654899">
        <testsuite name="Tests_Formatting_BalanceTags::test_detects_traditional_tag_names" tests="6" assertions="6" errors="0" failures="0" skipped="0" time="0.145879">
          <testcase name="test_detects_traditional_tag_names with data set #0" class="Tests_Formatting_BalanceTags" classname="Tests_Formatting_BalanceTags" file="/var/www/html/test/wordpress_test/inpsyde_test/test/wp-content/plugins/plugintestslughere/tests/unit/tests/formatting/balanceTags.php" line="154" assertions="1" time="0.027499"/>
          <testcase name="test_detects_traditional_tag_names with data set #1" class="Tests_Formatting_BalanceTags" classname="Tests_Formatting_BalanceTags" file="/var/www/html/test/wordpress_test/inpsyde_test/test/wp-content/plugins/plugintestslughere/tests/unit/tests/formatting/balanceTags.php" line="154" assertions="1" time="0.025949"/>
          <testcase name="test_detects_traditional_tag_names with data set #2" class="Tests_Formatting_BalanceTags" classname="Tests_Formatting_BalanceTags" file="/var/www/html/test/wordpress_test/inpsyde_test/test/wp-content/plugins/plugintestslughere/tests/unit/tests/formatting/balanceTags.php" line="154" assertions="1" time="0.024165"/>
          <testcase name="test_detects_traditional_tag_names with data set #3" class="Tests_Formatting_BalanceTags" classname="Tests_Formatting_BalanceTags" file="/var/www/html/test/wordpress_test/inpsyde_test/test/wp-content/plugins/plugintestslughere/tests/unit/tests/formatting/balanceTags.php" line="154" assertions="1" time="0.024040"/>
          <testcase name="test_detects_traditional_tag_names with data set #4" class="Tests_Formatting_BalanceTags" classname="Tests_Formatting_BalanceTags" file="/var/www/html/test/wordpress_test/inpsyde_test/test/wp-content/plugins/plugintestslughere/tests/unit/tests/formatting/balanceTags.php" line="154" assertions="1" time="0.023037"/>
          <testcase name="test_detects_traditional_tag_names with data set #5" class="Tests_Formatting_BalanceTags" classname="Tests_Formatting_BalanceTags" file="/var/www/html/test/wordpress_test/inpsyde_test/test/wp-content/plugins/plugintestslughere/tests/unit/tests/formatting/balanceTags.php" line="154" assertions="1" time="0.021189"/>
        </testsuite>
        <testsuite name="Tests_Formatting_BalanceTags::test_detects_supported_custom_element_tag_names" tests="7" assertions="7" errors="0" failures="0" skipped="0" time="0.151551">
          <testcase name="test_detects_supported_custom_element_tag_names with data set #0" class="Tests_Formatting_BalanceTags" classname="Tests_Formatting_BalanceTags" file="/var/www/html/test/wordpress_test/inpsyde_test/test/wp-content/plugins/plugintestslughere/tests/unit/tests/formatting/balanceTags.php" line="164" assertions="1" time="0.020727"/>
          <testcase name="test_detects_supported_custom_element_tag_names with data set #1" class="Tests_Formatting_BalanceTags" classname="Tests_Formatting_BalanceTags" file="/var/www/html/test/wordpress_test/inpsyde_test/test/wp-content/plugins/plugintestslughere/tests/unit/tests/formatting/balanceTags.php" line="164" assertions="1" time="0.021458"/>
          <testcase name="test_detects_supported_custom_element_tag_names with data set #2" class="Tests_Formatting_BalanceTags" classname="Tests_Formatting_BalanceTags" file="/var/www/html/test/wordpress_test/inpsyde_test/test/wp-content/plugins/plugintestslughere/tests/unit/tests/formatting/balanceTags.php" line="164" assertions="1" time="0.020888"/>
          <testcase name="test_detects_supported_custom_element_tag_names with data set #3" class="Tests_Formatting_BalanceTags" classname="Tests_Formatting_BalanceTags" file="/var/www/html/test/wordpress_test/inpsyde_test/test/wp-content/plugins/plugintestslughere/tests/unit/tests/formatting/balanceTags.php" line="164" assertions="1" time="0.020801"/>
          <testcase name="test_detects_supported_custom_element_tag_names with data set #4" class="Tests_Formatting_BalanceTags" classname="Tests_Formatting_BalanceTags" file="/var/www/html/test/wordpress_test/inpsyde_test/test/wp-content/plugins/plugintestslughere/tests/unit/tests/formatting/balanceTags.php" line="164" assertions="1" time="0.023064"/>
          <testcase name="test_detects_supported_custom_element_tag_names with data set #5" class="Tests_Formatting_BalanceTags" classname="Tests_Formatting_BalanceTags" file="/var/www/html/test/wordpress_test/inpsyde_test/test/wp-content/plugins/plugintestslughere/tests/unit/tests/formatting/balanceTags.php" line="164" assertions="1" time="0.022604"/>
          <testcase name="test_detects_supported_custom_element_tag_names with data set #6" class="Tests_Formatting_BalanceTags" classname="Tests_Formatting_BalanceTags" file="/var/www/html/test/wordpress_test/inpsyde_test/test/wp-content/plugins/plugintestslughere/tests/unit/tests/formatting/balanceTags.php" line="164" assertions="1" time="0.022010"/>
        </testsuite>
        <testsuite name="Tests_Formatting_BalanceTags::test_ignores_invalid_tag_names" tests="2" assertions="2" errors="0" failures="0" skipped="0" time="0.041743">
          <testcase name="test_ignores_invalid_tag_names with data set #0" class="Tests_Formatting_BalanceTags" classname="Tests_Formatting_BalanceTags" file="/var/www/html/test/wordpress_test/inpsyde_test/test/wp-content/plugins/plugintestslughere/tests/unit/tests/formatting/balanceTags.php" line="172" assertions="1" time="0.019939"/>
          <testcase name="test_ignores_invalid_tag_names with data set #1" class="Tests_Formatting_BalanceTags" classname="Tests_Formatting_BalanceTags" file="/var/www/html/test/wordpress_test/inpsyde_test/test/wp-content/plugins/plugintestslughere/tests/unit/tests/formatting/balanceTags.php" line="172" assertions="1" time="0.021804"/>
        </testsuite>
        <testsuite name="Tests_Formatting_BalanceTags::test_ignores_unsupported_custom_tag_names" tests="29" assertions="29" errors="0" failures="0" skipped="0" time="0.777134">
          <testcase name="test_ignores_unsupported_custom_tag_names with data set #0" class="Tests_Formatting_BalanceTags" classname="Tests_Formatting_BalanceTags" file="/var/www/html/test/wordpress_test/inpsyde_test/test/wp-content/plugins/plugintestslughere/tests/unit/tests/formatting/balanceTags.php" line="180" assertions="1" time="0.025616"/>
          <testcase name="test_ignores_unsupported_custom_tag_names with data set #1" class="Tests_Formatting_BalanceTags" classname="Tests_Formatting_BalanceTags" file="/var/www/html/test/wordpress_test/inpsyde_test/test/wp-content/plugins/plugintestslughere/tests/unit/tests/formatting/balanceTags.php" line="180" assertions="1" time="0.028667"/>
          <testcase name="test_ignores_unsupported_custom_tag_names with data set #2" class="Tests_Formatting_BalanceTags" classname="Tests_Formatting_BalanceTags" file="/var/www/html/test/wordpress_test/inpsyde_test/test/wp-content/plugins/plugintestslughere/tests/unit/tests/formatting/balanceTags.php" line="180" assertions="1" time="0.027210"/>
          <testcase name="test_ignores_unsupported_custom_tag_names with data set #3" class="Tests_Formatting_BalanceTags" classname="Tests_Formatting_BalanceTags" file="/var/www/html/test/wordpress_test/inpsyde_test/test/wp-content/plugins/plugintestslughere/tests/unit/tests/formatting/balanceTags.php" line="180" assertions="1" time="0.027199"/>
          <testcase name="test_ignores_unsupported_custom_tag_names with data set #4" class="Tests_Formatting_BalanceTags" classname="Tests_Formatting_BalanceTags" file="/var/www/html/test/wordpress_test/inpsyde_test/test/wp-content/plugins/plugintestslughere/tests/unit/tests/formatting/balanceTags.php" line="180" assertions="1" time="0.024212"/>
          <testcase name="test_ignores_unsupported_custom_tag_names with data set #5" class="Tests_Formatting_BalanceTags" classname="Tests_Formatting_BalanceTags" file="/var/www/html/test/wordpress_test/inpsyde_test/test/wp-content/plugins/plugintestslughere/tests/unit/tests/formatting/balanceTags.php" line="180" assertions="1" time="0.024180"/>
          <testcase name="test_ignores_unsupported_custom_tag_names with data set #6" class="Tests_Formatting_BalanceTags" classname="Tests_Formatting_BalanceTags" file="/var/www/html/test/wordpress_test/inpsyde_test/test/wp-content/plugins/plugintestslughere/tests/unit/tests/formatting/balanceTags.php" line="180" assertions="1" time="0.026278"/>
          <testcase name="test_ignores_unsupported_custom_tag_names with data set #7" class="Tests_Formatting_BalanceTags" classname="Tests_Formatting_BalanceTags" file="/var/www/html/test/wordpress_test/inpsyde_test/test/wp-content/plugins/plugintestslughere/tests/unit/tests/formatting/balanceTags.php" line="180" assertions="1" time="0.031576"/>
          <testcase name="test_ignores_unsupported_custom_tag_names with data set #8" class="Tests_Formatting_BalanceTags" classname="Tests_Formatting_BalanceTags" file="/var/www/html/test/wordpress_test/inpsyde_test/test/wp-content/plugins/plugintestslughere/tests/unit/tests/formatting/balanceTags.php" line="180" assertions="1" time="0.028662"/>
          <testcase name="test_ignores_unsupported_custom_tag_names with data set #9" class="Tests_Formatting_BalanceTags" classname="Tests_Formatting_BalanceTags" file="/var/www/html/test/wordpress_test/inpsyde_test/test/wp-content/plugins/plugintestslughere/tests/unit/tests/formatting/balanceTags.php" line="180" assertions="1" time="0.025287"/>
          <testcase name="test_ignores_unsupported_custom_tag_names with data set #10" class="Tests_Formatting_BalanceTags" classname="Tests_Formatting_BalanceTags" file="/var/www/html/test/wordpress_test/inpsyde_test/test/wp-content/plugins/plugintestslughere/tests/unit/tests/formatting/balanceTags.php" line="180" assertions="1" time="0.023886"/>
          <testcase name="test_ignores_unsupported_custom_tag_names with data set #11" class="Tests_Formatting_BalanceTags" classname="Tests_Formatting_BalanceTags" file="/var/www/html/test/wordpress_test/inpsyde_test/test/wp-content/plugins/plugintestslughere/tests/unit/tests/formatting/balanceTags.php" line="180" assertions="1" time="0.022535"/>
          <testcase name="test_ignores_unsupported_custom_tag_names with data set #12" class="Tests_Formatting_BalanceTags" classname="Tests_Formatting_BalanceTags" file="/var/www/html/test/wordpress_test/inpsyde_test/test/wp-content/plugins/plugintestslughere/tests/unit/tests/formatting/balanceTags.php" line="180" assertions="1" time="0.027739"/>
          <testcase name="test_ignores_unsupported_custom_tag_names with data set #13" class="Tests_Formatting_BalanceTags" classname="Tests_Formatting_BalanceTags" file="/var/www/html/test/wordpress_test/inpsyde_test/test/wp-content/plugins/plugintestslughere/tests/unit/tests/formatting/balanceTags.php" line="180" assertions="1" time="0.042804"/>
          <testcase name="test_ignores_unsupported_custom_tag_names with data set #14" class="Tests_Formatting_BalanceTags" classname="Tests_Formatting_BalanceTags" file="/var/www/html/test/wordpress_test/inpsyde_test/test/wp-content/plugins/plugintestslughere/tests/unit/tests/formatting/balanceTags.php" line="180" assertions="1" time="0.032938"/>
          <testcase name="test_ignores_unsupported_custom_tag_names with data set #15" class="Tests_Formatting_BalanceTags" classname="Tests_Formatting_BalanceTags" file="/var/www/html/test/wordpress_test/inpsyde_test/test/wp-content/plugins/plugintestslughere/tests/unit/tests/formatting/balanceTags.php" line="180" assertions="1" time="0.029954"/>
          <testcase name="test_ignores_unsupported_custom_tag_names with data set #16" class="Tests_Formatting_BalanceTags" classname="Tests_Formatting_BalanceTags" file="/var/www/html/test/wordpress_test/inpsyde_test/test/wp-content/plugins/plugintestslughere/tests/unit/tests/formatting/balanceTags.php" line="180" assertions="1" time="0.028796"/>
          <testcase name="test_ignores_unsupported_custom_tag_names with data set #17" class="Tests_Formatting_BalanceTags" classname="Tests_Formatting_BalanceTags" file="/var/www/html/test/wordpress_test/inpsyde_test/test/wp-content/plugins/plugintestslughere/tests/unit/tests/formatting/balanceTags.php" line="180" assertions="1" time="0.026802"/>
          <testcase name="test_ignores_unsupported_custom_tag_names with data set #18" class="Tests_Formatting_BalanceTags" classname="Tests_Formatting_BalanceTags" file="/var/www/html/test/wordpress_test/inpsyde_test/test/wp-content/plugins/plugintestslughere/tests/unit/tests/formatting/balanceTags.php" line="180" assertions="1" time="0.025389"/>
          <testcase name="test_ignores_unsupported_custom_tag_names with data set #19" class="Tests_Formatting_BalanceTags" classname="Tests_Formatting_BalanceTags" file="/var/www/html/test/wordpress_test/inpsyde_test/test/wp-content/plugins/plugintestslughere/tests/unit/tests/formatting/balanceTags.php" line="180" assertions="1" time="0.025016"/>
          <testcase name="test_ignores_unsupported_custom_tag_names with data set #20" class="Tests_Formatting_BalanceTags" classname="Tests_Formatting_BalanceTags" file="/var/www/html/test/wordpress_test/inpsyde_test/test/wp-content/plugins/plugintestslughere/tests/unit/tests/formatting/balanceTags.php" line="180" assertions="1" time="0.023150"/>
          <testcase name="test_ignores_unsupported_custom_tag_names with data set #21" class="Tests_Formatting_BalanceTags" classname="Tests_Formatting_BalanceTags" file="/var/www/html/test/wordpress_test/inpsyde_test/test/wp-content/plugins/plugintestslughere/tests/unit/tests/formatting/balanceTags.php" line="180" assertions="1" time="0.022704"/>
          <testcase name="test_ignores_unsupported_custom_tag_names with data set #22" class="Tests_Formatting_BalanceTags" classname="Tests_Formatting_BalanceTags" file="/var/www/html/test/wordpress_test/inpsyde_test/test/wp-content/plugins/plugintestslughere/tests/unit/tests/formatting/balanceTags.php" line="180" assertions="1" time="0.022406"/>
          <testcase name="test_ignores_unsupported_custom_tag_names with data set #23" class="Tests_Formatting_BalanceTags" classname="Tests_Formatting_BalanceTags" file="/var/www/html/test/wordpress_test/inpsyde_test/test/wp-content/plugins/plugintestslughere/tests/unit/tests/formatting/balanceTags.php" line="180" assertions="1" time="0.021567"/>
          <testcase name="test_ignores_unsupported_custom_tag_names with data set #24" class="Tests_Formatting_BalanceTags" classname="Tests_Formatting_BalanceTags" file="/var/www/html/test/wordpress_test/inpsyde_test/test/wp-content/plugins/plugintestslughere/tests/unit/tests/formatting/balanceTags.php" line="180" assertions="1" time="0.021534"/>
          <testcase name="test_ignores_unsupported_custom_tag_names with data set #25" class="Tests_Formatting_BalanceTags" classname="Tests_Formatting_BalanceTags" file="/var/www/html/test/wordpress_test/inpsyde_test/test/wp-content/plugins/plugintestslughere/tests/unit/tests/formatting/balanceTags.php" line="180" assertions="1" time="0.022771"/>
          <testcase name="test_ignores_unsupported_custom_tag_names with data set #26" class="Tests_Formatting_BalanceTags" classname="Tests_Formatting_BalanceTags" file="/var/www/html/test/wordpress_test/inpsyde_test/test/wp-content/plugins/plugintestslughere/tests/unit/tests/formatting/balanceTags.php" line="180" assertions="1" time="0.022294"/>
          <testcase name="test_ignores_unsupported_custom_tag_names with data set #27" class="Tests_Formatting_BalanceTags" classname="Tests_Formatting_BalanceTags" file="/var/www/html/test/wordpress_test/inpsyde_test/test/wp-content/plugins/plugintestslughere/tests/unit/tests/formatting/balanceTags.php" line="180" assertions="1" time="0.026864"/>
          <testcase name="test_ignores_unsupported_custom_tag_names with data set #28" class="Tests_Formatting_BalanceTags" classname="Tests_Formatting_BalanceTags" file="/var/www/html/test/wordpress_test/inpsyde_test/test/wp-content/plugins/plugintestslughere/tests/unit/tests/formatting/balanceTags.php" line="180" assertions="1" time="0.039098"/>
        </testsuite>
        <testsuite name="Tests_Formatting_BalanceTags::test_detects_supported_invalid_tag_names" tests="8" assertions="8" errors="0" failures="0" skipped="0" time="0.213197">
          <testcase name="test_detects_supported_invalid_tag_names with data set #0" class="Tests_Formatting_BalanceTags" classname="Tests_Formatting_BalanceTags" file="/var/www/html/test/wordpress_test/inpsyde_test/test/wp-content/plugins/plugintestslughere/tests/unit/tests/formatting/balanceTags.php" line="188" assertions="1" time="0.033491"/>
          <testcase name="test_detects_supported_invalid_tag_names with data set #1" class="Tests_Formatting_BalanceTags" classname="Tests_Formatting_BalanceTags" file="/var/www/html/test/wordpress_test/inpsyde_test/test/wp-content/plugins/plugintestslughere/tests/unit/tests/formatting/balanceTags.php" line="188" assertions="1" time="0.029437"/>
          <testcase name="test_detects_supported_invalid_tag_names with data set #2" class="Tests_Formatting_BalanceTags" classname="Tests_Formatting_BalanceTags" file="/var/www/html/test/wordpress_test/inpsyde_test/test/wp-content/plugins/plugintestslughere/tests/unit/tests/formatting/balanceTags.php" line="188" assertions="1" time="0.027567"/>
          <testcase name="test_detects_supported_invalid_tag_names with data set #3" class="Tests_Formatting_BalanceTags" classname="Tests_Formatting_BalanceTags" file="/var/www/html/test/wordpress_test/inpsyde_test/test/wp-content/plugins/plugintestslughere/tests/unit/tests/formatting/balanceTags.php" line="188" assertions="1" time="0.026823"/>
          <testcase name="test_detects_supported_invalid_tag_names with data set #4" class="Tests_Formatting_BalanceTags" classname="Tests_Formatting_BalanceTags" file="/var/www/html/test/wordpress_test/inpsyde_test/test/wp-content/plugins/plugintestslughere/tests/unit/tests/formatting/balanceTags.php" line="188" assertions="1" time="0.025632"/>
          <testcase name="test_detects_supported_invalid_tag_names with data set #5" class="Tests_Formatting_BalanceTags" classname="Tests_Formatting_BalanceTags" file="/var/www/html/test/wordpress_test/inpsyde_test/test/wp-content/plugins/plugintestslughere/tests/unit/tests/formatting/balanceTags.php" line="188" assertions="1" time="0.023767"/>
          <testcase name="test_detects_supported_invalid_tag_names with data set #6" class="Tests_Formatting_BalanceTags" classname="Tests_Formatting_BalanceTags" file="/var/www/html/test/wordpress_test/inpsyde_test/test/wp-content/plugins/plugintestslughere/tests/unit/tests/formatting/balanceTags.php" line="188" assertions="1" time="0.023693"/>
          <testcase name="test_detects_supported_invalid_tag_names with data set #7" class="Tests_Formatting_BalanceTags" classname="Tests_Formatting_BalanceTags" file="/var/www/html/test/wordpress_test/inpsyde_test/test/wp-content/plugins/plugintestslughere/tests/unit/tests/formatting/balanceTags.php" line="188" assertions="1" time="0.022787"/>
        </testsuite>
        <testsuite name="Tests_Formatting_BalanceTags::test_selfcloses_unclosed_known_single_tags" tests="16" assertions="16" errors="0" failures="0" skipped="0" time="0.389041">
          <testcase name="test_selfcloses_unclosed_known_single_tags with data set #0" class="Tests_Formatting_BalanceTags" classname="Tests_Formatting_BalanceTags" file="/var/www/html/test/wordpress_test/inpsyde_test/test/wp-content/plugins/plugintestslughere/tests/unit/tests/formatting/balanceTags.php" line="198" assertions="1" time="0.022791"/>
          <testcase name="test_selfcloses_unclosed_known_single_tags with data set #1" class="Tests_Formatting_BalanceTags" classname="Tests_Formatting_BalanceTags" file="/var/www/html/test/wordpress_test/inpsyde_test/test/wp-content/plugins/plugintestslughere/tests/unit/tests/formatting/balanceTags.php" line="198" assertions="1" time="0.021153"/>
          <testcase name="test_selfcloses_unclosed_known_single_tags with data set #2" class="Tests_Formatting_BalanceTags" classname="Tests_Formatting_BalanceTags" file="/var/www/html/test/wordpress_test/inpsyde_test/test/wp-content/plugins/plugintestslughere/tests/unit/tests/formatting/balanceTags.php" line="198" assertions="1" time="0.022587"/>
          <testcase name="test_selfcloses_unclosed_known_single_tags with data set #3" class="Tests_Formatting_BalanceTags" classname="Tests_Formatting_BalanceTags" file="/var/www/html/test/wordpress_test/inpsyde_test/test/wp-content/plugins/plugintestslughere/tests/unit/tests/formatting/balanceTags.php" line="198" assertions="1" time="0.023509"/>
          <testcase name="test_selfcloses_unclosed_known_single_tags with data set #4" class="Tests_Formatting_BalanceTags" classname="Tests_Formatting_BalanceTags" file="/var/www/html/test/wordpress_test/inpsyde_test/test/wp-content/plugins/plugintestslughere/tests/unit/tests/formatting/balanceTags.php" line="198" assertions="1" time="0.026414"/>
          <testcase name="test_selfcloses_unclosed_known_single_tags with data set #5" class="Tests_Formatting_BalanceTags" classname="Tests_Formatting_BalanceTags" file="/var/www/html/test/wordpress_test/inpsyde_test/test/wp-content/plugins/plugintestslughere/tests/unit/tests/formatting/balanceTags.php" line="198" assertions="1" time="0.026148"/>
          <testcase name="test_selfcloses_unclosed_known_single_tags with data set #6" class="Tests_Formatting_BalanceTags" classname="Tests_Formatting_BalanceTags" file="/var/www/html/test/wordpress_test/inpsyde_test/test/wp-content/plugins/plugintestslughere/tests/unit/tests/formatting/balanceTags.php" line="198" assertions="1" time="0.023533"/>
          <testcase name="test_selfcloses_unclosed_known_single_tags with data set #7" class="Tests_Formatting_BalanceTags" classname="Tests_Formatting_BalanceTags" file="/var/www/html/test/wordpress_test/inpsyde_test/test/wp-content/plugins/plugintestslughere/tests/unit/tests/formatting/balanceTags.php" line="198" assertions="1" time="0.025931"/>
          <testcase name="test_selfcloses_unclosed_known_single_tags with data set #8" class="Tests_Formatting_BalanceTags" classname="Tests_Formatting_BalanceTags" file="/var/www/html/test/wordpress_test/inpsyde_test/test/wp-content/plugins/plugintestslughere/tests/unit/tests/formatting/balanceTags.php" line="198" assertions="1" time="0.023399"/>
          <testcase name="test_selfcloses_unclosed_known_single_tags with data set #9" class="Tests_Formatting_BalanceTags" classname="Tests_Formatting_BalanceTags" file="/var/www/html/test/wordpress_test/inpsyde_test/test/wp-content/plugins/plugintestslughere/tests/unit/tests/formatting/balanceTags.php" line="198" assertions="1" time="0.023574"/>
          <testcase name="test_selfcloses_unclosed_known_single_tags with data set #10" class="Tests_Formatting_BalanceTags" classname="Tests_Formatting_BalanceTags" file="/var/www/html/test/wordpress_test/inpsyde_test/test/wp-content/plugins/plugintestslughere/tests/unit/tests/formatting/balanceTags.php" line="198" assertions="1" time="0.024284"/>
          <testcase name="test_selfcloses_unclosed_known_single_tags with data set #11" class="Tests_Formatting_BalanceTags" classname="Tests_Formatting_BalanceTags" file="/var/www/html/test/wordpress_test/inpsyde_test/test/wp-content/plugins/plugintestslughere/tests/unit/tests/formatting/balanceTags.php" line="198" assertions="1" time="0.021827"/>
          <testcase name="test_selfcloses_unclosed_known_single_tags with data set #12" class="Tests_Formatting_BalanceTags" classname="Tests_Formatting_BalanceTags" file="/var/www/html/test/wordpress_test/inpsyde_test/test/wp-content/plugins/plugintestslughere/tests/unit/tests/formatting/balanceTags.php" line="198" assertions="1" time="0.026925"/>
          <testcase name="test_selfcloses_unclosed_known_single_tags with data set #13" class="Tests_Formatting_BalanceTags" classname="Tests_Formatting_BalanceTags" file="/var/www/html/test/wordpress_test/inpsyde_test/test/wp-content/plugins/plugintestslughere/tests/unit/tests/formatting/balanceTags.php" line="198" assertions="1" time="0.024744"/>
          <testcase name="test_selfcloses_unclosed_known_single_tags with data set #14" class="Tests_Formatting_BalanceTags" classname="Tests_Formatting_BalanceTags" file="/var/www/html/test/wordpress_test/inpsyde_test/test/wp-content/plugins/plugintestslughere/tests/unit/tests/formatting/balanceTags.php" line="198" assertions="1" time="0.023269"/>
          <testcase name="test_selfcloses_unclosed_known_single_tags with data set #15" class="Tests_Formatting_BalanceTags" classname="Tests_Formatting_BalanceTags" file="/var/www/html/test/wordpress_test/inpsyde_test/test/wp-content/plugins/plugintestslughere/tests/unit/tests/formatting/balanceTags.php" line="198" assertions="1" time="0.028953"/>
        </testsuite>
        <testsuite name="Tests_Formatting_BalanceTags::test_selfcloses_known_single_tags_having_closing_tag" tests="16" assertions="16" errors="0" failures="0" skipped="0" time="0.393013">
          <testcase name="test_selfcloses_known_single_tags_having_closing_tag with data set #0" class="Tests_Formatting_BalanceTags" classname="Tests_Formatting_BalanceTags" file="/var/www/html/test/wordpress_test/inpsyde_test/test/wp-content/plugins/plugintestslughere/tests/unit/tests/formatting/balanceTags.php" line="209" assertions="1" time="0.028434"/>
          <testcase name="test_selfcloses_known_single_tags_having_closing_tag with data set #1" class="Tests_Formatting_BalanceTags" classname="Tests_Formatting_BalanceTags" file="/var/www/html/test/wordpress_test/inpsyde_test/test/wp-content/plugins/plugintestslughere/tests/unit/tests/formatting/balanceTags.php" line="209" assertions="1" time="0.026268"/>
          <testcase name="test_selfcloses_known_single_tags_having_closing_tag with data set #2" class="Tests_Formatting_BalanceTags" classname="Tests_Formatting_BalanceTags" file="/var/www/html/test/wordpress_test/inpsyde_test/test/wp-content/plugins/plugintestslughere/tests/unit/tests/formatting/balanceTags.php" line="209" assertions="1" time="0.024209"/>
          <testcase name="test_selfcloses_known_single_tags_having_closing_tag with data set #3" class="Tests_Formatting_BalanceTags" classname="Tests_Formatting_BalanceTags" file="/var/www/html/test/wordpress_test/inpsyde_test/test/wp-content/plugins/plugintestslughere/tests/unit/tests/formatting/balanceTags.php" line="209" assertions="1" time="0.022224"/>
          <testcase name="test_selfcloses_known_single_tags_having_closing_tag with data set #4" class="Tests_Formatting_BalanceTags" classname="Tests_Formatting_BalanceTags" file="/var/www/html/test/wordpress_test/inpsyde_test/test/wp-content/plugins/plugintestslughere/tests/unit/tests/formatting/balanceTags.php" line="209" assertions="1" time="0.022856"/>
          <testcase name="test_selfcloses_known_single_tags_having_closing_tag with data set #5" class="Tests_Formatting_BalanceTags" classname="Tests_Formatting_BalanceTags" file="/var/www/html/test/wordpress_test/inpsyde_test/test/wp-content/plugins/plugintestslughere/tests/unit/tests/formatting/balanceTags.php" line="209" assertions="1" time="0.022805"/>
          <testcase name="test_selfcloses_known_single_tags_having_closing_tag with data set #6" class="Tests_Formatting_BalanceTags" classname="Tests_Formatting_BalanceTags" file="/var/www/html/test/wordpress_test/inpsyde_test/test/wp-content/plugins/plugintestslughere/tests/unit/tests/formatting/balanceTags.php" line="209" assertions="1" time="0.022724"/>
          <testcase name="test_selfcloses_known_single_tags_having_closing_tag with data set #7" class="Tests_Formatting_BalanceTags" classname="Tests_Formatting_BalanceTags" file="/var/www/html/test/wordpress_test/inpsyde_test/test/wp-content/plugins/plugintestslughere/tests/unit/tests/formatting/balanceTags.php" line="209" assertions="1" time="0.024331"/>
          <testcase name="test_selfcloses_known_single_tags_having_closing_tag with data set #8" class="Tests_Formatting_BalanceTags" classname="Tests_Formatting_BalanceTags" file="/var/www/html/test/wordpress_test/inpsyde_test/test/wp-content/plugins/plugintestslughere/tests/unit/tests/formatting/balanceTags.php" line="209" assertions="1" time="0.024538"/>
          <testcase name="test_selfcloses_known_single_tags_having_closing_tag with data set #9" class="Tests_Formatting_BalanceTags" classname="Tests_Formatting_BalanceTags" file="/var/www/html/test/wordpress_test/inpsyde_test/test/wp-content/plugins/plugintestslughere/tests/unit/tests/formatting/balanceTags.php" line="209" assertions="1" time="0.024217"/>
          <testcase name="test_selfcloses_known_single_tags_having_closing_tag with data set #10" class="Tests_Formatting_BalanceTags" classname="Tests_Formatting_BalanceTags" file="/var/www/html/test/wordpress_test/inpsyde_test/test/wp-content/plugins/plugintestslughere/tests/unit/tests/formatting/balanceTags.php" line="209" assertions="1" time="0.024377"/>
          <testcase name="test_selfcloses_known_single_tags_having_closing_tag with data set #11" class="Tests_Formatting_BalanceTags" classname="Tests_Formatting_BalanceTags" file="/var/www/html/test/wordpress_test/inpsyde_test/test/wp-content/plugins/plugintestslughere/tests/unit/tests/formatting/balanceTags.php" line="209" assertions="1" time="0.024146"/>
          <testcase name="test_selfcloses_known_single_tags_having_closing_tag with data set #12" class="Tests_Formatting_BalanceTags" classname="Tests_Formatting_BalanceTags" file="/var/www/html/test/wordpress_test/inpsyde_test/test/wp-content/plugins/plugintestslughere/tests/unit/tests/formatting/balanceTags.php" line="209" assertions="1" time="0.025116"/>
          <testcase name="test_selfcloses_known_single_tags_having_closing_tag with data set #13" class="Tests_Formatting_BalanceTags" classname="Tests_Formatting_BalanceTags" file="/var/www/html/test/wordpress_test/inpsyde_test/test/wp-content/plugins/plugintestslughere/tests/unit/tests/formatting/balanceTags.php" line="209" assertions="1" time="0.025338"/>
          <testcase name="test_selfcloses_known_single_tags_having_closing_tag with data set #14" class="Tests_Formatting_BalanceTags" classname="Tests_Formatting_BalanceTags" file="/var/www/html/test/wordpress_test/inpsyde_test/test/wp-content/plugins/plugintestslughere/tests/unit/tests/formatting/balanceTags.php" line="209" assertions="1" time="0.025629"/>
          <testcase name="test_selfcloses_known_single_tags_having_closing_tag with data set #15" class="Tests_Formatting_BalanceTags" classname="Tests_Formatting_BalanceTags" file="/var/www/html/test/wordpress_test/inpsyde_test/test/wp-content/plugins/plugintestslughere/tests/unit/tests/formatting/balanceTags.php" line="209" assertions="1" time="0.025801"/>
        </testsuite>
        <testcase name="test_closes_unknown_single_tags_with_closing_tag" class="Tests_Formatting_BalanceTags" classname="Tests_Formatting_BalanceTags" file="/var/www/html/test/wordpress_test/inpsyde_test/test/wp-content/plugins/plugintestslughere/tests/unit/tests/formatting/balanceTags.php" line="216" assertions="5" time="0.024044"/>
        <testcase name="test_closes_unclosed_single_tags_having_attributes" class="Tests_Formatting_BalanceTags" classname="Tests_Formatting_BalanceTags" file="/var/www/html/test/wordpress_test/inpsyde_test/test/wp-content/plugins/plugintestslughere/tests/unit/tests/formatting/balanceTags.php" line="239" assertions="2" time="0.022779"/>
        <testcase name="test_allows_validly_closed_single_tags" class="Tests_Formatting_BalanceTags" classname="Tests_Formatting_BalanceTags" file="/var/www/html/test/wordpress_test/inpsyde_test/test/wp-content/plugins/plugintestslughere/tests/unit/tests/formatting/balanceTags.php" line="254" assertions="4" time="0.021872"/>
        <testsuite name="Tests_Formatting_BalanceTags::test_balances_nestable_tags" tests="5" assertions="15" errors="0" failures="0" skipped="0" time="0.114317">
          <testcase name="test_balances_nestable_tags with data set #0" class="Tests_Formatting_BalanceTags" classname="Tests_Formatting_BalanceTags" file="/var/www/html/test/wordpress_test/inpsyde_test/test/wp-content/plugins/plugintestslughere/tests/unit/tests/formatting/balanceTags.php" line="270" assertions="3" time="0.022099"/>
          <testcase name="test_balances_nestable_tags with data set #1" class="Tests_Formatting_BalanceTags" classname="Tests_Formatting_BalanceTags" file="/var/www/html/test/wordpress_test/inpsyde_test/test/wp-content/plugins/plugintestslughere/tests/unit/tests/formatting/balanceTags.php" line="270" assertions="3" time="0.023425"/>
          <testcase name="test_balances_nestable_tags with data set #2" class="Tests_Formatting_BalanceTags" classname="Tests_Formatting_BalanceTags" file="/var/www/html/test/wordpress_test/inpsyde_test/test/wp-content/plugins/plugintestslughere/tests/unit/tests/formatting/balanceTags.php" line="270" assertions="3" time="0.023237"/>
          <testcase name="test_balances_nestable_tags with data set #3" class="Tests_Formatting_BalanceTags" classname="Tests_Formatting_BalanceTags" file="/var/www/html/test/wordpress_test/inpsyde_test/test/wp-content/plugins/plugintestslughere/tests/unit/tests/formatting/balanceTags.php" line="270" assertions="3" time="0.022434"/>
          <testcase name="test_balances_nestable_tags with data set #4" class="Tests_Formatting_BalanceTags" classname="Tests_Formatting_BalanceTags" file="/var/www/html/test/wordpress_test/inpsyde_test/test/wp-content/plugins/plugintestslughere/tests/unit/tests/formatting/balanceTags.php" line="270" assertions="3" time="0.023122"/>
        </testsuite>
        <testcase name="test_allows_adjacent_nestable_tags" class="Tests_Formatting_BalanceTags" classname="Tests_Formatting_BalanceTags" file="/var/www/html/test/wordpress_test/inpsyde_test/test/wp-content/plugins/plugintestslughere/tests/unit/tests/formatting/balanceTags.php" line="287" assertions="5" time="0.023392"/>
        <testcase name="test_allows_immediately_nested_object_tags" class="Tests_Formatting_BalanceTags" classname="Tests_Formatting_BalanceTags" file="/var/www/html/test/wordpress_test/inpsyde_test/test/wp-content/plugins/plugintestslughere/tests/unit/tests/formatting/balanceTags.php" line="304" assertions="1" time="0.023061"/>
        <testcase name="test_balances_nested_non_nestable_tags" class="Tests_Formatting_BalanceTags" classname="Tests_Formatting_BalanceTags" file="/var/www/html/test/wordpress_test/inpsyde_test/test/wp-content/plugins/plugintestslughere/tests/unit/tests/formatting/balanceTags.php" line="309" assertions="2" time="0.022800"/>
        <testcase name="test_fixes_improper_closing_tag_sequence" class="Tests_Formatting_BalanceTags" classname="Tests_Formatting_BalanceTags" file="/var/www/html/test/wordpress_test/inpsyde_test/test/wp-content/plugins/plugintestslughere/tests/unit/tests/formatting/balanceTags.php" line="324" assertions="2" time="0.022974"/>
        <testcase name="test_adds_missing_closing_tags" class="Tests_Formatting_BalanceTags" classname="Tests_Formatting_BalanceTags" file="/var/www/html/test/wordpress_test/inpsyde_test/test/wp-content/plugins/plugintestslughere/tests/unit/tests/formatting/balanceTags.php" line="339" assertions="5" time="0.023570"/>
        <testcase name="test_removes_extraneous_closing_tags" class="Tests_Formatting_BalanceTags" classname="Tests_Formatting_BalanceTags" file="/var/www/html/test/wordpress_test/inpsyde_test/test/wp-content/plugins/plugintestslughere/tests/unit/tests/formatting/balanceTags.php" line="360" assertions="4" time="0.022139"/>
        <testsuite name="Tests_Formatting_BalanceTags::test_custom_elements" tests="10" assertions="10" errors="0" failures="0" skipped="0" time="0.222394">
          <testcase name="test_custom_elements with data set #0" class="Tests_Formatting_BalanceTags" classname="Tests_Formatting_BalanceTags" file="/var/www/html/test/wordpress_test/inpsyde_test/test/wp-content/plugins/plugintestslughere/tests/unit/tests/formatting/balanceTags.php" line="440" assertions="1" time="0.022371"/>
          <testcase name="test_custom_elements with data set #1" class="Tests_Formatting_BalanceTags" classname="Tests_Formatting_BalanceTags" file="/var/www/html/test/wordpress_test/inpsyde_test/test/wp-content/plugins/plugintestslughere/tests/unit/tests/formatting/balanceTags.php" line="440" assertions="1" time="0.022463"/>
          <testcase name="test_custom_elements with data set #2" class="Tests_Formatting_BalanceTags" classname="Tests_Formatting_BalanceTags" file="/var/www/html/test/wordpress_test/inpsyde_test/test/wp-content/plugins/plugintestslughere/tests/unit/tests/formatting/balanceTags.php" line="440" assertions="1" time="0.022221"/>
          <testcase name="test_custom_elements with data set #3" class="Tests_Formatting_BalanceTags" classname="Tests_Formatting_BalanceTags" file="/var/www/html/test/wordpress_test/inpsyde_test/test/wp-content/plugins/plugintestslughere/tests/unit/tests/formatting/balanceTags.php" line="440" assertions="1" time="0.022725"/>
          <testcase name="test_custom_elements with data set #4" class="Tests_Formatting_BalanceTags" classname="Tests_Formatting_BalanceTags" file="/var/www/html/test/wordpress_test/inpsyde_test/test/wp-content/plugins/plugintestslughere/tests/unit/tests/formatting/balanceTags.php" line="440" assertions="1" time="0.022867"/>
          <testcase name="test_custom_elements with data set #5" class="Tests_Formatting_BalanceTags" classname="Tests_Formatting_BalanceTags" file="/var/www/html/test/wordpress_test/inpsyde_test/test/wp-content/plugins/plugintestslughere/tests/unit/tests/formatting/balanceTags.php" line="440" assertions="1" time="0.022139"/>
          <testcase name="test_custom_elements with data set #6" class="Tests_Formatting_BalanceTags" classname="Tests_Formatting_BalanceTags" file="/var/www/html/test/wordpress_test/inpsyde_test/test/wp-content/plugins/plugintestslughere/tests/unit/tests/formatting/balanceTags.php" line="440" assertions="1" time="0.021658"/>
          <testcase name="test_custom_elements with data set #7" class="Tests_Formatting_BalanceTags" classname="Tests_Formatting_BalanceTags" file="/var/www/html/test/wordpress_test/inpsyde_test/test/wp-content/plugins/plugintestslughere/tests/unit/tests/formatting/balanceTags.php" line="440" assertions="1" time="0.022449"/>
          <testcase name="test_custom_elements with data set #8" class="Tests_Formatting_BalanceTags" classname="Tests_Formatting_BalanceTags" file="/var/www/html/test/wordpress_test/inpsyde_test/test/wp-content/plugins/plugintestslughere/tests/unit/tests/formatting/balanceTags.php" line="440" assertions="1" time="0.021476"/>
          <testcase name="test_custom_elements with data set #9" class="Tests_Formatting_BalanceTags" classname="Tests_Formatting_BalanceTags" file="/var/www/html/test/wordpress_test/inpsyde_test/test/wp-content/plugins/plugintestslughere/tests/unit/tests/formatting/balanceTags.php" line="440" assertions="1" time="0.022025"/>
        </testsuite>
      </testsuite>
      <testsuite name="Tests_Formatting_Date" file="/var/www/html/test/wordpress_test/inpsyde_test/test/wp-content/plugins/plugintestslughere/tests/unit/tests/formatting/date.php" tests="15" assertions="29" errors="0" failures="0" skipped="0" time="1.152853">
        <testcase name="test_get_date_from_gmt_outside_of_dst" class="Tests_Formatting_Date" classname="Tests_Formatting_Date" file="/var/www/html/test/wordpress_test/inpsyde_test/test/wp-content/plugins/plugintestslughere/tests/unit/tests/formatting/date.php" line="14" assertions="1" time="0.083549"/>
        <testcase name="test_get_date_from_gmt_during_dst" class="Tests_Formatting_Date" classname="Tests_Formatting_Date" file="/var/www/html/test/wordpress_test/inpsyde_test/test/wp-content/plugins/plugintestslughere/tests/unit/tests/formatting/date.php" line="26" assertions="1" time="0.076963"/>
        <testcase name="test_get_gmt_from_date_outside_of_dst" class="Tests_Formatting_Date" classname="Tests_Formatting_Date" file="/var/www/html/test/wordpress_test/inpsyde_test/test/wp-content/plugins/plugintestslughere/tests/unit/tests/formatting/date.php" line="36" assertions="1" time="0.087473"/>
        <testcase name="test_get_gmt_from_date_during_dst" class="Tests_Formatting_Date" classname="Tests_Formatting_Date" file="/var/www/html/test/wordpress_test/inpsyde_test/test/wp-content/plugins/plugintestslughere/tests/unit/tests/formatting/date.php" line="46" assertions="1" time="0.087237"/>
        <testcase name="test_get_date_and_time_from_gmt_no_timezone" class="Tests_Formatting_Date" classname="Tests_Formatting_Date" file="/var/www/html/test/wordpress_test/inpsyde_test/test/wp-content/plugins/plugintestslughere/tests/unit/tests/formatting/date.php" line="56" assertions="1" time="0.042564"/>
        <testcase name="test_get_gmt_from_date_no_timezone" class="Tests_Formatting_Date" classname="Tests_Formatting_Date" file="/var/www/html/test/wordpress_test/inpsyde_test/test/wp-content/plugins/plugintestslughere/tests/unit/tests/formatting/date.php" line="65" assertions="1" time="0.030326"/>
        <testcase name="test_get_gmt_from_date_short_date" class="Tests_Formatting_Date" classname="Tests_Formatting_Date" file="/var/www/html/test/wordpress_test/inpsyde_test/test/wp-content/plugins/plugintestslughere/tests/unit/tests/formatting/date.php" line="74" assertions="1" time="0.068442"/>
        <testcase name="test_get_gmt_from_date_string_date" class="Tests_Formatting_Date" classname="Tests_Formatting_Date" file="/var/www/html/test/wordpress_test/inpsyde_test/test/wp-content/plugins/plugintestslughere/tests/unit/tests/formatting/date.php" line="84" assertions="1" time="0.087374"/>
        <testcase name="test_get_gmt_from_date_string_date_no_timezone" class="Tests_Formatting_Date" classname="Tests_Formatting_Date" file="/var/www/html/test/wordpress_test/inpsyde_test/test/wp-content/plugins/plugintestslughere/tests/unit/tests/formatting/date.php" line="94" assertions="1" time="0.041573"/>
        <testsuite name="Tests_Formatting_Date::test_gmt_from_date_correct_time" tests="2" assertions="2" errors="0" failures="0" skipped="0" time="0.165082">
          <testcase name="test_gmt_from_date_correct_time with data set #0" class="Tests_Formatting_Date" classname="Tests_Formatting_Date" file="/var/www/html/test/wordpress_test/inpsyde_test/test/wp-content/plugins/plugintestslughere/tests/unit/tests/formatting/date.php" line="105" assertions="1" time="0.077601"/>
          <testcase name="test_gmt_from_date_correct_time with data set #1" class="Tests_Formatting_Date" classname="Tests_Formatting_Date" file="/var/www/html/test/wordpress_test/inpsyde_test/test/wp-content/plugins/plugintestslughere/tests/unit/tests/formatting/date.php" line="105" assertions="1" time="0.087481"/>
        </testsuite>
        <testsuite name="Tests_Formatting_Date::test_date_from_gmt_correct_time" tests="2" assertions="2" errors="0" failures="0" skipped="0" time="0.250903">
          <testcase name="test_date_from_gmt_correct_time with data set #0" class="Tests_Formatting_Date" classname="Tests_Formatting_Date" file="/var/www/html/test/wordpress_test/inpsyde_test/test/wp-content/plugins/plugintestslughere/tests/unit/tests/formatting/date.php" line="121" assertions="1" time="0.175323"/>
          <testcase name="test_date_from_gmt_correct_time with data set #1" class="Tests_Formatting_Date" classname="Tests_Formatting_Date" file="/var/www/html/test/wordpress_test/inpsyde_test/test/wp-content/plugins/plugintestslughere/tests/unit/tests/formatting/date.php" line="121" assertions="1" time="0.075580"/>
        </testsuite>
        <testsuite name="Tests_Formatting_Date::test_is8601_to_datetime_correct_time" tests="2" assertions="16" errors="0" failures="0" skipped="0" time="0.131367">
          <testcase name="test_is8601_to_datetime_correct_time with data set #0" class="Tests_Formatting_Date" classname="Tests_Formatting_Date" file="/var/www/html/test/wordpress_test/inpsyde_test/test/wp-content/plugins/plugintestslughere/tests/unit/tests/formatting/date.php" line="137" assertions="8" time="0.066478"/>
          <testcase name="test_is8601_to_datetime_correct_time with data set #1" class="Tests_Formatting_Date" classname="Tests_Formatting_Date" file="/var/www/html/test/wordpress_test/inpsyde_test/test/wp-content/plugins/plugintestslughere/tests/unit/tests/formatting/date.php" line="137" assertions="8" time="0.064889"/>
        </testsuite>
      </testsuite>
      <testsuite name="Tests_Formatting_Ent2NCR" file="/var/www/html/test/wordpress_test/inpsyde_test/test/wp-content/plugins/plugintestslughere/tests/unit/tests/formatting/ent2ncr.php" tests="251" assertions="251" errors="0" failures="0" skipped="0" time="6.449586">
        <testsuite name="Tests_Formatting_Ent2NCR::test_converts_named_entities_to_numeric_character_references" tests="251" assertions="251" errors="0" failures="0" skipped="0" time="6.449586">
          <testcase name="test_converts_named_entities_to_numeric_character_references with data set #0" class="Tests_Formatting_Ent2NCR" classname="Tests_Formatting_Ent2NCR" file="/var/www/html/test/wordpress_test/inpsyde_test/test/wp-content/plugins/plugintestslughere/tests/unit/tests/formatting/ent2ncr.php" line="10" assertions="1" time="0.021612"/>
          <testcase name="test_converts_named_entities_to_numeric_character_references with data set #1" class="Tests_Formatting_Ent2NCR" classname="Tests_Formatting_Ent2NCR" file="/var/www/html/test/wordpress_test/inpsyde_test/test/wp-content/plugins/plugintestslughere/tests/unit/tests/formatting/ent2ncr.php" line="10" assertions="1" time="0.021306"/>
          <testcase name="test_converts_named_entities_to_numeric_character_references with data set #2" class="Tests_Formatting_Ent2NCR" classname="Tests_Formatting_Ent2NCR" file="/var/www/html/test/wordpress_test/inpsyde_test/test/wp-content/plugins/plugintestslughere/tests/unit/tests/formatting/ent2ncr.php" line="10" assertions="1" time="0.029993"/>
          <testcase name="test_converts_named_entities_to_numeric_character_references with data set #3" class="Tests_Formatting_Ent2NCR" classname="Tests_Formatting_Ent2NCR" file="/var/www/html/test/wordpress_test/inpsyde_test/test/wp-content/plugins/plugintestslughere/tests/unit/tests/formatting/ent2ncr.php" line="10" assertions="1" time="0.023071"/>
          <testcase name="test_converts_named_entities_to_numeric_character_references with data set #4" class="Tests_Formatting_Ent2NCR" classname="Tests_Formatting_Ent2NCR" file="/var/www/html/test/wordpress_test/inpsyde_test/test/wp-content/plugins/plugintestslughere/tests/unit/tests/formatting/ent2ncr.php" line="10" assertions="1" time="0.022783"/>
          <testcase name="test_converts_named_entities_to_numeric_character_references with data set #5" class="Tests_Formatting_Ent2NCR" classname="Tests_Formatting_Ent2NCR" file="/var/www/html/test/wordpress_test/inpsyde_test/test/wp-content/plugins/plugintestslughere/tests/unit/tests/formatting/ent2ncr.php" line="10" assertions="1" time="0.023325"/>
          <testcase name="test_converts_named_entities_to_numeric_character_references with data set #6" class="Tests_Formatting_Ent2NCR" classname="Tests_Formatting_Ent2NCR" file="/var/www/html/test/wordpress_test/inpsyde_test/test/wp-content/plugins/plugintestslughere/tests/unit/tests/formatting/ent2ncr.php" line="10" assertions="1" time="0.022426"/>
          <testcase name="test_converts_named_entities_to_numeric_character_references with data set #7" class="Tests_Formatting_Ent2NCR" classname="Tests_Formatting_Ent2NCR" file="/var/www/html/test/wordpress_test/inpsyde_test/test/wp-content/plugins/plugintestslughere/tests/unit/tests/formatting/ent2ncr.php" line="10" assertions="1" time="0.031368"/>
          <testcase name="test_converts_named_entities_to_numeric_character_references with data set #8" class="Tests_Formatting_Ent2NCR" classname="Tests_Formatting_Ent2NCR" file="/var/www/html/test/wordpress_test/inpsyde_test/test/wp-content/plugins/plugintestslughere/tests/unit/tests/formatting/ent2ncr.php" line="10" assertions="1" time="0.029653"/>
          <testcase name="test_converts_named_entities_to_numeric_character_references with data set #9" class="Tests_Formatting_Ent2NCR" classname="Tests_Formatting_Ent2NCR" file="/var/www/html/test/wordpress_test/inpsyde_test/test/wp-content/plugins/plugintestslughere/tests/unit/tests/formatting/ent2ncr.php" line="10" assertions="1" time="0.027110"/>
          <testcase name="test_converts_named_entities_to_numeric_character_references with data set #10" class="Tests_Formatting_Ent2NCR" classname="Tests_Formatting_Ent2NCR" file="/var/www/html/test/wordpress_test/inpsyde_test/test/wp-content/plugins/plugintestslughere/tests/unit/tests/formatting/ent2ncr.php" line="10" assertions="1" time="0.025829"/>
          <testcase name="test_converts_named_entities_to_numeric_character_references with data set #11" class="Tests_Formatting_Ent2NCR" classname="Tests_Formatting_Ent2NCR" file="/var/www/html/test/wordpress_test/inpsyde_test/test/wp-content/plugins/plugintestslughere/tests/unit/tests/formatting/ent2ncr.php" line="10" assertions="1" time="0.032730"/>
          <testcase name="test_converts_named_entities_to_numeric_character_references with data set #12" class="Tests_Formatting_Ent2NCR" classname="Tests_Formatting_Ent2NCR" file="/var/www/html/test/wordpress_test/inpsyde_test/test/wp-content/plugins/plugintestslughere/tests/unit/tests/formatting/ent2ncr.php" line="10" assertions="1" time="0.037359"/>
          <testcase name="test_converts_named_entities_to_numeric_character_references with data set #13" class="Tests_Formatting_Ent2NCR" classname="Tests_Formatting_Ent2NCR" file="/var/www/html/test/wordpress_test/inpsyde_test/test/wp-content/plugins/plugintestslughere/tests/unit/tests/formatting/ent2ncr.php" line="10" assertions="1" time="0.031810"/>
          <testcase name="test_converts_named_entities_to_numeric_character_references with data set #14" class="Tests_Formatting_Ent2NCR" classname="Tests_Formatting_Ent2NCR" file="/var/www/html/test/wordpress_test/inpsyde_test/test/wp-content/plugins/plugintestslughere/tests/unit/tests/formatting/ent2ncr.php" line="10" assertions="1" time="0.027879"/>
          <testcase name="test_converts_named_entities_to_numeric_character_references with data set #15" class="Tests_Formatting_Ent2NCR" classname="Tests_Formatting_Ent2NCR" file="/var/www/html/test/wordpress_test/inpsyde_test/test/wp-content/plugins/plugintestslughere/tests/unit/tests/formatting/ent2ncr.php" line="10" assertions="1" time="0.025100"/>
          <testcase name="test_converts_named_entities_to_numeric_character_references with data set #16" class="Tests_Formatting_Ent2NCR" classname="Tests_Formatting_Ent2NCR" file="/var/www/html/test/wordpress_test/inpsyde_test/test/wp-content/plugins/plugintestslughere/tests/unit/tests/formatting/ent2ncr.php" line="10" assertions="1" time="0.025081"/>
          <testcase name="test_converts_named_entities_to_numeric_character_references with data set #17" class="Tests_Formatting_Ent2NCR" classname="Tests_Formatting_Ent2NCR" file="/var/www/html/test/wordpress_test/inpsyde_test/test/wp-content/plugins/plugintestslughere/tests/unit/tests/formatting/ent2ncr.php" line="10" assertions="1" time="0.023559"/>
          <testcase name="test_converts_named_entities_to_numeric_character_references with data set #18" class="Tests_Formatting_Ent2NCR" classname="Tests_Formatting_Ent2NCR" file="/var/www/html/test/wordpress_test/inpsyde_test/test/wp-content/plugins/plugintestslughere/tests/unit/tests/formatting/ent2ncr.php" line="10" assertions="1" time="0.022845"/>
          <testcase name="test_converts_named_entities_to_numeric_character_references with data set #19" class="Tests_Formatting_Ent2NCR" classname="Tests_Formatting_Ent2NCR" file="/var/www/html/test/wordpress_test/inpsyde_test/test/wp-content/plugins/plugintestslughere/tests/unit/tests/formatting/ent2ncr.php" line="10" assertions="1" time="0.021330"/>
          <testcase name="test_converts_named_entities_to_numeric_character_references with data set #20" class="Tests_Formatting_Ent2NCR" classname="Tests_Formatting_Ent2NCR" file="/var/www/html/test/wordpress_test/inpsyde_test/test/wp-content/plugins/plugintestslughere/tests/unit/tests/formatting/ent2ncr.php" line="10" assertions="1" time="0.021974"/>
          <testcase name="test_converts_named_entities_to_numeric_character_references with data set #21" class="Tests_Formatting_Ent2NCR" classname="Tests_Formatting_Ent2NCR" file="/var/www/html/test/wordpress_test/inpsyde_test/test/wp-content/plugins/plugintestslughere/tests/unit/tests/formatting/ent2ncr.php" line="10" assertions="1" time="0.022235"/>
          <testcase name="test_converts_named_entities_to_numeric_character_references with data set #22" class="Tests_Formatting_Ent2NCR" classname="Tests_Formatting_Ent2NCR" file="/var/www/html/test/wordpress_test/inpsyde_test/test/wp-content/plugins/plugintestslughere/tests/unit/tests/formatting/ent2ncr.php" line="10" assertions="1" time="0.022562"/>
          <testcase name="test_converts_named_entities_to_numeric_character_references with data set #23" class="Tests_Formatting_Ent2NCR" classname="Tests_Formatting_Ent2NCR" file="/var/www/html/test/wordpress_test/inpsyde_test/test/wp-content/plugins/plugintestslughere/tests/unit/tests/formatting/ent2ncr.php" line="10" assertions="1" time="0.021304"/>
          <testcase name="test_converts_named_entities_to_numeric_character_references with data set #24" class="Tests_Formatting_Ent2NCR" classname="Tests_Formatting_Ent2NCR" file="/var/www/html/test/wordpress_test/inpsyde_test/test/wp-content/plugins/plugintestslughere/tests/unit/tests/formatting/ent2ncr.php" line="10" assertions="1" time="0.021644"/>
          <testcase name="test_converts_named_entities_to_numeric_character_references with data set #25" class="Tests_Formatting_Ent2NCR" classname="Tests_Formatting_Ent2NCR" file="/var/www/html/test/wordpress_test/inpsyde_test/test/wp-content/plugins/plugintestslughere/tests/unit/tests/formatting/ent2ncr.php" line="10" assertions="1" time="0.022573"/>
          <testcase name="test_converts_named_entities_to_numeric_character_references with data set #26" class="Tests_Formatting_Ent2NCR" classname="Tests_Formatting_Ent2NCR" file="/var/www/html/test/wordpress_test/inpsyde_test/test/wp-content/plugins/plugintestslughere/tests/unit/tests/formatting/ent2ncr.php" line="10" assertions="1" time="0.022074"/>
          <testcase name="test_converts_named_entities_to_numeric_character_references with data set #27" class="Tests_Formatting_Ent2NCR" classname="Tests_Formatting_Ent2NCR" file="/var/www/html/test/wordpress_test/inpsyde_test/test/wp-content/plugins/plugintestslughere/tests/unit/tests/formatting/ent2ncr.php" line="10" assertions="1" time="0.021055"/>
          <testcase name="test_converts_named_entities_to_numeric_character_references with data set #28" class="Tests_Formatting_Ent2NCR" classname="Tests_Formatting_Ent2NCR" file="/var/www/html/test/wordpress_test/inpsyde_test/test/wp-content/plugins/plugintestslughere/tests/unit/tests/formatting/ent2ncr.php" line="10" assertions="1" time="0.020824"/>
          <testcase name="test_converts_named_entities_to_numeric_character_references with data set #29" class="Tests_Formatting_Ent2NCR" classname="Tests_Formatting_Ent2NCR" file="/var/www/html/test/wordpress_test/inpsyde_test/test/wp-content/plugins/plugintestslughere/tests/unit/tests/formatting/ent2ncr.php" line="10" assertions="1" time="0.021771"/>
          <testcase name="test_converts_named_entities_to_numeric_character_references with data set #30" class="Tests_Formatting_Ent2NCR" classname="Tests_Formatting_Ent2NCR" file="/var/www/html/test/wordpress_test/inpsyde_test/test/wp-content/plugins/plugintestslughere/tests/unit/tests/formatting/ent2ncr.php" line="10" assertions="1" time="0.020895"/>
          <testcase name="test_converts_named_entities_to_numeric_character_references with data set #31" class="Tests_Formatting_Ent2NCR" classname="Tests_Formatting_Ent2NCR" file="/var/www/html/test/wordpress_test/inpsyde_test/test/wp-content/plugins/plugintestslughere/tests/unit/tests/formatting/ent2ncr.php" line="10" assertions="1" time="0.039862"/>
          <testcase name="test_converts_named_entities_to_numeric_character_references with data set #32" class="Tests_Formatting_Ent2NCR" classname="Tests_Formatting_Ent2NCR" file="/var/www/html/test/wordpress_test/inpsyde_test/test/wp-content/plugins/plugintestslughere/tests/unit/tests/formatting/ent2ncr.php" line="10" assertions="1" time="0.035590"/>
          <testcase name="test_converts_named_entities_to_numeric_character_references with data set #33" class="Tests_Formatting_Ent2NCR" classname="Tests_Formatting_Ent2NCR" file="/var/www/html/test/wordpress_test/inpsyde_test/test/wp-content/plugins/plugintestslughere/tests/unit/tests/formatting/ent2ncr.php" line="10" assertions="1" time="0.032291"/>
          <testcase name="test_converts_named_entities_to_numeric_character_references with data set #34" class="Tests_Formatting_Ent2NCR" classname="Tests_Formatting_Ent2NCR" file="/var/www/html/test/wordpress_test/inpsyde_test/test/wp-content/plugins/plugintestslughere/tests/unit/tests/formatting/ent2ncr.php" line="10" assertions="1" time="0.037353"/>
          <testcase name="test_converts_named_entities_to_numeric_character_references with data set #35" class="Tests_Formatting_Ent2NCR" classname="Tests_Formatting_Ent2NCR" file="/var/www/html/test/wordpress_test/inpsyde_test/test/wp-content/plugins/plugintestslughere/tests/unit/tests/formatting/ent2ncr.php" line="10" assertions="1" time="0.032071"/>
          <testcase name="test_converts_named_entities_to_numeric_character_references with data set #36" class="Tests_Formatting_Ent2NCR" classname="Tests_Formatting_Ent2NCR" file="/var/www/html/test/wordpress_test/inpsyde_test/test/wp-content/plugins/plugintestslughere/tests/unit/tests/formatting/ent2ncr.php" line="10" assertions="1" time="0.030953"/>
          <testcase name="test_converts_named_entities_to_numeric_character_references with data set #37" class="Tests_Formatting_Ent2NCR" classname="Tests_Formatting_Ent2NCR" file="/var/www/html/test/wordpress_test/inpsyde_test/test/wp-content/plugins/plugintestslughere/tests/unit/tests/formatting/ent2ncr.php" line="10" assertions="1" time="0.024467"/>
          <testcase name="test_converts_named_entities_to_numeric_character_references with data set #38" class="Tests_Formatting_Ent2NCR" classname="Tests_Formatting_Ent2NCR" file="/var/www/html/test/wordpress_test/inpsyde_test/test/wp-content/plugins/plugintestslughere/tests/unit/tests/formatting/ent2ncr.php" line="10" assertions="1" time="0.022706"/>
          <testcase name="test_converts_named_entities_to_numeric_character_references with data set #39" class="Tests_Formatting_Ent2NCR" classname="Tests_Formatting_Ent2NCR" file="/var/www/html/test/wordpress_test/inpsyde_test/test/wp-content/plugins/plugintestslughere/tests/unit/tests/formatting/ent2ncr.php" line="10" assertions="1" time="0.022786"/>
          <testcase name="test_converts_named_entities_to_numeric_character_references with data set #40" class="Tests_Formatting_Ent2NCR" classname="Tests_Formatting_Ent2NCR" file="/var/www/html/test/wordpress_test/inpsyde_test/test/wp-content/plugins/plugintestslughere/tests/unit/tests/formatting/ent2ncr.php" line="10" assertions="1" time="0.027686"/>
          <testcase name="test_converts_named_entities_to_numeric_character_references with data set #41" class="Tests_Formatting_Ent2NCR" classname="Tests_Formatting_Ent2NCR" file="/var/www/html/test/wordpress_test/inpsyde_test/test/wp-content/plugins/plugintestslughere/tests/unit/tests/formatting/ent2ncr.php" line="10" assertions="1" time="0.027937"/>
          <testcase name="test_converts_named_entities_to_numeric_character_references with data set #42" class="Tests_Formatting_Ent2NCR" classname="Tests_Formatting_Ent2NCR" file="/var/www/html/test/wordpress_test/inpsyde_test/test/wp-content/plugins/plugintestslughere/tests/unit/tests/formatting/ent2ncr.php" line="10" assertions="1" time="0.025536"/>
          <testcase name="test_converts_named_entities_to_numeric_character_references with data set #43" class="Tests_Formatting_Ent2NCR" classname="Tests_Formatting_Ent2NCR" file="/var/www/html/test/wordpress_test/inpsyde_test/test/wp-content/plugins/plugintestslughere/tests/unit/tests/formatting/ent2ncr.php" line="10" assertions="1" time="0.023591"/>
          <testcase name="test_converts_named_entities_to_numeric_character_references with data set #44" class="Tests_Formatting_Ent2NCR" classname="Tests_Formatting_Ent2NCR" file="/var/www/html/test/wordpress_test/inpsyde_test/test/wp-content/plugins/plugintestslughere/tests/unit/tests/formatting/ent2ncr.php" line="10" assertions="1" time="0.023313"/>
          <testcase name="test_converts_named_entities_to_numeric_character_references with data set #45" class="Tests_Formatting_Ent2NCR" classname="Tests_Formatting_Ent2NCR" file="/var/www/html/test/wordpress_test/inpsyde_test/test/wp-content/plugins/plugintestslughere/tests/unit/tests/formatting/ent2ncr.php" line="10" assertions="1" time="0.023119"/>
          <testcase name="test_converts_named_entities_to_numeric_character_references with data set #46" class="Tests_Formatting_Ent2NCR" classname="Tests_Formatting_Ent2NCR" file="/var/www/html/test/wordpress_test/inpsyde_test/test/wp-content/plugins/plugintestslughere/tests/unit/tests/formatting/ent2ncr.php" line="10" assertions="1" time="0.023344"/>
          <testcase name="test_converts_named_entities_to_numeric_character_references with data set #47" class="Tests_Formatting_Ent2NCR" classname="Tests_Formatting_Ent2NCR" file="/var/www/html/test/wordpress_test/inpsyde_test/test/wp-content/plugins/plugintestslughere/tests/unit/tests/formatting/ent2ncr.php" line="10" assertions="1" time="0.021474"/>
          <testcase name="test_converts_named_entities_to_numeric_character_references with data set #48" class="Tests_Formatting_Ent2NCR" classname="Tests_Formatting_Ent2NCR" file="/var/www/html/test/wordpress_test/inpsyde_test/test/wp-content/plugins/plugintestslughere/tests/unit/tests/formatting/ent2ncr.php" line="10" assertions="1" time="0.023387"/>
          <testcase name="test_converts_named_entities_to_numeric_character_references with data set #49" class="Tests_Formatting_Ent2NCR" classname="Tests_Formatting_Ent2NCR" file="/var/www/html/test/wordpress_test/inpsyde_test/test/wp-content/plugins/plugintestslughere/tests/unit/tests/formatting/ent2ncr.php" line="10" assertions="1" time="0.031198"/>
          <testcase name="test_converts_named_entities_to_numeric_character_references with data set #50" class="Tests_Formatting_Ent2NCR" classname="Tests_Formatting_Ent2NCR" file="/var/www/html/test/wordpress_test/inpsyde_test/test/wp-content/plugins/plugintestslughere/tests/unit/tests/formatting/ent2ncr.php" line="10" assertions="1" time="0.034693"/>
          <testcase name="test_converts_named_entities_to_numeric_character_references with data set #51" class="Tests_Formatting_Ent2NCR" classname="Tests_Formatting_Ent2NCR" file="/var/www/html/test/wordpress_test/inpsyde_test/test/wp-content/plugins/plugintestslughere/tests/unit/tests/formatting/ent2ncr.php" line="10" assertions="1" time="0.026590"/>
          <testcase name="test_converts_named_entities_to_numeric_character_references with data set #52" class="Tests_Formatting_Ent2NCR" classname="Tests_Formatting_Ent2NCR" file="/var/www/html/test/wordpress_test/inpsyde_test/test/wp-content/plugins/plugintestslughere/tests/unit/tests/formatting/ent2ncr.php" line="10" assertions="1" time="0.025192"/>
          <testcase name="test_converts_named_entities_to_numeric_character_references with data set #53" class="Tests_Formatting_Ent2NCR" classname="Tests_Formatting_Ent2NCR" file="/var/www/html/test/wordpress_test/inpsyde_test/test/wp-content/plugins/plugintestslughere/tests/unit/tests/formatting/ent2ncr.php" line="10" assertions="1" time="0.025843"/>
          <testcase name="test_converts_named_entities_to_numeric_character_references with data set #54" class="Tests_Formatting_Ent2NCR" classname="Tests_Formatting_Ent2NCR" file="/var/www/html/test/wordpress_test/inpsyde_test/test/wp-content/plugins/plugintestslughere/tests/unit/tests/formatting/ent2ncr.php" line="10" assertions="1" time="0.021904"/>
          <testcase name="test_converts_named_entities_to_numeric_character_references with data set #55" class="Tests_Formatting_Ent2NCR" classname="Tests_Formatting_Ent2NCR" file="/var/www/html/test/wordpress_test/inpsyde_test/test/wp-content/plugins/plugintestslughere/tests/unit/tests/formatting/ent2ncr.php" line="10" assertions="1" time="0.021371"/>
          <testcase name="test_converts_named_entities_to_numeric_character_references with data set #56" class="Tests_Formatting_Ent2NCR" classname="Tests_Formatting_Ent2NCR" file="/var/www/html/test/wordpress_test/inpsyde_test/test/wp-content/plugins/plugintestslughere/tests/unit/tests/formatting/ent2ncr.php" line="10" assertions="1" time="0.022282"/>
          <testcase name="test_converts_named_entities_to_numeric_character_references with data set #57" class="Tests_Formatting_Ent2NCR" classname="Tests_Formatting_Ent2NCR" file="/var/www/html/test/wordpress_test/inpsyde_test/test/wp-content/plugins/plugintestslughere/tests/unit/tests/formatting/ent2ncr.php" line="10" assertions="1" time="0.022477"/>
          <testcase name="test_converts_named_entities_to_numeric_character_references with data set #58" class="Tests_Formatting_Ent2NCR" classname="Tests_Formatting_Ent2NCR" file="/var/www/html/test/wordpress_test/inpsyde_test/test/wp-content/plugins/plugintestslughere/tests/unit/tests/formatting/ent2ncr.php" line="10" assertions="1" time="0.021752"/>
          <testcase name="test_converts_named_entities_to_numeric_character_references with data set #59" class="Tests_Formatting_Ent2NCR" classname="Tests_Formatting_Ent2NCR" file="/var/www/html/test/wordpress_test/inpsyde_test/test/wp-content/plugins/plugintestslughere/tests/unit/tests/formatting/ent2ncr.php" line="10" assertions="1" time="0.021881"/>
          <testcase name="test_converts_named_entities_to_numeric_character_references with data set #60" class="Tests_Formatting_Ent2NCR" classname="Tests_Formatting_Ent2NCR" file="/var/www/html/test/wordpress_test/inpsyde_test/test/wp-content/plugins/plugintestslughere/tests/unit/tests/formatting/ent2ncr.php" line="10" assertions="1" time="0.022108"/>
          <testcase name="test_converts_named_entities_to_numeric_character_references with data set #61" class="Tests_Formatting_Ent2NCR" classname="Tests_Formatting_Ent2NCR" file="/var/www/html/test/wordpress_test/inpsyde_test/test/wp-content/plugins/plugintestslughere/tests/unit/tests/formatting/ent2ncr.php" line="10" assertions="1" time="0.022099"/>
          <testcase name="test_converts_named_entities_to_numeric_character_references with data set #62" class="Tests_Formatting_Ent2NCR" classname="Tests_Formatting_Ent2NCR" file="/var/www/html/test/wordpress_test/inpsyde_test/test/wp-content/plugins/plugintestslughere/tests/unit/tests/formatting/ent2ncr.php" line="10" assertions="1" time="0.020706"/>
          <testcase name="test_converts_named_entities_to_numeric_character_references with data set #63" class="Tests_Formatting_Ent2NCR" classname="Tests_Formatting_Ent2NCR" file="/var/www/html/test/wordpress_test/inpsyde_test/test/wp-content/plugins/plugintestslughere/tests/unit/tests/formatting/ent2ncr.php" line="10" assertions="1" time="0.021429"/>
          <testcase name="test_converts_named_entities_to_numeric_character_references with data set #64" class="Tests_Formatting_Ent2NCR" classname="Tests_Formatting_Ent2NCR" file="/var/www/html/test/wordpress_test/inpsyde_test/test/wp-content/plugins/plugintestslughere/tests/unit/tests/formatting/ent2ncr.php" line="10" assertions="1" time="0.021445"/>
          <testcase name="test_converts_named_entities_to_numeric_character_references with data set #65" class="Tests_Formatting_Ent2NCR" classname="Tests_Formatting_Ent2NCR" file="/var/www/html/test/wordpress_test/inpsyde_test/test/wp-content/plugins/plugintestslughere/tests/unit/tests/formatting/ent2ncr.php" line="10" assertions="1" time="0.021845"/>
          <testcase name="test_converts_named_entities_to_numeric_character_references with data set #66" class="Tests_Formatting_Ent2NCR" classname="Tests_Formatting_Ent2NCR" file="/var/www/html/test/wordpress_test/inpsyde_test/test/wp-content/plugins/plugintestslughere/tests/unit/tests/formatting/ent2ncr.php" line="10" assertions="1" time="0.020807"/>
          <testcase name="test_converts_named_entities_to_numeric_character_references with data set #67" class="Tests_Formatting_Ent2NCR" classname="Tests_Formatting_Ent2NCR" file="/var/www/html/test/wordpress_test/inpsyde_test/test/wp-content/plugins/plugintestslughere/tests/unit/tests/formatting/ent2ncr.php" line="10" assertions="1" time="0.022404"/>
          <testcase name="test_converts_named_entities_to_numeric_character_references with data set #68" class="Tests_Formatting_Ent2NCR" classname="Tests_Formatting_Ent2NCR" file="/var/www/html/test/wordpress_test/inpsyde_test/test/wp-content/plugins/plugintestslughere/tests/unit/tests/formatting/ent2ncr.php" line="10" assertions="1" time="0.023232"/>
          <testcase name="test_converts_named_entities_to_numeric_character_references with data set #69" class="Tests_Formatting_Ent2NCR" classname="Tests_Formatting_Ent2NCR" file="/var/www/html/test/wordpress_test/inpsyde_test/test/wp-content/plugins/plugintestslughere/tests/unit/tests/formatting/ent2ncr.php" line="10" assertions="1" time="0.021633"/>
          <testcase name="test_converts_named_entities_to_numeric_character_references with data set #70" class="Tests_Formatting_Ent2NCR" classname="Tests_Formatting_Ent2NCR" file="/var/www/html/test/wordpress_test/inpsyde_test/test/wp-content/plugins/plugintestslughere/tests/unit/tests/formatting/ent2ncr.php" line="10" assertions="1" time="0.021685"/>
          <testcase name="test_converts_named_entities_to_numeric_character_references with data set #71" class="Tests_Formatting_Ent2NCR" classname="Tests_Formatting_Ent2NCR" file="/var/www/html/test/wordpress_test/inpsyde_test/test/wp-content/plugins/plugintestslughere/tests/unit/tests/formatting/ent2ncr.php" line="10" assertions="1" time="0.022932"/>
          <testcase name="test_converts_named_entities_to_numeric_character_references with data set #72" class="Tests_Formatting_Ent2NCR" classname="Tests_Formatting_Ent2NCR" file="/var/www/html/test/wordpress_test/inpsyde_test/test/wp-content/plugins/plugintestslughere/tests/unit/tests/formatting/ent2ncr.php" line="10" assertions="1" time="0.021954"/>
          <testcase name="test_converts_named_entities_to_numeric_character_references with data set #73" class="Tests_Formatting_Ent2NCR" classname="Tests_Formatting_Ent2NCR" file="/var/www/html/test/wordpress_test/inpsyde_test/test/wp-content/plugins/plugintestslughere/tests/unit/tests/formatting/ent2ncr.php" line="10" assertions="1" time="0.020882"/>
          <testcase name="test_converts_named_entities_to_numeric_character_references with data set #74" class="Tests_Formatting_Ent2NCR" classname="Tests_Formatting_Ent2NCR" file="/var/www/html/test/wordpress_test/inpsyde_test/test/wp-content/plugins/plugintestslughere/tests/unit/tests/formatting/ent2ncr.php" line="10" assertions="1" time="0.022499"/>
          <testcase name="test_converts_named_entities_to_numeric_character_references with data set #75" class="Tests_Formatting_Ent2NCR" classname="Tests_Formatting_Ent2NCR" file="/var/www/html/test/wordpress_test/inpsyde_test/test/wp-content/plugins/plugintestslughere/tests/unit/tests/formatting/ent2ncr.php" line="10" assertions="1" time="0.035583"/>
          <testcase name="test_converts_named_entities_to_numeric_character_references with data set #76" class="Tests_Formatting_Ent2NCR" classname="Tests_Formatting_Ent2NCR" file="/var/www/html/test/wordpress_test/inpsyde_test/test/wp-content/plugins/plugintestslughere/tests/unit/tests/formatting/ent2ncr.php" line="10" assertions="1" time="0.028976"/>
          <testcase name="test_converts_named_entities_to_numeric_character_references with data set #77" class="Tests_Formatting_Ent2NCR" classname="Tests_Formatting_Ent2NCR" file="/var/www/html/test/wordpress_test/inpsyde_test/test/wp-content/plugins/plugintestslughere/tests/unit/tests/formatting/ent2ncr.php" line="10" assertions="1" time="0.026111"/>
          <testcase name="test_converts_named_entities_to_numeric_character_references with data set #78" class="Tests_Formatting_Ent2NCR" classname="Tests_Formatting_Ent2NCR" file="/var/www/html/test/wordpress_test/inpsyde_test/test/wp-content/plugins/plugintestslughere/tests/unit/tests/formatting/ent2ncr.php" line="10" assertions="1" time="0.023884"/>
          <testcase name="test_converts_named_entities_to_numeric_character_references with data set #79" class="Tests_Formatting_Ent2NCR" classname="Tests_Formatting_Ent2NCR" file="/var/www/html/test/wordpress_test/inpsyde_test/test/wp-content/plugins/plugintestslughere/tests/unit/tests/formatting/ent2ncr.php" line="10" assertions="1" time="0.022608"/>
          <testcase name="test_converts_named_entities_to_numeric_character_references with data set #80" class="Tests_Formatting_Ent2NCR" classname="Tests_Formatting_Ent2NCR" file="/var/www/html/test/wordpress_test/inpsyde_test/test/wp-content/plugins/plugintestslughere/tests/unit/tests/formatting/ent2ncr.php" line="10" assertions="1" time="0.020755"/>
          <testcase name="test_converts_named_entities_to_numeric_character_references with data set #81" class="Tests_Formatting_Ent2NCR" classname="Tests_Formatting_Ent2NCR" file="/var/www/html/test/wordpress_test/inpsyde_test/test/wp-content/plugins/plugintestslughere/tests/unit/tests/formatting/ent2ncr.php" line="10" assertions="1" time="0.023052"/>
          <testcase name="test_converts_named_entities_to_numeric_character_references with data set #82" class="Tests_Formatting_Ent2NCR" classname="Tests_Formatting_Ent2NCR" file="/var/www/html/test/wordpress_test/inpsyde_test/test/wp-content/plugins/plugintestslughere/tests/unit/tests/formatting/ent2ncr.php" line="10" assertions="1" time="0.026515"/>
          <testcase name="test_converts_named_entities_to_numeric_character_references with data set #83" class="Tests_Formatting_Ent2NCR" classname="Tests_Formatting_Ent2NCR" file="/var/www/html/test/wordpress_test/inpsyde_test/test/wp-content/plugins/plugintestslughere/tests/unit/tests/formatting/ent2ncr.php" line="10" assertions="1" time="0.031124"/>
          <testcase name="test_converts_named_entities_to_numeric_character_references with data set #84" class="Tests_Formatting_Ent2NCR" classname="Tests_Formatting_Ent2NCR" file="/var/www/html/test/wordpress_test/inpsyde_test/test/wp-content/plugins/plugintestslughere/tests/unit/tests/formatting/ent2ncr.php" line="10" assertions="1" time="0.027039"/>
          <testcase name="test_converts_named_entities_to_numeric_character_references with data set #85" class="Tests_Formatting_Ent2NCR" classname="Tests_Formatting_Ent2NCR" file="/var/www/html/test/wordpress_test/inpsyde_test/test/wp-content/plugins/plugintestslughere/tests/unit/tests/formatting/ent2ncr.php" line="10" assertions="1" time="0.025399"/>
          <testcase name="test_converts_named_entities_to_numeric_character_references with data set #86" class="Tests_Formatting_Ent2NCR" classname="Tests_Formatting_Ent2NCR" file="/var/www/html/test/wordpress_test/inpsyde_test/test/wp-content/plugins/plugintestslughere/tests/unit/tests/formatting/ent2ncr.php" line="10" assertions="1" time="0.025718"/>
          <testcase name="test_converts_named_entities_to_numeric_character_references with data set #87" class="Tests_Formatting_Ent2NCR" classname="Tests_Formatting_Ent2NCR" file="/var/www/html/test/wordpress_test/inpsyde_test/test/wp-content/plugins/plugintestslughere/tests/unit/tests/formatting/ent2ncr.php" line="10" assertions="1" time="0.025382"/>
          <testcase name="test_converts_named_entities_to_numeric_character_references with data set #88" class="Tests_Formatting_Ent2NCR" classname="Tests_Formatting_Ent2NCR" file="/var/www/html/test/wordpress_test/inpsyde_test/test/wp-content/plugins/plugintestslughere/tests/unit/tests/formatting/ent2ncr.php" line="10" assertions="1" time="0.025512"/>
          <testcase name="test_converts_named_entities_to_numeric_character_references with data set #89" class="Tests_Formatting_Ent2NCR" classname="Tests_Formatting_Ent2NCR" file="/var/www/html/test/wordpress_test/inpsyde_test/test/wp-content/plugins/plugintestslughere/tests/unit/tests/formatting/ent2ncr.php" line="10" assertions="1" time="0.024929"/>
          <testcase name="test_converts_named_entities_to_numeric_character_references with data set #90" class="Tests_Formatting_Ent2NCR" classname="Tests_Formatting_Ent2NCR" file="/var/www/html/test/wordpress_test/inpsyde_test/test/wp-content/plugins/plugintestslughere/tests/unit/tests/formatting/ent2ncr.php" line="10" assertions="1" time="0.024300"/>
          <testcase name="test_converts_named_entities_to_numeric_character_references with data set #91" class="Tests_Formatting_Ent2NCR" classname="Tests_Formatting_Ent2NCR" file="/var/www/html/test/wordpress_test/inpsyde_test/test/wp-content/plugins/plugintestslughere/tests/unit/tests/formatting/ent2ncr.php" line="10" assertions="1" time="0.028276"/>
          <testcase name="test_converts_named_entities_to_numeric_character_references with data set #92" class="Tests_Formatting_Ent2NCR" classname="Tests_Formatting_Ent2NCR" file="/var/www/html/test/wordpress_test/inpsyde_test/test/wp-content/plugins/plugintestslughere/tests/unit/tests/formatting/ent2ncr.php" line="10" assertions="1" time="0.022812"/>
          <testcase name="test_converts_named_entities_to_numeric_character_references with data set #93" class="Tests_Formatting_Ent2NCR" classname="Tests_Formatting_Ent2NCR" file="/var/www/html/test/wordpress_test/inpsyde_test/test/wp-content/plugins/plugintestslughere/tests/unit/tests/formatting/ent2ncr.php" line="10" assertions="1" time="0.021590"/>
          <testcase name="test_converts_named_entities_to_numeric_character_references with data set #94" class="Tests_Formatting_Ent2NCR" classname="Tests_Formatting_Ent2NCR" file="/var/www/html/test/wordpress_test/inpsyde_test/test/wp-content/plugins/plugintestslughere/tests/unit/tests/formatting/ent2ncr.php" line="10" assertions="1" time="0.023354"/>
          <testcase name="test_converts_named_entities_to_numeric_character_references with data set #95" class="Tests_Formatting_Ent2NCR" classname="Tests_Formatting_Ent2NCR" file="/var/www/html/test/wordpress_test/inpsyde_test/test/wp-content/plugins/plugintestslughere/tests/unit/tests/formatting/ent2ncr.php" line="10" assertions="1" time="0.021589"/>
          <testcase name="test_converts_named_entities_to_numeric_character_references with data set #96" class="Tests_Formatting_Ent2NCR" classname="Tests_Formatting_Ent2NCR" file="/var/www/html/test/wordpress_test/inpsyde_test/test/wp-content/plugins/plugintestslughere/tests/unit/tests/formatting/ent2ncr.php" line="10" assertions="1" time="0.023633"/>
          <testcase name="test_converts_named_entities_to_numeric_character_references with data set #97" class="Tests_Formatting_Ent2NCR" classname="Tests_Formatting_Ent2NCR" file="/var/www/html/test/wordpress_test/inpsyde_test/test/wp-content/plugins/plugintestslughere/tests/unit/tests/formatting/ent2ncr.php" line="10" assertions="1" time="0.023598"/>
          <testcase name="test_converts_named_entities_to_numeric_character_references with data set #98" class="Tests_Formatting_Ent2NCR" classname="Tests_Formatting_Ent2NCR" file="/var/www/html/test/wordpress_test/inpsyde_test/test/wp-content/plugins/plugintestslughere/tests/unit/tests/formatting/ent2ncr.php" line="10" assertions="1" time="0.024465"/>
          <testcase name="test_converts_named_entities_to_numeric_character_references with data set #99" class="Tests_Formatting_Ent2NCR" classname="Tests_Formatting_Ent2NCR" file="/var/www/html/test/wordpress_test/inpsyde_test/test/wp-content/plugins/plugintestslughere/tests/unit/tests/formatting/ent2ncr.php" line="10" assertions="1" time="0.030253"/>
          <testcase name="test_converts_named_entities_to_numeric_character_references with data set #100" class="Tests_Formatting_Ent2NCR" classname="Tests_Formatting_Ent2NCR" file="/var/www/html/test/wordpress_test/inpsyde_test/test/wp-content/plugins/plugintestslughere/tests/unit/tests/formatting/ent2ncr.php" line="10" assertions="1" time="0.025228"/>
          <testcase name="test_converts_named_entities_to_numeric_character_references with data set #101" class="Tests_Formatting_Ent2NCR" classname="Tests_Formatting_Ent2NCR" file="/var/www/html/test/wordpress_test/inpsyde_test/test/wp-content/plugins/plugintestslughere/tests/unit/tests/formatting/ent2ncr.php" line="10" assertions="1" time="0.022917"/>
          <testcase name="test_converts_named_entities_to_numeric_character_references with data set #102" class="Tests_Formatting_Ent2NCR" classname="Tests_Formatting_Ent2NCR" file="/var/www/html/test/wordpress_test/inpsyde_test/test/wp-content/plugins/plugintestslughere/tests/unit/tests/formatting/ent2ncr.php" line="10" assertions="1" time="0.025638"/>
          <testcase name="test_converts_named_entities_to_numeric_character_references with data set #103" class="Tests_Formatting_Ent2NCR" classname="Tests_Formatting_Ent2NCR" file="/var/www/html/test/wordpress_test/inpsyde_test/test/wp-content/plugins/plugintestslughere/tests/unit/tests/formatting/ent2ncr.php" line="10" assertions="1" time="0.024364"/>
          <testcase name="test_converts_named_entities_to_numeric_character_references with data set #104" class="Tests_Formatting_Ent2NCR" classname="Tests_Formatting_Ent2NCR" file="/var/www/html/test/wordpress_test/inpsyde_test/test/wp-content/plugins/plugintestslughere/tests/unit/tests/formatting/ent2ncr.php" line="10" assertions="1" time="0.024515"/>
          <testcase name="test_converts_named_entities_to_numeric_character_references with data set #105" class="Tests_Formatting_Ent2NCR" classname="Tests_Formatting_Ent2NCR" file="/var/www/html/test/wordpress_test/inpsyde_test/test/wp-content/plugins/plugintestslughere/tests/unit/tests/formatting/ent2ncr.php" line="10" assertions="1" time="0.022301"/>
          <testcase name="test_converts_named_entities_to_numeric_character_references with data set #106" class="Tests_Formatting_Ent2NCR" classname="Tests_Formatting_Ent2NCR" file="/var/www/html/test/wordpress_test/inpsyde_test/test/wp-content/plugins/plugintestslughere/tests/unit/tests/formatting/ent2ncr.php" line="10" assertions="1" time="0.022828"/>
          <testcase name="test_converts_named_entities_to_numeric_character_references with data set #107" class="Tests_Formatting_Ent2NCR" classname="Tests_Formatting_Ent2NCR" file="/var/www/html/test/wordpress_test/inpsyde_test/test/wp-content/plugins/plugintestslughere/tests/unit/tests/formatting/ent2ncr.php" line="10" assertions="1" time="0.022844"/>
          <testcase name="test_converts_named_entities_to_numeric_character_references with data set #108" class="Tests_Formatting_Ent2NCR" classname="Tests_Formatting_Ent2NCR" file="/var/www/html/test/wordpress_test/inpsyde_test/test/wp-content/plugins/plugintestslughere/tests/unit/tests/formatting/ent2ncr.php" line="10" assertions="1" time="0.020358"/>
          <testcase name="test_converts_named_entities_to_numeric_character_references with data set #109" class="Tests_Formatting_Ent2NCR" classname="Tests_Formatting_Ent2NCR" file="/var/www/html/test/wordpress_test/inpsyde_test/test/wp-content/plugins/plugintestslughere/tests/unit/tests/formatting/ent2ncr.php" line="10" assertions="1" time="0.023844"/>
          <testcase name="test_converts_named_entities_to_numeric_character_references with data set #110" class="Tests_Formatting_Ent2NCR" classname="Tests_Formatting_Ent2NCR" file="/var/www/html/test/wordpress_test/inpsyde_test/test/wp-content/plugins/plugintestslughere/tests/unit/tests/formatting/ent2ncr.php" line="10" assertions="1" time="0.022244"/>
          <testcase name="test_converts_named_entities_to_numeric_character_references with data set #111" class="Tests_Formatting_Ent2NCR" classname="Tests_Formatting_Ent2NCR" file="/var/www/html/test/wordpress_test/inpsyde_test/test/wp-content/plugins/plugintestslughere/tests/unit/tests/formatting/ent2ncr.php" line="10" assertions="1" time="0.023048"/>
          <testcase name="test_converts_named_entities_to_numeric_character_references with data set #112" class="Tests_Formatting_Ent2NCR" classname="Tests_Formatting_Ent2NCR" file="/var/www/html/test/wordpress_test/inpsyde_test/test/wp-content/plugins/plugintestslughere/tests/unit/tests/formatting/ent2ncr.php" line="10" assertions="1" time="0.021910"/>
          <testcase name="test_converts_named_entities_to_numeric_character_references with data set #113" class="Tests_Formatting_Ent2NCR" classname="Tests_Formatting_Ent2NCR" file="/var/www/html/test/wordpress_test/inpsyde_test/test/wp-content/plugins/plugintestslughere/tests/unit/tests/formatting/ent2ncr.php" line="10" assertions="1" time="0.023910"/>
          <testcase name="test_converts_named_entities_to_numeric_character_references with data set #114" class="Tests_Formatting_Ent2NCR" classname="Tests_Formatting_Ent2NCR" file="/var/www/html/test/wordpress_test/inpsyde_test/test/wp-content/plugins/plugintestslughere/tests/unit/tests/formatting/ent2ncr.php" line="10" assertions="1" time="0.021922"/>
          <testcase name="test_converts_named_entities_to_numeric_character_references with data set #115" class="Tests_Formatting_Ent2NCR" classname="Tests_Formatting_Ent2NCR" file="/var/www/html/test/wordpress_test/inpsyde_test/test/wp-content/plugins/plugintestslughere/tests/unit/tests/formatting/ent2ncr.php" line="10" assertions="1" time="0.026374"/>
          <testcase name="test_converts_named_entities_to_numeric_character_references with data set #116" class="Tests_Formatting_Ent2NCR" classname="Tests_Formatting_Ent2NCR" file="/var/www/html/test/wordpress_test/inpsyde_test/test/wp-content/plugins/plugintestslughere/tests/unit/tests/formatting/ent2ncr.php" line="10" assertions="1" time="0.029374"/>
          <testcase name="test_converts_named_entities_to_numeric_character_references with data set #117" class="Tests_Formatting_Ent2NCR" classname="Tests_Formatting_Ent2NCR" file="/var/www/html/test/wordpress_test/inpsyde_test/test/wp-content/plugins/plugintestslughere/tests/unit/tests/formatting/ent2ncr.php" line="10" assertions="1" time="0.025761"/>
          <testcase name="test_converts_named_entities_to_numeric_character_references with data set #118" class="Tests_Formatting_Ent2NCR" classname="Tests_Formatting_Ent2NCR" file="/var/www/html/test/wordpress_test/inpsyde_test/test/wp-content/plugins/plugintestslughere/tests/unit/tests/formatting/ent2ncr.php" line="10" assertions="1" time="0.025814"/>
          <testcase name="test_converts_named_entities_to_numeric_character_references with data set #119" class="Tests_Formatting_Ent2NCR" classname="Tests_Formatting_Ent2NCR" file="/var/www/html/test/wordpress_test/inpsyde_test/test/wp-content/plugins/plugintestslughere/tests/unit/tests/formatting/ent2ncr.php" line="10" assertions="1" time="0.028446"/>
          <testcase name="test_converts_named_entities_to_numeric_character_references with data set #120" class="Tests_Formatting_Ent2NCR" classname="Tests_Formatting_Ent2NCR" file="/var/www/html/test/wordpress_test/inpsyde_test/test/wp-content/plugins/plugintestslughere/tests/unit/tests/formatting/ent2ncr.php" line="10" assertions="1" time="0.023963"/>
          <testcase name="test_converts_named_entities_to_numeric_character_references with data set #121" class="Tests_Formatting_Ent2NCR" classname="Tests_Formatting_Ent2NCR" file="/var/www/html/test/wordpress_test/inpsyde_test/test/wp-content/plugins/plugintestslughere/tests/unit/tests/formatting/ent2ncr.php" line="10" assertions="1" time="0.027147"/>
          <testcase name="test_converts_named_entities_to_numeric_character_references with data set #122" class="Tests_Formatting_Ent2NCR" classname="Tests_Formatting_Ent2NCR" file="/var/www/html/test/wordpress_test/inpsyde_test/test/wp-content/plugins/plugintestslughere/tests/unit/tests/formatting/ent2ncr.php" line="10" assertions="1" time="0.024150"/>
          <testcase name="test_converts_named_entities_to_numeric_character_references with data set #123" class="Tests_Formatting_Ent2NCR" classname="Tests_Formatting_Ent2NCR" file="/var/www/html/test/wordpress_test/inpsyde_test/test/wp-content/plugins/plugintestslughere/tests/unit/tests/formatting/ent2ncr.php" line="10" assertions="1" time="0.031169"/>
          <testcase name="test_converts_named_entities_to_numeric_character_references with data set #124" class="Tests_Formatting_Ent2NCR" classname="Tests_Formatting_Ent2NCR" file="/var/www/html/test/wordpress_test/inpsyde_test/test/wp-content/plugins/plugintestslughere/tests/unit/tests/formatting/ent2ncr.php" line="10" assertions="1" time="0.029228"/>
          <testcase name="test_converts_named_entities_to_numeric_character_references with data set #125" class="Tests_Formatting_Ent2NCR" classname="Tests_Formatting_Ent2NCR" file="/var/www/html/test/wordpress_test/inpsyde_test/test/wp-content/plugins/plugintestslughere/tests/unit/tests/formatting/ent2ncr.php" line="10" assertions="1" time="0.028002"/>
          <testcase name="test_converts_named_entities_to_numeric_character_references with data set #126" class="Tests_Formatting_Ent2NCR" classname="Tests_Formatting_Ent2NCR" file="/var/www/html/test/wordpress_test/inpsyde_test/test/wp-content/plugins/plugintestslughere/tests/unit/tests/formatting/ent2ncr.php" line="10" assertions="1" time="0.028101"/>
          <testcase name="test_converts_named_entities_to_numeric_character_references with data set #127" class="Tests_Formatting_Ent2NCR" classname="Tests_Formatting_Ent2NCR" file="/var/www/html/test/wordpress_test/inpsyde_test/test/wp-content/plugins/plugintestslughere/tests/unit/tests/formatting/ent2ncr.php" line="10" assertions="1" time="0.027068"/>
          <testcase name="test_converts_named_entities_to_numeric_character_references with data set #128" class="Tests_Formatting_Ent2NCR" classname="Tests_Formatting_Ent2NCR" file="/var/www/html/test/wordpress_test/inpsyde_test/test/wp-content/plugins/plugintestslughere/tests/unit/tests/formatting/ent2ncr.php" line="10" assertions="1" time="0.021947"/>
          <testcase name="test_converts_named_entities_to_numeric_character_references with data set #129" class="Tests_Formatting_Ent2NCR" classname="Tests_Formatting_Ent2NCR" file="/var/www/html/test/wordpress_test/inpsyde_test/test/wp-content/plugins/plugintestslughere/tests/unit/tests/formatting/ent2ncr.php" line="10" assertions="1" time="0.034846"/>
          <testcase name="test_converts_named_entities_to_numeric_character_references with data set #130" class="Tests_Formatting_Ent2NCR" classname="Tests_Formatting_Ent2NCR" file="/var/www/html/test/wordpress_test/inpsyde_test/test/wp-content/plugins/plugintestslughere/tests/unit/tests/formatting/ent2ncr.php" line="10" assertions="1" time="0.024272"/>
          <testcase name="test_converts_named_entities_to_numeric_character_references with data set #131" class="Tests_Formatting_Ent2NCR" classname="Tests_Formatting_Ent2NCR" file="/var/www/html/test/wordpress_test/inpsyde_test/test/wp-content/plugins/plugintestslughere/tests/unit/tests/formatting/ent2ncr.php" line="10" assertions="1" time="0.026443"/>
          <testcase name="test_converts_named_entities_to_numeric_character_references with data set #132" class="Tests_Formatting_Ent2NCR" classname="Tests_Formatting_Ent2NCR" file="/var/www/html/test/wordpress_test/inpsyde_test/test/wp-content/plugins/plugintestslughere/tests/unit/tests/formatting/ent2ncr.php" line="10" assertions="1" time="0.024106"/>
          <testcase name="test_converts_named_entities_to_numeric_character_references with data set #133" class="Tests_Formatting_Ent2NCR" classname="Tests_Formatting_Ent2NCR" file="/var/www/html/test/wordpress_test/inpsyde_test/test/wp-content/plugins/plugintestslughere/tests/unit/tests/formatting/ent2ncr.php" line="10" assertions="1" time="0.022434"/>
          <testcase name="test_converts_named_entities_to_numeric_character_references with data set #134" class="Tests_Formatting_Ent2NCR" classname="Tests_Formatting_Ent2NCR" file="/var/www/html/test/wordpress_test/inpsyde_test/test/wp-content/plugins/plugintestslughere/tests/unit/tests/formatting/ent2ncr.php" line="10" assertions="1" time="0.023544"/>
          <testcase name="test_converts_named_entities_to_numeric_character_references with data set #135" class="Tests_Formatting_Ent2NCR" classname="Tests_Formatting_Ent2NCR" file="/var/www/html/test/wordpress_test/inpsyde_test/test/wp-content/plugins/plugintestslughere/tests/unit/tests/formatting/ent2ncr.php" line="10" assertions="1" time="0.023214"/>
          <testcase name="test_converts_named_entities_to_numeric_character_references with data set #136" class="Tests_Formatting_Ent2NCR" classname="Tests_Formatting_Ent2NCR" file="/var/www/html/test/wordpress_test/inpsyde_test/test/wp-content/plugins/plugintestslughere/tests/unit/tests/formatting/ent2ncr.php" line="10" assertions="1" time="0.023642"/>
          <testcase name="test_converts_named_entities_to_numeric_character_references with data set #137" class="Tests_Formatting_Ent2NCR" classname="Tests_Formatting_Ent2NCR" file="/var/www/html/test/wordpress_test/inpsyde_test/test/wp-content/plugins/plugintestslughere/tests/unit/tests/formatting/ent2ncr.php" line="10" assertions="1" time="0.025867"/>
          <testcase name="test_converts_named_entities_to_numeric_character_references with data set #138" class="Tests_Formatting_Ent2NCR" classname="Tests_Formatting_Ent2NCR" file="/var/www/html/test/wordpress_test/inpsyde_test/test/wp-content/plugins/plugintestslughere/tests/unit/tests/formatting/ent2ncr.php" line="10" assertions="1" time="0.030289"/>
          <testcase name="test_converts_named_entities_to_numeric_character_references with data set #139" class="Tests_Formatting_Ent2NCR" classname="Tests_Formatting_Ent2NCR" file="/var/www/html/test/wordpress_test/inpsyde_test/test/wp-content/plugins/plugintestslughere/tests/unit/tests/formatting/ent2ncr.php" line="10" assertions="1" time="0.031089"/>
          <testcase name="test_converts_named_entities_to_numeric_character_references with data set #140" class="Tests_Formatting_Ent2NCR" classname="Tests_Formatting_Ent2NCR" file="/var/www/html/test/wordpress_test/inpsyde_test/test/wp-content/plugins/plugintestslughere/tests/unit/tests/formatting/ent2ncr.php" line="10" assertions="1" time="0.023895"/>
          <testcase name="test_converts_named_entities_to_numeric_character_references with data set #141" class="Tests_Formatting_Ent2NCR" classname="Tests_Formatting_Ent2NCR" file="/var/www/html/test/wordpress_test/inpsyde_test/test/wp-content/plugins/plugintestslughere/tests/unit/tests/formatting/ent2ncr.php" line="10" assertions="1" time="0.024010"/>
          <testcase name="test_converts_named_entities_to_numeric_character_references with data set #142" class="Tests_Formatting_Ent2NCR" classname="Tests_Formatting_Ent2NCR" file="/var/www/html/test/wordpress_test/inpsyde_test/test/wp-content/plugins/plugintestslughere/tests/unit/tests/formatting/ent2ncr.php" line="10" assertions="1" time="0.023565"/>
          <testcase name="test_converts_named_entities_to_numeric_character_references with data set #143" class="Tests_Formatting_Ent2NCR" classname="Tests_Formatting_Ent2NCR" file="/var/www/html/test/wordpress_test/inpsyde_test/test/wp-content/plugins/plugintestslughere/tests/unit/tests/formatting/ent2ncr.php" line="10" assertions="1" time="0.022620"/>
          <testcase name="test_converts_named_entities_to_numeric_character_references with data set #144" class="Tests_Formatting_Ent2NCR" classname="Tests_Formatting_Ent2NCR" file="/var/www/html/test/wordpress_test/inpsyde_test/test/wp-content/plugins/plugintestslughere/tests/unit/tests/formatting/ent2ncr.php" line="10" assertions="1" time="0.023109"/>
          <testcase name="test_converts_named_entities_to_numeric_character_references with data set #145" class="Tests_Formatting_Ent2NCR" classname="Tests_Formatting_Ent2NCR" file="/var/www/html/test/wordpress_test/inpsyde_test/test/wp-content/plugins/plugintestslughere/tests/unit/tests/formatting/ent2ncr.php" line="10" assertions="1" time="0.022824"/>
          <testcase name="test_converts_named_entities_to_numeric_character_references with data set #146" class="Tests_Formatting_Ent2NCR" classname="Tests_Formatting_Ent2NCR" file="/var/www/html/test/wordpress_test/inpsyde_test/test/wp-content/plugins/plugintestslughere/tests/unit/tests/formatting/ent2ncr.php" line="10" assertions="1" time="0.024230"/>
          <testcase name="test_converts_named_entities_to_numeric_character_references with data set #147" class="Tests_Formatting_Ent2NCR" classname="Tests_Formatting_Ent2NCR" file="/var/www/html/test/wordpress_test/inpsyde_test/test/wp-content/plugins/plugintestslughere/tests/unit/tests/formatting/ent2ncr.php" line="10" assertions="1" time="0.026109"/>
          <testcase name="test_converts_named_entities_to_numeric_character_references with data set #148" class="Tests_Formatting_Ent2NCR" classname="Tests_Formatting_Ent2NCR" file="/var/www/html/test/wordpress_test/inpsyde_test/test/wp-content/plugins/plugintestslughere/tests/unit/tests/formatting/ent2ncr.php" line="10" assertions="1" time="0.031703"/>
          <testcase name="test_converts_named_entities_to_numeric_character_references with data set #149" class="Tests_Formatting_Ent2NCR" classname="Tests_Formatting_Ent2NCR" file="/var/www/html/test/wordpress_test/inpsyde_test/test/wp-content/plugins/plugintestslughere/tests/unit/tests/formatting/ent2ncr.php" line="10" assertions="1" time="0.025097"/>
          <testcase name="test_converts_named_entities_to_numeric_character_references with data set #150" class="Tests_Formatting_Ent2NCR" classname="Tests_Formatting_Ent2NCR" file="/var/www/html/test/wordpress_test/inpsyde_test/test/wp-content/plugins/plugintestslughere/tests/unit/tests/formatting/ent2ncr.php" line="10" assertions="1" time="0.022311"/>
          <testcase name="test_converts_named_entities_to_numeric_character_references with data set #151" class="Tests_Formatting_Ent2NCR" classname="Tests_Formatting_Ent2NCR" file="/var/www/html/test/wordpress_test/inpsyde_test/test/wp-content/plugins/plugintestslughere/tests/unit/tests/formatting/ent2ncr.php" line="10" assertions="1" time="0.022642"/>
          <testcase name="test_converts_named_entities_to_numeric_character_references with data set #152" class="Tests_Formatting_Ent2NCR" classname="Tests_Formatting_Ent2NCR" file="/var/www/html/test/wordpress_test/inpsyde_test/test/wp-content/plugins/plugintestslughere/tests/unit/tests/formatting/ent2ncr.php" line="10" assertions="1" time="0.023962"/>
          <testcase name="test_converts_named_entities_to_numeric_character_references with data set #153" class="Tests_Formatting_Ent2NCR" classname="Tests_Formatting_Ent2NCR" file="/var/www/html/test/wordpress_test/inpsyde_test/test/wp-content/plugins/plugintestslughere/tests/unit/tests/formatting/ent2ncr.php" line="10" assertions="1" time="0.022142"/>
          <testcase name="test_converts_named_entities_to_numeric_character_references with data set #154" class="Tests_Formatting_Ent2NCR" classname="Tests_Formatting_Ent2NCR" file="/var/www/html/test/wordpress_test/inpsyde_test/test/wp-content/plugins/plugintestslughere/tests/unit/tests/formatting/ent2ncr.php" line="10" assertions="1" time="0.022880"/>
          <testcase name="test_converts_named_entities_to_numeric_character_references with data set #155" class="Tests_Formatting_Ent2NCR" classname="Tests_Formatting_Ent2NCR" file="/var/www/html/test/wordpress_test/inpsyde_test/test/wp-content/plugins/plugintestslughere/tests/unit/tests/formatting/ent2ncr.php" line="10" assertions="1" time="0.021370"/>
          <testcase name="test_converts_named_entities_to_numeric_character_references with data set #156" class="Tests_Formatting_Ent2NCR" classname="Tests_Formatting_Ent2NCR" file="/var/www/html/test/wordpress_test/inpsyde_test/test/wp-content/plugins/plugintestslughere/tests/unit/tests/formatting/ent2ncr.php" line="10" assertions="1" time="0.022307"/>
          <testcase name="test_converts_named_entities_to_numeric_character_references with data set #157" class="Tests_Formatting_Ent2NCR" classname="Tests_Formatting_Ent2NCR" file="/var/www/html/test/wordpress_test/inpsyde_test/test/wp-content/plugins/plugintestslughere/tests/unit/tests/formatting/ent2ncr.php" line="10" assertions="1" time="0.035097"/>
          <testcase name="test_converts_named_entities_to_numeric_character_references with data set #158" class="Tests_Formatting_Ent2NCR" classname="Tests_Formatting_Ent2NCR" file="/var/www/html/test/wordpress_test/inpsyde_test/test/wp-content/plugins/plugintestslughere/tests/unit/tests/formatting/ent2ncr.php" line="10" assertions="1" time="0.028483"/>
          <testcase name="test_converts_named_entities_to_numeric_character_references with data set #159" class="Tests_Formatting_Ent2NCR" classname="Tests_Formatting_Ent2NCR" file="/var/www/html/test/wordpress_test/inpsyde_test/test/wp-content/plugins/plugintestslughere/tests/unit/tests/formatting/ent2ncr.php" line="10" assertions="1" time="0.030658"/>
          <testcase name="test_converts_named_entities_to_numeric_character_references with data set #160" class="Tests_Formatting_Ent2NCR" classname="Tests_Formatting_Ent2NCR" file="/var/www/html/test/wordpress_test/inpsyde_test/test/wp-content/plugins/plugintestslughere/tests/unit/tests/formatting/ent2ncr.php" line="10" assertions="1" time="0.031730"/>
          <testcase name="test_converts_named_entities_to_numeric_character_references with data set #161" class="Tests_Formatting_Ent2NCR" classname="Tests_Formatting_Ent2NCR" file="/var/www/html/test/wordpress_test/inpsyde_test/test/wp-content/plugins/plugintestslughere/tests/unit/tests/formatting/ent2ncr.php" line="10" assertions="1" time="0.028207"/>
          <testcase name="test_converts_named_entities_to_numeric_character_references with data set #162" class="Tests_Formatting_Ent2NCR" classname="Tests_Formatting_Ent2NCR" file="/var/www/html/test/wordpress_test/inpsyde_test/test/wp-content/plugins/plugintestslughere/tests/unit/tests/formatting/ent2ncr.php" line="10" assertions="1" time="0.025040"/>
          <testcase name="test_converts_named_entities_to_numeric_character_references with data set #163" class="Tests_Formatting_Ent2NCR" classname="Tests_Formatting_Ent2NCR" file="/var/www/html/test/wordpress_test/inpsyde_test/test/wp-content/plugins/plugintestslughere/tests/unit/tests/formatting/ent2ncr.php" line="10" assertions="1" time="0.023612"/>
          <testcase name="test_converts_named_entities_to_numeric_character_references with data set #164" class="Tests_Formatting_Ent2NCR" classname="Tests_Formatting_Ent2NCR" file="/var/www/html/test/wordpress_test/inpsyde_test/test/wp-content/plugins/plugintestslughere/tests/unit/tests/formatting/ent2ncr.php" line="10" assertions="1" time="0.021944"/>
          <testcase name="test_converts_named_entities_to_numeric_character_references with data set #165" class="Tests_Formatting_Ent2NCR" classname="Tests_Formatting_Ent2NCR" file="/var/www/html/test/wordpress_test/inpsyde_test/test/wp-content/plugins/plugintestslughere/tests/unit/tests/formatting/ent2ncr.php" line="10" assertions="1" time="0.023227"/>
          <testcase name="test_converts_named_entities_to_numeric_character_references with data set #166" class="Tests_Formatting_Ent2NCR" classname="Tests_Formatting_Ent2NCR" file="/var/www/html/test/wordpress_test/inpsyde_test/test/wp-content/plugins/plugintestslughere/tests/unit/tests/formatting/ent2ncr.php" line="10" assertions="1" time="0.022592"/>
          <testcase name="test_converts_named_entities_to_numeric_character_references with data set #167" class="Tests_Formatting_Ent2NCR" classname="Tests_Formatting_Ent2NCR" file="/var/www/html/test/wordpress_test/inpsyde_test/test/wp-content/plugins/plugintestslughere/tests/unit/tests/formatting/ent2ncr.php" line="10" assertions="1" time="0.021880"/>
          <testcase name="test_converts_named_entities_to_numeric_character_references with data set #168" class="Tests_Formatting_Ent2NCR" classname="Tests_Formatting_Ent2NCR" file="/var/www/html/test/wordpress_test/inpsyde_test/test/wp-content/plugins/plugintestslughere/tests/unit/tests/formatting/ent2ncr.php" line="10" assertions="1" time="0.024765"/>
          <testcase name="test_converts_named_entities_to_numeric_character_references with data set #169" class="Tests_Formatting_Ent2NCR" classname="Tests_Formatting_Ent2NCR" file="/var/www/html/test/wordpress_test/inpsyde_test/test/wp-content/plugins/plugintestslughere/tests/unit/tests/formatting/ent2ncr.php" line="10" assertions="1" time="0.023063"/>
          <testcase name="test_converts_named_entities_to_numeric_character_references with data set #170" class="Tests_Formatting_Ent2NCR" classname="Tests_Formatting_Ent2NCR" file="/var/www/html/test/wordpress_test/inpsyde_test/test/wp-content/plugins/plugintestslughere/tests/unit/tests/formatting/ent2ncr.php" line="10" assertions="1" time="0.023128"/>
          <testcase name="test_converts_named_entities_to_numeric_character_references with data set #171" class="Tests_Formatting_Ent2NCR" classname="Tests_Formatting_Ent2NCR" file="/var/www/html/test/wordpress_test/inpsyde_test/test/wp-content/plugins/plugintestslughere/tests/unit/tests/formatting/ent2ncr.php" line="10" assertions="1" time="0.023338"/>
          <testcase name="test_converts_named_entities_to_numeric_character_references with data set #172" class="Tests_Formatting_Ent2NCR" classname="Tests_Formatting_Ent2NCR" file="/var/www/html/test/wordpress_test/inpsyde_test/test/wp-content/plugins/plugintestslughere/tests/unit/tests/formatting/ent2ncr.php" line="10" assertions="1" time="0.023757"/>
          <testcase name="test_converts_named_entities_to_numeric_character_references with data set #173" class="Tests_Formatting_Ent2NCR" classname="Tests_Formatting_Ent2NCR" file="/var/www/html/test/wordpress_test/inpsyde_test/test/wp-content/plugins/plugintestslughere/tests/unit/tests/formatting/ent2ncr.php" line="10" assertions="1" time="0.022335"/>
          <testcase name="test_converts_named_entities_to_numeric_character_references with data set #174" class="Tests_Formatting_Ent2NCR" classname="Tests_Formatting_Ent2NCR" file="/var/www/html/test/wordpress_test/inpsyde_test/test/wp-content/plugins/plugintestslughere/tests/unit/tests/formatting/ent2ncr.php" line="10" assertions="1" time="0.022797"/>
          <testcase name="test_converts_named_entities_to_numeric_character_references with data set #175" class="Tests_Formatting_Ent2NCR" classname="Tests_Formatting_Ent2NCR" file="/var/www/html/test/wordpress_test/inpsyde_test/test/wp-content/plugins/plugintestslughere/tests/unit/tests/formatting/ent2ncr.php" line="10" assertions="1" time="0.022707"/>
          <testcase name="test_converts_named_entities_to_numeric_character_references with data set #176" class="Tests_Formatting_Ent2NCR" classname="Tests_Formatting_Ent2NCR" file="/var/www/html/test/wordpress_test/inpsyde_test/test/wp-content/plugins/plugintestslughere/tests/unit/tests/formatting/ent2ncr.php" line="10" assertions="1" time="0.022074"/>
          <testcase name="test_converts_named_entities_to_numeric_character_references with data set #177" class="Tests_Formatting_Ent2NCR" classname="Tests_Formatting_Ent2NCR" file="/var/www/html/test/wordpress_test/inpsyde_test/test/wp-content/plugins/plugintestslughere/tests/unit/tests/formatting/ent2ncr.php" line="10" assertions="1" time="0.029295"/>
          <testcase name="test_converts_named_entities_to_numeric_character_references with data set #178" class="Tests_Formatting_Ent2NCR" classname="Tests_Formatting_Ent2NCR" file="/var/www/html/test/wordpress_test/inpsyde_test/test/wp-content/plugins/plugintestslughere/tests/unit/tests/formatting/ent2ncr.php" line="10" assertions="1" time="0.034420"/>
          <testcase name="test_converts_named_entities_to_numeric_character_references with data set #179" class="Tests_Formatting_Ent2NCR" classname="Tests_Formatting_Ent2NCR" file="/var/www/html/test/wordpress_test/inpsyde_test/test/wp-content/plugins/plugintestslughere/tests/unit/tests/formatting/ent2ncr.php" line="10" assertions="1" time="0.036176"/>
          <testcase name="test_converts_named_entities_to_numeric_character_references with data set #180" class="Tests_Formatting_Ent2NCR" classname="Tests_Formatting_Ent2NCR" file="/var/www/html/test/wordpress_test/inpsyde_test/test/wp-content/plugins/plugintestslughere/tests/unit/tests/formatting/ent2ncr.php" line="10" assertions="1" time="0.036799"/>
          <testcase name="test_converts_named_entities_to_numeric_character_references with data set #181" class="Tests_Formatting_Ent2NCR" classname="Tests_Formatting_Ent2NCR" file="/var/www/html/test/wordpress_test/inpsyde_test/test/wp-content/plugins/plugintestslughere/tests/unit/tests/formatting/ent2ncr.php" line="10" assertions="1" time="0.038298"/>
          <testcase name="test_converts_named_entities_to_numeric_character_references with data set #182" class="Tests_Formatting_Ent2NCR" classname="Tests_Formatting_Ent2NCR" file="/var/www/html/test/wordpress_test/inpsyde_test/test/wp-content/plugins/plugintestslughere/tests/unit/tests/formatting/ent2ncr.php" line="10" assertions="1" time="0.041761"/>
          <testcase name="test_converts_named_entities_to_numeric_character_references with data set #183" class="Tests_Formatting_Ent2NCR" classname="Tests_Formatting_Ent2NCR" file="/var/www/html/test/wordpress_test/inpsyde_test/test/wp-content/plugins/plugintestslughere/tests/unit/tests/formatting/ent2ncr.php" line="10" assertions="1" time="0.036482"/>
          <testcase name="test_converts_named_entities_to_numeric_character_references with data set #184" class="Tests_Formatting_Ent2NCR" classname="Tests_Formatting_Ent2NCR" file="/var/www/html/test/wordpress_test/inpsyde_test/test/wp-content/plugins/plugintestslughere/tests/unit/tests/formatting/ent2ncr.php" line="10" assertions="1" time="0.038639"/>
          <testcase name="test_converts_named_entities_to_numeric_character_references with data set #185" class="Tests_Formatting_Ent2NCR" classname="Tests_Formatting_Ent2NCR" file="/var/www/html/test/wordpress_test/inpsyde_test/test/wp-content/plugins/plugintestslughere/tests/unit/tests/formatting/ent2ncr.php" line="10" assertions="1" time="0.041025"/>
          <testcase name="test_converts_named_entities_to_numeric_character_references with data set #186" class="Tests_Formatting_Ent2NCR" classname="Tests_Formatting_Ent2NCR" file="/var/www/html/test/wordpress_test/inpsyde_test/test/wp-content/plugins/plugintestslughere/tests/unit/tests/formatting/ent2ncr.php" line="10" assertions="1" time="0.037278"/>
          <testcase name="test_converts_named_entities_to_numeric_character_references with data set #187" class="Tests_Formatting_Ent2NCR" classname="Tests_Formatting_Ent2NCR" file="/var/www/html/test/wordpress_test/inpsyde_test/test/wp-content/plugins/plugintestslughere/tests/unit/tests/formatting/ent2ncr.php" line="10" assertions="1" time="0.037083"/>
          <testcase name="test_converts_named_entities_to_numeric_character_references with data set #188" class="Tests_Formatting_Ent2NCR" classname="Tests_Formatting_Ent2NCR" file="/var/www/html/test/wordpress_test/inpsyde_test/test/wp-content/plugins/plugintestslughere/tests/unit/tests/formatting/ent2ncr.php" line="10" assertions="1" time="0.040172"/>
          <testcase name="test_converts_named_entities_to_numeric_character_references with data set #189" class="Tests_Formatting_Ent2NCR" classname="Tests_Formatting_Ent2NCR" file="/var/www/html/test/wordpress_test/inpsyde_test/test/wp-content/plugins/plugintestslughere/tests/unit/tests/formatting/ent2ncr.php" line="10" assertions="1" time="0.053997"/>
          <testcase name="test_converts_named_entities_to_numeric_character_references with data set #190" class="Tests_Formatting_Ent2NCR" classname="Tests_Formatting_Ent2NCR" file="/var/www/html/test/wordpress_test/inpsyde_test/test/wp-content/plugins/plugintestslughere/tests/unit/tests/formatting/ent2ncr.php" line="10" assertions="1" time="0.041504"/>
          <testcase name="test_converts_named_entities_to_numeric_character_references with data set #191" class="Tests_Formatting_Ent2NCR" classname="Tests_Formatting_Ent2NCR" file="/var/www/html/test/wordpress_test/inpsyde_test/test/wp-content/plugins/plugintestslughere/tests/unit/tests/formatting/ent2ncr.php" line="10" assertions="1" time="0.027568"/>
          <testcase name="test_converts_named_entities_to_numeric_character_references with data set #192" class="Tests_Formatting_Ent2NCR" classname="Tests_Formatting_Ent2NCR" file="/var/www/html/test/wordpress_test/inpsyde_test/test/wp-content/plugins/plugintestslughere/tests/unit/tests/formatting/ent2ncr.php" line="10" assertions="1" time="0.025881"/>
          <testcase name="test_converts_named_entities_to_numeric_character_references with data set #193" class="Tests_Formatting_Ent2NCR" classname="Tests_Formatting_Ent2NCR" file="/var/www/html/test/wordpress_test/inpsyde_test/test/wp-content/plugins/plugintestslughere/tests/unit/tests/formatting/ent2ncr.php" line="10" assertions="1" time="0.024306"/>
          <testcase name="test_converts_named_entities_to_numeric_character_references with data set #194" class="Tests_Formatting_Ent2NCR" classname="Tests_Formatting_Ent2NCR" file="/var/www/html/test/wordpress_test/inpsyde_test/test/wp-content/plugins/plugintestslughere/tests/unit/tests/formatting/ent2ncr.php" line="10" assertions="1" time="0.024111"/>
          <testcase name="test_converts_named_entities_to_numeric_character_references with data set #195" class="Tests_Formatting_Ent2NCR" classname="Tests_Formatting_Ent2NCR" file="/var/www/html/test/wordpress_test/inpsyde_test/test/wp-content/plugins/plugintestslughere/tests/unit/tests/formatting/ent2ncr.php" line="10" assertions="1" time="0.024125"/>
          <testcase name="test_converts_named_entities_to_numeric_character_references with data set #196" class="Tests_Formatting_Ent2NCR" classname="Tests_Formatting_Ent2NCR" file="/var/www/html/test/wordpress_test/inpsyde_test/test/wp-content/plugins/plugintestslughere/tests/unit/tests/formatting/ent2ncr.php" line="10" assertions="1" time="0.021341"/>
          <testcase name="test_converts_named_entities_to_numeric_character_references with data set #197" class="Tests_Formatting_Ent2NCR" classname="Tests_Formatting_Ent2NCR" file="/var/www/html/test/wordpress_test/inpsyde_test/test/wp-content/plugins/plugintestslughere/tests/unit/tests/formatting/ent2ncr.php" line="10" assertions="1" time="0.022463"/>
          <testcase name="test_converts_named_entities_to_numeric_character_references with data set #198" class="Tests_Formatting_Ent2NCR" classname="Tests_Formatting_Ent2NCR" file="/var/www/html/test/wordpress_test/inpsyde_test/test/wp-content/plugins/plugintestslughere/tests/unit/tests/formatting/ent2ncr.php" line="10" assertions="1" time="0.023846"/>
          <testcase name="test_converts_named_entities_to_numeric_character_references with data set #199" class="Tests_Formatting_Ent2NCR" classname="Tests_Formatting_Ent2NCR" file="/var/www/html/test/wordpress_test/inpsyde_test/test/wp-content/plugins/plugintestslughere/tests/unit/tests/formatting/ent2ncr.php" line="10" assertions="1" time="0.023875"/>
          <testcase name="test_converts_named_entities_to_numeric_character_references with data set #200" class="Tests_Formatting_Ent2NCR" classname="Tests_Formatting_Ent2NCR" file="/var/www/html/test/wordpress_test/inpsyde_test/test/wp-content/plugins/plugintestslughere/tests/unit/tests/formatting/ent2ncr.php" line="10" assertions="1" time="0.026250"/>
          <testcase name="test_converts_named_entities_to_numeric_character_references with data set #201" class="Tests_Formatting_Ent2NCR" classname="Tests_Formatting_Ent2NCR" file="/var/www/html/test/wordpress_test/inpsyde_test/test/wp-content/plugins/plugintestslughere/tests/unit/tests/formatting/ent2ncr.php" line="10" assertions="1" time="0.023761"/>
          <testcase name="test_converts_named_entities_to_numeric_character_references with data set #202" class="Tests_Formatting_Ent2NCR" classname="Tests_Formatting_Ent2NCR" file="/var/www/html/test/wordpress_test/inpsyde_test/test/wp-content/plugins/plugintestslughere/tests/unit/tests/formatting/ent2ncr.php" line="10" assertions="1" time="0.025052"/>
          <testcase name="test_converts_named_entities_to_numeric_character_references with data set #203" class="Tests_Formatting_Ent2NCR" classname="Tests_Formatting_Ent2NCR" file="/var/www/html/test/wordpress_test/inpsyde_test/test/wp-content/plugins/plugintestslughere/tests/unit/tests/formatting/ent2ncr.php" line="10" assertions="1" time="0.029501"/>
          <testcase name="test_converts_named_entities_to_numeric_character_references with data set #204" class="Tests_Formatting_Ent2NCR" classname="Tests_Formatting_Ent2NCR" file="/var/www/html/test/wordpress_test/inpsyde_test/test/wp-content/plugins/plugintestslughere/tests/unit/tests/formatting/ent2ncr.php" line="10" assertions="1" time="0.025497"/>
          <testcase name="test_converts_named_entities_to_numeric_character_references with data set #205" class="Tests_Formatting_Ent2NCR" classname="Tests_Formatting_Ent2NCR" file="/var/www/html/test/wordpress_test/inpsyde_test/test/wp-content/plugins/plugintestslughere/tests/unit/tests/formatting/ent2ncr.php" line="10" assertions="1" time="0.026117"/>
          <testcase name="test_converts_named_entities_to_numeric_character_references with data set #206" class="Tests_Formatting_Ent2NCR" classname="Tests_Formatting_Ent2NCR" file="/var/www/html/test/wordpress_test/inpsyde_test/test/wp-content/plugins/plugintestslughere/tests/unit/tests/formatting/ent2ncr.php" line="10" assertions="1" time="0.026778"/>
          <testcase name="test_converts_named_entities_to_numeric_character_references with data set #207" class="Tests_Formatting_Ent2NCR" classname="Tests_Formatting_Ent2NCR" file="/var/www/html/test/wordpress_test/inpsyde_test/test/wp-content/plugins/plugintestslughere/tests/unit/tests/formatting/ent2ncr.php" line="10" assertions="1" time="0.028595"/>
          <testcase name="test_converts_named_entities_to_numeric_character_references with data set #208" class="Tests_Formatting_Ent2NCR" classname="Tests_Formatting_Ent2NCR" file="/var/www/html/test/wordpress_test/inpsyde_test/test/wp-content/plugins/plugintestslughere/tests/unit/tests/formatting/ent2ncr.php" line="10" assertions="1" time="0.021939"/>
          <testcase name="test_converts_named_entities_to_numeric_character_references with data set #209" class="Tests_Formatting_Ent2NCR" classname="Tests_Formatting_Ent2NCR" file="/var/www/html/test/wordpress_test/inpsyde_test/test/wp-content/plugins/plugintestslughere/tests/unit/tests/formatting/ent2ncr.php" line="10" assertions="1" time="0.025765"/>
          <testcase name="test_converts_named_entities_to_numeric_character_references with data set #210" class="Tests_Formatting_Ent2NCR" classname="Tests_Formatting_Ent2NCR" file="/var/www/html/test/wordpress_test/inpsyde_test/test/wp-content/plugins/plugintestslughere/tests/unit/tests/formatting/ent2ncr.php" line="10" assertions="1" time="0.024200"/>
          <testcase name="test_converts_named_entities_to_numeric_character_references with data set #211" class="Tests_Formatting_Ent2NCR" classname="Tests_Formatting_Ent2NCR" file="/var/www/html/test/wordpress_test/inpsyde_test/test/wp-content/plugins/plugintestslughere/tests/unit/tests/formatting/ent2ncr.php" line="10" assertions="1" time="0.026392"/>
          <testcase name="test_converts_named_entities_to_numeric_character_references with data set #212" class="Tests_Formatting_Ent2NCR" classname="Tests_Formatting_Ent2NCR" file="/var/www/html/test/wordpress_test/inpsyde_test/test/wp-content/plugins/plugintestslughere/tests/unit/tests/formatting/ent2ncr.php" line="10" assertions="1" time="0.025138"/>
          <testcase name="test_converts_named_entities_to_numeric_character_references with data set #213" class="Tests_Formatting_Ent2NCR" classname="Tests_Formatting_Ent2NCR" file="/var/www/html/test/wordpress_test/inpsyde_test/test/wp-content/plugins/plugintestslughere/tests/unit/tests/formatting/ent2ncr.php" line="10" assertions="1" time="0.029282"/>
          <testcase name="test_converts_named_entities_to_numeric_character_references with data set #214" class="Tests_Formatting_Ent2NCR" classname="Tests_Formatting_Ent2NCR" file="/var/www/html/test/wordpress_test/inpsyde_test/test/wp-content/plugins/plugintestslughere/tests/unit/tests/formatting/ent2ncr.php" line="10" assertions="1" time="0.026872"/>
          <testcase name="test_converts_named_entities_to_numeric_character_references with data set #215" class="Tests_Formatting_Ent2NCR" classname="Tests_Formatting_Ent2NCR" file="/var/www/html/test/wordpress_test/inpsyde_test/test/wp-content/plugins/plugintestslughere/tests/unit/tests/formatting/ent2ncr.php" line="10" assertions="1" time="0.028550"/>
          <testcase name="test_converts_named_entities_to_numeric_character_references with data set #216" class="Tests_Formatting_Ent2NCR" classname="Tests_Formatting_Ent2NCR" file="/var/www/html/test/wordpress_test/inpsyde_test/test/wp-content/plugins/plugintestslughere/tests/unit/tests/formatting/ent2ncr.php" line="10" assertions="1" time="0.026908"/>
          <testcase name="test_converts_named_entities_to_numeric_character_references with data set #217" class="Tests_Formatting_Ent2NCR" classname="Tests_Formatting_Ent2NCR" file="/var/www/html/test/wordpress_test/inpsyde_test/test/wp-content/plugins/plugintestslughere/tests/unit/tests/formatting/ent2ncr.php" line="10" assertions="1" time="0.028990"/>
          <testcase name="test_converts_named_entities_to_numeric_character_references with data set #218" class="Tests_Formatting_Ent2NCR" classname="Tests_Formatting_Ent2NCR" file="/var/www/html/test/wordpress_test/inpsyde_test/test/wp-content/plugins/plugintestslughere/tests/unit/tests/formatting/ent2ncr.php" line="10" assertions="1" time="0.023816"/>
          <testcase name="test_converts_named_entities_to_numeric_character_references with data set #219" class="Tests_Formatting_Ent2NCR" classname="Tests_Formatting_Ent2NCR" file="/var/www/html/test/wordpress_test/inpsyde_test/test/wp-content/plugins/plugintestslughere/tests/unit/tests/formatting/ent2ncr.php" line="10" assertions="1" time="0.024673"/>
          <testcase name="test_converts_named_entities_to_numeric_character_references with data set #220" class="Tests_Formatting_Ent2NCR" classname="Tests_Formatting_Ent2NCR" file="/var/www/html/test/wordpress_test/inpsyde_test/test/wp-content/plugins/plugintestslughere/tests/unit/tests/formatting/ent2ncr.php" line="10" assertions="1" time="0.025437"/>
          <testcase name="test_converts_named_entities_to_numeric_character_references with data set #221" class="Tests_Formatting_Ent2NCR" classname="Tests_Formatting_Ent2NCR" file="/var/www/html/test/wordpress_test/inpsyde_test/test/wp-content/plugins/plugintestslughere/tests/unit/tests/formatting/ent2ncr.php" line="10" assertions="1" time="0.025195"/>
          <testcase name="test_converts_named_entities_to_numeric_character_references with data set #222" class="Tests_Formatting_Ent2NCR" classname="Tests_Formatting_Ent2NCR" file="/var/www/html/test/wordpress_test/inpsyde_test/test/wp-content/plugins/plugintestslughere/tests/unit/tests/formatting/ent2ncr.php" line="10" assertions="1" time="0.024689"/>
          <testcase name="test_converts_named_entities_to_numeric_character_references with data set #223" class="Tests_Formatting_Ent2NCR" classname="Tests_Formatting_Ent2NCR" file="/var/www/html/test/wordpress_test/inpsyde_test/test/wp-content/plugins/plugintestslughere/tests/unit/tests/formatting/ent2ncr.php" line="10" assertions="1" time="0.026770"/>
          <testcase name="test_converts_named_entities_to_numeric_character_references with data set #224" class="Tests_Formatting_Ent2NCR" classname="Tests_Formatting_Ent2NCR" file="/var/www/html/test/wordpress_test/inpsyde_test/test/wp-content/plugins/plugintestslughere/tests/unit/tests/formatting/ent2ncr.php" line="10" assertions="1" time="0.026153"/>
          <testcase name="test_converts_named_entities_to_numeric_character_references with data set #225" class="Tests_Formatting_Ent2NCR" classname="Tests_Formatting_Ent2NCR" file="/var/www/html/test/wordpress_test/inpsyde_test/test/wp-content/plugins/plugintestslughere/tests/unit/tests/formatting/ent2ncr.php" line="10" assertions="1" time="0.025771"/>
          <testcase name="test_converts_named_entities_to_numeric_character_references with data set #226" class="Tests_Formatting_Ent2NCR" classname="Tests_Formatting_Ent2NCR" file="/var/www/html/test/wordpress_test/inpsyde_test/test/wp-content/plugins/plugintestslughere/tests/unit/tests/formatting/ent2ncr.php" line="10" assertions="1" time="0.025335"/>
          <testcase name="test_converts_named_entities_to_numeric_character_references with data set #227" class="Tests_Formatting_Ent2NCR" classname="Tests_Formatting_Ent2NCR" file="/var/www/html/test/wordpress_test/inpsyde_test/test/wp-content/plugins/plugintestslughere/tests/unit/tests/formatting/ent2ncr.php" line="10" assertions="1" time="0.025588"/>
          <testcase name="test_converts_named_entities_to_numeric_character_references with data set #228" class="Tests_Formatting_Ent2NCR" classname="Tests_Formatting_Ent2NCR" file="/var/www/html/test/wordpress_test/inpsyde_test/test/wp-content/plugins/plugintestslughere/tests/unit/tests/formatting/ent2ncr.php" line="10" assertions="1" time="0.025191"/>
          <testcase name="test_converts_named_entities_to_numeric_character_references with data set #229" class="Tests_Formatting_Ent2NCR" classname="Tests_Formatting_Ent2NCR" file="/var/www/html/test/wordpress_test/inpsyde_test/test/wp-content/plugins/plugintestslughere/tests/unit/tests/formatting/ent2ncr.php" line="10" assertions="1" time="0.023905"/>
          <testcase name="test_converts_named_entities_to_numeric_character_references with data set #230" class="Tests_Formatting_Ent2NCR" classname="Tests_Formatting_Ent2NCR" file="/var/www/html/test/wordpress_test/inpsyde_test/test/wp-content/plugins/plugintestslughere/tests/unit/tests/formatting/ent2ncr.php" line="10" assertions="1" time="0.026272"/>
          <testcase name="test_converts_named_entities_to_numeric_character_references with data set #231" class="Tests_Formatting_Ent2NCR" classname="Tests_Formatting_Ent2NCR" file="/var/www/html/test/wordpress_test/inpsyde_test/test/wp-content/plugins/plugintestslughere/tests/unit/tests/formatting/ent2ncr.php" line="10" assertions="1" time="0.021946"/>
          <testcase name="test_converts_named_entities_to_numeric_character_references with data set #232" class="Tests_Formatting_Ent2NCR" classname="Tests_Formatting_Ent2NCR" file="/var/www/html/test/wordpress_test/inpsyde_test/test/wp-content/plugins/plugintestslughere/tests/unit/tests/formatting/ent2ncr.php" line="10" assertions="1" time="0.026207"/>
          <testcase name="test_converts_named_entities_to_numeric_character_references with data set #233" class="Tests_Formatting_Ent2NCR" classname="Tests_Formatting_Ent2NCR" file="/var/www/html/test/wordpress_test/inpsyde_test/test/wp-content/plugins/plugintestslughere/tests/unit/tests/formatting/ent2ncr.php" line="10" assertions="1" time="0.022864"/>
          <testcase name="test_converts_named_entities_to_numeric_character_references with data set #234" class="Tests_Formatting_Ent2NCR" classname="Tests_Formatting_Ent2NCR" file="/var/www/html/test/wordpress_test/inpsyde_test/test/wp-content/plugins/plugintestslughere/tests/unit/tests/formatting/ent2ncr.php" line="10" assertions="1" time="0.022884"/>
          <testcase name="test_converts_named_entities_to_numeric_character_references with data set #235" class="Tests_Formatting_Ent2NCR" classname="Tests_Formatting_Ent2NCR" file="/var/www/html/test/wordpress_test/inpsyde_test/test/wp-content/plugins/plugintestslughere/tests/unit/tests/formatting/ent2ncr.php" line="10" assertions="1" time="0.022332"/>
          <testcase name="test_converts_named_entities_to_numeric_character_references with data set #236" class="Tests_Formatting_Ent2NCR" classname="Tests_Formatting_Ent2NCR" file="/var/www/html/test/wordpress_test/inpsyde_test/test/wp-content/plugins/plugintestslughere/tests/unit/tests/formatting/ent2ncr.php" line="10" assertions="1" time="0.022871"/>
          <testcase name="test_converts_named_entities_to_numeric_character_references with data set #237" class="Tests_Formatting_Ent2NCR" classname="Tests_Formatting_Ent2NCR" file="/var/www/html/test/wordpress_test/inpsyde_test/test/wp-content/plugins/plugintestslughere/tests/unit/tests/formatting/ent2ncr.php" line="10" assertions="1" time="0.024277"/>
          <testcase name="test_converts_named_entities_to_numeric_character_references with data set #238" class="Tests_Formatting_Ent2NCR" classname="Tests_Formatting_Ent2NCR" file="/var/www/html/test/wordpress_test/inpsyde_test/test/wp-content/plugins/plugintestslughere/tests/unit/tests/formatting/ent2ncr.php" line="10" assertions="1" time="0.023191"/>
          <testcase name="test_converts_named_entities_to_numeric_character_references with data set #239" class="Tests_Formatting_Ent2NCR" classname="Tests_Formatting_Ent2NCR" file="/var/www/html/test/wordpress_test/inpsyde_test/test/wp-content/plugins/plugintestslughere/tests/unit/tests/formatting/ent2ncr.php" line="10" assertions="1" time="0.025436"/>
          <testcase name="test_converts_named_entities_to_numeric_character_references with data set #240" class="Tests_Formatting_Ent2NCR" classname="Tests_Formatting_Ent2NCR" file="/var/www/html/test/wordpress_test/inpsyde_test/test/wp-content/plugins/plugintestslughere/tests/unit/tests/formatting/ent2ncr.php" line="10" assertions="1" time="0.023257"/>
          <testcase name="test_converts_named_entities_to_numeric_character_references with data set #241" class="Tests_Formatting_Ent2NCR" classname="Tests_Formatting_Ent2NCR" file="/var/www/html/test/wordpress_test/inpsyde_test/test/wp-content/plugins/plugintestslughere/tests/unit/tests/formatting/ent2ncr.php" line="10" assertions="1" time="0.023760"/>
          <testcase name="test_converts_named_entities_to_numeric_character_references with data set #242" class="Tests_Formatting_Ent2NCR" classname="Tests_Formatting_Ent2NCR" file="/var/www/html/test/wordpress_test/inpsyde_test/test/wp-content/plugins/plugintestslughere/tests/unit/tests/formatting/ent2ncr.php" line="10" assertions="1" time="0.023911"/>
          <testcase name="test_converts_named_entities_to_numeric_character_references with data set #243" class="Tests_Formatting_Ent2NCR" classname="Tests_Formatting_Ent2NCR" file="/var/www/html/test/wordpress_test/inpsyde_test/test/wp-content/plugins/plugintestslughere/tests/unit/tests/formatting/ent2ncr.php" line="10" assertions="1" time="0.021780"/>
          <testcase name="test_converts_named_entities_to_numeric_character_references with data set #244" class="Tests_Formatting_Ent2NCR" classname="Tests_Formatting_Ent2NCR" file="/var/www/html/test/wordpress_test/inpsyde_test/test/wp-content/plugins/plugintestslughere/tests/unit/tests/formatting/ent2ncr.php" line="10" assertions="1" time="0.022548"/>
          <testcase name="test_converts_named_entities_to_numeric_character_references with data set #245" class="Tests_Formatting_Ent2NCR" classname="Tests_Formatting_Ent2NCR" file="/var/www/html/test/wordpress_test/inpsyde_test/test/wp-content/plugins/plugintestslughere/tests/unit/tests/formatting/ent2ncr.php" line="10" assertions="1" time="0.022566"/>
          <testcase name="test_converts_named_entities_to_numeric_character_references with data set #246" class="Tests_Formatting_Ent2NCR" classname="Tests_Formatting_Ent2NCR" file="/var/www/html/test/wordpress_test/inpsyde_test/test/wp-content/plugins/plugintestslughere/tests/unit/tests/formatting/ent2ncr.php" line="10" assertions="1" time="0.022143"/>
          <testcase name="test_converts_named_entities_to_numeric_character_references with data set #247" class="Tests_Formatting_Ent2NCR" classname="Tests_Formatting_Ent2NCR" file="/var/www/html/test/wordpress_test/inpsyde_test/test/wp-content/plugins/plugintestslughere/tests/unit/tests/formatting/ent2ncr.php" line="10" assertions="1" time="0.023100"/>
          <testcase name="test_converts_named_entities_to_numeric_character_references with data set #248" class="Tests_Formatting_Ent2NCR" classname="Tests_Formatting_Ent2NCR" file="/var/www/html/test/wordpress_test/inpsyde_test/test/wp-content/plugins/plugintestslughere/tests/unit/tests/formatting/ent2ncr.php" line="10" assertions="1" time="0.022638"/>
          <testcase name="test_converts_named_entities_to_numeric_character_references with data set #249" class="Tests_Formatting_Ent2NCR" classname="Tests_Formatting_Ent2NCR" file="/var/www/html/test/wordpress_test/inpsyde_test/test/wp-content/plugins/plugintestslughere/tests/unit/tests/formatting/ent2ncr.php" line="10" assertions="1" time="0.022220"/>
          <testcase name="test_converts_named_entities_to_numeric_character_references with data set #250" class="Tests_Formatting_Ent2NCR" classname="Tests_Formatting_Ent2NCR" file="/var/www/html/test/wordpress_test/inpsyde_test/test/wp-content/plugins/plugintestslughere/tests/unit/tests/formatting/ent2ncr.php" line="10" assertions="1" time="0.023613"/>
        </testsuite>
      </testsuite>
      <testsuite name="Test_WP_ISO_Descrambler" file="/var/www/html/test/wordpress_test/inpsyde_test/test/wp-content/plugins/plugintestslughere/tests/unit/tests/formatting/isoDescrambler.php" tests="1" assertions="1" errors="0" failures="0" skipped="0" time="0.028188">
        <testcase name="test_decodes_iso_8859_1_rfc2047_q_encoding" class="Test_WP_ISO_Descrambler" classname="Test_WP_ISO_Descrambler" file="/var/www/html/test/wordpress_test/inpsyde_test/test/wp-content/plugins/plugintestslughere/tests/unit/tests/formatting/isoDescrambler.php" line="11" assertions="1" time="0.028188"/>
      </testsuite>
      <testsuite name="Tests_Formatting_Redirect" file="/var/www/html/test/wordpress_test/inpsyde_test/test/wp-content/plugins/plugintestslughere/tests/unit/tests/formatting/redirect.php" tests="73" assertions="85" errors="0" failures="0" skipped="0" time="1.867287">
        <testsuite name="Tests_Formatting_Redirect::test_wp_redirect_bad_status_code" tests="5" assertions="5" errors="0" failures="0" skipped="0" time="0.114015">
          <testcase name="test_wp_redirect_bad_status_code with data set #0" class="Tests_Formatting_Redirect" classname="Tests_Formatting_Redirect" file="/var/www/html/test/wordpress_test/inpsyde_test/test/wp-content/plugins/plugintestslughere/tests/unit/tests/formatting/redirect.php" line="31" assertions="1" time="0.022252"/>
          <testcase name="test_wp_redirect_bad_status_code with data set #1" class="Tests_Formatting_Redirect" classname="Tests_Formatting_Redirect" file="/var/www/html/test/wordpress_test/inpsyde_test/test/wp-content/plugins/plugintestslughere/tests/unit/tests/formatting/redirect.php" line="31" assertions="1" time="0.023347"/>
          <testcase name="test_wp_redirect_bad_status_code with data set #2" class="Tests_Formatting_Redirect" classname="Tests_Formatting_Redirect" file="/var/www/html/test/wordpress_test/inpsyde_test/test/wp-content/plugins/plugintestslughere/tests/unit/tests/formatting/redirect.php" line="31" assertions="1" time="0.022691"/>
          <testcase name="test_wp_redirect_bad_status_code with data set #3" class="Tests_Formatting_Redirect" classname="Tests_Formatting_Redirect" file="/var/www/html/test/wordpress_test/inpsyde_test/test/wp-content/plugins/plugintestslughere/tests/unit/tests/formatting/redirect.php" line="31" assertions="1" time="0.023852"/>
          <testcase name="test_wp_redirect_bad_status_code with data set #4" class="Tests_Formatting_Redirect" classname="Tests_Formatting_Redirect" file="/var/www/html/test/wordpress_test/inpsyde_test/test/wp-content/plugins/plugintestslughere/tests/unit/tests/formatting/redirect.php" line="31" assertions="1" time="0.021873"/>
        </testsuite>
        <testcase name="test_wp_sanitize_redirect" class="Tests_Formatting_Redirect" classname="Tests_Formatting_Redirect" file="/var/www/html/test/wordpress_test/inpsyde_test/test/wp-content/plugins/plugintestslughere/tests/unit/tests/formatting/redirect.php" line="49" assertions="12" time="0.023511"/>
        <testcase name="test_wp_sanitize_redirect_should_encode_spaces" class="Tests_Formatting_Redirect" classname="Tests_Formatting_Redirect" file="/var/www/html/test/wordpress_test/inpsyde_test/test/wp-content/plugins/plugintestslughere/tests/unit/tests/formatting/redirect.php" line="68" assertions="2" time="0.023828"/>
        <testsuite name="Tests_Formatting_Redirect::test_wp_validate_redirect_valid_url" tests="11" assertions="11" errors="0" failures="0" skipped="0" time="0.260416">
          <testcase name="test_wp_validate_redirect_valid_url with data set #0" class="Tests_Formatting_Redirect" classname="Tests_Formatting_Redirect" file="/var/www/html/test/wordpress_test/inpsyde_test/test/wp-content/plugins/plugintestslughere/tests/unit/tests/formatting/redirect.php" line="76" assertions="1" time="0.024236"/>
          <testcase name="test_wp_validate_redirect_valid_url with data set #1" class="Tests_Formatting_Redirect" classname="Tests_Formatting_Redirect" file="/var/www/html/test/wordpress_test/inpsyde_test/test/wp-content/plugins/plugintestslughere/tests/unit/tests/formatting/redirect.php" line="76" assertions="1" time="0.023933"/>
          <testcase name="test_wp_validate_redirect_valid_url with data set #2" class="Tests_Formatting_Redirect" classname="Tests_Formatting_Redirect" file="/var/www/html/test/wordpress_test/inpsyde_test/test/wp-content/plugins/plugintestslughere/tests/unit/tests/formatting/redirect.php" line="76" assertions="1" time="0.023749"/>
          <testcase name="test_wp_validate_redirect_valid_url with data set #3" class="Tests_Formatting_Redirect" classname="Tests_Formatting_Redirect" file="/var/www/html/test/wordpress_test/inpsyde_test/test/wp-content/plugins/plugintestslughere/tests/unit/tests/formatting/redirect.php" line="76" assertions="1" time="0.025124"/>
          <testcase name="test_wp_validate_redirect_valid_url with data set #4" class="Tests_Formatting_Redirect" classname="Tests_Formatting_Redirect" file="/var/www/html/test/wordpress_test/inpsyde_test/test/wp-content/plugins/plugintestslughere/tests/unit/tests/formatting/redirect.php" line="76" assertions="1" time="0.021681"/>
          <testcase name="test_wp_validate_redirect_valid_url with data set #5" class="Tests_Formatting_Redirect" classname="Tests_Formatting_Redirect" file="/var/www/html/test/wordpress_test/inpsyde_test/test/wp-content/plugins/plugintestslughere/tests/unit/tests/formatting/redirect.php" line="76" assertions="1" time="0.024072"/>
          <testcase name="test_wp_validate_redirect_valid_url with data set #6" class="Tests_Formatting_Redirect" classname="Tests_Formatting_Redirect" file="/var/www/html/test/wordpress_test/inpsyde_test/test/wp-content/plugins/plugintestslughere/tests/unit/tests/formatting/redirect.php" line="76" assertions="1" time="0.022970"/>
          <testcase name="test_wp_validate_redirect_valid_url with data set #7" class="Tests_Formatting_Redirect" classname="Tests_Formatting_Redirect" file="/var/www/html/test/wordpress_test/inpsyde_test/test/wp-content/plugins/plugintestslughere/tests/unit/tests/formatting/redirect.php" line="76" assertions="1" time="0.023920"/>
          <testcase name="test_wp_validate_redirect_valid_url with data set #8" class="Tests_Formatting_Redirect" classname="Tests_Formatting_Redirect" file="/var/www/html/test/wordpress_test/inpsyde_test/test/wp-content/plugins/plugintestslughere/tests/unit/tests/formatting/redirect.php" line="76" assertions="1" time="0.023720"/>
          <testcase name="test_wp_validate_redirect_valid_url with data set #9" class="Tests_Formatting_Redirect" classname="Tests_Formatting_Redirect" file="/var/www/html/test/wordpress_test/inpsyde_test/test/wp-content/plugins/plugintestslughere/tests/unit/tests/formatting/redirect.php" line="76" assertions="1" time="0.023300"/>
          <testcase name="test_wp_validate_redirect_valid_url with data set #10" class="Tests_Formatting_Redirect" classname="Tests_Formatting_Redirect" file="/var/www/html/test/wordpress_test/inpsyde_test/test/wp-content/plugins/plugintestslughere/tests/unit/tests/formatting/redirect.php" line="76" assertions="1" time="0.023710"/>
        </testsuite>
        <testsuite name="Tests_Formatting_Redirect::test_wp_validate_redirect_invalid_url" tests="48" assertions="48" errors="0" failures="0" skipped="0" time="1.264732">
          <testcase name="test_wp_validate_redirect_invalid_url with data set #0" class="Tests_Formatting_Redirect" classname="Tests_Formatting_Redirect" file="/var/www/html/test/wordpress_test/inpsyde_test/test/wp-content/plugins/plugintestslughere/tests/unit/tests/formatting/redirect.php" line="83" assertions="1" time="0.023379"/>
          <testcase name="test_wp_validate_redirect_invalid_url with data set #1" class="Tests_Formatting_Redirect" classname="Tests_Formatting_Redirect" file="/var/www/html/test/wordpress_test/inpsyde_test/test/wp-content/plugins/plugintestslughere/tests/unit/tests/formatting/redirect.php" line="83" assertions="1" time="0.022972"/>
          <testcase name="test_wp_validate_redirect_invalid_url with data set #2" class="Tests_Formatting_Redirect" classname="Tests_Formatting_Redirect" file="/var/www/html/test/wordpress_test/inpsyde_test/test/wp-content/plugins/plugintestslughere/tests/unit/tests/formatting/redirect.php" line="83" assertions="1" time="0.026124"/>
          <testcase name="test_wp_validate_redirect_invalid_url with data set #3" class="Tests_Formatting_Redirect" classname="Tests_Formatting_Redirect" file="/var/www/html/test/wordpress_test/inpsyde_test/test/wp-content/plugins/plugintestslughere/tests/unit/tests/formatting/redirect.php" line="83" assertions="1" time="0.027565"/>
          <testcase name="test_wp_validate_redirect_invalid_url with data set #4" class="Tests_Formatting_Redirect" classname="Tests_Formatting_Redirect" file="/var/www/html/test/wordpress_test/inpsyde_test/test/wp-content/plugins/plugintestslughere/tests/unit/tests/formatting/redirect.php" line="83" assertions="1" time="0.028375"/>
          <testcase name="test_wp_validate_redirect_invalid_url with data set #5" class="Tests_Formatting_Redirect" classname="Tests_Formatting_Redirect" file="/var/www/html/test/wordpress_test/inpsyde_test/test/wp-content/plugins/plugintestslughere/tests/unit/tests/formatting/redirect.php" line="83" assertions="1" time="0.023595"/>
          <testcase name="test_wp_validate_redirect_invalid_url with data set #6" class="Tests_Formatting_Redirect" classname="Tests_Formatting_Redirect" file="/var/www/html/test/wordpress_test/inpsyde_test/test/wp-content/plugins/plugintestslughere/tests/unit/tests/formatting/redirect.php" line="83" assertions="1" time="0.024456"/>
          <testcase name="test_wp_validate_redirect_invalid_url with data set #7" class="Tests_Formatting_Redirect" classname="Tests_Formatting_Redirect" file="/var/www/html/test/wordpress_test/inpsyde_test/test/wp-content/plugins/plugintestslughere/tests/unit/tests/formatting/redirect.php" line="83" assertions="1" time="0.023390"/>
          <testcase name="test_wp_validate_redirect_invalid_url with data set #8" class="Tests_Formatting_Redirect" classname="Tests_Formatting_Redirect" file="/var/www/html/test/wordpress_test/inpsyde_test/test/wp-content/plugins/plugintestslughere/tests/unit/tests/formatting/redirect.php" line="83" assertions="1" time="0.029541"/>
          <testcase name="test_wp_validate_redirect_invalid_url with data set #9" class="Tests_Formatting_Redirect" classname="Tests_Formatting_Redirect" file="/var/www/html/test/wordpress_test/inpsyde_test/test/wp-content/plugins/plugintestslughere/tests/unit/tests/formatting/redirect.php" line="83" assertions="1" time="0.031377"/>
          <testcase name="test_wp_validate_redirect_invalid_url with data set #10" class="Tests_Formatting_Redirect" classname="Tests_Formatting_Redirect" file="/var/www/html/test/wordpress_test/inpsyde_test/test/wp-content/plugins/plugintestslughere/tests/unit/tests/formatting/redirect.php" line="83" assertions="1" time="0.028086"/>
          <testcase name="test_wp_validate_redirect_invalid_url with data set #11" class="Tests_Formatting_Redirect" classname="Tests_Formatting_Redirect" file="/var/www/html/test/wordpress_test/inpsyde_test/test/wp-content/plugins/plugintestslughere/tests/unit/tests/formatting/redirect.php" line="83" assertions="1" time="0.022878"/>
          <testcase name="test_wp_validate_redirect_invalid_url with data set #12" class="Tests_Formatting_Redirect" classname="Tests_Formatting_Redirect" file="/var/www/html/test/wordpress_test/inpsyde_test/test/wp-content/plugins/plugintestslughere/tests/unit/tests/formatting/redirect.php" line="83" assertions="1" time="0.024990"/>
          <testcase name="test_wp_validate_redirect_invalid_url with data set #13" class="Tests_Formatting_Redirect" classname="Tests_Formatting_Redirect" file="/var/www/html/test/wordpress_test/inpsyde_test/test/wp-content/plugins/plugintestslughere/tests/unit/tests/formatting/redirect.php" line="83" assertions="1" time="0.023349"/>
          <testcase name="test_wp_validate_redirect_invalid_url with data set #14" class="Tests_Formatting_Redirect" classname="Tests_Formatting_Redirect" file="/var/www/html/test/wordpress_test/inpsyde_test/test/wp-content/plugins/plugintestslughere/tests/unit/tests/formatting/redirect.php" line="83" assertions="1" time="0.023109"/>
          <testcase name="test_wp_validate_redirect_invalid_url with data set #15" class="Tests_Formatting_Redirect" classname="Tests_Formatting_Redirect" file="/var/www/html/test/wordpress_test/inpsyde_test/test/wp-content/plugins/plugintestslughere/tests/unit/tests/formatting/redirect.php" line="83" assertions="1" time="0.023203"/>
          <testcase name="test_wp_validate_redirect_invalid_url with data set #16" class="Tests_Formatting_Redirect" classname="Tests_Formatting_Redirect" file="/var/www/html/test/wordpress_test/inpsyde_test/test/wp-content/plugins/plugintestslughere/tests/unit/tests/formatting/redirect.php" line="83" assertions="1" time="0.024731"/>
          <testcase name="test_wp_validate_redirect_invalid_url with data set #17" class="Tests_Formatting_Redirect" classname="Tests_Formatting_Redirect" file="/var/www/html/test/wordpress_test/inpsyde_test/test/wp-content/plugins/plugintestslughere/tests/unit/tests/formatting/redirect.php" line="83" assertions="1" time="0.028570"/>
          <testcase name="test_wp_validate_redirect_invalid_url with data set #18" class="Tests_Formatting_Redirect" classname="Tests_Formatting_Redirect" file="/var/www/html/test/wordpress_test/inpsyde_test/test/wp-content/plugins/plugintestslughere/tests/unit/tests/formatting/redirect.php" line="83" assertions="1" time="0.028261"/>
          <testcase name="test_wp_validate_redirect_invalid_url with data set #19" class="Tests_Formatting_Redirect" classname="Tests_Formatting_Redirect" file="/var/www/html/test/wordpress_test/inpsyde_test/test/wp-content/plugins/plugintestslughere/tests/unit/tests/formatting/redirect.php" line="83" assertions="1" time="0.024010"/>
          <testcase name="test_wp_validate_redirect_invalid_url with data set #20" class="Tests_Formatting_Redirect" classname="Tests_Formatting_Redirect" file="/var/www/html/test/wordpress_test/inpsyde_test/test/wp-content/plugins/plugintestslughere/tests/unit/tests/formatting/redirect.php" line="83" assertions="1" time="0.032494"/>
          <testcase name="test_wp_validate_redirect_invalid_url with data set #21" class="Tests_Formatting_Redirect" classname="Tests_Formatting_Redirect" file="/var/www/html/test/wordpress_test/inpsyde_test/test/wp-content/plugins/plugintestslughere/tests/unit/tests/formatting/redirect.php" line="83" assertions="1" time="0.028033"/>
          <testcase name="test_wp_validate_redirect_invalid_url with data set #22" class="Tests_Formatting_Redirect" classname="Tests_Formatting_Redirect" file="/var/www/html/test/wordpress_test/inpsyde_test/test/wp-content/plugins/plugintestslughere/tests/unit/tests/formatting/redirect.php" line="83" assertions="1" time="0.025814"/>
          <testcase name="test_wp_validate_redirect_invalid_url with data set #23" class="Tests_Formatting_Redirect" classname="Tests_Formatting_Redirect" file="/var/www/html/test/wordpress_test/inpsyde_test/test/wp-content/plugins/plugintestslughere/tests/unit/tests/formatting/redirect.php" line="83" assertions="1" time="0.025520"/>
          <testcase name="test_wp_validate_redirect_invalid_url with data set #24" class="Tests_Formatting_Redirect" classname="Tests_Formatting_Redirect" file="/var/www/html/test/wordpress_test/inpsyde_test/test/wp-content/plugins/plugintestslughere/tests/unit/tests/formatting/redirect.php" line="83" assertions="1" time="0.027703"/>
          <testcase name="test_wp_validate_redirect_invalid_url with data set #25" class="Tests_Formatting_Redirect" classname="Tests_Formatting_Redirect" file="/var/www/html/test/wordpress_test/inpsyde_test/test/wp-content/plugins/plugintestslughere/tests/unit/tests/formatting/redirect.php" line="83" assertions="1" time="0.030218"/>
          <testcase name="test_wp_validate_redirect_invalid_url with data set #26" class="Tests_Formatting_Redirect" classname="Tests_Formatting_Redirect" file="/var/www/html/test/wordpress_test/inpsyde_test/test/wp-content/plugins/plugintestslughere/tests/unit/tests/formatting/redirect.php" line="83" assertions="1" time="0.024232"/>
          <testcase name="test_wp_validate_redirect_invalid_url with data set #27" class="Tests_Formatting_Redirect" classname="Tests_Formatting_Redirect" file="/var/www/html/test/wordpress_test/inpsyde_test/test/wp-content/plugins/plugintestslughere/tests/unit/tests/formatting/redirect.php" line="83" assertions="1" time="0.023697"/>
          <testcase name="test_wp_validate_redirect_invalid_url with data set #28" class="Tests_Formatting_Redirect" classname="Tests_Formatting_Redirect" file="/var/www/html/test/wordpress_test/inpsyde_test/test/wp-content/plugins/plugintestslughere/tests/unit/tests/formatting/redirect.php" line="83" assertions="1" time="0.025089"/>
          <testcase name="test_wp_validate_redirect_invalid_url with data set #29" class="Tests_Formatting_Redirect" classname="Tests_Formatting_Redirect" file="/var/www/html/test/wordpress_test/inpsyde_test/test/wp-content/plugins/plugintestslughere/tests/unit/tests/formatting/redirect.php" line="83" assertions="1" time="0.027022"/>
          <testcase name="test_wp_validate_redirect_invalid_url with data set #30" class="Tests_Formatting_Redirect" classname="Tests_Formatting_Redirect" file="/var/www/html/test/wordpress_test/inpsyde_test/test/wp-content/plugins/plugintestslughere/tests/unit/tests/formatting/redirect.php" line="83" assertions="1" time="0.024013"/>
          <testcase name="test_wp_validate_redirect_invalid_url with data set #31" class="Tests_Formatting_Redirect" classname="Tests_Formatting_Redirect" file="/var/www/html/test/wordpress_test/inpsyde_test/test/wp-content/plugins/plugintestslughere/tests/unit/tests/formatting/redirect.php" line="83" assertions="1" time="0.032285"/>
          <testcase name="test_wp_validate_redirect_invalid_url with data set #32" class="Tests_Formatting_Redirect" classname="Tests_Formatting_Redirect" file="/var/www/html/test/wordpress_test/inpsyde_test/test/wp-content/plugins/plugintestslughere/tests/unit/tests/formatting/redirect.php" line="83" assertions="1" time="0.032336"/>
          <testcase name="test_wp_validate_redirect_invalid_url with data set #33" class="Tests_Formatting_Redirect" classname="Tests_Formatting_Redirect" file="/var/www/html/test/wordpress_test/inpsyde_test/test/wp-content/plugins/plugintestslughere/tests/unit/tests/formatting/redirect.php" line="83" assertions="1" time="0.025703"/>
          <testcase name="test_wp_validate_redirect_invalid_url with data set #34" class="Tests_Formatting_Redirect" classname="Tests_Formatting_Redirect" file="/var/www/html/test/wordpress_test/inpsyde_test/test/wp-content/plugins/plugintestslughere/tests/unit/tests/formatting/redirect.php" line="83" assertions="1" time="0.031529"/>
          <testcase name="test_wp_validate_redirect_invalid_url with data set #35" class="Tests_Formatting_Redirect" classname="Tests_Formatting_Redirect" file="/var/www/html/test/wordpress_test/inpsyde_test/test/wp-content/plugins/plugintestslughere/tests/unit/tests/formatting/redirect.php" line="83" assertions="1" time="0.034573"/>
          <testcase name="test_wp_validate_redirect_invalid_url with data set #36" class="Tests_Formatting_Redirect" classname="Tests_Formatting_Redirect" file="/var/www/html/test/wordpress_test/inpsyde_test/test/wp-content/plugins/plugintestslughere/tests/unit/tests/formatting/redirect.php" line="83" assertions="1" time="0.025648"/>
          <testcase name="test_wp_validate_redirect_invalid_url with data set #37" class="Tests_Formatting_Redirect" classname="Tests_Formatting_Redirect" file="/var/www/html/test/wordpress_test/inpsyde_test/test/wp-content/plugins/plugintestslughere/tests/unit/tests/formatting/redirect.php" line="83" assertions="1" time="0.026757"/>
          <testcase name="test_wp_validate_redirect_invalid_url with data set #38" class="Tests_Formatting_Redirect" classname="Tests_Formatting_Redirect" file="/var/www/html/test/wordpress_test/inpsyde_test/test/wp-content/plugins/plugintestslughere/tests/unit/tests/formatting/redirect.php" line="83" assertions="1" time="0.023399"/>
          <testcase name="test_wp_validate_redirect_invalid_url with data set #39" class="Tests_Formatting_Redirect" classname="Tests_Formatting_Redirect" file="/var/www/html/test/wordpress_test/inpsyde_test/test/wp-content/plugins/plugintestslughere/tests/unit/tests/formatting/redirect.php" line="83" assertions="1" time="0.026074"/>
          <testcase name="test_wp_validate_redirect_invalid_url with data set #40" class="Tests_Formatting_Redirect" classname="Tests_Formatting_Redirect" file="/var/www/html/test/wordpress_test/inpsyde_test/test/wp-content/plugins/plugintestslughere/tests/unit/tests/formatting/redirect.php" line="83" assertions="1" time="0.023679"/>
          <testcase name="test_wp_validate_redirect_invalid_url with data set #41" class="Tests_Formatting_Redirect" classname="Tests_Formatting_Redirect" file="/var/www/html/test/wordpress_test/inpsyde_test/test/wp-content/plugins/plugintestslughere/tests/unit/tests/formatting/redirect.php" line="83" assertions="1" time="0.026290"/>
          <testcase name="test_wp_validate_redirect_invalid_url with data set #42" class="Tests_Formatting_Redirect" classname="Tests_Formatting_Redirect" file="/var/www/html/test/wordpress_test/inpsyde_test/test/wp-content/plugins/plugintestslughere/tests/unit/tests/formatting/redirect.php" line="83" assertions="1" time="0.024808"/>
          <testcase name="test_wp_validate_redirect_invalid_url with data set #43" class="Tests_Formatting_Redirect" classname="Tests_Formatting_Redirect" file="/var/www/html/test/wordpress_test/inpsyde_test/test/wp-content/plugins/plugintestslughere/tests/unit/tests/formatting/redirect.php" line="83" assertions="1" time="0.025884"/>
          <testcase name="test_wp_validate_redirect_invalid_url with data set #44" class="Tests_Formatting_Redirect" classname="Tests_Formatting_Redirect" file="/var/www/html/test/wordpress_test/inpsyde_test/test/wp-content/plugins/plugintestslughere/tests/unit/tests/formatting/redirect.php" line="83" assertions="1" time="0.023966"/>
          <testcase name="test_wp_validate_redirect_invalid_url with data set #45" class="Tests_Formatting_Redirect" classname="Tests_Formatting_Redirect" file="/var/www/html/test/wordpress_test/inpsyde_test/test/wp-content/plugins/plugintestslughere/tests/unit/tests/formatting/redirect.php" line="83" assertions="1" time="0.026561"/>
          <testcase name="test_wp_validate_redirect_invalid_url with data set #46" class="Tests_Formatting_Redirect" classname="Tests_Formatting_Redirect" file="/var/www/html/test/wordpress_test/inpsyde_test/test/wp-content/plugins/plugintestslughere/tests/unit/tests/formatting/redirect.php" line="83" assertions="1" time="0.024430"/>
          <testcase name="test_wp_validate_redirect_invalid_url with data set #47" class="Tests_Formatting_Redirect" classname="Tests_Formatting_Redirect" file="/var/www/html/test/wordpress_test/inpsyde_test/test/wp-content/plugins/plugintestslughere/tests/unit/tests/formatting/redirect.php" line="83" assertions="1" time="0.025015"/>
        </testsuite>
        <testsuite name="Tests_Formatting_Redirect::test_wp_validate_redirect_relative_url" tests="7" assertions="7" errors="0" failures="0" skipped="0" time="0.180785">
          <testcase name="test_wp_validate_redirect_relative_url with data set #0" class="Tests_Formatting_Redirect" classname="Tests_Formatting_Redirect" file="/var/www/html/test/wordpress_test/inpsyde_test/test/wp-content/plugins/plugintestslughere/tests/unit/tests/formatting/redirect.php" line="175" assertions="1" time="0.026263"/>
          <testcase name="test_wp_validate_redirect_relative_url with data set #1" class="Tests_Formatting_Redirect" classname="Tests_Formatting_Redirect" file="/var/www/html/test/wordpress_test/inpsyde_test/test/wp-content/plugins/plugintestslughere/tests/unit/tests/formatting/redirect.php" line="175" assertions="1" time="0.028214"/>
          <testcase name="test_wp_validate_redirect_relative_url with data set #2" class="Tests_Formatting_Redirect" classname="Tests_Formatting_Redirect" file="/var/www/html/test/wordpress_test/inpsyde_test/test/wp-content/plugins/plugintestslughere/tests/unit/tests/formatting/redirect.php" line="175" assertions="1" time="0.027597"/>
          <testcase name="test_wp_validate_redirect_relative_url with data set #3" class="Tests_Formatting_Redirect" classname="Tests_Formatting_Redirect" file="/var/www/html/test/wordpress_test/inpsyde_test/test/wp-content/plugins/plugintestslughere/tests/unit/tests/formatting/redirect.php" line="175" assertions="1" time="0.023562"/>
          <testcase name="test_wp_validate_redirect_relative_url with data set #4" class="Tests_Formatting_Redirect" classname="Tests_Formatting_Redirect" file="/var/www/html/test/wordpress_test/inpsyde_test/test/wp-content/plugins/plugintestslughere/tests/unit/tests/formatting/redirect.php" line="175" assertions="1" time="0.023850"/>
          <testcase name="test_wp_validate_redirect_relative_url with data set #5" class="Tests_Formatting_Redirect" classname="Tests_Formatting_Redirect" file="/var/www/html/test/wordpress_test/inpsyde_test/test/wp-content/plugins/plugintestslughere/tests/unit/tests/formatting/redirect.php" line="175" assertions="1" time="0.024237"/>
          <testcase name="test_wp_validate_redirect_relative_url with data set #6" class="Tests_Formatting_Redirect" classname="Tests_Formatting_Redirect" file="/var/www/html/test/wordpress_test/inpsyde_test/test/wp-content/plugins/plugintestslughere/tests/unit/tests/formatting/redirect.php" line="175" assertions="1" time="0.027062"/>
        </testsuite>
      </testsuite>
      <testsuite name="Tests_Functions" file="/var/www/html/test/wordpress_test/inpsyde_test/test/wp-content/plugins/plugintestslughere/tests/unit/tests/functions.php" tests="257" assertions="816" errors="0" failures="0" skipped="0" time="7.972522">
        <testcase name="test_wp_parse_args_object" class="Tests_Functions" classname="Tests_Functions" file="/var/www/html/test/wordpress_test/inpsyde_test/test/wp-content/plugins/plugintestslughere/tests/unit/tests/functions.php" line="7" assertions="2" time="0.027230"/>
        <testcase name="test_wp_parse_args_array" class="Tests_Functions" classname="Tests_Functions" file="/var/www/html/test/wordpress_test/inpsyde_test/test/wp-content/plugins/plugintestslughere/tests/unit/tests/functions.php" line="24" assertions="2" time="0.030666"/>
        <testcase name="test_wp_parse_args_defaults" class="Tests_Functions" classname="Tests_Functions" file="/var/www/html/test/wordpress_test/inpsyde_test/test/wp-content/plugins/plugintestslughere/tests/unit/tests/functions.php" line="43" assertions="2" time="0.024468"/>
        <testcase name="test_wp_parse_args_other" class="Tests_Functions" classname="Tests_Functions" file="/var/www/html/test/wordpress_test/inpsyde_test/test/wp-content/plugins/plugintestslughere/tests/unit/tests/functions.php" line="69" assertions="2" time="0.031478"/>
        <testcase name="test_wp_parse_args_boolean_strings" class="Tests_Functions" classname="Tests_Functions" file="/var/www/html/test/wordpress_test/inpsyde_test/test/wp-content/plugins/plugintestslughere/tests/unit/tests/functions.php" line="81" assertions="2" time="0.024328"/>
        <testcase name="test_bool_from_yn" class="Tests_Functions" classname="Tests_Functions" file="/var/www/html/test/wordpress_test/inpsyde_test/test/wp-content/plugins/plugintestslughere/tests/unit/tests/functions.php" line="90" assertions="3" time="0.023019"/>
        <testcase name="test_path_is_absolute" class="Tests_Functions" classname="Tests_Functions" file="/var/www/html/test/wordpress_test/inpsyde_test/test/wp-content/plugins/plugintestslughere/tests/unit/tests/functions.php" line="96" assertions="10" time="0.022587"/>
        <testcase name="test_path_is_not_absolute" class="Tests_Functions" classname="Tests_Functions" file="/var/www/html/test/wordpress_test/inpsyde_test/test/wp-content/plugins/plugintestslughere/tests/unit/tests/functions.php" line="114" assertions="10" time="0.024356"/>
        <testsuite name="Tests_Functions::test_wp_normalize_path" tests="14" assertions="14" errors="0" failures="0" skipped="0" time="0.343607">
          <testcase name="test_wp_normalize_path with data set #0" class="Tests_Functions" classname="Tests_Functions" file="/var/www/html/test/wordpress_test/inpsyde_test/test/wp-content/plugins/plugintestslughere/tests/unit/tests/functions.php" line="138" assertions="1" time="0.023806"/>
          <testcase name="test_wp_normalize_path with data set #1" class="Tests_Functions" classname="Tests_Functions" file="/var/www/html/test/wordpress_test/inpsyde_test/test/wp-content/plugins/plugintestslughere/tests/unit/tests/functions.php" line="138" assertions="1" time="0.023922"/>
          <testcase name="test_wp_normalize_path with data set #2" class="Tests_Functions" classname="Tests_Functions" file="/var/www/html/test/wordpress_test/inpsyde_test/test/wp-content/plugins/plugintestslughere/tests/unit/tests/functions.php" line="138" assertions="1" time="0.022433"/>
          <testcase name="test_wp_normalize_path with data set #3" class="Tests_Functions" classname="Tests_Functions" file="/var/www/html/test/wordpress_test/inpsyde_test/test/wp-content/plugins/plugintestslughere/tests/unit/tests/functions.php" line="138" assertions="1" time="0.024749"/>
          <testcase name="test_wp_normalize_path with data set #4" class="Tests_Functions" classname="Tests_Functions" file="/var/www/html/test/wordpress_test/inpsyde_test/test/wp-content/plugins/plugintestslughere/tests/unit/tests/functions.php" line="138" assertions="1" time="0.024757"/>
          <testcase name="test_wp_normalize_path with data set #5" class="Tests_Functions" classname="Tests_Functions" file="/var/www/html/test/wordpress_test/inpsyde_test/test/wp-content/plugins/plugintestslughere/tests/unit/tests/functions.php" line="138" assertions="1" time="0.027224"/>
          <testcase name="test_wp_normalize_path with data set #6" class="Tests_Functions" classname="Tests_Functions" file="/var/www/html/test/wordpress_test/inpsyde_test/test/wp-content/plugins/plugintestslughere/tests/unit/tests/functions.php" line="138" assertions="1" time="0.023134"/>
          <testcase name="test_wp_normalize_path with data set #7" class="Tests_Functions" classname="Tests_Functions" file="/var/www/html/test/wordpress_test/inpsyde_test/test/wp-content/plugins/plugintestslughere/tests/unit/tests/functions.php" line="138" assertions="1" time="0.026712"/>
          <testcase name="test_wp_normalize_path with data set #8" class="Tests_Functions" classname="Tests_Functions" file="/var/www/html/test/wordpress_test/inpsyde_test/test/wp-content/plugins/plugintestslughere/tests/unit/tests/functions.php" line="138" assertions="1" time="0.025205"/>
          <testcase name="test_wp_normalize_path with data set #9" class="Tests_Functions" classname="Tests_Functions" file="/var/www/html/test/wordpress_test/inpsyde_test/test/wp-content/plugins/plugintestslughere/tests/unit/tests/functions.php" line="138" assertions="1" time="0.025155"/>
          <testcase name="test_wp_normalize_path with data set #10" class="Tests_Functions" classname="Tests_Functions" file="/var/www/html/test/wordpress_test/inpsyde_test/test/wp-content/plugins/plugintestslughere/tests/unit/tests/functions.php" line="138" assertions="1" time="0.025029"/>
          <testcase name="test_wp_normalize_path with data set #11" class="Tests_Functions" classname="Tests_Functions" file="/var/www/html/test/wordpress_test/inpsyde_test/test/wp-content/plugins/plugintestslughere/tests/unit/tests/functions.php" line="138" assertions="1" time="0.023752"/>
          <testcase name="test_wp_normalize_path with data set #12" class="Tests_Functions" classname="Tests_Functions" file="/var/www/html/test/wordpress_test/inpsyde_test/test/wp-content/plugins/plugintestslughere/tests/unit/tests/functions.php" line="138" assertions="1" time="0.023261"/>
          <testcase name="test_wp_normalize_path with data set #13" class="Tests_Functions" classname="Tests_Functions" file="/var/www/html/test/wordpress_test/inpsyde_test/test/wp-content/plugins/plugintestslughere/tests/unit/tests/functions.php" line="138" assertions="1" time="0.024468"/>
        </testsuite>
        <testcase name="test_wp_unique_filename" class="Tests_Functions" classname="Tests_Functions" file="/var/www/html/test/wordpress_test/inpsyde_test/test/wp-content/plugins/plugintestslughere/tests/unit/tests/functions.php" line="166" assertions="12" time="0.026952"/>
        <testcase name="test_unique_filename_with_dimension_like_filename" class="Tests_Functions" classname="Tests_Functions" file="/var/www/html/test/wordpress_test/inpsyde_test/test/wp-content/plugins/plugintestslughere/tests/unit/tests/functions.php" line="202" assertions="3" time="0.024832"/>
        <testsuite name="Tests_Functions::test_maybe_serialize" tests="14" assertions="14" errors="0" failures="0" skipped="0" time="0.386473">
          <testcase name="test_maybe_serialize with data set #0" class="Tests_Functions" classname="Tests_Functions" file="/var/www/html/test/wordpress_test/inpsyde_test/test/wp-content/plugins/plugintestslughere/tests/unit/tests/functions.php" line="227" assertions="1" time="0.023166"/>
          <testcase name="test_maybe_serialize with data set #1" class="Tests_Functions" classname="Tests_Functions" file="/var/www/html/test/wordpress_test/inpsyde_test/test/wp-content/plugins/plugintestslughere/tests/unit/tests/functions.php" line="227" assertions="1" time="0.024173"/>
          <testcase name="test_maybe_serialize with data set #2" class="Tests_Functions" classname="Tests_Functions" file="/var/www/html/test/wordpress_test/inpsyde_test/test/wp-content/plugins/plugintestslughere/tests/unit/tests/functions.php" line="227" assertions="1" time="0.026973"/>
          <testcase name="test_maybe_serialize with data set #3" class="Tests_Functions" classname="Tests_Functions" file="/var/www/html/test/wordpress_test/inpsyde_test/test/wp-content/plugins/plugintestslughere/tests/unit/tests/functions.php" line="227" assertions="1" time="0.026401"/>
          <testcase name="test_maybe_serialize with data set #4" class="Tests_Functions" classname="Tests_Functions" file="/var/www/html/test/wordpress_test/inpsyde_test/test/wp-content/plugins/plugintestslughere/tests/unit/tests/functions.php" line="227" assertions="1" time="0.026138"/>
          <testcase name="test_maybe_serialize with data set #5" class="Tests_Functions" classname="Tests_Functions" file="/var/www/html/test/wordpress_test/inpsyde_test/test/wp-content/plugins/plugintestslughere/tests/unit/tests/functions.php" line="227" assertions="1" time="0.029169"/>
          <testcase name="test_maybe_serialize with data set #6" class="Tests_Functions" classname="Tests_Functions" file="/var/www/html/test/wordpress_test/inpsyde_test/test/wp-content/plugins/plugintestslughere/tests/unit/tests/functions.php" line="227" assertions="1" time="0.025928"/>
          <testcase name="test_maybe_serialize with data set #7" class="Tests_Functions" classname="Tests_Functions" file="/var/www/html/test/wordpress_test/inpsyde_test/test/wp-content/plugins/plugintestslughere/tests/unit/tests/functions.php" line="227" assertions="1" time="0.029292"/>
          <testcase name="test_maybe_serialize with data set #8" class="Tests_Functions" classname="Tests_Functions" file="/var/www/html/test/wordpress_test/inpsyde_test/test/wp-content/plugins/plugintestslughere/tests/unit/tests/functions.php" line="227" assertions="1" time="0.022595"/>
          <testcase name="test_maybe_serialize with data set #9" class="Tests_Functions" classname="Tests_Functions" file="/var/www/html/test/wordpress_test/inpsyde_test/test/wp-content/plugins/plugintestslughere/tests/unit/tests/functions.php" line="227" assertions="1" time="0.023476"/>
          <testcase name="test_maybe_serialize with data set #10" class="Tests_Functions" classname="Tests_Functions" file="/var/www/html/test/wordpress_test/inpsyde_test/test/wp-content/plugins/plugintestslughere/tests/unit/tests/functions.php" line="227" assertions="1" time="0.036327"/>
          <testcase name="test_maybe_serialize with data set #11" class="Tests_Functions" classname="Tests_Functions" file="/var/www/html/test/wordpress_test/inpsyde_test/test/wp-content/plugins/plugintestslughere/tests/unit/tests/functions.php" line="227" assertions="1" time="0.040606"/>
          <testcase name="test_maybe_serialize with data set #12" class="Tests_Functions" classname="Tests_Functions" file="/var/www/html/test/wordpress_test/inpsyde_test/test/wp-content/plugins/plugintestslughere/tests/unit/tests/functions.php" line="227" assertions="1" time="0.029314"/>
          <testcase name="test_maybe_serialize with data set #13" class="Tests_Functions" classname="Tests_Functions" file="/var/www/html/test/wordpress_test/inpsyde_test/test/wp-content/plugins/plugintestslughere/tests/unit/tests/functions.php" line="227" assertions="1" time="0.022915"/>
        </testsuite>
        <testsuite name="Tests_Functions::test_maybe_serialize_with_double_serialization" tests="12" assertions="12" errors="0" failures="0" skipped="0" time="0.307528">
          <testcase name="test_maybe_serialize_with_double_serialization with data set #0" class="Tests_Functions" classname="Tests_Functions" file="/var/www/html/test/wordpress_test/inpsyde_test/test/wp-content/plugins/plugintestslughere/tests/unit/tests/functions.php" line="240" assertions="1" time="0.022725"/>
          <testcase name="test_maybe_serialize_with_double_serialization with data set #1" class="Tests_Functions" classname="Tests_Functions" file="/var/www/html/test/wordpress_test/inpsyde_test/test/wp-content/plugins/plugintestslughere/tests/unit/tests/functions.php" line="240" assertions="1" time="0.023364"/>
          <testcase name="test_maybe_serialize_with_double_serialization with data set #2" class="Tests_Functions" classname="Tests_Functions" file="/var/www/html/test/wordpress_test/inpsyde_test/test/wp-content/plugins/plugintestslughere/tests/unit/tests/functions.php" line="240" assertions="1" time="0.021735"/>
          <testcase name="test_maybe_serialize_with_double_serialization with data set #3" class="Tests_Functions" classname="Tests_Functions" file="/var/www/html/test/wordpress_test/inpsyde_test/test/wp-content/plugins/plugintestslughere/tests/unit/tests/functions.php" line="240" assertions="1" time="0.023299"/>
          <testcase name="test_maybe_serialize_with_double_serialization with data set #4" class="Tests_Functions" classname="Tests_Functions" file="/var/www/html/test/wordpress_test/inpsyde_test/test/wp-content/plugins/plugintestslughere/tests/unit/tests/functions.php" line="240" assertions="1" time="0.025795"/>
          <testcase name="test_maybe_serialize_with_double_serialization with data set #5" class="Tests_Functions" classname="Tests_Functions" file="/var/www/html/test/wordpress_test/inpsyde_test/test/wp-content/plugins/plugintestslughere/tests/unit/tests/functions.php" line="240" assertions="1" time="0.024012"/>
          <testcase name="test_maybe_serialize_with_double_serialization with data set #6" class="Tests_Functions" classname="Tests_Functions" file="/var/www/html/test/wordpress_test/inpsyde_test/test/wp-content/plugins/plugintestslughere/tests/unit/tests/functions.php" line="240" assertions="1" time="0.024953"/>
          <testcase name="test_maybe_serialize_with_double_serialization with data set #7" class="Tests_Functions" classname="Tests_Functions" file="/var/www/html/test/wordpress_test/inpsyde_test/test/wp-content/plugins/plugintestslughere/tests/unit/tests/functions.php" line="240" assertions="1" time="0.035819"/>
          <testcase name="test_maybe_serialize_with_double_serialization with data set #8" class="Tests_Functions" classname="Tests_Functions" file="/var/www/html/test/wordpress_test/inpsyde_test/test/wp-content/plugins/plugintestslughere/tests/unit/tests/functions.php" line="240" assertions="1" time="0.026409"/>
          <testcase name="test_maybe_serialize_with_double_serialization with data set #9" class="Tests_Functions" classname="Tests_Functions" file="/var/www/html/test/wordpress_test/inpsyde_test/test/wp-content/plugins/plugintestslughere/tests/unit/tests/functions.php" line="240" assertions="1" time="0.027526"/>
          <testcase name="test_maybe_serialize_with_double_serialization with data set #10" class="Tests_Functions" classname="Tests_Functions" file="/var/www/html/test/wordpress_test/inpsyde_test/test/wp-content/plugins/plugintestslughere/tests/unit/tests/functions.php" line="240" assertions="1" time="0.026958"/>
          <testcase name="test_maybe_serialize_with_double_serialization with data set #11" class="Tests_Functions" classname="Tests_Functions" file="/var/www/html/test/wordpress_test/inpsyde_test/test/wp-content/plugins/plugintestslughere/tests/unit/tests/functions.php" line="240" assertions="1" time="0.024933"/>
        </testsuite>
        <testsuite name="Tests_Functions::test_maybe_unserialize" tests="26" assertions="26" errors="0" failures="0" skipped="0" time="0.639748">
          <testcase name="test_maybe_unserialize with data set #0" class="Tests_Functions" classname="Tests_Functions" file="/var/www/html/test/wordpress_test/inpsyde_test/test/wp-content/plugins/plugintestslughere/tests/unit/tests/functions.php" line="250" assertions="1" time="0.026540"/>
          <testcase name="test_maybe_unserialize with data set #1" class="Tests_Functions" classname="Tests_Functions" file="/var/www/html/test/wordpress_test/inpsyde_test/test/wp-content/plugins/plugintestslughere/tests/unit/tests/functions.php" line="250" assertions="1" time="0.025519"/>
          <testcase name="test_maybe_unserialize with data set #2" class="Tests_Functions" classname="Tests_Functions" file="/var/www/html/test/wordpress_test/inpsyde_test/test/wp-content/plugins/plugintestslughere/tests/unit/tests/functions.php" line="250" assertions="1" time="0.025700"/>
          <testcase name="test_maybe_unserialize with data set #3" class="Tests_Functions" classname="Tests_Functions" file="/var/www/html/test/wordpress_test/inpsyde_test/test/wp-content/plugins/plugintestslughere/tests/unit/tests/functions.php" line="250" assertions="1" time="0.028793"/>
          <testcase name="test_maybe_unserialize with data set #4" class="Tests_Functions" classname="Tests_Functions" file="/var/www/html/test/wordpress_test/inpsyde_test/test/wp-content/plugins/plugintestslughere/tests/unit/tests/functions.php" line="250" assertions="1" time="0.026663"/>
          <testcase name="test_maybe_unserialize with data set #5" class="Tests_Functions" classname="Tests_Functions" file="/var/www/html/test/wordpress_test/inpsyde_test/test/wp-content/plugins/plugintestslughere/tests/unit/tests/functions.php" line="250" assertions="1" time="0.029438"/>
          <testcase name="test_maybe_unserialize with data set #6" class="Tests_Functions" classname="Tests_Functions" file="/var/www/html/test/wordpress_test/inpsyde_test/test/wp-content/plugins/plugintestslughere/tests/unit/tests/functions.php" line="250" assertions="1" time="0.026663"/>
          <testcase name="test_maybe_unserialize with data set #7" class="Tests_Functions" classname="Tests_Functions" file="/var/www/html/test/wordpress_test/inpsyde_test/test/wp-content/plugins/plugintestslughere/tests/unit/tests/functions.php" line="250" assertions="1" time="0.023755"/>
          <testcase name="test_maybe_unserialize with data set #8" class="Tests_Functions" classname="Tests_Functions" file="/var/www/html/test/wordpress_test/inpsyde_test/test/wp-content/plugins/plugintestslughere/tests/unit/tests/functions.php" line="250" assertions="1" time="0.024590"/>
          <testcase name="test_maybe_unserialize with data set #9" class="Tests_Functions" classname="Tests_Functions" file="/var/www/html/test/wordpress_test/inpsyde_test/test/wp-content/plugins/plugintestslughere/tests/unit/tests/functions.php" line="250" assertions="1" time="0.023500"/>
          <testcase name="test_maybe_unserialize with data set #10" class="Tests_Functions" classname="Tests_Functions" file="/var/www/html/test/wordpress_test/inpsyde_test/test/wp-content/plugins/plugintestslughere/tests/unit/tests/functions.php" line="250" assertions="1" time="0.025244"/>
          <testcase name="test_maybe_unserialize with data set #11" class="Tests_Functions" classname="Tests_Functions" file="/var/www/html/test/wordpress_test/inpsyde_test/test/wp-content/plugins/plugintestslughere/tests/unit/tests/functions.php" line="250" assertions="1" time="0.022178"/>
          <testcase name="test_maybe_unserialize with data set #12" class="Tests_Functions" classname="Tests_Functions" file="/var/www/html/test/wordpress_test/inpsyde_test/test/wp-content/plugins/plugintestslughere/tests/unit/tests/functions.php" line="250" assertions="1" time="0.027125"/>
          <testcase name="test_maybe_unserialize with data set #13" class="Tests_Functions" classname="Tests_Functions" file="/var/www/html/test/wordpress_test/inpsyde_test/test/wp-content/plugins/plugintestslughere/tests/unit/tests/functions.php" line="250" assertions="1" time="0.023736"/>
          <testcase name="test_maybe_unserialize with data set #14" class="Tests_Functions" classname="Tests_Functions" file="/var/www/html/test/wordpress_test/inpsyde_test/test/wp-content/plugins/plugintestslughere/tests/unit/tests/functions.php" line="250" assertions="1" time="0.024027"/>
          <testcase name="test_maybe_unserialize with data set #15" class="Tests_Functions" classname="Tests_Functions" file="/var/www/html/test/wordpress_test/inpsyde_test/test/wp-content/plugins/plugintestslughere/tests/unit/tests/functions.php" line="250" assertions="1" time="0.022988"/>
          <testcase name="test_maybe_unserialize with data set #16" class="Tests_Functions" classname="Tests_Functions" file="/var/www/html/test/wordpress_test/inpsyde_test/test/wp-content/plugins/plugintestslughere/tests/unit/tests/functions.php" line="250" assertions="1" time="0.023064"/>
          <testcase name="test_maybe_unserialize with data set #17" class="Tests_Functions" classname="Tests_Functions" file="/var/www/html/test/wordpress_test/inpsyde_test/test/wp-content/plugins/plugintestslughere/tests/unit/tests/functions.php" line="250" assertions="1" time="0.022464"/>
          <testcase name="test_maybe_unserialize with data set #18" class="Tests_Functions" classname="Tests_Functions" file="/var/www/html/test/wordpress_test/inpsyde_test/test/wp-content/plugins/plugintestslughere/tests/unit/tests/functions.php" line="250" assertions="1" time="0.022969"/>
          <testcase name="test_maybe_unserialize with data set #19" class="Tests_Functions" classname="Tests_Functions" file="/var/www/html/test/wordpress_test/inpsyde_test/test/wp-content/plugins/plugintestslughere/tests/unit/tests/functions.php" line="250" assertions="1" time="0.023236"/>
          <testcase name="test_maybe_unserialize with data set #20" class="Tests_Functions" classname="Tests_Functions" file="/var/www/html/test/wordpress_test/inpsyde_test/test/wp-content/plugins/plugintestslughere/tests/unit/tests/functions.php" line="250" assertions="1" time="0.021595"/>
          <testcase name="test_maybe_unserialize with data set #21" class="Tests_Functions" classname="Tests_Functions" file="/var/www/html/test/wordpress_test/inpsyde_test/test/wp-content/plugins/plugintestslughere/tests/unit/tests/functions.php" line="250" assertions="1" time="0.022701"/>
          <testcase name="test_maybe_unserialize with data set #22" class="Tests_Functions" classname="Tests_Functions" file="/var/www/html/test/wordpress_test/inpsyde_test/test/wp-content/plugins/plugintestslughere/tests/unit/tests/functions.php" line="250" assertions="1" time="0.023265"/>
          <testcase name="test_maybe_unserialize with data set #23" class="Tests_Functions" classname="Tests_Functions" file="/var/www/html/test/wordpress_test/inpsyde_test/test/wp-content/plugins/plugintestslughere/tests/unit/tests/functions.php" line="250" assertions="1" time="0.022961"/>
          <testcase name="test_maybe_unserialize with data set #24" class="Tests_Functions" classname="Tests_Functions" file="/var/www/html/test/wordpress_test/inpsyde_test/test/wp-content/plugins/plugintestslughere/tests/unit/tests/functions.php" line="250" assertions="1" time="0.026303"/>
          <testcase name="test_maybe_unserialize with data set #25" class="Tests_Functions" classname="Tests_Functions" file="/var/www/html/test/wordpress_test/inpsyde_test/test/wp-content/plugins/plugintestslughere/tests/unit/tests/functions.php" line="250" assertions="1" time="0.024731"/>
        </testsuite>
        <testsuite name="Tests_Functions::test_is_serialized" tests="26" assertions="26" errors="0" failures="0" skipped="0" time="0.632871">
          <testcase name="test_is_serialized with data set #0" class="Tests_Functions" classname="Tests_Functions" file="/var/www/html/test/wordpress_test/inpsyde_test/test/wp-content/plugins/plugintestslughere/tests/unit/tests/functions.php" line="268" assertions="1" time="0.021150"/>
          <testcase name="test_is_serialized with data set #1" class="Tests_Functions" classname="Tests_Functions" file="/var/www/html/test/wordpress_test/inpsyde_test/test/wp-content/plugins/plugintestslughere/tests/unit/tests/functions.php" line="268" assertions="1" time="0.025147"/>
          <testcase name="test_is_serialized with data set #2" class="Tests_Functions" classname="Tests_Functions" file="/var/www/html/test/wordpress_test/inpsyde_test/test/wp-content/plugins/plugintestslughere/tests/unit/tests/functions.php" line="268" assertions="1" time="0.024280"/>
          <testcase name="test_is_serialized with data set #3" class="Tests_Functions" classname="Tests_Functions" file="/var/www/html/test/wordpress_test/inpsyde_test/test/wp-content/plugins/plugintestslughere/tests/unit/tests/functions.php" line="268" assertions="1" time="0.023304"/>
          <testcase name="test_is_serialized with data set #4" class="Tests_Functions" classname="Tests_Functions" file="/var/www/html/test/wordpress_test/inpsyde_test/test/wp-content/plugins/plugintestslughere/tests/unit/tests/functions.php" line="268" assertions="1" time="0.022303"/>
          <testcase name="test_is_serialized with data set #5" class="Tests_Functions" classname="Tests_Functions" file="/var/www/html/test/wordpress_test/inpsyde_test/test/wp-content/plugins/plugintestslughere/tests/unit/tests/functions.php" line="268" assertions="1" time="0.023564"/>
          <testcase name="test_is_serialized with data set #6" class="Tests_Functions" classname="Tests_Functions" file="/var/www/html/test/wordpress_test/inpsyde_test/test/wp-content/plugins/plugintestslughere/tests/unit/tests/functions.php" line="268" assertions="1" time="0.022827"/>
          <testcase name="test_is_serialized with data set #7" class="Tests_Functions" classname="Tests_Functions" file="/var/www/html/test/wordpress_test/inpsyde_test/test/wp-content/plugins/plugintestslughere/tests/unit/tests/functions.php" line="268" assertions="1" time="0.036566"/>
          <testcase name="test_is_serialized with data set #8" class="Tests_Functions" classname="Tests_Functions" file="/var/www/html/test/wordpress_test/inpsyde_test/test/wp-content/plugins/plugintestslughere/tests/unit/tests/functions.php" line="268" assertions="1" time="0.027277"/>
          <testcase name="test_is_serialized with data set #9" class="Tests_Functions" classname="Tests_Functions" file="/var/www/html/test/wordpress_test/inpsyde_test/test/wp-content/plugins/plugintestslughere/tests/unit/tests/functions.php" line="268" assertions="1" time="0.023076"/>
          <testcase name="test_is_serialized with data set #10" class="Tests_Functions" classname="Tests_Functions" file="/var/www/html/test/wordpress_test/inpsyde_test/test/wp-content/plugins/plugintestslughere/tests/unit/tests/functions.php" line="268" assertions="1" time="0.022692"/>
          <testcase name="test_is_serialized with data set #11" class="Tests_Functions" classname="Tests_Functions" file="/var/www/html/test/wordpress_test/inpsyde_test/test/wp-content/plugins/plugintestslughere/tests/unit/tests/functions.php" line="268" assertions="1" time="0.023766"/>
          <testcase name="test_is_serialized with data set #12" class="Tests_Functions" classname="Tests_Functions" file="/var/www/html/test/wordpress_test/inpsyde_test/test/wp-content/plugins/plugintestslughere/tests/unit/tests/functions.php" line="268" assertions="1" time="0.022231"/>
          <testcase name="test_is_serialized with data set #13" class="Tests_Functions" classname="Tests_Functions" file="/var/www/html/test/wordpress_test/inpsyde_test/test/wp-content/plugins/plugintestslughere/tests/unit/tests/functions.php" line="268" assertions="1" time="0.022819"/>
          <testcase name="test_is_serialized with data set #14" class="Tests_Functions" classname="Tests_Functions" file="/var/www/html/test/wordpress_test/inpsyde_test/test/wp-content/plugins/plugintestslughere/tests/unit/tests/functions.php" line="268" assertions="1" time="0.023431"/>
          <testcase name="test_is_serialized with data set #15" class="Tests_Functions" classname="Tests_Functions" file="/var/www/html/test/wordpress_test/inpsyde_test/test/wp-content/plugins/plugintestslughere/tests/unit/tests/functions.php" line="268" assertions="1" time="0.025715"/>
          <testcase name="test_is_serialized with data set #16" class="Tests_Functions" classname="Tests_Functions" file="/var/www/html/test/wordpress_test/inpsyde_test/test/wp-content/plugins/plugintestslughere/tests/unit/tests/functions.php" line="268" assertions="1" time="0.021479"/>
          <testcase name="test_is_serialized with data set #17" class="Tests_Functions" classname="Tests_Functions" file="/var/www/html/test/wordpress_test/inpsyde_test/test/wp-content/plugins/plugintestslughere/tests/unit/tests/functions.php" line="268" assertions="1" time="0.022739"/>
          <testcase name="test_is_serialized with data set #18" class="Tests_Functions" classname="Tests_Functions" file="/var/www/html/test/wordpress_test/inpsyde_test/test/wp-content/plugins/plugintestslughere/tests/unit/tests/functions.php" line="268" assertions="1" time="0.023962"/>
          <testcase name="test_is_serialized with data set #19" class="Tests_Functions" classname="Tests_Functions" file="/var/www/html/test/wordpress_test/inpsyde_test/test/wp-content/plugins/plugintestslughere/tests/unit/tests/functions.php" line="268" assertions="1" time="0.022738"/>
          <testcase name="test_is_serialized with data set #20" class="Tests_Functions" classname="Tests_Functions" file="/var/www/html/test/wordpress_test/inpsyde_test/test/wp-content/plugins/plugintestslughere/tests/unit/tests/functions.php" line="268" assertions="1" time="0.021907"/>
          <testcase name="test_is_serialized with data set #21" class="Tests_Functions" classname="Tests_Functions" file="/var/www/html/test/wordpress_test/inpsyde_test/test/wp-content/plugins/plugintestslughere/tests/unit/tests/functions.php" line="268" assertions="1" time="0.024477"/>
          <testcase name="test_is_serialized with data set #22" class="Tests_Functions" classname="Tests_Functions" file="/var/www/html/test/wordpress_test/inpsyde_test/test/wp-content/plugins/plugintestslughere/tests/unit/tests/functions.php" line="268" assertions="1" time="0.022658"/>
          <testcase name="test_is_serialized with data set #23" class="Tests_Functions" classname="Tests_Functions" file="/var/www/html/test/wordpress_test/inpsyde_test/test/wp-content/plugins/plugintestslughere/tests/unit/tests/functions.php" line="268" assertions="1" time="0.028311"/>
          <testcase name="test_is_serialized with data set #24" class="Tests_Functions" classname="Tests_Functions" file="/var/www/html/test/wordpress_test/inpsyde_test/test/wp-content/plugins/plugintestslughere/tests/unit/tests/functions.php" line="268" assertions="1" time="0.029927"/>
          <testcase name="test_is_serialized with data set #25" class="Tests_Functions" classname="Tests_Functions" file="/var/www/html/test/wordpress_test/inpsyde_test/test/wp-content/plugins/plugintestslughere/tests/unit/tests/functions.php" line="268" assertions="1" time="0.024525"/>
        </testsuite>
        <testsuite name="Tests_Functions::test_is_serialized_should_return_true_for_large_floats" tests="2" assertions="2" errors="0" failures="0" skipped="0" time="0.053854">
          <testcase name="test_is_serialized_should_return_true_for_large_floats with data set #0" class="Tests_Functions" classname="Tests_Functions" file="/var/www/html/test/wordpress_test/inpsyde_test/test/wp-content/plugins/plugintestslughere/tests/unit/tests/functions.php" line="328" assertions="1" time="0.024023"/>
          <testcase name="test_is_serialized_should_return_true_for_large_floats with data set #1" class="Tests_Functions" classname="Tests_Functions" file="/var/www/html/test/wordpress_test/inpsyde_test/test/wp-content/plugins/plugintestslughere/tests/unit/tests/functions.php" line="328" assertions="1" time="0.029831"/>
        </testsuite>
        <testcase name="test_no_new_serializable_types" class="Tests_Functions" classname="Tests_Functions" file="/var/www/html/test/wordpress_test/inpsyde_test/test/wp-content/plugins/plugintestslughere/tests/unit/tests/functions.php" line="342" assertions="1" time="0.032344"/>
        <testcase name="test_add_query_arg" class="Tests_Functions" classname="Tests_Functions" file="/var/www/html/test/wordpress_test/inpsyde_test/test/wp-content/plugins/plugintestslughere/tests/unit/tests/functions.php" line="349" assertions="152" time="0.038996"/>
        <testcase name="test_add_query_arg_numeric_keys" class="Tests_Functions" classname="Tests_Functions" file="/var/www/html/test/wordpress_test/inpsyde_test/test/wp-content/plugins/plugintestslughere/tests/unit/tests/functions.php" line="537" assertions="3" time="0.031043"/>
        <testcase name="test_get_allowed_mime_types" class="Tests_Functions" classname="Tests_Functions" file="/var/www/html/test/wordpress_test/inpsyde_test/test/wp-content/plugins/plugintestslughere/tests/unit/tests/functions.php" line="557" assertions="6" time="0.040047"/>
        <testcase name="test_wp_get_mime_types" class="Tests_Functions" classname="Tests_Functions" file="/var/www/html/test/wordpress_test/inpsyde_test/test/wp-content/plugins/plugintestslughere/tests/unit/tests/functions.php" line="577" assertions="11" time="0.034953"/>
        <testcase name="test_canonical_charset" class="Tests_Functions" classname="Tests_Functions" file="/var/www/html/test/wordpress_test/inpsyde_test/test/wp-content/plugins/plugintestslughere/tests/unit/tests/functions.php" line="609" assertions="9" time="0.303564"/>
        <testsuite name="Tests_Functions::test_wp_parse_list" tests="11" assertions="11" errors="0" failures="0" skipped="0" time="0.364895">
          <testcase name="test_wp_parse_list with data set #0" class="Tests_Functions" classname="Tests_Functions" file="/var/www/html/test/wordpress_test/inpsyde_test/test/wp-content/plugins/plugintestslughere/tests/unit/tests/functions.php" line="647" assertions="1" time="0.032988"/>
          <testcase name="test_wp_parse_list with data set #1" class="Tests_Functions" classname="Tests_Functions" file="/var/www/html/test/wordpress_test/inpsyde_test/test/wp-content/plugins/plugintestslughere/tests/unit/tests/functions.php" line="647" assertions="1" time="0.033798"/>
          <testcase name="test_wp_parse_list with data set #2" class="Tests_Functions" classname="Tests_Functions" file="/var/www/html/test/wordpress_test/inpsyde_test/test/wp-content/plugins/plugintestslughere/tests/unit/tests/functions.php" line="647" assertions="1" time="0.032974"/>
          <testcase name="test_wp_parse_list with data set #3" class="Tests_Functions" classname="Tests_Functions" file="/var/www/html/test/wordpress_test/inpsyde_test/test/wp-content/plugins/plugintestslughere/tests/unit/tests/functions.php" line="647" assertions="1" time="0.030587"/>
          <testcase name="test_wp_parse_list with data set #4" class="Tests_Functions" classname="Tests_Functions" file="/var/www/html/test/wordpress_test/inpsyde_test/test/wp-content/plugins/plugintestslughere/tests/unit/tests/functions.php" line="647" assertions="1" time="0.028843"/>
          <testcase name="test_wp_parse_list with data set #5" class="Tests_Functions" classname="Tests_Functions" file="/var/www/html/test/wordpress_test/inpsyde_test/test/wp-content/plugins/plugintestslughere/tests/unit/tests/functions.php" line="647" assertions="1" time="0.036785"/>
          <testcase name="test_wp_parse_list with data set #6" class="Tests_Functions" classname="Tests_Functions" file="/var/www/html/test/wordpress_test/inpsyde_test/test/wp-content/plugins/plugintestslughere/tests/unit/tests/functions.php" line="647" assertions="1" time="0.040956"/>
          <testcase name="test_wp_parse_list with data set #7" class="Tests_Functions" classname="Tests_Functions" file="/var/www/html/test/wordpress_test/inpsyde_test/test/wp-content/plugins/plugintestslughere/tests/unit/tests/functions.php" line="647" assertions="1" time="0.030374"/>
          <testcase name="test_wp_parse_list with data set #8" class="Tests_Functions" classname="Tests_Functions" file="/var/www/html/test/wordpress_test/inpsyde_test/test/wp-content/plugins/plugintestslughere/tests/unit/tests/functions.php" line="647" assertions="1" time="0.033080"/>
          <testcase name="test_wp_parse_list with data set #9" class="Tests_Functions" classname="Tests_Functions" file="/var/www/html/test/wordpress_test/inpsyde_test/test/wp-content/plugins/plugintestslughere/tests/unit/tests/functions.php" line="647" assertions="1" time="0.032179"/>
          <testcase name="test_wp_parse_list with data set #10" class="Tests_Functions" classname="Tests_Functions" file="/var/www/html/test/wordpress_test/inpsyde_test/test/wp-content/plugins/plugintestslughere/tests/unit/tests/functions.php" line="647" assertions="1" time="0.032331"/>
        </testsuite>
        <testsuite name="Tests_Functions::test_wp_parse_id_list" tests="7" assertions="7" errors="0" failures="0" skipped="0" time="0.202896">
          <testcase name="test_wp_parse_id_list with data set #0" class="Tests_Functions" classname="Tests_Functions" file="/var/www/html/test/wordpress_test/inpsyde_test/test/wp-content/plugins/plugintestslughere/tests/unit/tests/functions.php" line="670" assertions="1" time="0.031425"/>
          <testcase name="test_wp_parse_id_list with data set #1" class="Tests_Functions" classname="Tests_Functions" file="/var/www/html/test/wordpress_test/inpsyde_test/test/wp-content/plugins/plugintestslughere/tests/unit/tests/functions.php" line="670" assertions="1" time="0.030313"/>
          <testcase name="test_wp_parse_id_list with data set #2" class="Tests_Functions" classname="Tests_Functions" file="/var/www/html/test/wordpress_test/inpsyde_test/test/wp-content/plugins/plugintestslughere/tests/unit/tests/functions.php" line="670" assertions="1" time="0.028891"/>
          <testcase name="test_wp_parse_id_list with data set #3" class="Tests_Functions" classname="Tests_Functions" file="/var/www/html/test/wordpress_test/inpsyde_test/test/wp-content/plugins/plugintestslughere/tests/unit/tests/functions.php" line="670" assertions="1" time="0.027527"/>
          <testcase name="test_wp_parse_id_list with data set #4" class="Tests_Functions" classname="Tests_Functions" file="/var/www/html/test/wordpress_test/inpsyde_test/test/wp-content/plugins/plugintestslughere/tests/unit/tests/functions.php" line="670" assertions="1" time="0.027297"/>
          <testcase name="test_wp_parse_id_list with data set #5" class="Tests_Functions" classname="Tests_Functions" file="/var/www/html/test/wordpress_test/inpsyde_test/test/wp-content/plugins/plugintestslughere/tests/unit/tests/functions.php" line="670" assertions="1" time="0.027565"/>
          <testcase name="test_wp_parse_id_list with data set #6" class="Tests_Functions" classname="Tests_Functions" file="/var/www/html/test/wordpress_test/inpsyde_test/test/wp-content/plugins/plugintestslughere/tests/unit/tests/functions.php" line="670" assertions="1" time="0.029878"/>
        </testsuite>
        <testsuite name="Tests_Functions::test_wp_parse_slug_list" tests="4" assertions="4" errors="0" failures="0" skipped="0" time="0.123218">
          <testcase name="test_wp_parse_slug_list with data set #0" class="Tests_Functions" classname="Tests_Functions" file="/var/www/html/test/wordpress_test/inpsyde_test/test/wp-content/plugins/plugintestslughere/tests/unit/tests/functions.php" line="689" assertions="1" time="0.028308"/>
          <testcase name="test_wp_parse_slug_list with data set #1" class="Tests_Functions" classname="Tests_Functions" file="/var/www/html/test/wordpress_test/inpsyde_test/test/wp-content/plugins/plugintestslughere/tests/unit/tests/functions.php" line="689" assertions="1" time="0.030906"/>
          <testcase name="test_wp_parse_slug_list with data set #2" class="Tests_Functions" classname="Tests_Functions" file="/var/www/html/test/wordpress_test/inpsyde_test/test/wp-content/plugins/plugintestslughere/tests/unit/tests/functions.php" line="689" assertions="1" time="0.032113"/>
          <testcase name="test_wp_parse_slug_list with data set #3" class="Tests_Functions" classname="Tests_Functions" file="/var/www/html/test/wordpress_test/inpsyde_test/test/wp-content/plugins/plugintestslughere/tests/unit/tests/functions.php" line="689" assertions="1" time="0.031891"/>
        </testsuite>
        <testsuite name="Tests_Functions::test_device_can_upload" tests="9" assertions="9" errors="0" failures="0" skipped="0" time="0.250464">
          <testcase name="test_device_can_upload with data set #0" class="Tests_Functions" classname="Tests_Functions" file="/var/www/html/test/wordpress_test/inpsyde_test/test/wp-content/plugins/plugintestslughere/tests/unit/tests/functions.php" line="705" assertions="1" time="0.026725"/>
          <testcase name="test_device_can_upload with data set #1" class="Tests_Functions" classname="Tests_Functions" file="/var/www/html/test/wordpress_test/inpsyde_test/test/wp-content/plugins/plugintestslughere/tests/unit/tests/functions.php" line="705" assertions="1" time="0.028207"/>
          <testcase name="test_device_can_upload with data set #2" class="Tests_Functions" classname="Tests_Functions" file="/var/www/html/test/wordpress_test/inpsyde_test/test/wp-content/plugins/plugintestslughere/tests/unit/tests/functions.php" line="705" assertions="1" time="0.031190"/>
          <testcase name="test_device_can_upload with data set #3" class="Tests_Functions" classname="Tests_Functions" file="/var/www/html/test/wordpress_test/inpsyde_test/test/wp-content/plugins/plugintestslughere/tests/unit/tests/functions.php" line="705" assertions="1" time="0.024701"/>
          <testcase name="test_device_can_upload with data set #4" class="Tests_Functions" classname="Tests_Functions" file="/var/www/html/test/wordpress_test/inpsyde_test/test/wp-content/plugins/plugintestslughere/tests/unit/tests/functions.php" line="705" assertions="1" time="0.027170"/>
          <testcase name="test_device_can_upload with data set #5" class="Tests_Functions" classname="Tests_Functions" file="/var/www/html/test/wordpress_test/inpsyde_test/test/wp-content/plugins/plugintestslughere/tests/unit/tests/functions.php" line="705" assertions="1" time="0.030241"/>
          <testcase name="test_device_can_upload with data set #6" class="Tests_Functions" classname="Tests_Functions" file="/var/www/html/test/wordpress_test/inpsyde_test/test/wp-content/plugins/plugintestslughere/tests/unit/tests/functions.php" line="705" assertions="1" time="0.032411"/>
          <testcase name="test_device_can_upload with data set #7" class="Tests_Functions" classname="Tests_Functions" file="/var/www/html/test/wordpress_test/inpsyde_test/test/wp-content/plugins/plugintestslughere/tests/unit/tests/functions.php" line="705" assertions="1" time="0.025913"/>
          <testcase name="test_device_can_upload with data set #8" class="Tests_Functions" classname="Tests_Functions" file="/var/www/html/test/wordpress_test/inpsyde_test/test/wp-content/plugins/plugintestslughere/tests/unit/tests/functions.php" line="705" assertions="1" time="0.023906"/>
        </testsuite>
        <testcase name="test_wp_extract_urls" class="Tests_Functions" classname="Tests_Functions" file="/var/www/html/test/wordpress_test/inpsyde_test/test/wp-content/plugins/plugintestslughere/tests/unit/tests/functions.php" line="765" assertions="14" time="0.029845"/>
        <testcase name="test_wp_json_encode" class="Tests_Functions" classname="Tests_Functions" file="/var/www/html/test/wordpress_test/inpsyde_test/test/wp-content/plugins/plugintestslughere/tests/unit/tests/functions.php" line="932" assertions="1" time="0.034902"/>
        <testcase name="test_wp_json_encode_utf8" class="Tests_Functions" classname="Tests_Functions" file="/var/www/html/test/wordpress_test/inpsyde_test/test/wp-content/plugins/plugintestslughere/tests/unit/tests/functions.php" line="939" assertions="1" time="0.026737"/>
        <testcase name="test_wp_json_encode_non_utf8" class="Tests_Functions" classname="Tests_Functions" file="/var/www/html/test/wordpress_test/inpsyde_test/test/wp-content/plugins/plugintestslughere/tests/unit/tests/functions.php" line="947" assertions="2" time="0.061698"/>
        <testcase name="test_wp_json_encode_non_utf8_in_array" class="Tests_Functions" classname="Tests_Functions" file="/var/www/html/test/wordpress_test/inpsyde_test/test/wp-content/plugins/plugintestslughere/tests/unit/tests/functions.php" line="969" assertions="2" time="0.030808"/>
        <testcase name="test_wp_json_encode_array" class="Tests_Functions" classname="Tests_Functions" file="/var/www/html/test/wordpress_test/inpsyde_test/test/wp-content/plugins/plugintestslughere/tests/unit/tests/functions.php" line="990" assertions="1" time="0.027248"/>
        <testcase name="test_wp_json_encode_object" class="Tests_Functions" classname="Tests_Functions" file="/var/www/html/test/wordpress_test/inpsyde_test/test/wp-content/plugins/plugintestslughere/tests/unit/tests/functions.php" line="997" assertions="1" time="0.025071"/>
        <testcase name="test_wp_json_encode_depth" class="Tests_Functions" classname="Tests_Functions" file="/var/www/html/test/wordpress_test/inpsyde_test/test/wp-content/plugins/plugintestslughere/tests/unit/tests/functions.php" line="1006" assertions="2" time="0.028741"/>
        <testsuite name="Tests_Functions::test_mysql_to_rfc3339" tests="5" assertions="20" errors="0" failures="0" skipped="0" time="0.148879">
          <testcase name="test_mysql_to_rfc3339 with data set #0" class="Tests_Functions" classname="Tests_Functions" file="/var/www/html/test/wordpress_test/inpsyde_test/test/wp-content/plugins/plugintestslughere/tests/unit/tests/functions.php" line="1020" assertions="4" time="0.030109"/>
          <testcase name="test_mysql_to_rfc3339 with data set #1" class="Tests_Functions" classname="Tests_Functions" file="/var/www/html/test/wordpress_test/inpsyde_test/test/wp-content/plugins/plugintestslughere/tests/unit/tests/functions.php" line="1020" assertions="4" time="0.033968"/>
          <testcase name="test_mysql_to_rfc3339 with data set #2" class="Tests_Functions" classname="Tests_Functions" file="/var/www/html/test/wordpress_test/inpsyde_test/test/wp-content/plugins/plugintestslughere/tests/unit/tests/functions.php" line="1020" assertions="4" time="0.025530"/>
          <testcase name="test_mysql_to_rfc3339 with data set #3" class="Tests_Functions" classname="Tests_Functions" file="/var/www/html/test/wordpress_test/inpsyde_test/test/wp-content/plugins/plugintestslughere/tests/unit/tests/functions.php" line="1020" assertions="4" time="0.028848"/>
          <testcase name="test_mysql_to_rfc3339 with data set #4" class="Tests_Functions" classname="Tests_Functions" file="/var/www/html/test/wordpress_test/inpsyde_test/test/wp-content/plugins/plugintestslughere/tests/unit/tests/functions.php" line="1020" assertions="4" time="0.030424"/>
        </testsuite>
        <testcase name="test_wp_get_ext_types" class="Tests_Functions" classname="Tests_Functions" file="/var/www/html/test/wordpress_test/inpsyde_test/test/wp-content/plugins/plugintestslughere/tests/unit/tests/functions.php" line="1042" assertions="5" time="0.027981"/>
        <testcase name="test_wp_ext2type" class="Tests_Functions" classname="Tests_Functions" file="/var/www/html/test/wordpress_test/inpsyde_test/test/wp-content/plugins/plugintestslughere/tests/unit/tests/functions.php" line="1061" assertions="201" time="0.037570"/>
        <testcase name="test_wp_raise_memory_limit" class="Tests_Functions" classname="Tests_Functions" file="/var/www/html/test/wordpress_test/inpsyde_test/test/wp-content/plugins/plugintestslughere/tests/unit/tests/functions.php" line="1082" assertions="3" time="0.029448"/>
        <testcase name="test_wp_generate_uuid4" class="Tests_Functions" classname="Tests_Functions" file="/var/www/html/test/wordpress_test/inpsyde_test/test/wp-content/plugins/plugintestslughere/tests/unit/tests/functions.php" line="1102" assertions="21" time="0.031226"/>
        <testcase name="test_wp_is_valid_uuid" class="Tests_Functions" classname="Tests_Functions" file="/var/www/html/test/wordpress_test/inpsyde_test/test/wp-content/plugins/plugintestslughere/tests/unit/tests/functions.php" line="1120" assertions="28" time="0.025273"/>
        <testcase name="test_wp_unique_id" class="Tests_Functions" classname="Tests_Functions" file="/var/www/html/test/wordpress_test/inpsyde_test/test/wp-content/plugins/plugintestslughere/tests/unit/tests/functions.php" line="1170" assertions="62" time="0.028500"/>
        <testsuite name="Tests_Functions::test_wp_get_image_mime" tests="5" assertions="5" errors="0" failures="0" skipped="0" time="0.242738">
          <testcase name="test_wp_get_image_mime with data set #0" class="Tests_Functions" classname="Tests_Functions" file="/var/www/html/test/wordpress_test/inpsyde_test/test/wp-content/plugins/plugintestslughere/tests/unit/tests/functions.php" line="1196" assertions="1" time="0.046592"/>
          <testcase name="test_wp_get_image_mime with data set #1" class="Tests_Functions" classname="Tests_Functions" file="/var/www/html/test/wordpress_test/inpsyde_test/test/wp-content/plugins/plugintestslughere/tests/unit/tests/functions.php" line="1196" assertions="1" time="0.045580"/>
          <testcase name="test_wp_get_image_mime with data set #2" class="Tests_Functions" classname="Tests_Functions" file="/var/www/html/test/wordpress_test/inpsyde_test/test/wp-content/plugins/plugintestslughere/tests/unit/tests/functions.php" line="1196" assertions="1" time="0.059888"/>
          <testcase name="test_wp_get_image_mime with data set #3" class="Tests_Functions" classname="Tests_Functions" file="/var/www/html/test/wordpress_test/inpsyde_test/test/wp-content/plugins/plugintestslughere/tests/unit/tests/functions.php" line="1196" assertions="1" time="0.040177"/>
          <testcase name="test_wp_get_image_mime with data set #4" class="Tests_Functions" classname="Tests_Functions" file="/var/www/html/test/wordpress_test/inpsyde_test/test/wp-content/plugins/plugintestslughere/tests/unit/tests/functions.php" line="1196" assertions="1" time="0.050501"/>
        </testsuite>
        <testsuite name="Tests_Functions::test_wp_check_filetype_and_ext" tests="15" assertions="15" errors="0" failures="0" skipped="0" time="0.818804">
          <testcase name="test_wp_check_filetype_and_ext with data set #0" class="Tests_Functions" classname="Tests_Functions" file="/var/www/html/test/wordpress_test/inpsyde_test/test/wp-content/plugins/plugintestslughere/tests/unit/tests/functions.php" line="1209" assertions="1" time="0.030014"/>
          <testcase name="test_wp_check_filetype_and_ext with data set #1" class="Tests_Functions" classname="Tests_Functions" file="/var/www/html/test/wordpress_test/inpsyde_test/test/wp-content/plugins/plugintestslughere/tests/unit/tests/functions.php" line="1209" assertions="1" time="0.028819"/>
          <testcase name="test_wp_check_filetype_and_ext with data set #2" class="Tests_Functions" classname="Tests_Functions" file="/var/www/html/test/wordpress_test/inpsyde_test/test/wp-content/plugins/plugintestslughere/tests/unit/tests/functions.php" line="1209" assertions="1" time="0.028608"/>
          <testcase name="test_wp_check_filetype_and_ext with data set #3" class="Tests_Functions" classname="Tests_Functions" file="/var/www/html/test/wordpress_test/inpsyde_test/test/wp-content/plugins/plugintestslughere/tests/unit/tests/functions.php" line="1209" assertions="1" time="0.353392"/>
          <testcase name="test_wp_check_filetype_and_ext with data set #4" class="Tests_Functions" classname="Tests_Functions" file="/var/www/html/test/wordpress_test/inpsyde_test/test/wp-content/plugins/plugintestslughere/tests/unit/tests/functions.php" line="1209" assertions="1" time="0.055586"/>
          <testcase name="test_wp_check_filetype_and_ext with data set #5" class="Tests_Functions" classname="Tests_Functions" file="/var/www/html/test/wordpress_test/inpsyde_test/test/wp-content/plugins/plugintestslughere/tests/unit/tests/functions.php" line="1209" assertions="1" time="0.033902"/>
          <testcase name="test_wp_check_filetype_and_ext with data set #6" class="Tests_Functions" classname="Tests_Functions" file="/var/www/html/test/wordpress_test/inpsyde_test/test/wp-content/plugins/plugintestslughere/tests/unit/tests/functions.php" line="1209" assertions="1" time="0.026664"/>
          <testcase name="test_wp_check_filetype_and_ext with data set #7" class="Tests_Functions" classname="Tests_Functions" file="/var/www/html/test/wordpress_test/inpsyde_test/test/wp-content/plugins/plugintestslughere/tests/unit/tests/functions.php" line="1209" assertions="1" time="0.029255"/>
          <testcase name="test_wp_check_filetype_and_ext with data set #8" class="Tests_Functions" classname="Tests_Functions" file="/var/www/html/test/wordpress_test/inpsyde_test/test/wp-content/plugins/plugintestslughere/tests/unit/tests/functions.php" line="1209" assertions="1" time="0.030435"/>
          <testcase name="test_wp_check_filetype_and_ext with data set #9" class="Tests_Functions" classname="Tests_Functions" file="/var/www/html/test/wordpress_test/inpsyde_test/test/wp-content/plugins/plugintestslughere/tests/unit/tests/functions.php" line="1209" assertions="1" time="0.027944"/>
          <testcase name="test_wp_check_filetype_and_ext with data set #10" class="Tests_Functions" classname="Tests_Functions" file="/var/www/html/test/wordpress_test/inpsyde_test/test/wp-content/plugins/plugintestslughere/tests/unit/tests/functions.php" line="1209" assertions="1" time="0.036775"/>
          <testcase name="test_wp_check_filetype_and_ext with data set #11" class="Tests_Functions" classname="Tests_Functions" file="/var/www/html/test/wordpress_test/inpsyde_test/test/wp-content/plugins/plugintestslughere/tests/unit/tests/functions.php" line="1209" assertions="1" time="0.029728"/>
          <testcase name="test_wp_check_filetype_and_ext with data set #12" class="Tests_Functions" classname="Tests_Functions" file="/var/www/html/test/wordpress_test/inpsyde_test/test/wp-content/plugins/plugintestslughere/tests/unit/tests/functions.php" line="1209" assertions="1" time="0.037099"/>
          <testcase name="test_wp_check_filetype_and_ext with data set #13" class="Tests_Functions" classname="Tests_Functions" file="/var/www/html/test/wordpress_test/inpsyde_test/test/wp-content/plugins/plugintestslughere/tests/unit/tests/functions.php" line="1209" assertions="1" time="0.042350"/>
          <testcase name="test_wp_check_filetype_and_ext with data set #14" class="Tests_Functions" classname="Tests_Functions" file="/var/www/html/test/wordpress_test/inpsyde_test/test/wp-content/plugins/plugintestslughere/tests/unit/tests/functions.php" line="1209" assertions="1" time="0.028233"/>
        </testsuite>
        <testcase name="test_wp_check_filetype_and_ext_with_filtered_svg" class="Tests_Functions" classname="Tests_Functions" file="/var/www/html/test/wordpress_test/inpsyde_test/test/wp-content/plugins/plugintestslughere/tests/unit/tests/functions.php" line="1218" assertions="1" time="0.032670"/>
        <testcase name="test_wp_check_filetype_and_ext_with_filtered_woff" class="Tests_Functions" classname="Tests_Functions" file="/var/www/html/test/wordpress_test/inpsyde_test/test/wp-content/plugins/plugintestslughere/tests/unit/tests/functions.php" line="1240" assertions="1" time="0.028823"/>
        <testsuite name="Tests_Functions::test_validate_file" tests="21" assertions="21" errors="0" failures="0" skipped="0" time="0.601739">
          <testcase name="test_validate_file with data set #0" class="Tests_Functions" classname="Tests_Functions" file="/var/www/html/test/wordpress_test/inpsyde_test/test/wp-content/plugins/plugintestslughere/tests/unit/tests/functions.php" line="1477" assertions="1" time="0.026105"/>
          <testcase name="test_validate_file with data set #1" class="Tests_Functions" classname="Tests_Functions" file="/var/www/html/test/wordpress_test/inpsyde_test/test/wp-content/plugins/plugintestslughere/tests/unit/tests/functions.php" line="1477" assertions="1" time="0.027940"/>
          <testcase name="test_validate_file with data set #2" class="Tests_Functions" classname="Tests_Functions" file="/var/www/html/test/wordpress_test/inpsyde_test/test/wp-content/plugins/plugintestslughere/tests/unit/tests/functions.php" line="1477" assertions="1" time="0.033007"/>
          <testcase name="test_validate_file with data set #3" class="Tests_Functions" classname="Tests_Functions" file="/var/www/html/test/wordpress_test/inpsyde_test/test/wp-content/plugins/plugintestslughere/tests/unit/tests/functions.php" line="1477" assertions="1" time="0.030376"/>
          <testcase name="test_validate_file with data set #4" class="Tests_Functions" classname="Tests_Functions" file="/var/www/html/test/wordpress_test/inpsyde_test/test/wp-content/plugins/plugintestslughere/tests/unit/tests/functions.php" line="1477" assertions="1" time="0.026414"/>
          <testcase name="test_validate_file with data set #5" class="Tests_Functions" classname="Tests_Functions" file="/var/www/html/test/wordpress_test/inpsyde_test/test/wp-content/plugins/plugintestslughere/tests/unit/tests/functions.php" line="1477" assertions="1" time="0.033759"/>
          <testcase name="test_validate_file with data set #6" class="Tests_Functions" classname="Tests_Functions" file="/var/www/html/test/wordpress_test/inpsyde_test/test/wp-content/plugins/plugintestslughere/tests/unit/tests/functions.php" line="1477" assertions="1" time="0.030012"/>
          <testcase name="test_validate_file with data set #7" class="Tests_Functions" classname="Tests_Functions" file="/var/www/html/test/wordpress_test/inpsyde_test/test/wp-content/plugins/plugintestslughere/tests/unit/tests/functions.php" line="1477" assertions="1" time="0.028041"/>
          <testcase name="test_validate_file with data set #8" class="Tests_Functions" classname="Tests_Functions" file="/var/www/html/test/wordpress_test/inpsyde_test/test/wp-content/plugins/plugintestslughere/tests/unit/tests/functions.php" line="1477" assertions="1" time="0.030001"/>
          <testcase name="test_validate_file with data set #9" class="Tests_Functions" classname="Tests_Functions" file="/var/www/html/test/wordpress_test/inpsyde_test/test/wp-content/plugins/plugintestslughere/tests/unit/tests/functions.php" line="1477" assertions="1" time="0.028949"/>
          <testcase name="test_validate_file with data set #10" class="Tests_Functions" classname="Tests_Functions" file="/var/www/html/test/wordpress_test/inpsyde_test/test/wp-content/plugins/plugintestslughere/tests/unit/tests/functions.php" line="1477" assertions="1" time="0.027060"/>
          <testcase name="test_validate_file with data set #11" class="Tests_Functions" classname="Tests_Functions" file="/var/www/html/test/wordpress_test/inpsyde_test/test/wp-content/plugins/plugintestslughere/tests/unit/tests/functions.php" line="1477" assertions="1" time="0.027334"/>
          <testcase name="test_validate_file with data set #12" class="Tests_Functions" classname="Tests_Functions" file="/var/www/html/test/wordpress_test/inpsyde_test/test/wp-content/plugins/plugintestslughere/tests/unit/tests/functions.php" line="1477" assertions="1" time="0.029305"/>
          <testcase name="test_validate_file with data set #13" class="Tests_Functions" classname="Tests_Functions" file="/var/www/html/test/wordpress_test/inpsyde_test/test/wp-content/plugins/plugintestslughere/tests/unit/tests/functions.php" line="1477" assertions="1" time="0.033565"/>
          <testcase name="test_validate_file with data set #14" class="Tests_Functions" classname="Tests_Functions" file="/var/www/html/test/wordpress_test/inpsyde_test/test/wp-content/plugins/plugintestslughere/tests/unit/tests/functions.php" line="1477" assertions="1" time="0.025074"/>
          <testcase name="test_validate_file with data set #15" class="Tests_Functions" classname="Tests_Functions" file="/var/www/html/test/wordpress_test/inpsyde_test/test/wp-content/plugins/plugintestslughere/tests/unit/tests/functions.php" line="1477" assertions="1" time="0.026276"/>
          <testcase name="test_validate_file with data set #16" class="Tests_Functions" classname="Tests_Functions" file="/var/www/html/test/wordpress_test/inpsyde_test/test/wp-content/plugins/plugintestslughere/tests/unit/tests/functions.php" line="1477" assertions="1" time="0.029180"/>
          <testcase name="test_validate_file with data set #17" class="Tests_Functions" classname="Tests_Functions" file="/var/www/html/test/wordpress_test/inpsyde_test/test/wp-content/plugins/plugintestslughere/tests/unit/tests/functions.php" line="1477" assertions="1" time="0.026482"/>
          <testcase name="test_validate_file with data set #18" class="Tests_Functions" classname="Tests_Functions" file="/var/www/html/test/wordpress_test/inpsyde_test/test/wp-content/plugins/plugintestslughere/tests/unit/tests/functions.php" line="1477" assertions="1" time="0.024257"/>
          <testcase name="test_validate_file with data set #19" class="Tests_Functions" classname="Tests_Functions" file="/var/www/html/test/wordpress_test/inpsyde_test/test/wp-content/plugins/plugintestslughere/tests/unit/tests/functions.php" line="1477" assertions="1" time="0.027490"/>
          <testcase name="test_validate_file with data set #20" class="Tests_Functions" classname="Tests_Functions" file="/var/www/html/test/wordpress_test/inpsyde_test/test/wp-content/plugins/plugintestslughere/tests/unit/tests/functions.php" line="1477" assertions="1" time="0.031113"/>
        </testsuite>
        <testsuite name="Tests_Functions::test_wp_is_stream" tests="9" assertions="9" errors="0" failures="0" skipped="0" time="0.260695">
          <testcase name="test_wp_is_stream with data set #0" class="Tests_Functions" classname="Tests_Functions" file="/var/www/html/test/wordpress_test/inpsyde_test/test/wp-content/plugins/plugintestslughere/tests/unit/tests/functions.php" line="1619" assertions="1" time="0.033542"/>
          <testcase name="test_wp_is_stream with data set #1" class="Tests_Functions" classname="Tests_Functions" file="/var/www/html/test/wordpress_test/inpsyde_test/test/wp-content/plugins/plugintestslughere/tests/unit/tests/functions.php" line="1619" assertions="1" time="0.026827"/>
          <testcase name="test_wp_is_stream with data set #2" class="Tests_Functions" classname="Tests_Functions" file="/var/www/html/test/wordpress_test/inpsyde_test/test/wp-content/plugins/plugintestslughere/tests/unit/tests/functions.php" line="1619" assertions="1" time="0.031043"/>
          <testcase name="test_wp_is_stream with data set #3" class="Tests_Functions" classname="Tests_Functions" file="/var/www/html/test/wordpress_test/inpsyde_test/test/wp-content/plugins/plugintestslughere/tests/unit/tests/functions.php" line="1619" assertions="1" time="0.028907"/>
          <testcase name="test_wp_is_stream with data set #4" class="Tests_Functions" classname="Tests_Functions" file="/var/www/html/test/wordpress_test/inpsyde_test/test/wp-content/plugins/plugintestslughere/tests/unit/tests/functions.php" line="1619" assertions="1" time="0.029489"/>
          <testcase name="test_wp_is_stream with data set #5" class="Tests_Functions" classname="Tests_Functions" file="/var/www/html/test/wordpress_test/inpsyde_test/test/wp-content/plugins/plugintestslughere/tests/unit/tests/functions.php" line="1619" assertions="1" time="0.027154"/>
          <testcase name="test_wp_is_stream with data set #6" class="Tests_Functions" classname="Tests_Functions" file="/var/www/html/test/wordpress_test/inpsyde_test/test/wp-content/plugins/plugintestslughere/tests/unit/tests/functions.php" line="1619" assertions="1" time="0.027573"/>
          <testcase name="test_wp_is_stream with data set #7" class="Tests_Functions" classname="Tests_Functions" file="/var/www/html/test/wordpress_test/inpsyde_test/test/wp-content/plugins/plugintestslughere/tests/unit/tests/functions.php" line="1619" assertions="1" time="0.027607"/>
          <testcase name="test_wp_is_stream with data set #8" class="Tests_Functions" classname="Tests_Functions" file="/var/www/html/test/wordpress_test/inpsyde_test/test/wp-content/plugins/plugintestslughere/tests/unit/tests/functions.php" line="1619" assertions="1" time="0.028553"/>
        </testsuite>
        <testsuite name="Tests_Functions::test_human_readable_duration" tests="45" assertions="45" errors="0" failures="0" skipped="0" time="1.346709">
          <testcase name="test_human_readable_duration with data set #0" class="Tests_Functions" classname="Tests_Functions" file="/var/www/html/test/wordpress_test/inpsyde_test/test/wp-content/plugins/plugintestslughere/tests/unit/tests/functions.php" line="1663" assertions="1" time="0.031980"/>
          <testcase name="test_human_readable_duration with data set #1" class="Tests_Functions" classname="Tests_Functions" file="/var/www/html/test/wordpress_test/inpsyde_test/test/wp-content/plugins/plugintestslughere/tests/unit/tests/functions.php" line="1663" assertions="1" time="0.025101"/>
          <testcase name="test_human_readable_duration with data set #2" class="Tests_Functions" classname="Tests_Functions" file="/var/www/html/test/wordpress_test/inpsyde_test/test/wp-content/plugins/plugintestslughere/tests/unit/tests/functions.php" line="1663" assertions="1" time="0.030074"/>
          <testcase name="test_human_readable_duration with data set #3" class="Tests_Functions" classname="Tests_Functions" file="/var/www/html/test/wordpress_test/inpsyde_test/test/wp-content/plugins/plugintestslughere/tests/unit/tests/functions.php" line="1663" assertions="1" time="0.035388"/>
          <testcase name="test_human_readable_duration with data set #4" class="Tests_Functions" classname="Tests_Functions" file="/var/www/html/test/wordpress_test/inpsyde_test/test/wp-content/plugins/plugintestslughere/tests/unit/tests/functions.php" line="1663" assertions="1" time="0.028937"/>
          <testcase name="test_human_readable_duration with data set #5" class="Tests_Functions" classname="Tests_Functions" file="/var/www/html/test/wordpress_test/inpsyde_test/test/wp-content/plugins/plugintestslughere/tests/unit/tests/functions.php" line="1663" assertions="1" time="0.028406"/>
          <testcase name="test_human_readable_duration with data set #6" class="Tests_Functions" classname="Tests_Functions" file="/var/www/html/test/wordpress_test/inpsyde_test/test/wp-content/plugins/plugintestslughere/tests/unit/tests/functions.php" line="1663" assertions="1" time="0.032364"/>
          <testcase name="test_human_readable_duration with data set #7" class="Tests_Functions" classname="Tests_Functions" file="/var/www/html/test/wordpress_test/inpsyde_test/test/wp-content/plugins/plugintestslughere/tests/unit/tests/functions.php" line="1663" assertions="1" time="0.026615"/>
          <testcase name="test_human_readable_duration with data set #8" class="Tests_Functions" classname="Tests_Functions" file="/var/www/html/test/wordpress_test/inpsyde_test/test/wp-content/plugins/plugintestslughere/tests/unit/tests/functions.php" line="1663" assertions="1" time="0.030834"/>
          <testcase name="test_human_readable_duration with data set #9" class="Tests_Functions" classname="Tests_Functions" file="/var/www/html/test/wordpress_test/inpsyde_test/test/wp-content/plugins/plugintestslughere/tests/unit/tests/functions.php" line="1663" assertions="1" time="0.027022"/>
          <testcase name="test_human_readable_duration with data set #10" class="Tests_Functions" classname="Tests_Functions" file="/var/www/html/test/wordpress_test/inpsyde_test/test/wp-content/plugins/plugintestslughere/tests/unit/tests/functions.php" line="1663" assertions="1" time="0.031252"/>
          <testcase name="test_human_readable_duration with data set #11" class="Tests_Functions" classname="Tests_Functions" file="/var/www/html/test/wordpress_test/inpsyde_test/test/wp-content/plugins/plugintestslughere/tests/unit/tests/functions.php" line="1663" assertions="1" time="0.026823"/>
          <testcase name="test_human_readable_duration with data set #12" class="Tests_Functions" classname="Tests_Functions" file="/var/www/html/test/wordpress_test/inpsyde_test/test/wp-content/plugins/plugintestslughere/tests/unit/tests/functions.php" line="1663" assertions="1" time="0.029361"/>
          <testcase name="test_human_readable_duration with data set #13" class="Tests_Functions" classname="Tests_Functions" file="/var/www/html/test/wordpress_test/inpsyde_test/test/wp-content/plugins/plugintestslughere/tests/unit/tests/functions.php" line="1663" assertions="1" time="0.030822"/>
          <testcase name="test_human_readable_duration with data set #14" class="Tests_Functions" classname="Tests_Functions" file="/var/www/html/test/wordpress_test/inpsyde_test/test/wp-content/plugins/plugintestslughere/tests/unit/tests/functions.php" line="1663" assertions="1" time="0.030536"/>
          <testcase name="test_human_readable_duration with data set #15" class="Tests_Functions" classname="Tests_Functions" file="/var/www/html/test/wordpress_test/inpsyde_test/test/wp-content/plugins/plugintestslughere/tests/unit/tests/functions.php" line="1663" assertions="1" time="0.028279"/>
          <testcase name="test_human_readable_duration with data set #16" class="Tests_Functions" classname="Tests_Functions" file="/var/www/html/test/wordpress_test/inpsyde_test/test/wp-content/plugins/plugintestslughere/tests/unit/tests/functions.php" line="1663" assertions="1" time="0.027159"/>
          <testcase name="test_human_readable_duration with data set #17" class="Tests_Functions" classname="Tests_Functions" file="/var/www/html/test/wordpress_test/inpsyde_test/test/wp-content/plugins/plugintestslughere/tests/unit/tests/functions.php" line="1663" assertions="1" time="0.030290"/>
          <testcase name="test_human_readable_duration with data set #18" class="Tests_Functions" classname="Tests_Functions" file="/var/www/html/test/wordpress_test/inpsyde_test/test/wp-content/plugins/plugintestslughere/tests/unit/tests/functions.php" line="1663" assertions="1" time="0.025060"/>
          <testcase name="test_human_readable_duration with data set #19" class="Tests_Functions" classname="Tests_Functions" file="/var/www/html/test/wordpress_test/inpsyde_test/test/wp-content/plugins/plugintestslughere/tests/unit/tests/functions.php" line="1663" assertions="1" time="0.025258"/>
          <testcase name="test_human_readable_duration with data set #20" class="Tests_Functions" classname="Tests_Functions" file="/var/www/html/test/wordpress_test/inpsyde_test/test/wp-content/plugins/plugintestslughere/tests/unit/tests/functions.php" line="1663" assertions="1" time="0.029206"/>
          <testcase name="test_human_readable_duration with data set #21" class="Tests_Functions" classname="Tests_Functions" file="/var/www/html/test/wordpress_test/inpsyde_test/test/wp-content/plugins/plugintestslughere/tests/unit/tests/functions.php" line="1663" assertions="1" time="0.027975"/>
          <testcase name="test_human_readable_duration with data set #22" class="Tests_Functions" classname="Tests_Functions" file="/var/www/html/test/wordpress_test/inpsyde_test/test/wp-content/plugins/plugintestslughere/tests/unit/tests/functions.php" line="1663" assertions="1" time="0.027932"/>
          <testcase name="test_human_readable_duration with data set #23" class="Tests_Functions" classname="Tests_Functions" file="/var/www/html/test/wordpress_test/inpsyde_test/test/wp-content/plugins/plugintestslughere/tests/unit/tests/functions.php" line="1663" assertions="1" time="0.027758"/>
          <testcase name="test_human_readable_duration with data set #24" class="Tests_Functions" classname="Tests_Functions" file="/var/www/html/test/wordpress_test/inpsyde_test/test/wp-content/plugins/plugintestslughere/tests/unit/tests/functions.php" line="1663" assertions="1" time="0.034090"/>
          <testcase name="test_human_readable_duration with data set #25" class="Tests_Functions" classname="Tests_Functions" file="/var/www/html/test/wordpress_test/inpsyde_test/test/wp-content/plugins/plugintestslughere/tests/unit/tests/functions.php" line="1663" assertions="1" time="0.032758"/>
          <testcase name="test_human_readable_duration with data set #26" class="Tests_Functions" classname="Tests_Functions" file="/var/www/html/test/wordpress_test/inpsyde_test/test/wp-content/plugins/plugintestslughere/tests/unit/tests/functions.php" line="1663" assertions="1" time="0.029484"/>
          <testcase name="test_human_readable_duration with data set #27" class="Tests_Functions" classname="Tests_Functions" file="/var/www/html/test/wordpress_test/inpsyde_test/test/wp-content/plugins/plugintestslughere/tests/unit/tests/functions.php" line="1663" assertions="1" time="0.032345"/>
          <testcase name="test_human_readable_duration with data set #28" class="Tests_Functions" classname="Tests_Functions" file="/var/www/html/test/wordpress_test/inpsyde_test/test/wp-content/plugins/plugintestslughere/tests/unit/tests/functions.php" line="1663" assertions="1" time="0.038273"/>
          <testcase name="test_human_readable_duration with data set #29" class="Tests_Functions" classname="Tests_Functions" file="/var/www/html/test/wordpress_test/inpsyde_test/test/wp-content/plugins/plugintestslughere/tests/unit/tests/functions.php" line="1663" assertions="1" time="0.031912"/>
          <testcase name="test_human_readable_duration with data set #30" class="Tests_Functions" classname="Tests_Functions" file="/var/www/html/test/wordpress_test/inpsyde_test/test/wp-content/plugins/plugintestslughere/tests/unit/tests/functions.php" line="1663" assertions="1" time="0.028861"/>
          <testcase name="test_human_readable_duration with data set #31" class="Tests_Functions" classname="Tests_Functions" file="/var/www/html/test/wordpress_test/inpsyde_test/test/wp-content/plugins/plugintestslughere/tests/unit/tests/functions.php" line="1663" assertions="1" time="0.028017"/>
          <testcase name="test_human_readable_duration with data set #32" class="Tests_Functions" classname="Tests_Functions" file="/var/www/html/test/wordpress_test/inpsyde_test/test/wp-content/plugins/plugintestslughere/tests/unit/tests/functions.php" line="1663" assertions="1" time="0.026938"/>
          <testcase name="test_human_readable_duration with data set #33" class="Tests_Functions" classname="Tests_Functions" file="/var/www/html/test/wordpress_test/inpsyde_test/test/wp-content/plugins/plugintestslughere/tests/unit/tests/functions.php" line="1663" assertions="1" time="0.030557"/>
          <testcase name="test_human_readable_duration with data set #34" class="Tests_Functions" classname="Tests_Functions" file="/var/www/html/test/wordpress_test/inpsyde_test/test/wp-content/plugins/plugintestslughere/tests/unit/tests/functions.php" line="1663" assertions="1" time="0.032767"/>
          <testcase name="test_human_readable_duration with data set #35" class="Tests_Functions" classname="Tests_Functions" file="/var/www/html/test/wordpress_test/inpsyde_test/test/wp-content/plugins/plugintestslughere/tests/unit/tests/functions.php" line="1663" assertions="1" time="0.031847"/>
          <testcase name="test_human_readable_duration with data set #36" class="Tests_Functions" classname="Tests_Functions" file="/var/www/html/test/wordpress_test/inpsyde_test/test/wp-content/plugins/plugintestslughere/tests/unit/tests/functions.php" line="1663" assertions="1" time="0.026417"/>
          <testcase name="test_human_readable_duration with data set #37" class="Tests_Functions" classname="Tests_Functions" file="/var/www/html/test/wordpress_test/inpsyde_test/test/wp-content/plugins/plugintestslughere/tests/unit/tests/functions.php" line="1663" assertions="1" time="0.027490"/>
          <testcase name="test_human_readable_duration with data set #38" class="Tests_Functions" classname="Tests_Functions" file="/var/www/html/test/wordpress_test/inpsyde_test/test/wp-content/plugins/plugintestslughere/tests/unit/tests/functions.php" line="1663" assertions="1" time="0.031726"/>
          <testcase name="test_human_readable_duration with data set #39" class="Tests_Functions" classname="Tests_Functions" file="/var/www/html/test/wordpress_test/inpsyde_test/test/wp-content/plugins/plugintestslughere/tests/unit/tests/functions.php" line="1663" assertions="1" time="0.030830"/>
          <testcase name="test_human_readable_duration with data set #40" class="Tests_Functions" classname="Tests_Functions" file="/var/www/html/test/wordpress_test/inpsyde_test/test/wp-content/plugins/plugintestslughere/tests/unit/tests/functions.php" line="1663" assertions="1" time="0.028884"/>
          <testcase name="test_human_readable_duration with data set #41" class="Tests_Functions" classname="Tests_Functions" file="/var/www/html/test/wordpress_test/inpsyde_test/test/wp-content/plugins/plugintestslughere/tests/unit/tests/functions.php" line="1663" assertions="1" time="0.024836"/>
          <testcase name="test_human_readable_duration with data set #42" class="Tests_Functions" classname="Tests_Functions" file="/var/www/html/test/wordpress_test/inpsyde_test/test/wp-content/plugins/plugintestslughere/tests/unit/tests/functions.php" line="1663" assertions="1" time="0.028180"/>
          <testcase name="test_human_readable_duration with data set #43" class="Tests_Functions" classname="Tests_Functions" file="/var/www/html/test/wordpress_test/inpsyde_test/test/wp-content/plugins/plugintestslughere/tests/unit/tests/functions.php" line="1663" assertions="1" time="0.032181"/>
          <testcase name="test_human_readable_duration with data set #44" class="Tests_Functions" classname="Tests_Functions" file="/var/www/html/test/wordpress_test/inpsyde_test/test/wp-content/plugins/plugintestslughere/tests/unit/tests/functions.php" line="1663" assertions="1" time="0.043884"/>
        </testsuite>
      </testsuite>
      <testsuite name="Tests_Functions_AddMagicQuotes" file="/var/www/html/test/wordpress_test/inpsyde_test/test/wp-content/plugins/plugintestslughere/tests/unit/tests/functions/addMagicQuotes.php" tests="1" assertions="1" errors="0" failures="0" skipped="0" time="0.032813">
        <testsuite name="Tests_Functions_AddMagicQuotes::test_add_magic_quotes" tests="1" assertions="1" errors="0" failures="0" skipped="0" time="0.032813">
          <testcase name="test_add_magic_quotes with data set #0" class="Tests_Functions_AddMagicQuotes" classname="Tests_Functions_AddMagicQuotes" file="/var/www/html/test/wordpress_test/inpsyde_test/test/wp-content/plugins/plugintestslughere/tests/unit/tests/functions/addMagicQuotes.php" line="18" assertions="1" time="0.032813"/>
        </testsuite>
      </testsuite>
      <testsuite name="Tests_Functions_AllowedProtocols" file="/var/www/html/test/wordpress_test/inpsyde_test/test/wp-content/plugins/plugintestslughere/tests/unit/tests/functions/allowedProtocols.php" tests="24" assertions="46" errors="0" failures="0" skipped="0" time="0.799414">
        <testcase name="test_data_is_not_an_allowed_protocol" class="Tests_Functions_AllowedProtocols" classname="Tests_Functions_AllowedProtocols" file="/var/www/html/test/wordpress_test/inpsyde_test/test/wp-content/plugins/plugintestslughere/tests/unit/tests/functions/allowedProtocols.php" line="13" assertions="1" time="0.028510"/>
        <testcase name="test_allowed_protocol_has_an_example" class="Tests_Functions_AllowedProtocols" classname="Tests_Functions_AllowedProtocols" file="/var/www/html/test/wordpress_test/inpsyde_test/test/wp-content/plugins/plugintestslughere/tests/unit/tests/functions/allowedProtocols.php" line="17" assertions="1" time="0.027173"/>
        <testsuite name="Tests_Functions_AllowedProtocols::test_allowed_protocols" tests="22" assertions="44" errors="0" failures="0" skipped="0" time="0.743731">
          <testcase name="test_allowed_protocols with data set #0" class="Tests_Functions_AllowedProtocols" classname="Tests_Functions_AllowedProtocols" file="/var/www/html/test/wordpress_test/inpsyde_test/test/wp-content/plugins/plugintestslughere/tests/unit/tests/functions/allowedProtocols.php" line="32" assertions="2" time="0.031567"/>
          <testcase name="test_allowed_protocols with data set #1" class="Tests_Functions_AllowedProtocols" classname="Tests_Functions_AllowedProtocols" file="/var/www/html/test/wordpress_test/inpsyde_test/test/wp-content/plugins/plugintestslughere/tests/unit/tests/functions/allowedProtocols.php" line="32" assertions="2" time="0.031369"/>
          <testcase name="test_allowed_protocols with data set #2" class="Tests_Functions_AllowedProtocols" classname="Tests_Functions_AllowedProtocols" file="/var/www/html/test/wordpress_test/inpsyde_test/test/wp-content/plugins/plugintestslughere/tests/unit/tests/functions/allowedProtocols.php" line="32" assertions="2" time="0.031088"/>
          <testcase name="test_allowed_protocols with data set #3" class="Tests_Functions_AllowedProtocols" classname="Tests_Functions_AllowedProtocols" file="/var/www/html/test/wordpress_test/inpsyde_test/test/wp-content/plugins/plugintestslughere/tests/unit/tests/functions/allowedProtocols.php" line="32" assertions="2" time="0.031575"/>
          <testcase name="test_allowed_protocols with data set #4" class="Tests_Functions_AllowedProtocols" classname="Tests_Functions_AllowedProtocols" file="/var/www/html/test/wordpress_test/inpsyde_test/test/wp-content/plugins/plugintestslughere/tests/unit/tests/functions/allowedProtocols.php" line="32" assertions="2" time="0.044385"/>
          <testcase name="test_allowed_protocols with data set #5" class="Tests_Functions_AllowedProtocols" classname="Tests_Functions_AllowedProtocols" file="/var/www/html/test/wordpress_test/inpsyde_test/test/wp-content/plugins/plugintestslughere/tests/unit/tests/functions/allowedProtocols.php" line="32" assertions="2" time="0.054172"/>
          <testcase name="test_allowed_protocols with data set #6" class="Tests_Functions_AllowedProtocols" classname="Tests_Functions_AllowedProtocols" file="/var/www/html/test/wordpress_test/inpsyde_test/test/wp-content/plugins/plugintestslughere/tests/unit/tests/functions/allowedProtocols.php" line="32" assertions="2" time="0.030126"/>
          <testcase name="test_allowed_protocols with data set #7" class="Tests_Functions_AllowedProtocols" classname="Tests_Functions_AllowedProtocols" file="/var/www/html/test/wordpress_test/inpsyde_test/test/wp-content/plugins/plugintestslughere/tests/unit/tests/functions/allowedProtocols.php" line="32" assertions="2" time="0.036006"/>
          <testcase name="test_allowed_protocols with data set #8" class="Tests_Functions_AllowedProtocols" classname="Tests_Functions_AllowedProtocols" file="/var/www/html/test/wordpress_test/inpsyde_test/test/wp-content/plugins/plugintestslughere/tests/unit/tests/functions/allowedProtocols.php" line="32" assertions="2" time="0.029601"/>
          <testcase name="test_allowed_protocols with data set #9" class="Tests_Functions_AllowedProtocols" classname="Tests_Functions_AllowedProtocols" file="/var/www/html/test/wordpress_test/inpsyde_test/test/wp-content/plugins/plugintestslughere/tests/unit/tests/functions/allowedProtocols.php" line="32" assertions="2" time="0.030460"/>
          <testcase name="test_allowed_protocols with data set #10" class="Tests_Functions_AllowedProtocols" classname="Tests_Functions_AllowedProtocols" file="/var/www/html/test/wordpress_test/inpsyde_test/test/wp-content/plugins/plugintestslughere/tests/unit/tests/functions/allowedProtocols.php" line="32" assertions="2" time="0.026677"/>
          <testcase name="test_allowed_protocols with data set #11" class="Tests_Functions_AllowedProtocols" classname="Tests_Functions_AllowedProtocols" file="/var/www/html/test/wordpress_test/inpsyde_test/test/wp-content/plugins/plugintestslughere/tests/unit/tests/functions/allowedProtocols.php" line="32" assertions="2" time="0.027919"/>
          <testcase name="test_allowed_protocols with data set #12" class="Tests_Functions_AllowedProtocols" classname="Tests_Functions_AllowedProtocols" file="/var/www/html/test/wordpress_test/inpsyde_test/test/wp-content/plugins/plugintestslughere/tests/unit/tests/functions/allowedProtocols.php" line="32" assertions="2" time="0.026746"/>
          <testcase name="test_allowed_protocols with data set #13" class="Tests_Functions_AllowedProtocols" classname="Tests_Functions_AllowedProtocols" file="/var/www/html/test/wordpress_test/inpsyde_test/test/wp-content/plugins/plugintestslughere/tests/unit/tests/functions/allowedProtocols.php" line="32" assertions="2" time="0.033350"/>
          <testcase name="test_allowed_protocols with data set #14" class="Tests_Functions_AllowedProtocols" classname="Tests_Functions_AllowedProtocols" file="/var/www/html/test/wordpress_test/inpsyde_test/test/wp-content/plugins/plugintestslughere/tests/unit/tests/functions/allowedProtocols.php" line="32" assertions="2" time="0.040615"/>
          <testcase name="test_allowed_protocols with data set #15" class="Tests_Functions_AllowedProtocols" classname="Tests_Functions_AllowedProtocols" file="/var/www/html/test/wordpress_test/inpsyde_test/test/wp-content/plugins/plugintestslughere/tests/unit/tests/functions/allowedProtocols.php" line="32" assertions="2" time="0.033023"/>
          <testcase name="test_allowed_protocols with data set #16" class="Tests_Functions_AllowedProtocols" classname="Tests_Functions_AllowedProtocols" file="/var/www/html/test/wordpress_test/inpsyde_test/test/wp-content/plugins/plugintestslughere/tests/unit/tests/functions/allowedProtocols.php" line="32" assertions="2" time="0.032826"/>
          <testcase name="test_allowed_protocols with data set #17" class="Tests_Functions_AllowedProtocols" classname="Tests_Functions_AllowedProtocols" file="/var/www/html/test/wordpress_test/inpsyde_test/test/wp-content/plugins/plugintestslughere/tests/unit/tests/functions/allowedProtocols.php" line="32" assertions="2" time="0.029111"/>
          <testcase name="test_allowed_protocols with data set #18" class="Tests_Functions_AllowedProtocols" classname="Tests_Functions_AllowedProtocols" file="/var/www/html/test/wordpress_test/inpsyde_test/test/wp-content/plugins/plugintestslughere/tests/unit/tests/functions/allowedProtocols.php" line="32" assertions="2" time="0.028312"/>
          <testcase name="test_allowed_protocols with data set #19" class="Tests_Functions_AllowedProtocols" classname="Tests_Functions_AllowedProtocols" file="/var/www/html/test/wordpress_test/inpsyde_test/test/wp-content/plugins/plugintestslughere/tests/unit/tests/functions/allowedProtocols.php" line="32" assertions="2" time="0.054697"/>
          <testcase name="test_allowed_protocols with data set #20" class="Tests_Functions_AllowedProtocols" classname="Tests_Functions_AllowedProtocols" file="/var/www/html/test/wordpress_test/inpsyde_test/test/wp-content/plugins/plugintestslughere/tests/unit/tests/functions/allowedProtocols.php" line="32" assertions="2" time="0.034048"/>
          <testcase name="test_allowed_protocols with data set #21" class="Tests_Functions_AllowedProtocols" classname="Tests_Functions_AllowedProtocols" file="/var/www/html/test/wordpress_test/inpsyde_test/test/wp-content/plugins/plugintestslughere/tests/unit/tests/functions/allowedProtocols.php" line="32" assertions="2" time="0.026058"/>
        </testsuite>
      </testsuite>
      <testsuite name="Tests_Functions_Anonymization" file="/var/www/html/test/wordpress_test/inpsyde_test/test/wp-content/plugins/plugintestslughere/tests/unit/tests/functions/anonymization.php" tests="37" assertions="37" errors="0" failures="0" skipped="0" time="1.097455">
        <testsuite name="Tests_Functions_Anonymization::test_wp_privacy_anonymize_ip" tests="31" assertions="31" errors="0" failures="0" skipped="0" time="0.922384">
          <testcase name="test_wp_privacy_anonymize_ip with data set #0" class="Tests_Functions_Anonymization" classname="Tests_Functions_Anonymization" file="/var/www/html/test/wordpress_test/inpsyde_test/test/wp-content/plugins/plugintestslughere/tests/unit/tests/functions/anonymization.php" line="34" assertions="1" time="0.030015"/>
          <testcase name="test_wp_privacy_anonymize_ip with data set #1" class="Tests_Functions_Anonymization" classname="Tests_Functions_Anonymization" file="/var/www/html/test/wordpress_test/inpsyde_test/test/wp-content/plugins/plugintestslughere/tests/unit/tests/functions/anonymization.php" line="34" assertions="1" time="0.026308"/>
          <testcase name="test_wp_privacy_anonymize_ip with data set #2" class="Tests_Functions_Anonymization" classname="Tests_Functions_Anonymization" file="/var/www/html/test/wordpress_test/inpsyde_test/test/wp-content/plugins/plugintestslughere/tests/unit/tests/functions/anonymization.php" line="34" assertions="1" time="0.033476"/>
          <testcase name="test_wp_privacy_anonymize_ip with data set #3" class="Tests_Functions_Anonymization" classname="Tests_Functions_Anonymization" file="/var/www/html/test/wordpress_test/inpsyde_test/test/wp-content/plugins/plugintestslughere/tests/unit/tests/functions/anonymization.php" line="34" assertions="1" time="0.028093"/>
          <testcase name="test_wp_privacy_anonymize_ip with data set #4" class="Tests_Functions_Anonymization" classname="Tests_Functions_Anonymization" file="/var/www/html/test/wordpress_test/inpsyde_test/test/wp-content/plugins/plugintestslughere/tests/unit/tests/functions/anonymization.php" line="34" assertions="1" time="0.030474"/>
          <testcase name="test_wp_privacy_anonymize_ip with data set #5" class="Tests_Functions_Anonymization" classname="Tests_Functions_Anonymization" file="/var/www/html/test/wordpress_test/inpsyde_test/test/wp-content/plugins/plugintestslughere/tests/unit/tests/functions/anonymization.php" line="34" assertions="1" time="0.029150"/>
          <testcase name="test_wp_privacy_anonymize_ip with data set #6" class="Tests_Functions_Anonymization" classname="Tests_Functions_Anonymization" file="/var/www/html/test/wordpress_test/inpsyde_test/test/wp-content/plugins/plugintestslughere/tests/unit/tests/functions/anonymization.php" line="34" assertions="1" time="0.026464"/>
          <testcase name="test_wp_privacy_anonymize_ip with data set #7" class="Tests_Functions_Anonymization" classname="Tests_Functions_Anonymization" file="/var/www/html/test/wordpress_test/inpsyde_test/test/wp-content/plugins/plugintestslughere/tests/unit/tests/functions/anonymization.php" line="34" assertions="1" time="0.031797"/>
          <testcase name="test_wp_privacy_anonymize_ip with data set #8" class="Tests_Functions_Anonymization" classname="Tests_Functions_Anonymization" file="/var/www/html/test/wordpress_test/inpsyde_test/test/wp-content/plugins/plugintestslughere/tests/unit/tests/functions/anonymization.php" line="34" assertions="1" time="0.029814"/>
          <testcase name="test_wp_privacy_anonymize_ip with data set #9" class="Tests_Functions_Anonymization" classname="Tests_Functions_Anonymization" file="/var/www/html/test/wordpress_test/inpsyde_test/test/wp-content/plugins/plugintestslughere/tests/unit/tests/functions/anonymization.php" line="34" assertions="1" time="0.032237"/>
          <testcase name="test_wp_privacy_anonymize_ip with data set #10" class="Tests_Functions_Anonymization" classname="Tests_Functions_Anonymization" file="/var/www/html/test/wordpress_test/inpsyde_test/test/wp-content/plugins/plugintestslughere/tests/unit/tests/functions/anonymization.php" line="34" assertions="1" time="0.030465"/>
          <testcase name="test_wp_privacy_anonymize_ip with data set #11" class="Tests_Functions_Anonymization" classname="Tests_Functions_Anonymization" file="/var/www/html/test/wordpress_test/inpsyde_test/test/wp-content/plugins/plugintestslughere/tests/unit/tests/functions/anonymization.php" line="34" assertions="1" time="0.028710"/>
          <testcase name="test_wp_privacy_anonymize_ip with data set #12" class="Tests_Functions_Anonymization" classname="Tests_Functions_Anonymization" file="/var/www/html/test/wordpress_test/inpsyde_test/test/wp-content/plugins/plugintestslughere/tests/unit/tests/functions/anonymization.php" line="34" assertions="1" time="0.029601"/>
          <testcase name="test_wp_privacy_anonymize_ip with data set #13" class="Tests_Functions_Anonymization" classname="Tests_Functions_Anonymization" file="/var/www/html/test/wordpress_test/inpsyde_test/test/wp-content/plugins/plugintestslughere/tests/unit/tests/functions/anonymization.php" line="34" assertions="1" time="0.031246"/>
          <testcase name="test_wp_privacy_anonymize_ip with data set #14" class="Tests_Functions_Anonymization" classname="Tests_Functions_Anonymization" file="/var/www/html/test/wordpress_test/inpsyde_test/test/wp-content/plugins/plugintestslughere/tests/unit/tests/functions/anonymization.php" line="34" assertions="1" time="0.028914"/>
          <testcase name="test_wp_privacy_anonymize_ip with data set #15" class="Tests_Functions_Anonymization" classname="Tests_Functions_Anonymization" file="/var/www/html/test/wordpress_test/inpsyde_test/test/wp-content/plugins/plugintestslughere/tests/unit/tests/functions/anonymization.php" line="34" assertions="1" time="0.028922"/>
          <testcase name="test_wp_privacy_anonymize_ip with data set #16" class="Tests_Functions_Anonymization" classname="Tests_Functions_Anonymization" file="/var/www/html/test/wordpress_test/inpsyde_test/test/wp-content/plugins/plugintestslughere/tests/unit/tests/functions/anonymization.php" line="34" assertions="1" time="0.034167"/>
          <testcase name="test_wp_privacy_anonymize_ip with data set #17" class="Tests_Functions_Anonymization" classname="Tests_Functions_Anonymization" file="/var/www/html/test/wordpress_test/inpsyde_test/test/wp-content/plugins/plugintestslughere/tests/unit/tests/functions/anonymization.php" line="34" assertions="1" time="0.031252"/>
          <testcase name="test_wp_privacy_anonymize_ip with data set #18" class="Tests_Functions_Anonymization" classname="Tests_Functions_Anonymization" file="/var/www/html/test/wordpress_test/inpsyde_test/test/wp-content/plugins/plugintestslughere/tests/unit/tests/functions/anonymization.php" line="34" assertions="1" time="0.031611"/>
          <testcase name="test_wp_privacy_anonymize_ip with data set #19" class="Tests_Functions_Anonymization" classname="Tests_Functions_Anonymization" file="/var/www/html/test/wordpress_test/inpsyde_test/test/wp-content/plugins/plugintestslughere/tests/unit/tests/functions/anonymization.php" line="34" assertions="1" time="0.026803"/>
          <testcase name="test_wp_privacy_anonymize_ip with data set #20" class="Tests_Functions_Anonymization" classname="Tests_Functions_Anonymization" file="/var/www/html/test/wordpress_test/inpsyde_test/test/wp-content/plugins/plugintestslughere/tests/unit/tests/functions/anonymization.php" line="34" assertions="1" time="0.029124"/>
          <testcase name="test_wp_privacy_anonymize_ip with data set #21" class="Tests_Functions_Anonymization" classname="Tests_Functions_Anonymization" file="/var/www/html/test/wordpress_test/inpsyde_test/test/wp-content/plugins/plugintestslughere/tests/unit/tests/functions/anonymization.php" line="34" assertions="1" time="0.030378"/>
          <testcase name="test_wp_privacy_anonymize_ip with data set #22" class="Tests_Functions_Anonymization" classname="Tests_Functions_Anonymization" file="/var/www/html/test/wordpress_test/inpsyde_test/test/wp-content/plugins/plugintestslughere/tests/unit/tests/functions/anonymization.php" line="34" assertions="1" time="0.028667"/>
          <testcase name="test_wp_privacy_anonymize_ip with data set #23" class="Tests_Functions_Anonymization" classname="Tests_Functions_Anonymization" file="/var/www/html/test/wordpress_test/inpsyde_test/test/wp-content/plugins/plugintestslughere/tests/unit/tests/functions/anonymization.php" line="34" assertions="1" time="0.030498"/>
          <testcase name="test_wp_privacy_anonymize_ip with data set #24" class="Tests_Functions_Anonymization" classname="Tests_Functions_Anonymization" file="/var/www/html/test/wordpress_test/inpsyde_test/test/wp-content/plugins/plugintestslughere/tests/unit/tests/functions/anonymization.php" line="34" assertions="1" time="0.026110"/>
          <testcase name="test_wp_privacy_anonymize_ip with data set #25" class="Tests_Functions_Anonymization" classname="Tests_Functions_Anonymization" file="/var/www/html/test/wordpress_test/inpsyde_test/test/wp-content/plugins/plugintestslughere/tests/unit/tests/functions/anonymization.php" line="34" assertions="1" time="0.030997"/>
          <testcase name="test_wp_privacy_anonymize_ip with data set #26" class="Tests_Functions_Anonymization" classname="Tests_Functions_Anonymization" file="/var/www/html/test/wordpress_test/inpsyde_test/test/wp-content/plugins/plugintestslughere/tests/unit/tests/functions/anonymization.php" line="34" assertions="1" time="0.030930"/>
          <testcase name="test_wp_privacy_anonymize_ip with data set #27" class="Tests_Functions_Anonymization" classname="Tests_Functions_Anonymization" file="/var/www/html/test/wordpress_test/inpsyde_test/test/wp-content/plugins/plugintestslughere/tests/unit/tests/functions/anonymization.php" line="34" assertions="1" time="0.029281"/>
          <testcase name="test_wp_privacy_anonymize_ip with data set #28" class="Tests_Functions_Anonymization" classname="Tests_Functions_Anonymization" file="/var/www/html/test/wordpress_test/inpsyde_test/test/wp-content/plugins/plugintestslughere/tests/unit/tests/functions/anonymization.php" line="34" assertions="1" time="0.025122"/>
          <testcase name="test_wp_privacy_anonymize_ip with data set #29" class="Tests_Functions_Anonymization" classname="Tests_Functions_Anonymization" file="/var/www/html/test/wordpress_test/inpsyde_test/test/wp-content/plugins/plugintestslughere/tests/unit/tests/functions/anonymization.php" line="34" assertions="1" time="0.029154"/>
          <testcase name="test_wp_privacy_anonymize_ip with data set #30" class="Tests_Functions_Anonymization" classname="Tests_Functions_Anonymization" file="/var/www/html/test/wordpress_test/inpsyde_test/test/wp-content/plugins/plugintestslughere/tests/unit/tests/functions/anonymization.php" line="34" assertions="1" time="0.032604"/>
        </testsuite>
        <testcase name="test_anonymize_email" class="Tests_Functions_Anonymization" classname="Tests_Functions_Anonymization" file="/var/www/html/test/wordpress_test/inpsyde_test/test/wp-content/plugins/plugintestslughere/tests/unit/tests/functions/anonymization.php" line="214" assertions="1" time="0.026973"/>
        <testcase name="test_anonymize_url" class="Tests_Functions_Anonymization" classname="Tests_Functions_Anonymization" file="/var/www/html/test/wordpress_test/inpsyde_test/test/wp-content/plugins/plugintestslughere/tests/unit/tests/functions/anonymization.php" line="221" assertions="1" time="0.027307"/>
        <testcase name="test_anonymize_date" class="Tests_Functions_Anonymization" classname="Tests_Functions_Anonymization" file="/var/www/html/test/wordpress_test/inpsyde_test/test/wp-content/plugins/plugintestslughere/tests/unit/tests/functions/anonymization.php" line="228" assertions="1" time="0.032676"/>
        <testcase name="test_anonymize_text" class="Tests_Functions_Anonymization" classname="Tests_Functions_Anonymization" file="/var/www/html/test/wordpress_test/inpsyde_test/test/wp-content/plugins/plugintestslughere/tests/unit/tests/functions/anonymization.php" line="235" assertions="1" time="0.030405"/>
        <testcase name="test_anonymize_long_text" class="Tests_Functions_Anonymization" classname="Tests_Functions_Anonymization" file="/var/www/html/test/wordpress_test/inpsyde_test/test/wp-content/plugins/plugintestslughere/tests/unit/tests/functions/anonymization.php" line="243" assertions="1" time="0.028756"/>
        <testcase name="test_anonymize_with_filter" class="Tests_Functions_Anonymization" classname="Tests_Functions_Anonymization" file="/var/www/html/test/wordpress_test/inpsyde_test/test/wp-content/plugins/plugintestslughere/tests/unit/tests/functions/anonymization.php" line="253" assertions="1" time="0.028954"/>
      </testsuite>
      <testsuite name="Tests_Functions_CanonicalCharset" file="/var/www/html/test/wordpress_test/inpsyde_test/test/wp-content/plugins/plugintestslughere/tests/unit/tests/functions/canonicalCharset.php" tests="11" assertions="19" errors="0" failures="0" skipped="0" time="0.537408">
        <testcase name="test_utf_8_lower" class="Tests_Functions_CanonicalCharset" classname="Tests_Functions_CanonicalCharset" file="/var/www/html/test/wordpress_test/inpsyde_test/test/wp-content/plugins/plugintestslughere/tests/unit/tests/functions/canonicalCharset.php" line="13" assertions="1" time="0.038375"/>
        <testcase name="test_utf_8_upper" class="Tests_Functions_CanonicalCharset" classname="Tests_Functions_CanonicalCharset" file="/var/www/html/test/wordpress_test/inpsyde_test/test/wp-content/plugins/plugintestslughere/tests/unit/tests/functions/canonicalCharset.php" line="17" assertions="1" time="0.029813"/>
        <testcase name="test_utf_8_mixxed" class="Tests_Functions_CanonicalCharset" classname="Tests_Functions_CanonicalCharset" file="/var/www/html/test/wordpress_test/inpsyde_test/test/wp-content/plugins/plugintestslughere/tests/unit/tests/functions/canonicalCharset.php" line="21" assertions="1" time="0.031045"/>
        <testcase name="test_utf_8" class="Tests_Functions_CanonicalCharset" classname="Tests_Functions_CanonicalCharset" file="/var/www/html/test/wordpress_test/inpsyde_test/test/wp-content/plugins/plugintestslughere/tests/unit/tests/functions/canonicalCharset.php" line="25" assertions="1" time="0.039971"/>
        <testcase name="test_iso_lower" class="Tests_Functions_CanonicalCharset" classname="Tests_Functions_CanonicalCharset" file="/var/www/html/test/wordpress_test/inpsyde_test/test/wp-content/plugins/plugintestslughere/tests/unit/tests/functions/canonicalCharset.php" line="29" assertions="1" time="0.034427"/>
        <testcase name="test_iso_upper" class="Tests_Functions_CanonicalCharset" classname="Tests_Functions_CanonicalCharset" file="/var/www/html/test/wordpress_test/inpsyde_test/test/wp-content/plugins/plugintestslughere/tests/unit/tests/functions/canonicalCharset.php" line="33" assertions="1" time="0.030833"/>
        <testcase name="test_iso_mixxed" class="Tests_Functions_CanonicalCharset" classname="Tests_Functions_CanonicalCharset" file="/var/www/html/test/wordpress_test/inpsyde_test/test/wp-content/plugins/plugintestslughere/tests/unit/tests/functions/canonicalCharset.php" line="37" assertions="1" time="0.030510"/>
        <testcase name="test_iso" class="Tests_Functions_CanonicalCharset" classname="Tests_Functions_CanonicalCharset" file="/var/www/html/test/wordpress_test/inpsyde_test/test/wp-content/plugins/plugintestslughere/tests/unit/tests/functions/canonicalCharset.php" line="41" assertions="1" time="0.027759"/>
        <testcase name="test_random" class="Tests_Functions_CanonicalCharset" classname="Tests_Functions_CanonicalCharset" file="/var/www/html/test/wordpress_test/inpsyde_test/test/wp-content/plugins/plugintestslughere/tests/unit/tests/functions/canonicalCharset.php" line="45" assertions="1" time="0.028878"/>
        <testcase name="test_empty" class="Tests_Functions_CanonicalCharset" classname="Tests_Functions_CanonicalCharset" file="/var/www/html/test/wordpress_test/inpsyde_test/test/wp-content/plugins/plugintestslughere/tests/unit/tests/functions/canonicalCharset.php" line="49" assertions="1" time="0.028555"/>
        <testcase name="test_update_option_blog_charset" class="Tests_Functions_CanonicalCharset" classname="Tests_Functions_CanonicalCharset" file="/var/www/html/test/wordpress_test/inpsyde_test/test/wp-content/plugins/plugintestslughere/tests/unit/tests/functions/canonicalCharset.php" line="58" assertions="9" time="0.217241"/>
      </testsuite>
      <testsuite name="Tests_Functions_CleanupHeaderComment" file="/var/www/html/test/wordpress_test/inpsyde_test/test/wp-content/plugins/plugintestslughere/tests/unit/tests/functions/cleanupHeaderComment.php" tests="5" assertions="5" errors="0" failures="0" skipped="0" time="0.150754">
        <testsuite name="Tests_Functions_CleanupHeaderComment::test_cleanup_header_comment" tests="5" assertions="5" errors="0" failures="0" skipped="0" time="0.150754">
          <testcase name="test_cleanup_header_comment with data set #0" class="Tests_Functions_CleanupHeaderComment" classname="Tests_Functions_CleanupHeaderComment" file="/var/www/html/test/wordpress_test/inpsyde_test/test/wp-content/plugins/plugintestslughere/tests/unit/tests/functions/cleanupHeaderComment.php" line="21" assertions="1" time="0.036391"/>
          <testcase name="test_cleanup_header_comment with data set #1" class="Tests_Functions_CleanupHeaderComment" classname="Tests_Functions_CleanupHeaderComment" file="/var/www/html/test/wordpress_test/inpsyde_test/test/wp-content/plugins/plugintestslughere/tests/unit/tests/functions/cleanupHeaderComment.php" line="21" assertions="1" time="0.030337"/>
          <testcase name="test_cleanup_header_comment with data set #2" class="Tests_Functions_CleanupHeaderComment" classname="Tests_Functions_CleanupHeaderComment" file="/var/www/html/test/wordpress_test/inpsyde_test/test/wp-content/plugins/plugintestslughere/tests/unit/tests/functions/cleanupHeaderComment.php" line="21" assertions="1" time="0.032341"/>
          <testcase name="test_cleanup_header_comment with data set #3" class="Tests_Functions_CleanupHeaderComment" classname="Tests_Functions_CleanupHeaderComment" file="/var/www/html/test/wordpress_test/inpsyde_test/test/wp-content/plugins/plugintestslughere/tests/unit/tests/functions/cleanupHeaderComment.php" line="21" assertions="1" time="0.025091"/>
          <testcase name="test_cleanup_header_comment with data set #4" class="Tests_Functions_CleanupHeaderComment" classname="Tests_Functions_CleanupHeaderComment" file="/var/www/html/test/wordpress_test/inpsyde_test/test/wp-content/plugins/plugintestslughere/tests/unit/tests/functions/cleanupHeaderComment.php" line="21" assertions="1" time="0.026594"/>
        </testsuite>
      </testsuite>
      <testsuite name="Tests_Functions_Deprecated" file="/var/www/html/test/wordpress_test/inpsyde_test/test/wp-content/plugins/plugintestslughere/tests/unit/tests/functions/deprecated.php" tests="2" assertions="0" errors="0" failures="0" skipped="2" time="0.000824">
        <testcase name="test_wp_save_image_file_deprecated_with_gd_resource" class="Tests_Functions_Deprecated" classname="Tests_Functions_Deprecated" file="/var/www/html/test/wordpress_test/inpsyde_test/test/wp-content/plugins/plugintestslughere/tests/unit/tests/functions/deprecated.php" line="150" assertions="0" time="0.000426">
          <skipped/>
        </testcase>
        <testcase name="test_wp_save_image_file_not_deprecated_with_wp_image_editor" class="Tests_Functions_Deprecated" classname="Tests_Functions_Deprecated" file="/var/www/html/test/wordpress_test/inpsyde_test/test/wp-content/plugins/plugintestslughere/tests/unit/tests/functions/deprecated.php" line="172" assertions="0" time="0.000398">
          <skipped/>
        </testcase>
      </testsuite>
      <testsuite name="Tests_Functions_DoEnclose" file="/var/www/html/test/wordpress_test/inpsyde_test/test/wp-content/plugins/plugintestslughere/tests/unit/tests/functions/doEnclose.php" tests="28" assertions="29" errors="0" failures="0" skipped="0" time="4.890972">
        <testsuite name="Tests_Functions_DoEnclose::test_function_with_explicit_content_input" tests="12" assertions="12" errors="0" failures="0" skipped="0" time="3.059477">
          <testcase name="test_function_with_explicit_content_input with data set &quot;null&quot;" class="Tests_Functions_DoEnclose" classname="Tests_Functions_DoEnclose" file="/var/www/html/test/wordpress_test/inpsyde_test/test/wp-content/plugins/plugintestslughere/tests/unit/tests/functions/doEnclose.php" line="48" assertions="1" time="0.111117"/>
          <testcase name="test_function_with_explicit_content_input with data set &quot;empty&quot;" class="Tests_Functions_DoEnclose" classname="Tests_Functions_DoEnclose" file="/var/www/html/test/wordpress_test/inpsyde_test/test/wp-content/plugins/plugintestslughere/tests/unit/tests/functions/doEnclose.php" line="48" assertions="1" time="0.120316"/>
          <testcase name="test_function_with_explicit_content_input with data set &quot;single-bare-movie&quot;" class="Tests_Functions_DoEnclose" classname="Tests_Functions_DoEnclose" file="/var/www/html/test/wordpress_test/inpsyde_test/test/wp-content/plugins/plugintestslughere/tests/unit/tests/functions/doEnclose.php" line="48" assertions="1" time="0.153484"/>
          <testcase name="test_function_with_explicit_content_input with data set &quot;single-bare-audio&quot;" class="Tests_Functions_DoEnclose" classname="Tests_Functions_DoEnclose" file="/var/www/html/test/wordpress_test/inpsyde_test/test/wp-content/plugins/plugintestslughere/tests/unit/tests/functions/doEnclose.php" line="48" assertions="1" time="0.165652"/>
          <testcase name="test_function_with_explicit_content_input with data set &quot;single-relative-movie&quot;" class="Tests_Functions_DoEnclose" classname="Tests_Functions_DoEnclose" file="/var/www/html/test/wordpress_test/inpsyde_test/test/wp-content/plugins/plugintestslughere/tests/unit/tests/functions/doEnclose.php" line="48" assertions="1" time="1.453345"/>
          <testcase name="test_function_with_explicit_content_input with data set &quot;single-relative-audio&quot;" class="Tests_Functions_DoEnclose" classname="Tests_Functions_DoEnclose" file="/var/www/html/test/wordpress_test/inpsyde_test/test/wp-content/plugins/plugintestslughere/tests/unit/tests/functions/doEnclose.php" line="48" assertions="1" time="0.388069"/>
          <testcase name="test_function_with_explicit_content_input with data set &quot;single-unknown&quot;" class="Tests_Functions_DoEnclose" classname="Tests_Functions_DoEnclose" file="/var/www/html/test/wordpress_test/inpsyde_test/test/wp-content/plugins/plugintestslughere/tests/unit/tests/functions/doEnclose.php" line="48" assertions="1" time="0.098632"/>
          <testcase name="test_function_with_explicit_content_input with data set &quot;single-movie&quot;" class="Tests_Functions_DoEnclose" classname="Tests_Functions_DoEnclose" file="/var/www/html/test/wordpress_test/inpsyde_test/test/wp-content/plugins/plugintestslughere/tests/unit/tests/functions/doEnclose.php" line="48" assertions="1" time="0.110340"/>
          <testcase name="test_function_with_explicit_content_input with data set &quot;single-audio&quot;" class="Tests_Functions_DoEnclose" classname="Tests_Functions_DoEnclose" file="/var/www/html/test/wordpress_test/inpsyde_test/test/wp-content/plugins/plugintestslughere/tests/unit/tests/functions/doEnclose.php" line="48" assertions="1" time="0.099697"/>
          <testcase name="test_function_with_explicit_content_input with data set &quot;single-movie-query&quot;" class="Tests_Functions_DoEnclose" classname="Tests_Functions_DoEnclose" file="/var/www/html/test/wordpress_test/inpsyde_test/test/wp-content/plugins/plugintestslughere/tests/unit/tests/functions/doEnclose.php" line="48" assertions="1" time="0.139434"/>
          <testcase name="test_function_with_explicit_content_input with data set &quot;multi&quot;" class="Tests_Functions_DoEnclose" classname="Tests_Functions_DoEnclose" file="/var/www/html/test/wordpress_test/inpsyde_test/test/wp-content/plugins/plugintestslughere/tests/unit/tests/functions/doEnclose.php" line="48" assertions="1" time="0.110161"/>
          <testcase name="test_function_with_explicit_content_input with data set &quot;no-path&quot;" class="Tests_Functions_DoEnclose" classname="Tests_Functions_DoEnclose" file="/var/www/html/test/wordpress_test/inpsyde_test/test/wp-content/plugins/plugintestslughere/tests/unit/tests/functions/doEnclose.php" line="48" assertions="1" time="0.109230"/>
        </testsuite>
        <testsuite name="Tests_Functions_DoEnclose::test_function_with_implicit_content_input" tests="12" assertions="12" errors="0" failures="0" skipped="0" time="1.437478">
          <testcase name="test_function_with_implicit_content_input with data set &quot;null&quot;" class="Tests_Functions_DoEnclose" classname="Tests_Functions_DoEnclose" file="/var/www/html/test/wordpress_test/inpsyde_test/test/wp-content/plugins/plugintestslughere/tests/unit/tests/functions/doEnclose.php" line="64" assertions="1" time="0.131145"/>
          <testcase name="test_function_with_implicit_content_input with data set &quot;empty&quot;" class="Tests_Functions_DoEnclose" classname="Tests_Functions_DoEnclose" file="/var/www/html/test/wordpress_test/inpsyde_test/test/wp-content/plugins/plugintestslughere/tests/unit/tests/functions/doEnclose.php" line="64" assertions="1" time="0.165507"/>
          <testcase name="test_function_with_implicit_content_input with data set &quot;single-bare-movie&quot;" class="Tests_Functions_DoEnclose" classname="Tests_Functions_DoEnclose" file="/var/www/html/test/wordpress_test/inpsyde_test/test/wp-content/plugins/plugintestslughere/tests/unit/tests/functions/doEnclose.php" line="64" assertions="1" time="0.098638"/>
          <testcase name="test_function_with_implicit_content_input with data set &quot;single-bare-audio&quot;" class="Tests_Functions_DoEnclose" classname="Tests_Functions_DoEnclose" file="/var/www/html/test/wordpress_test/inpsyde_test/test/wp-content/plugins/plugintestslughere/tests/unit/tests/functions/doEnclose.php" line="64" assertions="1" time="0.098825"/>
          <testcase name="test_function_with_implicit_content_input with data set &quot;single-relative-movie&quot;" class="Tests_Functions_DoEnclose" classname="Tests_Functions_DoEnclose" file="/var/www/html/test/wordpress_test/inpsyde_test/test/wp-content/plugins/plugintestslughere/tests/unit/tests/functions/doEnclose.php" line="64" assertions="1" time="0.120903"/>
          <testcase name="test_function_with_implicit_content_input with data set &quot;single-relative-audio&quot;" class="Tests_Functions_DoEnclose" classname="Tests_Functions_DoEnclose" file="/var/www/html/test/wordpress_test/inpsyde_test/test/wp-content/plugins/plugintestslughere/tests/unit/tests/functions/doEnclose.php" line="64" assertions="1" time="0.131241"/>
          <testcase name="test_function_with_implicit_content_input with data set &quot;single-unknown&quot;" class="Tests_Functions_DoEnclose" classname="Tests_Functions_DoEnclose" file="/var/www/html/test/wordpress_test/inpsyde_test/test/wp-content/plugins/plugintestslughere/tests/unit/tests/functions/doEnclose.php" line="64" assertions="1" time="0.109471"/>
          <testcase name="test_function_with_implicit_content_input with data set &quot;single-movie&quot;" class="Tests_Functions_DoEnclose" classname="Tests_Functions_DoEnclose" file="/var/www/html/test/wordpress_test/inpsyde_test/test/wp-content/plugins/plugintestslughere/tests/unit/tests/functions/doEnclose.php" line="64" assertions="1" time="0.109308"/>
          <testcase name="test_function_with_implicit_content_input with data set &quot;single-audio&quot;" class="Tests_Functions_DoEnclose" classname="Tests_Functions_DoEnclose" file="/var/www/html/test/wordpress_test/inpsyde_test/test/wp-content/plugins/plugintestslughere/tests/unit/tests/functions/doEnclose.php" line="64" assertions="1" time="0.110815"/>
          <testcase name="test_function_with_implicit_content_input with data set &quot;single-movie-query&quot;" class="Tests_Functions_DoEnclose" classname="Tests_Functions_DoEnclose" file="/var/www/html/test/wordpress_test/inpsyde_test/test/wp-content/plugins/plugintestslughere/tests/unit/tests/functions/doEnclose.php" line="64" assertions="1" time="0.152861"/>
          <testcase name="test_function_with_implicit_content_input with data set &quot;multi&quot;" class="Tests_Functions_DoEnclose" classname="Tests_Functions_DoEnclose" file="/var/www/html/test/wordpress_test/inpsyde_test/test/wp-content/plugins/plugintestslughere/tests/unit/tests/functions/doEnclose.php" line="64" assertions="1" time="0.110620"/>
          <testcase name="test_function_with_implicit_content_input with data set &quot;no-path&quot;" class="Tests_Functions_DoEnclose" classname="Tests_Functions_DoEnclose" file="/var/www/html/test/wordpress_test/inpsyde_test/test/wp-content/plugins/plugintestslughere/tests/unit/tests/functions/doEnclose.php" line="64" assertions="1" time="0.098144"/>
        </testsuite>
        <testcase name="test_function_should_return_false_when_invalid_post_id" class="Tests_Functions_DoEnclose" classname="Tests_Functions_DoEnclose" file="/var/www/html/test/wordpress_test/inpsyde_test/test/wp-content/plugins/plugintestslughere/tests/unit/tests/functions/doEnclose.php" line="150" assertions="1" time="0.025891"/>
        <testcase name="test_function_should_delete_enclosed_link_when_no_longer_in_post_content" class="Tests_Functions_DoEnclose" classname="Tests_Functions_DoEnclose" file="/var/www/html/test/wordpress_test/inpsyde_test/test/wp-content/plugins/plugintestslughere/tests/unit/tests/functions/doEnclose.php" line="161" assertions="2" time="0.148633"/>
        <testcase name="test_function_should_support_post_object_input" class="Tests_Functions_DoEnclose" classname="Tests_Functions_DoEnclose" file="/var/www/html/test/wordpress_test/inpsyde_test/test/wp-content/plugins/plugintestslughere/tests/unit/tests/functions/doEnclose.php" line="195" assertions="1" time="0.110394"/>
        <testcase name="test_function_enclosure_links_should_be_filterable" class="Tests_Functions_DoEnclose" classname="Tests_Functions_DoEnclose" file="/var/www/html/test/wordpress_test/inpsyde_test/test/wp-content/plugins/plugintestslughere/tests/unit/tests/functions/doEnclose.php" line="215" assertions="1" time="0.109099"/>
      </testsuite>
      <testsuite name="Tests_Functions_GetStatusHeaderDesc" file="/var/www/html/test/wordpress_test/inpsyde_test/test/wp-content/plugins/plugintestslughere/tests/unit/tests/functions/getStatusHeaderDesc.php" tests="7" assertions="7" errors="0" failures="0" skipped="0" time="0.213145">
        <testsuite name="Tests_Functions_GetStatusHeaderDesc::test_get_status_header_desc" tests="7" assertions="7" errors="0" failures="0" skipped="0" time="0.213145">
          <testcase name="test_get_status_header_desc with data set #0" class="Tests_Functions_GetStatusHeaderDesc" classname="Tests_Functions_GetStatusHeaderDesc" file="/var/www/html/test/wordpress_test/inpsyde_test/test/wp-content/plugins/plugintestslughere/tests/unit/tests/functions/getStatusHeaderDesc.php" line="19" assertions="1" time="0.035201"/>
          <testcase name="test_get_status_header_desc with data set #1" class="Tests_Functions_GetStatusHeaderDesc" classname="Tests_Functions_GetStatusHeaderDesc" file="/var/www/html/test/wordpress_test/inpsyde_test/test/wp-content/plugins/plugintestslughere/tests/unit/tests/functions/getStatusHeaderDesc.php" line="19" assertions="1" time="0.033224"/>
          <testcase name="test_get_status_header_desc with data set #2" class="Tests_Functions_GetStatusHeaderDesc" classname="Tests_Functions_GetStatusHeaderDesc" file="/var/www/html/test/wordpress_test/inpsyde_test/test/wp-content/plugins/plugintestslughere/tests/unit/tests/functions/getStatusHeaderDesc.php" line="19" assertions="1" time="0.031419"/>
          <testcase name="test_get_status_header_desc with data set #3" class="Tests_Functions_GetStatusHeaderDesc" classname="Tests_Functions_GetStatusHeaderDesc" file="/var/www/html/test/wordpress_test/inpsyde_test/test/wp-content/plugins/plugintestslughere/tests/unit/tests/functions/getStatusHeaderDesc.php" line="19" assertions="1" time="0.029738"/>
          <testcase name="test_get_status_header_desc with data set #4" class="Tests_Functions_GetStatusHeaderDesc" classname="Tests_Functions_GetStatusHeaderDesc" file="/var/www/html/test/wordpress_test/inpsyde_test/test/wp-content/plugins/plugintestslughere/tests/unit/tests/functions/getStatusHeaderDesc.php" line="19" assertions="1" time="0.028782"/>
          <testcase name="test_get_status_header_desc with data set #5" class="Tests_Functions_GetStatusHeaderDesc" classname="Tests_Functions_GetStatusHeaderDesc" file="/var/www/html/test/wordpress_test/inpsyde_test/test/wp-content/plugins/plugintestslughere/tests/unit/tests/functions/getStatusHeaderDesc.php" line="19" assertions="1" time="0.026749"/>
          <testcase name="test_get_status_header_desc with data set #6" class="Tests_Functions_GetStatusHeaderDesc" classname="Tests_Functions_GetStatusHeaderDesc" file="/var/www/html/test/wordpress_test/inpsyde_test/test/wp-content/plugins/plugintestslughere/tests/unit/tests/functions/getStatusHeaderDesc.php" line="19" assertions="1" time="0.028032"/>
        </testsuite>
      </testsuite>
      <testsuite name="Tests_Functions_GetWeekstartend" file="/var/www/html/test/wordpress_test/inpsyde_test/test/wp-content/plugins/plugintestslughere/tests/unit/tests/functions/getWeekstartend.php" tests="4" assertions="4" errors="0" failures="0" skipped="0" time="0.201033">
        <testcase name="test_default_start_of_week_option_is_monday" class="Tests_Functions_GetWeekstartend" classname="Tests_Functions_GetWeekstartend" file="/var/www/html/test/wordpress_test/inpsyde_test/test/wp-content/plugins/plugintestslughere/tests/unit/tests/functions/getWeekstartend.php" line="9" assertions="1" time="0.026592"/>
        <testcase name="test_start_of_week_sunday" class="Tests_Functions_GetWeekstartend" classname="Tests_Functions_GetWeekstartend" file="/var/www/html/test/wordpress_test/inpsyde_test/test/wp-content/plugins/plugintestslughere/tests/unit/tests/functions/getWeekstartend.php" line="18" assertions="1" time="0.027761"/>
        <testcase name="test_start_of_week_should_fall_back_on_start_of_week_option" class="Tests_Functions_GetWeekstartend" classname="Tests_Functions_GetWeekstartend" file="/var/www/html/test/wordpress_test/inpsyde_test/test/wp-content/plugins/plugintestslughere/tests/unit/tests/functions/getWeekstartend.php" line="27" assertions="1" time="0.069806"/>
        <testcase name="test_start_of_week_should_fall_back_on_sunday_when_option_is_missing" class="Tests_Functions_GetWeekstartend" classname="Tests_Functions_GetWeekstartend" file="/var/www/html/test/wordpress_test/inpsyde_test/test/wp-content/plugins/plugintestslughere/tests/unit/tests/functions/getWeekstartend.php" line="38" assertions="1" time="0.076874"/>
      </testsuite>
      <testsuite name="Tests_Functions_IsNewDate" file="/var/www/html/test/wordpress_test/inpsyde_test/test/wp-content/plugins/plugintestslughere/tests/unit/tests/functions/isNewDay.php" tests="3" assertions="3" errors="0" failures="0" skipped="0" time="0.086600">
        <testsuite name="Tests_Functions_IsNewDate::test_is_new_date" tests="3" assertions="3" errors="0" failures="0" skipped="0" time="0.086600">
          <testcase name="test_is_new_date with data set #0" class="Tests_Functions_IsNewDate" classname="Tests_Functions_IsNewDate" file="/var/www/html/test/wordpress_test/inpsyde_test/test/wp-content/plugins/plugintestslughere/tests/unit/tests/functions/isNewDay.php" line="20" assertions="1" time="0.026679"/>
          <testcase name="test_is_new_date with data set #1" class="Tests_Functions_IsNewDate" classname="Tests_Functions_IsNewDate" file="/var/www/html/test/wordpress_test/inpsyde_test/test/wp-content/plugins/plugintestslughere/tests/unit/tests/functions/isNewDay.php" line="20" assertions="1" time="0.031980"/>
          <testcase name="test_is_new_date with data set #2" class="Tests_Functions_IsNewDate" classname="Tests_Functions_IsNewDate" file="/var/www/html/test/wordpress_test/inpsyde_test/test/wp-content/plugins/plugintestslughere/tests/unit/tests/functions/isNewDay.php" line="20" assertions="1" time="0.027941"/>
        </testsuite>
      </testsuite>
      <testsuite name="Tests_Functions_IsSerializedString" file="/var/www/html/test/wordpress_test/inpsyde_test/test/wp-content/plugins/plugintestslughere/tests/unit/tests/functions/isSerializedString.php" tests="12" assertions="12" errors="0" failures="0" skipped="0" time="0.349352">
        <testsuite name="Tests_Functions_IsSerializedString::test_is_serialized_string" tests="12" assertions="12" errors="0" failures="0" skipped="0" time="0.349352">
          <testcase name="test_is_serialized_string with data set #0" class="Tests_Functions_IsSerializedString" classname="Tests_Functions_IsSerializedString" file="/var/www/html/test/wordpress_test/inpsyde_test/test/wp-content/plugins/plugintestslughere/tests/unit/tests/functions/isSerializedString.php" line="67" assertions="1" time="0.030251"/>
          <testcase name="test_is_serialized_string with data set #1" class="Tests_Functions_IsSerializedString" classname="Tests_Functions_IsSerializedString" file="/var/www/html/test/wordpress_test/inpsyde_test/test/wp-content/plugins/plugintestslughere/tests/unit/tests/functions/isSerializedString.php" line="67" assertions="1" time="0.029753"/>
          <testcase name="test_is_serialized_string with data set #2" class="Tests_Functions_IsSerializedString" classname="Tests_Functions_IsSerializedString" file="/var/www/html/test/wordpress_test/inpsyde_test/test/wp-content/plugins/plugintestslughere/tests/unit/tests/functions/isSerializedString.php" line="67" assertions="1" time="0.027466"/>
          <testcase name="test_is_serialized_string with data set #3" class="Tests_Functions_IsSerializedString" classname="Tests_Functions_IsSerializedString" file="/var/www/html/test/wordpress_test/inpsyde_test/test/wp-content/plugins/plugintestslughere/tests/unit/tests/functions/isSerializedString.php" line="67" assertions="1" time="0.028394"/>
          <testcase name="test_is_serialized_string with data set #4" class="Tests_Functions_IsSerializedString" classname="Tests_Functions_IsSerializedString" file="/var/www/html/test/wordpress_test/inpsyde_test/test/wp-content/plugins/plugintestslughere/tests/unit/tests/functions/isSerializedString.php" line="67" assertions="1" time="0.028515"/>
          <testcase name="test_is_serialized_string with data set #5" class="Tests_Functions_IsSerializedString" classname="Tests_Functions_IsSerializedString" file="/var/www/html/test/wordpress_test/inpsyde_test/test/wp-content/plugins/plugintestslughere/tests/unit/tests/functions/isSerializedString.php" line="67" assertions="1" time="0.027822"/>
          <testcase name="test_is_serialized_string with data set #6" class="Tests_Functions_IsSerializedString" classname="Tests_Functions_IsSerializedString" file="/var/www/html/test/wordpress_test/inpsyde_test/test/wp-content/plugins/plugintestslughere/tests/unit/tests/functions/isSerializedString.php" line="67" assertions="1" time="0.026504"/>
          <testcase name="test_is_serialized_string with data set #7" class="Tests_Functions_IsSerializedString" classname="Tests_Functions_IsSerializedString" file="/var/www/html/test/wordpress_test/inpsyde_test/test/wp-content/plugins/plugintestslughere/tests/unit/tests/functions/isSerializedString.php" line="67" assertions="1" time="0.028615"/>
          <testcase name="test_is_serialized_string with data set #8" class="Tests_Functions_IsSerializedString" classname="Tests_Functions_IsSerializedString" file="/var/www/html/test/wordpress_test/inpsyde_test/test/wp-content/plugins/plugintestslughere/tests/unit/tests/functions/isSerializedString.php" line="67" assertions="1" time="0.031977"/>
          <testcase name="test_is_serialized_string with data set #9" class="Tests_Functions_IsSerializedString" classname="Tests_Functions_IsSerializedString" file="/var/www/html/test/wordpress_test/inpsyde_test/test/wp-content/plugins/plugintestslughere/tests/unit/tests/functions/isSerializedString.php" line="67" assertions="1" time="0.031568"/>
          <testcase name="test_is_serialized_string with data set #10" class="Tests_Functions_IsSerializedString" classname="Tests_Functions_IsSerializedString" file="/var/www/html/test/wordpress_test/inpsyde_test/test/wp-content/plugins/plugintestslughere/tests/unit/tests/functions/isSerializedString.php" line="67" assertions="1" time="0.026188"/>
          <testcase name="test_is_serialized_string with data set #11" class="Tests_Functions_IsSerializedString" classname="Tests_Functions_IsSerializedString" file="/var/www/html/test/wordpress_test/inpsyde_test/test/wp-content/plugins/plugintestslughere/tests/unit/tests/functions/isSerializedString.php" line="67" assertions="1" time="0.032299"/>
        </testsuite>
      </testsuite>
      <testsuite name="Tests_Functions_ListFiles" file="/var/www/html/test/wordpress_test/inpsyde_test/test/wp-content/plugins/plugintestslughere/tests/unit/tests/functions/listFiles.php" tests="2" assertions="4" errors="0" failures="0" skipped="0" time="0.080592">
        <testcase name="test_list_files_returns_a_list_of_files" class="Tests_Functions_ListFiles" classname="Tests_Functions_ListFiles" file="/var/www/html/test/wordpress_test/inpsyde_test/test/wp-content/plugins/plugintestslughere/tests/unit/tests/functions/listFiles.php" line="11" assertions="3" time="0.040243"/>
        <testcase name="test_list_files_can_exclude_files" class="Tests_Functions_ListFiles" classname="Tests_Functions_ListFiles" file="/var/www/html/test/wordpress_test/inpsyde_test/test/wp-content/plugins/plugintestslughere/tests/unit/tests/functions/listFiles.php" line="18" assertions="1" time="0.040349"/>
      </testsuite>
      <testsuite name="Tests_Functions_NumberFormatI18n" file="/var/www/html/test/wordpress_test/inpsyde_test/test/wp-content/plugins/plugintestslughere/tests/unit/tests/functions/numberFormatI18n.php" tests="4" assertions="8" errors="0" failures="0" skipped="0" time="0.107696">
        <testcase name="test_should_fall_back_to_number_format_when_wp_locale_is_not_set" class="Tests_Functions_NumberFormatI18n" classname="Tests_Functions_NumberFormatI18n" file="/var/www/html/test/wordpress_test/inpsyde_test/test/wp-content/plugins/plugintestslughere/tests/unit/tests/functions/numberFormatI18n.php" line="12" assertions="2" time="0.026090"/>
        <testcase name="test_should_respect_number_format_of_locale" class="Tests_Functions_NumberFormatI18n" classname="Tests_Functions_NumberFormatI18n" file="/var/www/html/test/wordpress_test/inpsyde_test/test/wp-content/plugins/plugintestslughere/tests/unit/tests/functions/numberFormatI18n.php" line="25" assertions="2" time="0.028202"/>
        <testcase name="test_should_default_to_en_us_format" class="Tests_Functions_NumberFormatI18n" classname="Tests_Functions_NumberFormatI18n" file="/var/www/html/test/wordpress_test/inpsyde_test/test/wp-content/plugins/plugintestslughere/tests/unit/tests/functions/numberFormatI18n.php" line="42" assertions="2" time="0.027139"/>
        <testcase name="test_should_handle_negative_precision" class="Tests_Functions_NumberFormatI18n" classname="Tests_Functions_NumberFormatI18n" file="/var/www/html/test/wordpress_test/inpsyde_test/test/wp-content/plugins/plugintestslughere/tests/unit/tests/functions/numberFormatI18n.php" line="47" assertions="2" time="0.026265"/>
      </testsuite>
      <testsuite name="Tests_Functions_PluginBasename" file="/var/www/html/test/wordpress_test/inpsyde_test/test/wp-content/plugins/plugintestslughere/tests/unit/tests/functions/pluginBasename.php" tests="2" assertions="2" errors="0" failures="0" skipped="0" time="0.058519">
        <testcase name="test_return_correct_basename_for_symlinked_plugins" class="Tests_Functions_PluginBasename" classname="Tests_Functions_PluginBasename" file="/var/www/html/test/wordpress_test/inpsyde_test/test/wp-content/plugins/plugintestslughere/tests/unit/tests/functions/pluginBasename.php" line="40" assertions="1" time="0.025988"/>
        <testcase name="test_return_correct_basename_for_symlinked_plugins_with_path_conflicts" class="Tests_Functions_PluginBasename" classname="Tests_Functions_PluginBasename" file="/var/www/html/test/wordpress_test/inpsyde_test/test/wp-content/plugins/plugintestslughere/tests/unit/tests/functions/pluginBasename.php" line="54" assertions="1" time="0.032531"/>
      </testsuite>
      <testsuite name="Tests_Functions_Referer" file="/var/www/html/test/wordpress_test/inpsyde_test/test/wp-content/plugins/plugintestslughere/tests/unit/tests/functions/referer.php" tests="15" assertions="15" errors="0" failures="0" skipped="0" time="0.443540">
        <testcase name="test_from_request_relative_referrer" class="Tests_Functions_Referer" classname="Tests_Functions_Referer" file="/var/www/html/test/wordpress_test/inpsyde_test/test/wp-content/plugins/plugintestslughere/tests/unit/tests/functions/referer.php" line="38" assertions="1" time="0.027552"/>
        <testcase name="test_from_request_same_url" class="Tests_Functions_Referer" classname="Tests_Functions_Referer" file="/var/www/html/test/wordpress_test/inpsyde_test/test/wp-content/plugins/plugintestslughere/tests/unit/tests/functions/referer.php" line="44" assertions="1" time="0.026977"/>
        <testcase name="test_from_request_different_resource" class="Tests_Functions_Referer" classname="Tests_Functions_Referer" file="/var/www/html/test/wordpress_test/inpsyde_test/test/wp-content/plugins/plugintestslughere/tests/unit/tests/functions/referer.php" line="50" assertions="1" time="0.031605"/>
        <testcase name="test_from_request_different_query_args" class="Tests_Functions_Referer" classname="Tests_Functions_Referer" file="/var/www/html/test/wordpress_test/inpsyde_test/test/wp-content/plugins/plugintestslughere/tests/unit/tests/functions/referer.php" line="56" assertions="1" time="0.028102"/>
        <testcase name="test_from_request_subfolder_install" class="Tests_Functions_Referer" classname="Tests_Functions_Referer" file="/var/www/html/test/wordpress_test/inpsyde_test/test/wp-content/plugins/plugintestslughere/tests/unit/tests/functions/referer.php" line="65" assertions="1" time="0.026479"/>
        <testcase name="test_from_request_subfolder_install_different_resource" class="Tests_Functions_Referer" classname="Tests_Functions_Referer" file="/var/www/html/test/wordpress_test/inpsyde_test/test/wp-content/plugins/plugintestslughere/tests/unit/tests/functions/referer.php" line="78" assertions="1" time="0.029425"/>
        <testcase name="test_relative_referrer" class="Tests_Functions_Referer" classname="Tests_Functions_Referer" file="/var/www/html/test/wordpress_test/inpsyde_test/test/wp-content/plugins/plugintestslughere/tests/unit/tests/functions/referer.php" line="88" assertions="1" time="0.033557"/>
        <testcase name="test_same_url" class="Tests_Functions_Referer" classname="Tests_Functions_Referer" file="/var/www/html/test/wordpress_test/inpsyde_test/test/wp-content/plugins/plugintestslughere/tests/unit/tests/functions/referer.php" line="94" assertions="1" time="0.030244"/>
        <testcase name="test_different_resource" class="Tests_Functions_Referer" classname="Tests_Functions_Referer" file="/var/www/html/test/wordpress_test/inpsyde_test/test/wp-content/plugins/plugintestslughere/tests/unit/tests/functions/referer.php" line="100" assertions="1" time="0.031344"/>
        <testcase name="test_different_server" class="Tests_Functions_Referer" classname="Tests_Functions_Referer" file="/var/www/html/test/wordpress_test/inpsyde_test/test/wp-content/plugins/plugintestslughere/tests/unit/tests/functions/referer.php" line="110" assertions="1" time="0.030844"/>
        <testcase name="test_different_server_allowed_redirect_host" class="Tests_Functions_Referer" classname="Tests_Functions_Referer" file="/var/www/html/test/wordpress_test/inpsyde_test/test/wp-content/plugins/plugintestslughere/tests/unit/tests/functions/referer.php" line="120" assertions="1" time="0.030289"/>
        <testcase name="test_raw_referer_empty" class="Tests_Functions_Referer" classname="Tests_Functions_Referer" file="/var/www/html/test/wordpress_test/inpsyde_test/test/wp-content/plugins/plugintestslughere/tests/unit/tests/functions/referer.php" line="131" assertions="1" time="0.026017"/>
        <testcase name="test_raw_referer" class="Tests_Functions_Referer" classname="Tests_Functions_Referer" file="/var/www/html/test/wordpress_test/inpsyde_test/test/wp-content/plugins/plugintestslughere/tests/unit/tests/functions/referer.php" line="138" assertions="1" time="0.032062"/>
        <testcase name="test_raw_referer_from_request" class="Tests_Functions_Referer" classname="Tests_Functions_Referer" file="/var/www/html/test/wordpress_test/inpsyde_test/test/wp-content/plugins/plugintestslughere/tests/unit/tests/functions/referer.php" line="146" assertions="1" time="0.031706"/>
        <testcase name="test_raw_referer_both" class="Tests_Functions_Referer" classname="Tests_Functions_Referer" file="/var/www/html/test/wordpress_test/inpsyde_test/test/wp-content/plugins/plugintestslughere/tests/unit/tests/functions/referer.php" line="154" assertions="1" time="0.027337"/>
      </testsuite>
      <testsuite name="Tests_Functions_RemoveQueryArg" file="/var/www/html/test/wordpress_test/inpsyde_test/test/wp-content/plugins/plugintestslughere/tests/unit/tests/functions/removeQueryArg.php" tests="6" assertions="11" errors="0" failures="0" skipped="0" time="0.183490">
        <testsuite name="Tests_Functions_RemoveQueryArg::test_remove_query_arg" tests="5" assertions="10" errors="0" failures="0" skipped="0" time="0.150445">
          <testcase name="test_remove_query_arg with data set #0" class="Tests_Functions_RemoveQueryArg" classname="Tests_Functions_RemoveQueryArg" file="/var/www/html/test/wordpress_test/inpsyde_test/test/wp-content/plugins/plugintestslughere/tests/unit/tests/functions/removeQueryArg.php" line="12" assertions="2" time="0.032796"/>
          <testcase name="test_remove_query_arg with data set #1" class="Tests_Functions_RemoveQueryArg" classname="Tests_Functions_RemoveQueryArg" file="/var/www/html/test/wordpress_test/inpsyde_test/test/wp-content/plugins/plugintestslughere/tests/unit/tests/functions/removeQueryArg.php" line="12" assertions="2" time="0.029035"/>
          <testcase name="test_remove_query_arg with data set #2" class="Tests_Functions_RemoveQueryArg" classname="Tests_Functions_RemoveQueryArg" file="/var/www/html/test/wordpress_test/inpsyde_test/test/wp-content/plugins/plugintestslughere/tests/unit/tests/functions/removeQueryArg.php" line="12" assertions="2" time="0.030365"/>
          <testcase name="test_remove_query_arg with data set #3" class="Tests_Functions_RemoveQueryArg" classname="Tests_Functions_RemoveQueryArg" file="/var/www/html/test/wordpress_test/inpsyde_test/test/wp-content/plugins/plugintestslughere/tests/unit/tests/functions/removeQueryArg.php" line="12" assertions="2" time="0.029574"/>
          <testcase name="test_remove_query_arg with data set #4" class="Tests_Functions_RemoveQueryArg" classname="Tests_Functions_RemoveQueryArg" file="/var/www/html/test/wordpress_test/inpsyde_test/test/wp-content/plugins/plugintestslughere/tests/unit/tests/functions/removeQueryArg.php" line="12" assertions="2" time="0.028674"/>
        </testsuite>
        <testcase name="test_should_fall_back_on_current_url" class="Tests_Functions_RemoveQueryArg" classname="Tests_Functions_RemoveQueryArg" file="/var/www/html/test/wordpress_test/inpsyde_test/test/wp-content/plugins/plugintestslughere/tests/unit/tests/functions/removeQueryArg.php" line="29" assertions="1" time="0.033045"/>
      </testsuite>
      <testsuite name="Tests_Functions_SizeFormat" file="/var/www/html/test/wordpress_test/inpsyde_test/test/wp-content/plugins/plugintestslughere/tests/unit/tests/functions/sizeFormat.php" tests="27" assertions="27" errors="0" failures="0" skipped="0" time="0.805190">
        <testsuite name="Tests_Functions_SizeFormat::test_size_format" tests="27" assertions="27" errors="0" failures="0" skipped="0" time="0.805190">
          <testcase name="test_size_format with data set #0" class="Tests_Functions_SizeFormat" classname="Tests_Functions_SizeFormat" file="/var/www/html/test/wordpress_test/inpsyde_test/test/wp-content/plugins/plugintestslughere/tests/unit/tests/functions/sizeFormat.php" line="52" assertions="1" time="0.027693"/>
          <testcase name="test_size_format with data set #1" class="Tests_Functions_SizeFormat" classname="Tests_Functions_SizeFormat" file="/var/www/html/test/wordpress_test/inpsyde_test/test/wp-content/plugins/plugintestslughere/tests/unit/tests/functions/sizeFormat.php" line="52" assertions="1" time="0.028870"/>
          <testcase name="test_size_format with data set #2" class="Tests_Functions_SizeFormat" classname="Tests_Functions_SizeFormat" file="/var/www/html/test/wordpress_test/inpsyde_test/test/wp-content/plugins/plugintestslughere/tests/unit/tests/functions/sizeFormat.php" line="52" assertions="1" time="0.031461"/>
          <testcase name="test_size_format with data set #3" class="Tests_Functions_SizeFormat" classname="Tests_Functions_SizeFormat" file="/var/www/html/test/wordpress_test/inpsyde_test/test/wp-content/plugins/plugintestslughere/tests/unit/tests/functions/sizeFormat.php" line="52" assertions="1" time="0.027672"/>
          <testcase name="test_size_format with data set #4" class="Tests_Functions_SizeFormat" classname="Tests_Functions_SizeFormat" file="/var/www/html/test/wordpress_test/inpsyde_test/test/wp-content/plugins/plugintestslughere/tests/unit/tests/functions/sizeFormat.php" line="52" assertions="1" time="0.028347"/>
          <testcase name="test_size_format with data set #5" class="Tests_Functions_SizeFormat" classname="Tests_Functions_SizeFormat" file="/var/www/html/test/wordpress_test/inpsyde_test/test/wp-content/plugins/plugintestslughere/tests/unit/tests/functions/sizeFormat.php" line="52" assertions="1" time="0.038908"/>
          <testcase name="test_size_format with data set #6" class="Tests_Functions_SizeFormat" classname="Tests_Functions_SizeFormat" file="/var/www/html/test/wordpress_test/inpsyde_test/test/wp-content/plugins/plugintestslughere/tests/unit/tests/functions/sizeFormat.php" line="52" assertions="1" time="0.028920"/>
          <testcase name="test_size_format with data set #7" class="Tests_Functions_SizeFormat" classname="Tests_Functions_SizeFormat" file="/var/www/html/test/wordpress_test/inpsyde_test/test/wp-content/plugins/plugintestslughere/tests/unit/tests/functions/sizeFormat.php" line="52" assertions="1" time="0.028367"/>
          <testcase name="test_size_format with data set #8" class="Tests_Functions_SizeFormat" classname="Tests_Functions_SizeFormat" file="/var/www/html/test/wordpress_test/inpsyde_test/test/wp-content/plugins/plugintestslughere/tests/unit/tests/functions/sizeFormat.php" line="52" assertions="1" time="0.034115"/>
          <testcase name="test_size_format with data set #9" class="Tests_Functions_SizeFormat" classname="Tests_Functions_SizeFormat" file="/var/www/html/test/wordpress_test/inpsyde_test/test/wp-content/plugins/plugintestslughere/tests/unit/tests/functions/sizeFormat.php" line="52" assertions="1" time="0.031501"/>
          <testcase name="test_size_format with data set #10" class="Tests_Functions_SizeFormat" classname="Tests_Functions_SizeFormat" file="/var/www/html/test/wordpress_test/inpsyde_test/test/wp-content/plugins/plugintestslughere/tests/unit/tests/functions/sizeFormat.php" line="52" assertions="1" time="0.029613"/>
          <testcase name="test_size_format with data set #11" class="Tests_Functions_SizeFormat" classname="Tests_Functions_SizeFormat" file="/var/www/html/test/wordpress_test/inpsyde_test/test/wp-content/plugins/plugintestslughere/tests/unit/tests/functions/sizeFormat.php" line="52" assertions="1" time="0.027883"/>
          <testcase name="test_size_format with data set #12" class="Tests_Functions_SizeFormat" classname="Tests_Functions_SizeFormat" file="/var/www/html/test/wordpress_test/inpsyde_test/test/wp-content/plugins/plugintestslughere/tests/unit/tests/functions/sizeFormat.php" line="52" assertions="1" time="0.027600"/>
          <testcase name="test_size_format with data set #13" class="Tests_Functions_SizeFormat" classname="Tests_Functions_SizeFormat" file="/var/www/html/test/wordpress_test/inpsyde_test/test/wp-content/plugins/plugintestslughere/tests/unit/tests/functions/sizeFormat.php" line="52" assertions="1" time="0.032448"/>
          <testcase name="test_size_format with data set #14" class="Tests_Functions_SizeFormat" classname="Tests_Functions_SizeFormat" file="/var/www/html/test/wordpress_test/inpsyde_test/test/wp-content/plugins/plugintestslughere/tests/unit/tests/functions/sizeFormat.php" line="52" assertions="1" time="0.032014"/>
          <testcase name="test_size_format with data set #15" class="Tests_Functions_SizeFormat" classname="Tests_Functions_SizeFormat" file="/var/www/html/test/wordpress_test/inpsyde_test/test/wp-content/plugins/plugintestslughere/tests/unit/tests/functions/sizeFormat.php" line="52" assertions="1" time="0.029517"/>
          <testcase name="test_size_format with data set #16" class="Tests_Functions_SizeFormat" classname="Tests_Functions_SizeFormat" file="/var/www/html/test/wordpress_test/inpsyde_test/test/wp-content/plugins/plugintestslughere/tests/unit/tests/functions/sizeFormat.php" line="52" assertions="1" time="0.029065"/>
          <testcase name="test_size_format with data set #17" class="Tests_Functions_SizeFormat" classname="Tests_Functions_SizeFormat" file="/var/www/html/test/wordpress_test/inpsyde_test/test/wp-content/plugins/plugintestslughere/tests/unit/tests/functions/sizeFormat.php" line="52" assertions="1" time="0.025426"/>
          <testcase name="test_size_format with data set #18" class="Tests_Functions_SizeFormat" classname="Tests_Functions_SizeFormat" file="/var/www/html/test/wordpress_test/inpsyde_test/test/wp-content/plugins/plugintestslughere/tests/unit/tests/functions/sizeFormat.php" line="52" assertions="1" time="0.031386"/>
          <testcase name="test_size_format with data set #19" class="Tests_Functions_SizeFormat" classname="Tests_Functions_SizeFormat" file="/var/www/html/test/wordpress_test/inpsyde_test/test/wp-content/plugins/plugintestslughere/tests/unit/tests/functions/sizeFormat.php" line="52" assertions="1" time="0.032164"/>
          <testcase name="test_size_format with data set #20" class="Tests_Functions_SizeFormat" classname="Tests_Functions_SizeFormat" file="/var/www/html/test/wordpress_test/inpsyde_test/test/wp-content/plugins/plugintestslughere/tests/unit/tests/functions/sizeFormat.php" line="52" assertions="1" time="0.029833"/>
          <testcase name="test_size_format with data set #21" class="Tests_Functions_SizeFormat" classname="Tests_Functions_SizeFormat" file="/var/www/html/test/wordpress_test/inpsyde_test/test/wp-content/plugins/plugintestslughere/tests/unit/tests/functions/sizeFormat.php" line="52" assertions="1" time="0.028615"/>
          <testcase name="test_size_format with data set #22" class="Tests_Functions_SizeFormat" classname="Tests_Functions_SizeFormat" file="/var/www/html/test/wordpress_test/inpsyde_test/test/wp-content/plugins/plugintestslughere/tests/unit/tests/functions/sizeFormat.php" line="52" assertions="1" time="0.029783"/>
          <testcase name="test_size_format with data set #23" class="Tests_Functions_SizeFormat" classname="Tests_Functions_SizeFormat" file="/var/www/html/test/wordpress_test/inpsyde_test/test/wp-content/plugins/plugintestslughere/tests/unit/tests/functions/sizeFormat.php" line="52" assertions="1" time="0.029456"/>
          <testcase name="test_size_format with data set #24" class="Tests_Functions_SizeFormat" classname="Tests_Functions_SizeFormat" file="/var/www/html/test/wordpress_test/inpsyde_test/test/wp-content/plugins/plugintestslughere/tests/unit/tests/functions/sizeFormat.php" line="52" assertions="1" time="0.028758"/>
          <testcase name="test_size_format with data set #25" class="Tests_Functions_SizeFormat" classname="Tests_Functions_SizeFormat" file="/var/www/html/test/wordpress_test/inpsyde_test/test/wp-content/plugins/plugintestslughere/tests/unit/tests/functions/sizeFormat.php" line="52" assertions="1" time="0.029348"/>
          <testcase name="test_size_format with data set #26" class="Tests_Functions_SizeFormat" classname="Tests_Functions_SizeFormat" file="/var/www/html/test/wordpress_test/inpsyde_test/test/wp-content/plugins/plugintestslughere/tests/unit/tests/functions/sizeFormat.php" line="52" assertions="1" time="0.026426"/>
        </testsuite>
      </testsuite>
      <testsuite name="Tests_Functions_UnderscoreReturn" file="/var/www/html/test/wordpress_test/inpsyde_test/test/wp-content/plugins/plugintestslughere/tests/unit/tests/functions/underscoreReturn.php" tests="6" assertions="6" errors="0" failures="0" skipped="0" time="0.186862">
        <testcase name="test__return_true" class="Tests_Functions_UnderscoreReturn" classname="Tests_Functions_UnderscoreReturn" file="/var/www/html/test/wordpress_test/inpsyde_test/test/wp-content/plugins/plugintestslughere/tests/unit/tests/functions/underscoreReturn.php" line="14" assertions="1" time="0.030756"/>
        <testcase name="test__return_false" class="Tests_Functions_UnderscoreReturn" classname="Tests_Functions_UnderscoreReturn" file="/var/www/html/test/wordpress_test/inpsyde_test/test/wp-content/plugins/plugintestslughere/tests/unit/tests/functions/underscoreReturn.php" line="21" assertions="1" time="0.029802"/>
        <testcase name="test__return_zero" class="Tests_Functions_UnderscoreReturn" classname="Tests_Functions_UnderscoreReturn" file="/var/www/html/test/wordpress_test/inpsyde_test/test/wp-content/plugins/plugintestslughere/tests/unit/tests/functions/underscoreReturn.php" line="28" assertions="1" time="0.030758"/>
        <testcase name="test__return_empty_array" class="Tests_Functions_UnderscoreReturn" classname="Tests_Functions_UnderscoreReturn" file="/var/www/html/test/wordpress_test/inpsyde_test/test/wp-content/plugins/plugintestslughere/tests/unit/tests/functions/underscoreReturn.php" line="35" assertions="1" time="0.029765"/>
        <testcase name="test__return_null" class="Tests_Functions_UnderscoreReturn" classname="Tests_Functions_UnderscoreReturn" file="/var/www/html/test/wordpress_test/inpsyde_test/test/wp-content/plugins/plugintestslughere/tests/unit/tests/functions/underscoreReturn.php" line="42" assertions="1" time="0.027037"/>
        <testcase name="test__return_empty_string" class="Tests_Functions_UnderscoreReturn" classname="Tests_Functions_UnderscoreReturn" file="/var/www/html/test/wordpress_test/inpsyde_test/test/wp-content/plugins/plugintestslughere/tests/unit/tests/functions/underscoreReturn.php" line="49" assertions="1" time="0.038744"/>
      </testsuite>
      <testsuite name="Tests_Functions_WP" file="/var/www/html/test/wordpress_test/inpsyde_test/test/wp-content/plugins/plugintestslughere/tests/unit/tests/functions/wp.php" tests="1" assertions="3" errors="0" failures="0" skipped="0" time="0.028143">
        <testcase name="test_wp_sets_global_vars" class="Tests_Functions_WP" classname="Tests_Functions_WP" file="/var/www/html/test/wordpress_test/inpsyde_test/test/wp-content/plugins/plugintestslughere/tests/unit/tests/functions/wp.php" line="10" assertions="3" time="0.028143"/>
      </testsuite>
      <testsuite name="Tests_Functions_wpArraySliceAssoc" file="/var/www/html/test/wordpress_test/inpsyde_test/test/wp-content/plugins/plugintestslughere/tests/unit/tests/functions/wpArraySliceAssoc.php" tests="13" assertions="13" errors="0" failures="0" skipped="0" time="0.366341">
        <testsuite name="Tests_Functions_wpArraySliceAssoc::test_wp_array_slice_assoc" tests="13" assertions="13" errors="0" failures="0" skipped="0" time="0.366341">
          <testcase name="test_wp_array_slice_assoc with data set #0" class="Tests_Functions_wpArraySliceAssoc" classname="Tests_Functions_wpArraySliceAssoc" file="/var/www/html/test/wordpress_test/inpsyde_test/test/wp-content/plugins/plugintestslughere/tests/unit/tests/functions/wpArraySliceAssoc.php" line="24" assertions="1" time="0.026959"/>
          <testcase name="test_wp_array_slice_assoc with data set #1" class="Tests_Functions_wpArraySliceAssoc" classname="Tests_Functions_wpArraySliceAssoc" file="/var/www/html/test/wordpress_test/inpsyde_test/test/wp-content/plugins/plugintestslughere/tests/unit/tests/functions/wpArraySliceAssoc.php" line="24" assertions="1" time="0.026110"/>
          <testcase name="test_wp_array_slice_assoc with data set #2" class="Tests_Functions_wpArraySliceAssoc" classname="Tests_Functions_wpArraySliceAssoc" file="/var/www/html/test/wordpress_test/inpsyde_test/test/wp-content/plugins/plugintestslughere/tests/unit/tests/functions/wpArraySliceAssoc.php" line="24" assertions="1" time="0.030244"/>
          <testcase name="test_wp_array_slice_assoc with data set #3" class="Tests_Functions_wpArraySliceAssoc" classname="Tests_Functions_wpArraySliceAssoc" file="/var/www/html/test/wordpress_test/inpsyde_test/test/wp-content/plugins/plugintestslughere/tests/unit/tests/functions/wpArraySliceAssoc.php" line="24" assertions="1" time="0.032045"/>
          <testcase name="test_wp_array_slice_assoc with data set #4" class="Tests_Functions_wpArraySliceAssoc" classname="Tests_Functions_wpArraySliceAssoc" file="/var/www/html/test/wordpress_test/inpsyde_test/test/wp-content/plugins/plugintestslughere/tests/unit/tests/functions/wpArraySliceAssoc.php" line="24" assertions="1" time="0.026248"/>
          <testcase name="test_wp_array_slice_assoc with data set #5" class="Tests_Functions_wpArraySliceAssoc" classname="Tests_Functions_wpArraySliceAssoc" file="/var/www/html/test/wordpress_test/inpsyde_test/test/wp-content/plugins/plugintestslughere/tests/unit/tests/functions/wpArraySliceAssoc.php" line="24" assertions="1" time="0.028287"/>
          <testcase name="test_wp_array_slice_assoc with data set #6" class="Tests_Functions_wpArraySliceAssoc" classname="Tests_Functions_wpArraySliceAssoc" file="/var/www/html/test/wordpress_test/inpsyde_test/test/wp-content/plugins/plugintestslughere/tests/unit/tests/functions/wpArraySliceAssoc.php" line="24" assertions="1" time="0.030771"/>
          <testcase name="test_wp_array_slice_assoc with data set #7" class="Tests_Functions_wpArraySliceAssoc" classname="Tests_Functions_wpArraySliceAssoc" file="/var/www/html/test/wordpress_test/inpsyde_test/test/wp-content/plugins/plugintestslughere/tests/unit/tests/functions/wpArraySliceAssoc.php" line="24" assertions="1" time="0.024984"/>
          <testcase name="test_wp_array_slice_assoc with data set #8" class="Tests_Functions_wpArraySliceAssoc" classname="Tests_Functions_wpArraySliceAssoc" file="/var/www/html/test/wordpress_test/inpsyde_test/test/wp-content/plugins/plugintestslughere/tests/unit/tests/functions/wpArraySliceAssoc.php" line="24" assertions="1" time="0.026550"/>
          <testcase name="test_wp_array_slice_assoc with data set #9" class="Tests_Functions_wpArraySliceAssoc" classname="Tests_Functions_wpArraySliceAssoc" file="/var/www/html/test/wordpress_test/inpsyde_test/test/wp-content/plugins/plugintestslughere/tests/unit/tests/functions/wpArraySliceAssoc.php" line="24" assertions="1" time="0.028037"/>
          <testcase name="test_wp_array_slice_assoc with data set #10" class="Tests_Functions_wpArraySliceAssoc" classname="Tests_Functions_wpArraySliceAssoc" file="/var/www/html/test/wordpress_test/inpsyde_test/test/wp-content/plugins/plugintestslughere/tests/unit/tests/functions/wpArraySliceAssoc.php" line="24" assertions="1" time="0.027501"/>
          <testcase name="test_wp_array_slice_assoc with data set #11" class="Tests_Functions_wpArraySliceAssoc" classname="Tests_Functions_wpArraySliceAssoc" file="/var/www/html/test/wordpress_test/inpsyde_test/test/wp-content/plugins/plugintestslughere/tests/unit/tests/functions/wpArraySliceAssoc.php" line="24" assertions="1" time="0.030185"/>
          <testcase name="test_wp_array_slice_assoc with data set #12" class="Tests_Functions_wpArraySliceAssoc" classname="Tests_Functions_wpArraySliceAssoc" file="/var/www/html/test/wordpress_test/inpsyde_test/test/wp-content/plugins/plugintestslughere/tests/unit/tests/functions/wpArraySliceAssoc.php" line="24" assertions="1" time="0.028420"/>
        </testsuite>
      </testsuite>
      <testsuite name="Tests_Functions_wpAuthCheck" file="/var/www/html/test/wordpress_test/inpsyde_test/test/wp-content/plugins/plugintestslughere/tests/unit/tests/functions/wpAuthCheck.php" tests="3" assertions="6" errors="0" failures="0" skipped="0" time="0.098803">
        <testcase name="test_wp_auth_check_user_not_logged_in" class="Tests_Functions_wpAuthCheck" classname="Tests_Functions_wpAuthCheck" file="/var/www/html/test/wordpress_test/inpsyde_test/test/wp-content/plugins/plugintestslughere/tests/unit/tests/functions/wpAuthCheck.php" line="17" assertions="2" time="0.032239"/>
        <testcase name="test_wp_auth_check_user_logged_in" class="Tests_Functions_wpAuthCheck" classname="Tests_Functions_wpAuthCheck" file="/var/www/html/test/wordpress_test/inpsyde_test/test/wp-content/plugins/plugintestslughere/tests/unit/tests/functions/wpAuthCheck.php" line="31" assertions="2" time="0.033808"/>
        <testcase name="test_wp_auth_check_user_logged_in_login_grace_period_set" class="Tests_Functions_wpAuthCheck" classname="Tests_Functions_wpAuthCheck" file="/var/www/html/test/wordpress_test/inpsyde_test/test/wp-content/plugins/plugintestslughere/tests/unit/tests/functions/wpAuthCheck.php" line="48" assertions="2" time="0.032756"/>
      </testsuite>
      <testsuite name="Tests_Functions_wpGetArchives" file="/var/www/html/test/wordpress_test/inpsyde_test/test/wp-content/plugins/plugintestslughere/tests/unit/tests/functions/wpGetArchives.php" tests="9" assertions="10" errors="0" failures="0" skipped="0" time="0.424363">
        <testcase name="test_wp_get_archives_default" class="Tests_Functions_wpGetArchives" classname="Tests_Functions_wpGetArchives" file="/var/www/html/test/wordpress_test/inpsyde_test/test/wp-content/plugins/plugintestslughere/tests/unit/tests/functions/wpGetArchives.php" line="29" assertions="1" time="0.028256"/>
        <testcase name="test_wp_get_archives_type" class="Tests_Functions_wpGetArchives" classname="Tests_Functions_wpGetArchives" file="/var/www/html/test/wordpress_test/inpsyde_test/test/wp-content/plugins/plugintestslughere/tests/unit/tests/functions/wpGetArchives.php" line="34" assertions="1" time="0.031382"/>
        <testcase name="test_wp_get_archives_limit" class="Tests_Functions_wpGetArchives" classname="Tests_Functions_wpGetArchives" file="/var/www/html/test/wordpress_test/inpsyde_test/test/wp-content/plugins/plugintestslughere/tests/unit/tests/functions/wpGetArchives.php" line="49" assertions="1" time="0.061750"/>
        <testcase name="test_wp_get_archives_format" class="Tests_Functions_wpGetArchives" classname="Tests_Functions_wpGetArchives" file="/var/www/html/test/wordpress_test/inpsyde_test/test/wp-content/plugins/plugintestslughere/tests/unit/tests/functions/wpGetArchives.php" line="85" assertions="1" time="0.028185"/>
        <testcase name="test_wp_get_archives_before_and_after" class="Tests_Functions_wpGetArchives" classname="Tests_Functions_wpGetArchives" file="/var/www/html/test/wordpress_test/inpsyde_test/test/wp-content/plugins/plugintestslughere/tests/unit/tests/functions/wpGetArchives.php" line="100" assertions="1" time="0.029235"/>
        <testcase name="test_wp_get_archives_show_post_count" class="Tests_Functions_wpGetArchives" classname="Tests_Functions_wpGetArchives" file="/var/www/html/test/wordpress_test/inpsyde_test/test/wp-content/plugins/plugintestslughere/tests/unit/tests/functions/wpGetArchives.php" line="117" assertions="1" time="0.029191"/>
        <testcase name="test_wp_get_archives_echo" class="Tests_Functions_wpGetArchives" classname="Tests_Functions_wpGetArchives" file="/var/www/html/test/wordpress_test/inpsyde_test/test/wp-content/plugins/plugintestslughere/tests/unit/tests/functions/wpGetArchives.php" line="132" assertions="1" time="0.030834"/>
        <testcase name="test_wp_get_archives_order" class="Tests_Functions_wpGetArchives" classname="Tests_Functions_wpGetArchives" file="/var/www/html/test/wordpress_test/inpsyde_test/test/wp-content/plugins/plugintestslughere/tests/unit/tests/functions/wpGetArchives.php" line="138" assertions="2" time="0.097847"/>
        <testcase name="test_wp_get_archives_post_type" class="Tests_Functions_wpGetArchives" classname="Tests_Functions_wpGetArchives" file="/var/www/html/test/wordpress_test/inpsyde_test/test/wp-content/plugins/plugintestslughere/tests/unit/tests/functions/wpGetArchives.php" line="185" assertions="1" time="0.087683"/>
      </testsuite>
      <testsuite name="Tests_Functions_wpGetMimeTypes" file="/var/www/html/test/wordpress_test/inpsyde_test/test/wp-content/plugins/plugintestslughere/tests/unit/tests/functions/wpGetMimeTypes.php" tests="1" assertions="6" errors="0" failures="0" skipped="0" time="0.027679">
        <testcase name="test_all_mime_match" class="Tests_Functions_wpGetMimeTypes" classname="Tests_Functions_wpGetMimeTypes" file="/var/www/html/test/wordpress_test/inpsyde_test/test/wp-content/plugins/plugintestslughere/tests/unit/tests/functions/wpGetMimeTypes.php" line="14" assertions="6" time="0.027679"/>
      </testsuite>
      <testsuite name="Tests_Functions_wpListFilter" file="/var/www/html/test/wordpress_test/inpsyde_test/test/wp-content/plugins/plugintestslughere/tests/unit/tests/functions/wpListFilter.php" tests="21" assertions="42" errors="0" failures="0" skipped="0" time="0.579251">
        <testcase name="test_filter_object_list_and" class="Tests_Functions_wpListFilter" classname="Tests_Functions_wpListFilter" file="/var/www/html/test/wordpress_test/inpsyde_test/test/wp-content/plugins/plugintestslughere/tests/unit/tests/functions/wpListFilter.php" line="45" assertions="3" time="0.025993"/>
        <testcase name="test_filter_object_list_or" class="Tests_Functions_wpListFilter" classname="Tests_Functions_wpListFilter" file="/var/www/html/test/wordpress_test/inpsyde_test/test/wp-content/plugins/plugintestslughere/tests/unit/tests/functions/wpListFilter.php" line="59" assertions="4" time="0.027160"/>
        <testcase name="test_filter_object_list_not" class="Tests_Functions_wpListFilter" classname="Tests_Functions_wpListFilter" file="/var/www/html/test/wordpress_test/inpsyde_test/test/wp-content/plugins/plugintestslughere/tests/unit/tests/functions/wpListFilter.php" line="74" assertions="2" time="0.027996"/>
        <testcase name="test_filter_object_list_and_field" class="Tests_Functions_wpListFilter" classname="Tests_Functions_wpListFilter" file="/var/www/html/test/wordpress_test/inpsyde_test/test/wp-content/plugins/plugintestslughere/tests/unit/tests/functions/wpListFilter.php" line="87" assertions="1" time="0.024212"/>
        <testcase name="test_filter_object_list_or_field" class="Tests_Functions_wpListFilter" classname="Tests_Functions_wpListFilter" file="/var/www/html/test/wordpress_test/inpsyde_test/test/wp-content/plugins/plugintestslughere/tests/unit/tests/functions/wpListFilter.php" line="106" assertions="1" time="0.028332"/>
        <testcase name="test_filter_object_list_not_field" class="Tests_Functions_wpListFilter" classname="Tests_Functions_wpListFilter" file="/var/www/html/test/wordpress_test/inpsyde_test/test/wp-content/plugins/plugintestslughere/tests/unit/tests/functions/wpListFilter.php" line="125" assertions="1" time="0.026778"/>
        <testcase name="test_wp_list_pluck" class="Tests_Functions_wpListFilter" classname="Tests_Functions_wpListFilter" file="/var/www/html/test/wordpress_test/inpsyde_test/test/wp-content/plugins/plugintestslughere/tests/unit/tests/functions/wpListFilter.php" line="138" assertions="2" time="0.026478"/>
        <testcase name="test_wp_list_pluck_index_key" class="Tests_Functions_wpListFilter" classname="Tests_Functions_wpListFilter" file="/var/www/html/test/wordpress_test/inpsyde_test/test/wp-content/plugins/plugintestslughere/tests/unit/tests/functions/wpListFilter.php" line="163" assertions="1" time="0.028262"/>
        <testcase name="test_wp_list_pluck_object_index_key" class="Tests_Functions_wpListFilter" classname="Tests_Functions_wpListFilter" file="/var/www/html/test/wordpress_test/inpsyde_test/test/wp-content/plugins/plugintestslughere/tests/unit/tests/functions/wpListFilter.php" line="178" assertions="1" time="0.022672"/>
        <testcase name="test_wp_list_pluck_missing_index_key" class="Tests_Functions_wpListFilter" classname="Tests_Functions_wpListFilter" file="/var/www/html/test/wordpress_test/inpsyde_test/test/wp-content/plugins/plugintestslughere/tests/unit/tests/functions/wpListFilter.php" line="193" assertions="1" time="0.030661"/>
        <testcase name="test_wp_list_pluck_partial_missing_index_key" class="Tests_Functions_wpListFilter" classname="Tests_Functions_wpListFilter" file="/var/www/html/test/wordpress_test/inpsyde_test/test/wp-content/plugins/plugintestslughere/tests/unit/tests/functions/wpListFilter.php" line="208" assertions="1" time="0.029560"/>
        <testcase name="test_wp_list_pluck_mixed_index_key" class="Tests_Functions_wpListFilter" classname="Tests_Functions_wpListFilter" file="/var/www/html/test/wordpress_test/inpsyde_test/test/wp-content/plugins/plugintestslughere/tests/unit/tests/functions/wpListFilter.php" line="225" assertions="1" time="0.027841"/>
        <testcase name="test_wp_list_pluck_containing_references" class="Tests_Functions_wpListFilter" classname="Tests_Functions_wpListFilter" file="/var/www/html/test/wordpress_test/inpsyde_test/test/wp-content/plugins/plugintestslughere/tests/unit/tests/functions/wpListFilter.php" line="242" assertions="5" time="0.026159"/>
        <testcase name="test_wp_list_pluck_containing_references_keys" class="Tests_Functions_wpListFilter" classname="Tests_Functions_wpListFilter" file="/var/www/html/test/wordpress_test/inpsyde_test/test/wp-content/plugins/plugintestslughere/tests/unit/tests/functions/wpListFilter.php" line="267" assertions="5" time="0.030064"/>
        <testcase name="test_filter_object_list_nested_array_and" class="Tests_Functions_wpListFilter" classname="Tests_Functions_wpListFilter" file="/var/www/html/test/wordpress_test/inpsyde_test/test/wp-content/plugins/plugintestslughere/tests/unit/tests/functions/wpListFilter.php" line="289" assertions="2" time="0.026967"/>
        <testcase name="test_filter_object_list_nested_array_not" class="Tests_Functions_wpListFilter" classname="Tests_Functions_wpListFilter" file="/var/www/html/test/wordpress_test/inpsyde_test/test/wp-content/plugins/plugintestslughere/tests/unit/tests/functions/wpListFilter.php" line="295" assertions="3" time="0.027460"/>
        <testcase name="test_filter_object_list_nested_array_or" class="Tests_Functions_wpListFilter" classname="Tests_Functions_wpListFilter" file="/var/www/html/test/wordpress_test/inpsyde_test/test/wp-content/plugins/plugintestslughere/tests/unit/tests/functions/wpListFilter.php" line="302" assertions="3" time="0.029753"/>
        <testcase name="test_filter_object_list_nested_array_or_singular" class="Tests_Functions_wpListFilter" classname="Tests_Functions_wpListFilter" file="/var/www/html/test/wordpress_test/inpsyde_test/test/wp-content/plugins/plugintestslughere/tests/unit/tests/functions/wpListFilter.php" line="316" assertions="2" time="0.030535"/>
        <testcase name="test_filter_object_list_nested_array_and_field" class="Tests_Functions_wpListFilter" classname="Tests_Functions_wpListFilter" file="/var/www/html/test/wordpress_test/inpsyde_test/test/wp-content/plugins/plugintestslughere/tests/unit/tests/functions/wpListFilter.php" line="322" assertions="1" time="0.028944"/>
        <testcase name="test_filter_object_list_nested_array_not_field" class="Tests_Functions_wpListFilter" classname="Tests_Functions_wpListFilter" file="/var/www/html/test/wordpress_test/inpsyde_test/test/wp-content/plugins/plugintestslughere/tests/unit/tests/functions/wpListFilter.php" line="327" assertions="1" time="0.023364"/>
        <testcase name="test_filter_object_list_nested_array_or_field" class="Tests_Functions_wpListFilter" classname="Tests_Functions_wpListFilter" file="/var/www/html/test/wordpress_test/inpsyde_test/test/wp-content/plugins/plugintestslughere/tests/unit/tests/functions/wpListFilter.php" line="338" assertions="1" time="0.030060"/>
      </testsuite>
      <testsuite name="Tests_Functions_wpListUtil" file="/var/www/html/test/wordpress_test/inpsyde_test/test/wp-content/plugins/plugintestslughere/tests/unit/tests/functions/wpListUtil.php" tests="31" assertions="32" errors="0" failures="0" skipped="0" time="0.994541">
        <testsuite name="Tests_Functions_wpListUtil::test_wp_list_pluck" tests="6" assertions="6" errors="0" failures="0" skipped="0" time="0.174734">
          <testcase name="test_wp_list_pluck with data set &quot;arrays&quot;" class="Tests_Functions_wpListUtil" classname="Tests_Functions_wpListUtil" file="/var/www/html/test/wordpress_test/inpsyde_test/test/wp-content/plugins/plugintestslughere/tests/unit/tests/functions/wpListUtil.php" line="165" assertions="1" time="0.028763"/>
          <testcase name="test_wp_list_pluck with data set &quot;arrays with index key&quot;" class="Tests_Functions_wpListUtil" classname="Tests_Functions_wpListUtil" file="/var/www/html/test/wordpress_test/inpsyde_test/test/wp-content/plugins/plugintestslughere/tests/unit/tests/functions/wpListUtil.php" line="165" assertions="1" time="0.027651"/>
          <testcase name="test_wp_list_pluck with data set &quot;arrays with index key missing&quot;" class="Tests_Functions_wpListUtil" classname="Tests_Functions_wpListUtil" file="/var/www/html/test/wordpress_test/inpsyde_test/test/wp-content/plugins/plugintestslughere/tests/unit/tests/functions/wpListUtil.php" line="165" assertions="1" time="0.027268"/>
          <testcase name="test_wp_list_pluck with data set &quot;objects&quot;" class="Tests_Functions_wpListUtil" classname="Tests_Functions_wpListUtil" file="/var/www/html/test/wordpress_test/inpsyde_test/test/wp-content/plugins/plugintestslughere/tests/unit/tests/functions/wpListUtil.php" line="165" assertions="1" time="0.030371"/>
          <testcase name="test_wp_list_pluck with data set &quot;objects with index key&quot;" class="Tests_Functions_wpListUtil" classname="Tests_Functions_wpListUtil" file="/var/www/html/test/wordpress_test/inpsyde_test/test/wp-content/plugins/plugintestslughere/tests/unit/tests/functions/wpListUtil.php" line="165" assertions="1" time="0.028954"/>
          <testcase name="test_wp_list_pluck with data set &quot;objects with index key missing&quot;" class="Tests_Functions_wpListUtil" classname="Tests_Functions_wpListUtil" file="/var/www/html/test/wordpress_test/inpsyde_test/test/wp-content/plugins/plugintestslughere/tests/unit/tests/functions/wpListUtil.php" line="165" assertions="1" time="0.031727"/>
        </testsuite>
        <testsuite name="Tests_Functions_wpListUtil::test_wp_list_filter" tests="8" assertions="8" errors="0" failures="0" skipped="0" time="0.234308">
          <testcase name="test_wp_list_filter with data set &quot;string instead of array&quot;" class="Tests_Functions_wpListUtil" classname="Tests_Functions_wpListUtil" file="/var/www/html/test/wordpress_test/inpsyde_test/test/wp-content/plugins/plugintestslughere/tests/unit/tests/functions/wpListUtil.php" line="372" assertions="1" time="0.027999"/>
          <testcase name="test_wp_list_filter with data set &quot;object instead of array&quot;" class="Tests_Functions_wpListUtil" classname="Tests_Functions_wpListUtil" file="/var/www/html/test/wordpress_test/inpsyde_test/test/wp-content/plugins/plugintestslughere/tests/unit/tests/functions/wpListUtil.php" line="372" assertions="1" time="0.025690"/>
          <testcase name="test_wp_list_filter with data set &quot;empty args&quot;" class="Tests_Functions_wpListUtil" classname="Tests_Functions_wpListUtil" file="/var/www/html/test/wordpress_test/inpsyde_test/test/wp-content/plugins/plugintestslughere/tests/unit/tests/functions/wpListUtil.php" line="372" assertions="1" time="0.027495"/>
          <testcase name="test_wp_list_filter with data set &quot;invalid operator&quot;" class="Tests_Functions_wpListUtil" classname="Tests_Functions_wpListUtil" file="/var/www/html/test/wordpress_test/inpsyde_test/test/wp-content/plugins/plugintestslughere/tests/unit/tests/functions/wpListUtil.php" line="372" assertions="1" time="0.027273"/>
          <testcase name="test_wp_list_filter with data set &quot;single argument to match&quot;" class="Tests_Functions_wpListUtil" classname="Tests_Functions_wpListUtil" file="/var/www/html/test/wordpress_test/inpsyde_test/test/wp-content/plugins/plugintestslughere/tests/unit/tests/functions/wpListUtil.php" line="372" assertions="1" time="0.028381"/>
          <testcase name="test_wp_list_filter with data set &quot;all must match&quot;" class="Tests_Functions_wpListUtil" classname="Tests_Functions_wpListUtil" file="/var/www/html/test/wordpress_test/inpsyde_test/test/wp-content/plugins/plugintestslughere/tests/unit/tests/functions/wpListUtil.php" line="372" assertions="1" time="0.029309"/>
          <testcase name="test_wp_list_filter with data set &quot;any must match&quot;" class="Tests_Functions_wpListUtil" classname="Tests_Functions_wpListUtil" file="/var/www/html/test/wordpress_test/inpsyde_test/test/wp-content/plugins/plugintestslughere/tests/unit/tests/functions/wpListUtil.php" line="372" assertions="1" time="0.033459"/>
          <testcase name="test_wp_list_filter with data set &quot;none must match&quot;" class="Tests_Functions_wpListUtil" classname="Tests_Functions_wpListUtil" file="/var/www/html/test/wordpress_test/inpsyde_test/test/wp-content/plugins/plugintestslughere/tests/unit/tests/functions/wpListUtil.php" line="372" assertions="1" time="0.034702"/>
        </testsuite>
        <testsuite name="Tests_Functions_wpListUtil::test_wp_list_sort" tests="7" assertions="7" errors="0" failures="0" skipped="0" time="0.204330">
          <testcase name="test_wp_list_sort with data set &quot;single orderby ascending&quot;" class="Tests_Functions_wpListUtil" classname="Tests_Functions_wpListUtil" file="/var/www/html/test/wordpress_test/inpsyde_test/test/wp-content/plugins/plugintestslughere/tests/unit/tests/functions/wpListUtil.php" line="699" assertions="1" time="0.031247"/>
          <testcase name="test_wp_list_sort with data set &quot;single orderby descending&quot;" class="Tests_Functions_wpListUtil" classname="Tests_Functions_wpListUtil" file="/var/www/html/test/wordpress_test/inpsyde_test/test/wp-content/plugins/plugintestslughere/tests/unit/tests/functions/wpListUtil.php" line="699" assertions="1" time="0.029324"/>
          <testcase name="test_wp_list_sort with data set &quot;single orderby array ascending&quot;" class="Tests_Functions_wpListUtil" classname="Tests_Functions_wpListUtil" file="/var/www/html/test/wordpress_test/inpsyde_test/test/wp-content/plugins/plugintestslughere/tests/unit/tests/functions/wpListUtil.php" line="699" assertions="1" time="0.029361"/>
          <testcase name="test_wp_list_sort with data set &quot;single orderby array descending&quot;" class="Tests_Functions_wpListUtil" classname="Tests_Functions_wpListUtil" file="/var/www/html/test/wordpress_test/inpsyde_test/test/wp-content/plugins/plugintestslughere/tests/unit/tests/functions/wpListUtil.php" line="699" assertions="1" time="0.027703"/>
          <testcase name="test_wp_list_sort with data set &quot;multiple orderby ascending&quot;" class="Tests_Functions_wpListUtil" classname="Tests_Functions_wpListUtil" file="/var/www/html/test/wordpress_test/inpsyde_test/test/wp-content/plugins/plugintestslughere/tests/unit/tests/functions/wpListUtil.php" line="699" assertions="1" time="0.027600"/>
          <testcase name="test_wp_list_sort with data set &quot;multiple orderby descending&quot;" class="Tests_Functions_wpListUtil" classname="Tests_Functions_wpListUtil" file="/var/www/html/test/wordpress_test/inpsyde_test/test/wp-content/plugins/plugintestslughere/tests/unit/tests/functions/wpListUtil.php" line="699" assertions="1" time="0.030116"/>
          <testcase name="test_wp_list_sort with data set &quot;multiple orderby mixed&quot;" class="Tests_Functions_wpListUtil" classname="Tests_Functions_wpListUtil" file="/var/www/html/test/wordpress_test/inpsyde_test/test/wp-content/plugins/plugintestslughere/tests/unit/tests/functions/wpListUtil.php" line="699" assertions="1" time="0.028980"/>
        </testsuite>
        <testsuite name="Tests_Functions_wpListUtil::test_wp_list_sort_preserve_keys" tests="7" assertions="7" errors="0" failures="0" skipped="0" time="0.289916">
          <testcase name="test_wp_list_sort_preserve_keys with data set &quot;single orderby ascending&quot;" class="Tests_Functions_wpListUtil" classname="Tests_Functions_wpListUtil" file="/var/www/html/test/wordpress_test/inpsyde_test/test/wp-content/plugins/plugintestslughere/tests/unit/tests/functions/wpListUtil.php" line="1026" assertions="1" time="0.024397"/>
          <testcase name="test_wp_list_sort_preserve_keys with data set &quot;single orderby descending&quot;" class="Tests_Functions_wpListUtil" classname="Tests_Functions_wpListUtil" file="/var/www/html/test/wordpress_test/inpsyde_test/test/wp-content/plugins/plugintestslughere/tests/unit/tests/functions/wpListUtil.php" line="1026" assertions="1" time="0.026923"/>
          <testcase name="test_wp_list_sort_preserve_keys with data set &quot;single orderby array ascending&quot;" class="Tests_Functions_wpListUtil" classname="Tests_Functions_wpListUtil" file="/var/www/html/test/wordpress_test/inpsyde_test/test/wp-content/plugins/plugintestslughere/tests/unit/tests/functions/wpListUtil.php" line="1026" assertions="1" time="0.032329"/>
          <testcase name="test_wp_list_sort_preserve_keys with data set &quot;single orderby array descending&quot;" class="Tests_Functions_wpListUtil" classname="Tests_Functions_wpListUtil" file="/var/www/html/test/wordpress_test/inpsyde_test/test/wp-content/plugins/plugintestslughere/tests/unit/tests/functions/wpListUtil.php" line="1026" assertions="1" time="0.038882"/>
          <testcase name="test_wp_list_sort_preserve_keys with data set &quot;multiple orderby ascending&quot;" class="Tests_Functions_wpListUtil" classname="Tests_Functions_wpListUtil" file="/var/www/html/test/wordpress_test/inpsyde_test/test/wp-content/plugins/plugintestslughere/tests/unit/tests/functions/wpListUtil.php" line="1026" assertions="1" time="0.054297"/>
          <testcase name="test_wp_list_sort_preserve_keys with data set &quot;multiple orderby descending&quot;" class="Tests_Functions_wpListUtil" classname="Tests_Functions_wpListUtil" file="/var/www/html/test/wordpress_test/inpsyde_test/test/wp-content/plugins/plugintestslughere/tests/unit/tests/functions/wpListUtil.php" line="1026" assertions="1" time="0.082427"/>
          <testcase name="test_wp_list_sort_preserve_keys with data set &quot;multiple orderby mixed&quot;" class="Tests_Functions_wpListUtil" classname="Tests_Functions_wpListUtil" file="/var/www/html/test/wordpress_test/inpsyde_test/test/wp-content/plugins/plugintestslughere/tests/unit/tests/functions/wpListUtil.php" line="1026" assertions="1" time="0.030661"/>
        </testsuite>
        <testcase name="test_wp_list_util_get_input" class="Tests_Functions_wpListUtil" classname="Tests_Functions_wpListUtil" file="/var/www/html/test/wordpress_test/inpsyde_test/test/wp-content/plugins/plugintestslughere/tests/unit/tests/functions/wpListUtil.php" line="1033" assertions="1" time="0.037651"/>
        <testcase name="test_wp_list_util_get_output_immediately" class="Tests_Functions_wpListUtil" classname="Tests_Functions_wpListUtil" file="/var/www/html/test/wordpress_test/inpsyde_test/test/wp-content/plugins/plugintestslughere/tests/unit/tests/functions/wpListUtil.php" line="1043" assertions="1" time="0.028512"/>
        <testcase name="test_wp_list_util_get_output" class="Tests_Functions_wpListUtil" classname="Tests_Functions_wpListUtil" file="/var/www/html/test/wordpress_test/inpsyde_test/test/wp-content/plugins/plugintestslughere/tests/unit/tests/functions/wpListUtil.php" line="1053" assertions="2" time="0.025089"/>
      </testsuite>
      <testsuite name="Tests_Functions_wpValidateBoolean" file="/var/www/html/test/wordpress_test/inpsyde_test/test/wp-content/plugins/plugintestslughere/tests/unit/tests/functions/wpValidateBoolean.php" tests="23" assertions="23" errors="0" failures="0" skipped="0" time="0.694423">
        <testsuite name="Tests_Functions_wpValidateBoolean::test_wp_validate_boolean" tests="23" assertions="23" errors="0" failures="0" skipped="0" time="0.694423">
          <testcase name="test_wp_validate_boolean with data set #0" class="Tests_Functions_wpValidateBoolean" classname="Tests_Functions_wpValidateBoolean" file="/var/www/html/test/wordpress_test/inpsyde_test/test/wp-content/plugins/plugintestslughere/tests/unit/tests/functions/wpValidateBoolean.php" line="56" assertions="1" time="0.028301"/>
          <testcase name="test_wp_validate_boolean with data set #1" class="Tests_Functions_wpValidateBoolean" classname="Tests_Functions_wpValidateBoolean" file="/var/www/html/test/wordpress_test/inpsyde_test/test/wp-content/plugins/plugintestslughere/tests/unit/tests/functions/wpValidateBoolean.php" line="56" assertions="1" time="0.023749"/>
          <testcase name="test_wp_validate_boolean with data set #2" class="Tests_Functions_wpValidateBoolean" classname="Tests_Functions_wpValidateBoolean" file="/var/www/html/test/wordpress_test/inpsyde_test/test/wp-content/plugins/plugintestslughere/tests/unit/tests/functions/wpValidateBoolean.php" line="56" assertions="1" time="0.026693"/>
          <testcase name="test_wp_validate_boolean with data set #3" class="Tests_Functions_wpValidateBoolean" classname="Tests_Functions_wpValidateBoolean" file="/var/www/html/test/wordpress_test/inpsyde_test/test/wp-content/plugins/plugintestslughere/tests/unit/tests/functions/wpValidateBoolean.php" line="56" assertions="1" time="0.025123"/>
          <testcase name="test_wp_validate_boolean with data set #4" class="Tests_Functions_wpValidateBoolean" classname="Tests_Functions_wpValidateBoolean" file="/var/www/html/test/wordpress_test/inpsyde_test/test/wp-content/plugins/plugintestslughere/tests/unit/tests/functions/wpValidateBoolean.php" line="56" assertions="1" time="0.024149"/>
          <testcase name="test_wp_validate_boolean with data set #5" class="Tests_Functions_wpValidateBoolean" classname="Tests_Functions_wpValidateBoolean" file="/var/www/html/test/wordpress_test/inpsyde_test/test/wp-content/plugins/plugintestslughere/tests/unit/tests/functions/wpValidateBoolean.php" line="56" assertions="1" time="0.023744"/>
          <testcase name="test_wp_validate_boolean with data set #6" class="Tests_Functions_wpValidateBoolean" classname="Tests_Functions_wpValidateBoolean" file="/var/www/html/test/wordpress_test/inpsyde_test/test/wp-content/plugins/plugintestslughere/tests/unit/tests/functions/wpValidateBoolean.php" line="56" assertions="1" time="0.022737"/>
          <testcase name="test_wp_validate_boolean with data set #7" class="Tests_Functions_wpValidateBoolean" classname="Tests_Functions_wpValidateBoolean" file="/var/www/html/test/wordpress_test/inpsyde_test/test/wp-content/plugins/plugintestslughere/tests/unit/tests/functions/wpValidateBoolean.php" line="56" assertions="1" time="0.024512"/>
          <testcase name="test_wp_validate_boolean with data set #8" class="Tests_Functions_wpValidateBoolean" classname="Tests_Functions_wpValidateBoolean" file="/var/www/html/test/wordpress_test/inpsyde_test/test/wp-content/plugins/plugintestslughere/tests/unit/tests/functions/wpValidateBoolean.php" line="56" assertions="1" time="0.025511"/>
          <testcase name="test_wp_validate_boolean with data set #9" class="Tests_Functions_wpValidateBoolean" classname="Tests_Functions_wpValidateBoolean" file="/var/www/html/test/wordpress_test/inpsyde_test/test/wp-content/plugins/plugintestslughere/tests/unit/tests/functions/wpValidateBoolean.php" line="56" assertions="1" time="0.022585"/>
          <testcase name="test_wp_validate_boolean with data set #10" class="Tests_Functions_wpValidateBoolean" classname="Tests_Functions_wpValidateBoolean" file="/var/www/html/test/wordpress_test/inpsyde_test/test/wp-content/plugins/plugintestslughere/tests/unit/tests/functions/wpValidateBoolean.php" line="56" assertions="1" time="0.024148"/>
          <testcase name="test_wp_validate_boolean with data set #11" class="Tests_Functions_wpValidateBoolean" classname="Tests_Functions_wpValidateBoolean" file="/var/www/html/test/wordpress_test/inpsyde_test/test/wp-content/plugins/plugintestslughere/tests/unit/tests/functions/wpValidateBoolean.php" line="56" assertions="1" time="0.022829"/>
          <testcase name="test_wp_validate_boolean with data set #12" class="Tests_Functions_wpValidateBoolean" classname="Tests_Functions_wpValidateBoolean" file="/var/www/html/test/wordpress_test/inpsyde_test/test/wp-content/plugins/plugintestslughere/tests/unit/tests/functions/wpValidateBoolean.php" line="56" assertions="1" time="0.037070"/>
          <testcase name="test_wp_validate_boolean with data set #13" class="Tests_Functions_wpValidateBoolean" classname="Tests_Functions_wpValidateBoolean" file="/var/www/html/test/wordpress_test/inpsyde_test/test/wp-content/plugins/plugintestslughere/tests/unit/tests/functions/wpValidateBoolean.php" line="56" assertions="1" time="0.032096"/>
          <testcase name="test_wp_validate_boolean with data set #14" class="Tests_Functions_wpValidateBoolean" classname="Tests_Functions_wpValidateBoolean" file="/var/www/html/test/wordpress_test/inpsyde_test/test/wp-content/plugins/plugintestslughere/tests/unit/tests/functions/wpValidateBoolean.php" line="56" assertions="1" time="0.036496"/>
          <testcase name="test_wp_validate_boolean with data set #15" class="Tests_Functions_wpValidateBoolean" classname="Tests_Functions_wpValidateBoolean" file="/var/www/html/test/wordpress_test/inpsyde_test/test/wp-content/plugins/plugintestslughere/tests/unit/tests/functions/wpValidateBoolean.php" line="56" assertions="1" time="0.039631"/>
          <testcase name="test_wp_validate_boolean with data set #16" class="Tests_Functions_wpValidateBoolean" classname="Tests_Functions_wpValidateBoolean" file="/var/www/html/test/wordpress_test/inpsyde_test/test/wp-content/plugins/plugintestslughere/tests/unit/tests/functions/wpValidateBoolean.php" line="56" assertions="1" time="0.037484"/>
          <testcase name="test_wp_validate_boolean with data set #17" class="Tests_Functions_wpValidateBoolean" classname="Tests_Functions_wpValidateBoolean" file="/var/www/html/test/wordpress_test/inpsyde_test/test/wp-content/plugins/plugintestslughere/tests/unit/tests/functions/wpValidateBoolean.php" line="56" assertions="1" time="0.038505"/>
          <testcase name="test_wp_validate_boolean with data set #18" class="Tests_Functions_wpValidateBoolean" classname="Tests_Functions_wpValidateBoolean" file="/var/www/html/test/wordpress_test/inpsyde_test/test/wp-content/plugins/plugintestslughere/tests/unit/tests/functions/wpValidateBoolean.php" line="56" assertions="1" time="0.038558"/>
          <testcase name="test_wp_validate_boolean with data set #19" class="Tests_Functions_wpValidateBoolean" classname="Tests_Functions_wpValidateBoolean" file="/var/www/html/test/wordpress_test/inpsyde_test/test/wp-content/plugins/plugintestslughere/tests/unit/tests/functions/wpValidateBoolean.php" line="56" assertions="1" time="0.023330"/>
          <testcase name="test_wp_validate_boolean with data set #20" class="Tests_Functions_wpValidateBoolean" classname="Tests_Functions_wpValidateBoolean" file="/var/www/html/test/wordpress_test/inpsyde_test/test/wp-content/plugins/plugintestslughere/tests/unit/tests/functions/wpValidateBoolean.php" line="56" assertions="1" time="0.033735"/>
          <testcase name="test_wp_validate_boolean with data set #21" class="Tests_Functions_wpValidateBoolean" classname="Tests_Functions_wpValidateBoolean" file="/var/www/html/test/wordpress_test/inpsyde_test/test/wp-content/plugins/plugintestslughere/tests/unit/tests/functions/wpValidateBoolean.php" line="56" assertions="1" time="0.041382"/>
          <testcase name="test_wp_validate_boolean with data set #22" class="Tests_Functions_wpValidateBoolean" classname="Tests_Functions_wpValidateBoolean" file="/var/www/html/test/wordpress_test/inpsyde_test/test/wp-content/plugins/plugintestslughere/tests/unit/tests/functions/wpValidateBoolean.php" line="56" assertions="1" time="0.042055"/>
        </testsuite>
      </testsuite>
      <testsuite name="Tests_General_Archives" file="/var/www/html/test/wordpress_test/inpsyde_test/test/wp-content/plugins/plugintestslughere/tests/unit/tests/general/archives.php" tests="1" assertions="37" errors="0" failures="0" skipped="0" time="0.222532">
        <testcase name="test_get_archives_cache" class="Tests_General_Archives" classname="Tests_General_Archives" file="/var/www/html/test/wordpress_test/inpsyde_test/test/wp-content/plugins/plugintestslughere/tests/unit/tests/general/archives.php" line="16" assertions="37" time="0.222532"/>
      </testsuite>
      <testsuite name="Tests_General_DocumentTitle" file="/var/www/html/test/wordpress_test/inpsyde_test/test/wp-content/plugins/plugintestslughere/tests/unit/tests/general/document-title.php" tests="18" assertions="32" errors="0" failures="0" skipped="0" time="0.947783">
        <testcase name="test__wp_render_title_tag" class="Tests_General_DocumentTitle" classname="Tests_General_DocumentTitle" file="/var/www/html/test/wordpress_test/inpsyde_test/test/wp-content/plugins/plugintestslughere/tests/unit/tests/general/document-title.php" line="62" assertions="1" time="0.040700"/>
        <testcase name="test__wp_render_title_no_theme_support" class="Tests_General_DocumentTitle" classname="Tests_General_DocumentTitle" file="/var/www/html/test/wordpress_test/inpsyde_test/test/wp-content/plugins/plugintestslughere/tests/unit/tests/general/document-title.php" line="69" assertions="1" time="0.037774"/>
        <testcase name="test_short_circuiting_title" class="Tests_General_DocumentTitle" classname="Tests_General_DocumentTitle" file="/var/www/html/test/wordpress_test/inpsyde_test/test/wp-content/plugins/plugintestslughere/tests/unit/tests/general/document-title.php" line="78" assertions="1" time="0.037924"/>
        <testcase name="test_front_page_title" class="Tests_General_DocumentTitle" classname="Tests_General_DocumentTitle" file="/var/www/html/test/wordpress_test/inpsyde_test/test/wp-content/plugins/plugintestslughere/tests/unit/tests/general/document-title.php" line="90" assertions="8" time="0.213259"/>
        <testcase name="test_home_title" class="Tests_General_DocumentTitle" classname="Tests_General_DocumentTitle" file="/var/www/html/test/wordpress_test/inpsyde_test/test/wp-content/plugins/plugintestslughere/tests/unit/tests/general/document-title.php" line="120" assertions="1" time="0.108972"/>
        <testcase name="test_paged_title" class="Tests_General_DocumentTitle" classname="Tests_General_DocumentTitle" file="/var/www/html/test/wordpress_test/inpsyde_test/test/wp-content/plugins/plugintestslughere/tests/unit/tests/general/document-title.php" line="135" assertions="5" time="0.042334"/>
        <testcase name="test_singular_title" class="Tests_General_DocumentTitle" classname="Tests_General_DocumentTitle" file="/var/www/html/test/wordpress_test/inpsyde_test/test/wp-content/plugins/plugintestslughere/tests/unit/tests/general/document-title.php" line="152" assertions="4" time="0.039383"/>
        <testcase name="test_category_title" class="Tests_General_DocumentTitle" classname="Tests_General_DocumentTitle" file="/var/www/html/test/wordpress_test/inpsyde_test/test/wp-content/plugins/plugintestslughere/tests/unit/tests/general/document-title.php" line="168" assertions="1" time="0.031945"/>
        <testcase name="test_search_title" class="Tests_General_DocumentTitle" classname="Tests_General_DocumentTitle" file="/var/www/html/test/wordpress_test/inpsyde_test/test/wp-content/plugins/plugintestslughere/tests/unit/tests/general/document-title.php" line="174" assertions="1" time="0.036695"/>
        <testcase name="test_author_title" class="Tests_General_DocumentTitle" classname="Tests_General_DocumentTitle" file="/var/www/html/test/wordpress_test/inpsyde_test/test/wp-content/plugins/plugintestslughere/tests/unit/tests/general/document-title.php" line="180" assertions="1" time="0.035804"/>
        <testcase name="test_post_type_archive_title" class="Tests_General_DocumentTitle" classname="Tests_General_DocumentTitle" file="/var/www/html/test/wordpress_test/inpsyde_test/test/wp-content/plugins/plugintestslughere/tests/unit/tests/general/document-title.php" line="186" assertions="1" time="0.086647"/>
        <testcase name="test_year_title" class="Tests_General_DocumentTitle" classname="Tests_General_DocumentTitle" file="/var/www/html/test/wordpress_test/inpsyde_test/test/wp-content/plugins/plugintestslughere/tests/unit/tests/general/document-title.php" line="209" assertions="1" time="0.041205"/>
        <testcase name="test_month_title" class="Tests_General_DocumentTitle" classname="Tests_General_DocumentTitle" file="/var/www/html/test/wordpress_test/inpsyde_test/test/wp-content/plugins/plugintestslughere/tests/unit/tests/general/document-title.php" line="215" assertions="1" time="0.036241"/>
        <testcase name="test_day_title" class="Tests_General_DocumentTitle" classname="Tests_General_DocumentTitle" file="/var/www/html/test/wordpress_test/inpsyde_test/test/wp-content/plugins/plugintestslughere/tests/unit/tests/general/document-title.php" line="221" assertions="1" time="0.037188"/>
        <testcase name="test_404_title" class="Tests_General_DocumentTitle" classname="Tests_General_DocumentTitle" file="/var/www/html/test/wordpress_test/inpsyde_test/test/wp-content/plugins/plugintestslughere/tests/unit/tests/general/document-title.php" line="227" assertions="1" time="0.026874"/>
        <testcase name="test_paged_post_title" class="Tests_General_DocumentTitle" classname="Tests_General_DocumentTitle" file="/var/www/html/test/wordpress_test/inpsyde_test/test/wp-content/plugins/plugintestslughere/tests/unit/tests/general/document-title.php" line="233" assertions="1" time="0.031482"/>
        <testcase name="test_rearrange_title_parts" class="Tests_General_DocumentTitle" classname="Tests_General_DocumentTitle" file="/var/www/html/test/wordpress_test/inpsyde_test/test/wp-content/plugins/plugintestslughere/tests/unit/tests/general/document-title.php" line="250" assertions="1" time="0.031394"/>
        <testcase name="test_change_title_separator" class="Tests_General_DocumentTitle" classname="Tests_General_DocumentTitle" file="/var/www/html/test/wordpress_test/inpsyde_test/test/wp-content/plugins/plugintestslughere/tests/unit/tests/general/document-title.php" line="267" assertions="1" time="0.031962"/>
      </testsuite>
      <testsuite name="Tests_Paginate_Links" file="/var/www/html/test/wordpress_test/inpsyde_test/test/wp-content/plugins/plugintestslughere/tests/unit/tests/general/paginateLinks.php" tests="11" assertions="41" errors="0" failures="0" skipped="0" time="0.366168">
        <testcase name="test_defaults" class="Tests_Paginate_Links" classname="Tests_Paginate_Links" file="/var/www/html/test/wordpress_test/inpsyde_test/test/wp-content/plugins/plugintestslughere/tests/unit/tests/general/paginateLinks.php" line="13" assertions="1" time="0.040144"/>
        <testcase name="test_format" class="Tests_Paginate_Links" classname="Tests_Paginate_Links" file="/var/www/html/test/wordpress_test/inpsyde_test/test/wp-content/plugins/plugintestslughere/tests/unit/tests/general/paginateLinks.php" line="31" assertions="1" time="0.032796"/>
        <testcase name="test_prev_next_false" class="Tests_Paginate_Links" classname="Tests_Paginate_Links" file="/var/www/html/test/wordpress_test/inpsyde_test/test/wp-content/plugins/plugintestslughere/tests/unit/tests/general/paginateLinks.php" line="54" assertions="1" time="0.035029"/>
        <testcase name="test_prev_next_true" class="Tests_Paginate_Links" classname="Tests_Paginate_Links" file="/var/www/html/test/wordpress_test/inpsyde_test/test/wp-content/plugins/plugintestslughere/tests/unit/tests/general/paginateLinks.php" line="79" assertions="1" time="0.036738"/>
        <testcase name="test_paginate_links_number_format" class="Tests_Paginate_Links" classname="Tests_Paginate_Links" file="/var/www/html/test/wordpress_test/inpsyde_test/test/wp-content/plugins/plugintestslughere/tests/unit/tests/general/paginateLinks.php" line="113" assertions="1" time="0.032046"/>
        <testcase name="test_paginate_links_base_value" class="Tests_Paginate_Links" classname="Tests_Paginate_Links" file="/var/www/html/test/wordpress_test/inpsyde_test/test/wp-content/plugins/plugintestslughere/tests/unit/tests/general/paginateLinks.php" line="135" assertions="10" time="0.034631"/>
        <testcase name="test_paginate_links_query_args" class="Tests_Paginate_Links" classname="Tests_Paginate_Links" file="/var/www/html/test/wordpress_test/inpsyde_test/test/wp-content/plugins/plugintestslughere/tests/unit/tests/general/paginateLinks.php" line="216" assertions="10" time="0.031671"/>
        <testcase name="test_paginate_links_with_custom_query_args" class="Tests_Paginate_Links" classname="Tests_Paginate_Links" file="/var/www/html/test/wordpress_test/inpsyde_test/test/wp-content/plugins/plugintestslughere/tests/unit/tests/general/paginateLinks.php" line="254" assertions="10" time="0.032922"/>
        <testcase name="test_paginate_links_should_allow_non_default_format_without_add_args" class="Tests_Paginate_Links" classname="Tests_Paginate_Links" file="/var/www/html/test/wordpress_test/inpsyde_test/test/wp-content/plugins/plugintestslughere/tests/unit/tests/general/paginateLinks.php" line="294" assertions="4" time="0.028929"/>
        <testcase name="test_paginate_links_should_allow_add_args_to_be_bool_false" class="Tests_Paginate_Links" classname="Tests_Paginate_Links" file="/var/www/html/test/wordpress_test/inpsyde_test/test/wp-content/plugins/plugintestslughere/tests/unit/tests/general/paginateLinks.php" line="320" assertions="1" time="0.028729"/>
        <testcase name="test_custom_base_query_arg_should_be_stripped_from_current_url_before_generating_pag_links" class="Tests_Paginate_Links" classname="Tests_Paginate_Links" file="/var/www/html/test/wordpress_test/inpsyde_test/test/wp-content/plugins/plugintestslughere/tests/unit/tests/general/paginateLinks.php" line="342" assertions="1" time="0.032532"/>
      </testsuite>
      <testsuite name="Tests_WP_Resource_Hints" file="/var/www/html/test/wordpress_test/inpsyde_test/test/wp-content/plugins/plugintestslughere/tests/unit/tests/general/resourceHints.php" tests="11" assertions="13" errors="0" failures="0" skipped="0" time="0.333813">
        <testcase name="test_should_have_defaults_on_frontend" class="Tests_WP_Resource_Hints" classname="Tests_WP_Resource_Hints" file="/var/www/html/test/wordpress_test/inpsyde_test/test/wp-content/plugins/plugintestslughere/tests/unit/tests/general/resourceHints.php" line="33" assertions="1" time="0.036103"/>
        <testcase name="test_dns_prefetching" class="Tests_WP_Resource_Hints" classname="Tests_WP_Resource_Hints" file="/var/www/html/test/wordpress_test/inpsyde_test/test/wp-content/plugins/plugintestslughere/tests/unit/tests/general/resourceHints.php" line="41" assertions="1" time="0.029325"/>
        <testcase name="test_preconnect" class="Tests_WP_Resource_Hints" classname="Tests_WP_Resource_Hints" file="/var/www/html/test/wordpress_test/inpsyde_test/test/wp-content/plugins/plugintestslughere/tests/unit/tests/general/resourceHints.php" line="72" assertions="1" time="0.028779"/>
        <testcase name="test_prerender" class="Tests_WP_Resource_Hints" classname="Tests_WP_Resource_Hints" file="/var/www/html/test/wordpress_test/inpsyde_test/test/wp-content/plugins/plugintestslughere/tests/unit/tests/general/resourceHints.php" line="100" assertions="1" time="0.029750"/>
        <testcase name="test_parse_url_dns_prefetch" class="Tests_WP_Resource_Hints" classname="Tests_WP_Resource_Hints" file="/var/www/html/test/wordpress_test/inpsyde_test/test/wp-content/plugins/plugintestslughere/tests/unit/tests/general/resourceHints.php" line="126" assertions="1" time="0.029735"/>
        <testcase name="test_dns_prefetch_styles" class="Tests_WP_Resource_Hints" classname="Tests_WP_Resource_Hints" file="/var/www/html/test/wordpress_test/inpsyde_test/test/wp-content/plugins/plugintestslughere/tests/unit/tests/general/resourceHints.php" line="147" assertions="1" time="0.031667"/>
        <testcase name="test_dns_prefetch_scripts" class="Tests_WP_Resource_Hints" classname="Tests_WP_Resource_Hints" file="/var/www/html/test/wordpress_test/inpsyde_test/test/wp-content/plugins/plugintestslughere/tests/unit/tests/general/resourceHints.php" line="166" assertions="1" time="0.031768"/>
        <testcase name="test_dns_prefetch_scripts_does_not_included_registered_only" class="Tests_WP_Resource_Hints" classname="Tests_WP_Resource_Hints" file="/var/www/html/test/wordpress_test/inpsyde_test/test/wp-content/plugins/plugintestslughere/tests/unit/tests/general/resourceHints.php" line="184" assertions="2" time="0.029546"/>
        <testcase name="test_deregistered_scripts_are_ignored" class="Tests_WP_Resource_Hints" classname="Tests_WP_Resource_Hints" file="/var/www/html/test/wordpress_test/inpsyde_test/test/wp-content/plugins/plugintestslughere/tests/unit/tests/general/resourceHints.php" line="201" assertions="1" time="0.027980"/>
        <testcase name="test_malformed_urls" class="Tests_WP_Resource_Hints" classname="Tests_WP_Resource_Hints" file="/var/www/html/test/wordpress_test/inpsyde_test/test/wp-content/plugins/plugintestslughere/tests/unit/tests/general/resourceHints.php" line="214" assertions="2" time="0.030245"/>
        <testcase name="test_custom_attributes" class="Tests_WP_Resource_Hints" classname="Tests_WP_Resource_Hints" file="/var/www/html/test/wordpress_test/inpsyde_test/test/wp-content/plugins/plugintestslughere/tests/unit/tests/general/resourceHints.php" line="249" assertions="1" time="0.028915"/>
      </testsuite>
      <testsuite name="Tests_General_Template" file="/var/www/html/test/wordpress_test/inpsyde_test/test/wp-content/plugins/plugintestslughere/tests/unit/tests/general/template.php" tests="31" assertions="58" errors="0" failures="0" skipped="0" time="3.448383">
        <testcase name="test_get_site_icon_url" class="Tests_General_Template" classname="Tests_General_Template" file="/var/www/html/test/wordpress_test/inpsyde_test/test/wp-content/plugins/plugintestslughere/tests/unit/tests/general/template.php" line="37" assertions="3" time="0.104256"/>
        <testcase name="test_site_icon_url" class="Tests_General_Template" classname="Tests_General_Template" file="/var/www/html/test/wordpress_test/inpsyde_test/test/wp-content/plugins/plugintestslughere/tests/unit/tests/general/template.php" line="50" assertions="1" time="0.109528"/>
        <testcase name="test_has_site_icon" class="Tests_General_Template" classname="Tests_General_Template" file="/var/www/html/test/wordpress_test/inpsyde_test/test/wp-content/plugins/plugintestslughere/tests/unit/tests/general/template.php" line="62" assertions="3" time="0.121328"/>
        <testcase name="test_wp_site_icon" class="Tests_General_Template" classname="Tests_General_Template" file="/var/www/html/test/wordpress_test/inpsyde_test/test/wp-content/plugins/plugintestslughere/tests/unit/tests/general/template.php" line="100" assertions="1" time="0.110345"/>
        <testcase name="test_wp_site_icon_with_filter" class="Tests_General_Template" classname="Tests_General_Template" file="/var/www/html/test/wordpress_test/inpsyde_test/test/wp-content/plugins/plugintestslughere/tests/unit/tests/general/template.php" line="121" assertions="1" time="0.109792"/>
        <testcase name="test_customize_preview_wp_site_icon_empty" class="Tests_General_Template" classname="Tests_General_Template" file="/var/www/html/test/wordpress_test/inpsyde_test/test/wp-content/plugins/plugintestslughere/tests/unit/tests/general/template.php" line="146" assertions="1" time="0.154194"/>
        <testcase name="test_customize_preview_wp_site_icon_dirty" class="Tests_General_Template" classname="Tests_General_Template" file="/var/www/html/test/wordpress_test/inpsyde_test/test/wp-content/plugins/plugintestslughere/tests/unit/tests/general/template.php" line="163" assertions="1" time="0.176429"/>
        <testcase name="test_has_custom_logo" class="Tests_General_Template" classname="Tests_General_Template" file="/var/www/html/test/wordpress_test/inpsyde_test/test/wp-content/plugins/plugintestslughere/tests/unit/tests/general/template.php" line="247" assertions="3" time="0.229587"/>
        <testcase name="test_get_custom_logo" class="Tests_General_Template" classname="Tests_General_Template" file="/var/www/html/test/wordpress_test/inpsyde_test/test/wp-content/plugins/plugintestslughere/tests/unit/tests/general/template.php" line="287" assertions="4" time="0.134128"/>
        <testcase name="test_the_custom_logo" class="Tests_General_Template" classname="Tests_General_Template" file="/var/www/html/test/wordpress_test/inpsyde_test/test/wp-content/plugins/plugintestslughere/tests/unit/tests/general/template.php" line="334" assertions="1" time="0.119661"/>
        <testcase name="test_the_custom_logo_with_alt" class="Tests_General_Template" classname="Tests_General_Template" file="/var/www/html/test/wordpress_test/inpsyde_test/test/wp-content/plugins/plugintestslughere/tests/unit/tests/general/template.php" line="361" assertions="1" time="0.107642"/>
        <testcase name="test_wp_no_robots" class="Tests_General_Template" classname="Tests_General_Template" file="/var/www/html/test/wordpress_test/inpsyde_test/test/wp-content/plugins/plugintestslughere/tests/unit/tests/general/template.php" line="480" assertions="2" time="0.076743"/>
        <testcase name="test_get_header_returns_nothing_on_success" class="Tests_General_Template" classname="Tests_General_Template" file="/var/www/html/test/wordpress_test/inpsyde_test/test/wp-content/plugins/plugintestslughere/tests/unit/tests/general/template.php" line="495" assertions="2" time="0.087892"/>
        <testcase name="test_get_footer_returns_nothing_on_success" class="Tests_General_Template" classname="Tests_General_Template" file="/var/www/html/test/wordpress_test/inpsyde_test/test/wp-content/plugins/plugintestslughere/tests/unit/tests/general/template.php" line="506" assertions="2" time="0.098892"/>
        <testcase name="test_get_sidebar_returns_nothing_on_success" class="Tests_General_Template" classname="Tests_General_Template" file="/var/www/html/test/wordpress_test/inpsyde_test/test/wp-content/plugins/plugintestslughere/tests/unit/tests/general/template.php" line="517" assertions="2" time="0.087478"/>
        <testcase name="test_get_template_part_returns_nothing_on_success" class="Tests_General_Template" classname="Tests_General_Template" file="/var/www/html/test/wordpress_test/inpsyde_test/test/wp-content/plugins/plugintestslughere/tests/unit/tests/general/template.php" line="528" assertions="2" time="0.097881"/>
        <testcase name="test_get_template_part_returns_false_on_failure" class="Tests_General_Template" classname="Tests_General_Template" file="/var/www/html/test/wordpress_test/inpsyde_test/test/wp-content/plugins/plugintestslughere/tests/unit/tests/general/template.php" line="539" assertions="1" time="0.076734"/>
        <testcase name="test_get_template_part_passes_arguments_to_template" class="Tests_General_Template" classname="Tests_General_Template" file="/var/www/html/test/wordpress_test/inpsyde_test/test/wp-content/plugins/plugintestslughere/tests/unit/tests/general/template.php" line="546" assertions="1" time="0.087668"/>
        <testsuite name="Tests_General_Template::test_selected_and_checked_with_equal_values" tests="10" assertions="20" errors="0" failures="0" skipped="0" time="1.094799">
          <testcase name="test_selected_and_checked_with_equal_values with data set #0" class="Tests_General_Template" classname="Tests_General_Template" file="/var/www/html/test/wordpress_test/inpsyde_test/test/wp-content/plugins/plugintestslughere/tests/unit/tests/general/template.php" line="556" assertions="2" time="0.075150"/>
          <testcase name="test_selected_and_checked_with_equal_values with data set #1" class="Tests_General_Template" classname="Tests_General_Template" file="/var/www/html/test/wordpress_test/inpsyde_test/test/wp-content/plugins/plugintestslughere/tests/unit/tests/general/template.php" line="556" assertions="2" time="0.087720"/>
          <testcase name="test_selected_and_checked_with_equal_values with data set #2" class="Tests_General_Template" classname="Tests_General_Template" file="/var/www/html/test/wordpress_test/inpsyde_test/test/wp-content/plugins/plugintestslughere/tests/unit/tests/general/template.php" line="556" assertions="2" time="0.176272"/>
          <testcase name="test_selected_and_checked_with_equal_values with data set #3" class="Tests_General_Template" classname="Tests_General_Template" file="/var/www/html/test/wordpress_test/inpsyde_test/test/wp-content/plugins/plugintestslughere/tests/unit/tests/general/template.php" line="556" assertions="2" time="0.153767"/>
          <testcase name="test_selected_and_checked_with_equal_values with data set #4" class="Tests_General_Template" classname="Tests_General_Template" file="/var/www/html/test/wordpress_test/inpsyde_test/test/wp-content/plugins/plugintestslughere/tests/unit/tests/general/template.php" line="556" assertions="2" time="0.152813"/>
          <testcase name="test_selected_and_checked_with_equal_values with data set #5" class="Tests_General_Template" classname="Tests_General_Template" file="/var/www/html/test/wordpress_test/inpsyde_test/test/wp-content/plugins/plugintestslughere/tests/unit/tests/general/template.php" line="556" assertions="2" time="0.131954"/>
          <testcase name="test_selected_and_checked_with_equal_values with data set #6" class="Tests_General_Template" classname="Tests_General_Template" file="/var/www/html/test/wordpress_test/inpsyde_test/test/wp-content/plugins/plugintestslughere/tests/unit/tests/general/template.php" line="556" assertions="2" time="0.087342"/>
          <testcase name="test_selected_and_checked_with_equal_values with data set #7" class="Tests_General_Template" classname="Tests_General_Template" file="/var/www/html/test/wordpress_test/inpsyde_test/test/wp-content/plugins/plugintestslughere/tests/unit/tests/general/template.php" line="556" assertions="2" time="0.076781"/>
          <testcase name="test_selected_and_checked_with_equal_values with data set #8" class="Tests_General_Template" classname="Tests_General_Template" file="/var/www/html/test/wordpress_test/inpsyde_test/test/wp-content/plugins/plugintestslughere/tests/unit/tests/general/template.php" line="556" assertions="2" time="0.076742"/>
          <testcase name="test_selected_and_checked_with_equal_values with data set #9" class="Tests_General_Template" classname="Tests_General_Template" file="/var/www/html/test/wordpress_test/inpsyde_test/test/wp-content/plugins/plugintestslughere/tests/unit/tests/general/template.php" line="556" assertions="2" time="0.076258"/>
        </testsuite>
        <testsuite name="Tests_General_Template::test_selected_and_checked_with_non_equal_values" tests="3" assertions="6" errors="0" failures="0" skipped="0" time="0.263405">
          <testcase name="test_selected_and_checked_with_non_equal_values with data set #0" class="Tests_General_Template" classname="Tests_General_Template" file="/var/www/html/test/wordpress_test/inpsyde_test/test/wp-content/plugins/plugintestslughere/tests/unit/tests/general/template.php" line="580" assertions="2" time="0.109685"/>
          <testcase name="test_selected_and_checked_with_non_equal_values with data set #1" class="Tests_General_Template" classname="Tests_General_Template" file="/var/www/html/test/wordpress_test/inpsyde_test/test/wp-content/plugins/plugintestslughere/tests/unit/tests/general/template.php" line="580" assertions="2" time="0.076935"/>
          <testcase name="test_selected_and_checked_with_non_equal_values with data set #2" class="Tests_General_Template" classname="Tests_General_Template" file="/var/www/html/test/wordpress_test/inpsyde_test/test/wp-content/plugins/plugintestslughere/tests/unit/tests/general/template.php" line="580" assertions="2" time="0.076785"/>
        </testsuite>
      </testsuite>
      <testsuite name="Tests_WP_Error" file="/var/www/html/test/wordpress_test/inpsyde_test/test/wp-content/plugins/plugintestslughere/tests/unit/tests/general/wpError.php" tests="78" assertions="78" errors="0" failures="0" skipped="0" time="1.975401">
        <testcase name="test_WP_Error_should_be_of_type_WP_Error" class="Tests_WP_Error" classname="Tests_WP_Error" file="/var/www/html/test/wordpress_test/inpsyde_test/test/wp-content/plugins/plugintestslughere/tests/unit/tests/general/wpError.php" line="28" assertions="1" time="0.027970"/>
        <testcase name="test_WP_Error_with_default_empty_parameters_should_add_no_errors" class="Tests_WP_Error" classname="Tests_WP_Error" file="/var/www/html/test/wordpress_test/inpsyde_test/test/wp-content/plugins/plugintestslughere/tests/unit/tests/general/wpError.php" line="32" assertions="1" time="0.026889"/>
        <testcase name="test_WP_Error_with_empty_code_should_add_no_code" class="Tests_WP_Error" classname="Tests_WP_Error" file="/var/www/html/test/wordpress_test/inpsyde_test/test/wp-content/plugins/plugintestslughere/tests/unit/tests/general/wpError.php" line="36" assertions="1" time="0.026053"/>
        <testcase name="test_WP_Error_with_empty_code_should_add_no_message" class="Tests_WP_Error" classname="Tests_WP_Error" file="/var/www/html/test/wordpress_test/inpsyde_test/test/wp-content/plugins/plugintestslughere/tests/unit/tests/general/wpError.php" line="40" assertions="1" time="0.028708"/>
        <testcase name="test_WP_Error_with_empty_code_should_add_no_error_data" class="Tests_WP_Error" classname="Tests_WP_Error" file="/var/www/html/test/wordpress_test/inpsyde_test/test/wp-content/plugins/plugintestslughere/tests/unit/tests/general/wpError.php" line="44" assertions="1" time="0.039159"/>
        <testcase name="test_WP_Error_with_code_and_empty_message_should_add_error_with_that_code" class="Tests_WP_Error" classname="Tests_WP_Error" file="/var/www/html/test/wordpress_test/inpsyde_test/test/wp-content/plugins/plugintestslughere/tests/unit/tests/general/wpError.php" line="48" assertions="1" time="0.032159"/>
        <testcase name="test_WP_Error_with_code_and_empty_message_should_add_error_with_that_code_and_empty_message" class="Tests_WP_Error" classname="Tests_WP_Error" file="/var/www/html/test/wordpress_test/inpsyde_test/test/wp-content/plugins/plugintestslughere/tests/unit/tests/general/wpError.php" line="54" assertions="1" time="0.039859"/>
        <testcase name="test_WP_Error_with_code_and_empty_message_and_empty_data_should_add_error_but_not_associated_data" class="Tests_WP_Error" classname="Tests_WP_Error" file="/var/www/html/test/wordpress_test/inpsyde_test/test/wp-content/plugins/plugintestslughere/tests/unit/tests/general/wpError.php" line="60" assertions="1" time="0.028643"/>
        <testcase name="test_WP_Error_with_code_and_empty_message_and_non_empty_data_should_add_error_with_empty_message_and_that_stored_data" class="Tests_WP_Error" classname="Tests_WP_Error" file="/var/www/html/test/wordpress_test/inpsyde_test/test/wp-content/plugins/plugintestslughere/tests/unit/tests/general/wpError.php" line="66" assertions="1" time="0.027051"/>
        <testcase name="test_WP_Error_with_code_and_message_should_add_error_with_that_code" class="Tests_WP_Error" classname="Tests_WP_Error" file="/var/www/html/test/wordpress_test/inpsyde_test/test/wp-content/plugins/plugintestslughere/tests/unit/tests/general/wpError.php" line="72" assertions="1" time="0.023599"/>
        <testcase name="test_WP_Error_with_code_and_message_should_add_error_with_that_message" class="Tests_WP_Error" classname="Tests_WP_Error" file="/var/www/html/test/wordpress_test/inpsyde_test/test/wp-content/plugins/plugintestslughere/tests/unit/tests/general/wpError.php" line="78" assertions="1" time="0.024638"/>
        <testcase name="test_WP_Error_with_code_and_message_and_data_should_add_error_with_that_code" class="Tests_WP_Error" classname="Tests_WP_Error" file="/var/www/html/test/wordpress_test/inpsyde_test/test/wp-content/plugins/plugintestslughere/tests/unit/tests/general/wpError.php" line="84" assertions="1" time="0.022983"/>
        <testcase name="test_WP_Error_with_code_and_message_and_data_should_add_error_with_that_message" class="Tests_WP_Error" classname="Tests_WP_Error" file="/var/www/html/test/wordpress_test/inpsyde_test/test/wp-content/plugins/plugintestslughere/tests/unit/tests/general/wpError.php" line="90" assertions="1" time="0.025437"/>
        <testcase name="test_WP_Error_with_code_and_message_and_data_should_add_error_with_that_data" class="Tests_WP_Error" classname="Tests_WP_Error" file="/var/www/html/test/wordpress_test/inpsyde_test/test/wp-content/plugins/plugintestslughere/tests/unit/tests/general/wpError.php" line="96" assertions="1" time="0.024874"/>
        <testcase name="test_get_error_codes_with_no_errors_should_return_empty_array" class="Tests_WP_Error" classname="Tests_WP_Error" file="/var/www/html/test/wordpress_test/inpsyde_test/test/wp-content/plugins/plugintestslughere/tests/unit/tests/general/wpError.php" line="105" assertions="1" time="0.022951"/>
        <testcase name="test_get_error_codes_with_one_error_should_return_an_array_with_only_that_code" class="Tests_WP_Error" classname="Tests_WP_Error" file="/var/www/html/test/wordpress_test/inpsyde_test/test/wp-content/plugins/plugintestslughere/tests/unit/tests/general/wpError.php" line="112" assertions="1" time="0.023351"/>
        <testcase name="test_get_error_codes_with_multiple_errors_should_return_an_array_of_those_codes" class="Tests_WP_Error" classname="Tests_WP_Error" file="/var/www/html/test/wordpress_test/inpsyde_test/test/wp-content/plugins/plugintestslughere/tests/unit/tests/general/wpError.php" line="121" assertions="1" time="0.025142"/>
        <testcase name="test_get_error_code_with_no_errors_should_return_an_empty_string" class="Tests_WP_Error" classname="Tests_WP_Error" file="/var/www/html/test/wordpress_test/inpsyde_test/test/wp-content/plugins/plugintestslughere/tests/unit/tests/general/wpError.php" line="133" assertions="1" time="0.032146"/>
        <testcase name="test_get_error_code_with_one_error_should_return_that_error_code" class="Tests_WP_Error" classname="Tests_WP_Error" file="/var/www/html/test/wordpress_test/inpsyde_test/test/wp-content/plugins/plugintestslughere/tests/unit/tests/general/wpError.php" line="140" assertions="1" time="0.022752"/>
        <testcase name="test_get_error_code_with_multiple_errors_should_return_only_the_first_error_code" class="Tests_WP_Error" classname="Tests_WP_Error" file="/var/www/html/test/wordpress_test/inpsyde_test/test/wp-content/plugins/plugintestslughere/tests/unit/tests/general/wpError.php" line="149" assertions="1" time="0.022288"/>
        <testcase name="test_get_error_messages_with_empty_code_and_no_errors_should_return_an_empty_array" class="Tests_WP_Error" classname="Tests_WP_Error" file="/var/www/html/test/wordpress_test/inpsyde_test/test/wp-content/plugins/plugintestslughere/tests/unit/tests/general/wpError.php" line="159" assertions="1" time="0.022508"/>
        <testcase name="test_get_error_messages_with_empty_code_one_error_should_return_an_array_with_that_message" class="Tests_WP_Error" classname="Tests_WP_Error" file="/var/www/html/test/wordpress_test/inpsyde_test/test/wp-content/plugins/plugintestslughere/tests/unit/tests/general/wpError.php" line="166" assertions="1" time="0.021431"/>
        <testcase name="test_get_error_messages_with_empty_code_multiple_errors_should_return_an_array_of_messages" class="Tests_WP_Error" classname="Tests_WP_Error" file="/var/www/html/test/wordpress_test/inpsyde_test/test/wp-content/plugins/plugintestslughere/tests/unit/tests/general/wpError.php" line="175" assertions="1" time="0.022618"/>
        <testcase name="test_get_error_messages_with_an_invalid_code_should_return_an_empty_array" class="Tests_WP_Error" classname="Tests_WP_Error" file="/var/www/html/test/wordpress_test/inpsyde_test/test/wp-content/plugins/plugintestslughere/tests/unit/tests/general/wpError.php" line="185" assertions="1" time="0.023683"/>
        <testcase name="test_get_error_messages_with_one_error_should_return_an_array_with_that_message" class="Tests_WP_Error" classname="Tests_WP_Error" file="/var/www/html/test/wordpress_test/inpsyde_test/test/wp-content/plugins/plugintestslughere/tests/unit/tests/general/wpError.php" line="192" assertions="1" time="0.024925"/>
        <testcase name="test_get_error_messages_with_multiple_errors_same_code_should_return_an_array_with_all_messages" class="Tests_WP_Error" classname="Tests_WP_Error" file="/var/www/html/test/wordpress_test/inpsyde_test/test/wp-content/plugins/plugintestslughere/tests/unit/tests/general/wpError.php" line="201" assertions="1" time="0.022627"/>
        <testcase name="test_get_error_message_with_empty_code_and_no_errors_should_return_an_empty_string" class="Tests_WP_Error" classname="Tests_WP_Error" file="/var/www/html/test/wordpress_test/inpsyde_test/test/wp-content/plugins/plugintestslughere/tests/unit/tests/general/wpError.php" line="211" assertions="1" time="0.023622"/>
        <testcase name="test_get_error_message_with_empty_code_and_one_error_should_return_that_message" class="Tests_WP_Error" classname="Tests_WP_Error" file="/var/www/html/test/wordpress_test/inpsyde_test/test/wp-content/plugins/plugintestslughere/tests/unit/tests/general/wpError.php" line="218" assertions="1" time="0.022944"/>
        <testcase name="test_get_error_message_with_empty_code_and_multiple_errors_should_return_the_first_message" class="Tests_WP_Error" classname="Tests_WP_Error" file="/var/www/html/test/wordpress_test/inpsyde_test/test/wp-content/plugins/plugintestslughere/tests/unit/tests/general/wpError.php" line="227" assertions="1" time="0.024472"/>
        <testcase name="test_get_error_message_with_empty_code_and_multiple_errors_multiple_codes_should_return_the_first_message" class="Tests_WP_Error" classname="Tests_WP_Error" file="/var/www/html/test/wordpress_test/inpsyde_test/test/wp-content/plugins/plugintestslughere/tests/unit/tests/general/wpError.php" line="237" assertions="1" time="0.022965"/>
        <testcase name="test_get_error_message_with_invalid_code_and_no_errors_should_return_empty_string" class="Tests_WP_Error" classname="Tests_WP_Error" file="/var/www/html/test/wordpress_test/inpsyde_test/test/wp-content/plugins/plugintestslughere/tests/unit/tests/general/wpError.php" line="248" assertions="1" time="0.022209"/>
        <testcase name="test_get_error_message_with_invalid_code_and_one_error_should_return_an_empty_string" class="Tests_WP_Error" classname="Tests_WP_Error" file="/var/www/html/test/wordpress_test/inpsyde_test/test/wp-content/plugins/plugintestslughere/tests/unit/tests/general/wpError.php" line="255" assertions="1" time="0.023287"/>
        <testcase name="test_get_error_message_with_invalid_code_and_multiple_errors_should_return_an_empty_string" class="Tests_WP_Error" classname="Tests_WP_Error" file="/var/www/html/test/wordpress_test/inpsyde_test/test/wp-content/plugins/plugintestslughere/tests/unit/tests/general/wpError.php" line="264" assertions="1" time="0.022287"/>
        <testcase name="test_get_error_data_with_empty_code_and_no_errors_should_evaluate_as_null" class="Tests_WP_Error" classname="Tests_WP_Error" file="/var/www/html/test/wordpress_test/inpsyde_test/test/wp-content/plugins/plugintestslughere/tests/unit/tests/general/wpError.php" line="274" assertions="1" time="0.023687"/>
        <testcase name="test_get_error_data_with_empty_code_one_error_no_data_should_evaluate_as_null" class="Tests_WP_Error" classname="Tests_WP_Error" file="/var/www/html/test/wordpress_test/inpsyde_test/test/wp-content/plugins/plugintestslughere/tests/unit/tests/general/wpError.php" line="281" assertions="1" time="0.022259"/>
        <testcase name="test_get_error_data_with_empty_code_multiple_errors_no_data_should_evaluate_as_null" class="Tests_WP_Error" classname="Tests_WP_Error" file="/var/www/html/test/wordpress_test/inpsyde_test/test/wp-content/plugins/plugintestslughere/tests/unit/tests/general/wpError.php" line="290" assertions="1" time="0.022174"/>
        <testcase name="test_get_error_data_with_empty_code_and_one_error_with_data_should_return_that_data" class="Tests_WP_Error" classname="Tests_WP_Error" file="/var/www/html/test/wordpress_test/inpsyde_test/test/wp-content/plugins/plugintestslughere/tests/unit/tests/general/wpError.php" line="300" assertions="1" time="0.022455"/>
        <testcase name="test_get_error_data_with_empty_code_and_multiple_errors_different_codes_should_return_the_last_data_of_the_first_code" class="Tests_WP_Error" classname="Tests_WP_Error" file="/var/www/html/test/wordpress_test/inpsyde_test/test/wp-content/plugins/plugintestslughere/tests/unit/tests/general/wpError.php" line="310" assertions="1" time="0.024675"/>
        <testcase name="test_get_error_data_with_empty_code_and_multiple_errors_same_code_should_return_the_last_data_of_the_first_code" class="Tests_WP_Error" classname="Tests_WP_Error" file="/var/www/html/test/wordpress_test/inpsyde_test/test/wp-content/plugins/plugintestslughere/tests/unit/tests/general/wpError.php" line="321" assertions="1" time="0.029822"/>
        <testcase name="test_get_error_data_with_code_and_no_errors_should_evaluate_as_null" class="Tests_WP_Error" classname="Tests_WP_Error" file="/var/www/html/test/wordpress_test/inpsyde_test/test/wp-content/plugins/plugintestslughere/tests/unit/tests/general/wpError.php" line="332" assertions="1" time="0.035931"/>
        <testcase name="test_get_error_data_with_code_and_one_error_with_no_data_should_evaluate_as_null" class="Tests_WP_Error" classname="Tests_WP_Error" file="/var/www/html/test/wordpress_test/inpsyde_test/test/wp-content/plugins/plugintestslughere/tests/unit/tests/general/wpError.php" line="339" assertions="1" time="0.035105"/>
        <testcase name="test_get_error_data_with_code_and_one_error_with_data_should_return_that_data" class="Tests_WP_Error" classname="Tests_WP_Error" file="/var/www/html/test/wordpress_test/inpsyde_test/test/wp-content/plugins/plugintestslughere/tests/unit/tests/general/wpError.php" line="348" assertions="1" time="0.026551"/>
        <testcase name="test_get_error_data_with_code_and_multiple_errors_different_codes_should_return_the_last_stored_data_of_the_code" class="Tests_WP_Error" classname="Tests_WP_Error" file="/var/www/html/test/wordpress_test/inpsyde_test/test/wp-content/plugins/plugintestslughere/tests/unit/tests/general/wpError.php" line="358" assertions="1" time="0.025846"/>
        <testcase name="test_get_error_data_with_code_and_multiple_errors_same_code_should_return_the_last_stored_data" class="Tests_WP_Error" classname="Tests_WP_Error" file="/var/www/html/test/wordpress_test/inpsyde_test/test/wp-content/plugins/plugintestslughere/tests/unit/tests/general/wpError.php" line="370" assertions="1" time="0.023364"/>
        <testcase name="test_has_errors_with_no_errors_returns_false" class="Tests_WP_Error" classname="Tests_WP_Error" file="/var/www/html/test/wordpress_test/inpsyde_test/test/wp-content/plugins/plugintestslughere/tests/unit/tests/general/wpError.php" line="381" assertions="1" time="0.022836"/>
        <testcase name="test_has_errors_with_errors_returns_true" class="Tests_WP_Error" classname="Tests_WP_Error" file="/var/www/html/test/wordpress_test/inpsyde_test/test/wp-content/plugins/plugintestslughere/tests/unit/tests/general/wpError.php" line="388" assertions="1" time="0.024071"/>
        <testcase name="test_add_with_empty_code_empty_message_empty_data_should_add_empty_key_to_errors_array" class="Tests_WP_Error" classname="Tests_WP_Error" file="/var/www/html/test/wordpress_test/inpsyde_test/test/wp-content/plugins/plugintestslughere/tests/unit/tests/general/wpError.php" line="396" assertions="1" time="0.023824"/>
        <testcase name="test_add_with_empty_code_empty_message_empty_data_should_add_empty_message_to_errors_array_under_empty_key" class="Tests_WP_Error" classname="Tests_WP_Error" file="/var/www/html/test/wordpress_test/inpsyde_test/test/wp-content/plugins/plugintestslughere/tests/unit/tests/general/wpError.php" line="405" assertions="1" time="0.022880"/>
        <testcase name="test_add_with_empty_code_empty_message_empty_data_should_not_alter_data" class="Tests_WP_Error" classname="Tests_WP_Error" file="/var/www/html/test/wordpress_test/inpsyde_test/test/wp-content/plugins/plugintestslughere/tests/unit/tests/general/wpError.php" line="414" assertions="1" time="0.022861"/>
        <testcase name="test_add_with_empty_code_empty_message_non_empty_data_should_store_data_under_an_empty_code_key" class="Tests_WP_Error" classname="Tests_WP_Error" file="/var/www/html/test/wordpress_test/inpsyde_test/test/wp-content/plugins/plugintestslughere/tests/unit/tests/general/wpError.php" line="423" assertions="1" time="0.023748"/>
        <testcase name="test_add_with_code_empty_message_empty_data_should_add_error_with_code" class="Tests_WP_Error" classname="Tests_WP_Error" file="/var/www/html/test/wordpress_test/inpsyde_test/test/wp-content/plugins/plugintestslughere/tests/unit/tests/general/wpError.php" line="432" assertions="1" time="0.023248"/>
        <testcase name="test_add_with_code_empty_message_empty_data_should_add_error_with_empty_message" class="Tests_WP_Error" classname="Tests_WP_Error" file="/var/www/html/test/wordpress_test/inpsyde_test/test/wp-content/plugins/plugintestslughere/tests/unit/tests/general/wpError.php" line="441" assertions="1" time="0.023017"/>
        <testcase name="test_add_with_code_empty_message_empty_data_should_not_add_error_data" class="Tests_WP_Error" classname="Tests_WP_Error" file="/var/www/html/test/wordpress_test/inpsyde_test/test/wp-content/plugins/plugintestslughere/tests/unit/tests/general/wpError.php" line="450" assertions="1" time="0.022329"/>
        <testcase name="test_add_with_code_and_message_and_empty_data_should_should_add_error_with_that_message" class="Tests_WP_Error" classname="Tests_WP_Error" file="/var/www/html/test/wordpress_test/inpsyde_test/test/wp-content/plugins/plugintestslughere/tests/unit/tests/general/wpError.php" line="459" assertions="1" time="0.022257"/>
        <testcase name="test_add_with_code_and_message_and_empty_data_should_not_alter_stored_data" class="Tests_WP_Error" classname="Tests_WP_Error" file="/var/www/html/test/wordpress_test/inpsyde_test/test/wp-content/plugins/plugintestslughere/tests/unit/tests/general/wpError.php" line="468" assertions="1" time="0.022852"/>
        <testcase name="test_add_with_code_and_empty_message_and_data_should_add_error_with_that_code" class="Tests_WP_Error" classname="Tests_WP_Error" file="/var/www/html/test/wordpress_test/inpsyde_test/test/wp-content/plugins/plugintestslughere/tests/unit/tests/general/wpError.php" line="477" assertions="1" time="0.023210"/>
        <testcase name="test_add_with_code_and_empty_message_and_data_should_store_that_data" class="Tests_WP_Error" classname="Tests_WP_Error" file="/var/www/html/test/wordpress_test/inpsyde_test/test/wp-content/plugins/plugintestslughere/tests/unit/tests/general/wpError.php" line="486" assertions="1" time="0.022948"/>
        <testcase name="test_add_with_code_and_message_and_data_should_add_an_error_with_that_code" class="Tests_WP_Error" classname="Tests_WP_Error" file="/var/www/html/test/wordpress_test/inpsyde_test/test/wp-content/plugins/plugintestslughere/tests/unit/tests/general/wpError.php" line="495" assertions="1" time="0.022479"/>
        <testcase name="test_add_with_code_and_message_and_data_should_add_an_error_with_that_message" class="Tests_WP_Error" classname="Tests_WP_Error" file="/var/www/html/test/wordpress_test/inpsyde_test/test/wp-content/plugins/plugintestslughere/tests/unit/tests/general/wpError.php" line="504" assertions="1" time="0.023646"/>
        <testcase name="test_add_with_code_and_message_and_data_should_store_that_data" class="Tests_WP_Error" classname="Tests_WP_Error" file="/var/www/html/test/wordpress_test/inpsyde_test/test/wp-content/plugins/plugintestslughere/tests/unit/tests/general/wpError.php" line="513" assertions="1" time="0.022554"/>
        <testcase name="test_add_multiple_times_with_the_same_code_should_add_additional_messages_for_that_code" class="Tests_WP_Error" classname="Tests_WP_Error" file="/var/www/html/test/wordpress_test/inpsyde_test/test/wp-content/plugins/plugintestslughere/tests/unit/tests/general/wpError.php" line="522" assertions="1" time="0.023470"/>
        <testcase name="test_add_multiple_times_with_the_same_code_and_different_data_should_store_only_the_last_added_data" class="Tests_WP_Error" classname="Tests_WP_Error" file="/var/www/html/test/wordpress_test/inpsyde_test/test/wp-content/plugins/plugintestslughere/tests/unit/tests/general/wpError.php" line="534" assertions="1" time="0.021964"/>
        <testcase name="test_add_data_with_empty_data_empty_code_should_create_orphaned_data_with_no_error" class="Tests_WP_Error" classname="Tests_WP_Error" file="/var/www/html/test/wordpress_test/inpsyde_test/test/wp-content/plugins/plugintestslughere/tests/unit/tests/general/wpError.php" line="544" assertions="1" time="0.023635"/>
        <testcase name="test_add_data_with_empty_data_empty_code_no_errors_should_create_data_under_an_empty_code_key" class="Tests_WP_Error" classname="Tests_WP_Error" file="/var/www/html/test/wordpress_test/inpsyde_test/test/wp-content/plugins/plugintestslughere/tests/unit/tests/general/wpError.php" line="553" assertions="1" time="0.023764"/>
        <testcase name="test_add_data_with_data_empty_code_and_one_error_should_store_the_data_under_that_code" class="Tests_WP_Error" classname="Tests_WP_Error" file="/var/www/html/test/wordpress_test/inpsyde_test/test/wp-content/plugins/plugintestslughere/tests/unit/tests/general/wpError.php" line="562" assertions="1" time="0.027111"/>
        <testcase name="test_add_data_with_data_empty_code_and_multiple_errors_with_different_codes_should_store_it_under_the_first_code" class="Tests_WP_Error" classname="Tests_WP_Error" file="/var/www/html/test/wordpress_test/inpsyde_test/test/wp-content/plugins/plugintestslughere/tests/unit/tests/general/wpError.php" line="572" assertions="1" time="0.031594"/>
        <testcase name="test_add_data_with_data_empty_code_and_multiple_errors_with_same_code_should_store_it_under_the_first_code" class="Tests_WP_Error" classname="Tests_WP_Error" file="/var/www/html/test/wordpress_test/inpsyde_test/test/wp-content/plugins/plugintestslughere/tests/unit/tests/general/wpError.php" line="584" assertions="1" time="0.031256"/>
        <testcase name="test_add_data_with_data_and_code_and_no_errors_should_create_orphaned_data_with_no_error" class="Tests_WP_Error" classname="Tests_WP_Error" file="/var/www/html/test/wordpress_test/inpsyde_test/test/wp-content/plugins/plugintestslughere/tests/unit/tests/general/wpError.php" line="597" assertions="1" time="0.031340"/>
        <testcase name="test_add_data_with_data_and_code_no_errors_should_create_data_under_that_code_key" class="Tests_WP_Error" classname="Tests_WP_Error" file="/var/www/html/test/wordpress_test/inpsyde_test/test/wp-content/plugins/plugintestslughere/tests/unit/tests/general/wpError.php" line="606" assertions="1" time="0.038277"/>
        <testcase name="test_add_data_with_data_and_code_one_error_different_code_should_create_orphaned_data_with_no_error" class="Tests_WP_Error" classname="Tests_WP_Error" file="/var/www/html/test/wordpress_test/inpsyde_test/test/wp-content/plugins/plugintestslughere/tests/unit/tests/general/wpError.php" line="615" assertions="1" time="0.031053"/>
        <testcase name="test_add_data_with_data_and_code_one_error_different_code_should_create_data_under_that_code_key" class="Tests_WP_Error" classname="Tests_WP_Error" file="/var/www/html/test/wordpress_test/inpsyde_test/test/wp-content/plugins/plugintestslughere/tests/unit/tests/general/wpError.php" line="626" assertions="1" time="0.024664"/>
        <testcase name="test_add_data_with_data_and_code_should_add_data" class="Tests_WP_Error" classname="Tests_WP_Error" file="/var/www/html/test/wordpress_test/inpsyde_test/test/wp-content/plugins/plugintestslughere/tests/unit/tests/general/wpError.php" line="637" assertions="1" time="0.023216"/>
        <testcase name="test_remove_with_no_errors_should_affect_nothing" class="Tests_WP_Error" classname="Tests_WP_Error" file="/var/www/html/test/wordpress_test/inpsyde_test/test/wp-content/plugins/plugintestslughere/tests/unit/tests/general/wpError.php" line="648" assertions="1" time="0.023339"/>
        <testcase name="test_remove_empty_code_no_errors_should_affect_nothing" class="Tests_WP_Error" classname="Tests_WP_Error" file="/var/www/html/test/wordpress_test/inpsyde_test/test/wp-content/plugins/plugintestslughere/tests/unit/tests/general/wpError.php" line="661" assertions="1" time="0.024262"/>
        <testcase name="test_remove_empty_code_and_one_error_with_empty_string_code_should_remove_error" class="Tests_WP_Error" classname="Tests_WP_Error" file="/var/www/html/test/wordpress_test/inpsyde_test/test/wp-content/plugins/plugintestslughere/tests/unit/tests/general/wpError.php" line="674" assertions="1" time="0.023582"/>
        <testcase name="test_remove_empty_code_and_one_error_with_empty_string_code_should_remove_error_data" class="Tests_WP_Error" classname="Tests_WP_Error" file="/var/www/html/test/wordpress_test/inpsyde_test/test/wp-content/plugins/plugintestslughere/tests/unit/tests/general/wpError.php" line="689" assertions="1" time="0.022558"/>
        <testcase name="test_remove_should_remove_the_error_with_the_given_code" class="Tests_WP_Error" classname="Tests_WP_Error" file="/var/www/html/test/wordpress_test/inpsyde_test/test/wp-content/plugins/plugintestslughere/tests/unit/tests/general/wpError.php" line="702" assertions="1" time="0.022238"/>
        <testcase name="test_remove_should_remove_the_error_data_associated_with_the_given_code" class="Tests_WP_Error" classname="Tests_WP_Error" file="/var/www/html/test/wordpress_test/inpsyde_test/test/wp-content/plugins/plugintestslughere/tests/unit/tests/general/wpError.php" line="713" assertions="1" time="0.021219"/>
      </testsuite>
      <testsuite name="Tests_WP_Hook_Add_Filter" file="/var/www/html/test/wordpress_test/inpsyde_test/test/wp-content/plugins/plugintestslughere/tests/unit/tests/hooks/addFilter.php" tests="14" assertions="23" errors="0" failures="0" skipped="0" time="0.318398">
        <testcase name="test_add_filter_with_function" class="Tests_WP_Hook_Add_Filter" classname="Tests_WP_Hook_Add_Filter" file="/var/www/html/test/wordpress_test/inpsyde_test/test/wp-content/plugins/plugintestslughere/tests/unit/tests/hooks/addFilter.php" line="13" assertions="2" time="0.022783"/>
        <testcase name="test_add_filter_with_object" class="Tests_WP_Hook_Add_Filter" classname="Tests_WP_Hook_Add_Filter" file="/var/www/html/test/wordpress_test/inpsyde_test/test/wp-content/plugins/plugintestslughere/tests/unit/tests/hooks/addFilter.php" line="27" assertions="2" time="0.024108"/>
        <testcase name="test_add_filter_with_static_method" class="Tests_WP_Hook_Add_Filter" classname="Tests_WP_Hook_Add_Filter" file="/var/www/html/test/wordpress_test/inpsyde_test/test/wp-content/plugins/plugintestslughere/tests/unit/tests/hooks/addFilter.php" line="42" assertions="2" time="0.023155"/>
        <testcase name="test_add_two_filters_with_same_priority" class="Tests_WP_Hook_Add_Filter" classname="Tests_WP_Hook_Add_Filter" file="/var/www/html/test/wordpress_test/inpsyde_test/test/wp-content/plugins/plugintestslughere/tests/unit/tests/hooks/addFilter.php" line="56" assertions="2" time="0.023534"/>
        <testcase name="test_add_two_filters_with_different_priority" class="Tests_WP_Hook_Add_Filter" classname="Tests_WP_Hook_Add_Filter" file="/var/www/html/test/wordpress_test/inpsyde_test/test/wp-content/plugins/plugintestslughere/tests/unit/tests/hooks/addFilter.php" line="71" assertions="3" time="0.024654"/>
        <testcase name="test_readd_filter" class="Tests_WP_Hook_Add_Filter" classname="Tests_WP_Hook_Add_Filter" file="/var/www/html/test/wordpress_test/inpsyde_test/test/wp-content/plugins/plugintestslughere/tests/unit/tests/hooks/addFilter.php" line="87" assertions="2" time="0.022574"/>
        <testcase name="test_readd_filter_with_different_priority" class="Tests_WP_Hook_Add_Filter" classname="Tests_WP_Hook_Add_Filter" file="/var/www/html/test/wordpress_test/inpsyde_test/test/wp-content/plugins/plugintestslughere/tests/unit/tests/hooks/addFilter.php" line="101" assertions="3" time="0.021849"/>
        <testcase name="test_sort_after_add_filter" class="Tests_WP_Hook_Add_Filter" classname="Tests_WP_Hook_Add_Filter" file="/var/www/html/test/wordpress_test/inpsyde_test/test/wp-content/plugins/plugintestslughere/tests/unit/tests/hooks/addFilter.php" line="116" assertions="1" time="0.022120"/>
        <testcase name="test_remove_and_add" class="Tests_WP_Hook_Add_Filter" classname="Tests_WP_Hook_Add_Filter" file="/var/www/html/test/wordpress_test/inpsyde_test/test/wp-content/plugins/plugintestslughere/tests/unit/tests/hooks/addFilter.php" line="130" assertions="1" time="0.022262"/>
        <testcase name="test_remove_and_add_last_filter" class="Tests_WP_Hook_Add_Filter" classname="Tests_WP_Hook_Add_Filter" file="/var/www/html/test/wordpress_test/inpsyde_test/test/wp-content/plugins/plugintestslughere/tests/unit/tests/hooks/addFilter.php" line="144" assertions="1" time="0.022575"/>
        <testcase name="test_remove_and_recurse_and_add" class="Tests_WP_Hook_Add_Filter" classname="Tests_WP_Hook_Add_Filter" file="/var/www/html/test/wordpress_test/inpsyde_test/test/wp-content/plugins/plugintestslughere/tests/unit/tests/hooks/addFilter.php" line="158" assertions="1" time="0.022556"/>
        <testcase name="test_remove_and_add_action" class="Tests_WP_Hook_Add_Filter" classname="Tests_WP_Hook_Add_Filter" file="/var/www/html/test/wordpress_test/inpsyde_test/test/wp-content/plugins/plugintestslughere/tests/unit/tests/hooks/addFilter.php" line="203" assertions="1" time="0.022651"/>
        <testcase name="test_remove_and_add_last_action" class="Tests_WP_Hook_Add_Filter" classname="Tests_WP_Hook_Add_Filter" file="/var/www/html/test/wordpress_test/inpsyde_test/test/wp-content/plugins/plugintestslughere/tests/unit/tests/hooks/addFilter.php" line="218" assertions="1" time="0.021736"/>
        <testcase name="test_remove_and_recurse_and_add_action" class="Tests_WP_Hook_Add_Filter" classname="Tests_WP_Hook_Add_Filter" file="/var/www/html/test/wordpress_test/inpsyde_test/test/wp-content/plugins/plugintestslughere/tests/unit/tests/hooks/addFilter.php" line="233" assertions="1" time="0.021840"/>
      </testsuite>
      <testsuite name="Tests_WP_Hook_Apply_Filters" file="/var/www/html/test/wordpress_test/inpsyde_test/test/wp-content/plugins/plugintestslughere/tests/unit/tests/hooks/applyFilters.php" tests="2" assertions="4" errors="0" failures="0" skipped="0" time="0.056905">
        <testcase name="test_apply_filters_with_callback" class="Tests_WP_Hook_Apply_Filters" classname="Tests_WP_Hook_Apply_Filters" file="/var/www/html/test/wordpress_test/inpsyde_test/test/wp-content/plugins/plugintestslughere/tests/unit/tests/hooks/applyFilters.php" line="10" assertions="2" time="0.030809"/>
        <testcase name="test_apply_filters_with_multiple_calls" class="Tests_WP_Hook_Apply_Filters" classname="Tests_WP_Hook_Apply_Filters" file="/var/www/html/test/wordpress_test/inpsyde_test/test/wp-content/plugins/plugintestslughere/tests/unit/tests/hooks/applyFilters.php" line="27" assertions="2" time="0.026096"/>
      </testsuite>
      <testsuite name="Tests_WP_Hook_Do_Action" file="/var/www/html/test/wordpress_test/inpsyde_test/test/wp-content/plugins/plugintestslughere/tests/unit/tests/hooks/doAction.php" tests="8" assertions="10" errors="0" failures="0" skipped="0" time="0.196205">
        <testcase name="test_do_action_with_callback" class="Tests_WP_Hook_Do_Action" classname="Tests_WP_Hook_Do_Action" file="/var/www/html/test/wordpress_test/inpsyde_test/test/wp-content/plugins/plugintestslughere/tests/unit/tests/hooks/doAction.php" line="18" assertions="1" time="0.027469"/>
        <testcase name="test_do_action_with_multiple_calls" class="Tests_WP_Hook_Do_Action" classname="Tests_WP_Hook_Do_Action" file="/var/www/html/test/wordpress_test/inpsyde_test/test/wp-content/plugins/plugintestslughere/tests/unit/tests/hooks/doAction.php" line="33" assertions="1" time="0.024939"/>
        <testcase name="test_do_action_with_multiple_callbacks_on_same_priority" class="Tests_WP_Hook_Do_Action" classname="Tests_WP_Hook_Do_Action" file="/var/www/html/test/wordpress_test/inpsyde_test/test/wp-content/plugins/plugintestslughere/tests/unit/tests/hooks/doAction.php" line="49" assertions="2" time="0.023319"/>
        <testcase name="test_do_action_with_multiple_callbacks_on_different_priorities" class="Tests_WP_Hook_Do_Action" classname="Tests_WP_Hook_Do_Action" file="/var/www/html/test/wordpress_test/inpsyde_test/test/wp-content/plugins/plugintestslughere/tests/unit/tests/hooks/doAction.php" line="68" assertions="2" time="0.023273"/>
        <testcase name="test_do_action_with_no_accepted_args" class="Tests_WP_Hook_Do_Action" classname="Tests_WP_Hook_Do_Action" file="/var/www/html/test/wordpress_test/inpsyde_test/test/wp-content/plugins/plugintestslughere/tests/unit/tests/hooks/doAction.php" line="87" assertions="1" time="0.023780"/>
        <testcase name="test_do_action_with_one_accepted_arg" class="Tests_WP_Hook_Do_Action" classname="Tests_WP_Hook_Do_Action" file="/var/www/html/test/wordpress_test/inpsyde_test/test/wp-content/plugins/plugintestslughere/tests/unit/tests/hooks/doAction.php" line="101" assertions="1" time="0.025162"/>
        <testcase name="test_do_action_with_more_accepted_args" class="Tests_WP_Hook_Do_Action" classname="Tests_WP_Hook_Do_Action" file="/var/www/html/test/wordpress_test/inpsyde_test/test/wp-content/plugins/plugintestslughere/tests/unit/tests/hooks/doAction.php" line="115" assertions="1" time="0.023773"/>
        <testcase name="test_do_action_doesnt_change_value" class="Tests_WP_Hook_Do_Action" classname="Tests_WP_Hook_Do_Action" file="/var/www/html/test/wordpress_test/inpsyde_test/test/wp-content/plugins/plugintestslughere/tests/unit/tests/hooks/doAction.php" line="129" assertions="1" time="0.024490"/>
      </testsuite>
      <testsuite name="Tests_WP_Hook_Do_All_Hook" file="/var/www/html/test/wordpress_test/inpsyde_test/test/wp-content/plugins/plugintestslughere/tests/unit/tests/hooks/doAllHook.php" tests="1" assertions="1" errors="0" failures="0" skipped="0" time="0.030586">
        <testcase name="test_do_all_hook_with_multiple_calls" class="Tests_WP_Hook_Do_All_Hook" classname="Tests_WP_Hook_Do_All_Hook" file="/var/www/html/test/wordpress_test/inpsyde_test/test/wp-content/plugins/plugintestslughere/tests/unit/tests/hooks/doAllHook.php" line="10" assertions="1" time="0.030586"/>
      </testsuite>
      <testsuite name="Tests_WP_Hook_Has_Filter" file="/var/www/html/test/wordpress_test/inpsyde_test/test/wp-content/plugins/plugintestslughere/tests/unit/tests/hooks/hasFilter.php" tests="7" assertions="7" errors="0" failures="0" skipped="0" time="0.169081">
        <testcase name="test_has_filter_with_function" class="Tests_WP_Hook_Has_Filter" classname="Tests_WP_Hook_Has_Filter" file="/var/www/html/test/wordpress_test/inpsyde_test/test/wp-content/plugins/plugintestslughere/tests/unit/tests/hooks/hasFilter.php" line="10" assertions="1" time="0.027785"/>
        <testcase name="test_has_filter_with_object" class="Tests_WP_Hook_Has_Filter" classname="Tests_WP_Hook_Has_Filter" file="/var/www/html/test/wordpress_test/inpsyde_test/test/wp-content/plugins/plugintestslughere/tests/unit/tests/hooks/hasFilter.php" line="22" assertions="1" time="0.025139"/>
        <testcase name="test_has_filter_with_static_method" class="Tests_WP_Hook_Has_Filter" classname="Tests_WP_Hook_Has_Filter" file="/var/www/html/test/wordpress_test/inpsyde_test/test/wp-content/plugins/plugintestslughere/tests/unit/tests/hooks/hasFilter.php" line="35" assertions="1" time="0.024284"/>
        <testcase name="test_has_filter_without_callback" class="Tests_WP_Hook_Has_Filter" classname="Tests_WP_Hook_Has_Filter" file="/var/www/html/test/wordpress_test/inpsyde_test/test/wp-content/plugins/plugintestslughere/tests/unit/tests/hooks/hasFilter.php" line="47" assertions="1" time="0.023219"/>
        <testcase name="test_not_has_filter_without_callback" class="Tests_WP_Hook_Has_Filter" classname="Tests_WP_Hook_Has_Filter" file="/var/www/html/test/wordpress_test/inpsyde_test/test/wp-content/plugins/plugintestslughere/tests/unit/tests/hooks/hasFilter.php" line="59" assertions="1" time="0.024175"/>
        <testcase name="test_not_has_filter_with_callback" class="Tests_WP_Hook_Has_Filter" classname="Tests_WP_Hook_Has_Filter" file="/var/www/html/test/wordpress_test/inpsyde_test/test/wp-content/plugins/plugintestslughere/tests/unit/tests/hooks/hasFilter.php" line="64" assertions="1" time="0.022642"/>
        <testcase name="test_has_filter_with_wrong_callback" class="Tests_WP_Hook_Has_Filter" classname="Tests_WP_Hook_Has_Filter" file="/var/www/html/test/wordpress_test/inpsyde_test/test/wp-content/plugins/plugintestslughere/tests/unit/tests/hooks/hasFilter.php" line="72" assertions="1" time="0.021837"/>
      </testsuite>
      <testsuite name="Tests_WP_Hook_Has_Filters" file="/var/www/html/test/wordpress_test/inpsyde_test/test/wp-content/plugins/plugintestslughere/tests/unit/tests/hooks/hasFilters.php" tests="4" assertions="4" errors="0" failures="0" skipped="0" time="0.101713">
        <testcase name="test_has_filters_with_callback" class="Tests_WP_Hook_Has_Filters" classname="Tests_WP_Hook_Has_Filters" file="/var/www/html/test/wordpress_test/inpsyde_test/test/wp-content/plugins/plugintestslughere/tests/unit/tests/hooks/hasFilters.php" line="10" assertions="1" time="0.029276"/>
        <testcase name="test_has_filters_without_callback" class="Tests_WP_Hook_Has_Filters" classname="Tests_WP_Hook_Has_Filters" file="/var/www/html/test/wordpress_test/inpsyde_test/test/wp-content/plugins/plugintestslughere/tests/unit/tests/hooks/hasFilters.php" line="22" assertions="1" time="0.027153"/>
        <testcase name="test_not_has_filters_with_removed_callback" class="Tests_WP_Hook_Has_Filters" classname="Tests_WP_Hook_Has_Filters" file="/var/www/html/test/wordpress_test/inpsyde_test/test/wp-content/plugins/plugintestslughere/tests/unit/tests/hooks/hasFilters.php" line="27" assertions="1" time="0.022374"/>
        <testcase name="test_not_has_filter_with_directly_removed_callback" class="Tests_WP_Hook_Has_Filters" classname="Tests_WP_Hook_Has_Filters" file="/var/www/html/test/wordpress_test/inpsyde_test/test/wp-content/plugins/plugintestslughere/tests/unit/tests/hooks/hasFilters.php" line="39" assertions="1" time="0.022910"/>
      </testsuite>
      <testsuite name="Tests_WP_Hook_Iterator" file="/var/www/html/test/wordpress_test/inpsyde_test/test/wp-content/plugins/plugintestslughere/tests/unit/tests/hooks/iterator.php" tests="1" assertions="2" errors="0" failures="0" skipped="0" time="0.032123">
        <testcase name="test_foreach" class="Tests_WP_Hook_Iterator" classname="Tests_WP_Hook_Iterator" file="/var/www/html/test/wordpress_test/inpsyde_test/test/wp-content/plugins/plugintestslughere/tests/unit/tests/hooks/iterator.php" line="10" assertions="2" time="0.032123"/>
      </testsuite>
      <testsuite name="Tests_WP_Hook_Preinit_Hooks" file="/var/www/html/test/wordpress_test/inpsyde_test/test/wp-content/plugins/plugintestslughere/tests/unit/tests/hooks/preinitHooks.php" tests="1" assertions="2" errors="0" failures="0" skipped="0" time="0.026185">
        <testcase name="test_array_to_hooks" class="Tests_WP_Hook_Preinit_Hooks" classname="Tests_WP_Hook_Preinit_Hooks" file="/var/www/html/test/wordpress_test/inpsyde_test/test/wp-content/plugins/plugintestslughere/tests/unit/tests/hooks/preinitHooks.php" line="10" assertions="2" time="0.026185"/>
      </testsuite>
      <testsuite name="Tests_WP_Hook_Remove_All_Filters" file="/var/www/html/test/wordpress_test/inpsyde_test/test/wp-content/plugins/plugintestslughere/tests/unit/tests/hooks/removeAllFilters.php" tests="2" assertions="4" errors="0" failures="0" skipped="0" time="0.050795">
        <testcase name="test_remove_all_filters" class="Tests_WP_Hook_Remove_All_Filters" classname="Tests_WP_Hook_Remove_All_Filters" file="/var/www/html/test/wordpress_test/inpsyde_test/test/wp-content/plugins/plugintestslughere/tests/unit/tests/hooks/removeAllFilters.php" line="10" assertions="1" time="0.025309"/>
        <testcase name="test_remove_all_filters_with_priority" class="Tests_WP_Hook_Remove_All_Filters" classname="Tests_WP_Hook_Remove_All_Filters" file="/var/www/html/test/wordpress_test/inpsyde_test/test/wp-content/plugins/plugintestslughere/tests/unit/tests/hooks/removeAllFilters.php" line="24" assertions="3" time="0.025486"/>
      </testsuite>
      <testsuite name="Tests_WP_Hook_Remove_Filter" file="/var/www/html/test/wordpress_test/inpsyde_test/test/wp-content/plugins/plugintestslughere/tests/unit/tests/hooks/removeFilter.php" tests="5" assertions="6" errors="0" failures="0" skipped="0" time="0.114009">
        <testcase name="test_remove_filter_with_function" class="Tests_WP_Hook_Remove_Filter" classname="Tests_WP_Hook_Remove_Filter" file="/var/www/html/test/wordpress_test/inpsyde_test/test/wp-content/plugins/plugintestslughere/tests/unit/tests/hooks/removeFilter.php" line="10" assertions="1" time="0.021663"/>
        <testcase name="test_remove_filter_with_object" class="Tests_WP_Hook_Remove_Filter" classname="Tests_WP_Hook_Remove_Filter" file="/var/www/html/test/wordpress_test/inpsyde_test/test/wp-content/plugins/plugintestslughere/tests/unit/tests/hooks/removeFilter.php" line="23" assertions="1" time="0.020951"/>
        <testcase name="test_remove_filter_with_static_method" class="Tests_WP_Hook_Remove_Filter" classname="Tests_WP_Hook_Remove_Filter" file="/var/www/html/test/wordpress_test/inpsyde_test/test/wp-content/plugins/plugintestslughere/tests/unit/tests/hooks/removeFilter.php" line="37" assertions="1" time="0.024428"/>
        <testcase name="test_remove_filters_with_another_at_same_priority" class="Tests_WP_Hook_Remove_Filter" classname="Tests_WP_Hook_Remove_Filter" file="/var/www/html/test/wordpress_test/inpsyde_test/test/wp-content/plugins/plugintestslughere/tests/unit/tests/hooks/removeFilter.php" line="50" assertions="1" time="0.023455"/>
        <testcase name="test_remove_filter_with_another_at_different_priority" class="Tests_WP_Hook_Remove_Filter" classname="Tests_WP_Hook_Remove_Filter" file="/var/www/html/test/wordpress_test/inpsyde_test/test/wp-content/plugins/plugintestslughere/tests/unit/tests/hooks/removeFilter.php" line="66" assertions="2" time="0.023512"/>
      </testsuite>
      <testsuite name="Tests_HTTP_GetHttpHeaders" file="/var/www/html/test/wordpress_test/inpsyde_test/test/wp-content/plugins/plugintestslughere/tests/unit/tests/http/getHttpHeaders.php" tests="3" assertions="3" errors="0" failures="0" skipped="0" time="0.069753">
        <testcase name="test_wp_get_http_headers_valid_url" class="Tests_HTTP_GetHttpHeaders" classname="Tests_HTTP_GetHttpHeaders" file="/var/www/html/test/wordpress_test/inpsyde_test/test/wp-content/plugins/plugintestslughere/tests/unit/tests/http/getHttpHeaders.php" line="31" assertions="1" time="0.023632"/>
        <testcase name="test_wp_get_http_headers_invalid_url" class="Tests_HTTP_GetHttpHeaders" classname="Tests_HTTP_GetHttpHeaders" file="/var/www/html/test/wordpress_test/inpsyde_test/test/wp-content/plugins/plugintestslughere/tests/unit/tests/http/getHttpHeaders.php" line="39" assertions="1" time="0.022741"/>
        <testcase name="test_wp_get_http_headers_deprecated_argument" class="Tests_HTTP_GetHttpHeaders" classname="Tests_HTTP_GetHttpHeaders" file="/var/www/html/test/wordpress_test/inpsyde_test/test/wp-content/plugins/plugintestslughere/tests/unit/tests/http/getHttpHeaders.php" line="47" assertions="1" time="0.023380"/>
      </testsuite>
      <testsuite name="Tests_HTTP_HTTP" file="/var/www/html/test/wordpress_test/inpsyde_test/test/wp-content/plugins/plugintestslughere/tests/unit/tests/http/http.php" tests="91" assertions="95" errors="0" failures="0" skipped="0" time="2.226036">
        <testsuite name="Tests_HTTP_HTTP::test_make_absolute_url" tests="25" assertions="25" errors="0" failures="0" skipped="0" time="0.601197">
          <testcase name="test_make_absolute_url with data set #0" class="Tests_HTTP_HTTP" classname="Tests_HTTP_HTTP" file="/var/www/html/test/wordpress_test/inpsyde_test/test/wp-content/plugins/plugintestslughere/tests/unit/tests/http/http.php" line="14" assertions="1" time="0.029314"/>
          <testcase name="test_make_absolute_url with data set #1" class="Tests_HTTP_HTTP" classname="Tests_HTTP_HTTP" file="/var/www/html/test/wordpress_test/inpsyde_test/test/wp-content/plugins/plugintestslughere/tests/unit/tests/http/http.php" line="14" assertions="1" time="0.026379"/>
          <testcase name="test_make_absolute_url with data set #2" class="Tests_HTTP_HTTP" classname="Tests_HTTP_HTTP" file="/var/www/html/test/wordpress_test/inpsyde_test/test/wp-content/plugins/plugintestslughere/tests/unit/tests/http/http.php" line="14" assertions="1" time="0.024889"/>
          <testcase name="test_make_absolute_url with data set #3" class="Tests_HTTP_HTTP" classname="Tests_HTTP_HTTP" file="/var/www/html/test/wordpress_test/inpsyde_test/test/wp-content/plugins/plugintestslughere/tests/unit/tests/http/http.php" line="14" assertions="1" time="0.022417"/>
          <testcase name="test_make_absolute_url with data set #4" class="Tests_HTTP_HTTP" classname="Tests_HTTP_HTTP" file="/var/www/html/test/wordpress_test/inpsyde_test/test/wp-content/plugins/plugintestslughere/tests/unit/tests/http/http.php" line="14" assertions="1" time="0.023884"/>
          <testcase name="test_make_absolute_url with data set #5" class="Tests_HTTP_HTTP" classname="Tests_HTTP_HTTP" file="/var/www/html/test/wordpress_test/inpsyde_test/test/wp-content/plugins/plugintestslughere/tests/unit/tests/http/http.php" line="14" assertions="1" time="0.024414"/>
          <testcase name="test_make_absolute_url with data set #6" class="Tests_HTTP_HTTP" classname="Tests_HTTP_HTTP" file="/var/www/html/test/wordpress_test/inpsyde_test/test/wp-content/plugins/plugintestslughere/tests/unit/tests/http/http.php" line="14" assertions="1" time="0.023004"/>
          <testcase name="test_make_absolute_url with data set #7" class="Tests_HTTP_HTTP" classname="Tests_HTTP_HTTP" file="/var/www/html/test/wordpress_test/inpsyde_test/test/wp-content/plugins/plugintestslughere/tests/unit/tests/http/http.php" line="14" assertions="1" time="0.026564"/>
          <testcase name="test_make_absolute_url with data set #8" class="Tests_HTTP_HTTP" classname="Tests_HTTP_HTTP" file="/var/www/html/test/wordpress_test/inpsyde_test/test/wp-content/plugins/plugintestslughere/tests/unit/tests/http/http.php" line="14" assertions="1" time="0.024718"/>
          <testcase name="test_make_absolute_url with data set #9" class="Tests_HTTP_HTTP" classname="Tests_HTTP_HTTP" file="/var/www/html/test/wordpress_test/inpsyde_test/test/wp-content/plugins/plugintestslughere/tests/unit/tests/http/http.php" line="14" assertions="1" time="0.028715"/>
          <testcase name="test_make_absolute_url with data set #10" class="Tests_HTTP_HTTP" classname="Tests_HTTP_HTTP" file="/var/www/html/test/wordpress_test/inpsyde_test/test/wp-content/plugins/plugintestslughere/tests/unit/tests/http/http.php" line="14" assertions="1" time="0.025981"/>
          <testcase name="test_make_absolute_url with data set #11" class="Tests_HTTP_HTTP" classname="Tests_HTTP_HTTP" file="/var/www/html/test/wordpress_test/inpsyde_test/test/wp-content/plugins/plugintestslughere/tests/unit/tests/http/http.php" line="14" assertions="1" time="0.022510"/>
          <testcase name="test_make_absolute_url with data set #12" class="Tests_HTTP_HTTP" classname="Tests_HTTP_HTTP" file="/var/www/html/test/wordpress_test/inpsyde_test/test/wp-content/plugins/plugintestslughere/tests/unit/tests/http/http.php" line="14" assertions="1" time="0.021006"/>
          <testcase name="test_make_absolute_url with data set #13" class="Tests_HTTP_HTTP" classname="Tests_HTTP_HTTP" file="/var/www/html/test/wordpress_test/inpsyde_test/test/wp-content/plugins/plugintestslughere/tests/unit/tests/http/http.php" line="14" assertions="1" time="0.027739"/>
          <testcase name="test_make_absolute_url with data set #14" class="Tests_HTTP_HTTP" classname="Tests_HTTP_HTTP" file="/var/www/html/test/wordpress_test/inpsyde_test/test/wp-content/plugins/plugintestslughere/tests/unit/tests/http/http.php" line="14" assertions="1" time="0.022746"/>
          <testcase name="test_make_absolute_url with data set #15" class="Tests_HTTP_HTTP" classname="Tests_HTTP_HTTP" file="/var/www/html/test/wordpress_test/inpsyde_test/test/wp-content/plugins/plugintestslughere/tests/unit/tests/http/http.php" line="14" assertions="1" time="0.025373"/>
          <testcase name="test_make_absolute_url with data set #16" class="Tests_HTTP_HTTP" classname="Tests_HTTP_HTTP" file="/var/www/html/test/wordpress_test/inpsyde_test/test/wp-content/plugins/plugintestslughere/tests/unit/tests/http/http.php" line="14" assertions="1" time="0.023787"/>
          <testcase name="test_make_absolute_url with data set #17" class="Tests_HTTP_HTTP" classname="Tests_HTTP_HTTP" file="/var/www/html/test/wordpress_test/inpsyde_test/test/wp-content/plugins/plugintestslughere/tests/unit/tests/http/http.php" line="14" assertions="1" time="0.022361"/>
          <testcase name="test_make_absolute_url with data set #18" class="Tests_HTTP_HTTP" classname="Tests_HTTP_HTTP" file="/var/www/html/test/wordpress_test/inpsyde_test/test/wp-content/plugins/plugintestslughere/tests/unit/tests/http/http.php" line="14" assertions="1" time="0.022411"/>
          <testcase name="test_make_absolute_url with data set #19" class="Tests_HTTP_HTTP" classname="Tests_HTTP_HTTP" file="/var/www/html/test/wordpress_test/inpsyde_test/test/wp-content/plugins/plugintestslughere/tests/unit/tests/http/http.php" line="14" assertions="1" time="0.021505"/>
          <testcase name="test_make_absolute_url with data set #20" class="Tests_HTTP_HTTP" classname="Tests_HTTP_HTTP" file="/var/www/html/test/wordpress_test/inpsyde_test/test/wp-content/plugins/plugintestslughere/tests/unit/tests/http/http.php" line="14" assertions="1" time="0.022518"/>
          <testcase name="test_make_absolute_url with data set #21" class="Tests_HTTP_HTTP" classname="Tests_HTTP_HTTP" file="/var/www/html/test/wordpress_test/inpsyde_test/test/wp-content/plugins/plugintestslughere/tests/unit/tests/http/http.php" line="14" assertions="1" time="0.021789"/>
          <testcase name="test_make_absolute_url with data set #22" class="Tests_HTTP_HTTP" classname="Tests_HTTP_HTTP" file="/var/www/html/test/wordpress_test/inpsyde_test/test/wp-content/plugins/plugintestslughere/tests/unit/tests/http/http.php" line="14" assertions="1" time="0.021980"/>
          <testcase name="test_make_absolute_url with data set #23" class="Tests_HTTP_HTTP" classname="Tests_HTTP_HTTP" file="/var/www/html/test/wordpress_test/inpsyde_test/test/wp-content/plugins/plugintestslughere/tests/unit/tests/http/http.php" line="14" assertions="1" time="0.022711"/>
          <testcase name="test_make_absolute_url with data set #24" class="Tests_HTTP_HTTP" classname="Tests_HTTP_HTTP" file="/var/www/html/test/wordpress_test/inpsyde_test/test/wp-content/plugins/plugintestslughere/tests/unit/tests/http/http.php" line="14" assertions="1" time="0.022483"/>
        </testsuite>
        <testsuite name="Tests_HTTP_HTTP::test_wp_parse_url" tests="14" assertions="14" errors="0" failures="0" skipped="0" time="0.341205">
          <testcase name="test_wp_parse_url with data set #0" class="Tests_HTTP_HTTP" classname="Tests_HTTP_HTTP" file="/var/www/html/test/wordpress_test/inpsyde_test/test/wp-content/plugins/plugintestslughere/tests/unit/tests/http/http.php" line="73" assertions="1" time="0.025008"/>
          <testcase name="test_wp_parse_url with data set #1" class="Tests_HTTP_HTTP" classname="Tests_HTTP_HTTP" file="/var/www/html/test/wordpress_test/inpsyde_test/test/wp-content/plugins/plugintestslughere/tests/unit/tests/http/http.php" line="73" assertions="1" time="0.022576"/>
          <testcase name="test_wp_parse_url with data set #2" class="Tests_HTTP_HTTP" classname="Tests_HTTP_HTTP" file="/var/www/html/test/wordpress_test/inpsyde_test/test/wp-content/plugins/plugintestslughere/tests/unit/tests/http/http.php" line="73" assertions="1" time="0.023728"/>
          <testcase name="test_wp_parse_url with data set #3" class="Tests_HTTP_HTTP" classname="Tests_HTTP_HTTP" file="/var/www/html/test/wordpress_test/inpsyde_test/test/wp-content/plugins/plugintestslughere/tests/unit/tests/http/http.php" line="73" assertions="1" time="0.023078"/>
          <testcase name="test_wp_parse_url with data set #4" class="Tests_HTTP_HTTP" classname="Tests_HTTP_HTTP" file="/var/www/html/test/wordpress_test/inpsyde_test/test/wp-content/plugins/plugintestslughere/tests/unit/tests/http/http.php" line="73" assertions="1" time="0.023974"/>
          <testcase name="test_wp_parse_url with data set #5" class="Tests_HTTP_HTTP" classname="Tests_HTTP_HTTP" file="/var/www/html/test/wordpress_test/inpsyde_test/test/wp-content/plugins/plugintestslughere/tests/unit/tests/http/http.php" line="73" assertions="1" time="0.023364"/>
          <testcase name="test_wp_parse_url with data set #6" class="Tests_HTTP_HTTP" classname="Tests_HTTP_HTTP" file="/var/www/html/test/wordpress_test/inpsyde_test/test/wp-content/plugins/plugintestslughere/tests/unit/tests/http/http.php" line="73" assertions="1" time="0.024316"/>
          <testcase name="test_wp_parse_url with data set #7" class="Tests_HTTP_HTTP" classname="Tests_HTTP_HTTP" file="/var/www/html/test/wordpress_test/inpsyde_test/test/wp-content/plugins/plugintestslughere/tests/unit/tests/http/http.php" line="73" assertions="1" time="0.022977"/>
          <testcase name="test_wp_parse_url with data set #8" class="Tests_HTTP_HTTP" classname="Tests_HTTP_HTTP" file="/var/www/html/test/wordpress_test/inpsyde_test/test/wp-content/plugins/plugintestslughere/tests/unit/tests/http/http.php" line="73" assertions="1" time="0.024060"/>
          <testcase name="test_wp_parse_url with data set #9" class="Tests_HTTP_HTTP" classname="Tests_HTTP_HTTP" file="/var/www/html/test/wordpress_test/inpsyde_test/test/wp-content/plugins/plugintestslughere/tests/unit/tests/http/http.php" line="73" assertions="1" time="0.029138"/>
          <testcase name="test_wp_parse_url with data set #10" class="Tests_HTTP_HTTP" classname="Tests_HTTP_HTTP" file="/var/www/html/test/wordpress_test/inpsyde_test/test/wp-content/plugins/plugintestslughere/tests/unit/tests/http/http.php" line="73" assertions="1" time="0.024515"/>
          <testcase name="test_wp_parse_url with data set #11" class="Tests_HTTP_HTTP" classname="Tests_HTTP_HTTP" file="/var/www/html/test/wordpress_test/inpsyde_test/test/wp-content/plugins/plugintestslughere/tests/unit/tests/http/http.php" line="73" assertions="1" time="0.025984"/>
          <testcase name="test_wp_parse_url with data set #12" class="Tests_HTTP_HTTP" classname="Tests_HTTP_HTTP" file="/var/www/html/test/wordpress_test/inpsyde_test/test/wp-content/plugins/plugintestslughere/tests/unit/tests/http/http.php" line="73" assertions="1" time="0.024405"/>
          <testcase name="test_wp_parse_url with data set #13" class="Tests_HTTP_HTTP" classname="Tests_HTTP_HTTP" file="/var/www/html/test/wordpress_test/inpsyde_test/test/wp-content/plugins/plugintestslughere/tests/unit/tests/http/http.php" line="73" assertions="1" time="0.024082"/>
        </testsuite>
        <testcase name="test_wp_parse_url_with_default_component" class="Tests_HTTP_HTTP" classname="Tests_HTTP_HTTP" file="/var/www/html/test/wordpress_test/inpsyde_test/test/wp-content/plugins/plugintestslughere/tests/unit/tests/http/http.php" line="184" assertions="1" time="0.023384"/>
        <testsuite name="Tests_HTTP_HTTP::test_wp_parse_url_with_component" tests="33" assertions="33" errors="0" failures="0" skipped="0" time="0.785643">
          <testcase name="test_wp_parse_url_with_component with data set #0" class="Tests_HTTP_HTTP" classname="Tests_HTTP_HTTP" file="/var/www/html/test/wordpress_test/inpsyde_test/test/wp-content/plugins/plugintestslughere/tests/unit/tests/http/http.php" line="206" assertions="1" time="0.024604"/>
          <testcase name="test_wp_parse_url_with_component with data set #1" class="Tests_HTTP_HTTP" classname="Tests_HTTP_HTTP" file="/var/www/html/test/wordpress_test/inpsyde_test/test/wp-content/plugins/plugintestslughere/tests/unit/tests/http/http.php" line="206" assertions="1" time="0.023229"/>
          <testcase name="test_wp_parse_url_with_component with data set #2" class="Tests_HTTP_HTTP" classname="Tests_HTTP_HTTP" file="/var/www/html/test/wordpress_test/inpsyde_test/test/wp-content/plugins/plugintestslughere/tests/unit/tests/http/http.php" line="206" assertions="1" time="0.023115"/>
          <testcase name="test_wp_parse_url_with_component with data set #3" class="Tests_HTTP_HTTP" classname="Tests_HTTP_HTTP" file="/var/www/html/test/wordpress_test/inpsyde_test/test/wp-content/plugins/plugintestslughere/tests/unit/tests/http/http.php" line="206" assertions="1" time="0.022289"/>
          <testcase name="test_wp_parse_url_with_component with data set #4" class="Tests_HTTP_HTTP" classname="Tests_HTTP_HTTP" file="/var/www/html/test/wordpress_test/inpsyde_test/test/wp-content/plugins/plugintestslughere/tests/unit/tests/http/http.php" line="206" assertions="1" time="0.024738"/>
          <testcase name="test_wp_parse_url_with_component with data set #5" class="Tests_HTTP_HTTP" classname="Tests_HTTP_HTTP" file="/var/www/html/test/wordpress_test/inpsyde_test/test/wp-content/plugins/plugintestslughere/tests/unit/tests/http/http.php" line="206" assertions="1" time="0.022602"/>
          <testcase name="test_wp_parse_url_with_component with data set #6" class="Tests_HTTP_HTTP" classname="Tests_HTTP_HTTP" file="/var/www/html/test/wordpress_test/inpsyde_test/test/wp-content/plugins/plugintestslughere/tests/unit/tests/http/http.php" line="206" assertions="1" time="0.023066"/>
          <testcase name="test_wp_parse_url_with_component with data set #7" class="Tests_HTTP_HTTP" classname="Tests_HTTP_HTTP" file="/var/www/html/test/wordpress_test/inpsyde_test/test/wp-content/plugins/plugintestslughere/tests/unit/tests/http/http.php" line="206" assertions="1" time="0.024128"/>
          <testcase name="test_wp_parse_url_with_component with data set #8" class="Tests_HTTP_HTTP" classname="Tests_HTTP_HTTP" file="/var/www/html/test/wordpress_test/inpsyde_test/test/wp-content/plugins/plugintestslughere/tests/unit/tests/http/http.php" line="206" assertions="1" time="0.025133"/>
          <testcase name="test_wp_parse_url_with_component with data set #9" class="Tests_HTTP_HTTP" classname="Tests_HTTP_HTTP" file="/var/www/html/test/wordpress_test/inpsyde_test/test/wp-content/plugins/plugintestslughere/tests/unit/tests/http/http.php" line="206" assertions="1" time="0.023232"/>
          <testcase name="test_wp_parse_url_with_component with data set #10" class="Tests_HTTP_HTTP" classname="Tests_HTTP_HTTP" file="/var/www/html/test/wordpress_test/inpsyde_test/test/wp-content/plugins/plugintestslughere/tests/unit/tests/http/http.php" line="206" assertions="1" time="0.024644"/>
          <testcase name="test_wp_parse_url_with_component with data set #11" class="Tests_HTTP_HTTP" classname="Tests_HTTP_HTTP" file="/var/www/html/test/wordpress_test/inpsyde_test/test/wp-content/plugins/plugintestslughere/tests/unit/tests/http/http.php" line="206" assertions="1" time="0.023594"/>
          <testcase name="test_wp_parse_url_with_component with data set #12" class="Tests_HTTP_HTTP" classname="Tests_HTTP_HTTP" file="/var/www/html/test/wordpress_test/inpsyde_test/test/wp-content/plugins/plugintestslughere/tests/unit/tests/http/http.php" line="206" assertions="1" time="0.022816"/>
          <testcase name="test_wp_parse_url_with_component with data set #13" class="Tests_HTTP_HTTP" classname="Tests_HTTP_HTTP" file="/var/www/html/test/wordpress_test/inpsyde_test/test/wp-content/plugins/plugintestslughere/tests/unit/tests/http/http.php" line="206" assertions="1" time="0.025109"/>
          <testcase name="test_wp_parse_url_with_component with data set #14" class="Tests_HTTP_HTTP" classname="Tests_HTTP_HTTP" file="/var/www/html/test/wordpress_test/inpsyde_test/test/wp-content/plugins/plugintestslughere/tests/unit/tests/http/http.php" line="206" assertions="1" time="0.024182"/>
          <testcase name="test_wp_parse_url_with_component with data set #15" class="Tests_HTTP_HTTP" classname="Tests_HTTP_HTTP" file="/var/www/html/test/wordpress_test/inpsyde_test/test/wp-content/plugins/plugintestslughere/tests/unit/tests/http/http.php" line="206" assertions="1" time="0.028946"/>
          <testcase name="test_wp_parse_url_with_component with data set #16" class="Tests_HTTP_HTTP" classname="Tests_HTTP_HTTP" file="/var/www/html/test/wordpress_test/inpsyde_test/test/wp-content/plugins/plugintestslughere/tests/unit/tests/http/http.php" line="206" assertions="1" time="0.030218"/>
          <testcase name="test_wp_parse_url_with_component with data set #17" class="Tests_HTTP_HTTP" classname="Tests_HTTP_HTTP" file="/var/www/html/test/wordpress_test/inpsyde_test/test/wp-content/plugins/plugintestslughere/tests/unit/tests/http/http.php" line="206" assertions="1" time="0.026891"/>
          <testcase name="test_wp_parse_url_with_component with data set #18" class="Tests_HTTP_HTTP" classname="Tests_HTTP_HTTP" file="/var/www/html/test/wordpress_test/inpsyde_test/test/wp-content/plugins/plugintestslughere/tests/unit/tests/http/http.php" line="206" assertions="1" time="0.024124"/>
          <testcase name="test_wp_parse_url_with_component with data set #19" class="Tests_HTTP_HTTP" classname="Tests_HTTP_HTTP" file="/var/www/html/test/wordpress_test/inpsyde_test/test/wp-content/plugins/plugintestslughere/tests/unit/tests/http/http.php" line="206" assertions="1" time="0.026382"/>
          <testcase name="test_wp_parse_url_with_component with data set #20" class="Tests_HTTP_HTTP" classname="Tests_HTTP_HTTP" file="/var/www/html/test/wordpress_test/inpsyde_test/test/wp-content/plugins/plugintestslughere/tests/unit/tests/http/http.php" line="206" assertions="1" time="0.024649"/>
          <testcase name="test_wp_parse_url_with_component with data set #21" class="Tests_HTTP_HTTP" classname="Tests_HTTP_HTTP" file="/var/www/html/test/wordpress_test/inpsyde_test/test/wp-content/plugins/plugintestslughere/tests/unit/tests/http/http.php" line="206" assertions="1" time="0.022511"/>
          <testcase name="test_wp_parse_url_with_component with data set #22" class="Tests_HTTP_HTTP" classname="Tests_HTTP_HTTP" file="/var/www/html/test/wordpress_test/inpsyde_test/test/wp-content/plugins/plugintestslughere/tests/unit/tests/http/http.php" line="206" assertions="1" time="0.023965"/>
          <testcase name="test_wp_parse_url_with_component with data set #23" class="Tests_HTTP_HTTP" classname="Tests_HTTP_HTTP" file="/var/www/html/test/wordpress_test/inpsyde_test/test/wp-content/plugins/plugintestslughere/tests/unit/tests/http/http.php" line="206" assertions="1" time="0.021783"/>
          <testcase name="test_wp_parse_url_with_component with data set #24" class="Tests_HTTP_HTTP" classname="Tests_HTTP_HTTP" file="/var/www/html/test/wordpress_test/inpsyde_test/test/wp-content/plugins/plugintestslughere/tests/unit/tests/http/http.php" line="206" assertions="1" time="0.022087"/>
          <testcase name="test_wp_parse_url_with_component with data set #25" class="Tests_HTTP_HTTP" classname="Tests_HTTP_HTTP" file="/var/www/html/test/wordpress_test/inpsyde_test/test/wp-content/plugins/plugintestslughere/tests/unit/tests/http/http.php" line="206" assertions="1" time="0.022765"/>
          <testcase name="test_wp_parse_url_with_component with data set #26" class="Tests_HTTP_HTTP" classname="Tests_HTTP_HTTP" file="/var/www/html/test/wordpress_test/inpsyde_test/test/wp-content/plugins/plugintestslughere/tests/unit/tests/http/http.php" line="206" assertions="1" time="0.022317"/>
          <testcase name="test_wp_parse_url_with_component with data set #27" class="Tests_HTTP_HTTP" classname="Tests_HTTP_HTTP" file="/var/www/html/test/wordpress_test/inpsyde_test/test/wp-content/plugins/plugintestslughere/tests/unit/tests/http/http.php" line="206" assertions="1" time="0.021641"/>
          <testcase name="test_wp_parse_url_with_component with data set #28" class="Tests_HTTP_HTTP" classname="Tests_HTTP_HTTP" file="/var/www/html/test/wordpress_test/inpsyde_test/test/wp-content/plugins/plugintestslughere/tests/unit/tests/http/http.php" line="206" assertions="1" time="0.022023"/>
          <testcase name="test_wp_parse_url_with_component with data set #29" class="Tests_HTTP_HTTP" classname="Tests_HTTP_HTTP" file="/var/www/html/test/wordpress_test/inpsyde_test/test/wp-content/plugins/plugintestslughere/tests/unit/tests/http/http.php" line="206" assertions="1" time="0.022796"/>
          <testcase name="test_wp_parse_url_with_component with data set #30" class="Tests_HTTP_HTTP" classname="Tests_HTTP_HTTP" file="/var/www/html/test/wordpress_test/inpsyde_test/test/wp-content/plugins/plugintestslughere/tests/unit/tests/http/http.php" line="206" assertions="1" time="0.021857"/>
          <testcase name="test_wp_parse_url_with_component with data set #31" class="Tests_HTTP_HTTP" classname="Tests_HTTP_HTTP" file="/var/www/html/test/wordpress_test/inpsyde_test/test/wp-content/plugins/plugintestslughere/tests/unit/tests/http/http.php" line="206" assertions="1" time="0.021823"/>
          <testcase name="test_wp_parse_url_with_component with data set #32" class="Tests_HTTP_HTTP" classname="Tests_HTTP_HTTP" file="/var/www/html/test/wordpress_test/inpsyde_test/test/wp-content/plugins/plugintestslughere/tests/unit/tests/http/http.php" line="206" assertions="1" time="0.022385"/>
        </testsuite>
        <testcase name="test_http_response_code_constants" class="Tests_HTTP_HTTP" classname="Tests_HTTP_HTTP" file="/var/www/html/test/wordpress_test/inpsyde_test/test/wp-content/plugins/plugintestslughere/tests/unit/tests/http/http.php" line="265" assertions="1" time="0.023332"/>
        <testcase name="test_normalize_cookies_scalar_values" class="Tests_HTTP_HTTP" classname="Tests_HTTP_HTTP" file="/var/www/html/test/wordpress_test/inpsyde_test/test/wp-content/plugins/plugintestslughere/tests/unit/tests/http/http.php" line="281" assertions="5" time="0.025048"/>
        <testsuite name="Tests_HTTP_HTTP::test_get_component_from_parsed_url_array" tests="6" assertions="6" errors="0" failures="0" skipped="0" time="0.165117">
          <testcase name="test_get_component_from_parsed_url_array with data set #0" class="Tests_HTTP_HTTP" classname="Tests_HTTP_HTTP" file="/var/www/html/test/wordpress_test/inpsyde_test/test/wp-content/plugins/plugintestslughere/tests/unit/tests/http/http.php" line="316" assertions="1" time="0.026005"/>
          <testcase name="test_get_component_from_parsed_url_array with data set #1" class="Tests_HTTP_HTTP" classname="Tests_HTTP_HTTP" file="/var/www/html/test/wordpress_test/inpsyde_test/test/wp-content/plugins/plugintestslughere/tests/unit/tests/http/http.php" line="316" assertions="1" time="0.025621"/>
          <testcase name="test_get_component_from_parsed_url_array with data set #2" class="Tests_HTTP_HTTP" classname="Tests_HTTP_HTTP" file="/var/www/html/test/wordpress_test/inpsyde_test/test/wp-content/plugins/plugintestslughere/tests/unit/tests/http/http.php" line="316" assertions="1" time="0.027272"/>
          <testcase name="test_get_component_from_parsed_url_array with data set #3" class="Tests_HTTP_HTTP" classname="Tests_HTTP_HTTP" file="/var/www/html/test/wordpress_test/inpsyde_test/test/wp-content/plugins/plugintestslughere/tests/unit/tests/http/http.php" line="316" assertions="1" time="0.028600"/>
          <testcase name="test_get_component_from_parsed_url_array with data set #4" class="Tests_HTTP_HTTP" classname="Tests_HTTP_HTTP" file="/var/www/html/test/wordpress_test/inpsyde_test/test/wp-content/plugins/plugintestslughere/tests/unit/tests/http/http.php" line="316" assertions="1" time="0.030376"/>
          <testcase name="test_get_component_from_parsed_url_array with data set #5" class="Tests_HTTP_HTTP" classname="Tests_HTTP_HTTP" file="/var/www/html/test/wordpress_test/inpsyde_test/test/wp-content/plugins/plugintestslughere/tests/unit/tests/http/http.php" line="316" assertions="1" time="0.027243"/>
        </testsuite>
        <testsuite name="Tests_HTTP_HTTP::test_wp_translate_php_url_constant_to_key" tests="10" assertions="10" errors="0" failures="0" skipped="0" time="0.261109">
          <testcase name="test_wp_translate_php_url_constant_to_key with data set #0" class="Tests_HTTP_HTTP" classname="Tests_HTTP_HTTP" file="/var/www/html/test/wordpress_test/inpsyde_test/test/wp-content/plugins/plugintestslughere/tests/unit/tests/http/http.php" line="355" assertions="1" time="0.029149"/>
          <testcase name="test_wp_translate_php_url_constant_to_key with data set #1" class="Tests_HTTP_HTTP" classname="Tests_HTTP_HTTP" file="/var/www/html/test/wordpress_test/inpsyde_test/test/wp-content/plugins/plugintestslughere/tests/unit/tests/http/http.php" line="355" assertions="1" time="0.025569"/>
          <testcase name="test_wp_translate_php_url_constant_to_key with data set #2" class="Tests_HTTP_HTTP" classname="Tests_HTTP_HTTP" file="/var/www/html/test/wordpress_test/inpsyde_test/test/wp-content/plugins/plugintestslughere/tests/unit/tests/http/http.php" line="355" assertions="1" time="0.026158"/>
          <testcase name="test_wp_translate_php_url_constant_to_key with data set #3" class="Tests_HTTP_HTTP" classname="Tests_HTTP_HTTP" file="/var/www/html/test/wordpress_test/inpsyde_test/test/wp-content/plugins/plugintestslughere/tests/unit/tests/http/http.php" line="355" assertions="1" time="0.024672"/>
          <testcase name="test_wp_translate_php_url_constant_to_key with data set #4" class="Tests_HTTP_HTTP" classname="Tests_HTTP_HTTP" file="/var/www/html/test/wordpress_test/inpsyde_test/test/wp-content/plugins/plugintestslughere/tests/unit/tests/http/http.php" line="355" assertions="1" time="0.026238"/>
          <testcase name="test_wp_translate_php_url_constant_to_key with data set #5" class="Tests_HTTP_HTTP" classname="Tests_HTTP_HTTP" file="/var/www/html/test/wordpress_test/inpsyde_test/test/wp-content/plugins/plugintestslughere/tests/unit/tests/http/http.php" line="355" assertions="1" time="0.029234"/>
          <testcase name="test_wp_translate_php_url_constant_to_key with data set #6" class="Tests_HTTP_HTTP" classname="Tests_HTTP_HTTP" file="/var/www/html/test/wordpress_test/inpsyde_test/test/wp-content/plugins/plugintestslughere/tests/unit/tests/http/http.php" line="355" assertions="1" time="0.025915"/>
          <testcase name="test_wp_translate_php_url_constant_to_key with data set #7" class="Tests_HTTP_HTTP" classname="Tests_HTTP_HTTP" file="/var/www/html/test/wordpress_test/inpsyde_test/test/wp-content/plugins/plugintestslughere/tests/unit/tests/http/http.php" line="355" assertions="1" time="0.024946"/>
          <testcase name="test_wp_translate_php_url_constant_to_key with data set #8" class="Tests_HTTP_HTTP" classname="Tests_HTTP_HTTP" file="/var/www/html/test/wordpress_test/inpsyde_test/test/wp-content/plugins/plugintestslughere/tests/unit/tests/http/http.php" line="355" assertions="1" time="0.025521"/>
          <testcase name="test_wp_translate_php_url_constant_to_key with data set #9" class="Tests_HTTP_HTTP" classname="Tests_HTTP_HTTP" file="/var/www/html/test/wordpress_test/inpsyde_test/test/wp-content/plugins/plugintestslughere/tests/unit/tests/http/http.php" line="355" assertions="1" time="0.023707"/>
        </testsuite>
      </testsuite>
      <testsuite name="Tests_HTTP_RemoteRetrieveHeaders" file="/var/www/html/test/wordpress_test/inpsyde_test/test/wp-content/plugins/plugintestslughere/tests/unit/tests/http/remoteRetrieveHeaders.php" tests="3" assertions="3" errors="0" failures="0" skipped="0" time="0.078667">
        <testcase name="test_remote_retrieve_headers_valid_response" class="Tests_HTTP_RemoteRetrieveHeaders" classname="Tests_HTTP_RemoteRetrieveHeaders" file="/var/www/html/test/wordpress_test/inpsyde_test/test/wp-content/plugins/plugintestslughere/tests/unit/tests/http/remoteRetrieveHeaders.php" line="11" assertions="1" time="0.026732"/>
        <testcase name="test_remote_retrieve_headers_is_error" class="Tests_HTTP_RemoteRetrieveHeaders" classname="Tests_HTTP_RemoteRetrieveHeaders" file="/var/www/html/test/wordpress_test/inpsyde_test/test/wp-content/plugins/plugintestslughere/tests/unit/tests/http/remoteRetrieveHeaders.php" line="22" assertions="1" time="0.025226"/>
        <testcase name="test_remote_retrieve_headers_invalid_response" class="Tests_HTTP_RemoteRetrieveHeaders" classname="Tests_HTTP_RemoteRetrieveHeaders" file="/var/www/html/test/wordpress_test/inpsyde_test/test/wp-content/plugins/plugintestslughere/tests/unit/tests/http/remoteRetrieveHeaders.php" line="32" assertions="1" time="0.026709"/>
      </testsuite>
      <testsuite name="Tests_Image_Dimensions" file="/var/www/html/test/wordpress_test/inpsyde_test/test/wp-content/plugins/plugintestslughere/tests/unit/tests/image/dimensions.php" tests="12" assertions="28" errors="0" failures="0" skipped="0" time="0.286026">
        <testcase name="test_400x400_no_crop" class="Tests_Image_Dimensions" classname="Tests_Image_Dimensions" file="/var/www/html/test/wordpress_test/inpsyde_test/test/wp-content/plugins/plugintestslughere/tests/unit/tests/image/dimensions.php" line="9" assertions="2" time="0.024848"/>
        <testcase name="test_400x0_no_crop" class="Tests_Image_Dimensions" classname="Tests_Image_Dimensions" file="/var/www/html/test/wordpress_test/inpsyde_test/test/wp-content/plugins/plugintestslughere/tests/unit/tests/image/dimensions.php" line="21" assertions="2" time="0.023563"/>
        <testcase name="test_0x400_no_crop" class="Tests_Image_Dimensions" classname="Tests_Image_Dimensions" file="/var/www/html/test/wordpress_test/inpsyde_test/test/wp-content/plugins/plugintestslughere/tests/unit/tests/image/dimensions.php" line="33" assertions="2" time="0.023942"/>
        <testcase name="test_800x800_no_crop" class="Tests_Image_Dimensions" classname="Tests_Image_Dimensions" file="/var/www/html/test/wordpress_test/inpsyde_test/test/wp-content/plugins/plugintestslughere/tests/unit/tests/image/dimensions.php" line="45" assertions="2" time="0.023935"/>
        <testcase name="test_800x0_no_crop" class="Tests_Image_Dimensions" classname="Tests_Image_Dimensions" file="/var/www/html/test/wordpress_test/inpsyde_test/test/wp-content/plugins/plugintestslughere/tests/unit/tests/image/dimensions.php" line="57" assertions="2" time="0.023626"/>
        <testcase name="test_0x800_no_crop" class="Tests_Image_Dimensions" classname="Tests_Image_Dimensions" file="/var/www/html/test/wordpress_test/inpsyde_test/test/wp-content/plugins/plugintestslughere/tests/unit/tests/image/dimensions.php" line="69" assertions="2" time="0.025209"/>
        <testcase name="test_400x400_crop" class="Tests_Image_Dimensions" classname="Tests_Image_Dimensions" file="/var/www/html/test/wordpress_test/inpsyde_test/test/wp-content/plugins/plugintestslughere/tests/unit/tests/image/dimensions.php" line="83" assertions="2" time="0.025917"/>
        <testcase name="test_400x0_crop" class="Tests_Image_Dimensions" classname="Tests_Image_Dimensions" file="/var/www/html/test/wordpress_test/inpsyde_test/test/wp-content/plugins/plugintestslughere/tests/unit/tests/image/dimensions.php" line="95" assertions="2" time="0.022538"/>
        <testcase name="test_0x400_crop" class="Tests_Image_Dimensions" classname="Tests_Image_Dimensions" file="/var/www/html/test/wordpress_test/inpsyde_test/test/wp-content/plugins/plugintestslughere/tests/unit/tests/image/dimensions.php" line="107" assertions="2" time="0.022679"/>
        <testcase name="test_400x500_crop" class="Tests_Image_Dimensions" classname="Tests_Image_Dimensions" file="/var/www/html/test/wordpress_test/inpsyde_test/test/wp-content/plugins/plugintestslughere/tests/unit/tests/image/dimensions.php" line="119" assertions="2" time="0.024756"/>
        <testcase name="test_640x480" class="Tests_Image_Dimensions" classname="Tests_Image_Dimensions" file="/var/www/html/test/wordpress_test/inpsyde_test/test/wp-content/plugins/plugintestslughere/tests/unit/tests/image/dimensions.php" line="131" assertions="4" time="0.022910"/>
        <testcase name="test_crop_anchors" class="Tests_Image_Dimensions" classname="Tests_Image_Dimensions" file="/var/www/html/test/wordpress_test/inpsyde_test/test/wp-content/plugins/plugintestslughere/tests/unit/tests/image/dimensions.php" line="159" assertions="4" time="0.022104"/>
      </testsuite>
      <testsuite name="Tests_Image_Editor" file="/var/www/html/test/wordpress_test/inpsyde_test/test/wp-content/plugins/plugintestslughere/tests/unit/tests/image/editor.php" tests="6" assertions="18" errors="0" failures="0" skipped="0" time="0.152776">
        <testcase name="test_get_editor_load_returns_true" class="Tests_Image_Editor" classname="Tests_Image_Editor" file="/var/www/html/test/wordpress_test/inpsyde_test/test/wp-content/plugins/plugintestslughere/tests/unit/tests/image/editor.php" line="30" assertions="1" time="0.031599"/>
        <testcase name="test_get_editor_load_returns_false" class="Tests_Image_Editor" classname="Tests_Image_Editor" file="/var/www/html/test/wordpress_test/inpsyde_test/test/wp-content/plugins/plugintestslughere/tests/unit/tests/image/editor.php" line="41" assertions="1" time="0.025315"/>
        <testcase name="test_set_quality" class="Tests_Image_Editor" classname="Tests_Image_Editor" file="/var/www/html/test/wordpress_test/inpsyde_test/test/wp-content/plugins/plugintestslughere/tests/unit/tests/image/editor.php" line="70" assertions="7" time="0.024889"/>
        <testcase name="test_generate_filename" class="Tests_Image_Editor" classname="Tests_Image_Editor" file="/var/www/html/test/wordpress_test/inpsyde_test/test/wp-content/plugins/plugintestslughere/tests/unit/tests/image/editor.php" line="117" assertions="5" time="0.023982"/>
        <testcase name="test_get_size" class="Tests_Image_Editor" classname="Tests_Image_Editor" file="/var/www/html/test/wordpress_test/inpsyde_test/test/wp-content/plugins/plugintestslughere/tests/unit/tests/image/editor.php" line="153" assertions="2" time="0.023921"/>
        <testcase name="test_get_suffix" class="Tests_Image_Editor" classname="Tests_Image_Editor" file="/var/www/html/test/wordpress_test/inpsyde_test/test/wp-content/plugins/plugintestslughere/tests/unit/tests/image/editor.php" line="177" assertions="2" time="0.023070"/>
      </testsuite>
      <testsuite name="Tests_Image_Editor_GD" file="/var/www/html/test/wordpress_test/inpsyde_test/test/wp-content/plugins/plugintestslughere/tests/unit/tests/image/editorGd.php" tests="15" assertions="10" errors="8" failures="0" skipped="0" time="0.550321">
        <testcase name="test_supports_mime_type_jpeg" class="Tests_Image_Editor_GD" classname="Tests_Image_Editor_GD" file="/var/www/html/test/wordpress_test/inpsyde_test/test/wp-content/plugins/plugintestslughere/tests/unit/tests/image/editorGd.php" line="35" assertions="1" time="0.029521"/>
        <testcase name="test_supports_mime_type_png" class="Tests_Image_Editor_GD" classname="Tests_Image_Editor_GD" file="/var/www/html/test/wordpress_test/inpsyde_test/test/wp-content/plugins/plugintestslughere/tests/unit/tests/image/editorGd.php" line="41" assertions="1" time="0.026419"/>
        <testcase name="test_supports_mime_type_gif" class="Tests_Image_Editor_GD" classname="Tests_Image_Editor_GD" file="/var/www/html/test/wordpress_test/inpsyde_test/test/wp-content/plugins/plugintestslughere/tests/unit/tests/image/editorGd.php" line="47" assertions="1" time="0.024343"/>
        <testcase name="test_resize" class="Tests_Image_Editor_GD" classname="Tests_Image_Editor_GD" file="/var/www/html/test/wordpress_test/inpsyde_test/test/wp-content/plugins/plugintestslughere/tests/unit/tests/image/editorGd.php" line="56" assertions="0" time="0.023802">
          <error type="PHPUnit\Framework\Error\Notice">Tests_Image_Editor_GD::test_resize
Trying to access array offset on value of type null

/var/www/html/test/wordpress_test/inpsyde_test/test/wp-content/plugins/plugintestslughere/tests/wordpress-develop/build/wp-includes/class-wp-image-editor-gd.php:162
/var/www/html/test/wordpress_test/inpsyde_test/test/wp-content/plugins/plugintestslughere/tests/unit/tests/image/editorGd.php:62
</error>
        </testcase>
        <testcase name="test_single_multi_resize" class="Tests_Image_Editor_GD" classname="Tests_Image_Editor_GD" file="/var/www/html/test/wordpress_test/inpsyde_test/test/wp-content/plugins/plugintestslughere/tests/unit/tests/image/editorGd.php" line="76" assertions="0" time="0.025662">
          <error type="PHPUnit\Framework\Error\Notice">Tests_Image_Editor_GD::test_single_multi_resize
Trying to access array offset on value of type null

/var/www/html/test/wordpress_test/inpsyde_test/test/wp-content/plugins/plugintestslughere/tests/wordpress-develop/build/wp-includes/class-wp-image-editor-gd.php:187
/var/www/html/test/wordpress_test/inpsyde_test/test/wp-content/plugins/plugintestslughere/tests/wordpress-develop/build/wp-includes/class-wp-image-editor-gd.php:284
/var/www/html/test/wordpress_test/inpsyde_test/test/wp-content/plugins/plugintestslughere/tests/wordpress-develop/build/wp-includes/class-wp-image-editor-gd.php:240
/var/www/html/test/wordpress_test/inpsyde_test/test/wp-content/plugins/plugintestslughere/tests/unit/tests/image/editorGd.php:89
</error>
        </testcase>
        <testcase name="test_multi_resize_does_not_create" class="Tests_Image_Editor_GD" classname="Tests_Image_Editor_GD" file="/var/www/html/test/wordpress_test/inpsyde_test/test/wp-content/plugins/plugintestslughere/tests/unit/tests/image/editorGd.php" line="118" assertions="0" time="0.028983">
          <error type="PHPUnit\Framework\Error\Notice">Tests_Image_Editor_GD::test_multi_resize_does_not_create
Trying to access array offset on value of type null

/var/www/html/test/wordpress_test/inpsyde_test/test/wp-content/plugins/plugintestslughere/tests/wordpress-develop/build/wp-includes/class-wp-image-editor-gd.php:187
/var/www/html/test/wordpress_test/inpsyde_test/test/wp-content/plugins/plugintestslughere/tests/wordpress-develop/build/wp-includes/class-wp-image-editor-gd.php:284
/var/www/html/test/wordpress_test/inpsyde_test/test/wp-content/plugins/plugintestslughere/tests/wordpress-develop/build/wp-includes/class-wp-image-editor-gd.php:240
/var/www/html/test/wordpress_test/inpsyde_test/test/wp-content/plugins/plugintestslughere/tests/unit/tests/image/editorGd.php:175
</error>
        </testcase>
        <testcase name="test_multi_resize" class="Tests_Image_Editor_GD" classname="Tests_Image_Editor_GD" file="/var/www/html/test/wordpress_test/inpsyde_test/test/wp-content/plugins/plugintestslughere/tests/unit/tests/image/editorGd.php" line="186" assertions="0" time="0.028580">
          <error type="PHPUnit\Framework\Error\Notice">Tests_Image_Editor_GD::test_multi_resize
Trying to access array offset on value of type null

/var/www/html/test/wordpress_test/inpsyde_test/test/wp-content/plugins/plugintestslughere/tests/wordpress-develop/build/wp-includes/class-wp-image-editor-gd.php:187
/var/www/html/test/wordpress_test/inpsyde_test/test/wp-content/plugins/plugintestslughere/tests/wordpress-develop/build/wp-includes/class-wp-image-editor-gd.php:284
/var/www/html/test/wordpress_test/inpsyde_test/test/wp-content/plugins/plugintestslughere/tests/wordpress-develop/build/wp-includes/class-wp-image-editor-gd.php:240
/var/www/html/test/wordpress_test/inpsyde_test/test/wp-content/plugins/plugintestslughere/tests/unit/tests/image/editorGd.php:287
</error>
        </testcase>
        <testcase name="test_resize_and_crop" class="Tests_Image_Editor_GD" classname="Tests_Image_Editor_GD" file="/var/www/html/test/wordpress_test/inpsyde_test/test/wp-content/plugins/plugintestslughere/tests/unit/tests/image/editorGd.php" line="390" assertions="0" time="0.032876">
          <error type="PHPUnit\Framework\Error\Notice">Tests_Image_Editor_GD::test_resize_and_crop
Trying to access array offset on value of type null

/var/www/html/test/wordpress_test/inpsyde_test/test/wp-content/plugins/plugintestslughere/tests/wordpress-develop/build/wp-includes/class-wp-image-editor-gd.php:162
/var/www/html/test/wordpress_test/inpsyde_test/test/wp-content/plugins/plugintestslughere/tests/unit/tests/image/editorGd.php:396
</error>
        </testcase>
        <testcase name="test_crop" class="Tests_Image_Editor_GD" classname="Tests_Image_Editor_GD" file="/var/www/html/test/wordpress_test/inpsyde_test/test/wp-content/plugins/plugintestslughere/tests/unit/tests/image/editorGd.php" line="410" assertions="0" time="0.066047">
          <error type="PHPUnit\Framework\Error\Warning">Tests_Image_Editor_GD::test_crop
imagecopyresampled() expects parameter 2 to be resource, bool given

/var/www/html/test/wordpress_test/inpsyde_test/test/wp-content/plugins/plugintestslughere/tests/wordpress-develop/build/wp-includes/class-wp-image-editor-gd.php:337
/var/www/html/test/wordpress_test/inpsyde_test/test/wp-content/plugins/plugintestslughere/tests/unit/tests/image/editorGd.php:416
</error>
        </testcase>
        <testcase name="test_rotate" class="Tests_Image_Editor_GD" classname="Tests_Image_Editor_GD" file="/var/www/html/test/wordpress_test/inpsyde_test/test/wp-content/plugins/plugintestslughere/tests/unit/tests/image/editorGd.php" line="430" assertions="0" time="0.036771">
          <error type="PHPUnit\Framework\Error\Warning">Tests_Image_Editor_GD::test_rotate
imagecolorat() expects parameter 1 to be resource, bool given

/var/www/html/test/wordpress_test/inpsyde_test/test/wp-content/plugins/plugintestslughere/tests/unit/tests/image/editorGd.php:439
</error>
        </testcase>
        <testcase name="test_flip" class="Tests_Image_Editor_GD" classname="Tests_Image_Editor_GD" file="/var/www/html/test/wordpress_test/inpsyde_test/test/wp-content/plugins/plugintestslughere/tests/unit/tests/image/editorGd.php" line="449" assertions="0" time="0.044460">
          <error type="PHPUnit\Framework\Error\Warning">Tests_Image_Editor_GD::test_flip
imagecolorat() expects parameter 1 to be resource, bool given

/var/www/html/test/wordpress_test/inpsyde_test/test/wp-content/plugins/plugintestslughere/tests/unit/tests/image/editorGd.php:458
</error>
        </testcase>
        <testcase name="test_image_preserves_alpha_on_resize" class="Tests_Image_Editor_GD" classname="Tests_Image_Editor_GD" file="/var/www/html/test/wordpress_test/inpsyde_test/test/wp-content/plugins/plugintestslughere/tests/unit/tests/image/editorGd.php" line="470" assertions="2" time="0.054079"/>
        <testcase name="test_image_preserves_alpha" class="Tests_Image_Editor_GD" classname="Tests_Image_Editor_GD" file="/var/www/html/test/wordpress_test/inpsyde_test/test/wp-content/plugins/plugintestslughere/tests/unit/tests/image/editorGd.php" line="497" assertions="2" time="0.043306"/>
        <testcase name="test_image_preserves_alpha_on_rotate" class="Tests_Image_Editor_GD" classname="Tests_Image_Editor_GD" file="/var/www/html/test/wordpress_test/inpsyde_test/test/wp-content/plugins/plugintestslughere/tests/unit/tests/image/editorGd.php" line="522" assertions="2" time="0.028266"/>
        <testcase name="test_image_non_existent_extension" class="Tests_Image_Editor_GD" classname="Tests_Image_Editor_GD" file="/var/www/html/test/wordpress_test/inpsyde_test/test/wp-content/plugins/plugintestslughere/tests/unit/tests/image/editorGd.php" line="551" assertions="1" time="0.057206"/>
      </testsuite>
      <testsuite name="Tests_Image_Editor_Imagick" file="/var/www/html/test/wordpress_test/inpsyde_test/test/wp-content/plugins/plugintestslughere/tests/unit/tests/image/editorImagick.php" tests="14" assertions="0" errors="0" failures="0" skipped="14" time="0.383157">
        <testcase name="test_supports_mime_type" class="Tests_Image_Editor_Imagick" classname="Tests_Image_Editor_Imagick" file="/var/www/html/test/wordpress_test/inpsyde_test/test/wp-content/plugins/plugintestslughere/tests/unit/tests/image/editorImagick.php" line="38" assertions="0" time="0.026812">
          <skipped/>
        </testcase>
        <testcase name="test_resize" class="Tests_Image_Editor_Imagick" classname="Tests_Image_Editor_Imagick" file="/var/www/html/test/wordpress_test/inpsyde_test/test/wp-content/plugins/plugintestslughere/tests/unit/tests/image/editorImagick.php" line="49" assertions="0" time="0.028751">
          <skipped/>
        </testcase>
        <testcase name="test_single_multi_resize" class="Tests_Image_Editor_Imagick" classname="Tests_Image_Editor_Imagick" file="/var/www/html/test/wordpress_test/inpsyde_test/test/wp-content/plugins/plugintestslughere/tests/unit/tests/image/editorImagick.php" line="69" assertions="0" time="0.028089">
          <skipped/>
        </testcase>
        <testcase name="test_multi_resize_does_not_create" class="Tests_Image_Editor_Imagick" classname="Tests_Image_Editor_Imagick" file="/var/www/html/test/wordpress_test/inpsyde_test/test/wp-content/plugins/plugintestslughere/tests/unit/tests/image/editorImagick.php" line="111" assertions="0" time="0.026550">
          <skipped/>
        </testcase>
        <testcase name="test_multi_resize" class="Tests_Image_Editor_Imagick" classname="Tests_Image_Editor_Imagick" file="/var/www/html/test/wordpress_test/inpsyde_test/test/wp-content/plugins/plugintestslughere/tests/unit/tests/image/editorImagick.php" line="179" assertions="0" time="0.028871">
          <skipped/>
        </testcase>
        <testcase name="test_resize_and_crop" class="Tests_Image_Editor_Imagick" classname="Tests_Image_Editor_Imagick" file="/var/www/html/test/wordpress_test/inpsyde_test/test/wp-content/plugins/plugintestslughere/tests/unit/tests/image/editorImagick.php" line="383" assertions="0" time="0.027420">
          <skipped/>
        </testcase>
        <testcase name="test_crop" class="Tests_Image_Editor_Imagick" classname="Tests_Image_Editor_Imagick" file="/var/www/html/test/wordpress_test/inpsyde_test/test/wp-content/plugins/plugintestslughere/tests/unit/tests/image/editorImagick.php" line="403" assertions="0" time="0.025947">
          <skipped/>
        </testcase>
        <testcase name="test_rotate" class="Tests_Image_Editor_Imagick" classname="Tests_Image_Editor_Imagick" file="/var/www/html/test/wordpress_test/inpsyde_test/test/wp-content/plugins/plugintestslughere/tests/unit/tests/image/editorImagick.php" line="423" assertions="0" time="0.025637">
          <skipped/>
        </testcase>
        <testcase name="test_flip" class="Tests_Image_Editor_Imagick" classname="Tests_Image_Editor_Imagick" file="/var/www/html/test/wordpress_test/inpsyde_test/test/wp-content/plugins/plugintestslughere/tests/unit/tests/image/editorImagick.php" line="442" assertions="0" time="0.028705">
          <skipped/>
        </testcase>
        <testcase name="test_image_preserves_alpha_on_resize" class="Tests_Image_Editor_Imagick" classname="Tests_Image_Editor_Imagick" file="/var/www/html/test/wordpress_test/inpsyde_test/test/wp-content/plugins/plugintestslughere/tests/unit/tests/image/editorImagick.php" line="463" assertions="0" time="0.029199">
          <skipped/>
        </testcase>
        <testcase name="test_image_preserves_alpha" class="Tests_Image_Editor_Imagick" classname="Tests_Image_Editor_Imagick" file="/var/www/html/test/wordpress_test/inpsyde_test/test/wp-content/plugins/plugintestslughere/tests/unit/tests/image/editorImagick.php" line="490" assertions="0" time="0.027001">
          <skipped/>
        </testcase>
        <testcase name="test_image_preserves_alpha_on_rotate" class="Tests_Image_Editor_Imagick" classname="Tests_Image_Editor_Imagick" file="/var/www/html/test/wordpress_test/inpsyde_test/test/wp-content/plugins/plugintestslughere/tests/unit/tests/image/editorImagick.php" line="515" assertions="0" time="0.027128">
          <skipped/>
        </testcase>
        <testcase name="test_image_non_existent_extension" class="Tests_Image_Editor_Imagick" classname="Tests_Image_Editor_Imagick" file="/var/www/html/test/wordpress_test/inpsyde_test/test/wp-content/plugins/plugintestslughere/tests/unit/tests/image/editorImagick.php" line="540" assertions="0" time="0.026096">
          <skipped/>
        </testcase>
        <testcase name="test_remove_orientation_data_on_rotate" class="Tests_Image_Editor_Imagick" classname="Tests_Image_Editor_Imagick" file="/var/www/html/test/wordpress_test/inpsyde_test/test/wp-content/plugins/plugintestslughere/tests/unit/tests/image/editorImagick.php" line="553" assertions="0" time="0.026951">
          <skipped/>
        </testcase>
      </testsuite>
      <testsuite name="Tests_Image_Functions" file="/var/www/html/test/wordpress_test/inpsyde_test/test/wp-content/plugins/plugintestslughere/tests/unit/tests/image/functions.php" tests="19" assertions="41" errors="2" failures="1" skipped="6" time="0.548806">
        <testcase name="test_is_image_positive" class="Tests_Image_Functions" classname="Tests_Image_Functions" file="/var/www/html/test/wordpress_test/inpsyde_test/test/wp-content/plugins/plugintestslughere/tests/unit/tests/image/functions.php" line="48" assertions="12" time="0.055554"/>
        <testcase name="test_is_image_negative" class="Tests_Image_Functions" classname="Tests_Image_Functions" file="/var/www/html/test/wordpress_test/inpsyde_test/test/wp-content/plugins/plugintestslughere/tests/unit/tests/image/functions.php" line="74" assertions="3" time="0.036560"/>
        <testcase name="test_is_displayable_image_positive" class="Tests_Image_Functions" classname="Tests_Image_Functions" file="/var/www/html/test/wordpress_test/inpsyde_test/test/wp-content/plugins/plugintestslughere/tests/unit/tests/image/functions.php" line="87" assertions="4" time="0.028901"/>
        <testcase name="test_is_displayable_image_negative" class="Tests_Image_Functions" classname="Tests_Image_Functions" file="/var/www/html/test/wordpress_test/inpsyde_test/test/wp-content/plugins/plugintestslughere/tests/unit/tests/image/functions.php" line="105" assertions="8" time="0.035217"/>
        <testcase name="test_is_gd_image_invalid_types" class="Tests_Image_Functions" classname="Tests_Image_Functions" file="/var/www/html/test/wordpress_test/inpsyde_test/test/wp-content/plugins/plugintestslughere/tests/unit/tests/image/functions.php" line="130" assertions="4" time="0.028859"/>
        <testcase name="test_is_gd_image_valid_types" class="Tests_Image_Functions" classname="Tests_Image_Functions" file="/var/www/html/test/wordpress_test/inpsyde_test/test/wp-content/plugins/plugintestslughere/tests/unit/tests/image/functions.php" line="144" assertions="1" time="0.027301"/>
        <testcase name="test_wp_save_image_file" class="Tests_Image_Functions" classname="Tests_Image_Functions" file="/var/www/html/test/wordpress_test/inpsyde_test/test/wp-content/plugins/plugintestslughere/tests/unit/tests/image/functions.php" line="154" assertions="0" time="0.047004">
          <error type="PHPUnit\Framework\Error\Warning">Tests_Image_Functions::test_wp_save_image_file
imagegif() expects parameter 1 to be resource, bool given

/var/www/html/test/wordpress_test/inpsyde_test/test/wp-content/plugins/plugintestslughere/tests/wordpress-develop/build/wp-includes/class-wp-image-editor.php:489
/var/www/html/test/wordpress_test/inpsyde_test/test/wp-content/plugins/plugintestslughere/tests/wordpress-develop/build/wp-includes/class-wp-image-editor-gd.php:520
/var/www/html/test/wordpress_test/inpsyde_test/test/wp-content/plugins/plugintestslughere/tests/wordpress-develop/build/wp-includes/class-wp-image-editor-gd.php:440
/var/www/html/test/wordpress_test/inpsyde_test/test/wp-content/plugins/plugintestslughere/tests/wordpress-develop/build/wp-includes/class-wp-image-editor-gd.php:416
/var/www/html/test/wordpress_test/inpsyde_test/test/wp-content/plugins/plugintestslughere/tests/wordpress-develop/build/wp-admin/includes/image-edit.php:352
/var/www/html/test/wordpress_test/inpsyde_test/test/wp-content/plugins/plugintestslughere/tests/unit/tests/image/functions.php:189
</error>
        </testcase>
        <testcase name="test_mime_overrides_filename" class="Tests_Image_Functions" classname="Tests_Image_Functions" file="/var/www/html/test/wordpress_test/inpsyde_test/test/wp-content/plugins/plugintestslughere/tests/unit/tests/image/functions.php" line="210" assertions="0" time="0.030789">
          <error type="PHPUnit\Framework\Error\Warning">Tests_Image_Functions::test_mime_overrides_filename
imagegif() expects parameter 1 to be resource, bool given

/var/www/html/test/wordpress_test/inpsyde_test/test/wp-content/plugins/plugintestslughere/tests/wordpress-develop/build/wp-includes/class-wp-image-editor.php:489
/var/www/html/test/wordpress_test/inpsyde_test/test/wp-content/plugins/plugintestslughere/tests/wordpress-develop/build/wp-includes/class-wp-image-editor-gd.php:520
/var/www/html/test/wordpress_test/inpsyde_test/test/wp-content/plugins/plugintestslughere/tests/wordpress-develop/build/wp-includes/class-wp-image-editor-gd.php:440
/var/www/html/test/wordpress_test/inpsyde_test/test/wp-content/plugins/plugintestslughere/tests/wordpress-develop/build/wp-includes/class-wp-image-editor-gd.php:416
/var/www/html/test/wordpress_test/inpsyde_test/test/wp-content/plugins/plugintestslughere/tests/unit/tests/image/functions.php:232
</error>
        </testcase>
        <testcase name="test_inferred_mime_types" class="Tests_Image_Functions" classname="Tests_Image_Functions" file="/var/www/html/test/wordpress_test/inpsyde_test/test/wp-content/plugins/plugintestslughere/tests/unit/tests/image/functions.php" line="252" assertions="1" time="0.029243">
          <failure type="PHPUnit\Framework\ExpectationFailedException">Tests_Image_Functions::test_inferred_mime_types
No editor could be selected.
Failed asserting that WP_Error Object (...) is not an instance of class "WP_Error".

/var/www/html/test/wordpress_test/inpsyde_test/test/wp-content/plugins/plugintestslughere/tests/unit/includes/abstract-testcase.php:608
/var/www/html/test/wordpress_test/inpsyde_test/test/wp-content/plugins/plugintestslughere/tests/unit/tests/image/functions.php:283
</failure>
        </testcase>
        <testcase name="test_load_directory" class="Tests_Image_Functions" classname="Tests_Image_Functions" file="/var/www/html/test/wordpress_test/inpsyde_test/test/wp-content/plugins/plugintestslughere/tests/unit/tests/image/functions.php" line="310" assertions="5" time="0.027313"/>
        <testcase name="test_wp_crop_image_file" class="Tests_Image_Functions" classname="Tests_Image_Functions" file="/var/www/html/test/wordpress_test/inpsyde_test/test/wp-content/plugins/plugintestslughere/tests/unit/tests/image/functions.php" line="345" assertions="0" time="0.000259">
          <skipped/>
        </testcase>
        <testcase name="test_wp_crop_image_url" class="Tests_Image_Functions" classname="Tests_Image_Functions" file="/var/www/html/test/wordpress_test/inpsyde_test/test/wp-content/plugins/plugintestslughere/tests/unit/tests/image/functions.php" line="369" assertions="0" time="0.000208">
          <skipped/>
        </testcase>
        <testcase name="test_wp_crop_image_file_not_exist" class="Tests_Image_Functions" classname="Tests_Image_Functions" file="/var/www/html/test/wordpress_test/inpsyde_test/test/wp-content/plugins/plugintestslughere/tests/unit/tests/image/functions.php" line="396" assertions="1" time="0.028621"/>
        <testcase name="test_wp_crop_image_url_not_exist" class="Tests_Image_Functions" classname="Tests_Image_Functions" file="/var/www/html/test/wordpress_test/inpsyde_test/test/wp-content/plugins/plugintestslughere/tests/unit/tests/image/functions.php" line="412" assertions="1" time="0.028549"/>
        <testcase name="test_wp_crop_image_error_on_saving" class="Tests_Image_Functions" classname="Tests_Image_Functions" file="/var/www/html/test/wordpress_test/inpsyde_test/test/wp-content/plugins/plugintestslughere/tests/unit/tests/image/functions.php" line="432" assertions="1" time="0.028071"/>
        <testcase name="test_wp_generate_attachment_metadata_pdf" class="Tests_Image_Functions" classname="Tests_Image_Functions" file="/var/www/html/test/wordpress_test/inpsyde_test/test/wp-content/plugins/plugintestslughere/tests/unit/tests/image/functions.php" line="454" assertions="0" time="0.032446">
          <skipped/>
        </testcase>
        <testcase name="test_crop_setting_for_pdf" class="Tests_Image_Functions" classname="Tests_Image_Functions" file="/var/www/html/test/wordpress_test/inpsyde_test/test/wp-content/plugins/plugintestslughere/tests/unit/tests/image/functions.php" line="522" assertions="0" time="0.028454">
          <skipped/>
        </testcase>
        <testcase name="test_fallback_intermediate_image_sizes" class="Tests_Image_Functions" classname="Tests_Image_Functions" file="/var/www/html/test/wordpress_test/inpsyde_test/test/wp-content/plugins/plugintestslughere/tests/unit/tests/image/functions.php" line="589" assertions="0" time="0.023278">
          <skipped/>
        </testcase>
        <testcase name="test_pdf_preview_doesnt_overwrite_existing_jpeg" class="Tests_Image_Functions" classname="Tests_Image_Functions" file="/var/www/html/test/wordpress_test/inpsyde_test/test/wp-content/plugins/plugintestslughere/tests/unit/tests/image/functions.php" line="649" assertions="0" time="0.032179">
          <skipped/>
        </testcase>
      </testsuite>
      <testsuite name="Tests_Image_Header" file="/var/www/html/test/wordpress_test/inpsyde_test/test/wp-content/plugins/plugintestslughere/tests/unit/tests/image/header.php" tests="8" assertions="18" errors="0" failures="0" skipped="0" time="0.540700">
        <testcase name="test_header_image_has_correct_dimensions_with_max_width" class="Tests_Image_Header" classname="Tests_Image_Header" file="/var/www/html/test/wordpress_test/inpsyde_test/test/wp-content/plugins/plugintestslughere/tests/unit/tests/image/header.php" line="16" assertions="2" time="0.033332"/>
        <testcase name="test_header_image_has_correct_dimensions_with_fixed" class="Tests_Image_Header" classname="Tests_Image_Header" file="/var/www/html/test/wordpress_test/inpsyde_test/test/wp-content/plugins/plugintestslughere/tests/unit/tests/image/header.php" line="36" assertions="2" time="0.038476"/>
        <testcase name="test_header_image_has_correct_dimensions_with_flex_height" class="Tests_Image_Header" classname="Tests_Image_Header" file="/var/www/html/test/wordpress_test/inpsyde_test/test/wp-content/plugins/plugintestslughere/tests/unit/tests/image/header.php" line="56" assertions="2" time="0.035240"/>
        <testcase name="test_header_image_has_correct_dimensions_with_flex_width" class="Tests_Image_Header" classname="Tests_Image_Header" file="/var/www/html/test/wordpress_test/inpsyde_test/test/wp-content/plugins/plugintestslughere/tests/unit/tests/image/header.php" line="76" assertions="2" time="0.024876"/>
        <testcase name="test_header_image_has_correct_dimensions_with_flex_width_and_height" class="Tests_Image_Header" classname="Tests_Image_Header" file="/var/www/html/test/wordpress_test/inpsyde_test/test/wp-content/plugins/plugintestslughere/tests/unit/tests/image/header.php" line="96" assertions="2" time="0.031452"/>
        <testcase name="test_create_attachment_object" class="Tests_Image_Header" classname="Tests_Image_Header" file="/var/www/html/test/wordpress_test/inpsyde_test/test/wp-content/plugins/plugintestslughere/tests/unit/tests/image/header.php" line="116" assertions="4" time="0.091428"/>
        <testcase name="test_insert_cropped_attachment" class="Tests_Image_Header" classname="Tests_Image_Header" file="/var/www/html/test/wordpress_test/inpsyde_test/test/wp-content/plugins/plugintestslughere/tests/unit/tests/image/header.php" line="135" assertions="2" time="0.164623"/>
        <testcase name="test_check_get_previous_crop" class="Tests_Image_Header" classname="Tests_Image_Header" file="/var/www/html/test/wordpress_test/inpsyde_test/test/wp-content/plugins/plugintestslughere/tests/unit/tests/image/header.php" line="157" assertions="2" time="0.121273"/>
      </testsuite>
      <testsuite name="Tests_Image_Intermediate_Size" file="/var/www/html/test/wordpress_test/inpsyde_test/test/wp-content/plugins/plugintestslughere/tests/unit/tests/image/intermediateSize.php" tests="13" assertions="2" errors="0" failures="0" skipped="11" time="0.135249">
        <testcase name="test_make_intermediate_size_no_size" class="Tests_Image_Intermediate_Size" classname="Tests_Image_Intermediate_Size" file="/var/www/html/test/wordpress_test/inpsyde_test/test/wp-content/plugins/plugintestslughere/tests/unit/tests/image/intermediateSize.php" line="25" assertions="1" time="0.026116"/>
        <testcase name="test_make_intermediate_size_width" class="Tests_Image_Intermediate_Size" classname="Tests_Image_Intermediate_Size" file="/var/www/html/test/wordpress_test/inpsyde_test/test/wp-content/plugins/plugintestslughere/tests/unit/tests/image/intermediateSize.php" line="34" assertions="0" time="0.000378">
          <skipped/>
        </testcase>
        <testcase name="test_make_intermediate_size_height" class="Tests_Image_Intermediate_Size" classname="Tests_Image_Intermediate_Size" file="/var/www/html/test/wordpress_test/inpsyde_test/test/wp-content/plugins/plugintestslughere/tests/unit/tests/image/intermediateSize.php" line="43" assertions="0" time="0.000394">
          <skipped/>
        </testcase>
        <testcase name="test_make_intermediate_size_successful" class="Tests_Image_Intermediate_Size" classname="Tests_Image_Intermediate_Size" file="/var/www/html/test/wordpress_test/inpsyde_test/test/wp-content/plugins/plugintestslughere/tests/unit/tests/image/intermediateSize.php" line="52" assertions="0" time="0.000314">
          <skipped/>
        </testcase>
        <testcase name="test_get_intermediate_sizes_by_name" class="Tests_Image_Intermediate_Size" classname="Tests_Image_Intermediate_Size" file="/var/www/html/test/wordpress_test/inpsyde_test/test/wp-content/plugins/plugintestslughere/tests/unit/tests/image/intermediateSize.php" line="69" assertions="0" time="0.000213">
          <skipped/>
        </testcase>
        <testcase name="test_get_intermediate_sizes_by_array_exact" class="Tests_Image_Intermediate_Size" classname="Tests_Image_Intermediate_Size" file="/var/www/html/test/wordpress_test/inpsyde_test/test/wp-content/plugins/plugintestslughere/tests/unit/tests/image/intermediateSize.php" line="90" assertions="0" time="0.000200">
          <skipped/>
        </testcase>
        <testcase name="test_get_intermediate_sizes_by_array_nearest" class="Tests_Image_Intermediate_Size" classname="Tests_Image_Intermediate_Size" file="/var/www/html/test/wordpress_test/inpsyde_test/test/wp-content/plugins/plugintestslughere/tests/unit/tests/image/intermediateSize.php" line="112" assertions="0" time="0.000193">
          <skipped/>
        </testcase>
        <testcase name="test_get_intermediate_sizes_by_array_nearest_false" class="Tests_Image_Intermediate_Size" classname="Tests_Image_Intermediate_Size" file="/var/www/html/test/wordpress_test/inpsyde_test/test/wp-content/plugins/plugintestslughere/tests/unit/tests/image/intermediateSize.php" line="134" assertions="1" time="0.106176"/>
        <testcase name="test_get_intermediate_sizes_by_array_zero_height" class="Tests_Image_Intermediate_Size" classname="Tests_Image_Intermediate_Size" file="/var/www/html/test/wordpress_test/inpsyde_test/test/wp-content/plugins/plugintestslughere/tests/unit/tests/image/intermediateSize.php" line="156" assertions="0" time="0.000245">
          <skipped/>
        </testcase>
        <testcase name="test_get_intermediate_sizes_by_array_zero_width" class="Tests_Image_Intermediate_Size" classname="Tests_Image_Intermediate_Size" file="/var/www/html/test/wordpress_test/inpsyde_test/test/wp-content/plugins/plugintestslughere/tests/unit/tests/image/intermediateSize.php" line="185" assertions="0" time="0.000201">
          <skipped/>
        </testcase>
        <testcase name="test_get_intermediate_sizes_should_match_size_with_off_by_one_aspect_ratio" class="Tests_Image_Intermediate_Size" classname="Tests_Image_Intermediate_Size" file="/var/www/html/test/wordpress_test/inpsyde_test/test/wp-content/plugins/plugintestslughere/tests/unit/tests/image/intermediateSize.php" line="214" assertions="0" time="0.000275">
          <skipped/>
        </testcase>
        <testcase name="test_get_intermediate_size_with_small_size_array" class="Tests_Image_Intermediate_Size" classname="Tests_Image_Intermediate_Size" file="/var/www/html/test/wordpress_test/inpsyde_test/test/wp-content/plugins/plugintestslughere/tests/unit/tests/image/intermediateSize.php" line="238" assertions="0" time="0.000203">
          <skipped/>
        </testcase>
        <testcase name="test_get_intermediate_size_with_small_size_array_fallback" class="Tests_Image_Intermediate_Size" classname="Tests_Image_Intermediate_Size" file="/var/www/html/test/wordpress_test/inpsyde_test/test/wp-content/plugins/plugintestslughere/tests/unit/tests/image/intermediateSize.php" line="256" assertions="0" time="0.000341">
          <skipped/>
        </testcase>
      </testsuite>
      <testsuite name="Tests_Image_Meta" file="/var/www/html/test/wordpress_test/inpsyde_test/test/wp-content/plugins/plugintestslughere/tests/unit/tests/image/meta.php" tests="9" assertions="74" errors="0" failures="0" skipped="0" time="0.363159">
        <testcase name="test_exif_d70" class="Tests_Image_Meta" classname="Tests_Image_Meta" file="/var/www/html/test/wordpress_test/inpsyde_test/test/wp-content/plugins/plugintestslughere/tests/unit/tests/image/meta.php" line="12" assertions="10" time="0.032940"/>
        <testcase name="test_exif_d70_mf" class="Tests_Image_Meta" classname="Tests_Image_Meta" file="/var/www/html/test/wordpress_test/inpsyde_test/test/wp-content/plugins/plugintestslughere/tests/unit/tests/image/meta.php" line="28" assertions="10" time="0.038385"/>
        <testcase name="test_exif_d70_iptc" class="Tests_Image_Meta" classname="Tests_Image_Meta" file="/var/www/html/test/wordpress_test/inpsyde_test/test/wp-content/plugins/plugintestslughere/tests/unit/tests/image/meta.php" line="45" assertions="10" time="0.033645"/>
        <testcase name="test_exif_fuji" class="Tests_Image_Meta" classname="Tests_Image_Meta" file="/var/www/html/test/wordpress_test/inpsyde_test/test/wp-content/plugins/plugintestslughere/tests/unit/tests/image/meta.php" line="61" assertions="10" time="0.053406"/>
        <testcase name="test_exif_error" class="Tests_Image_Meta" classname="Tests_Image_Meta" file="/var/www/html/test/wordpress_test/inpsyde_test/test/wp-content/plugins/plugintestslughere/tests/unit/tests/image/meta.php" line="81" assertions="10" time="0.032367"/>
        <testcase name="test_exif_no_data" class="Tests_Image_Meta" classname="Tests_Image_Meta" file="/var/www/html/test/wordpress_test/inpsyde_test/test/wp-content/plugins/plugintestslughere/tests/unit/tests/image/meta.php" line="98" assertions="10" time="0.032188"/>
        <testcase name="test_utf8_iptc_tags" class="Tests_Image_Meta" classname="Tests_Image_Meta" file="/var/www/html/test/wordpress_test/inpsyde_test/test/wp-content/plugins/plugintestslughere/tests/unit/tests/image/meta.php" line="117" assertions="1" time="0.041691"/>
        <testcase name="test_missing_image_file" class="Tests_Image_Meta" classname="Tests_Image_Meta" file="/var/www/html/test/wordpress_test/inpsyde_test/test/wp-content/plugins/plugintestslughere/tests/unit/tests/image/meta.php" line="127" assertions="1" time="0.032132"/>
        <testcase name="test_exif_keywords" class="Tests_Image_Meta" classname="Tests_Image_Meta" file="/var/www/html/test/wordpress_test/inpsyde_test/test/wp-content/plugins/plugintestslughere/tests/unit/tests/image/meta.php" line="136" assertions="12" time="0.066405"/>
      </testsuite>
      <testsuite name="Test_Image_Resize_GD" file="/var/www/html/test/wordpress_test/inpsyde_test/test/wp-content/plugins/plugintestslughere/tests/unit/tests/image/resizeGd.php" tests="12" assertions="14" errors="7" failures="2" skipped="0" time="0.411388">
        <testcase name="test_resize_bad_image" class="Test_Image_Resize_GD" classname="Test_Image_Resize_GD" file="/var/www/html/test/wordpress_test/inpsyde_test/test/wp-content/plugins/plugintestslughere/tests/unit/tests/image/resizeGd.php" line="32" assertions="2" time="0.042564"/>
        <testcase name="test_resize_jpg" class="Test_Image_Resize_GD" classname="Test_Image_Resize_GD" file="/var/www/html/test/wordpress_test/inpsyde_test/test/wp-content/plugins/plugintestslughere/tests/unit/tests/image/resizeGd.php" line="29" assertions="0" time="0.037296">
          <error type="PHPUnit\Framework\Error\Warning">Test_Image_Resize_GD::test_resize_jpg
urlencode() expects parameter 1 to be string, object given

/var/www/html/test/wordpress_test/inpsyde_test/test/wp-content/plugins/plugintestslughere/tests/wordpress-develop/build/wp-includes/formatting.php:5424
/var/www/html/test/wordpress_test/inpsyde_test/test/wp-content/plugins/plugintestslughere/tests/unit/tests/image/resize.php:32
</error>
        </testcase>
        <testcase name="test_resize_png" class="Test_Image_Resize_GD" classname="Test_Image_Resize_GD" file="/var/www/html/test/wordpress_test/inpsyde_test/test/wp-content/plugins/plugintestslughere/tests/unit/tests/image/resizeGd.php" line="41" assertions="4" time="0.062030"/>
        <testcase name="test_resize_gif" class="Test_Image_Resize_GD" classname="Test_Image_Resize_GD" file="/var/www/html/test/wordpress_test/inpsyde_test/test/wp-content/plugins/plugintestslughere/tests/unit/tests/image/resizeGd.php" line="57" assertions="4" time="0.034667"/>
        <testcase name="test_resize_larger" class="Test_Image_Resize_GD" classname="Test_Image_Resize_GD" file="/var/www/html/test/wordpress_test/inpsyde_test/test/wp-content/plugins/plugintestslughere/tests/unit/tests/image/resizeGd.php" line="73" assertions="2" time="0.030884">
          <failure type="PHPUnit\Framework\ExpectationFailedException">Test_Image_Resize_GD::test_resize_larger
Failed asserting that two strings are identical.
--- Expected
+++ Actual
@@ @@
-'error_getting_dimensions'
+'image_no_editor'

/var/www/html/test/wordpress_test/inpsyde_test/test/wp-content/plugins/plugintestslughere/tests/unit/tests/image/resize.php:78
</failure>
        </testcase>
        <testcase name="test_resize_thumb_128x96" class="Test_Image_Resize_GD" classname="Test_Image_Resize_GD" file="/var/www/html/test/wordpress_test/inpsyde_test/test/wp-content/plugins/plugintestslughere/tests/unit/tests/image/resizeGd.php" line="81" assertions="0" time="0.030716">
          <error type="PHPUnit\Framework\Error\Warning">Test_Image_Resize_GD::test_resize_thumb_128x96
urlencode() expects parameter 1 to be string, object given

/var/www/html/test/wordpress_test/inpsyde_test/test/wp-content/plugins/plugintestslughere/tests/wordpress-develop/build/wp-includes/formatting.php:5424
/var/www/html/test/wordpress_test/inpsyde_test/test/wp-content/plugins/plugintestslughere/tests/unit/tests/image/resize.php:84
</error>
        </testcase>
        <testcase name="test_resize_thumb_128x0" class="Test_Image_Resize_GD" classname="Test_Image_Resize_GD" file="/var/www/html/test/wordpress_test/inpsyde_test/test/wp-content/plugins/plugintestslughere/tests/unit/tests/image/resizeGd.php" line="93" assertions="0" time="0.031353">
          <error type="PHPUnit\Framework\Error\Warning">Test_Image_Resize_GD::test_resize_thumb_128x0
urlencode() expects parameter 1 to be string, object given

/var/www/html/test/wordpress_test/inpsyde_test/test/wp-content/plugins/plugintestslughere/tests/wordpress-develop/build/wp-includes/formatting.php:5424
/var/www/html/test/wordpress_test/inpsyde_test/test/wp-content/plugins/plugintestslughere/tests/unit/tests/image/resize.php:96
</error>
        </testcase>
        <testcase name="test_resize_thumb_0x96" class="Test_Image_Resize_GD" classname="Test_Image_Resize_GD" file="/var/www/html/test/wordpress_test/inpsyde_test/test/wp-content/plugins/plugintestslughere/tests/unit/tests/image/resizeGd.php" line="105" assertions="0" time="0.027187">
          <error type="PHPUnit\Framework\Error\Warning">Test_Image_Resize_GD::test_resize_thumb_0x96
urlencode() expects parameter 1 to be string, object given

/var/www/html/test/wordpress_test/inpsyde_test/test/wp-content/plugins/plugintestslughere/tests/wordpress-develop/build/wp-includes/formatting.php:5424
/var/www/html/test/wordpress_test/inpsyde_test/test/wp-content/plugins/plugintestslughere/tests/unit/tests/image/resize.php:108
</error>
        </testcase>
        <testcase name="test_resize_thumb_150x150_crop" class="Test_Image_Resize_GD" classname="Test_Image_Resize_GD" file="/var/www/html/test/wordpress_test/inpsyde_test/test/wp-content/plugins/plugintestslughere/tests/unit/tests/image/resizeGd.php" line="117" assertions="0" time="0.029010">
          <error type="PHPUnit\Framework\Error\Warning">Test_Image_Resize_GD::test_resize_thumb_150x150_crop
urlencode() expects parameter 1 to be string, object given

/var/www/html/test/wordpress_test/inpsyde_test/test/wp-content/plugins/plugintestslughere/tests/wordpress-develop/build/wp-includes/formatting.php:5424
/var/www/html/test/wordpress_test/inpsyde_test/test/wp-content/plugins/plugintestslughere/tests/unit/tests/image/resize.php:120
</error>
        </testcase>
        <testcase name="test_resize_thumb_150x100_crop" class="Test_Image_Resize_GD" classname="Test_Image_Resize_GD" file="/var/www/html/test/wordpress_test/inpsyde_test/test/wp-content/plugins/plugintestslughere/tests/unit/tests/image/resizeGd.php" line="129" assertions="0" time="0.025926">
          <error type="PHPUnit\Framework\Error\Warning">Test_Image_Resize_GD::test_resize_thumb_150x100_crop
urlencode() expects parameter 1 to be string, object given

/var/www/html/test/wordpress_test/inpsyde_test/test/wp-content/plugins/plugintestslughere/tests/wordpress-develop/build/wp-includes/formatting.php:5424
/var/www/html/test/wordpress_test/inpsyde_test/test/wp-content/plugins/plugintestslughere/tests/unit/tests/image/resize.php:132
</error>
        </testcase>
        <testcase name="test_resize_thumb_50x150_crop" class="Test_Image_Resize_GD" classname="Test_Image_Resize_GD" file="/var/www/html/test/wordpress_test/inpsyde_test/test/wp-content/plugins/plugintestslughere/tests/unit/tests/image/resizeGd.php" line="141" assertions="0" time="0.031213">
          <error type="PHPUnit\Framework\Error\Warning">Test_Image_Resize_GD::test_resize_thumb_50x150_crop
urlencode() expects parameter 1 to be string, object given

/var/www/html/test/wordpress_test/inpsyde_test/test/wp-content/plugins/plugintestslughere/tests/wordpress-develop/build/wp-includes/formatting.php:5424
/var/www/html/test/wordpress_test/inpsyde_test/test/wp-content/plugins/plugintestslughere/tests/unit/tests/image/resize.php:144
</error>
        </testcase>
        <testcase name="test_resize_non_existent_image" class="Test_Image_Resize_GD" classname="Test_Image_Resize_GD" file="/var/www/html/test/wordpress_test/inpsyde_test/test/wp-content/plugins/plugintestslughere/tests/unit/tests/image/resizeGd.php" line="158" assertions="2" time="0.028542">
          <failure type="PHPUnit\Framework\ExpectationFailedException">Test_Image_Resize_GD::test_resize_non_existent_image
Failed asserting that two strings are identical.
--- Expected
+++ Actual
@@ @@
-'error_loading_image'
+'image_no_editor'

/var/www/html/test/wordpress_test/inpsyde_test/test/wp-content/plugins/plugintestslughere/tests/unit/tests/image/resize.php:162
</failure>
        </testcase>
      </testsuite>
      <testsuite name="Test_Image_Resize_Imagick" file="/var/www/html/test/wordpress_test/inpsyde_test/test/wp-content/plugins/plugintestslughere/tests/unit/tests/image/resizeImagick.php" tests="11" assertions="0" errors="0" failures="0" skipped="11" time="0.317040">
        <testcase name="test_resize_jpg" class="Test_Image_Resize_Imagick" classname="Test_Image_Resize_Imagick" file="/var/www/html/test/wordpress_test/inpsyde_test/test/wp-content/plugins/plugintestslughere/tests/unit/tests/image/resizeImagick.php" line="29" assertions="0" time="0.027931">
          <skipped/>
        </testcase>
        <testcase name="test_resize_png" class="Test_Image_Resize_Imagick" classname="Test_Image_Resize_Imagick" file="/var/www/html/test/wordpress_test/inpsyde_test/test/wp-content/plugins/plugintestslughere/tests/unit/tests/image/resizeImagick.php" line="41" assertions="0" time="0.031754">
          <skipped/>
        </testcase>
        <testcase name="test_resize_gif" class="Test_Image_Resize_Imagick" classname="Test_Image_Resize_Imagick" file="/var/www/html/test/wordpress_test/inpsyde_test/test/wp-content/plugins/plugintestslughere/tests/unit/tests/image/resizeImagick.php" line="57" assertions="0" time="0.028727">
          <skipped/>
        </testcase>
        <testcase name="test_resize_larger" class="Test_Image_Resize_Imagick" classname="Test_Image_Resize_Imagick" file="/var/www/html/test/wordpress_test/inpsyde_test/test/wp-content/plugins/plugintestslughere/tests/unit/tests/image/resizeImagick.php" line="73" assertions="0" time="0.030878">
          <skipped/>
        </testcase>
        <testcase name="test_resize_thumb_128x96" class="Test_Image_Resize_Imagick" classname="Test_Image_Resize_Imagick" file="/var/www/html/test/wordpress_test/inpsyde_test/test/wp-content/plugins/plugintestslughere/tests/unit/tests/image/resizeImagick.php" line="81" assertions="0" time="0.029768">
          <skipped/>
        </testcase>
        <testcase name="test_resize_thumb_128x0" class="Test_Image_Resize_Imagick" classname="Test_Image_Resize_Imagick" file="/var/www/html/test/wordpress_test/inpsyde_test/test/wp-content/plugins/plugintestslughere/tests/unit/tests/image/resizeImagick.php" line="93" assertions="0" time="0.032045">
          <skipped/>
        </testcase>
        <testcase name="test_resize_thumb_0x96" class="Test_Image_Resize_Imagick" classname="Test_Image_Resize_Imagick" file="/var/www/html/test/wordpress_test/inpsyde_test/test/wp-content/plugins/plugintestslughere/tests/unit/tests/image/resizeImagick.php" line="105" assertions="0" time="0.026330">
          <skipped/>
        </testcase>
        <testcase name="test_resize_thumb_150x150_crop" class="Test_Image_Resize_Imagick" classname="Test_Image_Resize_Imagick" file="/var/www/html/test/wordpress_test/inpsyde_test/test/wp-content/plugins/plugintestslughere/tests/unit/tests/image/resizeImagick.php" line="117" assertions="0" time="0.025664">
          <skipped/>
        </testcase>
        <testcase name="test_resize_thumb_150x100_crop" class="Test_Image_Resize_Imagick" classname="Test_Image_Resize_Imagick" file="/var/www/html/test/wordpress_test/inpsyde_test/test/wp-content/plugins/plugintestslughere/tests/unit/tests/image/resizeImagick.php" line="129" assertions="0" time="0.029680">
          <skipped/>
        </testcase>
        <testcase name="test_resize_thumb_50x150_crop" class="Test_Image_Resize_Imagick" classname="Test_Image_Resize_Imagick" file="/var/www/html/test/wordpress_test/inpsyde_test/test/wp-content/plugins/plugintestslughere/tests/unit/tests/image/resizeImagick.php" line="141" assertions="0" time="0.026914">
          <skipped/>
        </testcase>
        <testcase name="test_resize_non_existent_image" class="Test_Image_Resize_Imagick" classname="Test_Image_Resize_Imagick" file="/var/www/html/test/wordpress_test/inpsyde_test/test/wp-content/plugins/plugintestslughere/tests/unit/tests/image/resizeImagick.php" line="158" assertions="0" time="0.027349">
          <skipped/>
        </testcase>
      </testsuite>
      <testsuite name="Tests_WP_Site_Icon" file="/var/www/html/test/wordpress_test/inpsyde_test/test/wp-content/plugins/plugintestslughere/tests/unit/tests/image/siteIcon.php" tests="8" assertions="16" errors="0" failures="0" skipped="0" time="3.342073">
        <testcase name="test_intermediate_image_sizes" class="Tests_WP_Site_Icon" classname="Tests_WP_Site_Icon" file="/var/www/html/test/wordpress_test/inpsyde_test/test/wp-content/plugins/plugintestslughere/tests/unit/tests/image/siteIcon.php" line="31" assertions="1" time="0.033065"/>
        <testcase name="test_intermediate_image_sizes_with_filter" class="Tests_WP_Site_Icon" classname="Tests_WP_Site_Icon" file="/var/www/html/test/wordpress_test/inpsyde_test/test/wp-content/plugins/plugintestslughere/tests/unit/tests/image/siteIcon.php" line="42" assertions="2" time="0.035544"/>
        <testcase name="test_additional_sizes" class="Tests_WP_Site_Icon" classname="Tests_WP_Site_Icon" file="/var/www/html/test/wordpress_test/inpsyde_test/test/wp-content/plugins/plugintestslughere/tests/unit/tests/image/siteIcon.php" line="63" assertions="1" time="0.037343"/>
        <testcase name="test_additional_sizes_with_filter" class="Tests_WP_Site_Icon" classname="Tests_WP_Site_Icon" file="/var/www/html/test/wordpress_test/inpsyde_test/test/wp-content/plugins/plugintestslughere/tests/unit/tests/image/siteIcon.php" line="78" assertions="2" time="0.036814"/>
        <testcase name="test_create_attachment_object" class="Tests_WP_Site_Icon" classname="Tests_WP_Site_Icon" file="/var/www/html/test/wordpress_test/inpsyde_test/test/wp-content/plugins/plugintestslughere/tests/unit/tests/image/siteIcon.php" line="101" assertions="5" time="0.820308"/>
        <testcase name="test_insert_cropped_attachment" class="Tests_WP_Site_Icon" classname="Tests_WP_Site_Icon" file="/var/www/html/test/wordpress_test/inpsyde_test/test/wp-content/plugins/plugintestslughere/tests/unit/tests/image/siteIcon.php" line="115" assertions="2" time="2.128247"/>
        <testcase name="test_delete_attachment_data" class="Tests_WP_Site_Icon" classname="Tests_WP_Site_Icon" file="/var/www/html/test/wordpress_test/inpsyde_test/test/wp-content/plugins/plugintestslughere/tests/unit/tests/image/siteIcon.php" line="127" assertions="1" time="0.130044"/>
        <testcase name="test_get_post_metadata" class="Tests_WP_Site_Icon" classname="Tests_WP_Site_Icon" file="/var/www/html/test/wordpress_test/inpsyde_test/test/wp-content/plugins/plugintestslughere/tests/unit/tests/image/siteIcon.php" line="139" assertions="2" time="0.120708"/>
      </testsuite>
      <testsuite name="Tests_Image_Size" file="/var/www/html/test/wordpress_test/inpsyde_test/test/wp-content/plugins/plugintestslughere/tests/unit/tests/image/size.php" tests="13" assertions="47" errors="0" failures="0" skipped="0" time="0.427490">
        <testcase name="test_constrain_dims_zero" class="Tests_Image_Size" classname="Tests_Image_Size" file="/var/www/html/test/wordpress_test/inpsyde_test/test/wp-content/plugins/plugintestslughere/tests/unit/tests/image/size.php" line="10" assertions="4" time="0.022808"/>
        <testcase name="test_constrain_dims_smaller" class="Tests_Image_Size" classname="Tests_Image_Size" file="/var/www/html/test/wordpress_test/inpsyde_test/test/wp-content/plugins/plugintestslughere/tests/unit/tests/image/size.php" line="25" assertions="3" time="0.031267"/>
        <testcase name="test_constrain_dims_equal" class="Tests_Image_Size" classname="Tests_Image_Size" file="/var/www/html/test/wordpress_test/inpsyde_test/test/wp-content/plugins/plugintestslughere/tests/unit/tests/image/size.php" line="37" assertions="3" time="0.029057"/>
        <testcase name="test_constrain_dims_larger" class="Tests_Image_Size" classname="Tests_Image_Size" file="/var/www/html/test/wordpress_test/inpsyde_test/test/wp-content/plugins/plugintestslughere/tests/unit/tests/image/size.php" line="49" assertions="6" time="0.028826"/>
        <testcase name="test_constrain_dims_boundary" class="Tests_Image_Size" classname="Tests_Image_Size" file="/var/www/html/test/wordpress_test/inpsyde_test/test/wp-content/plugins/plugintestslughere/tests/unit/tests/image/size.php" line="71" assertions="4" time="0.026385"/>
        <testcase name="test_shrink_dimensions_default" class="Tests_Image_Size" classname="Tests_Image_Size" file="/var/www/html/test/wordpress_test/inpsyde_test/test/wp-content/plugins/plugintestslughere/tests/unit/tests/image/size.php" line="90" assertions="3" time="0.031429"/>
        <testcase name="test_shrink_dimensions_smaller" class="Tests_Image_Size" classname="Tests_Image_Size" file="/var/www/html/test/wordpress_test/inpsyde_test/test/wp-content/plugins/plugintestslughere/tests/unit/tests/image/size.php" line="101" assertions="3" time="0.032368"/>
        <testcase name="test_shrink_dimensions_equal" class="Tests_Image_Size" classname="Tests_Image_Size" file="/var/www/html/test/wordpress_test/inpsyde_test/test/wp-content/plugins/plugintestslughere/tests/unit/tests/image/size.php" line="113" assertions="3" time="0.028531"/>
        <testcase name="test_shrink_dimensions_larger" class="Tests_Image_Size" classname="Tests_Image_Size" file="/var/www/html/test/wordpress_test/inpsyde_test/test/wp-content/plugins/plugintestslughere/tests/unit/tests/image/size.php" line="125" assertions="3" time="0.027527"/>
        <testcase name="test_shrink_dimensions_boundary" class="Tests_Image_Size" classname="Tests_Image_Size" file="/var/www/html/test/wordpress_test/inpsyde_test/test/wp-content/plugins/plugintestslughere/tests/unit/tests/image/size.php" line="137" assertions="5" time="0.034574"/>
        <testcase name="test_constrain_size_for_editor_thumb" class="Tests_Image_Size" classname="Tests_Image_Size" file="/var/www/html/test/wordpress_test/inpsyde_test/test/wp-content/plugins/plugintestslughere/tests/unit/tests/image/size.php" line="153" assertions="2" time="0.025259"/>
        <testcase name="test_constrain_size_for_editor_medium" class="Tests_Image_Size" classname="Tests_Image_Size" file="/var/www/html/test/wordpress_test/inpsyde_test/test/wp-content/plugins/plugintestslughere/tests/unit/tests/image/size.php" line="161" assertions="4" time="0.079658"/>
        <testcase name="test_constrain_size_for_editor_full" class="Tests_Image_Size" classname="Tests_Image_Size" file="/var/www/html/test/wordpress_test/inpsyde_test/test/wp-content/plugins/plugintestslughere/tests/unit/tests/image/size.php" line="188" assertions="4" time="0.029801"/>
      </testsuite>
      <testsuite name="Tests_Import_Import" file="/var/www/html/test/wordpress_test/inpsyde_test/test/wp-content/plugins/plugintestslughere/tests/unit/tests/import/import.php" tests="4" assertions="4" errors="0" failures="4" skipped="0" time="0.114434">
        <testcase name="test_small_import" class="Tests_Import_Import" classname="Tests_Import_Import" file="/var/www/html/test/wordpress_test/inpsyde_test/test/wp-content/plugins/plugintestslughere/tests/unit/tests/import/import.php" line="42" assertions="1" time="0.025227">
          <failure type="PHPUnit\Framework\AssertionFailedError">Tests_Import_Import::test_small_import
This test requires the WordPress Importer plugin to be installed in the test suite. See: https://make.wordpress.org/core/handbook/contribute/git/#unit-tests

/var/www/html/test/wordpress_test/inpsyde_test/test/wp-content/plugins/plugintestslughere/tests/unit/tests/import/import.php:23
</failure>
        </testcase>
        <testcase name="test_double_import" class="Tests_Import_Import" classname="Tests_Import_Import" file="/var/www/html/test/wordpress_test/inpsyde_test/test/wp-content/plugins/plugintestslughere/tests/unit/tests/import/import.php" line="210" assertions="1" time="0.029781">
          <failure type="PHPUnit\Framework\AssertionFailedError">Tests_Import_Import::test_double_import
This test requires the WordPress Importer plugin to be installed in the test suite. See: https://make.wordpress.org/core/handbook/contribute/git/#unit-tests

/var/www/html/test/wordpress_test/inpsyde_test/test/wp-content/plugins/plugintestslughere/tests/unit/tests/import/import.php:23
</failure>
        </testcase>
        <testcase name="test_ordering_of_importers" class="Tests_Import_Import" classname="Tests_Import_Import" file="/var/www/html/test/wordpress_test/inpsyde_test/test/wp-content/plugins/plugintestslughere/tests/unit/tests/import/import.php" line="251" assertions="1" time="0.030960">
          <failure type="PHPUnit\Framework\AssertionFailedError">Tests_Import_Import::test_ordering_of_importers
This test requires the WordPress Importer plugin to be installed in the test suite. See: https://make.wordpress.org/core/handbook/contribute/git/#unit-tests

/var/www/html/test/wordpress_test/inpsyde_test/test/wp-content/plugins/plugintestslughere/tests/unit/tests/import/import.php:23
</failure>
        </testcase>
        <testcase name="test_slashes_should_not_be_stripped" class="Tests_Import_Import" classname="Tests_Import_Import" file="/var/www/html/test/wordpress_test/inpsyde_test/test/wp-content/plugins/plugintestslughere/tests/unit/tests/import/import.php" line="277" assertions="1" time="0.028466">
          <failure type="PHPUnit\Framework\AssertionFailedError">Tests_Import_Import::test_slashes_should_not_be_stripped
This test requires the WordPress Importer plugin to be installed in the test suite. See: https://make.wordpress.org/core/handbook/contribute/git/#unit-tests

/var/www/html/test/wordpress_test/inpsyde_test/test/wp-content/plugins/plugintestslughere/tests/unit/tests/import/import.php:23
</failure>
        </testcase>
      </testsuite>
      <testsuite name="Tests_Import_Parser" file="/var/www/html/test/wordpress_test/inpsyde_test/test/wp-content/plugins/plugintestslughere/tests/unit/tests/import/parser.php" tests="6" assertions="6" errors="0" failures="6" skipped="0" time="0.207296">
        <testcase name="test_malformed_wxr" class="Tests_Import_Parser" classname="Tests_Import_Parser" file="/var/www/html/test/wordpress_test/inpsyde_test/test/wp-content/plugins/plugintestslughere/tests/unit/tests/import/parser.php" line="27" assertions="1" time="0.030540">
          <failure type="PHPUnit\Framework\AssertionFailedError">Tests_Import_Parser::test_malformed_wxr
This test requires the WordPress Importer plugin to be installed in the test suite. See: https://make.wordpress.org/core/handbook/contribute/git/#unit-tests

/var/www/html/test/wordpress_test/inpsyde_test/test/wp-content/plugins/plugintestslughere/tests/unit/tests/import/parser.php:21
</failure>
        </testcase>
        <testcase name="test_invalid_wxr" class="Tests_Import_Parser" classname="Tests_Import_Parser" file="/var/www/html/test/wordpress_test/inpsyde_test/test/wp-content/plugins/plugintestslughere/tests/unit/tests/import/parser.php" line="39" assertions="1" time="0.029058">
          <failure type="PHPUnit\Framework\AssertionFailedError">Tests_Import_Parser::test_invalid_wxr
This test requires the WordPress Importer plugin to be installed in the test suite. See: https://make.wordpress.org/core/handbook/contribute/git/#unit-tests

/var/www/html/test/wordpress_test/inpsyde_test/test/wp-content/plugins/plugintestslughere/tests/unit/tests/import/parser.php:21
</failure>
        </testcase>
        <testcase name="test_wxr_version_1_1" class="Tests_Import_Parser" classname="Tests_Import_Parser" file="/var/www/html/test/wordpress_test/inpsyde_test/test/wp-content/plugins/plugintestslughere/tests/unit/tests/import/parser.php" line="53" assertions="1" time="0.026194">
          <failure type="PHPUnit\Framework\AssertionFailedError">Tests_Import_Parser::test_wxr_version_1_1
This test requires the WordPress Importer plugin to be installed in the test suite. See: https://make.wordpress.org/core/handbook/contribute/git/#unit-tests

/var/www/html/test/wordpress_test/inpsyde_test/test/wp-content/plugins/plugintestslughere/tests/unit/tests/import/parser.php:21
</failure>
        </testcase>
        <testcase name="test_wxr_version_1_0" class="Tests_Import_Parser" classname="Tests_Import_Parser" file="/var/www/html/test/wordpress_test/inpsyde_test/test/wp-content/plugins/plugintestslughere/tests/unit/tests/import/parser.php" line="146" assertions="1" time="0.028740">
          <failure type="PHPUnit\Framework\AssertionFailedError">Tests_Import_Parser::test_wxr_version_1_0
This test requires the WordPress Importer plugin to be installed in the test suite. See: https://make.wordpress.org/core/handbook/contribute/git/#unit-tests

/var/www/html/test/wordpress_test/inpsyde_test/test/wp-content/plugins/plugintestslughere/tests/unit/tests/import/parser.php:21
</failure>
        </testcase>
        <testcase name="test_escaped_cdata_closing_sequence" class="Tests_Import_Parser" classname="Tests_Import_Parser" file="/var/www/html/test/wordpress_test/inpsyde_test/test/wp-content/plugins/plugintestslughere/tests/unit/tests/import/parser.php" line="240" assertions="1" time="0.040437">
          <failure type="PHPUnit\Framework\AssertionFailedError">Tests_Import_Parser::test_escaped_cdata_closing_sequence
This test requires the WordPress Importer plugin to be installed in the test suite. See: https://make.wordpress.org/core/handbook/contribute/git/#unit-tests

/var/www/html/test/wordpress_test/inpsyde_test/test/wp-content/plugins/plugintestslughere/tests/unit/tests/import/parser.php:21
</failure>
        </testcase>
        <testcase name="test_unescaped_cdata_closing_sequence" class="Tests_Import_Parser" classname="Tests_Import_Parser" file="/var/www/html/test/wordpress_test/inpsyde_test/test/wp-content/plugins/plugintestslughere/tests/unit/tests/import/parser.php" line="273" assertions="1" time="0.052327">
          <failure type="PHPUnit\Framework\AssertionFailedError">Tests_Import_Parser::test_unescaped_cdata_closing_sequence
This test requires the WordPress Importer plugin to be installed in the test suite. See: https://make.wordpress.org/core/handbook/contribute/git/#unit-tests

/var/www/html/test/wordpress_test/inpsyde_test/test/wp-content/plugins/plugintestslughere/tests/unit/tests/import/parser.php:21
</failure>
        </testcase>
      </testsuite>
      <testsuite name="Tests_Import_Postmeta" file="/var/www/html/test/wordpress_test/inpsyde_test/test/wp-content/plugins/plugintestslughere/tests/unit/tests/import/postmeta.php" tests="4" assertions="4" errors="0" failures="4" skipped="0" time="0.162433">
        <testcase name="test_serialized_postmeta_no_cdata" class="Tests_Import_Postmeta" classname="Tests_Import_Postmeta" file="/var/www/html/test/wordpress_test/inpsyde_test/test/wp-content/plugins/plugintestslughere/tests/unit/tests/import/postmeta.php" line="27" assertions="1" time="0.037040">
          <failure type="PHPUnit\Framework\AssertionFailedError">Tests_Import_Postmeta::test_serialized_postmeta_no_cdata
This test requires the WordPress Importer plugin to be installed in the test suite. See: https://make.wordpress.org/core/handbook/contribute/git/#unit-tests

/var/www/html/test/wordpress_test/inpsyde_test/test/wp-content/plugins/plugintestslughere/tests/unit/tests/import/postmeta.php:21
</failure>
        </testcase>
        <testcase name="test_utw_postmeta" class="Tests_Import_Postmeta" classname="Tests_Import_Postmeta" file="/var/www/html/test/wordpress_test/inpsyde_test/test/wp-content/plugins/plugintestslughere/tests/unit/tests/import/postmeta.php" line="34" assertions="1" time="0.044249">
          <failure type="PHPUnit\Framework\AssertionFailedError">Tests_Import_Postmeta::test_utw_postmeta
This test requires the WordPress Importer plugin to be installed in the test suite. See: https://make.wordpress.org/core/handbook/contribute/git/#unit-tests

/var/www/html/test/wordpress_test/inpsyde_test/test/wp-content/plugins/plugintestslughere/tests/unit/tests/import/postmeta.php:21
</failure>
        </testcase>
        <testcase name="test_serialized_postmeta_with_cdata" class="Tests_Import_Postmeta" classname="Tests_Import_Postmeta" file="/var/www/html/test/wordpress_test/inpsyde_test/test/wp-content/plugins/plugintestslughere/tests/unit/tests/import/postmeta.php" line="83" assertions="1" time="0.044187">
          <failure type="PHPUnit\Framework\AssertionFailedError">Tests_Import_Postmeta::test_serialized_postmeta_with_cdata
This test requires the WordPress Importer plugin to be installed in the test suite. See: https://make.wordpress.org/core/handbook/contribute/git/#unit-tests

/var/www/html/test/wordpress_test/inpsyde_test/test/wp-content/plugins/plugintestslughere/tests/unit/tests/import/postmeta.php:21
</failure>
        </testcase>
        <testcase name="test_serialized_postmeta_with_evil_stuff_in_cdata" class="Tests_Import_Postmeta" classname="Tests_Import_Postmeta" file="/var/www/html/test/wordpress_test/inpsyde_test/test/wp-content/plugins/plugintestslughere/tests/unit/tests/import/postmeta.php" line="97" assertions="1" time="0.036957">
          <failure type="PHPUnit\Framework\AssertionFailedError">Tests_Import_Postmeta::test_serialized_postmeta_with_evil_stuff_in_cdata
This test requires the WordPress Importer plugin to be installed in the test suite. See: https://make.wordpress.org/core/handbook/contribute/git/#unit-tests

/var/www/html/test/wordpress_test/inpsyde_test/test/wp-content/plugins/plugintestslughere/tests/unit/tests/import/postmeta.php:21
</failure>
        </testcase>
      </testsuite>
      <testsuite name="TestFactoryFor" file="/var/www/html/test/wordpress_test/inpsyde_test/test/wp-content/plugins/plugintestslughere/tests/unit/tests/includes/factory.php" tests="5" assertions="6" errors="0" failures="0" skipped="0" time="0.542395">
        <testcase name="test_create_creates_a_category" class="TestFactoryFor" classname="TestFactoryFor" file="/var/www/html/test/wordpress_test/inpsyde_test/test/wp-content/plugins/plugintestslughere/tests/unit/tests/includes/factory.php" line="9" assertions="1" time="0.110214"/>
        <testcase name="test_get_object_by_id_gets_an_object" class="TestFactoryFor" classname="TestFactoryFor" file="/var/www/html/test/wordpress_test/inpsyde_test/test/wp-content/plugins/plugintestslughere/tests/unit/tests/includes/factory.php" line="14" assertions="1" time="0.146960"/>
        <testcase name="test_get_object_by_id_gets_an_object_with_the_same_name" class="TestFactoryFor" classname="TestFactoryFor" file="/var/www/html/test/wordpress_test/inpsyde_test/test/wp-content/plugins/plugintestslughere/tests/unit/tests/includes/factory.php" line="19" assertions="1" time="0.098659"/>
        <testcase name="test_the_taxonomy_argument_overrules_the_factory_taxonomy" class="TestFactoryFor" classname="TestFactoryFor" file="/var/www/html/test/wordpress_test/inpsyde_test/test/wp-content/plugins/plugintestslughere/tests/unit/tests/includes/factory.php" line="25" assertions="1" time="0.098729"/>
        <testcase name="test_term_factory_create_and_get_should_return_term_object" class="TestFactoryFor" classname="TestFactoryFor" file="/var/www/html/test/wordpress_test/inpsyde_test/test/wp-content/plugins/plugintestslughere/tests/unit/tests/includes/factory.php" line="35" assertions="2" time="0.087833"/>
      </testsuite>
      <testsuite name="Tests_TestHelpers" file="/var/www/html/test/wordpress_test/inpsyde_test/test/wp-content/plugins/plugintestslughere/tests/unit/tests/includes/helpers.php" tests="33" assertions="53" errors="0" failures="0" skipped="0" time="1.001917">
        <testsuite name="Tests_TestHelpers::test_assertSameSets" tests="7" assertions="7" errors="0" failures="0" skipped="0" time="0.207877">
          <testcase name="test_assertSameSets with data set #0" class="Tests_TestHelpers" classname="Tests_TestHelpers" file="/var/www/html/test/wordpress_test/inpsyde_test/test/wp-content/plugins/plugintestslughere/tests/unit/tests/includes/helpers.php" line="54" assertions="1" time="0.042706"/>
          <testcase name="test_assertSameSets with data set #1" class="Tests_TestHelpers" classname="Tests_TestHelpers" file="/var/www/html/test/wordpress_test/inpsyde_test/test/wp-content/plugins/plugintestslughere/tests/unit/tests/includes/helpers.php" line="54" assertions="1" time="0.036450"/>
          <testcase name="test_assertSameSets with data set #2" class="Tests_TestHelpers" classname="Tests_TestHelpers" file="/var/www/html/test/wordpress_test/inpsyde_test/test/wp-content/plugins/plugintestslughere/tests/unit/tests/includes/helpers.php" line="54" assertions="1" time="0.032466"/>
          <testcase name="test_assertSameSets with data set #3" class="Tests_TestHelpers" classname="Tests_TestHelpers" file="/var/www/html/test/wordpress_test/inpsyde_test/test/wp-content/plugins/plugintestslughere/tests/unit/tests/includes/helpers.php" line="54" assertions="1" time="0.027199"/>
          <testcase name="test_assertSameSets with data set #4" class="Tests_TestHelpers" classname="Tests_TestHelpers" file="/var/www/html/test/wordpress_test/inpsyde_test/test/wp-content/plugins/plugintestslughere/tests/unit/tests/includes/helpers.php" line="54" assertions="1" time="0.024926"/>
          <testcase name="test_assertSameSets with data set #5" class="Tests_TestHelpers" classname="Tests_TestHelpers" file="/var/www/html/test/wordpress_test/inpsyde_test/test/wp-content/plugins/plugintestslughere/tests/unit/tests/includes/helpers.php" line="54" assertions="1" time="0.022243"/>
          <testcase name="test_assertSameSets with data set #6" class="Tests_TestHelpers" classname="Tests_TestHelpers" file="/var/www/html/test/wordpress_test/inpsyde_test/test/wp-content/plugins/plugintestslughere/tests/unit/tests/includes/helpers.php" line="54" assertions="1" time="0.021887"/>
        </testsuite>
        <testsuite name="Tests_TestHelpers::test_assertSameSetsWithIndex" tests="14" assertions="14" errors="0" failures="0" skipped="0" time="0.302828">
          <testcase name="test_assertSameSetsWithIndex with data set #0" class="Tests_TestHelpers" classname="Tests_TestHelpers" file="/var/www/html/test/wordpress_test/inpsyde_test/test/wp-content/plugins/plugintestslughere/tests/unit/tests/includes/helpers.php" line="210" assertions="1" time="0.021129"/>
          <testcase name="test_assertSameSetsWithIndex with data set #1" class="Tests_TestHelpers" classname="Tests_TestHelpers" file="/var/www/html/test/wordpress_test/inpsyde_test/test/wp-content/plugins/plugintestslughere/tests/unit/tests/includes/helpers.php" line="210" assertions="1" time="0.019726"/>
          <testcase name="test_assertSameSetsWithIndex with data set #2" class="Tests_TestHelpers" classname="Tests_TestHelpers" file="/var/www/html/test/wordpress_test/inpsyde_test/test/wp-content/plugins/plugintestslughere/tests/unit/tests/includes/helpers.php" line="210" assertions="1" time="0.021205"/>
          <testcase name="test_assertSameSetsWithIndex with data set #3" class="Tests_TestHelpers" classname="Tests_TestHelpers" file="/var/www/html/test/wordpress_test/inpsyde_test/test/wp-content/plugins/plugintestslughere/tests/unit/tests/includes/helpers.php" line="210" assertions="1" time="0.020554"/>
          <testcase name="test_assertSameSetsWithIndex with data set #4" class="Tests_TestHelpers" classname="Tests_TestHelpers" file="/var/www/html/test/wordpress_test/inpsyde_test/test/wp-content/plugins/plugintestslughere/tests/unit/tests/includes/helpers.php" line="210" assertions="1" time="0.020603"/>
          <testcase name="test_assertSameSetsWithIndex with data set #5" class="Tests_TestHelpers" classname="Tests_TestHelpers" file="/var/www/html/test/wordpress_test/inpsyde_test/test/wp-content/plugins/plugintestslughere/tests/unit/tests/includes/helpers.php" line="210" assertions="1" time="0.022740"/>
          <testcase name="test_assertSameSetsWithIndex with data set #6" class="Tests_TestHelpers" classname="Tests_TestHelpers" file="/var/www/html/test/wordpress_test/inpsyde_test/test/wp-content/plugins/plugintestslughere/tests/unit/tests/includes/helpers.php" line="210" assertions="1" time="0.027067"/>
          <testcase name="test_assertSameSetsWithIndex with data set #7" class="Tests_TestHelpers" classname="Tests_TestHelpers" file="/var/www/html/test/wordpress_test/inpsyde_test/test/wp-content/plugins/plugintestslughere/tests/unit/tests/includes/helpers.php" line="210" assertions="1" time="0.021446"/>
          <testcase name="test_assertSameSetsWithIndex with data set #8" class="Tests_TestHelpers" classname="Tests_TestHelpers" file="/var/www/html/test/wordpress_test/inpsyde_test/test/wp-content/plugins/plugintestslughere/tests/unit/tests/includes/helpers.php" line="210" assertions="1" time="0.021476"/>
          <testcase name="test_assertSameSetsWithIndex with data set #9" class="Tests_TestHelpers" classname="Tests_TestHelpers" file="/var/www/html/test/wordpress_test/inpsyde_test/test/wp-content/plugins/plugintestslughere/tests/unit/tests/includes/helpers.php" line="210" assertions="1" time="0.020456"/>
          <testcase name="test_assertSameSetsWithIndex with data set #10" class="Tests_TestHelpers" classname="Tests_TestHelpers" file="/var/www/html/test/wordpress_test/inpsyde_test/test/wp-content/plugins/plugintestslughere/tests/unit/tests/includes/helpers.php" line="210" assertions="1" time="0.020856"/>
          <testcase name="test_assertSameSetsWithIndex with data set #11" class="Tests_TestHelpers" classname="Tests_TestHelpers" file="/var/www/html/test/wordpress_test/inpsyde_test/test/wp-content/plugins/plugintestslughere/tests/unit/tests/includes/helpers.php" line="210" assertions="1" time="0.021365"/>
          <testcase name="test_assertSameSetsWithIndex with data set #12" class="Tests_TestHelpers" classname="Tests_TestHelpers" file="/var/www/html/test/wordpress_test/inpsyde_test/test/wp-content/plugins/plugintestslughere/tests/unit/tests/includes/helpers.php" line="210" assertions="1" time="0.021843"/>
          <testcase name="test_assertSameSetsWithIndex with data set #13" class="Tests_TestHelpers" classname="Tests_TestHelpers" file="/var/www/html/test/wordpress_test/inpsyde_test/test/wp-content/plugins/plugintestslughere/tests/unit/tests/includes/helpers.php" line="210" assertions="1" time="0.022362"/>
        </testsuite>
        <testcase name="test__unregister_post_status" class="Tests_TestHelpers" classname="Tests_TestHelpers" file="/var/www/html/test/wordpress_test/inpsyde_test/test/wp-content/plugins/plugintestslughere/tests/unit/tests/includes/helpers.php" line="224" assertions="1" time="0.029795"/>
        <testcase name="test_setExpectedDeprecated" class="Tests_TestHelpers" classname="Tests_TestHelpers" file="/var/www/html/test/wordpress_test/inpsyde_test/test/wp-content/plugins/plugintestslughere/tests/unit/tests/includes/helpers.php" line="236" assertions="2" time="0.036729"/>
        <testcase name="test_setExpectedIncorrectUsage" class="Tests_TestHelpers" classname="Tests_TestHelpers" file="/var/www/html/test/wordpress_test/inpsyde_test/test/wp-content/plugins/plugintestslughere/tests/unit/tests/includes/helpers.php" line="244" assertions="2" time="0.031039"/>
        <testcase name="test_go_to_should_go_to_home_page_when_passing_the_untrailingslashed_home_url" class="Tests_TestHelpers" classname="Tests_TestHelpers" file="/var/www/html/test/wordpress_test/inpsyde_test/test/wp-content/plugins/plugintestslughere/tests/unit/tests/includes/helpers.php" line="252" assertions="2" time="0.033371"/>
        <testcase name="test_die_handler_should_handle_wp_error" class="Tests_TestHelpers" classname="Tests_TestHelpers" file="/var/www/html/test/wordpress_test/inpsyde_test/test/wp-content/plugins/plugintestslughere/tests/unit/tests/includes/helpers.php" line="272" assertions="1" time="0.026756"/>
        <testcase name="test_die_handler_should_not_cause_doing_it_wrong_notice_without_wp_query_set" class="Tests_TestHelpers" classname="Tests_TestHelpers" file="/var/www/html/test/wordpress_test/inpsyde_test/test/wp-content/plugins/plugintestslughere/tests/unit/tests/includes/helpers.php" line="281" assertions="1" time="0.026883"/>
        <testsuite name="Tests_TestHelpers::test_die_process_input" tests="4" assertions="12" errors="0" failures="0" skipped="0" time="0.089689">
          <testcase name="test_die_process_input with data set #0" class="Tests_TestHelpers" classname="Tests_TestHelpers" file="/var/www/html/test/wordpress_test/inpsyde_test/test/wp-content/plugins/plugintestslughere/tests/unit/tests/includes/helpers.php" line="294" assertions="3" time="0.023918"/>
          <testcase name="test_die_process_input with data set #1" class="Tests_TestHelpers" classname="Tests_TestHelpers" file="/var/www/html/test/wordpress_test/inpsyde_test/test/wp-content/plugins/plugintestslughere/tests/unit/tests/includes/helpers.php" line="294" assertions="3" time="0.022630"/>
          <testcase name="test_die_process_input with data set #2" class="Tests_TestHelpers" classname="Tests_TestHelpers" file="/var/www/html/test/wordpress_test/inpsyde_test/test/wp-content/plugins/plugintestslughere/tests/unit/tests/includes/helpers.php" line="294" assertions="3" time="0.022059"/>
          <testcase name="test_die_process_input with data set #3" class="Tests_TestHelpers" classname="Tests_TestHelpers" file="/var/www/html/test/wordpress_test/inpsyde_test/test/wp-content/plugins/plugintestslughere/tests/unit/tests/includes/helpers.php" line="294" assertions="3" time="0.021082"/>
        </testsuite>
        <testcase name="test_setup_postdata_globals_should_be_reset_on_teardown__setup" class="Tests_TestHelpers" classname="Tests_TestHelpers" file="/var/www/html/test/wordpress_test/inpsyde_test/test/wp-content/plugins/plugintestslughere/tests/unit/tests/includes/helpers.php" line="398" assertions="1" time="0.169157"/>
        <testcase name="test_setup_postdata_globals_should_be_reset_on_teardown" class="Tests_TestHelpers" classname="Tests_TestHelpers" file="/var/www/html/test/wordpress_test/inpsyde_test/test/wp-content/plugins/plugintestslughere/tests/unit/tests/includes/helpers.php" line="408" assertions="10" time="0.047793"/>
      </testsuite>
      <testsuite name="Tests_Kses" file="/var/www/html/test/wordpress_test/inpsyde_test/test/wp-content/plugins/plugintestslughere/tests/unit/tests/kses.php" tests="139" assertions="538" errors="0" failures="0" skipped="0" time="3.141916">
        <testcase name="test_wp_filter_post_kses_address" class="Tests_Kses" classname="Tests_Kses" file="/var/www/html/test/wordpress_test/inpsyde_test/test/wp-content/plugins/plugintestslughere/tests/unit/tests/kses.php" line="13" assertions="7" time="0.034813"/>
        <testcase name="test_wp_filter_post_kses_a" class="Tests_Kses" classname="Tests_Kses" file="/var/www/html/test/wordpress_test/inpsyde_test/test/wp-content/plugins/plugintestslughere/tests/unit/tests/kses.php" line="40" assertions="10" time="0.033525"/>
        <testsuite name="Tests_Kses::test_wp_kses_video" tests="4" assertions="4" errors="0" failures="0" skipped="0" time="0.098086">
          <testcase name="test_wp_kses_video with data set #0" class="Tests_Kses" classname="Tests_Kses" file="/var/www/html/test/wordpress_test/inpsyde_test/test/wp-content/plugins/plugintestslughere/tests/unit/tests/kses.php" line="81" assertions="1" time="0.026981"/>
          <testcase name="test_wp_kses_video with data set #1" class="Tests_Kses" classname="Tests_Kses" file="/var/www/html/test/wordpress_test/inpsyde_test/test/wp-content/plugins/plugintestslughere/tests/unit/tests/kses.php" line="81" assertions="1" time="0.024209"/>
          <testcase name="test_wp_kses_video with data set #2" class="Tests_Kses" classname="Tests_Kses" file="/var/www/html/test/wordpress_test/inpsyde_test/test/wp-content/plugins/plugintestslughere/tests/unit/tests/kses.php" line="81" assertions="1" time="0.023950"/>
          <testcase name="test_wp_kses_video with data set #3" class="Tests_Kses" classname="Tests_Kses" file="/var/www/html/test/wordpress_test/inpsyde_test/test/wp-content/plugins/plugintestslughere/tests/unit/tests/kses.php" line="81" assertions="1" time="0.022946"/>
        </testsuite>
        <testcase name="test_wp_filter_post_kses_abbr" class="Tests_Kses" classname="Tests_Kses" file="/var/www/html/test/wordpress_test/inpsyde_test/test/wp-content/plugins/plugintestslughere/tests/unit/tests/kses.php" line="127" assertions="4" time="0.027065"/>
        <testcase name="test_feed_links" class="Tests_Kses" classname="Tests_Kses" file="/var/www/html/test/wordpress_test/inpsyde_test/test/wp-content/plugins/plugintestslughere/tests/unit/tests/kses.php" line="144" assertions="1" time="0.025638"/>
        <testcase name="test_wp_kses_bad_protocol" class="Tests_Kses" classname="Tests_Kses" file="/var/www/html/test/wordpress_test/inpsyde_test/test/wp-content/plugins/plugintestslughere/tests/unit/tests/kses.php" line="178" assertions="7" time="0.026258"/>
        <testcase name="test_hackers_attacks" class="Tests_Kses" classname="Tests_Kses" file="/var/www/html/test/wordpress_test/inpsyde_test/test/wp-content/plugins/plugintestslughere/tests/unit/tests/kses.php" line="280" assertions="33" time="0.056655"/>
        <testcase name="test_wp_kses_allowed_html" class="Tests_Kses" classname="Tests_Kses" file="/var/www/html/test/wordpress_test/inpsyde_test/test/wp-content/plugins/plugintestslughere/tests/unit/tests/kses.php" line="425" assertions="336" time="0.026160"/>
        <testcase name="test_hyphenated_tag" class="Tests_Kses" classname="Tests_Kses" file="/var/www/html/test/wordpress_test/inpsyde_test/test/wp-content/plugins/plugintestslughere/tests/unit/tests/kses.php" line="473" assertions="2" time="0.022103"/>
        <testcase name="test_wp_kses_normalize_entities" class="Tests_Kses" classname="Tests_Kses" file="/var/www/html/test/wordpress_test/inpsyde_test/test/wp-content/plugins/plugintestslughere/tests/unit/tests/kses.php" line="490" assertions="8" time="0.021486"/>
        <testsuite name="Tests_Kses::test_ctrl_removal" tests="5" assertions="5" errors="0" failures="0" skipped="0" time="0.107408">
          <testcase name="test_ctrl_removal with data set #0" class="Tests_Kses" classname="Tests_Kses" file="/var/www/html/test/wordpress_test/inpsyde_test/test/wp-content/plugins/plugintestslughere/tests/unit/tests/kses.php" line="508" assertions="1" time="0.021674"/>
          <testcase name="test_ctrl_removal with data set #1" class="Tests_Kses" classname="Tests_Kses" file="/var/www/html/test/wordpress_test/inpsyde_test/test/wp-content/plugins/plugintestslughere/tests/unit/tests/kses.php" line="508" assertions="1" time="0.020552"/>
          <testcase name="test_ctrl_removal with data set #2" class="Tests_Kses" classname="Tests_Kses" file="/var/www/html/test/wordpress_test/inpsyde_test/test/wp-content/plugins/plugintestslughere/tests/unit/tests/kses.php" line="508" assertions="1" time="0.021798"/>
          <testcase name="test_ctrl_removal with data set #3" class="Tests_Kses" classname="Tests_Kses" file="/var/www/html/test/wordpress_test/inpsyde_test/test/wp-content/plugins/plugintestslughere/tests/unit/tests/kses.php" line="508" assertions="1" time="0.021853"/>
          <testcase name="test_ctrl_removal with data set #4" class="Tests_Kses" classname="Tests_Kses" file="/var/www/html/test/wordpress_test/inpsyde_test/test/wp-content/plugins/plugintestslughere/tests/unit/tests/kses.php" line="508" assertions="1" time="0.021531"/>
        </testsuite>
        <testsuite name="Tests_Kses::test_slash_zero_removal" tests="9" assertions="9" errors="0" failures="0" skipped="0" time="0.191948">
          <testcase name="test_slash_zero_removal with data set #0" class="Tests_Kses" classname="Tests_Kses" file="/var/www/html/test/wordpress_test/inpsyde_test/test/wp-content/plugins/plugintestslughere/tests/unit/tests/kses.php" line="545" assertions="1" time="0.021522"/>
          <testcase name="test_slash_zero_removal with data set #1" class="Tests_Kses" classname="Tests_Kses" file="/var/www/html/test/wordpress_test/inpsyde_test/test/wp-content/plugins/plugintestslughere/tests/unit/tests/kses.php" line="545" assertions="1" time="0.021350"/>
          <testcase name="test_slash_zero_removal with data set #2" class="Tests_Kses" classname="Tests_Kses" file="/var/www/html/test/wordpress_test/inpsyde_test/test/wp-content/plugins/plugintestslughere/tests/unit/tests/kses.php" line="545" assertions="1" time="0.021416"/>
          <testcase name="test_slash_zero_removal with data set #3" class="Tests_Kses" classname="Tests_Kses" file="/var/www/html/test/wordpress_test/inpsyde_test/test/wp-content/plugins/plugintestslughere/tests/unit/tests/kses.php" line="545" assertions="1" time="0.020627"/>
          <testcase name="test_slash_zero_removal with data set #4" class="Tests_Kses" classname="Tests_Kses" file="/var/www/html/test/wordpress_test/inpsyde_test/test/wp-content/plugins/plugintestslughere/tests/unit/tests/kses.php" line="545" assertions="1" time="0.021528"/>
          <testcase name="test_slash_zero_removal with data set #5" class="Tests_Kses" classname="Tests_Kses" file="/var/www/html/test/wordpress_test/inpsyde_test/test/wp-content/plugins/plugintestslughere/tests/unit/tests/kses.php" line="545" assertions="1" time="0.021491"/>
          <testcase name="test_slash_zero_removal with data set #6" class="Tests_Kses" classname="Tests_Kses" file="/var/www/html/test/wordpress_test/inpsyde_test/test/wp-content/plugins/plugintestslughere/tests/unit/tests/kses.php" line="545" assertions="1" time="0.020256"/>
          <testcase name="test_slash_zero_removal with data set #7" class="Tests_Kses" classname="Tests_Kses" file="/var/www/html/test/wordpress_test/inpsyde_test/test/wp-content/plugins/plugintestslughere/tests/unit/tests/kses.php" line="545" assertions="1" time="0.021882"/>
          <testcase name="test_slash_zero_removal with data set #8" class="Tests_Kses" classname="Tests_Kses" file="/var/www/html/test/wordpress_test/inpsyde_test/test/wp-content/plugins/plugintestslughere/tests/unit/tests/kses.php" line="545" assertions="1" time="0.021876"/>
        </testsuite>
        <testsuite name="Tests_Kses::test_hair_parse" tests="12" assertions="12" errors="0" failures="0" skipped="0" time="0.256459">
          <testcase name="test_hair_parse with data set #0" class="Tests_Kses" classname="Tests_Kses" file="/var/www/html/test/wordpress_test/inpsyde_test/test/wp-content/plugins/plugintestslughere/tests/unit/tests/kses.php" line="597" assertions="1" time="0.021926"/>
          <testcase name="test_hair_parse with data set #1" class="Tests_Kses" classname="Tests_Kses" file="/var/www/html/test/wordpress_test/inpsyde_test/test/wp-content/plugins/plugintestslughere/tests/unit/tests/kses.php" line="597" assertions="1" time="0.020590"/>
          <testcase name="test_hair_parse with data set #2" class="Tests_Kses" classname="Tests_Kses" file="/var/www/html/test/wordpress_test/inpsyde_test/test/wp-content/plugins/plugintestslughere/tests/unit/tests/kses.php" line="597" assertions="1" time="0.022197"/>
          <testcase name="test_hair_parse with data set #3" class="Tests_Kses" classname="Tests_Kses" file="/var/www/html/test/wordpress_test/inpsyde_test/test/wp-content/plugins/plugintestslughere/tests/unit/tests/kses.php" line="597" assertions="1" time="0.022177"/>
          <testcase name="test_hair_parse with data set #4" class="Tests_Kses" classname="Tests_Kses" file="/var/www/html/test/wordpress_test/inpsyde_test/test/wp-content/plugins/plugintestslughere/tests/unit/tests/kses.php" line="597" assertions="1" time="0.020926"/>
          <testcase name="test_hair_parse with data set #5" class="Tests_Kses" classname="Tests_Kses" file="/var/www/html/test/wordpress_test/inpsyde_test/test/wp-content/plugins/plugintestslughere/tests/unit/tests/kses.php" line="597" assertions="1" time="0.020734"/>
          <testcase name="test_hair_parse with data set #6" class="Tests_Kses" classname="Tests_Kses" file="/var/www/html/test/wordpress_test/inpsyde_test/test/wp-content/plugins/plugintestslughere/tests/unit/tests/kses.php" line="597" assertions="1" time="0.021819"/>
          <testcase name="test_hair_parse with data set #7" class="Tests_Kses" classname="Tests_Kses" file="/var/www/html/test/wordpress_test/inpsyde_test/test/wp-content/plugins/plugintestslughere/tests/unit/tests/kses.php" line="597" assertions="1" time="0.021512"/>
          <testcase name="test_hair_parse with data set #8" class="Tests_Kses" classname="Tests_Kses" file="/var/www/html/test/wordpress_test/inpsyde_test/test/wp-content/plugins/plugintestslughere/tests/unit/tests/kses.php" line="597" assertions="1" time="0.020436"/>
          <testcase name="test_hair_parse with data set #9" class="Tests_Kses" classname="Tests_Kses" file="/var/www/html/test/wordpress_test/inpsyde_test/test/wp-content/plugins/plugintestslughere/tests/unit/tests/kses.php" line="597" assertions="1" time="0.021342"/>
          <testcase name="test_hair_parse with data set #10" class="Tests_Kses" classname="Tests_Kses" file="/var/www/html/test/wordpress_test/inpsyde_test/test/wp-content/plugins/plugintestslughere/tests/unit/tests/kses.php" line="597" assertions="1" time="0.021667"/>
          <testcase name="test_hair_parse with data set #11" class="Tests_Kses" classname="Tests_Kses" file="/var/www/html/test/wordpress_test/inpsyde_test/test/wp-content/plugins/plugintestslughere/tests/unit/tests/kses.php" line="597" assertions="1" time="0.021134"/>
        </testsuite>
        <testsuite name="Tests_Kses::test_attr_parse" tests="11" assertions="11" errors="0" failures="0" skipped="0" time="0.236339">
          <testcase name="test_attr_parse with data set #0" class="Tests_Kses" classname="Tests_Kses" file="/var/www/html/test/wordpress_test/inpsyde_test/test/wp-content/plugins/plugintestslughere/tests/unit/tests/kses.php" line="663" assertions="1" time="0.021773"/>
          <testcase name="test_attr_parse with data set #1" class="Tests_Kses" classname="Tests_Kses" file="/var/www/html/test/wordpress_test/inpsyde_test/test/wp-content/plugins/plugintestslughere/tests/unit/tests/kses.php" line="663" assertions="1" time="0.022416"/>
          <testcase name="test_attr_parse with data set #2" class="Tests_Kses" classname="Tests_Kses" file="/var/www/html/test/wordpress_test/inpsyde_test/test/wp-content/plugins/plugintestslughere/tests/unit/tests/kses.php" line="663" assertions="1" time="0.021560"/>
          <testcase name="test_attr_parse with data set #3" class="Tests_Kses" classname="Tests_Kses" file="/var/www/html/test/wordpress_test/inpsyde_test/test/wp-content/plugins/plugintestslughere/tests/unit/tests/kses.php" line="663" assertions="1" time="0.020236"/>
          <testcase name="test_attr_parse with data set #4" class="Tests_Kses" classname="Tests_Kses" file="/var/www/html/test/wordpress_test/inpsyde_test/test/wp-content/plugins/plugintestslughere/tests/unit/tests/kses.php" line="663" assertions="1" time="0.021095"/>
          <testcase name="test_attr_parse with data set #5" class="Tests_Kses" classname="Tests_Kses" file="/var/www/html/test/wordpress_test/inpsyde_test/test/wp-content/plugins/plugintestslughere/tests/unit/tests/kses.php" line="663" assertions="1" time="0.021581"/>
          <testcase name="test_attr_parse with data set #6" class="Tests_Kses" classname="Tests_Kses" file="/var/www/html/test/wordpress_test/inpsyde_test/test/wp-content/plugins/plugintestslughere/tests/unit/tests/kses.php" line="663" assertions="1" time="0.020216"/>
          <testcase name="test_attr_parse with data set #7" class="Tests_Kses" classname="Tests_Kses" file="/var/www/html/test/wordpress_test/inpsyde_test/test/wp-content/plugins/plugintestslughere/tests/unit/tests/kses.php" line="663" assertions="1" time="0.022189"/>
          <testcase name="test_attr_parse with data set #8" class="Tests_Kses" classname="Tests_Kses" file="/var/www/html/test/wordpress_test/inpsyde_test/test/wp-content/plugins/plugintestslughere/tests/unit/tests/kses.php" line="663" assertions="1" time="0.022154"/>
          <testcase name="test_attr_parse with data set #9" class="Tests_Kses" classname="Tests_Kses" file="/var/www/html/test/wordpress_test/inpsyde_test/test/wp-content/plugins/plugintestslughere/tests/unit/tests/kses.php" line="663" assertions="1" time="0.021950"/>
          <testcase name="test_attr_parse with data set #10" class="Tests_Kses" classname="Tests_Kses" file="/var/www/html/test/wordpress_test/inpsyde_test/test/wp-content/plugins/plugintestslughere/tests/unit/tests/kses.php" line="663" assertions="1" time="0.021169"/>
        </testsuite>
        <testsuite name="Tests_Kses::test_one_attr" tests="13" assertions="13" errors="0" failures="0" skipped="0" time="0.285669">
          <testcase name="test_one_attr with data set #0" class="Tests_Kses" classname="Tests_Kses" file="/var/www/html/test/wordpress_test/inpsyde_test/test/wp-content/plugins/plugintestslughere/tests/unit/tests/kses.php" line="721" assertions="1" time="0.021499"/>
          <testcase name="test_one_attr with data set #1" class="Tests_Kses" classname="Tests_Kses" file="/var/www/html/test/wordpress_test/inpsyde_test/test/wp-content/plugins/plugintestslughere/tests/unit/tests/kses.php" line="721" assertions="1" time="0.021705"/>
          <testcase name="test_one_attr with data set #2" class="Tests_Kses" classname="Tests_Kses" file="/var/www/html/test/wordpress_test/inpsyde_test/test/wp-content/plugins/plugintestslughere/tests/unit/tests/kses.php" line="721" assertions="1" time="0.020421"/>
          <testcase name="test_one_attr with data set #3" class="Tests_Kses" classname="Tests_Kses" file="/var/www/html/test/wordpress_test/inpsyde_test/test/wp-content/plugins/plugintestslughere/tests/unit/tests/kses.php" line="721" assertions="1" time="0.021768"/>
          <testcase name="test_one_attr with data set #4" class="Tests_Kses" classname="Tests_Kses" file="/var/www/html/test/wordpress_test/inpsyde_test/test/wp-content/plugins/plugintestslughere/tests/unit/tests/kses.php" line="721" assertions="1" time="0.022327"/>
          <testcase name="test_one_attr with data set #5" class="Tests_Kses" classname="Tests_Kses" file="/var/www/html/test/wordpress_test/inpsyde_test/test/wp-content/plugins/plugintestslughere/tests/unit/tests/kses.php" line="721" assertions="1" time="0.022027"/>
          <testcase name="test_one_attr with data set #6" class="Tests_Kses" classname="Tests_Kses" file="/var/www/html/test/wordpress_test/inpsyde_test/test/wp-content/plugins/plugintestslughere/tests/unit/tests/kses.php" line="721" assertions="1" time="0.021477"/>
          <testcase name="test_one_attr with data set #7" class="Tests_Kses" classname="Tests_Kses" file="/var/www/html/test/wordpress_test/inpsyde_test/test/wp-content/plugins/plugintestslughere/tests/unit/tests/kses.php" line="721" assertions="1" time="0.022041"/>
          <testcase name="test_one_attr with data set #8" class="Tests_Kses" classname="Tests_Kses" file="/var/www/html/test/wordpress_test/inpsyde_test/test/wp-content/plugins/plugintestslughere/tests/unit/tests/kses.php" line="721" assertions="1" time="0.022418"/>
          <testcase name="test_one_attr with data set #9" class="Tests_Kses" classname="Tests_Kses" file="/var/www/html/test/wordpress_test/inpsyde_test/test/wp-content/plugins/plugintestslughere/tests/unit/tests/kses.php" line="721" assertions="1" time="0.022280"/>
          <testcase name="test_one_attr with data set #10" class="Tests_Kses" classname="Tests_Kses" file="/var/www/html/test/wordpress_test/inpsyde_test/test/wp-content/plugins/plugintestslughere/tests/unit/tests/kses.php" line="721" assertions="1" time="0.022896"/>
          <testcase name="test_one_attr with data set #11" class="Tests_Kses" classname="Tests_Kses" file="/var/www/html/test/wordpress_test/inpsyde_test/test/wp-content/plugins/plugintestslughere/tests/unit/tests/kses.php" line="721" assertions="1" time="0.022451"/>
          <testcase name="test_one_attr with data set #12" class="Tests_Kses" classname="Tests_Kses" file="/var/www/html/test/wordpress_test/inpsyde_test/test/wp-content/plugins/plugintestslughere/tests/unit/tests/kses.php" line="721" assertions="1" time="0.022359"/>
        </testsuite>
        <testcase name="test_bdo" class="Tests_Kses" classname="Tests_Kses" file="/var/www/html/test/wordpress_test/inpsyde_test/test/wp-content/plugins/plugintestslughere/tests/unit/tests/kses.php" line="798" assertions="1" time="0.022305"/>
        <testcase name="test_ol_reversed" class="Tests_Kses" classname="Tests_Kses" file="/var/www/html/test/wordpress_test/inpsyde_test/test/wp-content/plugins/plugintestslughere/tests/unit/tests/kses.php" line="809" assertions="1" time="0.021103"/>
        <testcase name="test_wp_kses_attr_no_attributes_allowed_with_empty_array" class="Tests_Kses" classname="Tests_Kses" file="/var/www/html/test/wordpress_test/inpsyde_test/test/wp-content/plugins/plugintestslughere/tests/unit/tests/kses.php" line="820" assertions="1" time="0.021373"/>
        <testcase name="test_wp_kses_attr_no_attributes_allowed_with_true" class="Tests_Kses" classname="Tests_Kses" file="/var/www/html/test/wordpress_test/inpsyde_test/test/wp-content/plugins/plugintestslughere/tests/unit/tests/kses.php" line="830" assertions="1" time="0.022397"/>
        <testcase name="test_wp_kses_attr_single_attribute_is_allowed" class="Tests_Kses" classname="Tests_Kses" file="/var/www/html/test/wordpress_test/inpsyde_test/test/wp-content/plugins/plugintestslughere/tests/unit/tests/kses.php" line="840" assertions="1" time="0.021447"/>
        <testcase name="test_wp_kses_attr_no_attributes_allowed_with_false" class="Tests_Kses" classname="Tests_Kses" file="/var/www/html/test/wordpress_test/inpsyde_test/test/wp-content/plugins/plugintestslughere/tests/unit/tests/kses.php" line="850" assertions="1" time="0.021842"/>
        <testsuite name="Tests_Kses::test_safecss_filter_attr" tests="35" assertions="35" errors="0" failures="0" skipped="0" time="0.772018">
          <testcase name="test_safecss_filter_attr with data set #0" class="Tests_Kses" classname="Tests_Kses" file="/var/www/html/test/wordpress_test/inpsyde_test/test/wp-content/plugins/plugintestslughere/tests/unit/tests/kses.php" line="868" assertions="1" time="0.022014"/>
          <testcase name="test_safecss_filter_attr with data set #1" class="Tests_Kses" classname="Tests_Kses" file="/var/www/html/test/wordpress_test/inpsyde_test/test/wp-content/plugins/plugintestslughere/tests/unit/tests/kses.php" line="868" assertions="1" time="0.023405"/>
          <testcase name="test_safecss_filter_attr with data set #2" class="Tests_Kses" classname="Tests_Kses" file="/var/www/html/test/wordpress_test/inpsyde_test/test/wp-content/plugins/plugintestslughere/tests/unit/tests/kses.php" line="868" assertions="1" time="0.022138"/>
          <testcase name="test_safecss_filter_attr with data set #3" class="Tests_Kses" classname="Tests_Kses" file="/var/www/html/test/wordpress_test/inpsyde_test/test/wp-content/plugins/plugintestslughere/tests/unit/tests/kses.php" line="868" assertions="1" time="0.022414"/>
          <testcase name="test_safecss_filter_attr with data set #4" class="Tests_Kses" classname="Tests_Kses" file="/var/www/html/test/wordpress_test/inpsyde_test/test/wp-content/plugins/plugintestslughere/tests/unit/tests/kses.php" line="868" assertions="1" time="0.022516"/>
          <testcase name="test_safecss_filter_attr with data set #5" class="Tests_Kses" classname="Tests_Kses" file="/var/www/html/test/wordpress_test/inpsyde_test/test/wp-content/plugins/plugintestslughere/tests/unit/tests/kses.php" line="868" assertions="1" time="0.022343"/>
          <testcase name="test_safecss_filter_attr with data set #6" class="Tests_Kses" classname="Tests_Kses" file="/var/www/html/test/wordpress_test/inpsyde_test/test/wp-content/plugins/plugintestslughere/tests/unit/tests/kses.php" line="868" assertions="1" time="0.021123"/>
          <testcase name="test_safecss_filter_attr with data set #7" class="Tests_Kses" classname="Tests_Kses" file="/var/www/html/test/wordpress_test/inpsyde_test/test/wp-content/plugins/plugintestslughere/tests/unit/tests/kses.php" line="868" assertions="1" time="0.022168"/>
          <testcase name="test_safecss_filter_attr with data set #8" class="Tests_Kses" classname="Tests_Kses" file="/var/www/html/test/wordpress_test/inpsyde_test/test/wp-content/plugins/plugintestslughere/tests/unit/tests/kses.php" line="868" assertions="1" time="0.022698"/>
          <testcase name="test_safecss_filter_attr with data set #9" class="Tests_Kses" classname="Tests_Kses" file="/var/www/html/test/wordpress_test/inpsyde_test/test/wp-content/plugins/plugintestslughere/tests/unit/tests/kses.php" line="868" assertions="1" time="0.022443"/>
          <testcase name="test_safecss_filter_attr with data set #10" class="Tests_Kses" classname="Tests_Kses" file="/var/www/html/test/wordpress_test/inpsyde_test/test/wp-content/plugins/plugintestslughere/tests/unit/tests/kses.php" line="868" assertions="1" time="0.021074"/>
          <testcase name="test_safecss_filter_attr with data set #11" class="Tests_Kses" classname="Tests_Kses" file="/var/www/html/test/wordpress_test/inpsyde_test/test/wp-content/plugins/plugintestslughere/tests/unit/tests/kses.php" line="868" assertions="1" time="0.021861"/>
          <testcase name="test_safecss_filter_attr with data set #12" class="Tests_Kses" classname="Tests_Kses" file="/var/www/html/test/wordpress_test/inpsyde_test/test/wp-content/plugins/plugintestslughere/tests/unit/tests/kses.php" line="868" assertions="1" time="0.022897"/>
          <testcase name="test_safecss_filter_attr with data set #13" class="Tests_Kses" classname="Tests_Kses" file="/var/www/html/test/wordpress_test/inpsyde_test/test/wp-content/plugins/plugintestslughere/tests/unit/tests/kses.php" line="868" assertions="1" time="0.022538"/>
          <testcase name="test_safecss_filter_attr with data set #14" class="Tests_Kses" classname="Tests_Kses" file="/var/www/html/test/wordpress_test/inpsyde_test/test/wp-content/plugins/plugintestslughere/tests/unit/tests/kses.php" line="868" assertions="1" time="0.021725"/>
          <testcase name="test_safecss_filter_attr with data set #15" class="Tests_Kses" classname="Tests_Kses" file="/var/www/html/test/wordpress_test/inpsyde_test/test/wp-content/plugins/plugintestslughere/tests/unit/tests/kses.php" line="868" assertions="1" time="0.021972"/>
          <testcase name="test_safecss_filter_attr with data set #16" class="Tests_Kses" classname="Tests_Kses" file="/var/www/html/test/wordpress_test/inpsyde_test/test/wp-content/plugins/plugintestslughere/tests/unit/tests/kses.php" line="868" assertions="1" time="0.022221"/>
          <testcase name="test_safecss_filter_attr with data set #17" class="Tests_Kses" classname="Tests_Kses" file="/var/www/html/test/wordpress_test/inpsyde_test/test/wp-content/plugins/plugintestslughere/tests/unit/tests/kses.php" line="868" assertions="1" time="0.021303"/>
          <testcase name="test_safecss_filter_attr with data set #18" class="Tests_Kses" classname="Tests_Kses" file="/var/www/html/test/wordpress_test/inpsyde_test/test/wp-content/plugins/plugintestslughere/tests/unit/tests/kses.php" line="868" assertions="1" time="0.022208"/>
          <testcase name="test_safecss_filter_attr with data set #19" class="Tests_Kses" classname="Tests_Kses" file="/var/www/html/test/wordpress_test/inpsyde_test/test/wp-content/plugins/plugintestslughere/tests/unit/tests/kses.php" line="868" assertions="1" time="0.021709"/>
          <testcase name="test_safecss_filter_attr with data set #20" class="Tests_Kses" classname="Tests_Kses" file="/var/www/html/test/wordpress_test/inpsyde_test/test/wp-content/plugins/plugintestslughere/tests/unit/tests/kses.php" line="868" assertions="1" time="0.022117"/>
          <testcase name="test_safecss_filter_attr with data set #21" class="Tests_Kses" classname="Tests_Kses" file="/var/www/html/test/wordpress_test/inpsyde_test/test/wp-content/plugins/plugintestslughere/tests/unit/tests/kses.php" line="868" assertions="1" time="0.021153"/>
          <testcase name="test_safecss_filter_attr with data set #22" class="Tests_Kses" classname="Tests_Kses" file="/var/www/html/test/wordpress_test/inpsyde_test/test/wp-content/plugins/plugintestslughere/tests/unit/tests/kses.php" line="868" assertions="1" time="0.021640"/>
          <testcase name="test_safecss_filter_attr with data set #23" class="Tests_Kses" classname="Tests_Kses" file="/var/www/html/test/wordpress_test/inpsyde_test/test/wp-content/plugins/plugintestslughere/tests/unit/tests/kses.php" line="868" assertions="1" time="0.021976"/>
          <testcase name="test_safecss_filter_attr with data set #24" class="Tests_Kses" classname="Tests_Kses" file="/var/www/html/test/wordpress_test/inpsyde_test/test/wp-content/plugins/plugintestslughere/tests/unit/tests/kses.php" line="868" assertions="1" time="0.021693"/>
          <testcase name="test_safecss_filter_attr with data set #25" class="Tests_Kses" classname="Tests_Kses" file="/var/www/html/test/wordpress_test/inpsyde_test/test/wp-content/plugins/plugintestslughere/tests/unit/tests/kses.php" line="868" assertions="1" time="0.020978"/>
          <testcase name="test_safecss_filter_attr with data set #26" class="Tests_Kses" classname="Tests_Kses" file="/var/www/html/test/wordpress_test/inpsyde_test/test/wp-content/plugins/plugintestslughere/tests/unit/tests/kses.php" line="868" assertions="1" time="0.022367"/>
          <testcase name="test_safecss_filter_attr with data set #27" class="Tests_Kses" classname="Tests_Kses" file="/var/www/html/test/wordpress_test/inpsyde_test/test/wp-content/plugins/plugintestslughere/tests/unit/tests/kses.php" line="868" assertions="1" time="0.023078"/>
          <testcase name="test_safecss_filter_attr with data set #28" class="Tests_Kses" classname="Tests_Kses" file="/var/www/html/test/wordpress_test/inpsyde_test/test/wp-content/plugins/plugintestslughere/tests/unit/tests/kses.php" line="868" assertions="1" time="0.025555"/>
          <testcase name="test_safecss_filter_attr with data set #29" class="Tests_Kses" classname="Tests_Kses" file="/var/www/html/test/wordpress_test/inpsyde_test/test/wp-content/plugins/plugintestslughere/tests/unit/tests/kses.php" line="868" assertions="1" time="0.022360"/>
          <testcase name="test_safecss_filter_attr with data set #30" class="Tests_Kses" classname="Tests_Kses" file="/var/www/html/test/wordpress_test/inpsyde_test/test/wp-content/plugins/plugintestslughere/tests/unit/tests/kses.php" line="868" assertions="1" time="0.022109"/>
          <testcase name="test_safecss_filter_attr with data set #31" class="Tests_Kses" classname="Tests_Kses" file="/var/www/html/test/wordpress_test/inpsyde_test/test/wp-content/plugins/plugintestslughere/tests/unit/tests/kses.php" line="868" assertions="1" time="0.021575"/>
          <testcase name="test_safecss_filter_attr with data set #32" class="Tests_Kses" classname="Tests_Kses" file="/var/www/html/test/wordpress_test/inpsyde_test/test/wp-content/plugins/plugintestslughere/tests/unit/tests/kses.php" line="868" assertions="1" time="0.020618"/>
          <testcase name="test_safecss_filter_attr with data set #33" class="Tests_Kses" classname="Tests_Kses" file="/var/www/html/test/wordpress_test/inpsyde_test/test/wp-content/plugins/plugintestslughere/tests/unit/tests/kses.php" line="868" assertions="1" time="0.020800"/>
          <testcase name="test_safecss_filter_attr with data set #34" class="Tests_Kses" classname="Tests_Kses" file="/var/www/html/test/wordpress_test/inpsyde_test/test/wp-content/plugins/plugintestslughere/tests/unit/tests/kses.php" line="868" assertions="1" time="0.021229"/>
        </testsuite>
        <testcase name="test_wp_kses_attr_data_attribute_is_allowed" class="Tests_Kses" classname="Tests_Kses" file="/var/www/html/test/wordpress_test/inpsyde_test/test/wp-content/plugins/plugintestslughere/tests/unit/tests/kses.php" line="1056" assertions="1" time="0.021886"/>
        <testcase name="test_wildcard_requires_hyphen_after_prefix" class="Tests_Kses" classname="Tests_Kses" file="/var/www/html/test/wordpress_test/inpsyde_test/test/wp-content/plugins/plugintestslughere/tests/unit/tests/kses.php" line="1068" assertions="1" time="0.021045"/>
        <testcase name="test_wildcard_allows_two_hyphens" class="Tests_Kses" classname="Tests_Kses" file="/var/www/html/test/wordpress_test/inpsyde_test/test/wp-content/plugins/plugintestslughere/tests/unit/tests/kses.php" line="1089" assertions="1" time="0.022872"/>
        <testsuite name="Tests_Kses::test_wildcard_attribute_prefixes" tests="4" assertions="4" errors="0" failures="0" skipped="0" time="0.085771">
          <testcase name="test_wildcard_attribute_prefixes with data set #0" class="Tests_Kses" classname="Tests_Kses" file="/var/www/html/test/wordpress_test/inpsyde_test/test/wp-content/plugins/plugintestslughere/tests/unit/tests/kses.php" line="1111" assertions="1" time="0.021927"/>
          <testcase name="test_wildcard_attribute_prefixes with data set #1" class="Tests_Kses" classname="Tests_Kses" file="/var/www/html/test/wordpress_test/inpsyde_test/test/wp-content/plugins/plugintestslughere/tests/unit/tests/kses.php" line="1111" assertions="1" time="0.022030"/>
          <testcase name="test_wildcard_attribute_prefixes with data set #2" class="Tests_Kses" classname="Tests_Kses" file="/var/www/html/test/wordpress_test/inpsyde_test/test/wp-content/plugins/plugintestslughere/tests/unit/tests/kses.php" line="1111" assertions="1" time="0.020793"/>
          <testcase name="test_wildcard_attribute_prefixes with data set #3" class="Tests_Kses" classname="Tests_Kses" file="/var/www/html/test/wordpress_test/inpsyde_test/test/wp-content/plugins/plugintestslughere/tests/unit/tests/kses.php" line="1111" assertions="1" time="0.021021"/>
        </testsuite>
        <testsuite name="Tests_Kses::test_kses_style_attr_with_url" tests="19" assertions="19" errors="0" failures="0" skipped="0" time="0.404968">
          <testcase name="test_kses_style_attr_with_url with data set #0" class="Tests_Kses" classname="Tests_Kses" file="/var/www/html/test/wordpress_test/inpsyde_test/test/wp-content/plugins/plugintestslughere/tests/unit/tests/kses.php" line="1156" assertions="1" time="0.021493"/>
          <testcase name="test_kses_style_attr_with_url with data set #1" class="Tests_Kses" classname="Tests_Kses" file="/var/www/html/test/wordpress_test/inpsyde_test/test/wp-content/plugins/plugintestslughere/tests/unit/tests/kses.php" line="1156" assertions="1" time="0.020237"/>
          <testcase name="test_kses_style_attr_with_url with data set #2" class="Tests_Kses" classname="Tests_Kses" file="/var/www/html/test/wordpress_test/inpsyde_test/test/wp-content/plugins/plugintestslughere/tests/unit/tests/kses.php" line="1156" assertions="1" time="0.021145"/>
          <testcase name="test_kses_style_attr_with_url with data set #3" class="Tests_Kses" classname="Tests_Kses" file="/var/www/html/test/wordpress_test/inpsyde_test/test/wp-content/plugins/plugintestslughere/tests/unit/tests/kses.php" line="1156" assertions="1" time="0.022177"/>
          <testcase name="test_kses_style_attr_with_url with data set #4" class="Tests_Kses" classname="Tests_Kses" file="/var/www/html/test/wordpress_test/inpsyde_test/test/wp-content/plugins/plugintestslughere/tests/unit/tests/kses.php" line="1156" assertions="1" time="0.021657"/>
          <testcase name="test_kses_style_attr_with_url with data set #5" class="Tests_Kses" classname="Tests_Kses" file="/var/www/html/test/wordpress_test/inpsyde_test/test/wp-content/plugins/plugintestslughere/tests/unit/tests/kses.php" line="1156" assertions="1" time="0.020509"/>
          <testcase name="test_kses_style_attr_with_url with data set #6" class="Tests_Kses" classname="Tests_Kses" file="/var/www/html/test/wordpress_test/inpsyde_test/test/wp-content/plugins/plugintestslughere/tests/unit/tests/kses.php" line="1156" assertions="1" time="0.021984"/>
          <testcase name="test_kses_style_attr_with_url with data set #7" class="Tests_Kses" classname="Tests_Kses" file="/var/www/html/test/wordpress_test/inpsyde_test/test/wp-content/plugins/plugintestslughere/tests/unit/tests/kses.php" line="1156" assertions="1" time="0.022000"/>
          <testcase name="test_kses_style_attr_with_url with data set #8" class="Tests_Kses" classname="Tests_Kses" file="/var/www/html/test/wordpress_test/inpsyde_test/test/wp-content/plugins/plugintestslughere/tests/unit/tests/kses.php" line="1156" assertions="1" time="0.020674"/>
          <testcase name="test_kses_style_attr_with_url with data set #9" class="Tests_Kses" classname="Tests_Kses" file="/var/www/html/test/wordpress_test/inpsyde_test/test/wp-content/plugins/plugintestslughere/tests/unit/tests/kses.php" line="1156" assertions="1" time="0.021355"/>
          <testcase name="test_kses_style_attr_with_url with data set #10" class="Tests_Kses" classname="Tests_Kses" file="/var/www/html/test/wordpress_test/inpsyde_test/test/wp-content/plugins/plugintestslughere/tests/unit/tests/kses.php" line="1156" assertions="1" time="0.021674"/>
          <testcase name="test_kses_style_attr_with_url with data set #11" class="Tests_Kses" classname="Tests_Kses" file="/var/www/html/test/wordpress_test/inpsyde_test/test/wp-content/plugins/plugintestslughere/tests/unit/tests/kses.php" line="1156" assertions="1" time="0.021702"/>
          <testcase name="test_kses_style_attr_with_url with data set #12" class="Tests_Kses" classname="Tests_Kses" file="/var/www/html/test/wordpress_test/inpsyde_test/test/wp-content/plugins/plugintestslughere/tests/unit/tests/kses.php" line="1156" assertions="1" time="0.020634"/>
          <testcase name="test_kses_style_attr_with_url with data set #13" class="Tests_Kses" classname="Tests_Kses" file="/var/www/html/test/wordpress_test/inpsyde_test/test/wp-content/plugins/plugintestslughere/tests/unit/tests/kses.php" line="1156" assertions="1" time="0.021211"/>
          <testcase name="test_kses_style_attr_with_url with data set #14" class="Tests_Kses" classname="Tests_Kses" file="/var/www/html/test/wordpress_test/inpsyde_test/test/wp-content/plugins/plugintestslughere/tests/unit/tests/kses.php" line="1156" assertions="1" time="0.021623"/>
          <testcase name="test_kses_style_attr_with_url with data set #15" class="Tests_Kses" classname="Tests_Kses" file="/var/www/html/test/wordpress_test/inpsyde_test/test/wp-content/plugins/plugintestslughere/tests/unit/tests/kses.php" line="1156" assertions="1" time="0.020566"/>
          <testcase name="test_kses_style_attr_with_url with data set #16" class="Tests_Kses" classname="Tests_Kses" file="/var/www/html/test/wordpress_test/inpsyde_test/test/wp-content/plugins/plugintestslughere/tests/unit/tests/kses.php" line="1156" assertions="1" time="0.021432"/>
          <testcase name="test_kses_style_attr_with_url with data set #17" class="Tests_Kses" classname="Tests_Kses" file="/var/www/html/test/wordpress_test/inpsyde_test/test/wp-content/plugins/plugintestslughere/tests/unit/tests/kses.php" line="1156" assertions="1" time="0.021946"/>
          <testcase name="test_kses_style_attr_with_url with data set #18" class="Tests_Kses" classname="Tests_Kses" file="/var/www/html/test/wordpress_test/inpsyde_test/test/wp-content/plugins/plugintestslughere/tests/unit/tests/kses.php" line="1156" assertions="1" time="0.020949"/>
        </testsuite>
        <testsuite name="Tests_Kses::test_safecss_filter_attr_filtered" tests="8" assertions="8" errors="0" failures="0" skipped="0" time="0.211082">
          <testcase name="test_safecss_filter_attr_filtered with data set #0" class="Tests_Kses" classname="Tests_Kses" file="/var/www/html/test/wordpress_test/inpsyde_test/test/wp-content/plugins/plugintestslughere/tests/unit/tests/kses.php" line="1303" assertions="1" time="0.021137"/>
          <testcase name="test_safecss_filter_attr_filtered with data set #1" class="Tests_Kses" classname="Tests_Kses" file="/var/www/html/test/wordpress_test/inpsyde_test/test/wp-content/plugins/plugintestslughere/tests/unit/tests/kses.php" line="1303" assertions="1" time="0.030080"/>
          <testcase name="test_safecss_filter_attr_filtered with data set #2" class="Tests_Kses" classname="Tests_Kses" file="/var/www/html/test/wordpress_test/inpsyde_test/test/wp-content/plugins/plugintestslughere/tests/unit/tests/kses.php" line="1303" assertions="1" time="0.034953"/>
          <testcase name="test_safecss_filter_attr_filtered with data set #3" class="Tests_Kses" classname="Tests_Kses" file="/var/www/html/test/wordpress_test/inpsyde_test/test/wp-content/plugins/plugintestslughere/tests/unit/tests/kses.php" line="1303" assertions="1" time="0.028620"/>
          <testcase name="test_safecss_filter_attr_filtered with data set #4" class="Tests_Kses" classname="Tests_Kses" file="/var/www/html/test/wordpress_test/inpsyde_test/test/wp-content/plugins/plugintestslughere/tests/unit/tests/kses.php" line="1303" assertions="1" time="0.025797"/>
          <testcase name="test_safecss_filter_attr_filtered with data set #5" class="Tests_Kses" classname="Tests_Kses" file="/var/www/html/test/wordpress_test/inpsyde_test/test/wp-content/plugins/plugintestslughere/tests/unit/tests/kses.php" line="1303" assertions="1" time="0.024252"/>
          <testcase name="test_safecss_filter_attr_filtered with data set #6" class="Tests_Kses" classname="Tests_Kses" file="/var/www/html/test/wordpress_test/inpsyde_test/test/wp-content/plugins/plugintestslughere/tests/unit/tests/kses.php" line="1303" assertions="1" time="0.023392"/>
          <testcase name="test_safecss_filter_attr_filtered with data set #7" class="Tests_Kses" classname="Tests_Kses" file="/var/www/html/test/wordpress_test/inpsyde_test/test/wp-content/plugins/plugintestslughere/tests/unit/tests/kses.php" line="1303" assertions="1" time="0.022851"/>
        </testsuite>
        <testcase name="test_wp_kses_img_tag_standard_attributes" class="Tests_Kses" classname="Tests_Kses" file="/var/www/html/test/wordpress_test/inpsyde_test/test/wp-content/plugins/plugintestslughere/tests/unit/tests/kses.php" line="1370" assertions="1" time="0.022194"/>
      </testsuite>
      <testsuite name="Tests_L10n" file="/var/www/html/test/wordpress_test/inpsyde_test/test/wp-content/plugins/plugintestslughere/tests/unit/tests/l10n.php" tests="23" assertions="81" errors="0" failures="0" skipped="0" time="2.154297">
        <testcase name="test_n_noop" class="Tests_L10n" classname="Tests_L10n" file="/var/www/html/test/wordpress_test/inpsyde_test/test/wp-content/plugins/plugintestslughere/tests/unit/tests/l10n.php" line="21" assertions="4" time="0.025518"/>
        <testcase name="test_nx_noop" class="Tests_L10n" classname="Tests_L10n" file="/var/www/html/test/wordpress_test/inpsyde_test/test/wp-content/plugins/plugintestslughere/tests/unit/tests/l10n.php" line="34" assertions="5" time="0.029396"/>
        <testcase name="test_before_last_bar" class="Tests_L10n" classname="Tests_L10n" file="/var/www/html/test/wordpress_test/inpsyde_test/test/wp-content/plugins/plugintestslughere/tests/unit/tests/l10n.php" line="48" assertions="3" time="0.025519"/>
        <testcase name="test_get_available_languages" class="Tests_L10n" classname="Tests_L10n" file="/var/www/html/test/wordpress_test/inpsyde_test/test/wp-content/plugins/plugintestslughere/tests/unit/tests/l10n.php" line="57" assertions="3" time="0.026380"/>
        <testcase name="test_wp_get_installed_translations_for_core" class="Tests_L10n" classname="Tests_L10n" file="/var/www/html/test/wordpress_test/inpsyde_test/test/wp-content/plugins/plugintestslughere/tests/unit/tests/l10n.php" line="71" assertions="10" time="0.121069"/>
        <testcase name="test_wp_dropdown_languages" class="Tests_L10n" classname="Tests_L10n" file="/var/www/html/test/wordpress_test/inpsyde_test/test/wp-content/plugins/plugintestslughere/tests/unit/tests/l10n.php" line="93" assertions="6" time="0.038242"/>
        <testcase name="test_wp_dropdown_languages_site_default" class="Tests_L10n" classname="Tests_L10n" file="/var/www/html/test/wordpress_test/inpsyde_test/test/wp-content/plugins/plugintestslughere/tests/unit/tests/l10n.php" line="115" assertions="7" time="0.032403"/>
        <testcase name="test_wp_dropdown_languages_exclude_en_us" class="Tests_L10n" classname="Tests_L10n" file="/var/www/html/test/wordpress_test/inpsyde_test/test/wp-content/plugins/plugintestslughere/tests/unit/tests/l10n.php" line="139" assertions="1" time="0.029797"/>
        <testcase name="test_wp_dropdown_languages_en_US_selected" class="Tests_L10n" classname="Tests_L10n" file="/var/www/html/test/wordpress_test/inpsyde_test/test/wp-content/plugins/plugintestslughere/tests/unit/tests/l10n.php" line="157" assertions="6" time="0.027379"/>
        <testcase name="test_wp_dropdown_languages_site_default_ja_JP" class="Tests_L10n" classname="Tests_L10n" file="/var/www/html/test/wordpress_test/inpsyde_test/test/wp-content/plugins/plugintestslughere/tests/unit/tests/l10n.php" line="179" assertions="7" time="0.024651"/>
        <testcase name="test_wp_dropdown_languages_ja_JP_selected" class="Tests_L10n" classname="Tests_L10n" file="/var/www/html/test/wordpress_test/inpsyde_test/test/wp-content/plugins/plugintestslughere/tests/unit/tests/l10n.php" line="203" assertions="6" time="0.022931"/>
        <testcase name="test_wp_get_pomo_file_data" class="Tests_L10n" classname="Tests_L10n" file="/var/www/html/test/wordpress_test/inpsyde_test/test/wp-content/plugins/plugintestslughere/tests/unit/tests/l10n.php" line="250" assertions="12" time="0.043271"/>
        <testcase name="test_length_of_excerpt_should_be_counted_by_words" class="Tests_L10n" classname="Tests_L10n" file="/var/www/html/test/wordpress_test/inpsyde_test/test/wp-content/plugins/plugintestslughere/tests/unit/tests/l10n.php" line="276" assertions="1" time="0.093930"/>
        <testcase name="test_length_of_excerpt_should_be_counted_by_chars" class="Tests_L10n" classname="Tests_L10n" file="/var/www/html/test/wordpress_test/inpsyde_test/test/wp-content/plugins/plugintestslughere/tests/unit/tests/l10n.php" line="300" assertions="1" time="0.185979"/>
        <testcase name="test_length_of_excerpt_should_be_counted_by_chars_in_japanese" class="Tests_L10n" classname="Tests_L10n" file="/var/www/html/test/wordpress_test/inpsyde_test/test/wp-content/plugins/plugintestslughere/tests/unit/tests/l10n.php" line="324" assertions="1" time="0.142941"/>
        <testcase name="test_length_of_excerpt_rss_should_be_counted_by_words" class="Tests_L10n" classname="Tests_L10n" file="/var/www/html/test/wordpress_test/inpsyde_test/test/wp-content/plugins/plugintestslughere/tests/unit/tests/l10n.php" line="348" assertions="1" time="0.120628"/>
        <testcase name="test_length_of_excerpt_rss_should_be_counted_by_chars" class="Tests_L10n" classname="Tests_L10n" file="/var/www/html/test/wordpress_test/inpsyde_test/test/wp-content/plugins/plugintestslughere/tests/unit/tests/l10n.php" line="372" assertions="1" time="0.274354"/>
        <testcase name="test_length_of_draft_should_be_counted_by_words" class="Tests_L10n" classname="Tests_L10n" file="/var/www/html/test/wordpress_test/inpsyde_test/test/wp-content/plugins/plugintestslughere/tests/unit/tests/l10n.php" line="397" assertions="1" time="0.120758"/>
        <testcase name="test_length_of_draft_should_be_counted_by_chars" class="Tests_L10n" classname="Tests_L10n" file="/var/www/html/test/wordpress_test/inpsyde_test/test/wp-content/plugins/plugintestslughere/tests/unit/tests/l10n.php" line="421" assertions="1" time="0.153881"/>
        <testcase name="test_length_of_draft_should_be_counted_by_chars_in_japanese" class="Tests_L10n" classname="Tests_L10n" file="/var/www/html/test/wordpress_test/inpsyde_test/test/wp-content/plugins/plugintestslughere/tests/unit/tests/l10n.php" line="445" assertions="1" time="0.132098"/>
        <testcase name="test_length_of_comment_excerpt_should_be_counted_by_words" class="Tests_L10n" classname="Tests_L10n" file="/var/www/html/test/wordpress_test/inpsyde_test/test/wp-content/plugins/plugintestslughere/tests/unit/tests/l10n.php" line="469" assertions="1" time="0.087362"/>
        <testcase name="test_length_of_comment_excerpt_should_be_counted_by_chars" class="Tests_L10n" classname="Tests_L10n" file="/var/www/html/test/wordpress_test/inpsyde_test/test/wp-content/plugins/plugintestslughere/tests/unit/tests/l10n.php" line="487" assertions="1" time="0.209364"/>
        <testcase name="test_length_of_comment_excerpt_should_be_counted_by_chars_in_Japanese" class="Tests_L10n" classname="Tests_L10n" file="/var/www/html/test/wordpress_test/inpsyde_test/test/wp-content/plugins/plugintestslughere/tests/unit/tests/l10n.php" line="505" assertions="1" time="0.186446"/>
      </testsuite>
      <testsuite name="Tests_L10n_GetLocale" file="/var/www/html/test/wordpress_test/inpsyde_test/test/wp-content/plugins/plugintestslughere/tests/unit/tests/l10n/getLocale.php" tests="4" assertions="4" errors="0" failures="0" skipped="0" time="0.208861">
        <testcase name="test_should_respect_locale_global" class="Tests_L10n_GetLocale" classname="Tests_L10n_GetLocale" file="/var/www/html/test/wordpress_test/inpsyde_test/test/wp-content/plugins/plugintestslughere/tests/unit/tests/l10n/getLocale.php" line="8" assertions="1" time="0.043461"/>
        <testcase name="test_option_should_be_respected_on_nonmultisite" class="Tests_L10n_GetLocale" classname="Tests_L10n_GetLocale" file="/var/www/html/test/wordpress_test/inpsyde_test/test/wp-content/plugins/plugintestslughere/tests/unit/tests/l10n/getLocale.php" line="60" assertions="1" time="0.080246"/>
        <testcase name="test_should_fall_back_on_en_US" class="Tests_L10n_GetLocale" classname="Tests_L10n_GetLocale" file="/var/www/html/test/wordpress_test/inpsyde_test/test/wp-content/plugins/plugintestslughere/tests/unit/tests/l10n/getLocale.php" line="78" assertions="1" time="0.048323"/>
        <testcase name="test_should_respect_get_locale_filter" class="Tests_L10n_GetLocale" classname="Tests_L10n_GetLocale" file="/var/www/html/test/wordpress_test/inpsyde_test/test/wp-content/plugins/plugintestslughere/tests/unit/tests/l10n/getLocale.php" line="89" assertions="1" time="0.036830"/>
      </testsuite>
      <testsuite name="Tests_Get_User_Locale" file="/var/www/html/test/wordpress_test/inpsyde_test/test/wp-content/plugins/plugintestslughere/tests/unit/tests/l10n/getUserLocale.php" tests="12" assertions="15" errors="0" failures="0" skipped="0" time="2.241777">
        <testcase name="test_user_locale_property" class="Tests_Get_User_Locale" classname="Tests_Get_User_Locale" file="/var/www/html/test/wordpress_test/inpsyde_test/test/wp-content/plugins/plugintestslughere/tests/unit/tests/l10n/getUserLocale.php" line="30" assertions="2" time="0.211864"/>
        <testcase name="test_update_user_locale" class="Tests_Get_User_Locale" classname="Tests_Get_User_Locale" file="/var/www/html/test/wordpress_test/inpsyde_test/test/wp-content/plugins/plugintestslughere/tests/unit/tests/l10n/getUserLocale.php" line="36" assertions="1" time="0.175086"/>
        <testcase name="test_returns_site_locale_if_empty" class="Tests_Get_User_Locale" classname="Tests_Get_User_Locale" file="/var/www/html/test/wordpress_test/inpsyde_test/test/wp-content/plugins/plugintestslughere/tests/unit/tests/l10n/getUserLocale.php" line="42" assertions="1" time="0.229753"/>
        <testcase name="test_returns_site_locale_if_no_user" class="Tests_Get_User_Locale" classname="Tests_Get_User_Locale" file="/var/www/html/test/wordpress_test/inpsyde_test/test/wp-content/plugins/plugintestslughere/tests/unit/tests/l10n/getUserLocale.php" line="48" assertions="1" time="0.176168"/>
        <testcase name="test_returns_correct_user_locale" class="Tests_Get_User_Locale" classname="Tests_Get_User_Locale" file="/var/www/html/test/wordpress_test/inpsyde_test/test/wp-content/plugins/plugintestslughere/tests/unit/tests/l10n/getUserLocale.php" line="53" assertions="1" time="0.165045"/>
        <testcase name="test_returns_correct_user_locale_on_frontend" class="Tests_Get_User_Locale" classname="Tests_Get_User_Locale" file="/var/www/html/test/wordpress_test/inpsyde_test/test/wp-content/plugins/plugintestslughere/tests/unit/tests/l10n/getUserLocale.php" line="58" assertions="1" time="0.163812"/>
        <testcase name="test_site_locale_is_not_affected" class="Tests_Get_User_Locale" classname="Tests_Get_User_Locale" file="/var/www/html/test/wordpress_test/inpsyde_test/test/wp-content/plugins/plugintestslughere/tests/unit/tests/l10n/getUserLocale.php" line="62" assertions="1" time="0.143291"/>
        <testcase name="test_site_locale_is_not_affected_on_frontend" class="Tests_Get_User_Locale" classname="Tests_Get_User_Locale" file="/var/www/html/test/wordpress_test/inpsyde_test/test/wp-content/plugins/plugintestslughere/tests/unit/tests/l10n/getUserLocale.php" line="67" assertions="1" time="0.164414"/>
        <testcase name="test_user_id_argument_with_id" class="Tests_Get_User_Locale" classname="Tests_Get_User_Locale" file="/var/www/html/test/wordpress_test/inpsyde_test/test/wp-content/plugins/plugintestslughere/tests/unit/tests/l10n/getUserLocale.php" line="89" assertions="2" time="0.231176"/>
        <testcase name="test_user_id_argument_with_wp_user_object" class="Tests_Get_User_Locale" classname="Tests_Get_User_Locale" file="/var/www/html/test/wordpress_test/inpsyde_test/test/wp-content/plugins/plugintestslughere/tests/unit/tests/l10n/getUserLocale.php" line="106" assertions="2" time="0.220272"/>
        <testcase name="test_user_id_argument_with_nonexistent_user" class="Tests_Get_User_Locale" classname="Tests_Get_User_Locale" file="/var/www/html/test/wordpress_test/inpsyde_test/test/wp-content/plugins/plugintestslughere/tests/unit/tests/l10n/getUserLocale.php" line="125" assertions="1" time="0.186077"/>
        <testcase name="test_user_id_argument_with_invalid_type" class="Tests_Get_User_Locale" classname="Tests_Get_User_Locale" file="/var/www/html/test/wordpress_test/inpsyde_test/test/wp-content/plugins/plugintestslughere/tests/unit/tests/l10n/getUserLocale.php" line="135" assertions="1" time="0.174819"/>
      </testsuite>
      <testsuite name="Tests_L10n_loadScriptTextdomain" file="/var/www/html/test/wordpress_test/inpsyde_test/test/wp-content/plugins/plugintestslughere/tests/unit/tests/l10n/loadScriptTextdomain.php" tests="3" assertions="5" errors="0" failures="0" skipped="0" time="0.104623">
        <testcase name="test_resolve_relative_path" class="Tests_L10n_loadScriptTextdomain" classname="Tests_L10n_loadScriptTextdomain" file="/var/www/html/test/wordpress_test/inpsyde_test/test/wp-content/plugins/plugintestslughere/tests/unit/tests/l10n/loadScriptTextdomain.php" line="31" assertions="3" time="0.049768"/>
        <testcase name="test_resolve_relative_path_custom_plugins_url" class="Tests_L10n_loadScriptTextdomain" classname="Tests_L10n_loadScriptTextdomain" file="/var/www/html/test/wordpress_test/inpsyde_test/test/wp-content/plugins/plugintestslughere/tests/unit/tests/l10n/loadScriptTextdomain.php" line="53" assertions="1" time="0.029583"/>
        <testcase name="test_resolve_relative_path_custom_content_url" class="Tests_L10n_loadScriptTextdomain" classname="Tests_L10n_loadScriptTextdomain" file="/var/www/html/test/wordpress_test/inpsyde_test/test/wp-content/plugins/plugintestslughere/tests/unit/tests/l10n/loadScriptTextdomain.php" line="65" assertions="1" time="0.025272"/>
      </testsuite>
      <testsuite name="Tests_L10n_loadTextdomain" file="/var/www/html/test/wordpress_test/inpsyde_test/test/wp-content/plugins/plugintestslughere/tests/unit/tests/l10n/loadTextdomain.php" tests="20" assertions="26" errors="0" failures="0" skipped="0" time="0.539512">
        <testcase name="test_is_textdomain_loaded" class="Tests_L10n_loadTextdomain" classname="Tests_L10n_loadTextdomain" file="/var/www/html/test/wordpress_test/inpsyde_test/test/wp-content/plugins/plugintestslughere/tests/unit/tests/l10n/loadTextdomain.php" line="42" assertions="1" time="0.043875"/>
        <testcase name="test_unload_textdomain" class="Tests_L10n_loadTextdomain" classname="Tests_L10n_loadTextdomain" file="/var/www/html/test/wordpress_test/inpsyde_test/test/wp-content/plugins/plugintestslughere/tests/unit/tests/l10n/loadTextdomain.php" line="46" assertions="1" time="0.035449"/>
        <testcase name="test_load_textdomain" class="Tests_L10n_loadTextdomain" classname="Tests_L10n_loadTextdomain" file="/var/www/html/test/wordpress_test/inpsyde_test/test/wp-content/plugins/plugintestslughere/tests/unit/tests/l10n/loadTextdomain.php" line="50" assertions="1" time="0.037899"/>
        <testcase name="test_is_textdomain_loaded_after_loading" class="Tests_L10n_loadTextdomain" classname="Tests_L10n_loadTextdomain" file="/var/www/html/test/wordpress_test/inpsyde_test/test/wp-content/plugins/plugintestslughere/tests/unit/tests/l10n/loadTextdomain.php" line="58" assertions="1" time="0.027214"/>
        <testcase name="test_unload_textdomain_after_loading" class="Tests_L10n_loadTextdomain" classname="Tests_L10n_loadTextdomain" file="/var/www/html/test/wordpress_test/inpsyde_test/test/wp-content/plugins/plugintestslughere/tests/unit/tests/l10n/loadTextdomain.php" line="68" assertions="1" time="0.030668"/>
        <testcase name="test_is_textdomain_loaded_after_unloading" class="Tests_L10n_loadTextdomain" classname="Tests_L10n_loadTextdomain" file="/var/www/html/test/wordpress_test/inpsyde_test/test/wp-content/plugins/plugintestslughere/tests/unit/tests/l10n/loadTextdomain.php" line="74" assertions="1" time="0.031907"/>
        <testcase name="test_load_textdomain_non_existent_file" class="Tests_L10n_loadTextdomain" classname="Tests_L10n_loadTextdomain" file="/var/www/html/test/wordpress_test/inpsyde_test/test/wp-content/plugins/plugintestslughere/tests/unit/tests/l10n/loadTextdomain.php" line="85" assertions="1" time="0.032499"/>
        <testcase name="test_is_textdomain_loaded_non_existent_file" class="Tests_L10n_loadTextdomain" classname="Tests_L10n_loadTextdomain" file="/var/www/html/test/wordpress_test/inpsyde_test/test/wp-content/plugins/plugintestslughere/tests/unit/tests/l10n/loadTextdomain.php" line="92" assertions="1" time="0.021567"/>
        <testcase name="test_get_translations_for_domain_non_existent_file" class="Tests_L10n_loadTextdomain" classname="Tests_L10n_loadTextdomain" file="/var/www/html/test/wordpress_test/inpsyde_test/test/wp-content/plugins/plugintestslughere/tests/unit/tests/l10n/loadTextdomain.php" line="101" assertions="1" time="0.020110"/>
        <testcase name="test_unload_textdomain_non_existent_file" class="Tests_L10n_loadTextdomain" classname="Tests_L10n_loadTextdomain" file="/var/www/html/test/wordpress_test/inpsyde_test/test/wp-content/plugins/plugintestslughere/tests/unit/tests/l10n/loadTextdomain.php" line="110" assertions="1" time="0.021570"/>
        <testcase name="test_is_textdomain_is_not_loaded_after_gettext_call_with_no_translations" class="Tests_L10n_loadTextdomain" classname="Tests_L10n_loadTextdomain" file="/var/www/html/test/wordpress_test/inpsyde_test/test/wp-content/plugins/plugintestslughere/tests/unit/tests/l10n/loadTextdomain.php" line="119" assertions="2" time="0.020855"/>
        <testcase name="test_override_load_textdomain_noop" class="Tests_L10n_loadTextdomain" classname="Tests_L10n_loadTextdomain" file="/var/www/html/test/wordpress_test/inpsyde_test/test/wp-content/plugins/plugintestslughere/tests/unit/tests/l10n/loadTextdomain.php" line="125" assertions="2" time="0.020668"/>
        <testcase name="test_override_load_textdomain_non_existent_mofile" class="Tests_L10n_loadTextdomain" classname="Tests_L10n_loadTextdomain" file="/var/www/html/test/wordpress_test/inpsyde_test/test/wp-content/plugins/plugintestslughere/tests/unit/tests/l10n/loadTextdomain.php" line="134" assertions="3" time="0.021624"/>
        <testcase name="test_override_load_textdomain_custom_mofile" class="Tests_L10n_loadTextdomain" classname="Tests_L10n_loadTextdomain" file="/var/www/html/test/wordpress_test/inpsyde_test/test/wp-content/plugins/plugintestslughere/tests/unit/tests/l10n/loadTextdomain.php" line="148" assertions="3" time="0.034520"/>
        <testcase name="test_load_muplugin_textdomain_site_locale" class="Tests_L10n_loadTextdomain" classname="Tests_L10n_loadTextdomain" file="/var/www/html/test/wordpress_test/inpsyde_test/test/wp-content/plugins/plugintestslughere/tests/unit/tests/l10n/loadTextdomain.php" line="190" assertions="1" time="0.021803"/>
        <testcase name="test_load_muplugin_textdomain_user_locale" class="Tests_L10n_loadTextdomain" classname="Tests_L10n_loadTextdomain" file="/var/www/html/test/wordpress_test/inpsyde_test/test/wp-content/plugins/plugintestslughere/tests/unit/tests/l10n/loadTextdomain.php" line="199" assertions="1" time="0.023953"/>
        <testcase name="test_load_plugin_textdomain_site_locale" class="Tests_L10n_loadTextdomain" classname="Tests_L10n_loadTextdomain" file="/var/www/html/test/wordpress_test/inpsyde_test/test/wp-content/plugins/plugintestslughere/tests/unit/tests/l10n/loadTextdomain.php" line="210" assertions="1" time="0.021959"/>
        <testcase name="test_load_plugin_textdomain_user_locale" class="Tests_L10n_loadTextdomain" classname="Tests_L10n_loadTextdomain" file="/var/www/html/test/wordpress_test/inpsyde_test/test/wp-content/plugins/plugintestslughere/tests/unit/tests/l10n/loadTextdomain.php" line="219" assertions="1" time="0.023377"/>
        <testcase name="test_load_theme_textdomain_site_locale" class="Tests_L10n_loadTextdomain" classname="Tests_L10n_loadTextdomain" file="/var/www/html/test/wordpress_test/inpsyde_test/test/wp-content/plugins/plugintestslughere/tests/unit/tests/l10n/loadTextdomain.php" line="230" assertions="1" time="0.022495"/>
        <testcase name="test_load_theme_textdomain_user_locale" class="Tests_L10n_loadTextdomain" classname="Tests_L10n_loadTextdomain" file="/var/www/html/test/wordpress_test/inpsyde_test/test/wp-content/plugins/plugintestslughere/tests/unit/tests/l10n/loadTextdomain.php" line="239" assertions="1" time="0.025499"/>
      </testsuite>
      <testsuite name="Tests_L10n_loadTextdomainJustInTime" file="/var/www/html/test/wordpress_test/inpsyde_test/test/wp-content/plugins/plugintestslughere/tests/unit/tests/l10n/loadTextdomainJustInTime.php" tests="10" assertions="21" errors="0" failures="0" skipped="0" time="1.052133">
        <testcase name="test_plugin_translation_should_be_translated_without_calling_load_plugin_textdomain" class="Tests_L10n_loadTextdomainJustInTime" classname="Tests_L10n_loadTextdomainJustInTime" file="/var/www/html/test/wordpress_test/inpsyde_test/test/wp-content/plugins/plugintestslughere/tests/unit/tests/l10n/loadTextdomainJustInTime.php" line="69" assertions="3" time="0.082435"/>
        <testcase name="test_theme_translation_should_be_translated_without_calling_load_theme_textdomain" class="Tests_L10n_loadTextdomainJustInTime" classname="Tests_L10n_loadTextdomainJustInTime" file="/var/www/html/test/wordpress_test/inpsyde_test/test/wp-content/plugins/plugintestslughere/tests/unit/tests/l10n/loadTextdomainJustInTime.php" line="88" assertions="3" time="0.147443"/>
        <testcase name="test_get_translations_for_domain_does_not_return_null_if_override_load_textdomain_is_used" class="Tests_L10n_loadTextdomainJustInTime" classname="Tests_L10n_loadTextdomainJustInTime" file="/var/www/html/test/wordpress_test/inpsyde_test/test/wp-content/plugins/plugintestslughere/tests/unit/tests/l10n/loadTextdomainJustInTime.php" line="109" assertions="1" time="0.059672"/>
        <testcase name="test_should_allow_unloading_of_text_domain" class="Tests_L10n_loadTextdomainJustInTime" classname="Tests_L10n_loadTextdomainJustInTime" file="/var/www/html/test/wordpress_test/inpsyde_test/test/wp-content/plugins/plugintestslughere/tests/unit/tests/l10n/loadTextdomainJustInTime.php" line="122" assertions="6" time="0.052044"/>
        <testcase name="test_plugin_translation_after_switching_locale" class="Tests_L10n_loadTextdomainJustInTime" classname="Tests_L10n_loadTextdomainJustInTime" file="/var/www/html/test/wordpress_test/inpsyde_test/test/wp-content/plugins/plugintestslughere/tests/unit/tests/l10n/loadTextdomainJustInTime.php" line="161" assertions="1" time="0.102617"/>
        <testcase name="test_plugin_translation_after_switching_locale_twice" class="Tests_L10n_loadTextdomainJustInTime" classname="Tests_L10n_loadTextdomainJustInTime" file="/var/www/html/test/wordpress_test/inpsyde_test/test/wp-content/plugins/plugintestslughere/tests/unit/tests/l10n/loadTextdomainJustInTime.php" line="174" assertions="2" time="0.113367"/>
        <testcase name="test_theme_translation_after_switching_locale" class="Tests_L10n_loadTextdomainJustInTime" classname="Tests_L10n_loadTextdomainJustInTime" file="/var/www/html/test/wordpress_test/inpsyde_test/test/wp-content/plugins/plugintestslughere/tests/unit/tests/l10n/loadTextdomainJustInTime.php" line="192" assertions="1" time="0.187418"/>
        <testcase name="test_plugin_translation_with_user_locale" class="Tests_L10n_loadTextdomainJustInTime" classname="Tests_L10n_loadTextdomainJustInTime" file="/var/www/html/test/wordpress_test/inpsyde_test/test/wp-content/plugins/plugintestslughere/tests/unit/tests/l10n/loadTextdomainJustInTime.php" line="209" assertions="1" time="0.067523"/>
        <testcase name="test_theme_translation_with_user_locale" class="Tests_L10n_loadTextdomainJustInTime" classname="Tests_L10n_loadTextdomainJustInTime" file="/var/www/html/test/wordpress_test/inpsyde_test/test/wp-content/plugins/plugintestslughere/tests/unit/tests/l10n/loadTextdomainJustInTime.php" line="225" assertions="1" time="0.163615"/>
        <testcase name="test_get_locale_is_called_only_once_per_textdomain" class="Tests_L10n_loadTextdomainJustInTime" classname="Tests_L10n_loadTextdomainJustInTime" file="/var/www/html/test/wordpress_test/inpsyde_test/test/wp-content/plugins/plugintestslughere/tests/unit/tests/l10n/loadTextdomainJustInTime.php" line="243" assertions="2" time="0.075999"/>
      </testsuite>
      <testsuite name="Tests_Locale_Switcher" file="/var/www/html/test/wordpress_test/inpsyde_test/test/wp-content/plugins/plugintestslughere/tests/unit/tests/l10n/localeSwitcher.php" tests="23" assertions="37" errors="0" failures="0" skipped="0" time="2.791776">
        <testcase name="test_switch_to_non_existent_locale_returns_false" class="Tests_Locale_Switcher" classname="Tests_Locale_Switcher" file="/var/www/html/test/wordpress_test/inpsyde_test/test/wp-content/plugins/plugintestslughere/tests/unit/tests/l10n/localeSwitcher.php" line="38" assertions="1" time="0.042131"/>
        <testcase name="test_switch_to_non_existent_locale_does_not_change_locale" class="Tests_Locale_Switcher" classname="Tests_Locale_Switcher" file="/var/www/html/test/wordpress_test/inpsyde_test/test/wp-content/plugins/plugintestslughere/tests/unit/tests/l10n/localeSwitcher.php" line="42" assertions="1" time="0.036377"/>
        <testcase name="test_switch_to_locale_returns_true" class="Tests_Locale_Switcher" classname="Tests_Locale_Switcher" file="/var/www/html/test/wordpress_test/inpsyde_test/test/wp-content/plugins/plugintestslughere/tests/unit/tests/l10n/localeSwitcher.php" line="48" assertions="1" time="0.106084"/>
        <testcase name="test_switch_to_locale_changes_the_locale" class="Tests_Locale_Switcher" classname="Tests_Locale_Switcher" file="/var/www/html/test/wordpress_test/inpsyde_test/test/wp-content/plugins/plugintestslughere/tests/unit/tests/l10n/localeSwitcher.php" line="57" assertions="1" time="0.075753"/>
        <testcase name="test_switch_to_locale_loads_translation" class="Tests_Locale_Switcher" classname="Tests_Locale_Switcher" file="/var/www/html/test/wordpress_test/inpsyde_test/test/wp-content/plugins/plugintestslughere/tests/unit/tests/l10n/localeSwitcher.php" line="68" assertions="1" time="0.070339"/>
        <testcase name="test_switch_to_locale_changes_wp_locale_global" class="Tests_Locale_Switcher" classname="Tests_Locale_Switcher" file="/var/www/html/test/wordpress_test/inpsyde_test/test/wp-content/plugins/plugintestslughere/tests/unit/tests/l10n/localeSwitcher.php" line="79" assertions="1" time="0.069522"/>
        <testcase name="test_switch_to_locale_en_US" class="Tests_Locale_Switcher" classname="Tests_Locale_Switcher" file="/var/www/html/test/wordpress_test/inpsyde_test/test/wp-content/plugins/plugintestslughere/tests/unit/tests/l10n/localeSwitcher.php" line="97" assertions="2" time="0.085194"/>
        <testcase name="test_switch_to_locale_multiple_times" class="Tests_Locale_Switcher" classname="Tests_Locale_Switcher" file="/var/www/html/test/wordpress_test/inpsyde_test/test/wp-content/plugins/plugintestslughere/tests/unit/tests/l10n/localeSwitcher.php" line="110" assertions="1" time="0.120746"/>
        <testcase name="test_switch_to_locale_multiple_times_loads_translation" class="Tests_Locale_Switcher" classname="Tests_Locale_Switcher" file="/var/www/html/test/wordpress_test/inpsyde_test/test/wp-content/plugins/plugintestslughere/tests/unit/tests/l10n/localeSwitcher.php" line="122" assertions="1" time="0.181224"/>
        <testcase name="test_restore_previous_locale_without_switching" class="Tests_Locale_Switcher" classname="Tests_Locale_Switcher" file="/var/www/html/test/wordpress_test/inpsyde_test/test/wp-content/plugins/plugintestslughere/tests/unit/tests/l10n/localeSwitcher.php" line="137" assertions="1" time="0.026814"/>
        <testcase name="test_restore_previous_locale_changes_the_locale_back" class="Tests_Locale_Switcher" classname="Tests_Locale_Switcher" file="/var/www/html/test/wordpress_test/inpsyde_test/test/wp-content/plugins/plugintestslughere/tests/unit/tests/l10n/localeSwitcher.php" line="141" assertions="1" time="0.080292"/>
        <testcase name="test_restore_previous_locale_after_switching_multiple_times" class="Tests_Locale_Switcher" classname="Tests_Locale_Switcher" file="/var/www/html/test/wordpress_test/inpsyde_test/test/wp-content/plugins/plugintestslughere/tests/unit/tests/l10n/localeSwitcher.php" line="150" assertions="1" time="0.124609"/>
        <testcase name="test_restore_previous_locale_restores_translation" class="Tests_Locale_Switcher" classname="Tests_Locale_Switcher" file="/var/www/html/test/wordpress_test/inpsyde_test/test/wp-content/plugins/plugintestslughere/tests/unit/tests/l10n/localeSwitcher.php" line="163" assertions="1" time="0.067244"/>
        <testcase name="test_restore_previous_locale_action_passes_previous_locale" class="Tests_Locale_Switcher" classname="Tests_Locale_Switcher" file="/var/www/html/test/wordpress_test/inpsyde_test/test/wp-content/plugins/plugintestslughere/tests/unit/tests/l10n/localeSwitcher.php" line="172" assertions="1" time="0.120239"/>
        <testcase name="test_restore_previous_locale_restores_wp_locale_global" class="Tests_Locale_Switcher" classname="Tests_Locale_Switcher" file="/var/www/html/test/wordpress_test/inpsyde_test/test/wp-content/plugins/plugintestslughere/tests/unit/tests/l10n/localeSwitcher.php" line="188" assertions="1" time="0.071709"/>
        <testcase name="test_restore_current_locale_without_switching" class="Tests_Locale_Switcher" classname="Tests_Locale_Switcher" file="/var/www/html/test/wordpress_test/inpsyde_test/test/wp-content/plugins/plugintestslughere/tests/unit/tests/l10n/localeSwitcher.php" line="202" assertions="1" time="0.025066"/>
        <testcase name="test_restore_current_locale_after_switching_multiple_times" class="Tests_Locale_Switcher" classname="Tests_Locale_Switcher" file="/var/www/html/test/wordpress_test/inpsyde_test/test/wp-content/plugins/plugintestslughere/tests/unit/tests/l10n/localeSwitcher.php" line="206" assertions="1" time="0.115473"/>
        <testcase name="test_is_locale_switched_if_not_switched" class="Tests_Locale_Switcher" classname="Tests_Locale_Switcher" file="/var/www/html/test/wordpress_test/inpsyde_test/test/wp-content/plugins/plugintestslughere/tests/unit/tests/l10n/localeSwitcher.php" line="221" assertions="1" time="0.025655"/>
        <testcase name="test_is_locale_switched_original_locale" class="Tests_Locale_Switcher" classname="Tests_Locale_Switcher" file="/var/www/html/test/wordpress_test/inpsyde_test/test/wp-content/plugins/plugintestslughere/tests/unit/tests/l10n/localeSwitcher.php" line="225" assertions="1" time="0.098778"/>
        <testcase name="test_is_locale_switched" class="Tests_Locale_Switcher" classname="Tests_Locale_Switcher" file="/var/www/html/test/wordpress_test/inpsyde_test/test/wp-content/plugins/plugintestslughere/tests/unit/tests/l10n/localeSwitcher.php" line="238" assertions="1" time="0.067513"/>
        <testcase name="test_switch_to_site_locale_if_user_locale_is_set" class="Tests_Locale_Switcher" classname="Tests_Locale_Switcher" file="/var/www/html/test/wordpress_test/inpsyde_test/test/wp-content/plugins/plugintestslughere/tests/unit/tests/l10n/localeSwitcher.php" line="249" assertions="7" time="0.354363"/>
        <testcase name="test_switch_to_different_site_locale_if_user_locale_is_set" class="Tests_Locale_Switcher" classname="Tests_Locale_Switcher" file="/var/www/html/test/wordpress_test/inpsyde_test/test/wp-content/plugins/plugintestslughere/tests/unit/tests/l10n/localeSwitcher.php" line="297" assertions="7" time="0.495495"/>
        <testcase name="test_multiple_switches_to_site_locale_and_user_locale" class="Tests_Locale_Switcher" classname="Tests_Locale_Switcher" file="/var/www/html/test/wordpress_test/inpsyde_test/test/wp-content/plugins/plugintestslughere/tests/unit/tests/l10n/localeSwitcher.php" line="350" assertions="2" time="0.331156"/>
      </testsuite>
      <testsuite name="Tests_Link" file="/var/www/html/test/wordpress_test/inpsyde_test/test/wp-content/plugins/plugintestslughere/tests/unit/tests/link.php" tests="8" assertions="26" errors="0" failures="0" skipped="0" time="1.133172">
        <testcase name="test_get_pagenum_link_case_insensitivity" class="Tests_Link" classname="Tests_Link" file="/var/www/html/test/wordpress_test/inpsyde_test/test/wp-content/plugins/plugintestslughere/tests/unit/tests/link.php" line="14" assertions="1" time="0.089941"/>
        <testcase name="test_wp_get_shortlink" class="Tests_Link" classname="Tests_Link" file="/var/www/html/test/wordpress_test/inpsyde_test/test/wp-content/plugins/plugintestslughere/tests/unit/tests/link.php" line="29" assertions="16" time="0.219693"/>
        <testcase name="test_wp_get_shortlink_with_page" class="Tests_Link" classname="Tests_Link" file="/var/www/html/test/wordpress_test/inpsyde_test/test/wp-content/plugins/plugintestslughere/tests/unit/tests/link.php" line="73" assertions="2" time="0.120270"/>
        <testcase name="test_wp_get_shortlink_with_home_page" class="Tests_Link" classname="Tests_Link" file="/var/www/html/test/wordpress_test/inpsyde_test/test/wp-content/plugins/plugintestslughere/tests/unit/tests/link.php" line="88" assertions="2" time="0.109521"/>
        <testcase name="test_get_permalink_should_not_reveal_post_name_for_post_with_post_status_future" class="Tests_Link" classname="Tests_Link" file="/var/www/html/test/wordpress_test/inpsyde_test/test/wp-content/plugins/plugintestslughere/tests/unit/tests/link.php" line="103" assertions="1" time="0.109432"/>
        <testcase name="test_get_permalink_should_not_reveal_post_name_for_cpt_with_post_status_future" class="Tests_Link" classname="Tests_Link" file="/var/www/html/test/wordpress_test/inpsyde_test/test/wp-content/plugins/plugintestslughere/tests/unit/tests/link.php" line="123" assertions="1" time="0.087753"/>
        <testcase name="test_unattached_attachment_has_a_pretty_permalink" class="Tests_Link" classname="Tests_Link" file="/var/www/html/test/wordpress_test/inpsyde_test/test/wp-content/plugins/plugintestslughere/tests/unit/tests/link.php" line="152" assertions="1" time="0.145688"/>
        <testcase name="test_attachment_attached_to_non_existent_post_type_has_a_pretty_permalink" class="Tests_Link" classname="Tests_Link" file="/var/www/html/test/wordpress_test/inpsyde_test/test/wp-content/plugins/plugintestslughere/tests/unit/tests/link.php" line="174" assertions="2" time="0.250874"/>
      </testsuite>
      <testsuite name="Tests_Link_Admin" file="/var/www/html/test/wordpress_test/inpsyde_test/test/wp-content/plugins/plugintestslughere/tests/unit/tests/link/adminUrl.php" tests="4" assertions="4" errors="0" failures="0" skipped="0" time="0.113415">
        <testcase name="test_self_admin_url" class="Tests_Link_Admin" classname="Tests_Link_Admin" file="/var/www/html/test/wordpress_test/inpsyde_test/test/wp-content/plugins/plugintestslughere/tests/unit/tests/link/adminUrl.php" line="11" assertions="1" time="0.031203"/>
        <testcase name="test_self_admin_url_with_path" class="Tests_Link_Admin" classname="Tests_Link_Admin" file="/var/www/html/test/wordpress_test/inpsyde_test/test/wp-content/plugins/plugintestslughere/tests/unit/tests/link/adminUrl.php" line="18" assertions="1" time="0.028766"/>
        <testcase name="test_self_admin_url_with_path_and_scheme" class="Tests_Link_Admin" classname="Tests_Link_Admin" file="/var/www/html/test/wordpress_test/inpsyde_test/test/wp-content/plugins/plugintestslughere/tests/unit/tests/link/adminUrl.php" line="27" assertions="1" time="0.026359"/>
        <testcase name="test_self_admin_url_filtered" class="Tests_Link_Admin" classname="Tests_Link_Admin" file="/var/www/html/test/wordpress_test/inpsyde_test/test/wp-content/plugins/plugintestslughere/tests/unit/tests/link/adminUrl.php" line="37" assertions="1" time="0.027087"/>
      </testsuite>
      <testsuite name="Tests_Link_GetAdjacentPost" file="/var/www/html/test/wordpress_test/inpsyde_test/test/wp-content/plugins/plugintestslughere/tests/unit/tests/link/getAdjacentPost.php" tests="7" assertions="37" errors="0" failures="0" skipped="0" time="2.161517">
        <testcase name="test_get_adjacent_post" class="Tests_Link_GetAdjacentPost" classname="Tests_Link_GetAdjacentPost" file="/var/www/html/test/wordpress_test/inpsyde_test/test/wp-content/plugins/plugintestslughere/tests/unit/tests/link/getAdjacentPost.php" line="12" assertions="14" time="0.534557"/>
        <testcase name="test_get_adjacent_post_exclude_self_term" class="Tests_Link_GetAdjacentPost" classname="Tests_Link_GetAdjacentPost" file="/var/www/html/test/wordpress_test/inpsyde_test/test/wp-content/plugins/plugintestslughere/tests/unit/tests/link/getAdjacentPost.php" line="92" assertions="18" time="0.429740"/>
        <testcase name="test_get_adjacent_post_excluded_terms" class="Tests_Link_GetAdjacentPost" classname="Tests_Link_GetAdjacentPost" file="/var/www/html/test/wordpress_test/inpsyde_test/test/wp-content/plugins/plugintestslughere/tests/unit/tests/link/getAdjacentPost.php" line="179" assertions="1" time="0.197234"/>
        <testcase name="test_get_adjacent_post_excluded_terms_should_not_require_posts_to_have_terms_in_any_taxonomy" class="Tests_Link_GetAdjacentPost" classname="Tests_Link_GetAdjacentPost" file="/var/www/html/test/wordpress_test/inpsyde_test/test/wp-content/plugins/plugintestslughere/tests/unit/tests/link/getAdjacentPost.php" line="213" assertions="1" time="0.141730"/>
        <testcase name="test_get_adjacent_post_excluded_terms_filter" class="Tests_Link_GetAdjacentPost" classname="Tests_Link_GetAdjacentPost" file="/var/www/html/test/wordpress_test/inpsyde_test/test/wp-content/plugins/plugintestslughere/tests/unit/tests/link/getAdjacentPost.php" line="250" assertions="1" time="0.353326"/>
        <testcase name="test_get_adjacent_post_excluded_terms_filter_should_apply_to_empty_excluded_terms_parameter" class="Tests_Link_GetAdjacentPost" classname="Tests_Link_GetAdjacentPost" file="/var/www/html/test/wordpress_test/inpsyde_test/test/wp-content/plugins/plugintestslughere/tests/unit/tests/link/getAdjacentPost.php" line="284" assertions="1" time="0.252465"/>
        <testcase name="test_excluded_terms_filter_empty" class="Tests_Link_GetAdjacentPost" classname="Tests_Link_GetAdjacentPost" file="/var/www/html/test/wordpress_test/inpsyde_test/test/wp-content/plugins/plugintestslughere/tests/unit/tests/link/getAdjacentPost.php" line="318" assertions="1" time="0.252465"/>
      </testsuite>
      <testsuite name="Tests_Link_GetAdjacentPostLink" file="/var/www/html/test/wordpress_test/inpsyde_test/test/wp-content/plugins/plugintestslughere/tests/unit/tests/link/getAdjacentPostLink.php" tests="6" assertions="6" errors="0" failures="0" skipped="0" time="1.509078">
        <testcase name="test_get_next_post_link_default" class="Tests_Link_GetAdjacentPostLink" classname="Tests_Link_GetAdjacentPostLink" file="/var/www/html/test/wordpress_test/inpsyde_test/test/wp-content/plugins/plugintestslughere/tests/unit/tests/link/getAdjacentPostLink.php" line="56" assertions="1" time="0.300210"/>
        <testcase name="test_get_previous_post_link_default" class="Tests_Link_GetAdjacentPostLink" classname="Tests_Link_GetAdjacentPostLink" file="/var/www/html/test/wordpress_test/inpsyde_test/test/wp-content/plugins/plugintestslughere/tests/unit/tests/link/getAdjacentPostLink.php" line="63" assertions="1" time="0.241693"/>
        <testcase name="test_get_next_post_link_same_category" class="Tests_Link_GetAdjacentPostLink" classname="Tests_Link_GetAdjacentPostLink" file="/var/www/html/test/wordpress_test/inpsyde_test/test/wp-content/plugins/plugintestslughere/tests/unit/tests/link/getAdjacentPostLink.php" line="70" assertions="1" time="0.274466"/>
        <testcase name="test_get_previous_post_link_same_category" class="Tests_Link_GetAdjacentPostLink" classname="Tests_Link_GetAdjacentPostLink" file="/var/www/html/test/wordpress_test/inpsyde_test/test/wp-content/plugins/plugintestslughere/tests/unit/tests/link/getAdjacentPostLink.php" line="77" assertions="1" time="0.240603"/>
        <testcase name="test_get_next_post_link_exclude_category" class="Tests_Link_GetAdjacentPostLink" classname="Tests_Link_GetAdjacentPostLink" file="/var/www/html/test/wordpress_test/inpsyde_test/test/wp-content/plugins/plugintestslughere/tests/unit/tests/link/getAdjacentPostLink.php" line="84" assertions="1" time="0.231316"/>
        <testcase name="test_get_previous_post_link_exclude_category" class="Tests_Link_GetAdjacentPostLink" classname="Tests_Link_GetAdjacentPostLink" file="/var/www/html/test/wordpress_test/inpsyde_test/test/wp-content/plugins/plugintestslughere/tests/unit/tests/link/getAdjacentPostLink.php" line="91" assertions="1" time="0.220790"/>
      </testsuite>
      <testsuite name="Tests_Link_GetDashboardUrl" file="/var/www/html/test/wordpress_test/inpsyde_test/test/wp-content/plugins/plugintestslughere/tests/unit/tests/link/getDashboardUrl.php" tests="2" assertions="2" errors="0" failures="0" skipped="0" time="0.085568">
        <testcase name="test_get_dashboard_url_for_current_site_user" class="Tests_Link_GetDashboardUrl" classname="Tests_Link_GetDashboardUrl" file="/var/www/html/test/wordpress_test/inpsyde_test/test/wp-content/plugins/plugintestslughere/tests/unit/tests/link/getDashboardUrl.php" line="24" assertions="1" time="0.047264"/>
        <testcase name="test_get_dashboard_url_for_user_with_no_sites" class="Tests_Link_GetDashboardUrl" classname="Tests_Link_GetDashboardUrl" file="/var/www/html/test/wordpress_test/inpsyde_test/test/wp-content/plugins/plugintestslughere/tests/unit/tests/link/getDashboardUrl.php" line="31" assertions="1" time="0.038304"/>
      </testsuite>
      <testsuite name="Tests_Link_GetNextCommentsLink" file="/var/www/html/test/wordpress_test/inpsyde_test/test/wp-content/plugins/plugintestslughere/tests/unit/tests/link/getNextCommentsLink.php" tests="2" assertions="2" errors="0" failures="0" skipped="0" time="0.265708">
        <testcase name="test_page_should_respect_value_of_cpage_query_var" class="Tests_Link_GetNextCommentsLink" classname="Tests_Link_GetNextCommentsLink" file="/var/www/html/test/wordpress_test/inpsyde_test/test/wp-content/plugins/plugintestslughere/tests/unit/tests/link/getNextCommentsLink.php" line="10" assertions="1" time="0.134519"/>
        <testcase name="test_page_should_default_to_1_when_no_cpage_query_var_is_found" class="Tests_Link_GetNextCommentsLink" classname="Tests_Link_GetNextCommentsLink" file="/var/www/html/test/wordpress_test/inpsyde_test/test/wp-content/plugins/plugintestslughere/tests/unit/tests/link/getNextCommentsLink.php" line="27" assertions="1" time="0.131189"/>
      </testsuite>
      <testsuite name="Tests_Link_GetPostCommentsFeedLink" file="/var/www/html/test/wordpress_test/inpsyde_test/test/wp-content/plugins/plugintestslughere/tests/unit/tests/link/getPostCommentsFeedLink.php" tests="7" assertions="7" errors="0" failures="0" skipped="0" time="1.022304">
        <testcase name="test_post_link" class="Tests_Link_GetPostCommentsFeedLink" classname="Tests_Link_GetPostCommentsFeedLink" file="/var/www/html/test/wordpress_test/inpsyde_test/test/wp-content/plugins/plugintestslughere/tests/unit/tests/link/getPostCommentsFeedLink.php" line="7" assertions="1" time="0.123654"/>
        <testcase name="test_post_pretty_link" class="Tests_Link_GetPostCommentsFeedLink" classname="Tests_Link_GetPostCommentsFeedLink" file="/var/www/html/test/wordpress_test/inpsyde_test/test/wp-content/plugins/plugintestslughere/tests/unit/tests/link/getPostCommentsFeedLink.php" line="22" assertions="1" time="0.275171"/>
        <testcase name="test_attachment_link" class="Tests_Link_GetPostCommentsFeedLink" classname="Tests_Link_GetPostCommentsFeedLink" file="/var/www/html/test/wordpress_test/inpsyde_test/test/wp-content/plugins/plugintestslughere/tests/unit/tests/link/getPostCommentsFeedLink.php" line="33" assertions="1" time="0.131318"/>
        <testcase name="test_attachment_pretty_link" class="Tests_Link_GetPostCommentsFeedLink" classname="Tests_Link_GetPostCommentsFeedLink" file="/var/www/html/test/wordpress_test/inpsyde_test/test/wp-content/plugins/plugintestslughere/tests/unit/tests/link/getPostCommentsFeedLink.php" line="56" assertions="1" time="0.142048"/>
        <testcase name="test_attachment_no_name_pretty_link" class="Tests_Link_GetPostCommentsFeedLink" classname="Tests_Link_GetPostCommentsFeedLink" file="/var/www/html/test/wordpress_test/inpsyde_test/test/wp-content/plugins/plugintestslughere/tests/unit/tests/link/getPostCommentsFeedLink.php" line="82" assertions="1" time="0.153502"/>
        <testcase name="test_unattached_link" class="Tests_Link_GetPostCommentsFeedLink" classname="Tests_Link_GetPostCommentsFeedLink" file="/var/www/html/test/wordpress_test/inpsyde_test/test/wp-content/plugins/plugintestslughere/tests/unit/tests/link/getPostCommentsFeedLink.php" line="101" assertions="1" time="0.087179"/>
        <testcase name="test_unattached_pretty_link" class="Tests_Link_GetPostCommentsFeedLink" classname="Tests_Link_GetPostCommentsFeedLink" file="/var/www/html/test/wordpress_test/inpsyde_test/test/wp-content/plugins/plugintestslughere/tests/unit/tests/link/getPostCommentsFeedLink.php" line="123" assertions="1" time="0.109432"/>
      </testsuite>
      <testsuite name="Tests_Link_GetPostTypeArchiveLink" file="/var/www/html/test/wordpress_test/inpsyde_test/test/wp-content/plugins/plugintestslughere/tests/unit/tests/link/getPostTypeArchiveLink.php" tests="2" assertions="2" errors="0" failures="0" skipped="0" time="0.155648">
        <testcase name="test_get_post_archive_link_with_post_archive_on_front_page" class="Tests_Link_GetPostTypeArchiveLink" classname="Tests_Link_GetPostTypeArchiveLink" file="/var/www/html/test/wordpress_test/inpsyde_test/test/wp-content/plugins/plugintestslughere/tests/unit/tests/link/getPostTypeArchiveLink.php" line="10" assertions="1" time="0.044397"/>
        <testcase name="test_get_post_archive_link_with_post_archive_on_a_blog_page" class="Tests_Link_GetPostTypeArchiveLink" classname="Tests_Link_GetPostTypeArchiveLink" file="/var/www/html/test/wordpress_test/inpsyde_test/test/wp-content/plugins/plugintestslughere/tests/unit/tests/link/getPostTypeArchiveLink.php" line="20" assertions="1" time="0.111251"/>
      </testsuite>
      <testsuite name="Tests_Link_GetPreviewPostLink" file="/var/www/html/test/wordpress_test/inpsyde_test/test/wp-content/plugins/plugintestslughere/tests/unit/tests/link/getPreviewPostLink.php" tests="6" assertions="8" errors="0" failures="0" skipped="0" time="0.616424">
        <testcase name="test_get_preview_post_link" class="Tests_Link_GetPreviewPostLink" classname="Tests_Link_GetPreviewPostLink" file="/var/www/html/test/wordpress_test/inpsyde_test/test/wp-content/plugins/plugintestslughere/tests/unit/tests/link/getPreviewPostLink.php" line="8" assertions="1" time="0.135075"/>
        <testcase name="test_get_preview_post_link_should_add_additional_query_vars" class="Tests_Link_GetPreviewPostLink" classname="Tests_Link_GetPreviewPostLink" file="/var/www/html/test/wordpress_test/inpsyde_test/test/wp-content/plugins/plugintestslughere/tests/unit/tests/link/getPreviewPostLink.php" line="14" assertions="1" time="0.109694"/>
        <testcase name="test_get_preview_post_link_should_use_custom_base_preview_link" class="Tests_Link_GetPreviewPostLink" classname="Tests_Link_GetPreviewPostLink" file="/var/www/html/test/wordpress_test/inpsyde_test/test/wp-content/plugins/plugintestslughere/tests/unit/tests/link/getPreviewPostLink.php" line="38" assertions="1" time="0.120517"/>
        <testcase name="test_get_preview_post_link_should_return_null_for_non_existent_post" class="Tests_Link_GetPreviewPostLink" classname="Tests_Link_GetPreviewPostLink" file="/var/www/html/test/wordpress_test/inpsyde_test/test/wp-content/plugins/plugintestslughere/tests/unit/tests/link/getPreviewPostLink.php" line="56" assertions="3" time="0.045762"/>
        <testcase name="test_get_preview_post_link_for_global_post" class="Tests_Link_GetPreviewPostLink" classname="Tests_Link_GetPreviewPostLink" file="/var/www/html/test/wordpress_test/inpsyde_test/test/wp-content/plugins/plugintestslughere/tests/unit/tests/link/getPreviewPostLink.php" line="62" assertions="1" time="0.107027"/>
        <testcase name="test_get_preview_post_link_should_return_empty_string_for_non_viewable_post_type" class="Tests_Link_GetPreviewPostLink" classname="Tests_Link_GetPreviewPostLink" file="/var/www/html/test/wordpress_test/inpsyde_test/test/wp-content/plugins/plugintestslughere/tests/unit/tests/link/getPreviewPostLink.php" line="70" assertions="1" time="0.098349"/>
      </testsuite>
      <testsuite name="Tests_Link_GetPreviousCommentsLink" file="/var/www/html/test/wordpress_test/inpsyde_test/test/wp-content/plugins/plugintestslughere/tests/unit/tests/link/getPreviousCommentsLink.php" tests="2" assertions="2" errors="0" failures="0" skipped="0" time="0.433326">
        <testcase name="test_page_should_respect_value_of_cpage_query_var" class="Tests_Link_GetPreviousCommentsLink" classname="Tests_Link_GetPreviousCommentsLink" file="/var/www/html/test/wordpress_test/inpsyde_test/test/wp-content/plugins/plugintestslughere/tests/unit/tests/link/getPreviousCommentsLink.php" line="10" assertions="1" time="0.114397"/>
        <testcase name="test_page_should_default_to_1_when_no_cpage_query_var_is_found" class="Tests_Link_GetPreviousCommentsLink" classname="Tests_Link_GetPreviousCommentsLink" file="/var/www/html/test/wordpress_test/inpsyde_test/test/wp-content/plugins/plugintestslughere/tests/unit/tests/link/getPreviousCommentsLink.php" line="24" assertions="1" time="0.318929"/>
      </testsuite>
      <testsuite name="Tests_Link_GetThePrivacyPolicyLink" file="/var/www/html/test/wordpress_test/inpsyde_test/test/wp-content/plugins/plugintestslughere/tests/unit/tests/link/getThePrivacyPolicyLink.php" tests="6" assertions="11" errors="0" failures="0" skipped="0" time="0.379217">
        <testcase name="test_get_the_privacy_policy_link_should_return_valid_link_when_privacy_page_set" class="Tests_Link_GetThePrivacyPolicyLink" classname="Tests_Link_GetThePrivacyPolicyLink" file="/var/www/html/test/wordpress_test/inpsyde_test/test/wp-content/plugins/plugintestslughere/tests/unit/tests/link/getThePrivacyPolicyLink.php" line="77" assertions="3" time="0.095346"/>
        <testcase name="test_get_the_privacy_policy_link_should_prepend_and_append_supplied_markup_when_privacy_page_set" class="Tests_Link_GetThePrivacyPolicyLink" classname="Tests_Link_GetThePrivacyPolicyLink" file="/var/www/html/test/wordpress_test/inpsyde_test/test/wp-content/plugins/plugintestslughere/tests/unit/tests/link/getThePrivacyPolicyLink.php" line="91" assertions="3" time="0.065916"/>
        <testcase name="test_get_the_privacy_policy_link_should_not_prepend_and_append_supplied_markup_when_privacy_page_not_set" class="Tests_Link_GetThePrivacyPolicyLink" classname="Tests_Link_GetThePrivacyPolicyLink" file="/var/www/html/test/wordpress_test/inpsyde_test/test/wp-content/plugins/plugintestslughere/tests/unit/tests/link/getThePrivacyPolicyLink.php" line="105" assertions="1" time="0.025491"/>
        <testcase name="test_function_should_return_empty_string_when_privacy_page_title_empty" class="Tests_Link_GetThePrivacyPolicyLink" classname="Tests_Link_GetThePrivacyPolicyLink" file="/var/www/html/test/wordpress_test/inpsyde_test/test/wp-content/plugins/plugintestslughere/tests/unit/tests/link/getThePrivacyPolicyLink.php" line="117" assertions="1" time="0.083538"/>
        <testcase name="test_get_the_privacy_policy_link_should_return_empty_string_when_privacy_page_not_set" class="Tests_Link_GetThePrivacyPolicyLink" classname="Tests_Link_GetThePrivacyPolicyLink" file="/var/www/html/test/wordpress_test/inpsyde_test/test/wp-content/plugins/plugintestslughere/tests/unit/tests/link/getThePrivacyPolicyLink.php" line="133" assertions="1" time="0.032703"/>
        <testcase name="test_get_the_privacy_policy_link_should_be_filterable" class="Tests_Link_GetThePrivacyPolicyLink" classname="Tests_Link_GetThePrivacyPolicyLink" file="/var/www/html/test/wordpress_test/inpsyde_test/test/wp-content/plugins/plugintestslughere/tests/unit/tests/link/getThePrivacyPolicyLink.php" line="140" assertions="2" time="0.076223"/>
      </testsuite>
      <testsuite name="Test_Theme_File" file="/var/www/html/test/wordpress_test/inpsyde_test/test/wp-content/plugins/plugintestslughere/tests/unit/tests/link/themeFile.php" tests="24" assertions="48" errors="0" failures="0" skipped="0" time="2.854377">
        <testsuite name="Test_Theme_File::test_theme_file_uri_with_parent_theme" tests="4" assertions="8" errors="0" failures="0" skipped="0" time="0.435322">
          <testcase name="test_theme_file_uri_with_parent_theme with data set #0" class="Test_Theme_File" classname="Test_Theme_File" file="/var/www/html/test/wordpress_test/inpsyde_test/test/wp-content/plugins/plugintestslughere/tests/unit/tests/link/themeFile.php" line="49" assertions="2" time="0.139650"/>
          <testcase name="test_theme_file_uri_with_parent_theme with data set #1" class="Test_Theme_File" classname="Test_Theme_File" file="/var/www/html/test/wordpress_test/inpsyde_test/test/wp-content/plugins/plugintestslughere/tests/unit/tests/link/themeFile.php" line="49" assertions="2" time="0.109350"/>
          <testcase name="test_theme_file_uri_with_parent_theme with data set #2" class="Test_Theme_File" classname="Test_Theme_File" file="/var/www/html/test/wordpress_test/inpsyde_test/test/wp-content/plugins/plugintestslughere/tests/unit/tests/link/themeFile.php" line="49" assertions="2" time="0.077049"/>
          <testcase name="test_theme_file_uri_with_parent_theme with data set #3" class="Test_Theme_File" classname="Test_Theme_File" file="/var/www/html/test/wordpress_test/inpsyde_test/test/wp-content/plugins/plugintestslughere/tests/unit/tests/link/themeFile.php" line="49" assertions="2" time="0.109273"/>
        </testsuite>
        <testsuite name="Test_Theme_File::test_theme_file_uri_with_child_theme" tests="4" assertions="8" errors="0" failures="0" skipped="0" time="0.391745">
          <testcase name="test_theme_file_uri_with_child_theme with data set #0" class="Test_Theme_File" classname="Test_Theme_File" file="/var/www/html/test/wordpress_test/inpsyde_test/test/wp-content/plugins/plugintestslughere/tests/unit/tests/link/themeFile.php" line="62" assertions="2" time="0.087496"/>
          <testcase name="test_theme_file_uri_with_child_theme with data set #1" class="Test_Theme_File" classname="Test_Theme_File" file="/var/www/html/test/wordpress_test/inpsyde_test/test/wp-content/plugins/plugintestslughere/tests/unit/tests/link/themeFile.php" line="62" assertions="2" time="0.098809"/>
          <testcase name="test_theme_file_uri_with_child_theme with data set #2" class="Test_Theme_File" classname="Test_Theme_File" file="/var/www/html/test/wordpress_test/inpsyde_test/test/wp-content/plugins/plugintestslughere/tests/unit/tests/link/themeFile.php" line="62" assertions="2" time="0.088858"/>
          <testcase name="test_theme_file_uri_with_child_theme with data set #3" class="Test_Theme_File" classname="Test_Theme_File" file="/var/www/html/test/wordpress_test/inpsyde_test/test/wp-content/plugins/plugintestslughere/tests/unit/tests/link/themeFile.php" line="62" assertions="2" time="0.116582"/>
        </testsuite>
        <testsuite name="Test_Theme_File::test_theme_file_path_with_parent_theme" tests="4" assertions="8" errors="0" failures="0" skipped="0" time="1.411649">
          <testcase name="test_theme_file_path_with_parent_theme with data set #0" class="Test_Theme_File" classname="Test_Theme_File" file="/var/www/html/test/wordpress_test/inpsyde_test/test/wp-content/plugins/plugintestslughere/tests/unit/tests/link/themeFile.php" line="77" assertions="2" time="1.028315"/>
          <testcase name="test_theme_file_path_with_parent_theme with data set #1" class="Test_Theme_File" classname="Test_Theme_File" file="/var/www/html/test/wordpress_test/inpsyde_test/test/wp-content/plugins/plugintestslughere/tests/unit/tests/link/themeFile.php" line="77" assertions="2" time="0.109613"/>
          <testcase name="test_theme_file_path_with_parent_theme with data set #2" class="Test_Theme_File" classname="Test_Theme_File" file="/var/www/html/test/wordpress_test/inpsyde_test/test/wp-content/plugins/plugintestslughere/tests/unit/tests/link/themeFile.php" line="77" assertions="2" time="0.170043"/>
          <testcase name="test_theme_file_path_with_parent_theme with data set #3" class="Test_Theme_File" classname="Test_Theme_File" file="/var/www/html/test/wordpress_test/inpsyde_test/test/wp-content/plugins/plugintestslughere/tests/unit/tests/link/themeFile.php" line="77" assertions="2" time="0.103678"/>
        </testsuite>
        <testsuite name="Test_Theme_File::test_theme_file_path_with_child_theme" tests="4" assertions="8" errors="0" failures="0" skipped="0" time="0.393519">
          <testcase name="test_theme_file_path_with_child_theme with data set #0" class="Test_Theme_File" classname="Test_Theme_File" file="/var/www/html/test/wordpress_test/inpsyde_test/test/wp-content/plugins/plugintestslughere/tests/unit/tests/link/themeFile.php" line="90" assertions="2" time="0.108372"/>
          <testcase name="test_theme_file_path_with_child_theme with data set #1" class="Test_Theme_File" classname="Test_Theme_File" file="/var/www/html/test/wordpress_test/inpsyde_test/test/wp-content/plugins/plugintestslughere/tests/unit/tests/link/themeFile.php" line="90" assertions="2" time="0.087471"/>
          <testcase name="test_theme_file_path_with_child_theme with data set #2" class="Test_Theme_File" classname="Test_Theme_File" file="/var/www/html/test/wordpress_test/inpsyde_test/test/wp-content/plugins/plugintestslughere/tests/unit/tests/link/themeFile.php" line="90" assertions="2" time="0.098894"/>
          <testcase name="test_theme_file_path_with_child_theme with data set #3" class="Test_Theme_File" classname="Test_Theme_File" file="/var/www/html/test/wordpress_test/inpsyde_test/test/wp-content/plugins/plugintestslughere/tests/unit/tests/link/themeFile.php" line="90" assertions="2" time="0.098782"/>
        </testsuite>
        <testsuite name="Test_Theme_File::test_theme_file_existance" tests="4" assertions="8" errors="0" failures="0" skipped="0" time="0.118017">
          <testcase name="test_theme_file_existance with data set #0" class="Test_Theme_File" classname="Test_Theme_File" file="/var/www/html/test/wordpress_test/inpsyde_test/test/wp-content/plugins/plugintestslughere/tests/unit/tests/link/themeFile.php" line="107" assertions="2" time="0.037125"/>
          <testcase name="test_theme_file_existance with data set #1" class="Test_Theme_File" classname="Test_Theme_File" file="/var/www/html/test/wordpress_test/inpsyde_test/test/wp-content/plugins/plugintestslughere/tests/unit/tests/link/themeFile.php" line="107" assertions="2" time="0.032265"/>
          <testcase name="test_theme_file_existance with data set #2" class="Test_Theme_File" classname="Test_Theme_File" file="/var/www/html/test/wordpress_test/inpsyde_test/test/wp-content/plugins/plugintestslughere/tests/unit/tests/link/themeFile.php" line="107" assertions="2" time="0.025278"/>
          <testcase name="test_theme_file_existance with data set #3" class="Test_Theme_File" classname="Test_Theme_File" file="/var/www/html/test/wordpress_test/inpsyde_test/test/wp-content/plugins/plugintestslughere/tests/unit/tests/link/themeFile.php" line="107" assertions="2" time="0.023349"/>
        </testsuite>
        <testsuite name="Test_Theme_File::test_theme_file_uri_returns_valid_uri" tests="4" assertions="8" errors="0" failures="0" skipped="0" time="0.104125">
          <testcase name="test_theme_file_uri_returns_valid_uri with data set #0" class="Test_Theme_File" classname="Test_Theme_File" file="/var/www/html/test/wordpress_test/inpsyde_test/test/wp-content/plugins/plugintestslughere/tests/unit/tests/link/themeFile.php" line="128" assertions="2" time="0.024978"/>
          <testcase name="test_theme_file_uri_returns_valid_uri with data set #1" class="Test_Theme_File" classname="Test_Theme_File" file="/var/www/html/test/wordpress_test/inpsyde_test/test/wp-content/plugins/plugintestslughere/tests/unit/tests/link/themeFile.php" line="128" assertions="2" time="0.024572"/>
          <testcase name="test_theme_file_uri_returns_valid_uri with data set #2" class="Test_Theme_File" classname="Test_Theme_File" file="/var/www/html/test/wordpress_test/inpsyde_test/test/wp-content/plugins/plugintestslughere/tests/unit/tests/link/themeFile.php" line="128" assertions="2" time="0.024881"/>
          <testcase name="test_theme_file_uri_returns_valid_uri with data set #3" class="Test_Theme_File" classname="Test_Theme_File" file="/var/www/html/test/wordpress_test/inpsyde_test/test/wp-content/plugins/plugintestslughere/tests/unit/tests/link/themeFile.php" line="128" assertions="2" time="0.029694"/>
        </testsuite>
      </testsuite>
      <testsuite name="Tests_WpGetCanonicalURL" file="/var/www/html/test/wordpress_test/inpsyde_test/test/wp-content/plugins/plugintestslughere/tests/unit/tests/link/wpGetCanonicalURL.php" tests="8" assertions="8" errors="0" failures="0" skipped="0" time="0.553149">
        <testcase name="test_non_existing_post" class="Tests_WpGetCanonicalURL" classname="Tests_WpGetCanonicalURL" file="/var/www/html/test/wordpress_test/inpsyde_test/test/wp-content/plugins/plugintestslughere/tests/unit/tests/link/wpGetCanonicalURL.php" line="23" assertions="1" time="0.061463"/>
        <testcase name="test_post_status" class="Tests_WpGetCanonicalURL" classname="Tests_WpGetCanonicalURL" file="/var/www/html/test/wordpress_test/inpsyde_test/test/wp-content/plugins/plugintestslughere/tests/unit/tests/link/wpGetCanonicalURL.php" line="30" assertions="1" time="0.118830"/>
        <testcase name="test_non_current_page" class="Tests_WpGetCanonicalURL" classname="Tests_WpGetCanonicalURL" file="/var/www/html/test/wordpress_test/inpsyde_test/test/wp-content/plugins/plugintestslughere/tests/unit/tests/link/wpGetCanonicalURL.php" line="43" assertions="1" time="0.040226"/>
        <testcase name="test_paged_with_plain_permalink_structure" class="Tests_WpGetCanonicalURL" classname="Tests_WpGetCanonicalURL" file="/var/www/html/test/wordpress_test/inpsyde_test/test/wp-content/plugins/plugintestslughere/tests/unit/tests/link/wpGetCanonicalURL.php" line="50" assertions="1" time="0.043924"/>
        <testcase name="test_paged_with_custom_permalink_structure" class="Tests_WpGetCanonicalURL" classname="Tests_WpGetCanonicalURL" file="/var/www/html/test/wordpress_test/inpsyde_test/test/wp-content/plugins/plugintestslughere/tests/unit/tests/link/wpGetCanonicalURL.php" line="74" assertions="1" time="0.090276"/>
        <testcase name="test_comments_paged_with_plain_permalink_structure" class="Tests_WpGetCanonicalURL" classname="Tests_WpGetCanonicalURL" file="/var/www/html/test/wordpress_test/inpsyde_test/test/wp-content/plugins/plugintestslughere/tests/unit/tests/link/wpGetCanonicalURL.php" line="96" assertions="1" time="0.058249"/>
        <testcase name="test_comments_paged_with_pretty_permalink_structure" class="Tests_WpGetCanonicalURL" classname="Tests_WpGetCanonicalURL" file="/var/www/html/test/wordpress_test/inpsyde_test/test/wp-content/plugins/plugintestslughere/tests/unit/tests/link/wpGetCanonicalURL.php" line="122" assertions="1" time="0.094694"/>
        <testcase name="test_get_canonical_url_filter" class="Tests_WpGetCanonicalURL" classname="Tests_WpGetCanonicalURL" file="/var/www/html/test/wordpress_test/inpsyde_test/test/wp-content/plugins/plugintestslughere/tests/unit/tests/link/wpGetCanonicalURL.php" line="146" assertions="1" time="0.045487"/>
      </testsuite>
      <testsuite name="Tests_Functions_Convert_Hr_To_Bytes" file="/var/www/html/test/wordpress_test/inpsyde_test/test/wp-content/plugins/plugintestslughere/tests/unit/tests/load/convertHrToBytes.php" tests="15" assertions="15" errors="0" failures="0" skipped="0" time="0.386639">
        <testsuite name="Tests_Functions_Convert_Hr_To_Bytes::test_wp_convert_hr_to_bytes" tests="15" assertions="15" errors="0" failures="0" skipped="0" time="0.386639">
          <testcase name="test_wp_convert_hr_to_bytes with data set #0" class="Tests_Functions_Convert_Hr_To_Bytes" classname="Tests_Functions_Convert_Hr_To_Bytes" file="/var/www/html/test/wordpress_test/inpsyde_test/test/wp-content/plugins/plugintestslughere/tests/unit/tests/load/convertHrToBytes.php" line="19" assertions="1" time="0.045533"/>
          <testcase name="test_wp_convert_hr_to_bytes with data set #1" class="Tests_Functions_Convert_Hr_To_Bytes" classname="Tests_Functions_Convert_Hr_To_Bytes" file="/var/www/html/test/wordpress_test/inpsyde_test/test/wp-content/plugins/plugintestslughere/tests/unit/tests/load/convertHrToBytes.php" line="19" assertions="1" time="0.036607"/>
          <testcase name="test_wp_convert_hr_to_bytes with data set #2" class="Tests_Functions_Convert_Hr_To_Bytes" classname="Tests_Functions_Convert_Hr_To_Bytes" file="/var/www/html/test/wordpress_test/inpsyde_test/test/wp-content/plugins/plugintestslughere/tests/unit/tests/load/convertHrToBytes.php" line="19" assertions="1" time="0.032006"/>
          <testcase name="test_wp_convert_hr_to_bytes with data set #3" class="Tests_Functions_Convert_Hr_To_Bytes" classname="Tests_Functions_Convert_Hr_To_Bytes" file="/var/www/html/test/wordpress_test/inpsyde_test/test/wp-content/plugins/plugintestslughere/tests/unit/tests/load/convertHrToBytes.php" line="19" assertions="1" time="0.028716"/>
          <testcase name="test_wp_convert_hr_to_bytes with data set #4" class="Tests_Functions_Convert_Hr_To_Bytes" classname="Tests_Functions_Convert_Hr_To_Bytes" file="/var/www/html/test/wordpress_test/inpsyde_test/test/wp-content/plugins/plugintestslughere/tests/unit/tests/load/convertHrToBytes.php" line="19" assertions="1" time="0.025475"/>
          <testcase name="test_wp_convert_hr_to_bytes with data set #5" class="Tests_Functions_Convert_Hr_To_Bytes" classname="Tests_Functions_Convert_Hr_To_Bytes" file="/var/www/html/test/wordpress_test/inpsyde_test/test/wp-content/plugins/plugintestslughere/tests/unit/tests/load/convertHrToBytes.php" line="19" assertions="1" time="0.023225"/>
          <testcase name="test_wp_convert_hr_to_bytes with data set #6" class="Tests_Functions_Convert_Hr_To_Bytes" classname="Tests_Functions_Convert_Hr_To_Bytes" file="/var/www/html/test/wordpress_test/inpsyde_test/test/wp-content/plugins/plugintestslughere/tests/unit/tests/load/convertHrToBytes.php" line="19" assertions="1" time="0.021840"/>
          <testcase name="test_wp_convert_hr_to_bytes with data set #7" class="Tests_Functions_Convert_Hr_To_Bytes" classname="Tests_Functions_Convert_Hr_To_Bytes" file="/var/www/html/test/wordpress_test/inpsyde_test/test/wp-content/plugins/plugintestslughere/tests/unit/tests/load/convertHrToBytes.php" line="19" assertions="1" time="0.022590"/>
          <testcase name="test_wp_convert_hr_to_bytes with data set #8" class="Tests_Functions_Convert_Hr_To_Bytes" classname="Tests_Functions_Convert_Hr_To_Bytes" file="/var/www/html/test/wordpress_test/inpsyde_test/test/wp-content/plugins/plugintestslughere/tests/unit/tests/load/convertHrToBytes.php" line="19" assertions="1" time="0.022377"/>
          <testcase name="test_wp_convert_hr_to_bytes with data set #9" class="Tests_Functions_Convert_Hr_To_Bytes" classname="Tests_Functions_Convert_Hr_To_Bytes" file="/var/www/html/test/wordpress_test/inpsyde_test/test/wp-content/plugins/plugintestslughere/tests/unit/tests/load/convertHrToBytes.php" line="19" assertions="1" time="0.021239"/>
          <testcase name="test_wp_convert_hr_to_bytes with data set #10" class="Tests_Functions_Convert_Hr_To_Bytes" classname="Tests_Functions_Convert_Hr_To_Bytes" file="/var/www/html/test/wordpress_test/inpsyde_test/test/wp-content/plugins/plugintestslughere/tests/unit/tests/load/convertHrToBytes.php" line="19" assertions="1" time="0.021752"/>
          <testcase name="test_wp_convert_hr_to_bytes with data set #11" class="Tests_Functions_Convert_Hr_To_Bytes" classname="Tests_Functions_Convert_Hr_To_Bytes" file="/var/www/html/test/wordpress_test/inpsyde_test/test/wp-content/plugins/plugintestslughere/tests/unit/tests/load/convertHrToBytes.php" line="19" assertions="1" time="0.021486"/>
          <testcase name="test_wp_convert_hr_to_bytes with data set #12" class="Tests_Functions_Convert_Hr_To_Bytes" classname="Tests_Functions_Convert_Hr_To_Bytes" file="/var/www/html/test/wordpress_test/inpsyde_test/test/wp-content/plugins/plugintestslughere/tests/unit/tests/load/convertHrToBytes.php" line="19" assertions="1" time="0.021008"/>
          <testcase name="test_wp_convert_hr_to_bytes with data set #13" class="Tests_Functions_Convert_Hr_To_Bytes" classname="Tests_Functions_Convert_Hr_To_Bytes" file="/var/www/html/test/wordpress_test/inpsyde_test/test/wp-content/plugins/plugintestslughere/tests/unit/tests/load/convertHrToBytes.php" line="19" assertions="1" time="0.021161"/>
          <testcase name="test_wp_convert_hr_to_bytes with data set #14" class="Tests_Functions_Convert_Hr_To_Bytes" classname="Tests_Functions_Convert_Hr_To_Bytes" file="/var/www/html/test/wordpress_test/inpsyde_test/test/wp-content/plugins/plugintestslughere/tests/unit/tests/load/convertHrToBytes.php" line="19" assertions="1" time="0.021624"/>
        </testsuite>
      </testsuite>
      <testsuite name="Tests_Functions_Is_Ini_Value_Changeable" file="/var/www/html/test/wordpress_test/inpsyde_test/test/wp-content/plugins/plugintestslughere/tests/unit/tests/load/isIniValueChangeable.php" tests="5" assertions="5" errors="0" failures="0" skipped="0" time="0.126864">
        <testsuite name="Tests_Functions_Is_Ini_Value_Changeable::test_wp_is_ini_value_changeable" tests="5" assertions="5" errors="0" failures="0" skipped="0" time="0.126864">
          <testcase name="test_wp_is_ini_value_changeable with data set #0" class="Tests_Functions_Is_Ini_Value_Changeable" classname="Tests_Functions_Is_Ini_Value_Changeable" file="/var/www/html/test/wordpress_test/inpsyde_test/test/wp-content/plugins/plugintestslughere/tests/unit/tests/load/isIniValueChangeable.php" line="20" assertions="1" time="0.028371"/>
          <testcase name="test_wp_is_ini_value_changeable with data set #1" class="Tests_Functions_Is_Ini_Value_Changeable" classname="Tests_Functions_Is_Ini_Value_Changeable" file="/var/www/html/test/wordpress_test/inpsyde_test/test/wp-content/plugins/plugintestslughere/tests/unit/tests/load/isIniValueChangeable.php" line="20" assertions="1" time="0.026066"/>
          <testcase name="test_wp_is_ini_value_changeable with data set #2" class="Tests_Functions_Is_Ini_Value_Changeable" classname="Tests_Functions_Is_Ini_Value_Changeable" file="/var/www/html/test/wordpress_test/inpsyde_test/test/wp-content/plugins/plugintestslughere/tests/unit/tests/load/isIniValueChangeable.php" line="20" assertions="1" time="0.024963"/>
          <testcase name="test_wp_is_ini_value_changeable with data set #3" class="Tests_Functions_Is_Ini_Value_Changeable" classname="Tests_Functions_Is_Ini_Value_Changeable" file="/var/www/html/test/wordpress_test/inpsyde_test/test/wp-content/plugins/plugintestslughere/tests/unit/tests/load/isIniValueChangeable.php" line="20" assertions="1" time="0.024848"/>
          <testcase name="test_wp_is_ini_value_changeable with data set #4" class="Tests_Functions_Is_Ini_Value_Changeable" classname="Tests_Functions_Is_Ini_Value_Changeable" file="/var/www/html/test/wordpress_test/inpsyde_test/test/wp-content/plugins/plugintestslughere/tests/unit/tests/load/isIniValueChangeable.php" line="20" assertions="1" time="0.022616"/>
        </testsuite>
      </testsuite>
      <testsuite name="Tests_Locale" file="/var/www/html/test/wordpress_test/inpsyde_test/test/wp-content/plugins/plugintestslughere/tests/unit/tests/locale.php" tests="9" assertions="63" errors="0" failures="0" skipped="0" time="0.264885">
        <testcase name="test_get_weekday" class="Tests_Locale" classname="Tests_Locale" file="/var/www/html/test/wordpress_test/inpsyde_test/test/wp-content/plugins/plugintestslughere/tests/unit/tests/locale.php" line="18" assertions="7" time="0.045881"/>
        <testcase name="test_get_weekday_undefined_index" class="Tests_Locale" classname="Tests_Locale" file="/var/www/html/test/wordpress_test/inpsyde_test/test/wp-content/plugins/plugintestslughere/tests/unit/tests/locale.php" line="28" assertions="1" time="0.038393"/>
        <testcase name="test_get_weekday_initial" class="Tests_Locale" classname="Tests_Locale" file="/var/www/html/test/wordpress_test/inpsyde_test/test/wp-content/plugins/plugintestslughere/tests/unit/tests/locale.php" line="38" assertions="7" time="0.033677"/>
        <testcase name="test_get_weekday_abbrev" class="Tests_Locale" classname="Tests_Locale" file="/var/www/html/test/wordpress_test/inpsyde_test/test/wp-content/plugins/plugintestslughere/tests/unit/tests/locale.php" line="48" assertions="7" time="0.029359"/>
        <testcase name="test_get_month" class="Tests_Locale" classname="Tests_Locale" file="/var/www/html/test/wordpress_test/inpsyde_test/test/wp-content/plugins/plugintestslughere/tests/unit/tests/locale.php" line="58" assertions="12" time="0.023797"/>
        <testcase name="test_get_month_leading_zero" class="Tests_Locale" classname="Tests_Locale" file="/var/www/html/test/wordpress_test/inpsyde_test/test/wp-content/plugins/plugintestslughere/tests/unit/tests/locale.php" line="73" assertions="9" time="0.023252"/>
        <testcase name="test_get_month_abbrev" class="Tests_Locale" classname="Tests_Locale" file="/var/www/html/test/wordpress_test/inpsyde_test/test/wp-content/plugins/plugintestslughere/tests/unit/tests/locale.php" line="85" assertions="12" time="0.023576"/>
        <testcase name="test_get_meridiem" class="Tests_Locale" classname="Tests_Locale" file="/var/www/html/test/wordpress_test/inpsyde_test/test/wp-content/plugins/plugintestslughere/tests/unit/tests/locale.php" line="100" assertions="4" time="0.023341"/>
        <testcase name="test_is_rtl" class="Tests_Locale" classname="Tests_Locale" file="/var/www/html/test/wordpress_test/inpsyde_test/test/wp-content/plugins/plugintestslughere/tests/unit/tests/locale.php" line="107" assertions="4" time="0.023609"/>
      </testsuite>
      <testsuite name="Tests_Mail" file="/var/www/html/test/wordpress_test/inpsyde_test/test/wp-content/plugins/plugintestslughere/tests/unit/tests/mail.php" tests="19" assertions="42" errors="0" failures="0" skipped="0" time="0.471222">
        <testcase name="test_wp_mail_break_it" class="Tests_Mail" classname="Tests_Mail" file="/var/www/html/test/wordpress_test/inpsyde_test/test/wp-content/plugins/plugintestslughere/tests/unit/tests/mail.php" line="25" assertions="1" time="0.035819"/>
        <testcase name="test_wp_mail_custom_boundaries" class="Tests_Mail" classname="Tests_Mail" file="/var/www/html/test/wordpress_test/inpsyde_test/test/wp-content/plugins/plugintestslughere/tests/unit/tests/mail.php" line="30" assertions="3" time="0.030403"/>
        <testcase name="test_wp_mail_rfc2822_addresses" class="Tests_Mail" classname="Tests_Mail" file="/var/www/html/test/wordpress_test/inpsyde_test/test/wp-content/plugins/plugintestslughere/tests/unit/tests/mail.php" line="91" assertions="7" time="0.026874"/>
        <testcase name="test_wp_mail_multiple_rfc2822_to_addresses" class="Tests_Mail" classname="Tests_Mail" file="/var/www/html/test/wordpress_test/inpsyde_test/test/wp-content/plugins/plugintestslughere/tests/unit/tests/mail.php" line="121" assertions="5" time="0.024896"/>
        <testcase name="test_wp_mail_multiple_to_addresses" class="Tests_Mail" classname="Tests_Mail" file="/var/www/html/test/wordpress_test/inpsyde_test/test/wp-content/plugins/plugintestslughere/tests/unit/tests/mail.php" line="138" assertions="3" time="0.023640"/>
        <testcase name="test_wp_mail_to_address_no_name" class="Tests_Mail" classname="Tests_Mail" file="/var/www/html/test/wordpress_test/inpsyde_test/test/wp-content/plugins/plugintestslughere/tests/unit/tests/mail.php" line="154" assertions="2" time="0.023617"/>
        <testcase name="test_wp_mail_return_value" class="Tests_Mail" classname="Tests_Mail" file="/var/www/html/test/wordpress_test/inpsyde_test/test/wp-content/plugins/plugintestslughere/tests/unit/tests/mail.php" line="169" assertions="3" time="0.025427"/>
        <testcase name="test_wp_mail_with_valid_from_header" class="Tests_Mail" classname="Tests_Mail" file="/var/www/html/test/wordpress_test/inpsyde_test/test/wp-content/plugins/plugintestslughere/tests/unit/tests/mail.php" line="183" assertions="1" time="0.021248"/>
        <testcase name="test_wp_mail_with_empty_from_header" class="Tests_Mail" classname="Tests_Mail" file="/var/www/html/test/wordpress_test/inpsyde_test/test/wp-content/plugins/plugintestslughere/tests/unit/tests/mail.php" line="199" assertions="1" time="0.022537"/>
        <testcase name="test_wp_mail_with_empty_from_name_for_the_from_header" class="Tests_Mail" classname="Tests_Mail" file="/var/www/html/test/wordpress_test/inpsyde_test/test/wp-content/plugins/plugintestslughere/tests/unit/tests/mail.php" line="215" assertions="1" time="0.023597"/>
        <testcase name="test_wp_mail_with_valid_content_type_header" class="Tests_Mail" classname="Tests_Mail" file="/var/www/html/test/wordpress_test/inpsyde_test/test/wp-content/plugins/plugintestslughere/tests/unit/tests/mail.php" line="231" assertions="1" time="0.023897"/>
        <testcase name="test_wp_mail_with_empty_content_type_header" class="Tests_Mail" classname="Tests_Mail" file="/var/www/html/test/wordpress_test/inpsyde_test/test/wp-content/plugins/plugintestslughere/tests/unit/tests/mail.php" line="247" assertions="1" time="0.023102"/>
        <testcase name="test_wp_mail_with_empty_charset_for_the_content_type_header" class="Tests_Mail" classname="Tests_Mail" file="/var/www/html/test/wordpress_test/inpsyde_test/test/wp-content/plugins/plugintestslughere/tests/unit/tests/mail.php" line="263" assertions="1" time="0.023446"/>
        <testcase name="test_wp_mail_does_not_duplicate_mime_version_header" class="Tests_Mail" classname="Tests_Mail" file="/var/www/html/test/wordpress_test/inpsyde_test/test/wp-content/plugins/plugintestslughere/tests/unit/tests/mail.php" line="279" assertions="1" time="0.023391"/>
        <testcase name="test_wp_mail_content_transfer_encoding_in_quoted_printable_multipart" class="Tests_Mail" classname="Tests_Mail" file="/var/www/html/test/wordpress_test/inpsyde_test/test/wp-content/plugins/plugintestslughere/tests/unit/tests/mail.php" line="312" assertions="1" time="0.027586"/>
        <testcase name="test_wp_mail_addresses_arent_encoded" class="Tests_Mail" classname="Tests_Mail" file="/var/www/html/test/wordpress_test/inpsyde_test/test/wp-content/plugins/plugintestslughere/tests/unit/tests/mail.php" line="329" assertions="5" time="0.024044"/>
        <testcase name="test_wp_mail_sender_not_set" class="Tests_Mail" classname="Tests_Mail" file="/var/www/html/test/wordpress_test/inpsyde_test/test/wp-content/plugins/plugintestslughere/tests/unit/tests/mail.php" line="371" assertions="1" time="0.023409"/>
        <testcase name="test_phpmailer_exception_thrown" class="Tests_Mail" classname="Tests_Mail" file="/var/www/html/test/wordpress_test/inpsyde_test/test/wp-content/plugins/plugintestslughere/tests/unit/tests/mail.php" line="382" assertions="3" time="0.022379"/>
        <testcase name="test_phpmailer_validator" class="Tests_Mail" classname="Tests_Mail" file="/var/www/html/test/wordpress_test/inpsyde_test/test/wp-content/plugins/plugintestslughere/tests/unit/tests/mail.php" line="414" assertions="1" time="0.021910"/>
      </testsuite>
      <testsuite name="Tests_Media" file="/var/www/html/test/wordpress_test/inpsyde_test/test/wp-content/plugins/plugintestslughere/tests/unit/tests/media.php" tests="133" assertions="219" errors="0" failures="0" skipped="11" time="12.350354">
        <testcase name="test_img_caption_shortcode_added" class="Tests_Media" classname="Tests_Media" file="/var/www/html/test/wordpress_test/inpsyde_test/test/wp-content/plugins/plugintestslughere/tests/unit/tests/media.php" line="49" assertions="2" time="0.041954"/>
        <testcase name="test_img_caption_shortcode_with_empty_params" class="Tests_Media" classname="Tests_Media" file="/var/www/html/test/wordpress_test/inpsyde_test/test/wp-content/plugins/plugintestslughere/tests/unit/tests/media.php" line="55" assertions="1" time="0.035937"/>
        <testcase name="test_img_caption_shortcode_with_empty_params_but_content" class="Tests_Media" classname="Tests_Media" file="/var/www/html/test/wordpress_test/inpsyde_test/test/wp-content/plugins/plugintestslughere/tests/unit/tests/media.php" line="63" assertions="1" time="0.028880"/>
        <testcase name="test_img_caption_shortcode_short_circuit_filter" class="Tests_Media" classname="Tests_Media" file="/var/www/html/test/wordpress_test/inpsyde_test/test/wp-content/plugins/plugintestslughere/tests/unit/tests/media.php" line="71" assertions="1" time="0.020891"/>
        <testcase name="test_img_caption_shortcode_empty_width" class="Tests_Media" classname="Tests_Media" file="/var/www/html/test/wordpress_test/inpsyde_test/test/wp-content/plugins/plugintestslughere/tests/unit/tests/media.php" line="88" assertions="1" time="0.021202"/>
        <testcase name="test_img_caption_shortcode_empty_caption" class="Tests_Media" classname="Tests_Media" file="/var/www/html/test/wordpress_test/inpsyde_test/test/wp-content/plugins/plugintestslughere/tests/unit/tests/media.php" line="101" assertions="1" time="0.021280"/>
        <testcase name="test_img_caption_shortcode_empty_caption_and_content" class="Tests_Media" classname="Tests_Media" file="/var/www/html/test/wordpress_test/inpsyde_test/test/wp-content/plugins/plugintestslughere/tests/unit/tests/media.php" line="113" assertions="1" time="0.020816"/>
        <testcase name="test_img_caption_shortcode_with_old_format" class="Tests_Media" classname="Tests_Media" file="/var/www/html/test/wordpress_test/inpsyde_test/test/wp-content/plugins/plugintestslughere/tests/unit/tests/media.php" line="123" assertions="4" time="0.021121"/>
        <testcase name="test_img_caption_shortcode_with_old_format_id_and_align" class="Tests_Media" classname="Tests_Media" file="/var/www/html/test/wordpress_test/inpsyde_test/test/wp-content/plugins/plugintestslughere/tests/unit/tests/media.php" line="142" assertions="3" time="0.021309"/>
        <testcase name="test_img_caption_shortcode_with_old_format_and_class" class="Tests_Media" classname="Tests_Media" file="/var/www/html/test/wordpress_test/inpsyde_test/test/wp-content/plugins/plugintestslughere/tests/unit/tests/media.php" line="156" assertions="1" time="0.021195"/>
        <testcase name="test_new_img_caption_shortcode_with_html_caption" class="Tests_Media" classname="Tests_Media" file="/var/www/html/test/wordpress_test/inpsyde_test/test/wp-content/plugins/plugintestslughere/tests/unit/tests/media.php" line="168" assertions="1" time="0.021771"/>
        <testcase name="test_new_img_caption_shortcode_new_format" class="Tests_Media" classname="Tests_Media" file="/var/www/html/test/wordpress_test/inpsyde_test/test/wp-content/plugins/plugintestslughere/tests/unit/tests/media.php" line="180" assertions="2" time="0.020953"/>
        <testcase name="test_new_img_caption_shortcode_new_format_and_linked_image" class="Tests_Media" classname="Tests_Media" file="/var/www/html/test/wordpress_test/inpsyde_test/test/wp-content/plugins/plugintestslughere/tests/unit/tests/media.php" line="192" assertions="2" time="0.020856"/>
        <testcase name="test_new_img_caption_shortcode_new_format_and_linked_image_with_newline" class="Tests_Media" classname="Tests_Media" file="/var/www/html/test/wordpress_test/inpsyde_test/test/wp-content/plugins/plugintestslughere/tests/unit/tests/media.php" line="205" assertions="2" time="0.019239"/>
        <testcase name="test_img_caption_shortcode_has_aria_describedby" class="Tests_Media" classname="Tests_Media" file="/var/www/html/test/wordpress_test/inpsyde_test/test/wp-content/plugins/plugintestslughere/tests/unit/tests/media.php" line="221" assertions="1" time="0.020288"/>
        <testcase name="test_add_remove_oembed_provider" class="Tests_Media" classname="Tests_Media" file="/var/www/html/test/wordpress_test/inpsyde_test/test/wp-content/plugins/plugintestslughere/tests/unit/tests/media.php" line="233" assertions="2" time="0.021886"/>
        <testcase name="test_autoembed_empty" class="Tests_Media" classname="Tests_Media" file="/var/www/html/test/wordpress_test/inpsyde_test/test/wp-content/plugins/plugintestslughere/tests/unit/tests/media.php" line="242" assertions="1" time="0.021287"/>
        <testcase name="test_autoembed_no_paragraphs_around_urls" class="Tests_Media" classname="Tests_Media" file="/var/www/html/test/wordpress_test/inpsyde_test/test/wp-content/plugins/plugintestslughere/tests/unit/tests/media.php" line="254" assertions="1" time="1.520782"/>
        <testsuite name="Tests_Media::test_autoembed" tests="10" assertions="10" errors="0" failures="0" skipped="0" time="0.240616">
          <testcase name="test_autoembed with data set #0" class="Tests_Media" classname="Tests_Media" file="/var/www/html/test/wordpress_test/inpsyde_test/test/wp-content/plugins/plugintestslughere/tests/unit/tests/media.php" line="333" assertions="1" time="0.040660"/>
          <testcase name="test_autoembed with data set #1" class="Tests_Media" classname="Tests_Media" file="/var/www/html/test/wordpress_test/inpsyde_test/test/wp-content/plugins/plugintestslughere/tests/unit/tests/media.php" line="333" assertions="1" time="0.026989"/>
          <testcase name="test_autoembed with data set #2" class="Tests_Media" classname="Tests_Media" file="/var/www/html/test/wordpress_test/inpsyde_test/test/wp-content/plugins/plugintestslughere/tests/unit/tests/media.php" line="333" assertions="1" time="0.021819"/>
          <testcase name="test_autoembed with data set #3" class="Tests_Media" classname="Tests_Media" file="/var/www/html/test/wordpress_test/inpsyde_test/test/wp-content/plugins/plugintestslughere/tests/unit/tests/media.php" line="333" assertions="1" time="0.021028"/>
          <testcase name="test_autoembed with data set #4" class="Tests_Media" classname="Tests_Media" file="/var/www/html/test/wordpress_test/inpsyde_test/test/wp-content/plugins/plugintestslughere/tests/unit/tests/media.php" line="333" assertions="1" time="0.021601"/>
          <testcase name="test_autoembed with data set #5" class="Tests_Media" classname="Tests_Media" file="/var/www/html/test/wordpress_test/inpsyde_test/test/wp-content/plugins/plugintestslughere/tests/unit/tests/media.php" line="333" assertions="1" time="0.022050"/>
          <testcase name="test_autoembed with data set #6" class="Tests_Media" classname="Tests_Media" file="/var/www/html/test/wordpress_test/inpsyde_test/test/wp-content/plugins/plugintestslughere/tests/unit/tests/media.php" line="333" assertions="1" time="0.021553"/>
          <testcase name="test_autoembed with data set #7" class="Tests_Media" classname="Tests_Media" file="/var/www/html/test/wordpress_test/inpsyde_test/test/wp-content/plugins/plugintestslughere/tests/unit/tests/media.php" line="333" assertions="1" time="0.021511"/>
          <testcase name="test_autoembed with data set #8" class="Tests_Media" classname="Tests_Media" file="/var/www/html/test/wordpress_test/inpsyde_test/test/wp-content/plugins/plugintestslughere/tests/unit/tests/media.php" line="333" assertions="1" time="0.021773"/>
          <testcase name="test_autoembed with data set #9" class="Tests_Media" classname="Tests_Media" file="/var/www/html/test/wordpress_test/inpsyde_test/test/wp-content/plugins/plugintestslughere/tests/unit/tests/media.php" line="333" assertions="1" time="0.021632"/>
        </testsuite>
        <testcase name="test_wp_prepare_attachment_for_js" class="Tests_Media" classname="Tests_Media" file="/var/www/html/test/wordpress_test/inpsyde_test/test/wp-content/plugins/plugintestslughere/tests/unit/tests/media.php" line="339" assertions="15" time="0.182756"/>
        <testcase name="test_wp_prepare_attachment_for_js_without_image_sizes" class="Tests_Media" classname="Tests_Media" file="/var/www/html/test/wordpress_test/inpsyde_test/test/wp-content/plugins/plugintestslughere/tests/unit/tests/media.php" line="393" assertions="1" time="0.164666"/>
        <testcase name="test_wp_convert_bytes_to_hr" class="Tests_Media" classname="Tests_Media" file="/var/www/html/test/wordpress_test/inpsyde_test/test/wp-content/plugins/plugintestslughere/tests/unit/tests/media.php" line="424" assertions="15" time="0.051025"/>
        <testcase name="test_get_attached_images" class="Tests_Media" classname="Tests_Media" file="/var/www/html/test/wordpress_test/inpsyde_test/test/wp-content/plugins/plugintestslughere/tests/unit/tests/media.php" line="462" assertions="1" time="0.247088"/>
        <testcase name="test_post_galleries_images" class="Tests_Media" classname="Tests_Media" file="/var/www/html/test/wordpress_test/inpsyde_test/test/wp-content/plugins/plugintestslughere/tests/unit/tests/media.php" line="480" assertions="1" time="0.285493"/>
        <testcase name="test_post_galleries_images_without_global_post" class="Tests_Media" classname="Tests_Media" file="/var/www/html/test/wordpress_test/inpsyde_test/test/wp-content/plugins/plugintestslughere/tests/unit/tests/media.php" line="531" assertions="1" time="0.198227"/>
        <testcase name="test_post_galleries_ignores_global_post" class="Tests_Media" classname="Tests_Media" file="/var/www/html/test/wordpress_test/inpsyde_test/test/wp-content/plugins/plugintestslughere/tests/unit/tests/media.php" line="556" assertions="2" time="0.219438"/>
        <testcase name="test_post_galleries_respects_id_attrs" class="Tests_Media" classname="Tests_Media" file="/var/www/html/test/wordpress_test/inpsyde_test/test/wp-content/plugins/plugintestslughere/tests/unit/tests/media.php" line="591" assertions="3" time="0.164448"/>
        <testcase name="test_post_gallery_images" class="Tests_Media" classname="Tests_Media" file="/var/www/html/test/wordpress_test/inpsyde_test/test/wp-content/plugins/plugintestslughere/tests/unit/tests/media.php" line="630" assertions="1" time="0.242334"/>
        <testcase name="test_get_media_embedded_in_content" class="Tests_Media" classname="Tests_Media" file="/var/www/html/test/wordpress_test/inpsyde_test/test/wp-content/plugins/plugintestslughere/tests/unit/tests/media.php" line="678" assertions="6" time="0.042544"/>
        <testcase name="test_get_media_embedded_in_content_order" class="Tests_Media" classname="Tests_Media" file="/var/www/html/test/wordpress_test/inpsyde_test/test/wp-content/plugins/plugintestslughere/tests/unit/tests/media.php" line="742" assertions="2" time="0.032592"/>
        <testcase name="test_wp_audio_shortcode_with_empty_params" class="Tests_Media" classname="Tests_Media" file="/var/www/html/test/wordpress_test/inpsyde_test/test/wp-content/plugins/plugintestslughere/tests/unit/tests/media.php" line="766" assertions="1" time="0.029030"/>
        <testcase name="test_wp_audio_shortcode_with_bad_attr" class="Tests_Media" classname="Tests_Media" file="/var/www/html/test/wordpress_test/inpsyde_test/test/wp-content/plugins/plugintestslughere/tests/unit/tests/media.php" line="773" assertions="1" time="0.027705"/>
        <testcase name="test_wp_audio_shortcode_attributes" class="Tests_Media" classname="Tests_Media" file="/var/www/html/test/wordpress_test/inpsyde_test/test/wp-content/plugins/plugintestslughere/tests/unit/tests/media.php" line="787" assertions="12" time="0.028057"/>
        <testcase name="test_video_shortcode_body" class="Tests_Media" classname="Tests_Media" file="/var/www/html/test/wordpress_test/inpsyde_test/test/wp-content/plugins/plugintestslughere/tests/unit/tests/media.php" line="823" assertions="1" time="0.024791"/>
        <testcase name="test_wp_video_shortcode_with_empty_params" class="Tests_Media" classname="Tests_Media" file="/var/www/html/test/wordpress_test/inpsyde_test/test/wp-content/plugins/plugintestslughere/tests/unit/tests/media.php" line="869" assertions="1" time="0.020734"/>
        <testcase name="test_wp_video_shortcode_with_bad_attr" class="Tests_Media" classname="Tests_Media" file="/var/www/html/test/wordpress_test/inpsyde_test/test/wp-content/plugins/plugintestslughere/tests/unit/tests/media.php" line="877" assertions="1" time="0.022231"/>
        <testcase name="test_wp_video_shortcode_attributes" class="Tests_Media" classname="Tests_Media" file="/var/www/html/test/wordpress_test/inpsyde_test/test/wp-content/plugins/plugintestslughere/tests/unit/tests/media.php" line="892" assertions="15" time="0.022871"/>
        <testcase name="test_wp_video_shortcode_youtube_remove_feature" class="Tests_Media" classname="Tests_Media" file="/var/www/html/test/wordpress_test/inpsyde_test/test/wp-content/plugins/plugintestslughere/tests/unit/tests/media.php" line="934" assertions="1" time="0.021752"/>
        <testcase name="test_wp_video_shortcode_youtube_force_ssl" class="Tests_Media" classname="Tests_Media" file="/var/www/html/test/wordpress_test/inpsyde_test/test/wp-content/plugins/plugintestslughere/tests/unit/tests/media.php" line="948" assertions="1" time="0.021328"/>
        <testcase name="test_wp_video_shortcode_vimeo_force_ssl_remove_query_args" class="Tests_Media" classname="Tests_Media" file="/var/www/html/test/wordpress_test/inpsyde_test/test/wp-content/plugins/plugintestslughere/tests/unit/tests/media.php" line="962" assertions="2" time="0.021697"/>
        <testcase name="test_wp_video_shortcode_vimeo_adds_loop" class="Tests_Media" classname="Tests_Media" file="/var/www/html/test/wordpress_test/inpsyde_test/test/wp-content/plugins/plugintestslughere/tests/unit/tests/media.php" line="977" assertions="1" time="0.021523"/>
        <testcase name="test_wp_video_shortcode_vimeo_force_adds_loop_true" class="Tests_Media" classname="Tests_Media" file="/var/www/html/test/wordpress_test/inpsyde_test/test/wp-content/plugins/plugintestslughere/tests/unit/tests/media.php" line="991" assertions="1" time="0.021430"/>
        <testcase name="test_add_image_size" class="Tests_Media" classname="Tests_Media" file="/var/www/html/test/wordpress_test/inpsyde_test/test/wp-content/plugins/plugintestslughere/tests/unit/tests/media.php" line="1005" assertions="4" time="0.021220"/>
        <testcase name="test_remove_image_size" class="Tests_Media" classname="Tests_Media" file="/var/www/html/test/wordpress_test/inpsyde_test/test/wp-content/plugins/plugintestslughere/tests/unit/tests/media.php" line="1026" assertions="2" time="0.021254"/>
        <testcase name="test_has_image_size" class="Tests_Media" classname="Tests_Media" file="/var/www/html/test/wordpress_test/inpsyde_test/test/wp-content/plugins/plugintestslughere/tests/unit/tests/media.php" line="1036" assertions="1" time="0.020378"/>
        <testcase name="test_attachment_url_to_postid" class="Tests_Media" classname="Tests_Media" file="/var/www/html/test/wordpress_test/inpsyde_test/test/wp-content/plugins/plugintestslughere/tests/unit/tests/media.php" line="1047" assertions="1" time="0.076836"/>
        <testcase name="test_attachment_url_to_postid_with_different_scheme" class="Tests_Media" classname="Tests_Media" file="/var/www/html/test/wordpress_test/inpsyde_test/test/wp-content/plugins/plugintestslughere/tests/unit/tests/media.php" line="1065" assertions="1" time="0.087832"/>
        <testcase name="test_attachment_url_to_postid_should_be_case_sensitive" class="Tests_Media" classname="Tests_Media" file="/var/www/html/test/wordpress_test/inpsyde_test/test/wp-content/plugins/plugintestslughere/tests/unit/tests/media.php" line="1083" assertions="1" time="0.120405"/>
        <testcase name="test_attachment_url_to_postid_filtered" class="Tests_Media" classname="Tests_Media" file="/var/www/html/test/wordpress_test/inpsyde_test/test/wp-content/plugins/plugintestslughere/tests/unit/tests/media.php" line="1108" assertions="1" time="0.109412"/>
        <testcase name="test_attachment_url_to_postid_with_empty_url" class="Tests_Media" classname="Tests_Media" file="/var/www/html/test/wordpress_test/inpsyde_test/test/wp-content/plugins/plugintestslughere/tests/unit/tests/media.php" line="1133" assertions="2" time="0.045260"/>
        <testcase name="test_media_handle_upload_sets_post_excerpt" class="Tests_Media" classname="Tests_Media" file="/var/www/html/test/wordpress_test/inpsyde_test/test/wp-content/plugins/plugintestslughere/tests/unit/tests/media.php" line="1142" assertions="1" time="0.130431"/>
        <testcase name="test_media_handle_upload_expected_titles" class="Tests_Media" classname="Tests_Media" file="/var/www/html/test/wordpress_test/inpsyde_test/test/wp-content/plugins/plugintestslughere/tests/unit/tests/media.php" line="1181" assertions="1" time="0.154091"/>
        <testcase name="test_multiline_cdata" class="Tests_Media" classname="Tests_Media" file="/var/www/html/test/wordpress_test/inpsyde_test/test/wp-content/plugins/plugintestslughere/tests/unit/tests/media.php" line="1220" assertions="1" time="0.047336"/>
        <testcase name="test_multiline_comment" class="Tests_Media" classname="Tests_Media" file="/var/www/html/test/wordpress_test/inpsyde_test/test/wp-content/plugins/plugintestslughere/tests/unit/tests/media.php" line="1237" assertions="1" time="0.043640"/>
        <testcase name="test_multiline_comment_with_embeds" class="Tests_Media" classname="Tests_Media" file="/var/www/html/test/wordpress_test/inpsyde_test/test/wp-content/plugins/plugintestslughere/tests/unit/tests/media.php" line="1254" assertions="1" time="3.342682"/>
        <testcase name="test_oembed_explicit_media_link" class="Tests_Media" classname="Tests_Media" file="/var/www/html/test/wordpress_test/inpsyde_test/test/wp-content/plugins/plugintestslughere/tests/unit/tests/media.php" line="1297" assertions="2" time="1.211287"/>
        <testcase name="test_wp_get_attachment_image_defaults" class="Tests_Media" classname="Tests_Media" file="/var/www/html/test/wordpress_test/inpsyde_test/test/wp-content/plugins/plugintestslughere/tests/unit/tests/media.php" line="1334" assertions="1" time="0.050878"/>
        <testcase name="test_wp_get_attachment_image_with_alt" class="Tests_Media" classname="Tests_Media" file="/var/www/html/test/wordpress_test/inpsyde_test/test/wp-content/plugins/plugintestslughere/tests/unit/tests/media.php" line="1351" assertions="1" time="0.091001"/>
        <testcase name="test_wp_get_attachment_image_url" class="Tests_Media" classname="Tests_Media" file="/var/www/html/test/wordpress_test/inpsyde_test/test/wp-content/plugins/plugintestslughere/tests/unit/tests/media.php" line="1372" assertions="2" time="0.130518"/>
        <testcase name="test_wp_get_attachment_caption" class="Tests_Media" classname="Tests_Media" file="/var/www/html/test/wordpress_test/inpsyde_test/test/wp-content/plugins/plugintestslughere/tests/unit/tests/media.php" line="1393" assertions="3" time="0.142414"/>
        <testcase name="test_wp_get_attachment_caption_empty" class="Tests_Media" classname="Tests_Media" file="/var/www/html/test/wordpress_test/inpsyde_test/test/wp-content/plugins/plugintestslughere/tests/unit/tests/media.php" line="1417" assertions="1" time="0.109935"/>
        <testcase name="test_wp_calculate_image_srcset" class="Tests_Media" classname="Tests_Media" file="/var/www/html/test/wordpress_test/inpsyde_test/test/wp-content/plugins/plugintestslughere/tests/unit/tests/media.php" line="1472" assertions="0" time="0.000541">
          <skipped/>
        </testcase>
        <testcase name="test_wp_calculate_image_srcset_no_date_uploads" class="Tests_Media" classname="Tests_Media" file="/var/www/html/test/wordpress_test/inpsyde_test/test/wp-content/plugins/plugintestslughere/tests/unit/tests/media.php" line="1520" assertions="0" time="0.000476">
          <skipped/>
        </testcase>
        <testcase name="test_wp_calculate_image_srcset_with_edits" class="Tests_Media" classname="Tests_Media" file="/var/www/html/test/wordpress_test/inpsyde_test/test/wp-content/plugins/plugintestslughere/tests/unit/tests/media.php" line="1577" assertions="0" time="0.000469">
          <skipped/>
        </testcase>
        <testcase name="test_wp_calculate_image_srcset_with_absolute_path_in_meta" class="Tests_Media" classname="Tests_Media" file="/var/www/html/test/wordpress_test/inpsyde_test/test/wp-content/plugins/plugintestslughere/tests/unit/tests/media.php" line="1611" assertions="0" time="0.000399">
          <skipped/>
        </testcase>
        <testcase name="test_wp_calculate_image_srcset_false" class="Tests_Media" classname="Tests_Media" file="/var/www/html/test/wordpress_test/inpsyde_test/test/wp-content/plugins/plugintestslughere/tests/unit/tests/media.php" line="1662" assertions="1" time="0.040353"/>
        <testcase name="test_wp_calculate_image_srcset_no_width" class="Tests_Media" classname="Tests_Media" file="/var/www/html/test/wordpress_test/inpsyde_test/test/wp-content/plugins/plugintestslughere/tests/unit/tests/media.php" line="1672" assertions="1" time="0.039823"/>
        <testcase name="test_wp_calculate_image_srcset_ratio_variance" class="Tests_Media" classname="Tests_Media" file="/var/www/html/test/wordpress_test/inpsyde_test/test/wp-content/plugins/plugintestslughere/tests/unit/tests/media.php" line="1689" assertions="1" time="0.029221"/>
        <testcase name="test_wp_calculate_image_srcset_include_src" class="Tests_Media" classname="Tests_Media" file="/var/www/html/test/wordpress_test/inpsyde_test/test/wp-content/plugins/plugintestslughere/tests/unit/tests/media.php" line="1738" assertions="1" time="0.026533"/>
        <testcase name="test_wp_calculate_image_srcset_corrupted_image_meta" class="Tests_Media" classname="Tests_Media" file="/var/www/html/test/wordpress_test/inpsyde_test/test/wp-content/plugins/plugintestslughere/tests/unit/tests/media.php" line="1787" assertions="5" time="0.024683"/>
        <testcase name="test_wp_calculate_image_srcset_with_spaces_in_filenames" class="Tests_Media" classname="Tests_Media" file="/var/www/html/test/wordpress_test/inpsyde_test/test/wp-content/plugins/plugintestslughere/tests/unit/tests/media.php" line="1861" assertions="1" time="0.023995"/>
        <testcase name="test_wp_get_attachment_image_srcset" class="Tests_Media" classname="Tests_Media" file="/var/www/html/test/wordpress_test/inpsyde_test/test/wp-content/plugins/plugintestslughere/tests/unit/tests/media.php" line="1909" assertions="0" time="0.000241">
          <skipped/>
        </testcase>
        <testcase name="test_wp_get_attachment_image_srcset_single_srcset" class="Tests_Media" classname="Tests_Media" file="/var/www/html/test/wordpress_test/inpsyde_test/test/wp-content/plugins/plugintestslughere/tests/unit/tests/media.php" line="1948" assertions="1" time="0.023504"/>
        <testcase name="test_wp_get_attachment_image_srcset_invalidsize" class="Tests_Media" classname="Tests_Media" file="/var/www/html/test/wordpress_test/inpsyde_test/test/wp-content/plugins/plugintestslughere/tests/unit/tests/media.php" line="1963" assertions="1" time="0.022780"/>
        <testcase name="test_wp_get_attachment_image_sizes" class="Tests_Media" classname="Tests_Media" file="/var/www/html/test/wordpress_test/inpsyde_test/test/wp-content/plugins/plugintestslughere/tests/unit/tests/media.php" line="1979" assertions="4" time="0.028603"/>
        <testcase name="test_wp_calculate_image_sizes" class="Tests_Media" classname="Tests_Media" file="/var/www/html/test/wordpress_test/inpsyde_test/test/wp-content/plugins/plugintestslughere/tests/unit/tests/media.php" line="2000" assertions="0" time="0.000237">
          <skipped/>
        </testcase>
        <testcase name="test_wp_filter_content_tags_srcset_sizes" class="Tests_Media" classname="Tests_Media" file="/var/www/html/test/wordpress_test/inpsyde_test/test/wp-content/plugins/plugintestslughere/tests/unit/tests/media.php" line="2024" assertions="0" time="0.000199">
          <skipped/>
        </testcase>
        <testcase name="test_wp_filter_content_tags_srcset_sizes_wrong" class="Tests_Media" classname="Tests_Media" file="/var/www/html/test/wordpress_test/inpsyde_test/test/wp-content/plugins/plugintestslughere/tests/unit/tests/media.php" line="2114" assertions="1" time="0.023390"/>
        <testcase name="test_wp_filter_content_tags_srcset_sizes_with_preexisting_srcset" class="Tests_Media" classname="Tests_Media" file="/var/www/html/test/wordpress_test/inpsyde_test/test/wp-content/plugins/plugintestslughere/tests/unit/tests/media.php" line="2127" assertions="1" time="0.023222"/>
        <testcase name="test_wp_calculate_image_srcset_animated_gifs" class="Tests_Media" classname="Tests_Media" file="/var/www/html/test/wordpress_test/inpsyde_test/test/wp-content/plugins/plugintestslughere/tests/unit/tests/media.php" line="2141" assertions="2" time="0.022117"/>
        <testcase name="test_wp_filter_content_tags_schemes" class="Tests_Media" classname="Tests_Media" file="/var/www/html/test/wordpress_test/inpsyde_test/test/wp-content/plugins/plugintestslughere/tests/unit/tests/media.php" line="2186" assertions="0" time="0.000239">
          <skipped/>
        </testcase>
        <testcase name="test_wp_get_attachment_image_with_https_on" class="Tests_Media" classname="Tests_Media" file="/var/www/html/test/wordpress_test/inpsyde_test/test/wp-content/plugins/plugintestslughere/tests/unit/tests/media.php" line="2237" assertions="1" time="0.022183"/>
        <testcase name="test_get_image_send_to_editor_defaults" class="Tests_Media" classname="Tests_Media" file="/var/www/html/test/wordpress_test/inpsyde_test/test/wp-content/plugins/plugintestslughere/tests/unit/tests/media.php" line="2282" assertions="2" time="0.023665"/>
        <testcase name="test_get_image_send_to_editor_defaults_with_optional_params" class="Tests_Media" classname="Tests_Media" file="/var/www/html/test/wordpress_test/inpsyde_test/test/wp-content/plugins/plugintestslughere/tests/unit/tests/media.php" line="2302" assertions="1" time="0.023546"/>
        <testcase name="test_get_image_send_to_editor_defaults_no_caption_no_rel" class="Tests_Media" classname="Tests_Media" file="/var/www/html/test/wordpress_test/inpsyde_test/test/wp-content/plugins/plugintestslughere/tests/unit/tests/media.php" line="2326" assertions="1" time="0.025554"/>
        <testcase name="test_wp_get_attachment_image_should_use_wp_get_attachment_metadata" class="Tests_Media" classname="Tests_Media" file="/var/www/html/test/wordpress_test/inpsyde_test/test/wp-content/plugins/plugintestslughere/tests/unit/tests/media.php" line="2358" assertions="0" time="0.000243">
          <skipped/>
        </testcase>
        <testcase name="test_return_type_when_inserting_attachment_with_error_in_data" class="Tests_Media" classname="Tests_Media" file="/var/www/html/test/wordpress_test/inpsyde_test/test/wp-content/plugins/plugintestslughere/tests/unit/tests/media.php" line="2393" assertions="3" time="0.024437"/>
        <testcase name="test_wp_get_media_creation_timestamp_video_asf" class="Tests_Media" classname="Tests_Media" file="/var/www/html/test/wordpress_test/inpsyde_test/test/wp-content/plugins/plugintestslughere/tests/unit/tests/media.php" line="2412" assertions="1" time="0.020111"/>
        <testcase name="test_wp_get_media_creation_timestamp_video_matroska" class="Tests_Media" classname="Tests_Media" file="/var/www/html/test/wordpress_test/inpsyde_test/test/wp-content/plugins/plugintestslughere/tests/unit/tests/media.php" line="2428" assertions="1" time="0.021091"/>
        <testcase name="test_wp_get_media_creation_timestamp_video_quicktime" class="Tests_Media" classname="Tests_Media" file="/var/www/html/test/wordpress_test/inpsyde_test/test/wp-content/plugins/plugintestslughere/tests/unit/tests/media.php" line="2446" assertions="1" time="0.020971"/>
        <testcase name="test_wp_get_media_creation_timestamp_video_webm" class="Tests_Media" classname="Tests_Media" file="/var/www/html/test/wordpress_test/inpsyde_test/test/wp-content/plugins/plugintestslughere/tests/unit/tests/media.php" line="2466" assertions="1" time="0.020468"/>
        <testcase name="test_wp_read_audio_metadata_adds_creation_date_with_mp4" class="Tests_Media" classname="Tests_Media" file="/var/www/html/test/wordpress_test/inpsyde_test/test/wp-content/plugins/plugintestslughere/tests/unit/tests/media.php" line="2489" assertions="1" time="0.158760"/>
        <testcase name="test_wp_read_video_metadata_adds_creation_date_with_quicktime" class="Tests_Media" classname="Tests_Media" file="/var/www/html/test/wordpress_test/inpsyde_test/test/wp-content/plugins/plugintestslughere/tests/unit/tests/media.php" line="2499" assertions="1" time="0.067249"/>
        <testcase name="test_wp_read_video_metadata_adds_creation_date_with_mp4" class="Tests_Media" classname="Tests_Media" file="/var/www/html/test/wordpress_test/inpsyde_test/test/wp-content/plugins/plugintestslughere/tests/unit/tests/media.php" line="2509" assertions="1" time="0.040989"/>
        <testcase name="test_wp_read_video_metadata_adds_creation_date_with_mkv" class="Tests_Media" classname="Tests_Media" file="/var/www/html/test/wordpress_test/inpsyde_test/test/wp-content/plugins/plugintestslughere/tests/unit/tests/media.php" line="2519" assertions="1" time="0.120788"/>
        <testcase name="test_wp_read_video_metadata_adds_creation_date_with_webm" class="Tests_Media" classname="Tests_Media" file="/var/www/html/test/wordpress_test/inpsyde_test/test/wp-content/plugins/plugintestslughere/tests/unit/tests/media.php" line="2529" assertions="1" time="0.081158"/>
        <testcase name="test_media_handle_upload_uses_post_parent_for_directory_date" class="Tests_Media" classname="Tests_Media" file="/var/www/html/test/wordpress_test/inpsyde_test/test/wp-content/plugins/plugintestslughere/tests/unit/tests/media.php" line="2539" assertions="1" time="0.328336"/>
        <testcase name="test_media_handle_upload_ignores_page_parent_for_directory_date" class="Tests_Media" classname="Tests_Media" file="/var/www/html/test/wordpress_test/inpsyde_test/test/wp-content/plugins/plugintestslughere/tests/unit/tests/media.php" line="2585" assertions="1" time="0.198257"/>
        <testcase name="test_wp_filter_content_tags_width_height" class="Tests_Media" classname="Tests_Media" file="/var/www/html/test/wordpress_test/inpsyde_test/test/wp-content/plugins/plugintestslughere/tests/unit/tests/media.php" line="2638" assertions="0" time="0.000438">
          <skipped/>
        </testcase>
        <testcase name="test_wp_filter_content_tags_loading_lazy" class="Tests_Media" classname="Tests_Media" file="/var/www/html/test/wordpress_test/inpsyde_test/test/wp-content/plugins/plugintestslughere/tests/unit/tests/media.php" line="2684" assertions="0" time="0.000380">
          <skipped/>
        </testcase>
        <testcase name="test_wp_filter_content_tags_loading_lazy_opted_in" class="Tests_Media" classname="Tests_Media" file="/var/www/html/test/wordpress_test/inpsyde_test/test/wp-content/plugins/plugintestslughere/tests/unit/tests/media.php" line="2732" assertions="1" time="0.040768"/>
        <testcase name="test_wp_filter_content_tags_loading_lazy_opted_out" class="Tests_Media" classname="Tests_Media" file="/var/www/html/test/wordpress_test/inpsyde_test/test/wp-content/plugins/plugintestslughere/tests/unit/tests/media.php" line="2757" assertions="1" time="0.033906"/>
        <testcase name="test_wp_img_tag_add_loading_attr" class="Tests_Media" classname="Tests_Media" file="/var/www/html/test/wordpress_test/inpsyde_test/test/wp-content/plugins/plugintestslughere/tests/unit/tests/media.php" line="2780" assertions="1" time="0.027367"/>
        <testcase name="test_wp_img_tag_add_loading_attr_without_src" class="Tests_Media" classname="Tests_Media" file="/var/www/html/test/wordpress_test/inpsyde_test/test/wp-content/plugins/plugintestslughere/tests/unit/tests/media.php" line="2791" assertions="1" time="0.025272"/>
        <testcase name="test_wp_img_tag_add_loading_attr_with_single_quotes" class="Tests_Media" classname="Tests_Media" file="/var/www/html/test/wordpress_test/inpsyde_test/test/wp-content/plugins/plugintestslughere/tests/unit/tests/media.php" line="2802" assertions="2" time="0.023709"/>
        <testcase name="test_wp_img_tag_add_loading_attr_opt_out" class="Tests_Media" classname="Tests_Media" file="/var/www/html/test/wordpress_test/inpsyde_test/test/wp-content/plugins/plugintestslughere/tests/unit/tests/media.php" line="2817" assertions="1" time="0.021592"/>
        <testcase name="test_wp_get_attachment_image_loading" class="Tests_Media" classname="Tests_Media" file="/var/www/html/test/wordpress_test/inpsyde_test/test/wp-content/plugins/plugintestslughere/tests/unit/tests/media.php" line="2828" assertions="1" time="0.023932"/>
        <testcase name="test_wp_get_attachment_image_loading_opt_out" class="Tests_Media" classname="Tests_Media" file="/var/www/html/test/wordpress_test/inpsyde_test/test/wp-content/plugins/plugintestslughere/tests/unit/tests/media.php" line="2838" assertions="1" time="0.023430"/>
        <testcase name="test_wp_get_attachment_image_loading_opt_out_individual" class="Tests_Media" classname="Tests_Media" file="/var/www/html/test/wordpress_test/inpsyde_test/test/wp-content/plugins/plugintestslughere/tests/unit/tests/media.php" line="2850" assertions="1" time="0.025349"/>
        <testsuite name="Tests_Media::test_wp_lazy_loading_enabled_tag_name_defaults" tests="3" assertions="3" errors="0" failures="0" skipped="0" time="0.063990">
          <testcase name="test_wp_lazy_loading_enabled_tag_name_defaults with data set &quot;img =&gt; true&quot;" class="Tests_Media" classname="Tests_Media" file="/var/www/html/test/wordpress_test/inpsyde_test/test/wp-content/plugins/plugintestslughere/tests/unit/tests/media.php" line="2869" assertions="1" time="0.020861"/>
          <testcase name="test_wp_lazy_loading_enabled_tag_name_defaults with data set &quot;iframe =&gt; false&quot;" class="Tests_Media" classname="Tests_Media" file="/var/www/html/test/wordpress_test/inpsyde_test/test/wp-content/plugins/plugintestslughere/tests/unit/tests/media.php" line="2869" assertions="1" time="0.021949"/>
          <testcase name="test_wp_lazy_loading_enabled_tag_name_defaults with data set &quot;arbitrary tag =&gt; false&quot;" class="Tests_Media" classname="Tests_Media" file="/var/www/html/test/wordpress_test/inpsyde_test/test/wp-content/plugins/plugintestslughere/tests/unit/tests/media.php" line="2869" assertions="1" time="0.021180"/>
        </testsuite>
        <testsuite name="Tests_Media::test_wp_lazy_loading_enabled_context_defaults" tests="6" assertions="6" errors="0" failures="0" skipped="0" time="0.122320">
          <testcase name="test_wp_lazy_loading_enabled_context_defaults with data set &quot;wp_get_attachment_image =&gt; true&quot;" class="Tests_Media" classname="Tests_Media" file="/var/www/html/test/wordpress_test/inpsyde_test/test/wp-content/plugins/plugintestslughere/tests/unit/tests/media.php" line="2892" assertions="1" time="0.021160"/>
          <testcase name="test_wp_lazy_loading_enabled_context_defaults with data set &quot;the_content =&gt; true&quot;" class="Tests_Media" classname="Tests_Media" file="/var/www/html/test/wordpress_test/inpsyde_test/test/wp-content/plugins/plugintestslughere/tests/unit/tests/media.php" line="2892" assertions="1" time="0.019597"/>
          <testcase name="test_wp_lazy_loading_enabled_context_defaults with data set &quot;the_excerpt =&gt; true&quot;" class="Tests_Media" classname="Tests_Media" file="/var/www/html/test/wordpress_test/inpsyde_test/test/wp-content/plugins/plugintestslughere/tests/unit/tests/media.php" line="2892" assertions="1" time="0.020577"/>
          <testcase name="test_wp_lazy_loading_enabled_context_defaults with data set &quot;widget_text_content =&gt; true&quot;" class="Tests_Media" classname="Tests_Media" file="/var/www/html/test/wordpress_test/inpsyde_test/test/wp-content/plugins/plugintestslughere/tests/unit/tests/media.php" line="2892" assertions="1" time="0.020495"/>
          <testcase name="test_wp_lazy_loading_enabled_context_defaults with data set &quot;get_avatar =&gt; true&quot;" class="Tests_Media" classname="Tests_Media" file="/var/www/html/test/wordpress_test/inpsyde_test/test/wp-content/plugins/plugintestslughere/tests/unit/tests/media.php" line="2892" assertions="1" time="0.019957"/>
          <testcase name="test_wp_lazy_loading_enabled_context_defaults with data set &quot;arbitrary context =&gt; true&quot;" class="Tests_Media" classname="Tests_Media" file="/var/www/html/test/wordpress_test/inpsyde_test/test/wp-content/plugins/plugintestslughere/tests/unit/tests/media.php" line="2892" assertions="1" time="0.020534"/>
        </testsuite>
        <testcase name="test_wp_image_file_matches_image_meta" class="Tests_Media" classname="Tests_Media" file="/var/www/html/test/wordpress_test/inpsyde_test/test/wp-content/plugins/plugintestslughere/tests/unit/tests/media.php" line="2914" assertions="2" time="0.023837"/>
        <testcase name="test_wp_image_file_matches_image_meta_no_subsizes" class="Tests_Media" classname="Tests_Media" file="/var/www/html/test/wordpress_test/inpsyde_test/test/wp-content/plugins/plugintestslughere/tests/unit/tests/media.php" line="2926" assertions="1" time="0.022560"/>
        <testcase name="test_wp_image_file_matches_image_meta_invalid_meta" class="Tests_Media" classname="Tests_Media" file="/var/www/html/test/wordpress_test/inpsyde_test/test/wp-content/plugins/plugintestslughere/tests/unit/tests/media.php" line="2938" assertions="1" time="0.020349"/>
        <testcase name="test_wp_image_file_matches_image_meta_different_meta" class="Tests_Media" classname="Tests_Media" file="/var/www/html/test/wordpress_test/inpsyde_test/test/wp-content/plugins/plugintestslughere/tests/unit/tests/media.php" line="2948" assertions="1" time="0.023164"/>
        <testcase name="test_wp_image_file_matches_image_meta_original_image" class="Tests_Media" classname="Tests_Media" file="/var/www/html/test/wordpress_test/inpsyde_test/test/wp-content/plugins/plugintestslughere/tests/unit/tests/media.php" line="2958" assertions="1" time="0.024258"/>
        <testcase name="test_gallery_shortcode_when_is_feed_true" class="Tests_Media" classname="Tests_Media" file="/var/www/html/test/wordpress_test/inpsyde_test/test/wp-content/plugins/plugintestslughere/tests/unit/tests/media.php" line="2968" assertions="3" time="0.042069"/>
      </testsuite>
      <testsuite name="Tests_Media_GetAttachmentTaxonomies" file="/var/www/html/test/wordpress_test/inpsyde_test/test/wp-content/plugins/plugintestslughere/tests/unit/tests/media/getAttachmentTaxonomies.php" tests="7" assertions="11" errors="0" failures="0" skipped="0" time="0.651851">
        <testcase name="test_should_return_attachment_taxonomy" class="Tests_Media_GetAttachmentTaxonomies" classname="Tests_Media_GetAttachmentTaxonomies" file="/var/www/html/test/wordpress_test/inpsyde_test/test/wp-content/plugins/plugintestslughere/tests/unit/tests/media/getAttachmentTaxonomies.php" line="8" assertions="1" time="0.093079"/>
        <testcase name="test_should_return_taxonomy_registered_for_specific_attachment_type" class="Tests_Media_GetAttachmentTaxonomies" classname="Tests_Media_GetAttachmentTaxonomies" file="/var/www/html/test/wordpress_test/inpsyde_test/test/wp-content/plugins/plugintestslughere/tests/unit/tests/media/getAttachmentTaxonomies.php" line="27" assertions="1" time="0.087736"/>
        <testcase name="test_should_return_taxonomy_registered_for_specific_attachment_mimetype" class="Tests_Media_GetAttachmentTaxonomies" classname="Tests_Media_GetAttachmentTaxonomies" file="/var/www/html/test/wordpress_test/inpsyde_test/test/wp-content/plugins/plugintestslughere/tests/unit/tests/media/getAttachmentTaxonomies.php" line="46" assertions="1" time="0.087614"/>
        <testcase name="test_should_return_taxonomy_registered_for_specific_file_extension" class="Tests_Media_GetAttachmentTaxonomies" classname="Tests_Media_GetAttachmentTaxonomies" file="/var/www/html/test/wordpress_test/inpsyde_test/test/wp-content/plugins/plugintestslughere/tests/unit/tests/media/getAttachmentTaxonomies.php" line="65" assertions="1" time="0.077084"/>
        <testcase name="test_should_not_return_duplicate_taxonomies" class="Tests_Media_GetAttachmentTaxonomies" classname="Tests_Media_GetAttachmentTaxonomies" file="/var/www/html/test/wordpress_test/inpsyde_test/test/wp-content/plugins/plugintestslughere/tests/unit/tests/media/getAttachmentTaxonomies.php" line="84" assertions="1" time="0.098827"/>
        <testcase name="test_should_respect_output_objects" class="Tests_Media_GetAttachmentTaxonomies" classname="Tests_Media_GetAttachmentTaxonomies" file="/var/www/html/test/wordpress_test/inpsyde_test/test/wp-content/plugins/plugintestslughere/tests/unit/tests/media/getAttachmentTaxonomies.php" line="106" assertions="3" time="0.109020"/>
        <testcase name="test_should_return_unique_taxonomies_for_output_objects" class="Tests_Media_GetAttachmentTaxonomies" classname="Tests_Media_GetAttachmentTaxonomies" file="/var/www/html/test/wordpress_test/inpsyde_test/test/wp-content/plugins/plugintestslughere/tests/unit/tests/media/getAttachmentTaxonomies.php" line="130" assertions="3" time="0.098491"/>
      </testsuite>
      <testsuite name="Tests_Nav_Menu_Theme_Change" file="/var/www/html/test/wordpress_test/inpsyde_test/test/wp-content/plugins/plugintestslughere/tests/unit/tests/menu/nav-menu.php" tests="9" assertions="11" errors="0" failures="0" skipped="0" time="0.188955">
        <testcase name="test_one_location_each" class="Tests_Nav_Menu_Theme_Change" classname="Tests_Nav_Menu_Theme_Change" file="/var/www/html/test/wordpress_test/inpsyde_test/test/wp-content/plugins/plugintestslughere/tests/unit/tests/menu/nav-menu.php" line="36" assertions="1" time="0.020990"/>
        <testcase name="test_filter_registered_locations" class="Tests_Nav_Menu_Theme_Change" classname="Tests_Nav_Menu_Theme_Change" file="/var/www/html/test/wordpress_test/inpsyde_test/test/wp-content/plugins/plugintestslughere/tests/unit/tests/menu/nav-menu.php" line="55" assertions="1" time="0.021289"/>
        <testcase name="test_locations_with_same_slug" class="Tests_Nav_Menu_Theme_Change" classname="Tests_Nav_Menu_Theme_Change" file="/var/www/html/test/wordpress_test/inpsyde_test/test/wp-content/plugins/plugintestslughere/tests/unit/tests/menu/nav-menu.php" line="77" assertions="1" time="0.021090"/>
        <testcase name="test_new_theme_previously_active" class="Tests_Nav_Menu_Theme_Change" classname="Tests_Nav_Menu_Theme_Change" file="/var/www/html/test/wordpress_test/inpsyde_test/test/wp-content/plugins/plugintestslughere/tests/unit/tests/menu/nav-menu.php" line="96" assertions="1" time="0.021457"/>
        <testcase name="test_location_guessing" class="Tests_Nav_Menu_Theme_Change" classname="Tests_Nav_Menu_Theme_Change" file="/var/www/html/test/wordpress_test/inpsyde_test/test/wp-content/plugins/plugintestslughere/tests/unit/tests/menu/nav-menu.php" line="120" assertions="1" time="0.020809"/>
        <testcase name="test_location_guessing_one_menu_per_group" class="Tests_Nav_Menu_Theme_Change" classname="Tests_Nav_Menu_Theme_Change" file="/var/www/html/test/wordpress_test/inpsyde_test/test/wp-content/plugins/plugintestslughere/tests/unit/tests/menu/nav-menu.php" line="143" assertions="1" time="0.021218"/>
        <testcase name="test_location_guessing_one_menu_per_location" class="Tests_Nav_Menu_Theme_Change" classname="Tests_Nav_Menu_Theme_Change" file="/var/www/html/test/wordpress_test/inpsyde_test/test/wp-content/plugins/plugintestslughere/tests/unit/tests/menu/nav-menu.php" line="164" assertions="1" time="0.021307"/>
        <testcase name="test_numerical_locations" class="Tests_Nav_Menu_Theme_Change" classname="Tests_Nav_Menu_Theme_Change" file="/var/www/html/test/wordpress_test/inpsyde_test/test/wp-content/plugins/plugintestslughere/tests/unit/tests/menu/nav-menu.php" line="189" assertions="2" time="0.020003"/>
        <testcase name="test_numerical_old_locations" class="Tests_Nav_Menu_Theme_Change" classname="Tests_Nav_Menu_Theme_Change" file="/var/www/html/test/wordpress_test/inpsyde_test/test/wp-content/plugins/plugintestslughere/tests/unit/tests/menu/nav-menu.php" line="214" assertions="2" time="0.020792"/>
      </testsuite>
      <testsuite name="Tests_Menu_Walker_Nav_Menu_Edit" file="/var/www/html/test/wordpress_test/inpsyde_test/test/wp-content/plugins/plugintestslughere/tests/unit/tests/menu/walker-nav-menu-edit.php" tests="1" assertions="1" errors="0" failures="0" skipped="0" time="0.115780">
        <testcase name="test_original_title_prefix_should_not_be_shown_if_empty" class="Tests_Menu_Walker_Nav_Menu_Edit" classname="Tests_Menu_Walker_Nav_Menu_Edit" file="/var/www/html/test/wordpress_test/inpsyde_test/test/wp-content/plugins/plugintestslughere/tests/unit/tests/menu/walker-nav-menu-edit.php" line="34" assertions="1" time="0.115780"/>
      </testsuite>
      <testsuite name="Tests_Menu_Walker_Nav_Menu" file="/var/www/html/test/wordpress_test/inpsyde_test/test/wp-content/plugins/plugintestslughere/tests/unit/tests/menu/walker-nav-menu.php" tests="9" assertions="9" errors="0" failures="0" skipped="0" time="1.426988">
        <testcase name="test_noopener_no_referrer_for_target_blank" class="Tests_Menu_Walker_Nav_Menu" classname="Tests_Menu_Walker_Nav_Menu" file="/var/www/html/test/wordpress_test/inpsyde_test/test/wp-content/plugins/plugintestslughere/tests/unit/tests/menu/walker-nav-menu.php" line="44" assertions="1" time="0.145056"/>
        <testsuite name="Tests_Menu_Walker_Nav_Menu::test_start_el_with_empty_attributes" tests="8" assertions="8" errors="0" failures="0" skipped="0" time="1.281932">
          <testcase name="test_start_el_with_empty_attributes with data set #0" class="Tests_Menu_Walker_Nav_Menu" classname="Tests_Menu_Walker_Nav_Menu" file="/var/www/html/test/wordpress_test/inpsyde_test/test/wp-content/plugins/plugintestslughere/tests/unit/tests/menu/walker-nav-menu.php" line="75" assertions="1" time="0.152568"/>
          <testcase name="test_start_el_with_empty_attributes with data set #1" class="Tests_Menu_Walker_Nav_Menu" classname="Tests_Menu_Walker_Nav_Menu" file="/var/www/html/test/wordpress_test/inpsyde_test/test/wp-content/plugins/plugintestslughere/tests/unit/tests/menu/walker-nav-menu.php" line="75" assertions="1" time="0.153379"/>
          <testcase name="test_start_el_with_empty_attributes with data set #2" class="Tests_Menu_Walker_Nav_Menu" classname="Tests_Menu_Walker_Nav_Menu" file="/var/www/html/test/wordpress_test/inpsyde_test/test/wp-content/plugins/plugintestslughere/tests/unit/tests/menu/walker-nav-menu.php" line="75" assertions="1" time="0.208426"/>
          <testcase name="test_start_el_with_empty_attributes with data set #3" class="Tests_Menu_Walker_Nav_Menu" classname="Tests_Menu_Walker_Nav_Menu" file="/var/www/html/test/wordpress_test/inpsyde_test/test/wp-content/plugins/plugintestslughere/tests/unit/tests/menu/walker-nav-menu.php" line="75" assertions="1" time="0.164827"/>
          <testcase name="test_start_el_with_empty_attributes with data set #4" class="Tests_Menu_Walker_Nav_Menu" classname="Tests_Menu_Walker_Nav_Menu" file="/var/www/html/test/wordpress_test/inpsyde_test/test/wp-content/plugins/plugintestslughere/tests/unit/tests/menu/walker-nav-menu.php" line="75" assertions="1" time="0.153415"/>
          <testcase name="test_start_el_with_empty_attributes with data set #5" class="Tests_Menu_Walker_Nav_Menu" classname="Tests_Menu_Walker_Nav_Menu" file="/var/www/html/test/wordpress_test/inpsyde_test/test/wp-content/plugins/plugintestslughere/tests/unit/tests/menu/walker-nav-menu.php" line="75" assertions="1" time="0.153408"/>
          <testcase name="test_start_el_with_empty_attributes with data set #6" class="Tests_Menu_Walker_Nav_Menu" classname="Tests_Menu_Walker_Nav_Menu" file="/var/www/html/test/wordpress_test/inpsyde_test/test/wp-content/plugins/plugintestslughere/tests/unit/tests/menu/walker-nav-menu.php" line="75" assertions="1" time="0.153370"/>
          <testcase name="test_start_el_with_empty_attributes with data set #7" class="Tests_Menu_Walker_Nav_Menu" classname="Tests_Menu_Walker_Nav_Menu" file="/var/www/html/test/wordpress_test/inpsyde_test/test/wp-content/plugins/plugintestslughere/tests/unit/tests/menu/walker-nav-menu.php" line="75" assertions="1" time="0.142539"/>
        </testsuite>
      </testsuite>
      <testsuite name="Tests_Menu_WpAjaxMenuQuickSeach" file="/var/www/html/test/wordpress_test/inpsyde_test/test/wp-content/plugins/plugintestslughere/tests/unit/tests/menu/wpAjaxMenuQuickSearch.php" tests="3" assertions="6" errors="0" failures="0" skipped="0" time="0.540638">
        <testcase name="test_search_returns_results_for_pages" class="Tests_Menu_WpAjaxMenuQuickSeach" classname="Tests_Menu_WpAjaxMenuQuickSeach" file="/var/www/html/test/wordpress_test/inpsyde_test/test/wp-content/plugins/plugintestslughere/tests/unit/tests/menu/wpAjaxMenuQuickSearch.php" line="38" assertions="2" time="0.223466"/>
        <testcase name="test_search_returns_results_for_published_posts" class="Tests_Menu_WpAjaxMenuQuickSeach" classname="Tests_Menu_WpAjaxMenuQuickSeach" file="/var/www/html/test/wordpress_test/inpsyde_test/test/wp-content/plugins/plugintestslughere/tests/unit/tests/menu/wpAjaxMenuQuickSearch.php" line="73" assertions="2" time="0.208979"/>
        <testcase name="test_search_should_return_unassigned_term_items" class="Tests_Menu_WpAjaxMenuQuickSeach" classname="Tests_Menu_WpAjaxMenuQuickSeach" file="/var/www/html/test/wordpress_test/inpsyde_test/test/wp-content/plugins/plugintestslughere/tests/unit/tests/menu/wpAjaxMenuQuickSearch.php" line="129" assertions="2" time="0.108193"/>
      </testsuite>
      <testsuite name="Tests_Menu_WpExpandNavMenuPostData" file="/var/www/html/test/wordpress_test/inpsyde_test/test/wp-content/plugins/plugintestslughere/tests/unit/tests/menu/wpExpandNavMenuPostData.php" tests="3" assertions="3" errors="0" failures="0" skipped="0" time="0.067974">
        <testcase name="test_unnested_data_should_expand" class="Tests_Menu_WpExpandNavMenuPostData" classname="Tests_Menu_WpExpandNavMenuPostData" file="/var/www/html/test/wordpress_test/inpsyde_test/test/wp-content/plugins/plugintestslughere/tests/unit/tests/menu/wpExpandNavMenuPostData.php" line="8" assertions="1" time="0.023343"/>
        <testcase name="test_multidimensional_nested_array_should_expand" class="Tests_Menu_WpExpandNavMenuPostData" classname="Tests_Menu_WpExpandNavMenuPostData" file="/var/www/html/test/wordpress_test/inpsyde_test/test/wp-content/plugins/plugintestslughere/tests/unit/tests/menu/wpExpandNavMenuPostData.php" line="31" assertions="1" time="0.022497"/>
        <testcase name="test_multidimensional_nested_array_should_expand_and_merge" class="Tests_Menu_WpExpandNavMenuPostData" classname="Tests_Menu_WpExpandNavMenuPostData" file="/var/www/html/test/wordpress_test/inpsyde_test/test/wp-content/plugins/plugintestslughere/tests/unit/tests/menu/wpExpandNavMenuPostData.php" line="61" assertions="1" time="0.022134"/>
      </testsuite>
      <testsuite name="Tests_Meta" file="/var/www/html/test/wordpress_test/inpsyde_test/test/wp-content/plugins/plugintestslughere/tests/unit/tests/meta.php" tests="18" assertions="94" errors="0" failures="0" skipped="0" time="3.002598">
        <testcase name="test_sanitize_meta" class="Tests_Meta" classname="Tests_Meta" file="/var/www/html/test/wordpress_test/inpsyde_test/test/wp-content/plugins/plugintestslughere/tests/unit/tests/meta.php" line="20" assertions="2" time="0.168496"/>
        <testcase name="test_delete_metadata_by_mid" class="Tests_Meta" classname="Tests_Meta" file="/var/www/html/test/wordpress_test/inpsyde_test/test/wp-content/plugins/plugintestslughere/tests/unit/tests/meta.php" line="29" assertions="5" time="0.164390"/>
        <testcase name="test_update_metadata_by_mid" class="Tests_Meta" classname="Tests_Meta" file="/var/www/html/test/wordpress_test/inpsyde_test/test/wp-content/plugins/plugintestslughere/tests/unit/tests/meta.php" line="44" assertions="13" time="0.319510"/>
        <testcase name="test_update_metadata_hooks_for_multiple_updated_rows" class="Tests_Meta" classname="Tests_Meta" file="/var/www/html/test/wordpress_test/inpsyde_test/test/wp-content/plugins/plugintestslughere/tests/unit/tests/meta.php" line="84" assertions="4" time="0.166303"/>
        <testcase name="test_metadata_exists" class="Tests_Meta" classname="Tests_Meta" file="/var/www/html/test/wordpress_test/inpsyde_test/test/wp-content/plugins/plugintestslughere/tests/unit/tests/meta.php" line="107" assertions="4" time="0.142621"/>
        <testcase name="test_metadata_exists_with_filter" class="Tests_Meta" classname="Tests_Meta" file="/var/www/html/test/wordpress_test/inpsyde_test/test/wp-content/plugins/plugintestslughere/tests/unit/tests/meta.php" line="117" assertions="2" time="0.153312"/>
        <testcase name="test_user_metadata_not_exists" class="Tests_Meta" classname="Tests_Meta" file="/var/www/html/test/wordpress_test/inpsyde_test/test/wp-content/plugins/plugintestslughere/tests/unit/tests/meta.php" line="128" assertions="5" time="0.131274"/>
        <testcase name="test_metadata_slashes" class="Tests_Meta" classname="Tests_Meta" file="/var/www/html/test/wordpress_test/inpsyde_test/test/wp-content/plugins/plugintestslughere/tests/unit/tests/meta.php" line="201" assertions="20" time="0.120988"/>
        <testcase name="test_meta_type_cast" class="Tests_Meta" classname="Tests_Meta" file="/var/www/html/test/wordpress_test/inpsyde_test/test/wp-content/plugins/plugintestslughere/tests/unit/tests/meta.php" line="234" assertions="6" time="0.241804"/>
        <testcase name="test_meta_cache_order_asc" class="Tests_Meta" classname="Tests_Meta" file="/var/www/html/test/wordpress_test/inpsyde_test/test/wp-content/plugins/plugintestslughere/tests/unit/tests/meta.php" line="304" assertions="10" time="0.153993"/>
        <testcase name="test_non_numeric_object_id" class="Tests_Meta" classname="Tests_Meta" file="/var/www/html/test/wordpress_test/inpsyde_test/test/wp-content/plugins/plugintestslughere/tests/unit/tests/meta.php" line="324" assertions="5" time="0.153800"/>
        <testcase name="test_non_numeric_meta_id" class="Tests_Meta" classname="Tests_Meta" file="/var/www/html/test/wordpress_test/inpsyde_test/test/wp-content/plugins/plugintestslughere/tests/unit/tests/meta.php" line="335" assertions="3" time="0.163970"/>
        <testcase name="test_negative_meta_id" class="Tests_Meta" classname="Tests_Meta" file="/var/www/html/test/wordpress_test/inpsyde_test/test/wp-content/plugins/plugintestslughere/tests/unit/tests/meta.php" line="344" assertions="4" time="0.110012"/>
        <testcase name="test_floating_meta_id" class="Tests_Meta" classname="Tests_Meta" file="/var/www/html/test/wordpress_test/inpsyde_test/test/wp-content/plugins/plugintestslughere/tests/unit/tests/meta.php" line="356" assertions="4" time="0.142746"/>
        <testcase name="test_string_point_zero_meta_id" class="Tests_Meta" classname="Tests_Meta" file="/var/www/html/test/wordpress_test/inpsyde_test/test/wp-content/plugins/plugintestslughere/tests/unit/tests/meta.php" line="368" assertions="4" time="0.219794"/>
        <testcase name="test_get_metadata_with_empty_key_array_value" class="Tests_Meta" classname="Tests_Meta" file="/var/www/html/test/wordpress_test/inpsyde_test/test/wp-content/plugins/plugintestslughere/tests/unit/tests/meta.php" line="383" assertions="1" time="0.142130"/>
        <testcase name="test_get_metadata_with_empty_key_object_value" class="Tests_Meta" classname="Tests_Meta" file="/var/www/html/test/wordpress_test/inpsyde_test/test/wp-content/plugins/plugintestslughere/tests/unit/tests/meta.php" line="395" assertions="1" time="0.143418"/>
        <testcase name="test_get_metadata_with_empty_key_nested_array_value" class="Tests_Meta" classname="Tests_Meta" file="/var/www/html/test/wordpress_test/inpsyde_test/test/wp-content/plugins/plugintestslughere/tests/unit/tests/meta.php" line="408" assertions="1" time="0.164036"/>
      </testsuite>
      <testsuite name="Tests_Meta_DeleteMetadata" file="/var/www/html/test/wordpress_test/inpsyde_test/test/wp-content/plugins/plugintestslughere/tests/unit/tests/meta/deleteMetadata.php" tests="9" assertions="17" errors="0" failures="0" skipped="0" time="0.891625">
        <testcase name="test_all_metas_for_key_should_be_deleted_when_no_meta_value_is_provided" class="Tests_Meta_DeleteMetadata" classname="Tests_Meta_DeleteMetadata" file="/var/www/html/test/wordpress_test/inpsyde_test/test/wp-content/plugins/plugintestslughere/tests/unit/tests/meta/deleteMetadata.php" line="7" assertions="2" time="0.081056"/>
        <testcase name="test_with_meta_value" class="Tests_Meta_DeleteMetadata" classname="Tests_Meta_DeleteMetadata" file="/var/www/html/test/wordpress_test/inpsyde_test/test/wp-content/plugins/plugintestslughere/tests/unit/tests/meta/deleteMetadata.php" line="20" assertions="2" time="0.086844"/>
        <testcase name="test_with_falsey_meta_value_should_not_delete_all_meta" class="Tests_Meta_DeleteMetadata" classname="Tests_Meta_DeleteMetadata" file="/var/www/html/test/wordpress_test/inpsyde_test/test/wp-content/plugins/plugintestslughere/tests/unit/tests/meta/deleteMetadata.php" line="38" assertions="2" time="0.066158"/>
        <testcase name="test_meta_value_should_be_ignored_when_empty_string" class="Tests_Meta_DeleteMetadata" classname="Tests_Meta_DeleteMetadata" file="/var/www/html/test/wordpress_test/inpsyde_test/test/wp-content/plugins/plugintestslughere/tests/unit/tests/meta/deleteMetadata.php" line="58" assertions="2" time="0.087840"/>
        <testcase name="test_meta_value_should_be_ignored_when_null" class="Tests_Meta_DeleteMetadata" classname="Tests_Meta_DeleteMetadata" file="/var/www/html/test/wordpress_test/inpsyde_test/test/wp-content/plugins/plugintestslughere/tests/unit/tests/meta/deleteMetadata.php" line="74" assertions="2" time="0.164800"/>
        <testcase name="test_meta_value_should_be_ignored_when_false" class="Tests_Meta_DeleteMetadata" classname="Tests_Meta_DeleteMetadata" file="/var/www/html/test/wordpress_test/inpsyde_test/test/wp-content/plugins/plugintestslughere/tests/unit/tests/meta/deleteMetadata.php" line="90" assertions="2" time="0.098344"/>
        <testcase name="test_delete_all_should_only_invalidate_cache_for_objects_matching_meta_value" class="Tests_Meta_DeleteMetadata" classname="Tests_Meta_DeleteMetadata" file="/var/www/html/test/wordpress_test/inpsyde_test/test/wp-content/plugins/plugintestslughere/tests/unit/tests/meta/deleteMetadata.php" line="106" assertions="2" time="0.098489"/>
        <testcase name="test_delete_all_should_invalidate_cache_for_all_objects_with_meta_key_when_meta_value_is_not_provided" class="Tests_Meta_DeleteMetadata" classname="Tests_Meta_DeleteMetadata" file="/var/www/html/test/wordpress_test/inpsyde_test/test/wp-content/plugins/plugintestslughere/tests/unit/tests/meta/deleteMetadata.php" line="129" assertions="2" time="0.120005"/>
        <testcase name="test_object_id_is_int_inside_delete_post_meta" class="Tests_Meta_DeleteMetadata" classname="Tests_Meta_DeleteMetadata" file="/var/www/html/test/wordpress_test/inpsyde_test/test/wp-content/plugins/plugintestslughere/tests/unit/tests/meta/deleteMetadata.php" line="151" assertions="1" time="0.088089"/>
      </testsuite>
      <testsuite name="Tests_Meta_Query" file="/var/www/html/test/wordpress_test/inpsyde_test/test/wp-content/plugins/plugintestslughere/tests/unit/tests/meta/query.php" tests="37" assertions="77" errors="0" failures="0" skipped="0" time="1.077334">
        <testcase name="test_empty_meta_query_param" class="Tests_Meta_Query" classname="Tests_Meta_Query" file="/var/www/html/test/wordpress_test/inpsyde_test/test/wp-content/plugins/plugintestslughere/tests/unit/tests/meta/query.php" line="11" assertions="1" time="0.041682"/>
        <testcase name="test_default_relation" class="Tests_Meta_Query" classname="Tests_Meta_Query" file="/var/www/html/test/wordpress_test/inpsyde_test/test/wp-content/plugins/plugintestslughere/tests/unit/tests/meta/query.php" line="16" assertions="1" time="0.035330"/>
        <testcase name="test_set_relation" class="Tests_Meta_Query" classname="Tests_Meta_Query" file="/var/www/html/test/wordpress_test/inpsyde_test/test/wp-content/plugins/plugintestslughere/tests/unit/tests/meta/query.php" line="21" assertions="2" time="0.030375"/>
        <testcase name="test_invalid_query_clauses" class="Tests_Meta_Query" classname="Tests_Meta_Query" file="/var/www/html/test/wordpress_test/inpsyde_test/test/wp-content/plugins/plugintestslughere/tests/unit/tests/meta/query.php" line="45" assertions="1" time="0.028491"/>
        <testcase name="test_single_inner_join_for_keys_only" class="Tests_Meta_Query" classname="Tests_Meta_Query" file="/var/www/html/test/wordpress_test/inpsyde_test/test/wp-content/plugins/plugintestslughere/tests/unit/tests/meta/query.php" line="63" assertions="2" time="0.026742"/>
        <testcase name="test_parse_query_vars_simple_query_index_0" class="Tests_Meta_Query" classname="Tests_Meta_Query" file="/var/www/html/test/wordpress_test/inpsyde_test/test/wp-content/plugins/plugintestslughere/tests/unit/tests/meta/query.php" line="101" assertions="2" time="0.023305"/>
        <testcase name="test_parse_query_vars_with_no_meta_value" class="Tests_Meta_Query" classname="Tests_Meta_Query" file="/var/www/html/test/wordpress_test/inpsyde_test/test/wp-content/plugins/plugintestslughere/tests/unit/tests/meta/query.php" line="139" assertions="1" time="0.022680"/>
        <testcase name="test_parse_query_vars_with_default_meta_compare" class="Tests_Meta_Query" classname="Tests_Meta_Query" file="/var/www/html/test/wordpress_test/inpsyde_test/test/wp-content/plugins/plugintestslughere/tests/unit/tests/meta/query.php" line="155" assertions="1" time="0.021721"/>
        <testcase name="test_parse_query_vars" class="Tests_Meta_Query" classname="Tests_Meta_Query" file="/var/www/html/test/wordpress_test/inpsyde_test/test/wp-content/plugins/plugintestslughere/tests/unit/tests/meta/query.php" line="173" assertions="3" time="0.028538"/>
        <testcase name="test_get_cast_for_type" class="Tests_Meta_Query" classname="Tests_Meta_Query" file="/var/www/html/test/wordpress_test/inpsyde_test/test/wp-content/plugins/plugintestslughere/tests/unit/tests/meta/query.php" line="227" assertions="26" time="0.022248"/>
        <testcase name="test_sanitize_query_single_query" class="Tests_Meta_Query" classname="Tests_Meta_Query" file="/var/www/html/test/wordpress_test/inpsyde_test/test/wp-content/plugins/plugintestslughere/tests/unit/tests/meta/query.php" line="258" assertions="1" time="0.021818"/>
        <testcase name="test_sanitize_query_multiple_first_order_queries_relation_default" class="Tests_Meta_Query" classname="Tests_Meta_Query" file="/var/www/html/test/wordpress_test/inpsyde_test/test/wp-content/plugins/plugintestslughere/tests/unit/tests/meta/query.php" line="280" assertions="1" time="0.021205"/>
        <testcase name="test_sanitize_query_multiple_first_order_queries_relation_or" class="Tests_Meta_Query" classname="Tests_Meta_Query" file="/var/www/html/test/wordpress_test/inpsyde_test/test/wp-content/plugins/plugintestslughere/tests/unit/tests/meta/query.php" line="310" assertions="1" time="0.021140"/>
        <testcase name="test_sanitize_query_multiple_first_order_queries_relation_or_lowercase" class="Tests_Meta_Query" classname="Tests_Meta_Query" file="/var/www/html/test/wordpress_test/inpsyde_test/test/wp-content/plugins/plugintestslughere/tests/unit/tests/meta/query.php" line="341" assertions="1" time="0.021137"/>
        <testcase name="test_sanitize_query_multiple_first_order_queries_invalid_relation" class="Tests_Meta_Query" classname="Tests_Meta_Query" file="/var/www/html/test/wordpress_test/inpsyde_test/test/wp-content/plugins/plugintestslughere/tests/unit/tests/meta/query.php" line="372" assertions="1" time="0.022729"/>
        <testcase name="test_sanitize_query_single_query_which_is_a_nested_query" class="Tests_Meta_Query" classname="Tests_Meta_Query" file="/var/www/html/test/wordpress_test/inpsyde_test/test/wp-content/plugins/plugintestslughere/tests/unit/tests/meta/query.php" line="403" assertions="1" time="0.021716"/>
        <testcase name="test_sanitize_query_multiple_nested_queries" class="Tests_Meta_Query" classname="Tests_Meta_Query" file="/var/www/html/test/wordpress_test/inpsyde_test/test/wp-content/plugins/plugintestslughere/tests/unit/tests/meta/query.php" line="438" assertions="1" time="0.021905"/>
        <testcase name="test_get_sql_invalid_type" class="Tests_Meta_Query" classname="Tests_Meta_Query" file="/var/www/html/test/wordpress_test/inpsyde_test/test/wp-content/plugins/plugintestslughere/tests/unit/tests/meta/query.php" line="498" assertions="1" time="0.044060"/>
        <testcase name="test_empty_value_sql" class="Tests_Meta_Query" classname="Tests_Meta_Query" file="/var/www/html/test/wordpress_test/inpsyde_test/test/wp-content/plugins/plugintestslughere/tests/unit/tests/meta/query.php" line="506" assertions="1" time="0.033121"/>
        <testcase name="test_null_value_sql" class="Tests_Meta_Query" classname="Tests_Meta_Query" file="/var/www/html/test/wordpress_test/inpsyde_test/test/wp-content/plugins/plugintestslughere/tests/unit/tests/meta/query.php" line="537" assertions="1" time="0.025999"/>
        <testcase name="test_get_sql_key_only_queries" class="Tests_Meta_Query" classname="Tests_Meta_Query" file="/var/www/html/test/wordpress_test/inpsyde_test/test/wp-content/plugins/plugintestslughere/tests/unit/tests/meta/query.php" line="558" assertions="5" time="0.022504"/>
        <testcase name="test_get_sql_trim_key" class="Tests_Meta_Query" classname="Tests_Meta_Query" file="/var/www/html/test/wordpress_test/inpsyde_test/test/wp-content/plugins/plugintestslughere/tests/unit/tests/meta/query.php" line="632" assertions="2" time="0.021374"/>
        <testcase name="test_convert_null_value_to_empty_string" class="Tests_Meta_Query" classname="Tests_Meta_Query" file="/var/www/html/test/wordpress_test/inpsyde_test/test/wp-content/plugins/plugintestslughere/tests/unit/tests/meta/query.php" line="653" assertions="1" time="0.021359"/>
        <testcase name="test_get_sql_convert_lowercase_compare_to_uppercase" class="Tests_Meta_Query" classname="Tests_Meta_Query" file="/var/www/html/test/wordpress_test/inpsyde_test/test/wp-content/plugins/plugintestslughere/tests/unit/tests/meta/query.php" line="670" assertions="1" time="0.021375"/>
        <testcase name="test_get_sql_empty_meta_compare_with_array_value" class="Tests_Meta_Query" classname="Tests_Meta_Query" file="/var/www/html/test/wordpress_test/inpsyde_test/test/wp-content/plugins/plugintestslughere/tests/unit/tests/meta/query.php" line="688" assertions="1" time="0.020826"/>
        <testcase name="test_get_sql_empty_meta_compare_with_non_array_value" class="Tests_Meta_Query" classname="Tests_Meta_Query" file="/var/www/html/test/wordpress_test/inpsyde_test/test/wp-content/plugins/plugintestslughere/tests/unit/tests/meta/query.php" line="705" assertions="1" time="0.020968"/>
        <testcase name="test_get_sql_invalid_meta_compare" class="Tests_Meta_Query" classname="Tests_Meta_Query" file="/var/www/html/test/wordpress_test/inpsyde_test/test/wp-content/plugins/plugintestslughere/tests/unit/tests/meta/query.php" line="722" assertions="1" time="0.025107"/>
        <testcase name="test_meta_type_key_should_be_passed_to_meta_query" class="Tests_Meta_Query" classname="Tests_Meta_Query" file="/var/www/html/test/wordpress_test/inpsyde_test/test/wp-content/plugins/plugintestslughere/tests/unit/tests/meta/query.php" line="745" assertions="2" time="0.135246"/>
        <testcase name="test_get_sql_null_value_and_empty_key_should_not_have_table_join" class="Tests_Meta_Query" classname="Tests_Meta_Query" file="/var/www/html/test/wordpress_test/inpsyde_test/test/wp-content/plugins/plugintestslughere/tests/unit/tests/meta/query.php" line="779" assertions="1" time="0.033781"/>
        <testcase name="test_get_sql_compare_array_comma_separated_values" class="Tests_Meta_Query" classname="Tests_Meta_Query" file="/var/www/html/test/wordpress_test/inpsyde_test/test/wp-content/plugins/plugintestslughere/tests/unit/tests/meta/query.php" line="798" assertions="3" time="0.029712"/>
        <testcase name="test_get_sql_compare_array" class="Tests_Meta_Query" classname="Tests_Meta_Query" file="/var/www/html/test/wordpress_test/inpsyde_test/test/wp-content/plugins/plugintestslughere/tests/unit/tests/meta/query.php" line="847" assertions="1" time="0.029413"/>
        <testcase name="test_get_sql_trim_string_value" class="Tests_Meta_Query" classname="Tests_Meta_Query" file="/var/www/html/test/wordpress_test/inpsyde_test/test/wp-content/plugins/plugintestslughere/tests/unit/tests/meta/query.php" line="868" assertions="1" time="0.028337"/>
        <testcase name="test_not_exists" class="Tests_Meta_Query" classname="Tests_Meta_Query" file="/var/www/html/test/wordpress_test/inpsyde_test/test/wp-content/plugins/plugintestslughere/tests/unit/tests/meta/query.php" line="885" assertions="2" time="0.025367"/>
        <testcase name="test_empty_compare" class="Tests_Meta_Query" classname="Tests_Meta_Query" file="/var/www/html/test/wordpress_test/inpsyde_test/test/wp-content/plugins/plugintestslughere/tests/unit/tests/meta/query.php" line="908" assertions="2" time="0.024165"/>
        <testcase name="test_has_or_relation_should_return_false" class="Tests_Meta_Query" classname="Tests_Meta_Query" file="/var/www/html/test/wordpress_test/inpsyde_test/test/wp-content/plugins/plugintestslughere/tests/unit/tests/meta/query.php" line="936" assertions="1" time="0.027664"/>
        <testcase name="test_has_or_relation_should_return_true_for_top_level_or" class="Tests_Meta_Query" classname="Tests_Meta_Query" file="/var/www/html/test/wordpress_test/inpsyde_test/test/wp-content/plugins/plugintestslughere/tests/unit/tests/meta/query.php" line="964" assertions="1" time="0.026901"/>
        <testcase name="test_has_or_relation_should_return_true_for_nested_or" class="Tests_Meta_Query" classname="Tests_Meta_Query" file="/var/www/html/test/wordpress_test/inpsyde_test/test/wp-content/plugins/plugintestslughere/tests/unit/tests/meta/query.php" line="992" assertions="1" time="0.027294"/>
      </testsuite>
      <testsuite name="Tests_Meta_Register_Meta" file="/var/www/html/test/wordpress_test/inpsyde_test/test/wp-content/plugins/plugintestslughere/tests/unit/tests/meta/registerMeta.php" tests="88" assertions="269" errors="0" failures="0" skipped="0" time="4.924758">
        <testcase name="test_register_meta_back_compat_with_auth_callback_and_no_sanitize_callback_has_old_style_auth_filter" class="Tests_Meta_Register_Meta" classname="Tests_Meta_Register_Meta" file="/var/www/html/test/wordpress_test/inpsyde_test/test/wp-content/plugins/plugintestslughere/tests/unit/tests/meta/registerMeta.php" line="42" assertions="1" time="0.042090"/>
        <testcase name="test_register_meta_back_compat_with_sanitize_callback_and_no_auth_callback_has_old_style_sanitize_filter" class="Tests_Meta_Register_Meta" classname="Tests_Meta_Register_Meta" file="/var/www/html/test/wordpress_test/inpsyde_test/test/wp-content/plugins/plugintestslughere/tests/unit/tests/meta/registerMeta.php" line="51" assertions="1" time="0.032866"/>
        <testcase name="test_register_meta_back_compat_with_auth_and_sanitize_callback_has_old_style_filters" class="Tests_Meta_Register_Meta" classname="Tests_Meta_Register_Meta" file="/var/www/html/test/wordpress_test/inpsyde_test/test/wp-content/plugins/plugintestslughere/tests/unit/tests/meta/registerMeta.php" line="59" assertions="1" time="0.028242"/>
        <testcase name="test_register_meta_with_post_object_type_returns_true" class="Tests_Meta_Register_Meta" classname="Tests_Meta_Register_Meta" file="/var/www/html/test/wordpress_test/inpsyde_test/test/wp-content/plugins/plugintestslughere/tests/unit/tests/meta/registerMeta.php" line="76" assertions="1" time="0.032503"/>
        <testcase name="test_register_meta_with_post_object_type_populates_wp_meta_keys" class="Tests_Meta_Register_Meta" classname="Tests_Meta_Register_Meta" file="/var/www/html/test/wordpress_test/inpsyde_test/test/wp-content/plugins/plugintestslughere/tests/unit/tests/meta/registerMeta.php" line="83" assertions="1" time="0.026717"/>
        <testcase name="test_register_meta_with_term_object_type_populates_wp_meta_keys" class="Tests_Meta_Register_Meta" classname="Tests_Meta_Register_Meta" file="/var/www/html/test/wordpress_test/inpsyde_test/test/wp-content/plugins/plugintestslughere/tests/unit/tests/meta/registerMeta.php" line="108" assertions="1" time="0.023957"/>
        <testcase name="test_register_meta_with_deprecated_sanitize_callback_does_not_populate_wp_meta_keys" class="Tests_Meta_Register_Meta" classname="Tests_Meta_Register_Meta" file="/var/www/html/test/wordpress_test/inpsyde_test/test/wp-content/plugins/plugintestslughere/tests/unit/tests/meta/registerMeta.php" line="132" assertions="1" time="0.021690"/>
        <testcase name="test_register_meta_with_deprecated_sanitize_callback_param_returns_false" class="Tests_Meta_Register_Meta" classname="Tests_Meta_Register_Meta" file="/var/www/html/test/wordpress_test/inpsyde_test/test/wp-content/plugins/plugintestslughere/tests/unit/tests/meta/registerMeta.php" line="143" assertions="1" time="0.021749"/>
        <testcase name="test_register_meta_with_deprecated_sanitize_callback_parameter_passes_through_filter" class="Tests_Meta_Register_Meta" classname="Tests_Meta_Register_Meta" file="/var/www/html/test/wordpress_test/inpsyde_test/test/wp-content/plugins/plugintestslughere/tests/unit/tests/meta/registerMeta.php" line="152" assertions="1" time="0.021212"/>
        <testcase name="test_register_meta_with_current_sanitize_callback_populates_wp_meta_keys" class="Tests_Meta_Register_Meta" classname="Tests_Meta_Register_Meta" file="/var/www/html/test/wordpress_test/inpsyde_test/test/wp-content/plugins/plugintestslughere/tests/unit/tests/meta/registerMeta.php" line="162" assertions="1" time="0.020680"/>
        <testcase name="test_register_meta_with_current_sanitize_callback_returns_true" class="Tests_Meta_Register_Meta" classname="Tests_Meta_Register_Meta" file="/var/www/html/test/wordpress_test/inpsyde_test/test/wp-content/plugins/plugintestslughere/tests/unit/tests/meta/registerMeta.php" line="185" assertions="1" time="0.021346"/>
        <testcase name="test_register_meta_with_new_sanitize_callback_parameter" class="Tests_Meta_Register_Meta" classname="Tests_Meta_Register_Meta" file="/var/www/html/test/wordpress_test/inpsyde_test/test/wp-content/plugins/plugintestslughere/tests/unit/tests/meta/registerMeta.php" line="192" assertions="1" time="0.020853"/>
        <testcase name="test_register_meta_unregistered_meta_key_removes_sanitize_filter" class="Tests_Meta_Register_Meta" classname="Tests_Meta_Register_Meta" file="/var/www/html/test/wordpress_test/inpsyde_test/test/wp-content/plugins/plugintestslughere/tests/unit/tests/meta/registerMeta.php" line="201" assertions="1" time="0.020356"/>
        <testcase name="test_register_meta_unregistered_meta_key_removes_auth_filter" class="Tests_Meta_Register_Meta" classname="Tests_Meta_Register_Meta" file="/var/www/html/test/wordpress_test/inpsyde_test/test/wp-content/plugins/plugintestslughere/tests/unit/tests/meta/registerMeta.php" line="210" assertions="1" time="0.021150"/>
        <testcase name="test_unregister_meta_key_clears_key_from_wp_meta_keys" class="Tests_Meta_Register_Meta" classname="Tests_Meta_Register_Meta" file="/var/www/html/test/wordpress_test/inpsyde_test/test/wp-content/plugins/plugintestslughere/tests/unit/tests/meta/registerMeta.php" line="219" assertions="1" time="0.021031"/>
        <testcase name="test_unregister_meta_key_with_invalid_key_returns_false" class="Tests_Meta_Register_Meta" classname="Tests_Meta_Register_Meta" file="/var/www/html/test/wordpress_test/inpsyde_test/test/wp-content/plugins/plugintestslughere/tests/unit/tests/meta/registerMeta.php" line="227" assertions="1" time="0.020235"/>
        <testcase name="test_get_registered_meta_keys" class="Tests_Meta_Register_Meta" classname="Tests_Meta_Register_Meta" file="/var/www/html/test/wordpress_test/inpsyde_test/test/wp-content/plugins/plugintestslughere/tests/unit/tests/meta/registerMeta.php" line="231" assertions="2" time="0.020992"/>
        <testcase name="test_get_registered_meta_keys_with_invalid_type_is_empty" class="Tests_Meta_Register_Meta" classname="Tests_Meta_Register_Meta" file="/var/www/html/test/wordpress_test/inpsyde_test/test/wp-content/plugins/plugintestslughere/tests/unit/tests/meta/registerMeta.php" line="244" assertions="1" time="0.021454"/>
        <testcase name="test_get_registered_meta_keys_description_arg" class="Tests_Meta_Register_Meta" classname="Tests_Meta_Register_Meta" file="/var/www/html/test/wordpress_test/inpsyde_test/test/wp-content/plugins/plugintestslughere/tests/unit/tests/meta/registerMeta.php" line="256" assertions="1" time="0.022671"/>
        <testcase name="test_get_registered_meta_keys_invalid_arg" class="Tests_Meta_Register_Meta" classname="Tests_Meta_Register_Meta" file="/var/www/html/test/wordpress_test/inpsyde_test/test/wp-content/plugins/plugintestslughere/tests/unit/tests/meta/registerMeta.php" line="266" assertions="1" time="0.020619"/>
        <testcase name="test_get_registered_metadata" class="Tests_Meta_Register_Meta" classname="Tests_Meta_Register_Meta" file="/var/www/html/test/wordpress_test/inpsyde_test/test/wp-content/plugins/plugintestslughere/tests/unit/tests/meta/registerMeta.php" line="276" assertions="1" time="0.059884"/>
        <testcase name="test_get_registered_metadata_by_key" class="Tests_Meta_Register_Meta" classname="Tests_Meta_Register_Meta" file="/var/www/html/test/wordpress_test/inpsyde_test/test/wp-content/plugins/plugintestslughere/tests/unit/tests/meta/registerMeta.php" line="287" assertions="1" time="0.077328"/>
        <testcase name="test_get_registered_metadata_by_key_single" class="Tests_Meta_Register_Meta" classname="Tests_Meta_Register_Meta" file="/var/www/html/test/wordpress_test/inpsyde_test/test/wp-content/plugins/plugintestslughere/tests/unit/tests/meta/registerMeta.php" line="298" assertions="1" time="0.087550"/>
        <testcase name="test_get_registered_metadata_by_invalid_key" class="Tests_Meta_Register_Meta" classname="Tests_Meta_Register_Meta" file="/var/www/html/test/wordpress_test/inpsyde_test/test/wp-content/plugins/plugintestslughere/tests/unit/tests/meta/registerMeta.php" line="309" assertions="1" time="0.098437"/>
        <testcase name="test_get_registered_metadata_invalid_object_type_returns_empty_array" class="Tests_Meta_Register_Meta" classname="Tests_Meta_Register_Meta" file="/var/www/html/test/wordpress_test/inpsyde_test/test/wp-content/plugins/plugintestslughere/tests/unit/tests/meta/registerMeta.php" line="320" assertions="1" time="0.043434"/>
        <testsuite name="Tests_Meta_Register_Meta::test_register_meta_with_subtype_populates_wp_meta_keys" tests="4" assertions="4" errors="0" failures="0" skipped="0" time="0.120133">
          <testcase name="test_register_meta_with_subtype_populates_wp_meta_keys with data set #0" class="Tests_Meta_Register_Meta" classname="Tests_Meta_Register_Meta" file="/var/www/html/test/wordpress_test/inpsyde_test/test/wp-content/plugins/plugintestslughere/tests/unit/tests/meta/registerMeta.php" line="330" assertions="1" time="0.035162"/>
          <testcase name="test_register_meta_with_subtype_populates_wp_meta_keys with data set #1" class="Tests_Meta_Register_Meta" classname="Tests_Meta_Register_Meta" file="/var/www/html/test/wordpress_test/inpsyde_test/test/wp-content/plugins/plugintestslughere/tests/unit/tests/meta/registerMeta.php" line="330" assertions="1" time="0.031410"/>
          <testcase name="test_register_meta_with_subtype_populates_wp_meta_keys with data set #2" class="Tests_Meta_Register_Meta" classname="Tests_Meta_Register_Meta" file="/var/www/html/test/wordpress_test/inpsyde_test/test/wp-content/plugins/plugintestslughere/tests/unit/tests/meta/registerMeta.php" line="330" assertions="1" time="0.027591"/>
          <testcase name="test_register_meta_with_subtype_populates_wp_meta_keys with data set #3" class="Tests_Meta_Register_Meta" classname="Tests_Meta_Register_Meta" file="/var/www/html/test/wordpress_test/inpsyde_test/test/wp-content/plugins/plugintestslughere/tests/unit/tests/meta/registerMeta.php" line="330" assertions="1" time="0.025970"/>
        </testsuite>
        <testsuite name="Tests_Meta_Register_Meta::test_unregister_meta_with_subtype_unpopulates_wp_meta_keys" tests="4" assertions="4" errors="0" failures="0" skipped="0" time="0.090478">
          <testcase name="test_unregister_meta_with_subtype_unpopulates_wp_meta_keys with data set #0" class="Tests_Meta_Register_Meta" classname="Tests_Meta_Register_Meta" file="/var/www/html/test/wordpress_test/inpsyde_test/test/wp-content/plugins/plugintestslughere/tests/unit/tests/meta/registerMeta.php" line="362" assertions="1" time="0.024147"/>
          <testcase name="test_unregister_meta_with_subtype_unpopulates_wp_meta_keys with data set #1" class="Tests_Meta_Register_Meta" classname="Tests_Meta_Register_Meta" file="/var/www/html/test/wordpress_test/inpsyde_test/test/wp-content/plugins/plugintestslughere/tests/unit/tests/meta/registerMeta.php" line="362" assertions="1" time="0.022788"/>
          <testcase name="test_unregister_meta_with_subtype_unpopulates_wp_meta_keys with data set #2" class="Tests_Meta_Register_Meta" classname="Tests_Meta_Register_Meta" file="/var/www/html/test/wordpress_test/inpsyde_test/test/wp-content/plugins/plugintestslughere/tests/unit/tests/meta/registerMeta.php" line="362" assertions="1" time="0.021500"/>
          <testcase name="test_unregister_meta_with_subtype_unpopulates_wp_meta_keys with data set #3" class="Tests_Meta_Register_Meta" classname="Tests_Meta_Register_Meta" file="/var/www/html/test/wordpress_test/inpsyde_test/test/wp-content/plugins/plugintestslughere/tests/unit/tests/meta/registerMeta.php" line="362" assertions="1" time="0.022043"/>
        </testsuite>
        <testsuite name="Tests_Meta_Register_Meta::test_unregister_meta_without_subtype_keeps_subtype_meta_key" tests="4" assertions="4" errors="0" failures="0" skipped="0" time="0.085858">
          <testcase name="test_unregister_meta_without_subtype_keeps_subtype_meta_key with data set #0" class="Tests_Meta_Register_Meta" classname="Tests_Meta_Register_Meta" file="/var/www/html/test/wordpress_test/inpsyde_test/test/wp-content/plugins/plugintestslughere/tests/unit/tests/meta/registerMeta.php" line="380" assertions="1" time="0.022258"/>
          <testcase name="test_unregister_meta_without_subtype_keeps_subtype_meta_key with data set #1" class="Tests_Meta_Register_Meta" classname="Tests_Meta_Register_Meta" file="/var/www/html/test/wordpress_test/inpsyde_test/test/wp-content/plugins/plugintestslughere/tests/unit/tests/meta/registerMeta.php" line="380" assertions="1" time="0.021188"/>
          <testcase name="test_unregister_meta_without_subtype_keeps_subtype_meta_key with data set #2" class="Tests_Meta_Register_Meta" classname="Tests_Meta_Register_Meta" file="/var/www/html/test/wordpress_test/inpsyde_test/test/wp-content/plugins/plugintestslughere/tests/unit/tests/meta/registerMeta.php" line="380" assertions="1" time="0.020921"/>
          <testcase name="test_unregister_meta_without_subtype_keeps_subtype_meta_key with data set #3" class="Tests_Meta_Register_Meta" classname="Tests_Meta_Register_Meta" file="/var/www/html/test/wordpress_test/inpsyde_test/test/wp-content/plugins/plugintestslughere/tests/unit/tests/meta/registerMeta.php" line="380" assertions="1" time="0.021491"/>
        </testsuite>
        <testsuite name="Tests_Meta_Register_Meta::test_get_registered_meta_keys_with_subtype" tests="4" assertions="12" errors="0" failures="0" skipped="0" time="0.085685">
          <testcase name="test_get_registered_meta_keys_with_subtype with data set #0" class="Tests_Meta_Register_Meta" classname="Tests_Meta_Register_Meta" file="/var/www/html/test/wordpress_test/inpsyde_test/test/wp-content/plugins/plugintestslughere/tests/unit/tests/meta/registerMeta.php" line="415" assertions="3" time="0.022242"/>
          <testcase name="test_get_registered_meta_keys_with_subtype with data set #1" class="Tests_Meta_Register_Meta" classname="Tests_Meta_Register_Meta" file="/var/www/html/test/wordpress_test/inpsyde_test/test/wp-content/plugins/plugintestslughere/tests/unit/tests/meta/registerMeta.php" line="415" assertions="3" time="0.020786"/>
          <testcase name="test_get_registered_meta_keys_with_subtype with data set #2" class="Tests_Meta_Register_Meta" classname="Tests_Meta_Register_Meta" file="/var/www/html/test/wordpress_test/inpsyde_test/test/wp-content/plugins/plugintestslughere/tests/unit/tests/meta/registerMeta.php" line="415" assertions="3" time="0.021081"/>
          <testcase name="test_get_registered_meta_keys_with_subtype with data set #3" class="Tests_Meta_Register_Meta" classname="Tests_Meta_Register_Meta" file="/var/www/html/test/wordpress_test/inpsyde_test/test/wp-content/plugins/plugintestslughere/tests/unit/tests/meta/registerMeta.php" line="415" assertions="3" time="0.021576"/>
        </testsuite>
        <testsuite name="Tests_Meta_Register_Meta::test_get_registered_metadata_with_subtype" tests="4" assertions="24" errors="0" failures="0" skipped="0" time="0.500335">
          <testcase name="test_get_registered_metadata_with_subtype with data set #0" class="Tests_Meta_Register_Meta" classname="Tests_Meta_Register_Meta" file="/var/www/html/test/wordpress_test/inpsyde_test/test/wp-content/plugins/plugintestslughere/tests/unit/tests/meta/registerMeta.php" line="430" assertions="6" time="0.070970"/>
          <testcase name="test_get_registered_metadata_with_subtype with data set #1" class="Tests_Meta_Register_Meta" classname="Tests_Meta_Register_Meta" file="/var/www/html/test/wordpress_test/inpsyde_test/test/wp-content/plugins/plugintestslughere/tests/unit/tests/meta/registerMeta.php" line="430" assertions="6" time="0.154290"/>
          <testcase name="test_get_registered_metadata_with_subtype with data set #2" class="Tests_Meta_Register_Meta" classname="Tests_Meta_Register_Meta" file="/var/www/html/test/wordpress_test/inpsyde_test/test/wp-content/plugins/plugintestslughere/tests/unit/tests/meta/registerMeta.php" line="430" assertions="6" time="0.176822"/>
          <testcase name="test_get_registered_metadata_with_subtype with data set #3" class="Tests_Meta_Register_Meta" classname="Tests_Meta_Register_Meta" file="/var/www/html/test/wordpress_test/inpsyde_test/test/wp-content/plugins/plugintestslughere/tests/unit/tests/meta/registerMeta.php" line="430" assertions="6" time="0.098253"/>
        </testsuite>
        <testsuite name="Tests_Meta_Register_Meta::test_get_object_subtype" tests="4" assertions="4" errors="0" failures="0" skipped="0" time="0.136598">
          <testcase name="test_get_object_subtype with data set #0" class="Tests_Meta_Register_Meta" classname="Tests_Meta_Register_Meta" file="/var/www/html/test/wordpress_test/inpsyde_test/test/wp-content/plugins/plugintestslughere/tests/unit/tests/meta/registerMeta.php" line="487" assertions="1" time="0.045070"/>
          <testcase name="test_get_object_subtype with data set #1" class="Tests_Meta_Register_Meta" classname="Tests_Meta_Register_Meta" file="/var/www/html/test/wordpress_test/inpsyde_test/test/wp-content/plugins/plugintestslughere/tests/unit/tests/meta/registerMeta.php" line="487" assertions="1" time="0.034294"/>
          <testcase name="test_get_object_subtype with data set #2" class="Tests_Meta_Register_Meta" classname="Tests_Meta_Register_Meta" file="/var/www/html/test/wordpress_test/inpsyde_test/test/wp-content/plugins/plugintestslughere/tests/unit/tests/meta/registerMeta.php" line="487" assertions="1" time="0.029830"/>
          <testcase name="test_get_object_subtype with data set #3" class="Tests_Meta_Register_Meta" classname="Tests_Meta_Register_Meta" file="/var/www/html/test/wordpress_test/inpsyde_test/test/wp-content/plugins/plugintestslughere/tests/unit/tests/meta/registerMeta.php" line="487" assertions="1" time="0.027404"/>
        </testsuite>
        <testcase name="test_get_object_subtype_custom" class="Tests_Meta_Register_Meta" classname="Tests_Meta_Register_Meta" file="/var/www/html/test/wordpress_test/inpsyde_test/test/wp-content/plugins/plugintestslughere/tests/unit/tests/meta/registerMeta.php" line="497" assertions="2" time="0.024063"/>
        <testsuite name="Tests_Meta_Register_Meta::test_get_default_value" tests="25" assertions="150" errors="0" failures="0" skipped="0" time="2.758471">
          <testcase name="test_get_default_value with data set &quot;single string key with single ask &quot;" class="Tests_Meta_Register_Meta" classname="Tests_Meta_Register_Meta" file="/var/www/html/test/wordpress_test/inpsyde_test/test/wp-content/plugins/plugintestslughere/tests/unit/tests/meta/registerMeta.php" line="511" assertions="6" time="0.330836"/>
          <testcase name="test_get_default_value with data set &quot;single string key with multiple ask&quot;" class="Tests_Meta_Register_Meta" classname="Tests_Meta_Register_Meta" file="/var/www/html/test/wordpress_test/inpsyde_test/test/wp-content/plugins/plugintestslughere/tests/unit/tests/meta/registerMeta.php" line="511" assertions="6" time="0.098309"/>
          <testcase name="test_get_default_value with data set &quot;multiple string key with single ask&quot;" class="Tests_Meta_Register_Meta" classname="Tests_Meta_Register_Meta" file="/var/www/html/test/wordpress_test/inpsyde_test/test/wp-content/plugins/plugintestslughere/tests/unit/tests/meta/registerMeta.php" line="511" assertions="6" time="0.098334"/>
          <testcase name="test_get_default_value with data set &quot;multiple string key with multiple ask&quot;" class="Tests_Meta_Register_Meta" classname="Tests_Meta_Register_Meta" file="/var/www/html/test/wordpress_test/inpsyde_test/test/wp-content/plugins/plugintestslughere/tests/unit/tests/meta/registerMeta.php" line="511" assertions="6" time="0.097951"/>
          <testcase name="test_get_default_value with data set &quot;single array key with multiple ask&quot;" class="Tests_Meta_Register_Meta" classname="Tests_Meta_Register_Meta" file="/var/www/html/test/wordpress_test/inpsyde_test/test/wp-content/plugins/plugintestslughere/tests/unit/tests/meta/registerMeta.php" line="511" assertions="6" time="0.098249"/>
          <testcase name="test_get_default_value with data set &quot;single string key with single ask for sub type&quot;" class="Tests_Meta_Register_Meta" classname="Tests_Meta_Register_Meta" file="/var/www/html/test/wordpress_test/inpsyde_test/test/wp-content/plugins/plugintestslughere/tests/unit/tests/meta/registerMeta.php" line="511" assertions="6" time="0.087775"/>
          <testcase name="test_get_default_value with data set &quot;single string key with multiple ask for sub type&quot;" class="Tests_Meta_Register_Meta" classname="Tests_Meta_Register_Meta" file="/var/www/html/test/wordpress_test/inpsyde_test/test/wp-content/plugins/plugintestslughere/tests/unit/tests/meta/registerMeta.php" line="511" assertions="6" time="0.109363"/>
          <testcase name="test_get_default_value with data set &quot;single array key with multiple ask for sub type&quot;" class="Tests_Meta_Register_Meta" classname="Tests_Meta_Register_Meta" file="/var/www/html/test/wordpress_test/inpsyde_test/test/wp-content/plugins/plugintestslughere/tests/unit/tests/meta/registerMeta.php" line="511" assertions="6" time="0.098546"/>
          <testcase name="test_get_default_value with data set &quot;single object key with single ask&quot;" class="Tests_Meta_Register_Meta" classname="Tests_Meta_Register_Meta" file="/var/www/html/test/wordpress_test/inpsyde_test/test/wp-content/plugins/plugintestslughere/tests/unit/tests/meta/registerMeta.php" line="511" assertions="6" time="0.109483"/>
          <testcase name="test_get_default_value with data set &quot;single object key with multiple ask&quot;" class="Tests_Meta_Register_Meta" classname="Tests_Meta_Register_Meta" file="/var/www/html/test/wordpress_test/inpsyde_test/test/wp-content/plugins/plugintestslughere/tests/unit/tests/meta/registerMeta.php" line="511" assertions="6" time="0.098389"/>
          <testcase name="test_get_default_value with data set &quot;multiple object key with single ask&quot;" class="Tests_Meta_Register_Meta" classname="Tests_Meta_Register_Meta" file="/var/www/html/test/wordpress_test/inpsyde_test/test/wp-content/plugins/plugintestslughere/tests/unit/tests/meta/registerMeta.php" line="511" assertions="6" time="0.098448"/>
          <testcase name="test_get_default_value with data set &quot;multiple object key with multiple ask&quot;" class="Tests_Meta_Register_Meta" classname="Tests_Meta_Register_Meta" file="/var/www/html/test/wordpress_test/inpsyde_test/test/wp-content/plugins/plugintestslughere/tests/unit/tests/meta/registerMeta.php" line="511" assertions="6" time="0.098420"/>
          <testcase name="test_get_default_value with data set &quot;single array key with multiple ask part two&quot;" class="Tests_Meta_Register_Meta" classname="Tests_Meta_Register_Meta" file="/var/www/html/test/wordpress_test/inpsyde_test/test/wp-content/plugins/plugintestslughere/tests/unit/tests/meta/registerMeta.php" line="511" assertions="6" time="0.098359"/>
          <testcase name="test_get_default_value with data set &quot;multiple array with multiple ask&quot;" class="Tests_Meta_Register_Meta" classname="Tests_Meta_Register_Meta" file="/var/www/html/test/wordpress_test/inpsyde_test/test/wp-content/plugins/plugintestslughere/tests/unit/tests/meta/registerMeta.php" line="511" assertions="6" time="0.098336"/>
          <testcase name="test_get_default_value with data set &quot;single array with single ask&quot;" class="Tests_Meta_Register_Meta" classname="Tests_Meta_Register_Meta" file="/var/www/html/test/wordpress_test/inpsyde_test/test/wp-content/plugins/plugintestslughere/tests/unit/tests/meta/registerMeta.php" line="511" assertions="6" time="0.098346"/>
          <testcase name="test_get_default_value with data set &quot;multiple array with single ask&quot;" class="Tests_Meta_Register_Meta" classname="Tests_Meta_Register_Meta" file="/var/www/html/test/wordpress_test/inpsyde_test/test/wp-content/plugins/plugintestslughere/tests/unit/tests/meta/registerMeta.php" line="511" assertions="6" time="0.098384"/>
          <testcase name="test_get_default_value with data set &quot;single boolean with single ask&quot;" class="Tests_Meta_Register_Meta" classname="Tests_Meta_Register_Meta" file="/var/www/html/test/wordpress_test/inpsyde_test/test/wp-content/plugins/plugintestslughere/tests/unit/tests/meta/registerMeta.php" line="511" assertions="6" time="0.098470"/>
          <testcase name="test_get_default_value with data set &quot;multiple boolean with single ask&quot;" class="Tests_Meta_Register_Meta" classname="Tests_Meta_Register_Meta" file="/var/www/html/test/wordpress_test/inpsyde_test/test/wp-content/plugins/plugintestslughere/tests/unit/tests/meta/registerMeta.php" line="511" assertions="6" time="0.098286"/>
          <testcase name="test_get_default_value with data set &quot;single boolean with multiple ask&quot;" class="Tests_Meta_Register_Meta" classname="Tests_Meta_Register_Meta" file="/var/www/html/test/wordpress_test/inpsyde_test/test/wp-content/plugins/plugintestslughere/tests/unit/tests/meta/registerMeta.php" line="511" assertions="6" time="0.142547"/>
          <testcase name="test_get_default_value with data set &quot;multiple boolean with multiple ask&quot;" class="Tests_Meta_Register_Meta" classname="Tests_Meta_Register_Meta" file="/var/www/html/test/wordpress_test/inpsyde_test/test/wp-content/plugins/plugintestslughere/tests/unit/tests/meta/registerMeta.php" line="511" assertions="6" time="0.098574"/>
          <testcase name="test_get_default_value with data set &quot;single integer with single ask&quot;" class="Tests_Meta_Register_Meta" classname="Tests_Meta_Register_Meta" file="/var/www/html/test/wordpress_test/inpsyde_test/test/wp-content/plugins/plugintestslughere/tests/unit/tests/meta/registerMeta.php" line="511" assertions="6" time="0.131294"/>
          <testcase name="test_get_default_value with data set &quot;multiple integer with single ask&quot;" class="Tests_Meta_Register_Meta" classname="Tests_Meta_Register_Meta" file="/var/www/html/test/wordpress_test/inpsyde_test/test/wp-content/plugins/plugintestslughere/tests/unit/tests/meta/registerMeta.php" line="511" assertions="6" time="0.088107"/>
          <testcase name="test_get_default_value with data set &quot;single integer with multiple ask&quot;" class="Tests_Meta_Register_Meta" classname="Tests_Meta_Register_Meta" file="/var/www/html/test/wordpress_test/inpsyde_test/test/wp-content/plugins/plugintestslughere/tests/unit/tests/meta/registerMeta.php" line="511" assertions="6" time="0.098207"/>
          <testcase name="test_get_default_value with data set &quot;multiple integer with multiple ask&quot;" class="Tests_Meta_Register_Meta" classname="Tests_Meta_Register_Meta" file="/var/www/html/test/wordpress_test/inpsyde_test/test/wp-content/plugins/plugintestslughere/tests/unit/tests/meta/registerMeta.php" line="511" assertions="6" time="0.110089"/>
          <testcase name="test_get_default_value with data set &quot;single array of objects with multiple ask&quot;" class="Tests_Meta_Register_Meta" classname="Tests_Meta_Register_Meta" file="/var/www/html/test/wordpress_test/inpsyde_test/test/wp-content/plugins/plugintestslughere/tests/unit/tests/meta/registerMeta.php" line="511" assertions="6" time="0.075368"/>
        </testsuite>
        <testsuite name="Tests_Meta_Register_Meta::test_get_invalid_default_value" tests="13" assertions="39" errors="0" failures="0" skipped="0" time="0.274092">
          <testcase name="test_get_invalid_default_value with data set #0" class="Tests_Meta_Register_Meta" classname="Tests_Meta_Register_Meta" file="/var/www/html/test/wordpress_test/inpsyde_test/test/wp-content/plugins/plugintestslughere/tests/unit/tests/meta/registerMeta.php" line="556" assertions="3" time="0.023654"/>
          <testcase name="test_get_invalid_default_value with data set #1" class="Tests_Meta_Register_Meta" classname="Tests_Meta_Register_Meta" file="/var/www/html/test/wordpress_test/inpsyde_test/test/wp-content/plugins/plugintestslughere/tests/unit/tests/meta/registerMeta.php" line="556" assertions="3" time="0.022073"/>
          <testcase name="test_get_invalid_default_value with data set #2" class="Tests_Meta_Register_Meta" classname="Tests_Meta_Register_Meta" file="/var/www/html/test/wordpress_test/inpsyde_test/test/wp-content/plugins/plugintestslughere/tests/unit/tests/meta/registerMeta.php" line="556" assertions="3" time="0.020470"/>
          <testcase name="test_get_invalid_default_value with data set #3" class="Tests_Meta_Register_Meta" classname="Tests_Meta_Register_Meta" file="/var/www/html/test/wordpress_test/inpsyde_test/test/wp-content/plugins/plugintestslughere/tests/unit/tests/meta/registerMeta.php" line="556" assertions="3" time="0.019617"/>
          <testcase name="test_get_invalid_default_value with data set #4" class="Tests_Meta_Register_Meta" classname="Tests_Meta_Register_Meta" file="/var/www/html/test/wordpress_test/inpsyde_test/test/wp-content/plugins/plugintestslughere/tests/unit/tests/meta/registerMeta.php" line="556" assertions="3" time="0.020258"/>
          <testcase name="test_get_invalid_default_value with data set #5" class="Tests_Meta_Register_Meta" classname="Tests_Meta_Register_Meta" file="/var/www/html/test/wordpress_test/inpsyde_test/test/wp-content/plugins/plugintestslughere/tests/unit/tests/meta/registerMeta.php" line="556" assertions="3" time="0.020561"/>
          <testcase name="test_get_invalid_default_value with data set #6" class="Tests_Meta_Register_Meta" classname="Tests_Meta_Register_Meta" file="/var/www/html/test/wordpress_test/inpsyde_test/test/wp-content/plugins/plugintestslughere/tests/unit/tests/meta/registerMeta.php" line="556" assertions="3" time="0.019994"/>
          <testcase name="test_get_invalid_default_value with data set #7" class="Tests_Meta_Register_Meta" classname="Tests_Meta_Register_Meta" file="/var/www/html/test/wordpress_test/inpsyde_test/test/wp-content/plugins/plugintestslughere/tests/unit/tests/meta/registerMeta.php" line="556" assertions="3" time="0.020915"/>
          <testcase name="test_get_invalid_default_value with data set #8" class="Tests_Meta_Register_Meta" classname="Tests_Meta_Register_Meta" file="/var/www/html/test/wordpress_test/inpsyde_test/test/wp-content/plugins/plugintestslughere/tests/unit/tests/meta/registerMeta.php" line="556" assertions="3" time="0.021137"/>
          <testcase name="test_get_invalid_default_value with data set #9" class="Tests_Meta_Register_Meta" classname="Tests_Meta_Register_Meta" file="/var/www/html/test/wordpress_test/inpsyde_test/test/wp-content/plugins/plugintestslughere/tests/unit/tests/meta/registerMeta.php" line="556" assertions="3" time="0.021319"/>
          <testcase name="test_get_invalid_default_value with data set #10" class="Tests_Meta_Register_Meta" classname="Tests_Meta_Register_Meta" file="/var/www/html/test/wordpress_test/inpsyde_test/test/wp-content/plugins/plugintestslughere/tests/unit/tests/meta/registerMeta.php" line="556" assertions="3" time="0.020675"/>
          <testcase name="test_get_invalid_default_value with data set #11" class="Tests_Meta_Register_Meta" classname="Tests_Meta_Register_Meta" file="/var/www/html/test/wordpress_test/inpsyde_test/test/wp-content/plugins/plugintestslughere/tests/unit/tests/meta/registerMeta.php" line="556" assertions="3" time="0.021838"/>
          <testcase name="test_get_invalid_default_value with data set #12" class="Tests_Meta_Register_Meta" classname="Tests_Meta_Register_Meta" file="/var/www/html/test/wordpress_test/inpsyde_test/test/wp-content/plugins/plugintestslughere/tests/unit/tests/meta/registerMeta.php" line="556" assertions="3" time="0.021581"/>
        </testsuite>
      </testsuite>
      <testsuite name="Tests_Meta_Slashes" file="/var/www/html/test/wordpress_test/inpsyde_test/test/wp-content/plugins/plugintestslughere/tests/unit/tests/meta/slashes.php" tests="7" assertions="37" errors="0" failures="0" skipped="0" time="1.702766">
        <testcase name="test_edit_post" class="Tests_Meta_Slashes" classname="Tests_Meta_Slashes" file="/var/www/html/test/wordpress_test/inpsyde_test/test/wp-content/plugins/plugintestslughere/tests/unit/tests/meta/slashes.php" line="38" assertions="7" time="0.220678"/>
        <testcase name="test_add_post_meta" class="Tests_Meta_Slashes" classname="Tests_Meta_Slashes" file="/var/www/html/test/wordpress_test/inpsyde_test/test/wp-content/plugins/plugintestslughere/tests/unit/tests/meta/slashes.php" line="115" assertions="3" time="0.098223"/>
        <testcase name="test_update_post_meta" class="Tests_Meta_Slashes" classname="Tests_Meta_Slashes" file="/var/www/html/test/wordpress_test/inpsyde_test/test/wp-content/plugins/plugintestslughere/tests/unit/tests/meta/slashes.php" line="130" assertions="3" time="0.086131"/>
        <testcase name="test_add_comment_meta" class="Tests_Meta_Slashes" classname="Tests_Meta_Slashes" file="/var/www/html/test/wordpress_test/inpsyde_test/test/wp-content/plugins/plugintestslughere/tests/unit/tests/meta/slashes.php" line="145" assertions="6" time="0.077745"/>
        <testcase name="test_update_comment_meta" class="Tests_Meta_Slashes" classname="Tests_Meta_Slashes" file="/var/www/html/test/wordpress_test/inpsyde_test/test/wp-content/plugins/plugintestslughere/tests/unit/tests/meta/slashes.php" line="168" assertions="6" time="0.956445"/>
        <testcase name="test_add_user_meta" class="Tests_Meta_Slashes" classname="Tests_Meta_Slashes" file="/var/www/html/test/wordpress_test/inpsyde_test/test/wp-content/plugins/plugintestslughere/tests/unit/tests/meta/slashes.php" line="195" assertions="6" time="0.164509"/>
        <testcase name="test_update_user_meta" class="Tests_Meta_Slashes" classname="Tests_Meta_Slashes" file="/var/www/html/test/wordpress_test/inpsyde_test/test/wp-content/plugins/plugintestslughere/tests/unit/tests/meta/slashes.php" line="218" assertions="6" time="0.099035"/>
      </testsuite>
      <testsuite name="Tests_Meta_UpdateMetadata" file="/var/www/html/test/wordpress_test/inpsyde_test/test/wp-content/plugins/plugintestslughere/tests/unit/tests/meta/updateMetadata.php" tests="2" assertions="2" errors="0" failures="0" skipped="0" time="0.139761">
        <testcase name="test_slashed_key_for_new_metadata" class="Tests_Meta_UpdateMetadata" classname="Tests_Meta_UpdateMetadata" file="/var/www/html/test/wordpress_test/inpsyde_test/test/wp-content/plugins/plugintestslughere/tests/unit/tests/meta/updateMetadata.php" line="11" assertions="1" time="0.063311"/>
        <testcase name="test_slashed_key_for_existing_metadata" class="Tests_Meta_UpdateMetadata" classname="Tests_Meta_UpdateMetadata" file="/var/www/html/test/wordpress_test/inpsyde_test/test/wp-content/plugins/plugintestslughere/tests/unit/tests/meta/updateMetadata.php" line="21" assertions="1" time="0.076450"/>
      </testsuite>
      <testsuite name="Tests_WP_Embed" file="/var/www/html/test/wordpress_test/inpsyde_test/test/wp-content/plugins/plugintestslughere/tests/unit/tests/oembed/WpEmbed.php" tests="24" assertions="42" errors="0" failures="0" skipped="0" time="4.086286">
        <testcase name="test_maybe_run_ajax_cache_should_return_nothing_if_there_is_no_post" class="Tests_WP_Embed" classname="Tests_WP_Embed" file="/var/www/html/test/wordpress_test/inpsyde_test/test/wp-content/plugins/plugintestslughere/tests/unit/tests/oembed/WpEmbed.php" line="25" assertions="1" time="0.042830"/>
        <testcase name="test_maybe_run_ajax_cache_should_return_nothing_if_there_is_no_message" class="Tests_WP_Embed" classname="Tests_WP_Embed" file="/var/www/html/test/wordpress_test/inpsyde_test/test/wp-content/plugins/plugintestslughere/tests/unit/tests/oembed/WpEmbed.php" line="30" assertions="1" time="0.101712"/>
        <testcase name="test_maybe_run_ajax_cache_should_return_javascript" class="Tests_WP_Embed" classname="Tests_WP_Embed" file="/var/www/html/test/wordpress_test/inpsyde_test/test/wp-content/plugins/plugintestslughere/tests/unit/tests/oembed/WpEmbed.php" line="43" assertions="1" time="0.131336"/>
        <testcase name="test_wp_maybe_load_embeds" class="Tests_WP_Embed" classname="Tests_WP_Embed" file="/var/www/html/test/wordpress_test/inpsyde_test/test/wp-content/plugins/plugintestslughere/tests/unit/tests/oembed/WpEmbed.php" line="60" assertions="3" time="0.037658"/>
        <testcase name="test_wp_embed_register_handler" class="Tests_WP_Embed" classname="Tests_WP_Embed" file="/var/www/html/test/wordpress_test/inpsyde_test/test/wp-content/plugins/plugintestslughere/tests/unit/tests/oembed/WpEmbed.php" line="77" assertions="1" time="0.033302"/>
        <testcase name="test_wp_embed_unregister_handler" class="Tests_WP_Embed" classname="Tests_WP_Embed" file="/var/www/html/test/wordpress_test/inpsyde_test/test/wp-content/plugins/plugintestslughere/tests/unit/tests/oembed/WpEmbed.php" line="95" assertions="2" time="0.031706"/>
        <testcase name="test_autoembed_should_do_nothing_without_matching_handler" class="Tests_WP_Embed" classname="Tests_WP_Embed" file="/var/www/html/test/wordpress_test/inpsyde_test/test/wp-content/plugins/plugintestslughere/tests/unit/tests/oembed/WpEmbed.php" line="108" assertions="1" time="0.643654"/>
        <testcase name="test_autoembed_should_return_modified_content" class="Tests_WP_Embed" classname="Tests_WP_Embed" file="/var/www/html/test/wordpress_test/inpsyde_test/test/wp-content/plugins/plugintestslughere/tests/unit/tests/oembed/WpEmbed.php" line="115" assertions="1" time="0.029220"/>
        <testcase name="test_delete_oembed_caches" class="Tests_WP_Embed" classname="Tests_WP_Embed" file="/var/www/html/test/wordpress_test/inpsyde_test/test/wp-content/plugins/plugintestslughere/tests/unit/tests/oembed/WpEmbed.php" line="130" assertions="2" time="0.102351"/>
        <testcase name="test_cache_oembed_invalid_post_type" class="Tests_WP_Embed" classname="Tests_WP_Embed" file="/var/www/html/test/wordpress_test/inpsyde_test/test/wp-content/plugins/plugintestslughere/tests/unit/tests/oembed/WpEmbed.php" line="143" assertions="1" time="0.087928"/>
        <testcase name="test_cache_oembed_empty_content" class="Tests_WP_Embed" classname="Tests_WP_Embed" file="/var/www/html/test/wordpress_test/inpsyde_test/test/wp-content/plugins/plugintestslughere/tests/unit/tests/oembed/WpEmbed.php" line="150" assertions="1" time="0.098877"/>
        <testcase name="test_cache_oembed_for_post" class="Tests_WP_Embed" classname="Tests_WP_Embed" file="/var/www/html/test/wordpress_test/inpsyde_test/test/wp-content/plugins/plugintestslughere/tests/unit/tests/oembed/WpEmbed.php" line="157" assertions="3" time="0.098769"/>
        <testcase name="test_shortcode_should_get_cached_data_from_post_meta_for_known_post" class="Tests_WP_Embed" classname="Tests_WP_Embed" file="/var/www/html/test/wordpress_test/inpsyde_test/test/wp-content/plugins/plugintestslughere/tests/unit/tests/oembed/WpEmbed.php" line="175" assertions="3" time="0.098779"/>
        <testcase name="test_shortcode_should_get_cached_failure_from_post_meta_for_known_post" class="Tests_WP_Embed" classname="Tests_WP_Embed" file="/var/www/html/test/wordpress_test/inpsyde_test/test/wp-content/plugins/plugintestslughere/tests/unit/tests/oembed/WpEmbed.php" line="202" assertions="4" time="0.098925"/>
        <testcase name="test_shortcode_should_cache_data_in_custom_post" class="Tests_WP_Embed" classname="Tests_WP_Embed" file="/var/www/html/test/wordpress_test/inpsyde_test/test/wp-content/plugins/plugintestslughere/tests/unit/tests/oembed/WpEmbed.php" line="237" assertions="4" time="0.144015"/>
        <testcase name="test_shortcode_should_cache_failure_in_custom_post" class="Tests_WP_Embed" classname="Tests_WP_Embed" file="/var/www/html/test/wordpress_test/inpsyde_test/test/wp-content/plugins/plugintestslughere/tests/unit/tests/oembed/WpEmbed.php" line="263" assertions="4" time="0.087135"/>
        <testcase name="test_shortcode_should_update_custom_post" class="Tests_WP_Embed" classname="Tests_WP_Embed" file="/var/www/html/test/wordpress_test/inpsyde_test/test/wp-content/plugins/plugintestslughere/tests/unit/tests/oembed/WpEmbed.php" line="291" assertions="2" time="0.098226"/>
        <testcase name="test_shortcode_should_get_url_from_src_attribute" class="Tests_WP_Embed" classname="Tests_WP_Embed" file="/var/www/html/test/wordpress_test/inpsyde_test/test/wp-content/plugins/plugintestslughere/tests/unit/tests/oembed/WpEmbed.php" line="320" assertions="1" time="0.638681"/>
        <testcase name="test_shortcode_should_return_empty_string_for_missing_url" class="Tests_WP_Embed" classname="Tests_WP_Embed" file="/var/www/html/test/wordpress_test/inpsyde_test/test/wp-content/plugins/plugintestslughere/tests/unit/tests/oembed/WpEmbed.php" line="327" assertions="1" time="0.029959"/>
        <testcase name="test_shortcode_should_make_link_for_unknown_url" class="Tests_WP_Embed" classname="Tests_WP_Embed" file="/var/www/html/test/wordpress_test/inpsyde_test/test/wp-content/plugins/plugintestslughere/tests/unit/tests/oembed/WpEmbed.php" line="331" assertions="1" time="0.662520"/>
        <testcase name="test_run_shortcode_url_only" class="Tests_WP_Embed" classname="Tests_WP_Embed" file="/var/www/html/test/wordpress_test/inpsyde_test/test/wp-content/plugins/plugintestslughere/tests/unit/tests/oembed/WpEmbed.php" line="338" assertions="1" time="0.672832"/>
        <testcase name="test_maybe_make_link" class="Tests_WP_Embed" classname="Tests_WP_Embed" file="/var/www/html/test/wordpress_test/inpsyde_test/test/wp-content/plugins/plugintestslughere/tests/unit/tests/oembed/WpEmbed.php" line="344" assertions="1" time="0.045357"/>
        <testcase name="test_maybe_make_link_return_false_on_fail" class="Tests_WP_Embed" classname="Tests_WP_Embed" file="/var/www/html/test/wordpress_test/inpsyde_test/test/wp-content/plugins/plugintestslughere/tests/unit/tests/oembed/WpEmbed.php" line="351" assertions="1" time="0.040018"/>
        <testcase name="test_maybe_make_link_do_not_link_if_unknown" class="Tests_WP_Embed" classname="Tests_WP_Embed" file="/var/www/html/test/wordpress_test/inpsyde_test/test/wp-content/plugins/plugintestslughere/tests/unit/tests/oembed/WpEmbed.php" line="356" assertions="1" time="0.030496"/>
      </testsuite>
      <testsuite name="Test_oEmbed_Controller" file="/var/www/html/test/wordpress_test/inpsyde_test/test/wp-content/plugins/plugintestslughere/tests/unit/tests/oembed/controller.php" tests="27" assertions="172" errors="0" failures="0" skipped="0" time="3.236004">
        <testcase name="test_wp_oembed_ensure_format" class="Test_oEmbed_Controller" classname="Test_oEmbed_Controller" file="/var/www/html/test/wordpress_test/inpsyde_test/test/wp-content/plugins/plugintestslughere/tests/unit/tests/oembed/controller.php" line="177" assertions="5" time="0.107910"/>
        <testcase name="test_oembed_create_xml" class="Test_oEmbed_Controller" classname="Test_oEmbed_Controller" file="/var/www/html/test/wordpress_test/inpsyde_test/test/wp-content/plugins/plugintestslughere/tests/unit/tests/oembed/controller.php" line="185" assertions="4" time="0.050795"/>
        <testcase name="test_route_availability" class="Test_oEmbed_Controller" classname="Test_oEmbed_Controller" file="/var/www/html/test/wordpress_test/inpsyde_test/test/wp-content/plugins/plugintestslughere/tests/unit/tests/oembed/controller.php" line="242" assertions="11" time="0.045929"/>
        <testcase name="test_request_with_wrong_method" class="Test_oEmbed_Controller" classname="Test_oEmbed_Controller" file="/var/www/html/test/wordpress_test/inpsyde_test/test/wp-content/plugins/plugintestslughere/tests/unit/tests/oembed/controller.php" line="262" assertions="1" time="0.044778"/>
        <testcase name="test_request_without_url_param" class="Test_oEmbed_Controller" classname="Test_oEmbed_Controller" file="/var/www/html/test/wordpress_test/inpsyde_test/test/wp-content/plugins/plugintestslughere/tests/unit/tests/oembed/controller.php" line="271" assertions="2" time="0.045083"/>
        <testcase name="test_request_with_bad_url" class="Test_oEmbed_Controller" classname="Test_oEmbed_Controller" file="/var/www/html/test/wordpress_test/inpsyde_test/test/wp-content/plugins/plugintestslughere/tests/unit/tests/oembed/controller.php" line="281" assertions="1" time="0.042654"/>
        <testcase name="test_request_invalid_format" class="Test_oEmbed_Controller" classname="Test_oEmbed_Controller" file="/var/www/html/test/wordpress_test/inpsyde_test/test/wp-content/plugins/plugintestslughere/tests/unit/tests/oembed/controller.php" line="291" assertions="2" time="0.111521"/>
        <testcase name="test_request_json" class="Test_oEmbed_Controller" classname="Test_oEmbed_Controller" file="/var/www/html/test/wordpress_test/inpsyde_test/test/wp-content/plugins/plugintestslughere/tests/unit/tests/oembed/controller.php" line="305" assertions="18" time="0.219757"/>
        <testcase name="test_request_static_front_page" class="Test_oEmbed_Controller" classname="Test_oEmbed_Controller" file="/var/www/html/test/wordpress_test/inpsyde_test/test/wp-content/plugins/plugintestslughere/tests/unit/tests/oembed/controller.php" line="350" assertions="18" time="0.164486"/>
        <testcase name="test_request_xml" class="Test_oEmbed_Controller" classname="Test_oEmbed_Controller" file="/var/www/html/test/wordpress_test/inpsyde_test/test/wp-content/plugins/plugintestslughere/tests/unit/tests/oembed/controller.php" line="392" assertions="18" time="0.241419"/>
        <testcase name="test_rest_pre_serve_request" class="Test_oEmbed_Controller" classname="Test_oEmbed_Controller" file="/var/www/html/test/wordpress_test/inpsyde_test/test/wp-content/plugins/plugintestslughere/tests/unit/tests/oembed/controller.php" line="462" assertions="1" time="0.242160"/>
        <testcase name="test_rest_pre_serve_request_wrong_format" class="Test_oEmbed_Controller" classname="Test_oEmbed_Controller" file="/var/www/html/test/wordpress_test/inpsyde_test/test/wp-content/plugins/plugintestslughere/tests/unit/tests/oembed/controller.php" line="486" assertions="1" time="0.153437"/>
        <testcase name="test_rest_pre_serve_request_wrong_method" class="Test_oEmbed_Controller" classname="Test_oEmbed_Controller" file="/var/www/html/test/wordpress_test/inpsyde_test/test/wp-content/plugins/plugintestslughere/tests/unit/tests/oembed/controller.php" line="498" assertions="1" time="0.164558"/>
        <testcase name="test_get_oembed_endpoint_url" class="Test_oEmbed_Controller" classname="Test_oEmbed_Controller" file="/var/www/html/test/wordpress_test/inpsyde_test/test/wp-content/plugins/plugintestslughere/tests/unit/tests/oembed/controller.php" line="510" assertions="5" time="0.153281"/>
        <testcase name="test_get_oembed_endpoint_url_pretty_permalinks" class="Test_oEmbed_Controller" classname="Test_oEmbed_Controller" file="/var/www/html/test/wordpress_test/inpsyde_test/test/wp-content/plugins/plugintestslughere/tests/unit/tests/oembed/controller.php" line="523" assertions="4" time="0.164455"/>
        <testcase name="test_proxy_without_permission" class="Test_oEmbed_Controller" classname="Test_oEmbed_Controller" file="/var/www/html/test/wordpress_test/inpsyde_test/test/wp-content/plugins/plugintestslughere/tests/unit/tests/oembed/controller.php" line="539" assertions="3" time="0.086627"/>
        <testcase name="test_proxy_with_invalid_oembed_provider" class="Test_oEmbed_Controller" classname="Test_oEmbed_Controller" file="/var/www/html/test/wordpress_test/inpsyde_test/test/wp-content/plugins/plugintestslughere/tests/unit/tests/oembed/controller.php" line="557" assertions="2" time="0.067524"/>
        <testcase name="test_proxy_with_invalid_type" class="Test_oEmbed_Controller" classname="Test_oEmbed_Controller" file="/var/www/html/test/wordpress_test/inpsyde_test/test/wp-content/plugins/plugintestslughere/tests/unit/tests/oembed/controller.php" line="567" assertions="1" time="0.083535"/>
        <testcase name="test_proxy_with_valid_oembed_provider" class="Test_oEmbed_Controller" classname="Test_oEmbed_Controller" file="/var/www/html/test/wordpress_test/inpsyde_test/test/wp-content/plugins/plugintestslughere/tests/unit/tests/oembed/controller.php" line="576" assertions="12" time="0.102063"/>
        <testcase name="test_proxy_with_classic_embed_provider" class="Test_oEmbed_Controller" classname="Test_oEmbed_Controller" file="/var/www/html/test/wordpress_test/inpsyde_test/test/wp-content/plugins/plugintestslughere/tests/unit/tests/oembed/controller.php" line="617" assertions="8" time="0.144291"/>
        <testcase name="test_proxy_with_invalid_oembed_provider_no_discovery" class="Test_oEmbed_Controller" classname="Test_oEmbed_Controller" file="/var/www/html/test/wordpress_test/inpsyde_test/test/wp-content/plugins/plugintestslughere/tests/unit/tests/oembed/controller.php" line="637" assertions="2" time="0.089524"/>
        <testcase name="test_proxy_with_invalid_oembed_provider_with_default_discover_param" class="Test_oEmbed_Controller" classname="Test_oEmbed_Controller" file="/var/www/html/test/wordpress_test/inpsyde_test/test/wp-content/plugins/plugintestslughere/tests/unit/tests/oembed/controller.php" line="649" assertions="2" time="0.065387"/>
        <testcase name="test_proxy_with_invalid_discover_param" class="Test_oEmbed_Controller" classname="Test_oEmbed_Controller" file="/var/www/html/test/wordpress_test/inpsyde_test/test/wp-content/plugins/plugintestslughere/tests/unit/tests/oembed/controller.php" line="660" assertions="2" time="0.056359"/>
        <testcase name="test_proxy_with_internal_url" class="Test_oEmbed_Controller" classname="Test_oEmbed_Controller" file="/var/www/html/test/wordpress_test/inpsyde_test/test/wp-content/plugins/plugintestslughere/tests/unit/tests/oembed/controller.php" line="676" assertions="17" time="0.149623"/>
        <testcase name="test_proxy_with_static_front_page_url" class="Test_oEmbed_Controller" classname="Test_oEmbed_Controller" file="/var/www/html/test/wordpress_test/inpsyde_test/test/wp-content/plugins/plugintestslughere/tests/unit/tests/oembed/controller.php" line="724" assertions="18" time="0.143041"/>
        <testcase name="test_proxy_filters_result_of_untrusted_oembed_provider" class="Test_oEmbed_Controller" classname="Test_oEmbed_Controller" file="/var/www/html/test/wordpress_test/inpsyde_test/test/wp-content/plugins/plugintestslughere/tests/unit/tests/oembed/controller.php" line="775" assertions="8" time="0.164399"/>
        <testcase name="test_proxy_does_not_filter_result_of_trusted_oembed_provider" class="Test_oEmbed_Controller" classname="Test_oEmbed_Controller" file="/var/www/html/test/wordpress_test/inpsyde_test/test/wp-content/plugins/plugintestslughere/tests/unit/tests/oembed/controller.php" line="798" assertions="5" time="0.131408"/>
      </testsuite>
      <testsuite name="Tests_oEmbed_Discovery" file="/var/www/html/test/wordpress_test/inpsyde_test/test/wp-content/plugins/plugintestslughere/tests/unit/tests/oembed/discovery.php" tests="6" assertions="17" errors="0" failures="0" skipped="0" time="0.705430">
        <testcase name="test_add_oembed_discovery_links_non_singular" class="Tests_oEmbed_Discovery" classname="Tests_oEmbed_Discovery" file="/var/www/html/test/wordpress_test/inpsyde_test/test/wp-content/plugins/plugintestslughere/tests/unit/tests/oembed/discovery.php" line="7" assertions="1" time="0.041735"/>
        <testcase name="test_add_oembed_discovery_links_front_page" class="Tests_oEmbed_Discovery" classname="Tests_oEmbed_Discovery" file="/var/www/html/test/wordpress_test/inpsyde_test/test/wp-content/plugins/plugintestslughere/tests/unit/tests/oembed/discovery.php" line="11" assertions="2" time="0.042764"/>
        <testcase name="test_add_oembed_discovery_links_static_front_page" class="Tests_oEmbed_Discovery" classname="Tests_oEmbed_Discovery" file="/var/www/html/test/wordpress_test/inpsyde_test/test/wp-content/plugins/plugintestslughere/tests/unit/tests/oembed/discovery.php" line="20" assertions="4" time="0.193021"/>
        <testcase name="test_add_oembed_discovery_links_to_post" class="Tests_oEmbed_Discovery" classname="Tests_oEmbed_Discovery" file="/var/www/html/test/wordpress_test/inpsyde_test/test/wp-content/plugins/plugintestslughere/tests/unit/tests/oembed/discovery.php" line="43" assertions="3" time="0.131415"/>
        <testcase name="test_add_oembed_discovery_links_to_page" class="Tests_oEmbed_Discovery" classname="Tests_oEmbed_Discovery" file="/var/www/html/test/wordpress_test/inpsyde_test/test/wp-content/plugins/plugintestslughere/tests/unit/tests/oembed/discovery.php" line="54" assertions="3" time="0.120528"/>
        <testcase name="test_add_oembed_discovery_links_to_attachment" class="Tests_oEmbed_Discovery" classname="Tests_oEmbed_Discovery" file="/var/www/html/test/wordpress_test/inpsyde_test/test/wp-content/plugins/plugintestslughere/tests/unit/tests/oembed/discovery.php" line="69" assertions="4" time="0.175967"/>
      </testsuite>
      <testsuite name="Tests_Filter_oEmbed_Result" file="/var/www/html/test/wordpress_test/inpsyde_test/test/wp-content/plugins/plugintestslughere/tests/unit/tests/oembed/filterResult.php" tests="15" assertions="21" errors="0" failures="0" skipped="0" time="0.350251">
        <testcase name="test_filter_oembed_result_trusted_malicious_iframe" class="Tests_Filter_oEmbed_Result" classname="Tests_Filter_oEmbed_Result" file="/var/www/html/test/wordpress_test/inpsyde_test/test/wp-content/plugins/plugintestslughere/tests/unit/tests/oembed/filterResult.php" line="7" assertions="1" time="0.027223"/>
        <testcase name="test_filter_oembed_result_with_untrusted_provider" class="Tests_Filter_oEmbed_Result" classname="Tests_Filter_oEmbed_Result" file="/var/www/html/test/wordpress_test/inpsyde_test/test/wp-content/plugins/plugintestslughere/tests/unit/tests/oembed/filterResult.php" line="15" assertions="3" time="0.027124"/>
        <testcase name="test_filter_oembed_result_only_one_iframe_is_allowed" class="Tests_Filter_oEmbed_Result" classname="Tests_Filter_oEmbed_Result" file="/var/www/html/test/wordpress_test/inpsyde_test/test/wp-content/plugins/plugintestslughere/tests/unit/tests/oembed/filterResult.php" line="27" assertions="1" time="0.024688"/>
        <testcase name="test_filter_oembed_result_with_newlines" class="Tests_Filter_oEmbed_Result" classname="Tests_Filter_oEmbed_Result" file="/var/www/html/test/wordpress_test/inpsyde_test/test/wp-content/plugins/plugintestslughere/tests/unit/tests/oembed/filterResult.php" line="34" assertions="1" time="0.022923"/>
        <testcase name="test_filter_oembed_result_without_iframe" class="Tests_Filter_oEmbed_Result" classname="Tests_Filter_oEmbed_Result" file="/var/www/html/test/wordpress_test/inpsyde_test/test/wp-content/plugins/plugintestslughere/tests/unit/tests/oembed/filterResult.php" line="47" assertions="2" time="0.022353"/>
        <testcase name="test_filter_oembed_result_secret_param_available" class="Tests_Filter_oEmbed_Result" classname="Tests_Filter_oEmbed_Result" file="/var/www/html/test/wordpress_test/inpsyde_test/test/wp-content/plugins/plugintestslughere/tests/unit/tests/oembed/filterResult.php" line="59" assertions="3" time="0.026142"/>
        <testcase name="test_filter_oembed_result_wrong_type_provided" class="Tests_Filter_oEmbed_Result" classname="Tests_Filter_oEmbed_Result" file="/var/www/html/test/wordpress_test/inpsyde_test/test/wp-content/plugins/plugintestslughere/tests/unit/tests/oembed/filterResult.php" line="71" assertions="1" time="0.020139"/>
        <testcase name="test_filter_oembed_result_invalid_result" class="Tests_Filter_oEmbed_Result" classname="Tests_Filter_oEmbed_Result" file="/var/www/html/test/wordpress_test/inpsyde_test/test/wp-content/plugins/plugintestslughere/tests/unit/tests/oembed/filterResult.php" line="77" assertions="2" time="0.021233"/>
        <testcase name="test_filter_oembed_result_blockquote_adds_style_to_iframe" class="Tests_Filter_oEmbed_Result" classname="Tests_Filter_oEmbed_Result" file="/var/www/html/test/wordpress_test/inpsyde_test/test/wp-content/plugins/plugintestslughere/tests/unit/tests/oembed/filterResult.php" line="82" assertions="1" time="0.021670"/>
        <testcase name="test_filter_oembed_result_allowed_html" class="Tests_Filter_oEmbed_Result" classname="Tests_Filter_oEmbed_Result" file="/var/www/html/test/wordpress_test/inpsyde_test/test/wp-content/plugins/plugintestslughere/tests/unit/tests/oembed/filterResult.php" line="89" assertions="1" time="0.021058"/>
        <testsuite name="Tests_Filter_oEmbed_Result::test_wp_filter_pre_oembed_custom_result" tests="4" assertions="4" errors="0" failures="0" skipped="0" time="0.093285">
          <testcase name="test_wp_filter_pre_oembed_custom_result with data set #0" class="Tests_Filter_oEmbed_Result" classname="Tests_Filter_oEmbed_Result" file="/var/www/html/test/wordpress_test/inpsyde_test/test/wp-content/plugins/plugintestslughere/tests/unit/tests/oembed/filterResult.php" line="120" assertions="1" time="0.022359"/>
          <testcase name="test_wp_filter_pre_oembed_custom_result with data set #1" class="Tests_Filter_oEmbed_Result" classname="Tests_Filter_oEmbed_Result" file="/var/www/html/test/wordpress_test/inpsyde_test/test/wp-content/plugins/plugintestslughere/tests/unit/tests/oembed/filterResult.php" line="120" assertions="1" time="0.023128"/>
          <testcase name="test_wp_filter_pre_oembed_custom_result with data set #2" class="Tests_Filter_oEmbed_Result" classname="Tests_Filter_oEmbed_Result" file="/var/www/html/test/wordpress_test/inpsyde_test/test/wp-content/plugins/plugintestslughere/tests/unit/tests/oembed/filterResult.php" line="120" assertions="1" time="0.023683"/>
          <testcase name="test_wp_filter_pre_oembed_custom_result with data set #3" class="Tests_Filter_oEmbed_Result" classname="Tests_Filter_oEmbed_Result" file="/var/www/html/test/wordpress_test/inpsyde_test/test/wp-content/plugins/plugintestslughere/tests/unit/tests/oembed/filterResult.php" line="120" assertions="1" time="0.024115"/>
        </testsuite>
        <testcase name="test_filter_feed_content" class="Tests_Filter_oEmbed_Result" classname="Tests_Filter_oEmbed_Result" file="/var/www/html/test/wordpress_test/inpsyde_test/test/wp-content/plugins/plugintestslughere/tests/unit/tests/oembed/filterResult.php" line="133" assertions="1" time="0.022413"/>
      </testsuite>
      <testsuite name="Tests_Filter_oEmbed_Iframe_Title_Attribute" file="/var/www/html/test/wordpress_test/inpsyde_test/test/wp-content/plugins/plugintestslughere/tests/unit/tests/oembed/filterTitleAttributes.php" tests="8" assertions="8" errors="0" failures="0" skipped="0" time="0.219931">
        <testsuite name="Tests_Filter_oEmbed_Iframe_Title_Attribute::test_oembed_iframe_title_attribute" tests="6" assertions="6" errors="0" failures="0" skipped="0" time="0.175043">
          <testcase name="test_oembed_iframe_title_attribute with data set #0" class="Tests_Filter_oEmbed_Iframe_Title_Attribute" classname="Tests_Filter_oEmbed_Iframe_Title_Attribute" file="/var/www/html/test/wordpress_test/inpsyde_test/test/wp-content/plugins/plugintestslughere/tests/unit/tests/oembed/filterTitleAttributes.php" line="67" assertions="1" time="0.036841"/>
          <testcase name="test_oembed_iframe_title_attribute with data set #1" class="Tests_Filter_oEmbed_Iframe_Title_Attribute" classname="Tests_Filter_oEmbed_Iframe_Title_Attribute" file="/var/www/html/test/wordpress_test/inpsyde_test/test/wp-content/plugins/plugintestslughere/tests/unit/tests/oembed/filterTitleAttributes.php" line="67" assertions="1" time="0.032117"/>
          <testcase name="test_oembed_iframe_title_attribute with data set #2" class="Tests_Filter_oEmbed_Iframe_Title_Attribute" classname="Tests_Filter_oEmbed_Iframe_Title_Attribute" file="/var/www/html/test/wordpress_test/inpsyde_test/test/wp-content/plugins/plugintestslughere/tests/unit/tests/oembed/filterTitleAttributes.php" line="67" assertions="1" time="0.029623"/>
          <testcase name="test_oembed_iframe_title_attribute with data set #3" class="Tests_Filter_oEmbed_Iframe_Title_Attribute" classname="Tests_Filter_oEmbed_Iframe_Title_Attribute" file="/var/www/html/test/wordpress_test/inpsyde_test/test/wp-content/plugins/plugintestslughere/tests/unit/tests/oembed/filterTitleAttributes.php" line="67" assertions="1" time="0.026978"/>
          <testcase name="test_oembed_iframe_title_attribute with data set #4" class="Tests_Filter_oEmbed_Iframe_Title_Attribute" classname="Tests_Filter_oEmbed_Iframe_Title_Attribute" file="/var/www/html/test/wordpress_test/inpsyde_test/test/wp-content/plugins/plugintestslughere/tests/unit/tests/oembed/filterTitleAttributes.php" line="67" assertions="1" time="0.025318"/>
          <testcase name="test_oembed_iframe_title_attribute with data set #5" class="Tests_Filter_oEmbed_Iframe_Title_Attribute" classname="Tests_Filter_oEmbed_Iframe_Title_Attribute" file="/var/www/html/test/wordpress_test/inpsyde_test/test/wp-content/plugins/plugintestslughere/tests/unit/tests/oembed/filterTitleAttributes.php" line="67" assertions="1" time="0.024166"/>
        </testsuite>
        <testcase name="test_filter_oembed_iframe_title_attribute" class="Tests_Filter_oEmbed_Iframe_Title_Attribute" classname="Tests_Filter_oEmbed_Iframe_Title_Attribute" file="/var/www/html/test/wordpress_test/inpsyde_test/test/wp-content/plugins/plugintestslughere/tests/unit/tests/oembed/filterTitleAttributes.php" line="73" assertions="1" time="0.022939"/>
        <testcase name="test_filter_oembed_iframe_title_attribute_does_not_modify_other_tags" class="Tests_Filter_oEmbed_Iframe_Title_Attribute" classname="Tests_Filter_oEmbed_Iframe_Title_Attribute" file="/var/www/html/test/wordpress_test/inpsyde_test/test/wp-content/plugins/plugintestslughere/tests/unit/tests/oembed/filterTitleAttributes.php" line="90" assertions="1" time="0.021949"/>
      </testsuite>
      <testsuite name="Tests_oEmbed_Response_Data" file="/var/www/html/test/wordpress_test/inpsyde_test/test/wp-content/plugins/plugintestslughere/tests/unit/tests/oembed/getResponseData.php" tests="12" assertions="23" errors="0" failures="0" skipped="0" time="1.495689">
        <testcase name="test_get_oembed_response_data_non_existent_post" class="Tests_oEmbed_Response_Data" classname="Tests_oEmbed_Response_Data" file="/var/www/html/test/wordpress_test/inpsyde_test/test/wp-content/plugins/plugintestslughere/tests/unit/tests/oembed/getResponseData.php" line="7" assertions="1" time="0.035993"/>
        <testcase name="test_get_oembed_response_data" class="Tests_oEmbed_Response_Data" classname="Tests_oEmbed_Response_Data" file="/var/www/html/test/wordpress_test/inpsyde_test/test/wp-content/plugins/plugintestslughere/tests/unit/tests/oembed/getResponseData.php" line="11" assertions="1" time="0.110132"/>
        <testcase name="test_get_oembed_response_data_author" class="Tests_oEmbed_Response_Data" classname="Tests_oEmbed_Response_Data" file="/var/www/html/test/wordpress_test/inpsyde_test/test/wp-content/plugins/plugintestslughere/tests/unit/tests/oembed/getResponseData.php" line="40" assertions="1" time="0.197837"/>
        <testcase name="test_get_oembed_response_link" class="Tests_oEmbed_Response_Data" classname="Tests_oEmbed_Response_Data" file="/var/www/html/test/wordpress_test/inpsyde_test/test/wp-content/plugins/plugintestslughere/tests/unit/tests/oembed/getResponseData.php" line="73" assertions="1" time="0.120382"/>
        <testcase name="test_get_oembed_response_data_with_draft_post" class="Tests_oEmbed_Response_Data" classname="Tests_oEmbed_Response_Data" file="/var/www/html/test/wordpress_test/inpsyde_test/test/wp-content/plugins/plugintestslughere/tests/unit/tests/oembed/getResponseData.php" line="100" assertions="1" time="0.153070"/>
        <testcase name="test_get_oembed_response_data_with_scheduled_post" class="Tests_oEmbed_Response_Data" classname="Tests_oEmbed_Response_Data" file="/var/www/html/test/wordpress_test/inpsyde_test/test/wp-content/plugins/plugintestslughere/tests/unit/tests/oembed/getResponseData.php" line="110" assertions="1" time="0.110023"/>
        <testcase name="test_get_oembed_response_data_with_private_post" class="Tests_oEmbed_Response_Data" classname="Tests_oEmbed_Response_Data" file="/var/www/html/test/wordpress_test/inpsyde_test/test/wp-content/plugins/plugintestslughere/tests/unit/tests/oembed/getResponseData.php" line="121" assertions="1" time="0.109572"/>
        <testcase name="test_get_oembed_response_data_maxwidth_too_high" class="Tests_oEmbed_Response_Data" classname="Tests_oEmbed_Response_Data" file="/var/www/html/test/wordpress_test/inpsyde_test/test/wp-content/plugins/plugintestslughere/tests/unit/tests/oembed/getResponseData.php" line="131" assertions="2" time="0.120926"/>
        <testcase name="test_get_oembed_response_data_maxwidth_too_low" class="Tests_oEmbed_Response_Data" classname="Tests_oEmbed_Response_Data" file="/var/www/html/test/wordpress_test/inpsyde_test/test/wp-content/plugins/plugintestslughere/tests/unit/tests/oembed/getResponseData.php" line="140" assertions="2" time="0.120729"/>
        <testcase name="test_get_oembed_response_data_maxwidth_invalid" class="Tests_oEmbed_Response_Data" classname="Tests_oEmbed_Response_Data" file="/var/www/html/test/wordpress_test/inpsyde_test/test/wp-content/plugins/plugintestslughere/tests/unit/tests/oembed/getResponseData.php" line="149" assertions="4" time="0.120559"/>
        <testcase name="test_get_oembed_response_data_with_thumbnail" class="Tests_oEmbed_Response_Data" classname="Tests_oEmbed_Response_Data" file="/var/www/html/test/wordpress_test/inpsyde_test/test/wp-content/plugins/plugintestslughere/tests/unit/tests/oembed/getResponseData.php" line="163" assertions="4" time="0.175193"/>
        <testcase name="test_get_oembed_response_data_for_attachment" class="Tests_oEmbed_Response_Data" classname="Tests_oEmbed_Response_Data" file="/var/www/html/test/wordpress_test/inpsyde_test/test/wp-content/plugins/plugintestslughere/tests/unit/tests/oembed/getResponseData.php" line="183" assertions="4" time="0.121273"/>
      </testsuite>
      <testsuite name="Tests_oEmbed_HTTP_Headers" file="/var/www/html/test/wordpress_test/inpsyde_test/test/wp-content/plugins/plugintestslughere/tests/unit/tests/oembed/headers.php" tests="1" assertions="2" errors="0" failures="0" skipped="0" time="0.286156">
        <testcase name="test_rest_pre_serve_request_headers" class="Tests_oEmbed_HTTP_Headers" classname="Tests_oEmbed_HTTP_Headers" file="/var/www/html/test/wordpress_test/inpsyde_test/test/wp-content/plugins/plugintestslughere/tests/unit/tests/oembed/headers.php" line="15" assertions="2" time="0.286156"/>
      </testsuite>
      <testsuite name="Tests_Post_Embed_URL" file="/var/www/html/test/wordpress_test/inpsyde_test/test/wp-content/plugins/plugintestslughere/tests/unit/tests/oembed/postEmbedUrl.php" tests="7" assertions="9" errors="0" failures="0" skipped="0" time="0.914889">
        <testcase name="test_non_existent_post" class="Tests_Post_Embed_URL" classname="Tests_Post_Embed_URL" file="/var/www/html/test/wordpress_test/inpsyde_test/test/wp-content/plugins/plugintestslughere/tests/unit/tests/oembed/postEmbedUrl.php" line="7" assertions="1" time="0.034505"/>
        <testcase name="test_with_pretty_permalinks" class="Tests_Post_Embed_URL" classname="Tests_Post_Embed_URL" file="/var/www/html/test/wordpress_test/inpsyde_test/test/wp-content/plugins/plugintestslughere/tests/unit/tests/oembed/postEmbedUrl.php" line="12" assertions="1" time="0.098584"/>
        <testcase name="test_with_ugly_permalinks" class="Tests_Post_Embed_URL" classname="Tests_Post_Embed_URL" file="/var/www/html/test/wordpress_test/inpsyde_test/test/wp-content/plugins/plugintestslughere/tests/unit/tests/oembed/postEmbedUrl.php" line="22" assertions="1" time="0.167090"/>
        <testcase name="test_static_front_page" class="Tests_Post_Embed_URL" classname="Tests_Post_Embed_URL" file="/var/www/html/test/wordpress_test/inpsyde_test/test/wp-content/plugins/plugintestslughere/tests/unit/tests/oembed/postEmbedUrl.php" line="33" assertions="1" time="0.220409"/>
        <testcase name="test_static_front_page_with_ugly_permalinks" class="Tests_Post_Embed_URL" classname="Tests_Post_Embed_URL" file="/var/www/html/test/wordpress_test/inpsyde_test/test/wp-content/plugins/plugintestslughere/tests/unit/tests/oembed/postEmbedUrl.php" line="51" assertions="1" time="0.109092"/>
        <testcase name="test_page_conflicts_with_embed_slug" class="Tests_Post_Embed_URL" classname="Tests_Post_Embed_URL" file="/var/www/html/test/wordpress_test/inpsyde_test/test/wp-content/plugins/plugintestslughere/tests/unit/tests/oembed/postEmbedUrl.php" line="67" assertions="2" time="0.142867"/>
        <testcase name="test_static_front_page_conflicts_with_embed_slug" class="Tests_Post_Embed_URL" classname="Tests_Post_Embed_URL" file="/var/www/html/test/wordpress_test/inpsyde_test/test/wp-content/plugins/plugintestslughere/tests/unit/tests/oembed/postEmbedUrl.php" line="89" assertions="2" time="0.142342"/>
      </testsuite>
      <testsuite name="Tests_Embed_Template" file="/var/www/html/test/wordpress_test/inpsyde_test/test/wp-content/plugins/plugintestslughere/tests/unit/tests/oembed/template.php" tests="18" assertions="57" errors="0" failures="0" skipped="0" time="2.896850">
        <testcase name="test_oembed_output_post" class="Tests_Embed_Template" classname="Tests_Embed_Template" file="/var/www/html/test/wordpress_test/inpsyde_test/test/wp-content/plugins/plugintestslughere/tests/unit/tests/oembed/template.php" line="7" assertions="6" time="1.157451"/>
        <testcase name="test_oembed_output_post_with_thumbnail" class="Tests_Embed_Template" classname="Tests_Embed_Template" file="/var/www/html/test/wordpress_test/inpsyde_test/test/wp-content/plugins/plugintestslughere/tests/unit/tests/oembed/template.php" line="36" assertions="7" time="0.175500"/>
        <testcase name="test_oembed_output_404" class="Tests_Embed_Template" classname="Tests_Embed_Template" file="/var/www/html/test/wordpress_test/inpsyde_test/test/wp-content/plugins/plugintestslughere/tests/unit/tests/oembed/template.php" line="69" assertions="4" time="0.050321"/>
        <testcase name="test_oembed_output_attachment" class="Tests_Embed_Template" classname="Tests_Embed_Template" file="/var/www/html/test/wordpress_test/inpsyde_test/test/wp-content/plugins/plugintestslughere/tests/unit/tests/oembed/template.php" line="84" assertions="8" time="0.169534"/>
        <testcase name="test_oembed_output_draft_post" class="Tests_Embed_Template" classname="Tests_Embed_Template" file="/var/www/html/test/wordpress_test/inpsyde_test/test/wp-content/plugins/plugintestslughere/tests/unit/tests/oembed/template.php" line="113" assertions="4" time="0.120442"/>
        <testcase name="test_oembed_output_scheduled_post" class="Tests_Embed_Template" classname="Tests_Embed_Template" file="/var/www/html/test/wordpress_test/inpsyde_test/test/wp-content/plugins/plugintestslughere/tests/unit/tests/oembed/template.php" line="136" assertions="4" time="0.131868"/>
        <testcase name="test_oembed_output_private_post" class="Tests_Embed_Template" classname="Tests_Embed_Template" file="/var/www/html/test/wordpress_test/inpsyde_test/test/wp-content/plugins/plugintestslughere/tests/unit/tests/oembed/template.php" line="160" assertions="4" time="0.120431"/>
        <testcase name="test_oembed_output_private_post_with_permissions" class="Tests_Embed_Template" classname="Tests_Embed_Template" file="/var/www/html/test/wordpress_test/inpsyde_test/test/wp-content/plugins/plugintestslughere/tests/unit/tests/oembed/template.php" line="183" assertions="6" time="0.176604"/>
        <testcase name="test_wp_embed_excerpt_more_no_embed" class="Tests_Embed_Template" classname="Tests_Embed_Template" file="/var/www/html/test/wordpress_test/inpsyde_test/test/wp-content/plugins/plugintestslughere/tests/unit/tests/oembed/template.php" line="211" assertions="1" time="0.039196"/>
        <testcase name="test_wp_embed_excerpt_more" class="Tests_Embed_Template" classname="Tests_Embed_Template" file="/var/www/html/test/wordpress_test/inpsyde_test/test/wp-content/plugins/plugintestslughere/tests/unit/tests/oembed/template.php" line="217" assertions="2" time="0.113338"/>
        <testcase name="test_is_embed_post" class="Tests_Embed_Template" classname="Tests_Embed_Template" file="/var/www/html/test/wordpress_test/inpsyde_test/test/wp-content/plugins/plugintestslughere/tests/unit/tests/oembed/template.php" line="239" assertions="2" time="0.120168"/>
        <testcase name="test_is_embed_attachment" class="Tests_Embed_Template" classname="Tests_Embed_Template" file="/var/www/html/test/wordpress_test/inpsyde_test/test/wp-content/plugins/plugintestslughere/tests/unit/tests/oembed/template.php" line="247" assertions="1" time="0.186592"/>
        <testcase name="test_is_embed_404" class="Tests_Embed_Template" classname="Tests_Embed_Template" file="/var/www/html/test/wordpress_test/inpsyde_test/test/wp-content/plugins/plugintestslughere/tests/unit/tests/oembed/template.php" line="261" assertions="1" time="0.052370"/>
        <testcase name="test_get_post_embed_html_non_existent_post" class="Tests_Embed_Template" classname="Tests_Embed_Template" file="/var/www/html/test/wordpress_test/inpsyde_test/test/wp-content/plugins/plugintestslughere/tests/unit/tests/oembed/template.php" line="266" assertions="2" time="0.040060"/>
        <testcase name="test_get_post_embed_html" class="Tests_Embed_Template" classname="Tests_Embed_Template" file="/var/www/html/test/wordpress_test/inpsyde_test/test/wp-content/plugins/plugintestslughere/tests/unit/tests/oembed/template.php" line="271" assertions="1" time="0.103890"/>
        <testcase name="test_add_host_js" class="Tests_Embed_Template" classname="Tests_Embed_Template" file="/var/www/html/test/wordpress_test/inpsyde_test/test/wp-content/plugins/plugintestslughere/tests/unit/tests/oembed/template.php" line="286" assertions="1" time="0.048663"/>
        <testcase name="test_js_no_ampersands" class="Tests_Embed_Template" classname="Tests_Embed_Template" file="/var/www/html/test/wordpress_test/inpsyde_test/test/wp-content/plugins/plugintestslughere/tests/unit/tests/oembed/template.php" line="295" assertions="1" time="0.037951"/>
        <testcase name="test_js_no_ampersands_in_compiled" class="Tests_Embed_Template" classname="Tests_Embed_Template" file="/var/www/html/test/wordpress_test/inpsyde_test/test/wp-content/plugins/plugintestslughere/tests/unit/tests/oembed/template.php" line="325" assertions="2" time="0.052472"/>
      </testsuite>
      <testsuite name="Tests_WP_oEmbed" file="/var/www/html/test/wordpress_test/inpsyde_test/test/wp-content/plugins/plugintestslughere/tests/unit/tests/oembed/wpOembed.php" tests="3" assertions="10" errors="0" failures="0" skipped="0" time="0.396727">
        <testcase name="test_wp_filter_pre_oembed_result_prevents_http_request_for_internal_permalinks" class="Tests_WP_oEmbed" classname="Tests_WP_oEmbed" file="/var/www/html/test/wordpress_test/inpsyde_test/test/wp-content/plugins/plugintestslughere/tests/unit/tests/oembed/wpOembed.php" line="31" assertions="2" time="0.133520"/>
        <testcase name="test_wp_filter_pre_oembed_result_prevents_http_request_when_viewing_the_post" class="Tests_WP_oEmbed" classname="Tests_WP_oEmbed" file="/var/www/html/test/wordpress_test/inpsyde_test/test/wp-content/plugins/plugintestslughere/tests/unit/tests/oembed/wpOembed.php" line="43" assertions="4" time="0.131101"/>
        <testcase name="test_wp_filter_pre_oembed_result_non_existent_post" class="Tests_WP_oEmbed" classname="Tests_WP_oEmbed" file="/var/www/html/test/wordpress_test/inpsyde_test/test/wp-content/plugins/plugintestslughere/tests/unit/tests/oembed/wpOembed.php" line="58" assertions="4" time="0.132106"/>
      </testsuite>
      <testsuite name="Tests_Option_NetworkOption" file="/var/www/html/test/wordpress_test/inpsyde_test/test/wp-content/plugins/plugintestslughere/tests/unit/tests/option/networkOption.php" tests="21" assertions="22" errors="0" failures="0" skipped="0" time="1.214647">
        <testcase name="test_add_network_option_is_not_stored_as_autoload_option" class="Tests_Option_NetworkOption" classname="Tests_Option_NetworkOption" file="/var/www/html/test/wordpress_test/inpsyde_test/test/wp-content/plugins/plugintestslughere/tests/unit/tests/option/networkOption.php" line="57" assertions="1" time="0.104565"/>
        <testcase name="test_update_network_option_is_not_stored_as_autoload_option" class="Tests_Option_NetworkOption" classname="Tests_Option_NetworkOption" file="/var/www/html/test/wordpress_test/inpsyde_test/test/wp-content/plugins/plugintestslughere/tests/unit/tests/option/networkOption.php" line="71" assertions="1" time="0.087399"/>
        <testsuite name="Tests_Option_NetworkOption::test_add_network_option_network_id_parameter" tests="9" assertions="9" errors="0" failures="0" skipped="0" time="0.725934">
          <testcase name="test_add_network_option_network_id_parameter with data set #0" class="Tests_Option_NetworkOption" classname="Tests_Option_NetworkOption" file="/var/www/html/test/wordpress_test/inpsyde_test/test/wp-content/plugins/plugintestslughere/tests/unit/tests/option/networkOption.php" line="87" assertions="1" time="0.130526"/>
          <testcase name="test_add_network_option_network_id_parameter with data set #1" class="Tests_Option_NetworkOption" classname="Tests_Option_NetworkOption" file="/var/www/html/test/wordpress_test/inpsyde_test/test/wp-content/plugins/plugintestslughere/tests/unit/tests/option/networkOption.php" line="87" assertions="1" time="0.087499"/>
          <testcase name="test_add_network_option_network_id_parameter with data set #2" class="Tests_Option_NetworkOption" classname="Tests_Option_NetworkOption" file="/var/www/html/test/wordpress_test/inpsyde_test/test/wp-content/plugins/plugintestslughere/tests/unit/tests/option/networkOption.php" line="87" assertions="1" time="0.087206"/>
          <testcase name="test_add_network_option_network_id_parameter with data set #3" class="Tests_Option_NetworkOption" classname="Tests_Option_NetworkOption" file="/var/www/html/test/wordpress_test/inpsyde_test/test/wp-content/plugins/plugintestslughere/tests/unit/tests/option/networkOption.php" line="87" assertions="1" time="0.087606"/>
          <testcase name="test_add_network_option_network_id_parameter with data set #4" class="Tests_Option_NetworkOption" classname="Tests_Option_NetworkOption" file="/var/www/html/test/wordpress_test/inpsyde_test/test/wp-content/plugins/plugintestslughere/tests/unit/tests/option/networkOption.php" line="87" assertions="1" time="0.087339"/>
          <testcase name="test_add_network_option_network_id_parameter with data set #5" class="Tests_Option_NetworkOption" classname="Tests_Option_NetworkOption" file="/var/www/html/test/wordpress_test/inpsyde_test/test/wp-content/plugins/plugintestslughere/tests/unit/tests/option/networkOption.php" line="87" assertions="1" time="0.087020"/>
          <testcase name="test_add_network_option_network_id_parameter with data set #6" class="Tests_Option_NetworkOption" classname="Tests_Option_NetworkOption" file="/var/www/html/test/wordpress_test/inpsyde_test/test/wp-content/plugins/plugintestslughere/tests/unit/tests/option/networkOption.php" line="87" assertions="1" time="0.076882"/>
          <testcase name="test_add_network_option_network_id_parameter with data set #7" class="Tests_Option_NetworkOption" classname="Tests_Option_NetworkOption" file="/var/www/html/test/wordpress_test/inpsyde_test/test/wp-content/plugins/plugintestslughere/tests/unit/tests/option/networkOption.php" line="87" assertions="1" time="0.045174"/>
          <testcase name="test_add_network_option_network_id_parameter with data set #8" class="Tests_Option_NetworkOption" classname="Tests_Option_NetworkOption" file="/var/www/html/test/wordpress_test/inpsyde_test/test/wp-content/plugins/plugintestslughere/tests/unit/tests/option/networkOption.php" line="87" assertions="1" time="0.036682"/>
        </testsuite>
        <testsuite name="Tests_Option_NetworkOption::test_get_network_option_network_id_parameter" tests="9" assertions="9" errors="0" failures="0" skipped="0" time="0.233333">
          <testcase name="test_get_network_option_network_id_parameter with data set #0" class="Tests_Option_NetworkOption" classname="Tests_Option_NetworkOption" file="/var/www/html/test/wordpress_test/inpsyde_test/test/wp-content/plugins/plugintestslughere/tests/unit/tests/option/networkOption.php" line="100" assertions="1" time="0.034041"/>
          <testcase name="test_get_network_option_network_id_parameter with data set #1" class="Tests_Option_NetworkOption" classname="Tests_Option_NetworkOption" file="/var/www/html/test/wordpress_test/inpsyde_test/test/wp-content/plugins/plugintestslughere/tests/unit/tests/option/networkOption.php" line="100" assertions="1" time="0.030496"/>
          <testcase name="test_get_network_option_network_id_parameter with data set #2" class="Tests_Option_NetworkOption" classname="Tests_Option_NetworkOption" file="/var/www/html/test/wordpress_test/inpsyde_test/test/wp-content/plugins/plugintestslughere/tests/unit/tests/option/networkOption.php" line="100" assertions="1" time="0.028017"/>
          <testcase name="test_get_network_option_network_id_parameter with data set #3" class="Tests_Option_NetworkOption" classname="Tests_Option_NetworkOption" file="/var/www/html/test/wordpress_test/inpsyde_test/test/wp-content/plugins/plugintestslughere/tests/unit/tests/option/networkOption.php" line="100" assertions="1" time="0.026514"/>
          <testcase name="test_get_network_option_network_id_parameter with data set #4" class="Tests_Option_NetworkOption" classname="Tests_Option_NetworkOption" file="/var/www/html/test/wordpress_test/inpsyde_test/test/wp-content/plugins/plugintestslughere/tests/unit/tests/option/networkOption.php" line="100" assertions="1" time="0.025582"/>
          <testcase name="test_get_network_option_network_id_parameter with data set #5" class="Tests_Option_NetworkOption" classname="Tests_Option_NetworkOption" file="/var/www/html/test/wordpress_test/inpsyde_test/test/wp-content/plugins/plugintestslughere/tests/unit/tests/option/networkOption.php" line="100" assertions="1" time="0.023242"/>
          <testcase name="test_get_network_option_network_id_parameter with data set #6" class="Tests_Option_NetworkOption" classname="Tests_Option_NetworkOption" file="/var/www/html/test/wordpress_test/inpsyde_test/test/wp-content/plugins/plugintestslughere/tests/unit/tests/option/networkOption.php" line="100" assertions="1" time="0.022456"/>
          <testcase name="test_get_network_option_network_id_parameter with data set #7" class="Tests_Option_NetworkOption" classname="Tests_Option_NetworkOption" file="/var/www/html/test/wordpress_test/inpsyde_test/test/wp-content/plugins/plugintestslughere/tests/unit/tests/option/networkOption.php" line="100" assertions="1" time="0.020728"/>
          <testcase name="test_get_network_option_network_id_parameter with data set #8" class="Tests_Option_NetworkOption" classname="Tests_Option_NetworkOption" file="/var/www/html/test/wordpress_test/inpsyde_test/test/wp-content/plugins/plugintestslughere/tests/unit/tests/option/networkOption.php" line="100" assertions="1" time="0.022257"/>
        </testsuite>
        <testcase name="test_update_network_option_array_with_object" class="Tests_Option_NetworkOption" classname="Tests_Option_NetworkOption" file="/var/www/html/test/wordpress_test/inpsyde_test/test/wp-content/plugins/plugintestslughere/tests/unit/tests/option/networkOption.php" line="178" assertions="2" time="0.063416"/>
      </testsuite>
      <testsuite name="Tests_Option_Option" file="/var/www/html/test/wordpress_test/inpsyde_test/test/wp-content/plugins/plugintestslughere/tests/unit/tests/option/option.php" tests="14" assertions="70" errors="0" failures="0" skipped="0" time="1.152642">
        <testcase name="test_the_basics" class="Tests_Option_Option" classname="Tests_Option_Option" file="/var/www/html/test/wordpress_test/inpsyde_test/test/wp-content/plugins/plugintestslughere/tests/unit/tests/option/option.php" line="12" assertions="16" time="0.100516"/>
        <testcase name="test_default_filter" class="Tests_Option_Option" classname="Tests_Option_Option" file="/var/www/html/test/wordpress_test/inpsyde_test/test/wp-content/plugins/plugintestslughere/tests/unit/tests/option/option.php" line="37" assertions="7" time="0.087184"/>
        <testcase name="test_add_option_should_respect_default_option_filter" class="Tests_Option_Option" classname="Tests_Option_Option" file="/var/www/html/test/wordpress_test/inpsyde_test/test/wp-content/plugins/plugintestslughere/tests/unit/tests/option/option.php" line="65" assertions="2" time="0.076909"/>
        <testcase name="test_serialized_data" class="Tests_Option_Option" classname="Tests_Option_Option" file="/var/www/html/test/wordpress_test/inpsyde_test/test/wp-content/plugins/plugintestslughere/tests/unit/tests/option/option.php" line="74" assertions="5" time="0.121025"/>
        <testcase name="test_bad_option_names" class="Tests_Option_Option" classname="Tests_Option_Option" file="/var/www/html/test/wordpress_test/inpsyde_test/test/wp-content/plugins/plugintestslughere/tests/unit/tests/option/option.php" line="93" assertions="24" time="0.051239"/>
        <testcase name="test_special_option_name_alloption" class="Tests_Option_Option" classname="Tests_Option_Option" file="/var/www/html/test/wordpress_test/inpsyde_test/test/wp-content/plugins/plugintestslughere/tests/unit/tests/option/option.php" line="105" assertions="1" time="0.039582"/>
        <testcase name="test_special_option_name_notoptions" class="Tests_Option_Option" classname="Tests_Option_Option" file="/var/www/html/test/wordpress_test/inpsyde_test/test/wp-content/plugins/plugintestslughere/tests/unit/tests/option/option.php" line="113" assertions="1" time="0.033542"/>
        <testsuite name="Tests_Option_Option::test_option_autoloading" tests="7" assertions="14" errors="0" failures="0" skipped="0" time="0.642645">
          <testcase name="test_option_autoloading with data set #0" class="Tests_Option_Option" classname="Tests_Option_Option" file="/var/www/html/test/wordpress_test/inpsyde_test/test/wp-content/plugins/plugintestslughere/tests/unit/tests/option/option.php" line="135" assertions="2" time="0.070673"/>
          <testcase name="test_option_autoloading with data set #1" class="Tests_Option_Option" classname="Tests_Option_Option" file="/var/www/html/test/wordpress_test/inpsyde_test/test/wp-content/plugins/plugintestslughere/tests/unit/tests/option/option.php" line="135" assertions="2" time="0.088078"/>
          <testcase name="test_option_autoloading with data set #2" class="Tests_Option_Option" classname="Tests_Option_Option" file="/var/www/html/test/wordpress_test/inpsyde_test/test/wp-content/plugins/plugintestslughere/tests/unit/tests/option/option.php" line="135" assertions="2" time="0.109576"/>
          <testcase name="test_option_autoloading with data set #3" class="Tests_Option_Option" classname="Tests_Option_Option" file="/var/www/html/test/wordpress_test/inpsyde_test/test/wp-content/plugins/plugintestslughere/tests/unit/tests/option/option.php" line="135" assertions="2" time="0.076253"/>
          <testcase name="test_option_autoloading with data set #4" class="Tests_Option_Option" classname="Tests_Option_Option" file="/var/www/html/test/wordpress_test/inpsyde_test/test/wp-content/plugins/plugintestslughere/tests/unit/tests/option/option.php" line="135" assertions="2" time="0.077220"/>
          <testcase name="test_option_autoloading with data set #5" class="Tests_Option_Option" classname="Tests_Option_Option" file="/var/www/html/test/wordpress_test/inpsyde_test/test/wp-content/plugins/plugintestslughere/tests/unit/tests/option/option.php" line="135" assertions="2" time="0.078075"/>
          <testcase name="test_option_autoloading with data set #6" class="Tests_Option_Option" classname="Tests_Option_Option" file="/var/www/html/test/wordpress_test/inpsyde_test/test/wp-content/plugins/plugintestslughere/tests/unit/tests/option/option.php" line="135" assertions="2" time="0.142770"/>
        </testsuite>
      </testsuite>
      <testsuite name="Tests_Option_Registration" file="/var/www/html/test/wordpress_test/inpsyde_test/test/wp-content/plugins/plugintestslughere/tests/unit/tests/option/registration.php" tests="9" assertions="14" errors="0" failures="0" skipped="0" time="0.369428">
        <testcase name="test_register" class="Tests_Option_Registration" classname="Tests_Option_Registration" file="/var/www/html/test/wordpress_test/inpsyde_test/test/wp-content/plugins/plugintestslughere/tests/unit/tests/option/registration.php" line="7" assertions="5" time="0.043881"/>
        <testcase name="test_register_with_callback" class="Tests_Option_Registration" classname="Tests_Option_Registration" file="/var/www/html/test/wordpress_test/inpsyde_test/test/wp-content/plugins/plugintestslughere/tests/unit/tests/option/registration.php" line="22" assertions="1" time="0.037064"/>
        <testcase name="test_register_with_array" class="Tests_Option_Registration" classname="Tests_Option_Registration" file="/var/www/html/test/wordpress_test/inpsyde_test/test/wp-content/plugins/plugintestslughere/tests/unit/tests/option/registration.php" line="29" assertions="1" time="0.031881"/>
        <testcase name="test_register_with_default" class="Tests_Option_Registration" classname="Tests_Option_Registration" file="/var/www/html/test/wordpress_test/inpsyde_test/test/wp-content/plugins/plugintestslughere/tests/unit/tests/option/registration.php" line="49" assertions="1" time="0.036703"/>
        <testcase name="test_register_with_default_override" class="Tests_Option_Registration" classname="Tests_Option_Registration" file="/var/www/html/test/wordpress_test/inpsyde_test/test/wp-content/plugins/plugintestslughere/tests/unit/tests/option/registration.php" line="64" assertions="1" time="0.038502"/>
        <testcase name="test_add_option_with_no_options_cache" class="Tests_Option_Registration" classname="Tests_Option_Registration" file="/var/www/html/test/wordpress_test/inpsyde_test/test/wp-content/plugins/plugintestslughere/tests/unit/tests/option/registration.php" line="81" assertions="2" time="0.074865"/>
        <testcase name="test_register_deprecated_group_misc" class="Tests_Option_Registration" classname="Tests_Option_Registration" file="/var/www/html/test/wordpress_test/inpsyde_test/test/wp-content/plugins/plugintestslughere/tests/unit/tests/option/registration.php" line="97" assertions="1" time="0.044506"/>
        <testcase name="test_register_deprecated_group_privacy" class="Tests_Option_Registration" classname="Tests_Option_Registration" file="/var/www/html/test/wordpress_test/inpsyde_test/test/wp-content/plugins/plugintestslughere/tests/unit/tests/option/registration.php" line="104" assertions="1" time="0.035558"/>
        <testcase name="test_unregister_setting_removes_default" class="Tests_Option_Registration" classname="Tests_Option_Registration" file="/var/www/html/test/wordpress_test/inpsyde_test/test/wp-content/plugins/plugintestslughere/tests/unit/tests/option/registration.php" line="111" assertions="1" time="0.026468"/>
      </testsuite>
      <testsuite name="Tests_Sanitize_Option" file="/var/www/html/test/wordpress_test/inpsyde_test/test/wp-content/plugins/plugintestslughere/tests/unit/tests/option/sanitize-option.php" tests="60" assertions="73" errors="0" failures="0" skipped="0" time="1.459214">
        <testsuite name="Tests_Sanitize_Option::test_sanitize_option" tests="46" assertions="46" errors="0" failures="0" skipped="0" time="1.094245">
          <testcase name="test_sanitize_option with data set #0" class="Tests_Sanitize_Option" classname="Tests_Sanitize_Option" file="/var/www/html/test/wordpress_test/inpsyde_test/test/wp-content/plugins/plugintestslughere/tests/unit/tests/option/sanitize-option.php" line="85" assertions="1" time="0.026767"/>
          <testcase name="test_sanitize_option with data set #1" class="Tests_Sanitize_Option" classname="Tests_Sanitize_Option" file="/var/www/html/test/wordpress_test/inpsyde_test/test/wp-content/plugins/plugintestslughere/tests/unit/tests/option/sanitize-option.php" line="85" assertions="1" time="0.023846"/>
          <testcase name="test_sanitize_option with data set #2" class="Tests_Sanitize_Option" classname="Tests_Sanitize_Option" file="/var/www/html/test/wordpress_test/inpsyde_test/test/wp-content/plugins/plugintestslughere/tests/unit/tests/option/sanitize-option.php" line="85" assertions="1" time="0.021515"/>
          <testcase name="test_sanitize_option with data set #3" class="Tests_Sanitize_Option" classname="Tests_Sanitize_Option" file="/var/www/html/test/wordpress_test/inpsyde_test/test/wp-content/plugins/plugintestslughere/tests/unit/tests/option/sanitize-option.php" line="85" assertions="1" time="0.024391"/>
          <testcase name="test_sanitize_option with data set #4" class="Tests_Sanitize_Option" classname="Tests_Sanitize_Option" file="/var/www/html/test/wordpress_test/inpsyde_test/test/wp-content/plugins/plugintestslughere/tests/unit/tests/option/sanitize-option.php" line="85" assertions="1" time="0.038733"/>
          <testcase name="test_sanitize_option with data set #5" class="Tests_Sanitize_Option" classname="Tests_Sanitize_Option" file="/var/www/html/test/wordpress_test/inpsyde_test/test/wp-content/plugins/plugintestslughere/tests/unit/tests/option/sanitize-option.php" line="85" assertions="1" time="0.032224"/>
          <testcase name="test_sanitize_option with data set #6" class="Tests_Sanitize_Option" classname="Tests_Sanitize_Option" file="/var/www/html/test/wordpress_test/inpsyde_test/test/wp-content/plugins/plugintestslughere/tests/unit/tests/option/sanitize-option.php" line="85" assertions="1" time="0.028924"/>
          <testcase name="test_sanitize_option with data set #7" class="Tests_Sanitize_Option" classname="Tests_Sanitize_Option" file="/var/www/html/test/wordpress_test/inpsyde_test/test/wp-content/plugins/plugintestslughere/tests/unit/tests/option/sanitize-option.php" line="85" assertions="1" time="0.027351"/>
          <testcase name="test_sanitize_option with data set #8" class="Tests_Sanitize_Option" classname="Tests_Sanitize_Option" file="/var/www/html/test/wordpress_test/inpsyde_test/test/wp-content/plugins/plugintestslughere/tests/unit/tests/option/sanitize-option.php" line="85" assertions="1" time="0.026014"/>
          <testcase name="test_sanitize_option with data set #9" class="Tests_Sanitize_Option" classname="Tests_Sanitize_Option" file="/var/www/html/test/wordpress_test/inpsyde_test/test/wp-content/plugins/plugintestslughere/tests/unit/tests/option/sanitize-option.php" line="85" assertions="1" time="0.025020"/>
          <testcase name="test_sanitize_option with data set #10" class="Tests_Sanitize_Option" classname="Tests_Sanitize_Option" file="/var/www/html/test/wordpress_test/inpsyde_test/test/wp-content/plugins/plugintestslughere/tests/unit/tests/option/sanitize-option.php" line="85" assertions="1" time="0.021933"/>
          <testcase name="test_sanitize_option with data set #11" class="Tests_Sanitize_Option" classname="Tests_Sanitize_Option" file="/var/www/html/test/wordpress_test/inpsyde_test/test/wp-content/plugins/plugintestslughere/tests/unit/tests/option/sanitize-option.php" line="85" assertions="1" time="0.021179"/>
          <testcase name="test_sanitize_option with data set #12" class="Tests_Sanitize_Option" classname="Tests_Sanitize_Option" file="/var/www/html/test/wordpress_test/inpsyde_test/test/wp-content/plugins/plugintestslughere/tests/unit/tests/option/sanitize-option.php" line="85" assertions="1" time="0.020861"/>
          <testcase name="test_sanitize_option with data set #13" class="Tests_Sanitize_Option" classname="Tests_Sanitize_Option" file="/var/www/html/test/wordpress_test/inpsyde_test/test/wp-content/plugins/plugintestslughere/tests/unit/tests/option/sanitize-option.php" line="85" assertions="1" time="0.020909"/>
          <testcase name="test_sanitize_option with data set #14" class="Tests_Sanitize_Option" classname="Tests_Sanitize_Option" file="/var/www/html/test/wordpress_test/inpsyde_test/test/wp-content/plugins/plugintestslughere/tests/unit/tests/option/sanitize-option.php" line="85" assertions="1" time="0.019530"/>
          <testcase name="test_sanitize_option with data set #15" class="Tests_Sanitize_Option" classname="Tests_Sanitize_Option" file="/var/www/html/test/wordpress_test/inpsyde_test/test/wp-content/plugins/plugintestslughere/tests/unit/tests/option/sanitize-option.php" line="85" assertions="1" time="0.021358"/>
          <testcase name="test_sanitize_option with data set #16" class="Tests_Sanitize_Option" classname="Tests_Sanitize_Option" file="/var/www/html/test/wordpress_test/inpsyde_test/test/wp-content/plugins/plugintestslughere/tests/unit/tests/option/sanitize-option.php" line="85" assertions="1" time="0.020644"/>
          <testcase name="test_sanitize_option with data set #17" class="Tests_Sanitize_Option" classname="Tests_Sanitize_Option" file="/var/www/html/test/wordpress_test/inpsyde_test/test/wp-content/plugins/plugintestslughere/tests/unit/tests/option/sanitize-option.php" line="85" assertions="1" time="0.020457"/>
          <testcase name="test_sanitize_option with data set #18" class="Tests_Sanitize_Option" classname="Tests_Sanitize_Option" file="/var/www/html/test/wordpress_test/inpsyde_test/test/wp-content/plugins/plugintestslughere/tests/unit/tests/option/sanitize-option.php" line="85" assertions="1" time="0.021245"/>
          <testcase name="test_sanitize_option with data set #19" class="Tests_Sanitize_Option" classname="Tests_Sanitize_Option" file="/var/www/html/test/wordpress_test/inpsyde_test/test/wp-content/plugins/plugintestslughere/tests/unit/tests/option/sanitize-option.php" line="85" assertions="1" time="0.021563"/>
          <testcase name="test_sanitize_option with data set #20" class="Tests_Sanitize_Option" classname="Tests_Sanitize_Option" file="/var/www/html/test/wordpress_test/inpsyde_test/test/wp-content/plugins/plugintestslughere/tests/unit/tests/option/sanitize-option.php" line="85" assertions="1" time="0.020273"/>
          <testcase name="test_sanitize_option with data set #21" class="Tests_Sanitize_Option" classname="Tests_Sanitize_Option" file="/var/www/html/test/wordpress_test/inpsyde_test/test/wp-content/plugins/plugintestslughere/tests/unit/tests/option/sanitize-option.php" line="85" assertions="1" time="0.021906"/>
          <testcase name="test_sanitize_option with data set #22" class="Tests_Sanitize_Option" classname="Tests_Sanitize_Option" file="/var/www/html/test/wordpress_test/inpsyde_test/test/wp-content/plugins/plugintestslughere/tests/unit/tests/option/sanitize-option.php" line="85" assertions="1" time="0.021905"/>
          <testcase name="test_sanitize_option with data set #23" class="Tests_Sanitize_Option" classname="Tests_Sanitize_Option" file="/var/www/html/test/wordpress_test/inpsyde_test/test/wp-content/plugins/plugintestslughere/tests/unit/tests/option/sanitize-option.php" line="85" assertions="1" time="0.021904"/>
          <testcase name="test_sanitize_option with data set #24" class="Tests_Sanitize_Option" classname="Tests_Sanitize_Option" file="/var/www/html/test/wordpress_test/inpsyde_test/test/wp-content/plugins/plugintestslughere/tests/unit/tests/option/sanitize-option.php" line="85" assertions="1" time="0.021424"/>
          <testcase name="test_sanitize_option with data set #25" class="Tests_Sanitize_Option" classname="Tests_Sanitize_Option" file="/var/www/html/test/wordpress_test/inpsyde_test/test/wp-content/plugins/plugintestslughere/tests/unit/tests/option/sanitize-option.php" line="85" assertions="1" time="0.021276"/>
          <testcase name="test_sanitize_option with data set #26" class="Tests_Sanitize_Option" classname="Tests_Sanitize_Option" file="/var/www/html/test/wordpress_test/inpsyde_test/test/wp-content/plugins/plugintestslughere/tests/unit/tests/option/sanitize-option.php" line="85" assertions="1" time="0.022224"/>
          <testcase name="test_sanitize_option with data set #27" class="Tests_Sanitize_Option" classname="Tests_Sanitize_Option" file="/var/www/html/test/wordpress_test/inpsyde_test/test/wp-content/plugins/plugintestslughere/tests/unit/tests/option/sanitize-option.php" line="85" assertions="1" time="0.021969"/>
          <testcase name="test_sanitize_option with data set #28" class="Tests_Sanitize_Option" classname="Tests_Sanitize_Option" file="/var/www/html/test/wordpress_test/inpsyde_test/test/wp-content/plugins/plugintestslughere/tests/unit/tests/option/sanitize-option.php" line="85" assertions="1" time="0.036163"/>
          <testcase name="test_sanitize_option with data set #29" class="Tests_Sanitize_Option" classname="Tests_Sanitize_Option" file="/var/www/html/test/wordpress_test/inpsyde_test/test/wp-content/plugins/plugintestslughere/tests/unit/tests/option/sanitize-option.php" line="85" assertions="1" time="0.029963"/>
          <testcase name="test_sanitize_option with data set #30" class="Tests_Sanitize_Option" classname="Tests_Sanitize_Option" file="/var/www/html/test/wordpress_test/inpsyde_test/test/wp-content/plugins/plugintestslughere/tests/unit/tests/option/sanitize-option.php" line="85" assertions="1" time="0.028148"/>
          <testcase name="test_sanitize_option with data set #31" class="Tests_Sanitize_Option" classname="Tests_Sanitize_Option" file="/var/www/html/test/wordpress_test/inpsyde_test/test/wp-content/plugins/plugintestslughere/tests/unit/tests/option/sanitize-option.php" line="85" assertions="1" time="0.025072"/>
          <testcase name="test_sanitize_option with data set #32" class="Tests_Sanitize_Option" classname="Tests_Sanitize_Option" file="/var/www/html/test/wordpress_test/inpsyde_test/test/wp-content/plugins/plugintestslughere/tests/unit/tests/option/sanitize-option.php" line="85" assertions="1" time="0.024468"/>
          <testcase name="test_sanitize_option with data set #33" class="Tests_Sanitize_Option" classname="Tests_Sanitize_Option" file="/var/www/html/test/wordpress_test/inpsyde_test/test/wp-content/plugins/plugintestslughere/tests/unit/tests/option/sanitize-option.php" line="85" assertions="1" time="0.022866"/>
          <testcase name="test_sanitize_option with data set #34" class="Tests_Sanitize_Option" classname="Tests_Sanitize_Option" file="/var/www/html/test/wordpress_test/inpsyde_test/test/wp-content/plugins/plugintestslughere/tests/unit/tests/option/sanitize-option.php" line="85" assertions="1" time="0.022494"/>
          <testcase name="test_sanitize_option with data set #35" class="Tests_Sanitize_Option" classname="Tests_Sanitize_Option" file="/var/www/html/test/wordpress_test/inpsyde_test/test/wp-content/plugins/plugintestslughere/tests/unit/tests/option/sanitize-option.php" line="85" assertions="1" time="0.022277"/>
          <testcase name="test_sanitize_option with data set #36" class="Tests_Sanitize_Option" classname="Tests_Sanitize_Option" file="/var/www/html/test/wordpress_test/inpsyde_test/test/wp-content/plugins/plugintestslughere/tests/unit/tests/option/sanitize-option.php" line="85" assertions="1" time="0.022499"/>
          <testcase name="test_sanitize_option with data set #37" class="Tests_Sanitize_Option" classname="Tests_Sanitize_Option" file="/var/www/html/test/wordpress_test/inpsyde_test/test/wp-content/plugins/plugintestslughere/tests/unit/tests/option/sanitize-option.php" line="85" assertions="1" time="0.023042"/>
          <testcase name="test_sanitize_option with data set #38" class="Tests_Sanitize_Option" classname="Tests_Sanitize_Option" file="/var/www/html/test/wordpress_test/inpsyde_test/test/wp-content/plugins/plugintestslughere/tests/unit/tests/option/sanitize-option.php" line="85" assertions="1" time="0.023418"/>
          <testcase name="test_sanitize_option with data set #39" class="Tests_Sanitize_Option" classname="Tests_Sanitize_Option" file="/var/www/html/test/wordpress_test/inpsyde_test/test/wp-content/plugins/plugintestslughere/tests/unit/tests/option/sanitize-option.php" line="85" assertions="1" time="0.022870"/>
          <testcase name="test_sanitize_option with data set #40" class="Tests_Sanitize_Option" classname="Tests_Sanitize_Option" file="/var/www/html/test/wordpress_test/inpsyde_test/test/wp-content/plugins/plugintestslughere/tests/unit/tests/option/sanitize-option.php" line="85" assertions="1" time="0.021639"/>
          <testcase name="test_sanitize_option with data set #41" class="Tests_Sanitize_Option" classname="Tests_Sanitize_Option" file="/var/www/html/test/wordpress_test/inpsyde_test/test/wp-content/plugins/plugintestslughere/tests/unit/tests/option/sanitize-option.php" line="85" assertions="1" time="0.022662"/>
          <testcase name="test_sanitize_option with data set #42" class="Tests_Sanitize_Option" classname="Tests_Sanitize_Option" file="/var/www/html/test/wordpress_test/inpsyde_test/test/wp-content/plugins/plugintestslughere/tests/unit/tests/option/sanitize-option.php" line="85" assertions="1" time="0.022319"/>
          <testcase name="test_sanitize_option with data set #43" class="Tests_Sanitize_Option" classname="Tests_Sanitize_Option" file="/var/www/html/test/wordpress_test/inpsyde_test/test/wp-content/plugins/plugintestslughere/tests/unit/tests/option/sanitize-option.php" line="85" assertions="1" time="0.023497"/>
          <testcase name="test_sanitize_option with data set #44" class="Tests_Sanitize_Option" classname="Tests_Sanitize_Option" file="/var/www/html/test/wordpress_test/inpsyde_test/test/wp-content/plugins/plugintestslughere/tests/unit/tests/option/sanitize-option.php" line="85" assertions="1" time="0.021302"/>
          <testcase name="test_sanitize_option with data set #45" class="Tests_Sanitize_Option" classname="Tests_Sanitize_Option" file="/var/www/html/test/wordpress_test/inpsyde_test/test/wp-content/plugins/plugintestslughere/tests/unit/tests/option/sanitize-option.php" line="85" assertions="1" time="0.022202"/>
        </testsuite>
        <testsuite name="Tests_Sanitize_Option::test_sanitize_option_upload_path" tests="4" assertions="4" errors="0" failures="0" skipped="0" time="0.092724">
          <testcase name="test_sanitize_option_upload_path with data set #0" class="Tests_Sanitize_Option" classname="Tests_Sanitize_Option" file="/var/www/html/test/wordpress_test/inpsyde_test/test/wp-content/plugins/plugintestslughere/tests/unit/tests/option/sanitize-option.php" line="101" assertions="1" time="0.022380"/>
          <testcase name="test_sanitize_option_upload_path with data set #1" class="Tests_Sanitize_Option" classname="Tests_Sanitize_Option" file="/var/www/html/test/wordpress_test/inpsyde_test/test/wp-content/plugins/plugintestslughere/tests/unit/tests/option/sanitize-option.php" line="101" assertions="1" time="0.023865"/>
          <testcase name="test_sanitize_option_upload_path with data set #2" class="Tests_Sanitize_Option" classname="Tests_Sanitize_Option" file="/var/www/html/test/wordpress_test/inpsyde_test/test/wp-content/plugins/plugintestslughere/tests/unit/tests/option/sanitize-option.php" line="101" assertions="1" time="0.022949"/>
          <testcase name="test_sanitize_option_upload_path with data set #3" class="Tests_Sanitize_Option" classname="Tests_Sanitize_Option" file="/var/www/html/test/wordpress_test/inpsyde_test/test/wp-content/plugins/plugintestslughere/tests/unit/tests/option/sanitize-option.php" line="101" assertions="1" time="0.023530"/>
        </testsuite>
        <testcase name="test_emoji_in_blogname_and_description" class="Tests_Sanitize_Option" classname="Tests_Sanitize_Option" file="/var/www/html/test/wordpress_test/inpsyde_test/test/wp-content/plugins/plugintestslughere/tests/unit/tests/option/sanitize-option.php" line="108" assertions="2" time="0.023367"/>
        <testsuite name="Tests_Sanitize_Option::test_sanitize_permalink_structure" tests="9" assertions="21" errors="0" failures="0" skipped="0" time="0.248878">
          <testcase name="test_sanitize_permalink_structure with data set #0" class="Tests_Sanitize_Option" classname="Tests_Sanitize_Option" file="/var/www/html/test/wordpress_test/inpsyde_test/test/wp-content/plugins/plugintestslughere/tests/unit/tests/option/sanitize-option.php" line="126" assertions="2" time="0.023224"/>
          <testcase name="test_sanitize_permalink_structure with data set #1" class="Tests_Sanitize_Option" classname="Tests_Sanitize_Option" file="/var/www/html/test/wordpress_test/inpsyde_test/test/wp-content/plugins/plugintestslughere/tests/unit/tests/option/sanitize-option.php" line="126" assertions="3" time="0.021893"/>
          <testcase name="test_sanitize_permalink_structure with data set #2" class="Tests_Sanitize_Option" classname="Tests_Sanitize_Option" file="/var/www/html/test/wordpress_test/inpsyde_test/test/wp-content/plugins/plugintestslughere/tests/unit/tests/option/sanitize-option.php" line="126" assertions="3" time="0.022934"/>
          <testcase name="test_sanitize_permalink_structure with data set #3" class="Tests_Sanitize_Option" classname="Tests_Sanitize_Option" file="/var/www/html/test/wordpress_test/inpsyde_test/test/wp-content/plugins/plugintestslughere/tests/unit/tests/option/sanitize-option.php" line="126" assertions="3" time="0.023007"/>
          <testcase name="test_sanitize_permalink_structure with data set #4" class="Tests_Sanitize_Option" classname="Tests_Sanitize_Option" file="/var/www/html/test/wordpress_test/inpsyde_test/test/wp-content/plugins/plugintestslughere/tests/unit/tests/option/sanitize-option.php" line="126" assertions="2" time="0.026332"/>
          <testcase name="test_sanitize_permalink_structure with data set #5" class="Tests_Sanitize_Option" classname="Tests_Sanitize_Option" file="/var/www/html/test/wordpress_test/inpsyde_test/test/wp-content/plugins/plugintestslughere/tests/unit/tests/option/sanitize-option.php" line="126" assertions="2" time="0.038944"/>
          <testcase name="test_sanitize_permalink_structure with data set #6" class="Tests_Sanitize_Option" classname="Tests_Sanitize_Option" file="/var/www/html/test/wordpress_test/inpsyde_test/test/wp-content/plugins/plugintestslughere/tests/unit/tests/option/sanitize-option.php" line="126" assertions="2" time="0.033425"/>
          <testcase name="test_sanitize_permalink_structure with data set #7" class="Tests_Sanitize_Option" classname="Tests_Sanitize_Option" file="/var/www/html/test/wordpress_test/inpsyde_test/test/wp-content/plugins/plugintestslughere/tests/unit/tests/option/sanitize-option.php" line="126" assertions="2" time="0.030281"/>
          <testcase name="test_sanitize_permalink_structure with data set #8" class="Tests_Sanitize_Option" classname="Tests_Sanitize_Option" file="/var/www/html/test/wordpress_test/inpsyde_test/test/wp-content/plugins/plugintestslughere/tests/unit/tests/option/sanitize-option.php" line="126" assertions="2" time="0.028838"/>
        </testsuite>
      </testsuite>
      <testsuite name="Tests_Option_SiteOption" file="/var/www/html/test/wordpress_test/inpsyde_test/test/wp-content/plugins/plugintestslughere/tests/unit/tests/option/siteOption.php" tests="19" assertions="21" errors="0" failures="0" skipped="0" time="1.832611">
        <testcase name="test_get_site_option_returns_false_if_option_does_not_exist" class="Tests_Option_SiteOption" classname="Tests_Option_SiteOption" file="/var/www/html/test/wordpress_test/inpsyde_test/test/wp-content/plugins/plugintestslughere/tests/unit/tests/option/siteOption.php" line="11" assertions="1" time="0.043820"/>
        <testcase name="test_get_site_option_returns_false_after_deletion" class="Tests_Option_SiteOption" classname="Tests_Option_SiteOption" file="/var/www/html/test/wordpress_test/inpsyde_test/test/wp-content/plugins/plugintestslughere/tests/unit/tests/option/siteOption.php" line="15" assertions="1" time="0.221295"/>
        <testcase name="test_get_site_option_returns_value" class="Tests_Option_SiteOption" classname="Tests_Option_SiteOption" file="/var/www/html/test/wordpress_test/inpsyde_test/test/wp-content/plugins/plugintestslughere/tests/unit/tests/option/siteOption.php" line="23" assertions="1" time="0.153622"/>
        <testcase name="test_get_site_option_returns_updated_value" class="Tests_Option_SiteOption" classname="Tests_Option_SiteOption" file="/var/www/html/test/wordpress_test/inpsyde_test/test/wp-content/plugins/plugintestslughere/tests/unit/tests/option/siteOption.php" line="30" assertions="1" time="0.154642"/>
        <testcase name="test_get_site_option_does_not_exist_returns_filtered_default_with_no_default_provided" class="Tests_Option_SiteOption" classname="Tests_Option_SiteOption" file="/var/www/html/test/wordpress_test/inpsyde_test/test/wp-content/plugins/plugintestslughere/tests/unit/tests/option/siteOption.php" line="39" assertions="1" time="0.047927"/>
        <testcase name="test_get_site_option_does_not_exist_returns_filtered_default_with_default_provided" class="Tests_Option_SiteOption" classname="Tests_Option_SiteOption" file="/var/www/html/test/wordpress_test/inpsyde_test/test/wp-content/plugins/plugintestslughere/tests/unit/tests/option/siteOption.php" line="46" assertions="1" time="0.038206"/>
        <testcase name="test_get_site_option_does_not_exist_returns_provided_default" class="Tests_Option_SiteOption" classname="Tests_Option_SiteOption" file="/var/www/html/test/wordpress_test/inpsyde_test/test/wp-content/plugins/plugintestslughere/tests/unit/tests/option/siteOption.php" line="53" assertions="1" time="0.034718"/>
        <testcase name="test_get_site_option_exists_does_not_return_provided_default" class="Tests_Option_SiteOption" classname="Tests_Option_SiteOption" file="/var/www/html/test/wordpress_test/inpsyde_test/test/wp-content/plugins/plugintestslughere/tests/unit/tests/option/siteOption.php" line="57" assertions="1" time="0.186185"/>
        <testcase name="test_get_site_option_exists_does_not_return_filtered_default" class="Tests_Option_SiteOption" classname="Tests_Option_SiteOption" file="/var/www/html/test/wordpress_test/inpsyde_test/test/wp-content/plugins/plugintestslughere/tests/unit/tests/option/siteOption.php" line="64" assertions="1" time="0.119106"/>
        <testcase name="test_add_site_option_returns_true_for_new_option" class="Tests_Option_SiteOption" classname="Tests_Option_SiteOption" file="/var/www/html/test/wordpress_test/inpsyde_test/test/wp-content/plugins/plugintestslughere/tests/unit/tests/option/siteOption.php" line="74" assertions="1" time="0.076074"/>
        <testcase name="test_add_site_option_returns_false_for_existing_option" class="Tests_Option_SiteOption" classname="Tests_Option_SiteOption" file="/var/www/html/test/wordpress_test/inpsyde_test/test/wp-content/plugins/plugintestslughere/tests/unit/tests/option/siteOption.php" line="80" assertions="1" time="0.065932"/>
        <testcase name="test_update_site_option_returns_false_for_same_value" class="Tests_Option_SiteOption" classname="Tests_Option_SiteOption" file="/var/www/html/test/wordpress_test/inpsyde_test/test/wp-content/plugins/plugintestslughere/tests/unit/tests/option/siteOption.php" line="87" assertions="1" time="0.066032"/>
        <testcase name="test_update_site_option_returns_true_for_new_value" class="Tests_Option_SiteOption" classname="Tests_Option_SiteOption" file="/var/www/html/test/wordpress_test/inpsyde_test/test/wp-content/plugins/plugintestslughere/tests/unit/tests/option/siteOption.php" line="94" assertions="1" time="0.076682"/>
        <testcase name="test_delete_site_option_returns_true_if_option_exists" class="Tests_Option_SiteOption" classname="Tests_Option_SiteOption" file="/var/www/html/test/wordpress_test/inpsyde_test/test/wp-content/plugins/plugintestslughere/tests/unit/tests/option/siteOption.php" line="102" assertions="1" time="0.087252"/>
        <testcase name="test_delete_site_option_returns_false_if_option_does_not_exist" class="Tests_Option_SiteOption" classname="Tests_Option_SiteOption" file="/var/www/html/test/wordpress_test/inpsyde_test/test/wp-content/plugins/plugintestslughere/tests/unit/tests/option/siteOption.php" line="109" assertions="1" time="0.098077"/>
        <testcase name="test_site_option_add_and_get_serialized_array" class="Tests_Option_SiteOption" classname="Tests_Option_SiteOption" file="/var/www/html/test/wordpress_test/inpsyde_test/test/wp-content/plugins/plugintestslughere/tests/unit/tests/option/siteOption.php" line="117" assertions="1" time="0.132451"/>
        <testcase name="test_site_option_add_and_get_serialized_object" class="Tests_Option_SiteOption" classname="Tests_Option_SiteOption" file="/var/www/html/test/wordpress_test/inpsyde_test/test/wp-content/plugins/plugintestslughere/tests/unit/tests/option/siteOption.php" line="127" assertions="1" time="0.087448"/>
        <testcase name="test_update_adds_falsey_value" class="Tests_Option_SiteOption" classname="Tests_Option_SiteOption" file="/var/www/html/test/wordpress_test/inpsyde_test/test/wp-content/plugins/plugintestslughere/tests/unit/tests/option/siteOption.php" line="141" assertions="2" time="0.098439"/>
        <testcase name="test_get_doesnt_cache_default_value" class="Tests_Option_SiteOption" classname="Tests_Option_SiteOption" file="/var/www/html/test/wordpress_test/inpsyde_test/test/wp-content/plugins/plugintestslughere/tests/unit/tests/option/siteOption.php" line="156" assertions="2" time="0.044702"/>
      </testsuite>
      <testsuite name="Tests_Option_SiteTransient" file="/var/www/html/test/wordpress_test/inpsyde_test/test/wp-content/plugins/plugintestslughere/tests/unit/tests/option/siteTransient.php" tests="3" assertions="15" errors="0" failures="0" skipped="0" time="0.309925">
        <testcase name="test_the_basics" class="Tests_Option_SiteTransient" classname="Tests_Option_SiteTransient" file="/var/www/html/test/wordpress_test/inpsyde_test/test/wp-content/plugins/plugintestslughere/tests/unit/tests/option/siteTransient.php" line="16" assertions="9" time="0.101235"/>
        <testcase name="test_serialized_data" class="Tests_Option_SiteTransient" classname="Tests_Option_SiteTransient" file="/var/www/html/test/wordpress_test/inpsyde_test/test/wp-content/plugins/plugintestslughere/tests/unit/tests/option/siteTransient.php" line="32" assertions="5" time="0.076911"/>
        <testcase name="test_set_site_transient_is_not_stored_as_autoload_option" class="Tests_Option_SiteTransient" classname="Tests_Option_SiteTransient" file="/var/www/html/test/wordpress_test/inpsyde_test/test/wp-content/plugins/plugintestslughere/tests/unit/tests/option/siteTransient.php" line="52" assertions="1" time="0.131779"/>
      </testsuite>
      <testsuite name="Tests_Option_Slashes" file="/var/www/html/test/wordpress_test/inpsyde_test/test/wp-content/plugins/plugintestslughere/tests/unit/tests/option/slashes.php" tests="2" assertions="8" errors="0" failures="0" skipped="0" time="0.214273">
        <testcase name="test_add_option" class="Tests_Option_Slashes" classname="Tests_Option_Slashes" file="/var/www/html/test/wordpress_test/inpsyde_test/test/wp-content/plugins/plugintestslughere/tests/unit/tests/option/slashes.php" line="27" assertions="4" time="0.093495"/>
        <testcase name="test_update_option" class="Tests_Option_Slashes" classname="Tests_Option_Slashes" file="/var/www/html/test/wordpress_test/inpsyde_test/test/wp-content/plugins/plugintestslughere/tests/unit/tests/option/slashes.php" line="42" assertions="4" time="0.120778"/>
      </testsuite>
      <testsuite name="Tests_Option_Theme_Mods" file="/var/www/html/test/wordpress_test/inpsyde_test/test/wp-content/plugins/plugintestslughere/tests/unit/tests/option/themeMods.php" tests="18" assertions="18" errors="0" failures="0" skipped="0" time="0.740963">
        <testcase name="test_theme_mod_default" class="Tests_Option_Theme_Mods" classname="Tests_Option_Theme_Mods" file="/var/www/html/test/wordpress_test/inpsyde_test/test/wp-content/plugins/plugintestslughere/tests/unit/tests/option/themeMods.php" line="8" assertions="1" time="0.046037"/>
        <testcase name="test_theme_mod_defined_default" class="Tests_Option_Theme_Mods" classname="Tests_Option_Theme_Mods" file="/var/www/html/test/wordpress_test/inpsyde_test/test/wp-content/plugins/plugintestslughere/tests/unit/tests/option/themeMods.php" line="12" assertions="1" time="0.032049"/>
        <testcase name="test_theme_mod_set" class="Tests_Option_Theme_Mods" classname="Tests_Option_Theme_Mods" file="/var/www/html/test/wordpress_test/inpsyde_test/test/wp-content/plugins/plugintestslughere/tests/unit/tests/option/themeMods.php" line="16" assertions="1" time="0.070871"/>
        <testcase name="test_theme_mod_update" class="Tests_Option_Theme_Mods" classname="Tests_Option_Theme_Mods" file="/var/www/html/test/wordpress_test/inpsyde_test/test/wp-content/plugins/plugintestslughere/tests/unit/tests/option/themeMods.php" line="22" assertions="1" time="0.077152"/>
        <testcase name="test_theme_mod_remove" class="Tests_Option_Theme_Mods" classname="Tests_Option_Theme_Mods" file="/var/www/html/test/wordpress_test/inpsyde_test/test/wp-content/plugins/plugintestslughere/tests/unit/tests/option/themeMods.php" line="29" assertions="1" time="0.076628"/>
        <testsuite name="Tests_Option_Theme_Mods::test_theme_mod_default_value_with_percent_symbols" tests="13" assertions="13" errors="0" failures="0" skipped="0" time="0.438226">
          <testcase name="test_theme_mod_default_value_with_percent_symbols with data set #0" class="Tests_Option_Theme_Mods" classname="Tests_Option_Theme_Mods" file="/var/www/html/test/wordpress_test/inpsyde_test/test/wp-content/plugins/plugintestslughere/tests/unit/tests/option/themeMods.php" line="40" assertions="1" time="0.031874"/>
          <testcase name="test_theme_mod_default_value_with_percent_symbols with data set #1" class="Tests_Option_Theme_Mods" classname="Tests_Option_Theme_Mods" file="/var/www/html/test/wordpress_test/inpsyde_test/test/wp-content/plugins/plugintestslughere/tests/unit/tests/option/themeMods.php" line="40" assertions="1" time="0.031365"/>
          <testcase name="test_theme_mod_default_value_with_percent_symbols with data set #2" class="Tests_Option_Theme_Mods" classname="Tests_Option_Theme_Mods" file="/var/www/html/test/wordpress_test/inpsyde_test/test/wp-content/plugins/plugintestslughere/tests/unit/tests/option/themeMods.php" line="40" assertions="1" time="0.031664"/>
          <testcase name="test_theme_mod_default_value_with_percent_symbols with data set #3" class="Tests_Option_Theme_Mods" classname="Tests_Option_Theme_Mods" file="/var/www/html/test/wordpress_test/inpsyde_test/test/wp-content/plugins/plugintestslughere/tests/unit/tests/option/themeMods.php" line="40" assertions="1" time="0.031959"/>
          <testcase name="test_theme_mod_default_value_with_percent_symbols with data set #4" class="Tests_Option_Theme_Mods" classname="Tests_Option_Theme_Mods" file="/var/www/html/test/wordpress_test/inpsyde_test/test/wp-content/plugins/plugintestslughere/tests/unit/tests/option/themeMods.php" line="40" assertions="1" time="0.033783"/>
          <testcase name="test_theme_mod_default_value_with_percent_symbols with data set #5" class="Tests_Option_Theme_Mods" classname="Tests_Option_Theme_Mods" file="/var/www/html/test/wordpress_test/inpsyde_test/test/wp-content/plugins/plugintestslughere/tests/unit/tests/option/themeMods.php" line="40" assertions="1" time="0.034566"/>
          <testcase name="test_theme_mod_default_value_with_percent_symbols with data set #6" class="Tests_Option_Theme_Mods" classname="Tests_Option_Theme_Mods" file="/var/www/html/test/wordpress_test/inpsyde_test/test/wp-content/plugins/plugintestslughere/tests/unit/tests/option/themeMods.php" line="40" assertions="1" time="0.039123"/>
          <testcase name="test_theme_mod_default_value_with_percent_symbols with data set #7" class="Tests_Option_Theme_Mods" classname="Tests_Option_Theme_Mods" file="/var/www/html/test/wordpress_test/inpsyde_test/test/wp-content/plugins/plugintestslughere/tests/unit/tests/option/themeMods.php" line="40" assertions="1" time="0.033087"/>
          <testcase name="test_theme_mod_default_value_with_percent_symbols with data set #8" class="Tests_Option_Theme_Mods" classname="Tests_Option_Theme_Mods" file="/var/www/html/test/wordpress_test/inpsyde_test/test/wp-content/plugins/plugintestslughere/tests/unit/tests/option/themeMods.php" line="40" assertions="1" time="0.029315"/>
          <testcase name="test_theme_mod_default_value_with_percent_symbols with data set #9" class="Tests_Option_Theme_Mods" classname="Tests_Option_Theme_Mods" file="/var/www/html/test/wordpress_test/inpsyde_test/test/wp-content/plugins/plugintestslughere/tests/unit/tests/option/themeMods.php" line="40" assertions="1" time="0.030259"/>
          <testcase name="test_theme_mod_default_value_with_percent_symbols with data set #10" class="Tests_Option_Theme_Mods" classname="Tests_Option_Theme_Mods" file="/var/www/html/test/wordpress_test/inpsyde_test/test/wp-content/plugins/plugintestslughere/tests/unit/tests/option/themeMods.php" line="40" assertions="1" time="0.043402"/>
          <testcase name="test_theme_mod_default_value_with_percent_symbols with data set #11" class="Tests_Option_Theme_Mods" classname="Tests_Option_Theme_Mods" file="/var/www/html/test/wordpress_test/inpsyde_test/test/wp-content/plugins/plugintestslughere/tests/unit/tests/option/themeMods.php" line="40" assertions="1" time="0.037119"/>
          <testcase name="test_theme_mod_default_value_with_percent_symbols with data set #12" class="Tests_Option_Theme_Mods" classname="Tests_Option_Theme_Mods" file="/var/www/html/test/wordpress_test/inpsyde_test/test/wp-content/plugins/plugintestslughere/tests/unit/tests/option/themeMods.php" line="40" assertions="1" time="0.030710"/>
        </testsuite>
      </testsuite>
      <testsuite name="Tests_Option_Transient" file="/var/www/html/test/wordpress_test/inpsyde_test/test/wp-content/plugins/plugintestslughere/tests/unit/tests/option/transient.php" tests="6" assertions="33" errors="0" failures="0" skipped="0" time="0.544894">
        <testcase name="test_the_basics" class="Tests_Option_Transient" classname="Tests_Option_Transient" file="/var/www/html/test/wordpress_test/inpsyde_test/test/wp-content/plugins/plugintestslughere/tests/unit/tests/option/transient.php" line="16" assertions="9" time="0.094880"/>
        <testcase name="test_serialized_data" class="Tests_Option_Transient" classname="Tests_Option_Transient" file="/var/www/html/test/wordpress_test/inpsyde_test/test/wp-content/plugins/plugintestslughere/tests/unit/tests/option/transient.php" line="32" assertions="5" time="0.121176"/>
        <testcase name="test_transient_data_with_timeout" class="Tests_Option_Transient" classname="Tests_Option_Transient" file="/var/www/html/test/wordpress_test/inpsyde_test/test/wp-content/plugins/plugintestslughere/tests/unit/tests/option/transient.php" line="51" assertions="7" time="0.077334"/>
        <testcase name="test_transient_add_timeout" class="Tests_Option_Transient" classname="Tests_Option_Transient" file="/var/www/html/test/wordpress_test/inpsyde_test/test/wp-content/plugins/plugintestslughere/tests/unit/tests/option/transient.php" line="72" assertions="7" time="0.086506"/>
        <testcase name="test_nonexistent_key_dont_delete_if_false" class="Tests_Option_Transient" classname="Tests_Option_Transient" file="/var/www/html/test/wordpress_test/inpsyde_test/test/wp-content/plugins/plugintestslughere/tests/unit/tests/option/transient.php" line="95" assertions="2" time="0.077282"/>
        <testcase name="test_nonexistent_key_old_timeout" class="Tests_Option_Transient" classname="Tests_Option_Transient" file="/var/www/html/test/wordpress_test/inpsyde_test/test/wp-content/plugins/plugintestslughere/tests/unit/tests/option/transient.php" line="123" assertions="3" time="0.087716"/>
      </testsuite>
      <testsuite name="Tests_Option_UpdateOption" file="/var/www/html/test/wordpress_test/inpsyde_test/test/wp-content/plugins/plugintestslughere/tests/unit/tests/option/updateOption.php" tests="9" assertions="21" errors="0" failures="0" skipped="0" time="0.779139">
        <testcase name="test_should_respect_default_option_filter_when_option_does_not_yet_exist_in_database" class="Tests_Option_UpdateOption" classname="Tests_Option_UpdateOption" file="/var/www/html/test/wordpress_test/inpsyde_test/test/wp-content/plugins/plugintestslughere/tests/unit/tests/option/updateOption.php" line="10" assertions="2" time="0.089038"/>
        <testcase name="test_should_set_autoload_yes_for_nonexistent_option_when_autoload_param_is_missing" class="Tests_Option_UpdateOption" classname="Tests_Option_UpdateOption" file="/var/www/html/test/wordpress_test/inpsyde_test/test/wp-content/plugins/plugintestslughere/tests/unit/tests/option/updateOption.php" line="22" assertions="2" time="0.088054"/>
        <testcase name="test_should_set_autoload_yes_for_nonexistent_option_when_autoload_param_is_yes" class="Tests_Option_UpdateOption" classname="Tests_Option_UpdateOption" file="/var/www/html/test/wordpress_test/inpsyde_test/test/wp-content/plugins/plugintestslughere/tests/unit/tests/option/updateOption.php" line="42" assertions="2" time="0.086901"/>
        <testcase name="test_should_set_autoload_no_for_nonexistent_option_when_autoload_param_is_no" class="Tests_Option_UpdateOption" classname="Tests_Option_UpdateOption" file="/var/www/html/test/wordpress_test/inpsyde_test/test/wp-content/plugins/plugintestslughere/tests/unit/tests/option/updateOption.php" line="62" assertions="2" time="0.076539"/>
        <testcase name="test_should_set_autoload_no_for_nonexistent_option_when_autoload_param_is_false" class="Tests_Option_UpdateOption" classname="Tests_Option_UpdateOption" file="/var/www/html/test/wordpress_test/inpsyde_test/test/wp-content/plugins/plugintestslughere/tests/unit/tests/option/updateOption.php" line="83" assertions="2" time="0.065786"/>
        <testcase name="test_autoload_should_be_updated_for_existing_option_when_value_is_changed" class="Tests_Option_UpdateOption" classname="Tests_Option_UpdateOption" file="/var/www/html/test/wordpress_test/inpsyde_test/test/wp-content/plugins/plugintestslughere/tests/unit/tests/option/updateOption.php" line="104" assertions="3" time="0.131953"/>
        <testcase name="test_autoload_should_not_be_updated_for_existing_option_when_value_is_unchanged" class="Tests_Option_UpdateOption" classname="Tests_Option_UpdateOption" file="/var/www/html/test/wordpress_test/inpsyde_test/test/wp-content/plugins/plugintestslughere/tests/unit/tests/option/updateOption.php" line="125" assertions="3" time="0.065964"/>
        <testcase name="test_autoload_should_not_be_updated_for_existing_option_when_value_is_changed_but_no_value_of_autoload_is_provided" class="Tests_Option_UpdateOption" classname="Tests_Option_UpdateOption" file="/var/www/html/test/wordpress_test/inpsyde_test/test/wp-content/plugins/plugintestslughere/tests/unit/tests/option/updateOption.php" line="147" assertions="3" time="0.087992"/>
        <testcase name="test_update_option_array_with_object" class="Tests_Option_UpdateOption" classname="Tests_Option_UpdateOption" file="/var/www/html/test/wordpress_test/inpsyde_test/test/wp-content/plugins/plugintestslughere/tests/unit/tests/option/updateOption.php" line="171" assertions="2" time="0.086912"/>
      </testsuite>
      <testsuite name="Tests_User_Settings" file="/var/www/html/test/wordpress_test/inpsyde_test/test/wp-content/plugins/plugintestslughere/tests/unit/tests/option/userSettings.php" tests="3" assertions="6" errors="0" failures="0" skipped="0" time="0.426297">
        <testcase name="test_set_user_setting" class="Tests_User_Settings" classname="Tests_User_Settings" file="/var/www/html/test/wordpress_test/inpsyde_test/test/wp-content/plugins/plugintestslughere/tests/unit/tests/option/userSettings.php" line="23" assertions="2" time="0.162930"/>
        <testcase name="test_set_user_setting_dashes" class="Tests_User_Settings" classname="Tests_User_Settings" file="/var/www/html/test/wordpress_test/inpsyde_test/test/wp-content/plugins/plugintestslughere/tests/unit/tests/option/userSettings.php" line="33" assertions="2" time="0.131152"/>
        <testcase name="test_set_user_setting_strip_asterisks" class="Tests_User_Settings" classname="Tests_User_Settings" file="/var/www/html/test/wordpress_test/inpsyde_test/test/wp-content/plugins/plugintestslughere/tests/unit/tests/option/userSettings.php" line="43" assertions="2" time="0.132215"/>
      </testsuite>
      <testsuite name="Tests_Option_WP_Load_Alloptions" file="/var/www/html/test/wordpress_test/inpsyde_test/test/wp-content/plugins/plugintestslughere/tests/unit/tests/option/wpLoadAllOptions.php" tests="6" assertions="6" errors="0" failures="0" skipped="0" time="0.154398">
        <testcase name="test_if_alloptions_is_cached" class="Tests_Option_WP_Load_Alloptions" classname="Tests_Option_WP_Load_Alloptions" file="/var/www/html/test/wordpress_test/inpsyde_test/test/wp-content/plugins/plugintestslughere/tests/unit/tests/option/wpLoadAllOptions.php" line="15" assertions="1" time="0.032831"/>
        <testcase name="test_if_cached_alloptions_is_deleted" class="Tests_Option_WP_Load_Alloptions" classname="Tests_Option_WP_Load_Alloptions" file="/var/www/html/test/wordpress_test/inpsyde_test/test/wp-content/plugins/plugintestslughere/tests/unit/tests/option/wpLoadAllOptions.php" line="22" assertions="1" time="0.027902"/>
        <testcase name="test_if_alloptions_are_retrieved_from_cache" class="Tests_Option_WP_Load_Alloptions" classname="Tests_Option_WP_Load_Alloptions" file="/var/www/html/test/wordpress_test/inpsyde_test/test/wp-content/plugins/plugintestslughere/tests/unit/tests/option/wpLoadAllOptions.php" line="29" assertions="1" time="0.022673"/>
        <testcase name="test_if_alloptions_are_retrieved_from_database" class="Tests_Option_WP_Load_Alloptions" classname="Tests_Option_WP_Load_Alloptions" file="/var/www/html/test/wordpress_test/inpsyde_test/test/wp-content/plugins/plugintestslughere/tests/unit/tests/option/wpLoadAllOptions.php" line="42" assertions="1" time="0.027779"/>
        <testcase name="test_filter_pre_cache_alloptions_is_called" class="Tests_Option_WP_Load_Alloptions" classname="Tests_Option_WP_Load_Alloptions" file="/var/www/html/test/wordpress_test/inpsyde_test/test/wp-content/plugins/plugintestslughere/tests/unit/tests/option/wpLoadAllOptions.php" line="59" assertions="1" time="0.022056"/>
        <testcase name="test_filter_pre_cache_alloptions_is_not_called" class="Tests_Option_WP_Load_Alloptions" classname="Tests_Option_WP_Load_Alloptions" file="/var/www/html/test/wordpress_test/inpsyde_test/test/wp-content/plugins/plugintestslughere/tests/unit/tests/option/wpLoadAllOptions.php" line="85" assertions="1" time="0.021157"/>
      </testsuite>
      <testsuite name="Tests_Pluggable" file="/var/www/html/test/wordpress_test/inpsyde_test/test/wp-content/plugins/plugintestslughere/tests/unit/tests/pluggable.php" tests="60" assertions="582" errors="0" failures="0" skipped="0" time="1.432308">
        <testsuite name="Tests_Pluggable::test_pluggable_function_signatures_match" tests="59" assertions="464" errors="0" failures="0" skipped="0" time="1.407712">
          <testcase name="test_pluggable_function_signatures_match with data set #0" class="Tests_Pluggable" classname="Tests_Pluggable" file="/var/www/html/test/wordpress_test/inpsyde_test/test/wp-content/plugins/plugintestslughere/tests/unit/tests/pluggable.php" line="16" assertions="3" time="0.036859"/>
          <testcase name="test_pluggable_function_signatures_match with data set #1" class="Tests_Pluggable" classname="Tests_Pluggable" file="/var/www/html/test/wordpress_test/inpsyde_test/test/wp-content/plugins/plugintestslughere/tests/unit/tests/pluggable.php" line="16" assertions="20" time="0.032905"/>
          <testcase name="test_pluggable_function_signatures_match with data set #2" class="Tests_Pluggable" classname="Tests_Pluggable" file="/var/www/html/test/wordpress_test/inpsyde_test/test/wp-content/plugins/plugintestslughere/tests/unit/tests/pluggable.php" line="16" assertions="5" time="0.030888"/>
          <testcase name="test_pluggable_function_signatures_match with data set #3" class="Tests_Pluggable" classname="Tests_Pluggable" file="/var/www/html/test/wordpress_test/inpsyde_test/test/wp-content/plugins/plugintestslughere/tests/unit/tests/pluggable.php" line="16" assertions="11" time="0.029236"/>
          <testcase name="test_pluggable_function_signatures_match with data set #4" class="Tests_Pluggable" classname="Tests_Pluggable" file="/var/www/html/test/wordpress_test/inpsyde_test/test/wp-content/plugins/plugintestslughere/tests/unit/tests/pluggable.php" line="16" assertions="3" time="0.025243"/>
          <testcase name="test_pluggable_function_signatures_match with data set #5" class="Tests_Pluggable" classname="Tests_Pluggable" file="/var/www/html/test/wordpress_test/inpsyde_test/test/wp-content/plugins/plugintestslughere/tests/unit/tests/pluggable.php" line="16" assertions="3" time="0.023676"/>
          <testcase name="test_pluggable_function_signatures_match with data set #6" class="Tests_Pluggable" classname="Tests_Pluggable" file="/var/www/html/test/wordpress_test/inpsyde_test/test/wp-content/plugins/plugintestslughere/tests/unit/tests/pluggable.php" line="16" assertions="8" time="0.023480"/>
          <testcase name="test_pluggable_function_signatures_match with data set #7" class="Tests_Pluggable" classname="Tests_Pluggable" file="/var/www/html/test/wordpress_test/inpsyde_test/test/wp-content/plugins/plugintestslughere/tests/unit/tests/pluggable.php" line="16" assertions="3" time="0.025204"/>
          <testcase name="test_pluggable_function_signatures_match with data set #8" class="Tests_Pluggable" classname="Tests_Pluggable" file="/var/www/html/test/wordpress_test/inpsyde_test/test/wp-content/plugins/plugintestslughere/tests/unit/tests/pluggable.php" line="16" assertions="5" time="0.022569"/>
          <testcase name="test_pluggable_function_signatures_match with data set #9" class="Tests_Pluggable" classname="Tests_Pluggable" file="/var/www/html/test/wordpress_test/inpsyde_test/test/wp-content/plugins/plugintestslughere/tests/unit/tests/pluggable.php" line="16" assertions="7" time="0.021351"/>
          <testcase name="test_pluggable_function_signatures_match with data set #10" class="Tests_Pluggable" classname="Tests_Pluggable" file="/var/www/html/test/wordpress_test/inpsyde_test/test/wp-content/plugins/plugintestslughere/tests/unit/tests/pluggable.php" line="16" assertions="5" time="0.022218"/>
          <testcase name="test_pluggable_function_signatures_match with data set #11" class="Tests_Pluggable" classname="Tests_Pluggable" file="/var/www/html/test/wordpress_test/inpsyde_test/test/wp-content/plugins/plugintestslughere/tests/unit/tests/pluggable.php" line="16" assertions="15" time="0.022502"/>
          <testcase name="test_pluggable_function_signatures_match with data set #12" class="Tests_Pluggable" classname="Tests_Pluggable" file="/var/www/html/test/wordpress_test/inpsyde_test/test/wp-content/plugins/plugintestslughere/tests/unit/tests/pluggable.php" line="16" assertions="7" time="0.021585"/>
          <testcase name="test_pluggable_function_signatures_match with data set #13" class="Tests_Pluggable" classname="Tests_Pluggable" file="/var/www/html/test/wordpress_test/inpsyde_test/test/wp-content/plugins/plugintestslughere/tests/unit/tests/pluggable.php" line="16" assertions="3" time="0.020962"/>
          <testcase name="test_pluggable_function_signatures_match with data set #14" class="Tests_Pluggable" classname="Tests_Pluggable" file="/var/www/html/test/wordpress_test/inpsyde_test/test/wp-content/plugins/plugintestslughere/tests/unit/tests/pluggable.php" line="16" assertions="9" time="0.022059"/>
          <testcase name="test_pluggable_function_signatures_match with data set #15" class="Tests_Pluggable" classname="Tests_Pluggable" file="/var/www/html/test/wordpress_test/inpsyde_test/test/wp-content/plugins/plugintestslughere/tests/unit/tests/pluggable.php" line="16" assertions="13" time="0.022177"/>
          <testcase name="test_pluggable_function_signatures_match with data set #16" class="Tests_Pluggable" classname="Tests_Pluggable" file="/var/www/html/test/wordpress_test/inpsyde_test/test/wp-content/plugins/plugintestslughere/tests/unit/tests/pluggable.php" line="16" assertions="9" time="0.021501"/>
          <testcase name="test_pluggable_function_signatures_match with data set #17" class="Tests_Pluggable" classname="Tests_Pluggable" file="/var/www/html/test/wordpress_test/inpsyde_test/test/wp-content/plugins/plugintestslughere/tests/unit/tests/pluggable.php" line="16" assertions="14" time="0.021720"/>
          <testcase name="test_pluggable_function_signatures_match with data set #18" class="Tests_Pluggable" classname="Tests_Pluggable" file="/var/www/html/test/wordpress_test/inpsyde_test/test/wp-content/plugins/plugintestslughere/tests/unit/tests/pluggable.php" line="16" assertions="3" time="0.022136"/>
          <testcase name="test_pluggable_function_signatures_match with data set #19" class="Tests_Pluggable" classname="Tests_Pluggable" file="/var/www/html/test/wordpress_test/inpsyde_test/test/wp-content/plugins/plugintestslughere/tests/unit/tests/pluggable.php" line="16" assertions="3" time="0.021425"/>
          <testcase name="test_pluggable_function_signatures_match with data set #20" class="Tests_Pluggable" classname="Tests_Pluggable" file="/var/www/html/test/wordpress_test/inpsyde_test/test/wp-content/plugins/plugintestslughere/tests/unit/tests/pluggable.php" line="16" assertions="3" time="0.020673"/>
          <testcase name="test_pluggable_function_signatures_match with data set #21" class="Tests_Pluggable" classname="Tests_Pluggable" file="/var/www/html/test/wordpress_test/inpsyde_test/test/wp-content/plugins/plugintestslughere/tests/unit/tests/pluggable.php" line="16" assertions="9" time="0.021989"/>
          <testcase name="test_pluggable_function_signatures_match with data set #22" class="Tests_Pluggable" classname="Tests_Pluggable" file="/var/www/html/test/wordpress_test/inpsyde_test/test/wp-content/plugins/plugintestslughere/tests/unit/tests/pluggable.php" line="16" assertions="12" time="0.022233"/>
          <testcase name="test_pluggable_function_signatures_match with data set #23" class="Tests_Pluggable" classname="Tests_Pluggable" file="/var/www/html/test/wordpress_test/inpsyde_test/test/wp-content/plugins/plugintestslughere/tests/unit/tests/pluggable.php" line="16" assertions="11" time="0.021460"/>
          <testcase name="test_pluggable_function_signatures_match with data set #24" class="Tests_Pluggable" classname="Tests_Pluggable" file="/var/www/html/test/wordpress_test/inpsyde_test/test/wp-content/plugins/plugintestslughere/tests/unit/tests/pluggable.php" line="16" assertions="5" time="0.021371"/>
          <testcase name="test_pluggable_function_signatures_match with data set #25" class="Tests_Pluggable" classname="Tests_Pluggable" file="/var/www/html/test/wordpress_test/inpsyde_test/test/wp-content/plugins/plugintestslughere/tests/unit/tests/pluggable.php" line="16" assertions="5" time="0.021045"/>
          <testcase name="test_pluggable_function_signatures_match with data set #26" class="Tests_Pluggable" classname="Tests_Pluggable" file="/var/www/html/test/wordpress_test/inpsyde_test/test/wp-content/plugins/plugintestslughere/tests/unit/tests/pluggable.php" line="16" assertions="11" time="0.021672"/>
          <testcase name="test_pluggable_function_signatures_match with data set #27" class="Tests_Pluggable" classname="Tests_Pluggable" file="/var/www/html/test/wordpress_test/inpsyde_test/test/wp-content/plugins/plugintestslughere/tests/unit/tests/pluggable.php" line="16" assertions="8" time="0.020958"/>
          <testcase name="test_pluggable_function_signatures_match with data set #28" class="Tests_Pluggable" classname="Tests_Pluggable" file="/var/www/html/test/wordpress_test/inpsyde_test/test/wp-content/plugins/plugintestslughere/tests/unit/tests/pluggable.php" line="16" assertions="8" time="0.021545"/>
          <testcase name="test_pluggable_function_signatures_match with data set #29" class="Tests_Pluggable" classname="Tests_Pluggable" file="/var/www/html/test/wordpress_test/inpsyde_test/test/wp-content/plugins/plugintestslughere/tests/unit/tests/pluggable.php" line="16" assertions="5" time="0.022882"/>
          <testcase name="test_pluggable_function_signatures_match with data set #30" class="Tests_Pluggable" classname="Tests_Pluggable" file="/var/www/html/test/wordpress_test/inpsyde_test/test/wp-content/plugins/plugintestslughere/tests/unit/tests/pluggable.php" line="16" assertions="5" time="0.021683"/>
          <testcase name="test_pluggable_function_signatures_match with data set #31" class="Tests_Pluggable" classname="Tests_Pluggable" file="/var/www/html/test/wordpress_test/inpsyde_test/test/wp-content/plugins/plugintestslughere/tests/unit/tests/pluggable.php" line="16" assertions="11" time="0.021541"/>
          <testcase name="test_pluggable_function_signatures_match with data set #32" class="Tests_Pluggable" classname="Tests_Pluggable" file="/var/www/html/test/wordpress_test/inpsyde_test/test/wp-content/plugins/plugintestslughere/tests/unit/tests/pluggable.php" line="16" assertions="3" time="0.022288"/>
          <testcase name="test_pluggable_function_signatures_match with data set #33" class="Tests_Pluggable" classname="Tests_Pluggable" file="/var/www/html/test/wordpress_test/inpsyde_test/test/wp-content/plugins/plugintestslughere/tests/unit/tests/pluggable.php" line="16" assertions="8" time="0.024123"/>
          <testcase name="test_pluggable_function_signatures_match with data set #34" class="Tests_Pluggable" classname="Tests_Pluggable" file="/var/www/html/test/wordpress_test/inpsyde_test/test/wp-content/plugins/plugintestslughere/tests/unit/tests/pluggable.php" line="16" assertions="6" time="0.036956"/>
          <testcase name="test_pluggable_function_signatures_match with data set #35" class="Tests_Pluggable" classname="Tests_Pluggable" file="/var/www/html/test/wordpress_test/inpsyde_test/test/wp-content/plugins/plugintestslughere/tests/unit/tests/pluggable.php" line="16" assertions="6" time="0.029096"/>
          <testcase name="test_pluggable_function_signatures_match with data set #36" class="Tests_Pluggable" classname="Tests_Pluggable" file="/var/www/html/test/wordpress_test/inpsyde_test/test/wp-content/plugins/plugintestslughere/tests/unit/tests/pluggable.php" line="16" assertions="8" time="0.026803"/>
          <testcase name="test_pluggable_function_signatures_match with data set #37" class="Tests_Pluggable" classname="Tests_Pluggable" file="/var/www/html/test/wordpress_test/inpsyde_test/test/wp-content/plugins/plugintestslughere/tests/unit/tests/pluggable.php" line="16" assertions="5" time="0.024844"/>
          <testcase name="test_pluggable_function_signatures_match with data set #38" class="Tests_Pluggable" classname="Tests_Pluggable" file="/var/www/html/test/wordpress_test/inpsyde_test/test/wp-content/plugins/plugintestslughere/tests/unit/tests/pluggable.php" line="16" assertions="10" time="0.022668"/>
          <testcase name="test_pluggable_function_signatures_match with data set #39" class="Tests_Pluggable" classname="Tests_Pluggable" file="/var/www/html/test/wordpress_test/inpsyde_test/test/wp-content/plugins/plugintestslughere/tests/unit/tests/pluggable.php" line="16" assertions="12" time="0.023110"/>
          <testcase name="test_pluggable_function_signatures_match with data set #40" class="Tests_Pluggable" classname="Tests_Pluggable" file="/var/www/html/test/wordpress_test/inpsyde_test/test/wp-content/plugins/plugintestslughere/tests/unit/tests/pluggable.php" line="16" assertions="9" time="0.023088"/>
          <testcase name="test_pluggable_function_signatures_match with data set #41" class="Tests_Pluggable" classname="Tests_Pluggable" file="/var/www/html/test/wordpress_test/inpsyde_test/test/wp-content/plugins/plugintestslughere/tests/unit/tests/pluggable.php" line="16" assertions="7" time="0.023254"/>
          <testcase name="test_pluggable_function_signatures_match with data set #42" class="Tests_Pluggable" classname="Tests_Pluggable" file="/var/www/html/test/wordpress_test/inpsyde_test/test/wp-content/plugins/plugintestslughere/tests/unit/tests/pluggable.php" line="16" assertions="17" time="0.023335"/>
          <testcase name="test_pluggable_function_signatures_match with data set #43" class="Tests_Pluggable" classname="Tests_Pluggable" file="/var/www/html/test/wordpress_test/inpsyde_test/test/wp-content/plugins/plugintestslughere/tests/unit/tests/pluggable.php" line="16" assertions="10" time="0.031310"/>
          <testcase name="test_pluggable_function_signatures_match with data set #44" class="Tests_Pluggable" classname="Tests_Pluggable" file="/var/www/html/test/wordpress_test/inpsyde_test/test/wp-content/plugins/plugintestslughere/tests/unit/tests/pluggable.php" line="16" assertions="13" time="0.021599"/>
          <testcase name="test_pluggable_function_signatures_match with data set #45" class="Tests_Pluggable" classname="Tests_Pluggable" file="/var/www/html/test/wordpress_test/inpsyde_test/test/wp-content/plugins/plugintestslughere/tests/unit/tests/pluggable.php" line="16" assertions="3" time="0.025415"/>
          <testcase name="test_pluggable_function_signatures_match with data set #46" class="Tests_Pluggable" classname="Tests_Pluggable" file="/var/www/html/test/wordpress_test/inpsyde_test/test/wp-content/plugins/plugintestslughere/tests/unit/tests/pluggable.php" line="16" assertions="11" time="0.024961"/>
          <testcase name="test_pluggable_function_signatures_match with data set #47" class="Tests_Pluggable" classname="Tests_Pluggable" file="/var/www/html/test/wordpress_test/inpsyde_test/test/wp-content/plugins/plugintestslughere/tests/unit/tests/pluggable.php" line="16" assertions="8" time="0.027505"/>
          <testcase name="test_pluggable_function_signatures_match with data set #48" class="Tests_Pluggable" classname="Tests_Pluggable" file="/var/www/html/test/wordpress_test/inpsyde_test/test/wp-content/plugins/plugintestslughere/tests/unit/tests/pluggable.php" line="16" assertions="3" time="0.023898"/>
          <testcase name="test_pluggable_function_signatures_match with data set #49" class="Tests_Pluggable" classname="Tests_Pluggable" file="/var/www/html/test/wordpress_test/inpsyde_test/test/wp-content/plugins/plugintestslughere/tests/unit/tests/pluggable.php" line="16" assertions="14" time="0.024733"/>
          <testcase name="test_pluggable_function_signatures_match with data set #50" class="Tests_Pluggable" classname="Tests_Pluggable" file="/var/www/html/test/wordpress_test/inpsyde_test/test/wp-content/plugins/plugintestslughere/tests/unit/tests/pluggable.php" line="16" assertions="11" time="0.024959"/>
          <testcase name="test_pluggable_function_signatures_match with data set #51" class="Tests_Pluggable" classname="Tests_Pluggable" file="/var/www/html/test/wordpress_test/inpsyde_test/test/wp-content/plugins/plugintestslughere/tests/unit/tests/pluggable.php" line="16" assertions="11" time="0.024810"/>
          <testcase name="test_pluggable_function_signatures_match with data set #52" class="Tests_Pluggable" classname="Tests_Pluggable" file="/var/www/html/test/wordpress_test/inpsyde_test/test/wp-content/plugins/plugintestslughere/tests/unit/tests/pluggable.php" line="16" assertions="3" time="0.021959"/>
          <testcase name="test_pluggable_function_signatures_match with data set #53" class="Tests_Pluggable" classname="Tests_Pluggable" file="/var/www/html/test/wordpress_test/inpsyde_test/test/wp-content/plugins/plugintestslughere/tests/unit/tests/pluggable.php" line="16" assertions="13" time="0.021860"/>
          <testcase name="test_pluggable_function_signatures_match with data set #54" class="Tests_Pluggable" classname="Tests_Pluggable" file="/var/www/html/test/wordpress_test/inpsyde_test/test/wp-content/plugins/plugintestslughere/tests/unit/tests/pluggable.php" line="16" assertions="13" time="0.020433"/>
          <testcase name="test_pluggable_function_signatures_match with data set #55" class="Tests_Pluggable" classname="Tests_Pluggable" file="/var/www/html/test/wordpress_test/inpsyde_test/test/wp-content/plugins/plugintestslughere/tests/unit/tests/pluggable.php" line="16" assertions="5" time="0.021933"/>
          <testcase name="test_pluggable_function_signatures_match with data set #56" class="Tests_Pluggable" classname="Tests_Pluggable" file="/var/www/html/test/wordpress_test/inpsyde_test/test/wp-content/plugins/plugintestslughere/tests/unit/tests/pluggable.php" line="16" assertions="5" time="0.021703"/>
          <testcase name="test_pluggable_function_signatures_match with data set #57" class="Tests_Pluggable" classname="Tests_Pluggable" file="/var/www/html/test/wordpress_test/inpsyde_test/test/wp-content/plugins/plugintestslughere/tests/unit/tests/pluggable.php" line="16" assertions="5" time="0.021882"/>
          <testcase name="test_pluggable_function_signatures_match with data set #58" class="Tests_Pluggable" classname="Tests_Pluggable" file="/var/www/html/test/wordpress_test/inpsyde_test/test/wp-content/plugins/plugintestslughere/tests/unit/tests/pluggable.php" line="16" assertions="3" time="0.020440"/>
        </testsuite>
        <testcase name="test_all_pluggable_functions_exist" class="Tests_Pluggable" classname="Tests_Pluggable" file="/var/www/html/test/wordpress_test/inpsyde_test/test/wp-content/plugins/plugintestslughere/tests/unit/tests/pluggable.php" line="57" assertions="118" time="0.024596"/>
      </testsuite>
      <testsuite name="Tests_POMO_MO" file="/var/www/html/test/wordpress_test/inpsyde_test/test/wp-content/plugins/plugintestslughere/tests/unit/tests/pomo/mo.php" tests="9" assertions="36" errors="0" failures="0" skipped="1" time="0.387897">
        <testcase name="test_mo_simple" class="Tests_POMO_MO" classname="Tests_POMO_MO" file="/var/www/html/test/wordpress_test/inpsyde_test/test/wp-content/plugins/plugintestslughere/tests/unit/tests/pomo/mo.php" line="8" assertions="4" time="0.044679"/>
        <testcase name="test_mo_plural" class="Tests_POMO_MO" classname="Tests_POMO_MO" file="/var/www/html/test/wordpress_test/inpsyde_test/test/wp-content/plugins/plugintestslughere/tests/unit/tests/pomo/mo.php" line="23" assertions="14" time="0.065875"/>
        <testcase name="test_mo_context" class="Tests_POMO_MO" classname="Tests_POMO_MO" file="/var/www/html/test/wordpress_test/inpsyde_test/test/wp-content/plugins/plugintestslughere/tests/unit/tests/pomo/mo.php" line="49" assertions="5" time="0.057187"/>
        <testcase name="test_translations_merge" class="Tests_POMO_MO" classname="Tests_POMO_MO" file="/var/www/html/test/wordpress_test/inpsyde_test/test/wp-content/plugins/plugintestslughere/tests/unit/tests/pomo/mo.php" line="76" assertions="2" time="0.036155"/>
        <testcase name="test_export_mo_file" class="Tests_POMO_MO" classname="Tests_POMO_MO" file="/var/www/html/test/wordpress_test/inpsyde_test/test/wp-content/plugins/plugintestslughere/tests/unit/tests/pomo/mo.php" line="88" assertions="6" time="0.038442"/>
        <testcase name="test_export_should_not_include_empty_translations" class="Tests_POMO_MO" classname="Tests_POMO_MO" file="/var/www/html/test/wordpress_test/inpsyde_test/test/wp-content/plugins/plugintestslughere/tests/unit/tests/pomo/mo.php" line="146" assertions="1" time="0.027244"/>
        <testcase name="test_nplurals_with_backslashn" class="Tests_POMO_MO" classname="Tests_POMO_MO" file="/var/www/html/test/wordpress_test/inpsyde_test/test/wp-content/plugins/plugintestslughere/tests/unit/tests/pomo/mo.php" line="165" assertions="3" time="0.046915"/>
        <testcase name="test_overloaded_mb_functions" class="Tests_POMO_MO" classname="Tests_POMO_MO" file="/var/www/html/test/wordpress_test/inpsyde_test/test/wp-content/plugins/plugintestslughere/tests/unit/tests/pomo/mo.php" line="180" assertions="0" time="0.039360">
          <skipped/>
        </testcase>
        <testcase name="test_load_pot_file" class="Tests_POMO_MO" classname="Tests_POMO_MO" file="/var/www/html/test/wordpress_test/inpsyde_test/test/wp-content/plugins/plugintestslughere/tests/unit/tests/pomo/mo.php" line="190" assertions="1" time="0.032040"/>
      </testsuite>
      <testsuite name="Tests_POMO_NOOPTranslations" file="/var/www/html/test/wordpress_test/inpsyde_test/test/wp-content/plugins/plugintestslughere/tests/unit/tests/pomo/noopTranslations.php" tests="6" assertions="8" errors="0" failures="0" skipped="0" time="0.209174">
        <testcase name="test_get_header" class="Tests_POMO_NOOPTranslations" classname="Tests_POMO_NOOPTranslations" file="/var/www/html/test/wordpress_test/inpsyde_test/test/wp-content/plugins/plugintestslughere/tests/unit/tests/pomo/noopTranslations.php" line="20" assertions="1" time="0.040907"/>
        <testcase name="test_add_entry" class="Tests_POMO_NOOPTranslations" classname="Tests_POMO_NOOPTranslations" file="/var/www/html/test/wordpress_test/inpsyde_test/test/wp-content/plugins/plugintestslughere/tests/unit/tests/pomo/noopTranslations.php" line="24" assertions="1" time="0.035964"/>
        <testcase name="test_set_header" class="Tests_POMO_NOOPTranslations" classname="Tests_POMO_NOOPTranslations" file="/var/www/html/test/wordpress_test/inpsyde_test/test/wp-content/plugins/plugintestslughere/tests/unit/tests/pomo/noopTranslations.php" line="29" assertions="1" time="0.031756"/>
        <testcase name="test_translate_entry" class="Tests_POMO_NOOPTranslations" classname="Tests_POMO_NOOPTranslations" file="/var/www/html/test/wordpress_test/inpsyde_test/test/wp-content/plugins/plugintestslughere/tests/unit/tests/pomo/noopTranslations.php" line="34" assertions="1" time="0.031258"/>
        <testcase name="test_translate" class="Tests_POMO_NOOPTranslations" classname="Tests_POMO_NOOPTranslations" file="/var/www/html/test/wordpress_test/inpsyde_test/test/wp-content/plugins/plugintestslughere/tests/unit/tests/pomo/noopTranslations.php" line="39" assertions="1" time="0.031478"/>
        <testcase name="test_plural" class="Tests_POMO_NOOPTranslations" classname="Tests_POMO_NOOPTranslations" file="/var/www/html/test/wordpress_test/inpsyde_test/test/wp-content/plugins/plugintestslughere/tests/unit/tests/pomo/noopTranslations.php" line="44" assertions="3" time="0.037811"/>
      </testsuite>
      <testsuite name="PluralFormsTest" file="/var/www/html/test/wordpress_test/inpsyde_test/test/wp-content/plugins/plugintestslughere/tests/unit/tests/pomo/pluralForms.php" tests="12" assertions="20" errors="0" failures="0" skipped="0" time="0.322278">
        <testsuite name="PluralFormsTest::test_simple" tests="4" assertions="4" errors="0" failures="0" skipped="0" time="0.140309">
          <testcase name="test_simple with data set #0" class="PluralFormsTest" classname="PluralFormsTest" file="/var/www/html/test/wordpress_test/inpsyde_test/test/wp-content/plugins/plugintestslughere/tests/unit/tests/pomo/pluralForms.php" line="149" assertions="1" time="0.041823"/>
          <testcase name="test_simple with data set #1" class="PluralFormsTest" classname="PluralFormsTest" file="/var/www/html/test/wordpress_test/inpsyde_test/test/wp-content/plugins/plugintestslughere/tests/unit/tests/pomo/pluralForms.php" line="149" assertions="1" time="0.037091"/>
          <testcase name="test_simple with data set #2" class="PluralFormsTest" classname="PluralFormsTest" file="/var/www/html/test/wordpress_test/inpsyde_test/test/wp-content/plugins/plugintestslughere/tests/unit/tests/pomo/pluralForms.php" line="149" assertions="1" time="0.032690"/>
          <testcase name="test_simple with data set #3" class="PluralFormsTest" classname="PluralFormsTest" file="/var/www/html/test/wordpress_test/inpsyde_test/test/wp-content/plugins/plugintestslughere/tests/unit/tests/pomo/pluralForms.php" line="149" assertions="1" time="0.028705"/>
        </testsuite>
        <testsuite name="PluralFormsTest::test_exceptions" tests="7" assertions="14" errors="0" failures="0" skipped="0" time="0.159339">
          <testcase name="test_exceptions with data set #0" class="PluralFormsTest" classname="PluralFormsTest" file="/var/www/html/test/wordpress_test/inpsyde_test/test/wp-content/plugins/plugintestslughere/tests/unit/tests/pomo/pluralForms.php" line="205" assertions="2" time="0.034217"/>
          <testcase name="test_exceptions with data set #1" class="PluralFormsTest" classname="PluralFormsTest" file="/var/www/html/test/wordpress_test/inpsyde_test/test/wp-content/plugins/plugintestslughere/tests/unit/tests/pomo/pluralForms.php" line="205" assertions="2" time="0.022288"/>
          <testcase name="test_exceptions with data set #2" class="PluralFormsTest" classname="PluralFormsTest" file="/var/www/html/test/wordpress_test/inpsyde_test/test/wp-content/plugins/plugintestslughere/tests/unit/tests/pomo/pluralForms.php" line="205" assertions="2" time="0.020861"/>
          <testcase name="test_exceptions with data set #3" class="PluralFormsTest" classname="PluralFormsTest" file="/var/www/html/test/wordpress_test/inpsyde_test/test/wp-content/plugins/plugintestslughere/tests/unit/tests/pomo/pluralForms.php" line="205" assertions="2" time="0.021156"/>
          <testcase name="test_exceptions with data set #4" class="PluralFormsTest" classname="PluralFormsTest" file="/var/www/html/test/wordpress_test/inpsyde_test/test/wp-content/plugins/plugintestslughere/tests/unit/tests/pomo/pluralForms.php" line="205" assertions="2" time="0.020208"/>
          <testcase name="test_exceptions with data set #5" class="PluralFormsTest" classname="PluralFormsTest" file="/var/www/html/test/wordpress_test/inpsyde_test/test/wp-content/plugins/plugintestslughere/tests/unit/tests/pomo/pluralForms.php" line="205" assertions="2" time="0.019880"/>
          <testcase name="test_exceptions with data set #6" class="PluralFormsTest" classname="PluralFormsTest" file="/var/www/html/test/wordpress_test/inpsyde_test/test/wp-content/plugins/plugintestslughere/tests/unit/tests/pomo/pluralForms.php" line="205" assertions="2" time="0.020729"/>
        </testsuite>
        <testcase name="test_cache" class="PluralFormsTest" classname="PluralFormsTest" file="/var/www/html/test/wordpress_test/inpsyde_test/test/wp-content/plugins/plugintestslughere/tests/unit/tests/pomo/pluralForms.php" line="218" assertions="2" time="0.022630"/>
      </testsuite>
      <testsuite name="Tests_POMO_PO" file="/var/www/html/test/wordpress_test/inpsyde_test/test/wp-content/plugins/plugintestslughere/tests/unit/tests/pomo/po.php" tests="11" assertions="43" errors="0" failures="0" skipped="0" time="0.305017">
        <testcase name="test_prepend_each_line" class="Tests_POMO_PO" classname="Tests_POMO_PO" file="/var/www/html/test/wordpress_test/inpsyde_test/test/wp-content/plugins/plugintestslughere/tests/unit/tests/pomo/po.php" line="44" assertions="3" time="0.044640"/>
        <testcase name="test_poify" class="Tests_POMO_PO" classname="Tests_POMO_PO" file="/var/www/html/test/wordpress_test/inpsyde_test/test/wp-content/plugins/plugintestslughere/tests/unit/tests/pomo/po.php" line="51" assertions="7" time="0.032021"/>
        <testcase name="test_unpoify" class="Tests_POMO_PO" classname="Tests_POMO_PO" file="/var/www/html/test/wordpress_test/inpsyde_test/test/wp-content/plugins/plugintestslughere/tests/unit/tests/pomo/po.php" line="70" assertions="6" time="0.028532"/>
        <testcase name="test_export_entry" class="Tests_POMO_PO" classname="Tests_POMO_PO" file="/var/www/html/test/wordpress_test/inpsyde_test/test/wp-content/plugins/plugintestslughere/tests/unit/tests/pomo/po.php" line="81" assertions="10" time="0.025804"/>
        <testcase name="test_export_entries" class="Tests_POMO_PO" classname="Tests_POMO_PO" file="/var/www/html/test/wordpress_test/inpsyde_test/test/wp-content/plugins/plugintestslughere/tests/unit/tests/pomo/po.php" line="206" assertions="1" time="0.024103"/>
        <testcase name="test_export_headers" class="Tests_POMO_PO" classname="Tests_POMO_PO" file="/var/www/html/test/wordpress_test/inpsyde_test/test/wp-content/plugins/plugintestslughere/tests/unit/tests/pomo/po.php" line="215" assertions="1" time="0.022548"/>
        <testcase name="test_export" class="Tests_POMO_PO" classname="Tests_POMO_PO" file="/var/www/html/test/wordpress_test/inpsyde_test/test/wp-content/plugins/plugintestslughere/tests/unit/tests/pomo/po.php" line="222" assertions="2" time="0.022126"/>
        <testcase name="test_export_to_file" class="Tests_POMO_PO" classname="Tests_POMO_PO" file="/var/www/html/test/wordpress_test/inpsyde_test/test/wp-content/plugins/plugintestslughere/tests/unit/tests/pomo/po.php" line="235" assertions="2" time="0.022705"/>
        <testcase name="test_import_from_file" class="Tests_POMO_PO" classname="Tests_POMO_PO" file="/var/www/html/test/wordpress_test/inpsyde_test/test/wp-content/plugins/plugintestslughere/tests/unit/tests/pomo/po.php" line="253" assertions="8" time="0.030709"/>
        <testcase name="test_import_from_entry_file_should_give_false" class="Tests_POMO_PO" classname="Tests_POMO_PO" file="/var/www/html/test/wordpress_test/inpsyde_test/test/wp-content/plugins/plugintestslughere/tests/unit/tests/pomo/po.php" line="312" assertions="1" time="0.020885"/>
        <testcase name="test_import_from_file_with_windows_line_endings_should_work_as_with_unix_line_endings" class="Tests_POMO_PO" classname="Tests_POMO_PO" file="/var/www/html/test/wordpress_test/inpsyde_test/test/wp-content/plugins/plugintestslughere/tests/unit/tests/pomo/po.php" line="317" assertions="2" time="0.030943"/>
      </testsuite>
      <testsuite name="Tests_POMO_TranslationEntry" file="/var/www/html/test/wordpress_test/inpsyde_test/test/wp-content/plugins/plugintestslughere/tests/unit/tests/pomo/translationEntry.php" tests="2" assertions="13" errors="0" failures="0" skipped="0" time="0.042508">
        <testcase name="test_create_entry" class="Tests_POMO_TranslationEntry" classname="Tests_POMO_TranslationEntry" file="/var/www/html/test/wordpress_test/inpsyde_test/test/wp-content/plugins/plugintestslughere/tests/unit/tests/pomo/translationEntry.php" line="8" assertions="9" time="0.021310"/>
        <testcase name="test_key" class="Tests_POMO_TranslationEntry" classname="Tests_POMO_TranslationEntry" file="/var/www/html/test/wordpress_test/inpsyde_test/test/wp-content/plugins/plugintestslughere/tests/unit/tests/pomo/translationEntry.php" line="32" assertions="4" time="0.021198"/>
      </testsuite>
      <testsuite name="Tests_POMO_Translations" file="/var/www/html/test/wordpress_test/inpsyde_test/test/wp-content/plugins/plugintestslughere/tests/unit/tests/pomo/translations.php" tests="4" assertions="22" errors="0" failures="0" skipped="0" time="0.086428">
        <testcase name="test_add_entry" class="Tests_POMO_Translations" classname="Tests_POMO_Translations" file="/var/www/html/test/wordpress_test/inpsyde_test/test/wp-content/plugins/plugintestslughere/tests/unit/tests/pomo/translations.php" line="8" assertions="6" time="0.022246"/>
        <testcase name="test_translate" class="Tests_POMO_Translations" classname="Tests_POMO_Translations" file="/var/www/html/test/wordpress_test/inpsyde_test/test/wp-content/plugins/plugintestslughere/tests/unit/tests/pomo/translations.php" line="45" assertions="4" time="0.020875"/>
        <testcase name="test_translate_plural" class="Tests_POMO_Translations" classname="Tests_POMO_Translations" file="/var/www/html/test/wordpress_test/inpsyde_test/test/wp-content/plugins/plugintestslughere/tests/unit/tests/pomo/translations.php" line="68" assertions="10" time="0.022093"/>
        <testcase name="test_digit_and_merge" class="Tests_POMO_Translations" classname="Tests_POMO_Translations" file="/var/www/html/test/wordpress_test/inpsyde_test/test/wp-content/plugins/plugintestslughere/tests/unit/tests/pomo/translations.php" line="108" assertions="2" time="0.021214"/>
      </testsuite>
      <testsuite name="Tests_Post" file="/var/www/html/test/wordpress_test/inpsyde_test/test/wp-content/plugins/plugintestslughere/tests/unit/tests/post.php" tests="53" assertions="239" errors="0" failures="0" skipped="1" time="8.154478">
        <testcase name="test_vb_insert_get_delete" class="Tests_Post" classname="Tests_Post" file="/var/www/html/test/wordpress_test/inpsyde_test/test/wp-content/plugins/plugintestslughere/tests/unit/tests/post.php" line="62" assertions="29" time="0.353195"/>
        <testcase name="test_vb_insert_future" class="Tests_Post" classname="Tests_Post" file="/var/www/html/test/wordpress_test/inpsyde_test/test/wp-content/plugins/plugintestslughere/tests/unit/tests/post.php" line="123" assertions="8" time="0.130661"/>
        <testcase name="test_vb_insert_future_over_dst" class="Tests_Post" classname="Tests_Post" file="/var/www/html/test/wordpress_test/inpsyde_test/test/wp-content/plugins/plugintestslughere/tests/unit/tests/post.php" line="157" assertions="6" time="0.164331"/>
        <testcase name="test_vb_insert_future_edit_bug" class="Tests_Post" classname="Tests_Post" file="/var/www/html/test/wordpress_test/inpsyde_test/test/wp-content/plugins/plugintestslughere/tests/unit/tests/post.php" line="203" assertions="6" time="0.180280"/>
        <testcase name="test_vb_insert_future_draft" class="Tests_Post" classname="Tests_Post" file="/var/www/html/test/wordpress_test/inpsyde_test/test/wp-content/plugins/plugintestslughere/tests/unit/tests/post.php" line="246" assertions="8" time="0.150272"/>
        <testcase name="test_vb_insert_future_change_to_draft" class="Tests_Post" classname="Tests_Post" file="/var/www/html/test/wordpress_test/inpsyde_test/test/wp-content/plugins/plugintestslughere/tests/unit/tests/post.php" line="281" assertions="6" time="0.164739"/>
        <testcase name="test_vb_insert_future_change_status" class="Tests_Post" classname="Tests_Post" file="/var/www/html/test/wordpress_test/inpsyde_test/test/wp-content/plugins/plugintestslughere/tests/unit/tests/post.php" line="322" assertions="36" time="0.549961"/>
        <testcase name="test_vb_insert_future_private" class="Tests_Post" classname="Tests_Post" file="/var/www/html/test/wordpress_test/inpsyde_test/test/wp-content/plugins/plugintestslughere/tests/unit/tests/post.php" line="367" assertions="8" time="0.120404"/>
        <testcase name="test_vb_insert_invalid_date" class="Tests_Post" classname="Tests_Post" file="/var/www/html/test/wordpress_test/inpsyde_test/test/wp-content/plugins/plugintestslughere/tests/unit/tests/post.php" line="403" assertions="3" time="0.086206"/>
        <testcase name="test_vb_insert_future_change_to_private" class="Tests_Post" classname="Tests_Post" file="/var/www/html/test/wordpress_test/inpsyde_test/test/wp-content/plugins/plugintestslughere/tests/unit/tests/post.php" line="424" assertions="6" time="0.199912"/>
        <testcase name="test_wp_insert_post_should_not_allow_a_bare_numeric_slug_that_might_conflict_with_a_date_archive_when_generating_from_an_empty_post_title" class="Tests_Post" classname="Tests_Post" file="/var/www/html/test/wordpress_test/inpsyde_test/test/wp-content/plugins/plugintestslughere/tests/unit/tests/post.php" line="465" assertions="1" time="0.141752"/>
        <testcase name="test_wp_insert_post_should_invalidate_post_cache_before_generating_guid_when_post_name_is_empty_and_is_generated_from_the_post_ID" class="Tests_Post" classname="Tests_Post" file="/var/www/html/test/wordpress_test/inpsyde_test/test/wp-content/plugins/plugintestslughere/tests/unit/tests/post.php" line="488" assertions="1" time="0.098525"/>
        <testcase name="test_wp_insert_post_with_meta_input" class="Tests_Post" classname="Tests_Post" file="/var/www/html/test/wordpress_test/inpsyde_test/test/wp-content/plugins/plugintestslughere/tests/unit/tests/post.php" line="507" assertions="2" time="0.187364"/>
        <testcase name="test_delete_future_post_cron" class="Tests_Post" classname="Tests_Post" file="/var/www/html/test/wordpress_test/inpsyde_test/test/wp-content/plugins/plugintestslughere/tests/unit/tests/post.php" line="530" assertions="2" time="0.186730"/>
        <testcase name="test_permalink_without_title" class="Tests_Post" classname="Tests_Post" file="/var/www/html/test/wordpress_test/inpsyde_test/test/wp-content/plugins/plugintestslughere/tests/unit/tests/post.php" line="561" assertions="1" time="0.097253"/>
        <testcase name="test_wp_publish_post" class="Tests_Post" classname="Tests_Post" file="/var/www/html/test/wordpress_test/inpsyde_test/test/wp-content/plugins/plugintestslughere/tests/unit/tests/post.php" line="582" assertions="2" time="0.110368"/>
        <testcase name="test_wp_insert_post_and_wp_publish_post_with_future_date" class="Tests_Post" classname="Tests_Post" file="/var/www/html/test/wordpress_test/inpsyde_test/test/wp-content/plugins/plugintestslughere/tests/unit/tests/post.php" line="597" assertions="4" time="0.132229"/>
        <testcase name="test_wp_insert_post_should_default_to_publish_if_post_date_is_within_59_seconds_from_current_time" class="Tests_Post" classname="Tests_Post" file="/var/www/html/test/wordpress_test/inpsyde_test/test/wp-content/plugins/plugintestslughere/tests/unit/tests/post.php" line="620" assertions="2" time="0.119836"/>
        <testcase name="test_publish_post_with_content_filtering" class="Tests_Post" classname="Tests_Post" file="/var/www/html/test/wordpress_test/inpsyde_test/test/wp-content/plugins/plugintestslughere/tests/unit/tests/post.php" line="636" assertions="3" time="0.122570"/>
        <testcase name="test_wp_publish_post_and_avoid_content_filtering" class="Tests_Post" classname="Tests_Post" file="/var/www/html/test/wordpress_test/inpsyde_test/test/wp-content/plugins/plugintestslughere/tests/unit/tests/post.php" line="661" assertions="3" time="0.110081"/>
        <testcase name="test_get_post_ancestors_within_loop" class="Tests_Post" classname="Tests_Post" file="/var/www/html/test/wordpress_test/inpsyde_test/test/wp-content/plugins/plugintestslughere/tests/unit/tests/post.php" line="681" assertions="1" time="0.142444"/>
        <testcase name="test_update_invalid_post_id" class="Tests_Post" classname="Tests_Post" file="/var/www/html/test/wordpress_test/inpsyde_test/test/wp-content/plugins/plugintestslughere/tests/unit/tests/post.php" line="691" assertions="4" time="0.131375"/>
        <testcase name="test_parse_post_content_single_page" class="Tests_Post" classname="Tests_Post" file="/var/www/html/test/wordpress_test/inpsyde_test/test/wp-content/plugins/plugintestslughere/tests/unit/tests/post.php" line="705" assertions="4" time="0.131410"/>
        <testcase name="test_parse_post_content_multi_page" class="Tests_Post" classname="Tests_Post" file="/var/www/html/test/wordpress_test/inpsyde_test/test/wp-content/plugins/plugintestslughere/tests/unit/tests/post.php" line="716" assertions="4" time="0.164651"/>
        <testcase name="test_parse_post_content_remaining_single_page" class="Tests_Post" classname="Tests_Post" file="/var/www/html/test/wordpress_test/inpsyde_test/test/wp-content/plugins/plugintestslughere/tests/unit/tests/post.php" line="727" assertions="4" time="0.131547"/>
        <testcase name="test_parse_post_content_remaining_multi_page" class="Tests_Post" classname="Tests_Post" file="/var/www/html/test/wordpress_test/inpsyde_test/test/wp-content/plugins/plugintestslughere/tests/unit/tests/post.php" line="738" assertions="4" time="0.120270"/>
        <testcase name="test_parse_post_content_starting_with_nextpage" class="Tests_Post" classname="Tests_Post" file="/var/www/html/test/wordpress_test/inpsyde_test/test/wp-content/plugins/plugintestslughere/tests/unit/tests/post.php" line="752" assertions="4" time="0.131447"/>
        <testcase name="test_parse_post_content_starting_with_nextpage_multi" class="Tests_Post" classname="Tests_Post" file="/var/www/html/test/wordpress_test/inpsyde_test/test/wp-content/plugins/plugintestslughere/tests/unit/tests/post.php" line="766" assertions="4" time="0.119665"/>
        <testcase name="test_insert_programmatic_sanitized" class="Tests_Post" classname="Tests_Post" file="/var/www/html/test/wordpress_test/inpsyde_test/test/wp-content/plugins/plugintestslughere/tests/unit/tests/post.php" line="780" assertions="3" time="0.109214"/>
        <testcase name="test_wp_count_posts" class="Tests_Post" classname="Tests_Post" file="/var/www/html/test/wordpress_test/inpsyde_test/test/wp-content/plugins/plugintestslughere/tests/unit/tests/post.php" line="806" assertions="2" time="0.088321"/>
        <testcase name="test_wp_count_posts_filtered" class="Tests_Post" classname="Tests_Post" file="/var/www/html/test/wordpress_test/inpsyde_test/test/wp-content/plugins/plugintestslughere/tests/unit/tests/post.php" line="821" assertions="2" time="0.110270"/>
        <testcase name="test_wp_count_posts_insert_invalidation" class="Tests_Post" classname="Tests_Post" file="/var/www/html/test/wordpress_test/inpsyde_test/test/wp-content/plugins/plugintestslughere/tests/unit/tests/post.php" line="846" assertions="5" time="0.296086"/>
        <testcase name="test_wp_count_posts_trash_invalidation" class="Tests_Post" classname="Tests_Post" file="/var/www/html/test/wordpress_test/inpsyde_test/test/wp-content/plugins/plugintestslughere/tests/unit/tests/post.php" line="864" assertions="5" time="0.154201"/>
        <testcase name="test_wp_count_posts_status_changes_visible" class="Tests_Post" classname="Tests_Post" file="/var/www/html/test/wordpress_test/inpsyde_test/test/wp-content/plugins/plugintestslughere/tests/unit/tests/post.php" line="885" assertions="2" time="0.164320"/>
        <testcase name="test_wp_tag_cloud_link_with_post_type" class="Tests_Post" classname="Tests_Post" file="/var/www/html/test/wordpress_test/inpsyde_test/test/wp-content/plugins/plugintestslughere/tests/unit/tests/post.php" line="901" assertions="3" time="0.110511"/>
        <testcase name="test_utf8mb3_post_saves_with_emoji" class="Tests_Post" classname="Tests_Post" file="/var/www/html/test/wordpress_test/inpsyde_test/test/wp-content/plugins/plugintestslughere/tests/unit/tests/post.php" line="934" assertions="0" time="0.087047">
          <skipped/>
        </testcase>
        <testcase name="test_wp_insert_post_default_comment_ping_status_open" class="Tests_Post" classname="Tests_Post" file="/var/www/html/test/wordpress_test/inpsyde_test/test/wp-content/plugins/plugintestslughere/tests/unit/tests/post.php" line="970" assertions="2" time="0.131837"/>
        <testcase name="test_wp_insert_post_page_default_comment_ping_status_closed" class="Tests_Post" classname="Tests_Post" file="/var/www/html/test/wordpress_test/inpsyde_test/test/wp-content/plugins/plugintestslughere/tests/unit/tests/post.php" line="988" assertions="2" time="0.109418"/>
        <testcase name="test_wp_insert_post_cpt_default_comment_ping_status_open" class="Tests_Post" classname="Tests_Post" file="/var/www/html/test/wordpress_test/inpsyde_test/test/wp-content/plugins/plugintestslughere/tests/unit/tests/post.php" line="1007" assertions="2" time="0.131673"/>
        <testcase name="test_wp_insert_post_cpt_default_comment_ping_status_closed" class="Tests_Post" classname="Tests_Post" file="/var/www/html/test/wordpress_test/inpsyde_test/test/wp-content/plugins/plugintestslughere/tests/unit/tests/post.php" line="1029" assertions="2" time="0.109355"/>
        <testcase name="test_user_without_publish_cannot_affect_sticky" class="Tests_Post" classname="Tests_Post" file="/var/www/html/test/wordpress_test/inpsyde_test/test/wp-content/plugins/plugintestslughere/tests/unit/tests/post.php" line="1054" assertions="7" time="0.175506"/>
        <testcase name="test_user_without_publish_cannot_affect_sticky_with_edit_post" class="Tests_Post" classname="Tests_Post" file="/var/www/html/test/wordpress_test/inpsyde_test/test/wp-content/plugins/plugintestslughere/tests/unit/tests/post.php" line="1092" assertions="7" time="0.197308"/>
        <testcase name="test_hooks_fire_when_post_gets_stuck_and_unstuck" class="Tests_Post" classname="Tests_Post" file="/var/www/html/test/wordpress_test/inpsyde_test/test/wp-content/plugins/plugintestslughere/tests/unit/tests/post.php" line="1132" assertions="5" time="0.131679"/>
        <testcase name="test_post_updates_without_slug_provided" class="Tests_Post" classname="Tests_Post" file="/var/www/html/test/wordpress_test/inpsyde_test/test/wp-content/plugins/plugintestslughere/tests/unit/tests/post.php" line="1160" assertions="1" time="0.186137"/>
        <testcase name="test_wp_insert_post_author_zero" class="Tests_Post" classname="Tests_Post" file="/var/www/html/test/wordpress_test/inpsyde_test/test/wp-content/plugins/plugintestslughere/tests/unit/tests/post.php" line="1183" assertions="1" time="0.098162"/>
        <testcase name="test_wp_insert_post_author_null" class="Tests_Post" classname="Tests_Post" file="/var/www/html/test/wordpress_test/inpsyde_test/test/wp-content/plugins/plugintestslughere/tests/unit/tests/post.php" line="1192" assertions="1" time="0.154339"/>
        <testcase name="test_wp_insert_post_should_respect_post_date_gmt" class="Tests_Post" classname="Tests_Post" file="/var/www/html/test/wordpress_test/inpsyde_test/test/wp-content/plugins/plugintestslughere/tests/unit/tests/post.php" line="1201" assertions="5" time="0.131515"/>
        <testcase name="test_wp_delete_post_reassign_hierarchical_post_type" class="Tests_Post" classname="Tests_Post" file="/var/www/html/test/wordpress_test/inpsyde_test/test/wp-content/plugins/plugintestslughere/tests/unit/tests/post.php" line="1222" assertions="3" time="0.175385"/>
        <testcase name="test_wp_insert_post_for_customize_changeset_should_not_drop_post_name" class="Tests_Post" classname="Tests_Post" file="/var/www/html/test/wordpress_test/inpsyde_test/test/wp-content/plugins/plugintestslughere/tests/unit/tests/post.php" line="1249" assertions="7" time="0.241481"/>
        <testcase name="test_pre_wp_unique_post_slug_filter" class="Tests_Post" classname="Tests_Post" file="/var/www/html/test/wordpress_test/inpsyde_test/test/wp-content/plugins/plugintestslughere/tests/unit/tests/post.php" line="1302" assertions="1" time="0.098739"/>
        <testcase name="test_insert_post_should_respect_date_floating_post_status_arg" class="Tests_Post" classname="Tests_Post" file="/var/www/html/test/wordpress_test/inpsyde_test/test/wp-content/plugins/plugintestslughere/tests/unit/tests/post.php" line="1325" assertions="1" time="0.120433"/>
        <testcase name="test_insert_post_should_respect_date_floating_post_status_arg_not_set" class="Tests_Post" classname="Tests_Post" file="/var/www/html/test/wordpress_test/inpsyde_test/test/wp-content/plugins/plugintestslughere/tests/unit/tests/post.php" line="1343" assertions="1" time="0.143008"/>
        <testcase name="test_update_post_should_only_modify_post_tags_if_different_tags_input_was_provided" class="Tests_Post" classname="Tests_Post" file="/var/www/html/test/wordpress_test/inpsyde_test/test/wp-content/plugins/plugintestslughere/tests/unit/tests/post.php" line="1367" assertions="3" time="0.219054"/>
      </testsuite>
      <testsuite name="Tests_Post_Attachments" file="/var/www/html/test/wordpress_test/inpsyde_test/test/wp-content/plugins/plugintestslughere/tests/unit/tests/post/attachments.php" tests="19" assertions="45" errors="0" failures="0" skipped="3" time="1.596755">
        <testcase name="test_insert_bogus_image" class="Tests_Post_Attachments" classname="Tests_Post_Attachments" file="/var/www/html/test/wordpress_test/inpsyde_test/test/wp-content/plugins/plugintestslughere/tests/unit/tests/post/attachments.php" line="16" assertions="1" time="0.023089"/>
        <testcase name="test_insert_image_no_thumb" class="Tests_Post_Attachments" classname="Tests_Post_Attachments" file="/var/www/html/test/wordpress_test/inpsyde_test/test/wp-content/plugins/plugintestslughere/tests/unit/tests/post/attachments.php" line="24" assertions="13" time="0.091251"/>
        <testcase name="test_insert_image_thumb_only" class="Tests_Post_Attachments" classname="Tests_Post_Attachments" file="/var/www/html/test/wordpress_test/inpsyde_test/test/wp-content/plugins/plugintestslughere/tests/unit/tests/post/attachments.php" line="60" assertions="0" time="0.000409">
          <skipped/>
        </testcase>
        <testcase name="test_insert_image_medium_sizes" class="Tests_Post_Attachments" classname="Tests_Post_Attachments" file="/var/www/html/test/wordpress_test/inpsyde_test/test/wp-content/plugins/plugintestslughere/tests/unit/tests/post/attachments.php" line="111" assertions="0" time="0.000391">
          <skipped/>
        </testcase>
        <testcase name="test_insert_image_delete" class="Tests_Post_Attachments" classname="Tests_Post_Attachments" file="/var/www/html/test/wordpress_test/inpsyde_test/test/wp-content/plugins/plugintestslughere/tests/unit/tests/post/attachments.php" line="168" assertions="0" time="0.000322">
          <skipped/>
        </testcase>
        <testcase name="test_insert_image_without_guid" class="Tests_Post_Attachments" classname="Tests_Post_Attachments" file="/var/www/html/test/wordpress_test/inpsyde_test/test/wp-content/plugins/plugintestslughere/tests/unit/tests/post/attachments.php" line="216" assertions="2" time="0.162808"/>
        <testcase name="test_update_attachment_fields" class="Tests_Post_Attachments" classname="Tests_Post_Attachments" file="/var/www/html/test/wordpress_test/inpsyde_test/test/wp-content/plugins/plugintestslughere/tests/unit/tests/post/attachments.php" line="234" assertions="2" time="0.132532"/>
        <testcase name="test_update_orphan_attachment_parent" class="Tests_Post_Attachments" classname="Tests_Post_Attachments" file="/var/www/html/test/wordpress_test/inpsyde_test/test/wp-content/plugins/plugintestslughere/tests/unit/tests/post/attachments.php" line="260" assertions="3" time="0.164591"/>
        <testcase name="test_wp_get_attachment_url_should_not_force_https_when_current_page_is_non_ssl_and_siteurl_is_non_ssl" class="Tests_Post_Attachments" classname="Tests_Post_Attachments" file="/var/www/html/test/wordpress_test/inpsyde_test/test/wp-content/plugins/plugintestslughere/tests/unit/tests/post/attachments.php" line="289" assertions="2" time="0.145105"/>
        <testcase name="test_wp_get_attachment_url_should_not_force_https_when_current_page_is_non_ssl_and_siteurl_is_ssl" class="Tests_Post_Attachments" classname="Tests_Post_Attachments" file="/var/www/html/test/wordpress_test/inpsyde_test/test/wp-content/plugins/plugintestslughere/tests/unit/tests/post/attachments.php" line="314" assertions="2" time="0.120606"/>
        <testcase name="test_wp_get_attachment_url_should_force_https_with_https_on_same_host_when_siteurl_is_non_ssl_but_ssl_is_available" class="Tests_Post_Attachments" classname="Tests_Post_Attachments" file="/var/www/html/test/wordpress_test/inpsyde_test/test/wp-content/plugins/plugintestslughere/tests/unit/tests/post/attachments.php" line="339" assertions="2" time="0.109375"/>
        <testcase name="test_wp_get_attachment_url_with_https_on_same_host_when_siteurl_is_https" class="Tests_Post_Attachments" classname="Tests_Post_Attachments" file="/var/www/html/test/wordpress_test/inpsyde_test/test/wp-content/plugins/plugintestslughere/tests/unit/tests/post/attachments.php" line="367" assertions="2" time="0.098568"/>
        <testcase name="test_wp_get_attachment_url_should_not_force_https_when_administering_over_https_but_siteurl_is_not_https" class="Tests_Post_Attachments" classname="Tests_Post_Attachments" file="/var/www/html/test/wordpress_test/inpsyde_test/test/wp-content/plugins/plugintestslughere/tests/unit/tests/post/attachments.php" line="395" assertions="2" time="0.088414"/>
        <testcase name="test_wp_get_attachment_url_should_force_https_when_administering_over_https_and_siteurl_is_https" class="Tests_Post_Attachments" classname="Tests_Post_Attachments" file="/var/www/html/test/wordpress_test/inpsyde_test/test/wp-content/plugins/plugintestslughere/tests/unit/tests/post/attachments.php" line="422" assertions="2" time="0.099218"/>
        <testcase name="test_wp_attachment_is" class="Tests_Post_Attachments" classname="Tests_Post_Attachments" file="/var/www/html/test/wordpress_test/inpsyde_test/test/wp-content/plugins/plugintestslughere/tests/unit/tests/post/attachments.php" line="447" assertions="4" time="0.120733"/>
        <testcase name="test_wp_attachment_is_default" class="Tests_Post_Attachments" classname="Tests_Post_Attachments" file="/var/www/html/test/wordpress_test/inpsyde_test/test/wp-content/plugins/plugintestslughere/tests/unit/tests/post/attachments.php" line="460" assertions="4" time="0.120653"/>
        <testcase name="test_upload_mimes_filter_is_applied" class="Tests_Post_Attachments" classname="Tests_Post_Attachments" file="/var/www/html/test/wordpress_test/inpsyde_test/test/wp-content/plugins/plugintestslughere/tests/unit/tests/post/attachments.php" line="482" assertions="2" time="0.049418"/>
        <testcase name="test_wp_mime_type_icon" class="Tests_Post_Attachments" classname="Tests_Post_Attachments" file="/var/www/html/test/wordpress_test/inpsyde_test/test/wp-content/plugins/plugintestslughere/tests/unit/tests/post/attachments.php" line="512" assertions="1" time="0.037218"/>
        <testcase name="test_wp_mime_type_icon_video" class="Tests_Post_Attachments" classname="Tests_Post_Attachments" file="/var/www/html/test/wordpress_test/inpsyde_test/test/wp-content/plugins/plugintestslughere/tests/unit/tests/post/attachments.php" line="521" assertions="1" time="0.032054"/>
      </testsuite>
      <testsuite name="Tests_Post_BodyClass" file="/var/www/html/test/wordpress_test/inpsyde_test/test/wp-content/plugins/plugintestslughere/tests/unit/tests/post/bodyClass.php" tests="2" assertions="2" errors="0" failures="0" skipped="0" time="0.204359">
        <testcase name="test_body_class" class="Tests_Post_BodyClass" classname="Tests_Post_BodyClass" file="/var/www/html/test/wordpress_test/inpsyde_test/test/wp-content/plugins/plugintestslughere/tests/unit/tests/post/bodyClass.php" line="15" assertions="1" time="0.094832"/>
        <testcase name="test_body_class_extra_esc_attr" class="Tests_Post_BodyClass" classname="Tests_Post_BodyClass" file="/var/www/html/test/wordpress_test/inpsyde_test/test/wp-content/plugins/plugintestslughere/tests/unit/tests/post/bodyClass.php" line="21" assertions="1" time="0.109527"/>
      </testsuite>
      <testsuite name="Tests_Post_Filtering" file="/var/www/html/test/wordpress_test/inpsyde_test/test/wp-content/plugins/plugintestslughere/tests/unit/tests/post/filtering.php" tests="5" assertions="5" errors="0" failures="0" skipped="0" time="0.521081">
        <testcase name="test_post_content_unknown_tag" class="Tests_Post_Filtering" classname="Tests_Post_Filtering" file="/var/www/html/test/wordpress_test/inpsyde_test/test/wp-content/plugins/plugintestslughere/tests/unit/tests/post/filtering.php" line="26" assertions="1" time="0.094461"/>
        <testcase name="test_post_content_unbalanced_tag" class="Tests_Post_Filtering" classname="Tests_Post_Filtering" file="/var/www/html/test/wordpress_test/inpsyde_test/test/wp-content/plugins/plugintestslughere/tests/unit/tests/post/filtering.php" line="43" assertions="1" time="0.109365"/>
        <testcase name="test_post_content_disallowed_attr" class="Tests_Post_Filtering" classname="Tests_Post_Filtering" file="/var/www/html/test/wordpress_test/inpsyde_test/test/wp-content/plugins/plugintestslughere/tests/unit/tests/post/filtering.php" line="60" assertions="1" time="0.098546"/>
        <testcase name="test_post_content_xhtml_empty_elem" class="Tests_Post_Filtering" classname="Tests_Post_Filtering" file="/var/www/html/test/wordpress_test/inpsyde_test/test/wp-content/plugins/plugintestslughere/tests/unit/tests/post/filtering.php" line="81" assertions="1" time="0.119695"/>
        <testcase name="test_post_content_nobalance_nextpage_more" class="Tests_Post_Filtering" classname="Tests_Post_Filtering" file="/var/www/html/test/wordpress_test/inpsyde_test/test/wp-content/plugins/plugintestslughere/tests/unit/tests/post/filtering.php" line="97" assertions="1" time="0.099014"/>
      </testsuite>
      <testsuite name="Tests_Post_Formats" file="/var/www/html/test/wordpress_test/inpsyde_test/test/wp-content/plugins/plugintestslughere/tests/unit/tests/post/formats.php" tests="4" assertions="47" errors="0" failures="0" skipped="0" time="0.748185">
        <testcase name="test_set_get_post_format_for_post" class="Tests_Post_Formats" classname="Tests_Post_Formats" file="/var/www/html/test/wordpress_test/inpsyde_test/test/wp-content/plugins/plugintestslughere/tests/unit/tests/post/formats.php" line="11" assertions="11" time="0.156112"/>
        <testcase name="test_set_get_post_format_for_page" class="Tests_Post_Formats" classname="Tests_Post_Formats" file="/var/www/html/test/wordpress_test/inpsyde_test/test/wp-content/plugins/plugintestslughere/tests/unit/tests/post/formats.php" line="39" assertions="12" time="0.131626"/>
        <testcase name="test_has_format" class="Tests_Post_Formats" classname="Tests_Post_Formats" file="/var/www/html/test/wordpress_test/inpsyde_test/test/wp-content/plugins/plugintestslughere/tests/unit/tests/post/formats.php" line="71" assertions="12" time="0.163584"/>
        <testcase name="test_get_url_in_content" class="Tests_Post_Formats" classname="Tests_Post_Formats" file="/var/www/html/test/wordpress_test/inpsyde_test/test/wp-content/plugins/plugintestslughere/tests/unit/tests/post/formats.php" line="100" assertions="12" time="0.296863"/>
      </testsuite>
      <testsuite name="Tests_Post_GetBodyClass" file="/var/www/html/test/wordpress_test/inpsyde_test/test/wp-content/plugins/plugintestslughere/tests/unit/tests/post/getBodyClass.php" tests="12" assertions="37" errors="0" failures="0" skipped="0" time="1.864223">
        <testcase name="test_with_utf8_category_slugs" class="Tests_Post_GetBodyClass" classname="Tests_Post_GetBodyClass" file="/var/www/html/test/wordpress_test/inpsyde_test/test/wp-content/plugins/plugintestslughere/tests/unit/tests/post/getBodyClass.php" line="18" assertions="3" time="0.205332"/>
        <testcase name="test_with_utf8_tag_slugs" class="Tests_Post_GetBodyClass" classname="Tests_Post_GetBodyClass" file="/var/www/html/test/wordpress_test/inpsyde_test/test/wp-content/plugins/plugintestslughere/tests/unit/tests/post/getBodyClass.php" line="37" assertions="3" time="0.253168"/>
        <testcase name="test_with_utf8_term_slugs" class="Tests_Post_GetBodyClass" classname="Tests_Post_GetBodyClass" file="/var/www/html/test/wordpress_test/inpsyde_test/test/wp-content/plugins/plugintestslughere/tests/unit/tests/post/getBodyClass.php" line="60" assertions="3" time="0.208566"/>
        <testcase name="test_singular_body_classes" class="Tests_Post_GetBodyClass" classname="Tests_Post_GetBodyClass" file="/var/www/html/test/wordpress_test/inpsyde_test/test/wp-content/plugins/plugintestslughere/tests/unit/tests/post/getBodyClass.php" line="100" assertions="3" time="0.143149"/>
        <testcase name="test_page_template_body_classes_no_template" class="Tests_Post_GetBodyClass" classname="Tests_Post_GetBodyClass" file="/var/www/html/test/wordpress_test/inpsyde_test/test/wp-content/plugins/plugintestslughere/tests/unit/tests/post/getBodyClass.php" line="110" assertions="2" time="0.120325"/>
        <testcase name="test_page_template_body_classes" class="Tests_Post_GetBodyClass" classname="Tests_Post_GetBodyClass" file="/var/www/html/test/wordpress_test/inpsyde_test/test/wp-content/plugins/plugintestslughere/tests/unit/tests/post/getBodyClass.php" line="124" assertions="4" time="0.120825"/>
        <testcase name="test_page_template_body_classes_attachment" class="Tests_Post_GetBodyClass" classname="Tests_Post_GetBodyClass" file="/var/www/html/test/wordpress_test/inpsyde_test/test/wp-content/plugins/plugintestslughere/tests/unit/tests/post/getBodyClass.php" line="146" assertions="4" time="0.120705"/>
        <testcase name="test_page_template_body_classes_post" class="Tests_Post_GetBodyClass" classname="Tests_Post_GetBodyClass" file="/var/www/html/test/wordpress_test/inpsyde_test/test/wp-content/plugins/plugintestslughere/tests/unit/tests/post/getBodyClass.php" line="168" assertions="4" time="0.198135"/>
        <testcase name="test_attachment_body_classes" class="Tests_Post_GetBodyClass" classname="Tests_Post_GetBodyClass" file="/var/www/html/test/wordpress_test/inpsyde_test/test/wp-content/plugins/plugintestslughere/tests/unit/tests/post/getBodyClass.php" line="186" assertions="3" time="0.153935"/>
        <testcase name="test_custom_background_class_is_added_when_theme_supports_it" class="Tests_Post_GetBodyClass" classname="Tests_Post_GetBodyClass" file="/var/www/html/test/wordpress_test/inpsyde_test/test/wp-content/plugins/plugintestslughere/tests/unit/tests/post/getBodyClass.php" line="209" assertions="2" time="0.109666"/>
        <testcase name="test_custom_background_class_is_not_added_when_theme_support_is_missing" class="Tests_Post_GetBodyClass" classname="Tests_Post_GetBodyClass" file="/var/www/html/test/wordpress_test/inpsyde_test/test/wp-content/plugins/plugintestslughere/tests/unit/tests/post/getBodyClass.php" line="226" assertions="2" time="0.109767"/>
        <testcase name="test_privacy_policy_body_class" class="Tests_Post_GetBodyClass" classname="Tests_Post_GetBodyClass" file="/var/www/html/test/wordpress_test/inpsyde_test/test/wp-content/plugins/plugintestslughere/tests/unit/tests/post/getBodyClass.php" line="242" assertions="4" time="0.120650"/>
      </testsuite>
      <testsuite name="Tests_Post_GetLastPostDate" file="/var/www/html/test/wordpress_test/inpsyde_test/test/wp-content/plugins/plugintestslughere/tests/unit/tests/post/getLastPostDate.php" tests="1" assertions="2" errors="0" failures="0" skipped="0" time="0.138421">
        <testcase name="test_get_lastpostdate" class="Tests_Post_GetLastPostDate" classname="Tests_Post_GetLastPostDate" file="/var/www/html/test/wordpress_test/inpsyde_test/test/wp-content/plugins/plugintestslughere/tests/unit/tests/post/getLastPostDate.php" line="11" assertions="2" time="0.138421"/>
      </testsuite>
      <testsuite name="Tests_Post_GetLastPostModified" file="/var/www/html/test/wordpress_test/inpsyde_test/test/wp-content/plugins/plugintestslughere/tests/unit/tests/post/getLastPostModified.php" tests="1" assertions="2" errors="0" failures="0" skipped="0" time="0.127070">
        <testcase name="test_get_lastpostmodified" class="Tests_Post_GetLastPostModified" classname="Tests_Post_GetLastPostModified" file="/var/www/html/test/wordpress_test/inpsyde_test/test/wp-content/plugins/plugintestslughere/tests/unit/tests/post/getLastPostModified.php" line="11" assertions="2" time="0.127070"/>
      </testsuite>
      <testsuite name="Tests_Post_GetPageByPath" file="/var/www/html/test/wordpress_test/inpsyde_test/test/wp-content/plugins/plugintestslughere/tests/unit/tests/post/getPageByPath.php" tests="12" assertions="32" errors="0" failures="0" skipped="0" time="1.549769">
        <testcase name="test_get_page_by_path_priority" class="Tests_Post_GetPageByPath" classname="Tests_Post_GetPageByPath" file="/var/www/html/test/wordpress_test/inpsyde_test/test/wp-content/plugins/plugintestslughere/tests/unit/tests/post/getPageByPath.php" line="10" assertions="4" time="0.202091"/>
        <testcase name="test_should_match_top_level_page" class="Tests_Post_GetPageByPath" classname="Tests_Post_GetPageByPath" file="/var/www/html/test/wordpress_test/inpsyde_test/test/wp-content/plugins/plugintestslughere/tests/unit/tests/post/getPageByPath.php" line="47" assertions="1" time="0.109329"/>
        <testcase name="test_should_obey_post_type" class="Tests_Post_GetPageByPath" classname="Tests_Post_GetPageByPath" file="/var/www/html/test/wordpress_test/inpsyde_test/test/wp-content/plugins/plugintestslughere/tests/unit/tests/post/getPageByPath.php" line="60" assertions="2" time="0.109381"/>
        <testcase name="test_should_match_nested_page" class="Tests_Post_GetPageByPath" classname="Tests_Post_GetPageByPath" file="/var/www/html/test/wordpress_test/inpsyde_test/test/wp-content/plugins/plugintestslughere/tests/unit/tests/post/getPageByPath.php" line="77" assertions="1" time="0.142182"/>
        <testcase name="test_should_not_make_partial_match" class="Tests_Post_GetPageByPath" classname="Tests_Post_GetPageByPath" file="/var/www/html/test/wordpress_test/inpsyde_test/test/wp-content/plugins/plugintestslughere/tests/unit/tests/post/getPageByPath.php" line="106" assertions="1" time="0.131453"/>
        <testcase name="test_should_not_match_parts_out_of_order" class="Tests_Post_GetPageByPath" classname="Tests_Post_GetPageByPath" file="/var/www/html/test/wordpress_test/inpsyde_test/test/wp-content/plugins/plugintestslughere/tests/unit/tests/post/getPageByPath.php" line="135" assertions="1" time="0.165511"/>
        <testcase name="test_should_hit_cache" class="Tests_Post_GetPageByPath" classname="Tests_Post_GetPageByPath" file="/var/www/html/test/wordpress_test/inpsyde_test/test/wp-content/plugins/plugintestslughere/tests/unit/tests/post/getPageByPath.php" line="167" assertions="3" time="0.109549"/>
        <testcase name="test_bad_path_should_be_cached" class="Tests_Post_GetPageByPath" classname="Tests_Post_GetPageByPath" file="/var/www/html/test/wordpress_test/inpsyde_test/test/wp-content/plugins/plugintestslughere/tests/unit/tests/post/getPageByPath.php" line="191" assertions="3" time="0.048897"/>
        <testcase name="test_bad_path_served_from_cache_should_not_fall_back_on_current_post" class="Tests_Post_GetPageByPath" classname="Tests_Post_GetPageByPath" file="/var/www/html/test/wordpress_test/inpsyde_test/test/wp-content/plugins/plugintestslughere/tests/unit/tests/post/getPageByPath.php" line="208" assertions="3" time="0.115087"/>
        <testcase name="test_cache_should_not_match_post_in_different_post_type_with_same_path" class="Tests_Post_GetPageByPath" classname="Tests_Post_GetPageByPath" file="/var/www/html/test/wordpress_test/inpsyde_test/test/wp-content/plugins/plugintestslughere/tests/unit/tests/post/getPageByPath.php" line="230" assertions="3" time="0.142749"/>
        <testcase name="test_cache_should_be_invalidated_when_post_name_is_edited" class="Tests_Post_GetPageByPath" classname="Tests_Post_GetPageByPath" file="/var/www/html/test/wordpress_test/inpsyde_test/test/wp-content/plugins/plugintestslughere/tests/unit/tests/post/getPageByPath.php" line="264" assertions="3" time="0.164591"/>
        <testcase name="test_output_param_should_be_obeyed_for_cached_value" class="Tests_Post_GetPageByPath" classname="Tests_Post_GetPageByPath" file="/var/www/html/test/wordpress_test/inpsyde_test/test/wp-content/plugins/plugintestslughere/tests/unit/tests/post/getPageByPath.php" line="296" assertions="7" time="0.108949"/>
      </testsuite>
      <testsuite name="Tests_Post_GetPageChildren" file="/var/www/html/test/wordpress_test/inpsyde_test/test/wp-content/plugins/plugintestslughere/tests/unit/tests/post/getPageChildren.php" tests="5" assertions="5" errors="0" failures="0" skipped="0" time="0.158346">
        <testcase name="test_page_id_0_should_return_all_pages_in_tree_and_exclude_pages_not_in_tree" class="Tests_Post_GetPageChildren" classname="Tests_Post_GetPageChildren" file="/var/www/html/test/wordpress_test/inpsyde_test/test/wp-content/plugins/plugintestslughere/tests/unit/tests/post/getPageChildren.php" line="68" assertions="1" time="0.041332"/>
        <testcase name="test_hierarchical_order_should_be_respected_in_results" class="Tests_Post_GetPageChildren" classname="Tests_Post_GetPageChildren" file="/var/www/html/test/wordpress_test/inpsyde_test/test/wp-content/plugins/plugintestslughere/tests/unit/tests/post/getPageChildren.php" line="74" assertions="1" time="0.037256"/>
        <testcase name="test_not_all_pages_should_be_returned_when_page_id_is_in_the_middle_of_the_tree" class="Tests_Post_GetPageChildren" classname="Tests_Post_GetPageChildren" file="/var/www/html/test/wordpress_test/inpsyde_test/test/wp-content/plugins/plugintestslughere/tests/unit/tests/post/getPageChildren.php" line="80" assertions="1" time="0.029171"/>
        <testcase name="test_page_id_that_is_a_leaf_should_return_empty_array" class="Tests_Post_GetPageChildren" classname="Tests_Post_GetPageChildren" file="/var/www/html/test/wordpress_test/inpsyde_test/test/wp-content/plugins/plugintestslughere/tests/unit/tests/post/getPageChildren.php" line="86" assertions="1" time="0.026377"/>
        <testcase name="test_nonzero_page_id_not_matching_any_actual_post_id_should_return_empty_array" class="Tests_Post_GetPageChildren" classname="Tests_Post_GetPageChildren" file="/var/www/html/test/wordpress_test/inpsyde_test/test/wp-content/plugins/plugintestslughere/tests/unit/tests/post/getPageChildren.php" line="91" assertions="1" time="0.024210"/>
      </testsuite>
      <testsuite name="Tests_Post_getPageUri" file="/var/www/html/test/wordpress_test/inpsyde_test/test/wp-content/plugins/plugintestslughere/tests/unit/tests/post/getPageUri.php" tests="5" assertions="7" errors="0" failures="0" skipped="0" time="0.715182">
        <testcase name="test_get_page_uri_with_stdclass_post_object" class="Tests_Post_getPageUri" classname="Tests_Post_getPageUri" file="/var/www/html/test/wordpress_test/inpsyde_test/test/wp-content/plugins/plugintestslughere/tests/unit/tests/post/getPageUri.php" line="11" assertions="1" time="0.123831"/>
        <testcase name="test_get_page_uri_with_nonexistent_post" class="Tests_Post_getPageUri" classname="Tests_Post_getPageUri" file="/var/www/html/test/wordpress_test/inpsyde_test/test/wp-content/plugins/plugintestslughere/tests/unit/tests/post/getPageUri.php" line="25" assertions="1" time="0.080025"/>
        <testcase name="test_get_post_uri_check_orphan" class="Tests_Post_getPageUri" classname="Tests_Post_getPageUri" file="/var/www/html/test/wordpress_test/inpsyde_test/test/wp-content/plugins/plugintestslughere/tests/unit/tests/post/getPageUri.php" line="34" assertions="3" time="0.182926"/>
        <testcase name="test_get_page_uri_with_a_draft_parent_with_empty_slug" class="Tests_Post_getPageUri" classname="Tests_Post_getPageUri" file="/var/www/html/test/wordpress_test/inpsyde_test/test/wp-content/plugins/plugintestslughere/tests/unit/tests/post/getPageUri.php" line="57" assertions="1" time="0.186304"/>
        <testcase name="test_get_page_uri_without_argument" class="Tests_Post_getPageUri" classname="Tests_Post_getPageUri" file="/var/www/html/test/wordpress_test/inpsyde_test/test/wp-content/plugins/plugintestslughere/tests/unit/tests/post/getPageUri.php" line="80" assertions="1" time="0.142096"/>
      </testsuite>
      <testsuite name="Tests_Post_getPages" file="/var/www/html/test/wordpress_test/inpsyde_test/test/wp-content/plugins/plugintestslughere/tests/unit/tests/post/getPages.php" tests="18" assertions="84" errors="0" failures="0" skipped="0" time="4.104778">
        <testcase name="test_get_pages_cache" class="Tests_Post_getPages" classname="Tests_Post_getPages" file="/var/www/html/test/wordpress_test/inpsyde_test/test/wp-content/plugins/plugintestslughere/tests/unit/tests/post/getPages.php" line="15" assertions="40" time="0.162062"/>
        <testcase name="test_cache_should_be_invalidated_by_add_post_meta" class="Tests_Post_getPages" classname="Tests_Post_getPages" file="/var/www/html/test/wordpress_test/inpsyde_test/test/wp-content/plugins/plugintestslughere/tests/unit/tests/post/getPages.php" line="109" assertions="2" time="0.911135"/>
        <testcase name="test_cache_should_be_invalidated_by_update_post_meta" class="Tests_Post_getPages" classname="Tests_Post_getPages" file="/var/www/html/test/wordpress_test/inpsyde_test/test/wp-content/plugins/plugintestslughere/tests/unit/tests/post/getPages.php" line="145" assertions="2" time="0.163897"/>
        <testcase name="test_cache_should_be_invalidated_by_delete_post_meta" class="Tests_Post_getPages" classname="Tests_Post_getPages" file="/var/www/html/test/wordpress_test/inpsyde_test/test/wp-content/plugins/plugintestslughere/tests/unit/tests/post/getPages.php" line="182" assertions="2" time="0.130928"/>
        <testcase name="test_cache_should_be_invalidated_by_delete_post_meta_by_key" class="Tests_Post_getPages" classname="Tests_Post_getPages" file="/var/www/html/test/wordpress_test/inpsyde_test/test/wp-content/plugins/plugintestslughere/tests/unit/tests/post/getPages.php" line="219" assertions="2" time="0.176195"/>
        <testcase name="test_get_pages_meta" class="Tests_Post_getPages" classname="Tests_Post_getPages" file="/var/www/html/test/wordpress_test/inpsyde_test/test/wp-content/plugins/plugintestslughere/tests/unit/tests/post/getPages.php" line="256" assertions="3" time="0.153630"/>
        <testcase name="test_get_pages_include_exclude" class="Tests_Post_getPages" classname="Tests_Post_getPages" file="/var/www/html/test/wordpress_test/inpsyde_test/test/wp-content/plugins/plugintestslughere/tests/unit/tests/post/getPages.php" line="290" assertions="2" time="0.428408"/>
        <testcase name="test_get_pages_parent" class="Tests_Post_getPages" classname="Tests_Post_getPages" file="/var/www/html/test/wordpress_test/inpsyde_test/test/wp-content/plugins/plugintestslughere/tests/unit/tests/post/getPages.php" line="316" assertions="6" time="0.165263"/>
        <testcase name="test_wp_dropdown_pages" class="Tests_Post_getPages" classname="Tests_Post_getPages" file="/var/www/html/test/wordpress_test/inpsyde_test/test/wp-content/plugins/plugintestslughere/tests/unit/tests/post/getPages.php" line="374" assertions="1" time="0.307893"/>
        <testcase name="test_get_chidren_fields_ids" class="Tests_Post_getPages" classname="Tests_Post_getPages" file="/var/www/html/test/wordpress_test/inpsyde_test/test/wp-content/plugins/plugintestslughere/tests/unit/tests/post/getPages.php" line="385" assertions="1" time="0.252929"/>
        <testcase name="test_get_pages_hierarchical_and_no_parent" class="Tests_Post_getPages" classname="Tests_Post_getPages" file="/var/www/html/test/wordpress_test/inpsyde_test/test/wp-content/plugins/plugintestslughere/tests/unit/tests/post/getPages.php" line="401" assertions="2" time="0.174894"/>
        <testcase name="test_get_pages_hierarchical_empty_child_of" class="Tests_Post_getPages" classname="Tests_Post_getPages" file="/var/www/html/test/wordpress_test/inpsyde_test/test/wp-content/plugins/plugintestslughere/tests/unit/tests/post/getPages.php" line="451" assertions="2" time="0.153688"/>
        <testcase name="test_get_pages_non_hierarchical_empty_child_of" class="Tests_Post_getPages" classname="Tests_Post_getPages" file="/var/www/html/test/wordpress_test/inpsyde_test/test/wp-content/plugins/plugintestslughere/tests/unit/tests/post/getPages.php" line="497" assertions="1" time="0.153420"/>
        <testcase name="test_get_pages_hierarchical_non_empty_child_of" class="Tests_Post_getPages" classname="Tests_Post_getPages" file="/var/www/html/test/wordpress_test/inpsyde_test/test/wp-content/plugins/plugintestslughere/tests/unit/tests/post/getPages.php" line="533" assertions="1" time="0.230758"/>
        <testcase name="test_get_pages_non_hierarchical_non_empty_child_of" class="Tests_Post_getPages" classname="Tests_Post_getPages" file="/var/www/html/test/wordpress_test/inpsyde_test/test/wp-content/plugins/plugintestslughere/tests/unit/tests/post/getPages.php" line="576" assertions="2" time="0.164562"/>
        <testcase name="test_wp_list_pages_classes" class="Tests_Post_getPages" classname="Tests_Post_getPages" file="/var/www/html/test/wordpress_test/inpsyde_test/test/wp-content/plugins/plugintestslughere/tests/unit/tests/post/getPages.php" line="625" assertions="5" time="0.130969"/>
        <testcase name="test_exclude_tree" class="Tests_Post_getPages" classname="Tests_Post_getPages" file="/var/www/html/test/wordpress_test/inpsyde_test/test/wp-content/plugins/plugintestslughere/tests/unit/tests/post/getPages.php" line="658" assertions="7" time="0.197757"/>
        <testcase name="test_get_pages_cache_empty" class="Tests_Post_getPages" classname="Tests_Post_getPages" file="/var/www/html/test/wordpress_test/inpsyde_test/test/wp-content/plugins/plugintestslughere/tests/unit/tests/post/getPages.php" line="708" assertions="3" time="0.046390"/>
      </testsuite>
      <testsuite name="Tests_Post_GetPostClass" file="/var/www/html/test/wordpress_test/inpsyde_test/test/wp-content/plugins/plugintestslughere/tests/unit/tests/post/getPostClass.php" tests="8" assertions="19" errors="0" failures="0" skipped="0" time="1.432711">
        <testcase name="test_with_tags" class="Tests_Post_GetPostClass" classname="Tests_Post_GetPostClass" file="/var/www/html/test/wordpress_test/inpsyde_test/test/wp-content/plugins/plugintestslughere/tests/unit/tests/post/getPostClass.php" line="15" assertions="2" time="0.167774"/>
        <testcase name="test_with_categories" class="Tests_Post_GetPostClass" classname="Tests_Post_GetPostClass" file="/var/www/html/test/wordpress_test/inpsyde_test/test/wp-content/plugins/plugintestslughere/tests/unit/tests/post/getPostClass.php" line="24" assertions="2" time="0.219578"/>
        <testcase name="test_with_custom_taxonomy" class="Tests_Post_GetPostClass" classname="Tests_Post_GetPostClass" file="/var/www/html/test/wordpress_test/inpsyde_test/test/wp-content/plugins/plugintestslughere/tests/unit/tests/post/getPostClass.php" line="37" assertions="2" time="0.152644"/>
        <testcase name="test_with_custom_classes_and_no_post" class="Tests_Post_GetPostClass" classname="Tests_Post_GetPostClass" file="/var/www/html/test/wordpress_test/inpsyde_test/test/wp-content/plugins/plugintestslughere/tests/unit/tests/post/getPostClass.php" line="50" assertions="3" time="0.117618"/>
        <testcase name="test_with_utf8_category_slugs" class="Tests_Post_GetPostClass" classname="Tests_Post_GetPostClass" file="/var/www/html/test/wordpress_test/inpsyde_test/test/wp-content/plugins/plugintestslughere/tests/unit/tests/post/getPostClass.php" line="59" assertions="3" time="0.192774"/>
        <testcase name="test_with_utf8_tag_slugs" class="Tests_Post_GetPostClass" classname="Tests_Post_GetPostClass" file="/var/www/html/test/wordpress_test/inpsyde_test/test/wp-content/plugins/plugintestslughere/tests/unit/tests/post/getPostClass.php" line="75" assertions="3" time="0.174979"/>
        <testcase name="test_with_utf8_term_slugs" class="Tests_Post_GetPostClass" classname="Tests_Post_GetPostClass" file="/var/www/html/test/wordpress_test/inpsyde_test/test/wp-content/plugins/plugintestslughere/tests/unit/tests/post/getPostClass.php" line="91" assertions="3" time="0.143105"/>
        <testcase name="test_taxonomy_classes_hit_cache" class="Tests_Post_GetPostClass" classname="Tests_Post_GetPostClass" file="/var/www/html/test/wordpress_test/inpsyde_test/test/wp-content/plugins/plugintestslughere/tests/unit/tests/post/getPostClass.php" line="123" assertions="1" time="0.264239"/>
      </testsuite>
      <testsuite name="Tests_Get_Post_Type_Labels" file="/var/www/html/test/wordpress_test/inpsyde_test/test/wp-content/plugins/plugintestslughere/tests/unit/tests/post/getPostTypeLabels.php" tests="9" assertions="12" errors="0" failures="0" skipped="0" time="0.233181">
        <testcase name="test_returns_an_object" class="Tests_Get_Post_Type_Labels" classname="Tests_Get_Post_Type_Labels" file="/var/www/html/test/wordpress_test/inpsyde_test/test/wp-content/plugins/plugintestslughere/tests/unit/tests/post/getPostTypeLabels.php" line="7" assertions="1" time="0.032954"/>
        <testcase name="test_returns_hierachical_labels" class="Tests_Get_Post_Type_Labels" classname="Tests_Get_Post_Type_Labels" file="/var/www/html/test/wordpress_test/inpsyde_test/test/wp-content/plugins/plugintestslughere/tests/unit/tests/post/getPostTypeLabels.php" line="20" assertions="1" time="0.029578"/>
        <testcase name="test_existing_labels_are_not_overridden" class="Tests_Get_Post_Type_Labels" classname="Tests_Get_Post_Type_Labels" file="/var/www/html/test/wordpress_test/inpsyde_test/test/wp-content/plugins/plugintestslughere/tests/unit/tests/post/getPostTypeLabels.php" line="32" assertions="1" time="0.026517"/>
        <testcase name="test_name_admin_bar_label_should_fall_back_to_singular_name" class="Tests_Get_Post_Type_Labels" classname="Tests_Get_Post_Type_Labels" file="/var/www/html/test/wordpress_test/inpsyde_test/test/wp-content/plugins/plugintestslughere/tests/unit/tests/post/getPostTypeLabels.php" line="46" assertions="1" time="0.025308"/>
        <testcase name="test_name_admin_bar_label_should_fall_back_to_post_type_name" class="Tests_Get_Post_Type_Labels" classname="Tests_Get_Post_Type_Labels" file="/var/www/html/test/wordpress_test/inpsyde_test/test/wp-content/plugins/plugintestslughere/tests/unit/tests/post/getPostTypeLabels.php" line="61" assertions="1" time="0.024701"/>
        <testcase name="test_menu_name_should_fall_back_to_name" class="Tests_Get_Post_Type_Labels" classname="Tests_Get_Post_Type_Labels" file="/var/www/html/test/wordpress_test/inpsyde_test/test/wp-content/plugins/plugintestslughere/tests/unit/tests/post/getPostTypeLabels.php" line="73" assertions="1" time="0.023741"/>
        <testcase name="test_labels_should_be_added_when_registering_a_post_type" class="Tests_Get_Post_Type_Labels" classname="Tests_Get_Post_Type_Labels" file="/var/www/html/test/wordpress_test/inpsyde_test/test/wp-content/plugins/plugintestslughere/tests/unit/tests/post/getPostTypeLabels.php" line="87" assertions="3" time="0.024434"/>
        <testcase name="test_label_should_be_derived_from_labels_when_registering_a_post_type" class="Tests_Get_Post_Type_Labels" classname="Tests_Get_Post_Type_Labels" file="/var/www/html/test/wordpress_test/inpsyde_test/test/wp-content/plugins/plugintestslughere/tests/unit/tests/post/getPostTypeLabels.php" line="104" assertions="1" time="0.022821"/>
        <testcase name="test_should_fall_back_on_defaults_when_filtered_labels_do_not_contain_the_keys" class="Tests_Get_Post_Type_Labels" classname="Tests_Get_Post_Type_Labels" file="/var/www/html/test/wordpress_test/inpsyde_test/test/wp-content/plugins/plugintestslughere/tests/unit/tests/post/getPostTypeLabels.php" line="122" assertions="2" time="0.023127"/>
      </testsuite>
      <testsuite name="Tests_Post_GetPosts" file="/var/www/html/test/wordpress_test/inpsyde_test/test/wp-content/plugins/plugintestslughere/tests/unit/tests/post/getPosts.php" tests="6" assertions="6" errors="0" failures="0" skipped="0" time="0.883554">
        <testcase name="test_offset_should_be_null_by_default" class="Tests_Post_GetPosts" classname="Tests_Post_GetPosts" file="/var/www/html/test/wordpress_test/inpsyde_test/test/wp-content/plugins/plugintestslughere/tests/unit/tests/post/getPosts.php" line="8" assertions="1" time="0.137942"/>
        <testcase name="test_offset_0_should_be_respected" class="Tests_Post_GetPosts" classname="Tests_Post_GetPosts" file="/var/www/html/test/wordpress_test/inpsyde_test/test/wp-content/plugins/plugintestslughere/tests/unit/tests/post/getPosts.php" line="32" assertions="1" time="0.153425"/>
        <testcase name="test_offset_non_0_should_be_respected" class="Tests_Post_GetPosts" classname="Tests_Post_GetPosts" file="/var/www/html/test/wordpress_test/inpsyde_test/test/wp-content/plugins/plugintestslughere/tests/unit/tests/post/getPosts.php" line="57" assertions="1" time="0.175402"/>
        <testcase name="test_paged_should_not_be_overridden_by_default_offset" class="Tests_Post_GetPosts" classname="Tests_Post_GetPosts" file="/var/www/html/test/wordpress_test/inpsyde_test/test/wp-content/plugins/plugintestslughere/tests/unit/tests/post/getPosts.php" line="85" assertions="1" time="0.164555"/>
        <testcase name="test_explicit_offset_0_should_override_paged" class="Tests_Post_GetPosts" classname="Tests_Post_GetPosts" file="/var/www/html/test/wordpress_test/inpsyde_test/test/wp-content/plugins/plugintestslughere/tests/unit/tests/post/getPosts.php" line="110" assertions="1" time="0.131094"/>
        <testcase name="test_explicit_offset_non_0_should_override_paged" class="Tests_Post_GetPosts" classname="Tests_Post_GetPosts" file="/var/www/html/test/wordpress_test/inpsyde_test/test/wp-content/plugins/plugintestslughere/tests/unit/tests/post/getPosts.php" line="136" assertions="1" time="0.121136"/>
      </testsuite>
      <testsuite name="Tests_Post_GetPostsByAuthorSql" file="/var/www/html/test/wordpress_test/inpsyde_test/test/wp-content/plugins/plugintestslughere/tests/unit/tests/post/getPostsByAuthorSql.php" tests="16" assertions="21" errors="0" failures="0" skipped="0" time="1.480810">
        <testcase name="test_post_type_post" class="Tests_Post_GetPostsByAuthorSql" classname="Tests_Post_GetPostsByAuthorSql" file="/var/www/html/test/wordpress_test/inpsyde_test/test/wp-content/plugins/plugintestslughere/tests/unit/tests/post/getPostsByAuthorSql.php" line="8" assertions="1" time="0.044520"/>
        <testcase name="test_post_type_page" class="Tests_Post_GetPostsByAuthorSql" classname="Tests_Post_GetPostsByAuthorSql" file="/var/www/html/test/wordpress_test/inpsyde_test/test/wp-content/plugins/plugintestslughere/tests/unit/tests/post/getPostsByAuthorSql.php" line="13" assertions="1" time="0.036258"/>
        <testcase name="test_non_existent_post_type" class="Tests_Post_GetPostsByAuthorSql" classname="Tests_Post_GetPostsByAuthorSql" file="/var/www/html/test/wordpress_test/inpsyde_test/test/wp-content/plugins/plugintestslughere/tests/unit/tests/post/getPostsByAuthorSql.php" line="18" assertions="1" time="0.032261"/>
        <testcase name="test_multiple_post_types" class="Tests_Post_GetPostsByAuthorSql" classname="Tests_Post_GetPostsByAuthorSql" file="/var/www/html/test/wordpress_test/inpsyde_test/test/wp-content/plugins/plugintestslughere/tests/unit/tests/post/getPostsByAuthorSql.php" line="23" assertions="2" time="0.043244"/>
        <testcase name="test_full_true" class="Tests_Post_GetPostsByAuthorSql" classname="Tests_Post_GetPostsByAuthorSql" file="/var/www/html/test/wordpress_test/inpsyde_test/test/wp-content/plugins/plugintestslughere/tests/unit/tests/post/getPostsByAuthorSql.php" line="35" assertions="1" time="0.038946"/>
        <testcase name="test_full_false" class="Tests_Post_GetPostsByAuthorSql" classname="Tests_Post_GetPostsByAuthorSql" file="/var/www/html/test/wordpress_test/inpsyde_test/test/wp-content/plugins/plugintestslughere/tests/unit/tests/post/getPostsByAuthorSql.php" line="40" assertions="1" time="0.028644"/>
        <testcase name="test_post_type_clause_should_be_included_when_full_is_true" class="Tests_Post_GetPostsByAuthorSql" classname="Tests_Post_GetPostsByAuthorSql" file="/var/www/html/test/wordpress_test/inpsyde_test/test/wp-content/plugins/plugintestslughere/tests/unit/tests/post/getPostsByAuthorSql.php" line="45" assertions="1" time="0.021595"/>
        <testcase name="test_post_type_clause_should_be_included_when_full_is_false" class="Tests_Post_GetPostsByAuthorSql" classname="Tests_Post_GetPostsByAuthorSql" file="/var/www/html/test/wordpress_test/inpsyde_test/test/wp-content/plugins/plugintestslughere/tests/unit/tests/post/getPostsByAuthorSql.php" line="50" assertions="1" time="0.022033"/>
        <testcase name="test_post_author_should_create_post_author_clause" class="Tests_Post_GetPostsByAuthorSql" classname="Tests_Post_GetPostsByAuthorSql" file="/var/www/html/test/wordpress_test/inpsyde_test/test/wp-content/plugins/plugintestslughere/tests/unit/tests/post/getPostsByAuthorSql.php" line="55" assertions="1" time="0.024932"/>
        <testcase name="test_public_only_true_should_not_allow_any_private_posts_for_loggedin_user" class="Tests_Post_GetPostsByAuthorSql" classname="Tests_Post_GetPostsByAuthorSql" file="/var/www/html/test/wordpress_test/inpsyde_test/test/wp-content/plugins/plugintestslughere/tests/unit/tests/post/getPostsByAuthorSql.php" line="60" assertions="1" time="0.234317"/>
        <testcase name="test_public_only_should_default_to_false" class="Tests_Post_GetPostsByAuthorSql" classname="Tests_Post_GetPostsByAuthorSql" file="/var/www/html/test/wordpress_test/inpsyde_test/test/wp-content/plugins/plugintestslughere/tests/unit/tests/post/getPostsByAuthorSql.php" line="71" assertions="1" time="0.164761"/>
        <testcase name="test_public_only_false_should_allow_current_user_access_to_own_private_posts_when_current_user_matches_post_author" class="Tests_Post_GetPostsByAuthorSql" classname="Tests_Post_GetPostsByAuthorSql" file="/var/www/html/test/wordpress_test/inpsyde_test/test/wp-content/plugins/plugintestslughere/tests/unit/tests/post/getPostsByAuthorSql.php" line="81" assertions="1" time="0.153275"/>
        <testcase name="test_public_only_false_should_not_allow_access_to_private_posts_if_current_user_is_not_post_author" class="Tests_Post_GetPostsByAuthorSql" classname="Tests_Post_GetPostsByAuthorSql" file="/var/www/html/test/wordpress_test/inpsyde_test/test/wp-content/plugins/plugintestslughere/tests/unit/tests/post/getPostsByAuthorSql.php" line="92" assertions="1" time="0.186575"/>
        <testcase name="test_public_only_false_should_allow_current_user_access_to_own_private_posts_when_post_author_is_not_provided" class="Tests_Post_GetPostsByAuthorSql" classname="Tests_Post_GetPostsByAuthorSql" file="/var/www/html/test/wordpress_test/inpsyde_test/test/wp-content/plugins/plugintestslughere/tests/unit/tests/post/getPostsByAuthorSql.php" line="104" assertions="2" time="0.142582"/>
        <testcase name="test_administrator_should_have_access_to_private_posts_when_public_only_is_false" class="Tests_Post_GetPostsByAuthorSql" classname="Tests_Post_GetPostsByAuthorSql" file="/var/www/html/test/wordpress_test/inpsyde_test/test/wp-content/plugins/plugintestslughere/tests/unit/tests/post/getPostsByAuthorSql.php" line="116" assertions="2" time="0.142521"/>
        <testcase name="test_user_has_access_only_to_private_posts_for_certain_post_types" class="Tests_Post_GetPostsByAuthorSql" classname="Tests_Post_GetPostsByAuthorSql" file="/var/www/html/test/wordpress_test/inpsyde_test/test/wp-content/plugins/plugintestslughere/tests/unit/tests/post/getPostsByAuthorSql.php" line="128" assertions="3" time="0.164346"/>
      </testsuite>
      <testsuite name="Tests_Post_GetTheContent" file="/var/www/html/test/wordpress_test/inpsyde_test/test/wp-content/plugins/plugintestslughere/tests/unit/tests/post/getTheContent.php" tests="5" assertions="5" errors="0" failures="0" skipped="0" time="0.737425">
        <testcase name="test_argument_back_compat_more_link_text" class="Tests_Post_GetTheContent" classname="Tests_Post_GetTheContent" file="/var/www/html/test/wordpress_test/inpsyde_test/test/wp-content/plugins/plugintestslughere/tests/unit/tests/post/getTheContent.php" line="11" assertions="1" time="0.123933"/>
        <testcase name="test_argument_back_compat_strip_teaser" class="Tests_Post_GetTheContent" classname="Tests_Post_GetTheContent" file="/var/www/html/test/wordpress_test/inpsyde_test/test/wp-content/plugins/plugintestslughere/tests/unit/tests/post/getTheContent.php" line="28" assertions="1" time="0.131333"/>
        <testcase name="test_content_other_post" class="Tests_Post_GetTheContent" classname="Tests_Post_GetTheContent" file="/var/www/html/test/wordpress_test/inpsyde_test/test/wp-content/plugins/plugintestslughere/tests/unit/tests/post/getTheContent.php" line="47" assertions="1" time="0.197312"/>
        <testcase name="test_should_respect_pagination_of_inner_post" class="Tests_Post_GetTheContent" classname="Tests_Post_GetTheContent" file="/var/www/html/test/wordpress_test/inpsyde_test/test/wp-content/plugins/plugintestslughere/tests/unit/tests/post/getTheContent.php" line="62" assertions="1" time="0.153067"/>
        <testcase name="test_should_fall_back_to_post_global_outside_of_the_loop" class="Tests_Post_GetTheContent" classname="Tests_Post_GetTheContent" file="/var/www/html/test/wordpress_test/inpsyde_test/test/wp-content/plugins/plugintestslughere/tests/unit/tests/post/getTheContent.php" line="82" assertions="1" time="0.131780"/>
      </testsuite>
      <testsuite name="Tests_Post_GetTheExcerpt" file="/var/www/html/test/wordpress_test/inpsyde_test/test/wp-content/plugins/plugintestslughere/tests/unit/tests/post/getTheExcerpt.php" tests="9" assertions="14" errors="0" failures="0" skipped="0" time="1.022038">
        <testcase name="test_the_excerpt_invalid_post" class="Tests_Post_GetTheExcerpt" classname="Tests_Post_GetTheExcerpt" file="/var/www/html/test/wordpress_test/inpsyde_test/test/wp-content/plugins/plugintestslughere/tests/unit/tests/post/getTheExcerpt.php" line="12" assertions="2" time="0.041419"/>
        <testcase name="test_the_excerpt_deprecated" class="Tests_Post_GetTheExcerpt" classname="Tests_Post_GetTheExcerpt" file="/var/www/html/test/wordpress_test/inpsyde_test/test/wp-content/plugins/plugintestslughere/tests/unit/tests/post/getTheExcerpt.php" line="21" assertions="3" time="0.038394"/>
        <testcase name="test_the_excerpt" class="Tests_Post_GetTheExcerpt" classname="Tests_Post_GetTheExcerpt" file="/var/www/html/test/wordpress_test/inpsyde_test/test/wp-content/plugins/plugintestslughere/tests/unit/tests/post/getTheExcerpt.php" line="29" assertions="2" time="0.141355"/>
        <testcase name="test_the_excerpt_password_protected_post" class="Tests_Post_GetTheExcerpt" classname="Tests_Post_GetTheExcerpt" file="/var/www/html/test/wordpress_test/inpsyde_test/test/wp-content/plugins/plugintestslughere/tests/unit/tests/post/getTheExcerpt.php" line="39" assertions="2" time="0.098564"/>
        <testcase name="test_the_excerpt_specific_post" class="Tests_Post_GetTheExcerpt" classname="Tests_Post_GetTheExcerpt" file="/var/www/html/test/wordpress_test/inpsyde_test/test/wp-content/plugins/plugintestslughere/tests/unit/tests/post/getTheExcerpt.php" line="55" assertions="1" time="0.099205"/>
        <testcase name="test_should_fall_back_on_post_content_if_excerpt_is_empty_and_post_is_inferred_from_context" class="Tests_Post_GetTheExcerpt" classname="Tests_Post_GetTheExcerpt" file="/var/www/html/test/wordpress_test/inpsyde_test/test/wp-content/plugins/plugintestslughere/tests/unit/tests/post/getTheExcerpt.php" line="64" assertions="1" time="0.109734"/>
        <testcase name="test_should_fall_back_on_post_content_if_excerpt_is_empty_and_post_is_provided" class="Tests_Post_GetTheExcerpt" classname="Tests_Post_GetTheExcerpt" file="/var/www/html/test/wordpress_test/inpsyde_test/test/wp-content/plugins/plugintestslughere/tests/unit/tests/post/getTheExcerpt.php" line="89" assertions="1" time="0.164616"/>
        <testcase name="test_should_respect_post_parameter_in_the_loop" class="Tests_Post_GetTheExcerpt" classname="Tests_Post_GetTheExcerpt" file="/var/www/html/test/wordpress_test/inpsyde_test/test/wp-content/plugins/plugintestslughere/tests/unit/tests/post/getTheExcerpt.php" line="102" assertions="1" time="0.164336"/>
        <testcase name="test_should_respect_post_parameter_in_the_loop_when_falling_back_on_post_content" class="Tests_Post_GetTheExcerpt" classname="Tests_Post_GetTheExcerpt" file="/var/www/html/test/wordpress_test/inpsyde_test/test/wp-content/plugins/plugintestslughere/tests/unit/tests/post/getTheExcerpt.php" line="122" assertions="1" time="0.164415"/>
      </testsuite>
      <testsuite name="Tests_Post_IsPostTypeViewable" file="/var/www/html/test/wordpress_test/inpsyde_test/test/wp-content/plugins/plugintestslughere/tests/unit/tests/post/isPostTypeViewable.php" tests="8" assertions="9" errors="0" failures="0" skipped="0" time="0.227882">
        <testcase name="test_should_return_false_for_non_publicly_queryable_types" class="Tests_Post_IsPostTypeViewable" classname="Tests_Post_IsPostTypeViewable" file="/var/www/html/test/wordpress_test/inpsyde_test/test/wp-content/plugins/plugintestslughere/tests/unit/tests/post/isPostTypeViewable.php" line="7" assertions="1" time="0.043727"/>
        <testcase name="test_should_return_true_for_publicly_queryable_types" class="Tests_Post_IsPostTypeViewable" classname="Tests_Post_IsPostTypeViewable" file="/var/www/html/test/wordpress_test/inpsyde_test/test/wp-content/plugins/plugintestslughere/tests/unit/tests/post/isPostTypeViewable.php" line="22" assertions="1" time="0.035410"/>
        <testcase name="test_should_return_false_for_builtin_nonpublic_types" class="Tests_Post_IsPostTypeViewable" classname="Tests_Post_IsPostTypeViewable" file="/var/www/html/test/wordpress_test/inpsyde_test/test/wp-content/plugins/plugintestslughere/tests/unit/tests/post/isPostTypeViewable.php" line="37" assertions="1" time="0.032209"/>
        <testcase name="test_should_return_false_for_nonbuiltin_public_types" class="Tests_Post_IsPostTypeViewable" classname="Tests_Post_IsPostTypeViewable" file="/var/www/html/test/wordpress_test/inpsyde_test/test/wp-content/plugins/plugintestslughere/tests/unit/tests/post/isPostTypeViewable.php" line="52" assertions="1" time="0.028412"/>
        <testcase name="test_should_return_true_for_builtin_public_types" class="Tests_Post_IsPostTypeViewable" classname="Tests_Post_IsPostTypeViewable" file="/var/www/html/test/wordpress_test/inpsyde_test/test/wp-content/plugins/plugintestslughere/tests/unit/tests/post/isPostTypeViewable.php" line="67" assertions="1" time="0.023489"/>
        <testcase name="test_postpage_should_be_viewable" class="Tests_Post_IsPostTypeViewable" classname="Tests_Post_IsPostTypeViewable" file="/var/www/html/test/wordpress_test/inpsyde_test/test/wp-content/plugins/plugintestslughere/tests/unit/tests/post/isPostTypeViewable.php" line="82" assertions="2" time="0.021292"/>
        <testcase name="test_should_accept_post_type_name" class="Tests_Post_IsPostTypeViewable" classname="Tests_Post_IsPostTypeViewable" file="/var/www/html/test/wordpress_test/inpsyde_test/test/wp-content/plugins/plugintestslughere/tests/unit/tests/post/isPostTypeViewable.php" line="93" assertions="1" time="0.022056"/>
        <testcase name="test_should_return_false_for_bad_post_type_name" class="Tests_Post_IsPostTypeViewable" classname="Tests_Post_IsPostTypeViewable" file="/var/www/html/test/wordpress_test/inpsyde_test/test/wp-content/plugins/plugintestslughere/tests/unit/tests/post/isPostTypeViewable.php" line="109" assertions="1" time="0.021287"/>
      </testsuite>
      <testsuite name="Tests_List_Pages" file="/var/www/html/test/wordpress_test/inpsyde_test/test/wp-content/plugins/plugintestslughere/tests/unit/tests/post/listPages.php" tests="16" assertions="16" errors="0" failures="0" skipped="0" time="0.590099">
        <testcase name="test_wp_list_pages_default" class="Tests_List_Pages" classname="Tests_List_Pages" file="/var/www/html/test/wordpress_test/inpsyde_test/test/wp-content/plugins/plugintestslughere/tests/unit/tests/post/listPages.php" line="118" assertions="1" time="0.077429"/>
        <testcase name="test_wp_list_pages_depth" class="Tests_List_Pages" classname="Tests_List_Pages" file="/var/www/html/test/wordpress_test/inpsyde_test/test/wp-content/plugins/plugintestslughere/tests/unit/tests/post/listPages.php" line="149" assertions="1" time="0.039168"/>
        <testcase name="test_wp_list_pages_show_date" class="Tests_List_Pages" classname="Tests_List_Pages" file="/var/www/html/test/wordpress_test/inpsyde_test/test/wp-content/plugins/plugintestslughere/tests/unit/tests/post/listPages.php" line="163" assertions="1" time="0.035996"/>
        <testcase name="test_wp_list_pages_date_format" class="Tests_List_Pages" classname="Tests_List_Pages" file="/var/www/html/test/wordpress_test/inpsyde_test/test/wp-content/plugins/plugintestslughere/tests/unit/tests/post/listPages.php" line="179" assertions="1" time="0.046835"/>
        <testcase name="test_wp_list_pages_child_of" class="Tests_List_Pages" classname="Tests_List_Pages" file="/var/www/html/test/wordpress_test/inpsyde_test/test/wp-content/plugins/plugintestslughere/tests/unit/tests/post/listPages.php" line="213" assertions="1" time="0.028485"/>
        <testcase name="test_wp_list_pages_exclude" class="Tests_List_Pages" classname="Tests_List_Pages" file="/var/www/html/test/wordpress_test/inpsyde_test/test/wp-content/plugins/plugintestslughere/tests/unit/tests/post/listPages.php" line="227" assertions="1" time="0.040784"/>
        <testcase name="test_wp_list_pages_title_li" class="Tests_List_Pages" classname="Tests_List_Pages" file="/var/www/html/test/wordpress_test/inpsyde_test/test/wp-content/plugins/plugintestslughere/tests/unit/tests/post/listPages.php" line="255" assertions="1" time="0.030046"/>
        <testcase name="test_wp_list_pages_echo" class="Tests_List_Pages" classname="Tests_List_Pages" file="/var/www/html/test/wordpress_test/inpsyde_test/test/wp-content/plugins/plugintestslughere/tests/unit/tests/post/listPages.php" line="270" assertions="1" time="0.029452"/>
        <testcase name="test_wp_list_pages_authors" class="Tests_List_Pages" classname="Tests_List_Pages" file="/var/www/html/test/wordpress_test/inpsyde_test/test/wp-content/plugins/plugintestslughere/tests/unit/tests/post/listPages.php" line="285" assertions="1" time="0.025700"/>
        <testcase name="test_wp_list_pages_number" class="Tests_List_Pages" classname="Tests_List_Pages" file="/var/www/html/test/wordpress_test/inpsyde_test/test/wp-content/plugins/plugintestslughere/tests/unit/tests/post/listPages.php" line="297" assertions="1" time="0.024871"/>
        <testcase name="test_wp_list_pages_sort_column" class="Tests_List_Pages" classname="Tests_List_Pages" file="/var/www/html/test/wordpress_test/inpsyde_test/test/wp-content/plugins/plugintestslughere/tests/unit/tests/post/listPages.php" line="310" assertions="1" time="0.028583"/>
        <testcase name="test_wp_list_pages_link_before" class="Tests_List_Pages" classname="Tests_List_Pages" file="/var/www/html/test/wordpress_test/inpsyde_test/test/wp-content/plugins/plugintestslughere/tests/unit/tests/post/listPages.php" line="326" assertions="1" time="0.040896"/>
        <testcase name="test_wp_list_pages_link_after" class="Tests_List_Pages" classname="Tests_List_Pages" file="/var/www/html/test/wordpress_test/inpsyde_test/test/wp-content/plugins/plugintestslughere/tests/unit/tests/post/listPages.php" line="358" assertions="1" time="0.042007"/>
        <testcase name="test_wp_list_pages_include" class="Tests_List_Pages" classname="Tests_List_Pages" file="/var/www/html/test/wordpress_test/inpsyde_test/test/wp-content/plugins/plugintestslughere/tests/unit/tests/post/listPages.php" line="391" assertions="1" time="0.027127"/>
        <testcase name="test_wp_list_pages_exclude_tree" class="Tests_List_Pages" classname="Tests_List_Pages" file="/var/www/html/test/wordpress_test/inpsyde_test/test/wp-content/plugins/plugintestslughere/tests/unit/tests/post/listPages.php" line="404" assertions="1" time="0.031409"/>
        <testcase name="test_wp_list_pages_discarded_whitespace" class="Tests_List_Pages" classname="Tests_List_Pages" file="/var/www/html/test/wordpress_test/inpsyde_test/test/wp-content/plugins/plugintestslughere/tests/unit/tests/post/listPages.php" line="422" assertions="1" time="0.041311"/>
      </testsuite>
      <testsuite name="Tests_Post_Meta" file="/var/www/html/test/wordpress_test/inpsyde_test/test/wp-content/plugins/plugintestslughere/tests/unit/tests/post/meta.php" tests="18" assertions="91" errors="0" failures="0" skipped="0" time="1.557439">
        <testcase name="test_unique_postmeta" class="Tests_Post_Meta" classname="Tests_Post_Meta" file="/var/www/html/test/wordpress_test/inpsyde_test/test/wp-content/plugins/plugintestslughere/tests/unit/tests/post/meta.php" line="47" assertions="8" time="0.093715"/>
        <testcase name="test_nonunique_postmeta" class="Tests_Post_Meta" classname="Tests_Post_Meta" file="/var/www/html/test/wordpress_test/inpsyde_test/test/wp-content/plugins/plugintestslughere/tests/unit/tests/post/meta.php" line="70" assertions="12" time="0.109426"/>
        <testcase name="test_update_post_meta" class="Tests_Post_Meta" classname="Tests_Post_Meta" file="/var/www/html/test/wordpress_test/inpsyde_test/test/wp-content/plugins/plugintestslughere/tests/unit/tests/post/meta.php" line="107" assertions="14" time="0.109312"/>
        <testcase name="test_delete_post_meta" class="Tests_Post_Meta" classname="Tests_Post_Meta" file="/var/www/html/test/wordpress_test/inpsyde_test/test/wp-content/plugins/plugintestslughere/tests/unit/tests/post/meta.php" line="134" assertions="6" time="0.098067"/>
        <testcase name="test_delete_post_meta_by_key" class="Tests_Post_Meta" classname="Tests_Post_Meta" file="/var/www/html/test/wordpress_test/inpsyde_test/test/wp-content/plugins/plugintestslughere/tests/unit/tests/post/meta.php" line="151" assertions="7" time="0.098518"/>
        <testcase name="test_get_post_meta_by_id" class="Tests_Post_Meta" classname="Tests_Post_Meta" file="/var/www/html/test/wordpress_test/inpsyde_test/test/wp-content/plugins/plugintestslughere/tests/unit/tests/post/meta.php" line="168" assertions="4" time="0.098500"/>
        <testcase name="test_delete_meta" class="Tests_Post_Meta" classname="Tests_Post_Meta" file="/var/www/html/test/wordpress_test/inpsyde_test/test/wp-content/plugins/plugintestslughere/tests/unit/tests/post/meta.php" line="188" assertions="4" time="0.098382"/>
        <testcase name="test_update_meta" class="Tests_Post_Meta" classname="Tests_Post_Meta" file="/var/www/html/test/wordpress_test/inpsyde_test/test/wp-content/plugins/plugintestslughere/tests/unit/tests/post/meta.php" line="198" assertions="16" time="0.153687"/>
        <testcase name="test_funky_post_meta" class="Tests_Post_Meta" classname="Tests_Post_Meta" file="/var/www/html/test/wordpress_test/inpsyde_test/test/wp-content/plugins/plugintestslughere/tests/unit/tests/post/meta.php" line="233" assertions="2" time="0.142596"/>
        <testsuite name="Tests_Post_Meta::test_register_post_meta" tests="3" assertions="9" errors="0" failures="0" skipped="0" time="0.116114">
          <testcase name="test_register_post_meta with data set #0" class="Tests_Post_Meta" classname="Tests_Post_Meta" file="/var/www/html/test/wordpress_test/inpsyde_test/test/wp-content/plugins/plugintestslughere/tests/unit/tests/post/meta.php" line="256" assertions="3" time="0.046632"/>
          <testcase name="test_register_post_meta with data set #1" class="Tests_Post_Meta" classname="Tests_Post_Meta" file="/var/www/html/test/wordpress_test/inpsyde_test/test/wp-content/plugins/plugintestslughere/tests/unit/tests/post/meta.php" line="256" assertions="3" time="0.036898"/>
          <testcase name="test_register_post_meta with data set #2" class="Tests_Post_Meta" classname="Tests_Post_Meta" file="/var/www/html/test/wordpress_test/inpsyde_test/test/wp-content/plugins/plugintestslughere/tests/unit/tests/post/meta.php" line="256" assertions="3" time="0.032584"/>
        </testsuite>
        <testsuite name="Tests_Post_Meta::test_unregister_post_meta" tests="3" assertions="3" errors="0" failures="0" skipped="0" time="0.079997">
          <testcase name="test_unregister_post_meta with data set #0" class="Tests_Post_Meta" classname="Tests_Post_Meta" file="/var/www/html/test/wordpress_test/inpsyde_test/test/wp-content/plugins/plugintestslughere/tests/unit/tests/post/meta.php" line="291" assertions="1" time="0.028906"/>
          <testcase name="test_unregister_post_meta with data set #1" class="Tests_Post_Meta" classname="Tests_Post_Meta" file="/var/www/html/test/wordpress_test/inpsyde_test/test/wp-content/plugins/plugintestslughere/tests/unit/tests/post/meta.php" line="291" assertions="1" time="0.025506"/>
          <testcase name="test_unregister_post_meta with data set #2" class="Tests_Post_Meta" classname="Tests_Post_Meta" file="/var/www/html/test/wordpress_test/inpsyde_test/test/wp-content/plugins/plugintestslughere/tests/unit/tests/post/meta.php" line="291" assertions="1" time="0.025585"/>
        </testsuite>
        <testcase name="test_add_metadata_sets_posts_last_changed" class="Tests_Post_Meta" classname="Tests_Post_Meta" file="/var/www/html/test/wordpress_test/inpsyde_test/test/wp-content/plugins/plugintestslughere/tests/unit/tests/post/meta.php" line="316" assertions="2" time="0.085380"/>
        <testcase name="test_update_metadata_sets_posts_last_changed" class="Tests_Post_Meta" classname="Tests_Post_Meta" file="/var/www/html/test/wordpress_test/inpsyde_test/test/wp-content/plugins/plugintestslughere/tests/unit/tests/post/meta.php" line="328" assertions="2" time="0.153666"/>
        <testcase name="test_delete_metadata_sets_posts_last_changed" class="Tests_Post_Meta" classname="Tests_Post_Meta" file="/var/www/html/test/wordpress_test/inpsyde_test/test/wp-content/plugins/plugintestslughere/tests/unit/tests/post/meta.php" line="340" assertions="2" time="0.120079"/>
      </testsuite>
      <testsuite name="Test_Nav_Menus" file="/var/www/html/test/wordpress_test/inpsyde_test/test/wp-content/plugins/plugintestslughere/tests/unit/tests/post/nav-menu.php" tests="29" assertions="69" errors="0" failures="0" skipped="0" time="6.119308">
        <testcase name="test_wp_nav_menu_empty_container" class="Test_Nav_Menus" classname="Test_Nav_Menus" file="/var/www/html/test/wordpress_test/inpsyde_test/test/wp-content/plugins/plugintestslughere/tests/unit/tests/post/nav-menu.php" line="21" assertions="1" time="0.220790"/>
        <testcase name="test_wp_get_associated_nav_menu_items" class="Test_Nav_Menus" classname="Test_Nav_Menus" file="/var/www/html/test/wordpress_test/inpsyde_test/test/wp-content/plugins/plugintestslughere/tests/unit/tests/post/nav-menu.php" line="46" assertions="10" time="1.002583"/>
        <testcase name="test_orphan_nav_menu_item" class="Test_Nav_Menus" classname="Test_Nav_Menus" file="/var/www/html/test/wordpress_test/inpsyde_test/test/wp-content/plugins/plugintestslughere/tests/unit/tests/post/nav-menu.php" line="143" assertions="2" time="0.197236"/>
        <testcase name="test_wp_get_nav_menu_items_with_taxonomy_term" class="Test_Nav_Menus" classname="Test_Nav_Menus" file="/var/www/html/test/wordpress_test/inpsyde_test/test/wp-content/plugins/plugintestslughere/tests/unit/tests/post/nav-menu.php" line="176" assertions="2" time="0.186311"/>
        <testcase name="test_wp_get_nav_menu_name" class="Test_Nav_Menus" classname="Test_Nav_Menus" file="/var/www/html/test/wordpress_test/inpsyde_test/test/wp-content/plugins/plugintestslughere/tests/unit/tests/post/nav-menu.php" line="208" assertions="1" time="0.097621"/>
        <testcase name="test_orderby_name_by_default" class="Test_Nav_Menus" classname="Test_Nav_Menus" file="/var/www/html/test/wordpress_test/inpsyde_test/test/wp-content/plugins/plugintestslughere/tests/unit/tests/post/nav-menu.php" line="227" assertions="1" time="0.121286"/>
        <testcase name="test_wp_setup_nav_menu_item_for_post_type_archive" class="Test_Nav_Menus" classname="Test_Nav_Menus" file="/var/www/html/test/wordpress_test/inpsyde_test/test/wp-content/plugins/plugintestslughere/tests/unit/tests/post/nav-menu.php" line="256" assertions="2" time="0.143144"/>
        <testcase name="test_wp_setup_nav_menu_item_for_post_type_archive_no_description" class="Test_Nav_Menus" classname="Test_Nav_Menus" file="/var/www/html/test/wordpress_test/inpsyde_test/test/wp-content/plugins/plugintestslughere/tests/unit/tests/post/nav-menu.php" line="289" assertions="2" time="0.197549"/>
        <testcase name="test_wp_setup_nav_menu_item_for_post_type_archive_custom_description" class="Test_Nav_Menus" classname="Test_Nav_Menus" file="/var/www/html/test/wordpress_test/inpsyde_test/test/wp-content/plugins/plugintestslughere/tests/unit/tests/post/nav-menu.php" line="320" assertions="2" time="0.109063"/>
        <testcase name="test_wp_setup_nav_menu_item_for_unknown_post_type_archive_no_description" class="Test_Nav_Menus" classname="Test_Nav_Menus" file="/var/www/html/test/wordpress_test/inpsyde_test/test/wp-content/plugins/plugintestslughere/tests/unit/tests/post/nav-menu.php" line="355" assertions="1" time="0.132358"/>
        <testcase name="test_wp_setup_nav_menu_item_for_trashed_post" class="Test_Nav_Menus" classname="Test_Nav_Menus" file="/var/www/html/test/wordpress_test/inpsyde_test/test/wp-content/plugins/plugintestslughere/tests/unit/tests/post/nav-menu.php" line="376" assertions="1" time="0.209858"/>
        <testcase name="test_wp_nav_menu_whitespace_options" class="Test_Nav_Menus" classname="Test_Nav_Menus" file="/var/www/html/test/wordpress_test/inpsyde_test/test/wp-content/plugins/plugintestslughere/tests/unit/tests/post/nav-menu.php" line="402" assertions="4" time="0.450414"/>
        <testcase name="test_wp_nav_menu_filters_are_passed_args_object" class="Test_Nav_Menus" classname="Test_Nav_Menus" file="/var/www/html/test/wordpress_test/inpsyde_test/test/wp-content/plugins/plugintestslughere/tests/unit/tests/post/nav-menu.php" line="489" assertions="9" time="0.175830"/>
        <testcase name="test_no_front_page_class_applied" class="Test_Nav_Menus" classname="Test_Nav_Menus" file="/var/www/html/test/wordpress_test/inpsyde_test/test/wp-content/plugins/plugintestslughere/tests/unit/tests/post/nav-menu.php" line="577" assertions="1" time="0.110041"/>
        <testcase name="test_class_applied_to_front_page_item" class="Test_Nav_Menus" classname="Test_Nav_Menus" file="/var/www/html/test/wordpress_test/inpsyde_test/test/wp-content/plugins/plugintestslughere/tests/unit/tests/post/nav-menu.php" line="608" assertions="1" time="0.164655"/>
        <testcase name="test_class_not_applied_to_taxonomies_with_same_id_as_front_page_item" class="Test_Nav_Menus" classname="Test_Nav_Menus" file="/var/www/html/test/wordpress_test/inpsyde_test/test/wp-content/plugins/plugintestslughere/tests/unit/tests/post/nav-menu.php" line="641" assertions="1" time="0.219757"/>
        <testcase name="test_wp_delete_customize_changeset_dependent_auto_drafts" class="Test_Nav_Menus" classname="Test_Nav_Menus" file="/var/www/html/test/wordpress_test/inpsyde_test/test/wp-content/plugins/plugintestslughere/tests/unit/tests/post/nav-menu.php" line="684" assertions="6" time="0.330760"/>
        <testcase name="test_parent_ancestor_for_post_archive" class="Test_Nav_Menus" classname="Test_Nav_Menus" file="/var/www/html/test/wordpress_test/inpsyde_test/test/wp-content/plugins/plugintestslughere/tests/unit/tests/post/nav-menu.php" line="738" assertions="11" time="0.318027"/>
        <testsuite name="Test_Nav_Menus::test_iri_current_menu_item" tests="6" assertions="6" errors="0" failures="0" skipped="0" time="0.931871">
          <testcase name="test_iri_current_menu_item with data set #0" class="Test_Nav_Menus" classname="Test_Nav_Menus" file="/var/www/html/test/wordpress_test/inpsyde_test/test/wp-content/plugins/plugintestslughere/tests/unit/tests/post/nav-menu.php" line="839" assertions="1" time="0.130977"/>
          <testcase name="test_iri_current_menu_item with data set #1" class="Test_Nav_Menus" classname="Test_Nav_Menus" file="/var/www/html/test/wordpress_test/inpsyde_test/test/wp-content/plugins/plugintestslughere/tests/unit/tests/post/nav-menu.php" line="839" assertions="1" time="0.132061"/>
          <testcase name="test_iri_current_menu_item with data set #2" class="Test_Nav_Menus" classname="Test_Nav_Menus" file="/var/www/html/test/wordpress_test/inpsyde_test/test/wp-content/plugins/plugintestslughere/tests/unit/tests/post/nav-menu.php" line="839" assertions="1" time="0.152835"/>
          <testcase name="test_iri_current_menu_item with data set #3" class="Test_Nav_Menus" classname="Test_Nav_Menus" file="/var/www/html/test/wordpress_test/inpsyde_test/test/wp-content/plugins/plugintestslughere/tests/unit/tests/post/nav-menu.php" line="839" assertions="1" time="0.176058"/>
          <testcase name="test_iri_current_menu_item with data set #4" class="Test_Nav_Menus" classname="Test_Nav_Menus" file="/var/www/html/test/wordpress_test/inpsyde_test/test/wp-content/plugins/plugintestslughere/tests/unit/tests/post/nav-menu.php" line="839" assertions="1" time="0.164637"/>
          <testcase name="test_iri_current_menu_item with data set #5" class="Test_Nav_Menus" classname="Test_Nav_Menus" file="/var/www/html/test/wordpress_test/inpsyde_test/test/wp-content/plugins/plugintestslughere/tests/unit/tests/post/nav-menu.php" line="839" assertions="1" time="0.175303"/>
        </testsuite>
        <testcase name="test_no_privacy_policy_class_applied" class="Test_Nav_Menus" classname="Test_Nav_Menus" file="/var/www/html/test/wordpress_test/inpsyde_test/test/wp-content/plugins/plugintestslughere/tests/unit/tests/post/nav-menu.php" line="868" assertions="1" time="0.196751"/>
        <testcase name="test_class_applied_to_privacy_policy_page_item" class="Test_Nav_Menus" classname="Test_Nav_Menus" file="/var/www/html/test/wordpress_test/inpsyde_test/test/wp-content/plugins/plugintestslughere/tests/unit/tests/post/nav-menu.php" line="899" assertions="1" time="0.121294"/>
        <testsuite name="Test_Nav_Menus::test_trim_url_for_custom_item" tests="2" assertions="2" errors="0" failures="0" skipped="0" time="0.294892">
          <testcase name="test_trim_url_for_custom_item with data set #0" class="Test_Nav_Menus" classname="Test_Nav_Menus" file="/var/www/html/test/wordpress_test/inpsyde_test/test/wp-content/plugins/plugintestslughere/tests/unit/tests/post/nav-menu.php" line="933" assertions="1" time="0.141515"/>
          <testcase name="test_trim_url_for_custom_item with data set #1" class="Test_Nav_Menus" classname="Test_Nav_Menus" file="/var/www/html/test/wordpress_test/inpsyde_test/test/wp-content/plugins/plugintestslughere/tests/unit/tests/post/nav-menu.php" line="933" assertions="1" time="0.153377"/>
        </testsuite>
        <testcase name="test_wp_update_nav_menu_item_with_special_characters_in_category_name" class="Test_Nav_Menus" classname="Test_Nav_Menus" file="/var/www/html/test/wordpress_test/inpsyde_test/test/wp-content/plugins/plugintestslughere/tests/unit/tests/post/nav-menu.php" line="967" assertions="1" time="0.187217"/>
      </testsuite>
      <testsuite name="Tests_Post_Objects" file="/var/www/html/test/wordpress_test/inpsyde_test/test/wp-content/plugins/plugintestslughere/tests/unit/tests/post/objects.php" tests="10" assertions="82" errors="0" failures="0" skipped="0" time="1.269014">
        <testcase name="test_get_post" class="Tests_Post_Objects" classname="Tests_Post_Objects" file="/var/www/html/test/wordpress_test/inpsyde_test/test/wp-content/plugins/plugintestslughere/tests/unit/tests/post/objects.php" line="8" assertions="26" time="0.095005"/>
        <testcase name="test_get_post_ancestors" class="Tests_Post_Objects" classname="Tests_Post_Objects" file="/var/www/html/test/wordpress_test/inpsyde_test/test/wp-content/plugins/plugintestslughere/tests/unit/tests/post/objects.php" line="69" assertions="11" time="0.219665"/>
        <testcase name="test_get_post_ancestors_with_falsey_values" class="Tests_Post_Objects" classname="Tests_Post_Objects" file="/var/www/html/test/wordpress_test/inpsyde_test/test/wp-content/plugins/plugintestslughere/tests/unit/tests/post/objects.php" line="104" assertions="10" time="0.022279"/>
        <testcase name="test_get_post_category_property" class="Tests_Post_Objects" classname="Tests_Post_Objects" file="/var/www/html/test/wordpress_test/inpsyde_test/test/wp-content/plugins/plugintestslughere/tests/unit/tests/post/objects.php" line="111" assertions="7" time="0.120309"/>
        <testcase name="test_get_tags_input_property" class="Tests_Post_Objects" classname="Tests_Post_Objects" file="/var/www/html/test/wordpress_test/inpsyde_test/test/wp-content/plugins/plugintestslughere/tests/unit/tests/post/objects.php" line="130" assertions="8" time="0.164959"/>
        <testcase name="test_get_page_template_property" class="Tests_Post_Objects" classname="Tests_Post_Objects" file="/var/www/html/test/wordpress_test/inpsyde_test/test/wp-content/plugins/plugintestslughere/tests/unit/tests/post/objects.php" line="147" assertions="4" time="0.120549"/>
        <testcase name="test_get_post_filter" class="Tests_Post_Objects" classname="Tests_Post_Objects" file="/var/www/html/test/wordpress_test/inpsyde_test/test/wp-content/plugins/plugintestslughere/tests/unit/tests/post/objects.php" line="160" assertions="8" time="0.186201"/>
        <testcase name="test_get_post_identity" class="Tests_Post_Objects" classname="Tests_Post_Objects" file="/var/www/html/test/wordpress_test/inpsyde_test/test/wp-content/plugins/plugintestslughere/tests/unit/tests/post/objects.php" line="187" assertions="2" time="0.109922"/>
        <testcase name="test_get_post_array" class="Tests_Post_Objects" classname="Tests_Post_Objects" file="/var/www/html/test/wordpress_test/inpsyde_test/test/wp-content/plugins/plugintestslughere/tests/unit/tests/post/objects.php" line="196" assertions="3" time="0.109986"/>
        <testcase name="test_get_post_cache" class="Tests_Post_Objects" classname="Tests_Post_Objects" file="/var/www/html/test/wordpress_test/inpsyde_test/test/wp-content/plugins/plugintestslughere/tests/unit/tests/post/objects.php" line="209" assertions="3" time="0.120139"/>
      </testsuite>
      <testsuite name="Tests_Post_Output" file="/var/www/html/test/wordpress_test/inpsyde_test/test/wp-content/plugins/plugintestslughere/tests/unit/tests/post/output.php" tests="9" assertions="58" errors="0" failures="0" skipped="0" time="1.114050">
        <testcase name="test_the_content" class="Tests_Post_Output" classname="Tests_Post_Output" file="/var/www/html/test/wordpress_test/inpsyde_test/test/wp-content/plugins/plugintestslughere/tests/unit/tests/post/output.php" line="42" assertions="4" time="0.094560"/>
        <testcase name="test_the_content_shortcode" class="Tests_Post_Output" classname="Tests_Post_Output" file="/var/www/html/test/wordpress_test/inpsyde_test/test/wp-content/plugins/plugintestslughere/tests/unit/tests/post/output.php" line="65" assertions="4" time="0.131582"/>
        <testcase name="test_the_content_shortcode_paragraph" class="Tests_Post_Output" classname="Tests_Post_Output" file="/var/www/html/test/wordpress_test/inpsyde_test/test/wp-content/plugins/plugintestslughere/tests/unit/tests/post/output.php" line="93" assertions="4" time="0.130673"/>
        <testcase name="test_the_content_attribute_filtering" class="Tests_Post_Output" classname="Tests_Post_Output" file="/var/www/html/test/wordpress_test/inpsyde_test/test/wp-content/plugins/plugintestslughere/tests/unit/tests/post/output.php" line="131" assertions="4" time="0.109910"/>
        <testcase name="test_the_content_attribute_value_with_colon" class="Tests_Post_Output" classname="Tests_Post_Output" file="/var/www/html/test/wordpress_test/inpsyde_test/test/wp-content/plugins/plugintestslughere/tests/unit/tests/post/output.php" line="155" assertions="4" time="0.131819"/>
        <testcase name="test_the_content_should_handle_more_block_on_singular" class="Tests_Post_Output" classname="Tests_Post_Output" file="/var/www/html/test/wordpress_test/inpsyde_test/test/wp-content/plugins/plugintestslughere/tests/unit/tests/post/output.php" line="186" assertions="5" time="0.110130"/>
        <testcase name="test_the_content_should_handle_more_block_when_noteaser_on_singular" class="Tests_Post_Output" classname="Tests_Post_Output" file="/var/www/html/test/wordpress_test/inpsyde_test/test/wp-content/plugins/plugintestslughere/tests/unit/tests/post/output.php" line="235" assertions="5" time="0.142130"/>
        <testcase name="test_the_content_should_handle_more_block_when_non_singular" class="Tests_Post_Output" classname="Tests_Post_Output" file="/var/www/html/test/wordpress_test/inpsyde_test/test/wp-content/plugins/plugintestslughere/tests/unit/tests/post/output.php" line="279" assertions="13" time="0.142309"/>
        <testcase name="test_the_content_should_handle_more_block_when_noteaser_on_non_singular" class="Tests_Post_Output" classname="Tests_Post_Output" file="/var/www/html/test/wordpress_test/inpsyde_test/test/wp-content/plugins/plugintestslughere/tests/unit/tests/post/output.php" line="324" assertions="15" time="0.120937"/>
      </testsuite>
      <testsuite name="Tests_Ping_and_Trackback_Sending" file="/var/www/html/test/wordpress_test/inpsyde_test/test/wp-content/plugins/plugintestslughere/tests/unit/tests/post/pings.php" tests="7" assertions="7" errors="0" failures="0" skipped="0" time="0.791375">
        <testcase name="test_returns_to_ping_sites_from_post_id" class="Tests_Ping_and_Trackback_Sending" classname="Tests_Ping_and_Trackback_Sending" file="/var/www/html/test/wordpress_test/inpsyde_test/test/wp-content/plugins/plugintestslughere/tests/unit/tests/post/pings.php" line="9" assertions="1" time="0.112052"/>
        <testcase name="test_returns_to_ping_sites_from_post_object" class="Tests_Ping_and_Trackback_Sending" classname="Tests_Ping_and_Trackback_Sending" file="/var/www/html/test/wordpress_test/inpsyde_test/test/wp-content/plugins/plugintestslughere/tests/unit/tests/post/pings.php" line="19" assertions="1" time="0.120361"/>
        <testcase name="test_returns_pinged_sites_from_post_id" class="Tests_Ping_and_Trackback_Sending" classname="Tests_Ping_and_Trackback_Sending" file="/var/www/html/test/wordpress_test/inpsyde_test/test/wp-content/plugins/plugintestslughere/tests/unit/tests/post/pings.php" line="30" assertions="1" time="0.142282"/>
        <testcase name="test_returns_pinged_sites_from_post_object" class="Tests_Ping_and_Trackback_Sending" classname="Tests_Ping_and_Trackback_Sending" file="/var/www/html/test/wordpress_test/inpsyde_test/test/wp-content/plugins/plugintestslughere/tests/unit/tests/post/pings.php" line="35" assertions="1" time="0.131620"/>
        <testcase name="test_add_ping_with_post_id" class="Tests_Ping_and_Trackback_Sending" classname="Tests_Ping_and_Trackback_Sending" file="/var/www/html/test/wordpress_test/inpsyde_test/test/wp-content/plugins/plugintestslughere/tests/unit/tests/post/pings.php" line="41" assertions="1" time="0.099021"/>
        <testcase name="test_add_ping_array_with_post_id" class="Tests_Ping_and_Trackback_Sending" classname="Tests_Ping_and_Trackback_Sending" file="/var/www/html/test/wordpress_test/inpsyde_test/test/wp-content/plugins/plugintestslughere/tests/unit/tests/post/pings.php" line="49" assertions="1" time="0.098260"/>
        <testcase name="test_add_ping_with_post_object" class="Tests_Ping_and_Trackback_Sending" classname="Tests_Ping_and_Trackback_Sending" file="/var/www/html/test/wordpress_test/inpsyde_test/test/wp-content/plugins/plugintestslughere/tests/unit/tests/post/pings.php" line="55" assertions="1" time="0.087779"/>
      </testsuite>
      <testsuite name="Tests_Post_PostClass" file="/var/www/html/test/wordpress_test/inpsyde_test/test/wp-content/plugins/plugintestslughere/tests/unit/tests/post/postClass.php" tests="2" assertions="2" errors="0" failures="0" skipped="0" time="0.247117">
        <testcase name="test_post_class" class="Tests_Post_PostClass" classname="Tests_Post_PostClass" file="/var/www/html/test/wordpress_test/inpsyde_test/test/wp-content/plugins/plugintestslughere/tests/unit/tests/post/postClass.php" line="15" assertions="1" time="0.115641"/>
        <testcase name="test_post_class_extra_esc_attr" class="Tests_Post_PostClass" classname="Tests_Post_PostClass" file="/var/www/html/test/wordpress_test/inpsyde_test/test/wp-content/plugins/plugintestslughere/tests/unit/tests/post/postClass.php" line="21" assertions="1" time="0.131476"/>
      </testsuite>
      <testsuite name="Tests_Post_Query" file="/var/www/html/test/wordpress_test/inpsyde_test/test/wp-content/plugins/plugintestslughere/tests/unit/tests/post/query.php" tests="28" assertions="88" errors="0" failures="0" skipped="0" time="3.743972">
        <testcase name="test_category__and_var" class="Tests_Post_Query" classname="Tests_Post_Query" file="/var/www/html/test/wordpress_test/inpsyde_test/test/wp-content/plugins/plugintestslughere/tests/unit/tests/post/query.php" line="11" assertions="11" time="0.275778"/>
        <testcase name="test_empty_category__in" class="Tests_Post_Query" classname="Tests_Post_Query" file="/var/www/html/test/wordpress_test/inpsyde_test/test/wp-content/plugins/plugintestslughere/tests/unit/tests/post/query.php" line="53" assertions="6" time="0.186443"/>
        <testcase name="test_the_posts_filter" class="Tests_Post_Query" classname="Tests_Post_Query" file="/var/www/html/test/wordpress_test/inpsyde_test/test/wp-content/plugins/plugintestslughere/tests/unit/tests/post/query.php" line="82" assertions="14" time="0.219314"/>
        <testcase name="test_post__in_ordering" class="Tests_Post_Query" classname="Tests_Post_Query" file="/var/www/html/test/wordpress_test/inpsyde_test/test/wp-content/plugins/plugintestslughere/tests/unit/tests/post/query.php" line="131" assertions="1" time="0.142249"/>
        <testcase name="test_orderby_post__in_array" class="Tests_Post_Query" classname="Tests_Post_Query" file="/var/www/html/test/wordpress_test/inpsyde_test/test/wp-content/plugins/plugintestslughere/tests/unit/tests/post/query.php" line="180" assertions="1" time="0.219762"/>
        <testcase name="test_orderby_post__in_array_with_implied_order" class="Tests_Post_Query" classname="Tests_Post_Query" file="/var/www/html/test/wordpress_test/inpsyde_test/test/wp-content/plugins/plugintestslughere/tests/unit/tests/post/query.php" line="198" assertions="1" time="0.440601"/>
        <testcase name="test_post__in_attachment_ordering" class="Tests_Post_Query" classname="Tests_Post_Query" file="/var/www/html/test/wordpress_test/inpsyde_test/test/wp-content/plugins/plugintestslughere/tests/unit/tests/post/query.php" line="213" assertions="1" time="0.197358"/>
        <testcase name="test_post_name__in_ordering" class="Tests_Post_Query" classname="Tests_Post_Query" file="/var/www/html/test/wordpress_test/inpsyde_test/test/wp-content/plugins/plugintestslughere/tests/unit/tests/post/query.php" line="277" assertions="1" time="0.108982"/>
        <testcase name="test_post_status" class="Tests_Post_Query" classname="Tests_Post_Query" file="/var/www/html/test/wordpress_test/inpsyde_test/test/wp-content/plugins/plugintestslughere/tests/unit/tests/post/query.php" line="311" assertions="6" time="0.024285"/>
        <testcase name="test_orderby_array" class="Tests_Post_Query" classname="Tests_Post_Query" file="/var/www/html/test/wordpress_test/inpsyde_test/test/wp-content/plugins/plugintestslughere/tests/unit/tests/post/query.php" line="334" assertions="5" time="0.025850"/>
        <testcase name="test_order" class="Tests_Post_Query" classname="Tests_Post_Query" file="/var/www/html/test/wordpress_test/inpsyde_test/test/wp-content/plugins/plugintestslughere/tests/unit/tests/post/query.php" line="370" assertions="3" time="0.026062"/>
        <testcase name="test_orderby" class="Tests_Post_Query" classname="Tests_Post_Query" file="/var/www/html/test/wordpress_test/inpsyde_test/test/wp-content/plugins/plugintestslughere/tests/unit/tests/post/query.php" line="410" assertions="15" time="0.029897"/>
        <testcase name="test_orderby_rand_with_seed" class="Tests_Post_Query" classname="Tests_Post_Query" file="/var/www/html/test/wordpress_test/inpsyde_test/test/wp-content/plugins/plugintestslughere/tests/unit/tests/post/query.php" line="445" assertions="1" time="0.023391"/>
        <testcase name="test_orderby_rand_should_ignore_invalid_seed" class="Tests_Post_Query" classname="Tests_Post_Query" file="/var/www/html/test/wordpress_test/inpsyde_test/test/wp-content/plugins/plugintestslughere/tests/unit/tests/post/query.php" line="458" assertions="1" time="0.023454"/>
        <testcase name="test_orderby_rand_with_seed_should_be_case_insensitive" class="Tests_Post_Query" classname="Tests_Post_Query" file="/var/www/html/test/wordpress_test/inpsyde_test/test/wp-content/plugins/plugintestslughere/tests/unit/tests/post/query.php" line="471" assertions="1" time="0.022260"/>
        <testcase name="test_post_name__in" class="Tests_Post_Query" classname="Tests_Post_Query" file="/var/www/html/test/wordpress_test/inpsyde_test/test/wp-content/plugins/plugintestslughere/tests/unit/tests/post/query.php" line="486" assertions="2" time="0.130001"/>
        <testcase name="test_posts_pre_query_filter_should_bypass_database_query" class="Tests_Post_Query" classname="Tests_Post_Query" file="/var/www/html/test/wordpress_test/inpsyde_test/test/wp-content/plugins/plugintestslughere/tests/unit/tests/post/query.php" line="538" assertions="2" time="0.037651"/>
        <testcase name="test_posts_pre_query_filter_should_respect_set_found_posts" class="Tests_Post_Query" classname="Tests_Post_Query" file="/var/www/html/test/wordpress_test/inpsyde_test/test/wp-content/plugins/plugintestslughere/tests/unit/tests/post/query.php" line="564" assertions="2" time="0.138648"/>
        <testcase name="test_set_found_posts_fields_ids" class="Tests_Post_Query" classname="Tests_Post_Query" file="/var/www/html/test/wordpress_test/inpsyde_test/test/wp-content/plugins/plugintestslughere/tests/unit/tests/post/query.php" line="599" assertions="2" time="0.120299"/>
        <testcase name="test_set_found_posts_fields_idparent" class="Tests_Post_Query" classname="Tests_Post_Query" file="/var/www/html/test/wordpress_test/inpsyde_test/test/wp-content/plugins/plugintestslughere/tests/unit/tests/post/query.php" line="623" assertions="2" time="0.120244"/>
        <testcase name="test_set_found_posts_fields_split_the_query" class="Tests_Post_Query" classname="Tests_Post_Query" file="/var/www/html/test/wordpress_test/inpsyde_test/test/wp-content/plugins/plugintestslughere/tests/unit/tests/post/query.php" line="646" assertions="2" time="0.120532"/>
        <testcase name="test_set_found_posts_fields_not_split_the_query" class="Tests_Post_Query" classname="Tests_Post_Query" file="/var/www/html/test/wordpress_test/inpsyde_test/test/wp-content/plugins/plugintestslughere/tests/unit/tests/post/query.php" line="672" assertions="2" time="0.109927"/>
        <testsuite name="Tests_Post_Query::test_set_found_posts_not_posts_as_an_array" tests="4" assertions="4" errors="0" failures="0" skipped="0" time="0.105210">
          <testcase name="test_set_found_posts_not_posts_as_an_array with data set #0" class="Tests_Post_Query" classname="Tests_Post_Query" file="/var/www/html/test/wordpress_test/inpsyde_test/test/wp-content/plugins/plugintestslughere/tests/unit/tests/post/query.php" line="711" assertions="1" time="0.030447"/>
          <testcase name="test_set_found_posts_not_posts_as_an_array with data set #1" class="Tests_Post_Query" classname="Tests_Post_Query" file="/var/www/html/test/wordpress_test/inpsyde_test/test/wp-content/plugins/plugintestslughere/tests/unit/tests/post/query.php" line="711" assertions="1" time="0.026553"/>
          <testcase name="test_set_found_posts_not_posts_as_an_array with data set #2" class="Tests_Post_Query" classname="Tests_Post_Query" file="/var/www/html/test/wordpress_test/inpsyde_test/test/wp-content/plugins/plugintestslughere/tests/unit/tests/post/query.php" line="711" assertions="1" time="0.024308"/>
          <testcase name="test_set_found_posts_not_posts_as_an_array with data set #3" class="Tests_Post_Query" classname="Tests_Post_Query" file="/var/www/html/test/wordpress_test/inpsyde_test/test/wp-content/plugins/plugintestslughere/tests/unit/tests/post/query.php" line="711" assertions="1" time="0.023902"/>
        </testsuite>
        <testcase name="test_found_posts_should_be_integer_not_string" class="Tests_Post_Query" classname="Tests_Post_Query" file="/var/www/html/test/wordpress_test/inpsyde_test/test/wp-content/plugins/plugintestslughere/tests/unit/tests/post/query.php" line="731" assertions="1" time="0.090357"/>
        <testcase name="test_found_posts_should_be_integer_even_if_found_posts_filter_returns_string_value" class="Tests_Post_Query" classname="Tests_Post_Query" file="/var/www/html/test/wordpress_test/inpsyde_test/test/wp-content/plugins/plugintestslughere/tests/unit/tests/post/query.php" line="746" assertions="1" time="0.805417"/>
      </testsuite>
      <testsuite name="Tests_Post_Revisions" file="/var/www/html/test/wordpress_test/inpsyde_test/test/wp-content/plugins/plugintestslughere/tests/unit/tests/post/revisions.php" tests="12" assertions="52" errors="0" failures="0" skipped="0" time="2.307055">
        <testcase name="test_revision_restore_updates_edit_last_post_meta" class="Tests_Post_Revisions" classname="Tests_Post_Revisions" file="/var/www/html/test/wordpress_test/inpsyde_test/test/wp-content/plugins/plugintestslughere/tests/unit/tests/post/revisions.php" line="34" assertions="4" time="0.253450"/>
        <testcase name="test_revision_dont_save_revision_if_unchanged" class="Tests_Post_Revisions" classname="Tests_Post_Revisions" file="/var/www/html/test/wordpress_test/inpsyde_test/test/wp-content/plugins/plugintestslughere/tests/unit/tests/post/revisions.php" line="77" assertions="7" time="0.373101"/>
        <testcase name="test_revision_force_save_revision_even_if_unchanged" class="Tests_Post_Revisions" classname="Tests_Post_Revisions" file="/var/www/html/test/wordpress_test/inpsyde_test/test/wp-content/plugins/plugintestslughere/tests/unit/tests/post/revisions.php" line="147" assertions="7" time="0.362345"/>
        <testcase name="test_revision_view_caps_post" class="Tests_Post_Revisions" classname="Tests_Post_Revisions" file="/var/www/html/test/wordpress_test/inpsyde_test/test/wp-content/plugins/plugintestslughere/tests/unit/tests/post/revisions.php" line="222" assertions="4" time="0.131791"/>
        <testcase name="test_revision_restore_caps_post" class="Tests_Post_Revisions" classname="Tests_Post_Revisions" file="/var/www/html/test/wordpress_test/inpsyde_test/test/wp-content/plugins/plugintestslughere/tests/unit/tests/post/revisions.php" line="255" assertions="3" time="0.120807"/>
        <testcase name="test_revision_diff_caps_post" class="Tests_Post_Revisions" classname="Tests_Post_Revisions" file="/var/www/html/test/wordpress_test/inpsyde_test/test/wp-content/plugins/plugintestslughere/tests/unit/tests/post/revisions.php" line="286" assertions="5" time="0.143263"/>
        <testcase name="test_revision_view_caps_cpt" class="Tests_Post_Revisions" classname="Tests_Post_Revisions" file="/var/www/html/test/wordpress_test/inpsyde_test/test/wp-content/plugins/plugintestslughere/tests/unit/tests/post/revisions.php" line="324" assertions="4" time="0.175714"/>
        <testcase name="test_revision_restore_caps_cpt" class="Tests_Post_Revisions" classname="Tests_Post_Revisions" file="/var/www/html/test/wordpress_test/inpsyde_test/test/wp-content/plugins/plugintestslughere/tests/unit/tests/post/revisions.php" line="366" assertions="3" time="0.133064"/>
        <testcase name="test_revision_restore_caps_before_publish" class="Tests_Post_Revisions" classname="Tests_Post_Revisions" file="/var/www/html/test/wordpress_test/inpsyde_test/test/wp-content/plugins/plugintestslughere/tests/unit/tests/post/revisions.php" line="412" assertions="8" time="0.185195"/>
        <testcase name="test_revision_diff_caps_cpt" class="Tests_Post_Revisions" classname="Tests_Post_Revisions" file="/var/www/html/test/wordpress_test/inpsyde_test/test/wp-content/plugins/plugintestslughere/tests/unit/tests/post/revisions.php" line="472" assertions="5" time="0.154472"/>
        <testcase name="test_wp_get_post_revisions_should_order_by_post_date" class="Tests_Post_Revisions" classname="Tests_Post_Revisions" file="/var/www/html/test/wordpress_test/inpsyde_test/test/wp-content/plugins/plugintestslughere/tests/unit/tests/post/revisions.php" line="517" assertions="1" time="0.152933"/>
        <testcase name="test_wp_get_post_revisions_should_order_by_ID_when_post_date_matches" class="Tests_Post_Revisions" classname="Tests_Post_Revisions" file="/var/www/html/test/wordpress_test/inpsyde_test/test/wp-content/plugins/plugintestslughere/tests/unit/tests/post/revisions.php" line="553" assertions="1" time="0.120920"/>
      </testsuite>
      <testsuite name="Tests_Post_Slashes" file="/var/www/html/test/wordpress_test/inpsyde_test/test/wp-content/plugins/plugintestslughere/tests/unit/tests/post/slashes.php" tests="4" assertions="26" errors="0" failures="0" skipped="0" time="0.856594">
        <testcase name="test_edit_post" class="Tests_Post_Slashes" classname="Tests_Post_Slashes" file="/var/www/html/test/wordpress_test/inpsyde_test/test/wp-content/plugins/plugintestslughere/tests/unit/tests/post/slashes.php" line="36" assertions="6" time="0.294686"/>
        <testcase name="test_wp_insert_post" class="Tests_Post_Slashes" classname="Tests_Post_Slashes" file="/var/www/html/test/wordpress_test/inpsyde_test/test/wp-content/plugins/plugintestslughere/tests/unit/tests/post/slashes.php" line="73" assertions="6" time="0.177128"/>
        <testcase name="test_wp_update_post" class="Tests_Post_Slashes" classname="Tests_Post_Slashes" file="/var/www/html/test/wordpress_test/inpsyde_test/test/wp-content/plugins/plugintestslughere/tests/unit/tests/post/slashes.php" line="109" assertions="6" time="0.164904"/>
        <testcase name="test_wp_trash_untrash" class="Tests_Post_Slashes" classname="Tests_Post_Slashes" file="/var/www/html/test/wordpress_test/inpsyde_test/test/wp-content/plugins/plugintestslughere/tests/unit/tests/post/slashes.php" line="144" assertions="8" time="0.219876"/>
      </testsuite>
      <testsuite name="Tests_Post_Template" file="/var/www/html/test/wordpress_test/inpsyde_test/test/wp-content/plugins/plugintestslughere/tests/unit/tests/post/template.php" tests="13" assertions="35" errors="0" failures="0" skipped="0" time="1.427766">
        <testcase name="test_wp_link_pages" class="Tests_Post_Template" classname="Tests_Post_Template" file="/var/www/html/test/wordpress_test/inpsyde_test/test/wp-content/plugins/plugintestslughere/tests/unit/tests/post/template.php" line="8" assertions="9" time="0.122000"/>
        <testcase name="test_wp_dropdown_pages" class="Tests_Post_Template" classname="Tests_Post_Template" file="/var/www/html/test/wordpress_test/inpsyde_test/test/wp-content/plugins/plugintestslughere/tests/unit/tests/post/template.php" line="134" assertions="5" time="0.186619"/>
        <testcase name="test_wp_dropdown_pages_value_field_should_default_to_ID" class="Tests_Post_Template" classname="Tests_Post_Template" file="/var/www/html/test/wordpress_test/inpsyde_test/test/wp-content/plugins/plugintestslughere/tests/unit/tests/post/template.php" line="226" assertions="1" time="0.087696"/>
        <testcase name="test_wp_dropdown_pages_value_field_ID" class="Tests_Post_Template" classname="Tests_Post_Template" file="/var/www/html/test/wordpress_test/inpsyde_test/test/wp-content/plugins/plugintestslughere/tests/unit/tests/post/template.php" line="246" assertions="1" time="0.087731"/>
        <testcase name="test_wp_dropdown_pages_value_field_post_name" class="Tests_Post_Template" classname="Tests_Post_Template" file="/var/www/html/test/wordpress_test/inpsyde_test/test/wp-content/plugins/plugintestslughere/tests/unit/tests/post/template.php" line="266" assertions="1" time="0.098577"/>
        <testcase name="test_wp_dropdown_pages_value_field_should_fall_back_on_ID_when_an_invalid_value_is_provided" class="Tests_Post_Template" classname="Tests_Post_Template" file="/var/www/html/test/wordpress_test/inpsyde_test/test/wp-content/plugins/plugintestslughere/tests/unit/tests/post/template.php" line="287" assertions="1" time="0.098362"/>
        <testcase name="test_wp_dropdown_pages_should_not_contain_class_attribute_when_no_class_is_passed" class="Tests_Post_Template" classname="Tests_Post_Template" file="/var/www/html/test/wordpress_test/inpsyde_test/test/wp-content/plugins/plugintestslughere/tests/unit/tests/post/template.php" line="308" assertions="1" time="0.098797"/>
        <testcase name="test_wp_dropdown_pages_should_obey_class_parameter" class="Tests_Post_Template" classname="Tests_Post_Template" file="/var/www/html/test/wordpress_test/inpsyde_test/test/wp-content/plugins/plugintestslughere/tests/unit/tests/post/template.php" line="328" assertions="1" time="0.087781"/>
        <testcase name="test_get_page_template_slug_by_id" class="Tests_Post_Template" classname="Tests_Post_Template" file="/var/www/html/test/wordpress_test/inpsyde_test/test/wp-content/plugins/plugintestslughere/tests/unit/tests/post/template.php" line="349" assertions="3" time="0.088268"/>
        <testcase name="test_get_page_template_slug_from_loop" class="Tests_Post_Template" classname="Tests_Post_Template" file="/var/www/html/test/wordpress_test/inpsyde_test/test/wp-content/plugins/plugintestslughere/tests/unit/tests/post/template.php" line="368" assertions="1" time="0.087426"/>
        <testcase name="test_get_page_template_slug_non_page" class="Tests_Post_Template" classname="Tests_Post_Template" file="/var/www/html/test/wordpress_test/inpsyde_test/test/wp-content/plugins/plugintestslughere/tests/unit/tests/post/template.php" line="385" assertions="3" time="0.087694"/>
        <testcase name="test_get_page_template_slug_non_page_from_loop" class="Tests_Post_Template" classname="Tests_Post_Template" file="/var/www/html/test/wordpress_test/inpsyde_test/test/wp-content/plugins/plugintestslughere/tests/unit/tests/post/template.php" line="401" assertions="1" time="0.165610"/>
        <testcase name="test_wp_page_menu_wp_nav_menu_fallback" class="Tests_Post_Template" classname="Tests_Post_Template" file="/var/www/html/test/wordpress_test/inpsyde_test/test/wp-content/plugins/plugintestslughere/tests/unit/tests/post/template.php" line="415" assertions="7" time="0.131205"/>
      </testsuite>
      <testsuite name="Tests_Post_Thumbnail_Template" file="/var/www/html/test/wordpress_test/inpsyde_test/test/wp-content/plugins/plugintestslughere/tests/unit/tests/post/thumbnails.php" tests="18" assertions="44" errors="0" failures="0" skipped="0" time="1.919113">
        <testcase name="test_has_post_thumbnail" class="Tests_Post_Thumbnail_Template" classname="Tests_Post_Thumbnail_Template" file="/var/www/html/test/wordpress_test/inpsyde_test/test/wp-content/plugins/plugintestslughere/tests/unit/tests/post/thumbnails.php" line="34" assertions="8" time="0.126742"/>
        <testcase name="test_get_post_thumbnail_id" class="Tests_Post_Thumbnail_Template" classname="Tests_Post_Thumbnail_Template" file="/var/www/html/test/wordpress_test/inpsyde_test/test/wp-content/plugins/plugintestslughere/tests/unit/tests/post/thumbnails.php" line="56" assertions="6" time="0.098357"/>
        <testcase name="test_update_post_thumbnail_cache" class="Tests_Post_Thumbnail_Template" classname="Tests_Post_Thumbnail_Template" file="/var/www/html/test/wordpress_test/inpsyde_test/test/wp-content/plugins/plugintestslughere/tests/unit/tests/post/thumbnails.php" line="71" assertions="2" time="0.109122"/>
        <testcase name="test_get_the_post_thumbnail_caption" class="Tests_Post_Thumbnail_Template" classname="Tests_Post_Thumbnail_Template" file="/var/www/html/test/wordpress_test/inpsyde_test/test/wp-content/plugins/plugintestslughere/tests/unit/tests/post/thumbnails.php" line="92" assertions="2" time="0.142512"/>
        <testcase name="test_get_the_post_thumbnail_caption_empty" class="Tests_Post_Thumbnail_Template" classname="Tests_Post_Thumbnail_Template" file="/var/www/html/test/wordpress_test/inpsyde_test/test/wp-content/plugins/plugintestslughere/tests/unit/tests/post/thumbnails.php" line="116" assertions="1" time="0.175607"/>
        <testcase name="test_the_post_thumbnail_caption" class="Tests_Post_Thumbnail_Template" classname="Tests_Post_Thumbnail_Template" file="/var/www/html/test/wordpress_test/inpsyde_test/test/wp-content/plugins/plugintestslughere/tests/unit/tests/post/thumbnails.php" line="136" assertions="1" time="0.131552"/>
        <testcase name="test_get_the_post_thumbnail" class="Tests_Post_Thumbnail_Template" classname="Tests_Post_Thumbnail_Template" file="/var/www/html/test/wordpress_test/inpsyde_test/test/wp-content/plugins/plugintestslughere/tests/unit/tests/post/thumbnails.php" line="156" assertions="4" time="0.098299"/>
        <testcase name="test_the_post_thumbnail" class="Tests_Post_Thumbnail_Template" classname="Tests_Post_Thumbnail_Template" file="/var/www/html/test/wordpress_test/inpsyde_test/test/wp-content/plugins/plugintestslughere/tests/unit/tests/post/thumbnails.php" line="177" assertions="1" time="0.098515"/>
        <testcase name="test_get_the_post_thumbnail_url" class="Tests_Post_Thumbnail_Template" classname="Tests_Post_Thumbnail_Template" file="/var/www/html/test/wordpress_test/inpsyde_test/test/wp-content/plugins/plugintestslughere/tests/unit/tests/post/thumbnails.php" line="205" assertions="6" time="0.131761"/>
        <testcase name="test_get_the_post_thumbnail_url_with_invalid_post" class="Tests_Post_Thumbnail_Template" classname="Tests_Post_Thumbnail_Template" file="/var/www/html/test/wordpress_test/inpsyde_test/test/wp-content/plugins/plugintestslughere/tests/unit/tests/post/thumbnails.php" line="223" assertions="3" time="0.120403"/>
        <testcase name="test_the_post_thumbnail_url" class="Tests_Post_Thumbnail_Template" classname="Tests_Post_Thumbnail_Template" file="/var/www/html/test/wordpress_test/inpsyde_test/test/wp-content/plugins/plugintestslughere/tests/unit/tests/post/thumbnails.php" line="237" assertions="1" time="0.131805"/>
        <testcase name="test__wp_preview_post_thumbnail_filter" class="Tests_Post_Thumbnail_Template" classname="Tests_Post_Thumbnail_Template" file="/var/www/html/test/wordpress_test/inpsyde_test/test/wp-content/plugins/plugintestslughere/tests/unit/tests/post/thumbnails.php" line="252" assertions="1" time="0.038810"/>
        <testcase name="test__wp_preview_post_thumbnail_filter_secondary_post" class="Tests_Post_Thumbnail_Template" classname="Tests_Post_Thumbnail_Template" file="/var/www/html/test/wordpress_test/inpsyde_test/test/wp-content/plugins/plugintestslughere/tests/unit/tests/post/thumbnails.php" line="272" assertions="1" time="0.103081"/>
        <testcase name="test_insert_post_with_post_thumbnail" class="Tests_Post_Thumbnail_Template" classname="Tests_Post_Thumbnail_Template" file="/var/www/html/test/wordpress_test/inpsyde_test/test/wp-content/plugins/plugintestslughere/tests/unit/tests/post/thumbnails.php" line="298" assertions="2" time="0.175553"/>
        <testcase name="test_insert_attachment_with_post_thumbnail" class="Tests_Post_Thumbnail_Template" classname="Tests_Post_Thumbnail_Template" file="/var/www/html/test/wordpress_test/inpsyde_test/test/wp-content/plugins/plugintestslughere/tests/unit/tests/post/thumbnails.php" line="329" assertions="2" time="0.131790"/>
        <testcase name="test_post_thumbnail_size_filter_simple" class="Tests_Post_Thumbnail_Template" classname="Tests_Post_Thumbnail_Template" file="/var/www/html/test/wordpress_test/inpsyde_test/test/wp-content/plugins/plugintestslughere/tests/unit/tests/post/thumbnails.php" line="368" assertions="1" time="0.041233"/>
        <testsuite name="Tests_Post_Thumbnail_Template::test_post_thumbnail_size_filter_complex" tests="2" assertions="2" errors="0" failures="0" skipped="0" time="0.063971">
          <testcase name="test_post_thumbnail_size_filter_complex with data set #0" class="Tests_Post_Thumbnail_Template" classname="Tests_Post_Thumbnail_Template" file="/var/www/html/test/wordpress_test/inpsyde_test/test/wp-content/plugins/plugintestslughere/tests/unit/tests/post/thumbnails.php" line="389" assertions="1" time="0.034135"/>
          <testcase name="test_post_thumbnail_size_filter_complex with data set #1" class="Tests_Post_Thumbnail_Template" classname="Tests_Post_Thumbnail_Template" file="/var/www/html/test/wordpress_test/inpsyde_test/test/wp-content/plugins/plugintestslughere/tests/unit/tests/post/thumbnails.php" line="389" assertions="1" time="0.029836"/>
        </testsuite>
      </testsuite>
      <testsuite name="Tests_Post_Types" file="/var/www/html/test/wordpress_test/inpsyde_test/test/wp-content/plugins/plugintestslughere/tests/unit/tests/post/types.php" tests="38" assertions="113" errors="0" failures="0" skipped="0" time="1.197380">
        <testcase name="test_register_post_type" class="Tests_Post_Types" classname="Tests_Post_Types" file="/var/www/html/test/wordpress_test/inpsyde_test/test/wp-content/plugins/plugintestslughere/tests/unit/tests/post/types.php" line="27" assertions="5" time="0.033629"/>
        <testcase name="test_register_post_type_return_value" class="Tests_Post_Types" classname="Tests_Post_Types" file="/var/www/html/test/wordpress_test/inpsyde_test/test/wp-content/plugins/plugintestslughere/tests/unit/tests/post/types.php" line="45" assertions="1" time="0.029685"/>
        <testcase name="test_register_post_type_with_too_long_name" class="Tests_Post_Types" classname="Tests_Post_Types" file="/var/www/html/test/wordpress_test/inpsyde_test/test/wp-content/plugins/plugintestslughere/tests/unit/tests/post/types.php" line="54" assertions="2" time="0.024927"/>
        <testcase name="test_register_post_type_with_empty_name" class="Tests_Post_Types" classname="Tests_Post_Types" file="/var/www/html/test/wordpress_test/inpsyde_test/test/wp-content/plugins/plugintestslughere/tests/unit/tests/post/types.php" line="64" assertions="2" time="0.023522"/>
        <testcase name="test_register_post_type_exclude_from_search_should_default_to_opposite_value_of_public" class="Tests_Post_Types" classname="Tests_Post_Types" file="/var/www/html/test/wordpress_test/inpsyde_test/test/wp-content/plugins/plugintestslughere/tests/unit/tests/post/types.php" line="73" assertions="1" time="0.023179"/>
        <testcase name="test_register_post_type_publicly_queryable_should_default_to_value_of_public" class="Tests_Post_Types" classname="Tests_Post_Types" file="/var/www/html/test/wordpress_test/inpsyde_test/test/wp-content/plugins/plugintestslughere/tests/unit/tests/post/types.php" line="87" assertions="1" time="0.022679"/>
        <testcase name="test_register_post_type_show_ui_should_default_to_value_of_public" class="Tests_Post_Types" classname="Tests_Post_Types" file="/var/www/html/test/wordpress_test/inpsyde_test/test/wp-content/plugins/plugintestslughere/tests/unit/tests/post/types.php" line="101" assertions="1" time="0.021137"/>
        <testcase name="test_register_post_type_show_in_menu_should_default_to_value_of_show_ui" class="Tests_Post_Types" classname="Tests_Post_Types" file="/var/www/html/test/wordpress_test/inpsyde_test/test/wp-content/plugins/plugintestslughere/tests/unit/tests/post/types.php" line="115" assertions="2" time="0.021862"/>
        <testcase name="test_register_post_type_show_in_nav_menus_should_default_to_value_of_public" class="Tests_Post_Types" classname="Tests_Post_Types" file="/var/www/html/test/wordpress_test/inpsyde_test/test/wp-content/plugins/plugintestslughere/tests/unit/tests/post/types.php" line="134" assertions="1" time="0.022636"/>
        <testcase name="test_register_post_type_show_in_admin_bar_should_default_to_value_of_show_in_menu" class="Tests_Post_Types" classname="Tests_Post_Types" file="/var/www/html/test/wordpress_test/inpsyde_test/test/wp-content/plugins/plugintestslughere/tests/unit/tests/post/types.php" line="148" assertions="3" time="0.022846"/>
        <testcase name="test_register_taxonomy_for_object_type" class="Tests_Post_Types" classname="Tests_Post_Types" file="/var/www/html/test/wordpress_test/inpsyde_test/test/wp-content/plugins/plugintestslughere/tests/unit/tests/post/types.php" line="166" assertions="6" time="0.023500"/>
        <testcase name="test_post_type_exists" class="Tests_Post_Types" classname="Tests_Post_Types" file="/var/www/html/test/wordpress_test/inpsyde_test/test/wp-content/plugins/plugintestslughere/tests/unit/tests/post/types.php" line="188" assertions="2" time="0.025754"/>
        <testcase name="test_post_type_supports" class="Tests_Post_Types" classname="Tests_Post_Types" file="/var/www/html/test/wordpress_test/inpsyde_test/test/wp-content/plugins/plugintestslughere/tests/unit/tests/post/types.php" line="193" assertions="5" time="0.022153"/>
        <testcase name="test_post_type_with_no_support" class="Tests_Post_Types" classname="Tests_Post_Types" file="/var/www/html/test/wordpress_test/inpsyde_test/test/wp-content/plugins/plugintestslughere/tests/unit/tests/post/types.php" line="204" assertions="4" time="0.023936"/>
        <testcase name="test_post_type_with_no_feed" class="Tests_Post_Types" classname="Tests_Post_Types" file="/var/www/html/test/wordpress_test/inpsyde_test/test/wp-content/plugins/plugintestslughere/tests/unit/tests/post/types.php" line="219" assertions="1" time="0.084496"/>
        <testcase name="test_get_post_type_object_with_non_scalar_values" class="Tests_Post_Types" classname="Tests_Post_Types" file="/var/www/html/test/wordpress_test/inpsyde_test/test/wp-content/plugins/plugintestslughere/tests/unit/tests/post/types.php" line="232" assertions="7" time="0.047350"/>
        <testcase name="test_get_post_type_object_casting" class="Tests_Post_Types" classname="Tests_Post_Types" file="/var/www/html/test/wordpress_test/inpsyde_test/test/wp-content/plugins/plugintestslughere/tests/unit/tests/post/types.php" line="252" assertions="1" time="0.043254"/>
        <testcase name="test_get_post_type_object_includes_menu_icon_for_builtin_post_types" class="Tests_Post_Types" classname="Tests_Post_Types" file="/var/www/html/test/wordpress_test/inpsyde_test/test/wp-content/plugins/plugintestslughere/tests/unit/tests/post/types.php" line="269" assertions="3" time="0.030832"/>
        <testcase name="test_unregister_post_type" class="Tests_Post_Types" classname="Tests_Post_Types" file="/var/www/html/test/wordpress_test/inpsyde_test/test/wp-content/plugins/plugintestslughere/tests/unit/tests/post/types.php" line="278" assertions="1" time="0.029253"/>
        <testcase name="test_unregister_post_type_unknown_post_type" class="Tests_Post_Types" classname="Tests_Post_Types" file="/var/www/html/test/wordpress_test/inpsyde_test/test/wp-content/plugins/plugintestslughere/tests/unit/tests/post/types.php" line="286" assertions="1" time="0.024547"/>
        <testcase name="test_unregister_post_type_twice" class="Tests_Post_Types" classname="Tests_Post_Types" file="/var/www/html/test/wordpress_test/inpsyde_test/test/wp-content/plugins/plugintestslughere/tests/unit/tests/post/types.php" line="293" assertions="2" time="0.025514"/>
        <testcase name="test_unregister_post_type_disallow_builtin_post_type" class="Tests_Post_Types" classname="Tests_Post_Types" file="/var/www/html/test/wordpress_test/inpsyde_test/test/wp-content/plugins/plugintestslughere/tests/unit/tests/post/types.php" line="302" assertions="5" time="0.022377"/>
        <testcase name="test_unregister_post_type_removes_query_vars" class="Tests_Post_Types" classname="Tests_Post_Types" file="/var/www/html/test/wordpress_test/inpsyde_test/test/wp-content/plugins/plugintestslughere/tests/unit/tests/post/types.php" line="313" assertions="3" time="0.023652"/>
        <testcase name="test_unregister_post_type_removes_rewrite_tags" class="Tests_Post_Types" classname="Tests_Post_Types" file="/var/www/html/test/wordpress_test/inpsyde_test/test/wp-content/plugins/plugintestslughere/tests/unit/tests/post/types.php" line="332" assertions="6" time="0.068077"/>
        <testcase name="test_unregister_post_type_removes_rewrite_rules" class="Tests_Post_Types" classname="Tests_Post_Types" file="/var/www/html/test/wordpress_test/inpsyde_test/test/wp-content/plugins/plugintestslughere/tests/unit/tests/post/types.php" line="358" assertions="3" time="0.098689"/>
        <testcase name="test_unregister_post_type_removes_custom_meta_capabilities" class="Tests_Post_Types" classname="Tests_Post_Types" file="/var/www/html/test/wordpress_test/inpsyde_test/test/wp-content/plugins/plugintestslughere/tests/unit/tests/post/types.php" line="379" assertions="7" time="0.047727"/>
        <testcase name="test_unregister_post_type_removes_post_type_supports" class="Tests_Post_Types" classname="Tests_Post_Types" file="/var/www/html/test/wordpress_test/inpsyde_test/test/wp-content/plugins/plugintestslughere/tests/unit/tests/post/types.php" line="405" assertions="3" time="0.036615"/>
        <testcase name="test_unregister_post_type_removes_post_type_from_taxonomies" class="Tests_Post_Types" classname="Tests_Post_Types" file="/var/www/html/test/wordpress_test/inpsyde_test/test/wp-content/plugins/plugintestslughere/tests/unit/tests/post/types.php" line="431" assertions="6" time="0.033388"/>
        <testcase name="test_unregister_post_type_removes_the_future_post_hooks" class="Tests_Post_Types" classname="Tests_Post_Types" file="/var/www/html/test/wordpress_test/inpsyde_test/test/wp-content/plugins/plugintestslughere/tests/unit/tests/post/types.php" line="453" assertions="4" time="0.029239"/>
        <testcase name="test_unregister_post_type_removes_meta_box_callback" class="Tests_Post_Types" classname="Tests_Post_Types" file="/var/www/html/test/wordpress_test/inpsyde_test/test/wp-content/plugins/plugintestslughere/tests/unit/tests/post/types.php" line="472" assertions="4" time="0.026093"/>
        <testcase name="test_unregister_post_type_removes_post_type_from_global" class="Tests_Post_Types" classname="Tests_Post_Types" file="/var/www/html/test/wordpress_test/inpsyde_test/test/wp-content/plugins/plugintestslughere/tests/unit/tests/post/types.php" line="492" assertions="5" time="0.025035"/>
        <testcase name="test_post_type_does_not_exist_after_unregister_post_type" class="Tests_Post_Types" classname="Tests_Post_Types" file="/var/www/html/test/wordpress_test/inpsyde_test/test/wp-content/plugins/plugintestslughere/tests/unit/tests/post/types.php" line="514" assertions="2" time="0.024011"/>
        <testcase name="test_get_post_types_by_support_single_feature" class="Tests_Post_Types" classname="Tests_Post_Types" file="/var/www/html/test/wordpress_test/inpsyde_test/test/wp-content/plugins/plugintestslughere/tests/unit/tests/post/types.php" line="530" assertions="4" time="0.023189"/>
        <testcase name="test_get_post_types_by_support_multiple_features" class="Tests_Post_Types" classname="Tests_Post_Types" file="/var/www/html/test/wordpress_test/inpsyde_test/test/wp-content/plugins/plugintestslughere/tests/unit/tests/post/types.php" line="540" assertions="2" time="0.022626"/>
        <testcase name="test_get_post_types_by_support_or_operator" class="Tests_Post_Types" classname="Tests_Post_Types" file="/var/www/html/test/wordpress_test/inpsyde_test/test/wp-content/plugins/plugintestslughere/tests/unit/tests/post/types.php" line="548" assertions="2" time="0.021958"/>
        <testcase name="test_get_post_types_by_support_not_operator" class="Tests_Post_Types" classname="Tests_Post_Types" file="/var/www/html/test/wordpress_test/inpsyde_test/test/wp-content/plugins/plugintestslughere/tests/unit/tests/post/types.php" line="556" assertions="3" time="0.022601"/>
        <testcase name="test_get_post_types_by_support_excluding_features" class="Tests_Post_Types" classname="Tests_Post_Types" file="/var/www/html/test/wordpress_test/inpsyde_test/test/wp-content/plugins/plugintestslughere/tests/unit/tests/post/types.php" line="565" assertions="1" time="0.022698"/>
        <testcase name="test_get_post_types_by_support_non_existant_feature" class="Tests_Post_Types" classname="Tests_Post_Types" file="/var/www/html/test/wordpress_test/inpsyde_test/test/wp-content/plugins/plugintestslughere/tests/unit/tests/post/types.php" line="572" assertions="1" time="0.022714"/>
      </testsuite>
      <testsuite name="Tests_Post_Walker_Page" file="/var/www/html/test/wordpress_test/inpsyde_test/test/wp-content/plugins/plugintestslughere/tests/unit/tests/post/walkerPage.php" tests="8" assertions="8" errors="0" failures="0" skipped="0" time="0.857162">
        <testsuite name="Tests_Post_Walker_Page::test_start_el_with_empty_attributes" tests="8" assertions="8" errors="0" failures="0" skipped="0" time="0.857162">
          <testcase name="test_start_el_with_empty_attributes with data set #0" class="Tests_Post_Walker_Page" classname="Tests_Post_Walker_Page" file="/var/www/html/test/wordpress_test/inpsyde_test/test/wp-content/plugins/plugintestslughere/tests/unit/tests/post/walkerPage.php" line="29" assertions="1" time="0.101582"/>
          <testcase name="test_start_el_with_empty_attributes with data set #1" class="Tests_Post_Walker_Page" classname="Tests_Post_Walker_Page" file="/var/www/html/test/wordpress_test/inpsyde_test/test/wp-content/plugins/plugintestslughere/tests/unit/tests/post/walkerPage.php" line="29" assertions="1" time="0.109307"/>
          <testcase name="test_start_el_with_empty_attributes with data set #2" class="Tests_Post_Walker_Page" classname="Tests_Post_Walker_Page" file="/var/www/html/test/wordpress_test/inpsyde_test/test/wp-content/plugins/plugintestslughere/tests/unit/tests/post/walkerPage.php" line="29" assertions="1" time="0.108966"/>
          <testcase name="test_start_el_with_empty_attributes with data set #3" class="Tests_Post_Walker_Page" classname="Tests_Post_Walker_Page" file="/var/www/html/test/wordpress_test/inpsyde_test/test/wp-content/plugins/plugintestslughere/tests/unit/tests/post/walkerPage.php" line="29" assertions="1" time="0.109726"/>
          <testcase name="test_start_el_with_empty_attributes with data set #4" class="Tests_Post_Walker_Page" classname="Tests_Post_Walker_Page" file="/var/www/html/test/wordpress_test/inpsyde_test/test/wp-content/plugins/plugintestslughere/tests/unit/tests/post/walkerPage.php" line="29" assertions="1" time="0.087992"/>
          <testcase name="test_start_el_with_empty_attributes with data set #5" class="Tests_Post_Walker_Page" classname="Tests_Post_Walker_Page" file="/var/www/html/test/wordpress_test/inpsyde_test/test/wp-content/plugins/plugintestslughere/tests/unit/tests/post/walkerPage.php" line="29" assertions="1" time="0.098367"/>
          <testcase name="test_start_el_with_empty_attributes with data set #6" class="Tests_Post_Walker_Page" classname="Tests_Post_Walker_Page" file="/var/www/html/test/wordpress_test/inpsyde_test/test/wp-content/plugins/plugintestslughere/tests/unit/tests/post/walkerPage.php" line="29" assertions="1" time="0.120302"/>
          <testcase name="test_start_el_with_empty_attributes with data set #7" class="Tests_Post_Walker_Page" classname="Tests_Post_Walker_Page" file="/var/www/html/test/wordpress_test/inpsyde_test/test/wp-content/plugins/plugintestslughere/tests/unit/tests/post/walkerPage.php" line="29" assertions="1" time="0.120920"/>
        </testsuite>
      </testsuite>
      <testsuite name="Tests_Post_WpGetPostParentId" file="/var/www/html/test/wordpress_test/inpsyde_test/test/wp-content/plugins/plugintestslughere/tests/unit/tests/post/wpGetPostParentId.php" tests="5" assertions="6" errors="0" failures="0" skipped="0" time="0.159703">
        <testcase name="test_wp_get_post_parent_id_with_post_object" class="Tests_Post_WpGetPostParentId" classname="Tests_Post_WpGetPostParentId" file="/var/www/html/test/wordpress_test/inpsyde_test/test/wp-content/plugins/plugintestslughere/tests/unit/tests/post/wpGetPostParentId.php" line="26" assertions="2" time="0.045130"/>
        <testcase name="test_wp_get_post_parent_id_with_post_id" class="Tests_Post_WpGetPostParentId" classname="Tests_Post_WpGetPostParentId" file="/var/www/html/test/wordpress_test/inpsyde_test/test/wp-content/plugins/plugintestslughere/tests/unit/tests/post/wpGetPostParentId.php" line="32" assertions="1" time="0.035959"/>
        <testcase name="test_wp_get_post_parent_id_with_non_existing_id_default_to_global_post_id" class="Tests_Post_WpGetPostParentId" classname="Tests_Post_WpGetPostParentId" file="/var/www/html/test/wordpress_test/inpsyde_test/test/wp-content/plugins/plugintestslughere/tests/unit/tests/post/wpGetPostParentId.php" line="36" assertions="1" time="0.028217"/>
        <testcase name="test_wp_get_post_parent_id_with_boolean_default_to_global_post_id" class="Tests_Post_WpGetPostParentId" classname="Tests_Post_WpGetPostParentId" file="/var/www/html/test/wordpress_test/inpsyde_test/test/wp-content/plugins/plugintestslughere/tests/unit/tests/post/wpGetPostParentId.php" line="41" assertions="1" time="0.026064"/>
        <testcase name="test_wp_get_post_parent_id_with_string_default_to_false" class="Tests_Post_WpGetPostParentId" classname="Tests_Post_WpGetPostParentId" file="/var/www/html/test/wordpress_test/inpsyde_test/test/wp-content/plugins/plugintestslughere/tests/unit/tests/post/wpGetPostParentId.php" line="46" assertions="1" time="0.024333"/>
      </testsuite>
      <testsuite name="Tests_WPInsertPost" file="/var/www/html/test/wordpress_test/inpsyde_test/test/wp-content/plugins/plugintestslughere/tests/unit/tests/post/wpInsertPost.php" tests="13" assertions="23" errors="0" failures="0" skipped="0" time="1.943810">
        <testcase name="test_trashing_a_post_should_add_trashed_suffix_to_post_name" class="Tests_WPInsertPost" classname="Tests_WPInsertPost" file="/var/www/html/test/wordpress_test/inpsyde_test/test/wp-content/plugins/plugintestslughere/tests/unit/tests/post/wpInsertPost.php" line="71" assertions="1" time="0.154225"/>
        <testcase name="test_trashed_suffix_should_be_added_to_post_with__trashed_in_slug" class="Tests_WPInsertPost" classname="Tests_WPInsertPost" file="/var/www/html/test/wordpress_test/inpsyde_test/test/wp-content/plugins/plugintestslughere/tests/unit/tests/post/wpInsertPost.php" line="86" assertions="1" time="0.122839"/>
        <testcase name="test_trashed_posts_original_post_name_should_be_reassigned_after_untrashing" class="Tests_WPInsertPost" classname="Tests_WPInsertPost" file="/var/www/html/test/wordpress_test/inpsyde_test/test/wp-content/plugins/plugintestslughere/tests/unit/tests/post/wpInsertPost.php" line="102" assertions="1" time="0.176551"/>
        <testcase name="test_creating_a_new_post_should_add_trashed_suffix_to_post_name_of_trashed_posts_with_the_desired_slug" class="Tests_WPInsertPost" classname="Tests_WPInsertPost" file="/var/www/html/test/wordpress_test/inpsyde_test/test/wp-content/plugins/plugintestslughere/tests/unit/tests/post/wpInsertPost.php" line="119" assertions="2" time="0.138808"/>
        <testcase name="test_untrashing_a_post_with_a_stored_desired_post_name_should_get_its_post_name_suffixed_if_another_post_has_taken_the_desired_post_name" class="Tests_WPInsertPost" classname="Tests_WPInsertPost" file="/var/www/html/test/wordpress_test/inpsyde_test/test/wp-content/plugins/plugintestslughere/tests/unit/tests/post/wpInsertPost.php" line="143" assertions="2" time="0.222900"/>
        <testsuite name="Tests_WPInsertPost::test_contributor_cannot_set_post_slug" tests="3" assertions="6" errors="0" failures="0" skipped="0" time="0.393426">
          <testcase name="test_contributor_cannot_set_post_slug with data set #0" class="Tests_WPInsertPost" classname="Tests_WPInsertPost" file="/var/www/html/test/wordpress_test/inpsyde_test/test/wp-content/plugins/plugintestslughere/tests/unit/tests/post/wpInsertPost.php" line="192" assertions="2" time="0.131632"/>
          <testcase name="test_contributor_cannot_set_post_slug with data set #1" class="Tests_WPInsertPost" classname="Tests_WPInsertPost" file="/var/www/html/test/wordpress_test/inpsyde_test/test/wp-content/plugins/plugintestslughere/tests/unit/tests/post/wpInsertPost.php" line="192" assertions="2" time="0.119886"/>
          <testcase name="test_contributor_cannot_set_post_slug with data set #2" class="Tests_WPInsertPost" classname="Tests_WPInsertPost" file="/var/www/html/test/wordpress_test/inpsyde_test/test/wp-content/plugins/plugintestslughere/tests/unit/tests/post/wpInsertPost.php" line="192" assertions="2" time="0.141908"/>
        </testsuite>
        <testsuite name="Tests_WPInsertPost::test_administrator_can_set_post_slug" tests="3" assertions="6" errors="0" failures="0" skipped="0" time="0.494041">
          <testcase name="test_administrator_can_set_post_slug with data set #0" class="Tests_WPInsertPost" classname="Tests_WPInsertPost" file="/var/www/html/test/wordpress_test/inpsyde_test/test/wp-content/plugins/plugintestslughere/tests/unit/tests/post/wpInsertPost.php" line="231" assertions="2" time="0.121459"/>
          <testcase name="test_administrator_can_set_post_slug with data set #1" class="Tests_WPInsertPost" classname="Tests_WPInsertPost" file="/var/www/html/test/wordpress_test/inpsyde_test/test/wp-content/plugins/plugintestslughere/tests/unit/tests/post/wpInsertPost.php" line="231" assertions="2" time="0.197836"/>
          <testcase name="test_administrator_can_set_post_slug with data set #2" class="Tests_WPInsertPost" classname="Tests_WPInsertPost" file="/var/www/html/test/wordpress_test/inpsyde_test/test/wp-content/plugins/plugintestslughere/tests/unit/tests/post/wpInsertPost.php" line="231" assertions="2" time="0.174746"/>
        </testsuite>
        <testcase name="test_administrator_cannot_set_post_slug_on_post_type_they_cannot_publish" class="Tests_WPInsertPost" classname="Tests_WPInsertPost" file="/var/www/html/test/wordpress_test/inpsyde_test/test/wp-content/plugins/plugintestslughere/tests/unit/tests/post/wpInsertPost.php" line="272" assertions="2" time="0.088374"/>
        <testcase name="test_scheduled_post_with_a_past_date_should_be_published" class="Tests_WPInsertPost" classname="Tests_WPInsertPost" file="/var/www/html/test/wordpress_test/inpsyde_test/test/wp-content/plugins/plugintestslughere/tests/unit/tests/post/wpInsertPost.php" line="308" assertions="2" time="0.152646"/>
      </testsuite>
      <testsuite name="Tests_Post_WpPost" file="/var/www/html/test/wordpress_test/inpsyde_test/test/wp-content/plugins/plugintestslughere/tests/unit/tests/post/wpPost.php" tests="4" assertions="4" errors="0" failures="0" skipped="0" time="0.145993">
        <testcase name="test_get_instance_should_work_for_numeric_string" class="Tests_Post_WpPost" classname="Tests_Post_WpPost" file="/var/www/html/test/wordpress_test/inpsyde_test/test/wp-content/plugins/plugintestslughere/tests/unit/tests/post/wpPost.php" line="29" assertions="1" time="0.045733"/>
        <testcase name="test_get_instance_should_fail_for_negative_number" class="Tests_Post_WpPost" classname="Tests_Post_WpPost" file="/var/www/html/test/wordpress_test/inpsyde_test/test/wp-content/plugins/plugintestslughere/tests/unit/tests/post/wpPost.php" line="38" assertions="1" time="0.037258"/>
        <testcase name="test_get_instance_should_fail_for_non_numeric_string" class="Tests_Post_WpPost" classname="Tests_Post_WpPost" file="/var/www/html/test/wordpress_test/inpsyde_test/test/wp-content/plugins/plugintestslughere/tests/unit/tests/post/wpPost.php" line="47" assertions="1" time="0.032542"/>
        <testcase name="test_get_instance_should_succeed_for_float_that_is_equal_to_post_id" class="Tests_Post_WpPost" classname="Tests_Post_WpPost" file="/var/www/html/test/wordpress_test/inpsyde_test/test/wp-content/plugins/plugintestslughere/tests/unit/tests/post/wpPost.php" line="56" assertions="1" time="0.030460"/>
      </testsuite>
      <testsuite name="Tests_WP_Post_Type" file="/var/www/html/test/wordpress_test/inpsyde_test/test/wp-content/plugins/plugintestslughere/tests/unit/tests/post/wpPostType.php" tests="10" assertions="27" errors="0" failures="0" skipped="0" time="0.492063">
        <testcase name="test_instances" class="Tests_WP_Post_Type" classname="Tests_WP_Post_Type" file="/var/www/html/test/wordpress_test/inpsyde_test/test/wp-content/plugins/plugintestslughere/tests/unit/tests/post/wpPostType.php" line="7" assertions="10" time="0.041845"/>
        <testcase name="test_add_supports_defaults" class="Tests_WP_Post_Type" classname="Tests_WP_Post_Type" file="/var/www/html/test/wordpress_test/inpsyde_test/test/wp-content/plugins/plugintestslughere/tests/unit/tests/post/wpPostType.php" line="15" assertions="2" time="0.037661"/>
        <testcase name="test_add_supports_custom" class="Tests_WP_Post_Type" classname="Tests_WP_Post_Type" file="/var/www/html/test/wordpress_test/inpsyde_test/test/wp-content/plugins/plugintestslughere/tests/unit/tests/post/wpPostType.php" line="35" assertions="2" time="0.032085"/>
        <testcase name="test_add_supports_custom_with_args" class="Tests_WP_Post_Type" classname="Tests_WP_Post_Type" file="/var/www/html/test/wordpress_test/inpsyde_test/test/wp-content/plugins/plugintestslughere/tests/unit/tests/post/wpPostType.php" line="70" assertions="2" time="0.022865"/>
        <testcase name="test_does_not_add_query_var_if_not_public" class="Tests_WP_Post_Type" classname="Tests_WP_Post_Type" file="/var/www/html/test/wordpress_test/inpsyde_test/test/wp-content/plugins/plugintestslughere/tests/unit/tests/post/wpPostType.php" line="106" assertions="1" time="0.066234"/>
        <testcase name="test_adds_query_var_if_public" class="Tests_WP_Post_Type" classname="Tests_WP_Post_Type" file="/var/www/html/test/wordpress_test/inpsyde_test/test/wp-content/plugins/plugintestslughere/tests/unit/tests/post/wpPostType.php" line="125" assertions="2" time="0.078034"/>
        <testcase name="test_adds_rewrite_rules" class="Tests_WP_Post_Type" classname="Tests_WP_Post_Type" file="/var/www/html/test/wordpress_test/inpsyde_test/test/wp-content/plugins/plugintestslughere/tests/unit/tests/post/wpPostType.php" line="151" assertions="2" time="0.097058"/>
        <testcase name="test_register_meta_boxes" class="Tests_WP_Post_Type" classname="Tests_WP_Post_Type" file="/var/www/html/test/wordpress_test/inpsyde_test/test/wp-content/plugins/plugintestslughere/tests/unit/tests/post/wpPostType.php" line="176" assertions="2" time="0.045101"/>
        <testcase name="test_adds_future_post_hook" class="Tests_WP_Post_Type" classname="Tests_WP_Post_Type" file="/var/www/html/test/wordpress_test/inpsyde_test/test/wp-content/plugins/plugintestslughere/tests/unit/tests/post/wpPostType.php" line="189" assertions="2" time="0.038458"/>
        <testcase name="test_register_taxonomies" class="Tests_WP_Post_Type" classname="Tests_WP_Post_Type" file="/var/www/html/test/wordpress_test/inpsyde_test/test/wp-content/plugins/plugintestslughere/tests/unit/tests/post/wpPostType.php" line="201" assertions="2" time="0.032722"/>
      </testsuite>
      <testsuite name="Tests_WPPublishPost" file="/var/www/html/test/wordpress_test/inpsyde_test/test/wp-content/plugins/plugintestslughere/tests/unit/tests/post/wpPublishPosts.php" tests="5" assertions="10" errors="0" failures="0" skipped="0" time="0.859040">
        <testcase name="test_wp_publish_post_respects_current_categories" class="Tests_WPPublishPost" classname="Tests_WPPublishPost" file="/var/www/html/test/wordpress_test/inpsyde_test/test/wp-content/plugins/plugintestslughere/tests/unit/tests/post/wpPublishPosts.php" line="29" assertions="2" time="0.123395"/>
        <testcase name="test_wp_publish_post_adds_default_category" class="Tests_WPPublishPost" classname="Tests_WPPublishPost" file="/var/www/html/test/wordpress_test/inpsyde_test/test/wp-content/plugins/plugintestslughere/tests/unit/tests/post/wpPublishPosts.php" line="50" assertions="2" time="0.120382"/>
        <testcase name="test_wp_publish_post_adds_default_category_when_tagged" class="Tests_WPPublishPost" classname="Tests_WPPublishPost" file="/var/www/html/test/wordpress_test/inpsyde_test/test/wp-content/plugins/plugintestslughere/tests/unit/tests/post/wpPublishPosts.php" line="70" assertions="2" time="0.330014"/>
        <testcase name="test_wp_publish_post_respects_current_terms" class="Tests_WPPublishPost" classname="Tests_WPPublishPost" file="/var/www/html/test/wordpress_test/inpsyde_test/test/wp-content/plugins/plugintestslughere/tests/unit/tests/post/wpPublishPosts.php" line="91" assertions="2" time="0.153748"/>
        <testcase name="test_wp_publish_post_adds_default_term" class="Tests_WPPublishPost" classname="Tests_WPPublishPost" file="/var/www/html/test/wordpress_test/inpsyde_test/test/wp-content/plugins/plugintestslughere/tests/unit/tests/post/wpPublishPosts.php" line="126" assertions="2" time="0.131501"/>
      </testsuite>
      <testsuite name="Tests_Post_WpUniquePostSlug" file="/var/www/html/test/wordpress_test/inpsyde_test/test/wp-content/plugins/plugintestslughere/tests/unit/tests/post/wpUniquePostSlug.php" tests="20" assertions="29" errors="0" failures="0" skipped="0" time="3.053929">
        <testcase name="test_non_latin_slugs" class="Tests_Post_WpUniquePostSlug" classname="Tests_Post_WpUniquePostSlug" file="/var/www/html/test/wordpress_test/inpsyde_test/test/wp-content/plugins/plugintestslughere/tests/unit/tests/post/wpUniquePostSlug.php" line="12" assertions="2" time="0.256045"/>
        <testcase name="test_with_multiple_hierarchies" class="Tests_Post_WpUniquePostSlug" classname="Tests_Post_WpUniquePostSlug" file="/var/www/html/test/wordpress_test/inpsyde_test/test/wp-content/plugins/plugintestslughere/tests/unit/tests/post/wpUniquePostSlug.php" line="46" assertions="4" time="0.175425"/>
        <testcase name="test_with_hierarchy" class="Tests_Post_WpUniquePostSlug" classname="Tests_Post_WpUniquePostSlug" file="/var/www/html/test/wordpress_test/inpsyde_test/test/wp-content/plugins/plugintestslughere/tests/unit/tests/post/wpUniquePostSlug.php" line="72" assertions="3" time="0.131733"/>
        <testcase name="test_wp_unique_post_slug_with_hierarchy_and_attachments" class="Tests_Post_WpUniquePostSlug" classname="Tests_Post_WpUniquePostSlug" file="/var/www/html/test/wordpress_test/inpsyde_test/test/wp-content/plugins/plugintestslughere/tests/unit/tests/post/wpUniquePostSlug.php" line="95" assertions="4" time="0.142380"/>
        <testsuite name="Tests_Post_WpUniquePostSlug::test_allowed_post_statuses_should_not_be_forced_to_be_unique" tests="3" assertions="3" errors="0" failures="0" skipped="0" time="0.437470">
          <testcase name="test_allowed_post_statuses_should_not_be_forced_to_be_unique with data set #0" class="Tests_Post_WpUniquePostSlug" classname="Tests_Post_WpUniquePostSlug" file="/var/www/html/test/wordpress_test/inpsyde_test/test/wp-content/plugins/plugintestslughere/tests/unit/tests/post/wpUniquePostSlug.php" line="133" assertions="1" time="0.141601"/>
          <testcase name="test_allowed_post_statuses_should_not_be_forced_to_be_unique with data set #1" class="Tests_Post_WpUniquePostSlug" classname="Tests_Post_WpUniquePostSlug" file="/var/www/html/test/wordpress_test/inpsyde_test/test/wp-content/plugins/plugintestslughere/tests/unit/tests/post/wpUniquePostSlug.php" line="133" assertions="1" time="0.153522"/>
          <testcase name="test_allowed_post_statuses_should_not_be_forced_to_be_unique with data set #2" class="Tests_Post_WpUniquePostSlug" classname="Tests_Post_WpUniquePostSlug" file="/var/www/html/test/wordpress_test/inpsyde_test/test/wp-content/plugins/plugintestslughere/tests/unit/tests/post/wpUniquePostSlug.php" line="133" assertions="1" time="0.142347"/>
        </testsuite>
        <testcase name="test_revisions_should_not_be_forced_to_be_unique" class="Tests_Post_WpUniquePostSlug" classname="Tests_Post_WpUniquePostSlug" file="/var/www/html/test/wordpress_test/inpsyde_test/test/wp-content/plugins/plugintestslughere/tests/unit/tests/post/wpUniquePostSlug.php" line="160" assertions="1" time="0.165215"/>
        <testcase name="test_slugs_resulting_in_permalinks_that_resemble_year_archives_should_be_suffixed" class="Tests_Post_WpUniquePostSlug" classname="Tests_Post_WpUniquePostSlug" file="/var/www/html/test/wordpress_test/inpsyde_test/test/wp-content/plugins/plugintestslughere/tests/unit/tests/post/wpUniquePostSlug.php" line="182" assertions="1" time="0.230040"/>
        <testcase name="test_slugs_resulting_in_permalinks_that_resemble_year_archives_should_not_be_suffixed_for_already_published_posts" class="Tests_Post_WpUniquePostSlug" classname="Tests_Post_WpUniquePostSlug" file="/var/www/html/test/wordpress_test/inpsyde_test/test/wp-content/plugins/plugintestslughere/tests/unit/tests/post/wpUniquePostSlug.php" line="199" assertions="1" time="0.210861"/>
        <testcase name="test_yearlike_slugs_should_not_be_suffixed_if_permalink_structure_does_not_result_in_a_clash_with_year_archives" class="Tests_Post_WpUniquePostSlug" classname="Tests_Post_WpUniquePostSlug" file="/var/www/html/test/wordpress_test/inpsyde_test/test/wp-content/plugins/plugintestslughere/tests/unit/tests/post/wpUniquePostSlug.php" line="217" assertions="1" time="0.131411"/>
        <testcase name="test_slugs_resulting_in_permalinks_that_resemble_month_archives_should_be_suffixed" class="Tests_Post_WpUniquePostSlug" classname="Tests_Post_WpUniquePostSlug" file="/var/www/html/test/wordpress_test/inpsyde_test/test/wp-content/plugins/plugintestslughere/tests/unit/tests/post/wpUniquePostSlug.php" line="234" assertions="1" time="0.130955"/>
        <testcase name="test_monthlike_slugs_should_not_be_suffixed_if_permalink_structure_does_not_result_in_a_clash_with_month_archives" class="Tests_Post_WpUniquePostSlug" classname="Tests_Post_WpUniquePostSlug" file="/var/www/html/test/wordpress_test/inpsyde_test/test/wp-content/plugins/plugintestslughere/tests/unit/tests/post/wpUniquePostSlug.php" line="251" assertions="1" time="0.119975"/>
        <testcase name="test_monthlike_slugs_should_not_be_suffixed_for_invalid_month_numbers" class="Tests_Post_WpUniquePostSlug" classname="Tests_Post_WpUniquePostSlug" file="/var/www/html/test/wordpress_test/inpsyde_test/test/wp-content/plugins/plugintestslughere/tests/unit/tests/post/wpUniquePostSlug.php" line="268" assertions="1" time="0.143096"/>
        <testcase name="test_slugs_resulting_in_permalinks_that_resemble_day_archives_should_be_suffixed" class="Tests_Post_WpUniquePostSlug" classname="Tests_Post_WpUniquePostSlug" file="/var/www/html/test/wordpress_test/inpsyde_test/test/wp-content/plugins/plugintestslughere/tests/unit/tests/post/wpUniquePostSlug.php" line="285" assertions="1" time="0.210822"/>
        <testcase name="test_daylike_slugs_should_not_be_suffixed_if_permalink_structure_does_not_result_in_a_clash_with_day_archives" class="Tests_Post_WpUniquePostSlug" classname="Tests_Post_WpUniquePostSlug" file="/var/www/html/test/wordpress_test/inpsyde_test/test/wp-content/plugins/plugintestslughere/tests/unit/tests/post/wpUniquePostSlug.php" line="302" assertions="1" time="0.118707"/>
        <testcase name="test_daylike_slugs_should_not_be_suffixed_for_invalid_day_numbers" class="Tests_Post_WpUniquePostSlug" classname="Tests_Post_WpUniquePostSlug" file="/var/www/html/test/wordpress_test/inpsyde_test/test/wp-content/plugins/plugintestslughere/tests/unit/tests/post/wpUniquePostSlug.php" line="319" assertions="1" time="0.110025"/>
        <testcase name="test_embed_slug_should_be_suffixed_for_posts" class="Tests_Post_WpUniquePostSlug" classname="Tests_Post_WpUniquePostSlug" file="/var/www/html/test/wordpress_test/inpsyde_test/test/wp-content/plugins/plugintestslughere/tests/unit/tests/post/wpUniquePostSlug.php" line="336" assertions="1" time="0.120211"/>
        <testcase name="test_embed_slug_should_be_suffixed_for_pages" class="Tests_Post_WpUniquePostSlug" classname="Tests_Post_WpUniquePostSlug" file="/var/www/html/test/wordpress_test/inpsyde_test/test/wp-content/plugins/plugintestslughere/tests/unit/tests/post/wpUniquePostSlug.php" line="353" assertions="1" time="0.120774"/>
        <testcase name="test_embed_slug_should_be_suffixed_for_attachments" class="Tests_Post_WpUniquePostSlug" classname="Tests_Post_WpUniquePostSlug" file="/var/www/html/test/wordpress_test/inpsyde_test/test/wp-content/plugins/plugintestslughere/tests/unit/tests/post/wpUniquePostSlug.php" line="370" assertions="1" time="0.098784"/>
      </testsuite>
      <testsuite name="Tests_WpCreateUserRequest" file="/var/www/html/test/wordpress_test/inpsyde_test/test/wp-content/plugins/plugintestslughere/tests/unit/tests/privacy/wpCreateUserRequest.php" tests="11" assertions="40" errors="0" failures="0" skipped="0" time="1.014392">
        <testcase name="test_invalid_email" class="Tests_WpCreateUserRequest" classname="Tests_WpCreateUserRequest" file="/var/www/html/test/wordpress_test/inpsyde_test/test/wp-content/plugins/plugintestslughere/tests/unit/tests/privacy/wpCreateUserRequest.php" line="88" assertions="2" time="0.043385"/>
        <testcase name="test_invalid_action" class="Tests_WpCreateUserRequest" classname="Tests_WpCreateUserRequest" file="/var/www/html/test/wordpress_test/inpsyde_test/test/wp-content/plugins/plugintestslughere/tests/unit/tests/privacy/wpCreateUserRequest.php" line="100" assertions="2" time="0.034828"/>
        <testcase name="test_failure_due_to_incomplete_registered_user" class="Tests_WpCreateUserRequest" classname="Tests_WpCreateUserRequest" file="/var/www/html/test/wordpress_test/inpsyde_test/test/wp-content/plugins/plugintestslughere/tests/unit/tests/privacy/wpCreateUserRequest.php" line="112" assertions="2" time="0.036114"/>
        <testcase name="test_failure_due_to_incomplete_unregistered_user" class="Tests_WpCreateUserRequest" classname="Tests_WpCreateUserRequest" file="/var/www/html/test/wordpress_test/inpsyde_test/test/wp-content/plugins/plugintestslughere/tests/unit/tests/privacy/wpCreateUserRequest.php" line="125" assertions="2" time="0.089808"/>
        <testcase name="test_sanitized_email" class="Tests_WpCreateUserRequest" classname="Tests_WpCreateUserRequest" file="/var/www/html/test/wordpress_test/inpsyde_test/test/wp-content/plugins/plugintestslughere/tests/unit/tests/privacy/wpCreateUserRequest.php" line="147" assertions="3" time="0.120453"/>
        <testcase name="test_sanitized_action_name" class="Tests_WpCreateUserRequest" classname="Tests_WpCreateUserRequest" file="/var/www/html/test/wordpress_test/inpsyde_test/test/wp-content/plugins/plugintestslughere/tests/unit/tests/privacy/wpCreateUserRequest.php" line="163" assertions="3" time="0.098179"/>
        <testcase name="test_create_request_registered_user" class="Tests_WpCreateUserRequest" classname="Tests_WpCreateUserRequest" file="/var/www/html/test/wordpress_test/inpsyde_test/test/wp-content/plugins/plugintestslughere/tests/unit/tests/privacy/wpCreateUserRequest.php" line="179" assertions="7" time="0.132109"/>
        <testcase name="test_create_request_unregistered_user" class="Tests_WpCreateUserRequest" classname="Tests_WpCreateUserRequest" file="/var/www/html/test/wordpress_test/inpsyde_test/test/wp-content/plugins/plugintestslughere/tests/unit/tests/privacy/wpCreateUserRequest.php" line="206" assertions="7" time="0.120470"/>
        <testcase name="test_completed_request_does_not_block_new_request" class="Tests_WpCreateUserRequest" classname="Tests_WpCreateUserRequest" file="/var/www/html/test/wordpress_test/inpsyde_test/test/wp-content/plugins/plugintestslughere/tests/unit/tests/privacy/wpCreateUserRequest.php" line="234" assertions="4" time="0.120178"/>
        <testcase name="test_completed_request_does_not_block_new_request_for_unregistered_user" class="Tests_WpCreateUserRequest" classname="Tests_WpCreateUserRequest" file="/var/www/html/test/wordpress_test/inpsyde_test/test/wp-content/plugins/plugintestslughere/tests/unit/tests/privacy/wpCreateUserRequest.php" line="261" assertions="6" time="0.109734"/>
        <testcase name="test_wp_error_returned_from_wp_insert_post" class="Tests_WpCreateUserRequest" classname="Tests_WpCreateUserRequest" file="/var/www/html/test/wordpress_test/inpsyde_test/test/wp-content/plugins/plugintestslughere/tests/unit/tests/privacy/wpCreateUserRequest.php" line="289" assertions="2" time="0.109134"/>
      </testsuite>
      <testsuite name="Tests_WpPrivacyCompletedRequest" file="/var/www/html/test/wordpress_test/inpsyde_test/test/wp-content/plugins/plugintestslughere/tests/unit/tests/privacy/wpPrivacyCompletedRequest.php" tests="3" assertions="10" errors="0" failures="0" skipped="0" time="0.325589">
        <testcase name="test_wp_privacy_completed_request_should_return_error_for_invalid_request_id" class="Tests_WpPrivacyCompletedRequest" classname="Tests_WpPrivacyCompletedRequest" file="/var/www/html/test/wordpress_test/inpsyde_test/test/wp-content/plugins/plugintestslughere/tests/unit/tests/privacy/wpPrivacyCompletedRequest.php" line="42" assertions="4" time="0.045151"/>
        <testcase name="test_wp_privacy_completed_request_should_mark_request_completed" class="Tests_WpPrivacyCompletedRequest" classname="Tests_WpPrivacyCompletedRequest" file="/var/www/html/test/wordpress_test/inpsyde_test/test/wp-content/plugins/plugintestslughere/tests/unit/tests/privacy/wpPrivacyCompletedRequest.php" line="57" assertions="3" time="0.171370"/>
        <testcase name="test_wp_privacy_completed_request_should_log_request_timestamp" class="Tests_WpPrivacyCompletedRequest" classname="Tests_WpPrivacyCompletedRequest" file="/var/www/html/test/wordpress_test/inpsyde_test/test/wp-content/plugins/plugintestslughere/tests/unit/tests/privacy/wpPrivacyCompletedRequest.php" line="68" assertions="3" time="0.109068"/>
      </testsuite>
      <testsuite name="Tests_Privacy_WpPrivacyDeleteOldExportFiles" file="/var/www/html/test/wordpress_test/inpsyde_test/test/wp-content/plugins/plugintestslughere/tests/unit/tests/privacy/wpPrivacyDeleteOldExportFiles.php" tests="5" assertions="6" errors="0" failures="0" skipped="0" time="0.176497">
        <testcase name="test_non_existent_folders_should_not_cause_errors" class="Tests_Privacy_WpPrivacyDeleteOldExportFiles" classname="Tests_Privacy_WpPrivacyDeleteOldExportFiles" file="/var/www/html/test/wordpress_test/inpsyde_test/test/wp-content/plugins/plugintestslughere/tests/unit/tests/privacy/wpPrivacyDeleteOldExportFiles.php" line="87" assertions="1" time="0.045843"/>
        <testcase name="test_expired_files_should_be_deleted" class="Tests_Privacy_WpPrivacyDeleteOldExportFiles" classname="Tests_Privacy_WpPrivacyDeleteOldExportFiles" file="/var/www/html/test/wordpress_test/inpsyde_test/test/wp-content/plugins/plugintestslughere/tests/unit/tests/privacy/wpPrivacyDeleteOldExportFiles.php" line="119" assertions="1" time="0.038390"/>
        <testcase name="test_unexpired_files_should_not_be_deleted" class="Tests_Privacy_WpPrivacyDeleteOldExportFiles" classname="Tests_Privacy_WpPrivacyDeleteOldExportFiles" file="/var/www/html/test/wordpress_test/inpsyde_test/test/wp-content/plugins/plugintestslughere/tests/unit/tests/privacy/wpPrivacyDeleteOldExportFiles.php" line="130" assertions="1" time="0.032765"/>
        <testcase name="test_index_file_should_never_be_deleted" class="Tests_Privacy_WpPrivacyDeleteOldExportFiles" classname="Tests_Privacy_WpPrivacyDeleteOldExportFiles" file="/var/www/html/test/wordpress_test/inpsyde_test/test/wp-content/plugins/plugintestslughere/tests/unit/tests/privacy/wpPrivacyDeleteOldExportFiles.php" line="141" assertions="1" time="0.030065"/>
        <testcase name="test_filtered_expiration_time" class="Tests_Privacy_WpPrivacyDeleteOldExportFiles" classname="Tests_Privacy_WpPrivacyDeleteOldExportFiles" file="/var/www/html/test/wordpress_test/inpsyde_test/test/wp-content/plugins/plugintestslughere/tests/unit/tests/privacy/wpPrivacyDeleteOldExportFiles.php" line="152" assertions="2" time="0.029433"/>
      </testsuite>
      <testsuite name="Tests_Privacy_WpPrivacyGeneratePersonalDataExportFile" file="/var/www/html/test/wordpress_test/inpsyde_test/test/wp-content/plugins/plugintestslughere/tests/unit/tests/privacy/wpPrivacyGeneratePersonalDataExportFile.php" tests="12" assertions="53" errors="0" failures="0" skipped="0" time="1.222633">
        <testcase name="test_rejects_remove_requests" class="Tests_Privacy_WpPrivacyGeneratePersonalDataExportFile" classname="Tests_Privacy_WpPrivacyGeneratePersonalDataExportFile" file="/var/www/html/test/wordpress_test/inpsyde_test/test/wp-content/plugins/plugintestslughere/tests/unit/tests/privacy/wpPrivacyGeneratePersonalDataExportFile.php" line="163" assertions="2" time="0.110508"/>
        <testcase name="test_invalid_request_id" class="Tests_Privacy_WpPrivacyGeneratePersonalDataExportFile" classname="Tests_Privacy_WpPrivacyGeneratePersonalDataExportFile" file="/var/www/html/test/wordpress_test/inpsyde_test/test/wp-content/plugins/plugintestslughere/tests/unit/tests/privacy/wpPrivacyGeneratePersonalDataExportFile.php" line="176" assertions="2" time="0.046829"/>
        <testcase name="test_rejects_requests_with_bad_email_addresses" class="Tests_Privacy_WpPrivacyGeneratePersonalDataExportFile" classname="Tests_Privacy_WpPrivacyGeneratePersonalDataExportFile" file="/var/www/html/test/wordpress_test/inpsyde_test/test/wp-content/plugins/plugintestslughere/tests/unit/tests/privacy/wpPrivacyGeneratePersonalDataExportFile.php" line="187" assertions="2" time="0.106145"/>
        <testcase name="test_detect_cannot_create_folder" class="Tests_Privacy_WpPrivacyGeneratePersonalDataExportFile" classname="Tests_Privacy_WpPrivacyGeneratePersonalDataExportFile" file="/var/www/html/test/wordpress_test/inpsyde_test/test/wp-content/plugins/plugintestslughere/tests/unit/tests/privacy/wpPrivacyGeneratePersonalDataExportFile.php" line="207" assertions="2" time="0.049198"/>
        <testcase name="test_creates_index_in_export_folder" class="Tests_Privacy_WpPrivacyGeneratePersonalDataExportFile" classname="Tests_Privacy_WpPrivacyGeneratePersonalDataExportFile" file="/var/www/html/test/wordpress_test/inpsyde_test/test/wp-content/plugins/plugintestslughere/tests/unit/tests/privacy/wpPrivacyGeneratePersonalDataExportFile.php" line="221" assertions="2" time="0.126333"/>
        <testcase name="test_can_succeed" class="Tests_Privacy_WpPrivacyGeneratePersonalDataExportFile" classname="Tests_Privacy_WpPrivacyGeneratePersonalDataExportFile" file="/var/www/html/test/wordpress_test/inpsyde_test/test/wp-content/plugins/plugintestslughere/tests/unit/tests/privacy/wpPrivacyGeneratePersonalDataExportFile.php" line="233" assertions="1" time="0.098945"/>
        <testcase name="test_html_contents" class="Tests_Privacy_WpPrivacyGeneratePersonalDataExportFile" classname="Tests_Privacy_WpPrivacyGeneratePersonalDataExportFile" file="/var/www/html/test/wordpress_test/inpsyde_test/test/wp-content/plugins/plugintestslughere/tests/unit/tests/privacy/wpPrivacyGeneratePersonalDataExportFile.php" line="244" assertions="7" time="0.098997"/>
        <testcase name="test_json_contents" class="Tests_Privacy_WpPrivacyGeneratePersonalDataExportFile" classname="Tests_Privacy_WpPrivacyGeneratePersonalDataExportFile" file="/var/www/html/test/wordpress_test/inpsyde_test/test/wp-content/plugins/plugintestslughere/tests/unit/tests/privacy/wpPrivacyGeneratePersonalDataExportFile.php" line="273" assertions="6" time="0.122113"/>
        <testcase name="test_single_group_export_no_toc_or_return_to_top" class="Tests_Privacy_WpPrivacyGeneratePersonalDataExportFile" classname="Tests_Privacy_WpPrivacyGeneratePersonalDataExportFile" file="/var/www/html/test/wordpress_test/inpsyde_test/test/wp-content/plugins/plugintestslughere/tests/unit/tests/privacy/wpPrivacyGeneratePersonalDataExportFile.php" line="303" assertions="7" time="0.088689"/>
        <testcase name="test_multiple_group_export_has_toc_and_return_to_top" class="Tests_Privacy_WpPrivacyGeneratePersonalDataExportFile" classname="Tests_Privacy_WpPrivacyGeneratePersonalDataExportFile" file="/var/www/html/test/wordpress_test/inpsyde_test/test/wp-content/plugins/plugintestslughere/tests/unit/tests/privacy/wpPrivacyGeneratePersonalDataExportFile.php" line="332" assertions="8" time="0.099606"/>
        <testcase name="test_multiple_group_export_multiple_items_group_count_in_toc" class="Tests_Privacy_WpPrivacyGeneratePersonalDataExportFile" classname="Tests_Privacy_WpPrivacyGeneratePersonalDataExportFile" file="/var/www/html/test/wordpress_test/inpsyde_test/test/wp-content/plugins/plugintestslughere/tests/unit/tests/privacy/wpPrivacyGeneratePersonalDataExportFile.php" line="409" assertions="7" time="0.121149"/>
        <testcase name="test_multiple_group_export_single_items_no_group_count_in_toc" class="Tests_Privacy_WpPrivacyGeneratePersonalDataExportFile" classname="Tests_Privacy_WpPrivacyGeneratePersonalDataExportFile" file="/var/www/html/test/wordpress_test/inpsyde_test/test/wp-content/plugins/plugintestslughere/tests/unit/tests/privacy/wpPrivacyGeneratePersonalDataExportFile.php" line="551" assertions="7" time="0.154121"/>
      </testsuite>
      <testsuite name="Tests_Privacy_WpPrivacyGeneratePersonalDataExportGroupHtml" file="/var/www/html/test/wordpress_test/inpsyde_test/test/wp-content/plugins/plugintestslughere/tests/unit/tests/privacy/wpPrivacyGeneratePersonalDataExportGroupHtml.php" tests="8" assertions="26" errors="0" failures="0" skipped="0" time="0.189768">
        <testcase name="test_group_html_generation_single_data_item" class="Tests_Privacy_WpPrivacyGeneratePersonalDataExportGroupHtml" classname="Tests_Privacy_WpPrivacyGeneratePersonalDataExportGroupHtml" file="/var/www/html/test/wordpress_test/inpsyde_test/test/wp-content/plugins/plugintestslughere/tests/unit/tests/privacy/wpPrivacyGeneratePersonalDataExportGroupHtml.php" line="25" assertions="2" time="0.023847"/>
        <testcase name="test_group_html_generation_multiple_data_items" class="Tests_Privacy_WpPrivacyGeneratePersonalDataExportGroupHtml" classname="Tests_Privacy_WpPrivacyGeneratePersonalDataExportGroupHtml" file="/var/www/html/test/wordpress_test/inpsyde_test/test/wp-content/plugins/plugintestslughere/tests/unit/tests/privacy/wpPrivacyGeneratePersonalDataExportGroupHtml.php" line="55" assertions="8" time="0.023324"/>
        <testcase name="test_links_become_anchors" class="Tests_Privacy_WpPrivacyGeneratePersonalDataExportGroupHtml" classname="Tests_Privacy_WpPrivacyGeneratePersonalDataExportGroupHtml" file="/var/www/html/test/wordpress_test/inpsyde_test/test/wp-content/plugins/plugintestslughere/tests/unit/tests/privacy/wpPrivacyGeneratePersonalDataExportGroupHtml.php" line="99" assertions="3" time="0.022492"/>
        <testcase name="test_group_labels_escaped" class="Tests_Privacy_WpPrivacyGeneratePersonalDataExportGroupHtml" classname="Tests_Privacy_WpPrivacyGeneratePersonalDataExportGroupHtml" file="/var/www/html/test/wordpress_test/inpsyde_test/test/wp-content/plugins/plugintestslughere/tests/unit/tests/privacy/wpPrivacyGeneratePersonalDataExportGroupHtml.php" line="132" assertions="1" time="0.022016"/>
        <testcase name="test_allowed_html_not_stripped" class="Tests_Privacy_WpPrivacyGeneratePersonalDataExportGroupHtml" classname="Tests_Privacy_WpPrivacyGeneratePersonalDataExportGroupHtml" file="/var/www/html/test/wordpress_test/inpsyde_test/test/wp-content/plugins/plugintestslughere/tests/unit/tests/privacy/wpPrivacyGeneratePersonalDataExportGroupHtml.php" line="148" assertions="2" time="0.021820"/>
        <testcase name="test_disallowed_html_is_stripped" class="Tests_Privacy_WpPrivacyGeneratePersonalDataExportGroupHtml" classname="Tests_Privacy_WpPrivacyGeneratePersonalDataExportGroupHtml" file="/var/www/html/test/wordpress_test/inpsyde_test/test/wp-content/plugins/plugintestslughere/tests/unit/tests/privacy/wpPrivacyGeneratePersonalDataExportGroupHtml.php" line="175" assertions="4" time="0.021700"/>
        <testcase name="test_group_html_generation_should_display_group_count_when_multiple_items" class="Tests_Privacy_WpPrivacyGeneratePersonalDataExportGroupHtml" classname="Tests_Privacy_WpPrivacyGeneratePersonalDataExportGroupHtml" file="/var/www/html/test/wordpress_test/inpsyde_test/test/wp-content/plugins/plugintestslughere/tests/unit/tests/privacy/wpPrivacyGeneratePersonalDataExportGroupHtml.php" line="206" assertions="3" time="0.022811"/>
        <testcase name="test_group_html_generation_should_not_display_group_count_when_single_item" class="Tests_Privacy_WpPrivacyGeneratePersonalDataExportGroupHtml" classname="Tests_Privacy_WpPrivacyGeneratePersonalDataExportGroupHtml" file="/var/www/html/test/wordpress_test/inpsyde_test/test/wp-content/plugins/plugintestslughere/tests/unit/tests/privacy/wpPrivacyGeneratePersonalDataExportGroupHtml.php" line="237" assertions="3" time="0.031758"/>
      </testsuite>
      <testsuite name="Tests_Privacy_WpPrivacyProcessPersonalDataExportPage" file="/var/www/html/test/wordpress_test/inpsyde_test/test/wp-content/plugins/plugintestslughere/tests/unit/tests/privacy/wpPrivacyProcessPersonalDataExportPage.php" tests="24" assertions="42" errors="0" failures="0" skipped="0" time="2.215422">
        <testsuite name="Tests_Privacy_WpPrivacyProcessPersonalDataExportPage::test_wp_privacy_process_personal_data_export_page" tests="5" assertions="5" errors="0" failures="0" skipped="0" time="0.214649">
          <testcase name="test_wp_privacy_process_personal_data_export_page with data set #0" class="Tests_Privacy_WpPrivacyProcessPersonalDataExportPage" classname="Tests_Privacy_WpPrivacyProcessPersonalDataExportPage" file="/var/www/html/test/wordpress_test/inpsyde_test/test/wp-content/plugins/plugintestslughere/tests/unit/tests/privacy/wpPrivacyProcessPersonalDataExportPage.php" line="272" assertions="1" time="0.039097"/>
          <testcase name="test_wp_privacy_process_personal_data_export_page with data set #1" class="Tests_Privacy_WpPrivacyProcessPersonalDataExportPage" classname="Tests_Privacy_WpPrivacyProcessPersonalDataExportPage" file="/var/www/html/test/wordpress_test/inpsyde_test/test/wp-content/plugins/plugintestslughere/tests/unit/tests/privacy/wpPrivacyProcessPersonalDataExportPage.php" line="272" assertions="1" time="0.035132"/>
          <testcase name="test_wp_privacy_process_personal_data_export_page with data set #2" class="Tests_Privacy_WpPrivacyProcessPersonalDataExportPage" classname="Tests_Privacy_WpPrivacyProcessPersonalDataExportPage" file="/var/www/html/test/wordpress_test/inpsyde_test/test/wp-content/plugins/plugintestslughere/tests/unit/tests/privacy/wpPrivacyProcessPersonalDataExportPage.php" line="272" assertions="1" time="0.029467"/>
          <testcase name="test_wp_privacy_process_personal_data_export_page with data set #3" class="Tests_Privacy_WpPrivacyProcessPersonalDataExportPage" classname="Tests_Privacy_WpPrivacyProcessPersonalDataExportPage" file="/var/www/html/test/wordpress_test/inpsyde_test/test/wp-content/plugins/plugintestslughere/tests/unit/tests/privacy/wpPrivacyProcessPersonalDataExportPage.php" line="272" assertions="1" time="0.023004"/>
          <testcase name="test_wp_privacy_process_personal_data_export_page with data set #4" class="Tests_Privacy_WpPrivacyProcessPersonalDataExportPage" classname="Tests_Privacy_WpPrivacyProcessPersonalDataExportPage" file="/var/www/html/test/wordpress_test/inpsyde_test/test/wp-content/plugins/plugintestslughere/tests/unit/tests/privacy/wpPrivacyProcessPersonalDataExportPage.php" line="272" assertions="1" time="0.087949"/>
        </testsuite>
        <testsuite name="Tests_Privacy_WpPrivacyProcessPersonalDataExportPage::test_send_error_when_invalid_request_id" tests="2" assertions="4" errors="0" failures="0" skipped="0" time="0.076550">
          <testcase name="test_send_error_when_invalid_request_id with data set #0" class="Tests_Privacy_WpPrivacyProcessPersonalDataExportPage" classname="Tests_Privacy_WpPrivacyProcessPersonalDataExportPage" file="/var/www/html/test/wordpress_test/inpsyde_test/test/wp-content/plugins/plugintestslughere/tests/unit/tests/privacy/wpPrivacyProcessPersonalDataExportPage.php" line="362" assertions="2" time="0.041478"/>
          <testcase name="test_send_error_when_invalid_request_id with data set #1" class="Tests_Privacy_WpPrivacyProcessPersonalDataExportPage" classname="Tests_Privacy_WpPrivacyProcessPersonalDataExportPage" file="/var/www/html/test/wordpress_test/inpsyde_test/test/wp-content/plugins/plugintestslughere/tests/unit/tests/privacy/wpPrivacyProcessPersonalDataExportPage.php" line="362" assertions="2" time="0.035072"/>
        </testsuite>
        <testsuite name="Tests_Privacy_WpPrivacyProcessPersonalDataExportPage::test_send_error_when_invalid_request_action_name" tests="2" assertions="4" errors="0" failures="0" skipped="0" time="0.173849">
          <testcase name="test_send_error_when_invalid_request_action_name with data set #0" class="Tests_Privacy_WpPrivacyProcessPersonalDataExportPage" classname="Tests_Privacy_WpPrivacyProcessPersonalDataExportPage" file="/var/www/html/test/wordpress_test/inpsyde_test/test/wp-content/plugins/plugintestslughere/tests/unit/tests/privacy/wpPrivacyProcessPersonalDataExportPage.php" line="392" assertions="2" time="0.085626"/>
          <testcase name="test_send_error_when_invalid_request_action_name with data set #1" class="Tests_Privacy_WpPrivacyProcessPersonalDataExportPage" classname="Tests_Privacy_WpPrivacyProcessPersonalDataExportPage" file="/var/www/html/test/wordpress_test/inpsyde_test/test/wp-content/plugins/plugintestslughere/tests/unit/tests/privacy/wpPrivacyProcessPersonalDataExportPage.php" line="392" assertions="2" time="0.088223"/>
        </testsuite>
        <testsuite name="Tests_Privacy_WpPrivacyProcessPersonalDataExportPage::test_raw_data_post_meta" tests="2" assertions="6" errors="0" failures="0" skipped="0" time="0.273289">
          <testcase name="test_raw_data_post_meta with data set #0" class="Tests_Privacy_WpPrivacyProcessPersonalDataExportPage" classname="Tests_Privacy_WpPrivacyProcessPersonalDataExportPage" file="/var/www/html/test/wordpress_test/inpsyde_test/test/wp-content/plugins/plugintestslughere/tests/unit/tests/privacy/wpPrivacyProcessPersonalDataExportPage.php" line="425" assertions="3" time="0.163950"/>
          <testcase name="test_raw_data_post_meta with data set #1" class="Tests_Privacy_WpPrivacyProcessPersonalDataExportPage" classname="Tests_Privacy_WpPrivacyProcessPersonalDataExportPage" file="/var/www/html/test/wordpress_test/inpsyde_test/test/wp-content/plugins/plugintestslughere/tests/unit/tests/privacy/wpPrivacyProcessPersonalDataExportPage.php" line="425" assertions="3" time="0.109339"/>
        </testsuite>
        <testsuite name="Tests_Privacy_WpPrivacyProcessPersonalDataExportPage::test_add_post_meta_with_groups_data_only_available_when_export_file_generated" tests="2" assertions="6" errors="0" failures="0" skipped="0" time="0.239597">
          <testcase name="test_add_post_meta_with_groups_data_only_available_when_export_file_generated with data set #0" class="Tests_Privacy_WpPrivacyProcessPersonalDataExportPage" classname="Tests_Privacy_WpPrivacyProcessPersonalDataExportPage" file="/var/www/html/test/wordpress_test/inpsyde_test/test/wp-content/plugins/plugintestslughere/tests/unit/tests/privacy/wpPrivacyProcessPersonalDataExportPage.php" line="465" assertions="3" time="0.130861"/>
          <testcase name="test_add_post_meta_with_groups_data_only_available_when_export_file_generated with data set #1" class="Tests_Privacy_WpPrivacyProcessPersonalDataExportPage" classname="Tests_Privacy_WpPrivacyProcessPersonalDataExportPage" file="/var/www/html/test/wordpress_test/inpsyde_test/test/wp-content/plugins/plugintestslughere/tests/unit/tests/privacy/wpPrivacyProcessPersonalDataExportPage.php" line="465" assertions="3" time="0.108736"/>
        </testsuite>
        <testcase name="test_send_error_on_last_page_of_last_exporter_when_mail_delivery_fails" class="Tests_Privacy_WpPrivacyProcessPersonalDataExportPage" classname="Tests_Privacy_WpPrivacyProcessPersonalDataExportPage" file="/var/www/html/test/wordpress_test/inpsyde_test/test/wp-content/plugins/plugintestslughere/tests/unit/tests/privacy/wpPrivacyProcessPersonalDataExportPage.php" line="500" assertions="2" time="0.109328"/>
        <testcase name="test_return_response_with_export_file_url_when_not_sent_as_email_for_last_exporter_on_last_page" class="Tests_Privacy_WpPrivacyProcessPersonalDataExportPage" classname="Tests_Privacy_WpPrivacyProcessPersonalDataExportPage" file="/var/www/html/test/wordpress_test/inpsyde_test/test/wp-content/plugins/plugintestslughere/tests/unit/tests/privacy/wpPrivacyProcessPersonalDataExportPage.php" line="524" assertions="4" time="0.088262"/>
        <testcase name="test_return_response_without_export_file_url_when_sent_as_email_for_last_exporter_on_last_page" class="Tests_Privacy_WpPrivacyProcessPersonalDataExportPage" classname="Tests_Privacy_WpPrivacyProcessPersonalDataExportPage" file="/var/www/html/test/wordpress_test/inpsyde_test/test/wp-content/plugins/plugintestslughere/tests/unit/tests/privacy/wpPrivacyProcessPersonalDataExportPage.php" line="550" assertions="3" time="0.120518"/>
        <testsuite name="Tests_Privacy_WpPrivacyProcessPersonalDataExportPage::test_request_status_transitions_correctly" tests="8" assertions="8" errors="0" failures="0" skipped="0" time="0.919380">
          <testcase name="test_request_status_transitions_correctly with data set #0" class="Tests_Privacy_WpPrivacyProcessPersonalDataExportPage" classname="Tests_Privacy_WpPrivacyProcessPersonalDataExportPage" file="/var/www/html/test/wordpress_test/inpsyde_test/test/wp-content/plugins/plugintestslughere/tests/unit/tests/privacy/wpPrivacyProcessPersonalDataExportPage.php" line="583" assertions="1" time="0.118919"/>
          <testcase name="test_request_status_transitions_correctly with data set #1" class="Tests_Privacy_WpPrivacyProcessPersonalDataExportPage" classname="Tests_Privacy_WpPrivacyProcessPersonalDataExportPage" file="/var/www/html/test/wordpress_test/inpsyde_test/test/wp-content/plugins/plugintestslughere/tests/unit/tests/privacy/wpPrivacyProcessPersonalDataExportPage.php" line="583" assertions="1" time="0.109725"/>
          <testcase name="test_request_status_transitions_correctly with data set #2" class="Tests_Privacy_WpPrivacyProcessPersonalDataExportPage" classname="Tests_Privacy_WpPrivacyProcessPersonalDataExportPage" file="/var/www/html/test/wordpress_test/inpsyde_test/test/wp-content/plugins/plugintestslughere/tests/unit/tests/privacy/wpPrivacyProcessPersonalDataExportPage.php" line="583" assertions="1" time="0.132564"/>
          <testcase name="test_request_status_transitions_correctly with data set #3" class="Tests_Privacy_WpPrivacyProcessPersonalDataExportPage" classname="Tests_Privacy_WpPrivacyProcessPersonalDataExportPage" file="/var/www/html/test/wordpress_test/inpsyde_test/test/wp-content/plugins/plugintestslughere/tests/unit/tests/privacy/wpPrivacyProcessPersonalDataExportPage.php" line="583" assertions="1" time="0.098356"/>
          <testcase name="test_request_status_transitions_correctly with data set #4" class="Tests_Privacy_WpPrivacyProcessPersonalDataExportPage" classname="Tests_Privacy_WpPrivacyProcessPersonalDataExportPage" file="/var/www/html/test/wordpress_test/inpsyde_test/test/wp-content/plugins/plugintestslughere/tests/unit/tests/privacy/wpPrivacyProcessPersonalDataExportPage.php" line="583" assertions="1" time="0.098309"/>
          <testcase name="test_request_status_transitions_correctly with data set #5" class="Tests_Privacy_WpPrivacyProcessPersonalDataExportPage" classname="Tests_Privacy_WpPrivacyProcessPersonalDataExportPage" file="/var/www/html/test/wordpress_test/inpsyde_test/test/wp-content/plugins/plugintestslughere/tests/unit/tests/privacy/wpPrivacyProcessPersonalDataExportPage.php" line="583" assertions="1" time="0.098367"/>
          <testcase name="test_request_status_transitions_correctly with data set #6" class="Tests_Privacy_WpPrivacyProcessPersonalDataExportPage" classname="Tests_Privacy_WpPrivacyProcessPersonalDataExportPage" file="/var/www/html/test/wordpress_test/inpsyde_test/test/wp-content/plugins/plugintestslughere/tests/unit/tests/privacy/wpPrivacyProcessPersonalDataExportPage.php" line="583" assertions="1" time="0.120155"/>
          <testcase name="test_request_status_transitions_correctly with data set #7" class="Tests_Privacy_WpPrivacyProcessPersonalDataExportPage" classname="Tests_Privacy_WpPrivacyProcessPersonalDataExportPage" file="/var/www/html/test/wordpress_test/inpsyde_test/test/wp-content/plugins/plugintestslughere/tests/unit/tests/privacy/wpPrivacyProcessPersonalDataExportPage.php" line="583" assertions="1" time="0.142985"/>
        </testsuite>
      </testsuite>
      <testsuite name="Tests_Privacy_WpPrivacySendErasureFulfillmentNotification" file="/var/www/html/test/wordpress_test/inpsyde_test/test/wp-content/plugins/plugintestslughere/tests/unit/tests/privacy/wpPrivacySendErasureFulfillmentNotification.php" tests="16" assertions="31" errors="0" failures="0" skipped="0" time="1.906097">
        <testcase name="test_should_send_email_no_privacy_policy" class="Tests_Privacy_WpPrivacySendErasureFulfillmentNotification" classname="Tests_Privacy_WpPrivacySendErasureFulfillmentNotification" file="/var/www/html/test/wordpress_test/inpsyde_test/test/wp-content/plugins/plugintestslughere/tests/unit/tests/privacy/wpPrivacySendErasureFulfillmentNotification.php" line="112" assertions="8" time="0.118217"/>
        <testcase name="test_should_send_email_with_privacy_policy" class="Tests_Privacy_WpPrivacySendErasureFulfillmentNotification" classname="Tests_Privacy_WpPrivacySendErasureFulfillmentNotification" file="/var/www/html/test/wordpress_test/inpsyde_test/test/wp-content/plugins/plugintestslughere/tests/unit/tests/privacy/wpPrivacySendErasureFulfillmentNotification.php" line="133" assertions="4" time="0.097726"/>
        <testcase name="test_should_send_email_only_once" class="Tests_Privacy_WpPrivacySendErasureFulfillmentNotification" classname="Tests_Privacy_WpPrivacySendErasureFulfillmentNotification" file="/var/www/html/test/wordpress_test/inpsyde_test/test/wp-content/plugins/plugintestslughere/tests/unit/tests/privacy/wpPrivacySendErasureFulfillmentNotification.php" line="158" assertions="5" time="0.065757"/>
        <testcase name="test_email_address_of_recipient_should_be_filterable" class="Tests_Privacy_WpPrivacySendErasureFulfillmentNotification" classname="Tests_Privacy_WpPrivacySendErasureFulfillmentNotification" file="/var/www/html/test/wordpress_test/inpsyde_test/test/wp-content/plugins/plugintestslughere/tests/unit/tests/privacy/wpPrivacySendErasureFulfillmentNotification.php" line="186" assertions="1" time="0.077145"/>
        <testcase name="test_email_subject_should_be_filterable" class="Tests_Privacy_WpPrivacySendErasureFulfillmentNotification" classname="Tests_Privacy_WpPrivacySendErasureFulfillmentNotification" file="/var/www/html/test/wordpress_test/inpsyde_test/test/wp-content/plugins/plugintestslughere/tests/unit/tests/privacy/wpPrivacySendErasureFulfillmentNotification.php" line="212" assertions="1" time="0.087172"/>
        <testcase name="test_email_body_text_should_be_filterable" class="Tests_Privacy_WpPrivacySendErasureFulfillmentNotification" classname="Tests_Privacy_WpPrivacySendErasureFulfillmentNotification" file="/var/www/html/test/wordpress_test/inpsyde_test/test/wp-content/plugins/plugintestslughere/tests/unit/tests/privacy/wpPrivacySendErasureFulfillmentNotification.php" line="238" assertions="1" time="0.121193"/>
        <testcase name="test_email_headers_should_be_filterable" class="Tests_Privacy_WpPrivacySendErasureFulfillmentNotification" classname="Tests_Privacy_WpPrivacySendErasureFulfillmentNotification" file="/var/www/html/test/wordpress_test/inpsyde_test/test/wp-content/plugins/plugintestslughere/tests/unit/tests/privacy/wpPrivacySendErasureFulfillmentNotification.php" line="266" assertions="1" time="0.087820"/>
        <testcase name="test_should_not_send_email_when_passed_invalid_request_id" class="Tests_Privacy_WpPrivacySendErasureFulfillmentNotification" classname="Tests_Privacy_WpPrivacySendErasureFulfillmentNotification" file="/var/www/html/test/wordpress_test/inpsyde_test/test/wp-content/plugins/plugintestslughere/tests/unit/tests/privacy/wpPrivacySendErasureFulfillmentNotification.php" line="296" assertions="1" time="0.042950"/>
        <testcase name="test_should_not_send_email_when_not_user_request" class="Tests_Privacy_WpPrivacySendErasureFulfillmentNotification" classname="Tests_Privacy_WpPrivacySendErasureFulfillmentNotification" file="/var/www/html/test/wordpress_test/inpsyde_test/test/wp-content/plugins/plugintestslughere/tests/unit/tests/privacy/wpPrivacySendErasureFulfillmentNotification.php" line="309" assertions="1" time="0.098458"/>
        <testcase name="test_should_not_send_email_when_request_not_completed" class="Tests_Privacy_WpPrivacySendErasureFulfillmentNotification" classname="Tests_Privacy_WpPrivacySendErasureFulfillmentNotification" file="/var/www/html/test/wordpress_test/inpsyde_test/test/wp-content/plugins/plugintestslughere/tests/unit/tests/privacy/wpPrivacySendErasureFulfillmentNotification.php" line="327" assertions="2" time="0.087961"/>
        <testcase name="test_should_send_fulfillment_email_in_user_locale" class="Tests_Privacy_WpPrivacySendErasureFulfillmentNotification" classname="Tests_Privacy_WpPrivacySendErasureFulfillmentNotification" file="/var/www/html/test/wordpress_test/inpsyde_test/test/wp-content/plugins/plugintestslughere/tests/unit/tests/privacy/wpPrivacySendErasureFulfillmentNotification.php" line="350" assertions="1" time="0.175543"/>
        <testcase name="test_should_send_fulfillment_email_in_user_locale_when_site_is_not_en_us" class="Tests_Privacy_WpPrivacySendErasureFulfillmentNotification" classname="Tests_Privacy_WpPrivacySendErasureFulfillmentNotification" file="/var/www/html/test/wordpress_test/inpsyde_test/test/wp-content/plugins/plugintestslughere/tests/unit/tests/privacy/wpPrivacySendErasureFulfillmentNotification.php" line="367" assertions="1" time="0.219243"/>
        <testcase name="test_should_send_fulfillment_email_in_user_locale_when_admin_and_site_have_different_locales" class="Tests_Privacy_WpPrivacySendErasureFulfillmentNotification" classname="Tests_Privacy_WpPrivacySendErasureFulfillmentNotification" file="/var/www/html/test/wordpress_test/inpsyde_test/test/wp-content/plugins/plugintestslughere/tests/unit/tests/privacy/wpPrivacySendErasureFulfillmentNotification.php" line="388" assertions="1" time="0.131612"/>
        <testcase name="test_should_send_fulfillment_email_in_user_locale_when_both_have_different_locales_than_site" class="Tests_Privacy_WpPrivacySendErasureFulfillmentNotification" classname="Tests_Privacy_WpPrivacySendErasureFulfillmentNotification" file="/var/www/html/test/wordpress_test/inpsyde_test/test/wp-content/plugins/plugintestslughere/tests/unit/tests/privacy/wpPrivacySendErasureFulfillmentNotification.php" line="409" assertions="1" time="0.187625"/>
        <testcase name="test_should_send_fulfillment_email_in_site_locale" class="Tests_Privacy_WpPrivacySendErasureFulfillmentNotification" classname="Tests_Privacy_WpPrivacySendErasureFulfillmentNotification" file="/var/www/html/test/wordpress_test/inpsyde_test/test/wp-content/plugins/plugintestslughere/tests/unit/tests/privacy/wpPrivacySendErasureFulfillmentNotification.php" line="432" assertions="1" time="0.110325"/>
        <testcase name="test_should_send_fulfillment_email_in_site_locale_when_not_en_us_and_admin_has_different_locale" class="Tests_Privacy_WpPrivacySendErasureFulfillmentNotification" classname="Tests_Privacy_WpPrivacySendErasureFulfillmentNotification" file="/var/www/html/test/wordpress_test/inpsyde_test/test/wp-content/plugins/plugintestslughere/tests/unit/tests/privacy/wpPrivacySendErasureFulfillmentNotification.php" line="458" assertions="1" time="0.197349"/>
      </testsuite>
      <testsuite name="Tests_Privacy_WpPrivacySendPersonalDataExportEmail" file="/var/www/html/test/wordpress_test/inpsyde_test/test/wp-content/plugins/plugintestslughere/tests/unit/tests/privacy/wpPrivacySendPersonalDataExportEmail.php" tests="15" assertions="24" errors="0" failures="0" skipped="0" time="1.509131">
        <testcase name="test_function_should_send_export_link_to_requester" class="Tests_Privacy_WpPrivacySendPersonalDataExportEmail" classname="Tests_Privacy_WpPrivacySendPersonalDataExportEmail" file="/var/www/html/test/wordpress_test/inpsyde_test/test/wp-content/plugins/plugintestslughere/tests/unit/tests/privacy/wpPrivacySendPersonalDataExportEmail.php" line="106" assertions="6" time="0.085011"/>
        <testcase name="test_function_should_error_when_request_id_invalid" class="Tests_Privacy_WpPrivacySendPersonalDataExportEmail" classname="Tests_Privacy_WpPrivacySendPersonalDataExportEmail" file="/var/www/html/test/wordpress_test/inpsyde_test/test/wp-content/plugins/plugintestslughere/tests/unit/tests/privacy/wpPrivacySendPersonalDataExportEmail.php" line="128" assertions="4" time="0.032185"/>
        <testcase name="test_return_wp_error_when_send_fails" class="Tests_Privacy_WpPrivacySendPersonalDataExportEmail" classname="Tests_Privacy_WpPrivacySendPersonalDataExportEmail" file="/var/www/html/test/wordpress_test/inpsyde_test/test/wp-content/plugins/plugintestslughere/tests/unit/tests/privacy/wpPrivacySendPersonalDataExportEmail.php" line="145" assertions="2" time="0.035772"/>
        <testcase name="test_export_expiration_should_be_filterable" class="Tests_Privacy_WpPrivacySendPersonalDataExportEmail" classname="Tests_Privacy_WpPrivacySendPersonalDataExportEmail" file="/var/www/html/test/wordpress_test/inpsyde_test/test/wp-content/plugins/plugintestslughere/tests/unit/tests/privacy/wpPrivacySendPersonalDataExportEmail.php" line="158" assertions="1" time="0.029737"/>
        <testcase name="test_email_address_of_recipient_should_be_filterable" class="Tests_Privacy_WpPrivacySendPersonalDataExportEmail" classname="Tests_Privacy_WpPrivacySendPersonalDataExportEmail" file="/var/www/html/test/wordpress_test/inpsyde_test/test/wp-content/plugins/plugintestslughere/tests/unit/tests/privacy/wpPrivacySendPersonalDataExportEmail.php" line="184" assertions="1" time="0.031300"/>
        <testcase name="test_email_subject_should_be_filterable" class="Tests_Privacy_WpPrivacySendPersonalDataExportEmail" classname="Tests_Privacy_WpPrivacySendPersonalDataExportEmail" file="/var/www/html/test/wordpress_test/inpsyde_test/test/wp-content/plugins/plugintestslughere/tests/unit/tests/privacy/wpPrivacySendPersonalDataExportEmail.php" line="210" assertions="1" time="0.033700"/>
        <testcase name="test_email_content_should_be_filterable" class="Tests_Privacy_WpPrivacySendPersonalDataExportEmail" classname="Tests_Privacy_WpPrivacySendPersonalDataExportEmail" file="/var/www/html/test/wordpress_test/inpsyde_test/test/wp-content/plugins/plugintestslughere/tests/unit/tests/privacy/wpPrivacySendPersonalDataExportEmail.php" line="236" assertions="1" time="0.044156"/>
        <testcase name="test_email_headers_should_be_filterable" class="Tests_Privacy_WpPrivacySendPersonalDataExportEmail" classname="Tests_Privacy_WpPrivacySendPersonalDataExportEmail" file="/var/www/html/test/wordpress_test/inpsyde_test/test/wp-content/plugins/plugintestslughere/tests/unit/tests/privacy/wpPrivacySendPersonalDataExportEmail.php" line="264" assertions="1" time="0.043438"/>
        <testcase name="test_email_content_should_be_filterable_using_email_data" class="Tests_Privacy_WpPrivacySendPersonalDataExportEmail" classname="Tests_Privacy_WpPrivacySendPersonalDataExportEmail" file="/var/www/html/test/wordpress_test/inpsyde_test/test/wp-content/plugins/plugintestslughere/tests/unit/tests/privacy/wpPrivacySendPersonalDataExportEmail.php" line="294" assertions="1" time="0.046479"/>
        <testcase name="test_should_send_personal_data_export_email_in_user_locale" class="Tests_Privacy_WpPrivacySendPersonalDataExportEmail" classname="Tests_Privacy_WpPrivacySendPersonalDataExportEmail" file="/var/www/html/test/wordpress_test/inpsyde_test/test/wp-content/plugins/plugintestslughere/tests/unit/tests/privacy/wpPrivacySendPersonalDataExportEmail.php" line="337" assertions="1" time="0.172699"/>
        <testcase name="test_should_send_personal_data_export_email_in_user_locale_when_site_is_not_en_us" class="Tests_Privacy_WpPrivacySendPersonalDataExportEmail" classname="Tests_Privacy_WpPrivacySendPersonalDataExportEmail" file="/var/www/html/test/wordpress_test/inpsyde_test/test/wp-content/plugins/plugintestslughere/tests/unit/tests/privacy/wpPrivacySendPersonalDataExportEmail.php" line="355" assertions="1" time="0.295857"/>
        <testcase name="test_should_send_personal_data_export_email_in_user_locale_when_admin_and_site_have_different_locales" class="Tests_Privacy_WpPrivacySendPersonalDataExportEmail" classname="Tests_Privacy_WpPrivacySendPersonalDataExportEmail" file="/var/www/html/test/wordpress_test/inpsyde_test/test/wp-content/plugins/plugintestslughere/tests/unit/tests/privacy/wpPrivacySendPersonalDataExportEmail.php" line="377" assertions="1" time="0.153918"/>
        <testcase name="test_should_send_personal_data_export_email_in_user_locale_when_both_have_different_locales_than_site" class="Tests_Privacy_WpPrivacySendPersonalDataExportEmail" classname="Tests_Privacy_WpPrivacySendPersonalDataExportEmail" file="/var/www/html/test/wordpress_test/inpsyde_test/test/wp-content/plugins/plugintestslughere/tests/unit/tests/privacy/wpPrivacySendPersonalDataExportEmail.php" line="399" assertions="1" time="0.274052"/>
        <testcase name="test_should_send_personal_data_export_email_in_site_locale" class="Tests_Privacy_WpPrivacySendPersonalDataExportEmail" classname="Tests_Privacy_WpPrivacySendPersonalDataExportEmail" file="/var/www/html/test/wordpress_test/inpsyde_test/test/wp-content/plugins/plugintestslughere/tests/unit/tests/privacy/wpPrivacySendPersonalDataExportEmail.php" line="423" assertions="1" time="0.099116"/>
        <testcase name="test_should_send_personal_data_export_email_in_site_locale_when_not_en_us_and_admin_has_different_locale" class="Tests_Privacy_WpPrivacySendPersonalDataExportEmail" classname="Tests_Privacy_WpPrivacySendPersonalDataExportEmail" file="/var/www/html/test/wordpress_test/inpsyde_test/test/wp-content/plugins/plugintestslughere/tests/unit/tests/privacy/wpPrivacySendPersonalDataExportEmail.php" line="445" assertions="1" time="0.131711"/>
      </testsuite>
      <testsuite name="Tests_User_WpPrivacySendRequestConfirmationNotification" file="/var/www/html/test/wordpress_test/inpsyde_test/test/wp-content/plugins/plugintestslughere/tests/unit/tests/privacy/wpPrivacySendRequestConfirmationNotification.php" tests="8" assertions="18" errors="0" failures="0" skipped="0" time="0.804202">
        <testcase name="test_function_should_not_send_email_when_not_a_valid_request_id" class="Tests_User_WpPrivacySendRequestConfirmationNotification" classname="Tests_User_WpPrivacySendRequestConfirmationNotification" file="/var/www/html/test/wordpress_test/inpsyde_test/test/wp-content/plugins/plugintestslughere/tests/unit/tests/privacy/wpPrivacySendRequestConfirmationNotification.php" line="43" assertions="1" time="0.039465"/>
        <testcase name="test_function_should_not_send_email_when_not_a_wp_user_request" class="Tests_User_WpPrivacySendRequestConfirmationNotification" classname="Tests_User_WpPrivacySendRequestConfirmationNotification" file="/var/www/html/test/wordpress_test/inpsyde_test/test/wp-content/plugins/plugintestslughere/tests/unit/tests/privacy/wpPrivacySendRequestConfirmationNotification.php" line="55" assertions="1" time="0.095049"/>
        <testcase name="test_function_should_send_email_to_site_admin_when_user_request_confirmed" class="Tests_User_WpPrivacySendRequestConfirmationNotification" classname="Tests_User_WpPrivacySendRequestConfirmationNotification" file="/var/www/html/test/wordpress_test/inpsyde_test/test/wp-content/plugins/plugintestslughere/tests/unit/tests/privacy/wpPrivacySendRequestConfirmationNotification.php" line="73" assertions="7" time="0.143381"/>
        <testcase name="test_function_should_only_send_email_to_site_admin_when_user_request_is_confirmed" class="Tests_User_WpPrivacySendRequestConfirmationNotification" classname="Tests_User_WpPrivacySendRequestConfirmationNotification" file="/var/www/html/test/wordpress_test/inpsyde_test/test/wp-content/plugins/plugintestslughere/tests/unit/tests/privacy/wpPrivacySendRequestConfirmationNotification.php" line="96" assertions="3" time="0.087457"/>
        <testcase name="test_function_should_only_send_email_once_to_admin_when_user_request_is_confirmed" class="Tests_User_WpPrivacySendRequestConfirmationNotification" classname="Tests_User_WpPrivacySendRequestConfirmationNotification" file="/var/www/html/test/wordpress_test/inpsyde_test/test/wp-content/plugins/plugintestslughere/tests/unit/tests/privacy/wpPrivacySendRequestConfirmationNotification.php" line="116" assertions="3" time="0.109417"/>
        <testcase name="test_email_address_should_be_filterable" class="Tests_User_WpPrivacySendRequestConfirmationNotification" classname="Tests_User_WpPrivacySendRequestConfirmationNotification" file="/var/www/html/test/wordpress_test/inpsyde_test/test/wp-content/plugins/plugintestslughere/tests/unit/tests/privacy/wpPrivacySendRequestConfirmationNotification.php" line="140" assertions="1" time="0.098672"/>
        <testcase name="test_email_content_should_be_filterable" class="Tests_User_WpPrivacySendRequestConfirmationNotification" classname="Tests_User_WpPrivacySendRequestConfirmationNotification" file="/var/www/html/test/wordpress_test/inpsyde_test/test/wp-content/plugins/plugintestslughere/tests/unit/tests/privacy/wpPrivacySendRequestConfirmationNotification.php" line="173" assertions="1" time="0.098715"/>
        <testcase name="test_email_headers_should_be_filterable" class="Tests_User_WpPrivacySendRequestConfirmationNotification" classname="Tests_User_WpPrivacySendRequestConfirmationNotification" file="/var/www/html/test/wordpress_test/inpsyde_test/test/wp-content/plugins/plugintestslughere/tests/unit/tests/privacy/wpPrivacySendRequestConfirmationNotification.php" line="217" assertions="1" time="0.132046"/>
      </testsuite>
      <testsuite name="Tests_Query" file="/var/www/html/test/wordpress_test/inpsyde_test/test/wp-content/plugins/plugintestslughere/tests/unit/tests/query.php" tests="25" assertions="43" errors="0" failures="0" skipped="0" time="4.905313">
        <testcase name="test_nested_loop_reset_postdata" class="Tests_Query" classname="Tests_Query" file="/var/www/html/test/wordpress_test/inpsyde_test/test/wp-content/plugins/plugintestslughere/tests/unit/tests/query.php" line="15" assertions="2" time="0.146296"/>
        <testcase name="test_default_query_var" class="Tests_Query" classname="Tests_Query" file="/var/www/html/test/wordpress_test/inpsyde_test/test/wp-content/plugins/plugintestslughere/tests/unit/tests/query.php" line="35" assertions="3" time="0.087565"/>
        <testcase name="test_pre_posts_per_page" class="Tests_Query" classname="Tests_Query" file="/var/www/html/test/wordpress_test/inpsyde_test/test/wp-content/plugins/plugintestslughere/tests/unit/tests/query.php" line="45" assertions="1" time="0.395744"/>
        <testcase name="test_tag_queried_object" class="Tests_Query" classname="Tests_Query" file="/var/www/html/test/wordpress_test/inpsyde_test/test/wp-content/plugins/plugintestslughere/tests/unit/tests/query.php" line="62" assertions="12" time="0.098754"/>
        <testcase name="test_get_queried_object_should_return_null_when_is_tax_is_true_but_the_taxonomy_args_have_been_removed_in_a_parse_query_callback" class="Tests_Query" classname="Tests_Query" file="/var/www/html/test/wordpress_test/inpsyde_test/test/wp-content/plugins/plugintestslughere/tests/unit/tests/query.php" line="93" assertions="1" time="0.364144"/>
        <testcase name="test_get_queried_object_should_return_null_for_not_exists_tax_query" class="Tests_Query" classname="Tests_Query" file="/var/www/html/test/wordpress_test/inpsyde_test/test/wp-content/plugins/plugintestslughere/tests/unit/tests/query.php" line="129" assertions="1" time="0.087333"/>
        <testcase name="test_orderby_space_separated" class="Tests_Query" classname="Tests_Query" file="/var/www/html/test/wordpress_test/inpsyde_test/test/wp-content/plugins/plugintestslughere/tests/unit/tests/query.php" line="147" assertions="1" time="0.087284"/>
        <testcase name="test_cat_querystring_single_term" class="Tests_Query" classname="Tests_Query" file="/var/www/html/test/wordpress_test/inpsyde_test/test/wp-content/plugins/plugintestslughere/tests/unit/tests/query.php" line="160" assertions="1" time="0.231421"/>
        <testcase name="test_category_querystring_multiple_terms_comma_separated" class="Tests_Query" classname="Tests_Query" file="/var/www/html/test/wordpress_test/inpsyde_test/test/wp-content/plugins/plugintestslughere/tests/unit/tests/query.php" line="196" assertions="1" time="0.263533"/>
        <testcase name="test_category_querystring_multiple_terms_formatted_as_array" class="Tests_Query" classname="Tests_Query" file="/var/www/html/test/wordpress_test/inpsyde_test/test/wp-content/plugins/plugintestslughere/tests/unit/tests/query.php" line="243" assertions="1" time="0.396692"/>
        <testcase name="test_tag_querystring_single_term" class="Tests_Query" classname="Tests_Query" file="/var/www/html/test/wordpress_test/inpsyde_test/test/wp-content/plugins/plugintestslughere/tests/unit/tests/query.php" line="288" assertions="1" time="0.209820"/>
        <testcase name="test_tag_querystring_multiple_terms_comma_separated" class="Tests_Query" classname="Tests_Query" file="/var/www/html/test/wordpress_test/inpsyde_test/test/wp-content/plugins/plugintestslughere/tests/unit/tests/query.php" line="324" assertions="1" time="0.251760"/>
        <testcase name="test_tag_querystring_multiple_terms_formatted_as_array" class="Tests_Query" classname="Tests_Query" file="/var/www/html/test/wordpress_test/inpsyde_test/test/wp-content/plugins/plugintestslughere/tests/unit/tests/query.php" line="371" assertions="1" time="0.254848"/>
        <testcase name="test_custom_taxonomy_querystring_single_term" class="Tests_Query" classname="Tests_Query" file="/var/www/html/test/wordpress_test/inpsyde_test/test/wp-content/plugins/plugintestslughere/tests/unit/tests/query.php" line="415" assertions="1" time="0.231617"/>
        <testcase name="test_custom_taxonomy_querystring_multiple_terms_comma_separated" class="Tests_Query" classname="Tests_Query" file="/var/www/html/test/wordpress_test/inpsyde_test/test/wp-content/plugins/plugintestslughere/tests/unit/tests/query.php" line="442" assertions="1" time="0.318471"/>
        <testcase name="test_custom_taxonomy_querystring_multiple_terms_formatted_as_array" class="Tests_Query" classname="Tests_Query" file="/var/www/html/test/wordpress_test/inpsyde_test/test/wp-content/plugins/plugintestslughere/tests/unit/tests/query.php" line="474" assertions="1" time="0.252946"/>
        <testcase name="test_pages_dont_404_when_queried_post_id_is_modified" class="Tests_Query" classname="Tests_Query" file="/var/www/html/test/wordpress_test/inpsyde_test/test/wp-content/plugins/plugintestslughere/tests/unit/tests/query.php" line="506" assertions="2" time="0.109638"/>
        <testcase name="test_custom_hierarchical_post_types_404_when_queried_post_id_is_modified" class="Tests_Query" classname="Tests_Query" file="/var/www/html/test/wordpress_test/inpsyde_test/test/wp-content/plugins/plugintestslughere/tests/unit/tests/query.php" line="528" assertions="2" time="0.142059"/>
        <testcase name="test_offset_0_should_override_page" class="Tests_Query" classname="Tests_Query" file="/var/www/html/test/wordpress_test/inpsyde_test/test/wp-content/plugins/plugintestslughere/tests/unit/tests/query.php" line="565" assertions="1" time="0.109383"/>
        <testcase name="test_offset_should_be_ignored_when_not_set" class="Tests_Query" classname="Tests_Query" file="/var/www/html/test/wordpress_test/inpsyde_test/test/wp-content/plugins/plugintestslughere/tests/unit/tests/query.php" line="580" assertions="1" time="0.120144"/>
        <testcase name="test_offset_should_be_ignored_when_passed_a_non_numeric_value" class="Tests_Query" classname="Tests_Query" file="/var/www/html/test/wordpress_test/inpsyde_test/test/wp-content/plugins/plugintestslughere/tests/unit/tests/query.php" line="594" assertions="1" time="0.098840"/>
        <testcase name="test_comment_status" class="Tests_Query" classname="Tests_Query" file="/var/www/html/test/wordpress_test/inpsyde_test/test/wp-content/plugins/plugintestslughere/tests/unit/tests/query.php" line="609" assertions="1" time="0.197701"/>
        <testcase name="test_ping_status" class="Tests_Query" classname="Tests_Query" file="/var/www/html/test/wordpress_test/inpsyde_test/test/wp-content/plugins/plugintestslughere/tests/unit/tests/query.php" line="626" assertions="1" time="0.164743"/>
        <testcase name="test_get_queried_object_should_return_first_of_multiple_terms" class="Tests_Query" classname="Tests_Query" file="/var/www/html/test/wordpress_test/inpsyde_test/test/wp-content/plugins/plugintestslughere/tests/unit/tests/query.php" line="643" assertions="2" time="0.152832"/>
        <testcase name="test_query_vars_should_match_first_of_multiple_terms" class="Tests_Query" classname="Tests_Query" file="/var/www/html/test/wordpress_test/inpsyde_test/test/wp-content/plugins/plugintestslughere/tests/unit/tests/query.php" line="673" assertions="2" time="0.131745"/>
      </testsuite>
      <testsuite name="Tests_Query_CommentCount" file="/var/www/html/test/wordpress_test/inpsyde_test/test/wp-content/plugins/plugintestslughere/tests/unit/tests/query/commentCount.php" tests="15" assertions="15" errors="0" failures="0" skipped="0" time="0.435064">
        <testcase name="test_operator_equals" class="Tests_Query_CommentCount" classname="Tests_Query_CommentCount" file="/var/www/html/test/wordpress_test/inpsyde_test/test/wp-content/plugins/plugintestslughere/tests/unit/tests/query/commentCount.php" line="69" assertions="1" time="0.048918"/>
        <testcase name="test_operator_greater_than" class="Tests_Query_CommentCount" classname="Tests_Query_CommentCount" file="/var/www/html/test/wordpress_test/inpsyde_test/test/wp-content/plugins/plugintestslughere/tests/unit/tests/query/commentCount.php" line="87" assertions="1" time="0.060690"/>
        <testcase name="test_operator_greater_than_no_results" class="Tests_Query_CommentCount" classname="Tests_Query_CommentCount" file="/var/www/html/test/wordpress_test/inpsyde_test/test/wp-content/plugins/plugintestslughere/tests/unit/tests/query/commentCount.php" line="105" assertions="1" time="0.038643"/>
        <testcase name="test_operator_less_than" class="Tests_Query_CommentCount" classname="Tests_Query_CommentCount" file="/var/www/html/test/wordpress_test/inpsyde_test/test/wp-content/plugins/plugintestslughere/tests/unit/tests/query/commentCount.php" line="122" assertions="1" time="0.024773"/>
        <testcase name="test_operator_less_than_no_results" class="Tests_Query_CommentCount" classname="Tests_Query_CommentCount" file="/var/www/html/test/wordpress_test/inpsyde_test/test/wp-content/plugins/plugintestslughere/tests/unit/tests/query/commentCount.php" line="149" assertions="1" time="0.022434"/>
        <testcase name="test_operator_not_equal" class="Tests_Query_CommentCount" classname="Tests_Query_CommentCount" file="/var/www/html/test/wordpress_test/inpsyde_test/test/wp-content/plugins/plugintestslughere/tests/unit/tests/query/commentCount.php" line="168" assertions="1" time="0.023324"/>
        <testcase name="test_operator_equal_or_greater_than" class="Tests_Query_CommentCount" classname="Tests_Query_CommentCount" file="/var/www/html/test/wordpress_test/inpsyde_test/test/wp-content/plugins/plugintestslughere/tests/unit/tests/query/commentCount.php" line="195" assertions="1" time="0.022745"/>
        <testcase name="test_operator_equal_or_greater_than_no_results" class="Tests_Query_CommentCount" classname="Tests_Query_CommentCount" file="/var/www/html/test/wordpress_test/inpsyde_test/test/wp-content/plugins/plugintestslughere/tests/unit/tests/query/commentCount.php" line="219" assertions="1" time="0.023261"/>
        <testcase name="test_operator_equal_or_less_than" class="Tests_Query_CommentCount" classname="Tests_Query_CommentCount" file="/var/www/html/test/wordpress_test/inpsyde_test/test/wp-content/plugins/plugintestslughere/tests/unit/tests/query/commentCount.php" line="237" assertions="1" time="0.023146"/>
        <testcase name="test_operator_equal_or_less_than_no_results" class="Tests_Query_CommentCount" classname="Tests_Query_CommentCount" file="/var/www/html/test/wordpress_test/inpsyde_test/test/wp-content/plugins/plugintestslughere/tests/unit/tests/query/commentCount.php" line="261" assertions="1" time="0.022518"/>
        <testcase name="test_invalid_operator_should_fall_back_on_equals" class="Tests_Query_CommentCount" classname="Tests_Query_CommentCount" file="/var/www/html/test/wordpress_test/inpsyde_test/test/wp-content/plugins/plugintestslughere/tests/unit/tests/query/commentCount.php" line="279" assertions="1" time="0.025401"/>
        <testcase name="test_wrong_count_no_results" class="Tests_Query_CommentCount" classname="Tests_Query_CommentCount" file="/var/www/html/test/wordpress_test/inpsyde_test/test/wp-content/plugins/plugintestslughere/tests/unit/tests/query/commentCount.php" line="300" assertions="1" time="0.024440"/>
        <testcase name="test_no_operator_no_results" class="Tests_Query_CommentCount" classname="Tests_Query_CommentCount" file="/var/www/html/test/wordpress_test/inpsyde_test/test/wp-content/plugins/plugintestslughere/tests/unit/tests/query/commentCount.php" line="318" assertions="1" time="0.024906"/>
        <testcase name="test_empty_non_numeric_string_should_be_ignored" class="Tests_Query_CommentCount" classname="Tests_Query_CommentCount" file="/var/www/html/test/wordpress_test/inpsyde_test/test/wp-content/plugins/plugintestslughere/tests/unit/tests/query/commentCount.php" line="335" assertions="1" time="0.025688"/>
        <testcase name="test_simple_count" class="Tests_Query_CommentCount" classname="Tests_Query_CommentCount" file="/var/www/html/test/wordpress_test/inpsyde_test/test/wp-content/plugins/plugintestslughere/tests/unit/tests/query/commentCount.php" line="359" assertions="1" time="0.024177"/>
      </testsuite>
      <testsuite name="Tests_Query_Conditionals" file="/var/www/html/test/wordpress_test/inpsyde_test/test/wp-content/plugins/plugintestslughere/tests/unit/tests/query/conditionals.php" tests="84" assertions="608" errors="0" failures="0" skipped="0" time="15.124929">
        <testcase name="test_home" class="Tests_Query_Conditionals" classname="Tests_Query_Conditionals" file="/var/www/html/test/wordpress_test/inpsyde_test/test/wp-content/plugins/plugintestslughere/tests/unit/tests/query/conditionals.php" line="30" assertions="2" time="0.106462"/>
        <testcase name="test_page_on_front" class="Tests_Query_Conditionals" classname="Tests_Query_Conditionals" file="/var/www/html/test/wordpress_test/inpsyde_test/test/wp-content/plugins/plugintestslughere/tests/unit/tests/query/conditionals.php" line="35" assertions="5" time="0.176985"/>
        <testcase name="test_404" class="Tests_Query_Conditionals" classname="Tests_Query_Conditionals" file="/var/www/html/test/wordpress_test/inpsyde_test/test/wp-content/plugins/plugintestslughere/tests/unit/tests/query/conditionals.php" line="61" assertions="1" time="0.109502"/>
        <testcase name="test_permalink" class="Tests_Query_Conditionals" classname="Tests_Query_Conditionals" file="/var/www/html/test/wordpress_test/inpsyde_test/test/wp-content/plugins/plugintestslughere/tests/unit/tests/query/conditionals.php" line="66" assertions="2" time="0.153358"/>
        <testcase name="test_post_comments_feed" class="Tests_Query_Conditionals" classname="Tests_Query_Conditionals" file="/var/www/html/test/wordpress_test/inpsyde_test/test/wp-content/plugins/plugintestslughere/tests/unit/tests/query/conditionals.php" line="72" assertions="4" time="0.164324"/>
        <testcase name="test_post_comments_feed_with_no_comments" class="Tests_Query_Conditionals" classname="Tests_Query_Conditionals" file="/var/www/html/test/wordpress_test/inpsyde_test/test/wp-content/plugins/plugintestslughere/tests/unit/tests/query/conditionals.php" line="80" assertions="4" time="0.186641"/>
        <testcase name="test_attachment_comments_feed" class="Tests_Query_Conditionals" classname="Tests_Query_Conditionals" file="/var/www/html/test/wordpress_test/inpsyde_test/test/wp-content/plugins/plugintestslughere/tests/unit/tests/query/conditionals.php" line="86" assertions="5" time="0.142383"/>
        <testcase name="test_page" class="Tests_Query_Conditionals" classname="Tests_Query_Conditionals" file="/var/www/html/test/wordpress_test/inpsyde_test/test/wp-content/plugins/plugintestslughere/tests/unit/tests/query/conditionals.php" line="93" assertions="2" time="0.131434"/>
        <testcase name="test_parent_page" class="Tests_Query_Conditionals" classname="Tests_Query_Conditionals" file="/var/www/html/test/wordpress_test/inpsyde_test/test/wp-content/plugins/plugintestslughere/tests/unit/tests/query/conditionals.php" line="104" assertions="2" time="0.131518"/>
        <testcase name="test_child_page_1" class="Tests_Query_Conditionals" classname="Tests_Query_Conditionals" file="/var/www/html/test/wordpress_test/inpsyde_test/test/wp-content/plugins/plugintestslughere/tests/unit/tests/query/conditionals.php" line="116" assertions="2" time="0.153309"/>
        <testcase name="test_child_page_2" class="Tests_Query_Conditionals" classname="Tests_Query_Conditionals" file="/var/www/html/test/wordpress_test/inpsyde_test/test/wp-content/plugins/plugintestslughere/tests/unit/tests/query/conditionals.php" line="135" assertions="2" time="0.164391"/>
        <testcase name="test_page_trackback" class="Tests_Query_Conditionals" classname="Tests_Query_Conditionals" file="/var/www/html/test/wordpress_test/inpsyde_test/test/wp-content/plugins/plugintestslughere/tests/unit/tests/query/conditionals.php" line="162" assertions="12" time="0.208811"/>
        <testcase name="test_page_feed" class="Tests_Query_Conditionals" classname="Tests_Query_Conditionals" file="/var/www/html/test/wordpress_test/inpsyde_test/test/wp-content/plugins/plugintestslughere/tests/unit/tests/query/conditionals.php" line="200" assertions="15" time="0.219071"/>
        <testcase name="test_page_feed_with_no_comments" class="Tests_Query_Conditionals" classname="Tests_Query_Conditionals" file="/var/www/html/test/wordpress_test/inpsyde_test/test/wp-content/plugins/plugintestslughere/tests/unit/tests/query/conditionals.php" line="238" assertions="15" time="0.186679"/>
        <testcase name="test_page_feed_atom" class="Tests_Query_Conditionals" classname="Tests_Query_Conditionals" file="/var/www/html/test/wordpress_test/inpsyde_test/test/wp-content/plugins/plugintestslughere/tests/unit/tests/query/conditionals.php" line="276" assertions="15" time="0.208330"/>
        <testcase name="test_page_page_2" class="Tests_Query_Conditionals" classname="Tests_Query_Conditionals" file="/var/www/html/test/wordpress_test/inpsyde_test/test/wp-content/plugins/plugintestslughere/tests/unit/tests/query/conditionals.php" line="316" assertions="4" time="0.131682"/>
        <testcase name="test_page_page_2_no_slash" class="Tests_Query_Conditionals" classname="Tests_Query_Conditionals" file="/var/www/html/test/wordpress_test/inpsyde_test/test/wp-content/plugins/plugintestslughere/tests/unit/tests/query/conditionals.php" line="335" assertions="4" time="0.130953"/>
        <testcase name="test_pagination_of_posts_page" class="Tests_Query_Conditionals" classname="Tests_Query_Conditionals" file="/var/www/html/test/wordpress_test/inpsyde_test/test/wp-content/plugins/plugintestslughere/tests/unit/tests/query/conditionals.php" line="354" assertions="3" time="0.187036"/>
        <testcase name="test_main_feed_2" class="Tests_Query_Conditionals" classname="Tests_Query_Conditionals" file="/var/www/html/test/wordpress_test/inpsyde_test/test/wp-content/plugins/plugintestslughere/tests/unit/tests/query/conditionals.php" line="385" assertions="10" time="0.219480"/>
        <testcase name="test_main_feed" class="Tests_Query_Conditionals" classname="Tests_Query_Conditionals" file="/var/www/html/test/wordpress_test/inpsyde_test/test/wp-content/plugins/plugintestslughere/tests/unit/tests/query/conditionals.php" line="403" assertions="3" time="0.168681"/>
        <testcase name="test_paged" class="Tests_Query_Conditionals" classname="Tests_Query_Conditionals" file="/var/www/html/test/wordpress_test/inpsyde_test/test/wp-content/plugins/plugintestslughere/tests/unit/tests/query/conditionals.php" line="413" assertions="6" time="0.204096"/>
        <testcase name="test_main_comments_feed" class="Tests_Query_Conditionals" classname="Tests_Query_Conditionals" file="/var/www/html/test/wordpress_test/inpsyde_test/test/wp-content/plugins/plugintestslughere/tests/unit/tests/query/conditionals.php" line="424" assertions="24" time="0.252793"/>
        <testcase name="test_search_feed" class="Tests_Query_Conditionals" classname="Tests_Query_Conditionals" file="/var/www/html/test/wordpress_test/inpsyde_test/test/wp-content/plugins/plugintestslughere/tests/unit/tests/query/conditionals.php" line="450" assertions="20" time="0.241887"/>
        <testcase name="test_search_paged" class="Tests_Query_Conditionals" classname="Tests_Query_Conditionals" file="/var/www/html/test/wordpress_test/inpsyde_test/test/wp-content/plugins/plugintestslughere/tests/unit/tests/query/conditionals.php" line="467" assertions="2" time="0.196814"/>
        <testcase name="test_search" class="Tests_Query_Conditionals" classname="Tests_Query_Conditionals" file="/var/www/html/test/wordpress_test/inpsyde_test/test/wp-content/plugins/plugintestslughere/tests/unit/tests/query/conditionals.php" line="475" assertions="1" time="0.120701"/>
        <testcase name="test_search_encoded_chars" class="Tests_Query_Conditionals" classname="Tests_Query_Conditionals" file="/var/www/html/test/wordpress_test/inpsyde_test/test/wp-content/plugins/plugintestslughere/tests/unit/tests/query/conditionals.php" line="483" assertions="1" time="0.120421"/>
        <testcase name="test_category_feed" class="Tests_Query_Conditionals" classname="Tests_Query_Conditionals" file="/var/www/html/test/wordpress_test/inpsyde_test/test/wp-content/plugins/plugintestslughere/tests/unit/tests/query/conditionals.php" line="490" assertions="30" time="0.258894"/>
        <testcase name="test_category_paged" class="Tests_Query_Conditionals" classname="Tests_Query_Conditionals" file="/var/www/html/test/wordpress_test/inpsyde_test/test/wp-content/plugins/plugintestslughere/tests/unit/tests/query/conditionals.php" line="514" assertions="3" time="0.313395"/>
        <testcase name="test_category" class="Tests_Query_Conditionals" classname="Tests_Query_Conditionals" file="/var/www/html/test/wordpress_test/inpsyde_test/test/wp-content/plugins/plugintestslughere/tests/unit/tests/query/conditionals.php" line="522" assertions="2" time="0.130702"/>
        <testcase name="test_tag_feed" class="Tests_Query_Conditionals" classname="Tests_Query_Conditionals" file="/var/www/html/test/wordpress_test/inpsyde_test/test/wp-content/plugins/plugintestslughere/tests/unit/tests/query/conditionals.php" line="535" assertions="30" time="0.219465"/>
        <testcase name="test_tag_paged" class="Tests_Query_Conditionals" classname="Tests_Query_Conditionals" file="/var/www/html/test/wordpress_test/inpsyde_test/test/wp-content/plugins/plugintestslughere/tests/unit/tests/query/conditionals.php" line="558" assertions="3" time="0.165446"/>
        <testcase name="test_tag" class="Tests_Query_Conditionals" classname="Tests_Query_Conditionals" file="/var/www/html/test/wordpress_test/inpsyde_test/test/wp-content/plugins/plugintestslughere/tests/unit/tests/query/conditionals.php" line="569" assertions="10" time="0.131011"/>
        <testcase name="test_author_feed" class="Tests_Query_Conditionals" classname="Tests_Query_Conditionals" file="/var/www/html/test/wordpress_test/inpsyde_test/test/wp-content/plugins/plugintestslughere/tests/unit/tests/query/conditionals.php" line="594" assertions="30" time="0.286556"/>
        <testcase name="test_author_paged" class="Tests_Query_Conditionals" classname="Tests_Query_Conditionals" file="/var/www/html/test/wordpress_test/inpsyde_test/test/wp-content/plugins/plugintestslughere/tests/unit/tests/query/conditionals.php" line="612" assertions="3" time="0.318649"/>
        <testcase name="test_author" class="Tests_Query_Conditionals" classname="Tests_Query_Conditionals" file="/var/www/html/test/wordpress_test/inpsyde_test/test/wp-content/plugins/plugintestslughere/tests/unit/tests/query/conditionals.php" line="621" assertions="2" time="0.154494"/>
        <testcase name="test_author_with_no_posts" class="Tests_Query_Conditionals" classname="Tests_Query_Conditionals" file="/var/www/html/test/wordpress_test/inpsyde_test/test/wp-content/plugins/plugintestslughere/tests/unit/tests/query/conditionals.php" line="628" assertions="2" time="0.197082"/>
        <testcase name="test_ymd_feed" class="Tests_Query_Conditionals" classname="Tests_Query_Conditionals" file="/var/www/html/test/wordpress_test/inpsyde_test/test/wp-content/plugins/plugintestslughere/tests/unit/tests/query/conditionals.php" line="636" assertions="40" time="0.319029"/>
        <testcase name="test_ymd_paged" class="Tests_Query_Conditionals" classname="Tests_Query_Conditionals" file="/var/www/html/test/wordpress_test/inpsyde_test/test/wp-content/plugins/plugintestslughere/tests/unit/tests/query/conditionals.php" line="654" assertions="4" time="0.219359"/>
        <testcase name="test_ymd" class="Tests_Query_Conditionals" classname="Tests_Query_Conditionals" file="/var/www/html/test/wordpress_test/inpsyde_test/test/wp-content/plugins/plugintestslughere/tests/unit/tests/query/conditionals.php" line="662" assertions="3" time="0.153349"/>
        <testcase name="test_ym_feed" class="Tests_Query_Conditionals" classname="Tests_Query_Conditionals" file="/var/www/html/test/wordpress_test/inpsyde_test/test/wp-content/plugins/plugintestslughere/tests/unit/tests/query/conditionals.php" line="670" assertions="40" time="0.197130"/>
        <testcase name="test_ym_paged" class="Tests_Query_Conditionals" classname="Tests_Query_Conditionals" file="/var/www/html/test/wordpress_test/inpsyde_test/test/wp-content/plugins/plugintestslughere/tests/unit/tests/query/conditionals.php" line="688" assertions="4" time="0.234768"/>
        <testcase name="test_ym" class="Tests_Query_Conditionals" classname="Tests_Query_Conditionals" file="/var/www/html/test/wordpress_test/inpsyde_test/test/wp-content/plugins/plugintestslughere/tests/unit/tests/query/conditionals.php" line="696" assertions="3" time="0.238254"/>
        <testcase name="test_y_feed" class="Tests_Query_Conditionals" classname="Tests_Query_Conditionals" file="/var/www/html/test/wordpress_test/inpsyde_test/test/wp-content/plugins/plugintestslughere/tests/unit/tests/query/conditionals.php" line="704" assertions="40" time="0.274330"/>
        <testcase name="test_y_paged" class="Tests_Query_Conditionals" classname="Tests_Query_Conditionals" file="/var/www/html/test/wordpress_test/inpsyde_test/test/wp-content/plugins/plugintestslughere/tests/unit/tests/query/conditionals.php" line="722" assertions="4" time="0.230472"/>
        <testcase name="test_y" class="Tests_Query_Conditionals" classname="Tests_Query_Conditionals" file="/var/www/html/test/wordpress_test/inpsyde_test/test/wp-content/plugins/plugintestslughere/tests/unit/tests/query/conditionals.php" line="730" assertions="3" time="0.152710"/>
        <testcase name="test_post_trackback" class="Tests_Query_Conditionals" classname="Tests_Query_Conditionals" file="/var/www/html/test/wordpress_test/inpsyde_test/test/wp-content/plugins/plugintestslughere/tests/unit/tests/query/conditionals.php" line="737" assertions="3" time="0.131757"/>
        <testcase name="test_post_comment_feed" class="Tests_Query_Conditionals" classname="Tests_Query_Conditionals" file="/var/www/html/test/wordpress_test/inpsyde_test/test/wp-content/plugins/plugintestslughere/tests/unit/tests/query/conditionals.php" line="746" assertions="40" time="0.298846"/>
        <testcase name="test_post_paged_short" class="Tests_Query_Conditionals" classname="Tests_Query_Conditionals" file="/var/www/html/test/wordpress_test/inpsyde_test/test/wp-content/plugins/plugintestslughere/tests/unit/tests/query/conditionals.php" line="765" assertions="2" time="0.142253"/>
        <testcase name="test_post_attachment" class="Tests_Query_Conditionals" classname="Tests_Query_Conditionals" file="/var/www/html/test/wordpress_test/inpsyde_test/test/wp-content/plugins/plugintestslughere/tests/unit/tests/query/conditionals.php" line="780" assertions="3" time="0.142093"/>
        <testcase name="test_bad_dates" class="Tests_Query_Conditionals" classname="Tests_Query_Conditionals" file="/var/www/html/test/wordpress_test/inpsyde_test/test/wp-content/plugins/plugintestslughere/tests/unit/tests/query/conditionals.php" line="798" assertions="3" time="0.120036"/>
        <testcase name="test_post_type_archive_with_tax_query" class="Tests_Query_Conditionals" classname="Tests_Query_Conditionals" file="/var/www/html/test/wordpress_test/inpsyde_test/test/wp-content/plugins/plugintestslughere/tests/unit/tests/query/conditionals.php" line="806" assertions="6" time="0.220665"/>
        <testcase name="test_post_type_array" class="Tests_Query_Conditionals" classname="Tests_Query_Conditionals" file="/var/www/html/test/wordpress_test/inpsyde_test/test/wp-content/plugins/plugintestslughere/tests/unit/tests/query/conditionals.php" line="851" assertions="6" time="0.263772"/>
        <testcase name="test_is_single" class="Tests_Query_Conditionals" classname="Tests_Query_Conditionals" file="/var/www/html/test/wordpress_test/inpsyde_test/test/wp-content/plugins/plugintestslughere/tests/unit/tests/query/conditionals.php" line="883" assertions="8" time="0.142185"/>
        <testcase name="test_is_single_with_parent" class="Tests_Query_Conditionals" classname="Tests_Query_Conditionals" file="/var/www/html/test/wordpress_test/inpsyde_test/test/wp-content/plugins/plugintestslughere/tests/unit/tests/query/conditionals.php" line="903" assertions="13" time="0.142865"/>
        <testcase name="test_is_single_with_slug_that_begins_with_a_number_that_clashes_with_another_post_id" class="Tests_Query_Conditionals" classname="Tests_Query_Conditionals" file="/var/www/html/test/wordpress_test/inpsyde_test/test/wp-content/plugins/plugintestslughere/tests/unit/tests/query/conditionals.php" line="957" assertions="4" time="0.175346"/>
        <testcase name="test_is_single_with_slug_that_clashes_with_attachment" class="Tests_Query_Conditionals" classname="Tests_Query_Conditionals" file="/var/www/html/test/wordpress_test/inpsyde_test/test/wp-content/plugins/plugintestslughere/tests/unit/tests/query/conditionals.php" line="980" assertions="4" time="0.175206"/>
        <testcase name="test_is_single_with_attachment" class="Tests_Query_Conditionals" classname="Tests_Query_Conditionals" file="/var/www/html/test/wordpress_test/inpsyde_test/test/wp-content/plugins/plugintestslughere/tests/unit/tests/query/conditionals.php" line="1010" assertions="3" time="0.176183"/>
        <testcase name="test_is_page" class="Tests_Query_Conditionals" classname="Tests_Query_Conditionals" file="/var/www/html/test/wordpress_test/inpsyde_test/test/wp-content/plugins/plugintestslughere/tests/unit/tests/query/conditionals.php" line="1030" assertions="8" time="0.131739"/>
        <testcase name="test_is_page_with_parent" class="Tests_Query_Conditionals" classname="Tests_Query_Conditionals" file="/var/www/html/test/wordpress_test/inpsyde_test/test/wp-content/plugins/plugintestslughere/tests/unit/tests/query/conditionals.php" line="1050" assertions="13" time="0.164232"/>
        <testcase name="test_is_attachment" class="Tests_Query_Conditionals" classname="Tests_Query_Conditionals" file="/var/www/html/test/wordpress_test/inpsyde_test/test/wp-content/plugins/plugintestslughere/tests/unit/tests/query/conditionals.php" line="1084" assertions="9" time="0.131688"/>
        <testcase name="test_is_attachment_with_slug_that_begins_with_a_number_that_clashes_with_a_page_ID" class="Tests_Query_Conditionals" classname="Tests_Query_Conditionals" file="/var/www/html/test/wordpress_test/inpsyde_test/test/wp-content/plugins/plugintestslughere/tests/unit/tests/query/conditionals.php" line="1105" assertions="4" time="0.142195"/>
        <testcase name="test_is_author_with_nicename_that_begins_with_a_number_that_clashes_with_another_author_id" class="Tests_Query_Conditionals" classname="Tests_Query_Conditionals" file="/var/www/html/test/wordpress_test/inpsyde_test/test/wp-content/plugins/plugintestslughere/tests/unit/tests/query/conditionals.php" line="1129" assertions="4" time="0.241840"/>
        <testcase name="test_is_category_with_slug_that_begins_with_a_number_that_clashes_with_another_category_id" class="Tests_Query_Conditionals" classname="Tests_Query_Conditionals" file="/var/www/html/test/wordpress_test/inpsyde_test/test/wp-content/plugins/plugintestslughere/tests/unit/tests/query/conditionals.php" line="1152" assertions="4" time="0.209292"/>
        <testcase name="test_is_tag_with_slug_that_begins_with_a_number_that_clashes_with_another_tag_id" class="Tests_Query_Conditionals" classname="Tests_Query_Conditionals" file="/var/www/html/test/wordpress_test/inpsyde_test/test/wp-content/plugins/plugintestslughere/tests/unit/tests/query/conditionals.php" line="1175" assertions="4" time="0.131183"/>
        <testcase name="test_is_page_with_page_id_zero_and_random_page_slug" class="Tests_Query_Conditionals" classname="Tests_Query_Conditionals" file="/var/www/html/test/wordpress_test/inpsyde_test/test/wp-content/plugins/plugintestslughere/tests/unit/tests/query/conditionals.php" line="1198" assertions="3" time="0.131385"/>
        <testcase name="test_is_page_with_page_slug_that_begins_with_a_number_that_clashes_with_a_page_ID" class="Tests_Query_Conditionals" classname="Tests_Query_Conditionals" file="/var/www/html/test/wordpress_test/inpsyde_test/test/wp-content/plugins/plugintestslughere/tests/unit/tests/query/conditionals.php" line="1220" assertions="4" time="0.131536"/>
        <testcase name="test_is_page_template" class="Tests_Query_Conditionals" classname="Tests_Query_Conditionals" file="/var/www/html/test/wordpress_test/inpsyde_test/test/wp-content/plugins/plugintestslughere/tests/unit/tests/query/conditionals.php" line="1241" assertions="1" time="0.187484"/>
        <testcase name="test_is_page_template_default" class="Tests_Query_Conditionals" classname="Tests_Query_Conditionals" file="/var/www/html/test/wordpress_test/inpsyde_test/test/wp-content/plugins/plugintestslughere/tests/unit/tests/query/conditionals.php" line="1251" assertions="2" time="0.086839"/>
        <testcase name="test_is_page_template_array" class="Tests_Query_Conditionals" classname="Tests_Query_Conditionals" file="/var/www/html/test/wordpress_test/inpsyde_test/test/wp-content/plugins/plugintestslughere/tests/unit/tests/query/conditionals.php" line="1261" assertions="2" time="0.087788"/>
        <testcase name="test_is_page_template_other_post_type" class="Tests_Query_Conditionals" classname="Tests_Query_Conditionals" file="/var/www/html/test/wordpress_test/inpsyde_test/test/wp-content/plugins/plugintestslughere/tests/unit/tests/query/conditionals.php" line="1272" assertions="2" time="0.154371"/>
        <testcase name="test_is_page_template_not_singular" class="Tests_Query_Conditionals" classname="Tests_Query_Conditionals" file="/var/www/html/test/wordpress_test/inpsyde_test/test/wp-content/plugins/plugintestslughere/tests/unit/tests/query/conditionals.php" line="1283" assertions="4" time="0.286556"/>
        <testcase name="test_is_attachment_should_not_match_numeric_id_to_post_title_beginning_with_id" class="Tests_Query_Conditionals" classname="Tests_Query_Conditionals" file="/var/www/html/test/wordpress_test/inpsyde_test/test/wp-content/plugins/plugintestslughere/tests/unit/tests/query/conditionals.php" line="1309" assertions="2" time="0.120037"/>
        <testcase name="test_is_attachment_should_not_match_numeric_id_to_post_name_beginning_with_id" class="Tests_Query_Conditionals" classname="Tests_Query_Conditionals" file="/var/www/html/test/wordpress_test/inpsyde_test/test/wp-content/plugins/plugintestslughere/tests/unit/tests/query/conditionals.php" line="1334" assertions="2" time="0.153936"/>
        <testcase name="test_is_author_should_not_match_numeric_id_to_nickname_beginning_with_id" class="Tests_Query_Conditionals" classname="Tests_Query_Conditionals" file="/var/www/html/test/wordpress_test/inpsyde_test/test/wp-content/plugins/plugintestslughere/tests/unit/tests/query/conditionals.php" line="1359" assertions="2" time="0.253340"/>
        <testcase name="test_is_author_should_not_match_numeric_id_to_user_nicename_beginning_with_id" class="Tests_Query_Conditionals" classname="Tests_Query_Conditionals" file="/var/www/html/test/wordpress_test/inpsyde_test/test/wp-content/plugins/plugintestslughere/tests/unit/tests/query/conditionals.php" line="1382" assertions="2" time="0.285367"/>
        <testcase name="test_is_category_should_not_match_numeric_id_to_name_beginning_with_id" class="Tests_Query_Conditionals" classname="Tests_Query_Conditionals" file="/var/www/html/test/wordpress_test/inpsyde_test/test/wp-content/plugins/plugintestslughere/tests/unit/tests/query/conditionals.php" line="1405" assertions="2" time="0.144952"/>
        <testcase name="test_is_category_should_not_match_numeric_id_to_slug_beginning_with_id" class="Tests_Query_Conditionals" classname="Tests_Query_Conditionals" file="/var/www/html/test/wordpress_test/inpsyde_test/test/wp-content/plugins/plugintestslughere/tests/unit/tests/query/conditionals.php" line="1430" assertions="2" time="0.150612"/>
        <testcase name="test_is_tag_should_not_match_numeric_id_to_name_beginning_with_id" class="Tests_Query_Conditionals" classname="Tests_Query_Conditionals" file="/var/www/html/test/wordpress_test/inpsyde_test/test/wp-content/plugins/plugintestslughere/tests/unit/tests/query/conditionals.php" line="1455" assertions="2" time="0.120970"/>
        <testcase name="test_is_tag_should_not_match_numeric_id_to_slug_beginning_with_id" class="Tests_Query_Conditionals" classname="Tests_Query_Conditionals" file="/var/www/html/test/wordpress_test/inpsyde_test/test/wp-content/plugins/plugintestslughere/tests/unit/tests/query/conditionals.php" line="1480" assertions="2" time="0.153183"/>
        <testcase name="test_is_page_should_not_match_numeric_id_to_post_title_beginning_with_id" class="Tests_Query_Conditionals" classname="Tests_Query_Conditionals" file="/var/www/html/test/wordpress_test/inpsyde_test/test/wp-content/plugins/plugintestslughere/tests/unit/tests/query/conditionals.php" line="1505" assertions="2" time="0.209384"/>
        <testcase name="test_is_page_should_not_match_numeric_id_to_post_name_beginning_with_id" class="Tests_Query_Conditionals" classname="Tests_Query_Conditionals" file="/var/www/html/test/wordpress_test/inpsyde_test/test/wp-content/plugins/plugintestslughere/tests/unit/tests/query/conditionals.php" line="1530" assertions="2" time="0.120825"/>
        <testcase name="test_is_single_should_not_match_numeric_id_to_post_title_beginning_with_id" class="Tests_Query_Conditionals" classname="Tests_Query_Conditionals" file="/var/www/html/test/wordpress_test/inpsyde_test/test/wp-content/plugins/plugintestslughere/tests/unit/tests/query/conditionals.php" line="1555" assertions="2" time="0.197827"/>
        <testcase name="test_is_single_should_not_match_numeric_id_to_post_name_beginning_with_id" class="Tests_Query_Conditionals" classname="Tests_Query_Conditionals" file="/var/www/html/test/wordpress_test/inpsyde_test/test/wp-content/plugins/plugintestslughere/tests/unit/tests/query/conditionals.php" line="1580" assertions="2" time="0.142252"/>
        <testcase name="test_is_privacy_policy" class="Tests_Query_Conditionals" classname="Tests_Query_Conditionals" file="/var/www/html/test/wordpress_test/inpsyde_test/test/wp-content/plugins/plugintestslughere/tests/unit/tests/query/conditionals.php" line="1606" assertions="3" time="0.110071"/>
      </testsuite>
      <testsuite name="Tests_Query_Date" file="/var/www/html/test/wordpress_test/inpsyde_test/test/wp-content/plugins/plugintestslughere/tests/unit/tests/query/date.php" tests="29" assertions="29" errors="0" failures="0" skipped="0" time="1.024345">
        <testcase name="test_simple_year_expecting_results" class="Tests_Query_Date" classname="Tests_Query_Date" file="/var/www/html/test/wordpress_test/inpsyde_test/test/wp-content/plugins/plugintestslughere/tests/unit/tests/query/date.php" line="68" assertions="1" time="0.053161"/>
        <testcase name="test_simple_year_expecting_noresults" class="Tests_Query_Date" classname="Tests_Query_Date" file="/var/www/html/test/wordpress_test/inpsyde_test/test/wp-content/plugins/plugintestslughere/tests/unit/tests/query/date.php" line="84" assertions="1" time="0.035134"/>
        <testcase name="test_simple_m_with_year_expecting_results" class="Tests_Query_Date" classname="Tests_Query_Date" file="/var/www/html/test/wordpress_test/inpsyde_test/test/wp-content/plugins/plugintestslughere/tests/unit/tests/query/date.php" line="94" assertions="1" time="0.033934"/>
        <testcase name="test_simple_m_with_year_expecting_noresults" class="Tests_Query_Date" classname="Tests_Query_Date" file="/var/www/html/test/wordpress_test/inpsyde_test/test/wp-content/plugins/plugintestslughere/tests/unit/tests/query/date.php" line="110" assertions="1" time="0.026764"/>
        <testcase name="test_simple_m_with_yearmonth_expecting_results" class="Tests_Query_Date" classname="Tests_Query_Date" file="/var/www/html/test/wordpress_test/inpsyde_test/test/wp-content/plugins/plugintestslughere/tests/unit/tests/query/date.php" line="120" assertions="1" time="0.028096"/>
        <testcase name="test_simple_m_with_yearmonth_expecting_noresults" class="Tests_Query_Date" classname="Tests_Query_Date" file="/var/www/html/test/wordpress_test/inpsyde_test/test/wp-content/plugins/plugintestslughere/tests/unit/tests/query/date.php" line="135" assertions="1" time="0.022549"/>
        <testcase name="test_simple_m_with_yearmonthday_expecting_results" class="Tests_Query_Date" classname="Tests_Query_Date" file="/var/www/html/test/wordpress_test/inpsyde_test/test/wp-content/plugins/plugintestslughere/tests/unit/tests/query/date.php" line="145" assertions="1" time="0.026173"/>
        <testcase name="test_simple_m_with_yearmonthday_expecting_noresults" class="Tests_Query_Date" classname="Tests_Query_Date" file="/var/www/html/test/wordpress_test/inpsyde_test/test/wp-content/plugins/plugintestslughere/tests/unit/tests/query/date.php" line="160" assertions="1" time="0.022869"/>
        <testcase name="test_simple_m_with_yearmonthdayhour_expecting_results" class="Tests_Query_Date" classname="Tests_Query_Date" file="/var/www/html/test/wordpress_test/inpsyde_test/test/wp-content/plugins/plugintestslughere/tests/unit/tests/query/date.php" line="170" assertions="1" time="0.096289"/>
        <testcase name="test_simple_m_with_yearmonthdayhour_expecting_noresults" class="Tests_Query_Date" classname="Tests_Query_Date" file="/var/www/html/test/wordpress_test/inpsyde_test/test/wp-content/plugins/plugintestslughere/tests/unit/tests/query/date.php" line="185" assertions="1" time="0.048770"/>
        <testcase name="test_simple_m_with_yearmonthdayhourminute_expecting_results" class="Tests_Query_Date" classname="Tests_Query_Date" file="/var/www/html/test/wordpress_test/inpsyde_test/test/wp-content/plugins/plugintestslughere/tests/unit/tests/query/date.php" line="198" assertions="1" time="0.044894"/>
        <testcase name="test_simple_m_with_yearmonthdayhourminute_expecting_noresults" class="Tests_Query_Date" classname="Tests_Query_Date" file="/var/www/html/test/wordpress_test/inpsyde_test/test/wp-content/plugins/plugintestslughere/tests/unit/tests/query/date.php" line="216" assertions="1" time="0.033784"/>
        <testcase name="test_simple_m_with_yearmonthdayhourminutesecond_expecting_results" class="Tests_Query_Date" classname="Tests_Query_Date" file="/var/www/html/test/wordpress_test/inpsyde_test/test/wp-content/plugins/plugintestslughere/tests/unit/tests/query/date.php" line="229" assertions="1" time="0.036417"/>
        <testcase name="test_simple_m_with_yearmonthdayhourminutesecond_expecting_noresults" class="Tests_Query_Date" classname="Tests_Query_Date" file="/var/www/html/test/wordpress_test/inpsyde_test/test/wp-content/plugins/plugintestslughere/tests/unit/tests/query/date.php" line="246" assertions="1" time="0.031473"/>
        <testcase name="test_simple_m_with_yearmonthdayhourminutesecond_and_dashes_expecting_results" class="Tests_Query_Date" classname="Tests_Query_Date" file="/var/www/html/test/wordpress_test/inpsyde_test/test/wp-content/plugins/plugintestslughere/tests/unit/tests/query/date.php" line="259" assertions="1" time="0.033304"/>
        <testcase name="test_simple_m_with_yearmonthdayhourminutesecond_and_dashesletters_expecting_results" class="Tests_Query_Date" classname="Tests_Query_Date" file="/var/www/html/test/wordpress_test/inpsyde_test/test/wp-content/plugins/plugintestslughere/tests/unit/tests/query/date.php" line="276" assertions="1" time="0.029407"/>
        <testcase name="test_non_scalar_m_should_be_discarded" class="Tests_Query_Date" classname="Tests_Query_Date" file="/var/www/html/test/wordpress_test/inpsyde_test/test/wp-content/plugins/plugintestslughere/tests/unit/tests/query/date.php" line="293" assertions="1" time="0.113805"/>
        <testcase name="test_simple_monthnum_expecting_results" class="Tests_Query_Date" classname="Tests_Query_Date" file="/var/www/html/test/wordpress_test/inpsyde_test/test/wp-content/plugins/plugintestslughere/tests/unit/tests/query/date.php" line="304" assertions="1" time="0.031790"/>
        <testcase name="test_simple_monthnum_expecting_noresults" class="Tests_Query_Date" classname="Tests_Query_Date" file="/var/www/html/test/wordpress_test/inpsyde_test/test/wp-content/plugins/plugintestslughere/tests/unit/tests/query/date.php" line="322" assertions="1" time="0.023766"/>
        <testcase name="test_simple_w_as_in_week_expecting_results" class="Tests_Query_Date" classname="Tests_Query_Date" file="/var/www/html/test/wordpress_test/inpsyde_test/test/wp-content/plugins/plugintestslughere/tests/unit/tests/query/date.php" line="332" assertions="1" time="0.027535"/>
        <testcase name="test_simple_w_as_in_week_expecting_noresults" class="Tests_Query_Date" classname="Tests_Query_Date" file="/var/www/html/test/wordpress_test/inpsyde_test/test/wp-content/plugins/plugintestslughere/tests/unit/tests/query/date.php" line="348" assertions="1" time="0.023217"/>
        <testcase name="test_simple_day_expecting_results" class="Tests_Query_Date" classname="Tests_Query_Date" file="/var/www/html/test/wordpress_test/inpsyde_test/test/wp-content/plugins/plugintestslughere/tests/unit/tests/query/date.php" line="358" assertions="1" time="0.028080"/>
        <testcase name="test_simple_day_expecting_noresults" class="Tests_Query_Date" classname="Tests_Query_Date" file="/var/www/html/test/wordpress_test/inpsyde_test/test/wp-content/plugins/plugintestslughere/tests/unit/tests/query/date.php" line="373" assertions="1" time="0.022046"/>
        <testcase name="test_simple_hour_expecting_results" class="Tests_Query_Date" classname="Tests_Query_Date" file="/var/www/html/test/wordpress_test/inpsyde_test/test/wp-content/plugins/plugintestslughere/tests/unit/tests/query/date.php" line="383" assertions="1" time="0.024004"/>
        <testcase name="test_simple_hour_expecting_noresults" class="Tests_Query_Date" classname="Tests_Query_Date" file="/var/www/html/test/wordpress_test/inpsyde_test/test/wp-content/plugins/plugintestslughere/tests/unit/tests/query/date.php" line="397" assertions="1" time="0.023482"/>
        <testcase name="test_simple_minute_expecting_results" class="Tests_Query_Date" classname="Tests_Query_Date" file="/var/www/html/test/wordpress_test/inpsyde_test/test/wp-content/plugins/plugintestslughere/tests/unit/tests/query/date.php" line="407" assertions="1" time="0.028063"/>
        <testcase name="test_simple_minute_expecting_noresults" class="Tests_Query_Date" classname="Tests_Query_Date" file="/var/www/html/test/wordpress_test/inpsyde_test/test/wp-content/plugins/plugintestslughere/tests/unit/tests/query/date.php" line="422" assertions="1" time="0.024085"/>
        <testcase name="test_simple_second_expecting_results" class="Tests_Query_Date" classname="Tests_Query_Date" file="/var/www/html/test/wordpress_test/inpsyde_test/test/wp-content/plugins/plugintestslughere/tests/unit/tests/query/date.php" line="432" assertions="1" time="0.028077"/>
        <testcase name="test_simple_second_expecting_noresults" class="Tests_Query_Date" classname="Tests_Query_Date" file="/var/www/html/test/wordpress_test/inpsyde_test/test/wp-content/plugins/plugintestslughere/tests/unit/tests/query/date.php" line="446" assertions="1" time="0.023377"/>
      </testsuite>
      <testsuite name="Tests_Query_DateQuery" file="/var/www/html/test/wordpress_test/inpsyde_test/test/wp-content/plugins/plugintestslughere/tests/unit/tests/query/dateQuery.php" tests="38" assertions="52" errors="0" failures="0" skipped="0" time="6.655129">
        <testcase name="test_date_query_before_array" class="Tests_Query_DateQuery" classname="Tests_Query_DateQuery" file="/var/www/html/test/wordpress_test/inpsyde_test/test/wp-content/plugins/plugintestslughere/tests/unit/tests/query/dateQuery.php" line="38" assertions="1" time="0.178224"/>
        <testcase name="test_date_query_before_array_test_defaulting" class="Tests_Query_DateQuery" classname="Tests_Query_DateQuery" file="/var/www/html/test/wordpress_test/inpsyde_test/test/wp-content/plugins/plugintestslughere/tests/unit/tests/query/dateQuery.php" line="64" assertions="1" time="0.209152"/>
        <testcase name="test_date_query_before_string" class="Tests_Query_DateQuery" classname="Tests_Query_DateQuery" file="/var/www/html/test/wordpress_test/inpsyde_test/test/wp-content/plugins/plugintestslughere/tests/unit/tests/query/dateQuery.php" line="83" assertions="1" time="0.176394"/>
        <testcase name="test_date_query_after_array" class="Tests_Query_DateQuery" classname="Tests_Query_DateQuery" file="/var/www/html/test/wordpress_test/inpsyde_test/test/wp-content/plugins/plugintestslughere/tests/unit/tests/query/dateQuery.php" line="102" assertions="1" time="0.163825"/>
        <testcase name="test_date_query_after_array_test_defaulting" class="Tests_Query_DateQuery" classname="Tests_Query_DateQuery" file="/var/www/html/test/wordpress_test/inpsyde_test/test/wp-content/plugins/plugintestslughere/tests/unit/tests/query/dateQuery.php" line="128" assertions="1" time="0.142884"/>
        <testcase name="test_date_query_after_string" class="Tests_Query_DateQuery" classname="Tests_Query_DateQuery" file="/var/www/html/test/wordpress_test/inpsyde_test/test/wp-content/plugins/plugintestslughere/tests/unit/tests/query/dateQuery.php" line="147" assertions="1" time="0.253011"/>
        <testcase name="test_date_query_after_string_inclusive" class="Tests_Query_DateQuery" classname="Tests_Query_DateQuery" file="/var/www/html/test/wordpress_test/inpsyde_test/test/wp-content/plugins/plugintestslughere/tests/unit/tests/query/dateQuery.php" line="165" assertions="1" time="0.298688"/>
        <testcase name="test_date_query_inclusive_between_dates" class="Tests_Query_DateQuery" classname="Tests_Query_DateQuery" file="/var/www/html/test/wordpress_test/inpsyde_test/test/wp-content/plugins/plugintestslughere/tests/unit/tests/query/dateQuery.php" line="187" assertions="1" time="0.229794"/>
        <testcase name="test_beforeafter_with_date_string_Y" class="Tests_Query_DateQuery" classname="Tests_Query_DateQuery" file="/var/www/html/test/wordpress_test/inpsyde_test/test/wp-content/plugins/plugintestslughere/tests/unit/tests/query/dateQuery.php" line="216" assertions="2" time="0.120695"/>
        <testcase name="test_beforeafter_with_date_string_Y_inclusive" class="Tests_Query_DateQuery" classname="Tests_Query_DateQuery" file="/var/www/html/test/wordpress_test/inpsyde_test/test/wp-content/plugins/plugintestslughere/tests/unit/tests/query/dateQuery.php" line="257" assertions="2" time="0.165114"/>
        <testcase name="test_beforeafter_with_date_string_Ym" class="Tests_Query_DateQuery" classname="Tests_Query_DateQuery" file="/var/www/html/test/wordpress_test/inpsyde_test/test/wp-content/plugins/plugintestslughere/tests/unit/tests/query/dateQuery.php" line="300" assertions="2" time="0.143323"/>
        <testcase name="test_beforeafter_with_date_string_Ym_inclusive" class="Tests_Query_DateQuery" classname="Tests_Query_DateQuery" file="/var/www/html/test/wordpress_test/inpsyde_test/test/wp-content/plugins/plugintestslughere/tests/unit/tests/query/dateQuery.php" line="341" assertions="2" time="0.197610"/>
        <testcase name="test_beforeafter_with_date_string_Ymd" class="Tests_Query_DateQuery" classname="Tests_Query_DateQuery" file="/var/www/html/test/wordpress_test/inpsyde_test/test/wp-content/plugins/plugintestslughere/tests/unit/tests/query/dateQuery.php" line="384" assertions="2" time="0.153585"/>
        <testcase name="test_beforeafter_with_date_string_Ymd_inclusive" class="Tests_Query_DateQuery" classname="Tests_Query_DateQuery" file="/var/www/html/test/wordpress_test/inpsyde_test/test/wp-content/plugins/plugintestslughere/tests/unit/tests/query/dateQuery.php" line="425" assertions="2" time="0.153393"/>
        <testcase name="test_beforeafter_with_date_string_YmdHi" class="Tests_Query_DateQuery" classname="Tests_Query_DateQuery" file="/var/www/html/test/wordpress_test/inpsyde_test/test/wp-content/plugins/plugintestslughere/tests/unit/tests/query/dateQuery.php" line="468" assertions="2" time="0.153261"/>
        <testcase name="test_beforeafter_with_date_string_YmdHi_inclusive" class="Tests_Query_DateQuery" classname="Tests_Query_DateQuery" file="/var/www/html/test/wordpress_test/inpsyde_test/test/wp-content/plugins/plugintestslughere/tests/unit/tests/query/dateQuery.php" line="509" assertions="2" time="0.119805"/>
        <testcase name="test_beforeafter_with_date_string_YmdHis" class="Tests_Query_DateQuery" classname="Tests_Query_DateQuery" file="/var/www/html/test/wordpress_test/inpsyde_test/test/wp-content/plugins/plugintestslughere/tests/unit/tests/query/dateQuery.php" line="552" assertions="2" time="0.110225"/>
        <testcase name="test_beforeafter_with_date_string_YmdHis_inclusive" class="Tests_Query_DateQuery" classname="Tests_Query_DateQuery" file="/var/www/html/test/wordpress_test/inpsyde_test/test/wp-content/plugins/plugintestslughere/tests/unit/tests/query/dateQuery.php" line="593" assertions="2" time="0.142513"/>
        <testcase name="test_beforeafter_with_date_string_non_parseable" class="Tests_Query_DateQuery" classname="Tests_Query_DateQuery" file="/var/www/html/test/wordpress_test/inpsyde_test/test/wp-content/plugins/plugintestslughere/tests/unit/tests/query/dateQuery.php" line="636" assertions="1" time="0.208767"/>
        <testcase name="test_date_query_year" class="Tests_Query_DateQuery" classname="Tests_Query_DateQuery" file="/var/www/html/test/wordpress_test/inpsyde_test/test/wp-content/plugins/plugintestslughere/tests/unit/tests/query/dateQuery.php" line="673" assertions="1" time="0.153377"/>
        <testcase name="test_date_query_month" class="Tests_Query_DateQuery" classname="Tests_Query_DateQuery" file="/var/www/html/test/wordpress_test/inpsyde_test/test/wp-content/plugins/plugintestslughere/tests/unit/tests/query/dateQuery.php" line="689" assertions="1" time="0.153035"/>
        <testcase name="test_date_query_week" class="Tests_Query_DateQuery" classname="Tests_Query_DateQuery" file="/var/www/html/test/wordpress_test/inpsyde_test/test/wp-content/plugins/plugintestslughere/tests/unit/tests/query/dateQuery.php" line="705" assertions="1" time="0.142836"/>
        <testcase name="test_date_query_day" class="Tests_Query_DateQuery" classname="Tests_Query_DateQuery" file="/var/www/html/test/wordpress_test/inpsyde_test/test/wp-content/plugins/plugintestslughere/tests/unit/tests/query/dateQuery.php" line="721" assertions="1" time="0.153637"/>
        <testcase name="test_date_query_dayofweek" class="Tests_Query_DateQuery" classname="Tests_Query_DateQuery" file="/var/www/html/test/wordpress_test/inpsyde_test/test/wp-content/plugins/plugintestslughere/tests/unit/tests/query/dateQuery.php" line="738" assertions="1" time="0.153400"/>
        <testcase name="test_date_query_dayofweek_iso" class="Tests_Query_DateQuery" classname="Tests_Query_DateQuery" file="/var/www/html/test/wordpress_test/inpsyde_test/test/wp-content/plugins/plugintestslughere/tests/unit/tests/query/dateQuery.php" line="758" assertions="1" time="0.197556"/>
        <testcase name="test_date_query_hour" class="Tests_Query_DateQuery" classname="Tests_Query_DateQuery" file="/var/www/html/test/wordpress_test/inpsyde_test/test/wp-content/plugins/plugintestslughere/tests/unit/tests/query/dateQuery.php" line="775" assertions="1" time="0.153265"/>
        <testcase name="test_date_query_hour_should_not_ignore_0" class="Tests_Query_DateQuery" classname="Tests_Query_DateQuery" file="/var/www/html/test/wordpress_test/inpsyde_test/test/wp-content/plugins/plugintestslughere/tests/unit/tests/query/dateQuery.php" line="795" assertions="1" time="0.163889"/>
        <testcase name="test_date_query_minute" class="Tests_Query_DateQuery" classname="Tests_Query_DateQuery" file="/var/www/html/test/wordpress_test/inpsyde_test/test/wp-content/plugins/plugintestslughere/tests/unit/tests/query/dateQuery.php" line="812" assertions="1" time="0.121065"/>
        <testcase name="test_date_query_second" class="Tests_Query_DateQuery" classname="Tests_Query_DateQuery" file="/var/www/html/test/wordpress_test/inpsyde_test/test/wp-content/plugins/plugintestslughere/tests/unit/tests/query/dateQuery.php" line="829" assertions="1" time="0.131727"/>
        <testcase name="test_date_query_between_two_times" class="Tests_Query_DateQuery" classname="Tests_Query_DateQuery" file="/var/www/html/test/wordpress_test/inpsyde_test/test/wp-content/plugins/plugintestslughere/tests/unit/tests/query/dateQuery.php" line="846" assertions="1" time="0.263262"/>
        <testcase name="test_date_query_relation_or" class="Tests_Query_DateQuery" classname="Tests_Query_DateQuery" file="/var/www/html/test/wordpress_test/inpsyde_test/test/wp-content/plugins/plugintestslughere/tests/unit/tests/query/dateQuery.php" line="873" assertions="1" time="0.197710"/>
        <testcase name="test_date_query_compare_greater_than_or_equal_to" class="Tests_Query_DateQuery" classname="Tests_Query_DateQuery" file="/var/www/html/test/wordpress_test/inpsyde_test/test/wp-content/plugins/plugintestslughere/tests/unit/tests/query/dateQuery.php" line="895" assertions="1" time="0.142631"/>
        <testcase name="test_date_params_monthnum_m_duplicate" class="Tests_Query_DateQuery" classname="Tests_Query_DateQuery" file="/var/www/html/test/wordpress_test/inpsyde_test/test/wp-content/plugins/plugintestslughere/tests/unit/tests/query/dateQuery.php" line="916" assertions="3" time="0.186406"/>
        <testcase name="test_date_params_week_w_duplicate" class="Tests_Query_DateQuery" classname="Tests_Query_DateQuery" file="/var/www/html/test/wordpress_test/inpsyde_test/test/wp-content/plugins/plugintestslughere/tests/unit/tests/query/dateQuery.php" line="938" assertions="3" time="0.164754"/>
        <testcase name="test_date_query_with_taxonomy_join" class="Tests_Query_DateQuery" classname="Tests_Query_DateQuery" file="/var/www/html/test/wordpress_test/inpsyde_test/test/wp-content/plugins/plugintestslughere/tests/unit/tests/query/dateQuery.php" line="963" assertions="1" time="0.164569"/>
        <testcase name="test_date_query_one_nested_query" class="Tests_Query_DateQuery" classname="Tests_Query_DateQuery" file="/var/www/html/test/wordpress_test/inpsyde_test/test/wp-content/plugins/plugintestslughere/tests/unit/tests/query/dateQuery.php" line="1001" assertions="1" time="0.197372"/>
        <testcase name="test_date_query_one_nested_query_multiple_columns_relation_and" class="Tests_Query_DateQuery" classname="Tests_Query_DateQuery" file="/var/www/html/test/wordpress_test/inpsyde_test/test/wp-content/plugins/plugintestslughere/tests/unit/tests/query/dateQuery.php" line="1032" assertions="1" time="0.252669"/>
        <testcase name="test_date_query_nested_query_multiple_columns_mixed_relations" class="Tests_Query_DateQuery" classname="Tests_Query_DateQuery" file="/var/www/html/test/wordpress_test/inpsyde_test/test/wp-content/plugins/plugintestslughere/tests/unit/tests/query/dateQuery.php" line="1093" assertions="1" time="0.241707"/>
      </testsuite>
      <testsuite name="Tests_Query_GeneratePostdata" file="/var/www/html/test/wordpress_test/inpsyde_test/test/wp-content/plugins/plugintestslughere/tests/unit/tests/query/generatePostdata.php" tests="10" assertions="17" errors="0" failures="0" skipped="0" time="1.339524">
        <testcase name="test_setup_by_id" class="Tests_Query_GeneratePostdata" classname="Tests_Query_GeneratePostdata" file="/var/www/html/test/wordpress_test/inpsyde_test/test/wp-content/plugins/plugintestslughere/tests/unit/tests/query/generatePostdata.php" line="12" assertions="1" time="0.122225"/>
        <testcase name="test_setup_by_fake_post" class="Tests_Query_GeneratePostdata" classname="Tests_Query_GeneratePostdata" file="/var/www/html/test/wordpress_test/inpsyde_test/test/wp-content/plugins/plugintestslughere/tests/unit/tests/query/generatePostdata.php" line="21" assertions="1" time="0.046518"/>
        <testcase name="test_setup_by_postish_object" class="Tests_Query_GeneratePostdata" classname="Tests_Query_GeneratePostdata" file="/var/www/html/test/wordpress_test/inpsyde_test/test/wp-content/plugins/plugintestslughere/tests/unit/tests/query/generatePostdata.php" line="33" assertions="1" time="0.117480"/>
        <testcase name="test_authordata" class="Tests_Query_GeneratePostdata" classname="Tests_Query_GeneratePostdata" file="/var/www/html/test/wordpress_test/inpsyde_test/test/wp-content/plugins/plugintestslughere/tests/unit/tests/query/generatePostdata.php" line="46" assertions="2" time="0.319383"/>
        <testcase name="test_currentday" class="Tests_Query_GeneratePostdata" classname="Tests_Query_GeneratePostdata" file="/var/www/html/test/wordpress_test/inpsyde_test/test/wp-content/plugins/plugintestslughere/tests/unit/tests/query/generatePostdata.php" line="62" assertions="1" time="0.120367"/>
        <testcase name="test_currentmonth" class="Tests_Query_GeneratePostdata" classname="Tests_Query_GeneratePostdata" file="/var/www/html/test/wordpress_test/inpsyde_test/test/wp-content/plugins/plugintestslughere/tests/unit/tests/query/generatePostdata.php" line="73" assertions="1" time="0.120014"/>
        <testcase name="test_single_page" class="Tests_Query_GeneratePostdata" classname="Tests_Query_GeneratePostdata" file="/var/www/html/test/wordpress_test/inpsyde_test/test/wp-content/plugins/plugintestslughere/tests/unit/tests/query/generatePostdata.php" line="87" assertions="3" time="0.120360"/>
        <testcase name="test_multi_page" class="Tests_Query_GeneratePostdata" classname="Tests_Query_GeneratePostdata" file="/var/www/html/test/wordpress_test/inpsyde_test/test/wp-content/plugins/plugintestslughere/tests/unit/tests/query/generatePostdata.php" line="103" assertions="3" time="0.120479"/>
        <testcase name="test_nextpage_at_start_of_content" class="Tests_Query_GeneratePostdata" classname="Tests_Query_GeneratePostdata" file="/var/www/html/test/wordpress_test/inpsyde_test/test/wp-content/plugins/plugintestslughere/tests/unit/tests/query/generatePostdata.php" line="119" assertions="3" time="0.131550"/>
        <testcase name="test_trim_nextpage_linebreaks" class="Tests_Query_GeneratePostdata" classname="Tests_Query_GeneratePostdata" file="/var/www/html/test/wordpress_test/inpsyde_test/test/wp-content/plugins/plugintestslughere/tests/unit/tests/query/generatePostdata.php" line="135" assertions="1" time="0.121148"/>
      </testsuite>
      <testsuite name="Tests_Query_IsTerm" file="/var/www/html/test/wordpress_test/inpsyde_test/test/wp-content/plugins/plugintestslughere/tests/unit/tests/query/isTerm.php" tests="11" assertions="71" errors="0" failures="0" skipped="0" time="2.607396">
        <testcase name="test_tag_action_tax" class="Tests_Query_IsTerm" classname="Tests_Query_IsTerm" file="/var/www/html/test/wordpress_test/inpsyde_test/test/wp-content/plugins/plugintestslughere/tests/unit/tests/query/isTerm.php" line="79" assertions="7" time="0.222657"/>
        <testcase name="test_tag_query_cat_action_tax" class="Tests_Query_IsTerm" classname="Tests_Query_IsTerm" file="/var/www/html/test/wordpress_test/inpsyde_test/test/wp-content/plugins/plugintestslughere/tests/unit/tests/query/isTerm.php" line="90" assertions="9" time="0.219356"/>
        <testcase name="test_tag_query_cat_query_tax_action_tax" class="Tests_Query_IsTerm" classname="Tests_Query_IsTerm" file="/var/www/html/test/wordpress_test/inpsyde_test/test/wp-content/plugins/plugintestslughere/tests/unit/tests/query/isTerm.php" line="102" assertions="11" time="0.252080"/>
        <testcase name="test_cat_action_tax" class="Tests_Query_IsTerm" classname="Tests_Query_IsTerm" file="/var/www/html/test/wordpress_test/inpsyde_test/test/wp-content/plugins/plugintestslughere/tests/unit/tests/query/isTerm.php" line="115" assertions="7" time="0.242179"/>
        <testcase name="test_cat_uncat_action_tax" class="Tests_Query_IsTerm" classname="Tests_Query_IsTerm" file="/var/www/html/test/wordpress_test/inpsyde_test/test/wp-content/plugins/plugintestslughere/tests/unit/tests/query/isTerm.php" line="129" assertions="12" time="0.285158"/>
        <testcase name="test_tax_action_tax" class="Tests_Query_IsTerm" classname="Tests_Query_IsTerm" file="/var/www/html/test/wordpress_test/inpsyde_test/test/wp-content/plugins/plugintestslughere/tests/unit/tests/query/isTerm.php" line="155" assertions="6" time="0.252730"/>
        <testcase name="test_tax_query_tag_action_tax" class="Tests_Query_IsTerm" classname="Tests_Query_IsTerm" file="/var/www/html/test/wordpress_test/inpsyde_test/test/wp-content/plugins/plugintestslughere/tests/unit/tests/query/isTerm.php" line="165" assertions="8" time="0.208813"/>
        <testcase name="test_tax_query_cat_action_tax" class="Tests_Query_IsTerm" classname="Tests_Query_IsTerm" file="/var/www/html/test/wordpress_test/inpsyde_test/test/wp-content/plugins/plugintestslughere/tests/unit/tests/query/isTerm.php" line="176" assertions="8" time="0.275905"/>
        <testcase name="test_get_queried_object_with_custom_taxonomy_tax_query_and_field_term_id_should_return_term_object" class="Tests_Query_IsTerm" classname="Tests_Query_IsTerm" file="/var/www/html/test/wordpress_test/inpsyde_test/test/wp-content/plugins/plugintestslughere/tests/unit/tests/query/isTerm.php" line="203" assertions="1" time="0.209302"/>
        <testcase name="test_get_queried_object_with_custom_taxonomy_tax_query_and_field_slug_should_return_term_object" class="Tests_Query_IsTerm" classname="Tests_Query_IsTerm" file="/var/www/html/test/wordpress_test/inpsyde_test/test/wp-content/plugins/plugintestslughere/tests/unit/tests/query/isTerm.php" line="231" assertions="1" time="0.197596"/>
        <testcase name="test_get_queried_object_with_custom_taxonomy_tax_query_with_multiple_clauses_should_return_term_object_corresponding_to_the_first_queried_tax" class="Tests_Query_IsTerm" classname="Tests_Query_IsTerm" file="/var/www/html/test/wordpress_test/inpsyde_test/test/wp-content/plugins/plugintestslughere/tests/unit/tests/query/isTerm.php" line="260" assertions="1" time="0.241620"/>
      </testsuite>
      <testsuite name="Tests_Query_MetaQuery" file="/var/www/html/test/wordpress_test/inpsyde_test/test/wp-content/plugins/plugintestslughere/tests/unit/tests/query/metaQuery.php" tests="55" assertions="141" errors="0" failures="0" skipped="0" time="10.090435">
        <testcase name="test_meta_query_no_key" class="Tests_Query_MetaQuery" classname="Tests_Query_MetaQuery" file="/var/www/html/test/wordpress_test/inpsyde_test/test/wp-content/plugins/plugintestslughere/tests/unit/tests/query/metaQuery.php" line="8" assertions="1" time="0.184565"/>
        <testcase name="test_meta_query_no_value" class="Tests_Query_MetaQuery" classname="Tests_Query_MetaQuery" file="/var/www/html/test/wordpress_test/inpsyde_test/test/wp-content/plugins/plugintestslughere/tests/unit/tests/query/metaQuery.php" line="34" assertions="1" time="0.219143"/>
        <testcase name="test_meta_query_single_query_compare_default" class="Tests_Query_MetaQuery" classname="Tests_Query_MetaQuery" file="/var/www/html/test/wordpress_test/inpsyde_test/test/wp-content/plugins/plugintestslughere/tests/unit/tests/query/metaQuery.php" line="60" assertions="1" time="0.142952"/>
        <testcase name="test_meta_query_single_query_compare_equals" class="Tests_Query_MetaQuery" classname="Tests_Query_MetaQuery" file="/var/www/html/test/wordpress_test/inpsyde_test/test/wp-content/plugins/plugintestslughere/tests/unit/tests/query/metaQuery.php" line="84" assertions="1" time="0.164626"/>
        <testcase name="test_meta_query_single_query_compare_not_equals" class="Tests_Query_MetaQuery" classname="Tests_Query_MetaQuery" file="/var/www/html/test/wordpress_test/inpsyde_test/test/wp-content/plugins/plugintestslughere/tests/unit/tests/query/metaQuery.php" line="109" assertions="1" time="0.163996"/>
        <testcase name="test_meta_query_single_query_compare_arithmetic_comparisons" class="Tests_Query_MetaQuery" classname="Tests_Query_MetaQuery" file="/var/www/html/test/wordpress_test/inpsyde_test/test/wp-content/plugins/plugintestslughere/tests/unit/tests/query/metaQuery.php" line="136" assertions="4" time="0.165087"/>
        <testcase name="test_meta_query_single_query_compare_like" class="Tests_Query_MetaQuery" classname="Tests_Query_MetaQuery" file="/var/www/html/test/wordpress_test/inpsyde_test/test/wp-content/plugins/plugintestslughere/tests/unit/tests/query/metaQuery.php" line="222" assertions="1" time="0.175450"/>
        <testcase name="test_meta_query_single_query_compare_not_like" class="Tests_Query_MetaQuery" classname="Tests_Query_MetaQuery" file="/var/www/html/test/wordpress_test/inpsyde_test/test/wp-content/plugins/plugintestslughere/tests/unit/tests/query/metaQuery.php" line="247" assertions="1" time="0.296280"/>
        <testcase name="test_meta_query_single_query_compare_between_not_between" class="Tests_Query_MetaQuery" classname="Tests_Query_MetaQuery" file="/var/www/html/test/wordpress_test/inpsyde_test/test/wp-content/plugins/plugintestslughere/tests/unit/tests/query/metaQuery.php" line="274" assertions="2" time="0.153743"/>
        <testcase name="test_meta_query_single_query_compare_regexp_rlike" class="Tests_Query_MetaQuery" classname="Tests_Query_MetaQuery" file="/var/www/html/test/wordpress_test/inpsyde_test/test/wp-content/plugins/plugintestslughere/tests/unit/tests/query/metaQuery.php" line="322" assertions="2" time="0.120993"/>
        <testcase name="test_meta_query_single_query_compare_not_regexp" class="Tests_Query_MetaQuery" classname="Tests_Query_MetaQuery" file="/var/www/html/test/wordpress_test/inpsyde_test/test/wp-content/plugins/plugintestslughere/tests/unit/tests/query/metaQuery.php" line="367" assertions="1" time="0.165049"/>
        <testcase name="test_meta_query_relation_default" class="Tests_Query_MetaQuery" classname="Tests_Query_MetaQuery" file="/var/www/html/test/wordpress_test/inpsyde_test/test/wp-content/plugins/plugintestslughere/tests/unit/tests/query/metaQuery.php" line="393" assertions="1" time="0.163691"/>
        <testcase name="test_meta_query_relation_or" class="Tests_Query_MetaQuery" classname="Tests_Query_MetaQuery" file="/var/www/html/test/wordpress_test/inpsyde_test/test/wp-content/plugins/plugintestslughere/tests/unit/tests/query/metaQuery.php" line="425" assertions="1" time="0.264471"/>
        <testcase name="test_meta_query_relation_and" class="Tests_Query_MetaQuery" classname="Tests_Query_MetaQuery" file="/var/www/html/test/wordpress_test/inpsyde_test/test/wp-content/plugins/plugintestslughere/tests/unit/tests/query/metaQuery.php" line="473" assertions="2" time="0.263217"/>
        <testcase name="test_meta_query_compare_exists" class="Tests_Query_MetaQuery" classname="Tests_Query_MetaQuery" file="/var/www/html/test/wordpress_test/inpsyde_test/test/wp-content/plugins/plugintestslughere/tests/unit/tests/query/metaQuery.php" line="552" assertions="1" time="0.142902"/>
        <testcase name="test_meta_query_compare_exists_with_value_should_convert_to_equals" class="Tests_Query_MetaQuery" classname="Tests_Query_MetaQuery" file="/var/www/html/test/wordpress_test/inpsyde_test/test/wp-content/plugins/plugintestslughere/tests/unit/tests/query/metaQuery.php" line="575" assertions="1" time="0.164784"/>
        <testcase name="test_meta_query_compare_not_exists_should_ignore_value" class="Tests_Query_MetaQuery" classname="Tests_Query_MetaQuery" file="/var/www/html/test/wordpress_test/inpsyde_test/test/wp-content/plugins/plugintestslughere/tests/unit/tests/query/metaQuery.php" line="599" assertions="1" time="0.143071"/>
        <testcase name="test_meta_query_compare_not_exists" class="Tests_Query_MetaQuery" classname="Tests_Query_MetaQuery" file="/var/www/html/test/wordpress_test/inpsyde_test/test/wp-content/plugins/plugintestslughere/tests/unit/tests/query/metaQuery.php" line="623" assertions="3" time="0.186451"/>
        <testcase name="test_meta_query_compare_not_exists_with_another_condition_relation_or" class="Tests_Query_MetaQuery" classname="Tests_Query_MetaQuery" file="/var/www/html/test/wordpress_test/inpsyde_test/test/wp-content/plugins/plugintestslughere/tests/unit/tests/query/metaQuery.php" line="705" assertions="1" time="0.220386"/>
        <testcase name="test_meta_query_relation_or_compare_equals" class="Tests_Query_MetaQuery" classname="Tests_Query_MetaQuery" file="/var/www/html/test/wordpress_test/inpsyde_test/test/wp-content/plugins/plugintestslughere/tests/unit/tests/query/metaQuery.php" line="743" assertions="1" time="0.164154"/>
        <testcase name="test_meta_query_relation_or_compare_equals_different_keys" class="Tests_Query_MetaQuery" classname="Tests_Query_MetaQuery" file="/var/www/html/test/wordpress_test/inpsyde_test/test/wp-content/plugins/plugintestslughere/tests/unit/tests/query/metaQuery.php" line="778" assertions="1" time="0.165368"/>
        <testcase name="test_meta_query_relation_or_compare_equals_and_in" class="Tests_Query_MetaQuery" classname="Tests_Query_MetaQuery" file="/var/www/html/test/wordpress_test/inpsyde_test/test/wp-content/plugins/plugintestslughere/tests/unit/tests/query/metaQuery.php" line="813" assertions="1" time="0.164943"/>
        <testcase name="test_meta_query_relation_or_compare_equals_and_like" class="Tests_Query_MetaQuery" classname="Tests_Query_MetaQuery" file="/var/www/html/test/wordpress_test/inpsyde_test/test/wp-content/plugins/plugintestslughere/tests/unit/tests/query/metaQuery.php" line="848" assertions="1" time="0.163354"/>
        <testcase name="test_meta_query_relation_or_compare_equals_and_between" class="Tests_Query_MetaQuery" classname="Tests_Query_MetaQuery" file="/var/www/html/test/wordpress_test/inpsyde_test/test/wp-content/plugins/plugintestslughere/tests/unit/tests/query/metaQuery.php" line="883" assertions="1" time="0.220673"/>
        <testcase name="test_meta_query_relation_and_compare_in_same_keys" class="Tests_Query_MetaQuery" classname="Tests_Query_MetaQuery" file="/var/www/html/test/wordpress_test/inpsyde_test/test/wp-content/plugins/plugintestslughere/tests/unit/tests/query/metaQuery.php" line="919" assertions="1" time="0.186183"/>
        <testcase name="test_meta_query_relation_and_compare_in_different_keys" class="Tests_Query_MetaQuery" classname="Tests_Query_MetaQuery" file="/var/www/html/test/wordpress_test/inpsyde_test/test/wp-content/plugins/plugintestslughere/tests/unit/tests/query/metaQuery.php" line="956" assertions="1" time="0.187402"/>
        <testcase name="test_meta_query_relation_and_compare_not_equals" class="Tests_Query_MetaQuery" classname="Tests_Query_MetaQuery" file="/var/www/html/test/wordpress_test/inpsyde_test/test/wp-content/plugins/plugintestslughere/tests/unit/tests/query/metaQuery.php" line="993" assertions="1" time="0.240786"/>
        <testcase name="test_meta_query_relation_and_compare_not_equals_different_keys" class="Tests_Query_MetaQuery" classname="Tests_Query_MetaQuery" file="/var/www/html/test/wordpress_test/inpsyde_test/test/wp-content/plugins/plugintestslughere/tests/unit/tests/query/metaQuery.php" line="1029" assertions="1" time="0.175741"/>
        <testcase name="test_meta_query_relation_and_compare_not_equals_not_in" class="Tests_Query_MetaQuery" classname="Tests_Query_MetaQuery" file="/var/www/html/test/wordpress_test/inpsyde_test/test/wp-content/plugins/plugintestslughere/tests/unit/tests/query/metaQuery.php" line="1072" assertions="1" time="0.198114"/>
        <testcase name="test_meta_query_relation_and_compare_not_equals_and_not_like" class="Tests_Query_MetaQuery" classname="Tests_Query_MetaQuery" file="/var/www/html/test/wordpress_test/inpsyde_test/test/wp-content/plugins/plugintestslughere/tests/unit/tests/query/metaQuery.php" line="1108" assertions="1" time="0.220554"/>
        <testcase name="test_meta_query_decimal_results" class="Tests_Query_MetaQuery" classname="Tests_Query_MetaQuery" file="/var/www/html/test/wordpress_test/inpsyde_test/test/wp-content/plugins/plugintestslughere/tests/unit/tests/query/metaQuery.php" line="1144" assertions="10" time="0.241552"/>
        <testcase name="test_meta_vars_should_be_converted_to_meta_query" class="Tests_Query_MetaQuery" classname="Tests_Query_MetaQuery" file="/var/www/html/test/wordpress_test/inpsyde_test/test/wp-content/plugins/plugintestslughere/tests/unit/tests/query/metaQuery.php" line="1322" assertions="4" time="0.047755"/>
        <testcase name="test_meta_query_with_orderby_meta_value_relation_or" class="Tests_Query_MetaQuery" classname="Tests_Query_MetaQuery" file="/var/www/html/test/wordpress_test/inpsyde_test/test/wp-content/plugins/plugintestslughere/tests/unit/tests/query/metaQuery.php" line="1341" assertions="1" time="0.215746"/>
        <testcase name="test_meta_query_with_orderby_meta_value_relation_and" class="Tests_Query_MetaQuery" classname="Tests_Query_MetaQuery" file="/var/www/html/test/wordpress_test/inpsyde_test/test/wp-content/plugins/plugintestslughere/tests/unit/tests/query/metaQuery.php" line="1382" assertions="1" time="0.296246"/>
        <testcase name="test_meta_query_nested" class="Tests_Query_MetaQuery" classname="Tests_Query_MetaQuery" file="/var/www/html/test/wordpress_test/inpsyde_test/test/wp-content/plugins/plugintestslughere/tests/unit/tests/query/metaQuery.php" line="1427" assertions="1" time="0.154039"/>
        <testcase name="test_meta_query_nested_two_levels_deep" class="Tests_Query_MetaQuery" classname="Tests_Query_MetaQuery" file="/var/www/html/test/wordpress_test/inpsyde_test/test/wp-content/plugins/plugintestslughere/tests/unit/tests/query/metaQuery.php" line="1470" assertions="1" time="0.186265"/>
        <testcase name="test_meta_between_not_between" class="Tests_Query_MetaQuery" classname="Tests_Query_MetaQuery" file="/var/www/html/test/wordpress_test/inpsyde_test/test/wp-content/plugins/plugintestslughere/tests/unit/tests/query/metaQuery.php" line="1517" assertions="14" time="0.291800"/>
        <testcase name="test_meta_default_compare" class="Tests_Query_MetaQuery" classname="Tests_Query_MetaQuery" file="/var/www/html/test/wordpress_test/inpsyde_test/test/wp-content/plugins/plugintestslughere/tests/unit/tests/query/metaQuery.php" line="1565" assertions="8" time="0.202925"/>
        <testcase name="test_duplicate_posts_when_no_key" class="Tests_Query_MetaQuery" classname="Tests_Query_MetaQuery" file="/var/www/html/test/wordpress_test/inpsyde_test/test/wp-content/plugins/plugintestslughere/tests/unit/tests/query/metaQuery.php" line="1609" assertions="6" time="0.232956"/>
        <testcase name="test_empty_meta_value" class="Tests_Query_MetaQuery" classname="Tests_Query_MetaQuery" file="/var/www/html/test/wordpress_test/inpsyde_test/test/wp-content/plugins/plugintestslughere/tests/unit/tests/query/metaQuery.php" line="1640" assertions="40" time="0.294863"/>
        <testcase name="test_orderby_clause_key" class="Tests_Query_MetaQuery" classname="Tests_Query_MetaQuery" file="/var/www/html/test/wordpress_test/inpsyde_test/test/wp-content/plugins/plugintestslughere/tests/unit/tests/query/metaQuery.php" line="1719" assertions="1" time="0.131984"/>
        <testcase name="test_orderby_clause_key_as_secondary_sort" class="Tests_Query_MetaQuery" classname="Tests_Query_MetaQuery" file="/var/www/html/test/wordpress_test/inpsyde_test/test/wp-content/plugins/plugintestslughere/tests/unit/tests/query/metaQuery.php" line="1745" assertions="1" time="0.164556"/>
        <testcase name="test_orderby_more_than_one_clause_key" class="Tests_Query_MetaQuery" classname="Tests_Query_MetaQuery" file="/var/www/html/test/wordpress_test/inpsyde_test/test/wp-content/plugins/plugintestslughere/tests/unit/tests/query/metaQuery.php" line="1788" assertions="1" time="0.153488"/>
        <testcase name="test_duplicate_clause_keys_should_be_made_unique" class="Tests_Query_MetaQuery" classname="Tests_Query_MetaQuery" file="/var/www/html/test/wordpress_test/inpsyde_test/test/wp-content/plugins/plugintestslughere/tests/unit/tests/query/metaQuery.php" line="1824" assertions="1" time="0.026915"/>
        <testcase name="test_compare_key_like" class="Tests_Query_MetaQuery" classname="Tests_Query_MetaQuery" file="/var/www/html/test/wordpress_test/inpsyde_test/test/wp-content/plugins/plugintestslughere/tests/unit/tests/query/metaQuery.php" line="1855" assertions="1" time="0.182144"/>
        <testcase name="test_meta_compare_key_like" class="Tests_Query_MetaQuery" classname="Tests_Query_MetaQuery" file="/var/www/html/test/wordpress_test/inpsyde_test/test/wp-content/plugins/plugintestslughere/tests/unit/tests/query/metaQuery.php" line="1880" assertions="1" time="0.175759"/>
        <testcase name="test_compare_key_like_with_not_exists_compare" class="Tests_Query_MetaQuery" classname="Tests_Query_MetaQuery" file="/var/www/html/test/wordpress_test/inpsyde_test/test/wp-content/plugins/plugintestslughere/tests/unit/tests/query/metaQuery.php" line="1901" assertions="1" time="0.186416"/>
        <testcase name="test_compare_key_not_equals" class="Tests_Query_MetaQuery" classname="Tests_Query_MetaQuery" file="/var/www/html/test/wordpress_test/inpsyde_test/test/wp-content/plugins/plugintestslughere/tests/unit/tests/query/metaQuery.php" line="1929" assertions="1" time="0.197317"/>
        <testcase name="test_compare_key_not_like" class="Tests_Query_MetaQuery" classname="Tests_Query_MetaQuery" file="/var/www/html/test/wordpress_test/inpsyde_test/test/wp-content/plugins/plugintestslughere/tests/unit/tests/query/metaQuery.php" line="1956" assertions="1" time="0.176089"/>
        <testcase name="test_compare_key_in" class="Tests_Query_MetaQuery" classname="Tests_Query_MetaQuery" file="/var/www/html/test/wordpress_test/inpsyde_test/test/wp-content/plugins/plugintestslughere/tests/unit/tests/query/metaQuery.php" line="1983" assertions="1" time="0.197419"/>
        <testcase name="test_compare_key_not_in" class="Tests_Query_MetaQuery" classname="Tests_Query_MetaQuery" file="/var/www/html/test/wordpress_test/inpsyde_test/test/wp-content/plugins/plugintestslughere/tests/unit/tests/query/metaQuery.php" line="2008" assertions="1" time="0.186440"/>
        <testcase name="test_compare_key_not_exists" class="Tests_Query_MetaQuery" classname="Tests_Query_MetaQuery" file="/var/www/html/test/wordpress_test/inpsyde_test/test/wp-content/plugins/plugintestslughere/tests/unit/tests/query/metaQuery.php" line="2035" assertions="1" time="0.142947"/>
        <testcase name="test_compare_key_exists" class="Tests_Query_MetaQuery" classname="Tests_Query_MetaQuery" file="/var/www/html/test/wordpress_test/inpsyde_test/test/wp-content/plugins/plugintestslughere/tests/unit/tests/query/metaQuery.php" line="2062" assertions="1" time="0.153524"/>
        <testcase name="test_compare_key_regexp_rlike" class="Tests_Query_MetaQuery" classname="Tests_Query_MetaQuery" file="/var/www/html/test/wordpress_test/inpsyde_test/test/wp-content/plugins/plugintestslughere/tests/unit/tests/query/metaQuery.php" line="2089" assertions="2" time="0.120669"/>
        <testcase name="test_compare_key_not_regexp" class="Tests_Query_MetaQuery" classname="Tests_Query_MetaQuery" file="/var/www/html/test/wordpress_test/inpsyde_test/test/wp-content/plugins/plugintestslughere/tests/unit/tests/query/metaQuery.php" line="2130" assertions="2" time="0.142493"/>
      </testsuite>
      <testsuite name="Tests_Query_NoFoundRows" file="/var/www/html/test/wordpress_test/inpsyde_test/test/wp-content/plugins/plugintestslughere/tests/unit/tests/query/noFoundRows.php" tests="8" assertions="10" errors="0" failures="0" skipped="0" time="0.366278">
        <testcase name="test_no_found_rows_default" class="Tests_Query_NoFoundRows" classname="Tests_Query_NoFoundRows" file="/var/www/html/test/wordpress_test/inpsyde_test/test/wp-content/plugins/plugintestslughere/tests/unit/tests/query/noFoundRows.php" line="7" assertions="1" time="0.027936"/>
        <testcase name="test_no_found_rows_false" class="Tests_Query_NoFoundRows" classname="Tests_Query_NoFoundRows" file="/var/www/html/test/wordpress_test/inpsyde_test/test/wp-content/plugins/plugintestslughere/tests/unit/tests/query/noFoundRows.php" line="17" assertions="1" time="0.025007"/>
        <testcase name="test_no_found_rows_0" class="Tests_Query_NoFoundRows" classname="Tests_Query_NoFoundRows" file="/var/www/html/test/wordpress_test/inpsyde_test/test/wp-content/plugins/plugintestslughere/tests/unit/tests/query/noFoundRows.php" line="28" assertions="1" time="0.025619"/>
        <testcase name="test_no_found_rows_empty_string" class="Tests_Query_NoFoundRows" classname="Tests_Query_NoFoundRows" file="/var/www/html/test/wordpress_test/inpsyde_test/test/wp-content/plugins/plugintestslughere/tests/unit/tests/query/noFoundRows.php" line="39" assertions="1" time="0.024771"/>
        <testcase name="test_no_found_rows_true" class="Tests_Query_NoFoundRows" classname="Tests_Query_NoFoundRows" file="/var/www/html/test/wordpress_test/inpsyde_test/test/wp-content/plugins/plugintestslughere/tests/unit/tests/query/noFoundRows.php" line="50" assertions="1" time="0.028388"/>
        <testcase name="test_no_found_rows_non_bool_cast_to_true" class="Tests_Query_NoFoundRows" classname="Tests_Query_NoFoundRows" file="/var/www/html/test/wordpress_test/inpsyde_test/test/wp-content/plugins/plugintestslughere/tests/unit/tests/query/noFoundRows.php" line="61" assertions="1" time="0.027121"/>
        <testcase name="test_no_found_rows_default_with_nopaging_true" class="Tests_Query_NoFoundRows" classname="Tests_Query_NoFoundRows" file="/var/www/html/test/wordpress_test/inpsyde_test/test/wp-content/plugins/plugintestslughere/tests/unit/tests/query/noFoundRows.php" line="75" assertions="2" time="0.097531"/>
        <testcase name="test_no_found_rows_default_with_postsperpage_minus1" class="Tests_Query_NoFoundRows" classname="Tests_Query_NoFoundRows" file="/var/www/html/test/wordpress_test/inpsyde_test/test/wp-content/plugins/plugintestslughere/tests/unit/tests/query/noFoundRows.php" line="92" assertions="2" time="0.109905"/>
      </testsuite>
      <testsuite name="Tests_Query_ParseQuery" file="/var/www/html/test/wordpress_test/inpsyde_test/test/wp-content/plugins/plugintestslughere/tests/unit/tests/query/parseQuery.php" tests="8" assertions="8" errors="0" failures="0" skipped="0" time="0.227651">
        <testcase name="test_parse_query_s_array" class="Tests_Query_ParseQuery" classname="Tests_Query_ParseQuery" file="/var/www/html/test/wordpress_test/inpsyde_test/test/wp-content/plugins/plugintestslughere/tests/unit/tests/query/parseQuery.php" line="10" assertions="1" time="0.042063"/>
        <testcase name="test_parse_query_s_string" class="Tests_Query_ParseQuery" classname="Tests_Query_ParseQuery" file="/var/www/html/test/wordpress_test/inpsyde_test/test/wp-content/plugins/plugintestslughere/tests/unit/tests/query/parseQuery.php" line="21" assertions="1" time="0.036077"/>
        <testcase name="test_parse_query_s_float" class="Tests_Query_ParseQuery" classname="Tests_Query_ParseQuery" file="/var/www/html/test/wordpress_test/inpsyde_test/test/wp-content/plugins/plugintestslughere/tests/unit/tests/query/parseQuery.php" line="32" assertions="1" time="0.033361"/>
        <testcase name="test_parse_query_s_int" class="Tests_Query_ParseQuery" classname="Tests_Query_ParseQuery" file="/var/www/html/test/wordpress_test/inpsyde_test/test/wp-content/plugins/plugintestslughere/tests/unit/tests/query/parseQuery.php" line="43" assertions="1" time="0.029122"/>
        <testcase name="test_parse_query_s_bool" class="Tests_Query_ParseQuery" classname="Tests_Query_ParseQuery" file="/var/www/html/test/wordpress_test/inpsyde_test/test/wp-content/plugins/plugintestslughere/tests/unit/tests/query/parseQuery.php" line="54" assertions="1" time="0.021559"/>
        <testcase name="test_parse_query_p_negative_int" class="Tests_Query_ParseQuery" classname="Tests_Query_ParseQuery" file="/var/www/html/test/wordpress_test/inpsyde_test/test/wp-content/plugins/plugintestslughere/tests/unit/tests/query/parseQuery.php" line="68" assertions="1" time="0.021408"/>
        <testcase name="test_parse_query_p_array" class="Tests_Query_ParseQuery" classname="Tests_Query_ParseQuery" file="/var/www/html/test/wordpress_test/inpsyde_test/test/wp-content/plugins/plugintestslughere/tests/unit/tests/query/parseQuery.php" line="82" assertions="1" time="0.022109"/>
        <testcase name="test_parse_query_p_object" class="Tests_Query_ParseQuery" classname="Tests_Query_ParseQuery" file="/var/www/html/test/wordpress_test/inpsyde_test/test/wp-content/plugins/plugintestslughere/tests/unit/tests/query/parseQuery.php" line="96" assertions="1" time="0.021952"/>
      </testsuite>
      <testsuite name="Tests_Query_PostStatus" file="/var/www/html/test/wordpress_test/inpsyde_test/test/wp-content/plugins/plugintestslughere/tests/unit/tests/query/postStatus.php" tests="22" assertions="25" errors="0" failures="0" skipped="0" time="1.437149">
        <testcase name="test_any_should_not_include_statuses_where_exclude_from_search_is_true" class="Tests_Query_PostStatus" classname="Tests_Query_PostStatus" file="/var/www/html/test/wordpress_test/inpsyde_test/test/wp-content/plugins/plugintestslughere/tests/unit/tests/query/postStatus.php" line="48" assertions="1" time="0.056036"/>
        <testcase name="test_any_should_include_statuses_where_exclude_from_search_is_false" class="Tests_Query_PostStatus" classname="Tests_Query_PostStatus" file="/var/www/html/test/wordpress_test/inpsyde_test/test/wp-content/plugins/plugintestslughere/tests/unit/tests/query/postStatus.php" line="60" assertions="1" time="0.045561"/>
        <testcase name="test_private_should_be_included_if_perm_is_false" class="Tests_Query_PostStatus" classname="Tests_Query_PostStatus" file="/var/www/html/test/wordpress_test/inpsyde_test/test/wp-content/plugins/plugintestslughere/tests/unit/tests/query/postStatus.php" line="72" assertions="1" time="0.035967"/>
        <testcase name="test_private_should_not_be_included_for_non_author_if_perm_is_not_false" class="Tests_Query_PostStatus" classname="Tests_Query_PostStatus" file="/var/www/html/test/wordpress_test/inpsyde_test/test/wp-content/plugins/plugintestslughere/tests/unit/tests/query/postStatus.php" line="88" assertions="1" time="0.026018"/>
        <testcase name="test_private_should_be_included_only_for_current_user_if_perm_is_readable_and_user_cannot_read_others_posts" class="Tests_Query_PostStatus" classname="Tests_Query_PostStatus" file="/var/www/html/test/wordpress_test/inpsyde_test/test/wp-content/plugins/plugintestslughere/tests/unit/tests/query/postStatus.php" line="101" assertions="1" time="0.028138"/>
        <testcase name="test_private_should_be_included_for_all_users_if_perm_is_readable_and_user_can_read_others_posts" class="Tests_Query_PostStatus" classname="Tests_Query_PostStatus" file="/var/www/html/test/wordpress_test/inpsyde_test/test/wp-content/plugins/plugintestslughere/tests/unit/tests/query/postStatus.php" line="118" assertions="1" time="0.028293"/>
        <testcase name="test_private_should_be_included_only_for_current_user_if_perm_is_editable_and_user_cannot_read_others_posts" class="Tests_Query_PostStatus" classname="Tests_Query_PostStatus" file="/var/www/html/test/wordpress_test/inpsyde_test/test/wp-content/plugins/plugintestslughere/tests/unit/tests/query/postStatus.php" line="136" assertions="1" time="0.026692"/>
        <testcase name="test_private_should_be_included_for_all_users_if_perm_is_editable_and_user_can_read_others_posts" class="Tests_Query_PostStatus" classname="Tests_Query_PostStatus" file="/var/www/html/test/wordpress_test/inpsyde_test/test/wp-content/plugins/plugintestslughere/tests/unit/tests/query/postStatus.php" line="153" assertions="1" time="0.031353"/>
        <testcase name="test_all_public_post_stati_should_be_included_when_no_post_status_is_provided" class="Tests_Query_PostStatus" classname="Tests_Query_PostStatus" file="/var/www/html/test/wordpress_test/inpsyde_test/test/wp-content/plugins/plugintestslughere/tests/unit/tests/query/postStatus.php" line="171" assertions="2" time="0.027544"/>
        <testcase name="test_protected_should_not_be_included_when_not_in_the_admin" class="Tests_Query_PostStatus" classname="Tests_Query_PostStatus" file="/var/www/html/test/wordpress_test/inpsyde_test/test/wp-content/plugins/plugintestslughere/tests/unit/tests/query/postStatus.php" line="185" assertions="1" time="0.027307"/>
        <testcase name="test_protected_should_be_included_when_in_the_admin" class="Tests_Query_PostStatus" classname="Tests_Query_PostStatus" file="/var/www/html/test/wordpress_test/inpsyde_test/test/wp-content/plugins/plugintestslughere/tests/unit/tests/query/postStatus.php" line="197" assertions="1" time="0.028348"/>
        <testcase name="test_private_statuses_should_be_included_when_current_user_can_read_private_posts" class="Tests_Query_PostStatus" classname="Tests_Query_PostStatus" file="/var/www/html/test/wordpress_test/inpsyde_test/test/wp-content/plugins/plugintestslughere/tests/unit/tests/query/postStatus.php" line="217" assertions="2" time="0.037283"/>
        <testcase name="test_private_statuses_should_not_be_included_when_current_user_cannot_read_private_posts" class="Tests_Query_PostStatus" classname="Tests_Query_PostStatus" file="/var/www/html/test/wordpress_test/inpsyde_test/test/wp-content/plugins/plugintestslughere/tests/unit/tests/query/postStatus.php" line="232" assertions="2" time="0.034477"/>
        <testcase name="test_single_post_with_nonpublic_status_should_not_be_shown_to_logged_out_users" class="Tests_Query_PostStatus" classname="Tests_Query_PostStatus" file="/var/www/html/test/wordpress_test/inpsyde_test/test/wp-content/plugins/plugintestslughere/tests/unit/tests/query/postStatus.php" line="251" assertions="1" time="0.070864"/>
        <testcase name="test_single_post_with_nonpublic_status_should_not_be_shown_for_any_user" class="Tests_Query_PostStatus" classname="Tests_Query_PostStatus" file="/var/www/html/test/wordpress_test/inpsyde_test/test/wp-content/plugins/plugintestslughere/tests/unit/tests/query/postStatus.php" line="265" assertions="1" time="0.110393"/>
        <testcase name="test_single_post_with_nonpublic_and_protected_status_should_not_be_shown_for_user_who_cannot_edit_others_posts" class="Tests_Query_PostStatus" classname="Tests_Query_PostStatus" file="/var/www/html/test/wordpress_test/inpsyde_test/test/wp-content/plugins/plugintestslughere/tests/unit/tests/query/postStatus.php" line="286" assertions="1" time="0.149040"/>
        <testcase name="test_single_post_with_nonpublic_and_protected_status_should_be_shown_for_user_who_can_edit_others_posts" class="Tests_Query_PostStatus" classname="Tests_Query_PostStatus" file="/var/www/html/test/wordpress_test/inpsyde_test/test/wp-content/plugins/plugintestslughere/tests/unit/tests/query/postStatus.php" line="313" assertions="1" time="0.147824"/>
        <testcase name="test_single_post_with_nonpublic_and_private_status_should_not_be_shown_for_user_who_cannot_edit_others_posts" class="Tests_Query_PostStatus" classname="Tests_Query_PostStatus" file="/var/www/html/test/wordpress_test/inpsyde_test/test/wp-content/plugins/plugintestslughere/tests/unit/tests/query/postStatus.php" line="340" assertions="1" time="0.098946"/>
        <testcase name="test_single_post_with_nonpublic_and_private_status_should_be_shown_for_user_who_can_edit_others_posts" class="Tests_Query_PostStatus" classname="Tests_Query_PostStatus" file="/var/www/html/test/wordpress_test/inpsyde_test/test/wp-content/plugins/plugintestslughere/tests/unit/tests/query/postStatus.php" line="367" assertions="1" time="0.109257"/>
        <testcase name="test_single_post_with_nonexisting_status_should_not_be_shown_for_user_who_cannot_edit_others_posts" class="Tests_Query_PostStatus" classname="Tests_Query_PostStatus" file="/var/www/html/test/wordpress_test/inpsyde_test/test/wp-content/plugins/plugintestslughere/tests/unit/tests/query/postStatus.php" line="397" assertions="1" time="0.098155"/>
        <testcase name="test_single_post_with_nonexisting_status_should_be_shown_for_user_who_can_edit_others_posts" class="Tests_Query_PostStatus" classname="Tests_Query_PostStatus" file="/var/www/html/test/wordpress_test/inpsyde_test/test/wp-content/plugins/plugintestslughere/tests/unit/tests/query/postStatus.php" line="422" assertions="1" time="0.088533"/>
        <testcase name="test_specific_post_should_be_returned_if_trash_is_one_of_the_requested_post_statuses" class="Tests_Query_PostStatus" classname="Tests_Query_PostStatus" file="/var/www/html/test/wordpress_test/inpsyde_test/test/wp-content/plugins/plugintestslughere/tests/unit/tests/query/postStatus.php" line="447" assertions="1" time="0.131121"/>
      </testsuite>
      <testsuite name="Tests_Query_Results" file="/var/www/html/test/wordpress_test/inpsyde_test/test/wp-content/plugins/plugintestslughere/tests/unit/tests/query/results.php" tests="35" assertions="134" errors="0" failures="0" skipped="0" time="2.458537">
        <testcase name="test_query_default" class="Tests_Query_Results" classname="Tests_Query_Results" file="/var/www/html/test/wordpress_test/inpsyde_test/test/wp-content/plugins/plugintestslughere/tests/unit/tests/query/results.php" line="304" assertions="1" time="0.049556"/>
        <testcase name="test_query_tag_a" class="Tests_Query_Results" classname="Tests_Query_Results" file="/var/www/html/test/wordpress_test/inpsyde_test/test/wp-content/plugins/plugintestslughere/tests/unit/tests/query/results.php" line="324" assertions="5" time="0.054121"/>
        <testcase name="test_query_tag_b" class="Tests_Query_Results" classname="Tests_Query_Results" file="/var/www/html/test/wordpress_test/inpsyde_test/test/wp-content/plugins/plugintestslughere/tests/unit/tests/query/results.php" line="335" assertions="5" time="0.074361"/>
        <testcase name="test_query_tag_nun" class="Tests_Query_Results" classname="Tests_Query_Results" file="/var/www/html/test/wordpress_test/inpsyde_test/test/wp-content/plugins/plugintestslughere/tests/unit/tests/query/results.php" line="349" assertions="2" time="0.039798"/>
        <testcase name="test_query_tag_id" class="Tests_Query_Results" classname="Tests_Query_Results" file="/var/www/html/test/wordpress_test/inpsyde_test/test/wp-content/plugins/plugintestslughere/tests/unit/tests/query/results.php" line="357" assertions="5" time="0.043165"/>
        <testcase name="test_query_tag_slug__in" class="Tests_Query_Results" classname="Tests_Query_Results" file="/var/www/html/test/wordpress_test/inpsyde_test/test/wp-content/plugins/plugintestslughere/tests/unit/tests/query/results.php" line="369" assertions="7" time="0.118960"/>
        <testcase name="test_query_tag__in" class="Tests_Query_Results" classname="Tests_Query_Results" file="/var/www/html/test/wordpress_test/inpsyde_test/test/wp-content/plugins/plugintestslughere/tests/unit/tests/query/results.php" line="383" assertions="7" time="0.053654"/>
        <testcase name="test_query_tag__not_in" class="Tests_Query_Results" classname="Tests_Query_Results" file="/var/www/html/test/wordpress_test/inpsyde_test/test/wp-content/plugins/plugintestslughere/tests/unit/tests/query/results.php" line="398" assertions="1" time="0.053140"/>
        <testcase name="test_query_tag__in_but__not_in" class="Tests_Query_Results" classname="Tests_Query_Results" file="/var/www/html/test/wordpress_test/inpsyde_test/test/wp-content/plugins/plugintestslughere/tests/unit/tests/query/results.php" line="420" assertions="3" time="0.048903"/>
        <testcase name="test_query_category_name" class="Tests_Query_Results" classname="Tests_Query_Results" file="/var/www/html/test/wordpress_test/inpsyde_test/test/wp-content/plugins/plugintestslughere/tests/unit/tests/query/results.php" line="433" assertions="5" time="0.036903"/>
        <testcase name="test_query_cat" class="Tests_Query_Results" classname="Tests_Query_Results" file="/var/www/html/test/wordpress_test/inpsyde_test/test/wp-content/plugins/plugintestslughere/tests/unit/tests/query/results.php" line="444" assertions="5" time="0.034688"/>
        <testcase name="test_query_posts_per_page" class="Tests_Query_Results" classname="Tests_Query_Results" file="/var/www/html/test/wordpress_test/inpsyde_test/test/wp-content/plugins/plugintestslughere/tests/unit/tests/query/results.php" line="456" assertions="2" time="0.034871"/>
        <testcase name="test_query_offset" class="Tests_Query_Results" classname="Tests_Query_Results" file="/var/www/html/test/wordpress_test/inpsyde_test/test/wp-content/plugins/plugintestslughere/tests/unit/tests/query/results.php" line="471" assertions="2" time="0.045652"/>
        <testcase name="test_query_paged" class="Tests_Query_Results" classname="Tests_Query_Results" file="/var/www/html/test/wordpress_test/inpsyde_test/test/wp-content/plugins/plugintestslughere/tests/unit/tests/query/results.php" line="491" assertions="3" time="0.040048"/>
        <testcase name="test_query_paged_and_posts_per_page" class="Tests_Query_Results" classname="Tests_Query_Results" file="/var/www/html/test/wordpress_test/inpsyde_test/test/wp-content/plugins/plugintestslughere/tests/unit/tests/query/results.php" line="512" assertions="3" time="0.042491"/>
        <testcase name="test_query_post_parent__in" class="Tests_Query_Results" classname="Tests_Query_Results" file="/var/www/html/test/wordpress_test/inpsyde_test/test/wp-content/plugins/plugintestslughere/tests/unit/tests/query/results.php" line="530" assertions="4" time="0.055388"/>
        <testcase name="test_query_orderby_post_parent__in" class="Tests_Query_Results" classname="Tests_Query_Results" file="/var/www/html/test/wordpress_test/inpsyde_test/test/wp-content/plugins/plugintestslughere/tests/unit/tests/query/results.php" line="597" assertions="1" time="0.033201"/>
        <testcase name="test_query_orderby_post_parent__in_with_order_desc" class="Tests_Query_Results" classname="Tests_Query_Results" file="/var/www/html/test/wordpress_test/inpsyde_test/test/wp-content/plugins/plugintestslughere/tests/unit/tests/query/results.php" line="620" assertions="1" time="0.031887"/>
        <testcase name="test_query_orderby_post__in_with_no_order_specified" class="Tests_Query_Results" classname="Tests_Query_Results" file="/var/www/html/test/wordpress_test/inpsyde_test/test/wp-content/plugins/plugintestslughere/tests/unit/tests/query/results.php" line="639" assertions="1" time="0.083659"/>
        <testcase name="test_query_orderby_post__in_with_order_asc" class="Tests_Query_Results" classname="Tests_Query_Results" file="/var/www/html/test/wordpress_test/inpsyde_test/test/wp-content/plugins/plugintestslughere/tests/unit/tests/query/results.php" line="658" assertions="1" time="0.024077"/>
        <testcase name="test_query_orderby_post__in_with_order_desc" class="Tests_Query_Results" classname="Tests_Query_Results" file="/var/www/html/test/wordpress_test/inpsyde_test/test/wp-content/plugins/plugintestslughere/tests/unit/tests/query/results.php" line="678" assertions="1" time="0.024777"/>
        <testcase name="test_query_orderby_post_name__in_with_order_asc" class="Tests_Query_Results" classname="Tests_Query_Results" file="/var/www/html/test/wordpress_test/inpsyde_test/test/wp-content/plugins/plugintestslughere/tests/unit/tests/query/results.php" line="699" assertions="1" time="0.030897"/>
        <testcase name="test_query_orderby_post_name__in_with_order_desc" class="Tests_Query_Results" classname="Tests_Query_Results" file="/var/www/html/test/wordpress_test/inpsyde_test/test/wp-content/plugins/plugintestslughere/tests/unit/tests/query/results.php" line="716" assertions="1" time="0.031391"/>
        <testcase name="test_query_fields_integers" class="Tests_Query_Results" classname="Tests_Query_Results" file="/var/www/html/test/wordpress_test/inpsyde_test/test/wp-content/plugins/plugintestslughere/tests/unit/tests/query/results.php" line="735" assertions="7" time="0.027155"/>
        <testcase name="test_empty_post__in" class="Tests_Query_Results" classname="Tests_Query_Results" file="/var/www/html/test/wordpress_test/inpsyde_test/test/wp-content/plugins/plugintestslughere/tests/unit/tests/query/results.php" line="777" assertions="3" time="0.062179"/>
        <testcase name="test_exclude_from_search_empty" class="Tests_Query_Results" classname="Tests_Query_Results" file="/var/www/html/test/wordpress_test/inpsyde_test/test/wp-content/plugins/plugintestslughere/tests/unit/tests/query/results.php" line="789" assertions="4" time="0.118866"/>
        <testcase name="test_query_author_vars" class="Tests_Query_Results" classname="Tests_Query_Results" file="/var/www/html/test/wordpress_test/inpsyde_test/test/wp-content/plugins/plugintestslughere/tests/unit/tests/query/results.php" line="813" assertions="13" time="0.463147"/>
        <testcase name="test_query_is_date" class="Tests_Query_Results" classname="Tests_Query_Results" file="/var/www/html/test/wordpress_test/inpsyde_test/test/wp-content/plugins/plugintestslughere/tests/unit/tests/query/results.php" line="985" assertions="12" time="0.048317"/>
        <testcase name="test_query_is_date_with_bad_date" class="Tests_Query_Results" classname="Tests_Query_Results" file="/var/www/html/test/wordpress_test/inpsyde_test/test/wp-content/plugins/plugintestslughere/tests/unit/tests/query/results.php" line="1027" assertions="6" time="0.025256"/>
        <testcase name="test_perm_with_status_array" class="Tests_Query_Results" classname="Tests_Query_Results" file="/var/www/html/test/wordpress_test/inpsyde_test/test/wp-content/plugins/plugintestslughere/tests/unit/tests/query/results.php" line="1043" assertions="3" time="0.045196"/>
        <testcase name="test_post_password" class="Tests_Query_Results" classname="Tests_Query_Results" file="/var/www/html/test/wordpress_test/inpsyde_test/test/wp-content/plugins/plugintestslughere/tests/unit/tests/query/results.php" line="1062" assertions="11" time="0.165429"/>
        <testcase name="test_duplicate_slug_in_hierarchical_post_type" class="Tests_Query_Results" classname="Tests_Query_Results" file="/var/www/html/test/wordpress_test/inpsyde_test/test/wp-content/plugins/plugintestslughere/tests/unit/tests/query/results.php" line="1153" assertions="1" time="0.120828"/>
        <testcase name="test_child_post_in_hierarchical_post_type_with_default_permalinks" class="Tests_Query_Results" classname="Tests_Query_Results" file="/var/www/html/test/wordpress_test/inpsyde_test/test/wp-content/plugins/plugintestslughere/tests/unit/tests/query/results.php" line="1188" assertions="2" time="0.120811"/>
        <testcase name="test_title" class="Tests_Query_Results" classname="Tests_Query_Results" file="/var/www/html/test/wordpress_test/inpsyde_test/test/wp-content/plugins/plugintestslughere/tests/unit/tests/query/results.php" line="1216" assertions="3" time="0.087904"/>
        <testcase name="test_main_comments_feed_includes_attachment_comments" class="Tests_Query_Results" classname="Tests_Query_Results" file="/var/www/html/test/wordpress_test/inpsyde_test/test/wp-content/plugins/plugintestslughere/tests/unit/tests/query/results.php" line="1247" assertions="2" time="0.087861"/>
      </testsuite>
      <testsuite name="Tests_Query_Search" file="/var/www/html/test/wordpress_test/inpsyde_test/test/wp-content/plugins/plugintestslughere/tests/unit/tests/query/search.php" tests="21" assertions="27" errors="0" failures="0" skipped="0" time="2.355461">
        <testcase name="test_search_order_title_relevance" class="Tests_Query_Search" classname="Tests_Query_Search" file="/var/www/html/test/wordpress_test/inpsyde_test/test/wp-content/plugins/plugintestslughere/tests/unit/tests/query/search.php" line="36" assertions="1" time="0.171435"/>
        <testcase name="test_search_terms_query_var" class="Tests_Query_Search" classname="Tests_Query_Search" file="/var/www/html/test/wordpress_test/inpsyde_test/test/wp-content/plugins/plugintestslughere/tests/unit/tests/query/search.php" line="56" assertions="2" time="0.028374"/>
        <testcase name="test_filter_stopwords" class="Tests_Query_Search" classname="Tests_Query_Search" file="/var/www/html/test/wordpress_test/inpsyde_test/test/wp-content/plugins/plugintestslughere/tests/unit/tests/query/search.php" line="63" assertions="2" time="0.029477"/>
        <testcase name="test_disable_search_exclusion_prefix" class="Tests_Query_Search" classname="Tests_Query_Search" file="/var/www/html/test/wordpress_test/inpsyde_test/test/wp-content/plugins/plugintestslughere/tests/unit/tests/query/search.php" line="80" assertions="2" time="0.083785"/>
        <testcase name="test_change_search_exclusion_prefix" class="Tests_Query_Search" classname="Tests_Query_Search" file="/var/www/html/test/wordpress_test/inpsyde_test/test/wp-content/plugins/plugintestslughere/tests/unit/tests/query/search.php" line="105" assertions="2" time="0.076869"/>
        <testcase name="test_s_should_exclude_term_prefixed_with_dash" class="Tests_Query_Search" classname="Tests_Query_Search" file="/var/www/html/test/wordpress_test/inpsyde_test/test/wp-content/plugins/plugintestslughere/tests/unit/tests/query/search.php" line="135" assertions="1" time="0.110092"/>
        <testcase name="test_s_should_exclude_first_term_if_prefixed_with_dash" class="Tests_Query_Search" classname="Tests_Query_Search" file="/var/www/html/test/wordpress_test/inpsyde_test/test/wp-content/plugins/plugintestslughere/tests/unit/tests/query/search.php" line="162" assertions="1" time="0.120723"/>
        <testcase name="test_s_should_not_exclude_for_dashes_in_the_middle_of_words" class="Tests_Query_Search" classname="Tests_Query_Search" file="/var/www/html/test/wordpress_test/inpsyde_test/test/wp-content/plugins/plugintestslughere/tests/unit/tests/query/search.php" line="189" assertions="1" time="0.175818"/>
        <testcase name="test_s_should_not_exclude_for_dashes_between_words" class="Tests_Query_Search" classname="Tests_Query_Search" file="/var/www/html/test/wordpress_test/inpsyde_test/test/wp-content/plugins/plugintestslughere/tests/unit/tests/query/search.php" line="222" assertions="1" time="0.131659"/>
        <testcase name="test_search_orderby_should_be_empty_when_search_string_is_longer_than_6_words_and_exclusion_operator_is_used" class="Tests_Query_Search" classname="Tests_Query_Search" file="/var/www/html/test/wordpress_test/inpsyde_test/test/wp-content/plugins/plugintestslughere/tests/unit/tests/query/search.php" line="255" assertions="1" time="0.030128"/>
        <testcase name="test_s_zero" class="Tests_Query_Search" classname="Tests_Query_Search" file="/var/www/html/test/wordpress_test/inpsyde_test/test/wp-content/plugins/plugintestslughere/tests/unit/tests/query/search.php" line="269" assertions="1" time="0.208116"/>
        <testcase name="test_search_should_respect_suppress_filters" class="Tests_Query_Search" classname="Tests_Query_Search" file="/var/www/html/test/wordpress_test/inpsyde_test/test/wp-content/plugins/plugintestslughere/tests/unit/tests/query/search.php" line="301" assertions="1" time="0.032199"/>
        <testcase name="test_search_post_excerpt" class="Tests_Query_Search" classname="Tests_Query_Search" file="/var/www/html/test/wordpress_test/inpsyde_test/test/wp-content/plugins/plugintestslughere/tests/unit/tests/query/search.php" line="319" assertions="3" time="0.158369"/>
        <testcase name="test_search_order_title_before_excerpt_and_content" class="Tests_Query_Search" classname="Tests_Query_Search" file="/var/www/html/test/wordpress_test/inpsyde_test/test/wp-content/plugins/plugintestslughere/tests/unit/tests/query/search.php" line="372" assertions="1" time="0.153376"/>
        <testcase name="test_exclude_file_names_in_attachment_search_by_default" class="Tests_Query_Search" classname="Tests_Query_Search" file="/var/www/html/test/wordpress_test/inpsyde_test/test/wp-content/plugins/plugintestslughere/tests/unit/tests/query/search.php" line="417" assertions="1" time="0.087760"/>
        <testcase name="test_include_file_names_in_attachment_search_as_string" class="Tests_Query_Search" classname="Tests_Query_Search" file="/var/www/html/test/wordpress_test/inpsyde_test/test/wp-content/plugins/plugintestslughere/tests/unit/tests/query/search.php" line="446" assertions="1" time="0.253212"/>
        <testcase name="test_include_file_names_in_attachment_search_as_array" class="Tests_Query_Search" classname="Tests_Query_Search" file="/var/www/html/test/wordpress_test/inpsyde_test/test/wp-content/plugins/plugintestslughere/tests/unit/tests/query/search.php" line="476" assertions="1" time="0.109623"/>
        <testcase name="test_exclude_attachment_file_names_in_general_searches" class="Tests_Query_Search" classname="Tests_Query_Search" file="/var/www/html/test/wordpress_test/inpsyde_test/test/wp-content/plugins/plugintestslughere/tests/unit/tests/query/search.php" line="506" assertions="1" time="0.176214"/>
        <testcase name="test_include_file_names_in_attachment_search_with_meta_query" class="Tests_Query_Search" classname="Tests_Query_Search" file="/var/www/html/test/wordpress_test/inpsyde_test/test/wp-content/plugins/plugintestslughere/tests/unit/tests/query/search.php" line="534" assertions="1" time="0.087729"/>
        <testcase name="test_include_file_names_in_attachment_search_with_tax_query" class="Tests_Query_Search" classname="Tests_Query_Search" file="/var/www/html/test/wordpress_test/inpsyde_test/test/wp-content/plugins/plugintestslughere/tests/unit/tests/query/search.php" line="572" assertions="1" time="0.098108"/>
        <testcase name="test_filter_query_attachment_filenames_unhooks_itself" class="Tests_Query_Search" classname="Tests_Query_Search" file="/var/www/html/test/wordpress_test/inpsyde_test/test/wp-content/plugins/plugintestslughere/tests/unit/tests/query/search.php" line="612" assertions="1" time="0.032394"/>
      </testsuite>
      <testsuite name="Tests_Query_SetupPostdata" file="/var/www/html/test/wordpress_test/inpsyde_test/test/wp-content/plugins/plugintestslughere/tests/unit/tests/query/setupPostdata.php" tests="23" assertions="49" errors="0" failures="0" skipped="0" time="3.045480">
        <testcase name="test_id" class="Tests_Query_SetupPostdata" classname="Tests_Query_SetupPostdata" file="/var/www/html/test/wordpress_test/inpsyde_test/test/wp-content/plugins/plugintestslughere/tests/unit/tests/query/setupPostdata.php" line="28" assertions="2" time="0.092795"/>
        <testcase name="test_setup_by_id" class="Tests_Query_SetupPostdata" classname="Tests_Query_SetupPostdata" file="/var/www/html/test/wordpress_test/inpsyde_test/test/wp-content/plugins/plugintestslughere/tests/unit/tests/query/setupPostdata.php" line="39" assertions="1" time="0.088056"/>
        <testcase name="test_setup_by_fake_post" class="Tests_Query_SetupPostdata" classname="Tests_Query_SetupPostdata" file="/var/www/html/test/wordpress_test/inpsyde_test/test/wp-content/plugins/plugintestslughere/tests/unit/tests/query/setupPostdata.php" line="49" assertions="1" time="0.026323"/>
        <testcase name="test_setup_by_postish_object" class="Tests_Query_SetupPostdata" classname="Tests_Query_SetupPostdata" file="/var/www/html/test/wordpress_test/inpsyde_test/test/wp-content/plugins/plugintestslughere/tests/unit/tests/query/setupPostdata.php" line="61" assertions="1" time="0.137891"/>
        <testcase name="test_authordata" class="Tests_Query_SetupPostdata" classname="Tests_Query_SetupPostdata" file="/var/www/html/test/wordpress_test/inpsyde_test/test/wp-content/plugins/plugintestslughere/tests/unit/tests/query/setupPostdata.php" line="71" assertions="2" time="0.187722"/>
        <testcase name="test_currentday" class="Tests_Query_SetupPostdata" classname="Tests_Query_SetupPostdata" file="/var/www/html/test/wordpress_test/inpsyde_test/test/wp-content/plugins/plugintestslughere/tests/unit/tests/query/setupPostdata.php" line="84" assertions="1" time="0.131291"/>
        <testcase name="test_currentmonth" class="Tests_Query_SetupPostdata" classname="Tests_Query_SetupPostdata" file="/var/www/html/test/wordpress_test/inpsyde_test/test/wp-content/plugins/plugintestslughere/tests/unit/tests/query/setupPostdata.php" line="95" assertions="1" time="0.120737"/>
        <testcase name="test_secondary_query_post_vars" class="Tests_Query_SetupPostdata" classname="Tests_Query_SetupPostdata" file="/var/www/html/test/wordpress_test/inpsyde_test/test/wp-content/plugins/plugintestslughere/tests/unit/tests/query/setupPostdata.php" line="106" assertions="12" time="0.329044"/>
        <testcase name="test_single_page" class="Tests_Query_SetupPostdata" classname="Tests_Query_SetupPostdata" file="/var/www/html/test/wordpress_test/inpsyde_test/test/wp-content/plugins/plugintestslughere/tests/unit/tests/query/setupPostdata.php" line="158" assertions="3" time="0.109761"/>
        <testcase name="test_multi_page" class="Tests_Query_SetupPostdata" classname="Tests_Query_SetupPostdata" file="/var/www/html/test/wordpress_test/inpsyde_test/test/wp-content/plugins/plugintestslughere/tests/unit/tests/query/setupPostdata.php" line="171" assertions="3" time="0.121263"/>
        <testcase name="test_nextpage_at_start_of_content" class="Tests_Query_SetupPostdata" classname="Tests_Query_SetupPostdata" file="/var/www/html/test/wordpress_test/inpsyde_test/test/wp-content/plugins/plugintestslughere/tests/unit/tests/query/setupPostdata.php" line="187" assertions="3" time="0.088077"/>
        <testcase name="test_trim_nextpage_linebreaks" class="Tests_Query_SetupPostdata" classname="Tests_Query_SetupPostdata" file="/var/www/html/test/wordpress_test/inpsyde_test/test/wp-content/plugins/plugintestslughere/tests/unit/tests/query/setupPostdata.php" line="200" assertions="1" time="0.120236"/>
        <testcase name="test_secondary_query_nextpage" class="Tests_Query_SetupPostdata" classname="Tests_Query_SetupPostdata" file="/var/www/html/test/wordpress_test/inpsyde_test/test/wp-content/plugins/plugintestslughere/tests/unit/tests/query/setupPostdata.php" line="214" assertions="3" time="0.164513"/>
        <testcase name="test_page_from_wp_query" class="Tests_Query_SetupPostdata" classname="Tests_Query_SetupPostdata" file="/var/www/html/test/wordpress_test/inpsyde_test/test/wp-content/plugins/plugintestslughere/tests/unit/tests/query/setupPostdata.php" line="252" assertions="1" time="0.087245"/>
        <testcase name="test_page_when_on_page" class="Tests_Query_SetupPostdata" classname="Tests_Query_SetupPostdata" file="/var/www/html/test/wordpress_test/inpsyde_test/test/wp-content/plugins/plugintestslughere/tests/unit/tests/query/setupPostdata.php" line="267" assertions="1" time="0.098481"/>
        <testcase name="test_secondary_query_page" class="Tests_Query_SetupPostdata" classname="Tests_Query_SetupPostdata" file="/var/www/html/test/wordpress_test/inpsyde_test/test/wp-content/plugins/plugintestslughere/tests/unit/tests/query/setupPostdata.php" line="282" assertions="3" time="0.252556"/>
        <testcase name="test_more_when_on_setup_post" class="Tests_Query_SetupPostdata" classname="Tests_Query_SetupPostdata" file="/var/www/html/test/wordpress_test/inpsyde_test/test/wp-content/plugins/plugintestslughere/tests/unit/tests/query/setupPostdata.php" line="315" assertions="1" time="0.087634"/>
        <testcase name="test_more_when_on_single" class="Tests_Query_SetupPostdata" classname="Tests_Query_SetupPostdata" file="/var/www/html/test/wordpress_test/inpsyde_test/test/wp-content/plugins/plugintestslughere/tests/unit/tests/query/setupPostdata.php" line="328" assertions="1" time="0.176119"/>
        <testcase name="test_more_when_on_page" class="Tests_Query_SetupPostdata" classname="Tests_Query_SetupPostdata" file="/var/www/html/test/wordpress_test/inpsyde_test/test/wp-content/plugins/plugintestslughere/tests/unit/tests/query/setupPostdata.php" line="342" assertions="1" time="0.131633"/>
        <testcase name="test_more_when_on_feed" class="Tests_Query_SetupPostdata" classname="Tests_Query_SetupPostdata" file="/var/www/html/test/wordpress_test/inpsyde_test/test/wp-content/plugins/plugintestslughere/tests/unit/tests/query/setupPostdata.php" line="358" assertions="1" time="0.144363"/>
        <testcase name="test_secondary_query_more" class="Tests_Query_SetupPostdata" classname="Tests_Query_SetupPostdata" file="/var/www/html/test/wordpress_test/inpsyde_test/test/wp-content/plugins/plugintestslughere/tests/unit/tests/query/setupPostdata.php" line="370" assertions="3" time="0.109272"/>
        <testcase name="test_setup_postdata_with_the_content" class="Tests_Query_SetupPostdata" classname="Tests_Query_SetupPostdata" file="/var/www/html/test/wordpress_test/inpsyde_test/test/wp-content/plugins/plugintestslughere/tests/unit/tests/query/setupPostdata.php" line="404" assertions="2" time="0.131319"/>
        <testcase name="test_the_post_action" class="Tests_Query_SetupPostdata" classname="Tests_Query_SetupPostdata" file="/var/www/html/test/wordpress_test/inpsyde_test/test/wp-content/plugins/plugintestslughere/tests/unit/tests/query/setupPostdata.php" line="424" assertions="1" time="0.109150"/>
      </testsuite>
      <testsuite name="Tests_Query_Stickies" file="/var/www/html/test/wordpress_test/inpsyde_test/test/wp-content/plugins/plugintestslughere/tests/unit/tests/query/stickies.php" tests="5" assertions="9" errors="0" failures="0" skipped="0" time="0.230009">
        <testcase name="test_stickies_should_be_ignored_when_is_home_is_false" class="Tests_Query_Stickies" classname="Tests_Query_Stickies" file="/var/www/html/test/wordpress_test/inpsyde_test/test/wp-content/plugins/plugintestslughere/tests/unit/tests/query/stickies.php" line="28" assertions="1" time="0.052083"/>
        <testcase name="test_stickies_should_be_included_when_is_home_is_true" class="Tests_Query_Stickies" classname="Tests_Query_Stickies" file="/var/www/html/test/wordpress_test/inpsyde_test/test/wp-content/plugins/plugintestslughere/tests/unit/tests/query/stickies.php" line="46" assertions="3" time="0.058591"/>
        <testcase name="test_stickies_should_not_be_included_on_pages_other_than_1" class="Tests_Query_Stickies" classname="Tests_Query_Stickies" file="/var/www/html/test/wordpress_test/inpsyde_test/test/wp-content/plugins/plugintestslughere/tests/unit/tests/query/stickies.php" line="56" assertions="1" time="0.041163"/>
        <testcase name="test_stickies_should_not_be_included_when_ignore_sticky_posts_is_true" class="Tests_Query_Stickies" classname="Tests_Query_Stickies" file="/var/www/html/test/wordpress_test/inpsyde_test/test/wp-content/plugins/plugintestslughere/tests/unit/tests/query/stickies.php" line="65" assertions="1" time="0.039008"/>
        <testcase name="test_stickies_should_obey_post__not_in" class="Tests_Query_Stickies" classname="Tests_Query_Stickies" file="/var/www/html/test/wordpress_test/inpsyde_test/test/wp-content/plugins/plugintestslughere/tests/unit/tests/query/stickies.php" line="88" assertions="3" time="0.039164"/>
      </testsuite>
      <testsuite name="Tests_Query_TaxQuery" file="/var/www/html/test/wordpress_test/inpsyde_test/test/wp-content/plugins/plugintestslughere/tests/unit/tests/query/taxQuery.php" tests="36" assertions="45" errors="0" failures="0" skipped="0" time="8.298074">
        <testcase name="test_tax_query_single_query_single_term_field_slug" class="Tests_Query_TaxQuery" classname="Tests_Query_TaxQuery" file="/var/www/html/test/wordpress_test/inpsyde_test/test/wp-content/plugins/plugintestslughere/tests/unit/tests/query/taxQuery.php" line="8" assertions="1" time="0.125141"/>
        <testcase name="test_tax_query_single_query_single_term_field_name" class="Tests_Query_TaxQuery" classname="Tests_Query_TaxQuery" file="/var/www/html/test/wordpress_test/inpsyde_test/test/wp-content/plugins/plugintestslughere/tests/unit/tests/query/taxQuery.php" line="39" assertions="1" time="0.209609"/>
        <testcase name="test_field_name_should_work_for_names_with_spaces" class="Tests_Query_TaxQuery" classname="Tests_Query_TaxQuery" file="/var/www/html/test/wordpress_test/inpsyde_test/test/wp-content/plugins/plugintestslughere/tests/unit/tests/query/taxQuery.php" line="73" assertions="1" time="0.297334"/>
        <testcase name="test_tax_query_single_query_single_term_field_term_taxonomy_id" class="Tests_Query_TaxQuery" classname="Tests_Query_TaxQuery" file="/var/www/html/test/wordpress_test/inpsyde_test/test/wp-content/plugins/plugintestslughere/tests/unit/tests/query/taxQuery.php" line="104" assertions="1" time="0.243072"/>
        <testcase name="test_tax_query_single_query_single_term_field_term_id" class="Tests_Query_TaxQuery" classname="Tests_Query_TaxQuery" file="/var/www/html/test/wordpress_test/inpsyde_test/test/wp-content/plugins/plugintestslughere/tests/unit/tests/query/taxQuery.php" line="135" assertions="1" time="0.163685"/>
        <testcase name="test_tax_query_single_query_single_term_operator_in" class="Tests_Query_TaxQuery" classname="Tests_Query_TaxQuery" file="/var/www/html/test/wordpress_test/inpsyde_test/test/wp-content/plugins/plugintestslughere/tests/unit/tests/query/taxQuery.php" line="166" assertions="1" time="0.176038"/>
        <testcase name="test_tax_query_single_query_single_term_operator_not_in" class="Tests_Query_TaxQuery" classname="Tests_Query_TaxQuery" file="/var/www/html/test/wordpress_test/inpsyde_test/test/wp-content/plugins/plugintestslughere/tests/unit/tests/query/taxQuery.php" line="198" assertions="1" time="0.230862"/>
        <testcase name="test_tax_query_single_query_single_term_operator_and" class="Tests_Query_TaxQuery" classname="Tests_Query_TaxQuery" file="/var/www/html/test/wordpress_test/inpsyde_test/test/wp-content/plugins/plugintestslughere/tests/unit/tests/query/taxQuery.php" line="230" assertions="1" time="0.407360"/>
        <testcase name="test_tax_query_single_query_multiple_terms_operator_in" class="Tests_Query_TaxQuery" classname="Tests_Query_TaxQuery" file="/var/www/html/test/wordpress_test/inpsyde_test/test/wp-content/plugins/plugintestslughere/tests/unit/tests/query/taxQuery.php" line="262" assertions="1" time="0.241404"/>
        <testcase name="test_tax_query_single_query_multiple_terms_operator_not_in" class="Tests_Query_TaxQuery" classname="Tests_Query_TaxQuery" file="/var/www/html/test/wordpress_test/inpsyde_test/test/wp-content/plugins/plugintestslughere/tests/unit/tests/query/taxQuery.php" line="303" assertions="1" time="0.218794"/>
        <testcase name="test_tax_query_single_query_multiple_queries_operator_not_in" class="Tests_Query_TaxQuery" classname="Tests_Query_TaxQuery" file="/var/www/html/test/wordpress_test/inpsyde_test/test/wp-content/plugins/plugintestslughere/tests/unit/tests/query/taxQuery.php" line="347" assertions="1" time="0.219779"/>
        <testcase name="test_tax_query_single_query_multiple_terms_operator_and" class="Tests_Query_TaxQuery" classname="Tests_Query_TaxQuery" file="/var/www/html/test/wordpress_test/inpsyde_test/test/wp-content/plugins/plugintestslughere/tests/unit/tests/query/taxQuery.php" line="395" assertions="1" time="0.318423"/>
        <testcase name="test_tax_query_operator_not_exists" class="Tests_Query_TaxQuery" classname="Tests_Query_TaxQuery" file="/var/www/html/test/wordpress_test/inpsyde_test/test/wp-content/plugins/plugintestslughere/tests/unit/tests/query/taxQuery.php" line="439" assertions="1" time="0.186832"/>
        <testcase name="test_tax_query_operator_not_exists_combined" class="Tests_Query_TaxQuery" classname="Tests_Query_TaxQuery" file="/var/www/html/test/wordpress_test/inpsyde_test/test/wp-content/plugins/plugintestslughere/tests/unit/tests/query/taxQuery.php" line="473" assertions="1" time="0.241683"/>
        <testcase name="test_tax_query_operator_exists" class="Tests_Query_TaxQuery" classname="Tests_Query_TaxQuery" file="/var/www/html/test/wordpress_test/inpsyde_test/test/wp-content/plugins/plugintestslughere/tests/unit/tests/query/taxQuery.php" line="520" assertions="1" time="0.164176"/>
        <testcase name="test_tax_query_operator_exists_should_ignore_terms" class="Tests_Query_TaxQuery" classname="Tests_Query_TaxQuery" file="/var/www/html/test/wordpress_test/inpsyde_test/test/wp-content/plugins/plugintestslughere/tests/unit/tests/query/taxQuery.php" line="554" assertions="1" time="0.186713"/>
        <testcase name="test_tax_query_operator_exists_with_no_taxonomy" class="Tests_Query_TaxQuery" classname="Tests_Query_TaxQuery" file="/var/www/html/test/wordpress_test/inpsyde_test/test/wp-content/plugins/plugintestslughere/tests/unit/tests/query/taxQuery.php" line="589" assertions="1" time="0.308043"/>
        <testcase name="test_tax_query_multiple_queries_relation_and" class="Tests_Query_TaxQuery" classname="Tests_Query_TaxQuery" file="/var/www/html/test/wordpress_test/inpsyde_test/test/wp-content/plugins/plugintestslughere/tests/unit/tests/query/taxQuery.php" line="619" assertions="1" time="0.219539"/>
        <testcase name="test_tax_query_multiple_queries_relation_or" class="Tests_Query_TaxQuery" classname="Tests_Query_TaxQuery" file="/var/www/html/test/wordpress_test/inpsyde_test/test/wp-content/plugins/plugintestslughere/tests/unit/tests/query/taxQuery.php" line="665" assertions="1" time="0.230341"/>
        <testcase name="test_tax_query_multiple_queries_different_taxonomies" class="Tests_Query_TaxQuery" classname="Tests_Query_TaxQuery" file="/var/www/html/test/wordpress_test/inpsyde_test/test/wp-content/plugins/plugintestslughere/tests/unit/tests/query/taxQuery.php" line="711" assertions="1" time="0.197354"/>
        <testcase name="test_tax_query_two_nested_queries" class="Tests_Query_TaxQuery" classname="Tests_Query_TaxQuery" file="/var/www/html/test/wordpress_test/inpsyde_test/test/wp-content/plugins/plugintestslughere/tests/unit/tests/query/taxQuery.php" line="760" assertions="1" time="0.307739"/>
        <testcase name="test_tax_query_one_nested_query_one_first_order_query" class="Tests_Query_TaxQuery" classname="Tests_Query_TaxQuery" file="/var/www/html/test/wordpress_test/inpsyde_test/test/wp-content/plugins/plugintestslughere/tests/unit/tests/query/taxQuery.php" line="842" assertions="1" time="0.252819"/>
        <testcase name="test_tax_query_one_double_nested_query_one_first_order_query" class="Tests_Query_TaxQuery" classname="Tests_Query_TaxQuery" file="/var/www/html/test/wordpress_test/inpsyde_test/test/wp-content/plugins/plugintestslughere/tests/unit/tests/query/taxQuery.php" line="916" assertions="1" time="0.290107"/>
        <testcase name="test_tax_query_relation_or_both_clauses_empty_terms" class="Tests_Query_TaxQuery" classname="Tests_Query_TaxQuery" file="/var/www/html/test/wordpress_test/inpsyde_test/test/wp-content/plugins/plugintestslughere/tests/unit/tests/query/taxQuery.php" line="1001" assertions="1" time="0.171580"/>
        <testcase name="test_tax_query_relation_or_one_clause_empty_terms" class="Tests_Query_TaxQuery" classname="Tests_Query_TaxQuery" file="/var/www/html/test/wordpress_test/inpsyde_test/test/wp-content/plugins/plugintestslughere/tests/unit/tests/query/taxQuery.php" line="1036" assertions="1" time="0.857565"/>
        <testcase name="test_tax_query_include_children" class="Tests_Query_TaxQuery" classname="Tests_Query_TaxQuery" file="/var/www/html/test/wordpress_test/inpsyde_test/test/wp-content/plugins/plugintestslughere/tests/unit/tests/query/taxQuery.php" line="1066" assertions="6" time="0.234541"/>
        <testcase name="test_tax_query_taxonomy_with_attachments" class="Tests_Query_TaxQuery" classname="Tests_Query_TaxQuery" file="/var/www/html/test/wordpress_test/inpsyde_test/test/wp-content/plugins/plugintestslughere/tests/unit/tests/query/taxQuery.php" line="1206" assertions="1" time="0.139462"/>
        <testcase name="test_tax_query_no_taxonomy" class="Tests_Query_TaxQuery" classname="Tests_Query_TaxQuery" file="/var/www/html/test/wordpress_test/inpsyde_test/test/wp-content/plugins/plugintestslughere/tests/unit/tests/query/taxQuery.php" line="1246" assertions="3" time="0.142533"/>
        <testcase name="test_term_taxonomy_id_field_no_taxonomy" class="Tests_Query_TaxQuery" classname="Tests_Query_TaxQuery" file="/var/www/html/test/wordpress_test/inpsyde_test/test/wp-content/plugins/plugintestslughere/tests/unit/tests/query/taxQuery.php" line="1296" assertions="2" time="0.483782"/>
        <testcase name="test_populate_taxonomy_query_var_from_tax_query" class="Tests_Query_TaxQuery" classname="Tests_Query_TaxQuery" file="/var/www/html/test/wordpress_test/inpsyde_test/test/wp-content/plugins/plugintestslughere/tests/unit/tests/query/taxQuery.php" line="1381" assertions="1" time="0.109279"/>
        <testcase name="test_populate_taxonomy_query_var_from_tax_query_taxonomy_already_set" class="Tests_Query_TaxQuery" classname="Tests_Query_TaxQuery" file="/var/www/html/test/wordpress_test/inpsyde_test/test/wp-content/plugins/plugintestslughere/tests/unit/tests/query/taxQuery.php" line="1422" assertions="1" time="0.098376"/>
        <testcase name="test_populate_term_query_var_from_tax_query" class="Tests_Query_TaxQuery" classname="Tests_Query_TaxQuery" file="/var/www/html/test/wordpress_test/inpsyde_test/test/wp-content/plugins/plugintestslughere/tests/unit/tests/query/taxQuery.php" line="1449" assertions="1" time="0.153413"/>
        <testcase name="test_populate_term_id_query_var_from_tax_query" class="Tests_Query_TaxQuery" classname="Tests_Query_TaxQuery" file="/var/www/html/test/wordpress_test/inpsyde_test/test/wp-content/plugins/plugintestslughere/tests/unit/tests/query/taxQuery.php" line="1475" assertions="1" time="0.108870"/>
        <testcase name="test_populate_cat_category_name_query_var_from_tax_query" class="Tests_Query_TaxQuery" classname="Tests_Query_TaxQuery" file="/var/www/html/test/wordpress_test/inpsyde_test/test/wp-content/plugins/plugintestslughere/tests/unit/tests/query/taxQuery.php" line="1504" assertions="2" time="0.109930"/>
        <testcase name="test_populate_tag_id_query_var_from_tax_query" class="Tests_Query_TaxQuery" classname="Tests_Query_TaxQuery" file="/var/www/html/test/wordpress_test/inpsyde_test/test/wp-content/plugins/plugintestslughere/tests/unit/tests/query/taxQuery.php" line="1551" assertions="1" time="0.109533"/>
        <testcase name="test_tax_terms_should_not_be_double_escaped" class="Tests_Query_TaxQuery" classname="Tests_Query_TaxQuery" file="/var/www/html/test/wordpress_test/inpsyde_test/test/wp-content/plugins/plugintestslughere/tests/unit/tests/query/taxQuery.php" line="1597" assertions="1" time="0.142363"/>
      </testsuite>
      <testsuite name="Tests_Query_Vars" file="/var/www/html/test/wordpress_test/inpsyde_test/test/wp-content/plugins/plugintestslughere/tests/unit/tests/query/vars.php" tests="1" assertions="1" errors="0" failures="0" skipped="0" time="0.103181">
        <testcase name="testPublicQueryVarsAreAsExpected" class="Tests_Query_Vars" classname="Tests_Query_Vars" file="/var/www/html/test/wordpress_test/inpsyde_test/test/wp-content/plugins/plugintestslughere/tests/unit/tests/query/vars.php" line="14" assertions="1" time="0.103181"/>
      </testsuite>
      <testsuite name="Tests_Query_VerbosePageRules" file="/var/www/html/test/wordpress_test/inpsyde_test/test/wp-content/plugins/plugintestslughere/tests/unit/tests/query/verboseRewriteRules.php" tests="84" assertions="608" errors="0" failures="0" skipped="0" time="16.556124">
        <testcase name="test_home" class="Tests_Query_VerbosePageRules" classname="Tests_Query_VerbosePageRules" file="/var/www/html/test/wordpress_test/inpsyde_test/test/wp-content/plugins/plugintestslughere/tests/unit/tests/query/verboseRewriteRules.php" line="30" assertions="2" time="0.101345"/>
        <testcase name="test_page_on_front" class="Tests_Query_VerbosePageRules" classname="Tests_Query_VerbosePageRules" file="/var/www/html/test/wordpress_test/inpsyde_test/test/wp-content/plugins/plugintestslughere/tests/unit/tests/query/verboseRewriteRules.php" line="35" assertions="5" time="0.253898"/>
        <testcase name="test_404" class="Tests_Query_VerbosePageRules" classname="Tests_Query_VerbosePageRules" file="/var/www/html/test/wordpress_test/inpsyde_test/test/wp-content/plugins/plugintestslughere/tests/unit/tests/query/verboseRewriteRules.php" line="61" assertions="1" time="0.142315"/>
        <testcase name="test_permalink" class="Tests_Query_VerbosePageRules" classname="Tests_Query_VerbosePageRules" file="/var/www/html/test/wordpress_test/inpsyde_test/test/wp-content/plugins/plugintestslughere/tests/unit/tests/query/verboseRewriteRules.php" line="66" assertions="2" time="0.186338"/>
        <testcase name="test_post_comments_feed" class="Tests_Query_VerbosePageRules" classname="Tests_Query_VerbosePageRules" file="/var/www/html/test/wordpress_test/inpsyde_test/test/wp-content/plugins/plugintestslughere/tests/unit/tests/query/verboseRewriteRules.php" line="72" assertions="4" time="0.243440"/>
        <testcase name="test_post_comments_feed_with_no_comments" class="Tests_Query_VerbosePageRules" classname="Tests_Query_VerbosePageRules" file="/var/www/html/test/wordpress_test/inpsyde_test/test/wp-content/plugins/plugintestslughere/tests/unit/tests/query/verboseRewriteRules.php" line="80" assertions="4" time="0.242031"/>
        <testcase name="test_attachment_comments_feed" class="Tests_Query_VerbosePageRules" classname="Tests_Query_VerbosePageRules" file="/var/www/html/test/wordpress_test/inpsyde_test/test/wp-content/plugins/plugintestslughere/tests/unit/tests/query/verboseRewriteRules.php" line="86" assertions="5" time="0.164127"/>
        <testcase name="test_page" class="Tests_Query_VerbosePageRules" classname="Tests_Query_VerbosePageRules" file="/var/www/html/test/wordpress_test/inpsyde_test/test/wp-content/plugins/plugintestslughere/tests/unit/tests/query/verboseRewriteRules.php" line="93" assertions="2" time="0.120763"/>
        <testcase name="test_parent_page" class="Tests_Query_VerbosePageRules" classname="Tests_Query_VerbosePageRules" file="/var/www/html/test/wordpress_test/inpsyde_test/test/wp-content/plugins/plugintestslughere/tests/unit/tests/query/verboseRewriteRules.php" line="104" assertions="2" time="0.120700"/>
        <testcase name="test_child_page_1" class="Tests_Query_VerbosePageRules" classname="Tests_Query_VerbosePageRules" file="/var/www/html/test/wordpress_test/inpsyde_test/test/wp-content/plugins/plugintestslughere/tests/unit/tests/query/verboseRewriteRules.php" line="116" assertions="2" time="0.153807"/>
        <testcase name="test_child_page_2" class="Tests_Query_VerbosePageRules" classname="Tests_Query_VerbosePageRules" file="/var/www/html/test/wordpress_test/inpsyde_test/test/wp-content/plugins/plugintestslughere/tests/unit/tests/query/verboseRewriteRules.php" line="135" assertions="2" time="0.175419"/>
        <testcase name="test_page_trackback" class="Tests_Query_VerbosePageRules" classname="Tests_Query_VerbosePageRules" file="/var/www/html/test/wordpress_test/inpsyde_test/test/wp-content/plugins/plugintestslughere/tests/unit/tests/query/verboseRewriteRules.php" line="162" assertions="12" time="0.208325"/>
        <testcase name="test_page_feed" class="Tests_Query_VerbosePageRules" classname="Tests_Query_VerbosePageRules" file="/var/www/html/test/wordpress_test/inpsyde_test/test/wp-content/plugins/plugintestslughere/tests/unit/tests/query/verboseRewriteRules.php" line="200" assertions="15" time="0.285736"/>
        <testcase name="test_page_feed_with_no_comments" class="Tests_Query_VerbosePageRules" classname="Tests_Query_VerbosePageRules" file="/var/www/html/test/wordpress_test/inpsyde_test/test/wp-content/plugins/plugintestslughere/tests/unit/tests/query/verboseRewriteRules.php" line="238" assertions="15" time="0.230486"/>
        <testcase name="test_page_feed_atom" class="Tests_Query_VerbosePageRules" classname="Tests_Query_VerbosePageRules" file="/var/www/html/test/wordpress_test/inpsyde_test/test/wp-content/plugins/plugintestslughere/tests/unit/tests/query/verboseRewriteRules.php" line="276" assertions="15" time="0.231003"/>
        <testcase name="test_page_page_2" class="Tests_Query_VerbosePageRules" classname="Tests_Query_VerbosePageRules" file="/var/www/html/test/wordpress_test/inpsyde_test/test/wp-content/plugins/plugintestslughere/tests/unit/tests/query/verboseRewriteRules.php" line="316" assertions="4" time="0.153628"/>
        <testcase name="test_page_page_2_no_slash" class="Tests_Query_VerbosePageRules" classname="Tests_Query_VerbosePageRules" file="/var/www/html/test/wordpress_test/inpsyde_test/test/wp-content/plugins/plugintestslughere/tests/unit/tests/query/verboseRewriteRules.php" line="335" assertions="4" time="0.119494"/>
        <testcase name="test_pagination_of_posts_page" class="Tests_Query_VerbosePageRules" classname="Tests_Query_VerbosePageRules" file="/var/www/html/test/wordpress_test/inpsyde_test/test/wp-content/plugins/plugintestslughere/tests/unit/tests/query/verboseRewriteRules.php" line="354" assertions="3" time="0.220590"/>
        <testcase name="test_main_feed_2" class="Tests_Query_VerbosePageRules" classname="Tests_Query_VerbosePageRules" file="/var/www/html/test/wordpress_test/inpsyde_test/test/wp-content/plugins/plugintestslughere/tests/unit/tests/query/verboseRewriteRules.php" line="385" assertions="10" time="0.285393"/>
        <testcase name="test_main_feed" class="Tests_Query_VerbosePageRules" classname="Tests_Query_VerbosePageRules" file="/var/www/html/test/wordpress_test/inpsyde_test/test/wp-content/plugins/plugintestslughere/tests/unit/tests/query/verboseRewriteRules.php" line="403" assertions="3" time="0.153564"/>
        <testcase name="test_paged" class="Tests_Query_VerbosePageRules" classname="Tests_Query_VerbosePageRules" file="/var/www/html/test/wordpress_test/inpsyde_test/test/wp-content/plugins/plugintestslughere/tests/unit/tests/query/verboseRewriteRules.php" line="413" assertions="6" time="0.318105"/>
        <testcase name="test_main_comments_feed" class="Tests_Query_VerbosePageRules" classname="Tests_Query_VerbosePageRules" file="/var/www/html/test/wordpress_test/inpsyde_test/test/wp-content/plugins/plugintestslughere/tests/unit/tests/query/verboseRewriteRules.php" line="424" assertions="24" time="0.308627"/>
        <testcase name="test_search_feed" class="Tests_Query_VerbosePageRules" classname="Tests_Query_VerbosePageRules" file="/var/www/html/test/wordpress_test/inpsyde_test/test/wp-content/plugins/plugintestslughere/tests/unit/tests/query/verboseRewriteRules.php" line="450" assertions="20" time="0.208434"/>
        <testcase name="test_search_paged" class="Tests_Query_VerbosePageRules" classname="Tests_Query_VerbosePageRules" file="/var/www/html/test/wordpress_test/inpsyde_test/test/wp-content/plugins/plugintestslughere/tests/unit/tests/query/verboseRewriteRules.php" line="467" assertions="2" time="0.231017"/>
        <testcase name="test_search" class="Tests_Query_VerbosePageRules" classname="Tests_Query_VerbosePageRules" file="/var/www/html/test/wordpress_test/inpsyde_test/test/wp-content/plugins/plugintestslughere/tests/unit/tests/query/verboseRewriteRules.php" line="475" assertions="1" time="0.130616"/>
        <testcase name="test_search_encoded_chars" class="Tests_Query_VerbosePageRules" classname="Tests_Query_VerbosePageRules" file="/var/www/html/test/wordpress_test/inpsyde_test/test/wp-content/plugins/plugintestslughere/tests/unit/tests/query/verboseRewriteRules.php" line="483" assertions="1" time="0.099345"/>
        <testcase name="test_category_feed" class="Tests_Query_VerbosePageRules" classname="Tests_Query_VerbosePageRules" file="/var/www/html/test/wordpress_test/inpsyde_test/test/wp-content/plugins/plugintestslughere/tests/unit/tests/query/verboseRewriteRules.php" line="490" assertions="30" time="0.362665"/>
        <testcase name="test_category_paged" class="Tests_Query_VerbosePageRules" classname="Tests_Query_VerbosePageRules" file="/var/www/html/test/wordpress_test/inpsyde_test/test/wp-content/plugins/plugintestslughere/tests/unit/tests/query/verboseRewriteRules.php" line="514" assertions="3" time="0.208689"/>
        <testcase name="test_category" class="Tests_Query_VerbosePageRules" classname="Tests_Query_VerbosePageRules" file="/var/www/html/test/wordpress_test/inpsyde_test/test/wp-content/plugins/plugintestslughere/tests/unit/tests/query/verboseRewriteRules.php" line="522" assertions="2" time="0.098860"/>
        <testcase name="test_tag_feed" class="Tests_Query_VerbosePageRules" classname="Tests_Query_VerbosePageRules" file="/var/www/html/test/wordpress_test/inpsyde_test/test/wp-content/plugins/plugintestslughere/tests/unit/tests/query/verboseRewriteRules.php" line="535" assertions="30" time="0.175745"/>
        <testcase name="test_tag_paged" class="Tests_Query_VerbosePageRules" classname="Tests_Query_VerbosePageRules" file="/var/www/html/test/wordpress_test/inpsyde_test/test/wp-content/plugins/plugintestslughere/tests/unit/tests/query/verboseRewriteRules.php" line="558" assertions="3" time="0.297541"/>
        <testcase name="test_tag" class="Tests_Query_VerbosePageRules" classname="Tests_Query_VerbosePageRules" file="/var/www/html/test/wordpress_test/inpsyde_test/test/wp-content/plugins/plugintestslughere/tests/unit/tests/query/verboseRewriteRules.php" line="569" assertions="10" time="0.131339"/>
        <testcase name="test_author_feed" class="Tests_Query_VerbosePageRules" classname="Tests_Query_VerbosePageRules" file="/var/www/html/test/wordpress_test/inpsyde_test/test/wp-content/plugins/plugintestslughere/tests/unit/tests/query/verboseRewriteRules.php" line="594" assertions="30" time="0.252858"/>
        <testcase name="test_author_paged" class="Tests_Query_VerbosePageRules" classname="Tests_Query_VerbosePageRules" file="/var/www/html/test/wordpress_test/inpsyde_test/test/wp-content/plugins/plugintestslughere/tests/unit/tests/query/verboseRewriteRules.php" line="612" assertions="3" time="0.253268"/>
        <testcase name="test_author" class="Tests_Query_VerbosePageRules" classname="Tests_Query_VerbosePageRules" file="/var/www/html/test/wordpress_test/inpsyde_test/test/wp-content/plugins/plugintestslughere/tests/unit/tests/query/verboseRewriteRules.php" line="621" assertions="2" time="0.175795"/>
        <testcase name="test_author_with_no_posts" class="Tests_Query_VerbosePageRules" classname="Tests_Query_VerbosePageRules" file="/var/www/html/test/wordpress_test/inpsyde_test/test/wp-content/plugins/plugintestslughere/tests/unit/tests/query/verboseRewriteRules.php" line="628" assertions="2" time="0.231488"/>
        <testcase name="test_ymd_feed" class="Tests_Query_VerbosePageRules" classname="Tests_Query_VerbosePageRules" file="/var/www/html/test/wordpress_test/inpsyde_test/test/wp-content/plugins/plugintestslughere/tests/unit/tests/query/verboseRewriteRules.php" line="636" assertions="40" time="0.297533"/>
        <testcase name="test_ymd_paged" class="Tests_Query_VerbosePageRules" classname="Tests_Query_VerbosePageRules" file="/var/www/html/test/wordpress_test/inpsyde_test/test/wp-content/plugins/plugintestslughere/tests/unit/tests/query/verboseRewriteRules.php" line="654" assertions="4" time="0.230089"/>
        <testcase name="test_ymd" class="Tests_Query_VerbosePageRules" classname="Tests_Query_VerbosePageRules" file="/var/www/html/test/wordpress_test/inpsyde_test/test/wp-content/plugins/plugintestslughere/tests/unit/tests/query/verboseRewriteRules.php" line="662" assertions="3" time="0.175358"/>
        <testcase name="test_ym_feed" class="Tests_Query_VerbosePageRules" classname="Tests_Query_VerbosePageRules" file="/var/www/html/test/wordpress_test/inpsyde_test/test/wp-content/plugins/plugintestslughere/tests/unit/tests/query/verboseRewriteRules.php" line="670" assertions="40" time="0.296620"/>
        <testcase name="test_ym_paged" class="Tests_Query_VerbosePageRules" classname="Tests_Query_VerbosePageRules" file="/var/www/html/test/wordpress_test/inpsyde_test/test/wp-content/plugins/plugintestslughere/tests/unit/tests/query/verboseRewriteRules.php" line="688" assertions="4" time="0.208871"/>
        <testcase name="test_ym" class="Tests_Query_VerbosePageRules" classname="Tests_Query_VerbosePageRules" file="/var/www/html/test/wordpress_test/inpsyde_test/test/wp-content/plugins/plugintestslughere/tests/unit/tests/query/verboseRewriteRules.php" line="696" assertions="3" time="0.175126"/>
        <testcase name="test_y_feed" class="Tests_Query_VerbosePageRules" classname="Tests_Query_VerbosePageRules" file="/var/www/html/test/wordpress_test/inpsyde_test/test/wp-content/plugins/plugintestslughere/tests/unit/tests/query/verboseRewriteRules.php" line="704" assertions="40" time="0.263195"/>
        <testcase name="test_y_paged" class="Tests_Query_VerbosePageRules" classname="Tests_Query_VerbosePageRules" file="/var/www/html/test/wordpress_test/inpsyde_test/test/wp-content/plugins/plugintestslughere/tests/unit/tests/query/verboseRewriteRules.php" line="722" assertions="4" time="0.154371"/>
        <testcase name="test_y" class="Tests_Query_VerbosePageRules" classname="Tests_Query_VerbosePageRules" file="/var/www/html/test/wordpress_test/inpsyde_test/test/wp-content/plugins/plugintestslughere/tests/unit/tests/query/verboseRewriteRules.php" line="730" assertions="3" time="0.186736"/>
        <testcase name="test_post_trackback" class="Tests_Query_VerbosePageRules" classname="Tests_Query_VerbosePageRules" file="/var/www/html/test/wordpress_test/inpsyde_test/test/wp-content/plugins/plugintestslughere/tests/unit/tests/query/verboseRewriteRules.php" line="737" assertions="3" time="0.175275"/>
        <testcase name="test_post_comment_feed" class="Tests_Query_VerbosePageRules" classname="Tests_Query_VerbosePageRules" file="/var/www/html/test/wordpress_test/inpsyde_test/test/wp-content/plugins/plugintestslughere/tests/unit/tests/query/verboseRewriteRules.php" line="746" assertions="40" time="0.264009"/>
        <testcase name="test_post_paged_short" class="Tests_Query_VerbosePageRules" classname="Tests_Query_VerbosePageRules" file="/var/www/html/test/wordpress_test/inpsyde_test/test/wp-content/plugins/plugintestslughere/tests/unit/tests/query/verboseRewriteRules.php" line="765" assertions="2" time="0.131136"/>
        <testcase name="test_post_attachment" class="Tests_Query_VerbosePageRules" classname="Tests_Query_VerbosePageRules" file="/var/www/html/test/wordpress_test/inpsyde_test/test/wp-content/plugins/plugintestslughere/tests/unit/tests/query/verboseRewriteRules.php" line="780" assertions="3" time="0.110180"/>
        <testcase name="test_bad_dates" class="Tests_Query_VerbosePageRules" classname="Tests_Query_VerbosePageRules" file="/var/www/html/test/wordpress_test/inpsyde_test/test/wp-content/plugins/plugintestslughere/tests/unit/tests/query/verboseRewriteRules.php" line="798" assertions="3" time="0.154884"/>
        <testcase name="test_post_type_archive_with_tax_query" class="Tests_Query_VerbosePageRules" classname="Tests_Query_VerbosePageRules" file="/var/www/html/test/wordpress_test/inpsyde_test/test/wp-content/plugins/plugintestslughere/tests/unit/tests/query/verboseRewriteRules.php" line="806" assertions="6" time="0.275378"/>
        <testcase name="test_post_type_array" class="Tests_Query_VerbosePageRules" classname="Tests_Query_VerbosePageRules" file="/var/www/html/test/wordpress_test/inpsyde_test/test/wp-content/plugins/plugintestslughere/tests/unit/tests/query/verboseRewriteRules.php" line="851" assertions="6" time="0.202814"/>
        <testcase name="test_is_single" class="Tests_Query_VerbosePageRules" classname="Tests_Query_VerbosePageRules" file="/var/www/html/test/wordpress_test/inpsyde_test/test/wp-content/plugins/plugintestslughere/tests/unit/tests/query/verboseRewriteRules.php" line="883" assertions="8" time="0.147820"/>
        <testcase name="test_is_single_with_parent" class="Tests_Query_VerbosePageRules" classname="Tests_Query_VerbosePageRules" file="/var/www/html/test/wordpress_test/inpsyde_test/test/wp-content/plugins/plugintestslughere/tests/unit/tests/query/verboseRewriteRules.php" line="903" assertions="13" time="0.164384"/>
        <testcase name="test_is_single_with_slug_that_begins_with_a_number_that_clashes_with_another_post_id" class="Tests_Query_VerbosePageRules" classname="Tests_Query_VerbosePageRules" file="/var/www/html/test/wordpress_test/inpsyde_test/test/wp-content/plugins/plugintestslughere/tests/unit/tests/query/verboseRewriteRules.php" line="957" assertions="4" time="0.208975"/>
        <testcase name="test_is_single_with_slug_that_clashes_with_attachment" class="Tests_Query_VerbosePageRules" classname="Tests_Query_VerbosePageRules" file="/var/www/html/test/wordpress_test/inpsyde_test/test/wp-content/plugins/plugintestslughere/tests/unit/tests/query/verboseRewriteRules.php" line="980" assertions="4" time="0.263966"/>
        <testcase name="test_is_single_with_attachment" class="Tests_Query_VerbosePageRules" classname="Tests_Query_VerbosePageRules" file="/var/www/html/test/wordpress_test/inpsyde_test/test/wp-content/plugins/plugintestslughere/tests/unit/tests/query/verboseRewriteRules.php" line="1010" assertions="3" time="0.263505"/>
        <testcase name="test_is_page" class="Tests_Query_VerbosePageRules" classname="Tests_Query_VerbosePageRules" file="/var/www/html/test/wordpress_test/inpsyde_test/test/wp-content/plugins/plugintestslughere/tests/unit/tests/query/verboseRewriteRules.php" line="1030" assertions="8" time="0.153348"/>
        <testcase name="test_is_page_with_parent" class="Tests_Query_VerbosePageRules" classname="Tests_Query_VerbosePageRules" file="/var/www/html/test/wordpress_test/inpsyde_test/test/wp-content/plugins/plugintestslughere/tests/unit/tests/query/verboseRewriteRules.php" line="1050" assertions="13" time="0.175343"/>
        <testcase name="test_is_attachment" class="Tests_Query_VerbosePageRules" classname="Tests_Query_VerbosePageRules" file="/var/www/html/test/wordpress_test/inpsyde_test/test/wp-content/plugins/plugintestslughere/tests/unit/tests/query/verboseRewriteRules.php" line="1084" assertions="9" time="0.142296"/>
        <testcase name="test_is_attachment_with_slug_that_begins_with_a_number_that_clashes_with_a_page_ID" class="Tests_Query_VerbosePageRules" classname="Tests_Query_VerbosePageRules" file="/var/www/html/test/wordpress_test/inpsyde_test/test/wp-content/plugins/plugintestslughere/tests/unit/tests/query/verboseRewriteRules.php" line="1105" assertions="4" time="0.208760"/>
        <testcase name="test_is_author_with_nicename_that_begins_with_a_number_that_clashes_with_another_author_id" class="Tests_Query_VerbosePageRules" classname="Tests_Query_VerbosePageRules" file="/var/www/html/test/wordpress_test/inpsyde_test/test/wp-content/plugins/plugintestslughere/tests/unit/tests/query/verboseRewriteRules.php" line="1129" assertions="4" time="0.274686"/>
        <testcase name="test_is_category_with_slug_that_begins_with_a_number_that_clashes_with_another_category_id" class="Tests_Query_VerbosePageRules" classname="Tests_Query_VerbosePageRules" file="/var/www/html/test/wordpress_test/inpsyde_test/test/wp-content/plugins/plugintestslughere/tests/unit/tests/query/verboseRewriteRules.php" line="1152" assertions="4" time="0.198495"/>
        <testcase name="test_is_tag_with_slug_that_begins_with_a_number_that_clashes_with_another_tag_id" class="Tests_Query_VerbosePageRules" classname="Tests_Query_VerbosePageRules" file="/var/www/html/test/wordpress_test/inpsyde_test/test/wp-content/plugins/plugintestslughere/tests/unit/tests/query/verboseRewriteRules.php" line="1175" assertions="4" time="0.140866"/>
        <testcase name="test_is_page_with_page_id_zero_and_random_page_slug" class="Tests_Query_VerbosePageRules" classname="Tests_Query_VerbosePageRules" file="/var/www/html/test/wordpress_test/inpsyde_test/test/wp-content/plugins/plugintestslughere/tests/unit/tests/query/verboseRewriteRules.php" line="1198" assertions="3" time="0.142566"/>
        <testcase name="test_is_page_with_page_slug_that_begins_with_a_number_that_clashes_with_a_page_ID" class="Tests_Query_VerbosePageRules" classname="Tests_Query_VerbosePageRules" file="/var/www/html/test/wordpress_test/inpsyde_test/test/wp-content/plugins/plugintestslughere/tests/unit/tests/query/verboseRewriteRules.php" line="1220" assertions="4" time="0.197998"/>
        <testcase name="test_is_page_template" class="Tests_Query_VerbosePageRules" classname="Tests_Query_VerbosePageRules" file="/var/www/html/test/wordpress_test/inpsyde_test/test/wp-content/plugins/plugintestslughere/tests/unit/tests/query/verboseRewriteRules.php" line="1241" assertions="1" time="0.142580"/>
        <testcase name="test_is_page_template_default" class="Tests_Query_VerbosePageRules" classname="Tests_Query_VerbosePageRules" file="/var/www/html/test/wordpress_test/inpsyde_test/test/wp-content/plugins/plugintestslughere/tests/unit/tests/query/verboseRewriteRules.php" line="1251" assertions="2" time="0.143050"/>
        <testcase name="test_is_page_template_array" class="Tests_Query_VerbosePageRules" classname="Tests_Query_VerbosePageRules" file="/var/www/html/test/wordpress_test/inpsyde_test/test/wp-content/plugins/plugintestslughere/tests/unit/tests/query/verboseRewriteRules.php" line="1261" assertions="2" time="0.141958"/>
        <testcase name="test_is_page_template_other_post_type" class="Tests_Query_VerbosePageRules" classname="Tests_Query_VerbosePageRules" file="/var/www/html/test/wordpress_test/inpsyde_test/test/wp-content/plugins/plugintestslughere/tests/unit/tests/query/verboseRewriteRules.php" line="1272" assertions="2" time="0.143089"/>
        <testcase name="test_is_page_template_not_singular" class="Tests_Query_VerbosePageRules" classname="Tests_Query_VerbosePageRules" file="/var/www/html/test/wordpress_test/inpsyde_test/test/wp-content/plugins/plugintestslughere/tests/unit/tests/query/verboseRewriteRules.php" line="1283" assertions="4" time="0.363070"/>
        <testcase name="test_is_attachment_should_not_match_numeric_id_to_post_title_beginning_with_id" class="Tests_Query_VerbosePageRules" classname="Tests_Query_VerbosePageRules" file="/var/www/html/test/wordpress_test/inpsyde_test/test/wp-content/plugins/plugintestslughere/tests/unit/tests/query/verboseRewriteRules.php" line="1309" assertions="2" time="0.219654"/>
        <testcase name="test_is_attachment_should_not_match_numeric_id_to_post_name_beginning_with_id" class="Tests_Query_VerbosePageRules" classname="Tests_Query_VerbosePageRules" file="/var/www/html/test/wordpress_test/inpsyde_test/test/wp-content/plugins/plugintestslughere/tests/unit/tests/query/verboseRewriteRules.php" line="1334" assertions="2" time="0.175034"/>
        <testcase name="test_is_author_should_not_match_numeric_id_to_nickname_beginning_with_id" class="Tests_Query_VerbosePageRules" classname="Tests_Query_VerbosePageRules" file="/var/www/html/test/wordpress_test/inpsyde_test/test/wp-content/plugins/plugintestslughere/tests/unit/tests/query/verboseRewriteRules.php" line="1359" assertions="2" time="0.209069"/>
        <testcase name="test_is_author_should_not_match_numeric_id_to_user_nicename_beginning_with_id" class="Tests_Query_VerbosePageRules" classname="Tests_Query_VerbosePageRules" file="/var/www/html/test/wordpress_test/inpsyde_test/test/wp-content/plugins/plugintestslughere/tests/unit/tests/query/verboseRewriteRules.php" line="1382" assertions="2" time="0.187580"/>
        <testcase name="test_is_category_should_not_match_numeric_id_to_name_beginning_with_id" class="Tests_Query_VerbosePageRules" classname="Tests_Query_VerbosePageRules" file="/var/www/html/test/wordpress_test/inpsyde_test/test/wp-content/plugins/plugintestslughere/tests/unit/tests/query/verboseRewriteRules.php" line="1405" assertions="2" time="0.197801"/>
        <testcase name="test_is_category_should_not_match_numeric_id_to_slug_beginning_with_id" class="Tests_Query_VerbosePageRules" classname="Tests_Query_VerbosePageRules" file="/var/www/html/test/wordpress_test/inpsyde_test/test/wp-content/plugins/plugintestslughere/tests/unit/tests/query/verboseRewriteRules.php" line="1430" assertions="2" time="0.164551"/>
        <testcase name="test_is_tag_should_not_match_numeric_id_to_name_beginning_with_id" class="Tests_Query_VerbosePageRules" classname="Tests_Query_VerbosePageRules" file="/var/www/html/test/wordpress_test/inpsyde_test/test/wp-content/plugins/plugintestslughere/tests/unit/tests/query/verboseRewriteRules.php" line="1455" assertions="2" time="0.153320"/>
        <testcase name="test_is_tag_should_not_match_numeric_id_to_slug_beginning_with_id" class="Tests_Query_VerbosePageRules" classname="Tests_Query_VerbosePageRules" file="/var/www/html/test/wordpress_test/inpsyde_test/test/wp-content/plugins/plugintestslughere/tests/unit/tests/query/verboseRewriteRules.php" line="1480" assertions="2" time="0.153266"/>
        <testcase name="test_is_page_should_not_match_numeric_id_to_post_title_beginning_with_id" class="Tests_Query_VerbosePageRules" classname="Tests_Query_VerbosePageRules" file="/var/www/html/test/wordpress_test/inpsyde_test/test/wp-content/plugins/plugintestslughere/tests/unit/tests/query/verboseRewriteRules.php" line="1505" assertions="2" time="0.131765"/>
        <testcase name="test_is_page_should_not_match_numeric_id_to_post_name_beginning_with_id" class="Tests_Query_VerbosePageRules" classname="Tests_Query_VerbosePageRules" file="/var/www/html/test/wordpress_test/inpsyde_test/test/wp-content/plugins/plugintestslughere/tests/unit/tests/query/verboseRewriteRules.php" line="1530" assertions="2" time="0.142780"/>
        <testcase name="test_is_single_should_not_match_numeric_id_to_post_title_beginning_with_id" class="Tests_Query_VerbosePageRules" classname="Tests_Query_VerbosePageRules" file="/var/www/html/test/wordpress_test/inpsyde_test/test/wp-content/plugins/plugintestslughere/tests/unit/tests/query/verboseRewriteRules.php" line="1555" assertions="2" time="0.263619"/>
        <testcase name="test_is_single_should_not_match_numeric_id_to_post_name_beginning_with_id" class="Tests_Query_VerbosePageRules" classname="Tests_Query_VerbosePageRules" file="/var/www/html/test/wordpress_test/inpsyde_test/test/wp-content/plugins/plugintestslughere/tests/unit/tests/query/verboseRewriteRules.php" line="1580" assertions="2" time="0.208333"/>
        <testcase name="test_is_privacy_policy" class="Tests_Query_VerbosePageRules" classname="Tests_Query_VerbosePageRules" file="/var/www/html/test/wordpress_test/inpsyde_test/test/wp-content/plugins/plugintestslughere/tests/unit/tests/query/verboseRewriteRules.php" line="1606" assertions="3" time="0.154230"/>
      </testsuite>
      <testsuite name="Tests_REST_API" file="/var/www/html/test/wordpress_test/inpsyde_test/test/wp-content/plugins/plugintestslughere/tests/unit/tests/rest-api.php" tests="201" assertions="274" errors="0" failures="0" skipped="0" time="11.795657">
        <testcase name="test_rest_api_active" class="Tests_REST_API" classname="Tests_REST_API" file="/var/www/html/test/wordpress_test/inpsyde_test/test/wp-content/plugins/plugintestslughere/tests/unit/tests/rest-api.php" line="33" assertions="4" time="0.073909"/>
        <testcase name="test_init_action_added" class="Tests_REST_API" classname="Tests_REST_API" file="/var/www/html/test/wordpress_test/inpsyde_test/test/wp-content/plugins/plugintestslughere/tests/unit/tests/rest-api.php" line="44" assertions="1" time="0.068912"/>
        <testcase name="test_add_extra_api_taxonomy_arguments" class="Tests_REST_API" classname="Tests_REST_API" file="/var/www/html/test/wordpress_test/inpsyde_test/test/wp-content/plugins/plugintestslughere/tests/unit/tests/rest-api.php" line="48" assertions="6" time="0.055982"/>
        <testcase name="test_add_extra_api_post_type_arguments" class="Tests_REST_API" classname="Tests_REST_API" file="/var/www/html/test/wordpress_test/inpsyde_test/test/wp-content/plugins/plugintestslughere/tests/unit/tests/rest-api.php" line="60" assertions="9" time="0.049947"/>
        <testcase name="test_route_canonicalized" class="Tests_REST_API" classname="Tests_REST_API" file="/var/www/html/test/wordpress_test/inpsyde_test/test/wp-content/plugins/plugintestslughere/tests/unit/tests/rest-api.php" line="82" assertions="9" time="0.069076"/>
        <testcase name="test_route_canonicalized_multiple" class="Tests_REST_API" classname="Tests_REST_API" file="/var/www/html/test/wordpress_test/inpsyde_test/test/wp-content/plugins/plugintestslughere/tests/unit/tests/rest-api.php" line="118" assertions="11" time="0.043562"/>
        <testcase name="test_route_merge" class="Tests_REST_API" classname="Tests_REST_API" file="/var/www/html/test/wordpress_test/inpsyde_test/test/wp-content/plugins/plugintestslughere/tests/unit/tests/rest-api.php" line="161" assertions="1" time="0.044661"/>
        <testcase name="test_route_override" class="Tests_REST_API" classname="Tests_REST_API" file="/var/www/html/test/wordpress_test/inpsyde_test/test/wp-content/plugins/plugintestslughere/tests/unit/tests/rest-api.php" line="190" assertions="3" time="0.044573"/>
        <testcase name="test_route_reject_empty_namespace" class="Tests_REST_API" classname="Tests_REST_API" file="/var/www/html/test/wordpress_test/inpsyde_test/test/wp-content/plugins/plugintestslughere/tests/unit/tests/rest-api.php" line="228" assertions="2" time="0.045974"/>
        <testcase name="test_route_reject_empty_route" class="Tests_REST_API" classname="Tests_REST_API" file="/var/www/html/test/wordpress_test/inpsyde_test/test/wp-content/plugins/plugintestslughere/tests/unit/tests/rest-api.php" line="248" assertions="2" time="0.045612"/>
        <testcase name="test_rest_route_query_var" class="Tests_REST_API" classname="Tests_REST_API" file="/var/www/html/test/wordpress_test/inpsyde_test/test/wp-content/plugins/plugintestslughere/tests/unit/tests/rest-api.php" line="266" assertions="1" time="0.049097"/>
        <testcase name="test_route_method" class="Tests_REST_API" classname="Tests_REST_API" file="/var/www/html/test/wordpress_test/inpsyde_test/test/wp-content/plugins/plugintestslughere/tests/unit/tests/rest-api.php" line="271" assertions="1" time="0.058844"/>
        <testcase name="test_route_method_string" class="Tests_REST_API" classname="Tests_REST_API" file="/var/www/html/test/wordpress_test/inpsyde_test/test/wp-content/plugins/plugintestslughere/tests/unit/tests/rest-api.php" line="290" assertions="1" time="0.097468"/>
        <testcase name="test_route_method_array" class="Tests_REST_API" classname="Tests_REST_API" file="/var/www/html/test/wordpress_test/inpsyde_test/test/wp-content/plugins/plugintestslughere/tests/unit/tests/rest-api.php" line="309" assertions="1" time="0.068816"/>
        <testcase name="test_route_method_comma_separated" class="Tests_REST_API" classname="Tests_REST_API" file="/var/www/html/test/wordpress_test/inpsyde_test/test/wp-content/plugins/plugintestslughere/tests/unit/tests/rest-api.php" line="334" assertions="1" time="0.064752"/>
        <testcase name="test_options_request" class="Tests_REST_API" classname="Tests_REST_API" file="/var/www/html/test/wordpress_test/inpsyde_test/test/wp-content/plugins/plugintestslughere/tests/unit/tests/rest-api.php" line="356" assertions="2" time="0.053494"/>
        <testcase name="test_options_request_not_options" class="Tests_REST_API" classname="Tests_REST_API" file="/var/www/html/test/wordpress_test/inpsyde_test/test/wp-content/plugins/plugintestslughere/tests/unit/tests/rest-api.php" line="379" assertions="1" time="0.048418"/>
        <testcase name="test_rest_filter_response_fields_no_request_filter" class="Tests_REST_API" classname="Tests_REST_API" file="/var/www/html/test/wordpress_test/inpsyde_test/test/wp-content/plugins/plugintestslughere/tests/unit/tests/rest-api.php" line="399" assertions="1" time="0.044680"/>
        <testcase name="test_rest_filter_response_fields_single_field_filter" class="Tests_REST_API" classname="Tests_REST_API" file="/var/www/html/test/wordpress_test/inpsyde_test/test/wp-content/plugins/plugintestslughere/tests/unit/tests/rest-api.php" line="411" assertions="1" time="0.044959"/>
        <testcase name="test_rest_filter_response_fields_multi_field_filter" class="Tests_REST_API" classname="Tests_REST_API" file="/var/www/html/test/wordpress_test/inpsyde_test/test/wp-content/plugins/plugintestslughere/tests/unit/tests/rest-api.php" line="431" assertions="1" time="0.068662"/>
        <testcase name="test_rest_filter_response_fields_multi_field_filter_array" class="Tests_REST_API" classname="Tests_REST_API" file="/var/www/html/test/wordpress_test/inpsyde_test/test/wp-content/plugins/plugintestslughere/tests/unit/tests/rest-api.php" line="462" assertions="1" time="0.042824"/>
        <testcase name="test_rest_filter_response_fields_numeric_array" class="Tests_REST_API" classname="Tests_REST_API" file="/var/www/html/test/wordpress_test/inpsyde_test/test/wp-content/plugins/plugintestslughere/tests/unit/tests/rest-api.php" line="493" assertions="1" time="0.042418"/>
        <testcase name="test_rest_filter_response_fields_nested_field_filter" class="Tests_REST_API" classname="Tests_REST_API" file="/var/www/html/test/wordpress_test/inpsyde_test/test/wp-content/plugins/plugintestslughere/tests/unit/tests/rest-api.php" line="543" assertions="1" time="0.041992"/>
        <testcase name="test_rest_filter_response_fields_deeply_nested_field_filter" class="Tests_REST_API" classname="Tests_REST_API" file="/var/www/html/test/wordpress_test/inpsyde_test/test/wp-content/plugins/plugintestslughere/tests/unit/tests/rest-api.php" line="584" assertions="1" time="0.045048"/>
        <testcase name="test_rest_filter_response_fields_top_level_key" class="Tests_REST_API" classname="Tests_REST_API" file="/var/www/html/test/wordpress_test/inpsyde_test/test/wp-content/plugins/plugintestslughere/tests/unit/tests/rest-api.php" line="626" assertions="1" time="0.050340"/>
        <testcase name="test_rest_filter_response_fields_child_after_parent" class="Tests_REST_API" classname="Tests_REST_API" file="/var/www/html/test/wordpress_test/inpsyde_test/test/wp-content/plugins/plugintestslughere/tests/unit/tests/rest-api.php" line="658" assertions="1" time="0.043323"/>
        <testcase name="test_rest_filter_response_fields_include_all_specified_siblings" class="Tests_REST_API" classname="Tests_REST_API" file="/var/www/html/test/wordpress_test/inpsyde_test/test/wp-content/plugins/plugintestslughere/tests/unit/tests/rest-api.php" line="690" assertions="1" time="0.043182"/>
        <testcase name="test_rest_is_field_included" class="Tests_REST_API" classname="Tests_REST_API" file="/var/www/html/test/wordpress_test/inpsyde_test/test/wp-content/plugins/plugintestslughere/tests/unit/tests/rest-api.php" line="720" assertions="11" time="0.069727"/>
        <testcase name="test_rest_url_generation" class="Tests_REST_API" classname="Tests_REST_API" file="/var/www/html/test/wordpress_test/inpsyde_test/test/wp-content/plugins/plugintestslughere/tests/unit/tests/rest-api.php" line="745" assertions="3" time="0.629377"/>
        <testcase name="test_rest_url_scheme" class="Tests_REST_API" classname="Tests_REST_API" file="/var/www/html/test/wordpress_test/inpsyde_test/test/wp-content/plugins/plugintestslughere/tests/unit/tests/rest-api.php" line="762" assertions="6" time="0.131281"/>
        <testcase name="test_always_prepend_path_with_slash_in_rest_url_filter" class="Tests_REST_API" classname="Tests_REST_API" file="/var/www/html/test/wordpress_test/inpsyde_test/test/wp-content/plugins/plugintestslughere/tests/unit/tests/rest-api.php" line="803" assertions="3" time="0.078368"/>
        <testsuite name="Tests_REST_API::test_jsonp_callback_check" tests="10" assertions="10" errors="0" failures="0" skipped="0" time="0.505725">
          <testcase name="test_jsonp_callback_check with data set #0" class="Tests_REST_API" classname="Tests_REST_API" file="/var/www/html/test/wordpress_test/inpsyde_test/test/wp-content/plugins/plugintestslughere/tests/unit/tests/rest-api.php" line="848" assertions="1" time="0.057319"/>
          <testcase name="test_jsonp_callback_check with data set #1" class="Tests_REST_API" classname="Tests_REST_API" file="/var/www/html/test/wordpress_test/inpsyde_test/test/wp-content/plugins/plugintestslughere/tests/unit/tests/rest-api.php" line="848" assertions="1" time="0.047896"/>
          <testcase name="test_jsonp_callback_check with data set #2" class="Tests_REST_API" classname="Tests_REST_API" file="/var/www/html/test/wordpress_test/inpsyde_test/test/wp-content/plugins/plugintestslughere/tests/unit/tests/rest-api.php" line="848" assertions="1" time="0.043910"/>
          <testcase name="test_jsonp_callback_check with data set #3" class="Tests_REST_API" classname="Tests_REST_API" file="/var/www/html/test/wordpress_test/inpsyde_test/test/wp-content/plugins/plugintestslughere/tests/unit/tests/rest-api.php" line="848" assertions="1" time="0.042859"/>
          <testcase name="test_jsonp_callback_check with data set #4" class="Tests_REST_API" classname="Tests_REST_API" file="/var/www/html/test/wordpress_test/inpsyde_test/test/wp-content/plugins/plugintestslughere/tests/unit/tests/rest-api.php" line="848" assertions="1" time="0.069493"/>
          <testcase name="test_jsonp_callback_check with data set #5" class="Tests_REST_API" classname="Tests_REST_API" file="/var/www/html/test/wordpress_test/inpsyde_test/test/wp-content/plugins/plugintestslughere/tests/unit/tests/rest-api.php" line="848" assertions="1" time="0.043063"/>
          <testcase name="test_jsonp_callback_check with data set #6" class="Tests_REST_API" classname="Tests_REST_API" file="/var/www/html/test/wordpress_test/inpsyde_test/test/wp-content/plugins/plugintestslughere/tests/unit/tests/rest-api.php" line="848" assertions="1" time="0.042785"/>
          <testcase name="test_jsonp_callback_check with data set #7" class="Tests_REST_API" classname="Tests_REST_API" file="/var/www/html/test/wordpress_test/inpsyde_test/test/wp-content/plugins/plugintestslughere/tests/unit/tests/rest-api.php" line="848" assertions="1" time="0.046020"/>
          <testcase name="test_jsonp_callback_check with data set #8" class="Tests_REST_API" classname="Tests_REST_API" file="/var/www/html/test/wordpress_test/inpsyde_test/test/wp-content/plugins/plugintestslughere/tests/unit/tests/rest-api.php" line="848" assertions="1" time="0.057171"/>
          <testcase name="test_jsonp_callback_check with data set #9" class="Tests_REST_API" classname="Tests_REST_API" file="/var/www/html/test/wordpress_test/inpsyde_test/test/wp-content/plugins/plugintestslughere/tests/unit/tests/rest-api.php" line="848" assertions="1" time="0.055209"/>
        </testsuite>
        <testsuite name="Tests_REST_API::test_rest_parse_date" tests="15" assertions="15" errors="0" failures="0" skipped="0" time="0.805357">
          <testcase name="test_rest_parse_date with data set #0" class="Tests_REST_API" classname="Tests_REST_API" file="/var/www/html/test/wordpress_test/inpsyde_test/test/wp-content/plugins/plugintestslughere/tests/unit/tests/rest-api.php" line="880" assertions="1" time="0.049000"/>
          <testcase name="test_rest_parse_date with data set #1" class="Tests_REST_API" classname="Tests_REST_API" file="/var/www/html/test/wordpress_test/inpsyde_test/test/wp-content/plugins/plugintestslughere/tests/unit/tests/rest-api.php" line="880" assertions="1" time="0.043298"/>
          <testcase name="test_rest_parse_date with data set #2" class="Tests_REST_API" classname="Tests_REST_API" file="/var/www/html/test/wordpress_test/inpsyde_test/test/wp-content/plugins/plugintestslughere/tests/unit/tests/rest-api.php" line="880" assertions="1" time="0.070430"/>
          <testcase name="test_rest_parse_date with data set #3" class="Tests_REST_API" classname="Tests_REST_API" file="/var/www/html/test/wordpress_test/inpsyde_test/test/wp-content/plugins/plugintestslughere/tests/unit/tests/rest-api.php" line="880" assertions="1" time="0.043541"/>
          <testcase name="test_rest_parse_date with data set #4" class="Tests_REST_API" classname="Tests_REST_API" file="/var/www/html/test/wordpress_test/inpsyde_test/test/wp-content/plugins/plugintestslughere/tests/unit/tests/rest-api.php" line="880" assertions="1" time="0.042159"/>
          <testcase name="test_rest_parse_date with data set #5" class="Tests_REST_API" classname="Tests_REST_API" file="/var/www/html/test/wordpress_test/inpsyde_test/test/wp-content/plugins/plugintestslughere/tests/unit/tests/rest-api.php" line="880" assertions="1" time="0.042257"/>
          <testcase name="test_rest_parse_date with data set #6" class="Tests_REST_API" classname="Tests_REST_API" file="/var/www/html/test/wordpress_test/inpsyde_test/test/wp-content/plugins/plugintestslughere/tests/unit/tests/rest-api.php" line="880" assertions="1" time="0.042109"/>
          <testcase name="test_rest_parse_date with data set #7" class="Tests_REST_API" classname="Tests_REST_API" file="/var/www/html/test/wordpress_test/inpsyde_test/test/wp-content/plugins/plugintestslughere/tests/unit/tests/rest-api.php" line="880" assertions="1" time="0.048753"/>
          <testcase name="test_rest_parse_date with data set #8" class="Tests_REST_API" classname="Tests_REST_API" file="/var/www/html/test/wordpress_test/inpsyde_test/test/wp-content/plugins/plugintestslughere/tests/unit/tests/rest-api.php" line="880" assertions="1" time="0.048836"/>
          <testcase name="test_rest_parse_date with data set #9" class="Tests_REST_API" classname="Tests_REST_API" file="/var/www/html/test/wordpress_test/inpsyde_test/test/wp-content/plugins/plugintestslughere/tests/unit/tests/rest-api.php" line="880" assertions="1" time="0.052442"/>
          <testcase name="test_rest_parse_date with data set #10" class="Tests_REST_API" classname="Tests_REST_API" file="/var/www/html/test/wordpress_test/inpsyde_test/test/wp-content/plugins/plugintestslughere/tests/unit/tests/rest-api.php" line="880" assertions="1" time="0.101867"/>
          <testcase name="test_rest_parse_date with data set #11" class="Tests_REST_API" classname="Tests_REST_API" file="/var/www/html/test/wordpress_test/inpsyde_test/test/wp-content/plugins/plugintestslughere/tests/unit/tests/rest-api.php" line="880" assertions="1" time="0.051067"/>
          <testcase name="test_rest_parse_date with data set #12" class="Tests_REST_API" classname="Tests_REST_API" file="/var/www/html/test/wordpress_test/inpsyde_test/test/wp-content/plugins/plugintestslughere/tests/unit/tests/rest-api.php" line="880" assertions="1" time="0.066874"/>
          <testcase name="test_rest_parse_date with data set #13" class="Tests_REST_API" classname="Tests_REST_API" file="/var/www/html/test/wordpress_test/inpsyde_test/test/wp-content/plugins/plugintestslughere/tests/unit/tests/rest-api.php" line="880" assertions="1" time="0.053748"/>
          <testcase name="test_rest_parse_date with data set #14" class="Tests_REST_API" classname="Tests_REST_API" file="/var/www/html/test/wordpress_test/inpsyde_test/test/wp-content/plugins/plugintestslughere/tests/unit/tests/rest-api.php" line="880" assertions="1" time="0.048977"/>
        </testsuite>
        <testsuite name="Tests_REST_API::test_rest_parse_date_force_utc" tests="15" assertions="15" errors="0" failures="0" skipped="0" time="0.723448">
          <testcase name="test_rest_parse_date_force_utc with data set #0" class="Tests_REST_API" classname="Tests_REST_API" file="/var/www/html/test/wordpress_test/inpsyde_test/test/wp-content/plugins/plugintestslughere/tests/unit/tests/rest-api.php" line="912" assertions="1" time="0.043481"/>
          <testcase name="test_rest_parse_date_force_utc with data set #1" class="Tests_REST_API" classname="Tests_REST_API" file="/var/www/html/test/wordpress_test/inpsyde_test/test/wp-content/plugins/plugintestslughere/tests/unit/tests/rest-api.php" line="912" assertions="1" time="0.045538"/>
          <testcase name="test_rest_parse_date_force_utc with data set #2" class="Tests_REST_API" classname="Tests_REST_API" file="/var/www/html/test/wordpress_test/inpsyde_test/test/wp-content/plugins/plugintestslughere/tests/unit/tests/rest-api.php" line="912" assertions="1" time="0.044658"/>
          <testcase name="test_rest_parse_date_force_utc with data set #3" class="Tests_REST_API" classname="Tests_REST_API" file="/var/www/html/test/wordpress_test/inpsyde_test/test/wp-content/plugins/plugintestslughere/tests/unit/tests/rest-api.php" line="912" assertions="1" time="0.072020"/>
          <testcase name="test_rest_parse_date_force_utc with data set #4" class="Tests_REST_API" classname="Tests_REST_API" file="/var/www/html/test/wordpress_test/inpsyde_test/test/wp-content/plugins/plugintestslughere/tests/unit/tests/rest-api.php" line="912" assertions="1" time="0.050321"/>
          <testcase name="test_rest_parse_date_force_utc with data set #5" class="Tests_REST_API" classname="Tests_REST_API" file="/var/www/html/test/wordpress_test/inpsyde_test/test/wp-content/plugins/plugintestslughere/tests/unit/tests/rest-api.php" line="912" assertions="1" time="0.048359"/>
          <testcase name="test_rest_parse_date_force_utc with data set #6" class="Tests_REST_API" classname="Tests_REST_API" file="/var/www/html/test/wordpress_test/inpsyde_test/test/wp-content/plugins/plugintestslughere/tests/unit/tests/rest-api.php" line="912" assertions="1" time="0.043698"/>
          <testcase name="test_rest_parse_date_force_utc with data set #7" class="Tests_REST_API" classname="Tests_REST_API" file="/var/www/html/test/wordpress_test/inpsyde_test/test/wp-content/plugins/plugintestslughere/tests/unit/tests/rest-api.php" line="912" assertions="1" time="0.043752"/>
          <testcase name="test_rest_parse_date_force_utc with data set #8" class="Tests_REST_API" classname="Tests_REST_API" file="/var/www/html/test/wordpress_test/inpsyde_test/test/wp-content/plugins/plugintestslughere/tests/unit/tests/rest-api.php" line="912" assertions="1" time="0.042384"/>
          <testcase name="test_rest_parse_date_force_utc with data set #9" class="Tests_REST_API" classname="Tests_REST_API" file="/var/www/html/test/wordpress_test/inpsyde_test/test/wp-content/plugins/plugintestslughere/tests/unit/tests/rest-api.php" line="912" assertions="1" time="0.042376"/>
          <testcase name="test_rest_parse_date_force_utc with data set #10" class="Tests_REST_API" classname="Tests_REST_API" file="/var/www/html/test/wordpress_test/inpsyde_test/test/wp-content/plugins/plugintestslughere/tests/unit/tests/rest-api.php" line="912" assertions="1" time="0.041919"/>
          <testcase name="test_rest_parse_date_force_utc with data set #11" class="Tests_REST_API" classname="Tests_REST_API" file="/var/www/html/test/wordpress_test/inpsyde_test/test/wp-content/plugins/plugintestslughere/tests/unit/tests/rest-api.php" line="912" assertions="1" time="0.071033"/>
          <testcase name="test_rest_parse_date_force_utc with data set #12" class="Tests_REST_API" classname="Tests_REST_API" file="/var/www/html/test/wordpress_test/inpsyde_test/test/wp-content/plugins/plugintestslughere/tests/unit/tests/rest-api.php" line="912" assertions="1" time="0.044620"/>
          <testcase name="test_rest_parse_date_force_utc with data set #13" class="Tests_REST_API" classname="Tests_REST_API" file="/var/www/html/test/wordpress_test/inpsyde_test/test/wp-content/plugins/plugintestslughere/tests/unit/tests/rest-api.php" line="912" assertions="1" time="0.046658"/>
          <testcase name="test_rest_parse_date_force_utc with data set #14" class="Tests_REST_API" classname="Tests_REST_API" file="/var/www/html/test/wordpress_test/inpsyde_test/test/wp-content/plugins/plugintestslughere/tests/unit/tests/rest-api.php" line="912" assertions="1" time="0.042631"/>
        </testsuite>
        <testcase name="test_register_rest_route_without_server" class="Tests_REST_API" classname="Tests_REST_API" file="/var/www/html/test/wordpress_test/inpsyde_test/test/wp-content/plugins/plugintestslughere/tests/unit/tests/rest-api.php" line="920" assertions="1" time="0.085208"/>
        <testcase name="test_rest_preload_api_request_with_method" class="Tests_REST_API" classname="Tests_REST_API" file="/var/www/html/test/wordpress_test/inpsyde_test/test/wp-content/plugins/plugintestslughere/tests/unit/tests/rest-api.php" line="938" assertions="2" time="0.081083"/>
        <testcase name="test_rest_ensure_request_accepts_path_string" class="Tests_REST_API" classname="Tests_REST_API" file="/var/www/html/test/wordpress_test/inpsyde_test/test/wp-content/plugins/plugintestslughere/tests/unit/tests/rest-api.php" line="962" assertions="3" time="0.072774"/>
        <testsuite name="Tests_REST_API::test_rest_parse_embed_param" tests="15" assertions="15" errors="0" failures="0" skipped="0" time="0.678311">
          <testcase name="test_rest_parse_embed_param with data set #0" class="Tests_REST_API" classname="Tests_REST_API" file="/var/www/html/test/wordpress_test/inpsyde_test/test/wp-content/plugins/plugintestslughere/tests/unit/tests/rest-api.php" line="972" assertions="1" time="0.043196"/>
          <testcase name="test_rest_parse_embed_param with data set #1" class="Tests_REST_API" classname="Tests_REST_API" file="/var/www/html/test/wordpress_test/inpsyde_test/test/wp-content/plugins/plugintestslughere/tests/unit/tests/rest-api.php" line="972" assertions="1" time="0.043054"/>
          <testcase name="test_rest_parse_embed_param with data set #2" class="Tests_REST_API" classname="Tests_REST_API" file="/var/www/html/test/wordpress_test/inpsyde_test/test/wp-content/plugins/plugintestslughere/tests/unit/tests/rest-api.php" line="972" assertions="1" time="0.043028"/>
          <testcase name="test_rest_parse_embed_param with data set #3" class="Tests_REST_API" classname="Tests_REST_API" file="/var/www/html/test/wordpress_test/inpsyde_test/test/wp-content/plugins/plugintestslughere/tests/unit/tests/rest-api.php" line="972" assertions="1" time="0.044551"/>
          <testcase name="test_rest_parse_embed_param with data set #4" class="Tests_REST_API" classname="Tests_REST_API" file="/var/www/html/test/wordpress_test/inpsyde_test/test/wp-content/plugins/plugintestslughere/tests/unit/tests/rest-api.php" line="972" assertions="1" time="0.044042"/>
          <testcase name="test_rest_parse_embed_param with data set #5" class="Tests_REST_API" classname="Tests_REST_API" file="/var/www/html/test/wordpress_test/inpsyde_test/test/wp-content/plugins/plugintestslughere/tests/unit/tests/rest-api.php" line="972" assertions="1" time="0.043600"/>
          <testcase name="test_rest_parse_embed_param with data set #6" class="Tests_REST_API" classname="Tests_REST_API" file="/var/www/html/test/wordpress_test/inpsyde_test/test/wp-content/plugins/plugintestslughere/tests/unit/tests/rest-api.php" line="972" assertions="1" time="0.044090"/>
          <testcase name="test_rest_parse_embed_param with data set #7" class="Tests_REST_API" classname="Tests_REST_API" file="/var/www/html/test/wordpress_test/inpsyde_test/test/wp-content/plugins/plugintestslughere/tests/unit/tests/rest-api.php" line="972" assertions="1" time="0.070990"/>
          <testcase name="test_rest_parse_embed_param with data set #8" class="Tests_REST_API" classname="Tests_REST_API" file="/var/www/html/test/wordpress_test/inpsyde_test/test/wp-content/plugins/plugintestslughere/tests/unit/tests/rest-api.php" line="972" assertions="1" time="0.045146"/>
          <testcase name="test_rest_parse_embed_param with data set #9" class="Tests_REST_API" classname="Tests_REST_API" file="/var/www/html/test/wordpress_test/inpsyde_test/test/wp-content/plugins/plugintestslughere/tests/unit/tests/rest-api.php" line="972" assertions="1" time="0.042882"/>
          <testcase name="test_rest_parse_embed_param with data set #10" class="Tests_REST_API" classname="Tests_REST_API" file="/var/www/html/test/wordpress_test/inpsyde_test/test/wp-content/plugins/plugintestslughere/tests/unit/tests/rest-api.php" line="972" assertions="1" time="0.042462"/>
          <testcase name="test_rest_parse_embed_param with data set #11" class="Tests_REST_API" classname="Tests_REST_API" file="/var/www/html/test/wordpress_test/inpsyde_test/test/wp-content/plugins/plugintestslughere/tests/unit/tests/rest-api.php" line="972" assertions="1" time="0.043201"/>
          <testcase name="test_rest_parse_embed_param with data set #12" class="Tests_REST_API" classname="Tests_REST_API" file="/var/www/html/test/wordpress_test/inpsyde_test/test/wp-content/plugins/plugintestslughere/tests/unit/tests/rest-api.php" line="972" assertions="1" time="0.043253"/>
          <testcase name="test_rest_parse_embed_param with data set #13" class="Tests_REST_API" classname="Tests_REST_API" file="/var/www/html/test/wordpress_test/inpsyde_test/test/wp-content/plugins/plugintestslughere/tests/unit/tests/rest-api.php" line="972" assertions="1" time="0.042486"/>
          <testcase name="test_rest_parse_embed_param with data set #14" class="Tests_REST_API" classname="Tests_REST_API" file="/var/www/html/test/wordpress_test/inpsyde_test/test/wp-content/plugins/plugintestslughere/tests/unit/tests/rest-api.php" line="972" assertions="1" time="0.042330"/>
        </testsuite>
        <testsuite name="Tests_REST_API::test_rest_filter_response_by_context" tests="14" assertions="14" errors="0" failures="0" skipped="0" time="0.688678">
          <testcase name="test_rest_filter_response_by_context with data set &quot;default&quot;" class="Tests_REST_API" classname="Tests_REST_API" file="/var/www/html/test/wordpress_test/inpsyde_test/test/wp-content/plugins/plugintestslughere/tests/unit/tests/rest-api.php" line="1001" assertions="1" time="0.070824"/>
          <testcase name="test_rest_filter_response_by_context with data set &quot;keeps missing context&quot;" class="Tests_REST_API" classname="Tests_REST_API" file="/var/www/html/test/wordpress_test/inpsyde_test/test/wp-content/plugins/plugintestslughere/tests/unit/tests/rest-api.php" line="1001" assertions="1" time="0.045101"/>
          <testcase name="test_rest_filter_response_by_context with data set &quot;removes empty context&quot;" class="Tests_REST_API" classname="Tests_REST_API" file="/var/www/html/test/wordpress_test/inpsyde_test/test/wp-content/plugins/plugintestslughere/tests/unit/tests/rest-api.php" line="1001" assertions="1" time="0.044279"/>
          <testcase name="test_rest_filter_response_by_context with data set &quot;nested properties&quot;" class="Tests_REST_API" classname="Tests_REST_API" file="/var/www/html/test/wordpress_test/inpsyde_test/test/wp-content/plugins/plugintestslughere/tests/unit/tests/rest-api.php" line="1001" assertions="1" time="0.044541"/>
          <testcase name="test_rest_filter_response_by_context with data set &quot;grand child properties&quot;" class="Tests_REST_API" classname="Tests_REST_API" file="/var/www/html/test/wordpress_test/inpsyde_test/test/wp-content/plugins/plugintestslughere/tests/unit/tests/rest-api.php" line="1001" assertions="1" time="0.042686"/>
          <testcase name="test_rest_filter_response_by_context with data set &quot;array&quot;" class="Tests_REST_API" classname="Tests_REST_API" file="/var/www/html/test/wordpress_test/inpsyde_test/test/wp-content/plugins/plugintestslughere/tests/unit/tests/rest-api.php" line="1001" assertions="1" time="0.042682"/>
          <testcase name="test_rest_filter_response_by_context with data set &quot;additional properties&quot;" class="Tests_REST_API" classname="Tests_REST_API" file="/var/www/html/test/wordpress_test/inpsyde_test/test/wp-content/plugins/plugintestslughere/tests/unit/tests/rest-api.php" line="1001" assertions="1" time="0.043366"/>
          <testcase name="test_rest_filter_response_by_context with data set &quot;multiple types object&quot;" class="Tests_REST_API" classname="Tests_REST_API" file="/var/www/html/test/wordpress_test/inpsyde_test/test/wp-content/plugins/plugintestslughere/tests/unit/tests/rest-api.php" line="1001" assertions="1" time="0.042549"/>
          <testcase name="test_rest_filter_response_by_context with data set &quot;multiple types array&quot;" class="Tests_REST_API" classname="Tests_REST_API" file="/var/www/html/test/wordpress_test/inpsyde_test/test/wp-content/plugins/plugintestslughere/tests/unit/tests/rest-api.php" line="1001" assertions="1" time="0.070199"/>
          <testcase name="test_rest_filter_response_by_context with data set &quot;does not traverse missing context&quot;" class="Tests_REST_API" classname="Tests_REST_API" file="/var/www/html/test/wordpress_test/inpsyde_test/test/wp-content/plugins/plugintestslughere/tests/unit/tests/rest-api.php" line="1001" assertions="1" time="0.042403"/>
          <testcase name="test_rest_filter_response_by_context with data set &quot;object with no matching properties&quot;" class="Tests_REST_API" classname="Tests_REST_API" file="/var/www/html/test/wordpress_test/inpsyde_test/test/wp-content/plugins/plugintestslughere/tests/unit/tests/rest-api.php" line="1001" assertions="1" time="0.056544"/>
          <testcase name="test_rest_filter_response_by_context with data set &quot;array whose type does not match&quot;" class="Tests_REST_API" classname="Tests_REST_API" file="/var/www/html/test/wordpress_test/inpsyde_test/test/wp-content/plugins/plugintestslughere/tests/unit/tests/rest-api.php" line="1001" assertions="1" time="0.054711"/>
          <testcase name="test_rest_filter_response_by_context with data set &quot;array and object type passed object&quot;" class="Tests_REST_API" classname="Tests_REST_API" file="/var/www/html/test/wordpress_test/inpsyde_test/test/wp-content/plugins/plugintestslughere/tests/unit/tests/rest-api.php" line="1001" assertions="1" time="0.046012"/>
          <testcase name="test_rest_filter_response_by_context with data set &quot;array and object type passed array&quot;" class="Tests_REST_API" classname="Tests_REST_API" file="/var/www/html/test/wordpress_test/inpsyde_test/test/wp-content/plugins/plugintestslughere/tests/unit/tests/rest-api.php" line="1001" assertions="1" time="0.042781"/>
        </testsuite>
        <testcase name="test_register_route_with_invalid_namespace" class="Tests_REST_API" classname="Tests_REST_API" file="/var/www/html/test/wordpress_test/inpsyde_test/test/wp-content/plugins/plugintestslughere/tests/unit/tests/rest-api.php" line="1008" assertions="3" time="0.042875"/>
        <testcase name="test_register_route_with_missing_permission_callback_top_level_route" class="Tests_REST_API" classname="Tests_REST_API" file="/var/www/html/test/wordpress_test/inpsyde_test/test/wp-content/plugins/plugintestslughere/tests/unit/tests/rest-api.php" line="1029" assertions="2" time="0.071109"/>
        <testcase name="test_register_route_with_missing_permission_callback_single_wrapped_route" class="Tests_REST_API" classname="Tests_REST_API" file="/var/www/html/test/wordpress_test/inpsyde_test/test/wp-content/plugins/plugintestslughere/tests/unit/tests/rest-api.php" line="1046" assertions="2" time="0.044248"/>
        <testcase name="test_register_route_with_missing_permission_callback_multiple_wrapped_route" class="Tests_REST_API" classname="Tests_REST_API" file="/var/www/html/test/wordpress_test/inpsyde_test/test/wp-content/plugins/plugintestslughere/tests/unit/tests/rest-api.php" line="1066" assertions="2" time="0.043310"/>
        <testcase name="test_rest_ensure_response_accepts_wp_error_and_returns_wp_error" class="Tests_REST_API" classname="Tests_REST_API" file="/var/www/html/test/wordpress_test/inpsyde_test/test/wp-content/plugins/plugintestslughere/tests/unit/tests/rest-api.php" line="1517" assertions="1" time="0.043517"/>
        <testsuite name="Tests_REST_API::test_rest_ensure_response_returns_instance_of_wp_rest_response" tests="7" assertions="14" errors="0" failures="0" skipped="0" time="0.353802">
          <testcase name="test_rest_ensure_response_returns_instance_of_wp_rest_response with data set #0" class="Tests_REST_API" classname="Tests_REST_API" file="/var/www/html/test/wordpress_test/inpsyde_test/test/wp-content/plugins/plugintestslughere/tests/unit/tests/rest-api.php" line="1528" assertions="2" time="0.042582"/>
          <testcase name="test_rest_ensure_response_returns_instance_of_wp_rest_response with data set #1" class="Tests_REST_API" classname="Tests_REST_API" file="/var/www/html/test/wordpress_test/inpsyde_test/test/wp-content/plugins/plugintestslughere/tests/unit/tests/rest-api.php" line="1528" assertions="2" time="0.042107"/>
          <testcase name="test_rest_ensure_response_returns_instance_of_wp_rest_response with data set #2" class="Tests_REST_API" classname="Tests_REST_API" file="/var/www/html/test/wordpress_test/inpsyde_test/test/wp-content/plugins/plugintestslughere/tests/unit/tests/rest-api.php" line="1528" assertions="2" time="0.042551"/>
          <testcase name="test_rest_ensure_response_returns_instance_of_wp_rest_response with data set #3" class="Tests_REST_API" classname="Tests_REST_API" file="/var/www/html/test/wordpress_test/inpsyde_test/test/wp-content/plugins/plugintestslughere/tests/unit/tests/rest-api.php" line="1528" assertions="2" time="0.042199"/>
          <testcase name="test_rest_ensure_response_returns_instance_of_wp_rest_response with data set #4" class="Tests_REST_API" classname="Tests_REST_API" file="/var/www/html/test/wordpress_test/inpsyde_test/test/wp-content/plugins/plugintestslughere/tests/unit/tests/rest-api.php" line="1528" assertions="2" time="0.069150"/>
          <testcase name="test_rest_ensure_response_returns_instance_of_wp_rest_response with data set #5" class="Tests_REST_API" classname="Tests_REST_API" file="/var/www/html/test/wordpress_test/inpsyde_test/test/wp-content/plugins/plugintestslughere/tests/unit/tests/rest-api.php" line="1528" assertions="2" time="0.043294"/>
          <testcase name="test_rest_ensure_response_returns_instance_of_wp_rest_response with data set #6" class="Tests_REST_API" classname="Tests_REST_API" file="/var/www/html/test/wordpress_test/inpsyde_test/test/wp-content/plugins/plugintestslughere/tests/unit/tests/rest-api.php" line="1528" assertions="2" time="0.071919"/>
        </testsuite>
        <testcase name="test_rest_get_route_for_post_non_post" class="Tests_REST_API" classname="Tests_REST_API" file="/var/www/html/test/wordpress_test/inpsyde_test/test/wp-content/plugins/plugintestslughere/tests/unit/tests/rest-api.php" line="1554" assertions="1" time="0.064013"/>
        <testcase name="test_rest_get_route_for_post_invalid_post_type" class="Tests_REST_API" classname="Tests_REST_API" file="/var/www/html/test/wordpress_test/inpsyde_test/test/wp-content/plugins/plugintestslughere/tests/unit/tests/rest-api.php" line="1561" assertions="1" time="0.093579"/>
        <testcase name="test_rest_get_route_for_post_non_rest" class="Tests_REST_API" classname="Tests_REST_API" file="/var/www/html/test/wordpress_test/inpsyde_test/test/wp-content/plugins/plugintestslughere/tests/unit/tests/rest-api.php" line="1572" assertions="1" time="0.109902"/>
        <testcase name="test_rest_get_route_for_post_custom_controller" class="Tests_REST_API" classname="Tests_REST_API" file="/var/www/html/test/wordpress_test/inpsyde_test/test/wp-content/plugins/plugintestslughere/tests/unit/tests/rest-api.php" line="1580" assertions="1" time="0.131758"/>
        <testcase name="test_rest_get_route_for_post" class="Tests_REST_API" classname="Tests_REST_API" file="/var/www/html/test/wordpress_test/inpsyde_test/test/wp-content/plugins/plugintestslughere/tests/unit/tests/rest-api.php" line="1588" assertions="1" time="0.142728"/>
        <testcase name="test_rest_get_route_for_media" class="Tests_REST_API" classname="Tests_REST_API" file="/var/www/html/test/wordpress_test/inpsyde_test/test/wp-content/plugins/plugintestslughere/tests/unit/tests/rest-api.php" line="1596" assertions="1" time="0.153992"/>
        <testcase name="test_rest_get_route_for_post_id" class="Tests_REST_API" classname="Tests_REST_API" file="/var/www/html/test/wordpress_test/inpsyde_test/test/wp-content/plugins/plugintestslughere/tests/unit/tests/rest-api.php" line="1604" assertions="1" time="0.330170"/>
        <testcase name="test_rest_get_route_for_term_non_term" class="Tests_REST_API" classname="Tests_REST_API" file="/var/www/html/test/wordpress_test/inpsyde_test/test/wp-content/plugins/plugintestslughere/tests/unit/tests/rest-api.php" line="1612" assertions="1" time="0.075938"/>
        <testcase name="test_rest_get_route_for_term_invalid_term_type" class="Tests_REST_API" classname="Tests_REST_API" file="/var/www/html/test/wordpress_test/inpsyde_test/test/wp-content/plugins/plugintestslughere/tests/unit/tests/rest-api.php" line="1619" assertions="1" time="0.098143"/>
        <testcase name="test_rest_get_route_for_term_non_rest" class="Tests_REST_API" classname="Tests_REST_API" file="/var/www/html/test/wordpress_test/inpsyde_test/test/wp-content/plugins/plugintestslughere/tests/unit/tests/rest-api.php" line="1630" assertions="1" time="0.120966"/>
        <testcase name="test_rest_get_route_for_term" class="Tests_REST_API" classname="Tests_REST_API" file="/var/www/html/test/wordpress_test/inpsyde_test/test/wp-content/plugins/plugintestslughere/tests/unit/tests/rest-api.php" line="1638" assertions="1" time="0.098773"/>
        <testcase name="test_rest_get_route_for_category" class="Tests_REST_API" classname="Tests_REST_API" file="/var/www/html/test/wordpress_test/inpsyde_test/test/wp-content/plugins/plugintestslughere/tests/unit/tests/rest-api.php" line="1646" assertions="1" time="0.120527"/>
        <testcase name="test_rest_get_route_for_term_id" class="Tests_REST_API" classname="Tests_REST_API" file="/var/www/html/test/wordpress_test/inpsyde_test/test/wp-content/plugins/plugintestslughere/tests/unit/tests/rest-api.php" line="1654" assertions="1" time="0.099040"/>
        <testsuite name="Tests_REST_API::test_rest_is_object" tests="10" assertions="10" errors="0" failures="0" skipped="0" time="0.516519">
          <testcase name="test_rest_is_object with data set #0" class="Tests_REST_API" classname="Tests_REST_API" file="/var/www/html/test/wordpress_test/inpsyde_test/test/wp-content/plugins/plugintestslughere/tests/unit/tests/rest-api.php" line="1667" assertions="1" time="0.086507"/>
          <testcase name="test_rest_is_object with data set #1" class="Tests_REST_API" classname="Tests_REST_API" file="/var/www/html/test/wordpress_test/inpsyde_test/test/wp-content/plugins/plugintestslughere/tests/unit/tests/rest-api.php" line="1667" assertions="1" time="0.043841"/>
          <testcase name="test_rest_is_object with data set #2" class="Tests_REST_API" classname="Tests_REST_API" file="/var/www/html/test/wordpress_test/inpsyde_test/test/wp-content/plugins/plugintestslughere/tests/unit/tests/rest-api.php" line="1667" assertions="1" time="0.045024"/>
          <testcase name="test_rest_is_object with data set #3" class="Tests_REST_API" classname="Tests_REST_API" file="/var/www/html/test/wordpress_test/inpsyde_test/test/wp-content/plugins/plugintestslughere/tests/unit/tests/rest-api.php" line="1667" assertions="1" time="0.044243"/>
          <testcase name="test_rest_is_object with data set #4" class="Tests_REST_API" classname="Tests_REST_API" file="/var/www/html/test/wordpress_test/inpsyde_test/test/wp-content/plugins/plugintestslughere/tests/unit/tests/rest-api.php" line="1667" assertions="1" time="0.044496"/>
          <testcase name="test_rest_is_object with data set #5" class="Tests_REST_API" classname="Tests_REST_API" file="/var/www/html/test/wordpress_test/inpsyde_test/test/wp-content/plugins/plugintestslughere/tests/unit/tests/rest-api.php" line="1667" assertions="1" time="0.043449"/>
          <testcase name="test_rest_is_object with data set #6" class="Tests_REST_API" classname="Tests_REST_API" file="/var/www/html/test/wordpress_test/inpsyde_test/test/wp-content/plugins/plugintestslughere/tests/unit/tests/rest-api.php" line="1667" assertions="1" time="0.051676"/>
          <testcase name="test_rest_is_object with data set #7" class="Tests_REST_API" classname="Tests_REST_API" file="/var/www/html/test/wordpress_test/inpsyde_test/test/wp-content/plugins/plugintestslughere/tests/unit/tests/rest-api.php" line="1667" assertions="1" time="0.043083"/>
          <testcase name="test_rest_is_object with data set #8" class="Tests_REST_API" classname="Tests_REST_API" file="/var/www/html/test/wordpress_test/inpsyde_test/test/wp-content/plugins/plugintestslughere/tests/unit/tests/rest-api.php" line="1667" assertions="1" time="0.070617"/>
          <testcase name="test_rest_is_object with data set #9" class="Tests_REST_API" classname="Tests_REST_API" file="/var/www/html/test/wordpress_test/inpsyde_test/test/wp-content/plugins/plugintestslughere/tests/unit/tests/rest-api.php" line="1667" assertions="1" time="0.043583"/>
        </testsuite>
        <testsuite name="Tests_REST_API::test_rest_sanitize_object" tests="10" assertions="10" errors="0" failures="0" skipped="0" time="0.458241">
          <testcase name="test_rest_sanitize_object with data set #0" class="Tests_REST_API" classname="Tests_REST_API" file="/var/www/html/test/wordpress_test/inpsyde_test/test/wp-content/plugins/plugintestslughere/tests/unit/tests/rest-api.php" line="1730" assertions="1" time="0.042426"/>
          <testcase name="test_rest_sanitize_object with data set #1" class="Tests_REST_API" classname="Tests_REST_API" file="/var/www/html/test/wordpress_test/inpsyde_test/test/wp-content/plugins/plugintestslughere/tests/unit/tests/rest-api.php" line="1730" assertions="1" time="0.042282"/>
          <testcase name="test_rest_sanitize_object with data set #2" class="Tests_REST_API" classname="Tests_REST_API" file="/var/www/html/test/wordpress_test/inpsyde_test/test/wp-content/plugins/plugintestslughere/tests/unit/tests/rest-api.php" line="1730" assertions="1" time="0.042586"/>
          <testcase name="test_rest_sanitize_object with data set #3" class="Tests_REST_API" classname="Tests_REST_API" file="/var/www/html/test/wordpress_test/inpsyde_test/test/wp-content/plugins/plugintestslughere/tests/unit/tests/rest-api.php" line="1730" assertions="1" time="0.043112"/>
          <testcase name="test_rest_sanitize_object with data set #4" class="Tests_REST_API" classname="Tests_REST_API" file="/var/www/html/test/wordpress_test/inpsyde_test/test/wp-content/plugins/plugintestslughere/tests/unit/tests/rest-api.php" line="1730" assertions="1" time="0.050256"/>
          <testcase name="test_rest_sanitize_object with data set #5" class="Tests_REST_API" classname="Tests_REST_API" file="/var/www/html/test/wordpress_test/inpsyde_test/test/wp-content/plugins/plugintestslughere/tests/unit/tests/rest-api.php" line="1730" assertions="1" time="0.043249"/>
          <testcase name="test_rest_sanitize_object with data set #6" class="Tests_REST_API" classname="Tests_REST_API" file="/var/www/html/test/wordpress_test/inpsyde_test/test/wp-content/plugins/plugintestslughere/tests/unit/tests/rest-api.php" line="1730" assertions="1" time="0.069166"/>
          <testcase name="test_rest_sanitize_object with data set #7" class="Tests_REST_API" classname="Tests_REST_API" file="/var/www/html/test/wordpress_test/inpsyde_test/test/wp-content/plugins/plugintestslughere/tests/unit/tests/rest-api.php" line="1730" assertions="1" time="0.041374"/>
          <testcase name="test_rest_sanitize_object with data set #8" class="Tests_REST_API" classname="Tests_REST_API" file="/var/www/html/test/wordpress_test/inpsyde_test/test/wp-content/plugins/plugintestslughere/tests/unit/tests/rest-api.php" line="1730" assertions="1" time="0.041782"/>
          <testcase name="test_rest_sanitize_object with data set #9" class="Tests_REST_API" classname="Tests_REST_API" file="/var/www/html/test/wordpress_test/inpsyde_test/test/wp-content/plugins/plugintestslughere/tests/unit/tests/rest-api.php" line="1730" assertions="1" time="0.042009"/>
        </testsuite>
        <testsuite name="Tests_REST_API::test_rest_is_array" tests="12" assertions="12" errors="0" failures="0" skipped="0" time="0.540091">
          <testcase name="test_rest_is_array with data set #0" class="Tests_REST_API" classname="Tests_REST_API" file="/var/www/html/test/wordpress_test/inpsyde_test/test/wp-content/plugins/plugintestslughere/tests/unit/tests/rest-api.php" line="1788" assertions="1" time="0.043057"/>
          <testcase name="test_rest_is_array with data set #1" class="Tests_REST_API" classname="Tests_REST_API" file="/var/www/html/test/wordpress_test/inpsyde_test/test/wp-content/plugins/plugintestslughere/tests/unit/tests/rest-api.php" line="1788" assertions="1" time="0.043348"/>
          <testcase name="test_rest_is_array with data set #2" class="Tests_REST_API" classname="Tests_REST_API" file="/var/www/html/test/wordpress_test/inpsyde_test/test/wp-content/plugins/plugintestslughere/tests/unit/tests/rest-api.php" line="1788" assertions="1" time="0.043317"/>
          <testcase name="test_rest_is_array with data set #3" class="Tests_REST_API" classname="Tests_REST_API" file="/var/www/html/test/wordpress_test/inpsyde_test/test/wp-content/plugins/plugintestslughere/tests/unit/tests/rest-api.php" line="1788" assertions="1" time="0.042701"/>
          <testcase name="test_rest_is_array with data set #4" class="Tests_REST_API" classname="Tests_REST_API" file="/var/www/html/test/wordpress_test/inpsyde_test/test/wp-content/plugins/plugintestslughere/tests/unit/tests/rest-api.php" line="1788" assertions="1" time="0.069711"/>
          <testcase name="test_rest_is_array with data set #5" class="Tests_REST_API" classname="Tests_REST_API" file="/var/www/html/test/wordpress_test/inpsyde_test/test/wp-content/plugins/plugintestslughere/tests/unit/tests/rest-api.php" line="1788" assertions="1" time="0.042195"/>
          <testcase name="test_rest_is_array with data set #6" class="Tests_REST_API" classname="Tests_REST_API" file="/var/www/html/test/wordpress_test/inpsyde_test/test/wp-content/plugins/plugintestslughere/tests/unit/tests/rest-api.php" line="1788" assertions="1" time="0.041342"/>
          <testcase name="test_rest_is_array with data set #7" class="Tests_REST_API" classname="Tests_REST_API" file="/var/www/html/test/wordpress_test/inpsyde_test/test/wp-content/plugins/plugintestslughere/tests/unit/tests/rest-api.php" line="1788" assertions="1" time="0.042025"/>
          <testcase name="test_rest_is_array with data set #8" class="Tests_REST_API" classname="Tests_REST_API" file="/var/www/html/test/wordpress_test/inpsyde_test/test/wp-content/plugins/plugintestslughere/tests/unit/tests/rest-api.php" line="1788" assertions="1" time="0.042450"/>
          <testcase name="test_rest_is_array with data set #9" class="Tests_REST_API" classname="Tests_REST_API" file="/var/www/html/test/wordpress_test/inpsyde_test/test/wp-content/plugins/plugintestslughere/tests/unit/tests/rest-api.php" line="1788" assertions="1" time="0.043150"/>
          <testcase name="test_rest_is_array with data set #10" class="Tests_REST_API" classname="Tests_REST_API" file="/var/www/html/test/wordpress_test/inpsyde_test/test/wp-content/plugins/plugintestslughere/tests/unit/tests/rest-api.php" line="1788" assertions="1" time="0.044441"/>
          <testcase name="test_rest_is_array with data set #11" class="Tests_REST_API" classname="Tests_REST_API" file="/var/www/html/test/wordpress_test/inpsyde_test/test/wp-content/plugins/plugintestslughere/tests/unit/tests/rest-api.php" line="1788" assertions="1" time="0.042354"/>
        </testsuite>
        <testsuite name="Tests_REST_API::test_rest_sanitize_array" tests="13" assertions="13" errors="0" failures="0" skipped="0" time="0.613935">
          <testcase name="test_rest_sanitize_array with data set #0" class="Tests_REST_API" classname="Tests_REST_API" file="/var/www/html/test/wordpress_test/inpsyde_test/test/wp-content/plugins/plugintestslughere/tests/unit/tests/rest-api.php" line="1859" assertions="1" time="0.069515"/>
          <testcase name="test_rest_sanitize_array with data set #1" class="Tests_REST_API" classname="Tests_REST_API" file="/var/www/html/test/wordpress_test/inpsyde_test/test/wp-content/plugins/plugintestslughere/tests/unit/tests/rest-api.php" line="1859" assertions="1" time="0.044009"/>
          <testcase name="test_rest_sanitize_array with data set #2" class="Tests_REST_API" classname="Tests_REST_API" file="/var/www/html/test/wordpress_test/inpsyde_test/test/wp-content/plugins/plugintestslughere/tests/unit/tests/rest-api.php" line="1859" assertions="1" time="0.043303"/>
          <testcase name="test_rest_sanitize_array with data set #3" class="Tests_REST_API" classname="Tests_REST_API" file="/var/www/html/test/wordpress_test/inpsyde_test/test/wp-content/plugins/plugintestslughere/tests/unit/tests/rest-api.php" line="1859" assertions="1" time="0.043075"/>
          <testcase name="test_rest_sanitize_array with data set #4" class="Tests_REST_API" classname="Tests_REST_API" file="/var/www/html/test/wordpress_test/inpsyde_test/test/wp-content/plugins/plugintestslughere/tests/unit/tests/rest-api.php" line="1859" assertions="1" time="0.043076"/>
          <testcase name="test_rest_sanitize_array with data set #5" class="Tests_REST_API" classname="Tests_REST_API" file="/var/www/html/test/wordpress_test/inpsyde_test/test/wp-content/plugins/plugintestslughere/tests/unit/tests/rest-api.php" line="1859" assertions="1" time="0.043335"/>
          <testcase name="test_rest_sanitize_array with data set #6" class="Tests_REST_API" classname="Tests_REST_API" file="/var/www/html/test/wordpress_test/inpsyde_test/test/wp-content/plugins/plugintestslughere/tests/unit/tests/rest-api.php" line="1859" assertions="1" time="0.043666"/>
          <testcase name="test_rest_sanitize_array with data set #7" class="Tests_REST_API" classname="Tests_REST_API" file="/var/www/html/test/wordpress_test/inpsyde_test/test/wp-content/plugins/plugintestslughere/tests/unit/tests/rest-api.php" line="1859" assertions="1" time="0.042537"/>
          <testcase name="test_rest_sanitize_array with data set #8" class="Tests_REST_API" classname="Tests_REST_API" file="/var/www/html/test/wordpress_test/inpsyde_test/test/wp-content/plugins/plugintestslughere/tests/unit/tests/rest-api.php" line="1859" assertions="1" time="0.069991"/>
          <testcase name="test_rest_sanitize_array with data set #9" class="Tests_REST_API" classname="Tests_REST_API" file="/var/www/html/test/wordpress_test/inpsyde_test/test/wp-content/plugins/plugintestslughere/tests/unit/tests/rest-api.php" line="1859" assertions="1" time="0.043178"/>
          <testcase name="test_rest_sanitize_array with data set #10" class="Tests_REST_API" classname="Tests_REST_API" file="/var/www/html/test/wordpress_test/inpsyde_test/test/wp-content/plugins/plugintestslughere/tests/unit/tests/rest-api.php" line="1859" assertions="1" time="0.042605"/>
          <testcase name="test_rest_sanitize_array with data set #11" class="Tests_REST_API" classname="Tests_REST_API" file="/var/www/html/test/wordpress_test/inpsyde_test/test/wp-content/plugins/plugintestslughere/tests/unit/tests/rest-api.php" line="1859" assertions="1" time="0.042581"/>
          <testcase name="test_rest_sanitize_array with data set #12" class="Tests_REST_API" classname="Tests_REST_API" file="/var/www/html/test/wordpress_test/inpsyde_test/test/wp-content/plugins/plugintestslughere/tests/unit/tests/rest-api.php" line="1859" assertions="1" time="0.043064"/>
        </testsuite>
        <testsuite name="Tests_REST_API::test_rest_is_integer" tests="10" assertions="10" errors="0" failures="0" skipped="0" time="0.496220">
          <testcase name="test_rest_is_integer with data set #0" class="Tests_REST_API" classname="Tests_REST_API" file="/var/www/html/test/wordpress_test/inpsyde_test/test/wp-content/plugins/plugintestslughere/tests/unit/tests/rest-api.php" line="1929" assertions="1" time="0.043308"/>
          <testcase name="test_rest_is_integer with data set #1" class="Tests_REST_API" classname="Tests_REST_API" file="/var/www/html/test/wordpress_test/inpsyde_test/test/wp-content/plugins/plugintestslughere/tests/unit/tests/rest-api.php" line="1929" assertions="1" time="0.043595"/>
          <testcase name="test_rest_is_integer with data set #2" class="Tests_REST_API" classname="Tests_REST_API" file="/var/www/html/test/wordpress_test/inpsyde_test/test/wp-content/plugins/plugintestslughere/tests/unit/tests/rest-api.php" line="1929" assertions="1" time="0.045025"/>
          <testcase name="test_rest_is_integer with data set #3" class="Tests_REST_API" classname="Tests_REST_API" file="/var/www/html/test/wordpress_test/inpsyde_test/test/wp-content/plugins/plugintestslughere/tests/unit/tests/rest-api.php" line="1929" assertions="1" time="0.072579"/>
          <testcase name="test_rest_is_integer with data set #4" class="Tests_REST_API" classname="Tests_REST_API" file="/var/www/html/test/wordpress_test/inpsyde_test/test/wp-content/plugins/plugintestslughere/tests/unit/tests/rest-api.php" line="1929" assertions="1" time="0.048401"/>
          <testcase name="test_rest_is_integer with data set #5" class="Tests_REST_API" classname="Tests_REST_API" file="/var/www/html/test/wordpress_test/inpsyde_test/test/wp-content/plugins/plugintestslughere/tests/unit/tests/rest-api.php" line="1929" assertions="1" time="0.049396"/>
          <testcase name="test_rest_is_integer with data set #6" class="Tests_REST_API" classname="Tests_REST_API" file="/var/www/html/test/wordpress_test/inpsyde_test/test/wp-content/plugins/plugintestslughere/tests/unit/tests/rest-api.php" line="1929" assertions="1" time="0.049397"/>
          <testcase name="test_rest_is_integer with data set #7" class="Tests_REST_API" classname="Tests_REST_API" file="/var/www/html/test/wordpress_test/inpsyde_test/test/wp-content/plugins/plugintestslughere/tests/unit/tests/rest-api.php" line="1929" assertions="1" time="0.052369"/>
          <testcase name="test_rest_is_integer with data set #8" class="Tests_REST_API" classname="Tests_REST_API" file="/var/www/html/test/wordpress_test/inpsyde_test/test/wp-content/plugins/plugintestslughere/tests/unit/tests/rest-api.php" line="1929" assertions="1" time="0.047873"/>
          <testcase name="test_rest_is_integer with data set #9" class="Tests_REST_API" classname="Tests_REST_API" file="/var/www/html/test/wordpress_test/inpsyde_test/test/wp-content/plugins/plugintestslughere/tests/unit/tests/rest-api.php" line="1929" assertions="1" time="0.044277"/>
        </testsuite>
        <testsuite name="Tests_REST_API::test_get_best_type_for_value" tests="18" assertions="18" errors="0" failures="0" skipped="0" time="0.932399">
          <testcase name="test_get_best_type_for_value with data set #0" class="Tests_REST_API" classname="Tests_REST_API" file="/var/www/html/test/wordpress_test/inpsyde_test/test/wp-content/plugins/plugintestslughere/tests/unit/tests/rest-api.php" line="1993" assertions="1" time="0.069020"/>
          <testcase name="test_get_best_type_for_value with data set #1" class="Tests_REST_API" classname="Tests_REST_API" file="/var/www/html/test/wordpress_test/inpsyde_test/test/wp-content/plugins/plugintestslughere/tests/unit/tests/rest-api.php" line="1993" assertions="1" time="0.042911"/>
          <testcase name="test_get_best_type_for_value with data set #2" class="Tests_REST_API" classname="Tests_REST_API" file="/var/www/html/test/wordpress_test/inpsyde_test/test/wp-content/plugins/plugintestslughere/tests/unit/tests/rest-api.php" line="1993" assertions="1" time="0.043680"/>
          <testcase name="test_get_best_type_for_value with data set #3" class="Tests_REST_API" classname="Tests_REST_API" file="/var/www/html/test/wordpress_test/inpsyde_test/test/wp-content/plugins/plugintestslughere/tests/unit/tests/rest-api.php" line="1993" assertions="1" time="0.043328"/>
          <testcase name="test_get_best_type_for_value with data set #4" class="Tests_REST_API" classname="Tests_REST_API" file="/var/www/html/test/wordpress_test/inpsyde_test/test/wp-content/plugins/plugintestslughere/tests/unit/tests/rest-api.php" line="1993" assertions="1" time="0.050910"/>
          <testcase name="test_get_best_type_for_value with data set #5" class="Tests_REST_API" classname="Tests_REST_API" file="/var/www/html/test/wordpress_test/inpsyde_test/test/wp-content/plugins/plugintestslughere/tests/unit/tests/rest-api.php" line="1993" assertions="1" time="0.061481"/>
          <testcase name="test_get_best_type_for_value with data set #6" class="Tests_REST_API" classname="Tests_REST_API" file="/var/www/html/test/wordpress_test/inpsyde_test/test/wp-content/plugins/plugintestslughere/tests/unit/tests/rest-api.php" line="1993" assertions="1" time="0.063598"/>
          <testcase name="test_get_best_type_for_value with data set #7" class="Tests_REST_API" classname="Tests_REST_API" file="/var/www/html/test/wordpress_test/inpsyde_test/test/wp-content/plugins/plugintestslughere/tests/unit/tests/rest-api.php" line="1993" assertions="1" time="0.051217"/>
          <testcase name="test_get_best_type_for_value with data set #8" class="Tests_REST_API" classname="Tests_REST_API" file="/var/www/html/test/wordpress_test/inpsyde_test/test/wp-content/plugins/plugintestslughere/tests/unit/tests/rest-api.php" line="1993" assertions="1" time="0.086167"/>
          <testcase name="test_get_best_type_for_value with data set #9" class="Tests_REST_API" classname="Tests_REST_API" file="/var/www/html/test/wordpress_test/inpsyde_test/test/wp-content/plugins/plugintestslughere/tests/unit/tests/rest-api.php" line="1993" assertions="1" time="0.049338"/>
          <testcase name="test_get_best_type_for_value with data set #10" class="Tests_REST_API" classname="Tests_REST_API" file="/var/www/html/test/wordpress_test/inpsyde_test/test/wp-content/plugins/plugintestslughere/tests/unit/tests/rest-api.php" line="1993" assertions="1" time="0.045581"/>
          <testcase name="test_get_best_type_for_value with data set #11" class="Tests_REST_API" classname="Tests_REST_API" file="/var/www/html/test/wordpress_test/inpsyde_test/test/wp-content/plugins/plugintestslughere/tests/unit/tests/rest-api.php" line="1993" assertions="1" time="0.042999"/>
          <testcase name="test_get_best_type_for_value with data set #12" class="Tests_REST_API" classname="Tests_REST_API" file="/var/www/html/test/wordpress_test/inpsyde_test/test/wp-content/plugins/plugintestslughere/tests/unit/tests/rest-api.php" line="1993" assertions="1" time="0.042414"/>
          <testcase name="test_get_best_type_for_value with data set #13" class="Tests_REST_API" classname="Tests_REST_API" file="/var/www/html/test/wordpress_test/inpsyde_test/test/wp-content/plugins/plugintestslughere/tests/unit/tests/rest-api.php" line="1993" assertions="1" time="0.043166"/>
          <testcase name="test_get_best_type_for_value with data set #14" class="Tests_REST_API" classname="Tests_REST_API" file="/var/www/html/test/wordpress_test/inpsyde_test/test/wp-content/plugins/plugintestslughere/tests/unit/tests/rest-api.php" line="1993" assertions="1" time="0.042644"/>
          <testcase name="test_get_best_type_for_value with data set #15" class="Tests_REST_API" classname="Tests_REST_API" file="/var/www/html/test/wordpress_test/inpsyde_test/test/wp-content/plugins/plugintestslughere/tests/unit/tests/rest-api.php" line="1993" assertions="1" time="0.042856"/>
          <testcase name="test_get_best_type_for_value with data set #16" class="Tests_REST_API" classname="Tests_REST_API" file="/var/www/html/test/wordpress_test/inpsyde_test/test/wp-content/plugins/plugintestslughere/tests/unit/tests/rest-api.php" line="1993" assertions="1" time="0.068672"/>
          <testcase name="test_get_best_type_for_value with data set #17" class="Tests_REST_API" classname="Tests_REST_API" file="/var/www/html/test/wordpress_test/inpsyde_test/test/wp-content/plugins/plugintestslughere/tests/unit/tests/rest-api.php" line="1993" assertions="1" time="0.042417"/>
        </testsuite>
      </testsuite>
      <testsuite name="WP_Test_REST_Attachments_Controller" file="/var/www/html/test/wordpress_test/inpsyde_test/test/wp-content/plugins/plugintestslughere/tests/unit/tests/rest-api/rest-attachments-controller.php" tests="92" assertions="1270" errors="0" failures="0" skipped="3" time="13.942068">
        <testcase name="test_register_routes" class="WP_Test_REST_Attachments_Controller" classname="WP_Test_REST_Attachments_Controller" file="/var/www/html/test/wordpress_test/inpsyde_test/test/wp-content/plugins/plugintestslughere/tests/unit/tests/rest-api/rest-attachments-controller.php" line="112" assertions="8" time="0.134606"/>
        <testsuite name="WP_Test_REST_Attachments_Controller::test_parse_disposition" tests="20" assertions="100" errors="0" failures="0" skipped="0" time="2.396285">
          <testcase name="test_parse_disposition with data set #0" class="WP_Test_REST_Attachments_Controller" classname="WP_Test_REST_Attachments_Controller" file="/var/www/html/test/wordpress_test/inpsyde_test/test/wp-content/plugins/plugintestslughere/tests/unit/tests/rest-api/rest-attachments-controller.php" line="155" assertions="5" time="0.129529"/>
          <testcase name="test_parse_disposition with data set #1" class="WP_Test_REST_Attachments_Controller" classname="WP_Test_REST_Attachments_Controller" file="/var/www/html/test/wordpress_test/inpsyde_test/test/wp-content/plugins/plugintestslughere/tests/unit/tests/rest-api/rest-attachments-controller.php" line="155" assertions="5" time="0.099940"/>
          <testcase name="test_parse_disposition with data set #2" class="WP_Test_REST_Attachments_Controller" classname="WP_Test_REST_Attachments_Controller" file="/var/www/html/test/wordpress_test/inpsyde_test/test/wp-content/plugins/plugintestslughere/tests/unit/tests/rest-api/rest-attachments-controller.php" line="155" assertions="5" time="0.132478"/>
          <testcase name="test_parse_disposition with data set #3" class="WP_Test_REST_Attachments_Controller" classname="WP_Test_REST_Attachments_Controller" file="/var/www/html/test/wordpress_test/inpsyde_test/test/wp-content/plugins/plugintestslughere/tests/unit/tests/rest-api/rest-attachments-controller.php" line="155" assertions="5" time="0.110712"/>
          <testcase name="test_parse_disposition with data set #4" class="WP_Test_REST_Attachments_Controller" classname="WP_Test_REST_Attachments_Controller" file="/var/www/html/test/wordpress_test/inpsyde_test/test/wp-content/plugins/plugintestslughere/tests/unit/tests/rest-api/rest-attachments-controller.php" line="155" assertions="5" time="0.131452"/>
          <testcase name="test_parse_disposition with data set #5" class="WP_Test_REST_Attachments_Controller" classname="WP_Test_REST_Attachments_Controller" file="/var/www/html/test/wordpress_test/inpsyde_test/test/wp-content/plugins/plugintestslughere/tests/unit/tests/rest-api/rest-attachments-controller.php" line="155" assertions="5" time="0.154588"/>
          <testcase name="test_parse_disposition with data set #6" class="WP_Test_REST_Attachments_Controller" classname="WP_Test_REST_Attachments_Controller" file="/var/www/html/test/wordpress_test/inpsyde_test/test/wp-content/plugins/plugintestslughere/tests/unit/tests/rest-api/rest-attachments-controller.php" line="155" assertions="5" time="0.130700"/>
          <testcase name="test_parse_disposition with data set #7" class="WP_Test_REST_Attachments_Controller" classname="WP_Test_REST_Attachments_Controller" file="/var/www/html/test/wordpress_test/inpsyde_test/test/wp-content/plugins/plugintestslughere/tests/unit/tests/rest-api/rest-attachments-controller.php" line="155" assertions="5" time="0.077114"/>
          <testcase name="test_parse_disposition with data set #8" class="WP_Test_REST_Attachments_Controller" classname="WP_Test_REST_Attachments_Controller" file="/var/www/html/test/wordpress_test/inpsyde_test/test/wp-content/plugins/plugintestslughere/tests/unit/tests/rest-api/rest-attachments-controller.php" line="155" assertions="5" time="0.087990"/>
          <testcase name="test_parse_disposition with data set #9" class="WP_Test_REST_Attachments_Controller" classname="WP_Test_REST_Attachments_Controller" file="/var/www/html/test/wordpress_test/inpsyde_test/test/wp-content/plugins/plugintestslughere/tests/unit/tests/rest-api/rest-attachments-controller.php" line="155" assertions="5" time="0.087938"/>
          <testcase name="test_parse_disposition with data set #10" class="WP_Test_REST_Attachments_Controller" classname="WP_Test_REST_Attachments_Controller" file="/var/www/html/test/wordpress_test/inpsyde_test/test/wp-content/plugins/plugintestslughere/tests/unit/tests/rest-api/rest-attachments-controller.php" line="155" assertions="5" time="0.110601"/>
          <testcase name="test_parse_disposition with data set #11" class="WP_Test_REST_Attachments_Controller" classname="WP_Test_REST_Attachments_Controller" file="/var/www/html/test/wordpress_test/inpsyde_test/test/wp-content/plugins/plugintestslughere/tests/unit/tests/rest-api/rest-attachments-controller.php" line="155" assertions="5" time="0.098748"/>
          <testcase name="test_parse_disposition with data set #12" class="WP_Test_REST_Attachments_Controller" classname="WP_Test_REST_Attachments_Controller" file="/var/www/html/test/wordpress_test/inpsyde_test/test/wp-content/plugins/plugintestslughere/tests/unit/tests/rest-api/rest-attachments-controller.php" line="155" assertions="5" time="0.099681"/>
          <testcase name="test_parse_disposition with data set #13" class="WP_Test_REST_Attachments_Controller" classname="WP_Test_REST_Attachments_Controller" file="/var/www/html/test/wordpress_test/inpsyde_test/test/wp-content/plugins/plugintestslughere/tests/unit/tests/rest-api/rest-attachments-controller.php" line="155" assertions="5" time="0.143685"/>
          <testcase name="test_parse_disposition with data set #14" class="WP_Test_REST_Attachments_Controller" classname="WP_Test_REST_Attachments_Controller" file="/var/www/html/test/wordpress_test/inpsyde_test/test/wp-content/plugins/plugintestslughere/tests/unit/tests/rest-api/rest-attachments-controller.php" line="155" assertions="5" time="0.165385"/>
          <testcase name="test_parse_disposition with data set #15" class="WP_Test_REST_Attachments_Controller" classname="WP_Test_REST_Attachments_Controller" file="/var/www/html/test/wordpress_test/inpsyde_test/test/wp-content/plugins/plugintestslughere/tests/unit/tests/rest-api/rest-attachments-controller.php" line="155" assertions="5" time="0.131764"/>
          <testcase name="test_parse_disposition with data set #16" class="WP_Test_REST_Attachments_Controller" classname="WP_Test_REST_Attachments_Controller" file="/var/www/html/test/wordpress_test/inpsyde_test/test/wp-content/plugins/plugintestslughere/tests/unit/tests/rest-api/rest-attachments-controller.php" line="155" assertions="5" time="0.131589"/>
          <testcase name="test_parse_disposition with data set #17" class="WP_Test_REST_Attachments_Controller" classname="WP_Test_REST_Attachments_Controller" file="/var/www/html/test/wordpress_test/inpsyde_test/test/wp-content/plugins/plugintestslughere/tests/unit/tests/rest-api/rest-attachments-controller.php" line="155" assertions="5" time="0.131774"/>
          <testcase name="test_parse_disposition with data set #18" class="WP_Test_REST_Attachments_Controller" classname="WP_Test_REST_Attachments_Controller" file="/var/www/html/test/wordpress_test/inpsyde_test/test/wp-content/plugins/plugintestslughere/tests/unit/tests/rest-api/rest-attachments-controller.php" line="155" assertions="5" time="0.131204"/>
          <testcase name="test_parse_disposition with data set #19" class="WP_Test_REST_Attachments_Controller" classname="WP_Test_REST_Attachments_Controller" file="/var/www/html/test/wordpress_test/inpsyde_test/test/wp-content/plugins/plugintestslughere/tests/unit/tests/rest-api/rest-attachments-controller.php" line="155" assertions="5" time="0.109413"/>
        </testsuite>
        <testcase name="test_context_param" class="WP_Test_REST_Attachments_Controller" classname="WP_Test_REST_Attachments_Controller" file="/var/www/html/test/wordpress_test/inpsyde_test/test/wp-content/plugins/plugintestslughere/tests/unit/tests/rest-api/rest-attachments-controller.php" line="161" assertions="10" time="0.343274"/>
        <testcase name="test_registered_query_params" class="WP_Test_REST_Attachments_Controller" classname="WP_Test_REST_Attachments_Controller" file="/var/www/html/test/wordpress_test/inpsyde_test/test/wp-content/plugins/plugintestslughere/tests/unit/tests/rest-api/rest-attachments-controller.php" line="184" assertions="8" time="0.143506"/>
        <testcase name="test_registered_get_item_params" class="WP_Test_REST_Attachments_Controller" classname="WP_Test_REST_Attachments_Controller" file="/var/www/html/test/wordpress_test/inpsyde_test/test/wp-content/plugins/plugintestslughere/tests/unit/tests/rest-api/rest-attachments-controller.php" line="226" assertions="5" time="0.219915"/>
        <testcase name="test_allow_header_sent_on_options_request" class="WP_Test_REST_Attachments_Controller" classname="WP_Test_REST_Attachments_Controller" file="/var/www/html/test/wordpress_test/inpsyde_test/test/wp-content/plugins/plugintestslughere/tests/unit/tests/rest-api/rest-attachments-controller.php" line="246" assertions="8" time="0.142819"/>
        <testcase name="test_get_items" class="WP_Test_REST_Attachments_Controller" classname="WP_Test_REST_Attachments_Controller" file="/var/www/html/test/wordpress_test/inpsyde_test/test/wp-content/plugins/plugintestslughere/tests/unit/tests/rest-api/rest-attachments-controller.php" line="273" assertions="93" time="0.254250"/>
        <testcase name="test_get_items_logged_in_editor" class="WP_Test_REST_Attachments_Controller" classname="WP_Test_REST_Attachments_Controller" file="/var/www/html/test/wordpress_test/inpsyde_test/test/wp-content/plugins/plugintestslughere/tests/unit/tests/rest-api/rest-attachments-controller.php" line="313" assertions="24" time="0.276636"/>
        <testcase name="test_get_items_media_type" class="WP_Test_REST_Attachments_Controller" classname="WP_Test_REST_Attachments_Controller" file="/var/www/html/test/wordpress_test/inpsyde_test/test/wp-content/plugins/plugintestslughere/tests/unit/tests/rest-api/rest-attachments-controller.php" line="352" assertions="18" time="0.206832"/>
        <testcase name="test_get_items_mime_type" class="WP_Test_REST_Attachments_Controller" classname="WP_Test_REST_Attachments_Controller" file="/var/www/html/test/wordpress_test/inpsyde_test/test/wp-content/plugins/plugintestslughere/tests/unit/tests/rest-api/rest-attachments-controller.php" line="375" assertions="18" time="0.175156"/>
        <testcase name="test_get_items_parent" class="WP_Test_REST_Attachments_Controller" classname="WP_Test_REST_Attachments_Controller" file="/var/www/html/test/wordpress_test/inpsyde_test/test/wp-content/plugins/plugintestslughere/tests/unit/tests/rest-api/rest-attachments-controller.php" line="398" assertions="30" time="0.177154"/>
        <testcase name="test_get_items_invalid_status_param_is_error_response" class="WP_Test_REST_Attachments_Controller" classname="WP_Test_REST_Attachments_Controller" file="/var/www/html/test/wordpress_test/inpsyde_test/test/wp-content/plugins/plugintestslughere/tests/unit/tests/rest-api/rest-attachments-controller.php" line="442" assertions="6" time="0.166310"/>
        <testcase name="test_get_items_private_status" class="WP_Test_REST_Attachments_Controller" classname="WP_Test_REST_Attachments_Controller" file="/var/www/html/test/wordpress_test/inpsyde_test/test/wp-content/plugins/plugintestslughere/tests/unit/tests/rest-api/rest-attachments-controller.php" line="461" assertions="15" time="0.339861"/>
        <testcase name="test_get_items_multiple_statuses" class="WP_Test_REST_Attachments_Controller" classname="WP_Test_REST_Attachments_Controller" file="/var/www/html/test/wordpress_test/inpsyde_test/test/wp-content/plugins/plugintestslughere/tests/unit/tests/rest-api/rest-attachments-controller.php" line="485" assertions="20" time="0.153510"/>
        <testcase name="test_get_items_invalid_date" class="WP_Test_REST_Attachments_Controller" classname="WP_Test_REST_Attachments_Controller" file="/var/www/html/test/wordpress_test/inpsyde_test/test/wp-content/plugins/plugintestslughere/tests/unit/tests/rest-api/rest-attachments-controller.php" line="524" assertions="8" time="0.099131"/>
        <testcase name="test_get_items_valid_date" class="WP_Test_REST_Attachments_Controller" classname="WP_Test_REST_Attachments_Controller" file="/var/www/html/test/wordpress_test/inpsyde_test/test/wp-content/plugins/plugintestslughere/tests/unit/tests/rest-api/rest-attachments-controller.php" line="532" assertions="11" time="0.153941"/>
        <testcase name="test_get_item" class="WP_Test_REST_Attachments_Controller" classname="WP_Test_REST_Attachments_Controller" file="/var/www/html/test/wordpress_test/inpsyde_test/test/wp-content/plugins/plugintestslughere/tests/unit/tests/rest-api/rest-attachments-controller.php" line="569" assertions="47" time="0.143693"/>
        <testcase name="test_get_item_sizes" class="WP_Test_REST_Attachments_Controller" classname="WP_Test_REST_Attachments_Controller" file="/var/www/html/test/wordpress_test/inpsyde_test/test/wp-content/plugins/plugintestslughere/tests/unit/tests/rest-api/rest-attachments-controller.php" line="589" assertions="0" time="0.000266">
          <skipped/>
        </testcase>
        <testcase name="test_get_item_sizes_with_no_url" class="WP_Test_REST_Attachments_Controller" classname="WP_Test_REST_Attachments_Controller" file="/var/www/html/test/wordpress_test/inpsyde_test/test/wp-content/plugins/plugintestslughere/tests/unit/tests/rest-api/rest-attachments-controller.php" line="620" assertions="0" time="0.000222">
          <skipped/>
        </testcase>
        <testcase name="test_get_item_private_post_not_authenticated" class="WP_Test_REST_Attachments_Controller" classname="WP_Test_REST_Attachments_Controller" file="/var/www/html/test/wordpress_test/inpsyde_test/test/wp-content/plugins/plugintestslughere/tests/unit/tests/rest-api/rest-attachments-controller.php" line="646" assertions="5" time="0.119809"/>
        <testcase name="test_get_item_inherit_status_with_invalid_parent" class="WP_Test_REST_Attachments_Controller" classname="WP_Test_REST_Attachments_Controller" file="/var/www/html/test/wordpress_test/inpsyde_test/test/wp-content/plugins/plugintestslughere/tests/unit/tests/rest-api/rest-attachments-controller.php" line="662" assertions="10" time="0.199154"/>
        <testcase name="test_get_item_auto_status_with_invalid_parent_not_authenticated_returns_error" class="WP_Test_REST_Attachments_Controller" classname="WP_Test_REST_Attachments_Controller" file="/var/www/html/test/wordpress_test/inpsyde_test/test/wp-content/plugins/plugintestslughere/tests/unit/tests/rest-api/rest-attachments-controller.php" line="679" assertions="8" time="0.109376"/>
        <testcase name="test_create_item" class="WP_Test_REST_Attachments_Controller" classname="WP_Test_REST_Attachments_Controller" file="/var/www/html/test/wordpress_test/inpsyde_test/test/wp-content/plugins/plugintestslughere/tests/unit/tests/rest-api/rest-attachments-controller.php" line="695" assertions="20" time="0.200780"/>
        <testcase name="test_create_item_default_filename_title" class="WP_Test_REST_Attachments_Controller" classname="WP_Test_REST_Attachments_Controller" file="/var/www/html/test/wordpress_test/inpsyde_test/test/wp-content/plugins/plugintestslughere/tests/unit/tests/rest-api/rest-attachments-controller.php" line="724" assertions="12" time="0.156005"/>
        <testcase name="test_create_item_with_files" class="WP_Test_REST_Attachments_Controller" classname="WP_Test_REST_Attachments_Controller" file="/var/www/html/test/wordpress_test/inpsyde_test/test/wp-content/plugins/plugintestslughere/tests/unit/tests/rest-api/rest-attachments-controller.php" line="744" assertions="11" time="0.141309"/>
        <testcase name="test_create_item_with_upload_files_role" class="WP_Test_REST_Attachments_Controller" classname="WP_Test_REST_Attachments_Controller" file="/var/www/html/test/wordpress_test/inpsyde_test/test/wp-content/plugins/plugintestslughere/tests/unit/tests/rest-api/rest-attachments-controller.php" line="762" assertions="11" time="0.155126"/>
        <testcase name="test_create_item_empty_body" class="WP_Test_REST_Attachments_Controller" classname="WP_Test_REST_Attachments_Controller" file="/var/www/html/test/wordpress_test/inpsyde_test/test/wp-content/plugins/plugintestslughere/tests/unit/tests/rest-api/rest-attachments-controller.php" line="780" assertions="8" time="0.099853"/>
        <testcase name="test_create_item_missing_content_type" class="WP_Test_REST_Attachments_Controller" classname="WP_Test_REST_Attachments_Controller" file="/var/www/html/test/wordpress_test/inpsyde_test/test/wp-content/plugins/plugintestslughere/tests/unit/tests/rest-api/rest-attachments-controller.php" line="787" assertions="8" time="0.175366"/>
        <testcase name="test_create_item_missing_content_disposition" class="WP_Test_REST_Attachments_Controller" classname="WP_Test_REST_Attachments_Controller" file="/var/www/html/test/wordpress_test/inpsyde_test/test/wp-content/plugins/plugintestslughere/tests/unit/tests/rest-api/rest-attachments-controller.php" line="795" assertions="8" time="0.111058"/>
        <testcase name="test_create_item_bad_md5_header" class="WP_Test_REST_Attachments_Controller" classname="WP_Test_REST_Attachments_Controller" file="/var/www/html/test/wordpress_test/inpsyde_test/test/wp-content/plugins/plugintestslughere/tests/unit/tests/rest-api/rest-attachments-controller.php" line="804" assertions="8" time="0.098598"/>
        <testcase name="test_create_item_with_files_bad_md5_header" class="WP_Test_REST_Attachments_Controller" classname="WP_Test_REST_Attachments_Controller" file="/var/www/html/test/wordpress_test/inpsyde_test/test/wp-content/plugins/plugintestslughere/tests/unit/tests/rest-api/rest-attachments-controller.php" line="815" assertions="8" time="0.099023"/>
        <testcase name="test_create_item_invalid_upload_files_capability" class="WP_Test_REST_Attachments_Controller" classname="WP_Test_REST_Attachments_Controller" file="/var/www/html/test/wordpress_test/inpsyde_test/test/wp-content/plugins/plugintestslughere/tests/unit/tests/rest-api/rest-attachments-controller.php" line="833" assertions="8" time="0.098307"/>
        <testcase name="test_create_item_invalid_edit_permissions" class="WP_Test_REST_Attachments_Controller" classname="WP_Test_REST_Attachments_Controller" file="/var/www/html/test/wordpress_test/inpsyde_test/test/wp-content/plugins/plugintestslughere/tests/unit/tests/rest-api/rest-attachments-controller.php" line="840" assertions="8" time="0.153255"/>
        <testcase name="test_create_item_invalid_upload_permissions" class="WP_Test_REST_Attachments_Controller" classname="WP_Test_REST_Attachments_Controller" file="/var/www/html/test/wordpress_test/inpsyde_test/test/wp-content/plugins/plugintestslughere/tests/unit/tests/rest-api/rest-attachments-controller.php" line="849" assertions="8" time="0.110272"/>
        <testcase name="test_create_item_invalid_post_type" class="WP_Test_REST_Attachments_Controller" classname="WP_Test_REST_Attachments_Controller" file="/var/www/html/test/wordpress_test/inpsyde_test/test/wp-content/plugins/plugintestslughere/tests/unit/tests/rest-api/rest-attachments-controller.php" line="858" assertions="8" time="0.099042"/>
        <testcase name="test_create_item_alt_text" class="WP_Test_REST_Attachments_Controller" classname="WP_Test_REST_Attachments_Controller" file="/var/www/html/test/wordpress_test/inpsyde_test/test/wp-content/plugins/plugintestslughere/tests/unit/tests/rest-api/rest-attachments-controller.php" line="876" assertions="11" time="0.178225"/>
        <testcase name="test_create_item_unsafe_alt_text" class="WP_Test_REST_Attachments_Controller" classname="WP_Test_REST_Attachments_Controller" file="/var/www/html/test/wordpress_test/inpsyde_test/test/wp-content/plugins/plugintestslughere/tests/unit/tests/rest-api/rest-attachments-controller.php" line="889" assertions="11" time="0.165965"/>
        <testcase name="test_create_item_ensure_relative_path" class="WP_Test_REST_Attachments_Controller" classname="WP_Test_REST_Attachments_Controller" file="/var/www/html/test/wordpress_test/inpsyde_test/test/wp-content/plugins/plugintestslughere/tests/unit/tests/rest-api/rest-attachments-controller.php" line="904" assertions="11" time="0.143923"/>
        <testcase name="test_update_item" class="WP_Test_REST_Attachments_Controller" classname="WP_Test_REST_Attachments_Controller" file="/var/www/html/test/wordpress_test/inpsyde_test/test/wp-content/plugins/plugintestslughere/tests/unit/tests/rest-api/rest-attachments-controller.php" line="915" assertions="22" time="0.154488"/>
        <testcase name="test_update_item_parent" class="WP_Test_REST_Attachments_Controller" classname="WP_Test_REST_Attachments_Controller" file="/var/www/html/test/wordpress_test/inpsyde_test/test/wp-content/plugins/plugintestslughere/tests/unit/tests/rest-api/rest-attachments-controller.php" line="944" assertions="16" time="0.265394"/>
        <testcase name="test_update_item_invalid_permissions" class="WP_Test_REST_Attachments_Controller" classname="WP_Test_REST_Attachments_Controller" file="/var/www/html/test/wordpress_test/inpsyde_test/test/wp-content/plugins/plugintestslughere/tests/unit/tests/rest-api/rest-attachments-controller.php" line="969" assertions="8" time="0.130116"/>
        <testcase name="test_update_item_invalid_post_type" class="WP_Test_REST_Attachments_Controller" classname="WP_Test_REST_Attachments_Controller" file="/var/www/html/test/wordpress_test/inpsyde_test/test/wp-content/plugins/plugintestslughere/tests/unit/tests/rest-api/rest-attachments-controller.php" line="986" assertions="8" time="0.197073"/>
        <testsuite name="WP_Test_REST_Attachments_Controller::test_post_roundtrip_as_author" tests="4" assertions="164" errors="0" failures="0" skipped="0" time="0.837633">
          <testcase name="test_post_roundtrip_as_author with data set #0" class="WP_Test_REST_Attachments_Controller" classname="WP_Test_REST_Attachments_Controller" file="/var/www/html/test/wordpress_test/inpsyde_test/test/wp-content/plugins/plugintestslughere/tests/unit/tests/rest-api/rest-attachments-controller.php" line="1180" assertions="41" time="0.210823"/>
          <testcase name="test_post_roundtrip_as_author with data set #1" class="WP_Test_REST_Attachments_Controller" classname="WP_Test_REST_Attachments_Controller" file="/var/www/html/test/wordpress_test/inpsyde_test/test/wp-content/plugins/plugintestslughere/tests/unit/tests/rest-api/rest-attachments-controller.php" line="1180" assertions="41" time="0.175058"/>
          <testcase name="test_post_roundtrip_as_author with data set #2" class="WP_Test_REST_Attachments_Controller" classname="WP_Test_REST_Attachments_Controller" file="/var/www/html/test/wordpress_test/inpsyde_test/test/wp-content/plugins/plugintestslughere/tests/unit/tests/rest-api/rest-attachments-controller.php" line="1180" assertions="41" time="0.238968"/>
          <testcase name="test_post_roundtrip_as_author with data set #3" class="WP_Test_REST_Attachments_Controller" classname="WP_Test_REST_Attachments_Controller" file="/var/www/html/test/wordpress_test/inpsyde_test/test/wp-content/plugins/plugintestslughere/tests/unit/tests/rest-api/rest-attachments-controller.php" line="1180" assertions="41" time="0.212784"/>
        </testsuite>
        <testcase name="test_attachment_roundtrip_as_editor_unfiltered_html" class="WP_Test_REST_Attachments_Controller" classname="WP_Test_REST_Attachments_Controller" file="/var/www/html/test/wordpress_test/inpsyde_test/test/wp-content/plugins/plugintestslughere/tests/unit/tests/rest-api/rest-attachments-controller.php" line="1186" assertions="41" time="0.244695"/>
        <testcase name="test_attachment_roundtrip_as_superadmin_unfiltered_html" class="WP_Test_REST_Attachments_Controller" classname="WP_Test_REST_Attachments_Controller" file="/var/www/html/test/wordpress_test/inpsyde_test/test/wp-content/plugins/plugintestslughere/tests/unit/tests/rest-api/rest-attachments-controller.php" line="1237" assertions="41" time="0.198597"/>
        <testcase name="test_delete_item" class="WP_Test_REST_Attachments_Controller" classname="WP_Test_REST_Attachments_Controller" file="/var/www/html/test/wordpress_test/inpsyde_test/test/wp-content/plugins/plugintestslughere/tests/unit/tests/rest-api/rest-attachments-controller.php" line="1263" assertions="10" time="0.166888"/>
        <testcase name="test_delete_item_no_trash" class="WP_Test_REST_Attachments_Controller" classname="WP_Test_REST_Attachments_Controller" file="/var/www/html/test/wordpress_test/inpsyde_test/test/wp-content/plugins/plugintestslughere/tests/unit/tests/rest-api/rest-attachments-controller.php" line="1279" assertions="13" time="0.152381"/>
        <testcase name="test_delete_item_invalid_delete_permissions" class="WP_Test_REST_Attachments_Controller" classname="WP_Test_REST_Attachments_Controller" file="/var/www/html/test/wordpress_test/inpsyde_test/test/wp-content/plugins/plugintestslughere/tests/unit/tests/rest-api/rest-attachments-controller.php" line="1304" assertions="8" time="0.132865"/>
        <testcase name="test_prepare_item" class="WP_Test_REST_Attachments_Controller" classname="WP_Test_REST_Attachments_Controller" file="/var/www/html/test/wordpress_test/inpsyde_test/test/wp-content/plugins/plugintestslughere/tests/unit/tests/rest-api/rest-attachments-controller.php" line="1320" assertions="85" time="0.207908"/>
        <testcase name="test_prepare_item_limit_fields" class="WP_Test_REST_Attachments_Controller" classname="WP_Test_REST_Attachments_Controller" file="/var/www/html/test/wordpress_test/inpsyde_test/test/wp-content/plugins/plugintestslughere/tests/unit/tests/rest-api/rest-attachments-controller.php" line="1339" assertions="11" time="0.121984"/>
        <testcase name="test_get_item_schema" class="WP_Test_REST_Attachments_Controller" classname="WP_Test_REST_Attachments_Controller" file="/var/www/html/test/wordpress_test/inpsyde_test/test/wp-content/plugins/plugintestslughere/tests/unit/tests/rest-api/rest-attachments-controller.php" line="1365" assertions="40" time="0.154321"/>
        <testcase name="test_get_additional_field_registration" class="WP_Test_REST_Attachments_Controller" classname="WP_Test_REST_Attachments_Controller" file="/var/www/html/test/wordpress_test/inpsyde_test/test/wp-content/plugins/plugintestslughere/tests/unit/tests/rest-api/rest-attachments-controller.php" line="1406" assertions="13" time="0.131801"/>
        <testcase name="test_additional_field_update_errors" class="WP_Test_REST_Attachments_Controller" classname="WP_Test_REST_Attachments_Controller" file="/var/www/html/test/wordpress_test/inpsyde_test/test/wp-content/plugins/plugintestslughere/tests/unit/tests/rest-api/rest-attachments-controller.php" line="1449" assertions="8" time="0.132916"/>
        <testcase name="test_search_item_by_filename" class="WP_Test_REST_Attachments_Controller" classname="WP_Test_REST_Attachments_Controller" file="/var/www/html/test/wordpress_test/inpsyde_test/test/wp-content/plugins/plugintestslughere/tests/unit/tests/rest-api/rest-attachments-controller.php" line="1493" assertions="12" time="0.174141"/>
        <testcase name="test_links_exist" class="WP_Test_REST_Attachments_Controller" classname="WP_Test_REST_Attachments_Controller" file="/var/www/html/test/wordpress_test/inpsyde_test/test/wp-content/plugins/plugintestslughere/tests/unit/tests/rest-api/rest-attachments-controller.php" line="1531" assertions="15" time="0.132963"/>
        <testcase name="test_publish_action_ldo_not_registered" class="WP_Test_REST_Attachments_Controller" classname="WP_Test_REST_Attachments_Controller" file="/var/www/html/test/wordpress_test/inpsyde_test/test/wp-content/plugins/plugintestslughere/tests/unit/tests/rest-api/rest-attachments-controller.php" line="1552" assertions="8" time="0.164901"/>
        <testcase name="test_publish_action_link_does_not_exists" class="WP_Test_REST_Attachments_Controller" classname="WP_Test_REST_Attachments_Controller" file="/var/www/html/test/wordpress_test/inpsyde_test/test/wp-content/plugins/plugintestslughere/tests/unit/tests/rest-api/rest-attachments-controller.php" line="1564" assertions="11" time="0.121541"/>
        <testcase name="test_rest_insert_attachment_hooks_fire_once_on_create" class="WP_Test_REST_Attachments_Controller" classname="WP_Test_REST_Attachments_Controller" file="/var/www/html/test/wordpress_test/inpsyde_test/test/wp-content/plugins/plugintestslughere/tests/unit/tests/rest-api/rest-attachments-controller.php" line="1714" assertions="13" time="0.187468"/>
        <testcase name="test_rest_insert_attachment_hooks_fire_once_on_update" class="WP_Test_REST_Attachments_Controller" classname="WP_Test_REST_Attachments_Controller" file="/var/www/html/test/wordpress_test/inpsyde_test/test/wp-content/plugins/plugintestslughere/tests/unit/tests/rest-api/rest-attachments-controller.php" line="1744" assertions="16" time="0.154169"/>
        <testcase name="test_create_item_with_meta_values" class="WP_Test_REST_Attachments_Controller" classname="WP_Test_REST_Attachments_Controller" file="/var/www/html/test/wordpress_test/inpsyde_test/test/wp-content/plugins/plugintestslughere/tests/unit/tests/rest-api/rest-attachments-controller.php" line="1771" assertions="12" time="0.165357"/>
        <testcase name="test_edit_image_returns_error_if_logged_out" class="WP_Test_REST_Attachments_Controller" classname="WP_Test_REST_Attachments_Controller" file="/var/www/html/test/wordpress_test/inpsyde_test/test/wp-content/plugins/plugintestslughere/tests/unit/tests/rest-api/rest-attachments-controller.php" line="1808" assertions="8" time="0.144137"/>
        <testcase name="test_edit_image_returns_error_if_cannot_upload" class="WP_Test_REST_Attachments_Controller" classname="WP_Test_REST_Attachments_Controller" file="/var/www/html/test/wordpress_test/inpsyde_test/test/wp-content/plugins/plugintestslughere/tests/unit/tests/rest-api/rest-attachments-controller.php" line="1820" assertions="8" time="0.233627"/>
        <testcase name="test_edit_image_returns_error_if_cannot_edit" class="WP_Test_REST_Attachments_Controller" classname="WP_Test_REST_Attachments_Controller" file="/var/www/html/test/wordpress_test/inpsyde_test/test/wp-content/plugins/plugintestslughere/tests/unit/tests/rest-api/rest-attachments-controller.php" line="1836" assertions="8" time="0.143390"/>
        <testcase name="test_edit_image_returns_error_if_no_attachment" class="WP_Test_REST_Attachments_Controller" classname="WP_Test_REST_Attachments_Controller" file="/var/www/html/test/wordpress_test/inpsyde_test/test/wp-content/plugins/plugintestslughere/tests/unit/tests/rest-api/rest-attachments-controller.php" line="1849" assertions="8" time="0.111180"/>
        <testcase name="test_edit_image_returns_error_if_unsupported_mime_type" class="WP_Test_REST_Attachments_Controller" classname="WP_Test_REST_Attachments_Controller" file="/var/www/html/test/wordpress_test/inpsyde_test/test/wp-content/plugins/plugintestslughere/tests/unit/tests/rest-api/rest-attachments-controller.php" line="1862" assertions="8" time="0.165199"/>
        <testcase name="test_edit_image_returns_error_if_no_edits" class="WP_Test_REST_Attachments_Controller" classname="WP_Test_REST_Attachments_Controller" file="/var/www/html/test/wordpress_test/inpsyde_test/test/wp-content/plugins/plugintestslughere/tests/unit/tests/rest-api/rest-attachments-controller.php" line="1881" assertions="8" time="0.120498"/>
        <testcase name="test_edit_image_rotate" class="WP_Test_REST_Attachments_Controller" classname="WP_Test_REST_Attachments_Controller" file="/var/www/html/test/wordpress_test/inpsyde_test/test/wp-content/plugins/plugintestslughere/tests/unit/tests/rest-api/rest-attachments-controller.php" line="1894" assertions="10" time="0.136183"/>
        <testcase name="test_edit_image_crop" class="WP_Test_REST_Attachments_Controller" classname="WP_Test_REST_Attachments_Controller" file="/var/www/html/test/wordpress_test/inpsyde_test/test/wp-content/plugins/plugintestslughere/tests/unit/tests/rest-api/rest-attachments-controller.php" line="1918" assertions="10" time="0.220983"/>
        <testcase name="test_edit_image" class="WP_Test_REST_Attachments_Controller" classname="WP_Test_REST_Attachments_Controller" file="/var/www/html/test/wordpress_test/inpsyde_test/test/wp-content/plugins/plugintestslughere/tests/unit/tests/rest-api/rest-attachments-controller.php" line="1955" assertions="0" time="0.000248">
          <skipped/>
        </testcase>
        <testcase name="test_edit_image_returns_error_if_mismatched_src" class="WP_Test_REST_Attachments_Controller" classname="WP_Test_REST_Attachments_Controller" file="/var/www/html/test/wordpress_test/inpsyde_test/test/wp-content/plugins/plugintestslughere/tests/unit/tests/rest-api/rest-attachments-controller.php" line="1981" assertions="16" time="0.195211"/>
      </testsuite>
      <testsuite name="WP_REST_Block_Directory_Controller_Test" file="/var/www/html/test/wordpress_test/inpsyde_test/test/wp-content/plugins/plugintestslughere/tests/unit/tests/rest-api/rest-block-directory-controller.php" tests="12" assertions="78" errors="0" failures="0" skipped="4" time="3.530665">
        <testcase name="test_register_routes" class="WP_REST_Block_Directory_Controller_Test" classname="WP_REST_Block_Directory_Controller_Test" file="/var/www/html/test/wordpress_test/inpsyde_test/test/wp-content/plugins/plugintestslughere/tests/unit/tests/rest-api/rest-block-directory-controller.php" line="49" assertions="5" time="0.073067"/>
        <testcase name="test_context_param" class="WP_REST_Block_Directory_Controller_Test" classname="WP_REST_Block_Directory_Controller_Test" file="/var/www/html/test/wordpress_test/inpsyde_test/test/wp-content/plugins/plugintestslughere/tests/unit/tests/rest-api/rest-block-directory-controller.php" line="58" assertions="7" time="0.064782"/>
        <testcase name="test_get_items" class="WP_REST_Block_Directory_Controller_Test" classname="WP_REST_Block_Directory_Controller_Test" file="/var/www/html/test/wordpress_test/inpsyde_test/test/wp-content/plugins/plugintestslughere/tests/unit/tests/rest-api/rest-block-directory-controller.php" line="70" assertions="6" time="1.736164"/>
        <testcase name="test_get_items_wdotorg_unavailable" class="WP_REST_Block_Directory_Controller_Test" classname="WP_REST_Block_Directory_Controller_Test" file="/var/www/html/test/wordpress_test/inpsyde_test/test/wp-content/plugins/plugintestslughere/tests/unit/tests/rest-api/rest-block-directory-controller.php" line="84" assertions="5" time="0.092399"/>
        <testcase name="test_get_items_logged_out" class="WP_REST_Block_Directory_Controller_Test" classname="WP_REST_Block_Directory_Controller_Test" file="/var/www/html/test/wordpress_test/inpsyde_test/test/wp-content/plugins/plugintestslughere/tests/unit/tests/rest-api/rest-block-directory-controller.php" line="100" assertions="6" time="0.049491"/>
        <testcase name="test_get_items_no_results" class="WP_REST_Block_Directory_Controller_Test" classname="WP_REST_Block_Directory_Controller_Test" file="/var/www/html/test/wordpress_test/inpsyde_test/test/wp-content/plugins/plugintestslughere/tests/unit/tests/rest-api/rest-block-directory-controller.php" line="110" assertions="6" time="1.181346"/>
        <testcase name="test_get_item" class="WP_REST_Block_Directory_Controller_Test" classname="WP_REST_Block_Directory_Controller_Test" file="/var/www/html/test/wordpress_test/inpsyde_test/test/wp-content/plugins/plugintestslughere/tests/unit/tests/rest-api/rest-block-directory-controller.php" line="123" assertions="4" time="0.070328">
          <skipped/>
        </testcase>
        <testcase name="test_create_item" class="WP_REST_Block_Directory_Controller_Test" classname="WP_REST_Block_Directory_Controller_Test" file="/var/www/html/test/wordpress_test/inpsyde_test/test/wp-content/plugins/plugintestslughere/tests/unit/tests/rest-api/rest-block-directory-controller.php" line="127" assertions="4" time="0.048265">
          <skipped/>
        </testcase>
        <testcase name="test_update_item" class="WP_REST_Block_Directory_Controller_Test" classname="WP_REST_Block_Directory_Controller_Test" file="/var/www/html/test/wordpress_test/inpsyde_test/test/wp-content/plugins/plugintestslughere/tests/unit/tests/rest-api/rest-block-directory-controller.php" line="131" assertions="4" time="0.045110">
          <skipped/>
        </testcase>
        <testcase name="test_delete_item" class="WP_REST_Block_Directory_Controller_Test" classname="WP_REST_Block_Directory_Controller_Test" file="/var/www/html/test/wordpress_test/inpsyde_test/test/wp-content/plugins/plugintestslughere/tests/unit/tests/rest-api/rest-block-directory-controller.php" line="135" assertions="4" time="0.043746">
          <skipped/>
        </testcase>
        <testcase name="test_prepare_item" class="WP_REST_Block_Directory_Controller_Test" classname="WP_REST_Block_Directory_Controller_Test" file="/var/www/html/test/wordpress_test/inpsyde_test/test/wp-content/plugins/plugintestslughere/tests/unit/tests/rest-api/rest-block-directory-controller.php" line="142" assertions="6" time="0.076659"/>
        <testcase name="test_get_item_schema" class="WP_REST_Block_Directory_Controller_Test" classname="WP_REST_Block_Directory_Controller_Test" file="/var/www/html/test/wordpress_test/inpsyde_test/test/wp-content/plugins/plugintestslughere/tests/unit/tests/rest-api/rest-block-directory-controller.php" line="175" assertions="21" time="0.049308"/>
      </testsuite>
      <testsuite name="REST_Block_Renderer_Controller_Test" file="/var/www/html/test/wordpress_test/inpsyde_test/test/wp-content/plugins/plugintestslughere/tests/unit/tests/rest-api/rest-block-renderer-controller.php" tests="22" assertions="139" errors="0" failures="0" skipped="6" time="1.274284">
        <testcase name="test_register_routes" class="REST_Block_Renderer_Controller_Test" classname="REST_Block_Renderer_Controller_Test" file="/var/www/html/test/wordpress_test/inpsyde_test/test/wp-content/plugins/plugintestslughere/tests/unit/tests/rest-api/rest-block-renderer-controller.php" line="263" assertions="6" time="0.068138"/>
        <testcase name="test_get_item_without_permissions" class="REST_Block_Renderer_Controller_Test" classname="REST_Block_Renderer_Controller_Test" file="/var/www/html/test/wordpress_test/inpsyde_test/test/wp-content/plugins/plugintestslughere/tests/unit/tests/rest-api/rest-block-renderer-controller.php" line="278" assertions="8" time="0.054409"/>
        <testcase name="test_get_item_with_invalid_context" class="REST_Block_Renderer_Controller_Test" classname="REST_Block_Renderer_Controller_Test" file="/var/www/html/test/wordpress_test/inpsyde_test/test/wp-content/plugins/plugintestslughere/tests/unit/tests/rest-api/rest-block-renderer-controller.php" line="294" assertions="8" time="0.052470"/>
        <testcase name="test_get_item_invalid_block_name" class="REST_Block_Renderer_Controller_Test" classname="REST_Block_Renderer_Controller_Test" file="/var/www/html/test/wordpress_test/inpsyde_test/test/wp-content/plugins/plugintestslughere/tests/unit/tests/rest-api/rest-block-renderer-controller.php" line="310" assertions="8" time="0.053569"/>
        <testcase name="test_get_item_invalid_attribute" class="REST_Block_Renderer_Controller_Test" classname="REST_Block_Renderer_Controller_Test" file="/var/www/html/test/wordpress_test/inpsyde_test/test/wp-content/plugins/plugintestslughere/tests/unit/tests/rest-api/rest-block-renderer-controller.php" line="327" assertions="5" time="0.050202"/>
        <testcase name="test_get_item_unrecognized_attribute" class="REST_Block_Renderer_Controller_Test" classname="REST_Block_Renderer_Controller_Test" file="/var/www/html/test/wordpress_test/inpsyde_test/test/wp-content/plugins/plugintestslughere/tests/unit/tests/rest-api/rest-block-renderer-controller.php" line="348" assertions="5" time="0.077194"/>
        <testcase name="test_get_item_default_attributes" class="REST_Block_Renderer_Controller_Test" classname="REST_Block_Renderer_Controller_Test" file="/var/www/html/test/wordpress_test/inpsyde_test/test/wp-content/plugins/plugintestslughere/tests/unit/tests/rest-api/rest-block-renderer-controller.php" line="369" assertions="7" time="0.051938"/>
        <testcase name="test_get_item" class="REST_Block_Renderer_Controller_Test" classname="REST_Block_Renderer_Controller_Test" file="/var/www/html/test/wordpress_test/inpsyde_test/test/wp-content/plugins/plugintestslughere/tests/unit/tests/rest-api/rest-block-renderer-controller.php" line="401" assertions="7" time="0.051384"/>
        <testcase name="test_get_item_with_pre_render_block_filter" class="REST_Block_Renderer_Controller_Test" classname="REST_Block_Renderer_Controller_Test" file="/var/www/html/test/wordpress_test/inpsyde_test/test/wp-content/plugins/plugintestslughere/tests/unit/tests/rest-api/rest-block-renderer-controller.php" line="434" assertions="6" time="0.050630"/>
        <testcase name="test_get_item_with_post_context" class="REST_Block_Renderer_Controller_Test" classname="REST_Block_Renderer_Controller_Test" file="/var/www/html/test/wordpress_test/inpsyde_test/test/wp-content/plugins/plugintestslughere/tests/unit/tests/rest-api/rest-block-renderer-controller.php" line="467" assertions="8" time="0.052530"/>
        <testcase name="test_get_item_post_request" class="REST_Block_Renderer_Controller_Test" classname="REST_Block_Renderer_Controller_Test" file="/var/www/html/test/wordpress_test/inpsyde_test/test/wp-content/plugins/plugintestslughere/tests/unit/tests/rest-api/rest-block-renderer-controller.php" line="497" assertions="6" time="0.049635"/>
        <testcase name="test_get_item_without_permissions_invalid_post" class="REST_Block_Renderer_Controller_Test" classname="REST_Block_Renderer_Controller_Test" file="/var/www/html/test/wordpress_test/inpsyde_test/test/wp-content/plugins/plugintestslughere/tests/unit/tests/rest-api/rest-block-renderer-controller.php" line="516" assertions="8" time="0.052530"/>
        <testcase name="test_get_item_without_permissions_cannot_edit_post" class="REST_Block_Renderer_Controller_Test" classname="REST_Block_Renderer_Controller_Test" file="/var/www/html/test/wordpress_test/inpsyde_test/test/wp-content/plugins/plugintestslughere/tests/unit/tests/rest-api/rest-block-renderer-controller.php" line="534" assertions="8" time="0.079889"/>
        <testcase name="test_get_item_non_dynamic_block" class="REST_Block_Renderer_Controller_Test" classname="REST_Block_Renderer_Controller_Test" file="/var/www/html/test/wordpress_test/inpsyde_test/test/wp-content/plugins/plugintestslughere/tests/unit/tests/rest-api/rest-block-renderer-controller.php" line="550" assertions="8" time="0.049532"/>
        <testcase name="test_get_sanitized_attributes_for_dynamic_block_with_boolean_attributes" class="REST_Block_Renderer_Controller_Test" classname="REST_Block_Renderer_Controller_Test" file="/var/www/html/test/wordpress_test/inpsyde_test/test/wp-content/plugins/plugintestslughere/tests/unit/tests/rest-api/rest-block-renderer-controller.php" line="563" assertions="6" time="0.050069"/>
        <testcase name="test_get_item_schema" class="REST_Block_Renderer_Controller_Test" classname="REST_Block_Renderer_Controller_Test" file="/var/www/html/test/wordpress_test/inpsyde_test/test/wp-content/plugins/plugintestslughere/tests/unit/tests/rest-api/rest-block-renderer-controller.php" line="594" assertions="11" time="0.046969"/>
        <testcase name="test_update_item" class="REST_Block_Renderer_Controller_Test" classname="REST_Block_Renderer_Controller_Test" file="/var/www/html/test/wordpress_test/inpsyde_test/test/wp-content/plugins/plugintestslughere/tests/unit/tests/rest-api/rest-block-renderer-controller.php" line="617" assertions="4" time="0.061280">
          <skipped/>
        </testcase>
        <testcase name="test_create_item" class="REST_Block_Renderer_Controller_Test" classname="REST_Block_Renderer_Controller_Test" file="/var/www/html/test/wordpress_test/inpsyde_test/test/wp-content/plugins/plugintestslughere/tests/unit/tests/rest-api/rest-block-renderer-controller.php" line="624" assertions="4" time="0.067280">
          <skipped/>
        </testcase>
        <testcase name="test_delete_item" class="REST_Block_Renderer_Controller_Test" classname="REST_Block_Renderer_Controller_Test" file="/var/www/html/test/wordpress_test/inpsyde_test/test/wp-content/plugins/plugintestslughere/tests/unit/tests/rest-api/rest-block-renderer-controller.php" line="631" assertions="4" time="0.062296">
          <skipped/>
        </testcase>
        <testcase name="test_get_items" class="REST_Block_Renderer_Controller_Test" classname="REST_Block_Renderer_Controller_Test" file="/var/www/html/test/wordpress_test/inpsyde_test/test/wp-content/plugins/plugintestslughere/tests/unit/tests/rest-api/rest-block-renderer-controller.php" line="638" assertions="4" time="0.051615">
          <skipped/>
        </testcase>
        <testcase name="test_context_param" class="REST_Block_Renderer_Controller_Test" classname="REST_Block_Renderer_Controller_Test" file="/var/www/html/test/wordpress_test/inpsyde_test/test/wp-content/plugins/plugintestslughere/tests/unit/tests/rest-api/rest-block-renderer-controller.php" line="645" assertions="4" time="0.091029">
          <skipped/>
        </testcase>
        <testcase name="test_prepare_item" class="REST_Block_Renderer_Controller_Test" classname="REST_Block_Renderer_Controller_Test" file="/var/www/html/test/wordpress_test/inpsyde_test/test/wp-content/plugins/plugintestslughere/tests/unit/tests/rest-api/rest-block-renderer-controller.php" line="652" assertions="4" time="0.049697">
          <skipped/>
        </testcase>
      </testsuite>
      <testsuite name="REST_Block_Type_Controller_Test" file="/var/www/html/test/wordpress_test/inpsyde_test/test/wp-content/plugins/plugintestslughere/tests/unit/tests/rest-api/rest-block-type-controller.php" tests="19" assertions="237" errors="0" failures="0" skipped="0" time="1.080648">
        <testcase name="test_register_routes" class="REST_Block_Type_Controller_Test" classname="REST_Block_Type_Controller_Test" file="/var/www/html/test/wordpress_test/inpsyde_test/test/wp-content/plugins/plugintestslughere/tests/unit/tests/rest-api/rest-block-type-controller.php" line="76" assertions="10" time="0.085986"/>
        <testcase name="test_context_param" class="REST_Block_Type_Controller_Test" classname="REST_Block_Type_Controller_Test" file="/var/www/html/test/wordpress_test/inpsyde_test/test/wp-content/plugins/plugintestslughere/tests/unit/tests/rest-api/rest-block-type-controller.php" line="89" assertions="9" time="0.065013"/>
        <testcase name="test_get_items" class="REST_Block_Type_Controller_Test" classname="REST_Block_Type_Controller_Test" file="/var/www/html/test/wordpress_test/inpsyde_test/test/wp-content/plugins/plugintestslughere/tests/unit/tests/rest-api/rest-block-type-controller.php" line="107" assertions="21" time="0.056815"/>
        <testcase name="test_get_item" class="REST_Block_Type_Controller_Test" classname="REST_Block_Type_Controller_Test" file="/var/www/html/test/wordpress_test/inpsyde_test/test/wp-content/plugins/plugintestslughere/tests/unit/tests/rest-api/rest-block-type-controller.php" line="121" assertions="20" time="0.052923"/>
        <testcase name="test_get_item_with_styles" class="REST_Block_Type_Controller_Test" classname="REST_Block_Type_Controller_Test" file="/var/www/html/test/wordpress_test/inpsyde_test/test/wp-content/plugins/plugintestslughere/tests/unit/tests/rest-api/rest-block-type-controller.php" line="133" assertions="8" time="0.052051"/>
        <testcase name="test_get_item_with_styles_merge" class="REST_Block_Type_Controller_Test" classname="REST_Block_Type_Controller_Test" file="/var/www/html/test/wordpress_test/inpsyde_test/test/wp-content/plugins/plugintestslughere/tests/unit/tests/rest-api/rest-block-type-controller.php" line="153" assertions="8" time="0.092927"/>
        <testcase name="test_get_block_invalid_name" class="REST_Block_Type_Controller_Test" classname="REST_Block_Type_Controller_Test" file="/var/www/html/test/wordpress_test/inpsyde_test/test/wp-content/plugins/plugintestslughere/tests/unit/tests/rest-api/rest-block-type-controller.php" line="194" assertions="8" time="0.057345"/>
        <testcase name="test_get_item_invalid" class="REST_Block_Type_Controller_Test" classname="REST_Block_Type_Controller_Test" file="/var/www/html/test/wordpress_test/inpsyde_test/test/wp-content/plugins/plugintestslughere/tests/unit/tests/rest-api/rest-block-type-controller.php" line="206" assertions="26" time="0.056308"/>
        <testcase name="test_get_item_defaults" class="REST_Block_Type_Controller_Test" classname="REST_Block_Type_Controller_Test" file="/var/www/html/test/wordpress_test/inpsyde_test/test/wp-content/plugins/plugintestslughere/tests/unit/tests/rest-api/rest-block-type-controller.php" line="257" assertions="27" time="0.058350"/>
        <testcase name="test_get_item_schema" class="REST_Block_Type_Controller_Test" classname="REST_Block_Type_Controller_Test" file="/var/www/html/test/wordpress_test/inpsyde_test/test/wp-content/plugins/plugintestslughere/tests/unit/tests/rest-api/rest-block-type-controller.php" line="309" assertions="25" time="0.053193"/>
        <testcase name="test_get_items_wrong_permission" class="REST_Block_Type_Controller_Test" classname="REST_Block_Type_Controller_Test" file="/var/www/html/test/wordpress_test/inpsyde_test/test/wp-content/plugins/plugintestslughere/tests/unit/tests/rest-api/rest-block-type-controller.php" line="340" assertions="8" time="0.049050"/>
        <testcase name="test_get_item_wrong_permission" class="REST_Block_Type_Controller_Test" classname="REST_Block_Type_Controller_Test" file="/var/www/html/test/wordpress_test/inpsyde_test/test/wp-content/plugins/plugintestslughere/tests/unit/tests/rest-api/rest-block-type-controller.php" line="350" assertions="8" time="0.050495"/>
        <testcase name="test_get_items_no_permission" class="REST_Block_Type_Controller_Test" classname="REST_Block_Type_Controller_Test" file="/var/www/html/test/wordpress_test/inpsyde_test/test/wp-content/plugins/plugintestslughere/tests/unit/tests/rest-api/rest-block-type-controller.php" line="360" assertions="8" time="0.074730"/>
        <testcase name="test_get_item_no_permission" class="REST_Block_Type_Controller_Test" classname="REST_Block_Type_Controller_Test" file="/var/www/html/test/wordpress_test/inpsyde_test/test/wp-content/plugins/plugintestslughere/tests/unit/tests/rest-api/rest-block-type-controller.php" line="370" assertions="8" time="0.048317"/>
        <testcase name="test_prepare_item" class="REST_Block_Type_Controller_Test" classname="REST_Block_Type_Controller_Test" file="/var/www/html/test/wordpress_test/inpsyde_test/test/wp-content/plugins/plugintestslughere/tests/unit/tests/rest-api/rest-block-type-controller.php" line="380" assertions="22" time="0.046462"/>
        <testcase name="test_prepare_item_limit_fields" class="REST_Block_Type_Controller_Test" classname="REST_Block_Type_Controller_Test" file="/var/www/html/test/wordpress_test/inpsyde_test/test/wp-content/plugins/plugintestslughere/tests/unit/tests/rest-api/rest-block-type-controller.php" line="398" assertions="9" time="0.045929"/>
        <testcase name="test_create_item" class="REST_Block_Type_Controller_Test" classname="REST_Block_Type_Controller_Test" file="/var/www/html/test/wordpress_test/inpsyde_test/test/wp-content/plugins/plugintestslughere/tests/unit/tests/rest-api/rest-block-type-controller.php" line="470" assertions="4" time="0.044033"/>
        <testcase name="test_update_item" class="REST_Block_Type_Controller_Test" classname="REST_Block_Type_Controller_Test" file="/var/www/html/test/wordpress_test/inpsyde_test/test/wp-content/plugins/plugintestslughere/tests/unit/tests/rest-api/rest-block-type-controller.php" line="475" assertions="4" time="0.045492"/>
        <testcase name="test_delete_item" class="REST_Block_Type_Controller_Test" classname="REST_Block_Type_Controller_Test" file="/var/www/html/test/wordpress_test/inpsyde_test/test/wp-content/plugins/plugintestslughere/tests/unit/tests/rest-api/rest-block-type-controller.php" line="480" assertions="4" time="0.045231"/>
      </testsuite>
      <testsuite name="REST_Blocks_Controller_Test" file="/var/www/html/test/wordpress_test/inpsyde_test/test/wp-content/plugins/plugintestslughere/tests/unit/tests/rest-api/rest-blocks-controller.php" tests="16" assertions="24" errors="0" failures="0" skipped="0" time="1.287447">
        <testsuite name="REST_Blocks_Controller_Test::test_capabilities" tests="15" assertions="22" errors="0" failures="0" skipped="0" time="1.252887">
          <testcase name="test_capabilities with data set #0" class="REST_Blocks_Controller_Test" classname="REST_Blocks_Controller_Test" file="/var/www/html/test/wordpress_test/inpsyde_test/test/wp-content/plugins/plugintestslughere/tests/unit/tests/rest-api/rest-blocks-controller.php" line="117" assertions="1" time="0.142281"/>
          <testcase name="test_capabilities with data set #1" class="REST_Blocks_Controller_Test" classname="REST_Blocks_Controller_Test" file="/var/www/html/test/wordpress_test/inpsyde_test/test/wp-content/plugins/plugintestslughere/tests/unit/tests/rest-api/rest-blocks-controller.php" line="117" assertions="1" time="0.164780"/>
          <testcase name="test_capabilities with data set #2" class="REST_Blocks_Controller_Test" classname="REST_Blocks_Controller_Test" file="/var/www/html/test/wordpress_test/inpsyde_test/test/wp-content/plugins/plugintestslughere/tests/unit/tests/rest-api/rest-blocks-controller.php" line="117" assertions="1" time="0.033264"/>
          <testcase name="test_capabilities with data set #3" class="REST_Blocks_Controller_Test" classname="REST_Blocks_Controller_Test" file="/var/www/html/test/wordpress_test/inpsyde_test/test/wp-content/plugins/plugintestslughere/tests/unit/tests/rest-api/rest-blocks-controller.php" line="117" assertions="1" time="0.028308"/>
          <testcase name="test_capabilities with data set #4" class="REST_Blocks_Controller_Test" classname="REST_Blocks_Controller_Test" file="/var/www/html/test/wordpress_test/inpsyde_test/test/wp-content/plugins/plugintestslughere/tests/unit/tests/rest-api/rest-blocks-controller.php" line="117" assertions="1" time="0.042356"/>
          <testcase name="test_capabilities with data set #5" class="REST_Blocks_Controller_Test" classname="REST_Blocks_Controller_Test" file="/var/www/html/test/wordpress_test/inpsyde_test/test/wp-content/plugins/plugintestslughere/tests/unit/tests/rest-api/rest-blocks-controller.php" line="117" assertions="1" time="0.039103"/>
          <testcase name="test_capabilities with data set #6" class="REST_Blocks_Controller_Test" classname="REST_Blocks_Controller_Test" file="/var/www/html/test/wordpress_test/inpsyde_test/test/wp-content/plugins/plugintestslughere/tests/unit/tests/rest-api/rest-blocks-controller.php" line="117" assertions="1" time="0.035909"/>
          <testcase name="test_capabilities with data set #7" class="REST_Blocks_Controller_Test" classname="REST_Blocks_Controller_Test" file="/var/www/html/test/wordpress_test/inpsyde_test/test/wp-content/plugins/plugintestslughere/tests/unit/tests/rest-api/rest-blocks-controller.php" line="117" assertions="1" time="0.023364"/>
          <testcase name="test_capabilities with data set #8" class="REST_Blocks_Controller_Test" classname="REST_Blocks_Controller_Test" file="/var/www/html/test/wordpress_test/inpsyde_test/test/wp-content/plugins/plugintestslughere/tests/unit/tests/rest-api/rest-blocks-controller.php" line="117" assertions="2" time="0.246570"/>
          <testcase name="test_capabilities with data set #9" class="REST_Blocks_Controller_Test" classname="REST_Blocks_Controller_Test" file="/var/www/html/test/wordpress_test/inpsyde_test/test/wp-content/plugins/plugintestslughere/tests/unit/tests/rest-api/rest-blocks-controller.php" line="117" assertions="2" time="0.153782"/>
          <testcase name="test_capabilities with data set #10" class="REST_Blocks_Controller_Test" classname="REST_Blocks_Controller_Test" file="/var/www/html/test/wordpress_test/inpsyde_test/test/wp-content/plugins/plugintestslughere/tests/unit/tests/rest-api/rest-blocks-controller.php" line="117" assertions="2" time="0.098477"/>
          <testcase name="test_capabilities with data set #11" class="REST_Blocks_Controller_Test" classname="REST_Blocks_Controller_Test" file="/var/www/html/test/wordpress_test/inpsyde_test/test/wp-content/plugins/plugintestslughere/tests/unit/tests/rest-api/rest-blocks-controller.php" line="117" assertions="2" time="0.110398"/>
          <testcase name="test_capabilities with data set #12" class="REST_Blocks_Controller_Test" classname="REST_Blocks_Controller_Test" file="/var/www/html/test/wordpress_test/inpsyde_test/test/wp-content/plugins/plugintestslughere/tests/unit/tests/rest-api/rest-blocks-controller.php" line="117" assertions="2" time="0.061506"/>
          <testcase name="test_capabilities with data set #13" class="REST_Blocks_Controller_Test" classname="REST_Blocks_Controller_Test" file="/var/www/html/test/wordpress_test/inpsyde_test/test/wp-content/plugins/plugintestslughere/tests/unit/tests/rest-api/rest-blocks-controller.php" line="117" assertions="2" time="0.038114"/>
          <testcase name="test_capabilities with data set #14" class="REST_Blocks_Controller_Test" classname="REST_Blocks_Controller_Test" file="/var/www/html/test/wordpress_test/inpsyde_test/test/wp-content/plugins/plugintestslughere/tests/unit/tests/rest-api/rest-blocks-controller.php" line="117" assertions="2" time="0.034675"/>
        </testsuite>
        <testcase name="test_content" class="REST_Blocks_Controller_Test" classname="REST_Blocks_Controller_Test" file="/var/www/html/test/wordpress_test/inpsyde_test/test/wp-content/plugins/plugintestslughere/tests/unit/tests/rest-api/rest-blocks-controller.php" line="208" assertions="2" time="0.034560"/>
      </testsuite>
      <testsuite name="WP_Test_REST_Categories_Controller" file="/var/www/html/test/wordpress_test/inpsyde_test/test/wp-content/plugins/plugintestslughere/tests/unit/tests/rest-api/rest-categories-controller.php" tests="61" assertions="1840" errors="0" failures="0" skipped="0" time="9.997777">
        <testcase name="test_register_routes" class="WP_Test_REST_Categories_Controller" classname="WP_Test_REST_Categories_Controller" file="/var/www/html/test/wordpress_test/inpsyde_test/test/wp-content/plugins/plugintestslughere/tests/unit/tests/rest-api/rest-categories-controller.php" line="109" assertions="6" time="0.064804"/>
        <testcase name="test_context_param" class="WP_Test_REST_Categories_Controller" classname="WP_Test_REST_Categories_Controller" file="/var/www/html/test/wordpress_test/inpsyde_test/test/wp-content/plugins/plugintestslughere/tests/unit/tests/rest-api/rest-categories-controller.php" line="115" assertions="10" time="0.121452"/>
        <testcase name="test_registered_query_params" class="WP_Test_REST_Categories_Controller" classname="WP_Test_REST_Categories_Controller" file="/var/www/html/test/wordpress_test/inpsyde_test/test/wp-content/plugins/plugintestslughere/tests/unit/tests/rest-api/rest-categories-controller.php" line="131" assertions="7" time="0.068868"/>
        <testcase name="test_get_items" class="WP_Test_REST_Categories_Controller" classname="WP_Test_REST_Categories_Controller" file="/var/www/html/test/wordpress_test/inpsyde_test/test/wp-content/plugins/plugintestslughere/tests/unit/tests/rest-api/rest-categories-controller.php" line="156" assertions="133" time="0.204618"/>
        <testcase name="test_get_items_invalid_permission_for_context" class="WP_Test_REST_Categories_Controller" classname="WP_Test_REST_Categories_Controller" file="/var/www/html/test/wordpress_test/inpsyde_test/test/wp-content/plugins/plugintestslughere/tests/unit/tests/rest-api/rest-categories-controller.php" line="163" assertions="8" time="0.063457"/>
        <testcase name="test_get_items_hide_empty_arg" class="WP_Test_REST_Categories_Controller" classname="WP_Test_REST_Categories_Controller" file="/var/www/html/test/wordpress_test/inpsyde_test/test/wp-content/plugins/plugintestslughere/tests/unit/tests/rest-api/rest-categories-controller.php" line="172" assertions="146" time="0.542267"/>
        <testcase name="test_get_items_parent_zero_arg" class="WP_Test_REST_Categories_Controller" classname="WP_Test_REST_Categories_Controller" file="/var/www/html/test/wordpress_test/inpsyde_test/test/wp-content/plugins/plugintestslughere/tests/unit/tests/rest-api/rest-categories-controller.php" line="197" assertions="135" time="0.351958"/>
        <testcase name="test_get_items_parent_zero_arg_string" class="WP_Test_REST_Categories_Controller" classname="WP_Test_REST_Categories_Controller" file="/var/www/html/test/wordpress_test/inpsyde_test/test/wp-content/plugins/plugintestslughere/tests/unit/tests/rest-api/rest-categories-controller.php" line="229" assertions="135" time="0.440508"/>
        <testcase name="test_get_items_by_parent_non_found" class="WP_Test_REST_Categories_Controller" classname="WP_Test_REST_Categories_Controller" file="/var/www/html/test/wordpress_test/inpsyde_test/test/wp-content/plugins/plugintestslughere/tests/unit/tests/rest-api/rest-categories-controller.php" line="261" assertions="7" time="0.197581"/>
        <testcase name="test_get_items_invalid_page" class="WP_Test_REST_Categories_Controller" classname="WP_Test_REST_Categories_Controller" file="/var/www/html/test/wordpress_test/inpsyde_test/test/wp-content/plugins/plugintestslughere/tests/unit/tests/rest-api/rest-categories-controller.php" line="274" assertions="9" time="0.064082"/>
        <testcase name="test_get_items_include_query" class="WP_Test_REST_Categories_Controller" classname="WP_Test_REST_Categories_Controller" file="/var/www/html/test/wordpress_test/inpsyde_test/test/wp-content/plugins/plugintestslughere/tests/unit/tests/rest-api/rest-categories-controller.php" line="284" assertions="26" time="0.166408"/>
        <testcase name="test_get_items_exclude_query" class="WP_Test_REST_Categories_Controller" classname="WP_Test_REST_Categories_Controller" file="/var/www/html/test/wordpress_test/inpsyde_test/test/wp-content/plugins/plugintestslughere/tests/unit/tests/rest-api/rest-categories-controller.php" line="305" assertions="262" time="0.417992"/>
        <testcase name="test_get_items_orderby_args" class="WP_Test_REST_Categories_Controller" classname="WP_Test_REST_Categories_Controller" file="/var/www/html/test/wordpress_test/inpsyde_test/test/wp-content/plugins/plugintestslughere/tests/unit/tests/rest-api/rest-categories-controller.php" line="325" assertions="24" time="0.153850"/>
        <testcase name="test_get_items_orderby_id" class="WP_Test_REST_Categories_Controller" classname="WP_Test_REST_Categories_Controller" file="/var/www/html/test/wordpress_test/inpsyde_test/test/wp-content/plugins/plugintestslughere/tests/unit/tests/rest-api/rest-categories-controller.php" line="356" assertions="139" time="0.308563"/>
        <testcase name="test_get_items_orderby_slugs" class="WP_Test_REST_Categories_Controller" classname="WP_Test_REST_Categories_Controller" file="/var/www/html/test/wordpress_test/inpsyde_test/test/wp-content/plugins/plugintestslughere/tests/unit/tests/rest-api/rest-categories-controller.php" line="392" assertions="21" time="0.242766"/>
        <testcase name="test_get_items_post_args" class="WP_Test_REST_Categories_Controller" classname="WP_Test_REST_Categories_Controller" file="/var/www/html/test/wordpress_test/inpsyde_test/test/wp-content/plugins/plugintestslughere/tests/unit/tests/rest-api/rest-categories-controller.php" line="433" assertions="20" time="0.330094"/>
        <testcase name="test_get_items_post_ordered_by_description" class="WP_Test_REST_Categories_Controller" classname="WP_Test_REST_Categories_Controller" file="/var/www/html/test/wordpress_test/inpsyde_test/test/wp-content/plugins/plugintestslughere/tests/unit/tests/rest-api/rest-categories-controller.php" line="449" assertions="36" time="0.208616"/>
        <testcase name="test_get_items_post_ordered_by_id" class="WP_Test_REST_Categories_Controller" classname="WP_Test_REST_Categories_Controller" file="/var/www/html/test/wordpress_test/inpsyde_test/test/wp-content/plugins/plugintestslughere/tests/unit/tests/rest-api/rest-categories-controller.php" line="475" assertions="20" time="0.198071"/>
        <testcase name="test_get_items_custom_tax_post_args" class="WP_Test_REST_Categories_Controller" classname="WP_Test_REST_Categories_Controller" file="/var/www/html/test/wordpress_test/inpsyde_test/test/wp-content/plugins/plugintestslughere/tests/unit/tests/rest-api/rest-categories-controller.php" line="490" assertions="16" time="0.186304"/>
        <testcase name="test_get_items_search_args" class="WP_Test_REST_Categories_Controller" classname="WP_Test_REST_Categories_Controller" file="/var/www/html/test/wordpress_test/inpsyde_test/test/wp-content/plugins/plugintestslughere/tests/unit/tests/rest-api/rest-categories-controller.php" line="525" assertions="15" time="0.165017"/>
        <testcase name="test_get_items_slug_arg" class="WP_Test_REST_Categories_Controller" classname="WP_Test_REST_Categories_Controller" file="/var/www/html/test/wordpress_test/inpsyde_test/test/wp-content/plugins/plugintestslughere/tests/unit/tests/rest-api/rest-categories-controller.php" line="549" assertions="12" time="0.250515"/>
        <testcase name="test_get_terms_parent_arg" class="WP_Test_REST_Categories_Controller" classname="WP_Test_REST_Categories_Controller" file="/var/www/html/test/wordpress_test/inpsyde_test/test/wp-content/plugins/plugintestslughere/tests/unit/tests/rest-api/rest-categories-controller.php" line="562" assertions="12" time="0.179633"/>
        <testcase name="test_get_terms_invalid_parent_arg" class="WP_Test_REST_Categories_Controller" classname="WP_Test_REST_Categories_Controller" file="/var/www/html/test/wordpress_test/inpsyde_test/test/wp-content/plugins/plugintestslughere/tests/unit/tests/rest-api/rest-categories-controller.php" line="579" assertions="8" time="0.064842"/>
        <testcase name="test_get_terms_private_taxonomy" class="WP_Test_REST_Categories_Controller" classname="WP_Test_REST_Categories_Controller" file="/var/www/html/test/wordpress_test/inpsyde_test/test/wp-content/plugins/plugintestslughere/tests/unit/tests/rest-api/rest-categories-controller.php" line="586" assertions="8" time="0.273152"/>
        <testcase name="test_get_terms_invalid_taxonomy" class="WP_Test_REST_Categories_Controller" classname="WP_Test_REST_Categories_Controller" file="/var/www/html/test/wordpress_test/inpsyde_test/test/wp-content/plugins/plugintestslughere/tests/unit/tests/rest-api/rest-categories-controller.php" line="606" assertions="8" time="0.070104"/>
        <testcase name="test_get_terms_pagination_headers" class="WP_Test_REST_Categories_Controller" classname="WP_Test_REST_Categories_Controller" file="/var/www/html/test/wordpress_test/inpsyde_test/test/wp-content/plugins/plugintestslughere/tests/unit/tests/rest-api/rest-categories-controller.php" line="612" assertions="117" time="0.260119"/>
        <testcase name="test_get_items_per_page_exceeds_number_of_items" class="WP_Test_REST_Categories_Controller" classname="WP_Test_REST_Categories_Controller" file="/var/www/html/test/wordpress_test/inpsyde_test/test/wp-content/plugins/plugintestslughere/tests/unit/tests/rest-api/rest-categories-controller.php" line="693" assertions="132" time="0.262827"/>
        <testcase name="test_get_item" class="WP_Test_REST_Categories_Controller" classname="WP_Test_REST_Categories_Controller" file="/var/www/html/test/wordpress_test/inpsyde_test/test/wp-content/plugins/plugintestslughere/tests/unit/tests/rest-api/rest-categories-controller.php" line="714" assertions="20" time="0.071236"/>
        <testcase name="test_get_item_meta" class="WP_Test_REST_Categories_Controller" classname="WP_Test_REST_Categories_Controller" file="/var/www/html/test/wordpress_test/inpsyde_test/test/wp-content/plugins/plugintestslughere/tests/unit/tests/rest-api/rest-categories-controller.php" line="723" assertions="17" time="0.106409"/>
        <testcase name="test_get_item_meta_registered_for_different_taxonomy" class="WP_Test_REST_Categories_Controller" classname="WP_Test_REST_Categories_Controller" file="/var/www/html/test/wordpress_test/inpsyde_test/test/wp-content/plugins/plugintestslughere/tests/unit/tests/rest-api/rest-categories-controller.php" line="743" assertions="10" time="0.074667"/>
        <testcase name="test_get_term_invalid_taxonomy" class="WP_Test_REST_Categories_Controller" classname="WP_Test_REST_Categories_Controller" file="/var/www/html/test/wordpress_test/inpsyde_test/test/wp-content/plugins/plugintestslughere/tests/unit/tests/rest-api/rest-categories-controller.php" line="753" assertions="8" time="0.064307"/>
        <testcase name="test_get_term_invalid_term" class="WP_Test_REST_Categories_Controller" classname="WP_Test_REST_Categories_Controller" file="/var/www/html/test/wordpress_test/inpsyde_test/test/wp-content/plugins/plugintestslughere/tests/unit/tests/rest-api/rest-categories-controller.php" line="759" assertions="8" time="0.065758"/>
        <testcase name="test_get_item_invalid_permission_for_context" class="WP_Test_REST_Categories_Controller" classname="WP_Test_REST_Categories_Controller" file="/var/www/html/test/wordpress_test/inpsyde_test/test/wp-content/plugins/plugintestslughere/tests/unit/tests/rest-api/rest-categories-controller.php" line="765" assertions="8" time="0.063740"/>
        <testcase name="test_get_term_private_taxonomy" class="WP_Test_REST_Categories_Controller" classname="WP_Test_REST_Categories_Controller" file="/var/www/html/test/wordpress_test/inpsyde_test/test/wp-content/plugins/plugintestslughere/tests/unit/tests/rest-api/rest-categories-controller.php" line="774" assertions="8" time="0.101073"/>
        <testcase name="test_get_item_incorrect_taxonomy" class="WP_Test_REST_Categories_Controller" classname="WP_Test_REST_Categories_Controller" file="/var/www/html/test/wordpress_test/inpsyde_test/test/wp-content/plugins/plugintestslughere/tests/unit/tests/rest-api/rest-categories-controller.php" line="788" assertions="8" time="0.098702"/>
        <testcase name="test_create_item" class="WP_Test_REST_Categories_Controller" classname="WP_Test_REST_Categories_Controller" file="/var/www/html/test/wordpress_test/inpsyde_test/test/wp-content/plugins/plugintestslughere/tests/unit/tests/rest-api/rest-categories-controller.php" line="802" assertions="14" time="0.188176"/>
        <testcase name="test_create_item_term_already_exists" class="WP_Test_REST_Categories_Controller" classname="WP_Test_REST_Categories_Controller" file="/var/www/html/test/wordpress_test/inpsyde_test/test/wp-content/plugins/plugintestslughere/tests/unit/tests/rest-api/rest-categories-controller.php" line="822" assertions="7" time="0.187381"/>
        <testcase name="test_create_item_invalid_taxonomy" class="WP_Test_REST_Categories_Controller" classname="WP_Test_REST_Categories_Controller" file="/var/www/html/test/wordpress_test/inpsyde_test/test/wp-content/plugins/plugintestslughere/tests/unit/tests/rest-api/rest-categories-controller.php" line="839" assertions="8" time="0.061259"/>
        <testcase name="test_create_item_incorrect_permissions" class="WP_Test_REST_Categories_Controller" classname="WP_Test_REST_Categories_Controller" file="/var/www/html/test/wordpress_test/inpsyde_test/test/wp-content/plugins/plugintestslughere/tests/unit/tests/rest-api/rest-categories-controller.php" line="848" assertions="8" time="0.067063"/>
        <testcase name="test_create_item_incorrect_permissions_contributor" class="WP_Test_REST_Categories_Controller" classname="WP_Test_REST_Categories_Controller" file="/var/www/html/test/wordpress_test/inpsyde_test/test/wp-content/plugins/plugintestslughere/tests/unit/tests/rest-api/rest-categories-controller.php" line="857" assertions="8" time="0.065095"/>
        <testcase name="test_create_item_missing_arguments" class="WP_Test_REST_Categories_Controller" classname="WP_Test_REST_Categories_Controller" file="/var/www/html/test/wordpress_test/inpsyde_test/test/wp-content/plugins/plugintestslughere/tests/unit/tests/rest-api/rest-categories-controller.php" line="866" assertions="8" time="0.061477"/>
        <testcase name="test_create_item_with_parent" class="WP_Test_REST_Categories_Controller" classname="WP_Test_REST_Categories_Controller" file="/var/www/html/test/wordpress_test/inpsyde_test/test/wp-content/plugins/plugintestslughere/tests/unit/tests/rest-api/rest-categories-controller.php" line="874" assertions="12" time="0.128536"/>
        <testcase name="test_create_item_invalid_parent" class="WP_Test_REST_Categories_Controller" classname="WP_Test_REST_Categories_Controller" file="/var/www/html/test/wordpress_test/inpsyde_test/test/wp-content/plugins/plugintestslughere/tests/unit/tests/rest-api/rest-categories-controller.php" line="888" assertions="8" time="0.120094"/>
        <testcase name="test_create_item_with_no_parent" class="WP_Test_REST_Categories_Controller" classname="WP_Test_REST_Categories_Controller" file="/var/www/html/test/wordpress_test/inpsyde_test/test/wp-content/plugins/plugintestslughere/tests/unit/tests/rest-api/rest-categories-controller.php" line="900" assertions="11" time="0.164438"/>
        <testcase name="test_update_item" class="WP_Test_REST_Categories_Controller" classname="WP_Test_REST_Categories_Controller" file="/var/www/html/test/wordpress_test/inpsyde_test/test/wp-content/plugins/plugintestslughere/tests/unit/tests/rest-api/rest-categories-controller.php" line="914" assertions="15" time="0.329411"/>
        <testcase name="test_update_item_invalid_taxonomy" class="WP_Test_REST_Categories_Controller" classname="WP_Test_REST_Categories_Controller" file="/var/www/html/test/wordpress_test/inpsyde_test/test/wp-content/plugins/plugintestslughere/tests/unit/tests/rest-api/rest-categories-controller.php" line="948" assertions="8" time="0.064091"/>
        <testcase name="test_update_item_invalid_term" class="WP_Test_REST_Categories_Controller" classname="WP_Test_REST_Categories_Controller" file="/var/www/html/test/wordpress_test/inpsyde_test/test/wp-content/plugins/plugintestslughere/tests/unit/tests/rest-api/rest-categories-controller.php" line="957" assertions="8" time="0.068665"/>
        <testcase name="test_update_item_incorrect_permissions" class="WP_Test_REST_Categories_Controller" classname="WP_Test_REST_Categories_Controller" file="/var/www/html/test/wordpress_test/inpsyde_test/test/wp-content/plugins/plugintestslughere/tests/unit/tests/rest-api/rest-categories-controller.php" line="966" assertions="8" time="0.130333"/>
        <testcase name="test_update_item_parent" class="WP_Test_REST_Categories_Controller" classname="WP_Test_REST_Categories_Controller" file="/var/www/html/test/wordpress_test/inpsyde_test/test/wp-content/plugins/plugintestslughere/tests/unit/tests/rest-api/rest-categories-controller.php" line="977" assertions="11" time="0.154413"/>
        <testcase name="test_update_item_remove_parent" class="WP_Test_REST_Categories_Controller" classname="WP_Test_REST_Categories_Controller" file="/var/www/html/test/wordpress_test/inpsyde_test/test/wp-content/plugins/plugintestslughere/tests/unit/tests/rest-api/rest-categories-controller.php" line="992" assertions="11" time="0.208967"/>
        <testcase name="test_update_item_invalid_parent" class="WP_Test_REST_Categories_Controller" classname="WP_Test_REST_Categories_Controller" file="/var/www/html/test/wordpress_test/inpsyde_test/test/wp-content/plugins/plugintestslughere/tests/unit/tests/rest-api/rest-categories-controller.php" line="1019" assertions="8" time="0.330885"/>
        <testcase name="test_delete_item" class="WP_Test_REST_Categories_Controller" classname="WP_Test_REST_Categories_Controller" file="/var/www/html/test/wordpress_test/inpsyde_test/test/wp-content/plugins/plugintestslughere/tests/unit/tests/rest-api/rest-categories-controller.php" line="1030" assertions="11" time="0.142179"/>
        <testcase name="test_delete_item_no_trash" class="WP_Test_REST_Categories_Controller" classname="WP_Test_REST_Categories_Controller" file="/var/www/html/test/wordpress_test/inpsyde_test/test/wp-content/plugins/plugintestslughere/tests/unit/tests/rest-api/rest-categories-controller.php" line="1044" assertions="12" time="0.198154"/>
        <testcase name="test_delete_item_invalid_taxonomy" class="WP_Test_REST_Categories_Controller" classname="WP_Test_REST_Categories_Controller" file="/var/www/html/test/wordpress_test/inpsyde_test/test/wp-content/plugins/plugintestslughere/tests/unit/tests/rest-api/rest-categories-controller.php" line="1058" assertions="8" time="0.062758"/>
        <testcase name="test_delete_item_invalid_term" class="WP_Test_REST_Categories_Controller" classname="WP_Test_REST_Categories_Controller" file="/var/www/html/test/wordpress_test/inpsyde_test/test/wp-content/plugins/plugintestslughere/tests/unit/tests/rest-api/rest-categories-controller.php" line="1066" assertions="8" time="0.054472"/>
        <testcase name="test_delete_item_incorrect_permissions" class="WP_Test_REST_Categories_Controller" classname="WP_Test_REST_Categories_Controller" file="/var/www/html/test/wordpress_test/inpsyde_test/test/wp-content/plugins/plugintestslughere/tests/unit/tests/rest-api/rest-categories-controller.php" line="1074" assertions="8" time="0.146665"/>
        <testcase name="test_prepare_item" class="WP_Test_REST_Categories_Controller" classname="WP_Test_REST_Categories_Controller" file="/var/www/html/test/wordpress_test/inpsyde_test/test/wp-content/plugins/plugintestslughere/tests/unit/tests/rest-api/rest-categories-controller.php" line="1083" assertions="19" time="0.061703"/>
        <testcase name="test_prepare_item_limit_fields" class="WP_Test_REST_Categories_Controller" classname="WP_Test_REST_Categories_Controller" file="/var/www/html/test/wordpress_test/inpsyde_test/test/wp-content/plugins/plugintestslughere/tests/unit/tests/rest-api/rest-categories-controller.php" line="1093" assertions="9" time="0.062165"/>
        <testcase name="test_prepare_taxonomy_term_child" class="WP_Test_REST_Categories_Controller" classname="WP_Test_REST_Categories_Controller" file="/var/www/html/test/wordpress_test/inpsyde_test/test/wp-content/plugins/plugintestslughere/tests/unit/tests/rest-api/rest-categories-controller.php" line="1108" assertions="23" time="0.238341"/>
        <testcase name="test_get_item_schema" class="WP_Test_REST_Categories_Controller" classname="WP_Test_REST_Categories_Controller" file="/var/www/html/test/wordpress_test/inpsyde_test/test/wp-content/plugins/plugintestslughere/tests/unit/tests/rest-api/rest-categories-controller.php" line="1128" assertions="17" time="0.064138"/>
        <testcase name="test_get_additional_field_registration" class="WP_Test_REST_Categories_Controller" classname="WP_Test_REST_Categories_Controller" file="/var/www/html/test/wordpress_test/inpsyde_test/test/wp-content/plugins/plugintestslughere/tests/unit/tests/rest-api/rest-categories-controller.php" line="1146" assertions="13" time="0.132557"/>
      </testsuite>
      <testsuite name="WP_Test_REST_Comments_Controller" file="/var/www/html/test/wordpress_test/inpsyde_test/test/wp-content/plugins/plugintestslughere/tests/unit/tests/rest-api/rest-comments-controller.php" tests="139" assertions="2951" errors="0" failures="0" skipped="0" time="20.111279">
        <testcase name="test_register_routes" class="WP_Test_REST_Comments_Controller" classname="WP_Test_REST_Comments_Controller" file="/var/www/html/test/wordpress_test/inpsyde_test/test/wp-content/plugins/plugintestslughere/tests/unit/tests/rest-api/rest-comments-controller.php" line="161" assertions="8" time="0.054563"/>
        <testcase name="test_context_param" class="WP_Test_REST_Comments_Controller" classname="WP_Test_REST_Comments_Controller" file="/var/www/html/test/wordpress_test/inpsyde_test/test/wp-content/plugins/plugintestslughere/tests/unit/tests/rest-api/rest-comments-controller.php" line="170" assertions="10" time="0.060104"/>
        <testcase name="test_registered_query_params" class="WP_Test_REST_Comments_Controller" classname="WP_Test_REST_Comments_Controller" file="/var/www/html/test/wordpress_test/inpsyde_test/test/wp-content/plugins/plugintestslughere/tests/unit/tests/rest-api/rest-comments-controller.php" line="185" assertions="7" time="0.059327"/>
        <testcase name="test_get_items" class="WP_Test_REST_Comments_Controller" classname="WP_Test_REST_Comments_Controller" file="/var/www/html/test/wordpress_test/inpsyde_test/test/wp-content/plugins/plugintestslughere/tests/unit/tests/rest-api/rest-comments-controller.php" line="218" assertions="97" time="0.283504"/>
        <testcase name="test_get_items_with_password" class="WP_Test_REST_Comments_Controller" classname="WP_Test_REST_Comments_Controller" file="/var/www/html/test/wordpress_test/inpsyde_test/test/wp-content/plugins/plugintestslughere/tests/unit/tests/rest-api/rest-comments-controller.php" line="232" assertions="10" time="0.112762"/>
        <testcase name="test_get_items_with_password_without_post" class="WP_Test_REST_Comments_Controller" classname="WP_Test_REST_Comments_Controller" file="/var/www/html/test/wordpress_test/inpsyde_test/test/wp-content/plugins/plugintestslughere/tests/unit/tests/rest-api/rest-comments-controller.php" line="256" assertions="34" time="0.186793"/>
        <testcase name="test_get_items_with_password_with_multiple_post" class="WP_Test_REST_Comments_Controller" classname="WP_Test_REST_Comments_Controller" file="/var/www/html/test/wordpress_test/inpsyde_test/test/wp-content/plugins/plugintestslughere/tests/unit/tests/rest-api/rest-comments-controller.php" line="279" assertions="8" time="0.109467"/>
        <testcase name="test_get_password_items_without_edit_post_permission" class="WP_Test_REST_Comments_Controller" classname="WP_Test_REST_Comments_Controller" file="/var/www/html/test/wordpress_test/inpsyde_test/test/wp-content/plugins/plugintestslughere/tests/unit/tests/rest-api/rest-comments-controller.php" line="297" assertions="34" time="0.175423"/>
        <testcase name="test_get_password_items_with_edit_post_permission" class="WP_Test_REST_Comments_Controller" classname="WP_Test_REST_Comments_Controller" file="/var/www/html/test/wordpress_test/inpsyde_test/test/wp-content/plugins/plugintestslughere/tests/unit/tests/rest-api/rest-comments-controller.php" line="316" assertions="37" time="0.175937"/>
        <testcase name="test_get_items_without_private_post_permission" class="WP_Test_REST_Comments_Controller" classname="WP_Test_REST_Comments_Controller" file="/var/www/html/test/wordpress_test/inpsyde_test/test/wp-content/plugins/plugintestslughere/tests/unit/tests/rest-api/rest-comments-controller.php" line="335" assertions="34" time="0.253076"/>
        <testcase name="test_get_items_with_private_post_permission" class="WP_Test_REST_Comments_Controller" classname="WP_Test_REST_Comments_Controller" file="/var/www/html/test/wordpress_test/inpsyde_test/test/wp-content/plugins/plugintestslughere/tests/unit/tests/rest-api/rest-comments-controller.php" line="354" assertions="37" time="0.220955"/>
        <testcase name="test_get_items_with_invalid_post" class="WP_Test_REST_Comments_Controller" classname="WP_Test_REST_Comments_Controller" file="/var/www/html/test/wordpress_test/inpsyde_test/test/wp-content/plugins/plugintestslughere/tests/unit/tests/rest-api/rest-comments-controller.php" line="373" assertions="34" time="0.319284"/>
        <testcase name="test_get_items_with_invalid_post_permission" class="WP_Test_REST_Comments_Controller" classname="WP_Test_REST_Comments_Controller" file="/var/www/html/test/wordpress_test/inpsyde_test/test/wp-content/plugins/plugintestslughere/tests/unit/tests/rest-api/rest-comments-controller.php" line="394" assertions="36" time="0.176098"/>
        <testcase name="test_get_items_no_permission_for_context" class="WP_Test_REST_Comments_Controller" classname="WP_Test_REST_Comments_Controller" file="/var/www/html/test/wordpress_test/inpsyde_test/test/wp-content/plugins/plugintestslughere/tests/unit/tests/rest-api/rest-comments-controller.php" line="415" assertions="8" time="0.056744"/>
        <testcase name="test_get_items_no_post" class="WP_Test_REST_Comments_Controller" classname="WP_Test_REST_Comments_Controller" file="/var/www/html/test/wordpress_test/inpsyde_test/test/wp-content/plugins/plugintestslughere/tests/unit/tests/rest-api/rest-comments-controller.php" line="424" assertions="11" time="0.250464"/>
        <testcase name="test_get_items_no_permission_for_no_post" class="WP_Test_REST_Comments_Controller" classname="WP_Test_REST_Comments_Controller" file="/var/www/html/test/wordpress_test/inpsyde_test/test/wp-content/plugins/plugintestslughere/tests/unit/tests/rest-api/rest-comments-controller.php" line="437" assertions="8" time="0.059081"/>
        <testcase name="test_get_items_edit_context" class="WP_Test_REST_Comments_Controller" classname="WP_Test_REST_Comments_Controller" file="/var/www/html/test/wordpress_test/inpsyde_test/test/wp-content/plugins/plugintestslughere/tests/unit/tests/rest-api/rest-comments-controller.php" line="446" assertions="36" time="0.120846"/>
        <testcase name="test_get_items_for_post" class="WP_Test_REST_Comments_Controller" classname="WP_Test_REST_Comments_Controller" file="/var/www/html/test/wordpress_test/inpsyde_test/test/wp-content/plugins/plugintestslughere/tests/unit/tests/rest-api/rest-comments-controller.php" line="455" assertions="13" time="0.159771"/>
        <testcase name="test_get_items_include_query" class="WP_Test_REST_Comments_Controller" classname="WP_Test_REST_Comments_Controller" file="/var/www/html/test/wordpress_test/inpsyde_test/test/wp-content/plugins/plugintestslughere/tests/unit/tests/rest-api/rest-comments-controller.php" line="473" assertions="30" time="0.197509"/>
        <testcase name="test_get_items_exclude_query" class="WP_Test_REST_Comments_Controller" classname="WP_Test_REST_Comments_Controller" file="/var/www/html/test/wordpress_test/inpsyde_test/test/wp-content/plugins/plugintestslughere/tests/unit/tests/rest-api/rest-comments-controller.php" line="513" assertions="74" time="0.231425"/>
        <testcase name="test_get_items_offset_query" class="WP_Test_REST_Comments_Controller" classname="WP_Test_REST_Comments_Controller" file="/var/www/html/test/wordpress_test/inpsyde_test/test/wp-content/plugins/plugintestslughere/tests/unit/tests/rest-api/rest-comments-controller.php" line="544" assertions="113" time="0.270050"/>
        <testcase name="test_get_items_order_query" class="WP_Test_REST_Comments_Controller" classname="WP_Test_REST_Comments_Controller" file="/var/www/html/test/wordpress_test/inpsyde_test/test/wp-content/plugins/plugintestslughere/tests/unit/tests/rest-api/rest-comments-controller.php" line="569" assertions="72" time="0.237156"/>
        <testcase name="test_get_items_private_post_no_permissions" class="WP_Test_REST_Comments_Controller" classname="WP_Test_REST_Comments_Controller" file="/var/www/html/test/wordpress_test/inpsyde_test/test/wp-content/plugins/plugintestslughere/tests/unit/tests/rest-api/rest-comments-controller.php" line="598" assertions="8" time="0.240987"/>
        <testcase name="test_get_items_author_arg" class="WP_Test_REST_Comments_Controller" classname="WP_Test_REST_Comments_Controller" file="/var/www/html/test/wordpress_test/inpsyde_test/test/wp-content/plugins/plugintestslughere/tests/unit/tests/rest-api/rest-comments-controller.php" line="609" assertions="30" time="0.165499"/>
        <testcase name="test_get_items_author_exclude_arg" class="WP_Test_REST_Comments_Controller" classname="WP_Test_REST_Comments_Controller" file="/var/www/html/test/wordpress_test/inpsyde_test/test/wp-content/plugins/plugintestslughere/tests/unit/tests/rest-api/rest-comments-controller.php" line="652" assertions="311" time="0.637895"/>
        <testcase name="test_get_items_parent_arg" class="WP_Test_REST_Comments_Controller" classname="WP_Test_REST_Comments_Controller" file="/var/www/html/test/wordpress_test/inpsyde_test/test/wp-content/plugins/plugintestslughere/tests/unit/tests/rest-api/rest-comments-controller.php" line="707" assertions="132" time="0.395922"/>
        <testcase name="test_get_items_parent_exclude_arg" class="WP_Test_REST_Comments_Controller" classname="WP_Test_REST_Comments_Controller" file="/var/www/html/test/wordpress_test/inpsyde_test/test/wp-content/plugins/plugintestslughere/tests/unit/tests/rest-api/rest-comments-controller.php" line="743" assertions="320" time="0.693985"/>
        <testcase name="test_get_items_search_query" class="WP_Test_REST_Comments_Controller" classname="WP_Test_REST_Comments_Controller" file="/var/www/html/test/wordpress_test/inpsyde_test/test/wp-content/plugins/plugintestslughere/tests/unit/tests/rest-api/rest-comments-controller.php" line="779" assertions="105" time="0.308261"/>
        <testcase name="test_get_comments_pagination_headers" class="WP_Test_REST_Comments_Controller" classname="WP_Test_REST_Comments_Controller" file="/var/www/html/test/wordpress_test/inpsyde_test/test/wp-content/plugins/plugintestslughere/tests/unit/tests/rest-api/rest-comments-controller.php" line="806" assertions="92" time="0.307837"/>
        <testcase name="test_get_comments_invalid_date" class="WP_Test_REST_Comments_Controller" classname="WP_Test_REST_Comments_Controller" file="/var/www/html/test/wordpress_test/inpsyde_test/test/wp-content/plugins/plugintestslughere/tests/unit/tests/rest-api/rest-comments-controller.php" line="889" assertions="8" time="0.059130"/>
        <testcase name="test_get_comments_valid_date" class="WP_Test_REST_Comments_Controller" classname="WP_Test_REST_Comments_Controller" file="/var/www/html/test/wordpress_test/inpsyde_test/test/wp-content/plugins/plugintestslughere/tests/unit/tests/rest-api/rest-comments-controller.php" line="897" assertions="10" time="0.115964"/>
        <testcase name="test_get_item" class="WP_Test_REST_Comments_Controller" classname="WP_Test_REST_Comments_Controller" file="/var/www/html/test/wordpress_test/inpsyde_test/test/wp-content/plugins/plugintestslughere/tests/unit/tests/rest-api/rest-comments-controller.php" line="926" assertions="24" time="0.067628"/>
        <testcase name="test_prepare_item" class="WP_Test_REST_Comments_Controller" classname="WP_Test_REST_Comments_Controller" file="/var/www/html/test/wordpress_test/inpsyde_test/test/wp-content/plugins/plugintestslughere/tests/unit/tests/rest-api/rest-comments-controller.php" line="936" assertions="24" time="0.111657"/>
        <testcase name="test_prepare_item_limit_fields" class="WP_Test_REST_Comments_Controller" classname="WP_Test_REST_Comments_Controller" file="/var/www/html/test/wordpress_test/inpsyde_test/test/wp-content/plugins/plugintestslughere/tests/unit/tests/rest-api/rest-comments-controller.php" line="953" assertions="8" time="0.057020"/>
        <testcase name="test_get_comment_author_avatar_urls" class="WP_Test_REST_Comments_Controller" classname="WP_Test_REST_Comments_Controller" file="/var/www/html/test/wordpress_test/inpsyde_test/test/wp-content/plugins/plugintestslughere/tests/unit/tests/rest-api/rest-comments-controller.php" line="971" assertions="11" time="0.064129"/>
        <testcase name="test_get_comment_invalid_id" class="WP_Test_REST_Comments_Controller" classname="WP_Test_REST_Comments_Controller" file="/var/www/html/test/wordpress_test/inpsyde_test/test/wp-content/plugins/plugintestslughere/tests/unit/tests/rest-api/rest-comments-controller.php" line="987" assertions="8" time="0.056011"/>
        <testcase name="test_get_comment_invalid_context" class="WP_Test_REST_Comments_Controller" classname="WP_Test_REST_Comments_Controller" file="/var/www/html/test/wordpress_test/inpsyde_test/test/wp-content/plugins/plugintestslughere/tests/unit/tests/rest-api/rest-comments-controller.php" line="994" assertions="8" time="0.062557"/>
        <testcase name="test_get_comment_invalid_post_id" class="WP_Test_REST_Comments_Controller" classname="WP_Test_REST_Comments_Controller" file="/var/www/html/test/wordpress_test/inpsyde_test/test/wp-content/plugins/plugintestslughere/tests/unit/tests/rest-api/rest-comments-controller.php" line="1003" assertions="8" time="0.095161"/>
        <testcase name="test_get_comment_invalid_post_id_as_admin" class="WP_Test_REST_Comments_Controller" classname="WP_Test_REST_Comments_Controller" file="/var/www/html/test/wordpress_test/inpsyde_test/test/wp-content/plugins/plugintestslughere/tests/unit/tests/rest-api/rest-comments-controller.php" line="1018" assertions="8" time="0.115439"/>
        <testcase name="test_get_comment_not_approved" class="WP_Test_REST_Comments_Controller" classname="WP_Test_REST_Comments_Controller" file="/var/www/html/test/wordpress_test/inpsyde_test/test/wp-content/plugins/plugintestslughere/tests/unit/tests/rest-api/rest-comments-controller.php" line="1033" assertions="8" time="0.109545"/>
        <testcase name="test_get_comment_not_approved_same_user" class="WP_Test_REST_Comments_Controller" classname="WP_Test_REST_Comments_Controller" file="/var/www/html/test/wordpress_test/inpsyde_test/test/wp-content/plugins/plugintestslughere/tests/unit/tests/rest-api/rest-comments-controller.php" line="1041" assertions="9" time="0.082408"/>
        <testcase name="test_get_comment_with_children_link" class="WP_Test_REST_Comments_Controller" classname="WP_Test_REST_Comments_Controller" file="/var/www/html/test/wordpress_test/inpsyde_test/test/wp-content/plugins/plugintestslughere/tests/unit/tests/rest-api/rest-comments-controller.php" line="1049" assertions="11" time="0.109536"/>
        <testcase name="test_get_comment_without_children_link" class="WP_Test_REST_Comments_Controller" classname="WP_Test_REST_Comments_Controller" file="/var/www/html/test/wordpress_test/inpsyde_test/test/wp-content/plugins/plugintestslughere/tests/unit/tests/rest-api/rest-comments-controller.php" line="1073" assertions="10" time="0.121211"/>
        <testcase name="test_get_comment_with_password_without_edit_post_permission" class="WP_Test_REST_Comments_Controller" classname="WP_Test_REST_Comments_Controller" file="/var/www/html/test/wordpress_test/inpsyde_test/test/wp-content/plugins/plugintestslughere/tests/unit/tests/rest-api/rest-comments-controller.php" line="1088" assertions="8" time="0.109702"/>
        <testcase name="test_get_comment_with_password_with_valid_password" class="WP_Test_REST_Comments_Controller" classname="WP_Test_REST_Comments_Controller" file="/var/www/html/test/wordpress_test/inpsyde_test/test/wp-content/plugins/plugintestslughere/tests/unit/tests/rest-api/rest-comments-controller.php" line="1106" assertions="8" time="0.120937"/>
        <testcase name="test_create_item" class="WP_Test_REST_Comments_Controller" classname="WP_Test_REST_Comments_Controller" file="/var/www/html/test/wordpress_test/inpsyde_test/test/wp-content/plugins/plugintestslughere/tests/unit/tests/rest-api/rest-comments-controller.php" line="1123" assertions="28" time="0.120634"/>
        <testsuite name="WP_Test_REST_Comments_Controller::test_create_comment_date" tests="4" assertions="56" errors="0" failures="0" skipped="0" time="0.614000">
          <testcase name="test_create_comment_date with data set &quot;set date without timezone&quot;" class="WP_Test_REST_Comments_Controller" classname="WP_Test_REST_Comments_Controller" file="/var/www/html/test/wordpress_test/inpsyde_test/test/wp-content/plugins/plugintestslughere/tests/unit/tests/rest-api/rest-comments-controller.php" line="1197" assertions="14" time="0.120327"/>
          <testcase name="test_create_comment_date with data set &quot;set date_gmt without timezone&quot;" class="WP_Test_REST_Comments_Controller" classname="WP_Test_REST_Comments_Controller" file="/var/www/html/test/wordpress_test/inpsyde_test/test/wp-content/plugins/plugintestslughere/tests/unit/tests/rest-api/rest-comments-controller.php" line="1197" assertions="14" time="0.230292"/>
          <testcase name="test_create_comment_date with data set &quot;set date with timezone&quot;" class="WP_Test_REST_Comments_Controller" classname="WP_Test_REST_Comments_Controller" file="/var/www/html/test/wordpress_test/inpsyde_test/test/wp-content/plugins/plugintestslughere/tests/unit/tests/rest-api/rest-comments-controller.php" line="1197" assertions="14" time="0.132244"/>
          <testcase name="test_create_comment_date with data set &quot;set date_gmt with timezone&quot;" class="WP_Test_REST_Comments_Controller" classname="WP_Test_REST_Comments_Controller" file="/var/www/html/test/wordpress_test/inpsyde_test/test/wp-content/plugins/plugintestslughere/tests/unit/tests/rest-api/rest-comments-controller.php" line="1197" assertions="14" time="0.131137"/>
        </testsuite>
        <testcase name="test_create_item_using_accepted_content_raw_value" class="WP_Test_REST_Comments_Controller" classname="WP_Test_REST_Comments_Controller" file="/var/www/html/test/wordpress_test/inpsyde_test/test/wp-content/plugins/plugintestslughere/tests/unit/tests/rest-api/rest-comments-controller.php" line="1228" assertions="10" time="0.120769"/>
        <testcase name="test_create_item_error_from_filter" class="WP_Test_REST_Comments_Controller" classname="WP_Test_REST_Comments_Controller" file="/var/www/html/test/wordpress_test/inpsyde_test/test/wp-content/plugins/plugintestslughere/tests/unit/tests/rest-api/rest-comments-controller.php" line="1253" assertions="8" time="0.067544"/>
        <testcase name="test_create_comment_missing_required_author_name" class="WP_Test_REST_Comments_Controller" classname="WP_Test_REST_Comments_Controller" file="/var/www/html/test/wordpress_test/inpsyde_test/test/wp-content/plugins/plugintestslughere/tests/unit/tests/rest-api/rest-comments-controller.php" line="1279" assertions="8" time="0.097051"/>
        <testcase name="test_create_comment_empty_required_author_name" class="WP_Test_REST_Comments_Controller" classname="WP_Test_REST_Comments_Controller" file="/var/www/html/test/wordpress_test/inpsyde_test/test/wp-content/plugins/plugintestslughere/tests/unit/tests/rest-api/rest-comments-controller.php" line="1298" assertions="8" time="0.153387"/>
        <testcase name="test_create_comment_missing_required_author_email" class="WP_Test_REST_Comments_Controller" classname="WP_Test_REST_Comments_Controller" file="/var/www/html/test/wordpress_test/inpsyde_test/test/wp-content/plugins/plugintestslughere/tests/unit/tests/rest-api/rest-comments-controller.php" line="1318" assertions="8" time="0.165945"/>
        <testcase name="test_create_comment_empty_required_author_email" class="WP_Test_REST_Comments_Controller" classname="WP_Test_REST_Comments_Controller" file="/var/www/html/test/wordpress_test/inpsyde_test/test/wp-content/plugins/plugintestslughere/tests/unit/tests/rest-api/rest-comments-controller.php" line="1337" assertions="8" time="0.132031"/>
        <testcase name="test_create_comment_author_email_too_short" class="WP_Test_REST_Comments_Controller" classname="WP_Test_REST_Comments_Controller" file="/var/www/html/test/wordpress_test/inpsyde_test/test/wp-content/plugins/plugintestslughere/tests/unit/tests/rest-api/rest-comments-controller.php" line="1357" assertions="9" time="0.057142"/>
        <testcase name="test_create_item_invalid_no_content" class="WP_Test_REST_Comments_Controller" classname="WP_Test_REST_Comments_Controller" file="/var/www/html/test/wordpress_test/inpsyde_test/test/wp-content/plugins/plugintestslughere/tests/unit/tests/rest-api/rest-comments-controller.php" line="1378" assertions="12" time="0.071003"/>
        <testcase name="test_create_item_invalid_date" class="WP_Test_REST_Comments_Controller" classname="WP_Test_REST_Comments_Controller" file="/var/www/html/test/wordpress_test/inpsyde_test/test/wp-content/plugins/plugintestslughere/tests/unit/tests/rest-api/rest-comments-controller.php" line="1401" assertions="8" time="0.060487"/>
        <testcase name="test_create_item_assign_different_user" class="WP_Test_REST_Comments_Controller" classname="WP_Test_REST_Comments_Controller" file="/var/www/html/test/wordpress_test/inpsyde_test/test/wp-content/plugins/plugintestslughere/tests/unit/tests/rest-api/rest-comments-controller.php" line="1422" assertions="12" time="0.195445"/>
        <testcase name="test_create_comment_without_type" class="WP_Test_REST_Comments_Controller" classname="WP_Test_REST_Comments_Controller" file="/var/www/html/test/wordpress_test/inpsyde_test/test/wp-content/plugins/plugintestslughere/tests/unit/tests/rest-api/rest-comments-controller.php" line="1453" assertions="17" time="0.163352"/>
        <testcase name="test_create_comment_with_invalid_type" class="WP_Test_REST_Comments_Controller" classname="WP_Test_REST_Comments_Controller" file="/var/www/html/test/wordpress_test/inpsyde_test/test/wp-content/plugins/plugintestslughere/tests/unit/tests/rest-api/rest-comments-controller.php" line="1491" assertions="8" time="0.198467"/>
        <testcase name="test_create_comment_invalid_email" class="WP_Test_REST_Comments_Controller" classname="WP_Test_REST_Comments_Controller" file="/var/www/html/test/wordpress_test/inpsyde_test/test/wp-content/plugins/plugintestslughere/tests/unit/tests/rest-api/rest-comments-controller.php" line="1515" assertions="8" time="0.219525"/>
        <testcase name="test_create_item_current_user" class="WP_Test_REST_Comments_Controller" classname="WP_Test_REST_Comments_Controller" file="/var/www/html/test/wordpress_test/inpsyde_test/test/wp-content/plugins/plugintestslughere/tests/unit/tests/rest-api/rest-comments-controller.php" line="1538" assertions="14" time="0.198270"/>
        <testcase name="test_create_comment_other_user" class="WP_Test_REST_Comments_Controller" classname="WP_Test_REST_Comments_Controller" file="/var/www/html/test/wordpress_test/inpsyde_test/test/wp-content/plugins/plugintestslughere/tests/unit/tests/rest-api/rest-comments-controller.php" line="1574" assertions="14" time="0.130564"/>
        <testcase name="test_create_comment_other_user_without_permission" class="WP_Test_REST_Comments_Controller" classname="WP_Test_REST_Comments_Controller" file="/var/www/html/test/wordpress_test/inpsyde_test/test/wp-content/plugins/plugintestslughere/tests/unit/tests/rest-api/rest-comments-controller.php" line="1599" assertions="8" time="0.063285"/>
        <testcase name="test_create_comment_invalid_post" class="WP_Test_REST_Comments_Controller" classname="WP_Test_REST_Comments_Controller" file="/var/www/html/test/wordpress_test/inpsyde_test/test/wp-content/plugins/plugintestslughere/tests/unit/tests/rest-api/rest-comments-controller.php" line="1619" assertions="8" time="0.060832"/>
        <testcase name="test_create_comment_status_without_permission" class="WP_Test_REST_Comments_Controller" classname="WP_Test_REST_Comments_Controller" file="/var/www/html/test/wordpress_test/inpsyde_test/test/wp-content/plugins/plugintestslughere/tests/unit/tests/rest-api/rest-comments-controller.php" line="1639" assertions="8" time="0.058331"/>
        <testcase name="test_create_comment_with_status_IP_and_user_agent" class="WP_Test_REST_Comments_Controller" classname="WP_Test_REST_Comments_Controller" file="/var/www/html/test/wordpress_test/inpsyde_test/test/wp-content/plugins/plugintestslughere/tests/unit/tests/rest-api/rest-comments-controller.php" line="1660" assertions="12" time="0.994782"/>
        <testcase name="test_create_comment_user_agent_header" class="WP_Test_REST_Comments_Controller" classname="WP_Test_REST_Comments_Controller" file="/var/www/html/test/wordpress_test/inpsyde_test/test/wp-content/plugins/plugintestslughere/tests/unit/tests/rest-api/rest-comments-controller.php" line="1689" assertions="10" time="0.219054"/>
        <testcase name="test_create_comment_author_ip" class="WP_Test_REST_Comments_Controller" classname="WP_Test_REST_Comments_Controller" file="/var/www/html/test/wordpress_test/inpsyde_test/test/wp-content/plugins/plugintestslughere/tests/unit/tests/rest-api/rest-comments-controller.php" line="1714" assertions="9" time="0.132328"/>
        <testcase name="test_create_comment_invalid_author_IP" class="WP_Test_REST_Comments_Controller" classname="WP_Test_REST_Comments_Controller" file="/var/www/html/test/wordpress_test/inpsyde_test/test/wp-content/plugins/plugintestslughere/tests/unit/tests/rest-api/rest-comments-controller.php" line="1735" assertions="8" time="0.103267"/>
        <testcase name="test_create_comment_author_ip_no_permission" class="WP_Test_REST_Comments_Controller" classname="WP_Test_REST_Comments_Controller" file="/var/www/html/test/wordpress_test/inpsyde_test/test/wp-content/plugins/plugintestslughere/tests/unit/tests/rest-api/rest-comments-controller.php" line="1755" assertions="8" time="0.061789"/>
        <testcase name="test_create_comment_author_ip_defaults_to_remote_addr" class="WP_Test_REST_Comments_Controller" classname="WP_Test_REST_Comments_Controller" file="/var/www/html/test/wordpress_test/inpsyde_test/test/wp-content/plugins/plugintestslughere/tests/unit/tests/rest-api/rest-comments-controller.php" line="1774" assertions="9" time="0.132946"/>
        <testcase name="test_create_comment_no_post_id" class="WP_Test_REST_Comments_Controller" classname="WP_Test_REST_Comments_Controller" file="/var/www/html/test/wordpress_test/inpsyde_test/test/wp-content/plugins/plugintestslughere/tests/unit/tests/rest-api/rest-comments-controller.php" line="1796" assertions="8" time="0.067290"/>
        <testcase name="test_create_comment_no_post_id_no_permission" class="WP_Test_REST_Comments_Controller" classname="WP_Test_REST_Comments_Controller" file="/var/www/html/test/wordpress_test/inpsyde_test/test/wp-content/plugins/plugintestslughere/tests/unit/tests/rest-api/rest-comments-controller.php" line="1816" assertions="8" time="0.100038"/>
        <testcase name="test_create_comment_invalid_post_id" class="WP_Test_REST_Comments_Controller" classname="WP_Test_REST_Comments_Controller" file="/var/www/html/test/wordpress_test/inpsyde_test/test/wp-content/plugins/plugintestslughere/tests/unit/tests/rest-api/rest-comments-controller.php" line="1835" assertions="8" time="0.064359"/>
        <testcase name="test_create_comment_draft_post" class="WP_Test_REST_Comments_Controller" classname="WP_Test_REST_Comments_Controller" file="/var/www/html/test/wordpress_test/inpsyde_test/test/wp-content/plugins/plugintestslughere/tests/unit/tests/rest-api/rest-comments-controller.php" line="1855" assertions="8" time="0.062640"/>
        <testcase name="test_create_comment_trash_post" class="WP_Test_REST_Comments_Controller" classname="WP_Test_REST_Comments_Controller" file="/var/www/html/test/wordpress_test/inpsyde_test/test/wp-content/plugins/plugintestslughere/tests/unit/tests/rest-api/rest-comments-controller.php" line="1875" assertions="8" time="0.061921"/>
        <testcase name="test_create_comment_private_post_invalid_permission" class="WP_Test_REST_Comments_Controller" classname="WP_Test_REST_Comments_Controller" file="/var/www/html/test/wordpress_test/inpsyde_test/test/wp-content/plugins/plugintestslughere/tests/unit/tests/rest-api/rest-comments-controller.php" line="1896" assertions="8" time="0.057725"/>
        <testcase name="test_create_comment_password_post_invalid_permission" class="WP_Test_REST_Comments_Controller" classname="WP_Test_REST_Comments_Controller" file="/var/www/html/test/wordpress_test/inpsyde_test/test/wp-content/plugins/plugintestslughere/tests/unit/tests/rest-api/rest-comments-controller.php" line="1916" assertions="8" time="0.061004"/>
        <testcase name="test_create_item_duplicate" class="WP_Test_REST_Comments_Controller" classname="WP_Test_REST_Comments_Controller" file="/var/www/html/test/wordpress_test/inpsyde_test/test/wp-content/plugins/plugintestslughere/tests/unit/tests/rest-api/rest-comments-controller.php" line="1936" assertions="5" time="0.124777"/>
        <testcase name="test_create_comment_closed" class="WP_Test_REST_Comments_Controller" classname="WP_Test_REST_Comments_Controller" file="/var/www/html/test/wordpress_test/inpsyde_test/test/wp-content/plugins/plugintestslughere/tests/unit/tests/rest-api/rest-comments-controller.php" line="1963" assertions="5" time="0.198397"/>
        <testcase name="test_create_comment_require_login" class="WP_Test_REST_Comments_Controller" classname="WP_Test_REST_Comments_Controller" file="/var/www/html/test/wordpress_test/inpsyde_test/test/wp-content/plugins/plugintestslughere/tests/unit/tests/rest-api/rest-comments-controller.php" line="1984" assertions="6" time="0.108660"/>
        <testcase name="test_create_item_invalid_author" class="WP_Test_REST_Comments_Controller" classname="WP_Test_REST_Comments_Controller" file="/var/www/html/test/wordpress_test/inpsyde_test/test/wp-content/plugins/plugintestslughere/tests/unit/tests/rest-api/rest-comments-controller.php" line="1998" assertions="8" time="0.067301"/>
        <testcase name="test_create_item_pull_author_info" class="WP_Test_REST_Comments_Controller" classname="WP_Test_REST_Comments_Controller" file="/var/www/html/test/wordpress_test/inpsyde_test/test/wp-content/plugins/plugintestslughere/tests/unit/tests/rest-api/rest-comments-controller.php" line="2015" assertions="13" time="0.129917"/>
        <testcase name="test_create_comment_two_times" class="WP_Test_REST_Comments_Controller" classname="WP_Test_REST_Comments_Controller" file="/var/www/html/test/wordpress_test/inpsyde_test/test/wp-content/plugins/plugintestslughere/tests/unit/tests/rest-api/rest-comments-controller.php" line="2038" assertions="10" time="0.143004"/>
        <testcase name="test_allow_anonymous_comments_null" class="WP_Test_REST_Comments_Controller" classname="WP_Test_REST_Comments_Controller" file="/var/www/html/test/wordpress_test/inpsyde_test/test/wp-content/plugins/plugintestslughere/tests/unit/tests/rest-api/rest-comments-controller.php" line="2077" assertions="8" time="0.058817"/>
        <testcase name="test_create_comment_author_name_too_long" class="WP_Test_REST_Comments_Controller" classname="WP_Test_REST_Comments_Controller" file="/var/www/html/test/wordpress_test/inpsyde_test/test/wp-content/plugins/plugintestslughere/tests/unit/tests/rest-api/rest-comments-controller.php" line="2102" assertions="8" time="0.081825"/>
        <testcase name="test_create_comment_author_email_too_long" class="WP_Test_REST_Comments_Controller" classname="WP_Test_REST_Comments_Controller" file="/var/www/html/test/wordpress_test/inpsyde_test/test/wp-content/plugins/plugintestslughere/tests/unit/tests/rest-api/rest-comments-controller.php" line="2126" assertions="8" time="0.105798"/>
        <testcase name="test_create_comment_author_url_too_long" class="WP_Test_REST_Comments_Controller" classname="WP_Test_REST_Comments_Controller" file="/var/www/html/test/wordpress_test/inpsyde_test/test/wp-content/plugins/plugintestslughere/tests/unit/tests/rest-api/rest-comments-controller.php" line="2150" assertions="8" time="0.066904"/>
        <testcase name="test_create_comment_content_too_long" class="WP_Test_REST_Comments_Controller" classname="WP_Test_REST_Comments_Controller" file="/var/www/html/test/wordpress_test/inpsyde_test/test/wp-content/plugins/plugintestslughere/tests/unit/tests/rest-api/rest-comments-controller.php" line="2174" assertions="8" time="0.295992"/>
        <testcase name="test_create_comment_without_password" class="WP_Test_REST_Comments_Controller" classname="WP_Test_REST_Comments_Controller" file="/var/www/html/test/wordpress_test/inpsyde_test/test/wp-content/plugins/plugintestslughere/tests/unit/tests/rest-api/rest-comments-controller.php" line="2195" assertions="8" time="0.064948"/>
        <testcase name="test_create_comment_with_password" class="WP_Test_REST_Comments_Controller" classname="WP_Test_REST_Comments_Controller" file="/var/www/html/test/wordpress_test/inpsyde_test/test/wp-content/plugins/plugintestslughere/tests/unit/tests/rest-api/rest-comments-controller.php" line="2215" assertions="9" time="0.103679"/>
        <testcase name="test_update_item" class="WP_Test_REST_Comments_Controller" classname="WP_Test_REST_Comments_Controller" file="/var/www/html/test/wordpress_test/inpsyde_test/test/wp-content/plugins/plugintestslughere/tests/unit/tests/rest-api/rest-comments-controller.php" line="2235" assertions="18" time="0.132154"/>
        <testsuite name="WP_Test_REST_Comments_Controller::test_update_comment_date" tests="4" assertions="44" errors="0" failures="0" skipped="0" time="0.483153">
          <testcase name="test_update_comment_date with data set &quot;set date without timezone&quot;" class="WP_Test_REST_Comments_Controller" classname="WP_Test_REST_Comments_Controller" file="/var/www/html/test/wordpress_test/inpsyde_test/test/wp-content/plugins/plugintestslughere/tests/unit/tests/rest-api/rest-comments-controller.php" line="2275" assertions="11" time="0.110192"/>
          <testcase name="test_update_comment_date with data set &quot;set date_gmt without timezone&quot;" class="WP_Test_REST_Comments_Controller" classname="WP_Test_REST_Comments_Controller" file="/var/www/html/test/wordpress_test/inpsyde_test/test/wp-content/plugins/plugintestslughere/tests/unit/tests/rest-api/rest-comments-controller.php" line="2275" assertions="11" time="0.152878"/>
          <testcase name="test_update_comment_date with data set &quot;set date with timezone&quot;" class="WP_Test_REST_Comments_Controller" classname="WP_Test_REST_Comments_Controller" file="/var/www/html/test/wordpress_test/inpsyde_test/test/wp-content/plugins/plugintestslughere/tests/unit/tests/rest-api/rest-comments-controller.php" line="2275" assertions="11" time="0.111217"/>
          <testcase name="test_update_comment_date with data set &quot;set date_gmt with timezone&quot;" class="WP_Test_REST_Comments_Controller" classname="WP_Test_REST_Comments_Controller" file="/var/www/html/test/wordpress_test/inpsyde_test/test/wp-content/plugins/plugintestslughere/tests/unit/tests/rest-api/rest-comments-controller.php" line="2275" assertions="11" time="0.108866"/>
        </testsuite>
        <testcase name="test_update_item_no_content" class="WP_Test_REST_Comments_Controller" classname="WP_Test_REST_Comments_Controller" file="/var/www/html/test/wordpress_test/inpsyde_test/test/wp-content/plugins/plugintestslughere/tests/unit/tests/rest-api/rest-comments-controller.php" line="2306" assertions="12" time="0.241895"/>
        <testcase name="test_update_item_no_change" class="WP_Test_REST_Comments_Controller" classname="WP_Test_REST_Comments_Controller" file="/var/www/html/test/wordpress_test/inpsyde_test/test/wp-content/plugins/plugintestslughere/tests/unit/tests/rest-api/rest-comments-controller.php" line="2325" assertions="12" time="0.131259"/>
        <testcase name="test_update_comment_status" class="WP_Test_REST_Comments_Controller" classname="WP_Test_REST_Comments_Controller" file="/var/www/html/test/wordpress_test/inpsyde_test/test/wp-content/plugins/plugintestslughere/tests/unit/tests/rest-api/rest-comments-controller.php" line="2342" assertions="10" time="0.120802"/>
        <testcase name="test_update_comment_field_does_not_use_default_values" class="WP_Test_REST_Comments_Controller" classname="WP_Test_REST_Comments_Controller" file="/var/www/html/test/wordpress_test/inpsyde_test/test/wp-content/plugins/plugintestslughere/tests/unit/tests/rest-api/rest-comments-controller.php" line="2369" assertions="11" time="0.120629"/>
        <testcase name="test_update_comment_date_gmt" class="WP_Test_REST_Comments_Controller" classname="WP_Test_REST_Comments_Controller" file="/var/www/html/test/wordpress_test/inpsyde_test/test/wp-content/plugins/plugintestslughere/tests/unit/tests/rest-api/rest-comments-controller.php" line="2398" assertions="10" time="0.120578"/>
        <testcase name="test_update_comment_author_email_only" class="WP_Test_REST_Comments_Controller" classname="WP_Test_REST_Comments_Controller" file="/var/www/html/test/wordpress_test/inpsyde_test/test/wp-content/plugins/plugintestslughere/tests/unit/tests/rest-api/rest-comments-controller.php" line="2419" assertions="8" time="0.153777"/>
        <testcase name="test_update_comment_empty_author_name" class="WP_Test_REST_Comments_Controller" classname="WP_Test_REST_Comments_Controller" file="/var/www/html/test/wordpress_test/inpsyde_test/test/wp-content/plugins/plugintestslughere/tests/unit/tests/rest-api/rest-comments-controller.php" line="2438" assertions="8" time="0.110249"/>
        <testcase name="test_update_comment_author_name_only" class="WP_Test_REST_Comments_Controller" classname="WP_Test_REST_Comments_Controller" file="/var/www/html/test/wordpress_test/inpsyde_test/test/wp-content/plugins/plugintestslughere/tests/unit/tests/rest-api/rest-comments-controller.php" line="2458" assertions="8" time="0.220046"/>
        <testcase name="test_update_comment_empty_author_email" class="WP_Test_REST_Comments_Controller" classname="WP_Test_REST_Comments_Controller" file="/var/www/html/test/wordpress_test/inpsyde_test/test/wp-content/plugins/plugintestslughere/tests/unit/tests/rest-api/rest-comments-controller.php" line="2477" assertions="8" time="0.131185"/>
        <testcase name="test_update_comment_author_email_too_short" class="WP_Test_REST_Comments_Controller" classname="WP_Test_REST_Comments_Controller" file="/var/www/html/test/wordpress_test/inpsyde_test/test/wp-content/plugins/plugintestslughere/tests/unit/tests/rest-api/rest-comments-controller.php" line="2497" assertions="9" time="0.063599"/>
        <testcase name="test_update_comment_invalid_type" class="WP_Test_REST_Comments_Controller" classname="WP_Test_REST_Comments_Controller" file="/var/www/html/test/wordpress_test/inpsyde_test/test/wp-content/plugins/plugintestslughere/tests/unit/tests/rest-api/rest-comments-controller.php" line="2517" assertions="8" time="0.063714"/>
        <testcase name="test_update_comment_with_raw_property" class="WP_Test_REST_Comments_Controller" classname="WP_Test_REST_Comments_Controller" file="/var/www/html/test/wordpress_test/inpsyde_test/test/wp-content/plugins/plugintestslughere/tests/unit/tests/rest-api/rest-comments-controller.php" line="2532" assertions="9" time="0.124614"/>
        <testcase name="test_update_item_invalid_date" class="WP_Test_REST_Comments_Controller" classname="WP_Test_REST_Comments_Controller" file="/var/www/html/test/wordpress_test/inpsyde_test/test/wp-content/plugins/plugintestslughere/tests/unit/tests/rest-api/rest-comments-controller.php" line="2554" assertions="8" time="0.100662"/>
        <testcase name="test_update_item_invalid_date_gmt" class="WP_Test_REST_Comments_Controller" classname="WP_Test_REST_Comments_Controller" file="/var/www/html/test/wordpress_test/inpsyde_test/test/wp-content/plugins/plugintestslughere/tests/unit/tests/rest-api/rest-comments-controller.php" line="2570" assertions="8" time="0.065892"/>
        <testcase name="test_update_comment_invalid_id" class="WP_Test_REST_Comments_Controller" classname="WP_Test_REST_Comments_Controller" file="/var/www/html/test/wordpress_test/inpsyde_test/test/wp-content/plugins/plugintestslughere/tests/unit/tests/rest-api/rest-comments-controller.php" line="2586" assertions="8" time="0.062352"/>
        <testcase name="test_update_comment_invalid_post_id" class="WP_Test_REST_Comments_Controller" classname="WP_Test_REST_Comments_Controller" file="/var/www/html/test/wordpress_test/inpsyde_test/test/wp-content/plugins/plugintestslughere/tests/unit/tests/rest-api/rest-comments-controller.php" line="2601" assertions="8" time="0.063549"/>
        <testcase name="test_update_comment_invalid_permission" class="WP_Test_REST_Comments_Controller" classname="WP_Test_REST_Comments_Controller" file="/var/www/html/test/wordpress_test/inpsyde_test/test/wp-content/plugins/plugintestslughere/tests/unit/tests/rest-api/rest-comments-controller.php" line="2611" assertions="8" time="0.059207"/>
        <testcase name="test_update_comment_when_can_moderate_comments" class="WP_Test_REST_Comments_Controller" classname="WP_Test_REST_Comments_Controller" file="/var/www/html/test/wordpress_test/inpsyde_test/test/wp-content/plugins/plugintestslughere/tests/unit/tests/rest-api/rest-comments-controller.php" line="2629" assertions="11" time="0.141156"/>
        <testcase name="test_update_comment_private_post_invalid_permission" class="WP_Test_REST_Comments_Controller" classname="WP_Test_REST_Comments_Controller" file="/var/www/html/test/wordpress_test/inpsyde_test/test/wp-content/plugins/plugintestslughere/tests/unit/tests/rest-api/rest-comments-controller.php" line="2652" assertions="8" time="0.119881"/>
        <testcase name="test_update_comment_with_children_link" class="WP_Test_REST_Comments_Controller" classname="WP_Test_REST_Comments_Controller" file="/var/www/html/test/wordpress_test/inpsyde_test/test/wp-content/plugins/plugintestslughere/tests/unit/tests/rest-api/rest-comments-controller.php" line="2675" assertions="23" time="0.197825"/>
        <testcase name="test_update_comment_author_name_too_long" class="WP_Test_REST_Comments_Controller" classname="WP_Test_REST_Comments_Controller" file="/var/www/html/test/wordpress_test/inpsyde_test/test/wp-content/plugins/plugintestslughere/tests/unit/tests/rest-api/rest-comments-controller.php" line="2717" assertions="8" time="0.064877"/>
        <testcase name="test_update_comment_author_email_too_long" class="WP_Test_REST_Comments_Controller" classname="WP_Test_REST_Comments_Controller" file="/var/www/html/test/wordpress_test/inpsyde_test/test/wp-content/plugins/plugintestslughere/tests/unit/tests/rest-api/rest-comments-controller.php" line="2737" assertions="8" time="0.065374"/>
        <testcase name="test_update_comment_author_url_too_long" class="WP_Test_REST_Comments_Controller" classname="WP_Test_REST_Comments_Controller" file="/var/www/html/test/wordpress_test/inpsyde_test/test/wp-content/plugins/plugintestslughere/tests/unit/tests/rest-api/rest-comments-controller.php" line="2757" assertions="8" time="0.067617"/>
        <testcase name="test_update_comment_content_too_long" class="WP_Test_REST_Comments_Controller" classname="WP_Test_REST_Comments_Controller" file="/var/www/html/test/wordpress_test/inpsyde_test/test/wp-content/plugins/plugintestslughere/tests/unit/tests/rest-api/rest-comments-controller.php" line="2777" assertions="8" time="0.295118"/>
        <testcase name="test_update_comment_is_wp_error" class="WP_Test_REST_Comments_Controller" classname="WP_Test_REST_Comments_Controller" file="/var/www/html/test/wordpress_test/inpsyde_test/test/wp-content/plugins/plugintestslughere/tests/unit/tests/rest-api/rest-comments-controller.php" line="2796" assertions="8" time="0.062001"/>
        <testcase name="test_comment_roundtrip_as_editor" class="WP_Test_REST_Comments_Controller" classname="WP_Test_REST_Comments_Controller" file="/var/www/html/test/wordpress_test/inpsyde_test/test/wp-content/plugins/plugintestslughere/tests/unit/tests/rest-api/rest-comments-controller.php" line="2874" assertions="30" time="0.181565"/>
        <testcase name="test_comment_roundtrip_as_editor_unfiltered_html" class="WP_Test_REST_Comments_Controller" classname="WP_Test_REST_Comments_Controller" file="/var/www/html/test/wordpress_test/inpsyde_test/test/wp-content/plugins/plugintestslughere/tests/unit/tests/rest-api/rest-comments-controller.php" line="2895" assertions="30" time="0.185902"/>
        <testcase name="test_comment_roundtrip_as_superadmin" class="WP_Test_REST_Comments_Controller" classname="WP_Test_REST_Comments_Controller" file="/var/www/html/test/wordpress_test/inpsyde_test/test/wp-content/plugins/plugintestslughere/tests/unit/tests/rest-api/rest-comments-controller.php" line="2935" assertions="30" time="0.141728"/>
        <testcase name="test_comment_roundtrip_as_superadmin_unfiltered_html" class="WP_Test_REST_Comments_Controller" classname="WP_Test_REST_Comments_Controller" file="/var/www/html/test/wordpress_test/inpsyde_test/test/wp-content/plugins/plugintestslughere/tests/unit/tests/rest-api/rest-comments-controller.php" line="2956" assertions="30" time="0.150814"/>
        <testcase name="test_delete_item" class="WP_Test_REST_Comments_Controller" classname="WP_Test_REST_Comments_Controller" file="/var/www/html/test/wordpress_test/inpsyde_test/test/wp-content/plugins/plugintestslughere/tests/unit/tests/rest-api/rest-comments-controller.php" line="2977" assertions="10" time="0.131771"/>
        <testcase name="test_delete_item_skip_trash" class="WP_Test_REST_Comments_Controller" classname="WP_Test_REST_Comments_Controller" file="/var/www/html/test/wordpress_test/inpsyde_test/test/wp-content/plugins/plugintestslughere/tests/unit/tests/rest-api/rest-comments-controller.php" line="2997" assertions="11" time="0.120562"/>
        <testcase name="test_delete_item_already_trashed" class="WP_Test_REST_Comments_Controller" classname="WP_Test_REST_Comments_Controller" file="/var/www/html/test/wordpress_test/inpsyde_test/test/wp-content/plugins/plugintestslughere/tests/unit/tests/rest-api/rest-comments-controller.php" line="3018" assertions="13" time="0.131148"/>
        <testcase name="test_delete_comment_invalid_id" class="WP_Test_REST_Comments_Controller" classname="WP_Test_REST_Comments_Controller" file="/var/www/html/test/wordpress_test/inpsyde_test/test/wp-content/plugins/plugintestslughere/tests/unit/tests/rest-api/rest-comments-controller.php" line="3037" assertions="8" time="0.060992"/>
        <testcase name="test_delete_comment_without_permission" class="WP_Test_REST_Comments_Controller" classname="WP_Test_REST_Comments_Controller" file="/var/www/html/test/wordpress_test/inpsyde_test/test/wp-content/plugins/plugintestslughere/tests/unit/tests/rest-api/rest-comments-controller.php" line="3045" assertions="8" time="0.105844"/>
        <testcase name="test_delete_child_comment_link" class="WP_Test_REST_Comments_Controller" classname="WP_Test_REST_Comments_Controller" file="/var/www/html/test/wordpress_test/inpsyde_test/test/wp-content/plugins/plugintestslughere/tests/unit/tests/rest-api/rest-comments-controller.php" line="3053" assertions="16" time="0.140117"/>
        <testcase name="test_get_item_schema" class="WP_Test_REST_Comments_Controller" classname="WP_Test_REST_Comments_Controller" file="/var/www/html/test/wordpress_test/inpsyde_test/test/wp-content/plugins/plugintestslughere/tests/unit/tests/rest-api/rest-comments-controller.php" line="3084" assertions="28" time="0.058023"/>
        <testcase name="test_get_item_schema_show_avatar" class="WP_Test_REST_Comments_Controller" classname="WP_Test_REST_Comments_Controller" file="/var/www/html/test/wordpress_test/inpsyde_test/test/wp-content/plugins/plugintestslughere/tests/unit/tests/rest-api/rest-comments-controller.php" line="3115" assertions="7" time="0.106209"/>
        <testcase name="test_get_additional_field_registration" class="WP_Test_REST_Comments_Controller" classname="WP_Test_REST_Comments_Controller" file="/var/www/html/test/wordpress_test/inpsyde_test/test/wp-content/plugins/plugintestslughere/tests/unit/tests/rest-api/rest-comments-controller.php" line="3126" assertions="22" time="0.153159"/>
        <testcase name="test_additional_field_update_errors" class="WP_Test_REST_Comments_Controller" classname="WP_Test_REST_Comments_Controller" file="/var/www/html/test/wordpress_test/inpsyde_test/test/wp-content/plugins/plugintestslughere/tests/unit/tests/rest-api/rest-comments-controller.php" line="3186" assertions="8" time="0.110714"/>
        <testcase name="test_check_read_post_permission_with_invalid_post_type" class="WP_Test_REST_Comments_Controller" classname="WP_Test_REST_Comments_Controller" file="/var/www/html/test/wordpress_test/inpsyde_test/test/wp-content/plugins/plugintestslughere/tests/unit/tests/rest-api/rest-comments-controller.php" line="3275" assertions="7" time="0.153580"/>
      </testsuite>
      <testsuite name="WP_Test_REST_Controller" file="/var/www/html/test/wordpress_test/inpsyde_test/test/wp-content/plugins/plugintestslughere/tests/unit/tests/rest-api/rest-controller.php" tests="26" assertions="96" errors="0" failures="0" skipped="0" time="0.734319">
        <testcase name="test_validate_schema_type_integer" class="WP_Test_REST_Controller" classname="WP_Test_REST_Controller" file="/var/www/html/test/wordpress_test/inpsyde_test/test/wp-content/plugins/plugintestslughere/tests/unit/tests/rest-api/rest-controller.php" line="62" assertions="3" time="0.027738"/>
        <testcase name="test_validate_schema_type_boolean" class="WP_Test_REST_Controller" classname="WP_Test_REST_Controller" file="/var/www/html/test/wordpress_test/inpsyde_test/test/wp-content/plugins/plugintestslughere/tests/unit/tests/rest-api/rest-controller.php" line="74" assertions="20" time="0.027143"/>
        <testcase name="test_validate_schema_type_string" class="WP_Test_REST_Controller" classname="WP_Test_REST_Controller" file="/var/www/html/test/wordpress_test/inpsyde_test/test/wp-content/plugins/plugintestslughere/tests/unit/tests/rest-api/rest-controller.php" line="148" assertions="3" time="0.027334"/>
        <testcase name="test_validate_schema_enum" class="WP_Test_REST_Controller" classname="WP_Test_REST_Controller" file="/var/www/html/test/wordpress_test/inpsyde_test/test/wp-content/plugins/plugintestslughere/tests/unit/tests/rest-api/rest-controller.php" line="160" assertions="3" time="0.028488"/>
        <testcase name="test_validate_schema_format_email" class="WP_Test_REST_Controller" classname="WP_Test_REST_Controller" file="/var/www/html/test/wordpress_test/inpsyde_test/test/wp-content/plugins/plugintestslughere/tests/unit/tests/rest-api/rest-controller.php" line="172" assertions="3" time="0.024118"/>
        <testcase name="test_validate_schema_format_hex_color" class="WP_Test_REST_Controller" classname="WP_Test_REST_Controller" file="/var/www/html/test/wordpress_test/inpsyde_test/test/wp-content/plugins/plugintestslughere/tests/unit/tests/rest-api/rest-controller.php" line="187" assertions="3" time="0.025724"/>
        <testcase name="test_validate_schema_format_date_time" class="WP_Test_REST_Controller" classname="WP_Test_REST_Controller" file="/var/www/html/test/wordpress_test/inpsyde_test/test/wp-content/plugins/plugintestslughere/tests/unit/tests/rest-api/rest-controller.php" line="199" assertions="3" time="0.026634"/>
        <testcase name="test_validate_schema_format_uuid" class="WP_Test_REST_Controller" classname="WP_Test_REST_Controller" file="/var/www/html/test/wordpress_test/inpsyde_test/test/wp-content/plugins/plugintestslughere/tests/unit/tests/rest-api/rest-controller.php" line="214" assertions="3" time="0.027348"/>
        <testcase name="test_get_endpoint_args_for_item_schema" class="WP_Test_REST_Controller" classname="WP_Test_REST_Controller" file="/var/www/html/test/wordpress_test/inpsyde_test/test/wp-content/plugins/plugintestslughere/tests/unit/tests/rest-api/rest-controller.php" line="228" assertions="13" time="0.026876"/>
        <testcase name="test_get_endpoint_args_for_item_schema_description" class="WP_Test_REST_Controller" classname="WP_Test_REST_Controller" file="/var/www/html/test/wordpress_test/inpsyde_test/test/wp-content/plugins/plugintestslughere/tests/unit/tests/rest-api/rest-controller.php" line="247" assertions="2" time="0.023396"/>
        <testcase name="test_get_endpoint_args_for_item_schema_arg_options" class="WP_Test_REST_Controller" classname="WP_Test_REST_Controller" file="/var/www/html/test/wordpress_test/inpsyde_test/test/wp-content/plugins/plugintestslughere/tests/unit/tests/rest-api/rest-controller.php" line="255" assertions="2" time="0.025545"/>
        <testcase name="test_get_endpoint_args_for_item_schema_default_value" class="WP_Test_REST_Controller" classname="WP_Test_REST_Controller" file="/var/www/html/test/wordpress_test/inpsyde_test/test/wp-content/plugins/plugintestslughere/tests/unit/tests/rest-api/rest-controller.php" line="264" assertions="1" time="0.028004"/>
        <testcase name="test_get_endpoint_args_for_item_schema_arg_properties" class="WP_Test_REST_Controller" classname="WP_Test_REST_Controller" file="/var/www/html/test/wordpress_test/inpsyde_test/test/wp-content/plugins/plugintestslughere/tests/unit/tests/rest-api/rest-controller.php" line="275" assertions="17" time="0.027850"/>
        <testsuite name="WP_Test_REST_Controller::test_get_fields_for_response" tests="2" assertions="4" errors="0" failures="0" skipped="0" time="0.056749">
          <testcase name="test_get_fields_for_response with data set #0" class="WP_Test_REST_Controller" classname="WP_Test_REST_Controller" file="/var/www/html/test/wordpress_test/inpsyde_test/test/wp-content/plugins/plugintestslughere/tests/unit/tests/rest-api/rest-controller.php" line="306" assertions="2" time="0.027474"/>
          <testcase name="test_get_fields_for_response with data set #1" class="WP_Test_REST_Controller" classname="WP_Test_REST_Controller" file="/var/www/html/test/wordpress_test/inpsyde_test/test/wp-content/plugins/plugintestslughere/tests/unit/tests/rest-api/rest-controller.php" line="306" assertions="2" time="0.029275"/>
        </testsuite>
        <testcase name="test_get_fields_for_response_filters_by_context" class="WP_Test_REST_Controller" classname="WP_Test_REST_Controller" file="/var/www/html/test/wordpress_test/inpsyde_test/test/wp-content/plugins/plugintestslughere/tests/unit/tests/rest-api/rest-controller.php" line="363" assertions="2" time="0.029024"/>
        <testcase name="test_filtering_fields_for_response_by_context_returns_fields_with_no_context" class="WP_Test_REST_Controller" classname="WP_Test_REST_Controller" file="/var/www/html/test/wordpress_test/inpsyde_test/test/wp-content/plugins/plugintestslughere/tests/unit/tests/rest-api/rest-controller.php" line="398" assertions="1" time="0.026135"/>
        <testcase name="test_filtering_fields_for_response_by_context_returns_fields_with_no_schema" class="WP_Test_REST_Controller" classname="WP_Test_REST_Controller" file="/var/www/html/test/wordpress_test/inpsyde_test/test/wp-content/plugins/plugintestslughere/tests/unit/tests/rest-api/rest-controller.php" line="426" assertions="1" time="0.027677"/>
        <testcase name="test_get_public_item_schema_with_properties" class="WP_Test_REST_Controller" classname="WP_Test_REST_Controller" file="/var/www/html/test/wordpress_test/inpsyde_test/test/wp-content/plugins/plugintestslughere/tests/unit/tests/rest-api/rest-controller.php" line="454" assertions="2" time="0.026332"/>
        <testcase name="test_get_public_item_schema_no_properties" class="WP_Test_REST_Controller" classname="WP_Test_REST_Controller" file="/var/www/html/test/wordpress_test/inpsyde_test/test/wp-content/plugins/plugintestslughere/tests/unit/tests/rest-api/rest-controller.php" line="467" assertions="2" time="0.028107"/>
        <testcase name="test_add_additional_fields_to_object_respects_fields_param" class="WP_Test_REST_Controller" classname="WP_Test_REST_Controller" file="/var/www/html/test/wordpress_test/inpsyde_test/test/wp-content/plugins/plugintestslughere/tests/unit/tests/rest-api/rest-controller.php" line="484" assertions="3" time="0.027998"/>
        <testsuite name="WP_Test_REST_Controller::test_filter_nested_registered_rest_fields" tests="5" assertions="5" errors="0" failures="0" skipped="0" time="0.166098">
          <testcase name="test_filter_nested_registered_rest_fields with data set #0" class="WP_Test_REST_Controller" classname="WP_Test_REST_Controller" file="/var/www/html/test/wordpress_test/inpsyde_test/test/wp-content/plugins/plugintestslughere/tests/unit/tests/rest-api/rest-controller.php" line="529" assertions="1" time="0.056551"/>
          <testcase name="test_filter_nested_registered_rest_fields with data set #1" class="WP_Test_REST_Controller" classname="WP_Test_REST_Controller" file="/var/www/html/test/wordpress_test/inpsyde_test/test/wp-content/plugins/plugintestslughere/tests/unit/tests/rest-api/rest-controller.php" line="529" assertions="1" time="0.025095"/>
          <testcase name="test_filter_nested_registered_rest_fields with data set #2" class="WP_Test_REST_Controller" classname="WP_Test_REST_Controller" file="/var/www/html/test/wordpress_test/inpsyde_test/test/wp-content/plugins/plugintestslughere/tests/unit/tests/rest-api/rest-controller.php" line="529" assertions="1" time="0.028850"/>
          <testcase name="test_filter_nested_registered_rest_fields with data set #3" class="WP_Test_REST_Controller" classname="WP_Test_REST_Controller" file="/var/www/html/test/wordpress_test/inpsyde_test/test/wp-content/plugins/plugintestslughere/tests/unit/tests/rest-api/rest-controller.php" line="529" assertions="1" time="0.027208"/>
          <testcase name="test_filter_nested_registered_rest_fields with data set #4" class="WP_Test_REST_Controller" classname="WP_Test_REST_Controller" file="/var/www/html/test/wordpress_test/inpsyde_test/test/wp-content/plugins/plugintestslughere/tests/unit/tests/rest-api/rest-controller.php" line="529" assertions="1" time="0.028394"/>
        </testsuite>
      </testsuite>
      <testsuite name="WP_Test_REST_Pages_Controller" file="/var/www/html/test/wordpress_test/inpsyde_test/test/wp-content/plugins/plugintestslughere/tests/unit/tests/rest-api/rest-pages-controller.php" tests="32" assertions="561" errors="0" failures="0" skipped="0" time="4.550843">
        <testcase name="test_register_routes" class="WP_Test_REST_Pages_Controller" classname="WP_Test_REST_Pages_Controller" file="/var/www/html/test/wordpress_test/inpsyde_test/test/wp-content/plugins/plugintestslughere/tests/unit/tests/rest-api/rest-pages-controller.php" line="39" assertions="9" time="0.057593"/>
        <testcase name="test_context_param" class="WP_Test_REST_Pages_Controller" classname="WP_Test_REST_Pages_Controller" file="/var/www/html/test/wordpress_test/inpsyde_test/test/wp-content/plugins/plugintestslughere/tests/unit/tests/rest-api/rest-pages-controller.php" line="47" assertions="11" time="0.118277"/>
        <testcase name="test_registered_query_params" class="WP_Test_REST_Pages_Controller" classname="WP_Test_REST_Pages_Controller" file="/var/www/html/test/wordpress_test/inpsyde_test/test/wp-content/plugins/plugintestslughere/tests/unit/tests/rest-api/rest-pages-controller.php" line="63" assertions="8" time="0.065093"/>
        <testcase name="test_get_items" class="WP_Test_REST_Pages_Controller" classname="WP_Test_REST_Pages_Controller" file="/var/www/html/test/wordpress_test/inpsyde_test/test/wp-content/plugins/plugintestslughere/tests/unit/tests/rest-api/rest-pages-controller.php" line="94" assertions="14" time="0.143608"/>
        <testcase name="test_get_items_parent_query" class="WP_Test_REST_Pages_Controller" classname="WP_Test_REST_Pages_Controller" file="/var/www/html/test/wordpress_test/inpsyde_test/test/wp-content/plugins/plugintestslughere/tests/unit/tests/rest-api/rest-pages-controller.php" line="114" assertions="34" time="0.243273"/>
        <testcase name="test_get_items_parents_query" class="WP_Test_REST_Pages_Controller" classname="WP_Test_REST_Pages_Controller" file="/var/www/html/test/wordpress_test/inpsyde_test/test/wp-content/plugins/plugintestslughere/tests/unit/tests/rest-api/rest-pages-controller.php" line="148" assertions="50" time="0.263622"/>
        <testcase name="test_get_items_parent_exclude_query" class="WP_Test_REST_Pages_Controller" classname="WP_Test_REST_Pages_Controller" file="/var/www/html/test/wordpress_test/inpsyde_test/test/wp-content/plugins/plugintestslughere/tests/unit/tests/rest-api/rest-pages-controller.php" line="190" assertions="33" time="0.175935"/>
        <testcase name="test_get_items_menu_order_query" class="WP_Test_REST_Pages_Controller" classname="WP_Test_REST_Pages_Controller" file="/var/www/html/test/wordpress_test/inpsyde_test/test/wp-content/plugins/plugintestslughere/tests/unit/tests/rest-api/rest-pages-controller.php" line="224" assertions="72" time="0.252664"/>
        <testcase name="test_get_items_min_max_pages_query" class="WP_Test_REST_Pages_Controller" classname="WP_Test_REST_Pages_Controller" file="/var/www/html/test/wordpress_test/inpsyde_test/test/wp-content/plugins/plugintestslughere/tests/unit/tests/rest-api/rest-pages-controller.php" line="283" assertions="15" time="0.071223"/>
        <testcase name="test_get_items_private_filter_query_var" class="WP_Test_REST_Pages_Controller" classname="WP_Test_REST_Pages_Controller" file="/var/www/html/test/wordpress_test/inpsyde_test/test/wp-content/plugins/plugintestslughere/tests/unit/tests/rest-api/rest-pages-controller.php" line="300" assertions="18" time="0.181788"/>
        <testcase name="test_get_items_invalid_date" class="WP_Test_REST_Pages_Controller" classname="WP_Test_REST_Pages_Controller" file="/var/www/html/test/wordpress_test/inpsyde_test/test/wp-content/plugins/plugintestslughere/tests/unit/tests/rest-api/rest-pages-controller.php" line="328" assertions="9" time="0.061817"/>
        <testcase name="test_get_items_valid_date" class="WP_Test_REST_Pages_Controller" classname="WP_Test_REST_Pages_Controller" file="/var/www/html/test/wordpress_test/inpsyde_test/test/wp-content/plugins/plugintestslughere/tests/unit/tests/rest-api/rest-pages-controller.php" line="336" assertions="14" time="0.145793"/>
        <testcase name="test_get_item" class="WP_Test_REST_Pages_Controller" classname="WP_Test_REST_Pages_Controller" file="/var/www/html/test/wordpress_test/inpsyde_test/test/wp-content/plugins/plugintestslughere/tests/unit/tests/rest-api/rest-pages-controller.php" line="364" assertions="5" time="0.098953"/>
        <testcase name="test_get_item_invalid_post_type" class="WP_Test_REST_Pages_Controller" classname="WP_Test_REST_Pages_Controller" file="/var/www/html/test/wordpress_test/inpsyde_test/test/wp-content/plugins/plugintestslughere/tests/unit/tests/rest-api/rest-pages-controller.php" line="368" assertions="6" time="0.120607"/>
        <testcase name="test_create_item" class="WP_Test_REST_Pages_Controller" classname="WP_Test_REST_Pages_Controller" file="/var/www/html/test/wordpress_test/inpsyde_test/test/wp-content/plugins/plugintestslughere/tests/unit/tests/rest-api/rest-pages-controller.php" line="375" assertions="5" time="0.057431"/>
        <testcase name="test_create_item_with_template" class="WP_Test_REST_Pages_Controller" classname="WP_Test_REST_Pages_Controller" file="/var/www/html/test/wordpress_test/inpsyde_test/test/wp-content/plugins/plugintestslughere/tests/unit/tests/rest-api/rest-pages-controller.php" line="379" assertions="15" time="0.152317"/>
        <testcase name="test_create_page_with_parent" class="WP_Test_REST_Pages_Controller" classname="WP_Test_REST_Pages_Controller" file="/var/www/html/test/wordpress_test/inpsyde_test/test/wp-content/plugins/plugintestslughere/tests/unit/tests/rest-api/rest-pages-controller.php" line="397" assertions="18" time="0.152262"/>
        <testcase name="test_create_page_with_invalid_parent" class="WP_Test_REST_Pages_Controller" classname="WP_Test_REST_Pages_Controller" file="/var/www/html/test/wordpress_test/inpsyde_test/test/wp-content/plugins/plugintestslughere/tests/unit/tests/rest-api/rest-pages-controller.php" line="425" assertions="9" time="0.067235"/>
        <testcase name="test_update_item" class="WP_Test_REST_Pages_Controller" classname="WP_Test_REST_Pages_Controller" file="/var/www/html/test/wordpress_test/inpsyde_test/test/wp-content/plugins/plugintestslughere/tests/unit/tests/rest-api/rest-pages-controller.php" line="440" assertions="5" time="0.103383"/>
        <testcase name="test_delete_item" class="WP_Test_REST_Pages_Controller" classname="WP_Test_REST_Pages_Controller" file="/var/www/html/test/wordpress_test/inpsyde_test/test/wp-content/plugins/plugintestslughere/tests/unit/tests/rest-api/rest-pages-controller.php" line="444" assertions="15" time="0.225689"/>
        <testcase name="test_prepare_item" class="WP_Test_REST_Pages_Controller" classname="WP_Test_REST_Pages_Controller" file="/var/www/html/test/wordpress_test/inpsyde_test/test/wp-content/plugins/plugintestslughere/tests/unit/tests/rest-api/rest-pages-controller.php" line="463" assertions="5" time="0.055496"/>
        <testcase name="test_prepare_item_limit_fields" class="WP_Test_REST_Pages_Controller" classname="WP_Test_REST_Pages_Controller" file="/var/www/html/test/wordpress_test/inpsyde_test/test/wp-content/plugins/plugintestslughere/tests/unit/tests/rest-api/rest-pages-controller.php" line="467" assertions="14" time="0.119909"/>
        <testcase name="test_get_pages_params" class="WP_Test_REST_Pages_Controller" classname="WP_Test_REST_Pages_Controller" file="/var/www/html/test/wordpress_test/inpsyde_test/test/wp-content/plugins/plugintestslughere/tests/unit/tests/rest-api/rest-pages-controller.php" line="490" assertions="38" time="0.240987"/>
        <testcase name="test_update_page_menu_order" class="WP_Test_REST_Pages_Controller" classname="WP_Test_REST_Pages_Controller" file="/var/www/html/test/wordpress_test/inpsyde_test/test/wp-content/plugins/plugintestslughere/tests/unit/tests/rest-api/rest-pages-controller.php" line="520" assertions="13" time="0.154618"/>
        <testcase name="test_update_page_menu_order_to_zero" class="WP_Test_REST_Pages_Controller" classname="WP_Test_REST_Pages_Controller" file="/var/www/html/test/wordpress_test/inpsyde_test/test/wp-content/plugins/plugintestslughere/tests/unit/tests/rest-api/rest-pages-controller.php" line="543" assertions="13" time="0.241969"/>
        <testcase name="test_update_page_parent_non_zero" class="WP_Test_REST_Pages_Controller" classname="WP_Test_REST_Pages_Controller" file="/var/www/html/test/wordpress_test/inpsyde_test/test/wp-content/plugins/plugintestslughere/tests/unit/tests/rest-api/rest-pages-controller.php" line="567" assertions="14" time="0.175728"/>
        <testcase name="test_update_page_parent_zero" class="WP_Test_REST_Pages_Controller" classname="WP_Test_REST_Pages_Controller" file="/var/www/html/test/wordpress_test/inpsyde_test/test/wp-content/plugins/plugintestslughere/tests/unit/tests/rest-api/rest-pages-controller.php" line="590" assertions="13" time="0.209544"/>
        <testcase name="test_get_page_with_password" class="WP_Test_REST_Pages_Controller" classname="WP_Test_REST_Pages_Controller" file="/var/www/html/test/wordpress_test/inpsyde_test/test/wp-content/plugins/plugintestslughere/tests/unit/tests/rest-api/rest-pages-controller.php" line="614" assertions="15" time="0.130321"/>
        <testcase name="test_get_page_with_password_using_password" class="WP_Test_REST_Pages_Controller" classname="WP_Test_REST_Pages_Controller" file="/var/www/html/test/wordpress_test/inpsyde_test/test/wp-content/plugins/plugintestslughere/tests/unit/tests/rest-api/rest-pages-controller.php" line="632" assertions="15" time="0.131396"/>
        <testcase name="test_get_page_with_password_using_incorrect_password" class="WP_Test_REST_Pages_Controller" classname="WP_Test_REST_Pages_Controller" file="/var/www/html/test/wordpress_test/inpsyde_test/test/wp-content/plugins/plugintestslughere/tests/unit/tests/rest-api/rest-pages-controller.php" line="654" assertions="9" time="0.110362"/>
        <testcase name="test_get_page_with_password_without_permission" class="WP_Test_REST_Pages_Controller" classname="WP_Test_REST_Pages_Controller" file="/var/www/html/test/wordpress_test/inpsyde_test/test/wp-content/plugins/plugintestslughere/tests/unit/tests/rest-api/rest-pages-controller.php" line="670" assertions="15" time="0.164776"/>
        <testcase name="test_get_item_schema" class="WP_Test_REST_Pages_Controller" classname="WP_Test_REST_Pages_Controller" file="/var/www/html/test/wordpress_test/inpsyde_test/test/wp-content/plugins/plugintestslughere/tests/unit/tests/rest-api/rest-pages-controller.php" line="688" assertions="32" time="0.057174"/>
      </testsuite>
      <testsuite name="WP_REST_Plugins_Controller_Test" file="/var/www/html/test/wordpress_test/inpsyde_test/test/wp-content/plugins/plugintestslughere/tests/unit/tests/rest-api/rest-plugins-controller.php" tests="36" assertions="305" errors="0" failures="0" skipped="0" time="23.501089">
        <testcase name="test_register_routes" class="WP_REST_Plugins_Controller_Test" classname="WP_REST_Plugins_Controller_Test" file="/var/www/html/test/wordpress_test/inpsyde_test/test/wp-content/plugins/plugintestslughere/tests/unit/tests/rest-api/rest-plugins-controller.php" line="96" assertions="6" time="0.055415"/>
        <testcase name="test_context_param" class="WP_REST_Plugins_Controller_Test" classname="WP_REST_Plugins_Controller_Test" file="/var/www/html/test/wordpress_test/inpsyde_test/test/wp-content/plugins/plugintestslughere/tests/unit/tests/rest-api/rest-plugins-controller.php" line="105" assertions="10" time="0.097674"/>
        <testcase name="test_get_items" class="WP_REST_Plugins_Controller_Test" classname="WP_REST_Plugins_Controller_Test" file="/var/www/html/test/wordpress_test/inpsyde_test/test/wp-content/plugins/plugintestslughere/tests/unit/tests/rest-api/rest-plugins-controller.php" line="123" assertions="21" time="0.065736"/>
        <testcase name="test_get_items_search" class="WP_REST_Plugins_Controller_Test" classname="WP_REST_Plugins_Controller_Test" file="/var/www/html/test/wordpress_test/inpsyde_test/test/wp-content/plugins/plugintestslughere/tests/unit/tests/rest-api/rest-plugins-controller.php" line="139" assertions="7" time="0.069843"/>
        <testcase name="test_get_items_status" class="WP_REST_Plugins_Controller_Test" classname="WP_REST_Plugins_Controller_Test" file="/var/www/html/test/wordpress_test/inpsyde_test/test/wp-content/plugins/plugintestslughere/tests/unit/tests/rest-api/rest-plugins-controller.php" line="157" assertions="8" time="0.070163"/>
        <testcase name="test_get_items_status_multiple" class="WP_REST_Plugins_Controller_Test" classname="WP_REST_Plugins_Controller_Test" file="/var/www/html/test/wordpress_test/inpsyde_test/test/wp-content/plugins/plugintestslughere/tests/unit/tests/rest-api/rest-plugins-controller.php" line="175" assertions="8" time="0.066261"/>
        <testcase name="test_get_items_logged_out" class="WP_REST_Plugins_Controller_Test" classname="WP_REST_Plugins_Controller_Test" file="/var/www/html/test/wordpress_test/inpsyde_test/test/wp-content/plugins/plugintestslughere/tests/unit/tests/rest-api/rest-plugins-controller.php" line="210" assertions="5" time="0.060064"/>
        <testcase name="test_get_items_insufficient_permissions" class="WP_REST_Plugins_Controller_Test" classname="WP_REST_Plugins_Controller_Test" file="/var/www/html/test/wordpress_test/inpsyde_test/test/wp-content/plugins/plugintestslughere/tests/unit/tests/rest-api/rest-plugins-controller.php" line="218" assertions="5" time="0.059300"/>
        <testcase name="test_get_items_does_not_exclude_network_only_plugin_if_not_active_on_single_site" class="WP_REST_Plugins_Controller_Test" classname="WP_REST_Plugins_Controller_Test" file="/var/www/html/test/wordpress_test/inpsyde_test/test/wp-content/plugins/plugintestslughere/tests/unit/tests/rest-api/rest-plugins-controller.php" line="271" assertions="21" time="0.106975"/>
        <testcase name="test_get_item" class="WP_REST_Plugins_Controller_Test" classname="WP_REST_Plugins_Controller_Test" file="/var/www/html/test/wordpress_test/inpsyde_test/test/wp-content/plugins/plugintestslughere/tests/unit/tests/rest-api/rest-plugins-controller.php" line="303" assertions="19" time="0.061768"/>
        <testcase name="test_get_item_logged_out" class="WP_REST_Plugins_Controller_Test" classname="WP_REST_Plugins_Controller_Test" file="/var/www/html/test/wordpress_test/inpsyde_test/test/wp-content/plugins/plugintestslughere/tests/unit/tests/rest-api/rest-plugins-controller.php" line="315" assertions="5" time="0.056533"/>
        <testcase name="test_get_item_insufficient_permissions" class="WP_REST_Plugins_Controller_Test" classname="WP_REST_Plugins_Controller_Test" file="/var/www/html/test/wordpress_test/inpsyde_test/test/wp-content/plugins/plugintestslughere/tests/unit/tests/rest-api/rest-plugins-controller.php" line="323" assertions="5" time="0.057289"/>
        <testcase name="test_get_item_invalid_plugin" class="WP_REST_Plugins_Controller_Test" classname="WP_REST_Plugins_Controller_Test" file="/var/www/html/test/wordpress_test/inpsyde_test/test/wp-content/plugins/plugintestslughere/tests/unit/tests/rest-api/rest-plugins-controller.php" line="359" assertions="5" time="0.060377"/>
        <testcase name="test_create_item" class="WP_REST_Plugins_Controller_Test" classname="WP_REST_Plugins_Controller_Test" file="/var/www/html/test/wordpress_test/inpsyde_test/test/wp-content/plugins/plugintestslughere/tests/unit/tests/rest-api/rest-plugins-controller.php" line="368" assertions="9" time="7.401367"/>
        <testcase name="test_create_item_and_activate" class="WP_REST_Plugins_Controller_Test" classname="WP_REST_Plugins_Controller_Test" file="/var/www/html/test/wordpress_test/inpsyde_test/test/wp-content/plugins/plugintestslughere/tests/unit/tests/rest-api/rest-plugins-controller.php" line="388" assertions="10" time="6.235672"/>
        <testcase name="test_create_item_and_activate_errors_if_no_permission_to_activate_plugin" class="WP_REST_Plugins_Controller_Test" classname="WP_REST_Plugins_Controller_Test" file="/var/www/html/test/wordpress_test/inpsyde_test/test/wp-content/plugins/plugintestslughere/tests/unit/tests/rest-api/rest-plugins-controller.php" line="414" assertions="7" time="6.300346"/>
        <testcase name="test_create_item_and_network_activate_rejected_if_not_multisite" class="WP_REST_Plugins_Controller_Test" classname="WP_REST_Plugins_Controller_Test" file="/var/www/html/test/wordpress_test/inpsyde_test/test/wp-content/plugins/plugintestslughere/tests/unit/tests/rest-api/rest-plugins-controller.php" line="440" assertions="6" time="0.066859"/>
        <testcase name="test_create_item_logged_out" class="WP_REST_Plugins_Controller_Test" classname="WP_REST_Plugins_Controller_Test" file="/var/www/html/test/wordpress_test/inpsyde_test/test/wp-content/plugins/plugintestslughere/tests/unit/tests/rest-api/rest-plugins-controller.php" line="488" assertions="5" time="0.056698"/>
        <testcase name="test_create_item_insufficient_permissions" class="WP_REST_Plugins_Controller_Test" classname="WP_REST_Plugins_Controller_Test" file="/var/www/html/test/wordpress_test/inpsyde_test/test/wp-content/plugins/plugintestslughere/tests/unit/tests/rest-api/rest-plugins-controller.php" line="499" assertions="5" time="0.062860"/>
        <testcase name="test_create_item_wdotorg_unreachable" class="WP_REST_Plugins_Controller_Test" classname="WP_REST_Plugins_Controller_Test" file="/var/www/html/test/wordpress_test/inpsyde_test/test/wp-content/plugins/plugintestslughere/tests/unit/tests/rest-api/rest-plugins-controller.php" line="526" assertions="5" time="0.064659"/>
        <testcase name="test_create_item_unknown_plugin" class="WP_REST_Plugins_Controller_Test" classname="WP_REST_Plugins_Controller_Test" file="/var/www/html/test/wordpress_test/inpsyde_test/test/wp-content/plugins/plugintestslughere/tests/unit/tests/rest-api/rest-plugins-controller.php" line="542" assertions="8" time="1.235271"/>
        <testcase name="test_update_item" class="WP_REST_Plugins_Controller_Test" classname="WP_REST_Plugins_Controller_Test" file="/var/www/html/test/wordpress_test/inpsyde_test/test/wp-content/plugins/plugintestslughere/tests/unit/tests/rest-api/rest-plugins-controller.php" line="557" assertions="6" time="0.088939"/>
        <testcase name="test_update_item_logged_out" class="WP_REST_Plugins_Controller_Test" classname="WP_REST_Plugins_Controller_Test" file="/var/www/html/test/wordpress_test/inpsyde_test/test/wp-content/plugins/plugintestslughere/tests/unit/tests/rest-api/rest-plugins-controller.php" line="570" assertions="5" time="0.065676"/>
        <testcase name="test_update_item_insufficient_permissions" class="WP_REST_Plugins_Controller_Test" classname="WP_REST_Plugins_Controller_Test" file="/var/www/html/test/wordpress_test/inpsyde_test/test/wp-content/plugins/plugintestslughere/tests/unit/tests/rest-api/rest-plugins-controller.php" line="580" assertions="5" time="0.118723"/>
        <testcase name="test_update_item_activate_plugin" class="WP_REST_Plugins_Controller_Test" classname="WP_REST_Plugins_Controller_Test" file="/var/www/html/test/wordpress_test/inpsyde_test/test/wp-content/plugins/plugintestslughere/tests/unit/tests/rest-api/rest-plugins-controller.php" line="606" assertions="7" time="0.099398"/>
        <testcase name="test_update_item_activate_plugin_fails_if_no_activate_cap" class="WP_REST_Plugins_Controller_Test" classname="WP_REST_Plugins_Controller_Test" file="/var/www/html/test/wordpress_test/inpsyde_test/test/wp-content/plugins/plugintestslughere/tests/unit/tests/rest-api/rest-plugins-controller.php" line="621" assertions="8" time="0.058863"/>
        <testcase name="test_update_item_network_activate_plugin_rejected_if_not_multisite" class="WP_REST_Plugins_Controller_Test" classname="WP_REST_Plugins_Controller_Test" file="/var/www/html/test/wordpress_test/inpsyde_test/test/wp-content/plugins/plugintestslughere/tests/unit/tests/rest-api/rest-plugins-controller.php" line="637" assertions="6" time="0.051850"/>
        <testcase name="test_update_item_activate_network_only_plugin_on_non_multisite" class="WP_REST_Plugins_Controller_Test" classname="WP_REST_Plugins_Controller_Test" file="/var/www/html/test/wordpress_test/inpsyde_test/test/wp-content/plugins/plugintestslughere/tests/unit/tests/rest-api/rest-plugins-controller.php" line="716" assertions="7" time="0.097646"/>
        <testcase name="test_update_item_deactivate_plugin" class="WP_REST_Plugins_Controller_Test" classname="WP_REST_Plugins_Controller_Test" file="/var/www/html/test/wordpress_test/inpsyde_test/test/wp-content/plugins/plugintestslughere/tests/unit/tests/rest-api/rest-plugins-controller.php" line="765" assertions="7" time="0.109957"/>
        <testcase name="test_update_item_deactivate_plugin_fails_if_no_deactivate_cap" class="WP_REST_Plugins_Controller_Test" classname="WP_REST_Plugins_Controller_Test" file="/var/www/html/test/wordpress_test/inpsyde_test/test/wp-content/plugins/plugintestslughere/tests/unit/tests/rest-api/rest-plugins-controller.php" line="781" assertions="8" time="0.099224"/>
        <testcase name="test_delete_item" class="WP_REST_Plugins_Controller_Test" classname="WP_REST_Plugins_Controller_Test" file="/var/www/html/test/wordpress_test/inpsyde_test/test/wp-content/plugins/plugintestslughere/tests/unit/tests/rest-api/rest-plugins-controller.php" line="831" assertions="10" time="0.090912"/>
        <testcase name="test_delete_item_logged_out" class="WP_REST_Plugins_Controller_Test" classname="WP_REST_Plugins_Controller_Test" file="/var/www/html/test/wordpress_test/inpsyde_test/test/wp-content/plugins/plugintestslughere/tests/unit/tests/rest-api/rest-plugins-controller.php" line="848" assertions="5" time="0.057442"/>
        <testcase name="test_delete_item_insufficient_permissions" class="WP_REST_Plugins_Controller_Test" classname="WP_REST_Plugins_Controller_Test" file="/var/www/html/test/wordpress_test/inpsyde_test/test/wp-content/plugins/plugintestslughere/tests/unit/tests/rest-api/rest-plugins-controller.php" line="858" assertions="5" time="0.050203"/>
        <testcase name="test_delete_item_active_plugin" class="WP_REST_Plugins_Controller_Test" classname="WP_REST_Plugins_Controller_Test" file="/var/www/html/test/wordpress_test/inpsyde_test/test/wp-content/plugins/plugintestslughere/tests/unit/tests/rest-api/rest-plugins-controller.php" line="897" assertions="6" time="0.097755"/>
        <testcase name="test_prepare_item" class="WP_REST_Plugins_Controller_Test" classname="WP_REST_Plugins_Controller_Test" file="/var/www/html/test/wordpress_test/inpsyde_test/test/wp-content/plugins/plugintestslughere/tests/unit/tests/rest-api/rest-plugins-controller.php" line="911" assertions="21" time="0.049651"/>
        <testcase name="test_get_item_schema" class="WP_REST_Plugins_Controller_Test" classname="WP_REST_Plugins_Controller_Test" file="/var/www/html/test/wordpress_test/inpsyde_test/test/wp-content/plugins/plugintestslughere/tests/unit/tests/rest-api/rest-plugins-controller.php" line="962" assertions="19" time="0.053719"/>
      </testsuite>
      <testsuite name="WP_Test_REST_Post_Meta_Fields" file="/var/www/html/test/wordpress_test/inpsyde_test/test/wp-content/plugins/plugintestslughere/tests/unit/tests/rest-api/rest-post-meta-fields.php" tests="116" assertions="433" errors="0" failures="0" skipped="0" time="21.712034">
        <testcase name="test_get_value" class="WP_Test_REST_Post_Meta_Fields" classname="WP_Test_REST_Post_Meta_Fields" file="/var/www/html/test/wordpress_test/inpsyde_test/test/wp-content/plugins/plugintestslughere/tests/unit/tests/rest-api/rest-post-meta-fields.php" line="264" assertions="4" time="0.122775"/>
        <testcase name="test_get_multi_value" class="WP_Test_REST_Post_Meta_Fields" classname="WP_Test_REST_Post_Meta_Fields" file="/var/www/html/test/wordpress_test/inpsyde_test/test/wp-content/plugins/plugintestslughere/tests/unit/tests/rest-api/rest-post-meta-fields.php" line="283" assertions="7" time="0.222224"/>
        <testcase name="test_get_unregistered" class="WP_Test_REST_Post_Meta_Fields" classname="WP_Test_REST_Post_Meta_Fields" file="/var/www/html/test/wordpress_test/inpsyde_test/test/wp-content/plugins/plugintestslughere/tests/unit/tests/rest-api/rest-post-meta-fields.php" line="310" assertions="2" time="0.188883"/>
        <testcase name="test_get_registered_no_api_access" class="WP_Test_REST_Post_Meta_Fields" classname="WP_Test_REST_Post_Meta_Fields" file="/var/www/html/test/wordpress_test/inpsyde_test/test/wp-content/plugins/plugintestslughere/tests/unit/tests/rest-api/rest-post-meta-fields.php" line="325" assertions="2" time="0.128211"/>
        <testcase name="test_get_registered_api_disabled" class="WP_Test_REST_Post_Meta_Fields" classname="WP_Test_REST_Post_Meta_Fields" file="/var/www/html/test/wordpress_test/inpsyde_test/test/wp-content/plugins/plugintestslughere/tests/unit/tests/rest-api/rest-post-meta-fields.php" line="340" assertions="2" time="0.122817"/>
        <testcase name="test_get_value_types" class="WP_Test_REST_Post_Meta_Fields" classname="WP_Test_REST_Post_Meta_Fields" file="/var/www/html/test/wordpress_test/inpsyde_test/test/wp-content/plugins/plugintestslughere/tests/unit/tests/rest-api/rest-post-meta-fields.php" line="352" assertions="10" time="0.155188"/>
        <testcase name="test_get_value_custom_name" class="WP_Test_REST_Post_Meta_Fields" classname="WP_Test_REST_Post_Meta_Fields" file="/var/www/html/test/wordpress_test/inpsyde_test/test/wp-content/plugins/plugintestslughere/tests/unit/tests/rest-api/rest-post-meta-fields.php" line="410" assertions="4" time="0.173905"/>
        <testcase name="test_set_value" class="WP_Test_REST_Post_Meta_Fields" classname="WP_Test_REST_Post_Meta_Fields" file="/var/www/html/test/wordpress_test/inpsyde_test/test/wp-content/plugins/plugintestslughere/tests/unit/tests/rest-api/rest-post-meta-fields.php" line="429" assertions="7" time="0.293614"/>
        <testcase name="test_set_duplicate_single_value" class="WP_Test_REST_Post_Meta_Fields" classname="WP_Test_REST_Post_Meta_Fields" file="/var/www/html/test/wordpress_test/inpsyde_test/test/wp-content/plugins/plugintestslughere/tests/unit/tests/rest-api/rest-post-meta-fields.php" line="461" assertions="6" time="0.311442"/>
        <testcase name="test_set_value_unauthenticated" class="WP_Test_REST_Post_Meta_Fields" classname="WP_Test_REST_Post_Meta_Fields" file="/var/www/html/test/wordpress_test/inpsyde_test/test/wp-content/plugins/plugintestslughere/tests/unit/tests/rest-api/rest-post-meta-fields.php" line="492" assertions="5" time="0.069557"/>
        <testcase name="test_set_value_blocked" class="WP_Test_REST_Post_Meta_Fields" classname="WP_Test_REST_Post_Meta_Fields" file="/var/www/html/test/wordpress_test/inpsyde_test/test/wp-content/plugins/plugintestslughere/tests/unit/tests/rest-api/rest-post-meta-fields.php" line="514" assertions="5" time="0.201342"/>
        <testcase name="test_set_value_db_error" class="WP_Test_REST_Post_Meta_Fields" classname="WP_Test_REST_Post_Meta_Fields" file="/var/www/html/test/wordpress_test/inpsyde_test/test/wp-content/plugins/plugintestslughere/tests/unit/tests/rest-api/rest-post-meta-fields.php" line="534" assertions="4" time="0.209552"/>
        <testcase name="test_set_value_invalid_type" class="WP_Test_REST_Post_Meta_Fields" classname="WP_Test_REST_Post_Meta_Fields" file="/var/www/html/test/wordpress_test/inpsyde_test/test/wp-content/plugins/plugintestslughere/tests/unit/tests/rest-api/rest-post-meta-fields.php" line="561" assertions="2" time="0.230591"/>
        <testcase name="test_set_value_multiple" class="WP_Test_REST_Post_Meta_Fields" classname="WP_Test_REST_Post_Meta_Fields" file="/var/www/html/test/wordpress_test/inpsyde_test/test/wp-content/plugins/plugintestslughere/tests/unit/tests/rest-api/rest-post-meta-fields.php" line="579" assertions="10" time="0.295647"/>
        <testcase name="test_set_value_remove_one" class="WP_Test_REST_Post_Meta_Fields" classname="WP_Test_REST_Post_Meta_Fields" file="/var/www/html/test/wordpress_test/inpsyde_test/test/wp-content/plugins/plugintestslughere/tests/unit/tests/rest-api/rest-post-meta-fields.php" line="623" assertions="5" time="0.210980"/>
        <testcase name="test_set_value_multiple_unauthenticated" class="WP_Test_REST_Post_Meta_Fields" classname="WP_Test_REST_Post_Meta_Fields" file="/var/www/html/test/wordpress_test/inpsyde_test/test/wp-content/plugins/plugintestslughere/tests/unit/tests/rest-api/rest-post-meta-fields.php" line="651" assertions="6" time="0.055681"/>
        <testcase name="test_set_value_invalid_value" class="WP_Test_REST_Post_Meta_Fields" classname="WP_Test_REST_Post_Meta_Fields" file="/var/www/html/test/wordpress_test/inpsyde_test/test/wp-content/plugins/plugintestslughere/tests/unit/tests/rest-api/rest-post-meta-fields.php" line="673" assertions="4" time="0.260411"/>
        <testcase name="test_set_value_invalid_value_multiple" class="WP_Test_REST_Post_Meta_Fields" classname="WP_Test_REST_Post_Meta_Fields" file="/var/www/html/test/wordpress_test/inpsyde_test/test/wp-content/plugins/plugintestslughere/tests/unit/tests/rest-api/rest-post-meta-fields.php" line="698" assertions="4" time="0.250217"/>
        <testcase name="test_set_value_sanitized" class="WP_Test_REST_Post_Meta_Fields" classname="WP_Test_REST_Post_Meta_Fields" file="/var/www/html/test/wordpress_test/inpsyde_test/test/wp-content/plugins/plugintestslughere/tests/unit/tests/rest-api/rest-post-meta-fields.php" line="723" assertions="1" time="0.231134"/>
        <testcase name="test_set_value_csv" class="WP_Test_REST_Post_Meta_Fields" classname="WP_Test_REST_Post_Meta_Fields" file="/var/www/html/test/wordpress_test/inpsyde_test/test/wp-content/plugins/plugintestslughere/tests/unit/tests/rest-api/rest-post-meta-fields.php" line="749" assertions="1" time="0.197212"/>
        <testcase name="test_set_value_multiple_blocked" class="WP_Test_REST_Post_Meta_Fields" classname="WP_Test_REST_Post_Meta_Fields" file="/var/www/html/test/wordpress_test/inpsyde_test/test/wp-content/plugins/plugintestslughere/tests/unit/tests/rest-api/rest-post-meta-fields.php" line="778" assertions="5" time="0.167186"/>
        <testcase name="test_add_multi_value_db_error" class="WP_Test_REST_Post_Meta_Fields" classname="WP_Test_REST_Post_Meta_Fields" file="/var/www/html/test/wordpress_test/inpsyde_test/test/wp-content/plugins/plugintestslughere/tests/unit/tests/rest-api/rest-post-meta-fields.php" line="795" assertions="5" time="0.242778"/>
        <testcase name="test_set_value_single_custom_schema" class="WP_Test_REST_Post_Meta_Fields" classname="WP_Test_REST_Post_Meta_Fields" file="/var/www/html/test/wordpress_test/inpsyde_test/test/wp-content/plugins/plugintestslughere/tests/unit/tests/rest-api/rest-post-meta-fields.php" line="828" assertions="7" time="0.253143"/>
        <testcase name="test_set_value_multiple_custom_schema" class="WP_Test_REST_Post_Meta_Fields" classname="WP_Test_REST_Post_Meta_Fields" file="/var/www/html/test/wordpress_test/inpsyde_test/test/wp-content/plugins/plugintestslughere/tests/unit/tests/rest-api/rest-post-meta-fields.php" line="857" assertions="10" time="0.253481"/>
        <testcase name="test_set_value_custom_name" class="WP_Test_REST_Post_Meta_Fields" classname="WP_Test_REST_Post_Meta_Fields" file="/var/www/html/test/wordpress_test/inpsyde_test/test/wp-content/plugins/plugintestslughere/tests/unit/tests/rest-api/rest-post-meta-fields.php" line="901" assertions="7" time="0.330574"/>
        <testcase name="test_set_value_custom_name_multiple" class="WP_Test_REST_Post_Meta_Fields" classname="WP_Test_REST_Post_Meta_Fields" file="/var/www/html/test/wordpress_test/inpsyde_test/test/wp-content/plugins/plugintestslughere/tests/unit/tests/rest-api/rest-post-meta-fields.php" line="930" assertions="10" time="0.284297"/>
        <testcase name="test_set_value_invalid_meta_string_request_type" class="WP_Test_REST_Post_Meta_Fields" classname="WP_Test_REST_Post_Meta_Fields" file="/var/www/html/test/wordpress_test/inpsyde_test/test/wp-content/plugins/plugintestslughere/tests/unit/tests/rest-api/rest-post-meta-fields.php" line="974" assertions="6" time="0.186609"/>
        <testcase name="test_set_value_invalid_meta_float_request_type" class="WP_Test_REST_Post_Meta_Fields" classname="WP_Test_REST_Post_Meta_Fields" file="/var/www/html/test/wordpress_test/inpsyde_test/test/wp-content/plugins/plugintestslughere/tests/unit/tests/rest-api/rest-post-meta-fields.php" line="1004" assertions="6" time="0.177314"/>
        <testcase name="test_remove_multi_value_db_error" class="WP_Test_REST_Post_Meta_Fields" classname="WP_Test_REST_Post_Meta_Fields" file="/var/www/html/test/wordpress_test/inpsyde_test/test/wp-content/plugins/plugintestslughere/tests/unit/tests/rest-api/rest-post-meta-fields.php" line="1030" assertions="5" time="0.236884"/>
        <testcase name="test_delete_value" class="WP_Test_REST_Post_Meta_Fields" classname="WP_Test_REST_Post_Meta_Fields" file="/var/www/html/test/wordpress_test/inpsyde_test/test/wp-content/plugins/plugintestslughere/tests/unit/tests/rest-api/rest-post-meta-fields.php" line="1061" assertions="3" time="0.247092"/>
        <testcase name="test_delete_value_blocked" class="WP_Test_REST_Post_Meta_Fields" classname="WP_Test_REST_Post_Meta_Fields" file="/var/www/html/test/wordpress_test/inpsyde_test/test/wp-content/plugins/plugintestslughere/tests/unit/tests/rest-api/rest-post-meta-fields.php" line="1086" assertions="6" time="0.214603"/>
        <testcase name="test_delete_value_db_error" class="WP_Test_REST_Post_Meta_Fields" classname="WP_Test_REST_Post_Meta_Fields" file="/var/www/html/test/wordpress_test/inpsyde_test/test/wp-content/plugins/plugintestslughere/tests/unit/tests/rest-api/rest-post-meta-fields.php" line="1111" assertions="5" time="0.184485"/>
        <testcase name="test_delete_value_custom_name" class="WP_Test_REST_Post_Meta_Fields" classname="WP_Test_REST_Post_Meta_Fields" file="/var/www/html/test/wordpress_test/inpsyde_test/test/wp-content/plugins/plugintestslughere/tests/unit/tests/rest-api/rest-post-meta-fields.php" line="1140" assertions="3" time="0.220519"/>
        <testcase name="test_get_schema" class="WP_Test_REST_Post_Meta_Fields" classname="WP_Test_REST_Post_Meta_Fields" file="/var/www/html/test/wordpress_test/inpsyde_test/test/wp-content/plugins/plugintestslughere/tests/unit/tests/rest-api/rest-post-meta-fields.php" line="1162" assertions="13" time="0.069222"/>
        <testsuite name="WP_Test_REST_Post_Meta_Fields::test_get_subtype_meta_value" tests="8" assertions="38" errors="0" failures="0" skipped="0" time="1.079833">
          <testcase name="test_get_subtype_meta_value with data set #0" class="WP_Test_REST_Post_Meta_Fields" classname="WP_Test_REST_Post_Meta_Fields" file="/var/www/html/test/wordpress_test/inpsyde_test/test/wp-content/plugins/plugintestslughere/tests/unit/tests/rest-api/rest-post-meta-fields.php" line="1194" assertions="5" time="0.114978"/>
          <testcase name="test_get_subtype_meta_value with data set #1" class="WP_Test_REST_Post_Meta_Fields" classname="WP_Test_REST_Post_Meta_Fields" file="/var/www/html/test/wordpress_test/inpsyde_test/test/wp-content/plugins/plugintestslughere/tests/unit/tests/rest-api/rest-post-meta-fields.php" line="1194" assertions="5" time="0.131902"/>
          <testcase name="test_get_subtype_meta_value with data set #2" class="WP_Test_REST_Post_Meta_Fields" classname="WP_Test_REST_Post_Meta_Fields" file="/var/www/html/test/wordpress_test/inpsyde_test/test/wp-content/plugins/plugintestslughere/tests/unit/tests/rest-api/rest-post-meta-fields.php" line="1194" assertions="5" time="0.142488"/>
          <testcase name="test_get_subtype_meta_value with data set #3" class="WP_Test_REST_Post_Meta_Fields" classname="WP_Test_REST_Post_Meta_Fields" file="/var/www/html/test/wordpress_test/inpsyde_test/test/wp-content/plugins/plugintestslughere/tests/unit/tests/rest-api/rest-post-meta-fields.php" line="1194" assertions="5" time="0.120396"/>
          <testcase name="test_get_subtype_meta_value with data set #4" class="WP_Test_REST_Post_Meta_Fields" classname="WP_Test_REST_Post_Meta_Fields" file="/var/www/html/test/wordpress_test/inpsyde_test/test/wp-content/plugins/plugintestslughere/tests/unit/tests/rest-api/rest-post-meta-fields.php" line="1194" assertions="4" time="0.120593"/>
          <testcase name="test_get_subtype_meta_value with data set #5" class="WP_Test_REST_Post_Meta_Fields" classname="WP_Test_REST_Post_Meta_Fields" file="/var/www/html/test/wordpress_test/inpsyde_test/test/wp-content/plugins/plugintestslughere/tests/unit/tests/rest-api/rest-post-meta-fields.php" line="1194" assertions="4" time="0.152756"/>
          <testcase name="test_get_subtype_meta_value with data set #6" class="WP_Test_REST_Post_Meta_Fields" classname="WP_Test_REST_Post_Meta_Fields" file="/var/www/html/test/wordpress_test/inpsyde_test/test/wp-content/plugins/plugintestslughere/tests/unit/tests/rest-api/rest-post-meta-fields.php" line="1194" assertions="5" time="0.121523"/>
          <testcase name="test_get_subtype_meta_value with data set #7" class="WP_Test_REST_Post_Meta_Fields" classname="WP_Test_REST_Post_Meta_Fields" file="/var/www/html/test/wordpress_test/inpsyde_test/test/wp-content/plugins/plugintestslughere/tests/unit/tests/rest-api/rest-post-meta-fields.php" line="1194" assertions="5" time="0.175197"/>
        </testsuite>
        <testsuite name="WP_Test_REST_Post_Meta_Fields::test_set_subtype_meta_value" tests="8" assertions="42" errors="0" failures="0" skipped="0" time="1.780630">
          <testcase name="test_set_subtype_meta_value with data set #0" class="WP_Test_REST_Post_Meta_Fields" classname="WP_Test_REST_Post_Meta_Fields" file="/var/www/html/test/wordpress_test/inpsyde_test/test/wp-content/plugins/plugintestslughere/tests/unit/tests/rest-api/rest-post-meta-fields.php" line="1247" assertions="6" time="0.230838"/>
          <testcase name="test_set_subtype_meta_value with data set #1" class="WP_Test_REST_Post_Meta_Fields" classname="WP_Test_REST_Post_Meta_Fields" file="/var/www/html/test/wordpress_test/inpsyde_test/test/wp-content/plugins/plugintestslughere/tests/unit/tests/rest-api/rest-post-meta-fields.php" line="1247" assertions="6" time="0.197608"/>
          <testcase name="test_set_subtype_meta_value with data set #2" class="WP_Test_REST_Post_Meta_Fields" classname="WP_Test_REST_Post_Meta_Fields" file="/var/www/html/test/wordpress_test/inpsyde_test/test/wp-content/plugins/plugintestslughere/tests/unit/tests/rest-api/rest-post-meta-fields.php" line="1247" assertions="2" time="0.175883"/>
          <testcase name="test_set_subtype_meta_value with data set #3" class="WP_Test_REST_Post_Meta_Fields" classname="WP_Test_REST_Post_Meta_Fields" file="/var/www/html/test/wordpress_test/inpsyde_test/test/wp-content/plugins/plugintestslughere/tests/unit/tests/rest-api/rest-post-meta-fields.php" line="1247" assertions="6" time="0.209065"/>
          <testcase name="test_set_subtype_meta_value with data set #4" class="WP_Test_REST_Post_Meta_Fields" classname="WP_Test_REST_Post_Meta_Fields" file="/var/www/html/test/wordpress_test/inpsyde_test/test/wp-content/plugins/plugintestslughere/tests/unit/tests/rest-api/rest-post-meta-fields.php" line="1247" assertions="5" time="0.231381"/>
          <testcase name="test_set_subtype_meta_value with data set #5" class="WP_Test_REST_Post_Meta_Fields" classname="WP_Test_REST_Post_Meta_Fields" file="/var/www/html/test/wordpress_test/inpsyde_test/test/wp-content/plugins/plugintestslughere/tests/unit/tests/rest-api/rest-post-meta-fields.php" line="1247" assertions="5" time="0.241176"/>
          <testcase name="test_set_subtype_meta_value with data set #6" class="WP_Test_REST_Post_Meta_Fields" classname="WP_Test_REST_Post_Meta_Fields" file="/var/www/html/test/wordpress_test/inpsyde_test/test/wp-content/plugins/plugintestslughere/tests/unit/tests/rest-api/rest-post-meta-fields.php" line="1247" assertions="6" time="0.264937"/>
          <testcase name="test_set_subtype_meta_value with data set #7" class="WP_Test_REST_Post_Meta_Fields" classname="WP_Test_REST_Post_Meta_Fields" file="/var/www/html/test/wordpress_test/inpsyde_test/test/wp-content/plugins/plugintestslughere/tests/unit/tests/rest-api/rest-post-meta-fields.php" line="1247" assertions="6" time="0.229741"/>
        </testsuite>
        <testsuite name="WP_Test_REST_Post_Meta_Fields::test_update_value_return_success_with_same_value" tests="6" assertions="6" errors="0" failures="0" skipped="0" time="1.516235">
          <testcase name="test_update_value_return_success_with_same_value with data set #0" class="WP_Test_REST_Post_Meta_Fields" classname="WP_Test_REST_Post_Meta_Fields" file="/var/www/html/test/wordpress_test/inpsyde_test/test/wp-content/plugins/plugintestslughere/tests/unit/tests/rest-api/rest-post-meta-fields.php" line="1319" assertions="1" time="0.309197"/>
          <testcase name="test_update_value_return_success_with_same_value with data set #1" class="WP_Test_REST_Post_Meta_Fields" classname="WP_Test_REST_Post_Meta_Fields" file="/var/www/html/test/wordpress_test/inpsyde_test/test/wp-content/plugins/plugintestslughere/tests/unit/tests/rest-api/rest-post-meta-fields.php" line="1319" assertions="1" time="0.230223"/>
          <testcase name="test_update_value_return_success_with_same_value with data set #2" class="WP_Test_REST_Post_Meta_Fields" classname="WP_Test_REST_Post_Meta_Fields" file="/var/www/html/test/wordpress_test/inpsyde_test/test/wp-content/plugins/plugintestslughere/tests/unit/tests/rest-api/rest-post-meta-fields.php" line="1319" assertions="1" time="0.240346"/>
          <testcase name="test_update_value_return_success_with_same_value with data set #3" class="WP_Test_REST_Post_Meta_Fields" classname="WP_Test_REST_Post_Meta_Fields" file="/var/www/html/test/wordpress_test/inpsyde_test/test/wp-content/plugins/plugintestslughere/tests/unit/tests/rest-api/rest-post-meta-fields.php" line="1319" assertions="1" time="0.220472"/>
          <testcase name="test_update_value_return_success_with_same_value with data set #4" class="WP_Test_REST_Post_Meta_Fields" classname="WP_Test_REST_Post_Meta_Fields" file="/var/www/html/test/wordpress_test/inpsyde_test/test/wp-content/plugins/plugintestslughere/tests/unit/tests/rest-api/rest-post-meta-fields.php" line="1319" assertions="1" time="0.287255"/>
          <testcase name="test_update_value_return_success_with_same_value with data set #5" class="WP_Test_REST_Post_Meta_Fields" classname="WP_Test_REST_Post_Meta_Fields" file="/var/www/html/test/wordpress_test/inpsyde_test/test/wp-content/plugins/plugintestslughere/tests/unit/tests/rest-api/rest-post-meta-fields.php" line="1319" assertions="1" time="0.228742"/>
        </testsuite>
        <testcase name="test_slashed_meta_key" class="WP_Test_REST_Post_Meta_Fields" classname="WP_Test_REST_Post_Meta_Fields" file="/var/www/html/test/wordpress_test/inpsyde_test/test/wp-content/plugins/plugintestslughere/tests/unit/tests/rest-api/rest-post-meta-fields.php" line="1352" assertions="2" time="0.142312"/>
        <testcase name="test_object_single" class="WP_Test_REST_Post_Meta_Fields" classname="WP_Test_REST_Post_Meta_Fields" file="/var/www/html/test/wordpress_test/inpsyde_test/test/wp-content/plugins/plugintestslughere/tests/unit/tests/rest-api/rest-post-meta-fields.php" line="1368" assertions="5" time="0.221737"/>
        <testcase name="test_object_multiple" class="WP_Test_REST_Post_Meta_Fields" classname="WP_Test_REST_Post_Meta_Fields" file="/var/www/html/test/wordpress_test/inpsyde_test/test/wp-content/plugins/plugintestslughere/tests/unit/tests/rest-api/rest-post-meta-fields.php" line="1416" assertions="11" time="0.229641"/>
        <testcase name="test_array_single" class="WP_Test_REST_Post_Meta_Fields" classname="WP_Test_REST_Post_Meta_Fields" file="/var/www/html/test/wordpress_test/inpsyde_test/test/wp-content/plugins/plugintestslughere/tests/unit/tests/rest-api/rest-post-meta-fields.php" line="1480" assertions="3" time="0.241369"/>
        <testcase name="test_array_of_objects_multiple" class="WP_Test_REST_Post_Meta_Fields" classname="WP_Test_REST_Post_Meta_Fields" file="/var/www/html/test/wordpress_test/inpsyde_test/test/wp-content/plugins/plugintestslughere/tests/unit/tests/rest-api/rest-post-meta-fields.php" line="1522" assertions="7" time="0.286382"/>
        <testcase name="test_php_objects_returned_as_null" class="WP_Test_REST_Post_Meta_Fields" classname="WP_Test_REST_Post_Meta_Fields" file="/var/www/html/test/wordpress_test/inpsyde_test/test/wp-content/plugins/plugintestslughere/tests/unit/tests/rest-api/rest-post-meta-fields.php" line="1640" assertions="2" time="0.142558"/>
        <testcase name="test_php_objects_returned_as_null_multiple" class="WP_Test_REST_Post_Meta_Fields" classname="WP_Test_REST_Post_Meta_Fields" file="/var/www/html/test/wordpress_test/inpsyde_test/test/wp-content/plugins/plugintestslughere/tests/unit/tests/rest-api/rest-post-meta-fields.php" line="1675" assertions="4" time="0.152639"/>
        <testcase name="test_php_jsonserializable_object_returns_value" class="WP_Test_REST_Post_Meta_Fields" classname="WP_Test_REST_Post_Meta_Fields" file="/var/www/html/test/wordpress_test/inpsyde_test/test/wp-content/plugins/plugintestslughere/tests/unit/tests/rest-api/rest-post-meta-fields.php" line="1713" assertions="2" time="0.131885"/>
        <testcase name="test_updating_meta_to_null_for_key_with_existing_php_object_does_not_delete_meta_value" class="WP_Test_REST_Post_Meta_Fields" classname="WP_Test_REST_Post_Meta_Fields" file="/var/www/html/test/wordpress_test/inpsyde_test/test/wp-content/plugins/plugintestslughere/tests/unit/tests/rest-api/rest-post-meta-fields.php" line="1748" assertions="1" time="0.210560"/>
        <testcase name="test_updating_non_single_meta_to_null_for_key_with_existing_php_object_does_not_set_meta_value_to_null" class="WP_Test_REST_Post_Meta_Fields" classname="WP_Test_REST_Post_Meta_Fields" file="/var/www/html/test/wordpress_test/inpsyde_test/test/wp-content/plugins/plugintestslughere/tests/unit/tests/rest-api/rest-post-meta-fields.php" line="1790" assertions="1" time="0.221315"/>
        <testcase name="test_object_rejects_additional_properties_by_default" class="WP_Test_REST_Post_Meta_Fields" classname="WP_Test_REST_Post_Meta_Fields" file="/var/www/html/test/wordpress_test/inpsyde_test/test/wp-content/plugins/plugintestslughere/tests/unit/tests/rest-api/rest-post-meta-fields.php" line="1836" assertions="1" time="0.240235"/>
        <testcase name="test_object_allows_additional_properties_if_explicitly_set" class="WP_Test_REST_Post_Meta_Fields" classname="WP_Test_REST_Post_Meta_Fields" file="/var/www/html/test/wordpress_test/inpsyde_test/test/wp-content/plugins/plugintestslughere/tests/unit/tests/rest-api/rest-post-meta-fields.php" line="1877" assertions="3" time="0.220750"/>
        <testcase name="test_object_allows_additional_properties_and_uses_its_schema" class="WP_Test_REST_Post_Meta_Fields" classname="WP_Test_REST_Post_Meta_Fields" file="/var/www/html/test/wordpress_test/inpsyde_test/test/wp-content/plugins/plugintestslughere/tests/unit/tests/rest-api/rest-post-meta-fields.php" line="1924" assertions="1" time="0.230342"/>
        <testcase name="test_invalid_meta_value_are_set_to_null_in_response" class="WP_Test_REST_Post_Meta_Fields" classname="WP_Test_REST_Post_Meta_Fields" file="/var/www/html/test/wordpress_test/inpsyde_test/test/wp-content/plugins/plugintestslughere/tests/unit/tests/rest-api/rest-post-meta-fields.php" line="1970" assertions="1" time="0.120731"/>
        <testsuite name="WP_Test_REST_Post_Meta_Fields::test_meta_values_are_not_set_to_null_in_response_if_type_safely_serializable" tests="15" assertions="15" errors="0" failures="0" skipped="0" time="2.118055">
          <testcase name="test_meta_values_are_not_set_to_null_in_response_if_type_safely_serializable with data set #0" class="WP_Test_REST_Post_Meta_Fields" classname="WP_Test_REST_Post_Meta_Fields" file="/var/www/html/test/wordpress_test/inpsyde_test/test/wp-content/plugins/plugintestslughere/tests/unit/tests/rest-api/rest-post-meta-fields.php" line="1999" assertions="1" time="0.131124"/>
          <testcase name="test_meta_values_are_not_set_to_null_in_response_if_type_safely_serializable with data set #1" class="WP_Test_REST_Post_Meta_Fields" classname="WP_Test_REST_Post_Meta_Fields" file="/var/www/html/test/wordpress_test/inpsyde_test/test/wp-content/plugins/plugintestslughere/tests/unit/tests/rest-api/rest-post-meta-fields.php" line="1999" assertions="1" time="0.123338"/>
          <testcase name="test_meta_values_are_not_set_to_null_in_response_if_type_safely_serializable with data set #2" class="WP_Test_REST_Post_Meta_Fields" classname="WP_Test_REST_Post_Meta_Fields" file="/var/www/html/test/wordpress_test/inpsyde_test/test/wp-content/plugins/plugintestslughere/tests/unit/tests/rest-api/rest-post-meta-fields.php" line="1999" assertions="1" time="0.161692"/>
          <testcase name="test_meta_values_are_not_set_to_null_in_response_if_type_safely_serializable with data set #3" class="WP_Test_REST_Post_Meta_Fields" classname="WP_Test_REST_Post_Meta_Fields" file="/var/www/html/test/wordpress_test/inpsyde_test/test/wp-content/plugins/plugintestslughere/tests/unit/tests/rest-api/rest-post-meta-fields.php" line="1999" assertions="1" time="0.120730"/>
          <testcase name="test_meta_values_are_not_set_to_null_in_response_if_type_safely_serializable with data set #4" class="WP_Test_REST_Post_Meta_Fields" classname="WP_Test_REST_Post_Meta_Fields" file="/var/www/html/test/wordpress_test/inpsyde_test/test/wp-content/plugins/plugintestslughere/tests/unit/tests/rest-api/rest-post-meta-fields.php" line="1999" assertions="1" time="0.131255"/>
          <testcase name="test_meta_values_are_not_set_to_null_in_response_if_type_safely_serializable with data set #5" class="WP_Test_REST_Post_Meta_Fields" classname="WP_Test_REST_Post_Meta_Fields" file="/var/www/html/test/wordpress_test/inpsyde_test/test/wp-content/plugins/plugintestslughere/tests/unit/tests/rest-api/rest-post-meta-fields.php" line="1999" assertions="1" time="0.175907"/>
          <testcase name="test_meta_values_are_not_set_to_null_in_response_if_type_safely_serializable with data set #6" class="WP_Test_REST_Post_Meta_Fields" classname="WP_Test_REST_Post_Meta_Fields" file="/var/www/html/test/wordpress_test/inpsyde_test/test/wp-content/plugins/plugintestslughere/tests/unit/tests/rest-api/rest-post-meta-fields.php" line="1999" assertions="1" time="0.132077"/>
          <testcase name="test_meta_values_are_not_set_to_null_in_response_if_type_safely_serializable with data set #7" class="WP_Test_REST_Post_Meta_Fields" classname="WP_Test_REST_Post_Meta_Fields" file="/var/www/html/test/wordpress_test/inpsyde_test/test/wp-content/plugins/plugintestslughere/tests/unit/tests/rest-api/rest-post-meta-fields.php" line="1999" assertions="1" time="0.157092"/>
          <testcase name="test_meta_values_are_not_set_to_null_in_response_if_type_safely_serializable with data set #8" class="WP_Test_REST_Post_Meta_Fields" classname="WP_Test_REST_Post_Meta_Fields" file="/var/www/html/test/wordpress_test/inpsyde_test/test/wp-content/plugins/plugintestslughere/tests/unit/tests/rest-api/rest-post-meta-fields.php" line="1999" assertions="1" time="0.176648"/>
          <testcase name="test_meta_values_are_not_set_to_null_in_response_if_type_safely_serializable with data set #9" class="WP_Test_REST_Post_Meta_Fields" classname="WP_Test_REST_Post_Meta_Fields" file="/var/www/html/test/wordpress_test/inpsyde_test/test/wp-content/plugins/plugintestslughere/tests/unit/tests/rest-api/rest-post-meta-fields.php" line="1999" assertions="1" time="0.139486"/>
          <testcase name="test_meta_values_are_not_set_to_null_in_response_if_type_safely_serializable with data set #10" class="WP_Test_REST_Post_Meta_Fields" classname="WP_Test_REST_Post_Meta_Fields" file="/var/www/html/test/wordpress_test/inpsyde_test/test/wp-content/plugins/plugintestslughere/tests/unit/tests/rest-api/rest-post-meta-fields.php" line="1999" assertions="1" time="0.130542"/>
          <testcase name="test_meta_values_are_not_set_to_null_in_response_if_type_safely_serializable with data set #11" class="WP_Test_REST_Post_Meta_Fields" classname="WP_Test_REST_Post_Meta_Fields" file="/var/www/html/test/wordpress_test/inpsyde_test/test/wp-content/plugins/plugintestslughere/tests/unit/tests/rest-api/rest-post-meta-fields.php" line="1999" assertions="1" time="0.132597"/>
          <testcase name="test_meta_values_are_not_set_to_null_in_response_if_type_safely_serializable with data set #12" class="WP_Test_REST_Post_Meta_Fields" classname="WP_Test_REST_Post_Meta_Fields" file="/var/www/html/test/wordpress_test/inpsyde_test/test/wp-content/plugins/plugintestslughere/tests/unit/tests/rest-api/rest-post-meta-fields.php" line="1999" assertions="1" time="0.153634"/>
          <testcase name="test_meta_values_are_not_set_to_null_in_response_if_type_safely_serializable with data set #13" class="WP_Test_REST_Post_Meta_Fields" classname="WP_Test_REST_Post_Meta_Fields" file="/var/www/html/test/wordpress_test/inpsyde_test/test/wp-content/plugins/plugintestslughere/tests/unit/tests/rest-api/rest-post-meta-fields.php" line="1999" assertions="1" time="0.120316"/>
          <testcase name="test_meta_values_are_not_set_to_null_in_response_if_type_safely_serializable with data set #14" class="WP_Test_REST_Post_Meta_Fields" classname="WP_Test_REST_Post_Meta_Fields" file="/var/www/html/test/wordpress_test/inpsyde_test/test/wp-content/plugins/plugintestslughere/tests/unit/tests/rest-api/rest-post-meta-fields.php" line="1999" assertions="1" time="0.131617"/>
        </testsuite>
        <testcase name="test_update_multi_meta_value_object" class="WP_Test_REST_Post_Meta_Fields" classname="WP_Test_REST_Post_Meta_Fields" file="/var/www/html/test/wordpress_test/inpsyde_test/test/wp-content/plugins/plugintestslughere/tests/unit/tests/rest-api/rest-post-meta-fields.php" line="2041" assertions="8" time="0.264023"/>
        <testcase name="test_update_multi_meta_value_array" class="WP_Test_REST_Post_Meta_Fields" classname="WP_Test_REST_Post_Meta_Fields" file="/var/www/html/test/wordpress_test/inpsyde_test/test/wp-content/plugins/plugintestslughere/tests/unit/tests/rest-api/rest-post-meta-fields.php" line="2109" assertions="8" time="0.219962"/>
        <testcase name="test_update_meta_with_unchanged_array_values" class="WP_Test_REST_Post_Meta_Fields" classname="WP_Test_REST_Post_Meta_Fields" file="/var/www/html/test/wordpress_test/inpsyde_test/test/wp-content/plugins/plugintestslughere/tests/unit/tests/rest-api/rest-post-meta-fields.php" line="2162" assertions="2" time="0.274560"/>
        <testcase name="test_update_meta_with_unchanged_object_values" class="WP_Test_REST_Post_Meta_Fields" classname="WP_Test_REST_Post_Meta_Fields" file="/var/www/html/test/wordpress_test/inpsyde_test/test/wp-content/plugins/plugintestslughere/tests/unit/tests/rest-api/rest-post-meta-fields.php" line="2203" assertions="2" time="0.243682"/>
        <testcase name="test_register_meta_issues_doing_it_wrong_when_show_in_rest_is_true" class="WP_Test_REST_Post_Meta_Fields" classname="WP_Test_REST_Post_Meta_Fields" file="/var/www/html/test/wordpress_test/inpsyde_test/test/wp-content/plugins/plugintestslughere/tests/unit/tests/rest-api/rest-post-meta-fields.php" line="2246" assertions="2" time="0.060159"/>
        <testcase name="test_register_meta_issues_doing_it_wrong_when_show_in_rest_omits_schema" class="WP_Test_REST_Post_Meta_Fields" classname="WP_Test_REST_Post_Meta_Fields" file="/var/www/html/test/wordpress_test/inpsyde_test/test/wp-content/plugins/plugintestslughere/tests/unit/tests/rest-api/rest-post-meta-fields.php" line="2264" assertions="2" time="0.053860"/>
        <testcase name="test_register_meta_issues_doing_it_wrong_when_show_in_rest_omits_schema_items" class="WP_Test_REST_Post_Meta_Fields" classname="WP_Test_REST_Post_Meta_Fields" file="/var/www/html/test/wordpress_test/inpsyde_test/test/wp-content/plugins/plugintestslughere/tests/unit/tests/rest-api/rest-post-meta-fields.php" line="2284" assertions="2" time="0.082050"/>
        <testcase name="test_update_array_of_ints_meta" class="WP_Test_REST_Post_Meta_Fields" classname="WP_Test_REST_Post_Meta_Fields" file="/var/www/html/test/wordpress_test/inpsyde_test/test/wp-content/plugins/plugintestslughere/tests/unit/tests/rest-api/rest-post-meta-fields.php" line="2306" assertions="1" time="0.275070"/>
        <testcase name="test_update_array_of_ints_meta_stored_strings_are_updated" class="WP_Test_REST_Post_Meta_Fields" classname="WP_Test_REST_Post_Meta_Fields" file="/var/www/html/test/wordpress_test/inpsyde_test/test/wp-content/plugins/plugintestslughere/tests/unit/tests/rest-api/rest-post-meta-fields.php" line="2341" assertions="3" time="0.319367"/>
        <testcase name="test_update_array_of_ints_meta_string_request_data_is_set_as_ints" class="WP_Test_REST_Post_Meta_Fields" classname="WP_Test_REST_Post_Meta_Fields" file="/var/www/html/test/wordpress_test/inpsyde_test/test/wp-content/plugins/plugintestslughere/tests/unit/tests/rest-api/rest-post-meta-fields.php" line="2380" assertions="2" time="0.229896"/>
        <testcase name="test_update_array_of_ints_meta_string_request_data_and_string_stored_data" class="WP_Test_REST_Post_Meta_Fields" classname="WP_Test_REST_Post_Meta_Fields" file="/var/www/html/test/wordpress_test/inpsyde_test/test/wp-content/plugins/plugintestslughere/tests/unit/tests/rest-api/rest-post-meta-fields.php" line="2417" assertions="2" time="0.262765"/>
        <testcase name="test_update_array_of_bools_meta" class="WP_Test_REST_Post_Meta_Fields" classname="WP_Test_REST_Post_Meta_Fields" file="/var/www/html/test/wordpress_test/inpsyde_test/test/wp-content/plugins/plugintestslughere/tests/unit/tests/rest-api/rest-post-meta-fields.php" line="2454" assertions="1" time="0.243280"/>
        <testcase name="test_update_array_of_bools_meta_stored_strings_are_updated" class="WP_Test_REST_Post_Meta_Fields" classname="WP_Test_REST_Post_Meta_Fields" file="/var/www/html/test/wordpress_test/inpsyde_test/test/wp-content/plugins/plugintestslughere/tests/unit/tests/rest-api/rest-post-meta-fields.php" line="2489" assertions="3" time="0.317521"/>
        <testcase name="test_update_array_of_bools_meta_string_request_data_is_set_as_bools" class="WP_Test_REST_Post_Meta_Fields" classname="WP_Test_REST_Post_Meta_Fields" file="/var/www/html/test/wordpress_test/inpsyde_test/test/wp-content/plugins/plugintestslughere/tests/unit/tests/rest-api/rest-post-meta-fields.php" line="2529" assertions="2" time="0.286501"/>
        <testcase name="test_update_array_of_bools_meta_string_request_data_and_string_stored_data" class="WP_Test_REST_Post_Meta_Fields" classname="WP_Test_REST_Post_Meta_Fields" file="/var/www/html/test/wordpress_test/inpsyde_test/test/wp-content/plugins/plugintestslughere/tests/unit/tests/rest-api/rest-post-meta-fields.php" line="2566" assertions="2" time="0.228892"/>
        <testcase name="test_update_array_of_bools_with_string_values_stored_and_opposite_request_data" class="WP_Test_REST_Post_Meta_Fields" classname="WP_Test_REST_Post_Meta_Fields" file="/var/www/html/test/wordpress_test/inpsyde_test/test/wp-content/plugins/plugintestslughere/tests/unit/tests/rest-api/rest-post-meta-fields.php" line="2603" assertions="2" time="0.208534"/>
        <testcase name="test_boolean_meta_update_to_false_stores_0" class="WP_Test_REST_Post_Meta_Fields" classname="WP_Test_REST_Post_Meta_Fields" file="/var/www/html/test/wordpress_test/inpsyde_test/test/wp-content/plugins/plugintestslughere/tests/unit/tests/rest-api/rest-post-meta-fields.php" line="2640" assertions="2" time="0.220657"/>
        <testcase name="test_update_multi_meta_value_handles_integer_types" class="WP_Test_REST_Post_Meta_Fields" classname="WP_Test_REST_Post_Meta_Fields" file="/var/www/html/test/wordpress_test/inpsyde_test/test/wp-content/plugins/plugintestslughere/tests/unit/tests/rest-api/rest-post-meta-fields.php" line="2675" assertions="4" time="0.198181"/>
        <testcase name="test_update_multi_meta_value_handles_boolean_types" class="WP_Test_REST_Post_Meta_Fields" classname="WP_Test_REST_Post_Meta_Fields" file="/var/www/html/test/wordpress_test/inpsyde_test/test/wp-content/plugins/plugintestslughere/tests/unit/tests/rest-api/rest-post-meta-fields.php" line="2711" assertions="4" time="0.262935"/>
        <testcase name="test_update_multi_meta_value_handles_object_types" class="WP_Test_REST_Post_Meta_Fields" classname="WP_Test_REST_Post_Meta_Fields" file="/var/www/html/test/wordpress_test/inpsyde_test/test/wp-content/plugins/plugintestslughere/tests/unit/tests/rest-api/rest-post-meta-fields.php" line="2748" assertions="4" time="0.252328"/>
        <testsuite name="WP_Test_REST_Post_Meta_Fields::test_get_default_value" tests="9" assertions="45" errors="0" failures="0" skipped="0" time="0.741580">
          <testcase name="test_get_default_value with data set #0" class="WP_Test_REST_Post_Meta_Fields" classname="WP_Test_REST_Post_Meta_Fields" file="/var/www/html/test/wordpress_test/inpsyde_test/test/wp-content/plugins/plugintestslughere/tests/unit/tests/rest-api/rest-post-meta-fields.php" line="2803" assertions="5" time="0.069531"/>
          <testcase name="test_get_default_value with data set #1" class="WP_Test_REST_Post_Meta_Fields" classname="WP_Test_REST_Post_Meta_Fields" file="/var/www/html/test/wordpress_test/inpsyde_test/test/wp-content/plugins/plugintestslughere/tests/unit/tests/rest-api/rest-post-meta-fields.php" line="2803" assertions="5" time="0.067920"/>
          <testcase name="test_get_default_value with data set #2" class="WP_Test_REST_Post_Meta_Fields" classname="WP_Test_REST_Post_Meta_Fields" file="/var/www/html/test/wordpress_test/inpsyde_test/test/wp-content/plugins/plugintestslughere/tests/unit/tests/rest-api/rest-post-meta-fields.php" line="2803" assertions="5" time="0.071627"/>
          <testcase name="test_get_default_value with data set #3" class="WP_Test_REST_Post_Meta_Fields" classname="WP_Test_REST_Post_Meta_Fields" file="/var/www/html/test/wordpress_test/inpsyde_test/test/wp-content/plugins/plugintestslughere/tests/unit/tests/rest-api/rest-post-meta-fields.php" line="2803" assertions="5" time="0.068078"/>
          <testcase name="test_get_default_value with data set #4" class="WP_Test_REST_Post_Meta_Fields" classname="WP_Test_REST_Post_Meta_Fields" file="/var/www/html/test/wordpress_test/inpsyde_test/test/wp-content/plugins/plugintestslughere/tests/unit/tests/rest-api/rest-post-meta-fields.php" line="2803" assertions="5" time="0.110579"/>
          <testcase name="test_get_default_value with data set #5" class="WP_Test_REST_Post_Meta_Fields" classname="WP_Test_REST_Post_Meta_Fields" file="/var/www/html/test/wordpress_test/inpsyde_test/test/wp-content/plugins/plugintestslughere/tests/unit/tests/rest-api/rest-post-meta-fields.php" line="2803" assertions="5" time="0.097483"/>
          <testcase name="test_get_default_value with data set #6" class="WP_Test_REST_Post_Meta_Fields" classname="WP_Test_REST_Post_Meta_Fields" file="/var/www/html/test/wordpress_test/inpsyde_test/test/wp-content/plugins/plugintestslughere/tests/unit/tests/rest-api/rest-post-meta-fields.php" line="2803" assertions="5" time="0.082618"/>
          <testcase name="test_get_default_value with data set #7" class="WP_Test_REST_Post_Meta_Fields" classname="WP_Test_REST_Post_Meta_Fields" file="/var/www/html/test/wordpress_test/inpsyde_test/test/wp-content/plugins/plugintestslughere/tests/unit/tests/rest-api/rest-post-meta-fields.php" line="2803" assertions="5" time="0.086491"/>
          <testcase name="test_get_default_value with data set &quot;array of objects&quot;" class="WP_Test_REST_Post_Meta_Fields" classname="WP_Test_REST_Post_Meta_Fields" file="/var/www/html/test/wordpress_test/inpsyde_test/test/wp-content/plugins/plugintestslughere/tests/unit/tests/rest-api/rest-post-meta-fields.php" line="2803" assertions="5" time="0.087253"/>
        </testsuite>
        <testcase name="test_set_default_in_schema" class="WP_Test_REST_Post_Meta_Fields" classname="WP_Test_REST_Post_Meta_Fields" file="/var/www/html/test/wordpress_test/inpsyde_test/test/wp-content/plugins/plugintestslughere/tests/unit/tests/rest-api/rest-post-meta-fields.php" line="2968" assertions="1" time="0.070704"/>
        <testcase name="test_default_is_added_to_schema" class="WP_Test_REST_Post_Meta_Fields" classname="WP_Test_REST_Post_Meta_Fields" file="/var/www/html/test/wordpress_test/inpsyde_test/test/wp-content/plugins/plugintestslughere/tests/unit/tests/rest-api/rest-post-meta-fields.php" line="2990" assertions="2" time="0.108748"/>
      </testsuite>
      <testsuite name="WP_Test_REST_Post_Statuses_Controller" file="/var/www/html/test/wordpress_test/inpsyde_test/test/wp-content/plugins/plugintestslughere/tests/unit/tests/rest-api/rest-post-statuses-controller.php" tests="16" assertions="139" errors="0" failures="0" skipped="0" time="1.318460">
        <testcase name="test_register_routes" class="WP_Test_REST_Post_Statuses_Controller" classname="WP_Test_REST_Post_Statuses_Controller" file="/var/www/html/test/wordpress_test/inpsyde_test/test/wp-content/plugins/plugintestslughere/tests/unit/tests/rest-api/rest-post-statuses-controller.php" line="14" assertions="6" time="0.058406"/>
        <testcase name="test_context_param" class="WP_Test_REST_Post_Statuses_Controller" classname="WP_Test_REST_Post_Statuses_Controller" file="/var/www/html/test/wordpress_test/inpsyde_test/test/wp-content/plugins/plugintestslughere/tests/unit/tests/rest-api/rest-post-statuses-controller.php" line="20" assertions="9" time="0.055222"/>
        <testcase name="test_get_items" class="WP_Test_REST_Post_Statuses_Controller" classname="WP_Test_REST_Post_Statuses_Controller" file="/var/www/html/test/wordpress_test/inpsyde_test/test/wp-content/plugins/plugintestslughere/tests/unit/tests/rest-api/rest-post-statuses-controller.php" line="35" assertions="7" time="0.060280"/>
        <testcase name="test_get_items_logged_in" class="WP_Test_REST_Post_Statuses_Controller" classname="WP_Test_REST_Post_Statuses_Controller" file="/var/www/html/test/wordpress_test/inpsyde_test/test/wp-content/plugins/plugintestslughere/tests/unit/tests/rest-api/rest-post-statuses-controller.php" line="45" assertions="12" time="0.159231"/>
        <testcase name="test_get_items_unauthorized_context" class="WP_Test_REST_Post_Statuses_Controller" classname="WP_Test_REST_Post_Statuses_Controller" file="/var/www/html/test/wordpress_test/inpsyde_test/test/wp-content/plugins/plugintestslughere/tests/unit/tests/rest-api/rest-post-statuses-controller.php" line="67" assertions="8" time="0.059066"/>
        <testcase name="test_get_item" class="WP_Test_REST_Post_Statuses_Controller" classname="WP_Test_REST_Post_Statuses_Controller" file="/var/www/html/test/wordpress_test/inpsyde_test/test/wp-content/plugins/plugintestslughere/tests/unit/tests/rest-api/rest-post-statuses-controller.php" line="74" assertions="15" time="0.173380"/>
        <testcase name="test_get_item_invalid_status" class="WP_Test_REST_Post_Statuses_Controller" classname="WP_Test_REST_Post_Statuses_Controller" file="/var/www/html/test/wordpress_test/inpsyde_test/test/wp-content/plugins/plugintestslughere/tests/unit/tests/rest-api/rest-post-statuses-controller.php" line="83" assertions="8" time="0.092371"/>
        <testcase name="test_get_item_invalid_access" class="WP_Test_REST_Post_Statuses_Controller" classname="WP_Test_REST_Post_Statuses_Controller" file="/var/www/html/test/wordpress_test/inpsyde_test/test/wp-content/plugins/plugintestslughere/tests/unit/tests/rest-api/rest-post-statuses-controller.php" line="89" assertions="8" time="0.062148"/>
        <testcase name="test_get_item_invalid_internal" class="WP_Test_REST_Post_Statuses_Controller" classname="WP_Test_REST_Post_Statuses_Controller" file="/var/www/html/test/wordpress_test/inpsyde_test/test/wp-content/plugins/plugintestslughere/tests/unit/tests/rest-api/rest-post-statuses-controller.php" line="96" assertions="8" time="0.162269"/>
        <testcase name="test_create_item" class="WP_Test_REST_Post_Statuses_Controller" classname="WP_Test_REST_Post_Statuses_Controller" file="/var/www/html/test/wordpress_test/inpsyde_test/test/wp-content/plugins/plugintestslughere/tests/unit/tests/rest-api/rest-post-statuses-controller.php" line="105" assertions="5" time="0.062466"/>
        <testcase name="test_update_item" class="WP_Test_REST_Post_Statuses_Controller" classname="WP_Test_REST_Post_Statuses_Controller" file="/var/www/html/test/wordpress_test/inpsyde_test/test/wp-content/plugins/plugintestslughere/tests/unit/tests/rest-api/rest-post-statuses-controller.php" line="112" assertions="5" time="0.060132"/>
        <testcase name="test_delete_item" class="WP_Test_REST_Post_Statuses_Controller" classname="WP_Test_REST_Post_Statuses_Controller" file="/var/www/html/test/wordpress_test/inpsyde_test/test/wp-content/plugins/plugintestslughere/tests/unit/tests/rest-api/rest-post-statuses-controller.php" line="119" assertions="5" time="0.055364"/>
        <testcase name="test_prepare_item" class="WP_Test_REST_Post_Statuses_Controller" classname="WP_Test_REST_Post_Statuses_Controller" file="/var/www/html/test/wordpress_test/inpsyde_test/test/wp-content/plugins/plugintestslughere/tests/unit/tests/rest-api/rest-post-statuses-controller.php" line="126" assertions="14" time="0.056906"/>
        <testcase name="test_prepare_item_limit_fields" class="WP_Test_REST_Post_Statuses_Controller" classname="WP_Test_REST_Post_Statuses_Controller" file="/var/www/html/test/wordpress_test/inpsyde_test/test/wp-content/plugins/plugintestslughere/tests/unit/tests/rest-api/rest-post-statuses-controller.php" line="135" assertions="6" time="0.054310"/>
        <testcase name="test_get_item_schema" class="WP_Test_REST_Post_Statuses_Controller" classname="WP_Test_REST_Post_Statuses_Controller" file="/var/www/html/test/wordpress_test/inpsyde_test/test/wp-content/plugins/plugintestslughere/tests/unit/tests/rest-api/rest-post-statuses-controller.php" line="151" assertions="14" time="0.096189"/>
        <testcase name="test_get_additional_field_registration" class="WP_Test_REST_Post_Statuses_Controller" classname="WP_Test_REST_Post_Statuses_Controller" file="/var/www/html/test/wordpress_test/inpsyde_test/test/wp-content/plugins/plugintestslughere/tests/unit/tests/rest-api/rest-post-statuses-controller.php" line="167" assertions="9" time="0.050720"/>
      </testsuite>
      <testsuite name="WP_Test_REST_Post_Types_Controller" file="/var/www/html/test/wordpress_test/inpsyde_test/test/wp-content/plugins/plugintestslughere/tests/unit/tests/rest-api/rest-post-types-controller.php" tests="16" assertions="203" errors="0" failures="0" skipped="0" time="1.019547">
        <testcase name="test_register_routes" class="WP_Test_REST_Post_Types_Controller" classname="WP_Test_REST_Post_Types_Controller" file="/var/www/html/test/wordpress_test/inpsyde_test/test/wp-content/plugins/plugintestslughere/tests/unit/tests/rest-api/rest-post-types-controller.php" line="14" assertions="6" time="0.050517"/>
        <testcase name="test_context_param" class="WP_Test_REST_Post_Types_Controller" classname="WP_Test_REST_Post_Types_Controller" file="/var/www/html/test/wordpress_test/inpsyde_test/test/wp-content/plugins/plugintestslughere/tests/unit/tests/rest-api/rest-post-types-controller.php" line="20" assertions="9" time="0.050620"/>
        <testcase name="test_get_items" class="WP_Test_REST_Post_Types_Controller" classname="WP_Test_REST_Post_Types_Controller" file="/var/www/html/test/wordpress_test/inpsyde_test/test/wp-content/plugins/plugintestslughere/tests/unit/tests/rest-api/rest-post-types-controller.php" line="35" assertions="40" time="0.052580"/>
        <testcase name="test_get_items_invalid_permission_for_context" class="WP_Test_REST_Post_Types_Controller" classname="WP_Test_REST_Post_Types_Controller" file="/var/www/html/test/wordpress_test/inpsyde_test/test/wp-content/plugins/plugintestslughere/tests/unit/tests/rest-api/rest-post-types-controller.php" line="49" assertions="8" time="0.048131"/>
        <testcase name="test_get_item" class="WP_Test_REST_Post_Types_Controller" classname="WP_Test_REST_Post_Types_Controller" file="/var/www/html/test/wordpress_test/inpsyde_test/test/wp-content/plugins/plugintestslughere/tests/unit/tests/rest-api/rest-post-types-controller.php" line="57" assertions="20" time="0.060729"/>
        <testcase name="test_get_item_page" class="WP_Test_REST_Post_Types_Controller" classname="WP_Test_REST_Post_Types_Controller" file="/var/www/html/test/wordpress_test/inpsyde_test/test/wp-content/plugins/plugintestslughere/tests/unit/tests/rest-api/rest-post-types-controller.php" line="65" assertions="20" time="0.105507"/>
        <testcase name="test_get_item_invalid_type" class="WP_Test_REST_Post_Types_Controller" classname="WP_Test_REST_Post_Types_Controller" file="/var/www/html/test/wordpress_test/inpsyde_test/test/wp-content/plugins/plugintestslughere/tests/unit/tests/rest-api/rest-post-types-controller.php" line="73" assertions="8" time="0.052528"/>
        <testcase name="test_get_item_edit_context" class="WP_Test_REST_Post_Types_Controller" classname="WP_Test_REST_Post_Types_Controller" file="/var/www/html/test/wordpress_test/inpsyde_test/test/wp-content/plugins/plugintestslughere/tests/unit/tests/rest-api/rest-post-types-controller.php" line="79" assertions="19" time="0.156214"/>
        <testcase name="test_get_item_invalid_permission_for_context" class="WP_Test_REST_Post_Types_Controller" classname="WP_Test_REST_Post_Types_Controller" file="/var/www/html/test/wordpress_test/inpsyde_test/test/wp-content/plugins/plugintestslughere/tests/unit/tests/rest-api/rest-post-types-controller.php" line="88" assertions="8" time="0.050956"/>
        <testcase name="test_create_item" class="WP_Test_REST_Post_Types_Controller" classname="WP_Test_REST_Post_Types_Controller" file="/var/www/html/test/wordpress_test/inpsyde_test/test/wp-content/plugins/plugintestslughere/tests/unit/tests/rest-api/rest-post-types-controller.php" line="96" assertions="5" time="0.053039"/>
        <testcase name="test_update_item" class="WP_Test_REST_Post_Types_Controller" classname="WP_Test_REST_Post_Types_Controller" file="/var/www/html/test/wordpress_test/inpsyde_test/test/wp-content/plugins/plugintestslughere/tests/unit/tests/rest-api/rest-post-types-controller.php" line="103" assertions="5" time="0.051310"/>
        <testcase name="test_delete_item" class="WP_Test_REST_Post_Types_Controller" classname="WP_Test_REST_Post_Types_Controller" file="/var/www/html/test/wordpress_test/inpsyde_test/test/wp-content/plugins/plugintestslughere/tests/unit/tests/rest-api/rest-post-types-controller.php" line="110" assertions="5" time="0.051435"/>
        <testcase name="test_prepare_item" class="WP_Test_REST_Post_Types_Controller" classname="WP_Test_REST_Post_Types_Controller" file="/var/www/html/test/wordpress_test/inpsyde_test/test/wp-content/plugins/plugintestslughere/tests/unit/tests/rest-api/rest-post-types-controller.php" line="117" assertions="18" time="0.051025"/>
        <testcase name="test_prepare_item_limit_fields" class="WP_Test_REST_Post_Types_Controller" classname="WP_Test_REST_Post_Types_Controller" file="/var/www/html/test/wordpress_test/inpsyde_test/test/wp-content/plugins/plugintestslughere/tests/unit/tests/rest-api/rest-post-types-controller.php" line="126" assertions="7" time="0.080731"/>
        <testcase name="test_get_item_schema" class="WP_Test_REST_Post_Types_Controller" classname="WP_Test_REST_Post_Types_Controller" file="/var/www/html/test/wordpress_test/inpsyde_test/test/wp-content/plugins/plugintestslughere/tests/unit/tests/rest-api/rest-post-types-controller.php" line="142" assertions="16" time="0.049716"/>
        <testcase name="test_get_additional_field_registration" class="WP_Test_REST_Post_Types_Controller" classname="WP_Test_REST_Post_Types_Controller" file="/var/www/html/test/wordpress_test/inpsyde_test/test/wp-content/plugins/plugintestslughere/tests/unit/tests/rest-api/rest-post-types-controller.php" line="160" assertions="9" time="0.054510"/>
      </testsuite>
      <testsuite name="WP_Test_REST_Posts_Controller" file="/var/www/html/test/wordpress_test/inpsyde_test/test/wp-content/plugins/plugintestslughere/tests/unit/tests/rest-api/rest-posts-controller.php" tests="238" assertions="9300" errors="0" failures="0" skipped="0" time="46.868906">
        <testcase name="test_register_routes" class="WP_Test_REST_Posts_Controller" classname="WP_Test_REST_Posts_Controller" file="/var/www/html/test/wordpress_test/inpsyde_test/test/wp-content/plugins/plugintestslughere/tests/unit/tests/rest-api/rest-posts-controller.php" line="143" assertions="8" time="0.105515"/>
        <testcase name="test_context_param" class="WP_Test_REST_Posts_Controller" classname="WP_Test_REST_Posts_Controller" file="/var/www/html/test/wordpress_test/inpsyde_test/test/wp-content/plugins/plugintestslughere/tests/unit/tests/rest-api/rest-posts-controller.php" line="152" assertions="10" time="0.098703"/>
        <testcase name="test_registered_query_params" class="WP_Test_REST_Posts_Controller" classname="WP_Test_REST_Posts_Controller" file="/var/www/html/test/wordpress_test/inpsyde_test/test/wp-content/plugins/plugintestslughere/tests/unit/tests/rest-api/rest-posts-controller.php" line="167" assertions="7" time="0.110442"/>
        <testcase name="test_registered_get_item_params" class="WP_Test_REST_Posts_Controller" classname="WP_Test_REST_Posts_Controller" file="/var/www/html/test/wordpress_test/inpsyde_test/test/wp-content/plugins/plugintestslughere/tests/unit/tests/rest-api/rest-posts-controller.php" line="201" assertions="5" time="0.108989"/>
        <testcase name="test_allow_header_sent_on_options_request" class="WP_Test_REST_Posts_Controller" classname="WP_Test_REST_Posts_Controller" file="/var/www/html/test/wordpress_test/inpsyde_test/test/wp-content/plugins/plugintestslughere/tests/unit/tests/rest-api/rest-posts-controller.php" line="213" assertions="8" time="0.132548"/>
        <testcase name="test_get_items" class="WP_Test_REST_Posts_Controller" classname="WP_Test_REST_Posts_Controller" file="/var/www/html/test/wordpress_test/inpsyde_test/test/wp-content/plugins/plugintestslughere/tests/unit/tests/rest-api/rest-posts-controller.php" line="233" assertions="539" time="0.362692"/>
        <testcase name="test_get_items_empty_query" class="WP_Test_REST_Posts_Controller" classname="WP_Test_REST_Posts_Controller" file="/var/www/html/test/wordpress_test/inpsyde_test/test/wp-content/plugins/plugintestslughere/tests/unit/tests/rest-api/rest-posts-controller.php" line="245" assertions="7" time="0.142575"/>
        <testcase name="test_get_items_author_query" class="WP_Test_REST_Posts_Controller" classname="WP_Test_REST_Posts_Controller" file="/var/www/html/test/wordpress_test/inpsyde_test/test/wp-content/plugins/plugintestslughere/tests/unit/tests/rest-api/rest-posts-controller.php" line="258" assertions="300" time="0.573113"/>
        <testcase name="test_get_items_author_exclude_query" class="WP_Test_REST_Posts_Controller" classname="WP_Test_REST_Posts_Controller" file="/var/www/html/test/wordpress_test/inpsyde_test/test/wp-content/plugins/plugintestslughere/tests/unit/tests/rest-api/rest-posts-controller.php" line="290" assertions="768" time="1.297542"/>
        <testcase name="test_get_items_include_query" class="WP_Test_REST_Posts_Controller" classname="WP_Test_REST_Posts_Controller" file="/var/www/html/test/wordpress_test/inpsyde_test/test/wp-content/plugins/plugintestslughere/tests/unit/tests/rest-api/rest-posts-controller.php" line="332" assertions="50" time="0.639802"/>
        <testcase name="test_get_items_orderby_author_query" class="WP_Test_REST_Posts_Controller" classname="WP_Test_REST_Posts_Controller" file="/var/www/html/test/wordpress_test/inpsyde_test/test/wp-content/plugins/plugintestslughere/tests/unit/tests/rest-api/rest-posts-controller.php" line="371" assertions="38" time="0.229567"/>
        <testcase name="test_get_items_orderby_modified_query" class="WP_Test_REST_Posts_Controller" classname="WP_Test_REST_Posts_Controller" file="/var/www/html/test/wordpress_test/inpsyde_test/test/wp-content/plugins/plugintestslughere/tests/unit/tests/rest-api/rest-posts-controller.php" line="406" assertions="35" time="0.264239"/>
        <testcase name="test_get_items_orderby_parent_query" class="WP_Test_REST_Posts_Controller" classname="WP_Test_REST_Posts_Controller" file="/var/www/html/test/wordpress_test/inpsyde_test/test/wp-content/plugins/plugintestslughere/tests/unit/tests/rest-api/rest-posts-controller.php" line="430" assertions="31" time="0.175771"/>
        <testcase name="test_get_items_exclude_query" class="WP_Test_REST_Posts_Controller" classname="WP_Test_REST_Posts_Controller" file="/var/www/html/test/wordpress_test/inpsyde_test/test/wp-content/plugins/plugintestslughere/tests/unit/tests/rest-api/rest-posts-controller.php" line="468" assertions="257" time="0.629145"/>
        <testcase name="test_get_items_search_query" class="WP_Test_REST_Posts_Controller" classname="WP_Test_REST_Posts_Controller" file="/var/www/html/test/wordpress_test/inpsyde_test/test/wp-content/plugins/plugintestslughere/tests/unit/tests/rest-api/rest-posts-controller.php" line="498" assertions="265" time="0.516334"/>
        <testcase name="test_get_items_slug_query" class="WP_Test_REST_Posts_Controller" classname="WP_Test_REST_Posts_Controller" file="/var/www/html/test/wordpress_test/inpsyde_test/test/wp-content/plugins/plugintestslughere/tests/unit/tests/rest-api/rest-posts-controller.php" line="520" assertions="16" time="0.164777"/>
        <testcase name="test_get_items_multiple_slugs_array_query" class="WP_Test_REST_Posts_Controller" classname="WP_Test_REST_Posts_Controller" file="/var/www/html/test/wordpress_test/inpsyde_test/test/wp-content/plugins/plugintestslughere/tests/unit/tests/rest-api/rest-posts-controller.php" line="543" assertions="24" time="0.208323"/>
        <testcase name="test_get_items_multiple_slugs_string_query" class="WP_Test_REST_Posts_Controller" classname="WP_Test_REST_Posts_Controller" file="/var/www/html/test/wordpress_test/inpsyde_test/test/wp-content/plugins/plugintestslughere/tests/unit/tests/rest-api/rest-posts-controller.php" line="577" assertions="24" time="0.264120"/>
        <testcase name="test_get_items_status_query" class="WP_Test_REST_Posts_Controller" classname="WP_Test_REST_Posts_Controller" file="/var/www/html/test/wordpress_test/inpsyde_test/test/wp-content/plugins/plugintestslughere/tests/unit/tests/rest-api/rest-posts-controller.php" line="611" assertions="262" time="0.495339"/>
        <testcase name="test_get_items_multiple_statuses_string_query" class="WP_Test_REST_Posts_Controller" classname="WP_Test_REST_Posts_Controller" file="/var/www/html/test/wordpress_test/inpsyde_test/test/wp-content/plugins/plugintestslughere/tests/unit/tests/rest-api/rest-posts-controller.php" line="637" assertions="26" time="0.175752"/>
        <testcase name="test_get_items_multiple_statuses_array_query" class="WP_Test_REST_Posts_Controller" classname="WP_Test_REST_Posts_Controller" file="/var/www/html/test/wordpress_test/inpsyde_test/test/wp-content/plugins/plugintestslughere/tests/unit/tests/rest-api/rest-posts-controller.php" line="660" assertions="26" time="0.253475"/>
        <testcase name="test_get_items_multiple_statuses_one_invalid_query" class="WP_Test_REST_Posts_Controller" classname="WP_Test_REST_Posts_Controller" file="/var/www/html/test/wordpress_test/inpsyde_test/test/wp-content/plugins/plugintestslughere/tests/unit/tests/rest-api/rest-posts-controller.php" line="683" assertions="8" time="0.098370"/>
        <testcase name="test_get_items_multiple_statuses_custom_role_one_invalid_query" class="WP_Test_REST_Posts_Controller" classname="WP_Test_REST_Posts_Controller" file="/var/www/html/test/wordpress_test/inpsyde_test/test/wp-content/plugins/plugintestslughere/tests/unit/tests/rest-api/rest-posts-controller.php" line="694" assertions="8" time="0.132659"/>
        <testcase name="test_get_items_invalid_status_query" class="WP_Test_REST_Posts_Controller" classname="WP_Test_REST_Posts_Controller" file="/var/www/html/test/wordpress_test/inpsyde_test/test/wp-content/plugins/plugintestslughere/tests/unit/tests/rest-api/rest-posts-controller.php" line="706" assertions="8" time="0.097770"/>
        <testcase name="test_get_items_status_without_permissions" class="WP_Test_REST_Posts_Controller" classname="WP_Test_REST_Posts_Controller" file="/var/www/html/test/wordpress_test/inpsyde_test/test/wp-content/plugins/plugintestslughere/tests/unit/tests/rest-api/rest-posts-controller.php" line="715" assertions="96" time="0.252262"/>
        <testcase name="test_get_items_order_and_orderby" class="WP_Test_REST_Posts_Controller" classname="WP_Test_REST_Posts_Controller" file="/var/www/html/test/wordpress_test/inpsyde_test/test/wp-content/plugins/plugintestslughere/tests/unit/tests/rest-api/rest-posts-controller.php" line="735" assertions="84" time="0.352466"/>
        <testcase name="test_get_items_with_orderby_include_without_include_param" class="WP_Test_REST_Posts_Controller" classname="WP_Test_REST_Posts_Controller" file="/var/www/html/test/wordpress_test/inpsyde_test/test/wp-content/plugins/plugintestslughere/tests/unit/tests/rest-api/rest-posts-controller.php" line="790" assertions="8" time="0.120945"/>
        <testcase name="test_get_items_with_orderby_id" class="WP_Test_REST_Posts_Controller" classname="WP_Test_REST_Posts_Controller" file="/var/www/html/test/wordpress_test/inpsyde_test/test/wp-content/plugins/plugintestslughere/tests/unit/tests/rest-api/rest-posts-controller.php" line="801" assertions="34" time="0.230287"/>
        <testcase name="test_get_items_with_orderby_slug" class="WP_Test_REST_Posts_Controller" classname="WP_Test_REST_Posts_Controller" file="/var/www/html/test/wordpress_test/inpsyde_test/test/wp-content/plugins/plugintestslughere/tests/unit/tests/rest-api/rest-posts-controller.php" line="835" assertions="25" time="0.186908"/>
        <testcase name="test_get_items_with_orderby_slugs" class="WP_Test_REST_Posts_Controller" classname="WP_Test_REST_Posts_Controller" file="/var/www/html/test/wordpress_test/inpsyde_test/test/wp-content/plugins/plugintestslughere/tests/unit/tests/rest-api/rest-posts-controller.php" line="864" assertions="32" time="0.198472"/>
        <testcase name="test_get_items_with_orderby_relevance" class="WP_Test_REST_Posts_Controller" classname="WP_Test_REST_Posts_Controller" file="/var/www/html/test/wordpress_test/inpsyde_test/test/wp-content/plugins/plugintestslughere/tests/unit/tests/rest-api/rest-posts-controller.php" line="888" assertions="27" time="0.230644"/>
        <testcase name="test_get_items_with_orderby_relevance_two_terms" class="WP_Test_REST_Posts_Controller" classname="WP_Test_REST_Posts_Controller" file="/var/www/html/test/wordpress_test/inpsyde_test/test/wp-content/plugins/plugintestslughere/tests/unit/tests/rest-api/rest-posts-controller.php" line="916" assertions="27" time="0.197345"/>
        <testcase name="test_get_items_with_orderby_relevance_missing_search" class="WP_Test_REST_Posts_Controller" classname="WP_Test_REST_Posts_Controller" file="/var/www/html/test/wordpress_test/inpsyde_test/test/wp-content/plugins/plugintestslughere/tests/unit/tests/rest-api/rest-posts-controller.php" line="944" assertions="8" time="0.131047"/>
        <testcase name="test_get_items_offset_query" class="WP_Test_REST_Posts_Controller" classname="WP_Test_REST_Posts_Controller" file="/var/www/html/test/wordpress_test/inpsyde_test/test/wp-content/plugins/plugintestslughere/tests/unit/tests/rest-api/rest-posts-controller.php" line="951" assertions="278" time="0.528002"/>
        <testcase name="test_get_items_tags_query" class="WP_Test_REST_Posts_Controller" classname="WP_Test_REST_Posts_Controller" file="/var/www/html/test/wordpress_test/inpsyde_test/test/wp-content/plugins/plugintestslughere/tests/unit/tests/rest-api/rest-posts-controller.php" line="974" assertions="15" time="0.165277"/>
        <testcase name="test_get_items_tags_exclude_query" class="WP_Test_REST_Posts_Controller" classname="WP_Test_REST_Posts_Controller" file="/var/www/html/test/wordpress_test/inpsyde_test/test/wp-content/plugins/plugintestslughere/tests/unit/tests/rest-api/rest-posts-controller.php" line="989" assertions="265" time="0.616496"/>
        <testcase name="test_get_items_tags_and_categories_query" class="WP_Test_REST_Posts_Controller" classname="WP_Test_REST_Posts_Controller" file="/var/www/html/test/wordpress_test/inpsyde_test/test/wp-content/plugins/plugintestslughere/tests/unit/tests/rest-api/rest-posts-controller.php" line="1012" assertions="18" time="0.186541"/>
        <testcase name="test_get_items_tags_or_categories_query" class="WP_Test_REST_Posts_Controller" classname="WP_Test_REST_Posts_Controller" file="/var/www/html/test/wordpress_test/inpsyde_test/test/wp-content/plugins/plugintestslughere/tests/unit/tests/rest-api/rest-posts-controller.php" line="1037" assertions="24" time="0.253296"/>
        <testcase name="test_get_items_tags_and_categories_exclude_query" class="WP_Test_REST_Posts_Controller" classname="WP_Test_REST_Posts_Controller" file="/var/www/html/test/wordpress_test/inpsyde_test/test/wp-content/plugins/plugintestslughere/tests/unit/tests/rest-api/rest-posts-controller.php" line="1059" assertions="19" time="0.186751"/>
        <testcase name="test_get_items_tags_or_categories_exclude_query" class="WP_Test_REST_Posts_Controller" classname="WP_Test_REST_Posts_Controller" file="/var/www/html/test/wordpress_test/inpsyde_test/test/wp-content/plugins/plugintestslughere/tests/unit/tests/rest-api/rest-posts-controller.php" line="1086" assertions="265" time="0.815005"/>
        <testcase name="test_get_items_relation_with_no_tax_query" class="WP_Test_REST_Posts_Controller" classname="WP_Test_REST_Posts_Controller" file="/var/www/html/test/wordpress_test/inpsyde_test/test/wp-content/plugins/plugintestslughere/tests/unit/tests/rest-api/rest-posts-controller.php" line="1119" assertions="16" time="0.165420"/>
        <testcase name="test_get_items_sticky" class="WP_Test_REST_Posts_Controller" classname="WP_Test_REST_Posts_Controller" file="/var/www/html/test/wordpress_test/inpsyde_test/test/wp-content/plugins/plugintestslughere/tests/unit/tests/rest-api/rest-posts-controller.php" line="1130" assertions="19" time="0.153020"/>
        <testcase name="test_get_items_sticky_with_include" class="WP_Test_REST_Posts_Controller" classname="WP_Test_REST_Posts_Controller" file="/var/www/html/test/wordpress_test/inpsyde_test/test/wp-content/plugins/plugintestslughere/tests/unit/tests/rest-api/rest-posts-controller.php" line="1151" assertions="22" time="0.186414"/>
        <testcase name="test_get_items_sticky_no_sticky_posts" class="WP_Test_REST_Posts_Controller" classname="WP_Test_REST_Posts_Controller" file="/var/www/html/test/wordpress_test/inpsyde_test/test/wp-content/plugins/plugintestslughere/tests/unit/tests/rest-api/rest-posts-controller.php" line="1187" assertions="9" time="0.109531"/>
        <testcase name="test_get_items_sticky_with_include_no_sticky_posts" class="WP_Test_REST_Posts_Controller" classname="WP_Test_REST_Posts_Controller" file="/var/www/html/test/wordpress_test/inpsyde_test/test/wp-content/plugins/plugintestslughere/tests/unit/tests/rest-api/rest-posts-controller.php" line="1203" assertions="9" time="0.109888"/>
        <testcase name="test_get_items_not_sticky" class="WP_Test_REST_Posts_Controller" classname="WP_Test_REST_Posts_Controller" file="/var/www/html/test/wordpress_test/inpsyde_test/test/wp-content/plugins/plugintestslughere/tests/unit/tests/rest-api/rest-posts-controller.php" line="1222" assertions="249" time="0.473213"/>
        <testcase name="test_get_items_not_sticky_with_exclude" class="WP_Test_REST_Posts_Controller" classname="WP_Test_REST_Posts_Controller" file="/var/www/html/test/wordpress_test/inpsyde_test/test/wp-content/plugins/plugintestslughere/tests/unit/tests/rest-api/rest-posts-controller.php" line="1244" assertions="251" time="0.473254"/>
        <testcase name="test_get_items_not_sticky_with_exclude_no_sticky_posts" class="WP_Test_REST_Posts_Controller" classname="WP_Test_REST_Posts_Controller" file="/var/www/html/test/wordpress_test/inpsyde_test/test/wp-content/plugins/plugintestslughere/tests/unit/tests/rest-api/rest-posts-controller.php" line="1270" assertions="259" time="0.505979"/>
        <testcase name="test_get_items_pagination_headers" class="WP_Test_REST_Posts_Controller" classname="WP_Test_REST_Posts_Controller" file="/var/www/html/test/wordpress_test/inpsyde_test/test/wp-content/plugins/plugintestslughere/tests/unit/tests/rest-api/rest-posts-controller.php" line="1296" assertions="242" time="0.473181"/>
        <testcase name="test_get_items_status_draft_permissions" class="WP_Test_REST_Posts_Controller" classname="WP_Test_REST_Posts_Controller" file="/var/www/html/test/wordpress_test/inpsyde_test/test/wp-content/plugins/plugintestslughere/tests/unit/tests/rest-api/rest-posts-controller.php" line="1394" assertions="22" time="0.176085"/>
        <testcase name="test_get_items_status_private_permissions" class="WP_Test_REST_Posts_Controller" classname="WP_Test_REST_Posts_Controller" file="/var/www/html/test/wordpress_test/inpsyde_test/test/wp-content/plugins/plugintestslughere/tests/unit/tests/rest-api/rest-posts-controller.php" line="1424" assertions="20" time="0.220722"/>
        <testcase name="test_get_items_invalid_per_page" class="WP_Test_REST_Posts_Controller" classname="WP_Test_REST_Posts_Controller" file="/var/www/html/test/wordpress_test/inpsyde_test/test/wp-content/plugins/plugintestslughere/tests/unit/tests/rest-api/rest-posts-controller.php" line="1446" assertions="8" time="0.141516"/>
        <testcase name="test_get_items_invalid_max_pages" class="WP_Test_REST_Posts_Controller" classname="WP_Test_REST_Posts_Controller" file="/var/www/html/test/wordpress_test/inpsyde_test/test/wp-content/plugins/plugintestslughere/tests/unit/tests/rest-api/rest-posts-controller.php" line="1456" assertions="8" time="0.131020"/>
        <testcase name="test_get_items_invalid_context" class="WP_Test_REST_Posts_Controller" classname="WP_Test_REST_Posts_Controller" file="/var/www/html/test/wordpress_test/inpsyde_test/test/wp-content/plugins/plugintestslughere/tests/unit/tests/rest-api/rest-posts-controller.php" line="1464" assertions="8" time="0.122513"/>
        <testcase name="test_get_items_invalid_date" class="WP_Test_REST_Posts_Controller" classname="WP_Test_REST_Posts_Controller" file="/var/www/html/test/wordpress_test/inpsyde_test/test/wp-content/plugins/plugintestslughere/tests/unit/tests/rest-api/rest-posts-controller.php" line="1471" assertions="8" time="0.120819"/>
        <testcase name="test_get_items_valid_date" class="WP_Test_REST_Posts_Controller" classname="WP_Test_REST_Posts_Controller" file="/var/www/html/test/wordpress_test/inpsyde_test/test/wp-content/plugins/plugintestslughere/tests/unit/tests/rest-api/rest-posts-controller.php" line="1479" assertions="15" time="0.219026"/>
        <testcase name="test_get_items_all_post_formats" class="WP_Test_REST_Posts_Controller" classname="WP_Test_REST_Posts_Controller" file="/var/www/html/test/wordpress_test/inpsyde_test/test/wp-content/plugins/plugintestslughere/tests/unit/tests/rest-api/rest-posts-controller.php" line="1493" assertions="7" time="0.154285"/>
        <testcase name="test_get_item" class="WP_Test_REST_Posts_Controller" classname="WP_Test_REST_Posts_Controller" file="/var/www/html/test/wordpress_test/inpsyde_test/test/wp-content/plugins/plugintestslughere/tests/unit/tests/rest-api/rest-posts-controller.php" line="1503" assertions="59" time="0.142715"/>
        <testcase name="test_get_item_links" class="WP_Test_REST_Posts_Controller" classname="WP_Test_REST_Posts_Controller" file="/var/www/html/test/wordpress_test/inpsyde_test/test/wp-content/plugins/plugintestslughere/tests/unit/tests/rest-api/rest-posts-controller.php" line="1510" assertions="34" time="0.120569"/>
        <testcase name="test_get_item_links_predecessor" class="WP_Test_REST_Posts_Controller" classname="WP_Test_REST_Posts_Controller" file="/var/www/html/test/wordpress_test/inpsyde_test/test/wp-content/plugins/plugintestslughere/tests/unit/tests/rest-api/rest-posts-controller.php" line="1558" assertions="19" time="0.153576"/>
        <testcase name="test_get_item_links_no_author" class="WP_Test_REST_Posts_Controller" classname="WP_Test_REST_Posts_Controller" file="/var/www/html/test/wordpress_test/inpsyde_test/test/wp-content/plugins/plugintestslughere/tests/unit/tests/rest-api/rest-posts-controller.php" line="1580" assertions="25" time="0.219460"/>
        <testcase name="test_get_post_draft_status_not_authenicated" class="WP_Test_REST_Posts_Controller" classname="WP_Test_REST_Posts_Controller" file="/var/www/html/test/wordpress_test/inpsyde_test/test/wp-content/plugins/plugintestslughere/tests/unit/tests/rest-api/rest-posts-controller.php" line="1597" assertions="8" time="0.162666"/>
        <testcase name="test_get_post_invalid_id" class="WP_Test_REST_Posts_Controller" classname="WP_Test_REST_Posts_Controller" file="/var/www/html/test/wordpress_test/inpsyde_test/test/wp-content/plugins/plugintestslughere/tests/unit/tests/rest-api/rest-posts-controller.php" line="1612" assertions="8" time="0.210659"/>
        <testcase name="test_get_post_list_context_with_permission" class="WP_Test_REST_Posts_Controller" classname="WP_Test_REST_Posts_Controller" file="/var/www/html/test/wordpress_test/inpsyde_test/test/wp-content/plugins/plugintestslughere/tests/unit/tests/rest-api/rest-posts-controller.php" line="1619" assertions="559" time="0.363269"/>
        <testcase name="test_get_post_list_context_without_permission" class="WP_Test_REST_Posts_Controller" classname="WP_Test_REST_Posts_Controller" file="/var/www/html/test/wordpress_test/inpsyde_test/test/wp-content/plugins/plugintestslughere/tests/unit/tests/rest-api/rest-posts-controller.php" line="1634" assertions="8" time="0.120169"/>
        <testcase name="test_get_post_context_without_permission" class="WP_Test_REST_Posts_Controller" classname="WP_Test_REST_Posts_Controller" file="/var/www/html/test/wordpress_test/inpsyde_test/test/wp-content/plugins/plugintestslughere/tests/unit/tests/rest-api/rest-posts-controller.php" line="1648" assertions="8" time="0.120263"/>
        <testcase name="test_get_post_with_password" class="WP_Test_REST_Posts_Controller" classname="WP_Test_REST_Posts_Controller" file="/var/www/html/test/wordpress_test/inpsyde_test/test/wp-content/plugins/plugintestslughere/tests/unit/tests/rest-api/rest-posts-controller.php" line="1662" assertions="61" time="0.153043"/>
        <testcase name="test_get_post_with_password_using_password" class="WP_Test_REST_Posts_Controller" classname="WP_Test_REST_Posts_Controller" file="/var/www/html/test/wordpress_test/inpsyde_test/test/wp-content/plugins/plugintestslughere/tests/unit/tests/rest-api/rest-posts-controller.php" line="1681" assertions="61" time="0.286600"/>
        <testcase name="test_get_post_with_password_using_incorrect_password" class="WP_Test_REST_Posts_Controller" classname="WP_Test_REST_Posts_Controller" file="/var/www/html/test/wordpress_test/inpsyde_test/test/wp-content/plugins/plugintestslughere/tests/unit/tests/rest-api/rest-posts-controller.php" line="1705" assertions="8" time="0.164463"/>
        <testcase name="test_get_post_with_password_without_permission" class="WP_Test_REST_Posts_Controller" classname="WP_Test_REST_Posts_Controller" file="/var/www/html/test/wordpress_test/inpsyde_test/test/wp-content/plugins/plugintestslughere/tests/unit/tests/rest-api/rest-posts-controller.php" line="1721" assertions="61" time="0.187738"/>
        <testcase name="test_get_post_should_not_have_block_version_when_context_view" class="WP_Test_REST_Posts_Controller" classname="WP_Test_REST_Posts_Controller" file="/var/www/html/test/wordpress_test/inpsyde_test/test/wp-content/plugins/plugintestslughere/tests/unit/tests/rest-api/rest-posts-controller.php" line="1745" assertions="13" time="0.140996"/>
        <testcase name="test_get_post_should_have_block_version_indicate_block_content_when_context_edit" class="WP_Test_REST_Posts_Controller" classname="WP_Test_REST_Posts_Controller" file="/var/www/html/test/wordpress_test/inpsyde_test/test/wp-content/plugins/plugintestslughere/tests/unit/tests/rest-api/rest-posts-controller.php" line="1763" assertions="14" time="0.143203"/>
        <testcase name="test_get_post_should_have_block_version_indicate_no_block_content_when_context_edit" class="WP_Test_REST_Posts_Controller" classname="WP_Test_REST_Posts_Controller" file="/var/www/html/test/wordpress_test/inpsyde_test/test/wp-content/plugins/plugintestslughere/tests/unit/tests/rest-api/rest-posts-controller.php" line="1784" assertions="14" time="0.142681"/>
        <testcase name="test_get_item_read_permission_custom_post_status_not_authenticated" class="WP_Test_REST_Posts_Controller" classname="WP_Test_REST_Posts_Controller" file="/var/www/html/test/wordpress_test/inpsyde_test/test/wp-content/plugins/plugintestslughere/tests/unit/tests/rest-api/rest-posts-controller.php" line="1800" assertions="15" time="0.297309"/>
        <testcase name="test_prepare_item" class="WP_Test_REST_Posts_Controller" classname="WP_Test_REST_Posts_Controller" file="/var/www/html/test/wordpress_test/inpsyde_test/test/wp-content/plugins/plugintestslughere/tests/unit/tests/rest-api/rest-posts-controller.php" line="1829" assertions="61" time="0.186716"/>
        <testcase name="test_prepare_item_limit_fields" class="WP_Test_REST_Posts_Controller" classname="WP_Test_REST_Posts_Controller" file="/var/www/html/test/wordpress_test/inpsyde_test/test/wp-content/plugins/plugintestslughere/tests/unit/tests/rest-api/rest-posts-controller.php" line="1839" assertions="14" time="0.109834"/>
        <testcase name="test_prepare_item_filters_content_when_needed" class="WP_Test_REST_Posts_Controller" classname="WP_Test_REST_Posts_Controller" file="/var/www/html/test/wordpress_test/inpsyde_test/test/wp-content/plugins/plugintestslughere/tests/unit/tests/rest-api/rest-posts-controller.php" line="1860" assertions="15" time="0.109773"/>
        <testcase name="test_prepare_item_skips_content_filter_if_not_needed" class="WP_Test_REST_Posts_Controller" classname="WP_Test_REST_Posts_Controller" file="/var/www/html/test/wordpress_test/inpsyde_test/test/wp-content/plugins/plugintestslughere/tests/unit/tests/rest-api/rest-posts-controller.php" line="1896" assertions="15" time="0.121429"/>
        <testcase name="test_create_item" class="WP_Test_REST_Posts_Controller" classname="WP_Test_REST_Posts_Controller" file="/var/www/html/test/wordpress_test/inpsyde_test/test/wp-content/plugins/plugintestslughere/tests/unit/tests/rest-api/rest-posts-controller.php" line="1929" assertions="66" time="0.197162"/>
        <testsuite name="WP_Test_REST_Posts_Controller::test_create_post_date" tests="14" assertions="266" errors="0" failures="0" skipped="0" time="2.725417">
          <testcase name="test_create_post_date with data set &quot;set date without timezone, status=draft&quot;" class="WP_Test_REST_Posts_Controller" classname="WP_Test_REST_Posts_Controller" file="/var/www/html/test/wordpress_test/inpsyde_test/test/wp-content/plugins/plugintestslughere/tests/unit/tests/rest-api/rest-posts-controller.php" line="2014" assertions="19" time="0.307051"/>
          <testcase name="test_create_post_date with data set &quot;set date without timezone, status=publish&quot;" class="WP_Test_REST_Posts_Controller" classname="WP_Test_REST_Posts_Controller" file="/var/www/html/test/wordpress_test/inpsyde_test/test/wp-content/plugins/plugintestslughere/tests/unit/tests/rest-api/rest-posts-controller.php" line="2014" assertions="19" time="0.245138"/>
          <testcase name="test_create_post_date with data set &quot;set date without timezone, status=future&quot;" class="WP_Test_REST_Posts_Controller" classname="WP_Test_REST_Posts_Controller" file="/var/www/html/test/wordpress_test/inpsyde_test/test/wp-content/plugins/plugintestslughere/tests/unit/tests/rest-api/rest-posts-controller.php" line="2014" assertions="19" time="0.250212"/>
          <testcase name="test_create_post_date with data set &quot;set date without timezone, status=pending&quot;" class="WP_Test_REST_Posts_Controller" classname="WP_Test_REST_Posts_Controller" file="/var/www/html/test/wordpress_test/inpsyde_test/test/wp-content/plugins/plugintestslughere/tests/unit/tests/rest-api/rest-posts-controller.php" line="2014" assertions="19" time="0.185906"/>
          <testcase name="test_create_post_date with data set &quot;set date without timezone, status=private&quot;" class="WP_Test_REST_Posts_Controller" classname="WP_Test_REST_Posts_Controller" file="/var/www/html/test/wordpress_test/inpsyde_test/test/wp-content/plugins/plugintestslughere/tests/unit/tests/rest-api/rest-posts-controller.php" line="2014" assertions="19" time="0.329992"/>
          <testcase name="test_create_post_date with data set &quot;set date_gmt without timezone, status=draft&quot;" class="WP_Test_REST_Posts_Controller" classname="WP_Test_REST_Posts_Controller" file="/var/www/html/test/wordpress_test/inpsyde_test/test/wp-content/plugins/plugintestslughere/tests/unit/tests/rest-api/rest-posts-controller.php" line="2014" assertions="19" time="0.142918"/>
          <testcase name="test_create_post_date with data set &quot;set date_gmt without timezone, status=publish&quot;" class="WP_Test_REST_Posts_Controller" classname="WP_Test_REST_Posts_Controller" file="/var/www/html/test/wordpress_test/inpsyde_test/test/wp-content/plugins/plugintestslughere/tests/unit/tests/rest-api/rest-posts-controller.php" line="2014" assertions="19" time="0.175710"/>
          <testcase name="test_create_post_date with data set &quot;set date_gmt without timezone, status=future&quot;" class="WP_Test_REST_Posts_Controller" classname="WP_Test_REST_Posts_Controller" file="/var/www/html/test/wordpress_test/inpsyde_test/test/wp-content/plugins/plugintestslughere/tests/unit/tests/rest-api/rest-posts-controller.php" line="2014" assertions="19" time="0.142679"/>
          <testcase name="test_create_post_date with data set &quot;set date_gmt without timezone, status=pending&quot;" class="WP_Test_REST_Posts_Controller" classname="WP_Test_REST_Posts_Controller" file="/var/www/html/test/wordpress_test/inpsyde_test/test/wp-content/plugins/plugintestslughere/tests/unit/tests/rest-api/rest-posts-controller.php" line="2014" assertions="19" time="0.187367"/>
          <testcase name="test_create_post_date with data set &quot;set date_gmt without timezone, status=private&quot;" class="WP_Test_REST_Posts_Controller" classname="WP_Test_REST_Posts_Controller" file="/var/www/html/test/wordpress_test/inpsyde_test/test/wp-content/plugins/plugintestslughere/tests/unit/tests/rest-api/rest-posts-controller.php" line="2014" assertions="19" time="0.209264"/>
          <testcase name="test_create_post_date with data set &quot;set date with timezone, status=draft&quot;" class="WP_Test_REST_Posts_Controller" classname="WP_Test_REST_Posts_Controller" file="/var/www/html/test/wordpress_test/inpsyde_test/test/wp-content/plugins/plugintestslughere/tests/unit/tests/rest-api/rest-posts-controller.php" line="2014" assertions="19" time="0.142847"/>
          <testcase name="test_create_post_date with data set &quot;set date with timezone, status=publish&quot;" class="WP_Test_REST_Posts_Controller" classname="WP_Test_REST_Posts_Controller" file="/var/www/html/test/wordpress_test/inpsyde_test/test/wp-content/plugins/plugintestslughere/tests/unit/tests/rest-api/rest-posts-controller.php" line="2014" assertions="19" time="0.142993"/>
          <testcase name="test_create_post_date with data set &quot;set date_gmt with timezone, status=draft&quot;" class="WP_Test_REST_Posts_Controller" classname="WP_Test_REST_Posts_Controller" file="/var/www/html/test/wordpress_test/inpsyde_test/test/wp-content/plugins/plugintestslughere/tests/unit/tests/rest-api/rest-posts-controller.php" line="2014" assertions="19" time="0.131407"/>
          <testcase name="test_create_post_date with data set &quot;set date_gmt with timezone, status=publish&quot;" class="WP_Test_REST_Posts_Controller" classname="WP_Test_REST_Posts_Controller" file="/var/www/html/test/wordpress_test/inpsyde_test/test/wp-content/plugins/plugintestslughere/tests/unit/tests/rest-api/rest-posts-controller.php" line="2014" assertions="19" time="0.131933"/>
        </testsuite>
        <testcase name="test_create_item_with_template" class="WP_Test_REST_Posts_Controller" classname="WP_Test_REST_Posts_Controller" file="/var/www/html/test/wordpress_test/inpsyde_test/test/wp-content/plugins/plugintestslughere/tests/unit/tests/rest-api/rest-posts-controller.php" line="2048" assertions="17" time="0.153969"/>
        <testcase name="test_create_item_with_template_none_available" class="WP_Test_REST_Posts_Controller" classname="WP_Test_REST_Posts_Controller" file="/var/www/html/test/wordpress_test/inpsyde_test/test/wp-content/plugins/plugintestslughere/tests/unit/tests/rest-api/rest-posts-controller.php" line="2080" assertions="8" time="0.131120"/>
        <testcase name="test_create_item_with_template_none" class="WP_Test_REST_Posts_Controller" classname="WP_Test_REST_Posts_Controller" file="/var/www/html/test/wordpress_test/inpsyde_test/test/wp-content/plugins/plugintestslughere/tests/unit/tests/rest-api/rest-posts-controller.php" line="2098" assertions="16" time="0.286222"/>
        <testcase name="test_rest_create_item" class="WP_Test_REST_Posts_Controller" classname="WP_Test_REST_Posts_Controller" file="/var/www/html/test/wordpress_test/inpsyde_test/test/wp-content/plugins/plugintestslughere/tests/unit/tests/rest-api/rest-posts-controller.php" line="2120" assertions="66" time="0.153037"/>
        <testcase name="test_create_post_invalid_id" class="WP_Test_REST_Posts_Controller" classname="WP_Test_REST_Posts_Controller" file="/var/www/html/test/wordpress_test/inpsyde_test/test/wp-content/plugins/plugintestslughere/tests/unit/tests/rest-api/rest-posts-controller.php" line="2132" assertions="8" time="0.099467"/>
        <testcase name="test_create_post_as_contributor" class="WP_Test_REST_Posts_Controller" classname="WP_Test_REST_Posts_Controller" file="/var/www/html/test/wordpress_test/inpsyde_test/test/wp-content/plugins/plugintestslughere/tests/unit/tests/rest-api/rest-posts-controller.php" line="2147" assertions="69" time="0.164063"/>
        <testcase name="test_create_post_sticky" class="WP_Test_REST_Posts_Controller" classname="WP_Test_REST_Posts_Controller" file="/var/www/html/test/wordpress_test/inpsyde_test/test/wp-content/plugins/plugintestslughere/tests/unit/tests/rest-api/rest-posts-controller.php" line="2175" assertions="16" time="0.221465"/>
        <testcase name="test_create_post_sticky_as_contributor" class="WP_Test_REST_Posts_Controller" classname="WP_Test_REST_Posts_Controller" file="/var/www/html/test/wordpress_test/inpsyde_test/test/wp-content/plugins/plugintestslughere/tests/unit/tests/rest-api/rest-posts-controller.php" line="2193" assertions="8" time="0.154288"/>
        <testcase name="test_create_post_other_author_without_permission" class="WP_Test_REST_Posts_Controller" classname="WP_Test_REST_Posts_Controller" file="/var/www/html/test/wordpress_test/inpsyde_test/test/wp-content/plugins/plugintestslughere/tests/unit/tests/rest-api/rest-posts-controller.php" line="2209" assertions="8" time="0.120034"/>
        <testcase name="test_create_post_without_permission" class="WP_Test_REST_Posts_Controller" classname="WP_Test_REST_Posts_Controller" file="/var/www/html/test/wordpress_test/inpsyde_test/test/wp-content/plugins/plugintestslughere/tests/unit/tests/rest-api/rest-posts-controller.php" line="2224" assertions="8" time="0.120633"/>
        <testcase name="test_create_post_draft" class="WP_Test_REST_Posts_Controller" classname="WP_Test_REST_Posts_Controller" file="/var/www/html/test/wordpress_test/inpsyde_test/test/wp-content/plugins/plugintestslughere/tests/unit/tests/rest-api/rest-posts-controller.php" line="2239" assertions="18" time="0.132322"/>
        <testcase name="test_create_post_private" class="WP_Test_REST_Posts_Controller" classname="WP_Test_REST_Posts_Controller" file="/var/www/html/test/wordpress_test/inpsyde_test/test/wp-content/plugins/plugintestslughere/tests/unit/tests/rest-api/rest-posts-controller.php" line="2263" assertions="16" time="0.120351"/>
        <testcase name="test_create_post_private_without_permission" class="WP_Test_REST_Posts_Controller" classname="WP_Test_REST_Posts_Controller" file="/var/www/html/test/wordpress_test/inpsyde_test/test/wp-content/plugins/plugintestslughere/tests/unit/tests/rest-api/rest-posts-controller.php" line="2281" assertions="8" time="0.099171"/>
        <testcase name="test_create_post_publish_without_permission" class="WP_Test_REST_Posts_Controller" classname="WP_Test_REST_Posts_Controller" file="/var/www/html/test/wordpress_test/inpsyde_test/test/wp-content/plugins/plugintestslughere/tests/unit/tests/rest-api/rest-posts-controller.php" line="2303" assertions="8" time="0.098204"/>
        <testcase name="test_create_post_invalid_status" class="WP_Test_REST_Posts_Controller" classname="WP_Test_REST_Posts_Controller" file="/var/www/html/test/wordpress_test/inpsyde_test/test/wp-content/plugins/plugintestslughere/tests/unit/tests/rest-api/rest-posts-controller.php" line="2324" assertions="8" time="0.111016"/>
        <testcase name="test_create_post_with_format" class="WP_Test_REST_Posts_Controller" classname="WP_Test_REST_Posts_Controller" file="/var/www/html/test/wordpress_test/inpsyde_test/test/wp-content/plugins/plugintestslughere/tests/unit/tests/rest-api/rest-posts-controller.php" line="2339" assertions="16" time="0.340393"/>
        <testcase name="test_create_post_with_standard_format" class="WP_Test_REST_Posts_Controller" classname="WP_Test_REST_Posts_Controller" file="/var/www/html/test/wordpress_test/inpsyde_test/test/wp-content/plugins/plugintestslughere/tests/unit/tests/rest-api/rest-posts-controller.php" line="2357" assertions="16" time="0.197289"/>
        <testcase name="test_create_post_with_invalid_format" class="WP_Test_REST_Posts_Controller" classname="WP_Test_REST_Posts_Controller" file="/var/www/html/test/wordpress_test/inpsyde_test/test/wp-content/plugins/plugintestslughere/tests/unit/tests/rest-api/rest-posts-controller.php" line="2375" assertions="8" time="0.087647"/>
        <testcase name="test_create_post_with_unsupported_format" class="WP_Test_REST_Posts_Controller" classname="WP_Test_REST_Posts_Controller" file="/var/www/html/test/wordpress_test/inpsyde_test/test/wp-content/plugins/plugintestslughere/tests/unit/tests/rest-api/rest-posts-controller.php" line="2395" assertions="16" time="0.132092"/>
        <testcase name="test_create_update_post_with_featured_media" class="WP_Test_REST_Posts_Controller" classname="WP_Test_REST_Posts_Controller" file="/var/www/html/test/wordpress_test/inpsyde_test/test/wp-content/plugins/plugintestslughere/tests/unit/tests/rest-api/rest-posts-controller.php" line="2412" assertions="29" time="0.220526"/>
        <testcase name="test_create_post_invalid_author" class="WP_Test_REST_Posts_Controller" classname="WP_Test_REST_Posts_Controller" file="/var/www/html/test/wordpress_test/inpsyde_test/test/wp-content/plugins/plugintestslughere/tests/unit/tests/rest-api/rest-posts-controller.php" line="2452" assertions="8" time="0.098103"/>
        <testcase name="test_create_post_invalid_author_without_permission" class="WP_Test_REST_Posts_Controller" classname="WP_Test_REST_Posts_Controller" file="/var/www/html/test/wordpress_test/inpsyde_test/test/wp-content/plugins/plugintestslughere/tests/unit/tests/rest-api/rest-posts-controller.php" line="2467" assertions="8" time="0.121234"/>
        <testcase name="test_create_post_with_password" class="WP_Test_REST_Posts_Controller" classname="WP_Test_REST_Posts_Controller" file="/var/www/html/test/wordpress_test/inpsyde_test/test/wp-content/plugins/plugintestslughere/tests/unit/tests/rest-api/rest-posts-controller.php" line="2482" assertions="15" time="0.153234"/>
        <testcase name="test_create_post_with_falsey_password" class="WP_Test_REST_Posts_Controller" classname="WP_Test_REST_Posts_Controller" file="/var/www/html/test/wordpress_test/inpsyde_test/test/wp-content/plugins/plugintestslughere/tests/unit/tests/rest-api/rest-posts-controller.php" line="2498" assertions="15" time="0.165431"/>
        <testcase name="test_create_post_with_empty_string_password_and_sticky" class="WP_Test_REST_Posts_Controller" classname="WP_Test_REST_Posts_Controller" file="/var/www/html/test/wordpress_test/inpsyde_test/test/wp-content/plugins/plugintestslughere/tests/unit/tests/rest-api/rest-posts-controller.php" line="2514" assertions="16" time="0.152951"/>
        <testcase name="test_create_post_with_password_and_sticky_fails" class="WP_Test_REST_Posts_Controller" classname="WP_Test_REST_Posts_Controller" file="/var/www/html/test/wordpress_test/inpsyde_test/test/wp-content/plugins/plugintestslughere/tests/unit/tests/rest-api/rest-posts-controller.php" line="2532" assertions="8" time="0.132610"/>
        <testcase name="test_create_post_custom_date" class="WP_Test_REST_Posts_Controller" classname="WP_Test_REST_Posts_Controller" file="/var/www/html/test/wordpress_test/inpsyde_test/test/wp-content/plugins/plugintestslughere/tests/unit/tests/rest-api/rest-posts-controller.php" line="2548" assertions="16" time="0.142569"/>
        <testcase name="test_create_post_custom_date_with_timezone" class="WP_Test_REST_Posts_Controller" classname="WP_Test_REST_Posts_Controller" file="/var/www/html/test/wordpress_test/inpsyde_test/test/wp-content/plugins/plugintestslughere/tests/unit/tests/rest-api/rest-posts-controller.php" line="2567" assertions="18" time="0.842252"/>
        <testcase name="test_create_post_with_db_error" class="WP_Test_REST_Posts_Controller" classname="WP_Test_REST_Posts_Controller" file="/var/www/html/test/wordpress_test/inpsyde_test/test/wp-content/plugins/plugintestslughere/tests/unit/tests/rest-api/rest-posts-controller.php" line="2590" assertions="8" time="0.192693"/>
        <testcase name="test_create_post_with_invalid_date" class="WP_Test_REST_Posts_Controller" classname="WP_Test_REST_Posts_Controller" file="/var/www/html/test/wordpress_test/inpsyde_test/test/wp-content/plugins/plugintestslughere/tests/unit/tests/rest-api/rest-posts-controller.php" line="2612" assertions="8" time="0.144039"/>
        <testcase name="test_create_post_with_invalid_date_gmt" class="WP_Test_REST_Posts_Controller" classname="WP_Test_REST_Posts_Controller" file="/var/www/html/test/wordpress_test/inpsyde_test/test/wp-content/plugins/plugintestslughere/tests/unit/tests/rest-api/rest-posts-controller.php" line="2627" assertions="8" time="0.162223"/>
        <testcase name="test_create_post_with_quotes_in_title" class="WP_Test_REST_Posts_Controller" classname="WP_Test_REST_Posts_Controller" file="/var/www/html/test/wordpress_test/inpsyde_test/test/wp-content/plugins/plugintestslughere/tests/unit/tests/rest-api/rest-posts-controller.php" line="2642" assertions="15" time="0.153723"/>
        <testcase name="test_create_post_with_categories" class="WP_Test_REST_Posts_Controller" classname="WP_Test_REST_Posts_Controller" file="/var/www/html/test/wordpress_test/inpsyde_test/test/wp-content/plugins/plugintestslughere/tests/unit/tests/rest-api/rest-posts-controller.php" line="2658" assertions="15" time="0.177407"/>
        <testcase name="test_create_post_with_categories_as_csv" class="WP_Test_REST_Posts_Controller" classname="WP_Test_REST_Posts_Controller" file="/var/www/html/test/wordpress_test/inpsyde_test/test/wp-content/plugins/plugintestslughere/tests/unit/tests/rest-api/rest-posts-controller.php" line="2679" assertions="15" time="0.174025"/>
        <testcase name="test_create_post_with_invalid_categories" class="WP_Test_REST_Posts_Controller" classname="WP_Test_REST_Posts_Controller" file="/var/www/html/test/wordpress_test/inpsyde_test/test/wp-content/plugins/plugintestslughere/tests/unit/tests/rest-api/rest-posts-controller.php" line="2698" assertions="15" time="0.154502"/>
        <testcase name="test_create_post_with_categories_that_cannot_be_assigned_by_current_user" class="WP_Test_REST_Posts_Controller" classname="WP_Test_REST_Posts_Controller" file="/var/www/html/test/wordpress_test/inpsyde_test/test/wp-content/plugins/plugintestslughere/tests/unit/tests/rest-api/rest-posts-controller.php" line="2720" assertions="8" time="0.141941"/>
        <testcase name="test_update_item" class="WP_Test_REST_Posts_Controller" classname="WP_Test_REST_Posts_Controller" file="/var/www/html/test/wordpress_test/inpsyde_test/test/wp-content/plugins/plugintestslughere/tests/unit/tests/rest-api/rest-posts-controller.php" line="2749" assertions="73" time="0.231390"/>
        <testcase name="test_update_item_no_change" class="WP_Test_REST_Posts_Controller" classname="WP_Test_REST_Posts_Controller" file="/var/www/html/test/wordpress_test/inpsyde_test/test/wp-content/plugins/plugintestslughere/tests/unit/tests/rest-api/rest-posts-controller.php" line="2770" assertions="122" time="0.231435"/>
        <testcase name="test_rest_update_post" class="WP_Test_REST_Posts_Controller" classname="WP_Test_REST_Posts_Controller" file="/var/www/html/test/wordpress_test/inpsyde_test/test/wp-content/plugins/plugintestslughere/tests/unit/tests/rest-api/rest-posts-controller.php" line="2787" assertions="73" time="0.152259"/>
        <testcase name="test_rest_update_post_with_empty_date" class="WP_Test_REST_Posts_Controller" classname="WP_Test_REST_Posts_Controller" file="/var/www/html/test/wordpress_test/inpsyde_test/test/wp-content/plugins/plugintestslughere/tests/unit/tests/rest-api/rest-posts-controller.php" line="2815" assertions="137" time="0.264638"/>
        <testcase name="test_rest_update_post_raw" class="WP_Test_REST_Posts_Controller" classname="WP_Test_REST_Posts_Controller" file="/var/www/html/test/wordpress_test/inpsyde_test/test/wp-content/plugins/plugintestslughere/tests/unit/tests/rest-api/rest-posts-controller.php" line="2870" assertions="73" time="0.242157"/>
        <testcase name="test_update_post_without_extra_params" class="WP_Test_REST_Posts_Controller" classname="WP_Test_REST_Posts_Controller" file="/var/www/html/test/wordpress_test/inpsyde_test/test/wp-content/plugins/plugintestslughere/tests/unit/tests/rest-api/rest-posts-controller.php" line="2891" assertions="63" time="0.209465"/>
        <testcase name="test_update_post_without_permission" class="WP_Test_REST_Posts_Controller" classname="WP_Test_REST_Posts_Controller" file="/var/www/html/test/wordpress_test/inpsyde_test/test/wp-content/plugins/plugintestslughere/tests/unit/tests/rest-api/rest-posts-controller.php" line="2906" assertions="8" time="0.140134"/>
        <testcase name="test_update_post_sticky_as_contributor" class="WP_Test_REST_Posts_Controller" classname="WP_Test_REST_Posts_Controller" file="/var/www/html/test/wordpress_test/inpsyde_test/test/wp-content/plugins/plugintestslughere/tests/unit/tests/rest-api/rest-posts-controller.php" line="2923" assertions="8" time="0.109556"/>
        <testcase name="test_update_post_invalid_id" class="WP_Test_REST_Posts_Controller" classname="WP_Test_REST_Posts_Controller" file="/var/www/html/test/wordpress_test/inpsyde_test/test/wp-content/plugins/plugintestslughere/tests/unit/tests/rest-api/rest-posts-controller.php" line="2939" assertions="8" time="0.142581"/>
        <testcase name="test_update_post_invalid_route" class="WP_Test_REST_Posts_Controller" classname="WP_Test_REST_Posts_Controller" file="/var/www/html/test/wordpress_test/inpsyde_test/test/wp-content/plugins/plugintestslughere/tests/unit/tests/rest-api/rest-posts-controller.php" line="2948" assertions="8" time="0.099288"/>
        <testcase name="test_update_post_with_format" class="WP_Test_REST_Posts_Controller" classname="WP_Test_REST_Posts_Controller" file="/var/www/html/test/wordpress_test/inpsyde_test/test/wp-content/plugins/plugintestslughere/tests/unit/tests/rest-api/rest-posts-controller.php" line="2957" assertions="16" time="0.208418"/>
        <testcase name="test_update_post_with_standard_format" class="WP_Test_REST_Posts_Controller" classname="WP_Test_REST_Posts_Controller" file="/var/www/html/test/wordpress_test/inpsyde_test/test/wp-content/plugins/plugintestslughere/tests/unit/tests/rest-api/rest-posts-controller.php" line="2975" assertions="16" time="0.209225"/>
        <testcase name="test_update_post_with_invalid_format" class="WP_Test_REST_Posts_Controller" classname="WP_Test_REST_Posts_Controller" file="/var/www/html/test/wordpress_test/inpsyde_test/test/wp-content/plugins/plugintestslughere/tests/unit/tests/rest-api/rest-posts-controller.php" line="2993" assertions="8" time="0.131507"/>
        <testcase name="test_update_post_with_unsupported_format" class="WP_Test_REST_Posts_Controller" classname="WP_Test_REST_Posts_Controller" file="/var/www/html/test/wordpress_test/inpsyde_test/test/wp-content/plugins/plugintestslughere/tests/unit/tests/rest-api/rest-posts-controller.php" line="3013" assertions="16" time="0.187501"/>
        <testcase name="test_update_post_ignore_readonly" class="WP_Test_REST_Posts_Controller" classname="WP_Test_REST_Posts_Controller" file="/var/www/html/test/wordpress_test/inpsyde_test/test/wp-content/plugins/plugintestslughere/tests/unit/tests/rest-api/rest-posts-controller.php" line="3030" assertions="18" time="0.174972"/>
        <testsuite name="WP_Test_REST_Posts_Controller::test_update_post_date" tests="14" assertions="266" errors="0" failures="0" skipped="0" time="2.901509">
          <testcase name="test_update_post_date with data set &quot;set date without timezone, status=draft&quot;" class="WP_Test_REST_Posts_Controller" classname="WP_Test_REST_Posts_Controller" file="/var/www/html/test/wordpress_test/inpsyde_test/test/wp-content/plugins/plugintestslughere/tests/unit/tests/rest-api/rest-posts-controller.php" line="3061" assertions="19" time="0.240971"/>
          <testcase name="test_update_post_date with data set &quot;set date without timezone, status=publish&quot;" class="WP_Test_REST_Posts_Controller" classname="WP_Test_REST_Posts_Controller" file="/var/www/html/test/wordpress_test/inpsyde_test/test/wp-content/plugins/plugintestslughere/tests/unit/tests/rest-api/rest-posts-controller.php" line="3061" assertions="19" time="0.286797"/>
          <testcase name="test_update_post_date with data set &quot;set date without timezone, status=future&quot;" class="WP_Test_REST_Posts_Controller" classname="WP_Test_REST_Posts_Controller" file="/var/www/html/test/wordpress_test/inpsyde_test/test/wp-content/plugins/plugintestslughere/tests/unit/tests/rest-api/rest-posts-controller.php" line="3061" assertions="19" time="0.186819"/>
          <testcase name="test_update_post_date with data set &quot;set date without timezone, status=pending&quot;" class="WP_Test_REST_Posts_Controller" classname="WP_Test_REST_Posts_Controller" file="/var/www/html/test/wordpress_test/inpsyde_test/test/wp-content/plugins/plugintestslughere/tests/unit/tests/rest-api/rest-posts-controller.php" line="3061" assertions="19" time="0.209058"/>
          <testcase name="test_update_post_date with data set &quot;set date without timezone, status=private&quot;" class="WP_Test_REST_Posts_Controller" classname="WP_Test_REST_Posts_Controller" file="/var/www/html/test/wordpress_test/inpsyde_test/test/wp-content/plugins/plugintestslughere/tests/unit/tests/rest-api/rest-posts-controller.php" line="3061" assertions="19" time="0.197936"/>
          <testcase name="test_update_post_date with data set &quot;set date_gmt without timezone, status=draft&quot;" class="WP_Test_REST_Posts_Controller" classname="WP_Test_REST_Posts_Controller" file="/var/www/html/test/wordpress_test/inpsyde_test/test/wp-content/plugins/plugintestslughere/tests/unit/tests/rest-api/rest-posts-controller.php" line="3061" assertions="19" time="0.241054"/>
          <testcase name="test_update_post_date with data set &quot;set date_gmt without timezone, status=publish&quot;" class="WP_Test_REST_Posts_Controller" classname="WP_Test_REST_Posts_Controller" file="/var/www/html/test/wordpress_test/inpsyde_test/test/wp-content/plugins/plugintestslughere/tests/unit/tests/rest-api/rest-posts-controller.php" line="3061" assertions="19" time="0.197946"/>
          <testcase name="test_update_post_date with data set &quot;set date_gmt without timezone, status=future&quot;" class="WP_Test_REST_Posts_Controller" classname="WP_Test_REST_Posts_Controller" file="/var/www/html/test/wordpress_test/inpsyde_test/test/wp-content/plugins/plugintestslughere/tests/unit/tests/rest-api/rest-posts-controller.php" line="3061" assertions="19" time="0.208887"/>
          <testcase name="test_update_post_date with data set &quot;set date_gmt without timezone, status=pending&quot;" class="WP_Test_REST_Posts_Controller" classname="WP_Test_REST_Posts_Controller" file="/var/www/html/test/wordpress_test/inpsyde_test/test/wp-content/plugins/plugintestslughere/tests/unit/tests/rest-api/rest-posts-controller.php" line="3061" assertions="19" time="0.154086"/>
          <testcase name="test_update_post_date with data set &quot;set date_gmt without timezone, status=private&quot;" class="WP_Test_REST_Posts_Controller" classname="WP_Test_REST_Posts_Controller" file="/var/www/html/test/wordpress_test/inpsyde_test/test/wp-content/plugins/plugintestslughere/tests/unit/tests/rest-api/rest-posts-controller.php" line="3061" assertions="19" time="0.197290"/>
          <testcase name="test_update_post_date with data set &quot;set date with timezone, status=draft&quot;" class="WP_Test_REST_Posts_Controller" classname="WP_Test_REST_Posts_Controller" file="/var/www/html/test/wordpress_test/inpsyde_test/test/wp-content/plugins/plugintestslughere/tests/unit/tests/rest-api/rest-posts-controller.php" line="3061" assertions="19" time="0.187426"/>
          <testcase name="test_update_post_date with data set &quot;set date with timezone, status=publish&quot;" class="WP_Test_REST_Posts_Controller" classname="WP_Test_REST_Posts_Controller" file="/var/www/html/test/wordpress_test/inpsyde_test/test/wp-content/plugins/plugintestslughere/tests/unit/tests/rest-api/rest-posts-controller.php" line="3061" assertions="19" time="0.186629"/>
          <testcase name="test_update_post_date with data set &quot;set date_gmt with timezone, status=draft&quot;" class="WP_Test_REST_Posts_Controller" classname="WP_Test_REST_Posts_Controller" file="/var/www/html/test/wordpress_test/inpsyde_test/test/wp-content/plugins/plugintestslughere/tests/unit/tests/rest-api/rest-posts-controller.php" line="3061" assertions="19" time="0.208799"/>
          <testcase name="test_update_post_date with data set &quot;set date_gmt with timezone, status=publish&quot;" class="WP_Test_REST_Posts_Controller" classname="WP_Test_REST_Posts_Controller" file="/var/www/html/test/wordpress_test/inpsyde_test/test/wp-content/plugins/plugintestslughere/tests/unit/tests/rest-api/rest-posts-controller.php" line="3061" assertions="19" time="0.197812"/>
        </testsuite>
        <testcase name="test_update_post_with_invalid_date" class="WP_Test_REST_Posts_Controller" classname="WP_Test_REST_Posts_Controller" file="/var/www/html/test/wordpress_test/inpsyde_test/test/wp-content/plugins/plugintestslughere/tests/unit/tests/rest-api/rest-posts-controller.php" line="3092" assertions="8" time="0.142950"/>
        <testcase name="test_update_post_with_invalid_date_gmt" class="WP_Test_REST_Posts_Controller" classname="WP_Test_REST_Posts_Controller" file="/var/www/html/test/wordpress_test/inpsyde_test/test/wp-content/plugins/plugintestslughere/tests/unit/tests/rest-api/rest-posts-controller.php" line="3107" assertions="8" time="0.098711"/>
        <testcase name="test_empty_post_date_gmt_shimmed_using_post_date" class="WP_Test_REST_Posts_Controller" classname="WP_Test_REST_Posts_Controller" file="/var/www/html/test/wordpress_test/inpsyde_test/test/wp-content/plugins/plugintestslughere/tests/unit/tests/rest-api/rest-posts-controller.php" line="3122" assertions="33" time="0.254725"/>
        <testcase name="test_update_post_slug" class="WP_Test_REST_Posts_Controller" classname="WP_Test_REST_Posts_Controller" file="/var/www/html/test/wordpress_test/inpsyde_test/test/wp-content/plugins/plugintestslughere/tests/unit/tests/rest-api/rest-posts-controller.php" line="3174" assertions="16" time="0.152024"/>
        <testcase name="test_update_post_slug_accented_chars" class="WP_Test_REST_Posts_Controller" classname="WP_Test_REST_Posts_Controller" file="/var/www/html/test/wordpress_test/inpsyde_test/test/wp-content/plugins/plugintestslughere/tests/unit/tests/rest-api/rest-posts-controller.php" line="3192" assertions="16" time="0.165206"/>
        <testcase name="test_update_post_sticky" class="WP_Test_REST_Posts_Controller" classname="WP_Test_REST_Posts_Controller" file="/var/www/html/test/wordpress_test/inpsyde_test/test/wp-content/plugins/plugintestslughere/tests/unit/tests/rest-api/rest-posts-controller.php" line="3210" assertions="28" time="0.197478"/>
        <testcase name="test_update_post_excerpt" class="WP_Test_REST_Posts_Controller" classname="WP_Test_REST_Posts_Controller" file="/var/www/html/test/wordpress_test/inpsyde_test/test/wp-content/plugins/plugintestslughere/tests/unit/tests/rest-api/rest-posts-controller.php" line="3243" assertions="14" time="0.142732"/>
        <testcase name="test_update_post_empty_excerpt" class="WP_Test_REST_Posts_Controller" classname="WP_Test_REST_Posts_Controller" file="/var/www/html/test/wordpress_test/inpsyde_test/test/wp-content/plugins/plugintestslughere/tests/unit/tests/rest-api/rest-posts-controller.php" line="3258" assertions="14" time="0.197997"/>
        <testcase name="test_update_post_content" class="WP_Test_REST_Posts_Controller" classname="WP_Test_REST_Posts_Controller" file="/var/www/html/test/wordpress_test/inpsyde_test/test/wp-content/plugins/plugintestslughere/tests/unit/tests/rest-api/rest-posts-controller.php" line="3273" assertions="14" time="0.297166"/>
        <testcase name="test_update_post_empty_content" class="WP_Test_REST_Posts_Controller" classname="WP_Test_REST_Posts_Controller" file="/var/www/html/test/wordpress_test/inpsyde_test/test/wp-content/plugins/plugintestslughere/tests/unit/tests/rest-api/rest-posts-controller.php" line="3288" assertions="14" time="0.176298"/>
        <testcase name="test_update_post_with_empty_password" class="WP_Test_REST_Posts_Controller" classname="WP_Test_REST_Posts_Controller" file="/var/www/html/test/wordpress_test/inpsyde_test/test/wp-content/plugins/plugintestslughere/tests/unit/tests/rest-api/rest-posts-controller.php" line="3303" assertions="15" time="0.186257"/>
        <testcase name="test_update_post_with_password_and_sticky_fails" class="WP_Test_REST_Posts_Controller" classname="WP_Test_REST_Posts_Controller" file="/var/www/html/test/wordpress_test/inpsyde_test/test/wp-content/plugins/plugintestslughere/tests/unit/tests/rest-api/rest-posts-controller.php" line="3325" assertions="8" time="0.098376"/>
        <testcase name="test_update_stick_post_with_password_fails" class="WP_Test_REST_Posts_Controller" classname="WP_Test_REST_Posts_Controller" file="/var/www/html/test/wordpress_test/inpsyde_test/test/wp-content/plugins/plugintestslughere/tests/unit/tests/rest-api/rest-posts-controller.php" line="3341" assertions="8" time="0.099466"/>
        <testcase name="test_update_password_protected_post_with_sticky_fails" class="WP_Test_REST_Posts_Controller" classname="WP_Test_REST_Posts_Controller" file="/var/www/html/test/wordpress_test/inpsyde_test/test/wp-content/plugins/plugintestslughere/tests/unit/tests/rest-api/rest-posts-controller.php" line="3358" assertions="8" time="0.142705"/>
        <testcase name="test_update_post_with_quotes_in_title" class="WP_Test_REST_Posts_Controller" classname="WP_Test_REST_Posts_Controller" file="/var/www/html/test/wordpress_test/inpsyde_test/test/wp-content/plugins/plugintestslughere/tests/unit/tests/rest-api/rest-posts-controller.php" line="3380" assertions="15" time="0.241274"/>
        <testcase name="test_update_post_with_categories" class="WP_Test_REST_Posts_Controller" classname="WP_Test_REST_Posts_Controller" file="/var/www/html/test/wordpress_test/inpsyde_test/test/wp-content/plugins/plugintestslughere/tests/unit/tests/rest-api/rest-posts-controller.php" line="3395" assertions="22" time="0.176226"/>
        <testcase name="test_update_post_with_empty_categories" class="WP_Test_REST_Posts_Controller" classname="WP_Test_REST_Posts_Controller" file="/var/www/html/test/wordpress_test/inpsyde_test/test/wp-content/plugins/plugintestslughere/tests/unit/tests/rest-api/rest-posts-controller.php" line="3432" assertions="15" time="0.175403"/>
        <testcase name="test_update_post_with_categories_that_cannot_be_assigned_by_current_user" class="WP_Test_REST_Posts_Controller" classname="WP_Test_REST_Posts_Controller" file="/var/www/html/test/wordpress_test/inpsyde_test/test/wp-content/plugins/plugintestslughere/tests/unit/tests/rest-api/rest-posts-controller.php" line="3454" assertions="8" time="0.120908"/>
        <testcase name="test_update_item_with_template" class="WP_Test_REST_Posts_Controller" classname="WP_Test_REST_Posts_Controller" file="/var/www/html/test/wordpress_test/inpsyde_test/test/wp-content/plugins/plugintestslughere/tests/unit/tests/rest-api/rest-posts-controller.php" line="3479" assertions="17" time="0.164342"/>
        <testcase name="test_update_item_with_template_none" class="WP_Test_REST_Posts_Controller" classname="WP_Test_REST_Posts_Controller" file="/var/www/html/test/wordpress_test/inpsyde_test/test/wp-content/plugins/plugintestslughere/tests/unit/tests/rest-api/rest-posts-controller.php" line="3509" assertions="17" time="0.231256"/>
        <testcase name="test_update_item_with_same_template_that_no_longer_exists" class="WP_Test_REST_Posts_Controller" classname="WP_Test_REST_Posts_Controller" file="/var/www/html/test/wordpress_test/inpsyde_test/test/wp-content/plugins/plugintestslughere/tests/unit/tests/rest-api/rest-posts-controller.php" line="3543" assertions="17" time="0.153707"/>
        <testsuite name="WP_Test_REST_Posts_Controller::test_post_roundtrip_as_author" tests="4" assertions="180" errors="0" failures="0" skipped="0" time="0.933807">
          <testcase name="test_post_roundtrip_as_author with data set #0" class="WP_Test_REST_Posts_Controller" classname="WP_Test_REST_Posts_Controller" file="/var/www/html/test/wordpress_test/inpsyde_test/test/wp-content/plugins/plugintestslughere/tests/unit/tests/rest-api/rest-posts-controller.php" line="3714" assertions="45" time="0.208066"/>
          <testcase name="test_post_roundtrip_as_author with data set #1" class="WP_Test_REST_Posts_Controller" classname="WP_Test_REST_Posts_Controller" file="/var/www/html/test/wordpress_test/inpsyde_test/test/wp-content/plugins/plugintestslughere/tests/unit/tests/rest-api/rest-posts-controller.php" line="3714" assertions="45" time="0.298053"/>
          <testcase name="test_post_roundtrip_as_author with data set #2" class="WP_Test_REST_Posts_Controller" classname="WP_Test_REST_Posts_Controller" file="/var/www/html/test/wordpress_test/inpsyde_test/test/wp-content/plugins/plugintestslughere/tests/unit/tests/rest-api/rest-posts-controller.php" line="3714" assertions="45" time="0.208551"/>
          <testcase name="test_post_roundtrip_as_author with data set #3" class="WP_Test_REST_Posts_Controller" classname="WP_Test_REST_Posts_Controller" file="/var/www/html/test/wordpress_test/inpsyde_test/test/wp-content/plugins/plugintestslughere/tests/unit/tests/rest-api/rest-posts-controller.php" line="3714" assertions="45" time="0.219137"/>
        </testsuite>
        <testcase name="test_post_roundtrip_as_editor_unfiltered_html" class="WP_Test_REST_Posts_Controller" classname="WP_Test_REST_Posts_Controller" file="/var/www/html/test/wordpress_test/inpsyde_test/test/wp-content/plugins/plugintestslughere/tests/unit/tests/rest-api/rest-posts-controller.php" line="3721" assertions="45" time="0.198167"/>
        <testcase name="test_post_roundtrip_as_superadmin_unfiltered_html" class="WP_Test_REST_Posts_Controller" classname="WP_Test_REST_Posts_Controller" file="/var/www/html/test/wordpress_test/inpsyde_test/test/wp-content/plugins/plugintestslughere/tests/unit/tests/rest-api/rest-posts-controller.php" line="3773" assertions="45" time="0.218928"/>
        <testcase name="test_delete_item" class="WP_Test_REST_Posts_Controller" classname="WP_Test_REST_Posts_Controller" file="/var/www/html/test/wordpress_test/inpsyde_test/test/wp-content/plugins/plugintestslughere/tests/unit/tests/rest-api/rest-posts-controller.php" line="3800" assertions="16" time="0.418906"/>
        <testcase name="test_delete_item_skip_trash" class="WP_Test_REST_Posts_Controller" classname="WP_Test_REST_Posts_Controller" file="/var/www/html/test/wordpress_test/inpsyde_test/test/wp-content/plugins/plugintestslughere/tests/unit/tests/rest-api/rest-posts-controller.php" line="3815" assertions="15" time="0.208977"/>
        <testcase name="test_delete_item_already_trashed" class="WP_Test_REST_Posts_Controller" classname="WP_Test_REST_Posts_Controller" file="/var/www/html/test/wordpress_test/inpsyde_test/test/wp-content/plugins/plugintestslughere/tests/unit/tests/rest-api/rest-posts-controller.php" line="3830" assertions="18" time="0.187317"/>
        <testcase name="test_delete_post_invalid_id" class="WP_Test_REST_Posts_Controller" classname="WP_Test_REST_Posts_Controller" file="/var/www/html/test/wordpress_test/inpsyde_test/test/wp-content/plugins/plugintestslughere/tests/unit/tests/rest-api/rest-posts-controller.php" line="3842" assertions="8" time="0.109620"/>
        <testcase name="test_delete_post_invalid_post_type" class="WP_Test_REST_Posts_Controller" classname="WP_Test_REST_Posts_Controller" file="/var/www/html/test/wordpress_test/inpsyde_test/test/wp-content/plugins/plugintestslughere/tests/unit/tests/rest-api/rest-posts-controller.php" line="3851" assertions="8" time="0.108932"/>
        <testcase name="test_delete_post_without_permission" class="WP_Test_REST_Posts_Controller" classname="WP_Test_REST_Posts_Controller" file="/var/www/html/test/wordpress_test/inpsyde_test/test/wp-content/plugins/plugintestslughere/tests/unit/tests/rest-api/rest-posts-controller.php" line="3862" assertions="8" time="0.098699"/>
        <testcase name="test_register_post_type_invalid_controller" class="WP_Test_REST_Posts_Controller" classname="WP_Test_REST_Posts_Controller" file="/var/www/html/test/wordpress_test/inpsyde_test/test/wp-content/plugins/plugintestslughere/tests/unit/tests/rest-api/rest-posts-controller.php" line="3871" assertions="6" time="0.120616"/>
        <testcase name="test_get_item_schema" class="WP_Test_REST_Posts_Controller" classname="WP_Test_REST_Posts_Controller" file="/var/www/html/test/wordpress_test/inpsyde_test/test/wp-content/plugins/plugintestslughere/tests/unit/tests/rest-api/rest-posts-controller.php" line="3887" assertions="33" time="0.142892"/>
        <testcase name="test_get_item_schema_issues_doing_it_wrong_when_taxonomy_name_is_already_set_in_properties" class="WP_Test_REST_Posts_Controller" classname="WP_Test_REST_Posts_Controller" file="/var/www/html/test/wordpress_test/inpsyde_test/test/wp-content/plugins/plugintestslughere/tests/unit/tests/rest-api/rest-posts-controller.php" line="3924" assertions="6" time="0.133991"/>
        <testcase name="test_get_post_view_context_properties" class="WP_Test_REST_Posts_Controller" classname="WP_Test_REST_Posts_Controller" file="/var/www/html/test/wordpress_test/inpsyde_test/test/wp-content/plugins/plugintestslughere/tests/unit/tests/rest-api/rest-posts-controller.php" line="3938" assertions="13" time="0.143251"/>
        <testcase name="test_get_post_edit_context_properties" class="WP_Test_REST_Posts_Controller" classname="WP_Test_REST_Posts_Controller" file="/var/www/html/test/wordpress_test/inpsyde_test/test/wp-content/plugins/plugintestslughere/tests/unit/tests/rest-api/rest-posts-controller.php" line="3974" assertions="13" time="0.131562"/>
        <testcase name="test_get_post_embed_context_properties" class="WP_Test_REST_Posts_Controller" classname="WP_Test_REST_Posts_Controller" file="/var/www/html/test/wordpress_test/inpsyde_test/test/wp-content/plugins/plugintestslughere/tests/unit/tests/rest-api/rest-posts-controller.php" line="4015" assertions="13" time="0.120217"/>
        <testcase name="test_status_array_enum_args" class="WP_Test_REST_Posts_Controller" classname="WP_Test_REST_Posts_Controller" file="/var/www/html/test/wordpress_test/inpsyde_test/test/wp-content/plugins/plugintestslughere/tests/unit/tests/rest-api/rest-posts-controller.php" line="4037" assertions="38" time="0.120512"/>
        <testcase name="test_get_additional_field_registration" class="WP_Test_REST_Posts_Controller" classname="WP_Test_REST_Posts_Controller" file="/var/www/html/test/wordpress_test/inpsyde_test/test/wp-content/plugins/plugintestslughere/tests/unit/tests/rest-api/rest-posts-controller.php" line="4067" assertions="40" time="0.273427"/>
        <testcase name="test_get_additional_field_registration_null_schema" class="WP_Test_REST_Posts_Controller" classname="WP_Test_REST_Posts_Controller" file="/var/www/html/test/wordpress_test/inpsyde_test/test/wp-content/plugins/plugintestslughere/tests/unit/tests/rest-api/rest-posts-controller.php" line="4130" assertions="31" time="0.232833"/>
        <testcase name="test_additional_field_update_errors" class="WP_Test_REST_Posts_Controller" classname="WP_Test_REST_Posts_Controller" file="/var/www/html/test/wordpress_test/inpsyde_test/test/wp-content/plugins/plugintestslughere/tests/unit/tests/rest-api/rest-posts-controller.php" line="4163" assertions="8" time="0.121190"/>
        <testcase name="test_publish_action_ldo_registered" class="WP_Test_REST_Posts_Controller" classname="WP_Test_REST_Posts_Controller" file="/var/www/html/test/wordpress_test/inpsyde_test/test/wp-content/plugins/plugintestslughere/tests/unit/tests/rest-api/rest-posts-controller.php" line="4210" assertions="8" time="0.086982"/>
        <testcase name="test_sticky_action_ldo_registered_for_posts" class="WP_Test_REST_Posts_Controller" classname="WP_Test_REST_Posts_Controller" file="/var/www/html/test/wordpress_test/inpsyde_test/test/wp-content/plugins/plugintestslughere/tests/unit/tests/rest-api/rest-posts-controller.php" line="4221" assertions="8" time="0.098491"/>
        <testcase name="test_sticky_action_ldo_not_registered_for_non_posts" class="WP_Test_REST_Posts_Controller" classname="WP_Test_REST_Posts_Controller" file="/var/www/html/test/wordpress_test/inpsyde_test/test/wp-content/plugins/plugintestslughere/tests/unit/tests/rest-api/rest-posts-controller.php" line="4232" assertions="8" time="0.087821"/>
        <testcase name="test_author_action_ldo_registered_for_post_types_with_author_support" class="WP_Test_REST_Posts_Controller" classname="WP_Test_REST_Posts_Controller" file="/var/www/html/test/wordpress_test/inpsyde_test/test/wp-content/plugins/plugintestslughere/tests/unit/tests/rest-api/rest-posts-controller.php" line="4243" assertions="8" time="0.087665"/>
        <testcase name="test_author_action_ldo_not_registered_for_post_types_without_author_support" class="WP_Test_REST_Posts_Controller" classname="WP_Test_REST_Posts_Controller" file="/var/www/html/test/wordpress_test/inpsyde_test/test/wp-content/plugins/plugintestslughere/tests/unit/tests/rest-api/rest-posts-controller.php" line="4254" assertions="9" time="0.087541"/>
        <testcase name="test_term_action_ldos_registered" class="WP_Test_REST_Posts_Controller" classname="WP_Test_REST_Posts_Controller" file="/var/www/html/test/wordpress_test/inpsyde_test/test/wp-content/plugins/plugintestslughere/tests/unit/tests/rest-api/rest-posts-controller.php" line="4273" assertions="15" time="0.121191"/>
        <testcase name="test_action_links_only_available_in_edit_context" class="WP_Test_REST_Posts_Controller" classname="WP_Test_REST_Posts_Controller" file="/var/www/html/test/wordpress_test/inpsyde_test/test/wp-content/plugins/plugintestslughere/tests/unit/tests/rest-api/rest-posts-controller.php" line="4292" assertions="15" time="0.223490"/>
        <testcase name="test_publish_action_link_exists_for_author" class="WP_Test_REST_Posts_Controller" classname="WP_Test_REST_Posts_Controller" file="/var/www/html/test/wordpress_test/inpsyde_test/test/wp-content/plugins/plugintestslughere/tests/unit/tests/rest-api/rest-posts-controller.php" line="4307" assertions="15" time="0.128171"/>
        <testcase name="test_publish_action_link_does_not_exist_for_contributor" class="WP_Test_REST_Posts_Controller" classname="WP_Test_REST_Posts_Controller" file="/var/www/html/test/wordpress_test/inpsyde_test/test/wp-content/plugins/plugintestslughere/tests/unit/tests/rest-api/rest-posts-controller.php" line="4322" assertions="6" time="0.131984"/>
        <testcase name="test_sticky_action_exists_for_editor" class="WP_Test_REST_Posts_Controller" classname="WP_Test_REST_Posts_Controller" file="/var/www/html/test/wordpress_test/inpsyde_test/test/wp-content/plugins/plugintestslughere/tests/unit/tests/rest-api/rest-posts-controller.php" line="4337" assertions="15" time="0.164762"/>
        <testcase name="test_sticky_action_does_not_exist_for_author" class="WP_Test_REST_Posts_Controller" classname="WP_Test_REST_Posts_Controller" file="/var/www/html/test/wordpress_test/inpsyde_test/test/wp-content/plugins/plugintestslughere/tests/unit/tests/rest-api/rest-posts-controller.php" line="4352" assertions="15" time="0.142706"/>
        <testcase name="test_sticky_action_does_not_exist_for_non_post_posts" class="WP_Test_REST_Posts_Controller" classname="WP_Test_REST_Posts_Controller" file="/var/www/html/test/wordpress_test/inpsyde_test/test/wp-content/plugins/plugintestslughere/tests/unit/tests/rest-api/rest-posts-controller.php" line="4367" assertions="6" time="0.098726"/>
        <testcase name="test_assign_author_action_exists_for_editor" class="WP_Test_REST_Posts_Controller" classname="WP_Test_REST_Posts_Controller" file="/var/www/html/test/wordpress_test/inpsyde_test/test/wp-content/plugins/plugintestslughere/tests/unit/tests/rest-api/rest-posts-controller.php" line="4388" assertions="15" time="0.164820"/>
        <testcase name="test_assign_author_action_does_not_exist_for_author" class="WP_Test_REST_Posts_Controller" classname="WP_Test_REST_Posts_Controller" file="/var/www/html/test/wordpress_test/inpsyde_test/test/wp-content/plugins/plugintestslughere/tests/unit/tests/rest-api/rest-posts-controller.php" line="4403" assertions="15" time="0.176690"/>
        <testcase name="test_assign_author_action_does_not_exist_for_post_types_without_author_support" class="WP_Test_REST_Posts_Controller" classname="WP_Test_REST_Posts_Controller" file="/var/www/html/test/wordpress_test/inpsyde_test/test/wp-content/plugins/plugintestslughere/tests/unit/tests/rest-api/rest-posts-controller.php" line="4418" assertions="15" time="0.152724"/>
        <testcase name="test_create_term_action_exists_for_editor" class="WP_Test_REST_Posts_Controller" classname="WP_Test_REST_Posts_Controller" file="/var/www/html/test/wordpress_test/inpsyde_test/test/wp-content/plugins/plugintestslughere/tests/unit/tests/rest-api/rest-posts-controller.php" line="4435" assertions="17" time="0.132676"/>
        <testcase name="test_create_term_action_non_hierarchical_exists_for_author" class="WP_Test_REST_Posts_Controller" classname="WP_Test_REST_Posts_Controller" file="/var/www/html/test/wordpress_test/inpsyde_test/test/wp-content/plugins/plugintestslughere/tests/unit/tests/rest-api/rest-posts-controller.php" line="4452" assertions="15" time="0.142528"/>
        <testcase name="test_create_term_action_hierarchical_does_not_exists_for_author" class="WP_Test_REST_Posts_Controller" classname="WP_Test_REST_Posts_Controller" file="/var/www/html/test/wordpress_test/inpsyde_test/test/wp-content/plugins/plugintestslughere/tests/unit/tests/rest-api/rest-posts-controller.php" line="4467" assertions="15" time="0.130976"/>
        <testcase name="test_assign_term_action_exists_for_contributor" class="WP_Test_REST_Posts_Controller" classname="WP_Test_REST_Posts_Controller" file="/var/www/html/test/wordpress_test/inpsyde_test/test/wp-content/plugins/plugintestslughere/tests/unit/tests/rest-api/rest-posts-controller.php" line="4482" assertions="16" time="0.142648"/>
        <testcase name="test_assign_unfiltered_html_action_superadmin" class="WP_Test_REST_Posts_Controller" classname="WP_Test_REST_Posts_Controller" file="/var/www/html/test/wordpress_test/inpsyde_test/test/wp-content/plugins/plugintestslughere/tests/unit/tests/rest-api/rest-posts-controller.php" line="4503" assertions="13" time="0.175858"/>
        <testcase name="test_assign_unfiltered_html_action_editor" class="WP_Test_REST_Posts_Controller" classname="WP_Test_REST_Posts_Controller" file="/var/www/html/test/wordpress_test/inpsyde_test/test/wp-content/plugins/plugintestslughere/tests/unit/tests/rest-api/rest-posts-controller.php" line="4515" assertions="13" time="0.176260"/>
        <testcase name="test_assign_unfiltered_html_action_author" class="WP_Test_REST_Posts_Controller" classname="WP_Test_REST_Posts_Controller" file="/var/www/html/test/wordpress_test/inpsyde_test/test/wp-content/plugins/plugintestslughere/tests/unit/tests/rest-api/rest-posts-controller.php" line="4532" assertions="5" time="0.109612"/>
        <testcase name="test_generated_permalink_template_generated_slug_for_non_viewable_posts" class="WP_Test_REST_Posts_Controller" classname="WP_Test_REST_Posts_Controller" file="/var/www/html/test/wordpress_test/inpsyde_test/test/wp-content/plugins/plugintestslughere/tests/unit/tests/rest-api/rest-posts-controller.php" line="4545" assertions="14" time="0.154201"/>
        <testcase name="test_generated_permalink_template_generated_slug_for_posts" class="WP_Test_REST_Posts_Controller" classname="WP_Test_REST_Posts_Controller" file="/var/www/html/test/wordpress_test/inpsyde_test/test/wp-content/plugins/plugintestslughere/tests/unit/tests/rest-api/rest-posts-controller.php" line="4579" assertions="10" time="0.142935"/>
        <testcase name="test_putting_same_publish_date_does_not_remove_floating_date" class="WP_Test_REST_Posts_Controller" classname="WP_Test_REST_Posts_Controller" file="/var/www/html/test/wordpress_test/inpsyde_test/test/wp-content/plugins/plugintestslughere/tests/unit/tests/rest-api/rest-posts-controller.php" line="4616" assertions="27" time="0.208442"/>
        <testcase name="test_putting_different_publish_date_removes_floating_date" class="WP_Test_REST_Posts_Controller" classname="WP_Test_REST_Posts_Controller" file="/var/www/html/test/wordpress_test/inpsyde_test/test/wp-content/plugins/plugintestslughere/tests/unit/tests/rest-api/rest-posts-controller.php" line="4651" assertions="26" time="0.241990"/>
        <testcase name="test_publishing_post_with_same_date_removes_floating_date" class="WP_Test_REST_Posts_Controller" classname="WP_Test_REST_Posts_Controller" file="/var/www/html/test/wordpress_test/inpsyde_test/test/wp-content/plugins/plugintestslughere/tests/unit/tests/rest-api/rest-posts-controller.php" line="4693" assertions="27" time="0.219802"/>
        <testcase name="test_get_for_post_type_reuses_same_instance" class="WP_Test_REST_Posts_Controller" classname="WP_Test_REST_Posts_Controller" file="/var/www/html/test/wordpress_test/inpsyde_test/test/wp-content/plugins/plugintestslughere/tests/unit/tests/rest-api/rest-posts-controller.php" line="4735" assertions="5" time="0.087211"/>
        <testcase name="test_get_for_post_type_returns_null_if_post_type_does_not_show_in_rest" class="WP_Test_REST_Posts_Controller" classname="WP_Test_REST_Posts_Controller" file="/var/www/html/test/wordpress_test/inpsyde_test/test/wp-content/plugins/plugintestslughere/tests/unit/tests/rest-api/rest-posts-controller.php" line="4745" assertions="5" time="0.077140"/>
        <testcase name="test_get_for_post_type_returns_null_if_class_does_not_exist" class="WP_Test_REST_Posts_Controller" classname="WP_Test_REST_Posts_Controller" file="/var/www/html/test/wordpress_test/inpsyde_test/test/wp-content/plugins/plugintestslughere/tests/unit/tests/rest-api/rest-posts-controller.php" line="4759" assertions="5" time="0.088757"/>
        <testcase name="test_get_for_post_type_returns_null_if_class_does_not_subclass_rest_controller" class="WP_Test_REST_Posts_Controller" classname="WP_Test_REST_Posts_Controller" file="/var/www/html/test/wordpress_test/inpsyde_test/test/wp-content/plugins/plugintestslughere/tests/unit/tests/rest-api/rest-posts-controller.php" line="4774" assertions="5" time="0.085636"/>
        <testcase name="test_get_for_post_type_returns_posts_controller_if_custom_class_not_specified" class="WP_Test_REST_Posts_Controller" classname="WP_Test_REST_Posts_Controller" file="/var/www/html/test/wordpress_test/inpsyde_test/test/wp-content/plugins/plugintestslughere/tests/unit/tests/rest-api/rest-posts-controller.php" line="4789" assertions="5" time="0.087965"/>
        <testcase name="test_get_for_post_type_returns_provided_controller_class" class="WP_Test_REST_Posts_Controller" classname="WP_Test_REST_Posts_Controller" file="/var/www/html/test/wordpress_test/inpsyde_test/test/wp-content/plugins/plugintestslughere/tests/unit/tests/rest-api/rest-posts-controller.php" line="4806" assertions="5" time="0.098409"/>
        <testcase name="test_get_for_post_type_returns_null_for_invalid_provided_controller" class="WP_Test_REST_Posts_Controller" classname="WP_Test_REST_Posts_Controller" file="/var/www/html/test/wordpress_test/inpsyde_test/test/wp-content/plugins/plugintestslughere/tests/unit/tests/rest-api/rest-posts-controller.php" line="4816" assertions="5" time="0.120567"/>
        <testcase name="test_get_for_post_type_returns_null_for_controller_class_mismatch" class="WP_Test_REST_Posts_Controller" classname="WP_Test_REST_Posts_Controller" file="/var/www/html/test/wordpress_test/inpsyde_test/test/wp-content/plugins/plugintestslughere/tests/unit/tests/rest-api/rest-posts-controller.php" line="4831" assertions="5" time="0.098958"/>
        <testcase name="test_rest_post_type_item_schema_filter_change_property" class="WP_Test_REST_Posts_Controller" classname="WP_Test_REST_Posts_Controller" file="/var/www/html/test/wordpress_test/inpsyde_test/test/wp-content/plugins/plugintestslughere/tests/unit/tests/rest-api/rest-posts-controller.php" line="4847" assertions="9" time="0.132129"/>
        <testcase name="test_rest_post_type_item_schema_filter_add_property_triggers_doing_it_wrong" class="WP_Test_REST_Posts_Controller" classname="WP_Test_REST_Posts_Controller" file="/var/www/html/test/wordpress_test/inpsyde_test/test/wp-content/plugins/plugintestslughere/tests/unit/tests/rest-api/rest-posts-controller.php" line="4868" assertions="6" time="0.088209"/>
      </testsuite>
      <testsuite name="WP_Test_REST_Request_Validation" file="/var/www/html/test/wordpress_test/inpsyde_test/test/wp-content/plugins/plugintestslughere/tests/unit/tests/rest-api/rest-request-validation.php" tests="8" assertions="32" errors="0" failures="0" skipped="0" time="0.182825">
        <testcase name="test_validate_within_min_max_range_inclusive" class="WP_Test_REST_Request_Validation" classname="WP_Test_REST_Request_Validation" file="/var/www/html/test/wordpress_test/inpsyde_test/test/wp-content/plugins/plugintestslughere/tests/unit/tests/rest-api/rest-request-validation.php" line="14" assertions="4" time="0.021481"/>
        <testcase name="test_validate_within_min_max_range_min_exclusive" class="WP_Test_REST_Request_Validation" classname="WP_Test_REST_Request_Validation" file="/var/www/html/test/wordpress_test/inpsyde_test/test/wp-content/plugins/plugintestslughere/tests/unit/tests/rest-api/rest-request-validation.php" line="38" assertions="6" time="0.022499"/>
        <testcase name="test_validate_within_min_max_range_max_exclusive" class="WP_Test_REST_Request_Validation" classname="WP_Test_REST_Request_Validation" file="/var/www/html/test/wordpress_test/inpsyde_test/test/wp-content/plugins/plugintestslughere/tests/unit/tests/rest-api/rest-request-validation.php" line="67" assertions="6" time="0.021639"/>
        <testcase name="test_validate_within_min_max_range_both_exclusive" class="WP_Test_REST_Request_Validation" classname="WP_Test_REST_Request_Validation" file="/var/www/html/test/wordpress_test/inpsyde_test/test/wp-content/plugins/plugintestslughere/tests/unit/tests/rest-api/rest-request-validation.php" line="96" assertions="6" time="0.022631"/>
        <testcase name="test_validate_greater_than_min_inclusive" class="WP_Test_REST_Request_Validation" classname="WP_Test_REST_Request_Validation" file="/var/www/html/test/wordpress_test/inpsyde_test/test/wp-content/plugins/plugintestslughere/tests/unit/tests/rest-api/rest-request-validation.php" line="126" assertions="2" time="0.023531"/>
        <testcase name="test_validate_greater_than_min_exclusive" class="WP_Test_REST_Request_Validation" classname="WP_Test_REST_Request_Validation" file="/var/www/html/test/wordpress_test/inpsyde_test/test/wp-content/plugins/plugintestslughere/tests/unit/tests/rest-api/rest-request-validation.php" line="145" assertions="3" time="0.021528"/>
        <testcase name="test_validate_less_than_max_inclusive" class="WP_Test_REST_Request_Validation" classname="WP_Test_REST_Request_Validation" file="/var/www/html/test/wordpress_test/inpsyde_test/test/wp-content/plugins/plugintestslughere/tests/unit/tests/rest-api/rest-request-validation.php" line="167" assertions="2" time="0.022500"/>
        <testcase name="test_validate_less_than_max_exclusive" class="WP_Test_REST_Request_Validation" classname="WP_Test_REST_Request_Validation" file="/var/www/html/test/wordpress_test/inpsyde_test/test/wp-content/plugins/plugintestslughere/tests/unit/tests/rest-api/rest-request-validation.php" line="186" assertions="3" time="0.027016"/>
      </testsuite>
      <testsuite name="Tests_REST_Request" file="/var/www/html/test/wordpress_test/inpsyde_test/test/wp-content/plugins/plugintestslughere/tests/unit/tests/rest-api/rest-request.php" tests="49" assertions="137" errors="0" failures="0" skipped="0" time="1.321163">
        <testcase name="test_header" class="Tests_REST_Request" classname="Tests_REST_Request" file="/var/www/html/test/wordpress_test/inpsyde_test/test/wp-content/plugins/plugintestslughere/tests/unit/tests/rest-api/rest-request.php" line="21" assertions="1" time="0.020724"/>
        <testcase name="test_header_missing" class="Tests_REST_Request" classname="Tests_REST_Request" file="/var/www/html/test/wordpress_test/inpsyde_test/test/wp-content/plugins/plugintestslughere/tests/unit/tests/rest-api/rest-request.php" line="29" assertions="2" time="0.021767"/>
        <testcase name="test_remove_header" class="Tests_REST_Request" classname="Tests_REST_Request" file="/var/www/html/test/wordpress_test/inpsyde_test/test/wp-content/plugins/plugintestslughere/tests/unit/tests/rest-api/rest-request.php" line="34" assertions="2" time="0.022202"/>
        <testcase name="test_header_multiple" class="Tests_REST_Request" classname="Tests_REST_Request" file="/var/www/html/test/wordpress_test/inpsyde_test/test/wp-content/plugins/plugintestslughere/tests/unit/tests/rest-api/rest-request.php" line="42" assertions="2" time="0.021982"/>
        <testsuite name="Tests_REST_Request::test_header_canonicalization" tests="6" assertions="6" errors="0" failures="0" skipped="0" time="0.133458">
          <testcase name="test_header_canonicalization with data set #0" class="Tests_REST_Request" classname="Tests_REST_Request" file="/var/www/html/test/wordpress_test/inpsyde_test/test/wp-content/plugins/plugintestslughere/tests/unit/tests/rest-api/rest-request.php" line="68" assertions="1" time="0.023045"/>
          <testcase name="test_header_canonicalization with data set #1" class="Tests_REST_Request" classname="Tests_REST_Request" file="/var/www/html/test/wordpress_test/inpsyde_test/test/wp-content/plugins/plugintestslughere/tests/unit/tests/rest-api/rest-request.php" line="68" assertions="1" time="0.021590"/>
          <testcase name="test_header_canonicalization with data set #2" class="Tests_REST_Request" classname="Tests_REST_Request" file="/var/www/html/test/wordpress_test/inpsyde_test/test/wp-content/plugins/plugintestslughere/tests/unit/tests/rest-api/rest-request.php" line="68" assertions="1" time="0.021149"/>
          <testcase name="test_header_canonicalization with data set #3" class="Tests_REST_Request" classname="Tests_REST_Request" file="/var/www/html/test/wordpress_test/inpsyde_test/test/wp-content/plugins/plugintestslughere/tests/unit/tests/rest-api/rest-request.php" line="68" assertions="1" time="0.022973"/>
          <testcase name="test_header_canonicalization with data set #4" class="Tests_REST_Request" classname="Tests_REST_Request" file="/var/www/html/test/wordpress_test/inpsyde_test/test/wp-content/plugins/plugintestslughere/tests/unit/tests/rest-api/rest-request.php" line="68" assertions="1" time="0.021018"/>
          <testcase name="test_header_canonicalization with data set #5" class="Tests_REST_Request" classname="Tests_REST_Request" file="/var/www/html/test/wordpress_test/inpsyde_test/test/wp-content/plugins/plugintestslughere/tests/unit/tests/rest-api/rest-request.php" line="68" assertions="1" time="0.023683"/>
        </testsuite>
        <testsuite name="Tests_REST_Request::test_content_type_parsing" tests="3" assertions="15" errors="0" failures="0" skipped="0" time="0.072081">
          <testcase name="test_content_type_parsing with data set #0" class="Tests_REST_Request" classname="Tests_REST_Request" file="/var/www/html/test/wordpress_test/inpsyde_test/test/wp-content/plugins/plugintestslughere/tests/unit/tests/rest-api/rest-request.php" line="92" assertions="5" time="0.025812"/>
          <testcase name="test_content_type_parsing with data set #1" class="Tests_REST_Request" classname="Tests_REST_Request" file="/var/www/html/test/wordpress_test/inpsyde_test/test/wp-content/plugins/plugintestslughere/tests/unit/tests/rest-api/rest-request.php" line="92" assertions="5" time="0.022944"/>
          <testcase name="test_content_type_parsing with data set #2" class="Tests_REST_Request" classname="Tests_REST_Request" file="/var/www/html/test/wordpress_test/inpsyde_test/test/wp-content/plugins/plugintestslughere/tests/unit/tests/rest-api/rest-request.php" line="92" assertions="5" time="0.023325"/>
        </testsuite>
        <testcase name="test_parameter_order" class="Tests_REST_Request" classname="Tests_REST_Request" file="/var/www/html/test/wordpress_test/inpsyde_test/test/wp-content/plugins/plugintestslughere/tests/unit/tests/rest-api/rest-request.php" line="141" assertions="6" time="0.023806"/>
        <testcase name="test_parameter_order_post" class="Tests_REST_Request" classname="Tests_REST_Request" file="/var/www/html/test/wordpress_test/inpsyde_test/test/wp-content/plugins/plugintestslughere/tests/unit/tests/rest-api/rest-request.php" line="160" assertions="6" time="0.023904"/>
        <testcase name="test_parameter_order_json" class="Tests_REST_Request" classname="Tests_REST_Request" file="/var/www/html/test/wordpress_test/inpsyde_test/test/wp-content/plugins/plugintestslughere/tests/unit/tests/rest-api/rest-request.php" line="181" assertions="6" time="0.021736"/>
        <testcase name="test_parameter_order_json_invalid" class="Tests_REST_Request" classname="Tests_REST_Request" file="/var/www/html/test/wordpress_test/inpsyde_test/test/wp-content/plugins/plugintestslughere/tests/unit/tests/rest-api/rest-request.php" line="200" assertions="6" time="0.025772"/>
        <testsuite name="Tests_REST_Request::test_non_post_body_parameters" tests="3" assertions="9" errors="0" failures="0" skipped="0" time="0.071085">
          <testcase name="test_non_post_body_parameters with data set #0" class="Tests_REST_Request" classname="Tests_REST_Request" file="/var/www/html/test/wordpress_test/inpsyde_test/test/wp-content/plugins/plugintestslughere/tests/unit/tests/rest-api/rest-request.php" line="239" assertions="3" time="0.024487"/>
          <testcase name="test_non_post_body_parameters with data set #1" class="Tests_REST_Request" classname="Tests_REST_Request" file="/var/www/html/test/wordpress_test/inpsyde_test/test/wp-content/plugins/plugintestslughere/tests/unit/tests/rest-api/rest-request.php" line="239" assertions="3" time="0.022515"/>
          <testcase name="test_non_post_body_parameters with data set #2" class="Tests_REST_Request" classname="Tests_REST_Request" file="/var/www/html/test/wordpress_test/inpsyde_test/test/wp-content/plugins/plugintestslughere/tests/unit/tests/rest-api/rest-request.php" line="239" assertions="3" time="0.024083"/>
        </testsuite>
        <testcase name="test_parameters_for_json_put" class="Tests_REST_Request" classname="Tests_REST_Request" file="/var/www/html/test/wordpress_test/inpsyde_test/test/wp-content/plugins/plugintestslughere/tests/unit/tests/rest-api/rest-request.php" line="259" assertions="3" time="0.029121"/>
        <testcase name="test_parameters_for_json_post" class="Tests_REST_Request" classname="Tests_REST_Request" file="/var/www/html/test/wordpress_test/inpsyde_test/test/wp-content/plugins/plugintestslughere/tests/unit/tests/rest-api/rest-request.php" line="281" assertions="3" time="0.024582"/>
        <testcase name="test_parameter_merging" class="Tests_REST_Request" classname="Tests_REST_Request" file="/var/www/html/test/wordpress_test/inpsyde_test/test/wp-content/plugins/plugintestslughere/tests/unit/tests/rest-api/rest-request.php" line="303" assertions="1" time="0.021688"/>
        <testcase name="test_parameter_merging_with_numeric_keys" class="Tests_REST_Request" classname="Tests_REST_Request" file="/var/www/html/test/wordpress_test/inpsyde_test/test/wp-content/plugins/plugintestslughere/tests/unit/tests/rest-api/rest-request.php" line="318" assertions="1" time="0.022713"/>
        <testcase name="test_sanitize_params" class="Tests_REST_Request" classname="Tests_REST_Request" file="/var/www/html/test/wordpress_test/inpsyde_test/test/wp-content/plugins/plugintestslughere/tests/unit/tests/rest-api/rest-request.php" line="332" assertions="2" time="0.024871"/>
        <testcase name="test_sanitize_params_error" class="Tests_REST_Request" classname="Tests_REST_Request" file="/var/www/html/test/wordpress_test/inpsyde_test/test/wp-content/plugins/plugintestslughere/tests/unit/tests/rest-api/rest-request.php" line="359" assertions="2" time="0.023068"/>
        <testcase name="test_sanitize_params_with_null_callback" class="Tests_REST_Request" classname="Tests_REST_Request" file="/var/www/html/test/wordpress_test/inpsyde_test/test/wp-content/plugins/plugintestslughere/tests/unit/tests/rest-api/rest-request.php" line="384" assertions="1" time="0.021750"/>
        <testcase name="test_sanitize_params_with_false_callback" class="Tests_REST_Request" classname="Tests_REST_Request" file="/var/www/html/test/wordpress_test/inpsyde_test/test/wp-content/plugins/plugintestslughere/tests/unit/tests/rest-api/rest-request.php" line="406" assertions="1" time="0.024176"/>
        <testcase name="test_has_valid_params_required_flag" class="Tests_REST_Request" classname="Tests_REST_Request" file="/var/www/html/test/wordpress_test/inpsyde_test/test/wp-content/plugins/plugintestslughere/tests/unit/tests/rest-api/rest-request.php" line="428" assertions="2" time="0.022190"/>
        <testcase name="test_has_valid_params_required_flag_multiple" class="Tests_REST_Request" classname="Tests_REST_Request" file="/var/www/html/test/wordpress_test/inpsyde_test/test/wp-content/plugins/plugintestslughere/tests/unit/tests/rest-api/rest-request.php" line="445" assertions="4" time="0.021985"/>
        <testcase name="test_has_valid_params_validate_callback" class="Tests_REST_Request" classname="Tests_REST_Request" file="/var/www/html/test/wordpress_test/inpsyde_test/test/wp-content/plugins/plugintestslughere/tests/unit/tests/rest-api/rest-request.php" line="470" assertions="2" time="0.028226"/>
        <testcase name="test_has_valid_params_json_error" class="Tests_REST_Request" classname="Tests_REST_Request" file="/var/www/html/test/wordpress_test/inpsyde_test/test/wp-content/plugins/plugintestslughere/tests/unit/tests/rest-api/rest-request.php" line="493" assertions="3" time="0.022946"/>
        <testcase name="test_has_valid_params_empty_json_no_error" class="Tests_REST_Request" classname="Tests_REST_Request" file="/var/www/html/test/wordpress_test/inpsyde_test/test/wp-content/plugins/plugintestslughere/tests/unit/tests/rest-api/rest-request.php" line="505" assertions="1" time="0.022936"/>
        <testcase name="test_has_multiple_invalid_params_validate_callback" class="Tests_REST_Request" classname="Tests_REST_Request" file="/var/www/html/test/wordpress_test/inpsyde_test/test/wp-content/plugins/plugintestslughere/tests/unit/tests/rest-api/rest-request.php" line="513" assertions="4" time="0.022544"/>
        <testcase name="test_invalid_params_error_response_format" class="Tests_REST_Request" classname="Tests_REST_Request" file="/var/www/html/test/wordpress_test/inpsyde_test/test/wp-content/plugins/plugintestslughere/tests/unit/tests/rest-api/rest-request.php" line="545" assertions="3" time="0.023581"/>
        <testsuite name="Tests_REST_Request::test_from_url" tests="2" assertions="8" errors="0" failures="0" skipped="0" time="0.121332">
          <testcase name="test_from_url with data set #0" class="Tests_REST_Request" classname="Tests_REST_Request" file="/var/www/html/test/wordpress_test/inpsyde_test/test/wp-content/plugins/plugintestslughere/tests/unit/tests/rest-api/rest-request.php" line="594" assertions="4" time="0.055607"/>
          <testcase name="test_from_url with data set #1" class="Tests_REST_Request" classname="Tests_REST_Request" file="/var/www/html/test/wordpress_test/inpsyde_test/test/wp-content/plugins/plugintestslughere/tests/unit/tests/rest-api/rest-request.php" line="594" assertions="4" time="0.065725"/>
        </testsuite>
        <testsuite name="Tests_REST_Request::test_from_url_invalid" tests="2" assertions="4" errors="0" failures="0" skipped="0" time="0.142724">
          <testcase name="test_from_url_invalid with data set #0" class="Tests_REST_Request" classname="Tests_REST_Request" file="/var/www/html/test/wordpress_test/inpsyde_test/test/wp-content/plugins/plugintestslughere/tests/unit/tests/rest-api/rest-request.php" line="612" assertions="2" time="0.064979"/>
          <testcase name="test_from_url_invalid with data set #1" class="Tests_REST_Request" classname="Tests_REST_Request" file="/var/www/html/test/wordpress_test/inpsyde_test/test/wp-content/plugins/plugintestslughere/tests/unit/tests/rest-api/rest-request.php" line="612" assertions="2" time="0.077745"/>
        </testsuite>
        <testcase name="test_set_param" class="Tests_REST_Request" classname="Tests_REST_Request" file="/var/www/html/test/wordpress_test/inpsyde_test/test/wp-content/plugins/plugintestslughere/tests/unit/tests/rest-api/rest-request.php" line="623" assertions="1" time="0.034660"/>
        <testcase name="test_set_param_follows_parameter_order" class="Tests_REST_Request" classname="Tests_REST_Request" file="/var/www/html/test/wordpress_test/inpsyde_test/test/wp-content/plugins/plugintestslughere/tests/unit/tests/rest-api/rest-request.php" line="629" assertions="4" time="0.026519"/>
        <testcase name="test_set_param_updates_param_in_json_and_query" class="Tests_REST_Request" classname="Tests_REST_Request" file="/var/www/html/test/wordpress_test/inpsyde_test/test/wp-content/plugins/plugintestslughere/tests/unit/tests/rest-api/rest-request.php" line="657" assertions="4" time="0.023575"/>
        <testcase name="test_set_param_updates_param_if_already_exists_in_query" class="Tests_REST_Request" classname="Tests_REST_Request" file="/var/www/html/test/wordpress_test/inpsyde_test/test/wp-content/plugins/plugintestslughere/tests/unit/tests/rest-api/rest-request.php" line="684" assertions="5" time="0.022485"/>
        <testcase name="test_set_param_to_null_updates_param_in_json_and_query" class="Tests_REST_Request" classname="Tests_REST_Request" file="/var/www/html/test/wordpress_test/inpsyde_test/test/wp-content/plugins/plugintestslughere/tests/unit/tests/rest-api/rest-request.php" line="718" assertions="4" time="0.023296"/>
        <testcase name="test_set_param_from_null_updates_param_in_json_and_query_with_null" class="Tests_REST_Request" classname="Tests_REST_Request" file="/var/www/html/test/wordpress_test/inpsyde_test/test/wp-content/plugins/plugintestslughere/tests/unit/tests/rest-api/rest-request.php" line="745" assertions="4" time="0.023627"/>
        <testcase name="test_set_param_with_invalid_json" class="Tests_REST_Request" classname="Tests_REST_Request" file="/var/www/html/test/wordpress_test/inpsyde_test/test/wp-content/plugins/plugintestslughere/tests/unit/tests/rest-api/rest-request.php" line="772" assertions="2" time="0.021792"/>
        <testcase name="test_route_level_validate_callback" class="Tests_REST_Request" classname="Tests_REST_Request" file="/var/www/html/test/wordpress_test/inpsyde_test/test/wp-content/plugins/plugintestslughere/tests/unit/tests/rest-api/rest-request.php" line="786" assertions="2" time="0.022442"/>
        <testcase name="test_route_level_validate_callback_no_parameter_callbacks" class="Tests_REST_Request" classname="Tests_REST_Request" file="/var/www/html/test/wordpress_test/inpsyde_test/test/wp-content/plugins/plugintestslughere/tests/unit/tests/rest-api/rest-request.php" line="810" assertions="2" time="0.021938"/>
        <testcase name="test_route_level_validate_callback_is_not_executed_if_parameter_validation_fails" class="Tests_REST_Request" classname="Tests_REST_Request" file="/var/www/html/test/wordpress_test/inpsyde_test/test/wp-content/plugins/plugintestslughere/tests/unit/tests/rest-api/rest-request.php" line="829" assertions="3" time="0.021879"/>
      </testsuite>
      <testsuite name="WP_Test_REST_Revisions_Controller" file="/var/www/html/test/wordpress_test/inpsyde_test/test/wp-content/plugins/plugintestslughere/tests/unit/tests/rest-api/rest-revisions-controller.php" tests="39" assertions="409" errors="0" failures="0" skipped="0" time="2.594224">
        <testcase name="test_register_routes" class="WP_Test_REST_Revisions_Controller" classname="WP_Test_REST_Revisions_Controller" file="/var/www/html/test/wordpress_test/inpsyde_test/test/wp-content/plugins/plugintestslughere/tests/unit/tests/rest-api/rest-revisions-controller.php" line="100" assertions="8" time="0.071745"/>
        <testcase name="test_context_param" class="WP_Test_REST_Revisions_Controller" classname="WP_Test_REST_Revisions_Controller" file="/var/www/html/test/wordpress_test/inpsyde_test/test/wp-content/plugins/plugintestslughere/tests/unit/tests/rest-api/rest-revisions-controller.php" line="108" assertions="8" time="0.060834"/>
        <testcase name="test_get_items" class="WP_Test_REST_Revisions_Controller" classname="WP_Test_REST_Revisions_Controller" file="/var/www/html/test/wordpress_test/inpsyde_test/test/wp-content/plugins/plugintestslughere/tests/unit/tests/rest-api/rest-revisions-controller.php" line="123" assertions="55" time="0.077239"/>
        <testcase name="test_get_items_no_permission" class="WP_Test_REST_Revisions_Controller" classname="WP_Test_REST_Revisions_Controller" file="/var/www/html/test/wordpress_test/inpsyde_test/test/wp-content/plugins/plugintestslughere/tests/unit/tests/rest-api/rest-revisions-controller.php" line="142" assertions="12" time="0.095143"/>
        <testcase name="test_get_items_missing_parent" class="WP_Test_REST_Revisions_Controller" classname="WP_Test_REST_Revisions_Controller" file="/var/www/html/test/wordpress_test/inpsyde_test/test/wp-content/plugins/plugintestslughere/tests/unit/tests/rest-api/rest-revisions-controller.php" line="153" assertions="8" time="0.056073"/>
        <testcase name="test_get_items_invalid_parent_post_type" class="WP_Test_REST_Revisions_Controller" classname="WP_Test_REST_Revisions_Controller" file="/var/www/html/test/wordpress_test/inpsyde_test/test/wp-content/plugins/plugintestslughere/tests/unit/tests/rest-api/rest-revisions-controller.php" line="160" assertions="8" time="0.056616"/>
        <testcase name="test_get_item" class="WP_Test_REST_Revisions_Controller" classname="WP_Test_REST_Revisions_Controller" file="/var/www/html/test/wordpress_test/inpsyde_test/test/wp-content/plugins/plugintestslughere/tests/unit/tests/rest-api/rest-revisions-controller.php" line="167" assertions="21" time="0.066069"/>
        <testcase name="test_get_item_embed_context" class="WP_Test_REST_Revisions_Controller" classname="WP_Test_REST_Revisions_Controller" file="/var/www/html/test/wordpress_test/inpsyde_test/test/wp-content/plugins/plugintestslughere/tests/unit/tests/rest-api/rest-revisions-controller.php" line="192" assertions="6" time="0.058308"/>
        <testcase name="test_get_item_no_permission" class="WP_Test_REST_Revisions_Controller" classname="WP_Test_REST_Revisions_Controller" file="/var/www/html/test/wordpress_test/inpsyde_test/test/wp-content/plugins/plugintestslughere/tests/unit/tests/rest-api/rest-revisions-controller.php" line="210" assertions="12" time="0.057184"/>
        <testcase name="test_get_item_missing_parent" class="WP_Test_REST_Revisions_Controller" classname="WP_Test_REST_Revisions_Controller" file="/var/www/html/test/wordpress_test/inpsyde_test/test/wp-content/plugins/plugintestslughere/tests/unit/tests/rest-api/rest-revisions-controller.php" line="221" assertions="8" time="0.053343"/>
        <testcase name="test_get_item_invalid_parent_post_type" class="WP_Test_REST_Revisions_Controller" classname="WP_Test_REST_Revisions_Controller" file="/var/www/html/test/wordpress_test/inpsyde_test/test/wp-content/plugins/plugintestslughere/tests/unit/tests/rest-api/rest-revisions-controller.php" line="228" assertions="8" time="0.092604"/>
        <testcase name="test_delete_item" class="WP_Test_REST_Revisions_Controller" classname="WP_Test_REST_Revisions_Controller" file="/var/www/html/test/wordpress_test/inpsyde_test/test/wp-content/plugins/plugintestslughere/tests/unit/tests/rest-api/rest-revisions-controller.php" line="235" assertions="9" time="0.060354"/>
        <testcase name="test_delete_item_parent_check" class="WP_Test_REST_Revisions_Controller" classname="WP_Test_REST_Revisions_Controller" file="/var/www/html/test/wordpress_test/inpsyde_test/test/wp-content/plugins/plugintestslughere/tests/unit/tests/rest-api/rest-revisions-controller.php" line="247" assertions="9" time="0.066931"/>
        <testcase name="test_delete_item_remove_do_not_allow" class="WP_Test_REST_Revisions_Controller" classname="WP_Test_REST_Revisions_Controller" file="/var/www/html/test/wordpress_test/inpsyde_test/test/wp-content/plugins/plugintestslughere/tests/unit/tests/rest-api/rest-revisions-controller.php" line="259" assertions="7" time="0.097812"/>
        <testcase name="test_delete_item_cannot_delete_parent" class="WP_Test_REST_Revisions_Controller" classname="WP_Test_REST_Revisions_Controller" file="/var/www/html/test/wordpress_test/inpsyde_test/test/wp-content/plugins/plugintestslughere/tests/unit/tests/rest-api/rest-revisions-controller.php" line="272" assertions="9" time="0.066132"/>
        <testcase name="test_delete_item_no_trash" class="WP_Test_REST_Revisions_Controller" classname="WP_Test_REST_Revisions_Controller" file="/var/www/html/test/wordpress_test/inpsyde_test/test/wp-content/plugins/plugintestslughere/tests/unit/tests/rest-api/rest-revisions-controller.php" line="285" assertions="13" time="0.058670"/>
        <testcase name="test_delete_item_no_permission" class="WP_Test_REST_Revisions_Controller" classname="WP_Test_REST_Revisions_Controller" file="/var/www/html/test/wordpress_test/inpsyde_test/test/wp-content/plugins/plugintestslughere/tests/unit/tests/rest-api/rest-revisions-controller.php" line="300" assertions="8" time="0.054384"/>
        <testcase name="test_prepare_item" class="WP_Test_REST_Revisions_Controller" classname="WP_Test_REST_Revisions_Controller" file="/var/www/html/test/wordpress_test/inpsyde_test/test/wp-content/plugins/plugintestslughere/tests/unit/tests/rest-api/rest-revisions-controller.php" line="307" assertions="19" time="0.091115"/>
        <testcase name="test_prepare_item_limit_fields" class="WP_Test_REST_Revisions_Controller" classname="WP_Test_REST_Revisions_Controller" file="/var/www/html/test/wordpress_test/inpsyde_test/test/wp-content/plugins/plugintestslughere/tests/unit/tests/rest-api/rest-revisions-controller.php" line="315" assertions="5" time="0.053846"/>
        <testcase name="test_get_item_schema" class="WP_Test_REST_Revisions_Controller" classname="WP_Test_REST_Revisions_Controller" file="/var/www/html/test/wordpress_test/inpsyde_test/test/wp-content/plugins/plugintestslughere/tests/unit/tests/rest-api/rest-revisions-controller.php" line="332" assertions="17" time="0.052202"/>
        <testcase name="test_create_item" class="WP_Test_REST_Revisions_Controller" classname="WP_Test_REST_Revisions_Controller" file="/var/www/html/test/wordpress_test/inpsyde_test/test/wp-content/plugins/plugintestslughere/tests/unit/tests/rest-api/rest-revisions-controller.php" line="352" assertions="8" time="0.053370"/>
        <testcase name="test_update_item" class="WP_Test_REST_Revisions_Controller" classname="WP_Test_REST_Revisions_Controller" file="/var/www/html/test/wordpress_test/inpsyde_test/test/wp-content/plugins/plugintestslughere/tests/unit/tests/rest-api/rest-revisions-controller.php" line="358" assertions="8" time="0.051455"/>
        <testcase name="test_get_additional_field_registration" class="WP_Test_REST_Revisions_Controller" classname="WP_Test_REST_Revisions_Controller" file="/var/www/html/test/wordpress_test/inpsyde_test/test/wp-content/plugins/plugintestslughere/tests/unit/tests/rest-api/rest-revisions-controller.php" line="364" assertions="8" time="0.065402"/>
        <testcase name="test_get_item_sets_up_postdata" class="WP_Test_REST_Revisions_Controller" classname="WP_Test_REST_Revisions_Controller" file="/var/www/html/test/wordpress_test/inpsyde_test/test/wp-content/plugins/plugintestslughere/tests/unit/tests/rest-api/rest-revisions-controller.php" line="448" assertions="7" time="0.056997"/>
        <testcase name="test_get_items_pagination_header_of_the_first_page" class="WP_Test_REST_Revisions_Controller" classname="WP_Test_REST_Revisions_Controller" file="/var/www/html/test/wordpress_test/inpsyde_test/test/wp-content/plugins/plugintestslughere/tests/unit/tests/rest-api/rest-revisions-controller.php" line="465" assertions="12" time="0.097735"/>
        <testcase name="test_get_items_pagination_header_of_the_last_page" class="WP_Test_REST_Revisions_Controller" classname="WP_Test_REST_Revisions_Controller" file="/var/www/html/test/wordpress_test/inpsyde_test/test/wp-content/plugins/plugintestslughere/tests/unit/tests/rest-api/rest-revisions-controller.php" line="500" assertions="10" time="0.063488"/>
        <testcase name="test_get_items_invalid_per_page_should_error" class="WP_Test_REST_Revisions_Controller" classname="WP_Test_REST_Revisions_Controller" file="/var/www/html/test/wordpress_test/inpsyde_test/test/wp-content/plugins/plugintestslughere/tests/unit/tests/rest-api/rest-revisions-controller.php" line="534" assertions="8" time="0.056804"/>
        <testcase name="test_get_items_out_of_bounds_page_should_error" class="WP_Test_REST_Revisions_Controller" classname="WP_Test_REST_Revisions_Controller" file="/var/www/html/test/wordpress_test/inpsyde_test/test/wp-content/plugins/plugintestslughere/tests/unit/tests/rest-api/rest-revisions-controller.php" line="552" assertions="8" time="0.059549"/>
        <testcase name="test_get_items_invalid_max_pages_should_error" class="WP_Test_REST_Revisions_Controller" classname="WP_Test_REST_Revisions_Controller" file="/var/www/html/test/wordpress_test/inpsyde_test/test/wp-content/plugins/plugintestslughere/tests/unit/tests/rest-api/rest-revisions-controller.php" line="577" assertions="8" time="0.061068"/>
        <testcase name="test_get_items_search_query" class="WP_Test_REST_Revisions_Controller" classname="WP_Test_REST_Revisions_Controller" file="/var/www/html/test/wordpress_test/inpsyde_test/test/wp-content/plugins/plugintestslughere/tests/unit/tests/rest-api/rest-revisions-controller.php" line="601" assertions="8" time="0.063072"/>
        <testcase name="test_get_items_default_query_should_fetch_all_revisons" class="WP_Test_REST_Revisions_Controller" classname="WP_Test_REST_Revisions_Controller" file="/var/www/html/test/wordpress_test/inpsyde_test/test/wp-content/plugins/plugintestslughere/tests/unit/tests/rest-api/rest-revisions-controller.php" line="621" assertions="9" time="0.070901"/>
        <testcase name="test_get_items_offset_should_not_work_without_per_page" class="WP_Test_REST_Revisions_Controller" classname="WP_Test_REST_Revisions_Controller" file="/var/www/html/test/wordpress_test/inpsyde_test/test/wp-content/plugins/plugintestslughere/tests/unit/tests/rest-api/rest-revisions-controller.php" line="636" assertions="9" time="0.068766"/>
        <testcase name="test_get_items_offset_should_work_with_per_page" class="WP_Test_REST_Revisions_Controller" classname="WP_Test_REST_Revisions_Controller" file="/var/www/html/test/wordpress_test/inpsyde_test/test/wp-content/plugins/plugintestslughere/tests/unit/tests/rest-api/rest-revisions-controller.php" line="653" assertions="8" time="0.098027"/>
        <testcase name="test_get_items_offset_should_take_priority_over_page" class="WP_Test_REST_Revisions_Controller" classname="WP_Test_REST_Revisions_Controller" file="/var/www/html/test/wordpress_test/inpsyde_test/test/wp-content/plugins/plugintestslughere/tests/unit/tests/rest-api/rest-revisions-controller.php" line="676" assertions="8" time="0.067490"/>
        <testcase name="test_get_items_total_revisions_offset_should_return_empty_data" class="WP_Test_REST_Revisions_Controller" classname="WP_Test_REST_Revisions_Controller" file="/var/www/html/test/wordpress_test/inpsyde_test/test/wp-content/plugins/plugintestslughere/tests/unit/tests/rest-api/rest-revisions-controller.php" line="701" assertions="8" time="0.062365"/>
        <testcase name="test_get_items_out_of_bound_offset_should_error" class="WP_Test_REST_Revisions_Controller" classname="WP_Test_REST_Revisions_Controller" file="/var/www/html/test/wordpress_test/inpsyde_test/test/wp-content/plugins/plugintestslughere/tests/unit/tests/rest-api/rest-revisions-controller.php" line="725" assertions="8" time="0.064332"/>
        <testcase name="test_get_items_impossible_high_number_offset_should_error" class="WP_Test_REST_Revisions_Controller" classname="WP_Test_REST_Revisions_Controller" file="/var/www/html/test/wordpress_test/inpsyde_test/test/wp-content/plugins/plugintestslughere/tests/unit/tests/rest-api/rest-revisions-controller.php" line="749" assertions="8" time="0.062653"/>
        <testcase name="test_get_items_invalid_offset_should_error" class="WP_Test_REST_Revisions_Controller" classname="WP_Test_REST_Revisions_Controller" file="/var/www/html/test/wordpress_test/inpsyde_test/test/wp-content/plugins/plugintestslughere/tests/unit/tests/rest-api/rest-revisions-controller.php" line="773" assertions="8" time="0.056952"/>
        <testcase name="test_get_items_out_of_bounds_page_should_not_error_if_offset" class="WP_Test_REST_Revisions_Controller" classname="WP_Test_REST_Revisions_Controller" file="/var/www/html/test/wordpress_test/inpsyde_test/test/wp-content/plugins/plugintestslughere/tests/unit/tests/rest-api/rest-revisions-controller.php" line="798" assertions="8" time="0.067194"/>
      </testsuite>
      <testsuite name="WP_Test_REST_Schema_Sanitization" file="/var/www/html/test/wordpress_test/inpsyde_test/test/wp-content/plugins/plugintestslughere/tests/unit/tests/rest-api/rest-schema-sanitization.php" tests="31" assertions="98" errors="0" failures="0" skipped="0" time="0.728981">
        <testcase name="test_type_number" class="WP_Test_REST_Schema_Sanitization" classname="WP_Test_REST_Schema_Sanitization" file="/var/www/html/test/wordpress_test/inpsyde_test/test/wp-content/plugins/plugintestslughere/tests/unit/tests/rest-api/rest-schema-sanitization.php" line="14" assertions="5" time="0.031371"/>
        <testcase name="test_type_integer" class="WP_Test_REST_Schema_Sanitization" classname="WP_Test_REST_Schema_Sanitization" file="/var/www/html/test/wordpress_test/inpsyde_test/test/wp-content/plugins/plugintestslughere/tests/unit/tests/rest-api/rest-schema-sanitization.php" line="25" assertions="5" time="0.028147"/>
        <testcase name="test_type_string" class="WP_Test_REST_Schema_Sanitization" classname="WP_Test_REST_Schema_Sanitization" file="/var/www/html/test/wordpress_test/inpsyde_test/test/wp-content/plugins/plugintestslughere/tests/unit/tests/rest-api/rest-schema-sanitization.php" line="36" assertions="4" time="0.026783"/>
        <testcase name="test_type_boolean" class="WP_Test_REST_Schema_Sanitization" classname="WP_Test_REST_Schema_Sanitization" file="/var/www/html/test/wordpress_test/inpsyde_test/test/wp-content/plugins/plugintestslughere/tests/unit/tests/rest-api/rest-schema-sanitization.php" line="46" assertions="7" time="0.024493"/>
        <testcase name="test_format_email" class="WP_Test_REST_Schema_Sanitization" classname="WP_Test_REST_Schema_Sanitization" file="/var/www/html/test/wordpress_test/inpsyde_test/test/wp-content/plugins/plugintestslughere/tests/unit/tests/rest-api/rest-schema-sanitization.php" line="59" assertions="3" time="0.021990"/>
        <testcase name="test_format_ip" class="WP_Test_REST_Schema_Sanitization" classname="WP_Test_REST_Schema_Sanitization" file="/var/www/html/test/wordpress_test/inpsyde_test/test/wp-content/plugins/plugintestslughere/tests/unit/tests/rest-api/rest-schema-sanitization.php" line="69" assertions="3" time="0.024347"/>
        <testcase name="test_format_hex_color" class="WP_Test_REST_Schema_Sanitization" classname="WP_Test_REST_Schema_Sanitization" file="/var/www/html/test/wordpress_test/inpsyde_test/test/wp-content/plugins/plugintestslughere/tests/unit/tests/rest-api/rest-schema-sanitization.php" line="83" assertions="3" time="0.025264"/>
        <testcase name="test_format_uuid" class="WP_Test_REST_Schema_Sanitization" classname="WP_Test_REST_Schema_Sanitization" file="/var/www/html/test/wordpress_test/inpsyde_test/test/wp-content/plugins/plugintestslughere/tests/unit/tests/rest-api/rest-schema-sanitization.php" line="96" assertions="3" time="0.024009"/>
        <testcase name="test_type_array" class="WP_Test_REST_Schema_Sanitization" classname="WP_Test_REST_Schema_Sanitization" file="/var/www/html/test/wordpress_test/inpsyde_test/test/wp-content/plugins/plugintestslughere/tests/unit/tests/rest-api/rest-schema-sanitization.php" line="109" assertions="2" time="0.021875"/>
        <testcase name="test_type_array_nested" class="WP_Test_REST_Schema_Sanitization" classname="WP_Test_REST_Schema_Sanitization" file="/var/www/html/test/wordpress_test/inpsyde_test/test/wp-content/plugins/plugintestslughere/tests/unit/tests/rest-api/rest-schema-sanitization.php" line="120" assertions="2" time="0.022973"/>
        <testcase name="test_type_array_as_csv" class="WP_Test_REST_Schema_Sanitization" classname="WP_Test_REST_Schema_Sanitization" file="/var/www/html/test/wordpress_test/inpsyde_test/test/wp-content/plugins/plugintestslughere/tests/unit/tests/rest-api/rest-schema-sanitization.php" line="134" assertions="3" time="0.023065"/>
        <testcase name="test_type_array_with_enum" class="WP_Test_REST_Schema_Sanitization" classname="WP_Test_REST_Schema_Sanitization" file="/var/www/html/test/wordpress_test/inpsyde_test/test/wp-content/plugins/plugintestslughere/tests/unit/tests/rest-api/rest-schema-sanitization.php" line="146" assertions="2" time="0.021778"/>
        <testcase name="test_type_array_with_enum_as_csv" class="WP_Test_REST_Schema_Sanitization" classname="WP_Test_REST_Schema_Sanitization" file="/var/www/html/test/wordpress_test/inpsyde_test/test/wp-content/plugins/plugintestslughere/tests/unit/tests/rest-api/rest-schema-sanitization.php" line="158" assertions="3" time="0.021310"/>
        <testcase name="test_type_array_is_associative" class="WP_Test_REST_Schema_Sanitization" classname="WP_Test_REST_Schema_Sanitization" file="/var/www/html/test/wordpress_test/inpsyde_test/test/wp-content/plugins/plugintestslughere/tests/unit/tests/rest-api/rest-schema-sanitization.php" line="171" assertions="1" time="0.023369"/>
        <testcase name="test_type_object" class="WP_Test_REST_Schema_Sanitization" classname="WP_Test_REST_Schema_Sanitization" file="/var/www/html/test/wordpress_test/inpsyde_test/test/wp-content/plugins/plugintestslughere/tests/unit/tests/rest-api/rest-schema-sanitization.php" line="190" assertions="3" time="0.023017"/>
        <testcase name="test_type_object_strips_additional_properties" class="WP_Test_REST_Schema_Sanitization" classname="WP_Test_REST_Schema_Sanitization" file="/var/www/html/test/wordpress_test/inpsyde_test/test/wp-content/plugins/plugintestslughere/tests/unit/tests/rest-api/rest-schema-sanitization.php" line="216" assertions="3" time="0.022678"/>
        <testcase name="test_type_object_nested" class="WP_Test_REST_Schema_Sanitization" classname="WP_Test_REST_Schema_Sanitization" file="/var/www/html/test/wordpress_test/inpsyde_test/test/wp-content/plugins/plugintestslughere/tests/unit/tests/rest-api/rest-schema-sanitization.php" line="240" assertions="3" time="0.023615"/>
        <testcase name="test_type_object_stdclass" class="WP_Test_REST_Schema_Sanitization" classname="WP_Test_REST_Schema_Sanitization" file="/var/www/html/test/wordpress_test/inpsyde_test/test/wp-content/plugins/plugintestslughere/tests/unit/tests/rest-api/rest-schema-sanitization.php" line="295" assertions="1" time="0.021613"/>
        <testcase name="test_type_object_accepts_empty_string" class="WP_Test_REST_Schema_Sanitization" classname="WP_Test_REST_Schema_Sanitization" file="/var/www/html/test/wordpress_test/inpsyde_test/test/wp-content/plugins/plugintestslughere/tests/unit/tests/rest-api/rest-schema-sanitization.php" line="310" assertions="1" time="0.022493"/>
        <testcase name="test_type_unknown" class="WP_Test_REST_Schema_Sanitization" classname="WP_Test_REST_Schema_Sanitization" file="/var/www/html/test/wordpress_test/inpsyde_test/test/wp-content/plugins/plugintestslughere/tests/unit/tests/rest-api/rest-schema-sanitization.php" line="314" assertions="4" time="0.023431"/>
        <testcase name="test_no_type" class="WP_Test_REST_Schema_Sanitization" classname="WP_Test_REST_Schema_Sanitization" file="/var/www/html/test/wordpress_test/inpsyde_test/test/wp-content/plugins/plugintestslughere/tests/unit/tests/rest-api/rest-schema-sanitization.php" line="325" assertions="4" time="0.022742"/>
        <testcase name="test_nullable_date" class="WP_Test_REST_Schema_Sanitization" classname="WP_Test_REST_Schema_Sanitization" file="/var/www/html/test/wordpress_test/inpsyde_test/test/wp-content/plugins/plugintestslughere/tests/unit/tests/rest-api/rest-schema-sanitization.php" line="336" assertions="3" time="0.023155"/>
        <testcase name="test_format_validation_is_skipped_if_non_string_type" class="WP_Test_REST_Schema_Sanitization" classname="WP_Test_REST_Schema_Sanitization" file="/var/www/html/test/wordpress_test/inpsyde_test/test/wp-content/plugins/plugintestslughere/tests/unit/tests/rest-api/rest-schema-sanitization.php" line="350" assertions="2" time="0.022712"/>
        <testcase name="test_format_validation_is_applied_if_missing_type" class="WP_Test_REST_Schema_Sanitization" classname="WP_Test_REST_Schema_Sanitization" file="/var/www/html/test/wordpress_test/inpsyde_test/test/wp-content/plugins/plugintestslughere/tests/unit/tests/rest-api/rest-schema-sanitization.php" line="362" assertions="2" time="0.021564"/>
        <testcase name="test_format_validation_is_applied_if_unknown_type" class="WP_Test_REST_Schema_Sanitization" classname="WP_Test_REST_Schema_Sanitization" file="/var/www/html/test/wordpress_test/inpsyde_test/test/wp-content/plugins/plugintestslughere/tests/unit/tests/rest-api/rest-schema-sanitization.php" line="379" assertions="3" time="0.024676"/>
        <testcase name="test_object_or_string" class="WP_Test_REST_Schema_Sanitization" classname="WP_Test_REST_Schema_Sanitization" file="/var/www/html/test/wordpress_test/inpsyde_test/test/wp-content/plugins/plugintestslughere/tests/unit/tests/rest-api/rest-schema-sanitization.php" line="390" assertions="3" time="0.022257"/>
        <testcase name="test_object_or_bool" class="WP_Test_REST_Schema_Sanitization" classname="WP_Test_REST_Schema_Sanitization" file="/var/www/html/test/wordpress_test/inpsyde_test/test/wp-content/plugins/plugintestslughere/tests/unit/tests/rest-api/rest-schema-sanitization.php" line="405" assertions="13" time="0.023760"/>
        <testcase name="test_multi_type_with_no_known_types" class="WP_Test_REST_Schema_Sanitization" classname="WP_Test_REST_Schema_Sanitization" file="/var/www/html/test/wordpress_test/inpsyde_test/test/wp-content/plugins/plugintestslughere/tests/unit/tests/rest-api/rest-schema-sanitization.php" line="437" assertions="2" time="0.023071"/>
        <testcase name="test_multi_type_with_some_unknown_types" class="WP_Test_REST_Schema_Sanitization" classname="WP_Test_REST_Schema_Sanitization" file="/var/www/html/test/wordpress_test/inpsyde_test/test/wp-content/plugins/plugintestslughere/tests/unit/tests/rest-api/rest-schema-sanitization.php" line="451" assertions="2" time="0.022138"/>
        <testcase name="test_multi_type_returns_null_if_no_valid_type" class="WP_Test_REST_Schema_Sanitization" classname="WP_Test_REST_Schema_Sanitization" file="/var/www/html/test/wordpress_test/inpsyde_test/test/wp-content/plugins/plugintestslughere/tests/unit/tests/rest-api/rest-schema-sanitization.php" line="465" assertions="1" time="0.022576"/>
        <testcase name="test_unique_items_after_sanitization" class="WP_Test_REST_Schema_Sanitization" classname="WP_Test_REST_Schema_Sanitization" file="/var/www/html/test/wordpress_test/inpsyde_test/test/wp-content/plugins/plugintestslughere/tests/unit/tests/rest-api/rest-schema-sanitization.php" line="476" assertions="2" time="0.022709"/>
      </testsuite>
      <testsuite name="WP_Test_REST_Schema_Initialization" file="/var/www/html/test/wordpress_test/inpsyde_test/test/wp-content/plugins/plugintestslughere/tests/unit/tests/rest-api/rest-schema-setup.php" tests="2" assertions="71" errors="1" failures="0" skipped="0" time="0.677272">
        <testcase name="test_expected_routes_in_schema" class="WP_Test_REST_Schema_Initialization" classname="WP_Test_REST_Schema_Initialization" file="/var/www/html/test/wordpress_test/inpsyde_test/test/wp-content/plugins/plugintestslughere/tests/unit/tests/rest-api/rest-schema-setup.php" line="74" assertions="3" time="0.092883"/>
        <testcase name="test_build_wp_api_client_fixtures" class="WP_Test_REST_Schema_Initialization" classname="WP_Test_REST_Schema_Initialization" file="/var/www/html/test/wordpress_test/inpsyde_test/test/wp-content/plugins/plugintestslughere/tests/unit/tests/rest-api/rest-schema-setup.php" line="146" assertions="68" time="0.584389">
          <error type="PHPUnit\Framework\Error\Warning">WP_Test_REST_Schema_Initialization::test_build_wp_api_client_fixtures
file_put_contents(/var/www/html/test/wordpress_test/inpsyde_test/test/wp-content/plugins/plugintestslughere/tests/qunit/fixtures/wp-api-generated.js): failed to open stream: No such file or directory

/var/www/html/test/wordpress_test/inpsyde_test/test/wp-content/plugins/plugintestslughere/tests/unit/tests/rest-api/rest-schema-setup.php:461
</error>
        </testcase>
      </testsuite>
      <testsuite name="WP_Test_REST_Schema_Validation" file="/var/www/html/test/wordpress_test/inpsyde_test/test/wp-content/plugins/plugintestslughere/tests/unit/tests/rest-api/rest-schema-validation.php" tests="112" assertions="223" errors="0" failures="0" skipped="0" time="2.727166">
        <testcase name="test_type_number" class="WP_Test_REST_Schema_Validation" classname="WP_Test_REST_Schema_Validation" file="/var/www/html/test/wordpress_test/inpsyde_test/test/wp-content/plugins/plugintestslughere/tests/unit/tests/rest-api/rest-schema-validation.php" line="14" assertions="5" time="0.025191"/>
        <testcase name="test_type_integer" class="WP_Test_REST_Schema_Validation" classname="WP_Test_REST_Schema_Validation" file="/var/www/html/test/wordpress_test/inpsyde_test/test/wp-content/plugins/plugintestslughere/tests/unit/tests/rest-api/rest-schema-validation.php" line="27" assertions="5" time="0.027692"/>
        <testcase name="test_type_string" class="WP_Test_REST_Schema_Validation" classname="WP_Test_REST_Schema_Validation" file="/var/www/html/test/wordpress_test/inpsyde_test/test/wp-content/plugins/plugintestslughere/tests/unit/tests/rest-api/rest-schema-validation.php" line="40" assertions="4" time="0.025947"/>
        <testcase name="test_type_boolean" class="WP_Test_REST_Schema_Validation" classname="WP_Test_REST_Schema_Validation" file="/var/www/html/test/wordpress_test/inpsyde_test/test/wp-content/plugins/plugintestslughere/tests/unit/tests/rest-api/rest-schema-validation.php" line="50" assertions="9" time="0.024236"/>
        <testcase name="test_format_email" class="WP_Test_REST_Schema_Validation" classname="WP_Test_REST_Schema_Validation" file="/var/www/html/test/wordpress_test/inpsyde_test/test/wp-content/plugins/plugintestslughere/tests/unit/tests/rest-api/rest-schema-validation.php" line="65" assertions="3" time="0.023011"/>
        <testcase name="test_format_hex_color" class="WP_Test_REST_Schema_Validation" classname="WP_Test_REST_Schema_Validation" file="/var/www/html/test/wordpress_test/inpsyde_test/test/wp-content/plugins/plugintestslughere/tests/unit/tests/rest-api/rest-schema-validation.php" line="78" assertions="3" time="0.023921"/>
        <testcase name="test_format_uuid" class="WP_Test_REST_Schema_Validation" classname="WP_Test_REST_Schema_Validation" file="/var/www/html/test/wordpress_test/inpsyde_test/test/wp-content/plugins/plugintestslughere/tests/unit/tests/rest-api/rest-schema-validation.php" line="91" assertions="3" time="0.023040"/>
        <testcase name="test_format_date_time" class="WP_Test_REST_Schema_Validation" classname="WP_Test_REST_Schema_Validation" file="/var/www/html/test/wordpress_test/inpsyde_test/test/wp-content/plugins/plugintestslughere/tests/unit/tests/rest-api/rest-schema-validation.php" line="101" assertions="6" time="0.023050"/>
        <testcase name="test_format_ip" class="WP_Test_REST_Schema_Validation" classname="WP_Test_REST_Schema_Validation" file="/var/www/html/test/wordpress_test/inpsyde_test/test/wp-content/plugins/plugintestslughere/tests/unit/tests/rest-api/rest-schema-validation.php" line="114" assertions="15" time="0.024318"/>
        <testcase name="test_format_validation_is_skipped_if_non_string_type" class="WP_Test_REST_Schema_Validation" classname="WP_Test_REST_Schema_Validation" file="/var/www/html/test/wordpress_test/inpsyde_test/test/wp-content/plugins/plugintestslughere/tests/unit/tests/rest-api/rest-schema-validation.php" line="143" assertions="2" time="0.024316"/>
        <testcase name="test_format_validation_is_applied_if_missing_type" class="WP_Test_REST_Schema_Validation" classname="WP_Test_REST_Schema_Validation" file="/var/www/html/test/wordpress_test/inpsyde_test/test/wp-content/plugins/plugintestslughere/tests/unit/tests/rest-api/rest-schema-validation.php" line="158" assertions="2" time="0.023178"/>
        <testcase name="test_format_validation_is_applied_if_unknown_type" class="WP_Test_REST_Schema_Validation" classname="WP_Test_REST_Schema_Validation" file="/var/www/html/test/wordpress_test/inpsyde_test/test/wp-content/plugins/plugintestslughere/tests/unit/tests/rest-api/rest-schema-validation.php" line="175" assertions="3" time="0.022441"/>
        <testcase name="test_type_array" class="WP_Test_REST_Schema_Validation" classname="WP_Test_REST_Schema_Validation" file="/var/www/html/test/wordpress_test/inpsyde_test/test/wp-content/plugins/plugintestslughere/tests/unit/tests/rest-api/rest-schema-validation.php" line="186" assertions="3" time="0.026312"/>
        <testcase name="test_type_array_nested" class="WP_Test_REST_Schema_Validation" classname="WP_Test_REST_Schema_Validation" file="/var/www/html/test/wordpress_test/inpsyde_test/test/wp-content/plugins/plugintestslughere/tests/unit/tests/rest-api/rest-schema-validation.php" line="198" assertions="1" time="0.024095"/>
        <testcase name="test_type_array_as_csv" class="WP_Test_REST_Schema_Validation" classname="WP_Test_REST_Schema_Validation" file="/var/www/html/test/wordpress_test/inpsyde_test/test/wp-content/plugins/plugintestslughere/tests/unit/tests/rest-api/rest-schema-validation.php" line="211" assertions="5" time="0.023835"/>
        <testcase name="test_type_array_with_enum" class="WP_Test_REST_Schema_Validation" classname="WP_Test_REST_Schema_Validation" file="/var/www/html/test/wordpress_test/inpsyde_test/test/wp-content/plugins/plugintestslughere/tests/unit/tests/rest-api/rest-schema-validation.php" line="225" assertions="2" time="0.022218"/>
        <testcase name="test_type_array_with_enum_as_csv" class="WP_Test_REST_Schema_Validation" classname="WP_Test_REST_Schema_Validation" file="/var/www/html/test/wordpress_test/inpsyde_test/test/wp-content/plugins/plugintestslughere/tests/unit/tests/rest-api/rest-schema-validation.php" line="237" assertions="4" time="0.023936"/>
        <testcase name="test_type_array_is_associative" class="WP_Test_REST_Schema_Validation" classname="WP_Test_REST_Schema_Validation" file="/var/www/html/test/wordpress_test/inpsyde_test/test/wp-content/plugins/plugintestslughere/tests/unit/tests/rest-api/rest-schema-validation.php" line="251" assertions="1" time="0.022858"/>
        <testcase name="test_type_object" class="WP_Test_REST_Schema_Validation" classname="WP_Test_REST_Schema_Validation" file="/var/www/html/test/wordpress_test/inpsyde_test/test/wp-content/plugins/plugintestslughere/tests/unit/tests/rest-api/rest-schema-validation.php" line="269" assertions="3" time="0.022479"/>
        <testcase name="test_type_object_additional_properties_false" class="WP_Test_REST_Schema_Validation" classname="WP_Test_REST_Schema_Validation" file="/var/www/html/test/wordpress_test/inpsyde_test/test/wp-content/plugins/plugintestslughere/tests/unit/tests/rest-api/rest-schema-validation.php" line="291" assertions="2" time="0.022866"/>
        <testcase name="test_type_object_nested" class="WP_Test_REST_Schema_Validation" classname="WP_Test_REST_Schema_Validation" file="/var/www/html/test/wordpress_test/inpsyde_test/test/wp-content/plugins/plugintestslughere/tests/unit/tests/rest-api/rest-schema-validation.php" line="313" assertions="3" time="0.022459"/>
        <testcase name="test_type_object_stdclass" class="WP_Test_REST_Schema_Validation" classname="WP_Test_REST_Schema_Validation" file="/var/www/html/test/wordpress_test/inpsyde_test/test/wp-content/plugins/plugintestslughere/tests/unit/tests/rest-api/rest-schema-validation.php" line="351" assertions="1" time="0.023106"/>
        <testcase name="test_type_object_allows_empty_string" class="WP_Test_REST_Schema_Validation" classname="WP_Test_REST_Schema_Validation" file="/var/www/html/test/wordpress_test/inpsyde_test/test/wp-content/plugins/plugintestslughere/tests/unit/tests/rest-api/rest-schema-validation.php" line="366" assertions="1" time="0.027260"/>
        <testcase name="test_type_unknown" class="WP_Test_REST_Schema_Validation" classname="WP_Test_REST_Schema_Validation" file="/var/www/html/test/wordpress_test/inpsyde_test/test/wp-content/plugins/plugintestslughere/tests/unit/tests/rest-api/rest-schema-validation.php" line="370" assertions="4" time="0.027561"/>
        <testcase name="test_type_null" class="WP_Test_REST_Schema_Validation" classname="WP_Test_REST_Schema_Validation" file="/var/www/html/test/wordpress_test/inpsyde_test/test/wp-content/plugins/plugintestslughere/tests/unit/tests/rest-api/rest-schema-validation.php" line="381" assertions="3" time="0.029945"/>
        <testcase name="test_nullable_date" class="WP_Test_REST_Schema_Validation" classname="WP_Test_REST_Schema_Validation" file="/var/www/html/test/wordpress_test/inpsyde_test/test/wp-content/plugins/plugintestslughere/tests/unit/tests/rest-api/rest-schema-validation.php" line="387" assertions="4" time="0.026015"/>
        <testcase name="test_object_or_string" class="WP_Test_REST_Schema_Validation" classname="WP_Test_REST_Schema_Validation" file="/var/www/html/test/wordpress_test/inpsyde_test/test/wp-content/plugins/plugintestslughere/tests/unit/tests/rest-api/rest-schema-validation.php" line="401" assertions="4" time="0.023953"/>
        <testcase name="test_null_or_integer" class="WP_Test_REST_Schema_Validation" classname="WP_Test_REST_Schema_Validation" file="/var/www/html/test/wordpress_test/inpsyde_test/test/wp-content/plugins/plugintestslughere/tests/unit/tests/rest-api/rest-schema-validation.php" line="422" assertions="5" time="0.021971"/>
        <testsuite name="WP_Test_REST_Schema_Validation::test_numeric_multiple_of" tests="7" assertions="7" errors="0" failures="0" skipped="0" time="0.166973">
          <testcase name="test_numeric_multiple_of with data set #0" class="WP_Test_REST_Schema_Validation" classname="WP_Test_REST_Schema_Validation" file="/var/www/html/test/wordpress_test/inpsyde_test/test/wp-content/plugins/plugintestslughere/tests/unit/tests/rest-api/rest-schema-validation.php" line="447" assertions="1" time="0.022110"/>
          <testcase name="test_numeric_multiple_of with data set #1" class="WP_Test_REST_Schema_Validation" classname="WP_Test_REST_Schema_Validation" file="/var/www/html/test/wordpress_test/inpsyde_test/test/wp-content/plugins/plugintestslughere/tests/unit/tests/rest-api/rest-schema-validation.php" line="447" assertions="1" time="0.024233"/>
          <testcase name="test_numeric_multiple_of with data set #2" class="WP_Test_REST_Schema_Validation" classname="WP_Test_REST_Schema_Validation" file="/var/www/html/test/wordpress_test/inpsyde_test/test/wp-content/plugins/plugintestslughere/tests/unit/tests/rest-api/rest-schema-validation.php" line="447" assertions="1" time="0.021753"/>
          <testcase name="test_numeric_multiple_of with data set #3" class="WP_Test_REST_Schema_Validation" classname="WP_Test_REST_Schema_Validation" file="/var/www/html/test/wordpress_test/inpsyde_test/test/wp-content/plugins/plugintestslughere/tests/unit/tests/rest-api/rest-schema-validation.php" line="447" assertions="1" time="0.023684"/>
          <testcase name="test_numeric_multiple_of with data set #4" class="WP_Test_REST_Schema_Validation" classname="WP_Test_REST_Schema_Validation" file="/var/www/html/test/wordpress_test/inpsyde_test/test/wp-content/plugins/plugintestslughere/tests/unit/tests/rest-api/rest-schema-validation.php" line="447" assertions="1" time="0.023839"/>
          <testcase name="test_numeric_multiple_of with data set #5" class="WP_Test_REST_Schema_Validation" classname="WP_Test_REST_Schema_Validation" file="/var/www/html/test/wordpress_test/inpsyde_test/test/wp-content/plugins/plugintestslughere/tests/unit/tests/rest-api/rest-schema-validation.php" line="447" assertions="1" time="0.023262"/>
          <testcase name="test_numeric_multiple_of with data set #6" class="WP_Test_REST_Schema_Validation" classname="WP_Test_REST_Schema_Validation" file="/var/www/html/test/wordpress_test/inpsyde_test/test/wp-content/plugins/plugintestslughere/tests/unit/tests/rest-api/rest-schema-validation.php" line="447" assertions="1" time="0.028092"/>
        </testsuite>
        <testcase name="test_multi_type_with_no_known_types" class="WP_Test_REST_Schema_Validation" classname="WP_Test_REST_Schema_Validation" file="/var/www/html/test/wordpress_test/inpsyde_test/test/wp-content/plugins/plugintestslughere/tests/unit/tests/rest-api/rest-schema-validation.php" line="477" assertions="2" time="0.025848"/>
        <testcase name="test_multi_type_with_some_unknown_types" class="WP_Test_REST_Schema_Validation" classname="WP_Test_REST_Schema_Validation" file="/var/www/html/test/wordpress_test/inpsyde_test/test/wp-content/plugins/plugintestslughere/tests/unit/tests/rest-api/rest-schema-validation.php" line="491" assertions="2" time="0.023833"/>
        <testcase name="test_string_min_length" class="WP_Test_REST_Schema_Validation" classname="WP_Test_REST_Schema_Validation" file="/var/www/html/test/wordpress_test/inpsyde_test/test/wp-content/plugins/plugintestslughere/tests/unit/tests/rest-api/rest-schema-validation.php" line="505" assertions="6" time="0.022778"/>
        <testcase name="test_string_max_length" class="WP_Test_REST_Schema_Validation" classname="WP_Test_REST_Schema_Validation" file="/var/www/html/test/wordpress_test/inpsyde_test/test/wp-content/plugins/plugintestslughere/tests/unit/tests/rest-api/rest-schema-validation.php" line="529" assertions="6" time="0.022685"/>
        <testsuite name="WP_Test_REST_Schema_Validation::test_property_is_required" tests="3" assertions="3" errors="0" failures="0" skipped="0" time="0.067815">
          <testcase name="test_property_is_required with data set #0" class="WP_Test_REST_Schema_Validation" classname="WP_Test_REST_Schema_Validation" file="/var/www/html/test/wordpress_test/inpsyde_test/test/wp-content/plugins/plugintestslughere/tests/unit/tests/rest-api/rest-schema-validation.php" line="555" assertions="1" time="0.022664"/>
          <testcase name="test_property_is_required with data set #1" class="WP_Test_REST_Schema_Validation" classname="WP_Test_REST_Schema_Validation" file="/var/www/html/test/wordpress_test/inpsyde_test/test/wp-content/plugins/plugintestslughere/tests/unit/tests/rest-api/rest-schema-validation.php" line="555" assertions="1" time="0.022991"/>
          <testcase name="test_property_is_required with data set #2" class="WP_Test_REST_Schema_Validation" classname="WP_Test_REST_Schema_Validation" file="/var/www/html/test/wordpress_test/inpsyde_test/test/wp-content/plugins/plugintestslughere/tests/unit/tests/rest-api/rest-schema-validation.php" line="555" assertions="1" time="0.022160"/>
        </testsuite>
        <testsuite name="WP_Test_REST_Schema_Validation::test_property_is_required_v4" tests="3" assertions="3" errors="0" failures="0" skipped="0" time="0.073408">
          <testcase name="test_property_is_required_v4 with data set #0" class="WP_Test_REST_Schema_Validation" classname="WP_Test_REST_Schema_Validation" file="/var/www/html/test/wordpress_test/inpsyde_test/test/wp-content/plugins/plugintestslughere/tests/unit/tests/rest-api/rest-schema-validation.php" line="583" assertions="1" time="0.027120"/>
          <testcase name="test_property_is_required_v4 with data set #1" class="WP_Test_REST_Schema_Validation" classname="WP_Test_REST_Schema_Validation" file="/var/www/html/test/wordpress_test/inpsyde_test/test/wp-content/plugins/plugintestslughere/tests/unit/tests/rest-api/rest-schema-validation.php" line="583" assertions="1" time="0.023259"/>
          <testcase name="test_property_is_required_v4 with data set #2" class="WP_Test_REST_Schema_Validation" classname="WP_Test_REST_Schema_Validation" file="/var/www/html/test/wordpress_test/inpsyde_test/test/wp-content/plugins/plugintestslughere/tests/unit/tests/rest-api/rest-schema-validation.php" line="583" assertions="1" time="0.023029"/>
        </testsuite>
        <testsuite name="WP_Test_REST_Schema_Validation::test_nested_property_is_required" tests="3" assertions="3" errors="0" failures="0" skipped="0" time="0.070944">
          <testcase name="test_nested_property_is_required with data set #0" class="WP_Test_REST_Schema_Validation" classname="WP_Test_REST_Schema_Validation" file="/var/www/html/test/wordpress_test/inpsyde_test/test/wp-content/plugins/plugintestslughere/tests/unit/tests/rest-api/rest-schema-validation.php" line="625" assertions="1" time="0.023292"/>
          <testcase name="test_nested_property_is_required with data set #1" class="WP_Test_REST_Schema_Validation" classname="WP_Test_REST_Schema_Validation" file="/var/www/html/test/wordpress_test/inpsyde_test/test/wp-content/plugins/plugintestslughere/tests/unit/tests/rest-api/rest-schema-validation.php" line="625" assertions="1" time="0.022780"/>
          <testcase name="test_nested_property_is_required with data set #2" class="WP_Test_REST_Schema_Validation" classname="WP_Test_REST_Schema_Validation" file="/var/www/html/test/wordpress_test/inpsyde_test/test/wp-content/plugins/plugintestslughere/tests/unit/tests/rest-api/rest-schema-validation.php" line="625" assertions="1" time="0.024872"/>
        </testsuite>
        <testsuite name="WP_Test_REST_Schema_Validation::test_nested_property_is_required_v4" tests="3" assertions="3" errors="0" failures="0" skipped="0" time="0.072671">
          <testcase name="test_nested_property_is_required_v4 with data set #0" class="WP_Test_REST_Schema_Validation" classname="WP_Test_REST_Schema_Validation" file="/var/www/html/test/wordpress_test/inpsyde_test/test/wp-content/plugins/plugintestslughere/tests/unit/tests/rest-api/rest-schema-validation.php" line="658" assertions="1" time="0.024117"/>
          <testcase name="test_nested_property_is_required_v4 with data set #1" class="WP_Test_REST_Schema_Validation" classname="WP_Test_REST_Schema_Validation" file="/var/www/html/test/wordpress_test/inpsyde_test/test/wp-content/plugins/plugintestslughere/tests/unit/tests/rest-api/rest-schema-validation.php" line="658" assertions="1" time="0.024072"/>
          <testcase name="test_nested_property_is_required_v4 with data set #2" class="WP_Test_REST_Schema_Validation" classname="WP_Test_REST_Schema_Validation" file="/var/www/html/test/wordpress_test/inpsyde_test/test/wp-content/plugins/plugintestslughere/tests/unit/tests/rest-api/rest-schema-validation.php" line="658" assertions="1" time="0.024482"/>
        </testsuite>
        <testsuite name="WP_Test_REST_Schema_Validation::test_deeply_nested_v3_required_property" tests="5" assertions="5" errors="0" failures="0" skipped="0" time="0.120220">
          <testcase name="test_deeply_nested_v3_required_property with data set #0" class="WP_Test_REST_Schema_Validation" classname="WP_Test_REST_Schema_Validation" file="/var/www/html/test/wordpress_test/inpsyde_test/test/wp-content/plugins/plugintestslughere/tests/unit/tests/rest-api/rest-schema-validation.php" line="717" assertions="1" time="0.024760"/>
          <testcase name="test_deeply_nested_v3_required_property with data set #1" class="WP_Test_REST_Schema_Validation" classname="WP_Test_REST_Schema_Validation" file="/var/www/html/test/wordpress_test/inpsyde_test/test/wp-content/plugins/plugintestslughere/tests/unit/tests/rest-api/rest-schema-validation.php" line="717" assertions="1" time="0.023689"/>
          <testcase name="test_deeply_nested_v3_required_property with data set #2" class="WP_Test_REST_Schema_Validation" classname="WP_Test_REST_Schema_Validation" file="/var/www/html/test/wordpress_test/inpsyde_test/test/wp-content/plugins/plugintestslughere/tests/unit/tests/rest-api/rest-schema-validation.php" line="717" assertions="1" time="0.025989"/>
          <testcase name="test_deeply_nested_v3_required_property with data set #3" class="WP_Test_REST_Schema_Validation" classname="WP_Test_REST_Schema_Validation" file="/var/www/html/test/wordpress_test/inpsyde_test/test/wp-content/plugins/plugintestslughere/tests/unit/tests/rest-api/rest-schema-validation.php" line="717" assertions="1" time="0.023146"/>
          <testcase name="test_deeply_nested_v3_required_property with data set #4" class="WP_Test_REST_Schema_Validation" classname="WP_Test_REST_Schema_Validation" file="/var/www/html/test/wordpress_test/inpsyde_test/test/wp-content/plugins/plugintestslughere/tests/unit/tests/rest-api/rest-schema-validation.php" line="717" assertions="1" time="0.022636"/>
        </testsuite>
        <testsuite name="WP_Test_REST_Schema_Validation::test_deeply_nested_v4_required_property" tests="5" assertions="5" errors="0" failures="0" skipped="0" time="0.116541">
          <testcase name="test_deeply_nested_v4_required_property with data set #0" class="WP_Test_REST_Schema_Validation" classname="WP_Test_REST_Schema_Validation" file="/var/www/html/test/wordpress_test/inpsyde_test/test/wp-content/plugins/plugintestslughere/tests/unit/tests/rest-api/rest-schema-validation.php" line="757" assertions="1" time="0.023001"/>
          <testcase name="test_deeply_nested_v4_required_property with data set #1" class="WP_Test_REST_Schema_Validation" classname="WP_Test_REST_Schema_Validation" file="/var/www/html/test/wordpress_test/inpsyde_test/test/wp-content/plugins/plugintestslughere/tests/unit/tests/rest-api/rest-schema-validation.php" line="757" assertions="1" time="0.022686"/>
          <testcase name="test_deeply_nested_v4_required_property with data set #2" class="WP_Test_REST_Schema_Validation" classname="WP_Test_REST_Schema_Validation" file="/var/www/html/test/wordpress_test/inpsyde_test/test/wp-content/plugins/plugintestslughere/tests/unit/tests/rest-api/rest-schema-validation.php" line="757" assertions="1" time="0.023659"/>
          <testcase name="test_deeply_nested_v4_required_property with data set #3" class="WP_Test_REST_Schema_Validation" classname="WP_Test_REST_Schema_Validation" file="/var/www/html/test/wordpress_test/inpsyde_test/test/wp-content/plugins/plugintestslughere/tests/unit/tests/rest-api/rest-schema-validation.php" line="757" assertions="1" time="0.022803"/>
          <testcase name="test_deeply_nested_v4_required_property with data set #4" class="WP_Test_REST_Schema_Validation" classname="WP_Test_REST_Schema_Validation" file="/var/www/html/test/wordpress_test/inpsyde_test/test/wp-content/plugins/plugintestslughere/tests/unit/tests/rest-api/rest-schema-validation.php" line="757" assertions="1" time="0.024392"/>
        </testsuite>
        <testsuite name="WP_Test_REST_Schema_Validation::test_deeply_nested_mixed_version_required_property" tests="5" assertions="5" errors="0" failures="0" skipped="0" time="0.119739">
          <testcase name="test_deeply_nested_mixed_version_required_property with data set #0" class="WP_Test_REST_Schema_Validation" classname="WP_Test_REST_Schema_Validation" file="/var/www/html/test/wordpress_test/inpsyde_test/test/wp-content/plugins/plugintestslughere/tests/unit/tests/rest-api/rest-schema-validation.php" line="797" assertions="1" time="0.022605"/>
          <testcase name="test_deeply_nested_mixed_version_required_property with data set #1" class="WP_Test_REST_Schema_Validation" classname="WP_Test_REST_Schema_Validation" file="/var/www/html/test/wordpress_test/inpsyde_test/test/wp-content/plugins/plugintestslughere/tests/unit/tests/rest-api/rest-schema-validation.php" line="797" assertions="1" time="0.023044"/>
          <testcase name="test_deeply_nested_mixed_version_required_property with data set #2" class="WP_Test_REST_Schema_Validation" classname="WP_Test_REST_Schema_Validation" file="/var/www/html/test/wordpress_test/inpsyde_test/test/wp-content/plugins/plugintestslughere/tests/unit/tests/rest-api/rest-schema-validation.php" line="797" assertions="1" time="0.027716"/>
          <testcase name="test_deeply_nested_mixed_version_required_property with data set #3" class="WP_Test_REST_Schema_Validation" classname="WP_Test_REST_Schema_Validation" file="/var/www/html/test/wordpress_test/inpsyde_test/test/wp-content/plugins/plugintestslughere/tests/unit/tests/rest-api/rest-schema-validation.php" line="797" assertions="1" time="0.023018"/>
          <testcase name="test_deeply_nested_mixed_version_required_property with data set #4" class="WP_Test_REST_Schema_Validation" classname="WP_Test_REST_Schema_Validation" file="/var/www/html/test/wordpress_test/inpsyde_test/test/wp-content/plugins/plugintestslughere/tests/unit/tests/rest-api/rest-schema-validation.php" line="797" assertions="1" time="0.023356"/>
        </testsuite>
        <testcase name="test_object_min_properties" class="WP_Test_REST_Schema_Validation" classname="WP_Test_REST_Schema_Validation" file="/var/www/html/test/wordpress_test/inpsyde_test/test/wp-content/plugins/plugintestslughere/tests/unit/tests/rest-api/rest-schema-validation.php" line="878" assertions="4" time="0.022490"/>
        <testcase name="test_object_max_properties" class="WP_Test_REST_Schema_Validation" classname="WP_Test_REST_Schema_Validation" file="/var/www/html/test/wordpress_test/inpsyde_test/test/wp-content/plugins/plugintestslughere/tests/unit/tests/rest-api/rest-schema-validation.php" line="901" assertions="4" time="0.023653"/>
        <testcase name="test_string_pattern" class="WP_Test_REST_Schema_Validation" classname="WP_Test_REST_Schema_Validation" file="/var/www/html/test/wordpress_test/inpsyde_test/test/wp-content/plugins/plugintestslughere/tests/unit/tests/rest-api/rest-schema-validation.php" line="933" assertions="2" time="0.023639"/>
        <testcase name="test_string_pattern_with_escaped_delimiter" class="WP_Test_REST_Schema_Validation" classname="WP_Test_REST_Schema_Validation" file="/var/www/html/test/wordpress_test/inpsyde_test/test/wp-content/plugins/plugintestslughere/tests/unit/tests/rest-api/rest-schema-validation.php" line="946" assertions="2" time="0.023384"/>
        <testcase name="test_string_pattern_with_utf8" class="WP_Test_REST_Schema_Validation" classname="WP_Test_REST_Schema_Validation" file="/var/www/html/test/wordpress_test/inpsyde_test/test/wp-content/plugins/plugintestslughere/tests/unit/tests/rest-api/rest-schema-validation.php" line="959" assertions="2" time="0.021640"/>
        <testcase name="test_array_min_items" class="WP_Test_REST_Schema_Validation" classname="WP_Test_REST_Schema_Validation" file="/var/www/html/test/wordpress_test/inpsyde_test/test/wp-content/plugins/plugintestslughere/tests/unit/tests/rest-api/rest-schema-validation.php" line="972" assertions="4" time="0.022230"/>
        <testcase name="test_array_max_items" class="WP_Test_REST_Schema_Validation" classname="WP_Test_REST_Schema_Validation" file="/var/www/html/test/wordpress_test/inpsyde_test/test/wp-content/plugins/plugintestslughere/tests/unit/tests/rest-api/rest-schema-validation.php" line="990" assertions="4" time="0.025046"/>
        <testsuite name="WP_Test_REST_Schema_Validation::test_unique_items" tests="36" assertions="36" errors="0" failures="0" skipped="0" time="0.912604">
          <testcase name="test_unique_items with data set #0" class="WP_Test_REST_Schema_Validation" classname="WP_Test_REST_Schema_Validation" file="/var/www/html/test/wordpress_test/inpsyde_test/test/wp-content/plugins/plugintestslughere/tests/unit/tests/rest-api/rest-schema-validation.php" line="1010" assertions="1" time="0.028796"/>
          <testcase name="test_unique_items with data set #1" class="WP_Test_REST_Schema_Validation" classname="WP_Test_REST_Schema_Validation" file="/var/www/html/test/wordpress_test/inpsyde_test/test/wp-content/plugins/plugintestslughere/tests/unit/tests/rest-api/rest-schema-validation.php" line="1010" assertions="1" time="0.024332"/>
          <testcase name="test_unique_items with data set #2" class="WP_Test_REST_Schema_Validation" classname="WP_Test_REST_Schema_Validation" file="/var/www/html/test/wordpress_test/inpsyde_test/test/wp-content/plugins/plugintestslughere/tests/unit/tests/rest-api/rest-schema-validation.php" line="1010" assertions="1" time="0.024309"/>
          <testcase name="test_unique_items with data set #3" class="WP_Test_REST_Schema_Validation" classname="WP_Test_REST_Schema_Validation" file="/var/www/html/test/wordpress_test/inpsyde_test/test/wp-content/plugins/plugintestslughere/tests/unit/tests/rest-api/rest-schema-validation.php" line="1010" assertions="1" time="0.022776"/>
          <testcase name="test_unique_items with data set #4" class="WP_Test_REST_Schema_Validation" classname="WP_Test_REST_Schema_Validation" file="/var/www/html/test/wordpress_test/inpsyde_test/test/wp-content/plugins/plugintestslughere/tests/unit/tests/rest-api/rest-schema-validation.php" line="1010" assertions="1" time="0.023735"/>
          <testcase name="test_unique_items with data set #5" class="WP_Test_REST_Schema_Validation" classname="WP_Test_REST_Schema_Validation" file="/var/www/html/test/wordpress_test/inpsyde_test/test/wp-content/plugins/plugintestslughere/tests/unit/tests/rest-api/rest-schema-validation.php" line="1010" assertions="1" time="0.024465"/>
          <testcase name="test_unique_items with data set #6" class="WP_Test_REST_Schema_Validation" classname="WP_Test_REST_Schema_Validation" file="/var/www/html/test/wordpress_test/inpsyde_test/test/wp-content/plugins/plugintestslughere/tests/unit/tests/rest-api/rest-schema-validation.php" line="1010" assertions="1" time="0.025864"/>
          <testcase name="test_unique_items with data set #7" class="WP_Test_REST_Schema_Validation" classname="WP_Test_REST_Schema_Validation" file="/var/www/html/test/wordpress_test/inpsyde_test/test/wp-content/plugins/plugintestslughere/tests/unit/tests/rest-api/rest-schema-validation.php" line="1010" assertions="1" time="0.030667"/>
          <testcase name="test_unique_items with data set #8" class="WP_Test_REST_Schema_Validation" classname="WP_Test_REST_Schema_Validation" file="/var/www/html/test/wordpress_test/inpsyde_test/test/wp-content/plugins/plugintestslughere/tests/unit/tests/rest-api/rest-schema-validation.php" line="1010" assertions="1" time="0.025968"/>
          <testcase name="test_unique_items with data set #9" class="WP_Test_REST_Schema_Validation" classname="WP_Test_REST_Schema_Validation" file="/var/www/html/test/wordpress_test/inpsyde_test/test/wp-content/plugins/plugintestslughere/tests/unit/tests/rest-api/rest-schema-validation.php" line="1010" assertions="1" time="0.023519"/>
          <testcase name="test_unique_items with data set #10" class="WP_Test_REST_Schema_Validation" classname="WP_Test_REST_Schema_Validation" file="/var/www/html/test/wordpress_test/inpsyde_test/test/wp-content/plugins/plugintestslughere/tests/unit/tests/rest-api/rest-schema-validation.php" line="1010" assertions="1" time="0.027246"/>
          <testcase name="test_unique_items with data set #11" class="WP_Test_REST_Schema_Validation" classname="WP_Test_REST_Schema_Validation" file="/var/www/html/test/wordpress_test/inpsyde_test/test/wp-content/plugins/plugintestslughere/tests/unit/tests/rest-api/rest-schema-validation.php" line="1010" assertions="1" time="0.024370"/>
          <testcase name="test_unique_items with data set #12" class="WP_Test_REST_Schema_Validation" classname="WP_Test_REST_Schema_Validation" file="/var/www/html/test/wordpress_test/inpsyde_test/test/wp-content/plugins/plugintestslughere/tests/unit/tests/rest-api/rest-schema-validation.php" line="1010" assertions="1" time="0.024270"/>
          <testcase name="test_unique_items with data set #13" class="WP_Test_REST_Schema_Validation" classname="WP_Test_REST_Schema_Validation" file="/var/www/html/test/wordpress_test/inpsyde_test/test/wp-content/plugins/plugintestslughere/tests/unit/tests/rest-api/rest-schema-validation.php" line="1010" assertions="1" time="0.024173"/>
          <testcase name="test_unique_items with data set #14" class="WP_Test_REST_Schema_Validation" classname="WP_Test_REST_Schema_Validation" file="/var/www/html/test/wordpress_test/inpsyde_test/test/wp-content/plugins/plugintestslughere/tests/unit/tests/rest-api/rest-schema-validation.php" line="1010" assertions="1" time="0.024904"/>
          <testcase name="test_unique_items with data set #15" class="WP_Test_REST_Schema_Validation" classname="WP_Test_REST_Schema_Validation" file="/var/www/html/test/wordpress_test/inpsyde_test/test/wp-content/plugins/plugintestslughere/tests/unit/tests/rest-api/rest-schema-validation.php" line="1010" assertions="1" time="0.023866"/>
          <testcase name="test_unique_items with data set #16" class="WP_Test_REST_Schema_Validation" classname="WP_Test_REST_Schema_Validation" file="/var/www/html/test/wordpress_test/inpsyde_test/test/wp-content/plugins/plugintestslughere/tests/unit/tests/rest-api/rest-schema-validation.php" line="1010" assertions="1" time="0.024234"/>
          <testcase name="test_unique_items with data set #17" class="WP_Test_REST_Schema_Validation" classname="WP_Test_REST_Schema_Validation" file="/var/www/html/test/wordpress_test/inpsyde_test/test/wp-content/plugins/plugintestslughere/tests/unit/tests/rest-api/rest-schema-validation.php" line="1010" assertions="1" time="0.023783"/>
          <testcase name="test_unique_items with data set #18" class="WP_Test_REST_Schema_Validation" classname="WP_Test_REST_Schema_Validation" file="/var/www/html/test/wordpress_test/inpsyde_test/test/wp-content/plugins/plugintestslughere/tests/unit/tests/rest-api/rest-schema-validation.php" line="1010" assertions="1" time="0.025067"/>
          <testcase name="test_unique_items with data set #19" class="WP_Test_REST_Schema_Validation" classname="WP_Test_REST_Schema_Validation" file="/var/www/html/test/wordpress_test/inpsyde_test/test/wp-content/plugins/plugintestslughere/tests/unit/tests/rest-api/rest-schema-validation.php" line="1010" assertions="1" time="0.023689"/>
          <testcase name="test_unique_items with data set #20" class="WP_Test_REST_Schema_Validation" classname="WP_Test_REST_Schema_Validation" file="/var/www/html/test/wordpress_test/inpsyde_test/test/wp-content/plugins/plugintestslughere/tests/unit/tests/rest-api/rest-schema-validation.php" line="1010" assertions="1" time="0.028098"/>
          <testcase name="test_unique_items with data set #21" class="WP_Test_REST_Schema_Validation" classname="WP_Test_REST_Schema_Validation" file="/var/www/html/test/wordpress_test/inpsyde_test/test/wp-content/plugins/plugintestslughere/tests/unit/tests/rest-api/rest-schema-validation.php" line="1010" assertions="1" time="0.023263"/>
          <testcase name="test_unique_items with data set #22" class="WP_Test_REST_Schema_Validation" classname="WP_Test_REST_Schema_Validation" file="/var/www/html/test/wordpress_test/inpsyde_test/test/wp-content/plugins/plugintestslughere/tests/unit/tests/rest-api/rest-schema-validation.php" line="1010" assertions="1" time="0.024605"/>
          <testcase name="test_unique_items with data set #23" class="WP_Test_REST_Schema_Validation" classname="WP_Test_REST_Schema_Validation" file="/var/www/html/test/wordpress_test/inpsyde_test/test/wp-content/plugins/plugintestslughere/tests/unit/tests/rest-api/rest-schema-validation.php" line="1010" assertions="1" time="0.026601"/>
          <testcase name="test_unique_items with data set #24" class="WP_Test_REST_Schema_Validation" classname="WP_Test_REST_Schema_Validation" file="/var/www/html/test/wordpress_test/inpsyde_test/test/wp-content/plugins/plugintestslughere/tests/unit/tests/rest-api/rest-schema-validation.php" line="1010" assertions="1" time="0.024922"/>
          <testcase name="test_unique_items with data set #25" class="WP_Test_REST_Schema_Validation" classname="WP_Test_REST_Schema_Validation" file="/var/www/html/test/wordpress_test/inpsyde_test/test/wp-content/plugins/plugintestslughere/tests/unit/tests/rest-api/rest-schema-validation.php" line="1010" assertions="1" time="0.026095"/>
          <testcase name="test_unique_items with data set #26" class="WP_Test_REST_Schema_Validation" classname="WP_Test_REST_Schema_Validation" file="/var/www/html/test/wordpress_test/inpsyde_test/test/wp-content/plugins/plugintestslughere/tests/unit/tests/rest-api/rest-schema-validation.php" line="1010" assertions="1" time="0.023864"/>
          <testcase name="test_unique_items with data set #27" class="WP_Test_REST_Schema_Validation" classname="WP_Test_REST_Schema_Validation" file="/var/www/html/test/wordpress_test/inpsyde_test/test/wp-content/plugins/plugintestslughere/tests/unit/tests/rest-api/rest-schema-validation.php" line="1010" assertions="1" time="0.024327"/>
          <testcase name="test_unique_items with data set #28" class="WP_Test_REST_Schema_Validation" classname="WP_Test_REST_Schema_Validation" file="/var/www/html/test/wordpress_test/inpsyde_test/test/wp-content/plugins/plugintestslughere/tests/unit/tests/rest-api/rest-schema-validation.php" line="1010" assertions="1" time="0.024187"/>
          <testcase name="test_unique_items with data set #29" class="WP_Test_REST_Schema_Validation" classname="WP_Test_REST_Schema_Validation" file="/var/www/html/test/wordpress_test/inpsyde_test/test/wp-content/plugins/plugintestslughere/tests/unit/tests/rest-api/rest-schema-validation.php" line="1010" assertions="1" time="0.024688"/>
          <testcase name="test_unique_items with data set #30" class="WP_Test_REST_Schema_Validation" classname="WP_Test_REST_Schema_Validation" file="/var/www/html/test/wordpress_test/inpsyde_test/test/wp-content/plugins/plugintestslughere/tests/unit/tests/rest-api/rest-schema-validation.php" line="1010" assertions="1" time="0.028131"/>
          <testcase name="test_unique_items with data set #31" class="WP_Test_REST_Schema_Validation" classname="WP_Test_REST_Schema_Validation" file="/var/www/html/test/wordpress_test/inpsyde_test/test/wp-content/plugins/plugintestslughere/tests/unit/tests/rest-api/rest-schema-validation.php" line="1010" assertions="1" time="0.031518"/>
          <testcase name="test_unique_items with data set #32" class="WP_Test_REST_Schema_Validation" classname="WP_Test_REST_Schema_Validation" file="/var/www/html/test/wordpress_test/inpsyde_test/test/wp-content/plugins/plugintestslughere/tests/unit/tests/rest-api/rest-schema-validation.php" line="1010" assertions="1" time="0.024968"/>
          <testcase name="test_unique_items with data set #33" class="WP_Test_REST_Schema_Validation" classname="WP_Test_REST_Schema_Validation" file="/var/www/html/test/wordpress_test/inpsyde_test/test/wp-content/plugins/plugintestslughere/tests/unit/tests/rest-api/rest-schema-validation.php" line="1010" assertions="1" time="0.025022"/>
          <testcase name="test_unique_items with data set #34" class="WP_Test_REST_Schema_Validation" classname="WP_Test_REST_Schema_Validation" file="/var/www/html/test/wordpress_test/inpsyde_test/test/wp-content/plugins/plugintestslughere/tests/unit/tests/rest-api/rest-schema-validation.php" line="1010" assertions="1" time="0.027030"/>
          <testcase name="test_unique_items with data set #35" class="WP_Test_REST_Schema_Validation" classname="WP_Test_REST_Schema_Validation" file="/var/www/html/test/wordpress_test/inpsyde_test/test/wp-content/plugins/plugintestslughere/tests/unit/tests/rest-api/rest-schema-validation.php" line="1010" assertions="1" time="0.025252"/>
        </testsuite>
        <testcase name="test_unique_items_deep_objects" class="WP_Test_REST_Schema_Validation" classname="WP_Test_REST_Schema_Validation" file="/var/www/html/test/wordpress_test/inpsyde_test/test/wp-content/plugins/plugintestslughere/tests/unit/tests/rest-api/rest-schema-validation.php" line="1065" assertions="2" time="0.023970"/>
        <testcase name="test_unique_items_deep_arrays" class="WP_Test_REST_Schema_Validation" classname="WP_Test_REST_Schema_Validation" file="/var/www/html/test/wordpress_test/inpsyde_test/test/wp-content/plugins/plugintestslughere/tests/unit/tests/rest-api/rest-schema-validation.php" line="1111" assertions="2" time="0.022319"/>
        <testcase name="test_string_or_integer" class="WP_Test_REST_Schema_Validation" classname="WP_Test_REST_Schema_Validation" file="/var/www/html/test/wordpress_test/inpsyde_test/test/wp-content/plugins/plugintestslughere/tests/unit/tests/rest-api/rest-schema-validation.php" line="1143" assertions="5" time="0.021525"/>
      </testsuite>
      <testsuite name="WP_Test_REST_Search_Controller" file="/var/www/html/test/wordpress_test/inpsyde_test/test/wp-content/plugins/plugintestslughere/tests/unit/tests/rest-api/rest-search-controller.php" tests="25" assertions="480" errors="0" failures="0" skipped="0" time="1.935049">
        <testcase name="test_register_routes" class="WP_Test_REST_Search_Controller" classname="WP_Test_REST_Search_Controller" file="/var/www/html/test/wordpress_test/inpsyde_test/test/wp-content/plugins/plugintestslughere/tests/unit/tests/rest-api/rest-search-controller.php" line="85" assertions="6" time="0.063322"/>
        <testcase name="test_context_param" class="WP_Test_REST_Search_Controller" classname="WP_Test_REST_Search_Controller" file="/var/www/html/test/wordpress_test/inpsyde_test/test/wp-content/plugins/plugintestslughere/tests/unit/tests/rest-api/rest-search-controller.php" line="95" assertions="7" time="0.058754"/>
        <testcase name="test_get_items" class="WP_Test_REST_Search_Controller" classname="WP_Test_REST_Search_Controller" file="/var/www/html/test/wordpress_test/inpsyde_test/test/wp-content/plugins/plugintestslughere/tests/unit/tests/rest-api/rest-search-controller.php" line="106" assertions="49" time="0.094258"/>
        <testcase name="test_get_items_with_limit" class="WP_Test_REST_Search_Controller" classname="WP_Test_REST_Search_Controller" file="/var/www/html/test/wordpress_test/inpsyde_test/test/wp-content/plugins/plugintestslughere/tests/unit/tests/rest-api/rest-search-controller.php" line="127" assertions="16" time="0.065772"/>
        <testcase name="test_get_items_search_type_post" class="WP_Test_REST_Search_Controller" classname="WP_Test_REST_Search_Controller" file="/var/www/html/test/wordpress_test/inpsyde_test/test/wp-content/plugins/plugintestslughere/tests/unit/tests/rest-api/rest-search-controller.php" line="141" assertions="49" time="0.127202"/>
        <testcase name="test_get_items_search_type_post_subtype_post" class="WP_Test_REST_Search_Controller" classname="WP_Test_REST_Search_Controller" file="/var/www/html/test/wordpress_test/inpsyde_test/test/wp-content/plugins/plugintestslughere/tests/unit/tests/rest-api/rest-search-controller.php" line="163" assertions="37" time="0.084431"/>
        <testcase name="test_get_items_search_type_post_subtype_page" class="WP_Test_REST_Search_Controller" classname="WP_Test_REST_Search_Controller" file="/var/www/html/test/wordpress_test/inpsyde_test/test/wp-content/plugins/plugintestslughere/tests/unit/tests/rest-api/rest-search-controller.php" line="185" assertions="19" time="0.064771"/>
        <testcase name="test_get_items_search_type_invalid" class="WP_Test_REST_Search_Controller" classname="WP_Test_REST_Search_Controller" file="/var/www/html/test/wordpress_test/inpsyde_test/test/wp-content/plugins/plugintestslughere/tests/unit/tests/rest-api/rest-search-controller.php" line="204" assertions="8" time="0.056360"/>
        <testcase name="test_get_items_search_type_post_subtype_invalid" class="WP_Test_REST_Search_Controller" classname="WP_Test_REST_Search_Controller" file="/var/www/html/test/wordpress_test/inpsyde_test/test/wp-content/plugins/plugintestslughere/tests/unit/tests/rest-api/rest-search-controller.php" line="218" assertions="8" time="0.049929"/>
        <testcase name="test_get_items_search_posts_and_pages" class="WP_Test_REST_Search_Controller" classname="WP_Test_REST_Search_Controller" file="/var/www/html/test/wordpress_test/inpsyde_test/test/wp-content/plugins/plugintestslughere/tests/unit/tests/rest-api/rest-search-controller.php" line="233" assertions="49" time="0.113961"/>
        <testcase name="test_get_items_search_for_footitle" class="WP_Test_REST_Search_Controller" classname="WP_Test_REST_Search_Controller" file="/var/www/html/test/wordpress_test/inpsyde_test/test/wp-content/plugins/plugintestslughere/tests/unit/tests/rest-api/rest-search-controller.php" line="256" assertions="31" time="0.082458"/>
        <testcase name="test_get_items_search_for_foocontent" class="WP_Test_REST_Search_Controller" classname="WP_Test_REST_Search_Controller" file="/var/www/html/test/wordpress_test/inpsyde_test/test/wp-content/plugins/plugintestslughere/tests/unit/tests/rest-api/rest-search-controller.php" line="277" assertions="25" time="0.137599"/>
        <testcase name="test_get_item" class="WP_Test_REST_Search_Controller" classname="WP_Test_REST_Search_Controller" file="/var/www/html/test/wordpress_test/inpsyde_test/test/wp-content/plugins/plugintestslughere/tests/unit/tests/rest-api/rest-search-controller.php" line="295" assertions="5" time="0.056748"/>
        <testcase name="test_create_item" class="WP_Test_REST_Search_Controller" classname="WP_Test_REST_Search_Controller" file="/var/www/html/test/wordpress_test/inpsyde_test/test/wp-content/plugins/plugintestslughere/tests/unit/tests/rest-api/rest-search-controller.php" line="305" assertions="5" time="0.055798"/>
        <testcase name="test_update_item" class="WP_Test_REST_Search_Controller" classname="WP_Test_REST_Search_Controller" file="/var/www/html/test/wordpress_test/inpsyde_test/test/wp-content/plugins/plugintestslughere/tests/unit/tests/rest-api/rest-search-controller.php" line="315" assertions="5" time="0.050958"/>
        <testcase name="test_delete_item" class="WP_Test_REST_Search_Controller" classname="WP_Test_REST_Search_Controller" file="/var/www/html/test/wordpress_test/inpsyde_test/test/wp-content/plugins/plugintestslughere/tests/unit/tests/rest-api/rest-search-controller.php" line="325" assertions="5" time="0.056106"/>
        <testcase name="test_prepare_item" class="WP_Test_REST_Search_Controller" classname="WP_Test_REST_Search_Controller" file="/var/www/html/test/wordpress_test/inpsyde_test/test/wp-content/plugins/plugintestslughere/tests/unit/tests/rest-api/rest-search-controller.php" line="335" assertions="37" time="0.088983"/>
        <testcase name="test_prepare_item_limit_fields" class="WP_Test_REST_Search_Controller" classname="WP_Test_REST_Search_Controller" file="/var/www/html/test/wordpress_test/inpsyde_test/test/wp-content/plugins/plugintestslughere/tests/unit/tests/rest-api/rest-search-controller.php" line="356" assertions="37" time="0.105484"/>
        <testcase name="test_get_item_schema" class="WP_Test_REST_Search_Controller" classname="WP_Test_REST_Search_Controller" file="/var/www/html/test/wordpress_test/inpsyde_test/test/wp-content/plugins/plugintestslughere/tests/unit/tests/rest-api/rest-search-controller.php" line="382" assertions="10" time="0.058326"/>
        <testcase name="test_non_public_post_type" class="WP_Test_REST_Search_Controller" classname="WP_Test_REST_Search_Controller" file="/var/www/html/test/wordpress_test/inpsyde_test/test/wp-content/plugins/plugintestslughere/tests/unit/tests/rest-api/rest-search-controller.php" line="398" assertions="8" time="0.108214"/>
        <testcase name="test_custom_search_handler_get_items" class="WP_Test_REST_Search_Controller" classname="WP_Test_REST_Search_Controller" file="/var/www/html/test/wordpress_test/inpsyde_test/test/wp-content/plugins/plugintestslughere/tests/unit/tests/rest-api/rest-search-controller.php" line="411" assertions="23" time="0.076699"/>
        <testcase name="test_custom_search_handler_prepare_item" class="WP_Test_REST_Search_Controller" classname="WP_Test_REST_Search_Controller" file="/var/www/html/test/wordpress_test/inpsyde_test/test/wp-content/plugins/plugintestslughere/tests/unit/tests/rest-api/rest-search-controller.php" line="440" assertions="6" time="0.060884"/>
        <testcase name="test_custom_search_handler_prepare_item_limit_fields" class="WP_Test_REST_Search_Controller" classname="WP_Test_REST_Search_Controller" file="/var/www/html/test/wordpress_test/inpsyde_test/test/wp-content/plugins/plugintestslughere/tests/unit/tests/rest-api/rest-search-controller.php" line="466" assertions="6" time="0.078790"/>
        <testcase name="test_custom_search_handler_get_collection_params" class="WP_Test_REST_Search_Controller" classname="WP_Test_REST_Search_Controller" file="/var/www/html/test/wordpress_test/inpsyde_test/test/wp-content/plugins/plugintestslughere/tests/unit/tests/rest-api/rest-search-controller.php" line="494" assertions="7" time="0.061172"/>
        <testcase name="test_search_result_links_are_embedded" class="WP_Test_REST_Search_Controller" classname="WP_Test_REST_Search_Controller" file="/var/www/html/test/wordpress_test/inpsyde_test/test/wp-content/plugins/plugintestslughere/tests/unit/tests/rest-api/rest-search-controller.php" line="506" assertions="22" time="0.078070"/>
      </testsuite>
      <testsuite name="Tests_REST_Server" file="/var/www/html/test/wordpress_test/inpsyde_test/test/wp-content/plugins/plugintestslughere/tests/unit/tests/rest-api/rest-server.php" tests="75" assertions="183" errors="0" failures="0" skipped="0" time="5.252448">
        <testcase name="test_envelope" class="Tests_REST_Server" classname="Tests_REST_Server" file="/var/www/html/test/wordpress_test/inpsyde_test/test/wp-content/plugins/plugintestslughere/tests/unit/tests/rest-api/rest-server.php" line="31" assertions="7" time="0.065340"/>
        <testcase name="test_default_param" class="Tests_REST_Server" classname="Tests_REST_Server" file="/var/www/html/test/wordpress_test/inpsyde_test/test/wp-content/plugins/plugintestslughere/tests/unit/tests/rest-api/rest-server.php" line="63" assertions="1" time="0.083004"/>
        <testcase name="test_default_param_is_overridden" class="Tests_REST_Server" classname="Tests_REST_Server" file="/var/www/html/test/wordpress_test/inpsyde_test/test/wp-content/plugins/plugintestslughere/tests/unit/tests/rest-api/rest-server.php" line="86" assertions="1" time="0.050033"/>
        <testcase name="test_optional_param" class="Tests_REST_Server" classname="Tests_REST_Server" file="/var/www/html/test/wordpress_test/inpsyde_test/test/wp-content/plugins/plugintestslughere/tests/unit/tests/rest-api/rest-server.php" line="110" assertions="3" time="0.054285"/>
        <testcase name="test_no_zero_param" class="Tests_REST_Server" classname="Tests_REST_Server" file="/var/www/html/test/wordpress_test/inpsyde_test/test/wp-content/plugins/plugintestslughere/tests/unit/tests/rest-api/rest-server.php" line="132" assertions="1" time="0.055038"/>
        <testcase name="test_head_request_handled_by_get" class="Tests_REST_Server" classname="Tests_REST_Server" file="/var/www/html/test/wordpress_test/inpsyde_test/test/wp-content/plugins/plugintestslughere/tests/unit/tests/rest-api/rest-server.php" line="152" assertions="1" time="0.058850"/>
        <testcase name="test_explicit_head_callback" class="Tests_REST_Server" classname="Tests_REST_Server" file="/var/www/html/test/wordpress_test/inpsyde_test/test/wp-content/plugins/plugintestslughere/tests/unit/tests/rest-api/rest-server.php" line="173" assertions="1" time="0.059207"/>
        <testcase name="test_url_params_no_numeric_keys" class="Tests_REST_Server" classname="Tests_REST_Server" file="/var/www/html/test/wordpress_test/inpsyde_test/test/wp-content/plugins/plugintestslughere/tests/unit/tests/rest-api/rest-server.php" line="195" assertions="1" time="0.078271"/>
        <testcase name="test_rest_route_capability_authorization_fails" class="Tests_REST_Server" classname="Tests_REST_Server" file="/var/www/html/test/wordpress_test/inpsyde_test/test/wp-content/plugins/plugintestslughere/tests/unit/tests/rest-api/rest-server.php" line="221" assertions="1" time="0.065253"/>
        <testcase name="test_rest_route_capability_authorization" class="Tests_REST_Server" classname="Tests_REST_Server" file="/var/www/html/test/wordpress_test/inpsyde_test/test/wp-content/plugins/plugintestslughere/tests/unit/tests/rest-api/rest-server.php" line="243" assertions="1" time="0.196769"/>
        <testcase name="test_allow_header_sent" class="Tests_REST_Server" classname="Tests_REST_Server" file="/var/www/html/test/wordpress_test/inpsyde_test/test/wp-content/plugins/plugintestslughere/tests/unit/tests/rest-api/rest-server.php" line="270" assertions="2" time="0.072530"/>
        <testcase name="test_allow_header_sent_with_multiple_methods" class="Tests_REST_Server" classname="Tests_REST_Server" file="/var/www/html/test/wordpress_test/inpsyde_test/test/wp-content/plugins/plugintestslughere/tests/unit/tests/rest-api/rest-server.php" line="298" assertions="2" time="0.080637"/>
        <testcase name="test_allow_header_send_only_permitted_methods" class="Tests_REST_Server" classname="Tests_REST_Server" file="/var/www/html/test/wordpress_test/inpsyde_test/test/wp-content/plugins/plugintestslughere/tests/unit/tests/rest-api/rest-server.php" line="338" assertions="2" time="0.065226"/>
        <testcase name="test_allow_header_sent_on_options_request" class="Tests_REST_Server" classname="Tests_REST_Server" file="/var/www/html/test/wordpress_test/inpsyde_test/test/wp-content/plugins/plugintestslughere/tests/unit/tests/rest-api/rest-server.php" line="373" assertions="1" time="0.057528"/>
        <testcase name="test_error_to_response" class="Tests_REST_Server" classname="Tests_REST_Server" file="/var/www/html/test/wordpress_test/inpsyde_test/test/wp-content/plugins/plugintestslughere/tests/unit/tests/rest-api/rest-server.php" line="405" assertions="4" time="0.062139"/>
        <testcase name="test_error_to_response_with_status" class="Tests_REST_Server" classname="Tests_REST_Server" file="/var/www/html/test/wordpress_test/inpsyde_test/test/wp-content/plugins/plugintestslughere/tests/unit/tests/rest-api/rest-server.php" line="422" assertions="4" time="0.062803"/>
        <testcase name="test_error_to_response_to_error" class="Tests_REST_Server" classname="Tests_REST_Server" file="/var/www/html/test/wordpress_test/inpsyde_test/test/wp-content/plugins/plugintestslughere/tests/unit/tests/rest-api/rest-server.php" line="438" assertions="7" time="0.053370"/>
        <testcase name="test_rest_error" class="Tests_REST_Server" classname="Tests_REST_Server" file="/var/www/html/test/wordpress_test/inpsyde_test/test/wp-content/plugins/plugintestslughere/tests/unit/tests/rest-api/rest-server.php" line="459" assertions="1" time="0.079836"/>
        <testcase name="test_json_error_with_status" class="Tests_REST_Server" classname="Tests_REST_Server" file="/var/www/html/test/wordpress_test/inpsyde_test/test/wp-content/plugins/plugintestslughere/tests/unit/tests/rest-api/rest-server.php" line="470" assertions="2" time="0.056787"/>
        <testcase name="test_response_to_data_links" class="Tests_REST_Server" classname="Tests_REST_Server" file="/var/www/html/test/wordpress_test/inpsyde_test/test/wp-content/plugins/plugintestslughere/tests/unit/tests/rest-api/rest-server.php" line="490" assertions="3" time="0.049310"/>
        <testcase name="test_link_embedding" class="Tests_REST_Server" classname="Tests_REST_Server" file="/var/www/html/test/wordpress_test/inpsyde_test/test/wp-content/plugins/plugintestslughere/tests/unit/tests/rest-api/rest-server.php" line="510" assertions="7" time="0.058603"/>
        <testcase name="test_link_curies" class="Tests_REST_Server" classname="Tests_REST_Server" file="/var/www/html/test/wordpress_test/inpsyde_test/test/wp-content/plugins/plugintestslughere/tests/unit/tests/rest-api/rest-server.php" line="543" assertions="2" time="0.056487"/>
        <testcase name="test_custom_curie_link" class="Tests_REST_Server" classname="Tests_REST_Server" file="/var/www/html/test/wordpress_test/inpsyde_test/test/wp-content/plugins/plugintestslughere/tests/unit/tests/rest-api/rest-server.php" line="554" assertions="2" time="0.050686"/>
        <testcase name="test_link_embedding_self" class="Tests_REST_Server" classname="Tests_REST_Server" file="/var/www/html/test/wordpress_test/inpsyde_test/test/wp-content/plugins/plugintestslughere/tests/unit/tests/rest-api/rest-server.php" line="586" assertions="1" time="0.062311"/>
        <testcase name="test_link_embedding_self_non_embeddable" class="Tests_REST_Server" classname="Tests_REST_Server" file="/var/www/html/test/wordpress_test/inpsyde_test/test/wp-content/plugins/plugintestslughere/tests/unit/tests/rest-api/rest-server.php" line="610" assertions="1" time="0.092246"/>
        <testcase name="test_link_embedding_params" class="Tests_REST_Server" classname="Tests_REST_Server" file="/var/www/html/test/wordpress_test/inpsyde_test/test/wp-content/plugins/plugintestslughere/tests/unit/tests/rest-api/rest-server.php" line="633" assertions="3" time="0.049011"/>
        <testcase name="test_link_embedding_error" class="Tests_REST_Server" classname="Tests_REST_Server" file="/var/www/html/test/wordpress_test/inpsyde_test/test/wp-content/plugins/plugintestslughere/tests/unit/tests/rest-api/rest-server.php" line="661" assertions="6" time="0.049599"/>
        <testcase name="test_link_embedding_clears_cache" class="Tests_REST_Server" classname="Tests_REST_Server" file="/var/www/html/test/wordpress_test/inpsyde_test/test/wp-content/plugins/plugintestslughere/tests/unit/tests/rest-api/rest-server.php" line="695" assertions="5" time="0.182817"/>
        <testcase name="test_link_embedding_cache" class="Tests_REST_Server" classname="Tests_REST_Server" file="/var/www/html/test/wordpress_test/inpsyde_test/test/wp-content/plugins/plugintestslughere/tests/unit/tests/rest-api/rest-server.php" line="721" assertions="4" time="0.059967"/>
        <testcase name="test_link_embedding_cache_collection" class="Tests_REST_Server" classname="Tests_REST_Server" file="/var/www/html/test/wordpress_test/inpsyde_test/test/wp-content/plugins/plugintestslughere/tests/unit/tests/rest-api/rest-server.php" line="753" assertions="4" time="0.062484"/>
        <testcase name="test_link_embedding_without_links" class="Tests_REST_Server" classname="Tests_REST_Server" file="/var/www/html/test/wordpress_test/inpsyde_test/test/wp-content/plugins/plugintestslughere/tests/unit/tests/rest-api/rest-server.php" line="797" assertions="3" time="0.046859"/>
        <testcase name="test_removing_links" class="Tests_REST_Server" classname="Tests_REST_Server" file="/var/www/html/test/wordpress_test/inpsyde_test/test/wp-content/plugins/plugintestslughere/tests/unit/tests/rest-api/rest-server.php" line="823" assertions="3" time="0.051495"/>
        <testcase name="test_removing_links_for_href" class="Tests_REST_Server" classname="Tests_REST_Server" file="/var/www/html/test/wordpress_test/inpsyde_test/test/wp-content/plugins/plugintestslughere/tests/unit/tests/rest-api/rest-server.php" line="842" assertions="3" time="0.079204"/>
        <testsuite name="Tests_REST_Server::test_response_to_data_embedding" tests="9" assertions="9" errors="0" failures="0" skipped="0" time="0.488296">
          <testcase name="test_response_to_data_embedding with data set #0" class="Tests_REST_Server" classname="Tests_REST_Server" file="/var/www/html/test/wordpress_test/inpsyde_test/test/wp-content/plugins/plugintestslughere/tests/unit/tests/rest-api/rest-server.php" line="863" assertions="1" time="0.058490"/>
          <testcase name="test_response_to_data_embedding with data set #1" class="Tests_REST_Server" classname="Tests_REST_Server" file="/var/www/html/test/wordpress_test/inpsyde_test/test/wp-content/plugins/plugintestslughere/tests/unit/tests/rest-api/rest-server.php" line="863" assertions="1" time="0.050062"/>
          <testcase name="test_response_to_data_embedding with data set #2" class="Tests_REST_Server" classname="Tests_REST_Server" file="/var/www/html/test/wordpress_test/inpsyde_test/test/wp-content/plugins/plugintestslughere/tests/unit/tests/rest-api/rest-server.php" line="863" assertions="1" time="0.047982"/>
          <testcase name="test_response_to_data_embedding with data set #3" class="Tests_REST_Server" classname="Tests_REST_Server" file="/var/www/html/test/wordpress_test/inpsyde_test/test/wp-content/plugins/plugintestslughere/tests/unit/tests/rest-api/rest-server.php" line="863" assertions="1" time="0.052834"/>
          <testcase name="test_response_to_data_embedding with data set #4" class="Tests_REST_Server" classname="Tests_REST_Server" file="/var/www/html/test/wordpress_test/inpsyde_test/test/wp-content/plugins/plugintestslughere/tests/unit/tests/rest-api/rest-server.php" line="863" assertions="1" time="0.049830"/>
          <testcase name="test_response_to_data_embedding with data set #5" class="Tests_REST_Server" classname="Tests_REST_Server" file="/var/www/html/test/wordpress_test/inpsyde_test/test/wp-content/plugins/plugintestslughere/tests/unit/tests/rest-api/rest-server.php" line="863" assertions="1" time="0.054770"/>
          <testcase name="test_response_to_data_embedding with data set #6" class="Tests_REST_Server" classname="Tests_REST_Server" file="/var/www/html/test/wordpress_test/inpsyde_test/test/wp-content/plugins/plugintestslughere/tests/unit/tests/rest-api/rest-server.php" line="863" assertions="1" time="0.046949"/>
          <testcase name="test_response_to_data_embedding with data set #7" class="Tests_REST_Server" classname="Tests_REST_Server" file="/var/www/html/test/wordpress_test/inpsyde_test/test/wp-content/plugins/plugintestslughere/tests/unit/tests/rest-api/rest-server.php" line="863" assertions="1" time="0.077850"/>
          <testcase name="test_response_to_data_embedding with data set #8" class="Tests_REST_Server" classname="Tests_REST_Server" file="/var/www/html/test/wordpress_test/inpsyde_test/test/wp-content/plugins/plugintestslughere/tests/unit/tests/rest-api/rest-server.php" line="863" assertions="1" time="0.049529"/>
        </testsuite>
        <testcase name="test_get_index" class="Tests_REST_Server" classname="Tests_REST_Server" file="/var/www/html/test/wordpress_test/inpsyde_test/test/wp-content/plugins/plugintestslughere/tests/unit/tests/rest-api/rest-server.php" line="920" assertions="16" time="0.051044"/>
        <testcase name="test_get_namespace_index" class="Tests_REST_Server" classname="Tests_REST_Server" file="/var/www/html/test/wordpress_test/inpsyde_test/test/wp-content/plugins/plugintestslughere/tests/unit/tests/rest-api/rest-server.php" line="964" assertions="4" time="0.047462"/>
        <testcase name="test_get_namespaces" class="Tests_REST_Server" classname="Tests_REST_Server" file="/var/www/html/test/wordpress_test/inpsyde_test/test/wp-content/plugins/plugintestslughere/tests/unit/tests/rest-api/rest-server.php" line="1007" assertions="2" time="0.045473"/>
        <testcase name="test_get_data_for_non_variable_route_includes_links" class="Tests_REST_Server" classname="Tests_REST_Server" file="/var/www/html/test/wordpress_test/inpsyde_test/test/wp-content/plugins/plugintestslughere/tests/unit/tests/rest-api/rest-server.php" line="1038" assertions="1" time="0.045765"/>
        <testcase name="test_x_robot_tag_header_on_requests" class="Tests_REST_Server" classname="Tests_REST_Server" file="/var/www/html/test/wordpress_test/inpsyde_test/test/wp-content/plugins/plugintestslughere/tests/unit/tests/rest-api/rest-server.php" line="1058" assertions="1" time="0.093184"/>
        <testcase name="test_rest_enable_filter_is_deprecated" class="Tests_REST_Server" classname="Tests_REST_Server" file="/var/www/html/test/wordpress_test/inpsyde_test/test/wp-content/plugins/plugintestslughere/tests/unit/tests/rest-api/rest-server.php" line="1071" assertions="2" time="0.068088"/>
        <testcase name="test_link_header_on_requests" class="Tests_REST_Server" classname="Tests_REST_Server" file="/var/www/html/test/wordpress_test/inpsyde_test/test/wp-content/plugins/plugintestslughere/tests/unit/tests/rest-api/rest-server.php" line="1081" assertions="1" time="0.064880"/>
        <testcase name="test_nocache_headers_on_authenticated_requests" class="Tests_REST_Server" classname="Tests_REST_Server" file="/var/www/html/test/wordpress_test/inpsyde_test/test/wp-content/plugins/plugintestslughere/tests/unit/tests/rest-api/rest-server.php" line="1092" assertions="5" time="0.151987"/>
        <testcase name="test_no_nocache_headers_on_unauthenticated_requests" class="Tests_REST_Server" classname="Tests_REST_Server" file="/var/www/html/test/wordpress_test/inpsyde_test/test/wp-content/plugins/plugintestslughere/tests/unit/tests/rest-api/rest-server.php" line="1113" assertions="3" time="0.153614"/>
        <testcase name="test_serve_request_url_params_are_unslashed" class="Tests_REST_Server" classname="Tests_REST_Server" file="/var/www/html/test/wordpress_test/inpsyde_test/test/wp-content/plugins/plugintestslughere/tests/unit/tests/rest-api/rest-server.php" line="1125" assertions="1" time="0.051149"/>
        <testcase name="test_serve_request_query_params_are_unslashed" class="Tests_REST_Server" classname="Tests_REST_Server" file="/var/www/html/test/wordpress_test/inpsyde_test/test/wp-content/plugins/plugintestslughere/tests/unit/tests/rest-api/rest-server.php" line="1146" assertions="1" time="0.088527"/>
        <testcase name="test_serve_request_body_params_are_unslashed" class="Tests_REST_Server" classname="Tests_REST_Server" file="/var/www/html/test/wordpress_test/inpsyde_test/test/wp-content/plugins/plugintestslughere/tests/unit/tests/rest-api/rest-server.php" line="1174" assertions="1" time="0.051147"/>
        <testcase name="test_serve_request_json_params_are_unslashed" class="Tests_REST_Server" classname="Tests_REST_Server" file="/var/www/html/test/wordpress_test/inpsyde_test/test/wp-content/plugins/plugintestslughere/tests/unit/tests/rest-api/rest-server.php" line="1203" assertions="1" time="0.052498"/>
        <testcase name="test_serve_request_file_params_are_unslashed" class="Tests_REST_Server" classname="Tests_REST_Server" file="/var/www/html/test/wordpress_test/inpsyde_test/test/wp-content/plugins/plugintestslughere/tests/unit/tests/rest-api/rest-server.php" line="1231" assertions="1" time="0.047867"/>
        <testcase name="test_serve_request_headers_are_unslashed" class="Tests_REST_Server" classname="Tests_REST_Server" file="/var/www/html/test/wordpress_test/inpsyde_test/test/wp-content/plugins/plugintestslughere/tests/unit/tests/rest-api/rest-server.php" line="1259" assertions="1" time="0.056684"/>
        <testcase name="test_rest_send_refreshed_nonce_invalid_nonce" class="Tests_REST_Server" classname="Tests_REST_Server" file="/var/www/html/test/wordpress_test/inpsyde_test/test/wp-content/plugins/plugintestslughere/tests/unit/tests/rest-api/rest-server.php" line="1291" assertions="1" time="0.178223"/>
        <testsuite name="Tests_REST_Server::test_rest_send_refreshed_nonce" tests="4" assertions="4" errors="0" failures="0" skipped="0" time="0.502736">
          <testcase name="test_rest_send_refreshed_nonce with data set #0" class="Tests_REST_Server" classname="Tests_REST_Server" file="/var/www/html/test/wordpress_test/inpsyde_test/test/wp-content/plugins/plugintestslughere/tests/unit/tests/rest-api/rest-server.php" line="1313" assertions="1" time="0.187011"/>
          <testcase name="test_rest_send_refreshed_nonce with data set #1" class="Tests_REST_Server" classname="Tests_REST_Server" file="/var/www/html/test/wordpress_test/inpsyde_test/test/wp-content/plugins/plugintestslughere/tests/unit/tests/rest-api/rest-server.php" line="1313" assertions="1" time="0.164037"/>
          <testcase name="test_rest_send_refreshed_nonce with data set #2" class="Tests_REST_Server" classname="Tests_REST_Server" file="/var/www/html/test/wordpress_test/inpsyde_test/test/wp-content/plugins/plugintestslughere/tests/unit/tests/rest-api/rest-server.php" line="1313" assertions="1" time="0.085928"/>
          <testcase name="test_rest_send_refreshed_nonce with data set #3" class="Tests_REST_Server" classname="Tests_REST_Server" file="/var/www/html/test/wordpress_test/inpsyde_test/test/wp-content/plugins/plugintestslughere/tests/unit/tests/rest-api/rest-server.php" line="1313" assertions="1" time="0.065760"/>
        </testsuite>
        <testcase name="test_rest_validate_before_sanitization" class="Tests_REST_Server" classname="Tests_REST_Server" file="/var/www/html/test/wordpress_test/inpsyde_test/test/wp-content/plugins/plugintestslughere/tests/unit/tests/rest-api/rest-server.php" line="1337" assertions="1" time="0.051110"/>
        <testcase name="test_does_not_echo_body_for_null_responses" class="Tests_REST_Server" classname="Tests_REST_Server" file="/var/www/html/test/wordpress_test/inpsyde_test/test/wp-content/plugins/plugintestslughere/tests/unit/tests/rest-api/rest-server.php" line="1373" assertions="2" time="0.052771"/>
        <testcase name="test_does_not_echo_body_for_responses_with_204_status" class="Tests_REST_Server" classname="Tests_REST_Server" file="/var/www/html/test/wordpress_test/inpsyde_test/test/wp-content/plugins/plugintestslughere/tests/unit/tests/rest-api/rest-server.php" line="1395" assertions="2" time="0.050882"/>
        <testcase name="test_http_authorization_header_substitution" class="Tests_REST_Server" classname="Tests_REST_Server" file="/var/www/html/test/wordpress_test/inpsyde_test/test/wp-content/plugins/plugintestslughere/tests/unit/tests/rest-api/rest-server.php" line="1417" assertions="1" time="0.079755"/>
        <testcase name="test_redirect_http_authorization_header_substitution" class="Tests_REST_Server" classname="Tests_REST_Server" file="/var/www/html/test/wordpress_test/inpsyde_test/test/wp-content/plugins/plugintestslughere/tests/unit/tests/rest-api/rest-server.php" line="1430" assertions="1" time="0.047372"/>
        <testcase name="test_redirect_http_authorization_with_http_authorization_header_substitution" class="Tests_REST_Server" classname="Tests_REST_Server" file="/var/www/html/test/wordpress_test/inpsyde_test/test/wp-content/plugins/plugintestslughere/tests/unit/tests/rest-api/rest-server.php" line="1443" assertions="1" time="0.050389"/>
        <testcase name="test_redirect_http_authorization_with_empty_http_authorization_header_substitution" class="Tests_REST_Server" classname="Tests_REST_Server" file="/var/www/html/test/wordpress_test/inpsyde_test/test/wp-content/plugins/plugintestslughere/tests/unit/tests/rest-api/rest-server.php" line="1459" assertions="1" time="0.046926"/>
        <testcase name="test_get_routes_respects_namespace_parameter" class="Tests_REST_Server" classname="Tests_REST_Server" file="/var/www/html/test/wordpress_test/inpsyde_test/test/wp-content/plugins/plugintestslughere/tests/unit/tests/rest-api/rest-server.php" line="1475" assertions="3" time="0.048468"/>
        <testcase name="test_get_routes_no_namespace_overriding" class="Tests_REST_Server" classname="Tests_REST_Server" file="/var/www/html/test/wordpress_test/inpsyde_test/test/wp-content/plugins/plugintestslughere/tests/unit/tests/rest-api/rest-server.php" line="1486" assertions="1" time="0.046725"/>
        <testcase name="test_no_route" class="Tests_REST_Server" classname="Tests_REST_Server" file="/var/www/html/test/wordpress_test/inpsyde_test/test/wp-content/plugins/plugintestslughere/tests/unit/tests/rest-api/rest-server.php" line="1519" assertions="5" time="0.048533"/>
        <testcase name="test_invalid_handler" class="Tests_REST_Server" classname="Tests_REST_Server" file="/var/www/html/test/wordpress_test/inpsyde_test/test/wp-content/plugins/plugintestslughere/tests/unit/tests/rest-api/rest-server.php" line="1533" assertions="7" time="0.087786"/>
        <testcase name="test_callbacks_are_not_executed_if_request_validation_fails" class="Tests_REST_Server" classname="Tests_REST_Server" file="/var/www/html/test/wordpress_test/inpsyde_test/test/wp-content/plugins/plugintestslughere/tests/unit/tests/rest-api/rest-server.php" line="1559" assertions="6" time="0.046934"/>
        <testcase name="test_filters_are_executed_if_request_validation_fails" class="Tests_REST_Server" classname="Tests_REST_Server" file="/var/www/html/test/wordpress_test/inpsyde_test/test/wp-content/plugins/plugintestslughere/tests/unit/tests/rest-api/rest-server.php" line="1589" assertions="7" time="0.048187"/>
      </testsuite>
      <testsuite name="WP_Test_REST_Settings_Controller" file="/var/www/html/test/wordpress_test/inpsyde_test/test/wp-content/plugins/plugintestslughere/tests/unit/tests/rest-api/rest-settings-controller.php" tests="31" assertions="210" errors="0" failures="0" skipped="0" time="2.900386">
        <testcase name="test_register_routes" class="WP_Test_REST_Settings_Controller" classname="WP_Test_REST_Settings_Controller" file="/var/www/html/test/wordpress_test/inpsyde_test/test/wp-content/plugins/plugintestslughere/tests/unit/tests/rest-api/rest-settings-controller.php" line="60" assertions="5" time="0.051771"/>
        <testcase name="test_get_item" class="WP_Test_REST_Settings_Controller" classname="WP_Test_REST_Settings_Controller" file="/var/www/html/test/wordpress_test/inpsyde_test/test/wp-content/plugins/plugintestslughere/tests/unit/tests/rest-api/rest-settings-controller.php" line="65" assertions="5" time="0.057010"/>
        <testcase name="test_context_param" class="WP_Test_REST_Settings_Controller" classname="WP_Test_REST_Settings_Controller" file="/var/www/html/test/wordpress_test/inpsyde_test/test/wp-content/plugins/plugintestslughere/tests/unit/tests/rest-api/rest-settings-controller.php" line="73" assertions="4" time="0.047569"/>
        <testcase name="test_get_item_is_not_public_not_authenticated" class="WP_Test_REST_Settings_Controller" classname="WP_Test_REST_Settings_Controller" file="/var/www/html/test/wordpress_test/inpsyde_test/test/wp-content/plugins/plugintestslughere/tests/unit/tests/rest-api/rest-settings-controller.php" line="76" assertions="5" time="0.049427"/>
        <testcase name="test_get_item_is_not_public_no_permission" class="WP_Test_REST_Settings_Controller" classname="WP_Test_REST_Settings_Controller" file="/var/www/html/test/wordpress_test/inpsyde_test/test/wp-content/plugins/plugintestslughere/tests/unit/tests/rest-api/rest-settings-controller.php" line="82" assertions="5" time="0.051403"/>
        <testcase name="test_get_items" class="WP_Test_REST_Settings_Controller" classname="WP_Test_REST_Settings_Controller" file="/var/www/html/test/wordpress_test/inpsyde_test/test/wp-content/plugins/plugintestslughere/tests/unit/tests/rest-api/rest-settings-controller.php" line="89" assertions="6" time="0.092735"/>
        <testcase name="test_get_item_value_is_cast_to_type" class="WP_Test_REST_Settings_Controller" classname="WP_Test_REST_Settings_Controller" file="/var/www/html/test/wordpress_test/inpsyde_test/test/wp-content/plugins/plugintestslughere/tests/unit/tests/rest-api/rest-settings-controller.php" line="124" assertions="6" time="0.099683"/>
        <testcase name="test_get_item_with_custom_setting" class="WP_Test_REST_Settings_Controller" classname="WP_Test_REST_Settings_Controller" file="/var/www/html/test/wordpress_test/inpsyde_test/test/wp-content/plugins/plugintestslughere/tests/unit/tests/rest-api/rest-settings-controller.php" line="135" assertions="8" time="0.109786"/>
        <testcase name="test_get_item_with_custom_array_setting" class="WP_Test_REST_Settings_Controller" classname="WP_Test_REST_Settings_Controller" file="/var/www/html/test/wordpress_test/inpsyde_test/test/wp-content/plugins/plugintestslughere/tests/unit/tests/rest-api/rest-settings-controller.php" line="169" assertions="8" time="0.109892"/>
        <testcase name="test_get_item_with_custom_object_setting" class="WP_Test_REST_Settings_Controller" classname="WP_Test_REST_Settings_Controller" file="/var/www/html/test/wordpress_test/inpsyde_test/test/wp-content/plugins/plugintestslughere/tests/unit/tests/rest-api/rest-settings-controller.php" line="217" assertions="7" time="0.110153"/>
        <testcase name="test_get_item_with_filter" class="WP_Test_REST_Settings_Controller" classname="WP_Test_REST_Settings_Controller" file="/var/www/html/test/wordpress_test/inpsyde_test/test/wp-content/plugins/plugintestslughere/tests/unit/tests/rest-api/rest-settings-controller.php" line="278" assertions="9" time="0.109411"/>
        <testcase name="test_get_item_with_invalid_value_array_in_options" class="WP_Test_REST_Settings_Controller" classname="WP_Test_REST_Settings_Controller" file="/var/www/html/test/wordpress_test/inpsyde_test/test/wp-content/plugins/plugintestslughere/tests/unit/tests/rest-api/rest-settings-controller.php" line="323" assertions="5" time="0.098459"/>
        <testcase name="test_get_item_with_invalid_object_array_in_options" class="WP_Test_REST_Settings_Controller" classname="WP_Test_REST_Settings_Controller" file="/var/www/html/test/wordpress_test/inpsyde_test/test/wp-content/plugins/plugintestslughere/tests/unit/tests/rest-api/rest-settings-controller.php" line="349" assertions="5" time="0.132403"/>
        <testcase name="test_create_item" class="WP_Test_REST_Settings_Controller" classname="WP_Test_REST_Settings_Controller" file="/var/www/html/test/wordpress_test/inpsyde_test/test/wp-content/plugins/plugintestslughere/tests/unit/tests/rest-api/rest-settings-controller.php" line="376" assertions="4" time="0.063481"/>
        <testcase name="test_update_item" class="WP_Test_REST_Settings_Controller" classname="WP_Test_REST_Settings_Controller" file="/var/www/html/test/wordpress_test/inpsyde_test/test/wp-content/plugins/plugintestslughere/tests/unit/tests/rest-api/rest-settings-controller.php" line="379" assertions="7" time="0.178350"/>
        <testcase name="test_update_item_with_array" class="WP_Test_REST_Settings_Controller" classname="WP_Test_REST_Settings_Controller" file="/var/www/html/test/wordpress_test/inpsyde_test/test/wp-content/plugins/plugintestslughere/tests/unit/tests/rest-api/rest-settings-controller.php" line="400" assertions="12" time="0.141477"/>
        <testcase name="test_update_item_with_nested_object" class="WP_Test_REST_Settings_Controller" classname="WP_Test_REST_Settings_Controller" file="/var/www/html/test/wordpress_test/inpsyde_test/test/wp-content/plugins/plugintestslughere/tests/unit/tests/rest-api/rest-settings-controller.php" line="445" assertions="8" time="0.054815"/>
        <testcase name="test_update_item_with_object" class="WP_Test_REST_Settings_Controller" classname="WP_Test_REST_Settings_Controller" file="/var/www/html/test/wordpress_test/inpsyde_test/test/wp-content/plugins/plugintestslughere/tests/unit/tests/rest-api/rest-settings-controller.php" line="488" assertions="16" time="0.110080"/>
        <testcase name="test_update_item_with_filter" class="WP_Test_REST_Settings_Controller" classname="WP_Test_REST_Settings_Controller" file="/var/www/html/test/wordpress_test/inpsyde_test/test/wp-content/plugins/plugintestslughere/tests/unit/tests/rest-api/rest-settings-controller.php" line="547" assertions="14" time="0.109506"/>
        <testcase name="test_update_item_with_invalid_type" class="WP_Test_REST_Settings_Controller" classname="WP_Test_REST_Settings_Controller" file="/var/www/html/test/wordpress_test/inpsyde_test/test/wp-content/plugins/plugintestslughere/tests/unit/tests/rest-api/rest-settings-controller.php" line="578" assertions="8" time="0.098802"/>
        <testcase name="test_update_item_with_integer" class="WP_Test_REST_Settings_Controller" classname="WP_Test_REST_Settings_Controller" file="/var/www/html/test/wordpress_test/inpsyde_test/test/wp-content/plugins/plugintestslughere/tests/unit/tests/rest-api/rest-settings-controller.php" line="586" assertions="5" time="0.098101"/>
        <testcase name="test_update_item_with_invalid_float_for_integer" class="WP_Test_REST_Settings_Controller" classname="WP_Test_REST_Settings_Controller" file="/var/www/html/test/wordpress_test/inpsyde_test/test/wp-content/plugins/plugintestslughere/tests/unit/tests/rest-api/rest-settings-controller.php" line="594" assertions="8" time="0.053769"/>
        <testcase name="test_update_item_with_null" class="WP_Test_REST_Settings_Controller" classname="WP_Test_REST_Settings_Controller" file="/var/www/html/test/wordpress_test/inpsyde_test/test/wp-content/plugins/plugintestslughere/tests/unit/tests/rest-api/rest-settings-controller.php" line="605" assertions="6" time="0.110674"/>
        <testcase name="test_update_item_with_invalid_enum" class="WP_Test_REST_Settings_Controller" classname="WP_Test_REST_Settings_Controller" file="/var/www/html/test/wordpress_test/inpsyde_test/test/wp-content/plugins/plugintestslughere/tests/unit/tests/rest-api/rest-settings-controller.php" line="618" assertions="8" time="0.153544"/>
        <testcase name="test_update_item_with_invalid_stored_value_in_options" class="WP_Test_REST_Settings_Controller" classname="WP_Test_REST_Settings_Controller" file="/var/www/html/test/wordpress_test/inpsyde_test/test/wp-content/plugins/plugintestslughere/tests/unit/tests/rest-api/rest-settings-controller.php" line="628" assertions="8" time="0.188197"/>
        <testcase name="test_delete_item" class="WP_Test_REST_Settings_Controller" classname="WP_Test_REST_Settings_Controller" file="/var/www/html/test/wordpress_test/inpsyde_test/test/wp-content/plugins/plugintestslughere/tests/unit/tests/rest-api/rest-settings-controller.php" line="649" assertions="5" time="0.094004"/>
        <testcase name="test_prepare_item" class="WP_Test_REST_Settings_Controller" classname="WP_Test_REST_Settings_Controller" file="/var/www/html/test/wordpress_test/inpsyde_test/test/wp-content/plugins/plugintestslughere/tests/unit/tests/rest-api/rest-settings-controller.php" line="656" assertions="4" time="0.066138"/>
        <testcase name="test_get_item_schema" class="WP_Test_REST_Settings_Controller" classname="WP_Test_REST_Settings_Controller" file="/var/www/html/test/wordpress_test/inpsyde_test/test/wp-content/plugins/plugintestslughere/tests/unit/tests/rest-api/rest-settings-controller.php" line="659" assertions="4" time="0.095728"/>
        <testcase name="test_register_setting_issues_doing_it_wrong_when_show_in_rest_is_true" class="WP_Test_REST_Settings_Controller" classname="WP_Test_REST_Settings_Controller" file="/var/www/html/test/wordpress_test/inpsyde_test/test/wp-content/plugins/plugintestslughere/tests/unit/tests/rest-api/rest-settings-controller.php" line="665" assertions="5" time="0.053949"/>
        <testcase name="test_register_setting_issues_doing_it_wrong_when_show_in_rest_omits_schema" class="WP_Test_REST_Settings_Controller" classname="WP_Test_REST_Settings_Controller" file="/var/www/html/test/wordpress_test/inpsyde_test/test/wp-content/plugins/plugintestslughere/tests/unit/tests/rest-api/rest-settings-controller.php" line="681" assertions="5" time="0.059678"/>
        <testcase name="test_register_setting_issues_doing_it_wrong_when_show_in_rest_omits_schema_items" class="WP_Test_REST_Settings_Controller" classname="WP_Test_REST_Settings_Controller" file="/var/www/html/test/wordpress_test/inpsyde_test/test/wp-content/plugins/plugintestslughere/tests/unit/tests/rest-api/rest-settings-controller.php" line="699" assertions="5" time="0.050391"/>
      </testsuite>
      <testsuite name="WP_Test_REST_Tags_Controller" file="/var/www/html/test/wordpress_test/inpsyde_test/test/wp-content/plugins/plugintestslughere/tests/unit/tests/rest-api/rest-tags-controller.php" tests="62" assertions="1557" errors="0" failures="0" skipped="0" time="8.839355">
        <testcase name="test_register_routes" class="WP_Test_REST_Tags_Controller" classname="WP_Test_REST_Tags_Controller" file="/var/www/html/test/wordpress_test/inpsyde_test/test/wp-content/plugins/plugintestslughere/tests/unit/tests/rest-api/rest-tags-controller.php" line="127" assertions="6" time="0.063726"/>
        <testcase name="test_context_param" class="WP_Test_REST_Tags_Controller" classname="WP_Test_REST_Tags_Controller" file="/var/www/html/test/wordpress_test/inpsyde_test/test/wp-content/plugins/plugintestslughere/tests/unit/tests/rest-api/rest-tags-controller.php" line="133" assertions="10" time="0.098442"/>
        <testcase name="test_registered_query_params" class="WP_Test_REST_Tags_Controller" classname="WP_Test_REST_Tags_Controller" file="/var/www/html/test/wordpress_test/inpsyde_test/test/wp-content/plugins/plugintestslughere/tests/unit/tests/rest-api/rest-tags-controller.php" line="149" assertions="7" time="0.067984"/>
        <testcase name="test_get_items" class="WP_Test_REST_Tags_Controller" classname="WP_Test_REST_Tags_Controller" file="/var/www/html/test/wordpress_test/inpsyde_test/test/wp-content/plugins/plugintestslughere/tests/unit/tests/rest-api/rest-tags-controller.php" line="174" assertions="137" time="0.239908"/>
        <testcase name="test_get_items_invalid_permission_for_context" class="WP_Test_REST_Tags_Controller" classname="WP_Test_REST_Tags_Controller" file="/var/www/html/test/wordpress_test/inpsyde_test/test/wp-content/plugins/plugintestslughere/tests/unit/tests/rest-api/rest-tags-controller.php" line="183" assertions="8" time="0.068535"/>
        <testcase name="test_get_items_hide_empty_arg" class="WP_Test_REST_Tags_Controller" classname="WP_Test_REST_Tags_Controller" file="/var/www/html/test/wordpress_test/inpsyde_test/test/wp-content/plugins/plugintestslughere/tests/unit/tests/rest-api/rest-tags-controller.php" line="192" assertions="20" time="0.283583"/>
        <testcase name="test_get_items_include_query" class="WP_Test_REST_Tags_Controller" classname="WP_Test_REST_Tags_Controller" file="/var/www/html/test/wordpress_test/inpsyde_test/test/wp-content/plugins/plugintestslughere/tests/unit/tests/rest-api/rest-tags-controller.php" line="213" assertions="30" time="0.186429"/>
        <testcase name="test_get_items_exclude_query" class="WP_Test_REST_Tags_Controller" classname="WP_Test_REST_Tags_Controller" file="/var/www/html/test/wordpress_test/inpsyde_test/test/wp-content/plugins/plugintestslughere/tests/unit/tests/rest-api/rest-tags-controller.php" line="239" assertions="266" time="0.396051"/>
        <testcase name="test_get_items_offset_query" class="WP_Test_REST_Tags_Controller" classname="WP_Test_REST_Tags_Controller" file="/var/www/html/test/wordpress_test/inpsyde_test/test/wp-content/plugins/plugintestslughere/tests/unit/tests/rest-api/rest-tags-controller.php" line="264" assertions="146" time="0.174984"/>
        <testcase name="test_get_items_orderby_args" class="WP_Test_REST_Tags_Controller" classname="WP_Test_REST_Tags_Controller" file="/var/www/html/test/wordpress_test/inpsyde_test/test/wp-content/plugins/plugintestslughere/tests/unit/tests/rest-api/rest-tags-controller.php" line="288" assertions="28" time="0.211066"/>
        <testcase name="test_get_items_orderby_id" class="WP_Test_REST_Tags_Controller" classname="WP_Test_REST_Tags_Controller" file="/var/www/html/test/wordpress_test/inpsyde_test/test/wp-content/plugins/plugintestslughere/tests/unit/tests/rest-api/rest-tags-controller.php" line="324" assertions="139" time="0.262955"/>
        <testcase name="test_get_items_orderby_slugs" class="WP_Test_REST_Tags_Controller" classname="WP_Test_REST_Tags_Controller" file="/var/www/html/test/wordpress_test/inpsyde_test/test/wp-content/plugins/plugintestslughere/tests/unit/tests/rest-api/rest-tags-controller.php" line="360" assertions="21" time="0.122186"/>
        <testcase name="test_get_items_post_args" class="WP_Test_REST_Tags_Controller" classname="WP_Test_REST_Tags_Controller" file="/var/www/html/test/wordpress_test/inpsyde_test/test/wp-content/plugins/plugintestslughere/tests/unit/tests/rest-api/rest-tags-controller.php" line="376" assertions="20" time="0.194099"/>
        <testcase name="test_get_terms_post_args_paging" class="WP_Test_REST_Tags_Controller" classname="WP_Test_REST_Tags_Controller" file="/var/www/html/test/wordpress_test/inpsyde_test/test/wp-content/plugins/plugintestslughere/tests/unit/tests/rest-api/rest-tags-controller.php" line="400" assertions="6" time="0.325729"/>
        <testcase name="test_get_items_post_empty" class="WP_Test_REST_Tags_Controller" classname="WP_Test_REST_Tags_Controller" file="/var/www/html/test/wordpress_test/inpsyde_test/test/wp-content/plugins/plugintestslughere/tests/unit/tests/rest-api/rest-tags-controller.php" line="433" assertions="7" time="0.140677"/>
        <testcase name="test_get_items_custom_tax_post_args" class="WP_Test_REST_Tags_Controller" classname="WP_Test_REST_Tags_Controller" file="/var/www/html/test/wordpress_test/inpsyde_test/test/wp-content/plugins/plugintestslughere/tests/unit/tests/rest-api/rest-tags-controller.php" line="445" assertions="16" time="0.186229"/>
        <testcase name="test_get_items_search_args" class="WP_Test_REST_Tags_Controller" classname="WP_Test_REST_Tags_Controller" file="/var/www/html/test/wordpress_test/inpsyde_test/test/wp-content/plugins/plugintestslughere/tests/unit/tests/rest-api/rest-tags-controller.php" line="481" assertions="15" time="0.131165"/>
        <testcase name="test_get_items_slug_arg" class="WP_Test_REST_Tags_Controller" classname="WP_Test_REST_Tags_Controller" file="/var/www/html/test/wordpress_test/inpsyde_test/test/wp-content/plugins/plugintestslughere/tests/unit/tests/rest-api/rest-tags-controller.php" line="505" assertions="12" time="0.143055"/>
        <testcase name="test_get_items_slug_array_arg" class="WP_Test_REST_Tags_Controller" classname="WP_Test_REST_Tags_Controller" file="/var/www/html/test/wordpress_test/inpsyde_test/test/wp-content/plugins/plugintestslughere/tests/unit/tests/rest-api/rest-tags-controller.php" line="518" assertions="19" time="0.142501"/>
        <testcase name="test_get_items_slug_csv_arg" class="WP_Test_REST_Tags_Controller" classname="WP_Test_REST_Tags_Controller" file="/var/www/html/test/wordpress_test/inpsyde_test/test/wp-content/plugins/plugintestslughere/tests/unit/tests/rest-api/rest-tags-controller.php" line="541" assertions="19" time="0.121147"/>
        <testcase name="test_get_terms_private_taxonomy" class="WP_Test_REST_Tags_Controller" classname="WP_Test_REST_Tags_Controller" file="/var/www/html/test/wordpress_test/inpsyde_test/test/wp-content/plugins/plugintestslughere/tests/unit/tests/rest-api/rest-tags-controller.php" line="557" assertions="8" time="0.098469"/>
        <testcase name="test_get_terms_pagination_headers" class="WP_Test_REST_Tags_Controller" classname="WP_Test_REST_Tags_Controller" file="/var/www/html/test/wordpress_test/inpsyde_test/test/wp-content/plugins/plugintestslughere/tests/unit/tests/rest-api/rest-tags-controller.php" line="577" assertions="113" time="0.198323"/>
        <testcase name="test_get_items_invalid_context" class="WP_Test_REST_Tags_Controller" classname="WP_Test_REST_Tags_Controller" file="/var/www/html/test/wordpress_test/inpsyde_test/test/wp-content/plugins/plugintestslughere/tests/unit/tests/rest-api/rest-tags-controller.php" line="654" assertions="8" time="0.061512"/>
        <testcase name="test_get_item" class="WP_Test_REST_Tags_Controller" classname="WP_Test_REST_Tags_Controller" file="/var/www/html/test/wordpress_test/inpsyde_test/test/wp-content/plugins/plugintestslughere/tests/unit/tests/rest-api/rest-tags-controller.php" line="661" assertions="20" time="0.091358"/>
        <testcase name="test_get_item_meta" class="WP_Test_REST_Tags_Controller" classname="WP_Test_REST_Tags_Controller" file="/var/www/html/test/wordpress_test/inpsyde_test/test/wp-content/plugins/plugintestslughere/tests/unit/tests/rest-api/rest-tags-controller.php" line="672" assertions="17" time="0.132085"/>
        <testcase name="test_get_item_meta_registered_for_different_taxonomy" class="WP_Test_REST_Tags_Controller" classname="WP_Test_REST_Tags_Controller" file="/var/www/html/test/wordpress_test/inpsyde_test/test/wp-content/plugins/plugintestslughere/tests/unit/tests/rest-api/rest-tags-controller.php" line="694" assertions="10" time="0.109311"/>
        <testcase name="test_get_term_invalid_term" class="WP_Test_REST_Tags_Controller" classname="WP_Test_REST_Tags_Controller" file="/var/www/html/test/wordpress_test/inpsyde_test/test/wp-content/plugins/plugintestslughere/tests/unit/tests/rest-api/rest-tags-controller.php" line="706" assertions="8" time="0.051006"/>
        <testcase name="test_get_item_invalid_permission_for_context" class="WP_Test_REST_Tags_Controller" classname="WP_Test_REST_Tags_Controller" file="/var/www/html/test/wordpress_test/inpsyde_test/test/wp-content/plugins/plugintestslughere/tests/unit/tests/rest-api/rest-tags-controller.php" line="712" assertions="8" time="0.092088"/>
        <testcase name="test_get_term_private_taxonomy" class="WP_Test_REST_Tags_Controller" classname="WP_Test_REST_Tags_Controller" file="/var/www/html/test/wordpress_test/inpsyde_test/test/wp-content/plugins/plugintestslughere/tests/unit/tests/rest-api/rest-tags-controller.php" line="723" assertions="8" time="0.098967"/>
        <testcase name="test_get_item_incorrect_taxonomy" class="WP_Test_REST_Tags_Controller" classname="WP_Test_REST_Tags_Controller" file="/var/www/html/test/wordpress_test/inpsyde_test/test/wp-content/plugins/plugintestslughere/tests/unit/tests/rest-api/rest-tags-controller.php" line="737" assertions="8" time="0.098135"/>
        <testcase name="test_create_item" class="WP_Test_REST_Tags_Controller" classname="WP_Test_REST_Tags_Controller" file="/var/www/html/test/wordpress_test/inpsyde_test/test/wp-content/plugins/plugintestslughere/tests/unit/tests/rest-api/rest-tags-controller.php" line="751" assertions="14" time="0.099548"/>
        <testcase name="test_create_item_contributor" class="WP_Test_REST_Tags_Controller" classname="WP_Test_REST_Tags_Controller" file="/var/www/html/test/wordpress_test/inpsyde_test/test/wp-content/plugins/plugintestslughere/tests/unit/tests/rest-api/rest-tags-controller.php" line="768" assertions="14" time="0.109810"/>
        <testcase name="test_create_item_incorrect_permissions" class="WP_Test_REST_Tags_Controller" classname="WP_Test_REST_Tags_Controller" file="/var/www/html/test/wordpress_test/inpsyde_test/test/wp-content/plugins/plugintestslughere/tests/unit/tests/rest-api/rest-tags-controller.php" line="785" assertions="8" time="0.111509"/>
        <testcase name="test_create_item_missing_arguments" class="WP_Test_REST_Tags_Controller" classname="WP_Test_REST_Tags_Controller" file="/var/www/html/test/wordpress_test/inpsyde_test/test/wp-content/plugins/plugintestslughere/tests/unit/tests/rest-api/rest-tags-controller.php" line="794" assertions="8" time="0.057378"/>
        <testcase name="test_create_item_parent_non_hierarchical_taxonomy" class="WP_Test_REST_Tags_Controller" classname="WP_Test_REST_Tags_Controller" file="/var/www/html/test/wordpress_test/inpsyde_test/test/wp-content/plugins/plugintestslughere/tests/unit/tests/rest-api/rest-tags-controller.php" line="802" assertions="8" time="0.049206"/>
        <testcase name="test_create_item_with_meta" class="WP_Test_REST_Tags_Controller" classname="WP_Test_REST_Tags_Controller" file="/var/www/html/test/wordpress_test/inpsyde_test/test/wp-content/plugins/plugintestslughere/tests/unit/tests/rest-api/rest-tags-controller.php" line="812" assertions="13" time="0.188557"/>
        <testcase name="test_create_item_with_meta_wrong_id" class="WP_Test_REST_Tags_Controller" classname="WP_Test_REST_Tags_Controller" file="/var/www/html/test/wordpress_test/inpsyde_test/test/wp-content/plugins/plugintestslughere/tests/unit/tests/rest-api/rest-tags-controller.php" line="827" assertions="14" time="0.220014"/>
        <testcase name="test_update_item" class="WP_Test_REST_Tags_Controller" classname="WP_Test_REST_Tags_Controller" file="/var/www/html/test/wordpress_test/inpsyde_test/test/wp-content/plugins/plugintestslughere/tests/unit/tests/rest-api/rest-tags-controller.php" line="846" assertions="15" time="0.130900"/>
        <testcase name="test_update_item_no_change" class="WP_Test_REST_Tags_Controller" classname="WP_Test_REST_Tags_Controller" file="/var/www/html/test/wordpress_test/inpsyde_test/test/wp-content/plugins/plugintestslughere/tests/unit/tests/rest-api/rest-tags-controller.php" line="880" assertions="19" time="0.208909"/>
        <testcase name="test_update_item_invalid_term" class="WP_Test_REST_Tags_Controller" classname="WP_Test_REST_Tags_Controller" file="/var/www/html/test/wordpress_test/inpsyde_test/test/wp-content/plugins/plugintestslughere/tests/unit/tests/rest-api/rest-tags-controller.php" line="899" assertions="8" time="0.100709"/>
        <testcase name="test_update_item_incorrect_permissions" class="WP_Test_REST_Tags_Controller" classname="WP_Test_REST_Tags_Controller" file="/var/www/html/test/wordpress_test/inpsyde_test/test/wp-content/plugins/plugintestslughere/tests/unit/tests/rest-api/rest-tags-controller.php" line="908" assertions="8" time="0.095754"/>
        <testcase name="test_update_item_with_edit_term_cap_granted" class="WP_Test_REST_Tags_Controller" classname="WP_Test_REST_Tags_Controller" file="/var/www/html/test/wordpress_test/inpsyde_test/test/wp-content/plugins/plugintestslughere/tests/unit/tests/rest-api/rest-tags-controller.php" line="922" assertions="10" time="0.109354"/>
        <testcase name="test_update_item_with_edit_term_cap_revoked" class="WP_Test_REST_Tags_Controller" classname="WP_Test_REST_Tags_Controller" file="/var/www/html/test/wordpress_test/inpsyde_test/test/wp-content/plugins/plugintestslughere/tests/unit/tests/rest-api/rest-tags-controller.php" line="949" assertions="8" time="0.121853"/>
        <testcase name="test_update_item_parent_non_hierarchical_taxonomy" class="WP_Test_REST_Tags_Controller" classname="WP_Test_REST_Tags_Controller" file="/var/www/html/test/wordpress_test/inpsyde_test/test/wp-content/plugins/plugintestslughere/tests/unit/tests/rest-api/rest-tags-controller.php" line="971" assertions="8" time="0.341308"/>
        <testcase name="test_tag_roundtrip_as_editor" class="WP_Test_REST_Tags_Controller" classname="WP_Test_REST_Tags_Controller" file="/var/www/html/test/wordpress_test/inpsyde_test/test/wp-content/plugins/plugintestslughere/tests/unit/tests/rest-api/rest-tags-controller.php" line="1020" assertions="24" time="0.154015"/>
        <testcase name="test_tag_roundtrip_as_editor_html" class="WP_Test_REST_Tags_Controller" classname="WP_Test_REST_Tags_Controller" file="/var/www/html/test/wordpress_test/inpsyde_test/test/wp-content/plugins/plugintestslughere/tests/unit/tests/rest-api/rest-tags-controller.php" line="1036" assertions="24" time="0.131079"/>
        <testcase name="test_tag_roundtrip_as_superadmin" class="WP_Test_REST_Tags_Controller" classname="WP_Test_REST_Tags_Controller" file="/var/www/html/test/wordpress_test/inpsyde_test/test/wp-content/plugins/plugintestslughere/tests/unit/tests/rest-api/rest-tags-controller.php" line="1066" assertions="24" time="0.164188"/>
        <testcase name="test_tag_roundtrip_as_superadmin_html" class="WP_Test_REST_Tags_Controller" classname="WP_Test_REST_Tags_Controller" file="/var/www/html/test/wordpress_test/inpsyde_test/test/wp-content/plugins/plugintestslughere/tests/unit/tests/rest-api/rest-tags-controller.php" line="1082" assertions="24" time="0.132131"/>
        <testcase name="test_delete_item" class="WP_Test_REST_Tags_Controller" classname="WP_Test_REST_Tags_Controller" file="/var/www/html/test/wordpress_test/inpsyde_test/test/wp-content/plugins/plugintestslughere/tests/unit/tests/rest-api/rest-tags-controller.php" line="1098" assertions="11" time="0.131597"/>
        <testcase name="test_delete_item_no_trash" class="WP_Test_REST_Tags_Controller" classname="WP_Test_REST_Tags_Controller" file="/var/www/html/test/wordpress_test/inpsyde_test/test/wp-content/plugins/plugintestslughere/tests/unit/tests/rest-api/rest-tags-controller.php" line="1112" assertions="12" time="0.141139"/>
        <testcase name="test_delete_item_invalid_term" class="WP_Test_REST_Tags_Controller" classname="WP_Test_REST_Tags_Controller" file="/var/www/html/test/wordpress_test/inpsyde_test/test/wp-content/plugins/plugintestslughere/tests/unit/tests/rest-api/rest-tags-controller.php" line="1126" assertions="8" time="0.057929"/>
        <testcase name="test_delete_item_incorrect_permissions" class="WP_Test_REST_Tags_Controller" classname="WP_Test_REST_Tags_Controller" file="/var/www/html/test/wordpress_test/inpsyde_test/test/wp-content/plugins/plugintestslughere/tests/unit/tests/rest-api/rest-tags-controller.php" line="1134" assertions="8" time="0.106836"/>
        <testcase name="test_delete_item_with_delete_term_cap_granted" class="WP_Test_REST_Tags_Controller" classname="WP_Test_REST_Tags_Controller" file="/var/www/html/test/wordpress_test/inpsyde_test/test/wp-content/plugins/plugintestslughere/tests/unit/tests/rest-api/rest-tags-controller.php" line="1147" assertions="11" time="0.132555"/>
        <testcase name="test_delete_item_with_delete_term_cap_revoked" class="WP_Test_REST_Tags_Controller" classname="WP_Test_REST_Tags_Controller" file="/var/www/html/test/wordpress_test/inpsyde_test/test/wp-content/plugins/plugintestslughere/tests/unit/tests/rest-api/rest-tags-controller.php" line="1175" assertions="8" time="0.118699"/>
        <testcase name="test_prepare_item" class="WP_Test_REST_Tags_Controller" classname="WP_Test_REST_Tags_Controller" file="/var/www/html/test/wordpress_test/inpsyde_test/test/wp-content/plugins/plugintestslughere/tests/unit/tests/rest-api/rest-tags-controller.php" line="1197" assertions="19" time="0.164532"/>
        <testcase name="test_prepare_item_limit_fields" class="WP_Test_REST_Tags_Controller" classname="WP_Test_REST_Tags_Controller" file="/var/www/html/test/wordpress_test/inpsyde_test/test/wp-content/plugins/plugintestslughere/tests/unit/tests/rest-api/rest-tags-controller.php" line="1207" assertions="9" time="0.098759"/>
        <testcase name="test_get_item_schema" class="WP_Test_REST_Tags_Controller" classname="WP_Test_REST_Tags_Controller" file="/var/www/html/test/wordpress_test/inpsyde_test/test/wp-content/plugins/plugintestslughere/tests/unit/tests/rest-api/rest-tags-controller.php" line="1222" assertions="16" time="0.051196"/>
        <testcase name="test_get_item_schema_non_hierarchical" class="WP_Test_REST_Tags_Controller" classname="WP_Test_REST_Tags_Controller" file="/var/www/html/test/wordpress_test/inpsyde_test/test/wp-content/plugins/plugintestslughere/tests/unit/tests/rest-api/rest-tags-controller.php" line="1239" assertions="8" time="0.049469"/>
        <testcase name="test_get_additional_field_registration" class="WP_Test_REST_Tags_Controller" classname="WP_Test_REST_Tags_Controller" file="/var/www/html/test/wordpress_test/inpsyde_test/test/wp-content/plugins/plugintestslughere/tests/unit/tests/rest-api/rest-tags-controller.php" line="1248" assertions="13" time="0.107383"/>
        <testcase name="test_additional_field_update_errors" class="WP_Test_REST_Tags_Controller" classname="WP_Test_REST_Tags_Controller" file="/var/www/html/test/wordpress_test/inpsyde_test/test/wp-content/plugins/plugintestslughere/tests/unit/tests/rest-api/rest-tags-controller.php" line="1283" assertions="8" time="0.220891"/>
        <testcase name="test_object_term_queries_are_cached" class="WP_Test_REST_Tags_Controller" classname="WP_Test_REST_Tags_Controller" file="/var/www/html/test/wordpress_test/inpsyde_test/test/wp-content/plugins/plugintestslughere/tests/unit/tests/rest-api/rest-tags-controller.php" line="1324" assertions="16" time="0.163978"/>
        <testcase name="test_editable_response_uses_edit_context" class="WP_Test_REST_Tags_Controller" classname="WP_Test_REST_Tags_Controller" file="/var/www/html/test/wordpress_test/inpsyde_test/test/wp-content/plugins/plugintestslughere/tests/unit/tests/rest-api/rest-tags-controller.php" line="1352" assertions="19" time="0.176464"/>
      </testsuite>
      <testsuite name="WP_Test_REST_Taxonomies_Controller" file="/var/www/html/test/wordpress_test/inpsyde_test/test/wp-content/plugins/plugintestslughere/tests/unit/tests/rest-api/rest-taxonomies-controller.php" tests="22" assertions="228" errors="0" failures="0" skipped="0" time="1.386744">
        <testcase name="test_register_routes" class="WP_Test_REST_Taxonomies_Controller" classname="WP_Test_REST_Taxonomies_Controller" file="/var/www/html/test/wordpress_test/inpsyde_test/test/wp-content/plugins/plugintestslughere/tests/unit/tests/rest-api/rest-taxonomies-controller.php" line="28" assertions="6" time="0.052253"/>
        <testcase name="test_context_param" class="WP_Test_REST_Taxonomies_Controller" classname="WP_Test_REST_Taxonomies_Controller" file="/var/www/html/test/wordpress_test/inpsyde_test/test/wp-content/plugins/plugintestslughere/tests/unit/tests/rest-api/rest-taxonomies-controller.php" line="35" assertions="9" time="0.048600"/>
        <testcase name="test_get_items" class="WP_Test_REST_Taxonomies_Controller" classname="WP_Test_REST_Taxonomies_Controller" file="/var/www/html/test/wordpress_test/inpsyde_test/test/wp-content/plugins/plugintestslughere/tests/unit/tests/rest-api/rest-taxonomies-controller.php" line="50" assertions="16" time="0.050564"/>
        <testcase name="test_get_items_context_edit" class="WP_Test_REST_Taxonomies_Controller" classname="WP_Test_REST_Taxonomies_Controller" file="/var/www/html/test/wordpress_test/inpsyde_test/test/wp-content/plugins/plugintestslughere/tests/unit/tests/rest-api/rest-taxonomies-controller.php" line="65" assertions="16" time="0.052798"/>
        <testcase name="test_get_items_invalid_permission_for_context" class="WP_Test_REST_Taxonomies_Controller" classname="WP_Test_REST_Taxonomies_Controller" file="/var/www/html/test/wordpress_test/inpsyde_test/test/wp-content/plugins/plugintestslughere/tests/unit/tests/rest-api/rest-taxonomies-controller.php" line="82" assertions="8" time="0.051684"/>
        <testcase name="test_get_taxonomies_for_type" class="WP_Test_REST_Taxonomies_Controller" classname="WP_Test_REST_Taxonomies_Controller" file="/var/www/html/test/wordpress_test/inpsyde_test/test/wp-content/plugins/plugintestslughere/tests/unit/tests/rest-api/rest-taxonomies-controller.php" line="90" assertions="10" time="0.052464"/>
        <testcase name="test_get_taxonomies_for_invalid_type" class="WP_Test_REST_Taxonomies_Controller" classname="WP_Test_REST_Taxonomies_Controller" file="/var/www/html/test/wordpress_test/inpsyde_test/test/wp-content/plugins/plugintestslughere/tests/unit/tests/rest-api/rest-taxonomies-controller.php" line="97" assertions="6" time="0.081414"/>
        <testcase name="test_get_item" class="WP_Test_REST_Taxonomies_Controller" classname="WP_Test_REST_Taxonomies_Controller" file="/var/www/html/test/wordpress_test/inpsyde_test/test/wp-content/plugins/plugintestslughere/tests/unit/tests/rest-api/rest-taxonomies-controller.php" line="106" assertions="19" time="0.059440"/>
        <testcase name="test_get_item_edit_context" class="WP_Test_REST_Taxonomies_Controller" classname="WP_Test_REST_Taxonomies_Controller" file="/var/www/html/test/wordpress_test/inpsyde_test/test/wp-content/plugins/plugintestslughere/tests/unit/tests/rest-api/rest-taxonomies-controller.php" line="112" assertions="24" time="0.230452"/>
        <testcase name="test_get_item_invalid_permission_for_context" class="WP_Test_REST_Taxonomies_Controller" classname="WP_Test_REST_Taxonomies_Controller" file="/var/www/html/test/wordpress_test/inpsyde_test/test/wp-content/plugins/plugintestslughere/tests/unit/tests/rest-api/rest-taxonomies-controller.php" line="121" assertions="8" time="0.048300"/>
        <testcase name="test_get_invalid_taxonomy" class="WP_Test_REST_Taxonomies_Controller" classname="WP_Test_REST_Taxonomies_Controller" file="/var/www/html/test/wordpress_test/inpsyde_test/test/wp-content/plugins/plugintestslughere/tests/unit/tests/rest-api/rest-taxonomies-controller.php" line="129" assertions="8" time="0.051946"/>
        <testcase name="test_get_non_public_taxonomy_not_authenticated" class="WP_Test_REST_Taxonomies_Controller" classname="WP_Test_REST_Taxonomies_Controller" file="/var/www/html/test/wordpress_test/inpsyde_test/test/wp-content/plugins/plugintestslughere/tests/unit/tests/rest-api/rest-taxonomies-controller.php" line="135" assertions="8" time="0.049995"/>
        <testcase name="test_get_non_public_taxonomy_no_permission" class="WP_Test_REST_Taxonomies_Controller" classname="WP_Test_REST_Taxonomies_Controller" file="/var/www/html/test/wordpress_test/inpsyde_test/test/wp-content/plugins/plugintestslughere/tests/unit/tests/rest-api/rest-taxonomies-controller.php" line="143" assertions="8" time="0.054698"/>
        <testcase name="test_create_item" class="WP_Test_REST_Taxonomies_Controller" classname="WP_Test_REST_Taxonomies_Controller" file="/var/www/html/test/wordpress_test/inpsyde_test/test/wp-content/plugins/plugintestslughere/tests/unit/tests/rest-api/rest-taxonomies-controller.php" line="152" assertions="5" time="0.078625"/>
        <testcase name="test_update_item" class="WP_Test_REST_Taxonomies_Controller" classname="WP_Test_REST_Taxonomies_Controller" file="/var/www/html/test/wordpress_test/inpsyde_test/test/wp-content/plugins/plugintestslughere/tests/unit/tests/rest-api/rest-taxonomies-controller.php" line="159" assertions="5" time="0.052769"/>
        <testcase name="test_delete_item" class="WP_Test_REST_Taxonomies_Controller" classname="WP_Test_REST_Taxonomies_Controller" file="/var/www/html/test/wordpress_test/inpsyde_test/test/wp-content/plugins/plugintestslughere/tests/unit/tests/rest-api/rest-taxonomies-controller.php" line="166" assertions="5" time="0.048969"/>
        <testcase name="test_prepare_item" class="WP_Test_REST_Taxonomies_Controller" classname="WP_Test_REST_Taxonomies_Controller" file="/var/www/html/test/wordpress_test/inpsyde_test/test/wp-content/plugins/plugintestslughere/tests/unit/tests/rest-api/rest-taxonomies-controller.php" line="173" assertions="23" time="0.048151"/>
        <testcase name="test_prepare_item_limit_fields" class="WP_Test_REST_Taxonomies_Controller" classname="WP_Test_REST_Taxonomies_Controller" file="/var/www/html/test/wordpress_test/inpsyde_test/test/wp-content/plugins/plugintestslughere/tests/unit/tests/rest-api/rest-taxonomies-controller.php" line="182" assertions="7" time="0.048589"/>
        <testcase name="test_object_types_is_an_array_if_object_type_is_unregistered" class="WP_Test_REST_Taxonomies_Controller" classname="WP_Test_REST_Taxonomies_Controller" file="/var/www/html/test/wordpress_test/inpsyde_test/test/wp-content/plugins/plugintestslughere/tests/unit/tests/rest-api/rest-taxonomies-controller.php" line="201" assertions="11" time="0.050037"/>
        <testcase name="test_get_item_schema" class="WP_Test_REST_Taxonomies_Controller" classname="WP_Test_REST_Taxonomies_Controller" file="/var/www/html/test/wordpress_test/inpsyde_test/test/wp-content/plugins/plugintestslughere/tests/unit/tests/rest-api/rest-taxonomies-controller.php" line="217" assertions="16" time="0.052071"/>
        <testcase name="test_get_for_taxonomy_reuses_same_instance" class="WP_Test_REST_Taxonomies_Controller" classname="WP_Test_REST_Taxonomies_Controller" file="/var/www/html/test/wordpress_test/inpsyde_test/test/wp-content/plugins/plugintestslughere/tests/unit/tests/rest-api/rest-taxonomies-controller.php" line="297" assertions="5" time="0.046407"/>
        <testcase name="test_get_for_taxonomy_returns_terms_controller_if_custom_class_not_specified" class="WP_Test_REST_Taxonomies_Controller" classname="WP_Test_REST_Taxonomies_Controller" file="/var/www/html/test/wordpress_test/inpsyde_test/test/wp-content/plugins/plugintestslughere/tests/unit/tests/rest-api/rest-taxonomies-controller.php" line="307" assertions="5" time="0.076518"/>
      </testsuite>
      <testsuite name="WP_Test_REST_Term_Meta_Fields" file="/var/www/html/test/wordpress_test/inpsyde_test/test/wp-content/plugins/plugintestslughere/tests/unit/tests/rest-api/rest-term-meta-fields.php" tests="51" assertions="266" errors="0" failures="0" skipped="0" time="8.963492">
        <testcase name="test_get_value" class="WP_Test_REST_Term_Meta_Fields" classname="WP_Test_REST_Term_Meta_Fields" file="/var/www/html/test/wordpress_test/inpsyde_test/test/wp-content/plugins/plugintestslughere/tests/unit/tests/rest-api/rest-term-meta-fields.php" line="211" assertions="4" time="0.129611"/>
        <testcase name="test_get_multi_value" class="WP_Test_REST_Term_Meta_Fields" classname="WP_Test_REST_Term_Meta_Fields" file="/var/www/html/test/wordpress_test/inpsyde_test/test/wp-content/plugins/plugintestslughere/tests/unit/tests/rest-api/rest-term-meta-fields.php" line="230" assertions="7" time="0.104212"/>
        <testcase name="test_get_unregistered" class="WP_Test_REST_Term_Meta_Fields" classname="WP_Test_REST_Term_Meta_Fields" file="/var/www/html/test/wordpress_test/inpsyde_test/test/wp-content/plugins/plugintestslughere/tests/unit/tests/rest-api/rest-term-meta-fields.php" line="257" assertions="2" time="0.103388"/>
        <testcase name="test_get_registered_no_api_access" class="WP_Test_REST_Term_Meta_Fields" classname="WP_Test_REST_Term_Meta_Fields" file="/var/www/html/test/wordpress_test/inpsyde_test/test/wp-content/plugins/plugintestslughere/tests/unit/tests/rest-api/rest-term-meta-fields.php" line="272" assertions="2" time="0.104949"/>
        <testcase name="test_get_registered_api_disabled" class="WP_Test_REST_Term_Meta_Fields" classname="WP_Test_REST_Term_Meta_Fields" file="/var/www/html/test/wordpress_test/inpsyde_test/test/wp-content/plugins/plugintestslughere/tests/unit/tests/rest-api/rest-term-meta-fields.php" line="287" assertions="2" time="0.142507"/>
        <testcase name="test_get_value_types" class="WP_Test_REST_Term_Meta_Fields" classname="WP_Test_REST_Term_Meta_Fields" file="/var/www/html/test/wordpress_test/inpsyde_test/test/wp-content/plugins/plugintestslughere/tests/unit/tests/rest-api/rest-term-meta-fields.php" line="299" assertions="10" time="0.165235"/>
        <testcase name="test_get_value_custom_name" class="WP_Test_REST_Term_Meta_Fields" classname="WP_Test_REST_Term_Meta_Fields" file="/var/www/html/test/wordpress_test/inpsyde_test/test/wp-content/plugins/plugintestslughere/tests/unit/tests/rest-api/rest-term-meta-fields.php" line="357" assertions="4" time="0.109345"/>
        <testcase name="test_set_value" class="WP_Test_REST_Term_Meta_Fields" classname="WP_Test_REST_Term_Meta_Fields" file="/var/www/html/test/wordpress_test/inpsyde_test/test/wp-content/plugins/plugintestslughere/tests/unit/tests/rest-api/rest-term-meta-fields.php" line="376" assertions="7" time="0.162464"/>
        <testcase name="test_set_duplicate_single_value" class="WP_Test_REST_Term_Meta_Fields" classname="WP_Test_REST_Term_Meta_Fields" file="/var/www/html/test/wordpress_test/inpsyde_test/test/wp-content/plugins/plugintestslughere/tests/unit/tests/rest-api/rest-term-meta-fields.php" line="408" assertions="6" time="0.208051"/>
        <testcase name="test_set_value_unauthenticated" class="WP_Test_REST_Term_Meta_Fields" classname="WP_Test_REST_Term_Meta_Fields" file="/var/www/html/test/wordpress_test/inpsyde_test/test/wp-content/plugins/plugintestslughere/tests/unit/tests/rest-api/rest-term-meta-fields.php" line="439" assertions="5" time="0.078916"/>
        <testcase name="test_set_value_blocked" class="WP_Test_REST_Term_Meta_Fields" classname="WP_Test_REST_Term_Meta_Fields" file="/var/www/html/test/wordpress_test/inpsyde_test/test/wp-content/plugins/plugintestslughere/tests/unit/tests/rest-api/rest-term-meta-fields.php" line="461" assertions="5" time="0.192137"/>
        <testcase name="test_set_value_db_error" class="WP_Test_REST_Term_Meta_Fields" classname="WP_Test_REST_Term_Meta_Fields" file="/var/www/html/test/wordpress_test/inpsyde_test/test/wp-content/plugins/plugintestslughere/tests/unit/tests/rest-api/rest-term-meta-fields.php" line="481" assertions="4" time="0.162771"/>
        <testcase name="test_set_value_invalid_type" class="WP_Test_REST_Term_Meta_Fields" classname="WP_Test_REST_Term_Meta_Fields" file="/var/www/html/test/wordpress_test/inpsyde_test/test/wp-content/plugins/plugintestslughere/tests/unit/tests/rest-api/rest-term-meta-fields.php" line="508" assertions="2" time="0.208162"/>
        <testcase name="test_set_value_multiple" class="WP_Test_REST_Term_Meta_Fields" classname="WP_Test_REST_Term_Meta_Fields" file="/var/www/html/test/wordpress_test/inpsyde_test/test/wp-content/plugins/plugintestslughere/tests/unit/tests/rest-api/rest-term-meta-fields.php" line="526" assertions="10" time="0.187323"/>
        <testcase name="test_set_value_remove_one" class="WP_Test_REST_Term_Meta_Fields" classname="WP_Test_REST_Term_Meta_Fields" file="/var/www/html/test/wordpress_test/inpsyde_test/test/wp-content/plugins/plugintestslughere/tests/unit/tests/rest-api/rest-term-meta-fields.php" line="570" assertions="5" time="0.176943"/>
        <testcase name="test_set_value_multiple_unauthenticated" class="WP_Test_REST_Term_Meta_Fields" classname="WP_Test_REST_Term_Meta_Fields" file="/var/www/html/test/wordpress_test/inpsyde_test/test/wp-content/plugins/plugintestslughere/tests/unit/tests/rest-api/rest-term-meta-fields.php" line="598" assertions="6" time="0.058614"/>
        <testcase name="test_set_value_invalid_value" class="WP_Test_REST_Term_Meta_Fields" classname="WP_Test_REST_Term_Meta_Fields" file="/var/www/html/test/wordpress_test/inpsyde_test/test/wp-content/plugins/plugintestslughere/tests/unit/tests/rest-api/rest-term-meta-fields.php" line="620" assertions="4" time="0.220330"/>
        <testcase name="test_set_value_invalid_value_multiple" class="WP_Test_REST_Term_Meta_Fields" classname="WP_Test_REST_Term_Meta_Fields" file="/var/www/html/test/wordpress_test/inpsyde_test/test/wp-content/plugins/plugintestslughere/tests/unit/tests/rest-api/rest-term-meta-fields.php" line="645" assertions="4" time="0.165502"/>
        <testcase name="test_set_value_sanitized" class="WP_Test_REST_Term_Meta_Fields" classname="WP_Test_REST_Term_Meta_Fields" file="/var/www/html/test/wordpress_test/inpsyde_test/test/wp-content/plugins/plugintestslughere/tests/unit/tests/rest-api/rest-term-meta-fields.php" line="670" assertions="1" time="0.207650"/>
        <testcase name="test_set_value_csv" class="WP_Test_REST_Term_Meta_Fields" classname="WP_Test_REST_Term_Meta_Fields" file="/var/www/html/test/wordpress_test/inpsyde_test/test/wp-content/plugins/plugintestslughere/tests/unit/tests/rest-api/rest-term-meta-fields.php" line="696" assertions="1" time="0.165746"/>
        <testcase name="test_set_value_multiple_blocked" class="WP_Test_REST_Term_Meta_Fields" classname="WP_Test_REST_Term_Meta_Fields" file="/var/www/html/test/wordpress_test/inpsyde_test/test/wp-content/plugins/plugintestslughere/tests/unit/tests/rest-api/rest-term-meta-fields.php" line="725" assertions="5" time="0.170966"/>
        <testcase name="test_add_multi_value_db_error" class="WP_Test_REST_Term_Meta_Fields" classname="WP_Test_REST_Term_Meta_Fields" file="/var/www/html/test/wordpress_test/inpsyde_test/test/wp-content/plugins/plugintestslughere/tests/unit/tests/rest-api/rest-term-meta-fields.php" line="742" assertions="5" time="0.200162"/>
        <testcase name="test_set_value_single_custom_schema" class="WP_Test_REST_Term_Meta_Fields" classname="WP_Test_REST_Term_Meta_Fields" file="/var/www/html/test/wordpress_test/inpsyde_test/test/wp-content/plugins/plugintestslughere/tests/unit/tests/rest-api/rest-term-meta-fields.php" line="775" assertions="7" time="0.165455"/>
        <testcase name="test_set_value_multiple_custom_schema" class="WP_Test_REST_Term_Meta_Fields" classname="WP_Test_REST_Term_Meta_Fields" file="/var/www/html/test/wordpress_test/inpsyde_test/test/wp-content/plugins/plugintestslughere/tests/unit/tests/rest-api/rest-term-meta-fields.php" line="804" assertions="10" time="0.220702"/>
        <testcase name="test_set_value_custom_name" class="WP_Test_REST_Term_Meta_Fields" classname="WP_Test_REST_Term_Meta_Fields" file="/var/www/html/test/wordpress_test/inpsyde_test/test/wp-content/plugins/plugintestslughere/tests/unit/tests/rest-api/rest-term-meta-fields.php" line="848" assertions="7" time="0.191154"/>
        <testcase name="test_set_value_custom_name_multiple" class="WP_Test_REST_Term_Meta_Fields" classname="WP_Test_REST_Term_Meta_Fields" file="/var/www/html/test/wordpress_test/inpsyde_test/test/wp-content/plugins/plugintestslughere/tests/unit/tests/rest-api/rest-term-meta-fields.php" line="877" assertions="10" time="1.056806"/>
        <testcase name="test_set_value_invalid_meta_string_request_type" class="WP_Test_REST_Term_Meta_Fields" classname="WP_Test_REST_Term_Meta_Fields" file="/var/www/html/test/wordpress_test/inpsyde_test/test/wp-content/plugins/plugintestslughere/tests/unit/tests/rest-api/rest-term-meta-fields.php" line="921" assertions="6" time="0.206357"/>
        <testcase name="test_set_value_invalid_meta_float_request_type" class="WP_Test_REST_Term_Meta_Fields" classname="WP_Test_REST_Term_Meta_Fields" file="/var/www/html/test/wordpress_test/inpsyde_test/test/wp-content/plugins/plugintestslughere/tests/unit/tests/rest-api/rest-term-meta-fields.php" line="951" assertions="6" time="0.176795"/>
        <testcase name="test_remove_multi_value_db_error" class="WP_Test_REST_Term_Meta_Fields" classname="WP_Test_REST_Term_Meta_Fields" file="/var/www/html/test/wordpress_test/inpsyde_test/test/wp-content/plugins/plugintestslughere/tests/unit/tests/rest-api/rest-term-meta-fields.php" line="977" assertions="5" time="0.164398"/>
        <testcase name="test_delete_value" class="WP_Test_REST_Term_Meta_Fields" classname="WP_Test_REST_Term_Meta_Fields" file="/var/www/html/test/wordpress_test/inpsyde_test/test/wp-content/plugins/plugintestslughere/tests/unit/tests/rest-api/rest-term-meta-fields.php" line="1008" assertions="3" time="0.175121"/>
        <testcase name="test_delete_value_blocked" class="WP_Test_REST_Term_Meta_Fields" classname="WP_Test_REST_Term_Meta_Fields" file="/var/www/html/test/wordpress_test/inpsyde_test/test/wp-content/plugins/plugintestslughere/tests/unit/tests/rest-api/rest-term-meta-fields.php" line="1033" assertions="6" time="0.172884"/>
        <testcase name="test_delete_value_db_error" class="WP_Test_REST_Term_Meta_Fields" classname="WP_Test_REST_Term_Meta_Fields" file="/var/www/html/test/wordpress_test/inpsyde_test/test/wp-content/plugins/plugintestslughere/tests/unit/tests/rest-api/rest-term-meta-fields.php" line="1058" assertions="5" time="0.153059"/>
        <testcase name="test_delete_value_custom_name" class="WP_Test_REST_Term_Meta_Fields" classname="WP_Test_REST_Term_Meta_Fields" file="/var/www/html/test/wordpress_test/inpsyde_test/test/wp-content/plugins/plugintestslughere/tests/unit/tests/rest-api/rest-term-meta-fields.php" line="1087" assertions="3" time="0.187030"/>
        <testcase name="test_get_schema" class="WP_Test_REST_Term_Meta_Fields" classname="WP_Test_REST_Term_Meta_Fields" file="/var/www/html/test/wordpress_test/inpsyde_test/test/wp-content/plugins/plugintestslughere/tests/unit/tests/rest-api/rest-term-meta-fields.php" line="1109" assertions="13" time="0.055622"/>
        <testsuite name="WP_Test_REST_Term_Meta_Fields::test_get_subtype_meta_value" tests="8" assertions="38" errors="0" failures="0" skipped="0" time="0.942489">
          <testcase name="test_get_subtype_meta_value with data set #0" class="WP_Test_REST_Term_Meta_Fields" classname="WP_Test_REST_Term_Meta_Fields" file="/var/www/html/test/wordpress_test/inpsyde_test/test/wp-content/plugins/plugintestslughere/tests/unit/tests/rest-api/rest-term-meta-fields.php" line="1140" assertions="5" time="0.108485"/>
          <testcase name="test_get_subtype_meta_value with data set #1" class="WP_Test_REST_Term_Meta_Fields" classname="WP_Test_REST_Term_Meta_Fields" file="/var/www/html/test/wordpress_test/inpsyde_test/test/wp-content/plugins/plugintestslughere/tests/unit/tests/rest-api/rest-term-meta-fields.php" line="1140" assertions="5" time="0.109122"/>
          <testcase name="test_get_subtype_meta_value with data set #2" class="WP_Test_REST_Term_Meta_Fields" classname="WP_Test_REST_Term_Meta_Fields" file="/var/www/html/test/wordpress_test/inpsyde_test/test/wp-content/plugins/plugintestslughere/tests/unit/tests/rest-api/rest-term-meta-fields.php" line="1140" assertions="5" time="0.109974"/>
          <testcase name="test_get_subtype_meta_value with data set #3" class="WP_Test_REST_Term_Meta_Fields" classname="WP_Test_REST_Term_Meta_Fields" file="/var/www/html/test/wordpress_test/inpsyde_test/test/wp-content/plugins/plugintestslughere/tests/unit/tests/rest-api/rest-term-meta-fields.php" line="1140" assertions="5" time="0.098737"/>
          <testcase name="test_get_subtype_meta_value with data set #4" class="WP_Test_REST_Term_Meta_Fields" classname="WP_Test_REST_Term_Meta_Fields" file="/var/www/html/test/wordpress_test/inpsyde_test/test/wp-content/plugins/plugintestslughere/tests/unit/tests/rest-api/rest-term-meta-fields.php" line="1140" assertions="4" time="0.131891"/>
          <testcase name="test_get_subtype_meta_value with data set #5" class="WP_Test_REST_Term_Meta_Fields" classname="WP_Test_REST_Term_Meta_Fields" file="/var/www/html/test/wordpress_test/inpsyde_test/test/wp-content/plugins/plugintestslughere/tests/unit/tests/rest-api/rest-term-meta-fields.php" line="1140" assertions="4" time="0.109780"/>
          <testcase name="test_get_subtype_meta_value with data set #6" class="WP_Test_REST_Term_Meta_Fields" classname="WP_Test_REST_Term_Meta_Fields" file="/var/www/html/test/wordpress_test/inpsyde_test/test/wp-content/plugins/plugintestslughere/tests/unit/tests/rest-api/rest-term-meta-fields.php" line="1140" assertions="5" time="0.143524"/>
          <testcase name="test_get_subtype_meta_value with data set #7" class="WP_Test_REST_Term_Meta_Fields" classname="WP_Test_REST_Term_Meta_Fields" file="/var/www/html/test/wordpress_test/inpsyde_test/test/wp-content/plugins/plugintestslughere/tests/unit/tests/rest-api/rest-term-meta-fields.php" line="1140" assertions="5" time="0.130976"/>
        </testsuite>
        <testsuite name="WP_Test_REST_Term_Meta_Fields::test_set_subtype_meta_value" tests="8" assertions="42" errors="0" failures="0" skipped="0" time="1.593313">
          <testcase name="test_set_subtype_meta_value with data set #0" class="WP_Test_REST_Term_Meta_Fields" classname="WP_Test_REST_Term_Meta_Fields" file="/var/www/html/test/wordpress_test/inpsyde_test/test/wp-content/plugins/plugintestslughere/tests/unit/tests/rest-api/rest-term-meta-fields.php" line="1192" assertions="6" time="0.165678"/>
          <testcase name="test_set_subtype_meta_value with data set #1" class="WP_Test_REST_Term_Meta_Fields" classname="WP_Test_REST_Term_Meta_Fields" file="/var/www/html/test/wordpress_test/inpsyde_test/test/wp-content/plugins/plugintestslughere/tests/unit/tests/rest-api/rest-term-meta-fields.php" line="1192" assertions="6" time="0.186534"/>
          <testcase name="test_set_subtype_meta_value with data set #2" class="WP_Test_REST_Term_Meta_Fields" classname="WP_Test_REST_Term_Meta_Fields" file="/var/www/html/test/wordpress_test/inpsyde_test/test/wp-content/plugins/plugintestslughere/tests/unit/tests/rest-api/rest-term-meta-fields.php" line="1192" assertions="2" time="0.163715"/>
          <testcase name="test_set_subtype_meta_value with data set #3" class="WP_Test_REST_Term_Meta_Fields" classname="WP_Test_REST_Term_Meta_Fields" file="/var/www/html/test/wordpress_test/inpsyde_test/test/wp-content/plugins/plugintestslughere/tests/unit/tests/rest-api/rest-term-meta-fields.php" line="1192" assertions="6" time="0.199088"/>
          <testcase name="test_set_subtype_meta_value with data set #4" class="WP_Test_REST_Term_Meta_Fields" classname="WP_Test_REST_Term_Meta_Fields" file="/var/www/html/test/wordpress_test/inpsyde_test/test/wp-content/plugins/plugintestslughere/tests/unit/tests/rest-api/rest-term-meta-fields.php" line="1192" assertions="5" time="0.319089"/>
          <testcase name="test_set_subtype_meta_value with data set #5" class="WP_Test_REST_Term_Meta_Fields" classname="WP_Test_REST_Term_Meta_Fields" file="/var/www/html/test/wordpress_test/inpsyde_test/test/wp-content/plugins/plugintestslughere/tests/unit/tests/rest-api/rest-term-meta-fields.php" line="1192" assertions="5" time="0.184887"/>
          <testcase name="test_set_subtype_meta_value with data set #6" class="WP_Test_REST_Term_Meta_Fields" classname="WP_Test_REST_Term_Meta_Fields" file="/var/www/html/test/wordpress_test/inpsyde_test/test/wp-content/plugins/plugintestslughere/tests/unit/tests/rest-api/rest-term-meta-fields.php" line="1192" assertions="6" time="0.165747"/>
          <testcase name="test_set_subtype_meta_value with data set #7" class="WP_Test_REST_Term_Meta_Fields" classname="WP_Test_REST_Term_Meta_Fields" file="/var/www/html/test/wordpress_test/inpsyde_test/test/wp-content/plugins/plugintestslughere/tests/unit/tests/rest-api/rest-term-meta-fields.php" line="1192" assertions="6" time="0.208575"/>
        </testsuite>
        <testcase name="test_get_default_value" class="WP_Test_REST_Term_Meta_Fields" classname="WP_Test_REST_Term_Meta_Fields" file="/var/www/html/test/wordpress_test/inpsyde_test/test/wp-content/plugins/plugintestslughere/tests/unit/tests/rest-api/rest-term-meta-fields.php" line="1261" assertions="4" time="0.077323"/>
      </testsuite>
      <testsuite name="WP_Test_REST_Themes_Controller" file="/var/www/html/test/wordpress_test/inpsyde_test/test/wp-content/plugins/plugintestslughere/tests/unit/tests/rest-api/rest-themes-controller.php" tests="67" assertions="479" errors="0" failures="0" skipped="0" time="9.754266">
        <testcase name="test_register_routes" class="WP_Test_REST_Themes_Controller" classname="WP_Test_REST_Themes_Controller" file="/var/www/html/test/wordpress_test/inpsyde_test/test/wp-content/plugins/plugintestslughere/tests/unit/tests/rest-api/rest-themes-controller.php" line="136" assertions="5" time="0.114964"/>
        <testcase name="test_get_items" class="WP_Test_REST_Themes_Controller" classname="WP_Test_REST_Themes_Controller" file="/var/www/html/test/wordpress_test/inpsyde_test/test/wp-content/plugins/plugintestslughere/tests/unit/tests/rest-api/rest-themes-controller.php" line="146" assertions="10" time="0.153804"/>
        <testcase name="test_get_items_logged_out" class="WP_Test_REST_Themes_Controller" classname="WP_Test_REST_Themes_Controller" file="/var/www/html/test/wordpress_test/inpsyde_test/test/wp-content/plugins/plugintestslughere/tests/unit/tests/rest-api/rest-themes-controller.php" line="175" assertions="8" time="0.098405"/>
        <testcase name="test_get_items_no_permission" class="WP_Test_REST_Themes_Controller" classname="WP_Test_REST_Themes_Controller" file="/var/www/html/test/wordpress_test/inpsyde_test/test/wp-content/plugins/plugintestslughere/tests/unit/tests/rest-api/rest-themes-controller.php" line="186" assertions="8" time="0.122039"/>
        <testcase name="test_get_item_single_post_type_cap" class="WP_Test_REST_Themes_Controller" classname="WP_Test_REST_Themes_Controller" file="/var/www/html/test/wordpress_test/inpsyde_test/test/wp-content/plugins/plugintestslughere/tests/unit/tests/rest-api/rest-themes-controller.php" line="195" assertions="5" time="0.242214"/>
        <testcase name="test_prepare_item" class="WP_Test_REST_Themes_Controller" classname="WP_Test_REST_Themes_Controller" file="/var/www/html/test/wordpress_test/inpsyde_test/test/wp-content/plugins/plugintestslughere/tests/unit/tests/rest-api/rest-themes-controller.php" line="209" assertions="9" time="0.119868"/>
        <testcase name="test_get_item_schema" class="WP_Test_REST_Themes_Controller" classname="WP_Test_REST_Themes_Controller" file="/var/www/html/test/wordpress_test/inpsyde_test/test/wp-content/plugins/plugintestslughere/tests/unit/tests/rest-api/rest-themes-controller.php" line="220" assertions="54" time="0.109638"/>
        <testcase name="test_theme_author" class="WP_Test_REST_Themes_Controller" classname="WP_Test_REST_Themes_Controller" file="/var/www/html/test/wordpress_test/inpsyde_test/test/wp-content/plugins/plugintestslughere/tests/unit/tests/rest-api/rest-themes-controller.php" line="289" assertions="7" time="0.121433"/>
        <testcase name="test_theme_author_uri" class="WP_Test_REST_Themes_Controller" classname="WP_Test_REST_Themes_Controller" file="/var/www/html/test/wordpress_test/inpsyde_test/test/wp-content/plugins/plugintestslughere/tests/unit/tests/rest-api/rest-themes-controller.php" line="303" assertions="7" time="0.142354"/>
        <testcase name="test_theme_description" class="WP_Test_REST_Themes_Controller" classname="WP_Test_REST_Themes_Controller" file="/var/www/html/test/wordpress_test/inpsyde_test/test/wp-content/plugins/plugintestslughere/tests/unit/tests/rest-api/rest-themes-controller.php" line="314" assertions="7" time="0.165998"/>
        <testcase name="test_theme_requires_php" class="WP_Test_REST_Themes_Controller" classname="WP_Test_REST_Themes_Controller" file="/var/www/html/test/wordpress_test/inpsyde_test/test/wp-content/plugins/plugintestslughere/tests/unit/tests/rest-api/rest-themes-controller.php" line="331" assertions="6" time="0.131506"/>
        <testcase name="test_theme_requires_wp" class="WP_Test_REST_Themes_Controller" classname="WP_Test_REST_Themes_Controller" file="/var/www/html/test/wordpress_test/inpsyde_test/test/wp-content/plugins/plugintestslughere/tests/unit/tests/rest-api/rest-themes-controller.php" line="341" assertions="6" time="0.187849"/>
        <testcase name="test_theme_name" class="WP_Test_REST_Themes_Controller" classname="WP_Test_REST_Themes_Controller" file="/var/www/html/test/wordpress_test/inpsyde_test/test/wp-content/plugins/plugintestslughere/tests/unit/tests/rest-api/rest-themes-controller.php" line="351" assertions="7" time="0.130664"/>
        <testcase name="test_theme_screenshot" class="WP_Test_REST_Themes_Controller" classname="WP_Test_REST_Themes_Controller" file="/var/www/html/test/wordpress_test/inpsyde_test/test/wp-content/plugins/plugintestslughere/tests/unit/tests/rest-api/rest-themes-controller.php" line="362" assertions="6" time="0.121055"/>
        <testcase name="test_theme_stylesheet" class="WP_Test_REST_Themes_Controller" classname="WP_Test_REST_Themes_Controller" file="/var/www/html/test/wordpress_test/inpsyde_test/test/wp-content/plugins/plugintestslughere/tests/unit/tests/rest-api/rest-themes-controller.php" line="372" assertions="6" time="0.120296"/>
        <testcase name="test_theme_tags" class="WP_Test_REST_Themes_Controller" classname="WP_Test_REST_Themes_Controller" file="/var/www/html/test/wordpress_test/inpsyde_test/test/wp-content/plugins/plugintestslughere/tests/unit/tests/rest-api/rest-themes-controller.php" line="382" assertions="7" time="0.143278"/>
        <testcase name="test_theme_template" class="WP_Test_REST_Themes_Controller" classname="WP_Test_REST_Themes_Controller" file="/var/www/html/test/wordpress_test/inpsyde_test/test/wp-content/plugins/plugintestslughere/tests/unit/tests/rest-api/rest-themes-controller.php" line="393" assertions="6" time="0.109731"/>
        <testcase name="test_theme_textdomain" class="WP_Test_REST_Themes_Controller" classname="WP_Test_REST_Themes_Controller" file="/var/www/html/test/wordpress_test/inpsyde_test/test/wp-content/plugins/plugintestslughere/tests/unit/tests/rest-api/rest-themes-controller.php" line="403" assertions="6" time="0.142007"/>
        <testcase name="test_theme_theme_uri" class="WP_Test_REST_Themes_Controller" classname="WP_Test_REST_Themes_Controller" file="/var/www/html/test/wordpress_test/inpsyde_test/test/wp-content/plugins/plugintestslughere/tests/unit/tests/rest-api/rest-themes-controller.php" line="410" assertions="7" time="0.176521"/>
        <testcase name="test_theme_version" class="WP_Test_REST_Themes_Controller" classname="WP_Test_REST_Themes_Controller" file="/var/www/html/test/wordpress_test/inpsyde_test/test/wp-content/plugins/plugintestslughere/tests/unit/tests/rest-api/rest-themes-controller.php" line="421" assertions="6" time="0.153083"/>
        <testcase name="test_theme_supports_disable_custom_colors_false" class="WP_Test_REST_Themes_Controller" classname="WP_Test_REST_Themes_Controller" file="/var/www/html/test/wordpress_test/inpsyde_test/test/wp-content/plugins/plugintestslughere/tests/unit/tests/rest-api/rest-themes-controller.php" line="431" assertions="7" time="0.110299"/>
        <testcase name="test_theme_supports_disable_custom_colors_true" class="WP_Test_REST_Themes_Controller" classname="WP_Test_REST_Themes_Controller" file="/var/www/html/test/wordpress_test/inpsyde_test/test/wp-content/plugins/plugintestslughere/tests/unit/tests/rest-api/rest-themes-controller.php" line="443" assertions="6" time="0.109289"/>
        <testcase name="test_theme_supports_disable_custom_font_sizes_false" class="WP_Test_REST_Themes_Controller" classname="WP_Test_REST_Themes_Controller" file="/var/www/html/test/wordpress_test/inpsyde_test/test/wp-content/plugins/plugintestslughere/tests/unit/tests/rest-api/rest-themes-controller.php" line="455" assertions="7" time="0.153871"/>
        <testcase name="test_theme_supports_disable_custom_font_sizes_true" class="WP_Test_REST_Themes_Controller" classname="WP_Test_REST_Themes_Controller" file="/var/www/html/test/wordpress_test/inpsyde_test/test/wp-content/plugins/plugintestslughere/tests/unit/tests/rest-api/rest-themes-controller.php" line="467" assertions="6" time="0.120692"/>
        <testcase name="test_theme_supports_editor_font_sizes_false" class="WP_Test_REST_Themes_Controller" classname="WP_Test_REST_Themes_Controller" file="/var/www/html/test/wordpress_test/inpsyde_test/test/wp-content/plugins/plugintestslughere/tests/unit/tests/rest-api/rest-themes-controller.php" line="479" assertions="7" time="0.142935"/>
        <testcase name="test_theme_supports_editor_font_sizes_array" class="WP_Test_REST_Themes_Controller" classname="WP_Test_REST_Themes_Controller" file="/var/www/html/test/wordpress_test/inpsyde_test/test/wp-content/plugins/plugintestslughere/tests/unit/tests/rest-api/rest-themes-controller.php" line="491" assertions="7" time="0.152768"/>
        <testcase name="test_theme_supports_editor_color_palette_false" class="WP_Test_REST_Themes_Controller" classname="WP_Test_REST_Themes_Controller" file="/var/www/html/test/wordpress_test/inpsyde_test/test/wp-content/plugins/plugintestslughere/tests/unit/tests/rest-api/rest-themes-controller.php" line="509" assertions="7" time="0.142987"/>
        <testcase name="test_theme_supports_editor_color_palette_array" class="WP_Test_REST_Themes_Controller" classname="WP_Test_REST_Themes_Controller" file="/var/www/html/test/wordpress_test/inpsyde_test/test/wp-content/plugins/plugintestslughere/tests/unit/tests/rest-api/rest-themes-controller.php" line="521" assertions="6" time="0.107915"/>
        <testcase name="test_theme_supports_enable_automatic_feed_links" class="WP_Test_REST_Themes_Controller" classname="WP_Test_REST_Themes_Controller" file="/var/www/html/test/wordpress_test/inpsyde_test/test/wp-content/plugins/plugintestslughere/tests/unit/tests/rest-api/rest-themes-controller.php" line="538" assertions="6" time="0.132275"/>
        <testcase name="test_theme_supports_does_not_enable_automatic_feed_links" class="WP_Test_REST_Themes_Controller" classname="WP_Test_REST_Themes_Controller" file="/var/www/html/test/wordpress_test/inpsyde_test/test/wp-content/plugins/plugintestslughere/tests/unit/tests/rest-api/rest-themes-controller.php" line="550" assertions="7" time="0.153261"/>
        <testcase name="test_theme_does_not_support_custom_logo" class="WP_Test_REST_Themes_Controller" classname="WP_Test_REST_Themes_Controller" file="/var/www/html/test/wordpress_test/inpsyde_test/test/wp-content/plugins/plugintestslughere/tests/unit/tests/rest-api/rest-themes-controller.php" line="562" assertions="7" time="0.175620"/>
        <testcase name="test_theme_supports_custom_logo" class="WP_Test_REST_Themes_Controller" classname="WP_Test_REST_Themes_Controller" file="/var/www/html/test/wordpress_test/inpsyde_test/test/wp-content/plugins/plugintestslughere/tests/unit/tests/rest-api/rest-themes-controller.php" line="574" assertions="6" time="0.142424"/>
        <testcase name="test_theme_does_not_support_custom_header" class="WP_Test_REST_Themes_Controller" classname="WP_Test_REST_Themes_Controller" file="/var/www/html/test/wordpress_test/inpsyde_test/test/wp-content/plugins/plugintestslughere/tests/unit/tests/rest-api/rest-themes-controller.php" line="594" assertions="7" time="0.241960"/>
        <testcase name="test_theme_supports_custom_header" class="WP_Test_REST_Themes_Controller" classname="WP_Test_REST_Themes_Controller" file="/var/www/html/test/wordpress_test/inpsyde_test/test/wp-content/plugins/plugintestslughere/tests/unit/tests/rest-api/rest-themes-controller.php" line="606" assertions="6" time="0.142326"/>
        <testcase name="test_theme_does_not_support_custom_background" class="WP_Test_REST_Themes_Controller" classname="WP_Test_REST_Themes_Controller" file="/var/www/html/test/wordpress_test/inpsyde_test/test/wp-content/plugins/plugintestslughere/tests/unit/tests/rest-api/rest-themes-controller.php" line="642" assertions="7" time="0.141682"/>
        <testcase name="test_theme_supports_custom_background" class="WP_Test_REST_Themes_Controller" classname="WP_Test_REST_Themes_Controller" file="/var/www/html/test/wordpress_test/inpsyde_test/test/wp-content/plugins/plugintestslughere/tests/unit/tests/rest-api/rest-themes-controller.php" line="654" assertions="6" time="0.153519"/>
        <testcase name="test_theme_does_not_support_html5" class="WP_Test_REST_Themes_Controller" classname="WP_Test_REST_Themes_Controller" file="/var/www/html/test/wordpress_test/inpsyde_test/test/wp-content/plugins/plugintestslughere/tests/unit/tests/rest-api/rest-themes-controller.php" line="686" assertions="7" time="0.121189"/>
        <testcase name="test_theme_supports_html5" class="WP_Test_REST_Themes_Controller" classname="WP_Test_REST_Themes_Controller" file="/var/www/html/test/wordpress_test/inpsyde_test/test/wp-content/plugins/plugintestslughere/tests/unit/tests/rest-api/rest-themes-controller.php" line="698" assertions="6" time="0.165153"/>
        <testcase name="test_theme_cannot_manage_title_tag" class="WP_Test_REST_Themes_Controller" classname="WP_Test_REST_Themes_Controller" file="/var/www/html/test/wordpress_test/inpsyde_test/test/wp-content/plugins/plugintestslughere/tests/unit/tests/rest-api/rest-themes-controller.php" line="719" assertions="7" time="0.210275"/>
        <testcase name="test_theme_can_manage_title_tag" class="WP_Test_REST_Themes_Controller" classname="WP_Test_REST_Themes_Controller" file="/var/www/html/test/wordpress_test/inpsyde_test/test/wp-content/plugins/plugintestslughere/tests/unit/tests/rest-api/rest-themes-controller.php" line="731" assertions="6" time="0.131833"/>
        <testcase name="test_theme_cannot_manage_selective_refresh_for_widgets" class="WP_Test_REST_Themes_Controller" classname="WP_Test_REST_Themes_Controller" file="/var/www/html/test/wordpress_test/inpsyde_test/test/wp-content/plugins/plugintestslughere/tests/unit/tests/rest-api/rest-themes-controller.php" line="743" assertions="7" time="0.131660"/>
        <testcase name="test_theme_can_manage_selective_refresh_for_widgets" class="WP_Test_REST_Themes_Controller" classname="WP_Test_REST_Themes_Controller" file="/var/www/html/test/wordpress_test/inpsyde_test/test/wp-content/plugins/plugintestslughere/tests/unit/tests/rest-api/rest-themes-controller.php" line="755" assertions="6" time="0.153117"/>
        <testcase name="test_theme_no_wp_block_styles" class="WP_Test_REST_Themes_Controller" classname="WP_Test_REST_Themes_Controller" file="/var/www/html/test/wordpress_test/inpsyde_test/test/wp-content/plugins/plugintestslughere/tests/unit/tests/rest-api/rest-themes-controller.php" line="767" assertions="7" time="0.110723"/>
        <testcase name="test_theme_wp_block_styles_optin" class="WP_Test_REST_Themes_Controller" classname="WP_Test_REST_Themes_Controller" file="/var/www/html/test/wordpress_test/inpsyde_test/test/wp-content/plugins/plugintestslughere/tests/unit/tests/rest-api/rest-themes-controller.php" line="779" assertions="6" time="0.152903"/>
        <testcase name="test_theme_no_align_wide" class="WP_Test_REST_Themes_Controller" classname="WP_Test_REST_Themes_Controller" file="/var/www/html/test/wordpress_test/inpsyde_test/test/wp-content/plugins/plugintestslughere/tests/unit/tests/rest-api/rest-themes-controller.php" line="791" assertions="7" time="0.187736"/>
        <testcase name="test_theme_align_wide_optin" class="WP_Test_REST_Themes_Controller" classname="WP_Test_REST_Themes_Controller" file="/var/www/html/test/wordpress_test/inpsyde_test/test/wp-content/plugins/plugintestslughere/tests/unit/tests/rest-api/rest-themes-controller.php" line="803" assertions="6" time="0.153801"/>
        <testcase name="test_theme_no_editor_styles" class="WP_Test_REST_Themes_Controller" classname="WP_Test_REST_Themes_Controller" file="/var/www/html/test/wordpress_test/inpsyde_test/test/wp-content/plugins/plugintestslughere/tests/unit/tests/rest-api/rest-themes-controller.php" line="815" assertions="7" time="0.153300"/>
        <testcase name="test_theme_editor_styles_optin" class="WP_Test_REST_Themes_Controller" classname="WP_Test_REST_Themes_Controller" file="/var/www/html/test/wordpress_test/inpsyde_test/test/wp-content/plugins/plugintestslughere/tests/unit/tests/rest-api/rest-themes-controller.php" line="827" assertions="6" time="0.153376"/>
        <testcase name="test_theme_no_dark_editor_style" class="WP_Test_REST_Themes_Controller" classname="WP_Test_REST_Themes_Controller" file="/var/www/html/test/wordpress_test/inpsyde_test/test/wp-content/plugins/plugintestslughere/tests/unit/tests/rest-api/rest-themes-controller.php" line="839" assertions="7" time="0.152654"/>
        <testcase name="test_theme_dark_editor_style_optin" class="WP_Test_REST_Themes_Controller" classname="WP_Test_REST_Themes_Controller" file="/var/www/html/test/wordpress_test/inpsyde_test/test/wp-content/plugins/plugintestslughere/tests/unit/tests/rest-api/rest-themes-controller.php" line="851" assertions="6" time="0.121800"/>
        <testcase name="test_theme_no_disable_custom_gradients" class="WP_Test_REST_Themes_Controller" classname="WP_Test_REST_Themes_Controller" file="/var/www/html/test/wordpress_test/inpsyde_test/test/wp-content/plugins/plugintestslughere/tests/unit/tests/rest-api/rest-themes-controller.php" line="863" assertions="7" time="0.163833"/>
        <testcase name="test_theme_disable_custom_gradients" class="WP_Test_REST_Themes_Controller" classname="WP_Test_REST_Themes_Controller" file="/var/www/html/test/wordpress_test/inpsyde_test/test/wp-content/plugins/plugintestslughere/tests/unit/tests/rest-api/rest-themes-controller.php" line="875" assertions="6" time="0.230400"/>
        <testcase name="test_theme_supports_editor_gradient_presets_array" class="WP_Test_REST_Themes_Controller" classname="WP_Test_REST_Themes_Controller" file="/var/www/html/test/wordpress_test/inpsyde_test/test/wp-content/plugins/plugintestslughere/tests/unit/tests/rest-api/rest-themes-controller.php" line="887" assertions="6" time="0.142385"/>
        <testcase name="test_theme_supports_formats" class="WP_Test_REST_Themes_Controller" classname="WP_Test_REST_Themes_Controller" file="/var/www/html/test/wordpress_test/inpsyde_test/test/wp-content/plugins/plugintestslughere/tests/unit/tests/rest-api/rest-themes-controller.php" line="906" assertions="7" time="0.132444"/>
        <testcase name="test_theme_supports_formats_non_default" class="WP_Test_REST_Themes_Controller" classname="WP_Test_REST_Themes_Controller" file="/var/www/html/test/wordpress_test/inpsyde_test/test/wp-content/plugins/plugintestslughere/tests/unit/tests/rest-api/rest-themes-controller.php" line="920" assertions="7" time="0.145332"/>
        <testcase name="test_theme_supports_responsive_embeds_false" class="WP_Test_REST_Themes_Controller" classname="WP_Test_REST_Themes_Controller" file="/var/www/html/test/wordpress_test/inpsyde_test/test/wp-content/plugins/plugintestslughere/tests/unit/tests/rest-api/rest-themes-controller.php" line="934" assertions="7" time="0.128315"/>
        <testcase name="test_theme_supports_responsive_embeds_true" class="WP_Test_REST_Themes_Controller" classname="WP_Test_REST_Themes_Controller" file="/var/www/html/test/wordpress_test/inpsyde_test/test/wp-content/plugins/plugintestslughere/tests/unit/tests/rest-api/rest-themes-controller.php" line="949" assertions="6" time="0.131503"/>
        <testcase name="test_theme_supports_post_thumbnails_false" class="WP_Test_REST_Themes_Controller" classname="WP_Test_REST_Themes_Controller" file="/var/www/html/test/wordpress_test/inpsyde_test/test/wp-content/plugins/plugintestslughere/tests/unit/tests/rest-api/rest-themes-controller.php" line="963" assertions="7" time="0.109879"/>
        <testcase name="test_theme_supports_post_thumbnails_true" class="WP_Test_REST_Themes_Controller" classname="WP_Test_REST_Themes_Controller" file="/var/www/html/test/wordpress_test/inpsyde_test/test/wp-content/plugins/plugintestslughere/tests/unit/tests/rest-api/rest-themes-controller.php" line="978" assertions="6" time="0.199121"/>
        <testcase name="test_theme_supports_post_thumbnails_array" class="WP_Test_REST_Themes_Controller" classname="WP_Test_REST_Themes_Controller" file="/var/www/html/test/wordpress_test/inpsyde_test/test/wp-content/plugins/plugintestslughere/tests/unit/tests/rest-api/rest-themes-controller.php" line="992" assertions="6" time="0.141468"/>
        <testcase name="test_variadic_theme_support" class="WP_Test_REST_Themes_Controller" classname="WP_Test_REST_Themes_Controller" file="/var/www/html/test/wordpress_test/inpsyde_test/test/wp-content/plugins/plugintestslughere/tests/unit/tests/rest-api/rest-themes-controller.php" line="1004" assertions="6" time="0.131938"/>
        <testcase name="test_get_additional_field_registration" class="WP_Test_REST_Themes_Controller" classname="WP_Test_REST_Themes_Controller" file="/var/www/html/test/wordpress_test/inpsyde_test/test/wp-content/plugins/plugintestslughere/tests/unit/tests/rest-api/rest-themes-controller.php" line="1032" assertions="9" time="0.164939"/>
        <testcase name="test_create_item" class="WP_Test_REST_Themes_Controller" classname="WP_Test_REST_Themes_Controller" file="/var/www/html/test/wordpress_test/inpsyde_test/test/wp-content/plugins/plugintestslughere/tests/unit/tests/rest-api/rest-themes-controller.php" line="1078" assertions="4" time="0.142732"/>
        <testcase name="test_update_item" class="WP_Test_REST_Themes_Controller" classname="WP_Test_REST_Themes_Controller" file="/var/www/html/test/wordpress_test/inpsyde_test/test/wp-content/plugins/plugintestslughere/tests/unit/tests/rest-api/rest-themes-controller.php" line="1083" assertions="4" time="0.120482"/>
        <testcase name="test_get_item" class="WP_Test_REST_Themes_Controller" classname="WP_Test_REST_Themes_Controller" file="/var/www/html/test/wordpress_test/inpsyde_test/test/wp-content/plugins/plugintestslughere/tests/unit/tests/rest-api/rest-themes-controller.php" line="1088" assertions="4" time="0.109838"/>
        <testcase name="test_delete_item" class="WP_Test_REST_Themes_Controller" classname="WP_Test_REST_Themes_Controller" file="/var/www/html/test/wordpress_test/inpsyde_test/test/wp-content/plugins/plugintestslughere/tests/unit/tests/rest-api/rest-themes-controller.php" line="1093" assertions="4" time="0.153790"/>
        <testcase name="test_context_param" class="WP_Test_REST_Themes_Controller" classname="WP_Test_REST_Themes_Controller" file="/var/www/html/test/wordpress_test/inpsyde_test/test/wp-content/plugins/plugintestslughere/tests/unit/tests/rest-api/rest-themes-controller.php" line="1098" assertions="4" time="0.175816"/>
      </testsuite>
      <testsuite name="WP_Test_REST_Users_Controller" file="/var/www/html/test/wordpress_test/inpsyde_test/test/wp-content/plugins/plugintestslughere/tests/unit/tests/rest-api/rest-users-controller.php" tests="111" assertions="1820" errors="0" failures="0" skipped="0" time="17.891017">
        <testcase name="test_register_routes" class="WP_Test_REST_Users_Controller" classname="WP_Test_REST_Users_Controller" file="/var/www/html/test/wordpress_test/inpsyde_test/test/wp-content/plugins/plugintestslughere/tests/unit/tests/rest-api/rest-users-controller.php" line="156" assertions="11" time="0.064273"/>
        <testcase name="test_context_param" class="WP_Test_REST_Users_Controller" classname="WP_Test_REST_Users_Controller" file="/var/www/html/test/wordpress_test/inpsyde_test/test/wp-content/plugins/plugintestslughere/tests/unit/tests/rest-api/rest-users-controller.php" line="166" assertions="10" time="0.064754"/>
        <testcase name="test_registered_query_params" class="WP_Test_REST_Users_Controller" classname="WP_Test_REST_Users_Controller" file="/var/www/html/test/wordpress_test/inpsyde_test/test/wp-content/plugins/plugintestslughere/tests/unit/tests/rest-api/rest-users-controller.php" line="181" assertions="7" time="0.065273"/>
        <testcase name="test_get_items" class="WP_Test_REST_Users_Controller" classname="WP_Test_REST_Users_Controller" file="/var/www/html/test/wordpress_test/inpsyde_test/test/wp-content/plugins/plugintestslughere/tests/unit/tests/rest-api/rest-users-controller.php" line="206" assertions="45" time="0.105464"/>
        <testcase name="test_get_items_with_edit_context" class="WP_Test_REST_Users_Controller" classname="WP_Test_REST_Users_Controller" file="/var/www/html/test/wordpress_test/inpsyde_test/test/wp-content/plugins/plugintestslughere/tests/unit/tests/rest-api/rest-users-controller.php" line="221" assertions="45" time="0.121351"/>
        <testcase name="test_get_items_with_edit_context_without_permission" class="WP_Test_REST_Users_Controller" classname="WP_Test_REST_Users_Controller" file="/var/www/html/test/wordpress_test/inpsyde_test/test/wp-content/plugins/plugintestslughere/tests/unit/tests/rest-api/rest-users-controller.php" line="236" assertions="6" time="0.121843"/>
        <testcase name="test_get_items_unauthenticated_includes_authors_of_post_types_shown_in_rest" class="WP_Test_REST_Users_Controller" classname="WP_Test_REST_Users_Controller" file="/var/www/html/test/wordpress_test/inpsyde_test/test/wp-content/plugins/plugintestslughere/tests/unit/tests/rest-api/rest-users-controller.php" line="255" assertions="48" time="0.100343"/>
        <testcase name="test_get_items_unauthenticated_does_not_include_authors_of_post_types_not_shown_in_rest" class="WP_Test_REST_Users_Controller" classname="WP_Test_REST_Users_Controller" file="/var/www/html/test/wordpress_test/inpsyde_test/test/wp-content/plugins/plugintestslughere/tests/unit/tests/rest-api/rest-users-controller.php" line="286" assertions="13" time="0.088314"/>
        <testcase name="test_get_items_unauthenticated_does_not_include_users_without_published_posts" class="WP_Test_REST_Users_Controller" classname="WP_Test_REST_Users_Controller" file="/var/www/html/test/wordpress_test/inpsyde_test/test/wp-content/plugins/plugintestslughere/tests/unit/tests/rest-api/rest-users-controller.php" line="296" assertions="13" time="0.078562"/>
        <testcase name="test_get_items_pagination_headers" class="WP_Test_REST_Users_Controller" classname="WP_Test_REST_Users_Controller" file="/var/www/html/test/wordpress_test/inpsyde_test/test/wp-content/plugins/plugintestslughere/tests/unit/tests/rest-api/rest-users-controller.php" line="306" assertions="71" time="0.353525"/>
        <testcase name="test_get_items_per_page" class="WP_Test_REST_Users_Controller" classname="WP_Test_REST_Users_Controller" file="/var/www/html/test/wordpress_test/inpsyde_test/test/wp-content/plugins/plugintestslughere/tests/unit/tests/rest-api/rest-users-controller.php" line="385" assertions="38" time="0.124179"/>
        <testcase name="test_get_items_page" class="WP_Test_REST_Users_Controller" classname="WP_Test_REST_Users_Controller" file="/var/www/html/test/wordpress_test/inpsyde_test/test/wp-content/plugins/plugintestslughere/tests/unit/tests/rest-api/rest-users-controller.php" line="398" assertions="18" time="0.134830"/>
        <testcase name="test_get_items_orderby_name" class="WP_Test_REST_Users_Controller" classname="WP_Test_REST_Users_Controller" file="/var/www/html/test/wordpress_test/inpsyde_test/test/wp-content/plugins/plugintestslughere/tests/unit/tests/rest-api/rest-users-controller.php" line="417" assertions="12" time="0.311873"/>
        <testcase name="test_get_items_orderby_url" class="WP_Test_REST_Users_Controller" classname="WP_Test_REST_Users_Controller" file="/var/www/html/test/wordpress_test/inpsyde_test/test/wp-content/plugins/plugintestslughere/tests/unit/tests/rest-api/rest-users-controller.php" line="441" assertions="12" time="0.364376"/>
        <testcase name="test_get_items_orderby_slug" class="WP_Test_REST_Users_Controller" classname="WP_Test_REST_Users_Controller" file="/var/www/html/test/wordpress_test/inpsyde_test/test/wp-content/plugins/plugintestslughere/tests/unit/tests/rest-api/rest-users-controller.php" line="466" assertions="12" time="0.262907"/>
        <testcase name="test_get_items_orderby_slugs" class="WP_Test_REST_Users_Controller" classname="WP_Test_REST_Users_Controller" file="/var/www/html/test/wordpress_test/inpsyde_test/test/wp-content/plugins/plugintestslughere/tests/unit/tests/rest-api/rest-users-controller.php" line="491" assertions="14" time="0.318997"/>
        <testcase name="test_get_items_orderby_email" class="WP_Test_REST_Users_Controller" classname="WP_Test_REST_Users_Controller" file="/var/www/html/test/wordpress_test/inpsyde_test/test/wp-content/plugins/plugintestslughere/tests/unit/tests/rest-api/rest-users-controller.php" line="509" assertions="12" time="0.253073"/>
        <testcase name="test_get_items_orderby_email_unauthenticated" class="WP_Test_REST_Users_Controller" classname="WP_Test_REST_Users_Controller" file="/var/www/html/test/wordpress_test/inpsyde_test/test/wp-content/plugins/plugintestslughere/tests/unit/tests/rest-api/rest-users-controller.php" line="534" assertions="8" time="0.107080"/>
        <testcase name="test_get_items_orderby_registered_date_unauthenticated" class="WP_Test_REST_Users_Controller" classname="WP_Test_REST_Users_Controller" file="/var/www/html/test/wordpress_test/inpsyde_test/test/wp-content/plugins/plugintestslughere/tests/unit/tests/rest-api/rest-users-controller.php" line="542" assertions="8" time="0.066621"/>
        <testcase name="test_get_items_invalid_order" class="WP_Test_REST_Users_Controller" classname="WP_Test_REST_Users_Controller" file="/var/www/html/test/wordpress_test/inpsyde_test/test/wp-content/plugins/plugintestslughere/tests/unit/tests/rest-api/rest-users-controller.php" line="550" assertions="8" time="0.070052"/>
        <testcase name="test_get_items_invalid_orderby" class="WP_Test_REST_Users_Controller" classname="WP_Test_REST_Users_Controller" file="/var/www/html/test/wordpress_test/inpsyde_test/test/wp-content/plugins/plugintestslughere/tests/unit/tests/rest-api/rest-users-controller.php" line="557" assertions="8" time="0.064681"/>
        <testcase name="test_get_items_offset" class="WP_Test_REST_Users_Controller" classname="WP_Test_REST_Users_Controller" file="/var/www/html/test/wordpress_test/inpsyde_test/test/wp-content/plugins/plugintestslughere/tests/unit/tests/rest-api/rest-users-controller.php" line="564" assertions="80" time="0.205718"/>
        <testcase name="test_get_items_include_query" class="WP_Test_REST_Users_Controller" classname="WP_Test_REST_Users_Controller" file="/var/www/html/test/wordpress_test/inpsyde_test/test/wp-content/plugins/plugintestslughere/tests/unit/tests/rest-api/rest-users-controller.php" line="589" assertions="24" time="0.264230"/>
        <testcase name="test_get_items_exclude_query" class="WP_Test_REST_Users_Controller" classname="WP_Test_REST_Users_Controller" file="/var/www/html/test/wordpress_test/inpsyde_test/test/wp-content/plugins/plugintestslughere/tests/unit/tests/rest-api/rest-users-controller.php" line="625" assertions="140" time="0.472770"/>
        <testcase name="test_get_items_search" class="WP_Test_REST_Users_Controller" classname="WP_Test_REST_Users_Controller" file="/var/www/html/test/wordpress_test/inpsyde_test/test/wp-content/plugins/plugintestslughere/tests/unit/tests/rest-api/rest-users-controller.php" line="652" assertions="15" time="0.286128"/>
        <testcase name="test_get_items_slug_query" class="WP_Test_REST_Users_Controller" classname="WP_Test_REST_Users_Controller" file="/var/www/html/test/wordpress_test/inpsyde_test/test/wp-content/plugins/plugintestslughere/tests/unit/tests/rest-api/rest-users-controller.php" line="682" assertions="9" time="0.241948"/>
        <testcase name="test_get_items_slug_array_query" class="WP_Test_REST_Users_Controller" classname="WP_Test_REST_Users_Controller" file="/var/www/html/test/wordpress_test/inpsyde_test/test/wp-content/plugins/plugintestslughere/tests/unit/tests/rest-api/rest-users-controller.php" line="706" assertions="13" time="0.341583"/>
        <testcase name="test_get_items_slug_csv_query" class="WP_Test_REST_Users_Controller" classname="WP_Test_REST_Users_Controller" file="/var/www/html/test/wordpress_test/inpsyde_test/test/wp-content/plugins/plugintestslughere/tests/unit/tests/rest-api/rest-users-controller.php" line="752" assertions="13" time="0.362646"/>
        <testcase name="test_get_items_roles" class="WP_Test_REST_Users_Controller" classname="WP_Test_REST_Users_Controller" file="/var/www/html/test/wordpress_test/inpsyde_test/test/wp-content/plugins/plugintestslughere/tests/unit/tests/rest-api/rest-users-controller.php" line="795" assertions="27" time="0.263500"/>
        <testcase name="test_get_items_invalid_roles" class="WP_Test_REST_Users_Controller" classname="WP_Test_REST_Users_Controller" file="/var/www/html/test/wordpress_test/inpsyde_test/test/wp-content/plugins/plugintestslughere/tests/unit/tests/rest-api/rest-users-controller.php" line="838" assertions="12" time="0.220284"/>
        <testcase name="test_get_items_who_author_query" class="WP_Test_REST_Users_Controller" classname="WP_Test_REST_Users_Controller" file="/var/www/html/test/wordpress_test/inpsyde_test/test/wp-content/plugins/plugintestslughere/tests/unit/tests/rest-api/rest-users-controller.php" line="863" assertions="12" time="0.072322"/>
        <testcase name="test_get_items_who_invalid_query" class="WP_Test_REST_Users_Controller" classname="WP_Test_REST_Users_Controller" file="/var/www/html/test/wordpress_test/inpsyde_test/test/wp-content/plugins/plugintestslughere/tests/unit/tests/rest-api/rest-users-controller.php" line="882" assertions="8" time="0.057639"/>
        <testcase name="test_get_items_who_unauthorized_query" class="WP_Test_REST_Users_Controller" classname="WP_Test_REST_Users_Controller" file="/var/www/html/test/wordpress_test/inpsyde_test/test/wp-content/plugins/plugintestslughere/tests/unit/tests/rest-api/rest-users-controller.php" line="895" assertions="8" time="0.076451"/>
        <testcase name="test_get_item" class="WP_Test_REST_Users_Controller" classname="WP_Test_REST_Users_Controller" file="/var/www/html/test/wordpress_test/inpsyde_test/test/wp-content/plugins/plugintestslughere/tests/unit/tests/rest-api/rest-users-controller.php" line="904" assertions="26" time="0.221830"/>
        <testcase name="test_prepare_item" class="WP_Test_REST_Users_Controller" classname="WP_Test_REST_Users_Controller" file="/var/www/html/test/wordpress_test/inpsyde_test/test/wp-content/plugins/plugintestslughere/tests/unit/tests/rest-api/rest-users-controller.php" line="914" assertions="26" time="0.104970"/>
        <testcase name="test_prepare_item_limit_fields" class="WP_Test_REST_Users_Controller" classname="WP_Test_REST_Users_Controller" file="/var/www/html/test/wordpress_test/inpsyde_test/test/wp-content/plugins/plugintestslughere/tests/unit/tests/rest-api/rest-users-controller.php" line="924" assertions="7" time="0.051608"/>
        <testcase name="test_get_user_avatar_urls" class="WP_Test_REST_Users_Controller" classname="WP_Test_REST_Users_Controller" file="/var/www/html/test/wordpress_test/inpsyde_test/test/wp-content/plugins/plugintestslughere/tests/unit/tests/rest-api/rest-users-controller.php" line="941" assertions="10" time="0.094154"/>
        <testcase name="test_get_user_invalid_id" class="WP_Test_REST_Users_Controller" classname="WP_Test_REST_Users_Controller" file="/var/www/html/test/wordpress_test/inpsyde_test/test/wp-content/plugins/plugintestslughere/tests/unit/tests/rest-api/rest-users-controller.php" line="958" assertions="8" time="0.055546"/>
        <testcase name="test_get_user_empty_capabilities" class="WP_Test_REST_Users_Controller" classname="WP_Test_REST_Users_Controller" file="/var/www/html/test/wordpress_test/inpsyde_test/test/wp-content/plugins/plugintestslughere/tests/unit/tests/rest-api/rest-users-controller.php" line="967" assertions="8" time="0.266405"/>
        <testcase name="test_cannot_get_item_without_permission" class="WP_Test_REST_Users_Controller" classname="WP_Test_REST_Users_Controller" file="/var/www/html/test/wordpress_test/inpsyde_test/test/wp-content/plugins/plugintestslughere/tests/unit/tests/rest-api/rest-users-controller.php" line="996" assertions="8" time="0.067367"/>
        <testcase name="test_can_get_item_author_of_rest_true_public_true_unauthenticated" class="WP_Test_REST_Users_Controller" classname="WP_Test_REST_Users_Controller" file="/var/www/html/test/wordpress_test/inpsyde_test/test/wp-content/plugins/plugintestslughere/tests/unit/tests/rest-api/rest-users-controller.php" line="1004" assertions="7" time="0.065692"/>
        <testcase name="test_can_get_item_author_of_rest_true_public_true_authenticated" class="WP_Test_REST_Users_Controller" classname="WP_Test_REST_Users_Controller" file="/var/www/html/test/wordpress_test/inpsyde_test/test/wp-content/plugins/plugintestslughere/tests/unit/tests/rest-api/rest-users-controller.php" line="1010" assertions="7" time="0.070657"/>
        <testcase name="test_can_get_item_author_of_rest_true_public_false" class="WP_Test_REST_Users_Controller" classname="WP_Test_REST_Users_Controller" file="/var/www/html/test/wordpress_test/inpsyde_test/test/wp-content/plugins/plugintestslughere/tests/unit/tests/rest-api/rest-users-controller.php" line="1018" assertions="7" time="0.106148"/>
        <testcase name="test_cannot_get_item_author_of_rest_false_public_true_unauthenticated" class="WP_Test_REST_Users_Controller" classname="WP_Test_REST_Users_Controller" file="/var/www/html/test/wordpress_test/inpsyde_test/test/wp-content/plugins/plugintestslughere/tests/unit/tests/rest-api/rest-users-controller.php" line="1024" assertions="8" time="0.060139"/>
        <testcase name="test_cannot_get_item_author_of_rest_false_public_true_without_permission" class="WP_Test_REST_Users_Controller" classname="WP_Test_REST_Users_Controller" file="/var/www/html/test/wordpress_test/inpsyde_test/test/wp-content/plugins/plugintestslughere/tests/unit/tests/rest-api/rest-users-controller.php" line="1030" assertions="8" time="0.064579"/>
        <testcase name="test_cannot_get_item_author_of_rest_false_public_false" class="WP_Test_REST_Users_Controller" classname="WP_Test_REST_Users_Controller" file="/var/www/html/test/wordpress_test/inpsyde_test/test/wp-content/plugins/plugintestslughere/tests/unit/tests/rest-api/rest-users-controller.php" line="1038" assertions="8" time="0.061755"/>
        <testcase name="test_can_get_item_author_of_post" class="WP_Test_REST_Users_Controller" classname="WP_Test_REST_Users_Controller" file="/var/www/html/test/wordpress_test/inpsyde_test/test/wp-content/plugins/plugintestslughere/tests/unit/tests/rest-api/rest-users-controller.php" line="1044" assertions="7" time="0.062280"/>
        <testcase name="test_cannot_get_item_author_of_draft" class="WP_Test_REST_Users_Controller" classname="WP_Test_REST_Users_Controller" file="/var/www/html/test/wordpress_test/inpsyde_test/test/wp-content/plugins/plugintestslughere/tests/unit/tests/rest-api/rest-users-controller.php" line="1050" assertions="8" time="0.061475"/>
        <testcase name="test_get_item_published_author_post" class="WP_Test_REST_Users_Controller" classname="WP_Test_REST_Users_Controller" file="/var/www/html/test/wordpress_test/inpsyde_test/test/wp-content/plugins/plugintestslughere/tests/unit/tests/rest-api/rest-users-controller.php" line="1056" assertions="26" time="0.352788"/>
        <testcase name="test_get_item_published_author_pages" class="WP_Test_REST_Users_Controller" classname="WP_Test_REST_Users_Controller" file="/var/www/html/test/wordpress_test/inpsyde_test/test/wp-content/plugins/plugintestslughere/tests/unit/tests/rest-api/rest-users-controller.php" line="1076" assertions="27" time="0.286552"/>
        <testcase name="test_get_user_with_edit_context" class="WP_Test_REST_Users_Controller" classname="WP_Test_REST_Users_Controller" file="/var/www/html/test/wordpress_test/inpsyde_test/test/wp-content/plugins/plugintestslughere/tests/unit/tests/rest-api/rest-users-controller.php" line="1100" assertions="26" time="0.154164"/>
        <testcase name="test_get_item_published_author_wrong_context" class="WP_Test_REST_Users_Controller" classname="WP_Test_REST_Users_Controller" file="/var/www/html/test/wordpress_test/inpsyde_test/test/wp-content/plugins/plugintestslughere/tests/unit/tests/rest-api/rest-users-controller.php" line="1111" assertions="8" time="0.186638"/>
        <testcase name="test_get_current_user" class="WP_Test_REST_Users_Controller" classname="WP_Test_REST_Users_Controller" file="/var/www/html/test/wordpress_test/inpsyde_test/test/wp-content/plugins/plugintestslughere/tests/unit/tests/rest-api/rest-users-controller.php" line="1132" assertions="30" time="0.069809"/>
        <testcase name="test_get_current_user_without_permission" class="WP_Test_REST_Users_Controller" classname="WP_Test_REST_Users_Controller" file="/var/www/html/test/wordpress_test/inpsyde_test/test/wp-content/plugins/plugintestslughere/tests/unit/tests/rest-api/rest-users-controller.php" line="1147" assertions="8" time="0.061214"/>
        <testcase name="test_create_item" class="WP_Test_REST_Users_Controller" classname="WP_Test_REST_Users_Controller" file="/var/www/html/test/wordpress_test/inpsyde_test/test/wp-content/plugins/plugintestslughere/tests/unit/tests/rest-api/rest-users-controller.php" line="1155" assertions="29" time="0.264581"/>
        <testcase name="test_create_item_invalid_username" class="WP_Test_REST_Users_Controller" classname="WP_Test_REST_Users_Controller" file="/var/www/html/test/wordpress_test/inpsyde_test/test/wp-content/plugins/plugintestslughere/tests/unit/tests/rest-api/rest-users-controller.php" line="1183" assertions="11" time="0.062659"/>
        <testcase name="test_create_item_illegal_username" class="WP_Test_REST_Users_Controller" classname="WP_Test_REST_Users_Controller" file="/var/www/html/test/wordpress_test/inpsyde_test/test/wp-content/plugins/plugintestslughere/tests/unit/tests/rest-api/rest-users-controller.php" line="1231" assertions="11" time="0.060013"/>
        <testcase name="test_json_create_user" class="WP_Test_REST_Users_Controller" classname="WP_Test_REST_Users_Controller" file="/var/www/html/test/wordpress_test/inpsyde_test/test/wp-content/plugins/plugintestslughere/tests/unit/tests/rest-api/rest-users-controller.php" line="1398" assertions="27" time="0.174126"/>
        <testcase name="test_create_user_without_permission" class="WP_Test_REST_Users_Controller" classname="WP_Test_REST_Users_Controller" file="/var/www/html/test/wordpress_test/inpsyde_test/test/wp-content/plugins/plugintestslughere/tests/unit/tests/rest-api/rest-users-controller.php" line="1417" assertions="8" time="0.066848"/>
        <testcase name="test_create_user_invalid_id" class="WP_Test_REST_Users_Controller" classname="WP_Test_REST_Users_Controller" file="/var/www/html/test/wordpress_test/inpsyde_test/test/wp-content/plugins/plugintestslughere/tests/unit/tests/rest-api/rest-users-controller.php" line="1434" assertions="8" time="0.064438"/>
        <testcase name="test_create_user_invalid_email" class="WP_Test_REST_Users_Controller" classname="WP_Test_REST_Users_Controller" file="/var/www/html/test/wordpress_test/inpsyde_test/test/wp-content/plugins/plugintestslughere/tests/unit/tests/rest-api/rest-users-controller.php" line="1454" assertions="8" time="0.066475"/>
        <testcase name="test_create_user_invalid_role" class="WP_Test_REST_Users_Controller" classname="WP_Test_REST_Users_Controller" file="/var/www/html/test/wordpress_test/inpsyde_test/test/wp-content/plugins/plugintestslughere/tests/unit/tests/rest-api/rest-users-controller.php" line="1473" assertions="8" time="0.109405"/>
        <testcase name="test_update_item" class="WP_Test_REST_Users_Controller" classname="WP_Test_REST_Users_Controller" file="/var/www/html/test/wordpress_test/inpsyde_test/test/wp-content/plugins/plugintestslughere/tests/unit/tests/rest-api/rest-users-controller.php" line="1493" assertions="32" time="0.195111"/>
        <testcase name="test_update_item_no_change" class="WP_Test_REST_Users_Controller" classname="WP_Test_REST_Users_Controller" file="/var/www/html/test/wordpress_test/inpsyde_test/test/wp-content/plugins/plugintestslughere/tests/unit/tests/rest-api/rest-users-controller.php" line="1540" assertions="10" time="0.187876"/>
        <testcase name="test_update_item_existing_email" class="WP_Test_REST_Users_Controller" classname="WP_Test_REST_Users_Controller" file="/var/www/html/test/wordpress_test/inpsyde_test/test/wp-content/plugins/plugintestslughere/tests/unit/tests/rest-api/rest-users-controller.php" line="1559" assertions="6" time="0.242233"/>
        <testcase name="test_update_item_existing_email_case" class="WP_Test_REST_Users_Controller" classname="WP_Test_REST_Users_Controller" file="/var/www/html/test/wordpress_test/inpsyde_test/test/wp-content/plugins/plugintestslughere/tests/unit/tests/rest-api/rest-users-controller.php" line="1587" assertions="8" time="0.119579"/>
        <testcase name="test_update_item_existing_email_case_not_own" class="WP_Test_REST_Users_Controller" classname="WP_Test_REST_Users_Controller" file="/var/www/html/test/wordpress_test/inpsyde_test/test/wp-content/plugins/plugintestslughere/tests/unit/tests/rest-api/rest-users-controller.php" line="1606" assertions="6" time="0.065832"/>
        <testcase name="test_update_item_invalid_locale" class="WP_Test_REST_Users_Controller" classname="WP_Test_REST_Users_Controller" file="/var/www/html/test/wordpress_test/inpsyde_test/test/wp-content/plugins/plugintestslughere/tests/unit/tests/rest-api/rest-users-controller.php" line="1623" assertions="6" time="0.197240"/>
        <testcase name="test_update_item_en_US_locale" class="WP_Test_REST_Users_Controller" classname="WP_Test_REST_Users_Controller" file="/var/www/html/test/wordpress_test/inpsyde_test/test/wp-content/plugins/plugintestslughere/tests/unit/tests/rest-api/rest-users-controller.php" line="1642" assertions="27" time="0.186956"/>
        <testcase name="test_update_item_empty_locale" class="WP_Test_REST_Users_Controller" classname="WP_Test_REST_Users_Controller" file="/var/www/html/test/wordpress_test/inpsyde_test/test/wp-content/plugins/plugintestslughere/tests/unit/tests/rest-api/rest-users-controller.php" line="1666" assertions="28" time="0.198110"/>
        <testcase name="test_update_item_username_attempt" class="WP_Test_REST_Users_Controller" classname="WP_Test_REST_Users_Controller" file="/var/www/html/test/wordpress_test/inpsyde_test/test/wp-content/plugins/plugintestslughere/tests/unit/tests/rest-api/rest-users-controller.php" line="1690" assertions="6" time="0.219967"/>
        <testcase name="test_update_item_existing_nicename" class="WP_Test_REST_Users_Controller" classname="WP_Test_REST_Users_Controller" file="/var/www/html/test/wordpress_test/inpsyde_test/test/wp-content/plugins/plugintestslughere/tests/unit/tests/rest-api/rest-users-controller.php" line="1715" assertions="6" time="0.231837"/>
        <testcase name="test_json_update_user" class="WP_Test_REST_Users_Controller" classname="WP_Test_REST_Users_Controller" file="/var/www/html/test/wordpress_test/inpsyde_test/test/wp-content/plugins/plugintestslughere/tests/unit/tests/rest-api/rest-users-controller.php" line="1740" assertions="31" time="0.185956"/>
        <testcase name="test_update_user_role" class="WP_Test_REST_Users_Controller" classname="WP_Test_REST_Users_Controller" file="/var/www/html/test/wordpress_test/inpsyde_test/test/wp-content/plugins/plugintestslughere/tests/unit/tests/rest-api/rest-users-controller.php" line="1785" assertions="10" time="0.220731"/>
        <testcase name="test_update_user_multiple_roles" class="WP_Test_REST_Users_Controller" classname="WP_Test_REST_Users_Controller" file="/var/www/html/test/wordpress_test/inpsyde_test/test/wp-content/plugins/plugintestslughere/tests/unit/tests/rest-api/rest-users-controller.php" line="1806" assertions="10" time="0.218664"/>
        <testcase name="test_update_user_role_invalid_privilege_escalation" class="WP_Test_REST_Users_Controller" classname="WP_Test_REST_Users_Controller" file="/var/www/html/test/wordpress_test/inpsyde_test/test/wp-content/plugins/plugintestslughere/tests/unit/tests/rest-api/rest-users-controller.php" line="1827" assertions="16" time="0.066655"/>
        <testcase name="test_update_user_role_invalid_privilege_deescalation" class="WP_Test_REST_Users_Controller" classname="WP_Test_REST_Users_Controller" file="/var/www/html/test/wordpress_test/inpsyde_test/test/wp-content/plugins/plugintestslughere/tests/unit/tests/rest-api/rest-users-controller.php" line="1852" assertions="16" time="0.175435"/>
        <testcase name="test_update_user_role_invalid_role" class="WP_Test_REST_Users_Controller" classname="WP_Test_REST_Users_Controller" file="/var/www/html/test/wordpress_test/inpsyde_test/test/wp-content/plugins/plugintestslughere/tests/unit/tests/rest-api/rest-users-controller.php" line="1912" assertions="16" time="0.072583"/>
        <testcase name="test_update_user_without_permission" class="WP_Test_REST_Users_Controller" classname="WP_Test_REST_Users_Controller" file="/var/www/html/test/wordpress_test/inpsyde_test/test/wp-content/plugins/plugintestslughere/tests/unit/tests/rest-api/rest-users-controller.php" line="1938" assertions="12" time="0.074364"/>
        <testcase name="test_update_user_invalid_id" class="WP_Test_REST_Users_Controller" classname="WP_Test_REST_Users_Controller" file="/var/www/html/test/wordpress_test/inpsyde_test/test/wp-content/plugins/plugintestslughere/tests/unit/tests/rest-api/rest-users-controller.php" line="1962" assertions="8" time="0.100786"/>
        <testcase name="test_update_item_only_roles_as_editor" class="WP_Test_REST_Users_Controller" classname="WP_Test_REST_Users_Controller" file="/var/www/html/test/wordpress_test/inpsyde_test/test/wp-content/plugins/plugintestslughere/tests/unit/tests/rest-api/rest-users-controller.php" line="1985" assertions="8" time="0.157362"/>
        <testcase name="test_update_item_only_roles_as_site_administrator" class="WP_Test_REST_Users_Controller" classname="WP_Test_REST_Users_Controller" file="/var/www/html/test/wordpress_test/inpsyde_test/test/wp-content/plugins/plugintestslughere/tests/unit/tests/rest-api/rest-users-controller.php" line="2003" assertions="8" time="0.243365"/>
        <testcase name="test_update_item_including_roles_and_other_params" class="WP_Test_REST_Users_Controller" classname="WP_Test_REST_Users_Controller" file="/var/www/html/test/wordpress_test/inpsyde_test/test/wp-content/plugins/plugintestslughere/tests/unit/tests/rest-api/rest-users-controller.php" line="2024" assertions="8" time="0.195839"/>
        <testcase name="test_update_item_invalid_password" class="WP_Test_REST_Users_Controller" classname="WP_Test_REST_Users_Controller" file="/var/www/html/test/wordpress_test/inpsyde_test/test/wp-content/plugins/plugintestslughere/tests/unit/tests/rest-api/rest-users-controller.php" line="2054" assertions="12" time="0.068956"/>
        <testcase name="test_user_roundtrip_as_editor" class="WP_Test_REST_Users_Controller" classname="WP_Test_REST_Users_Controller" file="/var/www/html/test/wordpress_test/inpsyde_test/test/wp-content/plugins/plugintestslughere/tests/unit/tests/rest-api/rest-users-controller.php" line="2143" assertions="21" time="0.183855"/>
        <testcase name="test_user_roundtrip_as_editor_html" class="WP_Test_REST_Users_Controller" classname="WP_Test_REST_Users_Controller" file="/var/www/html/test/wordpress_test/inpsyde_test/test/wp-content/plugins/plugintestslughere/tests/unit/tests/rest-api/rest-users-controller.php" line="2170" assertions="21" time="0.176832"/>
        <testcase name="test_user_roundtrip_as_superadmin" class="WP_Test_REST_Users_Controller" classname="WP_Test_REST_Users_Controller" file="/var/www/html/test/wordpress_test/inpsyde_test/test/wp-content/plugins/plugintestslughere/tests/unit/tests/rest-api/rest-users-controller.php" line="2222" assertions="42" time="0.296417"/>
        <testcase name="test_user_roundtrip_as_superadmin_html" class="WP_Test_REST_Users_Controller" classname="WP_Test_REST_Users_Controller" file="/var/www/html/test/wordpress_test/inpsyde_test/test/wp-content/plugins/plugintestslughere/tests/unit/tests/rest-api/rest-users-controller.php" line="2251" assertions="42" time="0.252840"/>
        <testcase name="test_delete_item" class="WP_Test_REST_Users_Controller" classname="WP_Test_REST_Users_Controller" file="/var/www/html/test/wordpress_test/inpsyde_test/test/wp-content/plugins/plugintestslughere/tests/unit/tests/rest-api/rest-users-controller.php" line="2280" assertions="9" time="0.197074"/>
        <testcase name="test_delete_item_no_trash" class="WP_Test_REST_Users_Controller" classname="WP_Test_REST_Users_Controller" file="/var/www/html/test/wordpress_test/inpsyde_test/test/wp-content/plugins/plugintestslughere/tests/unit/tests/rest-api/rest-users-controller.php" line="2305" assertions="13" time="0.175701"/>
        <testcase name="test_delete_current_item" class="WP_Test_REST_Users_Controller" classname="WP_Test_REST_Users_Controller" file="/var/www/html/test/wordpress_test/inpsyde_test/test/wp-content/plugins/plugintestslughere/tests/unit/tests/rest-api/rest-users-controller.php" line="2335" assertions="9" time="0.186702"/>
        <testcase name="test_delete_current_item_no_trash" class="WP_Test_REST_Users_Controller" classname="WP_Test_REST_Users_Controller" file="/var/www/html/test/wordpress_test/inpsyde_test/test/wp-content/plugins/plugintestslughere/tests/unit/tests/rest-api/rest-users-controller.php" line="2364" assertions="13" time="0.189168"/>
        <testcase name="test_delete_user_without_permission" class="WP_Test_REST_Users_Controller" classname="WP_Test_REST_Users_Controller" file="/var/www/html/test/wordpress_test/inpsyde_test/test/wp-content/plugins/plugintestslughere/tests/unit/tests/rest-api/rest-users-controller.php" line="2397" assertions="12" time="0.206379"/>
        <testcase name="test_delete_user_invalid_id" class="WP_Test_REST_Users_Controller" classname="WP_Test_REST_Users_Controller" file="/var/www/html/test/wordpress_test/inpsyde_test/test/wp-content/plugins/plugintestslughere/tests/unit/tests/rest-api/rest-users-controller.php" line="2419" assertions="8" time="0.062883"/>
        <testcase name="test_delete_user_reassign" class="WP_Test_REST_Users_Controller" classname="WP_Test_REST_Users_Controller" file="/var/www/html/test/wordpress_test/inpsyde_test/test/wp-content/plugins/plugintestslughere/tests/unit/tests/rest-api/rest-users-controller.php" line="2432" assertions="9" time="0.288762"/>
        <testcase name="test_delete_user_invalid_reassign_id" class="WP_Test_REST_Users_Controller" classname="WP_Test_REST_Users_Controller" file="/var/www/html/test/wordpress_test/inpsyde_test/test/wp-content/plugins/plugintestslughere/tests/unit/tests/rest-api/rest-users-controller.php" line="2469" assertions="8" time="0.164873"/>
        <testcase name="test_delete_user_invalid_reassign_passed_as_string" class="WP_Test_REST_Users_Controller" classname="WP_Test_REST_Users_Controller" file="/var/www/html/test/wordpress_test/inpsyde_test/test/wp-content/plugins/plugintestslughere/tests/unit/tests/rest-api/rest-users-controller.php" line="2490" assertions="8" time="0.197683"/>
        <testcase name="test_delete_user_reassign_passed_as_boolean_false_trashes_post" class="WP_Test_REST_Users_Controller" classname="WP_Test_REST_Users_Controller" file="/var/www/html/test/wordpress_test/inpsyde_test/test/wp-content/plugins/plugintestslughere/tests/unit/tests/rest-api/rest-users-controller.php" line="2505" assertions="7" time="0.352658"/>
        <testcase name="test_delete_user_reassign_passed_as_string_false_trashes_post" class="WP_Test_REST_Users_Controller" classname="WP_Test_REST_Users_Controller" file="/var/www/html/test/wordpress_test/inpsyde_test/test/wp-content/plugins/plugintestslughere/tests/unit/tests/rest-api/rest-users-controller.php" line="2533" assertions="7" time="0.285733"/>
        <testcase name="test_delete_user_reassign_passed_as_empty_string_trashes_post" class="WP_Test_REST_Users_Controller" classname="WP_Test_REST_Users_Controller" file="/var/www/html/test/wordpress_test/inpsyde_test/test/wp-content/plugins/plugintestslughere/tests/unit/tests/rest-api/rest-users-controller.php" line="2561" assertions="7" time="0.252259"/>
        <testcase name="test_delete_user_reassign_passed_as_0_reassigns_author" class="WP_Test_REST_Users_Controller" classname="WP_Test_REST_Users_Controller" file="/var/www/html/test/wordpress_test/inpsyde_test/test/wp-content/plugins/plugintestslughere/tests/unit/tests/rest-api/rest-users-controller.php" line="2589" assertions="7" time="0.230801"/>
        <testcase name="test_get_item_schema" class="WP_Test_REST_Users_Controller" classname="WP_Test_REST_Users_Controller" file="/var/www/html/test/wordpress_test/inpsyde_test/test/wp-content/plugins/plugintestslughere/tests/unit/tests/rest-api/rest-users-controller.php" line="2617" assertions="26" time="0.060206"/>
        <testcase name="test_get_item_schema_show_avatar" class="WP_Test_REST_Users_Controller" classname="WP_Test_REST_Users_Controller" file="/var/www/html/test/wordpress_test/inpsyde_test/test/wp-content/plugins/plugintestslughere/tests/unit/tests/rest-api/rest-users-controller.php" line="2646" assertions="7" time="0.103862"/>
        <testcase name="test_get_additional_field_registration" class="WP_Test_REST_Users_Controller" classname="WP_Test_REST_Users_Controller" file="/var/www/html/test/wordpress_test/inpsyde_test/test/wp-content/plugins/plugintestslughere/tests/unit/tests/rest-api/rest-users-controller.php" line="2663" assertions="18" time="0.209646"/>
        <testcase name="test_additional_field_update_errors" class="WP_Test_REST_Users_Controller" classname="WP_Test_REST_Users_Controller" file="/var/www/html/test/wordpress_test/inpsyde_test/test/wp-content/plugins/plugintestslughere/tests/unit/tests/rest-api/rest-users-controller.php" line="2725" assertions="8" time="0.163947"/>
        <testsuite name="WP_Test_REST_Users_Controller::test_get_default_value" tests="6" assertions="60" errors="0" failures="0" skipped="0" time="0.525393">
          <testcase name="test_get_default_value with data set #0" class="WP_Test_REST_Users_Controller" classname="WP_Test_REST_Users_Controller" file="/var/www/html/test/wordpress_test/inpsyde_test/test/wp-content/plugins/plugintestslughere/tests/unit/tests/rest-api/rest-users-controller.php" line="2897" assertions="10" time="0.064778"/>
          <testcase name="test_get_default_value with data set #1" class="WP_Test_REST_Users_Controller" classname="WP_Test_REST_Users_Controller" file="/var/www/html/test/wordpress_test/inpsyde_test/test/wp-content/plugins/plugintestslughere/tests/unit/tests/rest-api/rest-users-controller.php" line="2897" assertions="10" time="0.059802"/>
          <testcase name="test_get_default_value with data set #2" class="WP_Test_REST_Users_Controller" classname="WP_Test_REST_Users_Controller" file="/var/www/html/test/wordpress_test/inpsyde_test/test/wp-content/plugins/plugintestslughere/tests/unit/tests/rest-api/rest-users-controller.php" line="2897" assertions="10" time="0.104209"/>
          <testcase name="test_get_default_value with data set #3" class="WP_Test_REST_Users_Controller" classname="WP_Test_REST_Users_Controller" file="/var/www/html/test/wordpress_test/inpsyde_test/test/wp-content/plugins/plugintestslughere/tests/unit/tests/rest-api/rest-users-controller.php" line="2897" assertions="10" time="0.101302"/>
          <testcase name="test_get_default_value with data set #4" class="WP_Test_REST_Users_Controller" classname="WP_Test_REST_Users_Controller" file="/var/www/html/test/wordpress_test/inpsyde_test/test/wp-content/plugins/plugintestslughere/tests/unit/tests/rest-api/rest-users-controller.php" line="2897" assertions="10" time="0.097971"/>
          <testcase name="test_get_default_value with data set #5" class="WP_Test_REST_Users_Controller" classname="WP_Test_REST_Users_Controller" file="/var/www/html/test/wordpress_test/inpsyde_test/test/wp-content/plugins/plugintestslughere/tests/unit/tests/rest-api/rest-users-controller.php" line="2897" assertions="10" time="0.097331"/>
        </testsuite>
      </testsuite>
      <testsuite name="Tests_Rewrite" file="/var/www/html/test/wordpress_test/inpsyde_test/test/wp-content/plugins/plugintestslughere/tests/unit/tests/rewrite.php" tests="20" assertions="51" errors="0" failures="0" skipped="0" time="2.662300">
        <testcase name="test_add_rule" class="Tests_Rewrite" classname="Tests_Rewrite" file="/var/www/html/test/wordpress_test/inpsyde_test/test/wp-content/plugins/plugintestslughere/tests/unit/tests/rewrite.php" line="31" assertions="1" time="0.081964"/>
        <testcase name="test_add_rule_redirect_array" class="Tests_Rewrite" classname="Tests_Rewrite" file="/var/www/html/test/wordpress_test/inpsyde_test/test/wp-content/plugins/plugintestslughere/tests/unit/tests/rewrite.php" line="49" assertions="1" time="0.098855"/>
        <testcase name="test_add_rule_top" class="Tests_Rewrite" classname="Tests_Rewrite" file="/var/www/html/test/wordpress_test/inpsyde_test/test/wp-content/plugins/plugintestslughere/tests/unit/tests/rewrite.php" line="73" assertions="1" time="0.099404"/>
        <testcase name="test_url_to_postid" class="Tests_Rewrite" classname="Tests_Rewrite" file="/var/www/html/test/wordpress_test/inpsyde_test/test/wp-content/plugins/plugintestslughere/tests/unit/tests/rewrite.php" line="88" assertions="2" time="0.131356"/>
        <testcase name="test_url_to_postid_set_url_scheme_https_to_http" class="Tests_Rewrite" classname="Tests_Rewrite" file="/var/www/html/test/wordpress_test/inpsyde_test/test/wp-content/plugins/plugintestslughere/tests/unit/tests/rewrite.php" line="97" assertions="2" time="0.143691"/>
        <testcase name="test_url_to_postid_set_url_scheme_http_to_https" class="Tests_Rewrite" classname="Tests_Rewrite" file="/var/www/html/test/wordpress_test/inpsyde_test/test/wp-content/plugins/plugintestslughere/tests/unit/tests/rewrite.php" line="107" assertions="2" time="0.141875"/>
        <testcase name="test_url_to_postid_custom_post_type" class="Tests_Rewrite" classname="Tests_Rewrite" file="/var/www/html/test/wordpress_test/inpsyde_test/test/wp-content/plugins/plugintestslughere/tests/unit/tests/rewrite.php" line="173" assertions="1" time="0.164937"/>
        <testcase name="test_url_to_postid_hierarchical" class="Tests_Rewrite" classname="Tests_Rewrite" file="/var/www/html/test/wordpress_test/inpsyde_test/test/wp-content/plugins/plugintestslughere/tests/unit/tests/rewrite.php" line="185" assertions="2" time="0.142701"/>
        <testcase name="test_url_to_postid_hierarchical_with_matching_leaves" class="Tests_Rewrite" classname="Tests_Rewrite" file="/var/www/html/test/wordpress_test/inpsyde_test/test/wp-content/plugins/plugintestslughere/tests/unit/tests/rewrite.php" line="205" assertions="4" time="0.197817"/>
        <testcase name="test_url_to_postid_home_has_path" class="Tests_Rewrite" classname="Tests_Rewrite" file="/var/www/html/test/wordpress_test/inpsyde_test/test/wp-content/plugins/plugintestslughere/tests/unit/tests/rewrite.php" line="248" assertions="9" time="0.164492"/>
        <testcase name="test_parse_request_home_path" class="Tests_Rewrite" classname="Tests_Rewrite" file="/var/www/html/test/wordpress_test/inpsyde_test/test/wp-content/plugins/plugintestslughere/tests/unit/tests/rewrite.php" line="274" assertions="2" time="0.132335"/>
        <testcase name="test_parse_request_home_path_with_regex_character" class="Tests_Rewrite" classname="Tests_Rewrite" file="/var/www/html/test/wordpress_test/inpsyde_test/test/wp-content/plugins/plugintestslughere/tests/unit/tests/rewrite.php" line="294" assertions="4" time="0.131322"/>
        <testcase name="test_parse_request_home_path_non_public_type" class="Tests_Rewrite" classname="Tests_Rewrite" file="/var/www/html/test/wordpress_test/inpsyde_test/test/wp-content/plugins/plugintestslughere/tests/unit/tests/rewrite.php" line="331" assertions="1" time="0.088027"/>
        <testcase name="test_url_to_postid_dupe_path" class="Tests_Rewrite" classname="Tests_Rewrite" file="/var/www/html/test/wordpress_test/inpsyde_test/test/wp-content/plugins/plugintestslughere/tests/unit/tests/rewrite.php" line="343" assertions="4" time="0.175352"/>
        <testcase name="test_url_to_postid_home_url_collision" class="Tests_Rewrite" classname="Tests_Rewrite" file="/var/www/html/test/wordpress_test/inpsyde_test/test/wp-content/plugins/plugintestslughere/tests/unit/tests/rewrite.php" line="363" assertions="1" time="0.110231"/>
        <testcase name="test_url_to_postid_with_post_slug_that_clashes_with_a_trashed_page" class="Tests_Rewrite" classname="Tests_Rewrite" file="/var/www/html/test/wordpress_test/inpsyde_test/test/wp-content/plugins/plugintestslughere/tests/unit/tests/rewrite.php" line="405" assertions="1" time="0.175275"/>
        <testcase name="test_url_to_postid_static_front_page" class="Tests_Rewrite" classname="Tests_Rewrite" file="/var/www/html/test/wordpress_test/inpsyde_test/test/wp-content/plugins/plugintestslughere/tests/unit/tests/rewrite.php" line="422" assertions="6" time="0.110315"/>
        <testcase name="test_url_to_postid_should_bail_when_host_does_not_match" class="Tests_Rewrite" classname="Tests_Rewrite" file="/var/www/html/test/wordpress_test/inpsyde_test/test/wp-content/plugins/plugintestslughere/tests/unit/tests/rewrite.php" line="442" assertions="2" time="0.120491"/>
        <testcase name="test_parse_request_with_post_slug_that_clashes_with_a_trashed_page" class="Tests_Rewrite" classname="Tests_Rewrite" file="/var/www/html/test/wordpress_test/inpsyde_test/test/wp-content/plugins/plugintestslughere/tests/unit/tests/rewrite.php" line="456" assertions="2" time="0.153991"/>
        <testcase name="test_flush_rules_does_not_delete_option" class="Tests_Rewrite" classname="Tests_Rewrite" file="/var/www/html/test/wordpress_test/inpsyde_test/test/wp-content/plugins/plugintestslughere/tests/unit/tests/rewrite.php" line="476" assertions="3" time="0.097869"/>
      </testsuite>
      <testsuite name="Tests_Rewrite_AddRewriteEndpoint" file="/var/www/html/test/wordpress_test/inpsyde_test/test/wp-content/plugins/plugintestslughere/tests/unit/tests/rewrite/addRewriteEndpoint.php" tests="8" assertions="17" errors="0" failures="0" skipped="0" time="0.719654">
        <testcase name="test_should_register_query_using_name_param_by_default" class="Tests_Rewrite_AddRewriteEndpoint" classname="Tests_Rewrite_AddRewriteEndpoint" file="/var/www/html/test/wordpress_test/inpsyde_test/test/wp-content/plugins/plugintestslughere/tests/unit/tests/rewrite/addRewriteEndpoint.php" line="33" assertions="1" time="0.073439"/>
        <testcase name="test_should_register_query_using_name_param_if_null_is_passed_as_query_var" class="Tests_Rewrite_AddRewriteEndpoint" classname="Tests_Rewrite_AddRewriteEndpoint" file="/var/www/html/test/wordpress_test/inpsyde_test/test/wp-content/plugins/plugintestslughere/tests/unit/tests/rewrite/addRewriteEndpoint.php" line="38" assertions="1" time="0.075998"/>
        <testcase name="test_should_register_query_using_query_var_param_if_not_null" class="Tests_Rewrite_AddRewriteEndpoint" classname="Tests_Rewrite_AddRewriteEndpoint" file="/var/www/html/test/wordpress_test/inpsyde_test/test/wp-content/plugins/plugintestslughere/tests/unit/tests/rewrite/addRewriteEndpoint.php" line="43" assertions="1" time="0.076976"/>
        <testcase name="test_should_register_query_var_using_name_param_if_true_is_passed_as_query_var" class="Tests_Rewrite_AddRewriteEndpoint" classname="Tests_Rewrite_AddRewriteEndpoint" file="/var/www/html/test/wordpress_test/inpsyde_test/test/wp-content/plugins/plugintestslughere/tests/unit/tests/rewrite/addRewriteEndpoint.php" line="51" assertions="1" time="0.076539"/>
        <testcase name="test_should_not_register_query_var_if_query_var_param_is_false" class="Tests_Rewrite_AddRewriteEndpoint" classname="Tests_Rewrite_AddRewriteEndpoint" file="/var/www/html/test/wordpress_test/inpsyde_test/test/wp-content/plugins/plugintestslughere/tests/unit/tests/rewrite/addRewriteEndpoint.php" line="59" assertions="1" time="0.077267"/>
        <testcase name="test_is_home_should_be_false_when_visiting_custom_endpoint_without_a_registered_query_var_and_page_on_front_is_set" class="Tests_Rewrite_AddRewriteEndpoint" classname="Tests_Rewrite_AddRewriteEndpoint" file="/var/www/html/test/wordpress_test/inpsyde_test/test/wp-content/plugins/plugintestslughere/tests/unit/tests/rewrite/addRewriteEndpoint.php" line="68" assertions="4" time="0.109281"/>
        <testcase name="test_permalink_endpoint_only_applies_on_permalink" class="Tests_Rewrite_AddRewriteEndpoint" classname="Tests_Rewrite_AddRewriteEndpoint" file="/var/www/html/test/wordpress_test/inpsyde_test/test/wp-content/plugins/plugintestslughere/tests/unit/tests/rewrite/addRewriteEndpoint.php" line="82" assertions="4" time="0.109139"/>
        <testcase name="test_page_endpoint_only_applies_on_page" class="Tests_Rewrite_AddRewriteEndpoint" classname="Tests_Rewrite_AddRewriteEndpoint" file="/var/www/html/test/wordpress_test/inpsyde_test/test/wp-content/plugins/plugintestslughere/tests/unit/tests/rewrite/addRewriteEndpoint.php" line="97" assertions="4" time="0.121015"/>
      </testsuite>
      <testsuite name="Tests_Rewrite_AddRewriteRule" file="/var/www/html/test/wordpress_test/inpsyde_test/test/wp-content/plugins/plugintestslughere/tests/unit/tests/rewrite/addRewriteRule.php" tests="2" assertions="2" errors="0" failures="0" skipped="0" time="0.172668">
        <testcase name="test_add_rewrite_rule_redirect" class="Tests_Rewrite_AddRewriteRule" classname="Tests_Rewrite_AddRewriteRule" file="/var/www/html/test/wordpress_test/inpsyde_test/test/wp-content/plugins/plugintestslughere/tests/unit/tests/rewrite/addRewriteRule.php" line="17" assertions="1" time="0.084600"/>
        <testcase name="test_add_rewrite_rule_redirect_array" class="Tests_Rewrite_AddRewriteRule" classname="Tests_Rewrite_AddRewriteRule" file="/var/www/html/test/wordpress_test/inpsyde_test/test/wp-content/plugins/plugintestslughere/tests/unit/tests/rewrite/addRewriteRule.php" line="34" assertions="1" time="0.088068"/>
      </testsuite>
      <testsuite name="Tests_Rewrite_NumericSlugs" file="/var/www/html/test/wordpress_test/inpsyde_test/test/wp-content/plugins/plugintestslughere/tests/unit/tests/rewrite/numericSlugs.php" tests="23" assertions="34" errors="0" failures="0" skipped="0" time="4.283978">
        <testcase name="test_go_to_year_segment_collision_without_title" class="Tests_Rewrite_NumericSlugs" classname="Tests_Rewrite_NumericSlugs" file="/var/www/html/test/wordpress_test/inpsyde_test/test/wp-content/plugins/plugintestslughere/tests/unit/tests/rewrite/numericSlugs.php" line="23" assertions="2" time="0.182706"/>
        <testcase name="test_url_to_postid_year_segment_collision_without_title" class="Tests_Rewrite_NumericSlugs" classname="Tests_Rewrite_NumericSlugs" file="/var/www/html/test/wordpress_test/inpsyde_test/test/wp-content/plugins/plugintestslughere/tests/unit/tests/rewrite/numericSlugs.php" line="53" assertions="1" time="0.176219"/>
        <testcase name="test_go_to_year_segment_collision_with_title" class="Tests_Rewrite_NumericSlugs" classname="Tests_Rewrite_NumericSlugs" file="/var/www/html/test/wordpress_test/inpsyde_test/test/wp-content/plugins/plugintestslughere/tests/unit/tests/rewrite/numericSlugs.php" line="81" assertions="2" time="0.164949"/>
        <testcase name="test_url_to_postid_year_segment_collision_with_title" class="Tests_Rewrite_NumericSlugs" classname="Tests_Rewrite_NumericSlugs" file="/var/www/html/test/wordpress_test/inpsyde_test/test/wp-content/plugins/plugintestslughere/tests/unit/tests/rewrite/numericSlugs.php" line="99" assertions="1" time="0.198443"/>
        <testcase name="test_go_to_month_segment_collision_without_title" class="Tests_Rewrite_NumericSlugs" classname="Tests_Rewrite_NumericSlugs" file="/var/www/html/test/wordpress_test/inpsyde_test/test/wp-content/plugins/plugintestslughere/tests/unit/tests/rewrite/numericSlugs.php" line="115" assertions="2" time="0.186699"/>
        <testcase name="test_url_to_postid_month_segment_collision_without_title" class="Tests_Rewrite_NumericSlugs" classname="Tests_Rewrite_NumericSlugs" file="/var/www/html/test/wordpress_test/inpsyde_test/test/wp-content/plugins/plugintestslughere/tests/unit/tests/rewrite/numericSlugs.php" line="134" assertions="1" time="0.175150"/>
        <testcase name="test_go_to_month_segment_collision_without_title_no_leading_zero" class="Tests_Rewrite_NumericSlugs" classname="Tests_Rewrite_NumericSlugs" file="/var/www/html/test/wordpress_test/inpsyde_test/test/wp-content/plugins/plugintestslughere/tests/unit/tests/rewrite/numericSlugs.php" line="151" assertions="2" time="0.175994"/>
        <testcase name="test_url_to_postid_month_segment_collision_without_title_no_leading_zero" class="Tests_Rewrite_NumericSlugs" classname="Tests_Rewrite_NumericSlugs" file="/var/www/html/test/wordpress_test/inpsyde_test/test/wp-content/plugins/plugintestslughere/tests/unit/tests/rewrite/numericSlugs.php" line="170" assertions="1" time="0.164819"/>
        <testcase name="test_go_to_month_segment_collision_with_title" class="Tests_Rewrite_NumericSlugs" classname="Tests_Rewrite_NumericSlugs" file="/var/www/html/test/wordpress_test/inpsyde_test/test/wp-content/plugins/plugintestslughere/tests/unit/tests/rewrite/numericSlugs.php" line="187" assertions="2" time="0.176945"/>
        <testcase name="test_url_to_postid_month_segment_collision_with_title" class="Tests_Rewrite_NumericSlugs" classname="Tests_Rewrite_NumericSlugs" file="/var/www/html/test/wordpress_test/inpsyde_test/test/wp-content/plugins/plugintestslughere/tests/unit/tests/rewrite/numericSlugs.php" line="205" assertions="1" time="0.187424"/>
        <testcase name="test_go_to_month_segment_collision_with_title_no_leading_zero" class="Tests_Rewrite_NumericSlugs" classname="Tests_Rewrite_NumericSlugs" file="/var/www/html/test/wordpress_test/inpsyde_test/test/wp-content/plugins/plugintestslughere/tests/unit/tests/rewrite/numericSlugs.php" line="221" assertions="2" time="0.175754"/>
        <testcase name="test_url_to_postid_month_segment_collision_with_title_no_leading_zero" class="Tests_Rewrite_NumericSlugs" classname="Tests_Rewrite_NumericSlugs" file="/var/www/html/test/wordpress_test/inpsyde_test/test/wp-content/plugins/plugintestslughere/tests/unit/tests/rewrite/numericSlugs.php" line="239" assertions="1" time="0.175428"/>
        <testcase name="test_go_to_day_segment_collision_without_title" class="Tests_Rewrite_NumericSlugs" classname="Tests_Rewrite_NumericSlugs" file="/var/www/html/test/wordpress_test/inpsyde_test/test/wp-content/plugins/plugintestslughere/tests/unit/tests/rewrite/numericSlugs.php" line="255" assertions="2" time="0.230636"/>
        <testcase name="test_url_to_postid_day_segment_collision_without_title" class="Tests_Rewrite_NumericSlugs" classname="Tests_Rewrite_NumericSlugs" file="/var/www/html/test/wordpress_test/inpsyde_test/test/wp-content/plugins/plugintestslughere/tests/unit/tests/rewrite/numericSlugs.php" line="274" assertions="1" time="0.231278"/>
        <testcase name="test_go_to_day_segment_collision_with_title" class="Tests_Rewrite_NumericSlugs" classname="Tests_Rewrite_NumericSlugs" file="/var/www/html/test/wordpress_test/inpsyde_test/test/wp-content/plugins/plugintestslughere/tests/unit/tests/rewrite/numericSlugs.php" line="291" assertions="2" time="0.186485"/>
        <testcase name="test_url_to_postid_day_segment_collision_with_title" class="Tests_Rewrite_NumericSlugs" classname="Tests_Rewrite_NumericSlugs" file="/var/www/html/test/wordpress_test/inpsyde_test/test/wp-content/plugins/plugintestslughere/tests/unit/tests/rewrite/numericSlugs.php" line="309" assertions="1" time="0.164806"/>
        <testcase name="test_numeric_slug_permalink_conflicts_should_only_be_resolved_for_the_main_query" class="Tests_Rewrite_NumericSlugs" classname="Tests_Rewrite_NumericSlugs" file="/var/www/html/test/wordpress_test/inpsyde_test/test/wp-content/plugins/plugintestslughere/tests/unit/tests/rewrite/numericSlugs.php" line="325" assertions="2" time="0.165134"/>
        <testcase name="test_month_slug_collision_should_resolve_to_date_archive_when_year_does_not_match_post_year" class="Tests_Rewrite_NumericSlugs" classname="Tests_Rewrite_NumericSlugs" file="/var/www/html/test/wordpress_test/inpsyde_test/test/wp-content/plugins/plugintestslughere/tests/unit/tests/rewrite/numericSlugs.php" line="350" assertions="1" time="0.197158"/>
        <testcase name="test_day_slug_collision_should_resolve_to_date_archive_when_monthnum_does_not_match_post_month" class="Tests_Rewrite_NumericSlugs" classname="Tests_Rewrite_NumericSlugs" file="/var/www/html/test/wordpress_test/inpsyde_test/test/wp-content/plugins/plugintestslughere/tests/unit/tests/rewrite/numericSlugs.php" line="382" assertions="1" time="0.208789"/>
        <testcase name="test_date_slug_collision_should_distinguish_valid_pagination_from_date" class="Tests_Rewrite_NumericSlugs" classname="Tests_Rewrite_NumericSlugs" file="/var/www/html/test/wordpress_test/inpsyde_test/test/wp-content/plugins/plugintestslughere/tests/unit/tests/rewrite/numericSlugs.php" line="414" assertions="1" time="0.242187"/>
        <testcase name="test_date_slug_collision_should_distinguish_too_high_pagination_from_date" class="Tests_Rewrite_NumericSlugs" classname="Tests_Rewrite_NumericSlugs" file="/var/www/html/test/wordpress_test/inpsyde_test/test/wp-content/plugins/plugintestslughere/tests/unit/tests/rewrite/numericSlugs.php" line="432" assertions="1" time="0.175757"/>
        <testcase name="test_date_slug_collision_should_not_require_pagination_query_var" class="Tests_Rewrite_NumericSlugs" classname="Tests_Rewrite_NumericSlugs" file="/var/www/html/test/wordpress_test/inpsyde_test/test/wp-content/plugins/plugintestslughere/tests/unit/tests/rewrite/numericSlugs.php" line="450" assertions="3" time="0.165406"/>
        <testcase name="test_date_slug_collision_should_be_ignored_when_pagination_var_is_present_but_post_does_not_have_multiple_pages" class="Tests_Rewrite_NumericSlugs" classname="Tests_Rewrite_NumericSlugs" file="/var/www/html/test/wordpress_test/inpsyde_test/test/wp-content/plugins/plugintestslughere/tests/unit/tests/rewrite/numericSlugs.php" line="469" assertions="1" time="0.175812"/>
      </testsuite>
      <testsuite name="Tests_Rewrite_OldDateRedirect" file="/var/www/html/test/wordpress_test/inpsyde_test/test/wp-content/plugins/plugintestslughere/tests/unit/tests/rewrite/oldDateRedirect.php" tests="7" assertions="16" errors="0" failures="0" skipped="0" time="1.131758">
        <testcase name="test_old_date_redirect" class="Tests_Rewrite_OldDateRedirect" classname="Tests_Rewrite_OldDateRedirect" file="/var/www/html/test/wordpress_test/inpsyde_test/test/wp-content/plugins/plugintestslughere/tests/unit/tests/rewrite/oldDateRedirect.php" line="50" assertions="1" time="0.142153"/>
        <testcase name="test_old_date_slug_redirect" class="Tests_Rewrite_OldDateRedirect" classname="Tests_Rewrite_OldDateRedirect" file="/var/www/html/test/wordpress_test/inpsyde_test/test/wp-content/plugins/plugintestslughere/tests/unit/tests/rewrite/oldDateRedirect.php" line="69" assertions="1" time="0.142570"/>
        <testcase name="test_old_date_redirect_attachment" class="Tests_Rewrite_OldDateRedirect" classname="Tests_Rewrite_OldDateRedirect" file="/var/www/html/test/wordpress_test/inpsyde_test/test/wp-content/plugins/plugintestslughere/tests/unit/tests/rewrite/oldDateRedirect.php" line="89" assertions="5" time="0.164677"/>
        <testcase name="test_old_date_slug_redirect_attachment" class="Tests_Rewrite_OldDateRedirect" classname="Tests_Rewrite_OldDateRedirect" file="/var/www/html/test/wordpress_test/inpsyde_test/test/wp-content/plugins/plugintestslughere/tests/unit/tests/rewrite/oldDateRedirect.php" line="122" assertions="5" time="0.164837"/>
        <testcase name="test_old_date_redirect_paged" class="Tests_Rewrite_OldDateRedirect" classname="Tests_Rewrite_OldDateRedirect" file="/var/www/html/test/wordpress_test/inpsyde_test/test/wp-content/plugins/plugintestslughere/tests/unit/tests/rewrite/oldDateRedirect.php" line="156" assertions="1" time="0.164913"/>
        <testcase name="test_old_date_slug_redirect_paged" class="Tests_Rewrite_OldDateRedirect" classname="Tests_Rewrite_OldDateRedirect" file="/var/www/html/test/wordpress_test/inpsyde_test/test/wp-content/plugins/plugintestslughere/tests/unit/tests/rewrite/oldDateRedirect.php" line="182" assertions="1" time="0.187200"/>
        <testcase name="test_old_date_slug_doesnt_redirect_when_reused" class="Tests_Rewrite_OldDateRedirect" classname="Tests_Rewrite_OldDateRedirect" file="/var/www/html/test/wordpress_test/inpsyde_test/test/wp-content/plugins/plugintestslughere/tests/unit/tests/rewrite/oldDateRedirect.php" line="209" assertions="2" time="0.165408"/>
      </testsuite>
      <testsuite name="Tests_Rewrite_OldSlugRedirect" file="/var/www/html/test/wordpress_test/inpsyde_test/test/wp-content/plugins/plugintestslughere/tests/unit/tests/rewrite/oldSlugRedirect.php" tests="4" assertions="9" errors="0" failures="0" skipped="0" time="0.765866">
        <testcase name="test_old_slug_redirect" class="Tests_Rewrite_OldSlugRedirect" classname="Tests_Rewrite_OldSlugRedirect" file="/var/www/html/test/wordpress_test/inpsyde_test/test/wp-content/plugins/plugintestslughere/tests/unit/tests/rewrite/oldSlugRedirect.php" line="40" assertions="1" time="0.150132"/>
        <testcase name="test_old_slug_redirect_attachment" class="Tests_Rewrite_OldSlugRedirect" classname="Tests_Rewrite_OldSlugRedirect" file="/var/www/html/test/wordpress_test/inpsyde_test/test/wp-content/plugins/plugintestslughere/tests/unit/tests/rewrite/oldSlugRedirect.php" line="57" assertions="5" time="0.198285"/>
        <testcase name="test_old_slug_redirect_paged" class="Tests_Rewrite_OldSlugRedirect" classname="Tests_Rewrite_OldSlugRedirect" file="/var/www/html/test/wordpress_test/inpsyde_test/test/wp-content/plugins/plugintestslughere/tests/unit/tests/rewrite/oldSlugRedirect.php" line="98" assertions="1" time="0.197531"/>
        <testcase name="test_old_slug_doesnt_redirect_when_reused" class="Tests_Rewrite_OldSlugRedirect" classname="Tests_Rewrite_OldSlugRedirect" file="/var/www/html/test/wordpress_test/inpsyde_test/test/wp-content/plugins/plugintestslughere/tests/unit/tests/rewrite/oldSlugRedirect.php" line="125" assertions="2" time="0.219918"/>
      </testsuite>
      <testsuite name="Tests_Rewrite_Permastructs" file="/var/www/html/test/wordpress_test/inpsyde_test/test/wp-content/plugins/plugintestslughere/tests/unit/tests/rewrite/permastructs.php" tests="2" assertions="4" errors="0" failures="0" skipped="0" time="0.159912">
        <testcase name="test_add_permastruct" class="Tests_Rewrite_Permastructs" classname="Tests_Rewrite_Permastructs" file="/var/www/html/test/wordpress_test/inpsyde_test/test/wp-content/plugins/plugintestslughere/tests/unit/tests/rewrite/permastructs.php" line="14" assertions="1" time="0.083232"/>
        <testcase name="test_remove_permastruct" class="Tests_Rewrite_Permastructs" classname="Tests_Rewrite_Permastructs" file="/var/www/html/test/wordpress_test/inpsyde_test/test/wp-content/plugins/plugintestslughere/tests/unit/tests/rewrite/permastructs.php" line="33" assertions="3" time="0.076680"/>
      </testsuite>
      <testsuite name="Tests_Rewrite_Tags" file="/var/www/html/test/wordpress_test/inpsyde_test/test/wp-content/plugins/plugintestslughere/tests/unit/tests/rewrite/rewriteTags.php" tests="12" assertions="50" errors="0" failures="0" skipped="0" time="0.315691">
        <testsuite name="Tests_Rewrite_Tags::test_add_rewrite_tag_invalid" tests="6" assertions="18" errors="0" failures="0" skipped="0" time="0.155974">
          <testcase name="test_add_rewrite_tag_invalid with data set #0" class="Tests_Rewrite_Tags" classname="Tests_Rewrite_Tags" file="/var/www/html/test/wordpress_test/inpsyde_test/test/wp-content/plugins/plugintestslughere/tests/unit/tests/rewrite/rewriteTags.php" line="47" assertions="3" time="0.025957"/>
          <testcase name="test_add_rewrite_tag_invalid with data set #1" class="Tests_Rewrite_Tags" classname="Tests_Rewrite_Tags" file="/var/www/html/test/wordpress_test/inpsyde_test/test/wp-content/plugins/plugintestslughere/tests/unit/tests/rewrite/rewriteTags.php" line="47" assertions="3" time="0.026050"/>
          <testcase name="test_add_rewrite_tag_invalid with data set #2" class="Tests_Rewrite_Tags" classname="Tests_Rewrite_Tags" file="/var/www/html/test/wordpress_test/inpsyde_test/test/wp-content/plugins/plugintestslughere/tests/unit/tests/rewrite/rewriteTags.php" line="47" assertions="3" time="0.027162"/>
          <testcase name="test_add_rewrite_tag_invalid with data set #3" class="Tests_Rewrite_Tags" classname="Tests_Rewrite_Tags" file="/var/www/html/test/wordpress_test/inpsyde_test/test/wp-content/plugins/plugintestslughere/tests/unit/tests/rewrite/rewriteTags.php" line="47" assertions="3" time="0.027502"/>
          <testcase name="test_add_rewrite_tag_invalid with data set #4" class="Tests_Rewrite_Tags" classname="Tests_Rewrite_Tags" file="/var/www/html/test/wordpress_test/inpsyde_test/test/wp-content/plugins/plugintestslughere/tests/unit/tests/rewrite/rewriteTags.php" line="47" assertions="3" time="0.024921"/>
          <testcase name="test_add_rewrite_tag_invalid with data set #5" class="Tests_Rewrite_Tags" classname="Tests_Rewrite_Tags" file="/var/www/html/test/wordpress_test/inpsyde_test/test/wp-content/plugins/plugintestslughere/tests/unit/tests/rewrite/rewriteTags.php" line="47" assertions="3" time="0.024382"/>
        </testsuite>
        <testcase name="test_add_rewrite_tag_empty_query" class="Tests_Rewrite_Tags" classname="Tests_Rewrite_Tags" file="/var/www/html/test/wordpress_test/inpsyde_test/test/wp-content/plugins/plugintestslughere/tests/unit/tests/rewrite/rewriteTags.php" line="56" assertions="3" time="0.026953"/>
        <testcase name="test_add_rewrite_tag_custom_query" class="Tests_Rewrite_Tags" classname="Tests_Rewrite_Tags" file="/var/www/html/test/wordpress_test/inpsyde_test/test/wp-content/plugins/plugintestslughere/tests/unit/tests/rewrite/rewriteTags.php" line="68" assertions="3" time="0.027430"/>
        <testcase name="test_add_rewrite_tag_updates_existing" class="Tests_Rewrite_Tags" classname="Tests_Rewrite_Tags" file="/var/www/html/test/wordpress_test/inpsyde_test/test/wp-content/plugins/plugintestslughere/tests/unit/tests/rewrite/rewriteTags.php" line="80" assertions="5" time="0.026780"/>
        <testcase name="test_remove_rewrite_tag" class="Tests_Rewrite_Tags" classname="Tests_Rewrite_Tags" file="/var/www/html/test/wordpress_test/inpsyde_test/test/wp-content/plugins/plugintestslughere/tests/unit/tests/rewrite/rewriteTags.php" line="91" assertions="6" time="0.024538"/>
        <testcase name="test_remove_rewrite_tag_internal_tag" class="Tests_Rewrite_Tags" classname="Tests_Rewrite_Tags" file="/var/www/html/test/wordpress_test/inpsyde_test/test/wp-content/plugins/plugintestslughere/tests/unit/tests/rewrite/rewriteTags.php" line="107" assertions="6" time="0.026089"/>
        <testcase name="test_remove_rewrite_tag_only_removes_one_array_value" class="Tests_Rewrite_Tags" classname="Tests_Rewrite_Tags" file="/var/www/html/test/wordpress_test/inpsyde_test/test/wp-content/plugins/plugintestslughere/tests/unit/tests/rewrite/rewriteTags.php" line="121" assertions="9" time="0.027927"/>
      </testsuite>
      <testsuite name="Tests_Shortcode" file="/var/www/html/test/wordpress_test/inpsyde_test/test/wp-content/plugins/plugintestslughere/tests/unit/tests/shortcode.php" tests="86" assertions="146" errors="0" failures="0" skipped="0" time="2.436480">
        <testcase name="test_noatts" class="Tests_Shortcode" classname="Tests_Shortcode" file="/var/www/html/test/wordpress_test/inpsyde_test/test/wp-content/plugins/plugintestslughere/tests/unit/tests/shortcode.php" line="98" assertions="2" time="0.028440"/>
        <testcase name="test_one_att" class="Tests_Shortcode" classname="Tests_Shortcode" file="/var/www/html/test/wordpress_test/inpsyde_test/test/wp-content/plugins/plugintestslughere/tests/unit/tests/shortcode.php" line="104" assertions="2" time="0.024653"/>
        <testcase name="test_not_a_tag" class="Tests_Shortcode" classname="Tests_Shortcode" file="/var/www/html/test/wordpress_test/inpsyde_test/test/wp-content/plugins/plugintestslughere/tests/unit/tests/shortcode.php" line="110" assertions="1" time="0.028079"/>
        <testcase name="test_tag_hyphen_not_tag" class="Tests_Shortcode" classname="Tests_Shortcode" file="/var/www/html/test/wordpress_test/inpsyde_test/test/wp-content/plugins/plugintestslughere/tests/unit/tests/shortcode.php" line="118" assertions="1" time="0.027127"/>
        <testcase name="test_tag_underscore_not_tag" class="Tests_Shortcode" classname="Tests_Shortcode" file="/var/www/html/test/wordpress_test/inpsyde_test/test/wp-content/plugins/plugintestslughere/tests/unit/tests/shortcode.php" line="123" assertions="1" time="0.026690"/>
        <testcase name="test_tag_not_tag" class="Tests_Shortcode" classname="Tests_Shortcode" file="/var/www/html/test/wordpress_test/inpsyde_test/test/wp-content/plugins/plugintestslughere/tests/unit/tests/shortcode.php" line="128" assertions="1" time="0.026545"/>
        <testcase name="test_tag_hyphen" class="Tests_Shortcode" classname="Tests_Shortcode" file="/var/www/html/test/wordpress_test/inpsyde_test/test/wp-content/plugins/plugintestslughere/tests/unit/tests/shortcode.php" line="136" assertions="5" time="0.024761"/>
        <testcase name="test_attr_hyphen" class="Tests_Shortcode" classname="Tests_Shortcode" file="/var/www/html/test/wordpress_test/inpsyde_test/test/wp-content/plugins/plugintestslughere/tests/unit/tests/shortcode.php" line="147" assertions="1" time="0.028753"/>
        <testcase name="test_two_atts" class="Tests_Shortcode" classname="Tests_Shortcode" file="/var/www/html/test/wordpress_test/inpsyde_test/test/wp-content/plugins/plugintestslughere/tests/unit/tests/shortcode.php" line="162" assertions="2" time="0.024807"/>
        <testcase name="test_noatts_enclosing" class="Tests_Shortcode" classname="Tests_Shortcode" file="/var/www/html/test/wordpress_test/inpsyde_test/test/wp-content/plugins/plugintestslughere/tests/unit/tests/shortcode.php" line="174" assertions="3" time="0.025827"/>
        <testcase name="test_one_att_enclosing" class="Tests_Shortcode" classname="Tests_Shortcode" file="/var/www/html/test/wordpress_test/inpsyde_test/test/wp-content/plugins/plugintestslughere/tests/unit/tests/shortcode.php" line="181" assertions="3" time="0.060547"/>
        <testcase name="test_two_atts_enclosing" class="Tests_Shortcode" classname="Tests_Shortcode" file="/var/www/html/test/wordpress_test/inpsyde_test/test/wp-content/plugins/plugintestslughere/tests/unit/tests/shortcode.php" line="188" assertions="3" time="0.027184"/>
        <testcase name="test_unclosed" class="Tests_Shortcode" classname="Tests_Shortcode" file="/var/www/html/test/wordpress_test/inpsyde_test/test/wp-content/plugins/plugintestslughere/tests/unit/tests/shortcode.php" line="201" assertions="3" time="0.028232"/>
        <testcase name="test_positional_atts_num" class="Tests_Shortcode" classname="Tests_Shortcode" file="/var/www/html/test/wordpress_test/inpsyde_test/test/wp-content/plugins/plugintestslughere/tests/unit/tests/shortcode.php" line="208" assertions="3" time="0.027115"/>
        <testcase name="test_positional_atts_url" class="Tests_Shortcode" classname="Tests_Shortcode" file="/var/www/html/test/wordpress_test/inpsyde_test/test/wp-content/plugins/plugintestslughere/tests/unit/tests/shortcode.php" line="215" assertions="3" time="0.023948"/>
        <testcase name="test_positional_atts_quotes" class="Tests_Shortcode" classname="Tests_Shortcode" file="/var/www/html/test/wordpress_test/inpsyde_test/test/wp-content/plugins/plugintestslughere/tests/unit/tests/shortcode.php" line="222" assertions="3" time="0.029721"/>
        <testcase name="test_positional_atts_mixed" class="Tests_Shortcode" classname="Tests_Shortcode" file="/var/www/html/test/wordpress_test/inpsyde_test/test/wp-content/plugins/plugintestslughere/tests/unit/tests/shortcode.php" line="235" assertions="3" time="0.025655"/>
        <testcase name="test_positional_and_named_atts" class="Tests_Shortcode" classname="Tests_Shortcode" file="/var/www/html/test/wordpress_test/inpsyde_test/test/wp-content/plugins/plugintestslughere/tests/unit/tests/shortcode.php" line="251" assertions="3" time="0.026140"/>
        <testcase name="test_footag_default" class="Tests_Shortcode" classname="Tests_Shortcode" file="/var/www/html/test/wordpress_test/inpsyde_test/test/wp-content/plugins/plugintestslughere/tests/unit/tests/shortcode.php" line="266" assertions="1" time="0.029044"/>
        <testcase name="test_footag_val" class="Tests_Shortcode" classname="Tests_Shortcode" file="/var/www/html/test/wordpress_test/inpsyde_test/test/wp-content/plugins/plugintestslughere/tests/unit/tests/shortcode.php" line="271" assertions="1" time="0.029175"/>
        <testcase name="test_nested_tags" class="Tests_Shortcode" classname="Tests_Shortcode" file="/var/www/html/test/wordpress_test/inpsyde_test/test/wp-content/plugins/plugintestslughere/tests/unit/tests/shortcode.php" line="277" assertions="1" time="0.028460"/>
        <testcase name="test_tag_escaped" class="Tests_Shortcode" classname="Tests_Shortcode" file="/var/www/html/test/wordpress_test/inpsyde_test/test/wp-content/plugins/plugintestslughere/tests/unit/tests/shortcode.php" line="286" assertions="4" time="0.027209"/>
        <testcase name="test_tag_not_escaped" class="Tests_Shortcode" classname="Tests_Shortcode" file="/var/www/html/test/wordpress_test/inpsyde_test/test/wp-content/plugins/plugintestslughere/tests/unit/tests/shortcode.php" line="301" assertions="5" time="0.028269"/>
        <testcase name="test_mixed_tags" class="Tests_Shortcode" classname="Tests_Shortcode" file="/var/www/html/test/wordpress_test/inpsyde_test/test/wp-content/plugins/plugintestslughere/tests/unit/tests/shortcode.php" line="319" assertions="1" time="0.027484"/>
        <testcase name="test_utf8_whitespace_1" class="Tests_Shortcode" classname="Tests_Shortcode" file="/var/www/html/test/wordpress_test/inpsyde_test/test/wp-content/plugins/plugintestslughere/tests/unit/tests/shortcode.php" line="359" assertions="2" time="0.028072"/>
        <testcase name="test_utf8_whitespace_2" class="Tests_Shortcode" classname="Tests_Shortcode" file="/var/www/html/test/wordpress_test/inpsyde_test/test/wp-content/plugins/plugintestslughere/tests/unit/tests/shortcode.php" line="375" assertions="2" time="0.030317"/>
        <testcase name="test_shortcode_unautop" class="Tests_Shortcode" classname="Tests_Shortcode" file="/var/www/html/test/wordpress_test/inpsyde_test/test/wp-content/plugins/plugintestslughere/tests/unit/tests/shortcode.php" line="391" assertions="1" time="0.025979"/>
        <testsuite name="Tests_Shortcode::test_strip_shortcodes" tests="10" assertions="10" errors="0" failures="0" skipped="0" time="0.277365">
          <testcase name="test_strip_shortcodes with data set #0" class="Tests_Shortcode" classname="Tests_Shortcode" file="/var/www/html/test/wordpress_test/inpsyde_test/test/wp-content/plugins/plugintestslughere/tests/unit/tests/shortcode.php" line="420" assertions="1" time="0.028010"/>
          <testcase name="test_strip_shortcodes with data set #1" class="Tests_Shortcode" classname="Tests_Shortcode" file="/var/www/html/test/wordpress_test/inpsyde_test/test/wp-content/plugins/plugintestslughere/tests/unit/tests/shortcode.php" line="420" assertions="1" time="0.026799"/>
          <testcase name="test_strip_shortcodes with data set #2" class="Tests_Shortcode" classname="Tests_Shortcode" file="/var/www/html/test/wordpress_test/inpsyde_test/test/wp-content/plugins/plugintestslughere/tests/unit/tests/shortcode.php" line="420" assertions="1" time="0.028320"/>
          <testcase name="test_strip_shortcodes with data set #3" class="Tests_Shortcode" classname="Tests_Shortcode" file="/var/www/html/test/wordpress_test/inpsyde_test/test/wp-content/plugins/plugintestslughere/tests/unit/tests/shortcode.php" line="420" assertions="1" time="0.026355"/>
          <testcase name="test_strip_shortcodes with data set #4" class="Tests_Shortcode" classname="Tests_Shortcode" file="/var/www/html/test/wordpress_test/inpsyde_test/test/wp-content/plugins/plugintestslughere/tests/unit/tests/shortcode.php" line="420" assertions="1" time="0.027614"/>
          <testcase name="test_strip_shortcodes with data set #5" class="Tests_Shortcode" classname="Tests_Shortcode" file="/var/www/html/test/wordpress_test/inpsyde_test/test/wp-content/plugins/plugintestslughere/tests/unit/tests/shortcode.php" line="420" assertions="1" time="0.029945"/>
          <testcase name="test_strip_shortcodes with data set #6" class="Tests_Shortcode" classname="Tests_Shortcode" file="/var/www/html/test/wordpress_test/inpsyde_test/test/wp-content/plugins/plugintestslughere/tests/unit/tests/shortcode.php" line="420" assertions="1" time="0.024701"/>
          <testcase name="test_strip_shortcodes with data set #7" class="Tests_Shortcode" classname="Tests_Shortcode" file="/var/www/html/test/wordpress_test/inpsyde_test/test/wp-content/plugins/plugintestslughere/tests/unit/tests/shortcode.php" line="420" assertions="1" time="0.029192"/>
          <testcase name="test_strip_shortcodes with data set #8" class="Tests_Shortcode" classname="Tests_Shortcode" file="/var/www/html/test/wordpress_test/inpsyde_test/test/wp-content/plugins/plugintestslughere/tests/unit/tests/shortcode.php" line="420" assertions="1" time="0.029357"/>
          <testcase name="test_strip_shortcodes with data set #9" class="Tests_Shortcode" classname="Tests_Shortcode" file="/var/www/html/test/wordpress_test/inpsyde_test/test/wp-content/plugins/plugintestslughere/tests/unit/tests/shortcode.php" line="420" assertions="1" time="0.027072"/>
        </testsuite>
        <testcase name="test_strip_shortcodes_filter" class="Tests_Shortcode" classname="Tests_Shortcode" file="/var/www/html/test/wordpress_test/inpsyde_test/test/wp-content/plugins/plugintestslughere/tests/unit/tests/shortcode.php" line="427" assertions="1" time="0.025301"/>
        <testcase name="test_shortcode_atts_filter_passes_original_arguments" class="Tests_Shortcode" classname="Tests_Shortcode" file="/var/www/html/test/wordpress_test/inpsyde_test/test/wp-content/plugins/plugintestslughere/tests/unit/tests/shortcode.php" line="461" assertions="3" time="0.030763"/>
        <testcase name="test_shortcode_atts_filtering" class="Tests_Shortcode" classname="Tests_Shortcode" file="/var/www/html/test/wordpress_test/inpsyde_test/test/wp-content/plugins/plugintestslughere/tests/unit/tests/shortcode.php" line="484" assertions="3" time="0.028999"/>
        <testcase name="test_spaces_around_shortcodes" class="Tests_Shortcode" classname="Tests_Shortcode" file="/var/www/html/test/wordpress_test/inpsyde_test/test/wp-content/plugins/plugintestslughere/tests/unit/tests/shortcode.php" line="502" assertions="4" time="0.025903"/>
        <testsuite name="Tests_Shortcode::test_escaping" tests="16" assertions="16" errors="0" failures="0" skipped="0" time="0.442966">
          <testcase name="test_escaping with data set #0" class="Tests_Shortcode" classname="Tests_Shortcode" file="/var/www/html/test/wordpress_test/inpsyde_test/test/wp-content/plugins/plugintestslughere/tests/unit/tests/shortcode.php" line="524" assertions="1" time="0.026891"/>
          <testcase name="test_escaping with data set #1" class="Tests_Shortcode" classname="Tests_Shortcode" file="/var/www/html/test/wordpress_test/inpsyde_test/test/wp-content/plugins/plugintestslughere/tests/unit/tests/shortcode.php" line="524" assertions="1" time="0.027946"/>
          <testcase name="test_escaping with data set #2" class="Tests_Shortcode" classname="Tests_Shortcode" file="/var/www/html/test/wordpress_test/inpsyde_test/test/wp-content/plugins/plugintestslughere/tests/unit/tests/shortcode.php" line="524" assertions="1" time="0.027906"/>
          <testcase name="test_escaping with data set #3" class="Tests_Shortcode" classname="Tests_Shortcode" file="/var/www/html/test/wordpress_test/inpsyde_test/test/wp-content/plugins/plugintestslughere/tests/unit/tests/shortcode.php" line="524" assertions="1" time="0.028789"/>
          <testcase name="test_escaping with data set #4" class="Tests_Shortcode" classname="Tests_Shortcode" file="/var/www/html/test/wordpress_test/inpsyde_test/test/wp-content/plugins/plugintestslughere/tests/unit/tests/shortcode.php" line="524" assertions="1" time="0.027851"/>
          <testcase name="test_escaping with data set #5" class="Tests_Shortcode" classname="Tests_Shortcode" file="/var/www/html/test/wordpress_test/inpsyde_test/test/wp-content/plugins/plugintestslughere/tests/unit/tests/shortcode.php" line="524" assertions="1" time="0.030553"/>
          <testcase name="test_escaping with data set #6" class="Tests_Shortcode" classname="Tests_Shortcode" file="/var/www/html/test/wordpress_test/inpsyde_test/test/wp-content/plugins/plugintestslughere/tests/unit/tests/shortcode.php" line="524" assertions="1" time="0.031944"/>
          <testcase name="test_escaping with data set #7" class="Tests_Shortcode" classname="Tests_Shortcode" file="/var/www/html/test/wordpress_test/inpsyde_test/test/wp-content/plugins/plugintestslughere/tests/unit/tests/shortcode.php" line="524" assertions="1" time="0.027198"/>
          <testcase name="test_escaping with data set #8" class="Tests_Shortcode" classname="Tests_Shortcode" file="/var/www/html/test/wordpress_test/inpsyde_test/test/wp-content/plugins/plugintestslughere/tests/unit/tests/shortcode.php" line="524" assertions="1" time="0.028222"/>
          <testcase name="test_escaping with data set #9" class="Tests_Shortcode" classname="Tests_Shortcode" file="/var/www/html/test/wordpress_test/inpsyde_test/test/wp-content/plugins/plugintestslughere/tests/unit/tests/shortcode.php" line="524" assertions="1" time="0.030058"/>
          <testcase name="test_escaping with data set #10" class="Tests_Shortcode" classname="Tests_Shortcode" file="/var/www/html/test/wordpress_test/inpsyde_test/test/wp-content/plugins/plugintestslughere/tests/unit/tests/shortcode.php" line="524" assertions="1" time="0.023891"/>
          <testcase name="test_escaping with data set #11" class="Tests_Shortcode" classname="Tests_Shortcode" file="/var/www/html/test/wordpress_test/inpsyde_test/test/wp-content/plugins/plugintestslughere/tests/unit/tests/shortcode.php" line="524" assertions="1" time="0.029071"/>
          <testcase name="test_escaping with data set #12" class="Tests_Shortcode" classname="Tests_Shortcode" file="/var/www/html/test/wordpress_test/inpsyde_test/test/wp-content/plugins/plugintestslughere/tests/unit/tests/shortcode.php" line="524" assertions="1" time="0.023233"/>
          <testcase name="test_escaping with data set #13" class="Tests_Shortcode" classname="Tests_Shortcode" file="/var/www/html/test/wordpress_test/inpsyde_test/test/wp-content/plugins/plugintestslughere/tests/unit/tests/shortcode.php" line="524" assertions="1" time="0.025999"/>
          <testcase name="test_escaping with data set #14" class="Tests_Shortcode" classname="Tests_Shortcode" file="/var/www/html/test/wordpress_test/inpsyde_test/test/wp-content/plugins/plugintestslughere/tests/unit/tests/shortcode.php" line="524" assertions="1" time="0.027707"/>
          <testcase name="test_escaping with data set #15" class="Tests_Shortcode" classname="Tests_Shortcode" file="/var/www/html/test/wordpress_test/inpsyde_test/test/wp-content/plugins/plugintestslughere/tests/unit/tests/shortcode.php" line="524" assertions="1" time="0.025708"/>
        </testsuite>
        <testsuite name="Tests_Shortcode::test_escaping2" tests="7" assertions="7" errors="0" failures="0" skipped="0" time="0.186782">
          <testcase name="test_escaping2 with data set #0" class="Tests_Shortcode" classname="Tests_Shortcode" file="/var/www/html/test/wordpress_test/inpsyde_test/test/wp-content/plugins/plugintestslughere/tests/unit/tests/shortcode.php" line="602" assertions="1" time="0.027893"/>
          <testcase name="test_escaping2 with data set #1" class="Tests_Shortcode" classname="Tests_Shortcode" file="/var/www/html/test/wordpress_test/inpsyde_test/test/wp-content/plugins/plugintestslughere/tests/unit/tests/shortcode.php" line="602" assertions="1" time="0.025842"/>
          <testcase name="test_escaping2 with data set #2" class="Tests_Shortcode" classname="Tests_Shortcode" file="/var/www/html/test/wordpress_test/inpsyde_test/test/wp-content/plugins/plugintestslughere/tests/unit/tests/shortcode.php" line="602" assertions="1" time="0.027049"/>
          <testcase name="test_escaping2 with data set #3" class="Tests_Shortcode" classname="Tests_Shortcode" file="/var/www/html/test/wordpress_test/inpsyde_test/test/wp-content/plugins/plugintestslughere/tests/unit/tests/shortcode.php" line="602" assertions="1" time="0.026239"/>
          <testcase name="test_escaping2 with data set #4" class="Tests_Shortcode" classname="Tests_Shortcode" file="/var/www/html/test/wordpress_test/inpsyde_test/test/wp-content/plugins/plugintestslughere/tests/unit/tests/shortcode.php" line="602" assertions="1" time="0.026426"/>
          <testcase name="test_escaping2 with data set #5" class="Tests_Shortcode" classname="Tests_Shortcode" file="/var/www/html/test/wordpress_test/inpsyde_test/test/wp-content/plugins/plugintestslughere/tests/unit/tests/shortcode.php" line="602" assertions="1" time="0.027088"/>
          <testcase name="test_escaping2 with data set #6" class="Tests_Shortcode" classname="Tests_Shortcode" file="/var/www/html/test/wordpress_test/inpsyde_test/test/wp-content/plugins/plugintestslughere/tests/unit/tests/shortcode.php" line="602" assertions="1" time="0.026245"/>
        </testsuite>
        <testcase name="test_has_shortcode" class="Tests_Shortcode" classname="Tests_Shortcode" file="/var/www/html/test/wordpress_test/inpsyde_test/test/wp-content/plugins/plugintestslughere/tests/unit/tests/shortcode.php" line="642" assertions="2" time="0.026594"/>
        <testsuite name="Tests_Shortcode::test_registration_bad" tests="7" assertions="14" errors="0" failures="0" skipped="0" time="0.193650">
          <testcase name="test_registration_bad with data set #0" class="Tests_Shortcode" classname="Tests_Shortcode" file="/var/www/html/test/wordpress_test/inpsyde_test/test/wp-content/plugins/plugintestslughere/tests/unit/tests/shortcode.php" line="658" assertions="2" time="0.029908"/>
          <testcase name="test_registration_bad with data set #1" class="Tests_Shortcode" classname="Tests_Shortcode" file="/var/www/html/test/wordpress_test/inpsyde_test/test/wp-content/plugins/plugintestslughere/tests/unit/tests/shortcode.php" line="658" assertions="2" time="0.029096"/>
          <testcase name="test_registration_bad with data set #2" class="Tests_Shortcode" classname="Tests_Shortcode" file="/var/www/html/test/wordpress_test/inpsyde_test/test/wp-content/plugins/plugintestslughere/tests/unit/tests/shortcode.php" line="658" assertions="2" time="0.026607"/>
          <testcase name="test_registration_bad with data set #3" class="Tests_Shortcode" classname="Tests_Shortcode" file="/var/www/html/test/wordpress_test/inpsyde_test/test/wp-content/plugins/plugintestslughere/tests/unit/tests/shortcode.php" line="658" assertions="2" time="0.026596"/>
          <testcase name="test_registration_bad with data set #4" class="Tests_Shortcode" classname="Tests_Shortcode" file="/var/www/html/test/wordpress_test/inpsyde_test/test/wp-content/plugins/plugintestslughere/tests/unit/tests/shortcode.php" line="658" assertions="2" time="0.026573"/>
          <testcase name="test_registration_bad with data set #5" class="Tests_Shortcode" classname="Tests_Shortcode" file="/var/www/html/test/wordpress_test/inpsyde_test/test/wp-content/plugins/plugintestslughere/tests/unit/tests/shortcode.php" line="658" assertions="2" time="0.027973"/>
          <testcase name="test_registration_bad with data set #6" class="Tests_Shortcode" classname="Tests_Shortcode" file="/var/www/html/test/wordpress_test/inpsyde_test/test/wp-content/plugins/plugintestslughere/tests/unit/tests/shortcode.php" line="658" assertions="2" time="0.026897"/>
        </testsuite>
        <testsuite name="Tests_Shortcode::test_registration_good" tests="3" assertions="3" errors="0" failures="0" skipped="0" time="0.081991">
          <testcase name="test_registration_good with data set #0" class="Tests_Shortcode" classname="Tests_Shortcode" file="/var/www/html/test/wordpress_test/inpsyde_test/test/wp-content/plugins/plugintestslughere/tests/unit/tests/shortcode.php" line="667" assertions="1" time="0.025134"/>
          <testcase name="test_registration_good with data set #1" class="Tests_Shortcode" classname="Tests_Shortcode" file="/var/www/html/test/wordpress_test/inpsyde_test/test/wp-content/plugins/plugintestslughere/tests/unit/tests/shortcode.php" line="667" assertions="1" time="0.026820"/>
          <testcase name="test_registration_good with data set #2" class="Tests_Shortcode" classname="Tests_Shortcode" file="/var/www/html/test/wordpress_test/inpsyde_test/test/wp-content/plugins/plugintestslughere/tests/unit/tests/shortcode.php" line="667" assertions="1" time="0.030037"/>
        </testsuite>
        <testsuite name="Tests_Shortcode::test_pcre_performance" tests="3" assertions="3" errors="0" failures="0" skipped="0" time="0.079550">
          <testcase name="test_pcre_performance with data set #0" class="Tests_Shortcode" classname="Tests_Shortcode" file="/var/www/html/test/wordpress_test/inpsyde_test/test/wp-content/plugins/plugintestslughere/tests/unit/tests/shortcode.php" line="736" assertions="1" time="0.025251"/>
          <testcase name="test_pcre_performance with data set #1" class="Tests_Shortcode" classname="Tests_Shortcode" file="/var/www/html/test/wordpress_test/inpsyde_test/test/wp-content/plugins/plugintestslughere/tests/unit/tests/shortcode.php" line="736" assertions="1" time="0.025962"/>
          <testcase name="test_pcre_performance with data set #2" class="Tests_Shortcode" classname="Tests_Shortcode" file="/var/www/html/test/wordpress_test/inpsyde_test/test/wp-content/plugins/plugintestslughere/tests/unit/tests/shortcode.php" line="736" assertions="1" time="0.028337"/>
        </testsuite>
        <testcase name="test_php_and_js_shortcode_attribute_regexes_match" class="Tests_Shortcode" classname="Tests_Shortcode" file="/var/www/html/test/wordpress_test/inpsyde_test/test/wp-content/plugins/plugintestslughere/tests/unit/tests/shortcode.php" line="747" assertions="2" time="0.078082"/>
        <testcase name="test_unnamed_attribute" class="Tests_Shortcode" classname="Tests_Shortcode" file="/var/www/html/test/wordpress_test/inpsyde_test/test/wp-content/plugins/plugintestslughere/tests/unit/tests/shortcode.php" line="765" assertions="1" time="0.026890"/>
        <testcase name="test_smilies_arent_converted" class="Tests_Shortcode" classname="Tests_Shortcode" file="/var/www/html/test/wordpress_test/inpsyde_test/test/wp-content/plugins/plugintestslughere/tests/unit/tests/shortcode.php" line="774" assertions="1" time="0.025163"/>
        <testcase name="test_pre_do_shortcode_tag" class="Tests_Shortcode" classname="Tests_Shortcode" file="/var/www/html/test/wordpress_test/inpsyde_test/test/wp-content/plugins/plugintestslughere/tests/unit/tests/shortcode.php" line="783" assertions="4" time="0.027109"/>
        <testcase name="test_do_shortcode_tag_filter" class="Tests_Shortcode" classname="Tests_Shortcode" file="/var/www/html/test/wordpress_test/inpsyde_test/test/wp-content/plugins/plugintestslughere/tests/unit/tests/shortcode.php" line="853" assertions="4" time="0.030818"/>
        <testcase name="test_empty_single_quote_attribute" class="Tests_Shortcode" classname="Tests_Shortcode" file="/var/www/html/test/wordpress_test/inpsyde_test/test/wp-content/plugins/plugintestslughere/tests/unit/tests/shortcode.php" line="925" assertions="1" time="0.026306"/>
        <testcase name="test_positional_atts_single_quotes" class="Tests_Shortcode" classname="Tests_Shortcode" file="/var/www/html/test/wordpress_test/inpsyde_test/test/wp-content/plugins/plugintestslughere/tests/unit/tests/shortcode.php" line="943" assertions="3" time="0.027658"/>
        <testcase name="test_positional_atts_mixed_quotes" class="Tests_Shortcode" classname="Tests_Shortcode" file="/var/www/html/test/wordpress_test/inpsyde_test/test/wp-content/plugins/plugintestslughere/tests/unit/tests/shortcode.php" line="959" assertions="3" time="0.026357"/>
      </testsuite>
      <testsuite name="Tests_Site_Health" file="/var/www/html/test/wordpress_test/inpsyde_test/test/wp-content/plugins/plugintestslughere/tests/unit/tests/site-health.php" tests="5" assertions="20" errors="0" failures="0" skipped="0" time="0.378884">
        <testcase name="test_cron_health_checks_critical" class="Tests_Site_Health" classname="Tests_Site_Health" file="/var/www/html/test/wordpress_test/inpsyde_test/test/wp-content/plugins/plugintestslughere/tests/unit/tests/site-health.php" line="17" assertions="4" time="0.072338"/>
        <testsuite name="Tests_Site_Health::test_cron_health_checks" tests="4" assertions="16" errors="0" failures="0" skipped="0" time="0.306546">
          <testcase name="test_cron_health_checks with data set #0" class="Tests_Site_Health" classname="Tests_Site_Health" file="/var/www/html/test/wordpress_test/inpsyde_test/test/wp-content/plugins/plugintestslughere/tests/unit/tests/site-health.php" line="37" assertions="4" time="0.076329"/>
          <testcase name="test_cron_health_checks with data set #1" class="Tests_Site_Health" classname="Tests_Site_Health" file="/var/www/html/test/wordpress_test/inpsyde_test/test/wp-content/plugins/plugintestslughere/tests/unit/tests/site-health.php" line="37" assertions="4" time="0.076413"/>
          <testcase name="test_cron_health_checks with data set #2" class="Tests_Site_Health" classname="Tests_Site_Health" file="/var/www/html/test/wordpress_test/inpsyde_test/test/wp-content/plugins/plugintestslughere/tests/unit/tests/site-health.php" line="37" assertions="4" time="0.076740"/>
          <testcase name="test_cron_health_checks with data set #3" class="Tests_Site_Health" classname="Tests_Site_Health" file="/var/www/html/test/wordpress_test/inpsyde_test/test/wp-content/plugins/plugintestslughere/tests/unit/tests/site-health.php" line="37" assertions="4" time="0.077064"/>
        </testsuite>
      </testsuite>
      <testsuite name="Test_Sitemaps_Functions" file="/var/www/html/test/wordpress_test/inpsyde_test/test/wp-content/plugins/plugintestslughere/tests/unit/tests/sitemaps/functions.php" tests="24" assertions="29" errors="0" failures="0" skipped="0" time="1.294422">
        <testcase name="test_wp_sitemaps_get_max_urls" class="Test_Sitemaps_Functions" classname="Test_Sitemaps_Functions" file="/var/www/html/test/wordpress_test/inpsyde_test/test/wp-content/plugins/plugintestslughere/tests/unit/tests/sitemaps/functions.php" line="10" assertions="3" time="0.037311"/>
        <testcase name="test_wp_get_sitemap_providers" class="Test_Sitemaps_Functions" classname="Test_Sitemaps_Functions" file="/var/www/html/test/wordpress_test/inpsyde_test/test/wp-content/plugins/plugintestslughere/tests/unit/tests/sitemaps/functions.php" line="46" assertions="4" time="0.031665"/>
        <testsuite name="Test_Sitemaps_Functions::test_get_sitemap_url_ugly_permalinks" tests="11" assertions="11" errors="0" failures="0" skipped="0" time="0.306144">
          <testcase name="test_get_sitemap_url_ugly_permalinks with data set #0" class="Test_Sitemaps_Functions" classname="Test_Sitemaps_Functions" file="/var/www/html/test/wordpress_test/inpsyde_test/test/wp-content/plugins/plugintestslughere/tests/unit/tests/sitemaps/functions.php" line="67" assertions="1" time="0.028040"/>
          <testcase name="test_get_sitemap_url_ugly_permalinks with data set #1" class="Test_Sitemaps_Functions" classname="Test_Sitemaps_Functions" file="/var/www/html/test/wordpress_test/inpsyde_test/test/wp-content/plugins/plugintestslughere/tests/unit/tests/sitemaps/functions.php" line="67" assertions="1" time="0.028824"/>
          <testcase name="test_get_sitemap_url_ugly_permalinks with data set #2" class="Test_Sitemaps_Functions" classname="Test_Sitemaps_Functions" file="/var/www/html/test/wordpress_test/inpsyde_test/test/wp-content/plugins/plugintestslughere/tests/unit/tests/sitemaps/functions.php" line="67" assertions="1" time="0.029157"/>
          <testcase name="test_get_sitemap_url_ugly_permalinks with data set #3" class="Test_Sitemaps_Functions" classname="Test_Sitemaps_Functions" file="/var/www/html/test/wordpress_test/inpsyde_test/test/wp-content/plugins/plugintestslughere/tests/unit/tests/sitemaps/functions.php" line="67" assertions="1" time="0.027216"/>
          <testcase name="test_get_sitemap_url_ugly_permalinks with data set #4" class="Test_Sitemaps_Functions" classname="Test_Sitemaps_Functions" file="/var/www/html/test/wordpress_test/inpsyde_test/test/wp-content/plugins/plugintestslughere/tests/unit/tests/sitemaps/functions.php" line="67" assertions="1" time="0.026187"/>
          <testcase name="test_get_sitemap_url_ugly_permalinks with data set #5" class="Test_Sitemaps_Functions" classname="Test_Sitemaps_Functions" file="/var/www/html/test/wordpress_test/inpsyde_test/test/wp-content/plugins/plugintestslughere/tests/unit/tests/sitemaps/functions.php" line="67" assertions="1" time="0.027023"/>
          <testcase name="test_get_sitemap_url_ugly_permalinks with data set #6" class="Test_Sitemaps_Functions" classname="Test_Sitemaps_Functions" file="/var/www/html/test/wordpress_test/inpsyde_test/test/wp-content/plugins/plugintestslughere/tests/unit/tests/sitemaps/functions.php" line="67" assertions="1" time="0.028719"/>
          <testcase name="test_get_sitemap_url_ugly_permalinks with data set #7" class="Test_Sitemaps_Functions" classname="Test_Sitemaps_Functions" file="/var/www/html/test/wordpress_test/inpsyde_test/test/wp-content/plugins/plugintestslughere/tests/unit/tests/sitemaps/functions.php" line="67" assertions="1" time="0.028958"/>
          <testcase name="test_get_sitemap_url_ugly_permalinks with data set #8" class="Test_Sitemaps_Functions" classname="Test_Sitemaps_Functions" file="/var/www/html/test/wordpress_test/inpsyde_test/test/wp-content/plugins/plugintestslughere/tests/unit/tests/sitemaps/functions.php" line="67" assertions="1" time="0.027069"/>
          <testcase name="test_get_sitemap_url_ugly_permalinks with data set #9" class="Test_Sitemaps_Functions" classname="Test_Sitemaps_Functions" file="/var/www/html/test/wordpress_test/inpsyde_test/test/wp-content/plugins/plugintestslughere/tests/unit/tests/sitemaps/functions.php" line="67" assertions="1" time="0.028207"/>
          <testcase name="test_get_sitemap_url_ugly_permalinks with data set #10" class="Test_Sitemaps_Functions" classname="Test_Sitemaps_Functions" file="/var/www/html/test/wordpress_test/inpsyde_test/test/wp-content/plugins/plugintestslughere/tests/unit/tests/sitemaps/functions.php" line="67" assertions="1" time="0.026744"/>
        </testsuite>
        <testsuite name="Test_Sitemaps_Functions::test_get_sitemap_url_pretty_permalinks" tests="11" assertions="11" errors="0" failures="0" skipped="0" time="0.919302">
          <testcase name="test_get_sitemap_url_pretty_permalinks with data set #0" class="Test_Sitemaps_Functions" classname="Test_Sitemaps_Functions" file="/var/www/html/test/wordpress_test/inpsyde_test/test/wp-content/plugins/plugintestslughere/tests/unit/tests/sitemaps/functions.php" line="78" assertions="1" time="0.086180"/>
          <testcase name="test_get_sitemap_url_pretty_permalinks with data set #1" class="Test_Sitemaps_Functions" classname="Test_Sitemaps_Functions" file="/var/www/html/test/wordpress_test/inpsyde_test/test/wp-content/plugins/plugintestslughere/tests/unit/tests/sitemaps/functions.php" line="78" assertions="1" time="0.077233"/>
          <testcase name="test_get_sitemap_url_pretty_permalinks with data set #2" class="Test_Sitemaps_Functions" classname="Test_Sitemaps_Functions" file="/var/www/html/test/wordpress_test/inpsyde_test/test/wp-content/plugins/plugintestslughere/tests/unit/tests/sitemaps/functions.php" line="78" assertions="1" time="0.087033"/>
          <testcase name="test_get_sitemap_url_pretty_permalinks with data set #3" class="Test_Sitemaps_Functions" classname="Test_Sitemaps_Functions" file="/var/www/html/test/wordpress_test/inpsyde_test/test/wp-content/plugins/plugintestslughere/tests/unit/tests/sitemaps/functions.php" line="78" assertions="1" time="0.076838"/>
          <testcase name="test_get_sitemap_url_pretty_permalinks with data set #4" class="Test_Sitemaps_Functions" classname="Test_Sitemaps_Functions" file="/var/www/html/test/wordpress_test/inpsyde_test/test/wp-content/plugins/plugintestslughere/tests/unit/tests/sitemaps/functions.php" line="78" assertions="1" time="0.076742"/>
          <testcase name="test_get_sitemap_url_pretty_permalinks with data set #5" class="Test_Sitemaps_Functions" classname="Test_Sitemaps_Functions" file="/var/www/html/test/wordpress_test/inpsyde_test/test/wp-content/plugins/plugintestslughere/tests/unit/tests/sitemaps/functions.php" line="78" assertions="1" time="0.076818"/>
          <testcase name="test_get_sitemap_url_pretty_permalinks with data set #6" class="Test_Sitemaps_Functions" classname="Test_Sitemaps_Functions" file="/var/www/html/test/wordpress_test/inpsyde_test/test/wp-content/plugins/plugintestslughere/tests/unit/tests/sitemaps/functions.php" line="78" assertions="1" time="0.076618"/>
          <testcase name="test_get_sitemap_url_pretty_permalinks with data set #7" class="Test_Sitemaps_Functions" classname="Test_Sitemaps_Functions" file="/var/www/html/test/wordpress_test/inpsyde_test/test/wp-content/plugins/plugintestslughere/tests/unit/tests/sitemaps/functions.php" line="78" assertions="1" time="0.088476"/>
          <testcase name="test_get_sitemap_url_pretty_permalinks with data set #8" class="Test_Sitemaps_Functions" classname="Test_Sitemaps_Functions" file="/var/www/html/test/wordpress_test/inpsyde_test/test/wp-content/plugins/plugintestslughere/tests/unit/tests/sitemaps/functions.php" line="78" assertions="1" time="0.076018"/>
          <testcase name="test_get_sitemap_url_pretty_permalinks with data set #9" class="Test_Sitemaps_Functions" classname="Test_Sitemaps_Functions" file="/var/www/html/test/wordpress_test/inpsyde_test/test/wp-content/plugins/plugintestslughere/tests/unit/tests/sitemaps/functions.php" line="78" assertions="1" time="0.077249"/>
          <testcase name="test_get_sitemap_url_pretty_permalinks with data set #10" class="Test_Sitemaps_Functions" classname="Test_Sitemaps_Functions" file="/var/www/html/test/wordpress_test/inpsyde_test/test/wp-content/plugins/plugintestslughere/tests/unit/tests/sitemaps/functions.php" line="78" assertions="1" time="0.120097"/>
        </testsuite>
      </testsuite>
      <testsuite name="Test_WP_Sitemaps_Index" file="/var/www/html/test/wordpress_test/inpsyde_test/test/wp-content/plugins/plugintestslughere/tests/unit/tests/sitemaps/sitemaps-index.php" tests="5" assertions="6" errors="0" failures="0" skipped="0" time="0.192573">
        <testcase name="test_get_sitemap_list" class="Test_WP_Sitemaps_Index" classname="Test_WP_Sitemaps_Index" file="/var/www/html/test/wordpress_test/inpsyde_test/test/wp-content/plugins/plugintestslughere/tests/unit/tests/sitemaps/sitemaps-index.php" line="7" assertions="1" time="0.029770"/>
        <testcase name="test_get_sitemap_list_limit" class="Test_WP_Sitemaps_Index" classname="Test_WP_Sitemaps_Index" file="/var/www/html/test/wordpress_test/inpsyde_test/test/wp-content/plugins/plugintestslughere/tests/unit/tests/sitemaps/sitemaps-index.php" line="28" assertions="2" time="0.033114"/>
        <testcase name="test_get_sitemap_list_no_entries" class="Test_WP_Sitemaps_Index" classname="Test_WP_Sitemaps_Index" file="/var/www/html/test/wordpress_test/inpsyde_test/test/wp-content/plugins/plugintestslughere/tests/unit/tests/sitemaps/sitemaps-index.php" line="46" assertions="1" time="0.022809"/>
        <testcase name="test_get_index_url" class="Test_WP_Sitemaps_Index" classname="Test_WP_Sitemaps_Index" file="/var/www/html/test/wordpress_test/inpsyde_test/test/wp-content/plugins/plugintestslughere/tests/unit/tests/sitemaps/sitemaps-index.php" line="55" assertions="1" time="0.029061"/>
        <testcase name="test_get_index_url_pretty_permalinks" class="Test_WP_Sitemaps_Index" classname="Test_WP_Sitemaps_Index" file="/var/www/html/test/wordpress_test/inpsyde_test/test/wp-content/plugins/plugintestslughere/tests/unit/tests/sitemaps/sitemaps-index.php" line="62" assertions="1" time="0.077819"/>
      </testsuite>
      <testsuite name="Test_WP_Sitemaps_Posts" file="/var/www/html/test/wordpress_test/inpsyde_test/test/wp-content/plugins/plugintestslughere/tests/unit/tests/sitemaps/sitemaps-posts.php" tests="3" assertions="4" errors="0" failures="0" skipped="0" time="0.137659">
        <testcase name="test_get_sitemap_entries_homepage" class="Test_WP_Sitemaps_Posts" classname="Test_WP_Sitemaps_Posts" file="/var/www/html/test/wordpress_test/inpsyde_test/test/wp-content/plugins/plugintestslughere/tests/unit/tests/sitemaps/sitemaps-posts.php" line="14" assertions="1" time="0.026802"/>
        <testcase name="test_filter_sitemaps_post_types" class="Test_WP_Sitemaps_Posts" classname="Test_WP_Sitemaps_Posts" file="/var/www/html/test/wordpress_test/inpsyde_test/test/wp-content/plugins/plugintestslughere/tests/unit/tests/sitemaps/sitemaps-posts.php" line="33" assertions="1" time="0.027430"/>
        <testcase name="test_posts_show_on_front_entry" class="Test_WP_Sitemaps_Posts" classname="Test_WP_Sitemaps_Posts" file="/var/www/html/test/wordpress_test/inpsyde_test/test/wp-content/plugins/plugintestslughere/tests/unit/tests/sitemaps/sitemaps-posts.php" line="46" assertions="2" time="0.083427"/>
      </testsuite>
      <testsuite name="Test_WP_Sitemaps_Registry" file="/var/www/html/test/wordpress_test/inpsyde_test/test/wp-content/plugins/plugintestslughere/tests/unit/tests/sitemaps/sitemaps-registry.php" tests="2" assertions="7" errors="0" failures="0" skipped="0" time="0.055220">
        <testcase name="test_add_provider" class="Test_WP_Sitemaps_Registry" classname="Test_WP_Sitemaps_Registry" file="/var/www/html/test/wordpress_test/inpsyde_test/test/wp-content/plugins/plugintestslughere/tests/unit/tests/sitemaps/sitemaps-registry.php" line="7" assertions="3" time="0.029174"/>
        <testcase name="test_add_provider_prevent_duplicates" class="Test_WP_Sitemaps_Registry" classname="Test_WP_Sitemaps_Registry" file="/var/www/html/test/wordpress_test/inpsyde_test/test/wp-content/plugins/plugintestslughere/tests/unit/tests/sitemaps/sitemaps-registry.php" line="19" assertions="4" time="0.026046"/>
      </testsuite>
      <testsuite name="Test_WP_Sitemaps_Renderer" file="/var/www/html/test/wordpress_test/inpsyde_test/test/wp-content/plugins/plugintestslughere/tests/unit/tests/sitemaps/sitemaps-renderer.php" tests="11" assertions="23" errors="0" failures="0" skipped="0" time="0.444188">
        <testcase name="test_get_sitemap_stylesheet_url" class="Test_WP_Sitemaps_Renderer" classname="Test_WP_Sitemaps_Renderer" file="/var/www/html/test/wordpress_test/inpsyde_test/test/wp-content/plugins/plugintestslughere/tests/unit/tests/sitemaps/sitemaps-renderer.php" line="7" assertions="1" time="0.033626"/>
        <testcase name="test_get_sitemap_stylesheet_url_pretty_permalinks" class="Test_WP_Sitemaps_Renderer" classname="Test_WP_Sitemaps_Renderer" file="/var/www/html/test/wordpress_test/inpsyde_test/test/wp-content/plugins/plugintestslughere/tests/unit/tests/sitemaps/sitemaps-renderer.php" line="14" assertions="1" time="0.079933"/>
        <testcase name="test_get_sitemap_index_stylesheet_url" class="Test_WP_Sitemaps_Renderer" classname="Test_WP_Sitemaps_Renderer" file="/var/www/html/test/wordpress_test/inpsyde_test/test/wp-content/plugins/plugintestslughere/tests/unit/tests/sitemaps/sitemaps-renderer.php" line="27" assertions="1" time="0.027809"/>
        <testcase name="test_get_sitemap_index_stylesheet_url_pretty_permalinks" class="Test_WP_Sitemaps_Renderer" classname="Test_WP_Sitemaps_Renderer" file="/var/www/html/test/wordpress_test/inpsyde_test/test/wp-content/plugins/plugintestslughere/tests/unit/tests/sitemaps/sitemaps-renderer.php" line="34" assertions="1" time="0.081193"/>
        <testcase name="test_get_sitemap_index_xml" class="Test_WP_Sitemaps_Renderer" classname="Test_WP_Sitemaps_Renderer" file="/var/www/html/test/wordpress_test/inpsyde_test/test/wp-content/plugins/plugintestslughere/tests/unit/tests/sitemaps/sitemaps-renderer.php" line="50" assertions="3" time="0.059470"/>
        <testcase name="test_get_sitemap_index_xml_with_lastmod" class="Test_WP_Sitemaps_Renderer" classname="Test_WP_Sitemaps_Renderer" file="/var/www/html/test/wordpress_test/inpsyde_test/test/wp-content/plugins/plugintestslughere/tests/unit/tests/sitemaps/sitemaps-renderer.php" line="88" assertions="3" time="0.027904"/>
        <testcase name="test_get_sitemap_index_xml_extra_elements" class="Test_WP_Sitemaps_Renderer" classname="Test_WP_Sitemaps_Renderer" file="/var/www/html/test/wordpress_test/inpsyde_test/test/wp-content/plugins/plugintestslughere/tests/unit/tests/sitemaps/sitemaps-renderer.php" line="137" assertions="3" time="0.029701"/>
        <testcase name="test_get_sitemap_index_xml_without_stylesheet" class="Test_WP_Sitemaps_Renderer" classname="Test_WP_Sitemaps_Renderer" file="/var/www/html/test/wordpress_test/inpsyde_test/test/wp-content/plugins/plugintestslughere/tests/unit/tests/sitemaps/sitemaps-renderer.php" line="165" assertions="2" time="0.026324"/>
        <testcase name="test_get_sitemap_xml" class="Test_WP_Sitemaps_Renderer" classname="Test_WP_Sitemaps_Renderer" file="/var/www/html/test/wordpress_test/inpsyde_test/test/wp-content/plugins/plugintestslughere/tests/unit/tests/sitemaps/sitemaps-renderer.php" line="189" assertions="3" time="0.027612"/>
        <testcase name="test_get_sitemap_xml_without_stylesheet" class="Test_WP_Sitemaps_Renderer" classname="Test_WP_Sitemaps_Renderer" file="/var/www/html/test/wordpress_test/inpsyde_test/test/wp-content/plugins/plugintestslughere/tests/unit/tests/sitemaps/sitemaps-renderer.php" line="227" assertions="2" time="0.026298"/>
        <testcase name="test_get_sitemap_xml_extra_elements" class="Test_WP_Sitemaps_Renderer" classname="Test_WP_Sitemaps_Renderer" file="/var/www/html/test/wordpress_test/inpsyde_test/test/wp-content/plugins/plugintestslughere/tests/unit/tests/sitemaps/sitemaps-renderer.php" line="257" assertions="3" time="0.024318"/>
      </testsuite>
      <testsuite name="Test_WP_Sitemaps_Stylesheet" file="/var/www/html/test/wordpress_test/inpsyde_test/test/wp-content/plugins/plugintestslughere/tests/unit/tests/sitemaps/sitemaps-stylesheet.php" tests="3" assertions="3" errors="0" failures="0" skipped="0" time="0.077105">
        <testcase name="test_filter_sitemaps_stylesheet_content" class="Test_WP_Sitemaps_Stylesheet" classname="Test_WP_Sitemaps_Stylesheet" file="/var/www/html/test/wordpress_test/inpsyde_test/test/wp-content/plugins/plugintestslughere/tests/unit/tests/sitemaps/sitemaps-stylesheet.php" line="10" assertions="1" time="0.026650"/>
        <testcase name="test_filter_sitemaps_stylesheet_index_content" class="Test_WP_Sitemaps_Stylesheet" classname="Test_WP_Sitemaps_Stylesheet" file="/var/www/html/test/wordpress_test/inpsyde_test/test/wp-content/plugins/plugintestslughere/tests/unit/tests/sitemaps/sitemaps-stylesheet.php" line="22" assertions="1" time="0.026886"/>
        <testcase name="test_filter_sitemaps_stylesheet_css" class="Test_WP_Sitemaps_Stylesheet" classname="Test_WP_Sitemaps_Stylesheet" file="/var/www/html/test/wordpress_test/inpsyde_test/test/wp-content/plugins/plugintestslughere/tests/unit/tests/sitemaps/sitemaps-stylesheet.php" line="34" assertions="1" time="0.023569"/>
      </testsuite>
      <testsuite name="Test_WP_Sitemaps_Taxonomies" file="/var/www/html/test/wordpress_test/inpsyde_test/test/wp-content/plugins/plugintestslughere/tests/unit/tests/sitemaps/sitemaps-taxonomies.php" tests="6" assertions="9" errors="0" failures="0" skipped="0" time="1.142125">
        <testcase name="test_get_url_list_taxonomies" class="Test_WP_Sitemaps_Taxonomies" classname="Test_WP_Sitemaps_Taxonomies" file="/var/www/html/test/wordpress_test/inpsyde_test/test/wp-content/plugins/plugintestslughere/tests/unit/tests/sitemaps/sitemaps-taxonomies.php" line="43" assertions="2" time="0.264270"/>
        <testcase name="test_get_url_list_custom_taxonomy" class="Test_WP_Sitemaps_Taxonomies" classname="Test_WP_Sitemaps_Taxonomies" file="/var/www/html/test/wordpress_test/inpsyde_test/test/wp-content/plugins/plugintestslughere/tests/unit/tests/sitemaps/sitemaps-taxonomies.php" line="88" assertions="1" time="0.231357"/>
        <testcase name="test_get_url_list_custom_taxonomy_private" class="Test_WP_Sitemaps_Taxonomies" classname="Test_WP_Sitemaps_Taxonomies" file="/var/www/html/test/wordpress_test/inpsyde_test/test/wp-content/plugins/plugintestslughere/tests/unit/tests/sitemaps/sitemaps-taxonomies.php" line="124" assertions="1" time="0.254443"/>
        <testcase name="test_get_url_list_custom_taxonomy_not_publicly_queryable" class="Test_WP_Sitemaps_Taxonomies" classname="Test_WP_Sitemaps_Taxonomies" file="/var/www/html/test/wordpress_test/inpsyde_test/test/wp-content/plugins/plugintestslughere/tests/unit/tests/sitemaps/sitemaps-taxonomies.php" line="148" assertions="1" time="0.209316"/>
        <testcase name="test_get_sitemap_entries_custom_taxonomies" class="Test_WP_Sitemaps_Taxonomies" classname="Test_WP_Sitemaps_Taxonomies" file="/var/www/html/test/wordpress_test/inpsyde_test/test/wp-content/plugins/plugintestslughere/tests/unit/tests/sitemaps/sitemaps-taxonomies.php" line="172" assertions="3" time="0.153650"/>
        <testcase name="test_filter_sitemaps_taxonomies" class="Test_WP_Sitemaps_Taxonomies" classname="Test_WP_Sitemaps_Taxonomies" file="/var/www/html/test/wordpress_test/inpsyde_test/test/wp-content/plugins/plugintestslughere/tests/unit/tests/sitemaps/sitemaps-taxonomies.php" line="212" assertions="1" time="0.029089"/>
      </testsuite>
      <testsuite name="Test_WP_Sitemaps_Users" file="/var/www/html/test/wordpress_test/inpsyde_test/test/wp-content/plugins/plugintestslughere/tests/unit/tests/sitemaps/sitemaps-users.php" tests="1" assertions="1" errors="0" failures="0" skipped="0" time="0.286542">
        <testcase name="test_get_url_list_users" class="Test_WP_Sitemaps_Users" classname="Test_WP_Sitemaps_Users" file="/var/www/html/test/wordpress_test/inpsyde_test/test/wp-content/plugins/plugintestslughere/tests/unit/tests/sitemaps/sitemaps-users.php" line="35" assertions="1" time="0.286542"/>
      </testsuite>
      <testsuite name="Test_Sitemaps" file="/var/www/html/test/wordpress_test/inpsyde_test/test/wp-content/plugins/plugintestslughere/tests/unit/tests/sitemaps/sitemaps.php" tests="19" assertions="22" errors="0" failures="0" skipped="0" time="86.615323">
        <testcase name="test_get_sitemap_entries" class="Test_Sitemaps" classname="Test_Sitemaps" file="/var/www/html/test/wordpress_test/inpsyde_test/test/wp-content/plugins/plugintestslughere/tests/unit/tests/sitemaps/sitemaps.php" line="116" assertions="1" time="0.047793"/>
        <testcase name="test_get_sitemap_entries_post_with_permalinks" class="Test_Sitemaps" classname="Test_Sitemaps" file="/var/www/html/test/wordpress_test/inpsyde_test/test/wp-content/plugins/plugintestslughere/tests/unit/tests/sitemaps/sitemaps.php" line="143" assertions="1" time="0.095361"/>
        <testcase name="test_get_sitemap_entries_custom_post_types" class="Test_Sitemaps" classname="Test_Sitemaps" file="/var/www/html/test/wordpress_test/inpsyde_test/test/wp-content/plugins/plugintestslughere/tests/unit/tests/sitemaps/sitemaps.php" line="175" assertions="2" time="0.109247"/>
        <testcase name="test_get_sitemap_entries_not_publicly_queryable_post_types" class="Test_Sitemaps" classname="Test_Sitemaps" file="/var/www/html/test/wordpress_test/inpsyde_test/test/wp-content/plugins/plugintestslughere/tests/unit/tests/sitemaps/sitemaps.php" line="199" assertions="1" time="0.110322"/>
        <testcase name="test_get_url_list_post" class="Test_Sitemaps" classname="Test_Sitemaps" file="/var/www/html/test/wordpress_test/inpsyde_test/test/wp-content/plugins/plugintestslughere/tests/unit/tests/sitemaps/sitemaps.php" line="220" assertions="1" time="0.157642"/>
        <testcase name="test_get_url_list_page" class="Test_Sitemaps" classname="Test_Sitemaps" file="/var/www/html/test/wordpress_test/inpsyde_test/test/wp-content/plugins/plugintestslughere/tests/unit/tests/sitemaps/sitemaps.php" line="233" assertions="1" time="0.044200"/>
        <testcase name="test_get_url_list_page_with_home" class="Test_Sitemaps" classname="Test_Sitemaps" file="/var/www/html/test/wordpress_test/inpsyde_test/test/wp-content/plugins/plugintestslughere/tests/unit/tests/sitemaps/sitemaps.php" line="249" assertions="1" time="0.044053"/>
        <testcase name="test_get_url_list_private_post" class="Test_Sitemaps" classname="Test_Sitemaps" file="/var/www/html/test/wordpress_test/inpsyde_test/test/wp-content/plugins/plugintestslughere/tests/unit/tests/sitemaps/sitemaps.php" line="270" assertions="2" time="0.126550"/>
        <testcase name="test_get_url_list_cpt" class="Test_Sitemaps" classname="Test_Sitemaps" file="/var/www/html/test/wordpress_test/inpsyde_test/test/wp-content/plugins/plugintestslughere/tests/unit/tests/sitemaps/sitemaps.php" line="292" assertions="1" time="0.274832"/>
        <testcase name="test_get_url_list_cpt_private" class="Test_Sitemaps" classname="Test_Sitemaps" file="/var/www/html/test/wordpress_test/inpsyde_test/test/wp-content/plugins/plugintestslughere/tests/unit/tests/sitemaps/sitemaps.php" line="315" assertions="1" time="0.232797"/>
        <testcase name="test_get_url_list_cpt_not_publicly_queryable" class="Test_Sitemaps" classname="Test_Sitemaps" file="/var/www/html/test/wordpress_test/inpsyde_test/test/wp-content/plugins/plugintestslughere/tests/unit/tests/sitemaps/sitemaps.php" line="338" assertions="1" time="0.207472"/>
        <testcase name="test_register_sitemap_provider" class="Test_Sitemaps" classname="Test_Sitemaps" file="/var/www/html/test/wordpress_test/inpsyde_test/test/wp-content/plugins/plugintestslughere/tests/unit/tests/sitemaps/sitemaps.php" line="391" assertions="1" time="0.033421"/>
        <testcase name="test_robots_text" class="Test_Sitemaps" classname="Test_Sitemaps" file="/var/www/html/test/wordpress_test/inpsyde_test/test/wp-content/plugins/plugintestslughere/tests/unit/tests/sitemaps/sitemaps.php" line="402" assertions="1" time="0.032722"/>
        <testcase name="test_robots_text_private_site" class="Test_Sitemaps" classname="Test_Sitemaps" file="/var/www/html/test/wordpress_test/inpsyde_test/test/wp-content/plugins/plugintestslughere/tests/unit/tests/sitemaps/sitemaps.php" line="413" assertions="1" time="0.030590"/>
        <testcase name="test_robots_text_with_permalinks" class="Test_Sitemaps" classname="Test_Sitemaps" file="/var/www/html/test/wordpress_test/inpsyde_test/test/wp-content/plugins/plugintestslughere/tests/unit/tests/sitemaps/sitemaps.php" line="423" assertions="1" time="0.099340"/>
        <testcase name="test_robots_text_prefixed_with_line_feed" class="Test_Sitemaps" classname="Test_Sitemaps" file="/var/www/html/test/wordpress_test/inpsyde_test/test/wp-content/plugins/plugintestslughere/tests/unit/tests/sitemaps/sitemaps.php" line="440" assertions="1" time="0.033803"/>
        <testcase name="test_sitemaps_enabled" class="Test_Sitemaps" classname="Test_Sitemaps" file="/var/www/html/test/wordpress_test/inpsyde_test/test/wp-content/plugins/plugintestslughere/tests/unit/tests/sitemaps/sitemaps.php" line="451" assertions="2" time="0.034728"/>
        <testcase name="test_disable_sitemap_should_return_404" class="Test_Sitemaps" classname="Test_Sitemaps" file="/var/www/html/test/wordpress_test/inpsyde_test/test/wp-content/plugins/plugintestslughere/tests/unit/tests/sitemaps/sitemaps.php" line="466" assertions="1" time="29.284191"/>
        <testcase name="test_empty_url_list_should_return_404" class="Test_Sitemaps" classname="Test_Sitemaps" file="/var/www/html/test/wordpress_test/inpsyde_test/test/wp-content/plugins/plugintestslughere/tests/unit/tests/sitemaps/sitemaps.php" line="483" assertions="1" time="55.616259"/>
      </testsuite>
      <testsuite name="Tests_Taxonomy" file="/var/www/html/test/wordpress_test/inpsyde_test/test/wp-content/plugins/plugintestslughere/tests/unit/tests/taxonomy.php" tests="56" assertions="151" errors="0" failures="0" skipped="0" time="4.253722">
        <testcase name="test_get_post_taxonomies" class="Tests_Taxonomy" classname="Tests_Taxonomy" file="/var/www/html/test/wordpress_test/inpsyde_test/test/wp-content/plugins/plugintestslughere/tests/unit/tests/taxonomy.php" line="7" assertions="1" time="0.021578"/>
        <testcase name="test_get_link_taxonomies" class="Tests_Taxonomy" classname="Tests_Taxonomy" file="/var/www/html/test/wordpress_test/inpsyde_test/test/wp-content/plugins/plugintestslughere/tests/unit/tests/taxonomy.php" line="11" assertions="1" time="0.021786"/>
        <testcase name="test_get_unknown_taxonomies" class="Tests_Taxonomy" classname="Tests_Taxonomy" file="/var/www/html/test/wordpress_test/inpsyde_test/test/wp-content/plugins/plugintestslughere/tests/unit/tests/taxonomy.php" line="18" assertions="4" time="0.021706"/>
        <testcase name="test_get_post_taxonomy" class="Tests_Taxonomy" classname="Tests_Taxonomy" file="/var/www/html/test/wordpress_test/inpsyde_test/test/wp-content/plugins/plugintestslughere/tests/unit/tests/taxonomy.php" line="26" assertions="9" time="0.021639"/>
        <testcase name="test_get_the_taxonomies" class="Tests_Taxonomy" classname="Tests_Taxonomy" file="/var/www/html/test/wordpress_test/inpsyde_test/test/wp-content/plugins/plugintestslughere/tests/unit/tests/taxonomy.php" line="36" assertions="5" time="0.093622"/>
        <testcase name="test_get_the_taxonomies_term_template" class="Tests_Taxonomy" classname="Tests_Taxonomy" file="/var/www/html/test/wordpress_test/inpsyde_test/test/wp-content/plugins/plugintestslughere/tests/unit/tests/taxonomy.php" line="55" assertions="2" time="0.110094"/>
        <testcase name="test_the_taxonomies" class="Tests_Taxonomy" classname="Tests_Taxonomy" file="/var/www/html/test/wordpress_test/inpsyde_test/test/wp-content/plugins/plugintestslughere/tests/unit/tests/taxonomy.php" line="66" assertions="1" time="0.109299"/>
        <testcase name="test_the_taxonomies_term_template" class="Tests_Taxonomy" classname="Tests_Taxonomy" file="/var/www/html/test/wordpress_test/inpsyde_test/test/wp-content/plugins/plugintestslughere/tests/unit/tests/taxonomy.php" line="81" assertions="2" time="0.121248"/>
        <testcase name="test_get_link_taxonomy" class="Tests_Taxonomy" classname="Tests_Taxonomy" file="/var/www/html/test/wordpress_test/inpsyde_test/test/wp-content/plugins/plugintestslughere/tests/unit/tests/taxonomy.php" line="108" assertions="3" time="0.040209"/>
        <testcase name="test_taxonomy_exists_known" class="Tests_Taxonomy" classname="Tests_Taxonomy" file="/var/www/html/test/wordpress_test/inpsyde_test/test/wp-content/plugins/plugintestslughere/tests/unit/tests/taxonomy.php" line="118" assertions="3" time="0.032141"/>
        <testcase name="test_taxonomy_exists_unknown" class="Tests_Taxonomy" classname="Tests_Taxonomy" file="/var/www/html/test/wordpress_test/inpsyde_test/test/wp-content/plugins/plugintestslughere/tests/unit/tests/taxonomy.php" line="124" assertions="4" time="0.029928"/>
        <testcase name="test_is_taxonomy_hierarchical" class="Tests_Taxonomy" classname="Tests_Taxonomy" file="/var/www/html/test/wordpress_test/inpsyde_test/test/wp-content/plugins/plugintestslughere/tests/unit/tests/taxonomy.php" line="131" assertions="3" time="0.026237"/>
        <testcase name="test_is_taxonomy_hierarchical_unknown" class="Tests_Taxonomy" classname="Tests_Taxonomy" file="/var/www/html/test/wordpress_test/inpsyde_test/test/wp-content/plugins/plugintestslughere/tests/unit/tests/taxonomy.php" line="137" assertions="4" time="0.024948"/>
        <testcase name="test_register_taxonomy" class="Tests_Taxonomy" classname="Tests_Taxonomy" file="/var/www/html/test/wordpress_test/inpsyde_test/test/wp-content/plugins/plugintestslughere/tests/unit/tests/taxonomy.php" line="144" assertions="3" time="0.023351"/>
        <testcase name="test_register_hierarchical_taxonomy" class="Tests_Taxonomy" classname="Tests_Taxonomy" file="/var/www/html/test/wordpress_test/inpsyde_test/test/wp-content/plugins/plugintestslughere/tests/unit/tests/taxonomy.php" line="158" assertions="3" time="0.022755"/>
        <testcase name="test_register_taxonomy_return_value" class="Tests_Taxonomy" classname="Tests_Taxonomy" file="/var/www/html/test/wordpress_test/inpsyde_test/test/wp-content/plugins/plugintestslughere/tests/unit/tests/taxonomy.php" line="175" assertions="1" time="0.023012"/>
        <testcase name="test_register_taxonomy_with_too_long_name" class="Tests_Taxonomy" classname="Tests_Taxonomy" file="/var/www/html/test/wordpress_test/inpsyde_test/test/wp-content/plugins/plugintestslughere/tests/unit/tests/taxonomy.php" line="184" assertions="2" time="0.022376"/>
        <testcase name="test_register_taxonomy_with_empty_name" class="Tests_Taxonomy" classname="Tests_Taxonomy" file="/var/www/html/test/wordpress_test/inpsyde_test/test/wp-content/plugins/plugintestslughere/tests/unit/tests/taxonomy.php" line="193" assertions="2" time="0.022062"/>
        <testcase name="test_register_taxonomy_show_in_quick_edit_should_default_to_value_of_show_ui" class="Tests_Taxonomy" classname="Tests_Taxonomy" file="/var/www/html/test/wordpress_test/inpsyde_test/test/wp-content/plugins/plugintestslughere/tests/unit/tests/taxonomy.php" line="200" assertions="2" time="0.023914"/>
        <testcase name="test_registering_taxonomies_to_object_types" class="Tests_Taxonomy" classname="Tests_Taxonomy" file="/var/www/html/test/wordpress_test/inpsyde_test/test/wp-content/plugins/plugintestslughere/tests/unit/tests/taxonomy.php" line="227" assertions="21" time="0.025052"/>
        <testcase name="test_register_taxonomy_for_post_type_for_taxonomy_with_no_object_type_should_filter_out_empty_object_types" class="Tests_Taxonomy" classname="Tests_Taxonomy" file="/var/www/html/test/wordpress_test/inpsyde_test/test/wp-content/plugins/plugintestslughere/tests/unit/tests/taxonomy.php" line="276" assertions="1" time="0.022436"/>
        <testcase name="test_get_objects_in_term_should_return_invalid_taxonomy_error" class="Tests_Taxonomy" classname="Tests_Taxonomy" file="/var/www/html/test/wordpress_test/inpsyde_test/test/wp-content/plugins/plugintestslughere/tests/unit/tests/taxonomy.php" line="285" assertions="2" time="0.022123"/>
        <testcase name="test_get_objects_in_term_should_return_empty_array" class="Tests_Taxonomy" classname="Tests_Taxonomy" file="/var/www/html/test/wordpress_test/inpsyde_test/test/wp-content/plugins/plugintestslughere/tests/unit/tests/taxonomy.php" line="291" assertions="1" time="0.021443"/>
        <testcase name="test_get_objects_in_term_should_return_objects_ids" class="Tests_Taxonomy" classname="Tests_Taxonomy" file="/var/www/html/test/wordpress_test/inpsyde_test/test/wp-content/plugins/plugintestslughere/tests/unit/tests/taxonomy.php" line="295" assertions="4" time="0.292234"/>
        <testcase name="test_term_assignment_should_invalidate_get_objects_in_term_cache" class="Tests_Taxonomy" classname="Tests_Taxonomy" file="/var/www/html/test/wordpress_test/inpsyde_test/test/wp-content/plugins/plugintestslughere/tests/unit/tests/taxonomy.php" line="328" assertions="2" time="0.120582"/>
        <testcase name="test_term_deletion_should_invalidate_get_objects_in_term_cache" class="Tests_Taxonomy" classname="Tests_Taxonomy" file="/var/www/html/test/wordpress_test/inpsyde_test/test/wp-content/plugins/plugintestslughere/tests/unit/tests/taxonomy.php" line="353" assertions="2" time="0.131812"/>
        <testcase name="test_post_deletion_should_invalidate_get_objects_in_term_cache" class="Tests_Taxonomy" classname="Tests_Taxonomy" file="/var/www/html/test/wordpress_test/inpsyde_test/test/wp-content/plugins/plugintestslughere/tests/unit/tests/taxonomy.php" line="378" assertions="2" time="0.131691"/>
        <testcase name="test_in_category" class="Tests_Taxonomy" classname="Tests_Taxonomy" file="/var/www/html/test/wordpress_test/inpsyde_test/test/wp-content/plugins/plugintestslughere/tests/unit/tests/taxonomy.php" line="403" assertions="4" time="0.109517"/>
        <testcase name="test_insert_category_create" class="Tests_Taxonomy" classname="Tests_Taxonomy" file="/var/www/html/test/wordpress_test/inpsyde_test/test/wp-content/plugins/plugintestslughere/tests/unit/tests/taxonomy.php" line="417" assertions="1" time="0.076821"/>
        <testcase name="test_insert_category_update" class="Tests_Taxonomy" classname="Tests_Taxonomy" file="/var/www/html/test/wordpress_test/inpsyde_test/test/wp-content/plugins/plugintestslughere/tests/unit/tests/taxonomy.php" line="426" assertions="1" time="0.154069"/>
        <testcase name="test_insert_category_force_error_handle" class="Tests_Taxonomy" classname="Tests_Taxonomy" file="/var/www/html/test/wordpress_test/inpsyde_test/test/wp-content/plugins/plugintestslughere/tests/unit/tests/taxonomy.php" line="435" assertions="1" time="0.043514"/>
        <testcase name="test_insert_category_force_error_no_handle" class="Tests_Taxonomy" classname="Tests_Taxonomy" file="/var/www/html/test/wordpress_test/inpsyde_test/test/wp-content/plugins/plugintestslughere/tests/unit/tests/taxonomy.php" line="444" assertions="1" time="0.035307"/>
        <testcase name="test_get_ancestors_taxonomy_non_hierarchical" class="Tests_Taxonomy" classname="Tests_Taxonomy" file="/var/www/html/test/wordpress_test/inpsyde_test/test/wp-content/plugins/plugintestslughere/tests/unit/tests/taxonomy.php" line="453" assertions="1" time="0.085166"/>
        <testcase name="test_get_ancestors_taxonomy" class="Tests_Taxonomy" classname="Tests_Taxonomy" file="/var/www/html/test/wordpress_test/inpsyde_test/test/wp-content/plugins/plugintestslughere/tests/unit/tests/taxonomy.php" line="465" assertions="1" time="0.108860"/>
        <testcase name="test_get_ancestors_post_type_non_hierarchical" class="Tests_Taxonomy" classname="Tests_Taxonomy" file="/var/www/html/test/wordpress_test/inpsyde_test/test/wp-content/plugins/plugintestslughere/tests/unit/tests/taxonomy.php" line="501" assertions="1" time="0.087767"/>
        <testcase name="test_get_ancestors_post_type" class="Tests_Taxonomy" classname="Tests_Taxonomy" file="/var/www/html/test/wordpress_test/inpsyde_test/test/wp-content/plugins/plugintestslughere/tests/unit/tests/taxonomy.php" line="512" assertions="1" time="0.144634"/>
        <testcase name="test_get_ancestors_taxonomy_post_type_conflict_resource_type_taxonomy" class="Tests_Taxonomy" classname="Tests_Taxonomy" file="/var/www/html/test/wordpress_test/inpsyde_test/test/wp-content/plugins/plugintestslughere/tests/unit/tests/taxonomy.php" line="550" assertions="3" time="0.109995"/>
        <testcase name="test_nonpublicly_queryable_taxonomy_should_not_be_queryable_using_taxname_query_var" class="Tests_Taxonomy" classname="Tests_Taxonomy" file="/var/www/html/test/wordpress_test/inpsyde_test/test/wp-content/plugins/plugintestslughere/tests/unit/tests/taxonomy.php" line="597" assertions="1" time="0.153722"/>
        <testcase name="test_it_should_be_possible_to_register_a_query_var_that_matches_the_name_of_a_nonpublicly_queryable_taxonomy" class="Tests_Taxonomy" classname="Tests_Taxonomy" file="/var/www/html/test/wordpress_test/inpsyde_test/test/wp-content/plugins/plugintestslughere/tests/unit/tests/taxonomy.php" line="623" assertions="2" time="0.109393"/>
        <testcase name="test_nonpublicly_queryable_taxonomy_should_not_be_queryable_using_taxonomy_and_term_vars" class="Tests_Taxonomy" classname="Tests_Taxonomy" file="/var/www/html/test/wordpress_test/inpsyde_test/test/wp-content/plugins/plugintestslughere/tests/unit/tests/taxonomy.php" line="664" assertions="1" time="0.131762"/>
        <testcase name="test_public_taxonomy_should_be_publicly_queryable" class="Tests_Taxonomy" classname="Tests_Taxonomy" file="/var/www/html/test/wordpress_test/inpsyde_test/test/wp-content/plugins/plugintestslughere/tests/unit/tests/taxonomy.php" line="690" assertions="2" time="0.141832"/>
        <testcase name="test_private_taxonomy_should_not_be_publicly_queryable" class="Tests_Taxonomy" classname="Tests_Taxonomy" file="/var/www/html/test/wordpress_test/inpsyde_test/test/wp-content/plugins/plugintestslughere/tests/unit/tests/taxonomy.php" line="718" assertions="2" time="0.110257"/>
        <testcase name="test_private_taxonomy_should_be_overridden_by_publicly_queryable" class="Tests_Taxonomy" classname="Tests_Taxonomy" file="/var/www/html/test/wordpress_test/inpsyde_test/test/wp-content/plugins/plugintestslughere/tests/unit/tests/taxonomy.php" line="746" assertions="2" time="0.131722"/>
        <testcase name="test_query_var_should_be_forced_to_false_for_non_public_taxonomy" class="Tests_Taxonomy" classname="Tests_Taxonomy" file="/var/www/html/test/wordpress_test/inpsyde_test/test/wp-content/plugins/plugintestslughere/tests/unit/tests/taxonomy.php" line="775" assertions="1" time="0.048762"/>
        <testcase name="test_unregister_taxonomy_unknown_taxonomy" class="Tests_Taxonomy" classname="Tests_Taxonomy" file="/var/www/html/test/wordpress_test/inpsyde_test/test/wp-content/plugins/plugintestslughere/tests/unit/tests/taxonomy.php" line="792" assertions="1" time="0.036662"/>
        <testcase name="test_unregister_taxonomy_twice" class="Tests_Taxonomy" classname="Tests_Taxonomy" file="/var/www/html/test/wordpress_test/inpsyde_test/test/wp-content/plugins/plugintestslughere/tests/unit/tests/taxonomy.php" line="799" assertions="2" time="0.043114"/>
        <testcase name="test_unregister_taxonomy_disallow_builtin_taxonomy" class="Tests_Taxonomy" classname="Tests_Taxonomy" file="/var/www/html/test/wordpress_test/inpsyde_test/test/wp-content/plugins/plugintestslughere/tests/unit/tests/taxonomy.php" line="808" assertions="2" time="0.032712"/>
        <testcase name="test_unregister_taxonomy_removes_query_vars" class="Tests_Taxonomy" classname="Tests_Taxonomy" file="/var/www/html/test/wordpress_test/inpsyde_test/test/wp-content/plugins/plugintestslughere/tests/unit/tests/taxonomy.php" line="816" assertions="3" time="0.030295"/>
        <testcase name="test_unregister_taxonomy_removes_permastruct" class="Tests_Taxonomy" classname="Tests_Taxonomy" file="/var/www/html/test/wordpress_test/inpsyde_test/test/wp-content/plugins/plugintestslughere/tests/unit/tests/taxonomy.php" line="829" assertions="3" time="0.090559"/>
        <testcase name="test_unregister_taxonomy_removes_rewrite_rules" class="Tests_Taxonomy" classname="Tests_Taxonomy" file="/var/www/html/test/wordpress_test/inpsyde_test/test/wp-content/plugins/plugintestslughere/tests/unit/tests/taxonomy.php" line="851" assertions="6" time="0.076904"/>
        <testcase name="test_unregister_taxonomy_removes_taxonomy_from_global" class="Tests_Taxonomy" classname="Tests_Taxonomy" file="/var/www/html/test/wordpress_test/inpsyde_test/test/wp-content/plugins/plugintestslughere/tests/unit/tests/taxonomy.php" line="871" assertions="5" time="0.027842"/>
        <testcase name="test_unregister_taxonomy_removes_meta_box_callback" class="Tests_Taxonomy" classname="Tests_Taxonomy" file="/var/www/html/test/wordpress_test/inpsyde_test/test/wp-content/plugins/plugintestslughere/tests/unit/tests/taxonomy.php" line="888" assertions="4" time="0.024666"/>
        <testcase name="test_taxonomy_does_not_exist_after_unregister_taxonomy" class="Tests_Taxonomy" classname="Tests_Taxonomy" file="/var/www/html/test/wordpress_test/inpsyde_test/test/wp-content/plugins/plugintestslughere/tests/unit/tests/taxonomy.php" line="902" assertions="2" time="0.024376"/>
        <testcase name="test_taxonomy_name_property_should_not_get_overridden_by_passed_args" class="Tests_Taxonomy" classname="Tests_Taxonomy" file="/var/www/html/test/wordpress_test/inpsyde_test/test/wp-content/plugins/plugintestslughere/tests/unit/tests/taxonomy.php" line="912" assertions="1" time="0.023349"/>
        <testcase name="test_edit_post_hierarchical_taxonomy" class="Tests_Taxonomy" classname="Tests_Taxonomy" file="/var/www/html/test/wordpress_test/inpsyde_test/test/wp-content/plugins/plugintestslughere/tests/unit/tests/taxonomy.php" line="924" assertions="1" time="0.283730"/>
        <testcase name="test_default_term_for_custom_taxonomy" class="Tests_Taxonomy" classname="Tests_Taxonomy" file="/var/www/html/test/wordpress_test/inpsyde_test/test/wp-content/plugins/plugintestslughere/tests/unit/tests/taxonomy.php" line="974" assertions="5" time="0.197135"/>
      </testsuite>
      <testsuite name="Tests_Taxonomy_GetObjectTaxonomies" file="/var/www/html/test/wordpress_test/inpsyde_test/test/wp-content/plugins/plugintestslughere/tests/unit/tests/taxonomy/getObjectTaxonomies.php" tests="7" assertions="11" errors="0" failures="0" skipped="0" time="0.368516">
        <testcase name="test_object_should_accept_string" class="Tests_Taxonomy_GetObjectTaxonomies" classname="Tests_Taxonomy_GetObjectTaxonomies" file="/var/www/html/test/wordpress_test/inpsyde_test/test/wp-content/plugins/plugintestslughere/tests/unit/tests/taxonomy/getObjectTaxonomies.php" line="13" assertions="1" time="0.024983"/>
        <testcase name="test_object_should_accept_array_of_post_type_names" class="Tests_Taxonomy_GetObjectTaxonomies" classname="Tests_Taxonomy_GetObjectTaxonomies" file="/var/www/html/test/wordpress_test/inpsyde_test/test/wp-content/plugins/plugintestslughere/tests/unit/tests/taxonomy/getObjectTaxonomies.php" line="20" assertions="1" time="0.023398"/>
        <testcase name="test_object_should_accept_post_object" class="Tests_Taxonomy_GetObjectTaxonomies" classname="Tests_Taxonomy_GetObjectTaxonomies" file="/var/www/html/test/wordpress_test/inpsyde_test/test/wp-content/plugins/plugintestslughere/tests/unit/tests/taxonomy/getObjectTaxonomies.php" line="27" assertions="1" time="0.090097"/>
        <testcase name="test_should_respect_output_names" class="Tests_Taxonomy_GetObjectTaxonomies" classname="Tests_Taxonomy_GetObjectTaxonomies" file="/var/www/html/test/wordpress_test/inpsyde_test/test/wp-content/plugins/plugintestslughere/tests/unit/tests/taxonomy/getObjectTaxonomies.php" line="35" assertions="3" time="0.025770"/>
        <testcase name="test_any_value_of_output_other_than_names_should_return_objects" class="Tests_Taxonomy_GetObjectTaxonomies" classname="Tests_Taxonomy_GetObjectTaxonomies" file="/var/www/html/test/wordpress_test/inpsyde_test/test/wp-content/plugins/plugintestslughere/tests/unit/tests/taxonomy/getObjectTaxonomies.php" line="43" assertions="1" time="0.025137"/>
        <testcase name="test_should_return_all_attachment_taxonomies_for_attachment_object_type" class="Tests_Taxonomy_GetObjectTaxonomies" classname="Tests_Taxonomy_GetObjectTaxonomies" file="/var/www/html/test/wordpress_test/inpsyde_test/test/wp-content/plugins/plugintestslughere/tests/unit/tests/taxonomy/getObjectTaxonomies.php" line="53" assertions="1" time="0.080304"/>
        <testcase name="test_should_respect_output_objects_when_object_is_attachment" class="Tests_Taxonomy_GetObjectTaxonomies" classname="Tests_Taxonomy_GetObjectTaxonomies" file="/var/www/html/test/wordpress_test/inpsyde_test/test/wp-content/plugins/plugintestslughere/tests/unit/tests/taxonomy/getObjectTaxonomies.php" line="74" assertions="3" time="0.098827"/>
      </testsuite>
      <testsuite name="Tests_Taxonomy_IsTaxonomyViewable" file="/var/www/html/test/wordpress_test/inpsyde_test/test/wp-content/plugins/plugintestslughere/tests/unit/tests/taxonomy/isTaxonomyViewable.php" tests="4" assertions="4" errors="0" failures="0" skipped="0" time="0.148513">
        <testcase name="test_is_taxonomy_viewable_for_querable_taxonomy" class="Tests_Taxonomy_IsTaxonomyViewable" classname="Tests_Taxonomy_IsTaxonomyViewable" file="/var/www/html/test/wordpress_test/inpsyde_test/test/wp-content/plugins/plugintestslughere/tests/unit/tests/taxonomy/isTaxonomyViewable.php" line="18" assertions="1" time="0.044948"/>
        <testcase name="test_is_taxonomy_viewable_for_non_querable_taxonomy" class="Tests_Taxonomy_IsTaxonomyViewable" classname="Tests_Taxonomy_IsTaxonomyViewable" file="/var/www/html/test/wordpress_test/inpsyde_test/test/wp-content/plugins/plugintestslughere/tests/unit/tests/taxonomy/isTaxonomyViewable.php" line="25" assertions="1" time="0.037507"/>
        <testcase name="test_is_taxonomy_viewable_for_non_existing_taxonomy" class="Tests_Taxonomy_IsTaxonomyViewable" classname="Tests_Taxonomy_IsTaxonomyViewable" file="/var/www/html/test/wordpress_test/inpsyde_test/test/wp-content/plugins/plugintestslughere/tests/unit/tests/taxonomy/isTaxonomyViewable.php" line="32" assertions="1" time="0.034562"/>
        <testcase name="test_is_taxonomy_viewable_with_object_given" class="Tests_Taxonomy_IsTaxonomyViewable" classname="Tests_Taxonomy_IsTaxonomyViewable" file="/var/www/html/test/wordpress_test/inpsyde_test/test/wp-content/plugins/plugintestslughere/tests/unit/tests/taxonomy/isTaxonomyViewable.php" line="39" assertions="1" time="0.031496"/>
      </testsuite>
      <testsuite name="Tests_Template" file="/var/www/html/test/wordpress_test/inpsyde_test/test/wp-content/plugins/plugintestslughere/tests/unit/tests/template.php" tests="21" assertions="22" errors="0" failures="0" skipped="0" time="4.202762">
        <testcase name="test_404_template_hierarchy" class="Tests_Template" classname="Tests_Template" file="/var/www/html/test/wordpress_test/inpsyde_test/test/wp-content/plugins/plugintestslughere/tests/unit/tests/template.php" line="93" assertions="1" time="0.348110"/>
        <testcase name="test_author_template_hierarchy" class="Tests_Template" classname="Tests_Template" file="/var/www/html/test/wordpress_test/inpsyde_test/test/wp-content/plugins/plugintestslughere/tests/unit/tests/template.php" line="109" assertions="1" time="0.187538"/>
        <testcase name="test_category_template_hierarchy" class="Tests_Template" classname="Tests_Template" file="/var/www/html/test/wordpress_test/inpsyde_test/test/wp-content/plugins/plugintestslughere/tests/unit/tests/template.php" line="127" assertions="1" time="0.396148"/>
        <testcase name="test_tag_template_hierarchy" class="Tests_Template" classname="Tests_Template" file="/var/www/html/test/wordpress_test/inpsyde_test/test/wp-content/plugins/plugintestslughere/tests/unit/tests/template.php" line="147" assertions="1" time="0.229504"/>
        <testcase name="test_taxonomy_template_hierarchy" class="Tests_Template" classname="Tests_Template" file="/var/www/html/test/wordpress_test/inpsyde_test/test/wp-content/plugins/plugintestslughere/tests/unit/tests/template.php" line="167" assertions="1" time="0.165152"/>
        <testcase name="test_date_template_hierarchy_for_year" class="Tests_Template" classname="Tests_Template" file="/var/www/html/test/wordpress_test/inpsyde_test/test/wp-content/plugins/plugintestslughere/tests/unit/tests/template.php" line="187" assertions="1" time="0.186938"/>
        <testcase name="test_date_template_hierarchy_for_month" class="Tests_Template" classname="Tests_Template" file="/var/www/html/test/wordpress_test/inpsyde_test/test/wp-content/plugins/plugintestslughere/tests/unit/tests/template.php" line="197" assertions="1" time="0.197024"/>
        <testcase name="test_date_template_hierarchy_for_day" class="Tests_Template" classname="Tests_Template" file="/var/www/html/test/wordpress_test/inpsyde_test/test/wp-content/plugins/plugintestslughere/tests/unit/tests/template.php" line="207" assertions="1" time="0.385529"/>
        <testcase name="test_search_template_hierarchy" class="Tests_Template" classname="Tests_Template" file="/var/www/html/test/wordpress_test/inpsyde_test/test/wp-content/plugins/plugintestslughere/tests/unit/tests/template.php" line="217" assertions="1" time="0.174864"/>
        <testcase name="test_front_page_template_hierarchy_with_posts_on_front" class="Tests_Template" classname="Tests_Template" file="/var/www/html/test/wordpress_test/inpsyde_test/test/wp-content/plugins/plugintestslughere/tests/unit/tests/template.php" line="233" assertions="2" time="0.098493"/>
        <testcase name="test_front_page_template_hierarchy_with_page_on_front" class="Tests_Template" classname="Tests_Template" file="/var/www/html/test/wordpress_test/inpsyde_test/test/wp-content/plugins/plugintestslughere/tests/unit/tests/template.php" line="245" assertions="1" time="0.187648"/>
        <testcase name="test_home_template_hierarchy_with_page_on_front" class="Tests_Template" classname="Tests_Template" file="/var/www/html/test/wordpress_test/inpsyde_test/test/wp-content/plugins/plugintestslughere/tests/unit/tests/template.php" line="263" assertions="1" time="0.197665"/>
        <testcase name="test_page_template_hierarchy" class="Tests_Template" classname="Tests_Template" file="/var/www/html/test/wordpress_test/inpsyde_test/test/wp-content/plugins/plugintestslughere/tests/unit/tests/template.php" line="277" assertions="1" time="0.130977"/>
        <testcase name="test_privacy_template_hierarchy" class="Tests_Template" classname="Tests_Template" file="/var/www/html/test/wordpress_test/inpsyde_test/test/wp-content/plugins/plugintestslughere/tests/unit/tests/template.php" line="295" assertions="1" time="0.098446"/>
        <testcase name="test_single_template_hierarchy_for_post" class="Tests_Template" classname="Tests_Template" file="/var/www/html/test/wordpress_test/inpsyde_test/test/wp-content/plugins/plugintestslughere/tests/unit/tests/template.php" line="313" assertions="1" time="0.121257"/>
        <testcase name="test_single_template_hierarchy_for_custom_post_type" class="Tests_Template" classname="Tests_Template" file="/var/www/html/test/wordpress_test/inpsyde_test/test/wp-content/plugins/plugintestslughere/tests/unit/tests/template.php" line="327" assertions="1" time="0.131323"/>
        <testcase name="test_single_template_hierarchy_for_custom_post_type_with_template" class="Tests_Template" classname="Tests_Template" file="/var/www/html/test/wordpress_test/inpsyde_test/test/wp-content/plugins/plugintestslughere/tests/unit/tests/template.php" line="350" assertions="1" time="0.132795"/>
        <testcase name="test_attachment_template_hierarchy" class="Tests_Template" classname="Tests_Template" file="/var/www/html/test/wordpress_test/inpsyde_test/test/wp-content/plugins/plugintestslughere/tests/unit/tests/template.php" line="372" assertions="1" time="0.230395"/>
        <testcase name="test_attachment_template_hierarchy_with_template" class="Tests_Template" classname="Tests_Template" file="/var/www/html/test/wordpress_test/inpsyde_test/test/wp-content/plugins/plugintestslughere/tests/unit/tests/template.php" line="399" assertions="1" time="0.230970"/>
        <testcase name="test_embed_template_hierarchy_for_post" class="Tests_Template" classname="Tests_Template" file="/var/www/html/test/wordpress_test/inpsyde_test/test/wp-content/plugins/plugintestslughere/tests/unit/tests/template.php" line="426" assertions="1" time="0.152887"/>
        <testcase name="test_embed_template_hierarchy_for_page" class="Tests_Template" classname="Tests_Template" file="/var/www/html/test/wordpress_test/inpsyde_test/test/wp-content/plugins/plugintestslughere/tests/unit/tests/template.php" line="443" assertions="1" time="0.219099"/>
      </testsuite>
      <testsuite name="Tests_Term" file="/var/www/html/test/wordpress_test/inpsyde_test/test/wp-content/plugins/plugintestslughere/tests/unit/tests/term.php" tests="11" assertions="65" errors="0" failures="0" skipped="0" time="1.860589">
        <testcase name="test_wp_delete_term_should_invalidate_cache_for_child_terms" class="Tests_Term" classname="Tests_Term" file="/var/www/html/test/wordpress_test/inpsyde_test/test/wp-content/plugins/plugintestslughere/tests/unit/tests/term.php" line="17" assertions="2" time="0.114619"/>
        <testcase name="test_is_term_type" class="Tests_Term" classname="Tests_Term" file="/var/www/html/test/wordpress_test/inpsyde_test/test/wp-content/plugins/plugintestslughere/tests/unit/tests/term.php" line="52" assertions="3" time="0.098967"/>
        <testcase name="test_wp_count_terms" class="Tests_Term" classname="Tests_Term" file="/var/www/html/test/wordpress_test/inpsyde_test/test/wp-content/plugins/plugintestslughere/tests/unit/tests/term.php" line="67" assertions="1" time="0.043533"/>
        <testcase name="test_wp_count_terms_legacy_interoperability" class="Tests_Term" classname="Tests_Term" file="/var/www/html/test/wordpress_test/inpsyde_test/test/wp-content/plugins/plugintestslughere/tests/unit/tests/term.php" line="81" assertions="3" time="0.120181"/>
        <testcase name="test_wp_add_remove_object_terms" class="Tests_Term" classname="Tests_Term" file="/var/www/html/test/wordpress_test/inpsyde_test/test/wp-content/plugins/plugintestslughere/tests/unit/tests/term.php" line="99" assertions="19" time="0.539567"/>
        <testcase name="test_term_is_ancestor_of" class="Tests_Term" classname="Tests_Term" file="/var/www/html/test/wordpress_test/inpsyde_test/test/wp-content/plugins/plugintestslughere/tests/unit/tests/term.php" line="130" assertions="6" time="0.263341"/>
        <testcase name="test_wp_insert_delete_category" class="Tests_Term" classname="Tests_Term" file="/var/www/html/test/wordpress_test/inpsyde_test/test/wp-content/plugins/plugintestslughere/tests/unit/tests/term.php" line="149" assertions="11" time="0.120533"/>
        <testcase name="test_wp_set_post_categories" class="Tests_Term" classname="Tests_Term" file="/var/www/html/test/wordpress_test/inpsyde_test/test/wp-content/plugins/plugintestslughere/tests/unit/tests/term.php" line="175" assertions="12" time="0.163950"/>
        <testcase name="test_wp_set_post_categories_sets_default_category_for_custom_post_types" class="Tests_Term" classname="Tests_Term" file="/var/www/html/test/wordpress_test/inpsyde_test/test/wp-content/plugins/plugintestslughere/tests/unit/tests/term.php" line="214" assertions="3" time="0.109668"/>
        <testcase name="test_sanitize_term_field" class="Tests_Term" classname="Tests_Term" file="/var/www/html/test/wordpress_test/inpsyde_test/test/wp-content/plugins/plugintestslughere/tests/unit/tests/term.php" line="243" assertions="4" time="0.109925"/>
        <testcase name="test_orphan_category" class="Tests_Term" classname="Tests_Term" file="/var/www/html/test/wordpress_test/inpsyde_test/test/wp-content/plugins/plugintestslughere/tests/unit/tests/term.php" line="255" assertions="1" time="0.176305"/>
      </testsuite>
      <testsuite name="Tests_Term_Cache" file="/var/www/html/test/wordpress_test/inpsyde_test/test/wp-content/plugins/plugintestslughere/tests/unit/tests/term/cache.php" tests="15" assertions="76" errors="0" failures="0" skipped="0" time="2.120862">
        <testcase name="test_category_children_cache" class="Tests_Term_Cache" classname="Tests_Term_Cache" file="/var/www/html/test/wordpress_test/inpsyde_test/test/wp-content/plugins/plugintestslughere/tests/unit/tests/term/cache.php" line="16" assertions="2" time="0.145196"/>
        <testcase name="test_category_name_change" class="Tests_Term_Cache" classname="Tests_Term_Cache" file="/var/www/html/test/wordpress_test/inpsyde_test/test/wp-content/plugins/plugintestslughere/tests/unit/tests/term/cache.php" line="41" assertions="2" time="0.163926"/>
        <testcase name="test_hierachy_invalidation" class="Tests_Term_Cache" classname="Tests_Term_Cache" file="/var/www/html/test/wordpress_test/inpsyde_test/test/wp-content/plugins/plugintestslughere/tests/unit/tests/term/cache.php" line="58" assertions="26" time="0.219935"/>
        <testcase name="test_get_term_should_update_term_cache_when_passed_an_object" class="Tests_Term_Cache" classname="Tests_Term_Cache" file="/var/www/html/test/wordpress_test/inpsyde_test/test/wp-content/plugins/plugintestslughere/tests/unit/tests/term/cache.php" line="103" assertions="3" time="0.143195"/>
        <testcase name="test_get_term_should_update_term_cache_when_passed_a_valid_term_identifier" class="Tests_Term_Cache" classname="Tests_Term_Cache" file="/var/www/html/test/wordpress_test/inpsyde_test/test/wp-content/plugins/plugintestslughere/tests/unit/tests/term/cache.php" line="131" assertions="5" time="0.142229"/>
        <testcase name="test_get_term_by_should_update_term_cache_when_passed_a_valid_term_identifier" class="Tests_Term_Cache" classname="Tests_Term_Cache" file="/var/www/html/test/wordpress_test/inpsyde_test/test/wp-content/plugins/plugintestslughere/tests/unit/tests/term/cache.php" line="160" assertions="5" time="0.175770"/>
        <testcase name="test_get_terms_should_update_cache_for_located_terms" class="Tests_Term_Cache" classname="Tests_Term_Cache" file="/var/www/html/test/wordpress_test/inpsyde_test/test/wp-content/plugins/plugintestslughere/tests/unit/tests/term/cache.php" line="192" assertions="1" time="0.186675"/>
        <testcase name="test_term_objects_should_not_be_modified_by_update_term_cache" class="Tests_Term_Cache" classname="Tests_Term_Cache" file="/var/www/html/test/wordpress_test/inpsyde_test/test/wp-content/plugins/plugintestslughere/tests/unit/tests/term/cache.php" line="225" assertions="1" time="0.165007"/>
        <testcase name="test_get_term_by_slug_cache" class="Tests_Term_Cache" classname="Tests_Term_Cache" file="/var/www/html/test/wordpress_test/inpsyde_test/test/wp-content/plugins/plugintestslughere/tests/unit/tests/term/cache.php" line="244" assertions="6" time="0.098151"/>
        <testcase name="test_get_term_by_slug_cache_update" class="Tests_Term_Cache" classname="Tests_Term_Cache" file="/var/www/html/test/wordpress_test/inpsyde_test/test/wp-content/plugins/plugintestslughere/tests/unit/tests/term/cache.php" line="275" assertions="6" time="0.098470"/>
        <testcase name="test_get_term_by_name_cache" class="Tests_Term_Cache" classname="Tests_Term_Cache" file="/var/www/html/test/wordpress_test/inpsyde_test/test/wp-content/plugins/plugintestslughere/tests/unit/tests/term/cache.php" line="313" assertions="4" time="0.087950"/>
        <testcase name="test_get_term_by_name_cache_update" class="Tests_Term_Cache" classname="Tests_Term_Cache" file="/var/www/html/test/wordpress_test/inpsyde_test/test/wp-content/plugins/plugintestslughere/tests/unit/tests/term/cache.php" line="342" assertions="3" time="0.109725"/>
        <testcase name="test_invalidating_term_caches_should_fail_when_invalidation_is_suspended" class="Tests_Term_Cache" classname="Tests_Term_Cache" file="/var/www/html/test/wordpress_test/inpsyde_test/test/wp-content/plugins/plugintestslughere/tests/unit/tests/term/cache.php" line="377" assertions="5" time="0.142983"/>
        <testcase name="test_get_term_by_does_not_prime_term_meta_cache" class="Tests_Term_Cache" classname="Tests_Term_Cache" file="/var/www/html/test/wordpress_test/inpsyde_test/test/wp-content/plugins/plugintestslughere/tests/unit/tests/term/cache.php" line="420" assertions="5" time="0.110219"/>
        <testcase name="test_get_object_term_cache_should_return_error_if_any_term_is_an_error" class="Tests_Term_Cache" classname="Tests_Term_Cache" file="/var/www/html/test/wordpress_test/inpsyde_test/test/wp-content/plugins/plugintestslughere/tests/unit/tests/term/cache.php" line="449" assertions="2" time="0.131431"/>
      </testsuite>
      <testsuite name="Tests_Term_CategoryExists" file="/var/www/html/test/wordpress_test/inpsyde_test/test/wp-content/plugins/plugintestslughere/tests/unit/tests/term/categoryExists.php" tests="4" assertions="4" errors="0" failures="0" skipped="0" time="0.564739">
        <testcase name="test_category_exists_should_return_only_top_level_categories_when_parent_is_0" class="Tests_Term_CategoryExists" classname="Tests_Term_CategoryExists" file="/var/www/html/test/wordpress_test/inpsyde_test/test/wp-content/plugins/plugintestslughere/tests/unit/tests/term/categoryExists.php" line="7" assertions="1" time="0.146181"/>
        <testcase name="test_category_exists_should_select_oldest_matching_category_when_no_parent_is_specified_1" class="Tests_Term_CategoryExists" classname="Tests_Term_CategoryExists" file="/var/www/html/test/wordpress_test/inpsyde_test/test/wp-content/plugins/plugintestslughere/tests/unit/tests/term/categoryExists.php" line="29" assertions="1" time="0.109464"/>
        <testcase name="test_category_exists_should_select_oldest_matching_category_when_no_parent_is_specified_2" class="Tests_Term_CategoryExists" classname="Tests_Term_CategoryExists" file="/var/www/html/test/wordpress_test/inpsyde_test/test/wp-content/plugins/plugintestslughere/tests/unit/tests/term/categoryExists.php" line="52" assertions="1" time="0.122703"/>
        <testcase name="test_category_exists_should_respect_nonempty_parent" class="Tests_Term_CategoryExists" classname="Tests_Term_CategoryExists" file="/var/www/html/test/wordpress_test/inpsyde_test/test/wp-content/plugins/plugintestslughere/tests/unit/tests/term/categoryExists.php" line="75" assertions="1" time="0.186391"/>
      </testsuite>
      <testsuite name="Tests_Term_GetEditTermLink" file="/var/www/html/test/wordpress_test/inpsyde_test/test/wp-content/plugins/plugintestslughere/tests/unit/tests/term/getEditTermLink.php" tests="6" assertions="6" errors="0" failures="0" skipped="0" time="1.137372">
        <testcase name="test_get_edit_term_link_default" class="Tests_Term_GetEditTermLink" classname="Tests_Term_GetEditTermLink" file="/var/www/html/test/wordpress_test/inpsyde_test/test/wp-content/plugins/plugintestslughere/tests/unit/tests/term/getEditTermLink.php" line="13" assertions="1" time="0.137879"/>
        <testcase name="test_get_edit_term_link_invalid_id" class="Tests_Term_GetEditTermLink" classname="Tests_Term_GetEditTermLink" file="/var/www/html/test/wordpress_test/inpsyde_test/test/wp-content/plugins/plugintestslughere/tests/unit/tests/term/getEditTermLink.php" line="29" assertions="1" time="0.241345"/>
        <testcase name="test_get_edit_term_link_empty_id" class="Tests_Term_GetEditTermLink" classname="Tests_Term_GetEditTermLink" file="/var/www/html/test/wordpress_test/inpsyde_test/test/wp-content/plugins/plugintestslughere/tests/unit/tests/term/getEditTermLink.php" line="44" assertions="1" time="0.220774"/>
        <testcase name="test_get_edit_term_link_bad_tax" class="Tests_Term_GetEditTermLink" classname="Tests_Term_GetEditTermLink" file="/var/www/html/test/wordpress_test/inpsyde_test/test/wp-content/plugins/plugintestslughere/tests/unit/tests/term/getEditTermLink.php" line="52" assertions="1" time="0.175382"/>
        <testcase name="test_taxonomy_should_not_be_required" class="Tests_Term_GetEditTermLink" classname="Tests_Term_GetEditTermLink" file="/var/www/html/test/wordpress_test/inpsyde_test/test/wp-content/plugins/plugintestslughere/tests/unit/tests/term/getEditTermLink.php" line="60" assertions="1" time="0.164422"/>
        <testcase name="test_cap_check_should_use_correct_taxonomy_when_taxonomy_is_not_specified" class="Tests_Term_GetEditTermLink" classname="Tests_Term_GetEditTermLink" file="/var/www/html/test/wordpress_test/inpsyde_test/test/wp-content/plugins/plugintestslughere/tests/unit/tests/term/getEditTermLink.php" line="75" assertions="1" time="0.197570"/>
      </testsuite>
      <testsuite name="Tests_Term_GetTagLink" file="/var/www/html/test/wordpress_test/inpsyde_test/test/wp-content/plugins/plugintestslughere/tests/unit/tests/term/getTagLink.php" tests="3" assertions="3" errors="0" failures="0" skipped="0" time="0.276172">
        <testcase name="test_success" class="Tests_Term_GetTagLink" classname="Tests_Term_GetTagLink" file="/var/www/html/test/wordpress_test/inpsyde_test/test/wp-content/plugins/plugintestslughere/tests/unit/tests/term/getTagLink.php" line="8" assertions="1" time="0.091179"/>
        <testcase name="test_should_return_link_for_term_from_another_taxonomy_on_primed_cache" class="Tests_Term_GetTagLink" classname="Tests_Term_GetTagLink" file="/var/www/html/test/wordpress_test/inpsyde_test/test/wp-content/plugins/plugintestslughere/tests/unit/tests/term/getTagLink.php" line="25" assertions="1" time="0.098316"/>
        <testcase name="test_should_return_link_for_term_from_another_taxonomy_on_empty_cache" class="Tests_Term_GetTagLink" classname="Tests_Term_GetTagLink" file="/var/www/html/test/wordpress_test/inpsyde_test/test/wp-content/plugins/plugintestslughere/tests/unit/tests/term/getTagLink.php" line="46" assertions="1" time="0.086677"/>
      </testsuite>
      <testsuite name="Tests_Term_GetTerm" file="/var/www/html/test/wordpress_test/inpsyde_test/test/wp-content/plugins/plugintestslughere/tests/unit/tests/term/getTerm.php" tests="18" assertions="44" errors="0" failures="0" skipped="0" time="1.210611">
        <testcase name="test_should_return_error_for_empty_term" class="Tests_Term_GetTerm" classname="Tests_Term_GetTerm" file="/var/www/html/test/wordpress_test/inpsyde_test/test/wp-content/plugins/plugintestslughere/tests/unit/tests/term/getTerm.php" line="48" assertions="2" time="0.022964"/>
        <testcase name="test_should_return_error_for_invalid_taxonomy" class="Tests_Term_GetTerm" classname="Tests_Term_GetTerm" file="/var/www/html/test/wordpress_test/inpsyde_test/test/wp-content/plugins/plugintestslughere/tests/unit/tests/term/getTerm.php" line="54" assertions="2" time="0.023200"/>
        <testcase name="test_passing_term_object_should_skip_database_query_when_filter_property_is_empty" class="Tests_Term_GetTerm" classname="Tests_Term_GetTerm" file="/var/www/html/test/wordpress_test/inpsyde_test/test/wp-content/plugins/plugintestslughere/tests/unit/tests/term/getTerm.php" line="60" assertions="1" time="0.069227"/>
        <testcase name="test_passing_term_string_that_casts_to_int_0_should_return_null" class="Tests_Term_GetTerm" classname="Tests_Term_GetTerm" file="/var/www/html/test/wordpress_test/inpsyde_test/test/wp-content/plugins/plugintestslughere/tests/unit/tests/term/getTerm.php" line="74" assertions="1" time="0.022127"/>
        <testcase name="test_should_return_null_for_invalid_term_id" class="Tests_Term_GetTerm" classname="Tests_Term_GetTerm" file="/var/www/html/test/wordpress_test/inpsyde_test/test/wp-content/plugins/plugintestslughere/tests/unit/tests/term/getTerm.php" line="78" assertions="1" time="0.023555"/>
        <testcase name="test_cache_should_be_populated_by_successful_fetch" class="Tests_Term_GetTerm" classname="Tests_Term_GetTerm" file="/var/www/html/test/wordpress_test/inpsyde_test/test/wp-content/plugins/plugintestslughere/tests/unit/tests/term/getTerm.php" line="82" assertions="2" time="0.074681"/>
        <testcase name="test_output_object" class="Tests_Term_GetTerm" classname="Tests_Term_GetTerm" file="/var/www/html/test/wordpress_test/inpsyde_test/test/wp-content/plugins/plugintestslughere/tests/unit/tests/term/getTerm.php" line="98" assertions="1" time="0.076383"/>
        <testcase name="test_output_array_a" class="Tests_Term_GetTerm" classname="Tests_Term_GetTerm" file="/var/www/html/test/wordpress_test/inpsyde_test/test/wp-content/plugins/plugintestslughere/tests/unit/tests/term/getTerm.php" line="103" assertions="2" time="0.077322"/>
        <testcase name="test_output_array_n" class="Tests_Term_GetTerm" classname="Tests_Term_GetTerm" file="/var/www/html/test/wordpress_test/inpsyde_test/test/wp-content/plugins/plugintestslughere/tests/unit/tests/term/getTerm.php" line="110" assertions="12" time="0.087513"/>
        <testcase name="test_output_should_fall_back_to_object_for_invalid_input" class="Tests_Term_GetTerm" classname="Tests_Term_GetTerm" file="/var/www/html/test/wordpress_test/inpsyde_test/test/wp-content/plugins/plugintestslughere/tests/unit/tests/term/getTerm.php" line="120" assertions="1" time="0.087097"/>
        <testcase name="test_numeric_properties_should_be_cast_to_ints" class="Tests_Term_GetTerm" classname="Tests_Term_GetTerm" file="/var/www/html/test/wordpress_test/inpsyde_test/test/wp-content/plugins/plugintestslughere/tests/unit/tests/term/getTerm.php" line="128" assertions="6" time="0.065485"/>
        <testcase name="test_should_return_null_when_provided_taxonomy_does_not_match_actual_term_taxonomy" class="Tests_Term_GetTerm" classname="Tests_Term_GetTerm" file="/var/www/html/test/wordpress_test/inpsyde_test/test/wp-content/plugins/plugintestslughere/tests/unit/tests/term/getTerm.php" line="149" assertions="1" time="0.076934"/>
        <testcase name="test_should_return_wp_error_when_term_is_shared_and_no_taxonomy_is_specified" class="Tests_Term_GetTerm" classname="Tests_Term_GetTerm" file="/var/www/html/test/wordpress_test/inpsyde_test/test/wp-content/plugins/plugintestslughere/tests/unit/tests/term/getTerm.php" line="157" assertions="1" time="0.076471"/>
        <testcase name="test_should_return_term_when_term_is_shared_and_correct_taxonomy_is_specified" class="Tests_Term_GetTerm" classname="Tests_Term_GetTerm" file="/var/www/html/test/wordpress_test/inpsyde_test/test/wp-content/plugins/plugintestslughere/tests/unit/tests/term/getTerm.php" line="168" assertions="2" time="0.076726"/>
        <testcase name="test_should_return_null_when_term_is_shared_and_incorrect_taxonomy_is_specified" class="Tests_Term_GetTerm" classname="Tests_Term_GetTerm" file="/var/www/html/test/wordpress_test/inpsyde_test/test/wp-content/plugins/plugintestslughere/tests/unit/tests/term/getTerm.php" line="180" assertions="1" time="0.088262"/>
        <testcase name="test_shared_term_in_cache_should_be_ignored_when_specifying_a_different_taxonomy" class="Tests_Term_GetTerm" classname="Tests_Term_GetTerm" file="/var/www/html/test/wordpress_test/inpsyde_test/test/wp-content/plugins/plugintestslughere/tests/unit/tests/term/getTerm.php" line="191" assertions="3" time="0.087220"/>
        <testcase name="test_should_return_error_when_only_matching_term_is_in_an_invalid_taxonomy" class="Tests_Term_GetTerm" classname="Tests_Term_GetTerm" file="/var/www/html/test/wordpress_test/inpsyde_test/test/wp-content/plugins/plugintestslughere/tests/unit/tests/term/getTerm.php" line="212" assertions="2" time="0.087664"/>
        <testcase name="test_term_should_be_returned_when_id_is_shared_only_with_invalid_taxonomies" class="Tests_Term_GetTerm" classname="Tests_Term_GetTerm" file="/var/www/html/test/wordpress_test/inpsyde_test/test/wp-content/plugins/plugintestslughere/tests/unit/tests/term/getTerm.php" line="225" assertions="3" time="0.087780"/>
      </testsuite>
      <testsuite name="Tests_Term_GetTermBy" file="/var/www/html/test/wordpress_test/inpsyde_test/test/wp-content/plugins/plugintestslughere/tests/unit/tests/term/getTermBy.php" tests="19" assertions="31" errors="0" failures="0" skipped="0" time="1.835345">
        <testcase name="test_get_term_by_slug" class="Tests_Term_GetTermBy" classname="Tests_Term_GetTermBy" file="/var/www/html/test/wordpress_test/inpsyde_test/test/wp-content/plugins/plugintestslughere/tests/unit/tests/term/getTermBy.php" line="8" assertions="1" time="0.071271"/>
        <testcase name="test_get_term_by_name" class="Tests_Term_GetTermBy" classname="Tests_Term_GetTermBy" file="/var/www/html/test/wordpress_test/inpsyde_test/test/wp-content/plugins/plugintestslughere/tests/unit/tests/term/getTermBy.php" line="14" assertions="1" time="0.076513"/>
        <testcase name="test_get_term_by_id" class="Tests_Term_GetTermBy" classname="Tests_Term_GetTermBy" file="/var/www/html/test/wordpress_test/inpsyde_test/test/wp-content/plugins/plugintestslughere/tests/unit/tests/term/getTermBy.php" line="20" assertions="1" time="0.088013"/>
        <testcase name="test_get_term_by_term_id" class="Tests_Term_GetTermBy" classname="Tests_Term_GetTermBy" file="/var/www/html/test/wordpress_test/inpsyde_test/test/wp-content/plugins/plugintestslughere/tests/unit/tests/term/getTermBy.php" line="29" assertions="1" time="0.098947"/>
        <testcase name="test_get_term_by_uppercase_id" class="Tests_Term_GetTermBy" classname="Tests_Term_GetTermBy" file="/var/www/html/test/wordpress_test/inpsyde_test/test/wp-content/plugins/plugintestslughere/tests/unit/tests/term/getTermBy.php" line="38" assertions="1" time="0.086997"/>
        <testcase name="test_get_term_by_tt_id" class="Tests_Term_GetTermBy" classname="Tests_Term_GetTermBy" file="/var/www/html/test/wordpress_test/inpsyde_test/test/wp-content/plugins/plugintestslughere/tests/unit/tests/term/getTermBy.php" line="47" assertions="1" time="0.099001"/>
        <testcase name="test_get_term_by_unknown" class="Tests_Term_GetTermBy" classname="Tests_Term_GetTermBy" file="/var/www/html/test/wordpress_test/inpsyde_test/test/wp-content/plugins/plugintestslughere/tests/unit/tests/term/getTermBy.php" line="53" assertions="1" time="0.087696"/>
        <testcase name="test_get_term_by_with_nonexistent_id_should_return_false" class="Tests_Term_GetTermBy" classname="Tests_Term_GetTermBy" file="/var/www/html/test/wordpress_test/inpsyde_test/test/wp-content/plugins/plugintestslughere/tests/unit/tests/term/getTermBy.php" line="62" assertions="1" time="0.031919"/>
        <testcase name="test_get_term_by_slug_should_match_nonaccented_equivalents" class="Tests_Term_GetTermBy" classname="Tests_Term_GetTermBy" file="/var/www/html/test/wordpress_test/inpsyde_test/test/wp-content/plugins/plugintestslughere/tests/unit/tests/term/getTermBy.php" line="70" assertions="1" time="0.077093"/>
        <testcase name="test_taxonomy_should_be_ignored_if_matching_by_term_taxonomy_id" class="Tests_Term_GetTermBy" classname="Tests_Term_GetTermBy" file="/var/www/html/test/wordpress_test/inpsyde_test/test/wp-content/plugins/plugintestslughere/tests/unit/tests/term/getTermBy.php" line="88" assertions="1" time="0.110030"/>
        <testcase name="test_should_prime_term_cache" class="Tests_Term_GetTermBy" classname="Tests_Term_GetTermBy" file="/var/www/html/test/wordpress_test/inpsyde_test/test/wp-content/plugins/plugintestslughere/tests/unit/tests/term/getTermBy.php" line="111" assertions="5" time="0.076928"/>
        <testcase name="test_should_unslash_name" class="Tests_Term_GetTermBy" classname="Tests_Term_GetTermBy" file="/var/www/html/test/wordpress_test/inpsyde_test/test/wp-content/plugins/plugintestslughere/tests/unit/tests/term/getTermBy.php" line="141" assertions="3" time="0.109791"/>
        <testcase name="test_should_sanitize_slug" class="Tests_Term_GetTermBy" classname="Tests_Term_GetTermBy" file="/var/www/html/test/wordpress_test/inpsyde_test/test/wp-content/plugins/plugintestslughere/tests/unit/tests/term/getTermBy.php" line="162" assertions="4" time="0.142444"/>
        <testcase name="test_query_should_not_contain_order_by_clause" class="Tests_Term_GetTermBy" classname="Tests_Term_GetTermBy" file="/var/www/html/test/wordpress_test/inpsyde_test/test/wp-content/plugins/plugintestslughere/tests/unit/tests/term/getTermBy.php" line="194" assertions="2" time="0.164411"/>
        <testcase name="test_query_should_contain_limit_clause" class="Tests_Term_GetTermBy" classname="Tests_Term_GetTermBy" file="/var/www/html/test/wordpress_test/inpsyde_test/test/wp-content/plugins/plugintestslughere/tests/unit/tests/term/getTermBy.php" line="211" assertions="2" time="0.153556"/>
        <testcase name="test_prevent_recursion_by_get_terms_filter" class="Tests_Term_GetTermBy" classname="Tests_Term_GetTermBy" file="/var/www/html/test/wordpress_test/inpsyde_test/test/wp-content/plugins/plugintestslughere/tests/unit/tests/term/getTermBy.php" line="228" assertions="1" time="0.052198"/>
        <testcase name="test_get_term_by_name_with_string_0" class="Tests_Term_GetTermBy" classname="Tests_Term_GetTermBy" file="/var/www/html/test/wordpress_test/inpsyde_test/test/wp-content/plugins/plugintestslughere/tests/unit/tests/term/getTermBy.php" line="241" assertions="1" time="0.122174"/>
        <testcase name="test_get_term_by_slug_with_string_0" class="Tests_Term_GetTermBy" classname="Tests_Term_GetTermBy" file="/var/www/html/test/wordpress_test/inpsyde_test/test/wp-content/plugins/plugintestslughere/tests/unit/tests/term/getTermBy.php" line="258" assertions="1" time="0.164210"/>
        <testcase name="test_get_term_by_with_empty_string" class="Tests_Term_GetTermBy" classname="Tests_Term_GetTermBy" file="/var/www/html/test/wordpress_test/inpsyde_test/test/wp-content/plugins/plugintestslughere/tests/unit/tests/term/getTermBy.php" line="276" assertions="2" time="0.022153"/>
      </testsuite>
      <testsuite name="Tests_Term_getTermField" file="/var/www/html/test/wordpress_test/inpsyde_test/test/wp-content/plugins/plugintestslughere/tests/unit/tests/term/getTermField.php" tests="14" assertions="38" errors="0" failures="0" skipped="0" time="1.935265">
        <testcase name="test_get_term_field_should_not_return_error_for_empty_taxonomy" class="Tests_Term_getTermField" classname="Tests_Term_getTermField" file="/var/www/html/test/wordpress_test/inpsyde_test/test/wp-content/plugins/plugintestslughere/tests/unit/tests/term/getTermField.php" line="19" assertions="2" time="0.181591"/>
        <testcase name="test_get_term_field_supplying_a_taxonomy" class="Tests_Term_getTermField" classname="Tests_Term_getTermField" file="/var/www/html/test/wordpress_test/inpsyde_test/test/wp-content/plugins/plugintestslughere/tests/unit/tests/term/getTermField.php" line="30" assertions="1" time="0.164460"/>
        <testcase name="test_get_term_field_supplying_no_taxonomy" class="Tests_Term_getTermField" classname="Tests_Term_getTermField" file="/var/www/html/test/wordpress_test/inpsyde_test/test/wp-content/plugins/plugintestslughere/tests/unit/tests/term/getTermField.php" line="40" assertions="1" time="0.131028"/>
        <testcase name="test_get_term_field_should_accept_a_WP_Term_id_or_object" class="Tests_Term_getTermField" classname="Tests_Term_getTermField" file="/var/www/html/test/wordpress_test/inpsyde_test/test/wp-content/plugins/plugintestslughere/tests/unit/tests/term/getTermField.php" line="50" assertions="4" time="0.109607"/>
        <testcase name="test_get_term_field_invalid_taxonomy_should_return_WP_Error" class="Tests_Term_getTermField" classname="Tests_Term_getTermField" file="/var/www/html/test/wordpress_test/inpsyde_test/test/wp-content/plugins/plugintestslughere/tests/unit/tests/term/getTermField.php" line="62" assertions="2" time="0.109672"/>
        <testcase name="test_get_term_field_invalid_term_should_return_WP_Error" class="Tests_Term_getTermField" classname="Tests_Term_getTermField" file="/var/www/html/test/wordpress_test/inpsyde_test/test/wp-content/plugins/plugintestslughere/tests/unit/tests/term/getTermField.php" line="73" assertions="4" time="0.045809"/>
        <testcase name="test_get_term_field_term_id" class="Tests_Term_getTermField" classname="Tests_Term_getTermField" file="/var/www/html/test/wordpress_test/inpsyde_test/test/wp-content/plugins/plugintestslughere/tests/unit/tests/term/getTermField.php" line="85" assertions="3" time="0.106909"/>
        <testcase name="test_get_term_field_name" class="Tests_Term_getTermField" classname="Tests_Term_getTermField" file="/var/www/html/test/wordpress_test/inpsyde_test/test/wp-content/plugins/plugintestslughere/tests/unit/tests/term/getTermField.php" line="93" assertions="3" time="0.087742"/>
        <testcase name="test_get_term_field_slug_when_slug_is_set" class="Tests_Term_getTermField" classname="Tests_Term_getTermField" file="/var/www/html/test/wordpress_test/inpsyde_test/test/wp-content/plugins/plugintestslughere/tests/unit/tests/term/getTermField.php" line="108" assertions="3" time="0.175775"/>
        <testcase name="test_get_term_field_slug_when_slug_falls_back_from_name" class="Tests_Term_getTermField" classname="Tests_Term_getTermField" file="/var/www/html/test/wordpress_test/inpsyde_test/test/wp-content/plugins/plugintestslughere/tests/unit/tests/term/getTermField.php" line="123" assertions="3" time="0.142529"/>
        <testcase name="test_get_term_field_slug_when_slug_and_name_are_not_set" class="Tests_Term_getTermField" classname="Tests_Term_getTermField" file="/var/www/html/test/wordpress_test/inpsyde_test/test/wp-content/plugins/plugintestslughere/tests/unit/tests/term/getTermField.php" line="138" assertions="3" time="0.174994"/>
        <testcase name="test_get_term_field_taxonomy" class="Tests_Term_getTermField" classname="Tests_Term_getTermField" file="/var/www/html/test/wordpress_test/inpsyde_test/test/wp-content/plugins/plugintestslughere/tests/unit/tests/term/getTermField.php" line="150" assertions="3" time="0.208755"/>
        <testcase name="test_get_term_field_description" class="Tests_Term_getTermField" classname="Tests_Term_getTermField" file="/var/www/html/test/wordpress_test/inpsyde_test/test/wp-content/plugins/plugintestslughere/tests/unit/tests/term/getTermField.php" line="158" assertions="3" time="0.186320"/>
        <testcase name="test_get_term_field_parent" class="Tests_Term_getTermField" classname="Tests_Term_getTermField" file="/var/www/html/test/wordpress_test/inpsyde_test/test/wp-content/plugins/plugintestslughere/tests/unit/tests/term/getTermField.php" line="173" assertions="3" time="0.110074"/>
      </testsuite>
      <testsuite name="Tests_Term_GetTermLink" file="/var/www/html/test/wordpress_test/inpsyde_test/test/wp-content/plugins/plugintestslughere/tests/unit/tests/term/getTermLink.php" tests="8" assertions="9" errors="0" failures="0" skipped="0" time="1.566062">
        <testcase name="test_integer_should_be_interpreted_as_term_id" class="Tests_Term_GetTermLink" classname="Tests_Term_GetTermLink" file="/var/www/html/test/wordpress_test/inpsyde_test/test/wp-content/plugins/plugintestslughere/tests/unit/tests/term/getTermLink.php" line="14" assertions="1" time="0.160835"/>
        <testcase name="test_numeric_string_should_be_interpreted_as_term_slug" class="Tests_Term_GetTermLink" classname="Tests_Term_GetTermLink" file="/var/www/html/test/wordpress_test/inpsyde_test/test/wp-content/plugins/plugintestslughere/tests/unit/tests/term/getTermLink.php" line="34" assertions="1" time="0.175636"/>
        <testcase name="test_invalid_term_should_return_wp_error" class="Tests_Term_GetTermLink" classname="Tests_Term_GetTermLink" file="/var/www/html/test/wordpress_test/inpsyde_test/test/wp-content/plugins/plugintestslughere/tests/unit/tests/term/getTermLink.php" line="54" assertions="1" time="0.050101"/>
        <testcase name="test_category_should_use_cat_query_var_with_term_id" class="Tests_Term_GetTermLink" classname="Tests_Term_GetTermLink" file="/var/www/html/test/wordpress_test/inpsyde_test/test/wp-content/plugins/plugintestslughere/tests/unit/tests/term/getTermLink.php" line="59" assertions="1" time="0.388623"/>
        <testcase name="test_taxonomy_with_query_var_should_use_that_query_var_with_term_slug" class="Tests_Term_GetTermLink" classname="Tests_Term_GetTermLink" file="/var/www/html/test/wordpress_test/inpsyde_test/test/wp-content/plugins/plugintestslughere/tests/unit/tests/term/getTermLink.php" line="66" assertions="1" time="0.197101"/>
        <testcase name="test_taxonomy_without_query_var_should_use_taxonomy_query_var_and_term_query_var_with_term_slug" class="Tests_Term_GetTermLink" classname="Tests_Term_GetTermLink" file="/var/www/html/test/wordpress_test/inpsyde_test/test/wp-content/plugins/plugintestslughere/tests/unit/tests/term/getTermLink.php" line="86" assertions="2" time="0.308214"/>
        <testcase name="test_taxonomy_permastruct_with_hierarchical_rewrite_should_put_term_ancestors_in_link" class="Tests_Term_GetTermLink" classname="Tests_Term_GetTermLink" file="/var/www/html/test/wordpress_test/inpsyde_test/test/wp-content/plugins/plugintestslughere/tests/unit/tests/term/getTermLink.php" line="107" assertions="1" time="0.142783"/>
        <testcase name="test_taxonomy_permastruct_with_nonhierarchical_rewrite_should_not_put_term_ancestors_in_link" class="Tests_Term_GetTermLink" classname="Tests_Term_GetTermLink" file="/var/www/html/test/wordpress_test/inpsyde_test/test/wp-content/plugins/plugintestslughere/tests/unit/tests/term/getTermLink.php" line="144" assertions="1" time="0.142769"/>
      </testsuite>
      <testsuite name="Tests_Terms_GetTermsParentsList" file="/var/www/html/test/wordpress_test/inpsyde_test/test/wp-content/plugins/plugintestslughere/tests/unit/tests/term/getTermParentsList.php" tests="13" assertions="13" errors="0" failures="0" skipped="0" time="0.426083">
        <testcase name="test_should_return_wp_error_for_empty_id" class="Tests_Terms_GetTermsParentsList" classname="Tests_Terms_GetTermsParentsList" file="/var/www/html/test/wordpress_test/inpsyde_test/test/wp-content/plugins/plugintestslughere/tests/unit/tests/term/getTermParentsList.php" line="32" assertions="1" time="0.049975"/>
        <testcase name="test_should_return_empty_for_invalid_id" class="Tests_Terms_GetTermsParentsList" classname="Tests_Terms_GetTermsParentsList" file="/var/www/html/test/wordpress_test/inpsyde_test/test/wp-content/plugins/plugintestslughere/tests/unit/tests/term/getTermParentsList.php" line="36" assertions="1" time="0.036466"/>
        <testcase name="test_should_return_wp_error_for_invalid_taxonomy" class="Tests_Terms_GetTermsParentsList" classname="Tests_Terms_GetTermsParentsList" file="/var/www/html/test/wordpress_test/inpsyde_test/test/wp-content/plugins/plugintestslughere/tests/unit/tests/term/getTermParentsList.php" line="40" assertions="1" time="0.022437"/>
        <testcase name="test_with_default_parameters" class="Tests_Terms_GetTermsParentsList" classname="Tests_Terms_GetTermsParentsList" file="/var/www/html/test/wordpress_test/inpsyde_test/test/wp-content/plugins/plugintestslughere/tests/unit/tests/term/getTermParentsList.php" line="44" assertions="1" time="0.026091"/>
        <testcase name="test_array_parameters" class="Tests_Terms_GetTermsParentsList" classname="Tests_Terms_GetTermsParentsList" file="/var/www/html/test/wordpress_test/inpsyde_test/test/wp-content/plugins/plugintestslughere/tests/unit/tests/term/getTermParentsList.php" line="50" assertions="1" time="0.024497"/>
        <testcase name="test_link_false" class="Tests_Terms_GetTermsParentsList" classname="Tests_Terms_GetTermsParentsList" file="/var/www/html/test/wordpress_test/inpsyde_test/test/wp-content/plugins/plugintestslughere/tests/unit/tests/term/getTermParentsList.php" line="63" assertions="1" time="0.026233"/>
        <testcase name="test_separator" class="Tests_Terms_GetTermsParentsList" classname="Tests_Terms_GetTermsParentsList" file="/var/www/html/test/wordpress_test/inpsyde_test/test/wp-content/plugins/plugintestslughere/tests/unit/tests/term/getTermParentsList.php" line="69" assertions="1" time="0.025439"/>
        <testcase name="test_format_name" class="Tests_Terms_GetTermsParentsList" classname="Tests_Terms_GetTermsParentsList" file="/var/www/html/test/wordpress_test/inpsyde_test/test/wp-content/plugins/plugintestslughere/tests/unit/tests/term/getTermParentsList.php" line="75" assertions="1" time="0.025388"/>
        <testcase name="test_format_slug" class="Tests_Terms_GetTermsParentsList" classname="Tests_Terms_GetTermsParentsList" file="/var/www/html/test/wordpress_test/inpsyde_test/test/wp-content/plugins/plugintestslughere/tests/unit/tests/term/getTermParentsList.php" line="81" assertions="1" time="0.025068"/>
        <testcase name="test_inclusive_false" class="Tests_Terms_GetTermsParentsList" classname="Tests_Terms_GetTermsParentsList" file="/var/www/html/test/wordpress_test/inpsyde_test/test/wp-content/plugins/plugintestslughere/tests/unit/tests/term/getTermParentsList.php" line="87" assertions="1" time="0.026000"/>
        <testcase name="test_term_without_parents" class="Tests_Terms_GetTermsParentsList" classname="Tests_Terms_GetTermsParentsList" file="/var/www/html/test/wordpress_test/inpsyde_test/test/wp-content/plugins/plugintestslughere/tests/unit/tests/term/getTermParentsList.php" line="93" assertions="1" time="0.025746"/>
        <testcase name="test_order_should_go_from_distant_to_nearest_ancestor" class="Tests_Terms_GetTermsParentsList" classname="Tests_Terms_GetTermsParentsList" file="/var/www/html/test/wordpress_test/inpsyde_test/test/wp-content/plugins/plugintestslughere/tests/unit/tests/term/getTermParentsList.php" line="99" assertions="1" time="0.076014"/>
        <testcase name="test_should_accept_term_object" class="Tests_Terms_GetTermsParentsList" classname="Tests_Terms_GetTermsParentsList" file="/var/www/html/test/wordpress_test/inpsyde_test/test/wp-content/plugins/plugintestslughere/tests/unit/tests/term/getTermParentsList.php" line="112" assertions="1" time="0.036728"/>
      </testsuite>
      <testsuite name="Tests_Term_getTerms" file="/var/www/html/test/wordpress_test/inpsyde_test/test/wp-content/plugins/plugintestslughere/tests/unit/tests/term/getTerms.php" tests="91" assertions="171" errors="0" failures="0" skipped="0" time="15.523755">
        <testcase name="test_meta_query_args_only" class="Tests_Term_getTerms" classname="Tests_Term_getTerms" file="/var/www/html/test/wordpress_test/inpsyde_test/test/wp-content/plugins/plugintestslughere/tests/unit/tests/term/getTerms.php" line="17" assertions="1" time="0.301792"/>
        <testcase name="test_should_accept_an_args_array_containing_taxonomy_for_first_parameter" class="Tests_Term_getTerms" classname="Tests_Term_getTerms" file="/var/www/html/test/wordpress_test/inpsyde_test/test/wp-content/plugins/plugintestslughere/tests/unit/tests/term/getTerms.php" line="42" assertions="1" time="0.098091"/>
        <testcase name="test_legacy_params_as_query_string_should_be_properly_parsed" class="Tests_Term_getTerms" classname="Tests_Term_getTerms" file="/var/www/html/test/wordpress_test/inpsyde_test/test/wp-content/plugins/plugintestslughere/tests/unit/tests/term/getTerms.php" line="62" assertions="1" time="0.120976"/>
        <testcase name="test_new_params_as_query_string_should_be_properly_parsed" class="Tests_Term_getTerms" classname="Tests_Term_getTerms" file="/var/www/html/test/wordpress_test/inpsyde_test/test/wp-content/plugins/plugintestslughere/tests/unit/tests/term/getTerms.php" line="75" assertions="1" time="0.087445"/>
        <testcase name="test_excluding_taxonomy_arg_should_return_terms_from_all_taxonomies" class="Tests_Term_getTerms" classname="Tests_Term_getTerms" file="/var/www/html/test/wordpress_test/inpsyde_test/test/wp-content/plugins/plugintestslughere/tests/unit/tests/term/getTerms.php" line="87" assertions="2" time="0.098943"/>
        <testcase name="test_get_terms_cache" class="Tests_Term_getTerms" classname="Tests_Term_getTerms" file="/var/www/html/test/wordpress_test/inpsyde_test/test/wp-content/plugins/plugintestslughere/tests/unit/tests/term/getTerms.php" line="109" assertions="6" time="0.334256"/>
        <testcase name="test_get_terms_cache_should_be_missed_when_passing_number" class="Tests_Term_getTerms" classname="Tests_Term_getTerms" file="/var/www/html/test/wordpress_test/inpsyde_test/test/wp-content/plugins/plugintestslughere/tests/unit/tests/term/getTerms.php" line="135" assertions="6" time="0.237237"/>
        <testcase name="test_wp_delete_term_should_invalidate_cache" class="Tests_Term_getTerms" classname="Tests_Term_getTerms" file="/var/www/html/test/wordpress_test/inpsyde_test/test/wp-content/plugins/plugintestslughere/tests/unit/tests/term/getTerms.php" line="163" assertions="7" time="0.165068"/>
        <testcase name="test_get_terms_should_allow_arbitrary_indexed_taxonomies_array" class="Tests_Term_getTerms" classname="Tests_Term_getTerms" file="/var/www/html/test/wordpress_test/inpsyde_test/test/wp-content/plugins/plugintestslughere/tests/unit/tests/term/getTerms.php" line="200" assertions="1" time="0.098466"/>
        <testcase name="test_get_terms_fields" class="Tests_Term_getTerms" classname="Tests_Term_getTerms" file="/var/www/html/test/wordpress_test/inpsyde_test/test/wp-content/plugins/plugintestslughere/tests/unit/tests/term/getTerms.php" line="209" assertions="5" time="0.098451"/>
        <testcase name="test_get_terms_include_exclude" class="Tests_Term_getTerms" classname="Tests_Term_getTerms" file="/var/www/html/test/wordpress_test/inpsyde_test/test/wp-content/plugins/plugintestslughere/tests/unit/tests/term/getTerms.php" line="291" assertions="5" time="0.088132"/>
        <testcase name="test_exclude_with_hierarchical_true_for_non_hierarchical_taxonomy" class="Tests_Term_getTerms" classname="Tests_Term_getTerms" file="/var/www/html/test/wordpress_test/inpsyde_test/test/wp-content/plugins/plugintestslughere/tests/unit/tests/term/getTerms.php" line="346" assertions="1" time="0.098830"/>
        <testcase name="test_get_terms_exclude_tree" class="Tests_Term_getTerms" classname="Tests_Term_getTerms" file="/var/www/html/test/wordpress_test/inpsyde_test/test/wp-content/plugins/plugintestslughere/tests/unit/tests/term/getTerms.php" line="374" assertions="2" time="0.153324"/>
        <testcase name="test_get_terms_search" class="Tests_Term_getTerms" classname="Tests_Term_getTerms" file="/var/www/html/test/wordpress_test/inpsyde_test/test/wp-content/plugins/plugintestslughere/tests/unit/tests/term/getTerms.php" line="409" assertions="1" time="0.120523"/>
        <testcase name="test_get_terms_like" class="Tests_Term_getTerms" classname="Tests_Term_getTerms" file="/var/www/html/test/wordpress_test/inpsyde_test/test/wp-content/plugins/plugintestslughere/tests/unit/tests/term/getTerms.php" line="428" assertions="8" time="0.098638"/>
        <testcase name="test_get_terms_parent_zero" class="Tests_Term_getTerms" classname="Tests_Term_getTerms" file="/var/www/html/test/wordpress_test/inpsyde_test/test/wp-content/plugins/plugintestslughere/tests/unit/tests/term/getTerms.php" line="526" assertions="6" time="0.374583"/>
        <testcase name="test_get_terms_grandparent_zero" class="Tests_Term_getTerms" classname="Tests_Term_getTerms" file="/var/www/html/test/wordpress_test/inpsyde_test/test/wp-content/plugins/plugintestslughere/tests/unit/tests/term/getTerms.php" line="627" assertions="3" time="0.153096"/>
        <testcase name="test_get_terms_seven_levels_deep" class="Tests_Term_getTerms" classname="Tests_Term_getTerms" file="/var/www/html/test/wordpress_test/inpsyde_test/test/wp-content/plugins/plugintestslughere/tests/unit/tests/term/getTerms.php" line="672" assertions="3" time="0.198139"/>
        <testcase name="test_get_terms_child_of" class="Tests_Term_getTerms" classname="Tests_Term_getTerms" file="/var/www/html/test/wordpress_test/inpsyde_test/test/wp-content/plugins/plugintestslughere/tests/unit/tests/term/getTerms.php" line="708" assertions="1" time="0.111301"/>
        <testcase name="test_get_terms_child_of_fields_id_name" class="Tests_Term_getTerms" classname="Tests_Term_getTerms" file="/var/www/html/test/wordpress_test/inpsyde_test/test/wp-content/plugins/plugintestslughere/tests/unit/tests/term/getTerms.php" line="725" assertions="1" time="0.141750"/>
        <testcase name="test_get_terms_child_of_fields_id_slug" class="Tests_Term_getTerms" classname="Tests_Term_getTerms" file="/var/www/html/test/wordpress_test/inpsyde_test/test/wp-content/plugins/plugintestslughere/tests/unit/tests/term/getTerms.php" line="764" assertions="1" time="0.119951"/>
        <testcase name="test_child_of_should_skip_query_when_specified_parent_is_not_found_in_hierarchy_cache" class="Tests_Term_getTerms" classname="Tests_Term_getTerms" file="/var/www/html/test/wordpress_test/inpsyde_test/test/wp-content/plugins/plugintestslughere/tests/unit/tests/term/getTerms.php" line="802" assertions="2" time="0.098450"/>
        <testcase name="test_child_of_should_respect_multiple_taxonomies" class="Tests_Term_getTerms" classname="Tests_Term_getTerms" file="/var/www/html/test/wordpress_test/inpsyde_test/test/wp-content/plugins/plugintestslughere/tests/unit/tests/term/getTerms.php" line="826" assertions="1" time="0.098930"/>
        <testcase name="test_get_term_children_recursion" class="Tests_Term_getTerms" classname="Tests_Term_getTerms" file="/var/www/html/test/wordpress_test/inpsyde_test/test/wp-content/plugins/plugintestslughere/tests/unit/tests/term/getTerms.php" line="854" assertions="2" time="0.088022"/>
        <testcase name="test__get_term_children_handles_cycles" class="Tests_Term_getTerms" classname="Tests_Term_getTerms" file="/var/www/html/test/wordpress_test/inpsyde_test/test/wp-content/plugins/plugintestslughere/tests/unit/tests/term/getTerms.php" line="873" assertions="1" time="0.133127"/>
        <testcase name="test__get_term_children_handles_cycles_when_terms_argument_contains_objects" class="Tests_Term_getTerms" classname="Tests_Term_getTerms" file="/var/www/html/test/wordpress_test/inpsyde_test/test/wp-content/plugins/plugintestslughere/tests/unit/tests/term/getTerms.php" line="892" assertions="1" time="0.142563"/>
        <testcase name="test_get_terms_by_slug" class="Tests_Term_getTerms" classname="Tests_Term_getTerms" file="/var/www/html/test/wordpress_test/inpsyde_test/test/wp-content/plugins/plugintestslughere/tests/unit/tests/term/getTerms.php" line="907" assertions="1" time="0.098436"/>
        <testcase name="test_get_terms_by_multiple_slugs" class="Tests_Term_getTerms" classname="Tests_Term_getTerms" file="/var/www/html/test/wordpress_test/inpsyde_test/test/wp-content/plugins/plugintestslughere/tests/unit/tests/term/getTerms.php" line="926" assertions="1" time="0.142667"/>
        <testcase name="test_get_terms_by_name" class="Tests_Term_getTerms" classname="Tests_Term_getTerms" file="/var/www/html/test/wordpress_test/inpsyde_test/test/wp-content/plugins/plugintestslughere/tests/unit/tests/term/getTerms.php" line="946" assertions="1" time="0.120350"/>
        <testcase name="test_get_terms_by_multiple_names" class="Tests_Term_getTerms" classname="Tests_Term_getTerms" file="/var/www/html/test/wordpress_test/inpsyde_test/test/wp-content/plugins/plugintestslughere/tests/unit/tests/term/getTerms.php" line="965" assertions="1" time="0.120261"/>
        <testcase name="test_name_should_match_encoded_html_entities" class="Tests_Term_getTerms" classname="Tests_Term_getTerms" file="/var/www/html/test/wordpress_test/inpsyde_test/test/wp-content/plugins/plugintestslughere/tests/unit/tests/term/getTerms.php" line="985" assertions="2" time="0.098923"/>
        <testcase name="test_name_should_not_double_escape_apostrophes" class="Tests_Term_getTerms" classname="Tests_Term_getTerms" file="/var/www/html/test/wordpress_test/inpsyde_test/test/wp-content/plugins/plugintestslughere/tests/unit/tests/term/getTerms.php" line="1021" assertions="2" time="0.164435"/>
        <testcase name="test_childless_should_return_all_terms_for_flat_hierarchy" class="Tests_Term_getTerms" classname="Tests_Term_getTerms" file="/var/www/html/test/wordpress_test/inpsyde_test/test/wp-content/plugins/plugintestslughere/tests/unit/tests/term/getTerms.php" line="1052" assertions="1" time="0.165154"/>
        <testcase name="test_childless_hierarchical_taxonomy" class="Tests_Term_getTerms" classname="Tests_Term_getTerms" file="/var/www/html/test/wordpress_test/inpsyde_test/test/wp-content/plugins/plugintestslughere/tests/unit/tests/term/getTerms.php" line="1092" assertions="1" time="0.197636"/>
        <testcase name="test_childless_hierarchical_taxonomy_used_with_child_of" class="Tests_Term_getTerms" classname="Tests_Term_getTerms" file="/var/www/html/test/wordpress_test/inpsyde_test/test/wp-content/plugins/plugintestslughere/tests/unit/tests/term/getTerms.php" line="1183" assertions="1" time="0.186567"/>
        <testcase name="test_childless_should_enforce_childless_status_for_all_queried_taxonomies" class="Tests_Term_getTerms" classname="Tests_Term_getTerms" file="/var/www/html/test/wordpress_test/inpsyde_test/test/wp-content/plugins/plugintestslughere/tests/unit/tests/term/getTerms.php" line="1252" assertions="1" time="0.131085"/>
        <testcase name="test_get_terms_hierarchical_tax_hide_empty_false_fields_ids" class="Tests_Term_getTerms" classname="Tests_Term_getTerms" file="/var/www/html/test/wordpress_test/inpsyde_test/test/wp-content/plugins/plugintestslughere/tests/unit/tests/term/getTerms.php" line="1283" assertions="1" time="0.132285"/>
        <testcase name="test_get_terms_hierarchical_tax_hide_empty_true_fields_ids" class="Tests_Term_getTerms" classname="Tests_Term_getTerms" file="/var/www/html/test/wordpress_test/inpsyde_test/test/wp-content/plugins/plugintestslughere/tests/unit/tests/term/getTerms.php" line="1311" assertions="1" time="0.252379"/>
        <testcase name="test_get_terms_hierarchical_tax_hide_empty_true_fields_ids_hierarchical_false" class="Tests_Term_getTerms" classname="Tests_Term_getTerms" file="/var/www/html/test/wordpress_test/inpsyde_test/test/wp-content/plugins/plugintestslughere/tests/unit/tests/term/getTerms.php" line="1337" assertions="1" time="0.374636"/>
        <testcase name="test_get_terms_hierarchical_tax_hide_empty_false_fields_names" class="Tests_Term_getTerms" classname="Tests_Term_getTerms" file="/var/www/html/test/wordpress_test/inpsyde_test/test/wp-content/plugins/plugintestslughere/tests/unit/tests/term/getTerms.php" line="1363" assertions="1" time="0.340673"/>
        <testcase name="test_get_terms_hierarchical_tax_hide_empty_true_fields_names" class="Tests_Term_getTerms" classname="Tests_Term_getTerms" file="/var/www/html/test/wordpress_test/inpsyde_test/test/wp-content/plugins/plugintestslughere/tests/unit/tests/term/getTerms.php" line="1391" assertions="1" time="0.218443"/>
        <testcase name="test_get_terms_hierarchical_tax_hide_empty_true_fields_names_hierarchical_false" class="Tests_Term_getTerms" classname="Tests_Term_getTerms" file="/var/www/html/test/wordpress_test/inpsyde_test/test/wp-content/plugins/plugintestslughere/tests/unit/tests/term/getTerms.php" line="1417" assertions="1" time="0.154312"/>
        <testcase name="test_get_terms_hierarchical_tax_hide_empty_false_fields_count" class="Tests_Term_getTerms" classname="Tests_Term_getTerms" file="/var/www/html/test/wordpress_test/inpsyde_test/test/wp-content/plugins/plugintestslughere/tests/unit/tests/term/getTerms.php" line="1443" assertions="1" time="0.197923"/>
        <testcase name="test_get_terms_hierarchical_tax_hide_empty_true_fields_count" class="Tests_Term_getTerms" classname="Tests_Term_getTerms" file="/var/www/html/test/wordpress_test/inpsyde_test/test/wp-content/plugins/plugintestslughere/tests/unit/tests/term/getTerms.php" line="1463" assertions="1" time="0.297208"/>
        <testcase name="test_get_terms_hierarchical_tax_hide_empty_true_fields_count_hierarchical_false" class="Tests_Term_getTerms" classname="Tests_Term_getTerms" file="/var/www/html/test/wordpress_test/inpsyde_test/test/wp-content/plugins/plugintestslughere/tests/unit/tests/term/getTerms.php" line="1484" assertions="1" time="0.186149"/>
        <testcase name="test_get_terms_hierarchical_tax_hide_empty_false_fields_idparent" class="Tests_Term_getTerms" classname="Tests_Term_getTerms" file="/var/www/html/test/wordpress_test/inpsyde_test/test/wp-content/plugins/plugintestslughere/tests/unit/tests/term/getTerms.php" line="1505" assertions="1" time="0.175518"/>
        <testcase name="test_get_terms_hierarchical_tax_hide_empty_true_fields_idparent" class="Tests_Term_getTerms" classname="Tests_Term_getTerms" file="/var/www/html/test/wordpress_test/inpsyde_test/test/wp-content/plugins/plugintestslughere/tests/unit/tests/term/getTerms.php" line="1533" assertions="1" time="0.220062"/>
        <testcase name="test_get_terms_hierarchical_tax_hide_empty_true_fields_idparent_hierarchical_false" class="Tests_Term_getTerms" classname="Tests_Term_getTerms" file="/var/www/html/test/wordpress_test/inpsyde_test/test/wp-content/plugins/plugintestslughere/tests/unit/tests/term/getTerms.php" line="1559" assertions="1" time="0.197699"/>
        <testcase name="test_get_terms_hierarchical_tax_hide_empty_false_fields_idslug" class="Tests_Term_getTerms" classname="Tests_Term_getTerms" file="/var/www/html/test/wordpress_test/inpsyde_test/test/wp-content/plugins/plugintestslughere/tests/unit/tests/term/getTerms.php" line="1585" assertions="1" time="0.165207"/>
        <testcase name="test_get_terms_hierarchical_tax_hide_empty_true_fields_idslug" class="Tests_Term_getTerms" classname="Tests_Term_getTerms" file="/var/www/html/test/wordpress_test/inpsyde_test/test/wp-content/plugins/plugintestslughere/tests/unit/tests/term/getTerms.php" line="1616" assertions="1" time="0.131534"/>
        <testcase name="test_get_terms_hierarchical_tax_hide_empty_true_fields_idslug_hierarchical_false" class="Tests_Term_getTerms" classname="Tests_Term_getTerms" file="/var/www/html/test/wordpress_test/inpsyde_test/test/wp-content/plugins/plugintestslughere/tests/unit/tests/term/getTerms.php" line="1642" assertions="1" time="0.143143"/>
        <testcase name="test_get_terms_hierarchical_tax_hide_empty_false_fields_idname" class="Tests_Term_getTerms" classname="Tests_Term_getTerms" file="/var/www/html/test/wordpress_test/inpsyde_test/test/wp-content/plugins/plugintestslughere/tests/unit/tests/term/getTerms.php" line="1668" assertions="1" time="0.154055"/>
        <testcase name="test_get_terms_hierarchical_tax_hide_empty_true_fields_idname" class="Tests_Term_getTerms" classname="Tests_Term_getTerms" file="/var/www/html/test/wordpress_test/inpsyde_test/test/wp-content/plugins/plugintestslughere/tests/unit/tests/term/getTerms.php" line="1699" assertions="1" time="0.207853"/>
        <testcase name="test_get_terms_hierarchical_tax_hide_empty_true_fields_idname_hierarchical_false" class="Tests_Term_getTerms" classname="Tests_Term_getTerms" file="/var/www/html/test/wordpress_test/inpsyde_test/test/wp-content/plugins/plugintestslughere/tests/unit/tests/term/getTerms.php" line="1725" assertions="1" time="0.318881"/>
        <testcase name="test_hierarchical_should_recurse_properly_for_all_taxonomies" class="Tests_Term_getTerms" classname="Tests_Term_getTerms" file="/var/www/html/test/wordpress_test/inpsyde_test/test/wp-content/plugins/plugintestslughere/tests/unit/tests/term/getTerms.php" line="1754" assertions="6" time="0.241682"/>
        <testcase name="test_orderby_include" class="Tests_Term_getTerms" classname="Tests_Term_getTerms" file="/var/www/html/test/wordpress_test/inpsyde_test/test/wp-content/plugins/plugintestslughere/tests/unit/tests/term/getTerms.php" line="1819" assertions="1" time="0.318981"/>
        <testcase name="test_orderby_description" class="Tests_Term_getTerms" classname="Tests_Term_getTerms" file="/var/www/html/test/wordpress_test/inpsyde_test/test/wp-content/plugins/plugintestslughere/tests/unit/tests/term/getTerms.php" line="1846" assertions="1" time="0.186744"/>
        <testcase name="test_orderby_term_id" class="Tests_Term_getTerms" classname="Tests_Term_getTerms" file="/var/www/html/test/wordpress_test/inpsyde_test/test/wp-content/plugins/plugintestslughere/tests/unit/tests/term/getTerms.php" line="1892" assertions="1" time="0.296788"/>
        <testcase name="test_orderby_meta_value" class="Tests_Term_getTerms" classname="Tests_Term_getTerms" file="/var/www/html/test/wordpress_test/inpsyde_test/test/wp-content/plugins/plugintestslughere/tests/unit/tests/term/getTerms.php" line="1928" assertions="1" time="0.208723"/>
        <testcase name="test_orderby_meta_value_num" class="Tests_Term_getTerms" classname="Tests_Term_getTerms" file="/var/www/html/test/wordpress_test/inpsyde_test/test/wp-content/plugins/plugintestslughere/tests/unit/tests/term/getTerms.php" line="1966" assertions="1" time="0.140624"/>
        <testcase name="test_orderby_meta_value_with_meta_key" class="Tests_Term_getTerms" classname="Tests_Term_getTerms" file="/var/www/html/test/wordpress_test/inpsyde_test/test/wp-content/plugins/plugintestslughere/tests/unit/tests/term/getTerms.php" line="2004" assertions="4" time="0.109785"/>
        <testcase name="test_orderby_meta_value_num_with_meta_key" class="Tests_Term_getTerms" classname="Tests_Term_getTerms" file="/var/www/html/test/wordpress_test/inpsyde_test/test/wp-content/plugins/plugintestslughere/tests/unit/tests/term/getTerms.php" line="2103" assertions="4" time="0.121473"/>
        <testcase name="test_orderby_clause_key" class="Tests_Term_getTerms" classname="Tests_Term_getTerms" file="/var/www/html/test/wordpress_test/inpsyde_test/test/wp-content/plugins/plugintestslughere/tests/unit/tests/term/getTerms.php" line="2200" assertions="3" time="0.142090"/>
        <testcase name="test_hierarchical_false_with_parent" class="Tests_Term_getTerms" classname="Tests_Term_getTerms" file="/var/www/html/test/wordpress_test/inpsyde_test/test/wp-content/plugins/plugintestslughere/tests/unit/tests/term/getTerms.php" line="2298" assertions="1" time="0.209343"/>
        <testcase name="test_hierarchical_true_with_parent" class="Tests_Term_getTerms" classname="Tests_Term_getTerms" file="/var/www/html/test/wordpress_test/inpsyde_test/test/wp-content/plugins/plugintestslughere/tests/unit/tests/term/getTerms.php" line="2317" assertions="1" time="0.229952"/>
        <testcase name="test_hierarchical_false_with_child_of_and_direct_child" class="Tests_Term_getTerms" classname="Tests_Term_getTerms" file="/var/www/html/test/wordpress_test/inpsyde_test/test/wp-content/plugins/plugintestslughere/tests/unit/tests/term/getTerms.php" line="2338" assertions="1" time="0.219708"/>
        <testcase name="test_hierarchical_false_with_child_of_should_not_return_grandchildren" class="Tests_Term_getTerms" classname="Tests_Term_getTerms" file="/var/www/html/test/wordpress_test/inpsyde_test/test/wp-content/plugins/plugintestslughere/tests/unit/tests/term/getTerms.php" line="2364" assertions="1" time="0.276767"/>
        <testcase name="test_hierarchical_true_with_child_of_should_return_grandchildren" class="Tests_Term_getTerms" classname="Tests_Term_getTerms" file="/var/www/html/test/wordpress_test/inpsyde_test/test/wp-content/plugins/plugintestslughere/tests/unit/tests/term/getTerms.php" line="2380" assertions="1" time="0.286089"/>
        <testcase name="test_parent_should_override_child_of" class="Tests_Term_getTerms" classname="Tests_Term_getTerms" file="/var/www/html/test/wordpress_test/inpsyde_test/test/wp-content/plugins/plugintestslughere/tests/unit/tests/term/getTerms.php" line="2402" assertions="1" time="0.186316"/>
        <testcase name="test_parent_should_skip_query_when_specified_parent_is_not_found_in_hierarchy_cache" class="Tests_Term_getTerms" classname="Tests_Term_getTerms" file="/var/www/html/test/wordpress_test/inpsyde_test/test/wp-content/plugins/plugintestslughere/tests/unit/tests/term/getTerms.php" line="2427" assertions="2" time="0.165249"/>
        <testcase name="test_parent_should_respect_multiple_taxonomies" class="Tests_Term_getTerms" classname="Tests_Term_getTerms" file="/var/www/html/test/wordpress_test/inpsyde_test/test/wp-content/plugins/plugintestslughere/tests/unit/tests/term/getTerms.php" line="2451" assertions="1" time="0.121219"/>
        <testcase name="test_hierarchical_false_parent_should_override_child_of" class="Tests_Term_getTerms" classname="Tests_Term_getTerms" file="/var/www/html/test/wordpress_test/inpsyde_test/test/wp-content/plugins/plugintestslughere/tests/unit/tests/term/getTerms.php" line="2476" assertions="1" time="0.218873"/>
        <testcase name="test_hierarchical_true_parent_overrides_child_of" class="Tests_Term_getTerms" classname="Tests_Term_getTerms" file="/var/www/html/test/wordpress_test/inpsyde_test/test/wp-content/plugins/plugintestslughere/tests/unit/tests/term/getTerms.php" line="2496" assertions="1" time="0.242390"/>
        <testcase name="test_pad_counts" class="Tests_Term_getTerms" classname="Tests_Term_getTerms" file="/var/www/html/test/wordpress_test/inpsyde_test/test/wp-content/plugins/plugintestslughere/tests/unit/tests/term/getTerms.php" line="2518" assertions="4" time="0.253249"/>
        <testcase name="test_pad_counts_should_not_recurse_infinitely_when_term_hierarchy_has_a_loop" class="Tests_Term_getTerms" classname="Tests_Term_getTerms" file="/var/www/html/test/wordpress_test/inpsyde_test/test/wp-content/plugins/plugintestslughere/tests/unit/tests/term/getTerms.php" line="2568" assertions="4" time="0.285703"/>
        <testcase name="test_pad_counts_should_work_when_first_taxonomy_is_nonhierarchical_and_second_taxonomy_is_hierarchical" class="Tests_Term_getTerms" classname="Tests_Term_getTerms" file="/var/www/html/test/wordpress_test/inpsyde_test/test/wp-content/plugins/plugintestslughere/tests/unit/tests/term/getTerms.php" line="2600" assertions="4" time="0.285301"/>
        <testcase name="test_termmeta_cache_should_be_primed_by_default" class="Tests_Term_getTerms" classname="Tests_Term_getTerms" file="/var/www/html/test/wordpress_test/inpsyde_test/test/wp-content/plugins/plugintestslughere/tests/unit/tests/term/getTerms.php" line="2641" assertions="4" time="0.164442"/>
        <testcase name="test_termmeta_cache_should_not_be_primed_when_update_term_meta_cache_is_false" class="Tests_Term_getTerms" classname="Tests_Term_getTerms" file="/var/www/html/test/wordpress_test/inpsyde_test/test/wp-content/plugins/plugintestslughere/tests/unit/tests/term/getTerms.php" line="2670" assertions="4" time="0.120241"/>
        <testcase name="test_meta_query" class="Tests_Term_getTerms" classname="Tests_Term_getTerms" file="/var/www/html/test/wordpress_test/inpsyde_test/test/wp-content/plugins/plugintestslughere/tests/unit/tests/term/getTerms.php" line="2700" assertions="1" time="0.109574"/>
        <testcase name="test_meta_query_should_not_return_duplicates" class="Tests_Term_getTerms" classname="Tests_Term_getTerms" file="/var/www/html/test/wordpress_test/inpsyde_test/test/wp-content/plugins/plugintestslughere/tests/unit/tests/term/getTerms.php" line="2728" assertions="1" time="0.131736"/>
        <testcase name="test_should_return_wp_term_objects" class="Tests_Term_getTerms" classname="Tests_Term_getTerms" file="/var/www/html/test/wordpress_test/inpsyde_test/test/wp-content/plugins/plugintestslughere/tests/unit/tests/term/getTerms.php" line="2755" assertions="3" time="0.076997"/>
        <testcase name="test_should_return_wp_term_objects_when_pulling_from_the_cache" class="Tests_Term_getTerms" classname="Tests_Term_getTerms" file="/var/www/html/test/wordpress_test/inpsyde_test/test/wp-content/plugins/plugintestslughere/tests/unit/tests/term/getTerms.php" line="2778" assertions="4" time="0.087626"/>
        <testcase name="test_should_prime_individual_term_cache_when_fields_is_all" class="Tests_Term_getTerms" classname="Tests_Term_getTerms" file="/var/www/html/test/wordpress_test/inpsyde_test/test/wp-content/plugins/plugintestslughere/tests/unit/tests/term/getTerms.php" line="2815" assertions="1" time="0.098633"/>
        <testcase name="test_indexes_should_not_be_reset_when_number_of_matched_terms_is_greater_than_number" class="Tests_Term_getTerms" classname="Tests_Term_getTerms" file="/var/www/html/test/wordpress_test/inpsyde_test/test/wp-content/plugins/plugintestslughere/tests/unit/tests/term/getTerms.php" line="2838" assertions="1" time="0.110275"/>
        <testcase name="test_hierarchical_offset_0_with_number_greater_than_total_available_count" class="Tests_Term_getTerms" classname="Tests_Term_getTerms" file="/var/www/html/test/wordpress_test/inpsyde_test/test/wp-content/plugins/plugintestslughere/tests/unit/tests/term/getTerms.php" line="2860" assertions="1" time="0.142261"/>
        <testcase name="test_hierarchical_offset_plus_number" class="Tests_Term_getTerms" classname="Tests_Term_getTerms" file="/var/www/html/test/wordpress_test/inpsyde_test/test/wp-content/plugins/plugintestslughere/tests/unit/tests/term/getTerms.php" line="2880" assertions="1" time="0.209065"/>
        <testcase name="test_hierarchical_offset_plus_number_exceeds_available_count" class="Tests_Term_getTerms" classname="Tests_Term_getTerms" file="/var/www/html/test/wordpress_test/inpsyde_test/test/wp-content/plugins/plugintestslughere/tests/unit/tests/term/getTerms.php" line="2902" assertions="1" time="0.098588"/>
        <testcase name="test_hierarchical_offset_exceeds_available_count" class="Tests_Term_getTerms" classname="Tests_Term_getTerms" file="/var/www/html/test/wordpress_test/inpsyde_test/test/wp-content/plugins/plugintestslughere/tests/unit/tests/term/getTerms.php" line="2924" assertions="1" time="0.077098"/>
        <testcase name="test_count_should_not_pass_through_main_get_terms_filter" class="Tests_Term_getTerms" classname="Tests_Term_getTerms" file="/var/www/html/test/wordpress_test/inpsyde_test/test/wp-content/plugins/plugintestslughere/tests/unit/tests/term/getTerms.php" line="2947" assertions="1" time="0.027232"/>
        <testcase name="test_with_term_slug_equal_to_string_0" class="Tests_Term_getTerms" classname="Tests_Term_getTerms" file="/var/www/html/test/wordpress_test/inpsyde_test/test/wp-content/plugins/plugintestslughere/tests/unit/tests/term/getTerms.php" line="2969" assertions="1" time="0.081618"/>
        <testcase name="test_with_multiple_term_slugs_one_equal_to_string_0" class="Tests_Term_getTerms" classname="Tests_Term_getTerms" file="/var/www/html/test/wordpress_test/inpsyde_test/test/wp-content/plugins/plugintestslughere/tests/unit/tests/term/getTerms.php" line="2994" assertions="1" time="0.087763"/>
      </testsuite>
      <testsuite name="Tests_Term_GetTheTerms" file="/var/www/html/test/wordpress_test/inpsyde_test/test/wp-content/plugins/plugintestslughere/tests/unit/tests/term/getTheTerms.php" tests="11" assertions="27" errors="0" failures="0" skipped="0" time="1.442238">
        <testcase name="test_object_term_cache" class="Tests_Term_GetTheTerms" classname="Tests_Term_GetTheTerms" file="/var/www/html/test/wordpress_test/inpsyde_test/test/wp-content/plugins/plugintestslughere/tests/unit/tests/term/getTheTerms.php" line="17" assertions="6" time="0.300022"/>
        <testcase name="test_object_term_cache_when_term_changes" class="Tests_Term_GetTheTerms" classname="Tests_Term_GetTheTerms" file="/var/www/html/test/wordpress_test/inpsyde_test/test/wp-content/plugins/plugintestslughere/tests/unit/tests/term/getTheTerms.php" line="53" assertions="6" time="0.088233"/>
        <testcase name="test_get_the_terms_should_return_wp_term_objects_from_cache" class="Tests_Term_GetTheTerms" classname="Tests_Term_GetTheTerms" file="/var/www/html/test/wordpress_test/inpsyde_test/test/wp-content/plugins/plugintestslughere/tests/unit/tests/term/getTheTerms.php" line="88" assertions="3" time="0.087512"/>
        <testcase name="test_get_the_terms_should_return_zero_indexed_array_when_cache_is_empty" class="Tests_Term_GetTheTerms" classname="Tests_Term_GetTheTerms" file="/var/www/html/test/wordpress_test/inpsyde_test/test/wp-content/plugins/plugintestslughere/tests/unit/tests/term/getTheTerms.php" line="107" assertions="1" time="0.109709"/>
        <testcase name="test_get_the_terms_should_return_zero_indexed_array_when_cache_is_primed" class="Tests_Term_GetTheTerms" classname="Tests_Term_GetTheTerms" file="/var/www/html/test/wordpress_test/inpsyde_test/test/wp-content/plugins/plugintestslughere/tests/unit/tests/term/getTheTerms.php" line="120" assertions="1" time="0.198104"/>
        <testcase name="test_get_the_terms_should_return_results_ordered_by_name_when_pulling_from_cache" class="Tests_Term_GetTheTerms" classname="Tests_Term_GetTheTerms" file="/var/www/html/test/wordpress_test/inpsyde_test/test/wp-content/plugins/plugintestslughere/tests/unit/tests/term/getTheTerms.php" line="137" assertions="1" time="0.108700"/>
        <testcase name="test_get_the_terms_should_return_wp_error_when_taxonomy_is_unregistered" class="Tests_Term_GetTheTerms" classname="Tests_Term_GetTheTerms" file="/var/www/html/test/wordpress_test/inpsyde_test/test/wp-content/plugins/plugintestslughere/tests/unit/tests/term/getTheTerms.php" line="171" assertions="1" time="0.023176"/>
        <testcase name="test_count_should_not_be_improperly_cached" class="Tests_Term_GetTheTerms" classname="Tests_Term_GetTheTerms" file="/var/www/html/test/wordpress_test/inpsyde_test/test/wp-content/plugins/plugintestslughere/tests/unit/tests/term/getTheTerms.php" line="180" assertions="2" time="0.086285"/>
        <testcase name="test_uncached_terms_should_be_primed_with_a_single_query" class="Tests_Term_GetTheTerms" classname="Tests_Term_GetTheTerms" file="/var/www/html/test/wordpress_test/inpsyde_test/test/wp-content/plugins/plugintestslughere/tests/unit/tests/term/getTheTerms.php" line="199" assertions="2" time="0.140823"/>
        <testcase name="test_term_cache_should_be_invalidated_on_set_object_terms" class="Tests_Term_GetTheTerms" classname="Tests_Term_GetTheTerms" file="/var/www/html/test/wordpress_test/inpsyde_test/test/wp-content/plugins/plugintestslughere/tests/unit/tests/term/getTheTerms.php" line="226" assertions="2" time="0.123965"/>
        <testcase name="test_term_cache_should_be_invalidated_on_remove_object_terms" class="Tests_Term_GetTheTerms" classname="Tests_Term_GetTheTerms" file="/var/www/html/test/wordpress_test/inpsyde_test/test/wp-content/plugins/plugintestslughere/tests/unit/tests/term/getTheTerms.php" line="258" assertions="2" time="0.175709"/>
      </testsuite>
      <testsuite name="Tests_IsObjectInTerm" file="/var/www/html/test/wordpress_test/inpsyde_test/test/wp-content/plugins/plugintestslughere/tests/unit/tests/term/isObjectInTerm.php" tests="9" assertions="21" errors="0" failures="0" skipped="0" time="1.165018">
        <testcase name="test_terms_are_ints" class="Tests_IsObjectInTerm" classname="Tests_IsObjectInTerm" file="/var/www/html/test/wordpress_test/inpsyde_test/test/wp-content/plugins/plugintestslughere/tests/unit/tests/term/isObjectInTerm.php" line="7" assertions="2" time="0.160747"/>
        <testcase name="test_terms_are_strings_and_match_term_id" class="Tests_IsObjectInTerm" classname="Tests_IsObjectInTerm" file="/var/www/html/test/wordpress_test/inpsyde_test/test/wp-content/plugins/plugintestslughere/tests/unit/tests/term/isObjectInTerm.php" line="22" assertions="2" time="0.174978"/>
        <testcase name="test_terms_are_strings_and_match_term_name" class="Tests_IsObjectInTerm" classname="Tests_IsObjectInTerm" file="/var/www/html/test/wordpress_test/inpsyde_test/test/wp-content/plugins/plugintestslughere/tests/unit/tests/term/isObjectInTerm.php" line="40" assertions="2" time="0.131500"/>
        <testcase name="test_terms_are_strings_and_match_term_slug" class="Tests_IsObjectInTerm" classname="Tests_IsObjectInTerm" file="/var/www/html/test/wordpress_test/inpsyde_test/test/wp-content/plugins/plugintestslughere/tests/unit/tests/term/isObjectInTerm.php" line="65" assertions="2" time="0.131938"/>
        <testcase name="test_terms_contain_strings_and_ints_and_match_term_id_as_int" class="Tests_IsObjectInTerm" classname="Tests_IsObjectInTerm" file="/var/www/html/test/wordpress_test/inpsyde_test/test/wp-content/plugins/plugintestslughere/tests/unit/tests/term/isObjectInTerm.php" line="90" assertions="2" time="0.143204"/>
        <testcase name="test_should_not_return_true_if_term_name_begins_with_existing_term_id" class="Tests_IsObjectInTerm" classname="Tests_IsObjectInTerm" file="/var/www/html/test/wordpress_test/inpsyde_test/test/wp-content/plugins/plugintestslughere/tests/unit/tests/term/isObjectInTerm.php" line="118" assertions="2" time="0.119926"/>
        <testcase name="test_should_populate_and_hit_relationships_cache" class="Tests_IsObjectInTerm" classname="Tests_IsObjectInTerm" file="/var/www/html/test/wordpress_test/inpsyde_test/test/wp-content/plugins/plugintestslughere/tests/unit/tests/term/isObjectInTerm.php" line="137" assertions="4" time="0.121360"/>
        <testcase name="test_should_not_be_fooled_by_a_stale_relationship_cache" class="Tests_IsObjectInTerm" classname="Tests_IsObjectInTerm" file="/var/www/html/test/wordpress_test/inpsyde_test/test/wp-content/plugins/plugintestslughere/tests/unit/tests/term/isObjectInTerm.php" line="158" assertions="4" time="0.152958"/>
        <testcase name="test_invalid_taxonomy_should_return_wp_error_object" class="Tests_IsObjectInTerm" classname="Tests_IsObjectInTerm" file="/var/www/html/test/wordpress_test/inpsyde_test/test/wp-content/plugins/plugintestslughere/tests/unit/tests/term/isObjectInTerm.php" line="183" assertions="1" time="0.028407"/>
      </testsuite>
      <testsuite name="Tests_Term_Meta" file="/var/www/html/test/wordpress_test/inpsyde_test/test/wp-content/plugins/plugintestslughere/tests/unit/tests/term/meta.php" tests="31" assertions="72" errors="0" failures="0" skipped="0" time="6.808378">
        <testcase name="test_add" class="Tests_Term_Meta" classname="Tests_Term_Meta" file="/var/www/html/test/wordpress_test/inpsyde_test/test/wp-content/plugins/plugintestslughere/tests/unit/tests/term/meta.php" line="21" assertions="1" time="0.083110"/>
        <testcase name="test_add_unique" class="Tests_Term_Meta" classname="Tests_Term_Meta" file="/var/www/html/test/wordpress_test/inpsyde_test/test/wp-content/plugins/plugintestslughere/tests/unit/tests/term/meta.php" line="27" assertions="2" time="0.086888"/>
        <testcase name="test_delete" class="Tests_Term_Meta" classname="Tests_Term_Meta" file="/var/www/html/test/wordpress_test/inpsyde_test/test/wp-content/plugins/plugintestslughere/tests/unit/tests/term/meta.php" line="34" assertions="1" time="0.065759"/>
        <testcase name="test_delete_with_invalid_meta_key_should_return_false" class="Tests_Term_Meta" classname="Tests_Term_Meta" file="/var/www/html/test/wordpress_test/inpsyde_test/test/wp-content/plugins/plugintestslughere/tests/unit/tests/term/meta.php" line="41" assertions="1" time="0.077298"/>
        <testcase name="test_delete_should_respect_meta_value" class="Tests_Term_Meta" classname="Tests_Term_Meta" file="/var/www/html/test/wordpress_test/inpsyde_test/test/wp-content/plugins/plugintestslughere/tests/unit/tests/term/meta.php" line="47" assertions="2" time="0.087033"/>
        <testcase name="test_get_with_no_key_should_fetch_all_keys" class="Tests_Term_Meta" classname="Tests_Term_Meta" file="/var/www/html/test/wordpress_test/inpsyde_test/test/wp-content/plugins/plugintestslughere/tests/unit/tests/term/meta.php" line="58" assertions="1" time="0.087635"/>
        <testcase name="test_get_with_key_should_fetch_all_for_key" class="Tests_Term_Meta" classname="Tests_Term_Meta" file="/var/www/html/test/wordpress_test/inpsyde_test/test/wp-content/plugins/plugintestslughere/tests/unit/tests/term/meta.php" line="72" assertions="1" time="0.076426"/>
        <testcase name="test_get_should_respect_single_true" class="Tests_Term_Meta" classname="Tests_Term_Meta" file="/var/www/html/test/wordpress_test/inpsyde_test/test/wp-content/plugins/plugintestslughere/tests/unit/tests/term/meta.php" line="84" assertions="1" time="0.231400"/>
        <testcase name="test_update_should_pass_to_add_when_no_value_exists_for_key" class="Tests_Term_Meta" classname="Tests_Term_Meta" file="/var/www/html/test/wordpress_test/inpsyde_test/test/wp-content/plugins/plugintestslughere/tests/unit/tests/term/meta.php" line="93" assertions="3" time="0.241563"/>
        <testcase name="test_update_should_return_true_when_updating_existing_value_for_key" class="Tests_Term_Meta" classname="Tests_Term_Meta" file="/var/www/html/test/wordpress_test/inpsyde_test/test/wp-content/plugins/plugintestslughere/tests/unit/tests/term/meta.php" line="104" assertions="2" time="0.241316"/>
        <testcase name="test_term_meta_should_be_lazy_loaded_for_all_terms_in_wp_query_loop" class="Tests_Term_Meta" classname="Tests_Term_Meta" file="/var/www/html/test/wordpress_test/inpsyde_test/test/wp-content/plugins/plugintestslughere/tests/unit/tests/term/meta.php" line="116" assertions="7" time="1.258479"/>
        <testcase name="test_lazy_load_term_meta_should_fall_back_on_update_post_term_cache" class="Tests_Term_Meta" classname="Tests_Term_Meta" file="/var/www/html/test/wordpress_test/inpsyde_test/test/wp-content/plugins/plugintestslughere/tests/unit/tests/term/meta.php" line="170" assertions="2" time="0.054402"/>
        <testcase name="test_lazy_load_term_meta_false" class="Tests_Term_Meta" classname="Tests_Term_Meta" file="/var/www/html/test/wordpress_test/inpsyde_test/test/wp-content/plugins/plugintestslughere/tests/unit/tests/term/meta.php" line="191" assertions="4" time="0.340552"/>
        <testcase name="test_adding_term_meta_should_bust_get_terms_cache" class="Tests_Term_Meta" classname="Tests_Term_Meta" file="/var/www/html/test/wordpress_test/inpsyde_test/test/wp-content/plugins/plugintestslughere/tests/unit/tests/term/meta.php" line="228" assertions="2" time="0.307100"/>
        <testcase name="test_updating_term_meta_should_bust_get_terms_cache" class="Tests_Term_Meta" classname="Tests_Term_Meta" file="/var/www/html/test/wordpress_test/inpsyde_test/test/wp-content/plugins/plugintestslughere/tests/unit/tests/term/meta.php" line="269" assertions="2" time="0.539501"/>
        <testcase name="test_deleting_term_meta_should_bust_get_terms_cache" class="Tests_Term_Meta" classname="Tests_Term_Meta" file="/var/www/html/test/wordpress_test/inpsyde_test/test/wp-content/plugins/plugintestslughere/tests/unit/tests/term/meta.php" line="311" assertions="2" time="0.230914"/>
        <testcase name="test_add_term_meta_should_return_error_when_term_id_is_shared" class="Tests_Term_Meta" classname="Tests_Term_Meta" file="/var/www/html/test/wordpress_test/inpsyde_test/test/wp-content/plugins/plugintestslughere/tests/unit/tests/term/meta.php" line="356" assertions="2" time="0.308445"/>
        <testcase name="test_update_term_meta_should_return_error_when_term_id_is_shared" class="Tests_Term_Meta" classname="Tests_Term_Meta" file="/var/www/html/test/wordpress_test/inpsyde_test/test/wp-content/plugins/plugintestslughere/tests/unit/tests/term/meta.php" line="394" assertions="2" time="0.252243"/>
        <testcase name="test_term_meta_should_be_deleted_when_term_is_deleted" class="Tests_Term_Meta" classname="Tests_Term_Meta" file="/var/www/html/test/wordpress_test/inpsyde_test/test/wp-content/plugins/plugintestslughere/tests/unit/tests/term/meta.php" line="434" assertions="5" time="0.252009"/>
        <testcase name="test_has_term_meta" class="Tests_Term_Meta" classname="Tests_Term_Meta" file="/var/www/html/test/wordpress_test/inpsyde_test/test/wp-content/plugins/plugintestslughere/tests/unit/tests/term/meta.php" line="452" assertions="2" time="0.252847"/>
        <testcase name="test_has_term_meta_empty_results" class="Tests_Term_Meta" classname="Tests_Term_Meta" file="/var/www/html/test/wordpress_test/inpsyde_test/test/wp-content/plugins/plugintestslughere/tests/unit/tests/term/meta.php" line="475" assertions="1" time="0.406605"/>
        <testsuite name="Tests_Term_Meta::test_register_term_meta" tests="3" assertions="9" errors="0" failures="0" skipped="0" time="0.111211">
          <testcase name="test_register_term_meta with data set #0" class="Tests_Term_Meta" classname="Tests_Term_Meta" file="/var/www/html/test/wordpress_test/inpsyde_test/test/wp-content/plugins/plugintestslughere/tests/unit/tests/term/meta.php" line="487" assertions="3" time="0.045393"/>
          <testcase name="test_register_term_meta with data set #1" class="Tests_Term_Meta" classname="Tests_Term_Meta" file="/var/www/html/test/wordpress_test/inpsyde_test/test/wp-content/plugins/plugintestslughere/tests/unit/tests/term/meta.php" line="487" assertions="3" time="0.034677"/>
          <testcase name="test_register_term_meta with data set #2" class="Tests_Term_Meta" classname="Tests_Term_Meta" file="/var/www/html/test/wordpress_test/inpsyde_test/test/wp-content/plugins/plugintestslughere/tests/unit/tests/term/meta.php" line="487" assertions="3" time="0.031141"/>
        </testsuite>
        <testsuite name="Tests_Term_Meta::test_unregister_term_meta" tests="3" assertions="3" errors="0" failures="0" skipped="0" time="0.075527">
          <testcase name="test_unregister_term_meta with data set #0" class="Tests_Term_Meta" classname="Tests_Term_Meta" file="/var/www/html/test/wordpress_test/inpsyde_test/test/wp-content/plugins/plugintestslughere/tests/unit/tests/term/meta.php" line="522" assertions="1" time="0.027241"/>
          <testcase name="test_unregister_term_meta with data set #1" class="Tests_Term_Meta" classname="Tests_Term_Meta" file="/var/www/html/test/wordpress_test/inpsyde_test/test/wp-content/plugins/plugintestslughere/tests/unit/tests/term/meta.php" line="522" assertions="1" time="0.025069"/>
          <testcase name="test_unregister_term_meta with data set #2" class="Tests_Term_Meta" classname="Tests_Term_Meta" file="/var/www/html/test/wordpress_test/inpsyde_test/test/wp-content/plugins/plugintestslughere/tests/unit/tests/term/meta.php" line="522" assertions="1" time="0.023217"/>
        </testsuite>
        <testcase name="test_add_metadata_sets_terms_last_changed" class="Tests_Term_Meta" classname="Tests_Term_Meta" file="/var/www/html/test/wordpress_test/inpsyde_test/test/wp-content/plugins/plugintestslughere/tests/unit/tests/term/meta.php" line="547" assertions="2" time="0.249882"/>
        <testcase name="test_update_metadata_sets_terms_last_changed" class="Tests_Term_Meta" classname="Tests_Term_Meta" file="/var/www/html/test/wordpress_test/inpsyde_test/test/wp-content/plugins/plugintestslughere/tests/unit/tests/term/meta.php" line="559" assertions="2" time="0.461919"/>
        <testcase name="test_delete_metadata_sets_terms_last_changed" class="Tests_Term_Meta" classname="Tests_Term_Meta" file="/var/www/html/test/wordpress_test/inpsyde_test/test/wp-content/plugins/plugintestslughere/tests/unit/tests/term/meta.php" line="571" assertions="2" time="0.231160"/>
        <testcase name="test_metadata_functions_respect_term_meta_support" class="Tests_Term_Meta" classname="Tests_Term_Meta" file="/var/www/html/test/wordpress_test/inpsyde_test/test/wp-content/plugins/plugintestslughere/tests/unit/tests/term/meta.php" line="584" assertions="8" time="0.197154"/>
      </testsuite>
      <testsuite name="Tests_Term_Query" file="/var/www/html/test/wordpress_test/inpsyde_test/test/wp-content/plugins/plugintestslughere/tests/unit/tests/term/query.php" tests="28" assertions="51" errors="0" failures="0" skipped="0" time="8.517183">
        <testcase name="test_taxonomy_should_accept_single_taxonomy_as_string" class="Tests_Term_Query" classname="Tests_Term_Query" file="/var/www/html/test/wordpress_test/inpsyde_test/test/wp-content/plugins/plugintestslughere/tests/unit/tests/term/query.php" line="10" assertions="1" time="0.267072"/>
        <testcase name="test_taxonomy_should_accept_taxonomy_array" class="Tests_Term_Query" classname="Tests_Term_Query" file="/var/www/html/test/wordpress_test/inpsyde_test/test/wp-content/plugins/plugintestslughere/tests/unit/tests/term/query.php" line="28" assertions="1" time="0.142060"/>
        <testcase name="test_term_taxonomy_id_single" class="Tests_Term_Query" classname="Tests_Term_Query" file="/var/www/html/test/wordpress_test/inpsyde_test/test/wp-content/plugins/plugintestslughere/tests/unit/tests/term/query.php" line="49" assertions="1" time="0.142919"/>
        <testcase name="test_term_taxonomy_id_array" class="Tests_Term_Query" classname="Tests_Term_Query" file="/var/www/html/test/wordpress_test/inpsyde_test/test/wp-content/plugins/plugintestslughere/tests/unit/tests/term/query.php" line="77" assertions="1" time="0.451297"/>
        <testcase name="test_order_by_meta_value_num" class="Tests_Term_Query" classname="Tests_Term_Query" file="/var/www/html/test/wordpress_test/inpsyde_test/test/wp-content/plugins/plugintestslughere/tests/unit/tests/term/query.php" line="111" assertions="1" time="0.484755"/>
        <testcase name="test_order_by_keyword_should_not_be_duplicated_when_filtered" class="Tests_Term_Query" classname="Tests_Term_Query" file="/var/www/html/test/wordpress_test/inpsyde_test/test/wp-content/plugins/plugintestslughere/tests/unit/tests/term/query.php" line="137" assertions="2" time="0.025832"/>
        <testcase name="test_order_by_term_order_should_fall_back_on_term_id_when_relationship_table_is_not_being_joined" class="Tests_Term_Query" classname="Tests_Term_Query" file="/var/www/html/test/wordpress_test/inpsyde_test/test/wp-content/plugins/plugintestslughere/tests/unit/tests/term/query.php" line="161" assertions="1" time="0.315681"/>
        <testcase name="test_terms_is_set" class="Tests_Term_Query" classname="Tests_Term_Query" file="/var/www/html/test/wordpress_test/inpsyde_test/test/wp-content/plugins/plugintestslughere/tests/unit/tests/term/query.php" line="181" assertions="2" time="0.220246"/>
        <testcase name="test_orderby_include_with_comma_separated_list" class="Tests_Term_Query" classname="Tests_Term_Query" file="/var/www/html/test/wordpress_test/inpsyde_test/test/wp-content/plugins/plugintestslughere/tests/unit/tests/term/query.php" line="209" assertions="1" time="0.254154"/>
        <testcase name="test_object_ids_single" class="Tests_Term_Query" classname="Tests_Term_Query" file="/var/www/html/test/wordpress_test/inpsyde_test/test/wp-content/plugins/plugintestslughere/tests/unit/tests/term/query.php" line="230" assertions="1" time="0.186947"/>
        <testcase name="test_object_ids_array" class="Tests_Term_Query" classname="Tests_Term_Query" file="/var/www/html/test/wordpress_test/inpsyde_test/test/wp-content/plugins/plugintestslughere/tests/unit/tests/term/query.php" line="252" assertions="1" time="0.197687"/>
        <testcase name="test_duplicates_should_be_removed_for_fields_all" class="Tests_Term_Query" classname="Tests_Term_Query" file="/var/www/html/test/wordpress_test/inpsyde_test/test/wp-content/plugins/plugintestslughere/tests/unit/tests/term/query.php" line="274" assertions="2" time="0.197901"/>
        <testcase name="test_duplicates_should_not_be_removed_for_fields_all_with_object_id" class="Tests_Term_Query" classname="Tests_Term_Query" file="/var/www/html/test/wordpress_test/inpsyde_test/test/wp-content/plugins/plugintestslughere/tests/unit/tests/term/query.php" line="298" assertions="3" time="0.363843"/>
        <testcase name="test_all_with_object_id_should_return_term_objects" class="Tests_Term_Query" classname="Tests_Term_Query" file="/var/www/html/test/wordpress_test/inpsyde_test/test/wp-content/plugins/plugintestslughere/tests/unit/tests/term/query.php" line="324" assertions="10" time="0.263308"/>
        <testcase name="test_object_ids_cache_should_be_invalidated_by_term_relationship_change" class="Tests_Term_Query" classname="Tests_Term_Query" file="/var/www/html/test/wordpress_test/inpsyde_test/test/wp-content/plugins/plugintestslughere/tests/unit/tests/term/query.php" line="360" assertions="2" time="0.285398"/>
        <testcase name="test_count_query_should_be_cached" class="Tests_Term_Query" classname="Tests_Term_Query" file="/var/www/html/test/wordpress_test/inpsyde_test/test/wp-content/plugins/plugintestslughere/tests/unit/tests/term/query.php" line="397" assertions="3" time="0.285532"/>
        <testcase name="test_count_query_cache_should_be_invalidated_with_incrementor_bump" class="Tests_Term_Query" classname="Tests_Term_Query" file="/var/www/html/test/wordpress_test/inpsyde_test/test/wp-content/plugins/plugintestslughere/tests/unit/tests/term/query.php" line="432" assertions="2" time="0.319328"/>
        <testcase name="test_get_the_terms_should_respect_taxonomy_orderby" class="Tests_Term_Query" classname="Tests_Term_Query" file="/var/www/html/test/wordpress_test/inpsyde_test/test/wp-content/plugins/plugintestslughere/tests/unit/tests/term/query.php" line="463" assertions="2" time="0.175527"/>
        <testcase name="test_wp_get_object_terms_should_respect_taxonomy_orderby" class="Tests_Term_Query" classname="Tests_Term_Query" file="/var/www/html/test/wordpress_test/inpsyde_test/test/wp-content/plugins/plugintestslughere/tests/unit/tests/term/query.php" line="493" assertions="2" time="0.296484"/>
        <testcase name="test_should_allow_same_args_with_the_get_terms" class="Tests_Term_Query" classname="Tests_Term_Query" file="/var/www/html/test/wordpress_test/inpsyde_test/test/wp-content/plugins/plugintestslughere/tests/unit/tests/term/query.php" line="523" assertions="3" time="0.285938"/>
        <testcase name="test_query_should_return_zero_for_field_count_and_parent_set" class="Tests_Term_Query" classname="Tests_Term_Query" file="/var/www/html/test/wordpress_test/inpsyde_test/test/wp-content/plugins/plugintestslughere/tests/unit/tests/term/query.php" line="597" assertions="1" time="0.219633"/>
        <testcase name="test_query_should_return_zero_for_field_as_count_and_child_of_set" class="Tests_Term_Query" classname="Tests_Term_Query" file="/var/www/html/test/wordpress_test/inpsyde_test/test/wp-content/plugins/plugintestslughere/tests/unit/tests/term/query.php" line="622" assertions="1" time="1.497386"/>
        <testcase name="test_terms_property_should_be_empty_array_for_field_not_as_count_and_parent_set" class="Tests_Term_Query" classname="Tests_Term_Query" file="/var/www/html/test/wordpress_test/inpsyde_test/test/wp-content/plugins/plugintestslughere/tests/unit/tests/term/query.php" line="647" assertions="1" time="0.319698"/>
        <testcase name="test_null_term_object_should_be_discarded" class="Tests_Term_Query" classname="Tests_Term_Query" file="/var/www/html/test/wordpress_test/inpsyde_test/test/wp-content/plugins/plugintestslughere/tests/unit/tests/term/query.php" line="670" assertions="1" time="0.251901"/>
        <testcase name="test_error_term_object_should_be_discarded" class="Tests_Term_Query" classname="Tests_Term_Query" file="/var/www/html/test/wordpress_test/inpsyde_test/test/wp-content/plugins/plugintestslughere/tests/unit/tests/term/query.php" line="707" assertions="1" time="0.208718"/>
        <testcase name="test_terms_pre_query_filter_should_bypass_database_query" class="Tests_Term_Query" classname="Tests_Term_Query" file="/var/www/html/test/wordpress_test/inpsyde_test/test/wp-content/plugins/plugintestslughere/tests/unit/tests/term/query.php" line="744" assertions="2" time="0.039605"/>
        <testcase name="test_hide_empty_should_include_empty_parents_of_nonempty_children" class="Tests_Term_Query" classname="Tests_Term_Query" file="/var/www/html/test/wordpress_test/inpsyde_test/test/wp-content/plugins/plugintestslughere/tests/unit/tests/term/query.php" line="774" assertions="1" time="0.290283"/>
        <testcase name="test_hide_empty_should_include_empty_parents_of_nonempty_children_when_category_is_unspecified" class="Tests_Term_Query" classname="Tests_Term_Query" file="/var/www/html/test/wordpress_test/inpsyde_test/test/wp-content/plugins/plugintestslughere/tests/unit/tests/term/query.php" line="814" assertions="1" time="0.528049"/>
      </testsuite>
      <testsuite name="Tests_Term_Slashes" file="/var/www/html/test/wordpress_test/inpsyde_test/test/wp-content/plugins/plugintestslughere/tests/unit/tests/term/slashes.php" tests="2" assertions="24" errors="0" failures="0" skipped="0" time="0.661600">
        <testcase name="test_wp_insert_term" class="Tests_Term_Slashes" classname="Tests_Term_Slashes" file="/var/www/html/test/wordpress_test/inpsyde_test/test/wp-content/plugins/plugintestslughere/tests/unit/tests/term/slashes.php" line="32" assertions="12" time="0.398251"/>
        <testcase name="test_wp_update_term" class="Tests_Term_Slashes" classname="Tests_Term_Slashes" file="/var/www/html/test/wordpress_test/inpsyde_test/test/wp-content/plugins/plugintestslughere/tests/unit/tests/term/slashes.php" line="79" assertions="12" time="0.263349"/>
      </testsuite>
      <testsuite name="Tests_Term_SplitSharedTerm" file="/var/www/html/test/wordpress_test/inpsyde_test/test/wp-content/plugins/plugintestslughere/tests/unit/tests/term/splitSharedTerm.php" tests="10" assertions="18" errors="0" failures="0" skipped="0" time="3.882806">
        <testcase name="test_should_create_new_term_ids" class="Tests_Term_SplitSharedTerm" classname="Tests_Term_SplitSharedTerm" file="/var/www/html/test/wordpress_test/inpsyde_test/test/wp-content/plugins/plugintestslughere/tests/unit/tests/term/splitSharedTerm.php" line="81" assertions="3" time="0.295052"/>
        <testcase name="test_should_retain_child_terms_when_using_get_terms_parent" class="Tests_Term_SplitSharedTerm" classname="Tests_Term_SplitSharedTerm" file="/var/www/html/test/wordpress_test/inpsyde_test/test/wp-content/plugins/plugintestslughere/tests/unit/tests/term/splitSharedTerm.php" line="94" assertions="1" time="0.263258"/>
        <testcase name="test_should_retain_child_terms_when_using_get_terms_child_of" class="Tests_Term_SplitSharedTerm" classname="Tests_Term_SplitSharedTerm" file="/var/www/html/test/wordpress_test/inpsyde_test/test/wp-content/plugins/plugintestslughere/tests/unit/tests/term/splitSharedTerm.php" line="109" assertions="1" time="0.296435"/>
        <testcase name="test_should_rebuild_split_term_taxonomy_hierarchy" class="Tests_Term_SplitSharedTerm" classname="Tests_Term_SplitSharedTerm" file="/var/www/html/test/wordpress_test/inpsyde_test/test/wp-content/plugins/plugintestslughere/tests/unit/tests/term/splitSharedTerm.php" line="124" assertions="1" time="0.307727"/>
        <testcase name="test_should_update_default_category_on_term_split" class="Tests_Term_SplitSharedTerm" classname="Tests_Term_SplitSharedTerm" file="/var/www/html/test/wordpress_test/inpsyde_test/test/wp-content/plugins/plugintestslughere/tests/unit/tests/term/splitSharedTerm.php" line="165" assertions="3" time="0.231690"/>
        <testcase name="test_should_update_menus_on_term_split" class="Tests_Term_SplitSharedTerm" classname="Tests_Term_SplitSharedTerm" file="/var/www/html/test/wordpress_test/inpsyde_test/test/wp-content/plugins/plugintestslughere/tests/unit/tests/term/splitSharedTerm.php" line="194" assertions="3" time="0.451513"/>
        <testcase name="test_nav_menu_locations_should_be_updated_on_split" class="Tests_Term_SplitSharedTerm" classname="Tests_Term_SplitSharedTerm" file="/var/www/html/test/wordpress_test/inpsyde_test/test/wp-content/plugins/plugintestslughere/tests/unit/tests/term/splitSharedTerm.php" line="233" assertions="1" time="0.219333"/>
        <testcase name="test_nav_menu_term_should_retain_menu_items_on_split" class="Tests_Term_SplitSharedTerm" classname="Tests_Term_SplitSharedTerm" file="/var/www/html/test/wordpress_test/inpsyde_test/test/wp-content/plugins/plugintestslughere/tests/unit/tests/term/splitSharedTerm.php" line="262" assertions="3" time="1.169415"/>
        <testcase name="test_wp_get_split_terms" class="Tests_Term_SplitSharedTerm" classname="Tests_Term_SplitSharedTerm" file="/var/www/html/test/wordpress_test/inpsyde_test/test/wp-content/plugins/plugintestslughere/tests/unit/tests/term/splitSharedTerm.php" line="307" assertions="1" time="0.274688"/>
        <testcase name="test_wp_get_split_term" class="Tests_Term_SplitSharedTerm" classname="Tests_Term_SplitSharedTerm" file="/var/www/html/test/wordpress_test/inpsyde_test/test/wp-content/plugins/plugintestslughere/tests/unit/tests/term/splitSharedTerm.php" line="318" assertions="1" time="0.373695"/>
      </testsuite>
      <testsuite name="Tests_Term_Tax_Query" file="/var/www/html/test/wordpress_test/inpsyde_test/test/wp-content/plugins/plugintestslughere/tests/unit/tests/term/taxQuery.php" tests="21" assertions="25" errors="0" failures="0" skipped="0" time="1.963757">
        <testcase name="test_construct_with_relation_default" class="Tests_Term_Tax_Query" classname="Tests_Term_Tax_Query" file="/var/www/html/test/wordpress_test/inpsyde_test/test/wp-content/plugins/plugintestslughere/tests/unit/tests/term/taxQuery.php" line="15" assertions="1" time="0.037935"/>
        <testcase name="test_construct_with_relation_or_lowercase" class="Tests_Term_Tax_Query" classname="Tests_Term_Tax_Query" file="/var/www/html/test/wordpress_test/inpsyde_test/test/wp-content/plugins/plugintestslughere/tests/unit/tests/term/taxQuery.php" line="20" assertions="1" time="0.025953"/>
        <testcase name="test_construct_with_relation_or_uppercase" class="Tests_Term_Tax_Query" classname="Tests_Term_Tax_Query" file="/var/www/html/test/wordpress_test/inpsyde_test/test/wp-content/plugins/plugintestslughere/tests/unit/tests/term/taxQuery.php" line="29" assertions="1" time="0.022802"/>
        <testcase name="test_construct_with_relation_other" class="Tests_Term_Tax_Query" classname="Tests_Term_Tax_Query" file="/var/www/html/test/wordpress_test/inpsyde_test/test/wp-content/plugins/plugintestslughere/tests/unit/tests/term/taxQuery.php" line="38" assertions="1" time="0.022503"/>
        <testcase name="test_construct_fill_missing_query_params" class="Tests_Term_Tax_Query" classname="Tests_Term_Tax_Query" file="/var/www/html/test/wordpress_test/inpsyde_test/test/wp-content/plugins/plugintestslughere/tests/unit/tests/term/taxQuery.php" line="47" assertions="1" time="0.022629"/>
        <testcase name="test_construct_fill_missing_query_params_merge_with_passed_values" class="Tests_Term_Tax_Query" classname="Tests_Term_Tax_Query" file="/var/www/html/test/wordpress_test/inpsyde_test/test/wp-content/plugins/plugintestslughere/tests/unit/tests/term/taxQuery.php" line="65" assertions="1" time="0.023699"/>
        <testcase name="test_construct_cast_terms_to_array" class="Tests_Term_Tax_Query" classname="Tests_Term_Tax_Query" file="/var/www/html/test/wordpress_test/inpsyde_test/test/wp-content/plugins/plugintestslughere/tests/unit/tests/term/taxQuery.php" line="88" assertions="1" time="0.022227"/>
        <testcase name="test_construct_empty_strings_array_members_should_be_discarded" class="Tests_Term_Tax_Query" classname="Tests_Term_Tax_Query" file="/var/www/html/test/wordpress_test/inpsyde_test/test/wp-content/plugins/plugintestslughere/tests/unit/tests/term/taxQuery.php" line="103" assertions="1" time="0.022534"/>
        <testcase name="test_transform_query_terms_empty" class="Tests_Term_Tax_Query" classname="Tests_Term_Tax_Query" file="/var/www/html/test/wordpress_test/inpsyde_test/test/wp-content/plugins/plugintestslughere/tests/unit/tests/term/taxQuery.php" line="117" assertions="1" time="0.022607"/>
        <testcase name="test_transform_query_field_same_as_resulting_field" class="Tests_Term_Tax_Query" classname="Tests_Term_Tax_Query" file="/var/www/html/test/wordpress_test/inpsyde_test/test/wp-content/plugins/plugintestslughere/tests/unit/tests/term/taxQuery.php" line="130" assertions="1" time="0.022112"/>
        <testcase name="test_transform_query_resulting_field_sanitized" class="Tests_Term_Tax_Query" classname="Tests_Term_Tax_Query" file="/var/www/html/test/wordpress_test/inpsyde_test/test/wp-content/plugins/plugintestslughere/tests/unit/tests/term/taxQuery.php" line="145" assertions="1" time="0.140964"/>
        <testcase name="test_transform_query_field_slug" class="Tests_Term_Tax_Query" classname="Tests_Term_Tax_Query" file="/var/www/html/test/wordpress_test/inpsyde_test/test/wp-content/plugins/plugintestslughere/tests/unit/tests/term/taxQuery.php" line="174" assertions="2" time="0.154027"/>
        <testcase name="test_transform_query_field_name" class="Tests_Term_Tax_Query" classname="Tests_Term_Tax_Query" file="/var/www/html/test/wordpress_test/inpsyde_test/test/wp-content/plugins/plugintestslughere/tests/unit/tests/term/taxQuery.php" line="194" assertions="2" time="0.233529"/>
        <testcase name="test_transform_query_field_term_taxonomy_id" class="Tests_Term_Tax_Query" classname="Tests_Term_Tax_Query" file="/var/www/html/test/wordpress_test/inpsyde_test/test/wp-content/plugins/plugintestslughere/tests/unit/tests/term/taxQuery.php" line="219" assertions="2" time="0.166037"/>
        <testcase name="test_transform_query_field_term_taxonomy_default" class="Tests_Term_Tax_Query" classname="Tests_Term_Tax_Query" file="/var/www/html/test/wordpress_test/inpsyde_test/test/wp-content/plugins/plugintestslughere/tests/unit/tests/term/taxQuery.php" line="244" assertions="2" time="0.164215"/>
        <testcase name="test_transform_query_nonexistent_terms" class="Tests_Term_Tax_Query" classname="Tests_Term_Tax_Query" file="/var/www/html/test/wordpress_test/inpsyde_test/test/wp-content/plugins/plugintestslughere/tests/unit/tests/term/taxQuery.php" line="269" assertions="1" time="0.025322"/>
        <testcase name="test_get_sql_relation_or_operator_in" class="Tests_Term_Tax_Query" classname="Tests_Term_Tax_Query" file="/var/www/html/test/wordpress_test/inpsyde_test/test/wp-content/plugins/plugintestslughere/tests/unit/tests/term/taxQuery.php" line="287" assertions="1" time="0.480170"/>
        <testcase name="test_get_sql_relation_and_operator_in" class="Tests_Term_Tax_Query" classname="Tests_Term_Tax_Query" file="/var/www/html/test/wordpress_test/inpsyde_test/test/wp-content/plugins/plugintestslughere/tests/unit/tests/term/taxQuery.php" line="339" assertions="1" time="0.131797"/>
        <testcase name="test_get_sql_nested_relation_or_operator_in" class="Tests_Term_Tax_Query" classname="Tests_Term_Tax_Query" file="/var/www/html/test/wordpress_test/inpsyde_test/test/wp-content/plugins/plugintestslughere/tests/unit/tests/term/taxQuery.php" line="390" assertions="1" time="0.143464"/>
        <testcase name="test_get_sql_operator_not_in_empty_terms" class="Tests_Term_Tax_Query" classname="Tests_Term_Tax_Query" file="/var/www/html/test/wordpress_test/inpsyde_test/test/wp-content/plugins/plugintestslughere/tests/unit/tests/term/taxQuery.php" line="444" assertions="1" time="0.045475"/>
        <testcase name="test_get_sql_operator_and_empty_terms" class="Tests_Term_Tax_Query" classname="Tests_Term_Tax_Query" file="/var/www/html/test/wordpress_test/inpsyde_test/test/wp-content/plugins/plugintestslughere/tests/unit/tests/term/taxQuery.php" line="473" assertions="1" time="0.033756"/>
      </testsuite>
      <testsuite name="Tests_Term_termCount" file="/var/www/html/test/wordpress_test/inpsyde_test/test/wp-content/plugins/plugintestslughere/tests/unit/tests/term/termCounts.php" tests="12" assertions="12" errors="0" failures="0" skipped="0" time="1.570178">
        <testsuite name="Tests_Term_termCount::test_term_counts_incremented_on_publish" tests="4" assertions="4" errors="0" failures="0" skipped="0" time="0.325743">
          <testcase name="test_term_counts_incremented_on_publish with data set #0" class="Tests_Term_termCount" classname="Tests_Term_termCount" file="/var/www/html/test/wordpress_test/inpsyde_test/test/wp-content/plugins/plugintestslughere/tests/unit/tests/term/termCounts.php" line="55" assertions="1" time="0.039559"/>
          <testcase name="test_term_counts_incremented_on_publish with data set #1" class="Tests_Term_termCount" classname="Tests_Term_termCount" file="/var/www/html/test/wordpress_test/inpsyde_test/test/wp-content/plugins/plugintestslughere/tests/unit/tests/term/termCounts.php" line="55" assertions="1" time="0.100445"/>
          <testcase name="test_term_counts_incremented_on_publish with data set #2" class="Tests_Term_termCount" classname="Tests_Term_termCount" file="/var/www/html/test/wordpress_test/inpsyde_test/test/wp-content/plugins/plugintestslughere/tests/unit/tests/term/termCounts.php" line="55" assertions="1" time="0.097819"/>
          <testcase name="test_term_counts_incremented_on_publish with data set #3" class="Tests_Term_termCount" classname="Tests_Term_termCount" file="/var/www/html/test/wordpress_test/inpsyde_test/test/wp-content/plugins/plugintestslughere/tests/unit/tests/term/termCounts.php" line="55" assertions="1" time="0.087920"/>
        </testsuite>
        <testsuite name="Tests_Term_termCount::test_term_counts_incremented_on_publish_with_attachments" tests="4" assertions="4" errors="0" failures="0" skipped="0" time="0.850472">
          <testcase name="test_term_counts_incremented_on_publish_with_attachments with data set #0" class="Tests_Term_termCount" classname="Tests_Term_termCount" file="/var/www/html/test/wordpress_test/inpsyde_test/test/wp-content/plugins/plugintestslughere/tests/unit/tests/term/termCounts.php" line="97" assertions="1" time="0.129551"/>
          <testcase name="test_term_counts_incremented_on_publish_with_attachments with data set #1" class="Tests_Term_termCount" classname="Tests_Term_termCount" file="/var/www/html/test/wordpress_test/inpsyde_test/test/wp-content/plugins/plugintestslughere/tests/unit/tests/term/termCounts.php" line="97" assertions="1" time="0.410425"/>
          <testcase name="test_term_counts_incremented_on_publish_with_attachments with data set #2" class="Tests_Term_termCount" classname="Tests_Term_termCount" file="/var/www/html/test/wordpress_test/inpsyde_test/test/wp-content/plugins/plugintestslughere/tests/unit/tests/term/termCounts.php" line="97" assertions="1" time="0.188918"/>
          <testcase name="test_term_counts_incremented_on_publish_with_attachments with data set #3" class="Tests_Term_termCount" classname="Tests_Term_termCount" file="/var/www/html/test/wordpress_test/inpsyde_test/test/wp-content/plugins/plugintestslughere/tests/unit/tests/term/termCounts.php" line="97" assertions="1" time="0.121578"/>
        </testsuite>
        <testsuite name="Tests_Term_termCount::test_term_counts_incremented_on_publish_with_untermed_attachments" tests="4" assertions="4" errors="0" failures="0" skipped="0" time="0.393963">
          <testcase name="test_term_counts_incremented_on_publish_with_untermed_attachments with data set #0" class="Tests_Term_termCount" classname="Tests_Term_termCount" file="/var/www/html/test/wordpress_test/inpsyde_test/test/wp-content/plugins/plugintestslughere/tests/unit/tests/term/termCounts.php" line="148" assertions="1" time="0.086901"/>
          <testcase name="test_term_counts_incremented_on_publish_with_untermed_attachments with data set #1" class="Tests_Term_termCount" classname="Tests_Term_termCount" file="/var/www/html/test/wordpress_test/inpsyde_test/test/wp-content/plugins/plugintestslughere/tests/unit/tests/term/termCounts.php" line="148" assertions="1" time="0.099162"/>
          <testcase name="test_term_counts_incremented_on_publish_with_untermed_attachments with data set #2" class="Tests_Term_termCount" classname="Tests_Term_termCount" file="/var/www/html/test/wordpress_test/inpsyde_test/test/wp-content/plugins/plugintestslughere/tests/unit/tests/term/termCounts.php" line="148" assertions="1" time="0.109131"/>
          <testcase name="test_term_counts_incremented_on_publish_with_untermed_attachments with data set #3" class="Tests_Term_termCount" classname="Tests_Term_termCount" file="/var/www/html/test/wordpress_test/inpsyde_test/test/wp-content/plugins/plugintestslughere/tests/unit/tests/term/termCounts.php" line="148" assertions="1" time="0.098769"/>
        </testsuite>
      </testsuite>
      <testsuite name="Tests_TermExists" file="/var/www/html/test/wordpress_test/inpsyde_test/test/wp-content/plugins/plugintestslughere/tests/unit/tests/term/termExists.php" tests="19" assertions="34" errors="0" failures="0" skipped="0" time="1.392889">
        <testcase name="test_term_exists_term_0" class="Tests_TermExists" classname="Tests_TermExists" file="/var/www/html/test/wordpress_test/inpsyde_test/test/wp-content/plugins/plugintestslughere/tests/unit/tests/term/termExists.php" line="7" assertions="1" time="0.022492"/>
        <testcase name="test_term_exists_term_int_taxonomy_nonempty_term_exists" class="Tests_TermExists" classname="Tests_TermExists" file="/var/www/html/test/wordpress_test/inpsyde_test/test/wp-content/plugins/plugintestslughere/tests/unit/tests/term/termExists.php" line="11" assertions="1" time="0.093827"/>
        <testcase name="test_term_exists_term_int_taxonomy_nonempty_term_does_not_exist" class="Tests_TermExists" classname="Tests_TermExists" file="/var/www/html/test/wordpress_test/inpsyde_test/test/wp-content/plugins/plugintestslughere/tests/unit/tests/term/termExists.php" line="22" assertions="1" time="0.037278"/>
        <testcase name="test_term_exists_term_int_taxonomy_nonempty_wrong_taxonomy" class="Tests_TermExists" classname="Tests_TermExists" file="/var/www/html/test/wordpress_test/inpsyde_test/test/wp-content/plugins/plugintestslughere/tests/unit/tests/term/termExists.php" line="26" assertions="1" time="0.082453"/>
        <testcase name="test_term_exists_term_int_taxonomy_empty_term_exists" class="Tests_TermExists" classname="Tests_TermExists" file="/var/www/html/test/wordpress_test/inpsyde_test/test/wp-content/plugins/plugintestslughere/tests/unit/tests/term/termExists.php" line="36" assertions="1" time="0.087630"/>
        <testcase name="test_term_exists_term_int_taxonomy_empty_term_does_not_exist" class="Tests_TermExists" classname="Tests_TermExists" file="/var/www/html/test/wordpress_test/inpsyde_test/test/wp-content/plugins/plugintestslughere/tests/unit/tests/term/termExists.php" line="47" assertions="1" time="0.037968"/>
        <testcase name="test_term_exists_unslash_term" class="Tests_TermExists" classname="Tests_TermExists" file="/var/www/html/test/wordpress_test/inpsyde_test/test/wp-content/plugins/plugintestslughere/tests/unit/tests/term/termExists.php" line="51" assertions="1" time="0.081539"/>
        <testcase name="test_term_exists_trim_term" class="Tests_TermExists" classname="Tests_TermExists" file="/var/www/html/test/wordpress_test/inpsyde_test/test/wp-content/plugins/plugintestslughere/tests/unit/tests/term/termExists.php" line="63" assertions="1" time="0.076660"/>
        <testcase name="test_term_exists_term_trimmed_to_empty_string" class="Tests_TermExists" classname="Tests_TermExists" file="/var/www/html/test/wordpress_test/inpsyde_test/test/wp-content/plugins/plugintestslughere/tests/unit/tests/term/termExists.php" line="75" assertions="1" time="0.025534"/>
        <testcase name="test_term_exists_existing_term_that_sanitizes_to_empty" class="Tests_TermExists" classname="Tests_TermExists" file="/var/www/html/test/wordpress_test/inpsyde_test/test/wp-content/plugins/plugintestslughere/tests/unit/tests/term/termExists.php" line="82" assertions="4" time="0.094962"/>
        <testcase name="test_term_exists_taxonomy_nonempty_parent_nonempty_match_slug" class="Tests_TermExists" classname="Tests_TermExists" file="/var/www/html/test/wordpress_test/inpsyde_test/test/wp-content/plugins/plugintestslughere/tests/unit/tests/term/termExists.php" line="92" assertions="2" time="0.099230"/>
        <testcase name="test_term_exists_taxonomy_nonempty_parent_0_should_return_false_for_child_term" class="Tests_TermExists" classname="Tests_TermExists" file="/var/www/html/test/wordpress_test/inpsyde_test/test/wp-content/plugins/plugintestslughere/tests/unit/tests/term/termExists.php" line="126" assertions="1" time="0.097937"/>
        <testcase name="test_term_exists_taxonomy_nonempty_parent_nonempty_match_name" class="Tests_TermExists" classname="Tests_TermExists" file="/var/www/html/test/wordpress_test/inpsyde_test/test/wp-content/plugins/plugintestslughere/tests/unit/tests/term/termExists.php" line="156" assertions="2" time="0.088123"/>
        <testcase name="test_term_exists_taxonomy_nonempty_parent_empty_match_slug" class="Tests_TermExists" classname="Tests_TermExists" file="/var/www/html/test/wordpress_test/inpsyde_test/test/wp-content/plugins/plugintestslughere/tests/unit/tests/term/termExists.php" line="187" assertions="2" time="0.087568"/>
        <testcase name="test_term_exists_taxonomy_nonempty_parent_empty_match_name" class="Tests_TermExists" classname="Tests_TermExists" file="/var/www/html/test/wordpress_test/inpsyde_test/test/wp-content/plugins/plugintestslughere/tests/unit/tests/term/termExists.php" line="205" assertions="2" time="0.076756"/>
        <testcase name="test_term_exists_taxonomy_empty_parent_empty_match_slug" class="Tests_TermExists" classname="Tests_TermExists" file="/var/www/html/test/wordpress_test/inpsyde_test/test/wp-content/plugins/plugintestslughere/tests/unit/tests/term/termExists.php" line="223" assertions="2" time="0.087019"/>
        <testcase name="test_term_exists_taxonomy_empty_parent_empty_match_name" class="Tests_TermExists" classname="Tests_TermExists" file="/var/www/html/test/wordpress_test/inpsyde_test/test/wp-content/plugins/plugintestslughere/tests/unit/tests/term/termExists.php" line="241" assertions="2" time="0.077279"/>
        <testcase name="test_term_exists_known" class="Tests_TermExists" classname="Tests_TermExists" file="/var/www/html/test/wordpress_test/inpsyde_test/test/wp-content/plugins/plugintestslughere/tests/unit/tests/term/termExists.php" line="259" assertions="4" time="0.098711"/>
        <testcase name="test_term_exists_unknown" class="Tests_TermExists" classname="Tests_TermExists" file="/var/www/html/test/wordpress_test/inpsyde_test/test/wp-content/plugins/plugintestslughere/tests/unit/tests/term/termExists.php" line="274" assertions="4" time="0.039923"/>
      </testsuite>
      <testsuite name="Tests_Term_WpDeleteObjectTermRelationships" file="/var/www/html/test/wordpress_test/inpsyde_test/test/wp-content/plugins/plugintestslughere/tests/unit/tests/term/wpDeleteObjectTermRelationships.php" tests="2" assertions="4" errors="0" failures="0" skipped="0" time="0.215219">
        <testcase name="test_single_taxonomy" class="Tests_Term_WpDeleteObjectTermRelationships" classname="Tests_Term_WpDeleteObjectTermRelationships" file="/var/www/html/test/wordpress_test/inpsyde_test/test/wp-content/plugins/plugintestslughere/tests/unit/tests/term/wpDeleteObjectTermRelationships.php" line="8" assertions="2" time="0.094631"/>
        <testcase name="test_array_of_taxonomies" class="Tests_Term_WpDeleteObjectTermRelationships" classname="Tests_Term_WpDeleteObjectTermRelationships" file="/var/www/html/test/wordpress_test/inpsyde_test/test/wp-content/plugins/plugintestslughere/tests/unit/tests/term/wpDeleteObjectTermRelationships.php" line="31" assertions="2" time="0.120588"/>
      </testsuite>
      <testsuite name="Tests_Term_WpDeleteTerm" file="/var/www/html/test/wordpress_test/inpsyde_test/test/wp-content/plugins/plugintestslughere/tests/unit/tests/term/wpDeleteTerm.php" tests="1" assertions="4" errors="0" failures="0" skipped="0" time="0.204570">
        <testcase name="test_count_property_passed_to_filters_should_reflect_pre_deleted_term" class="Tests_Term_WpDeleteTerm" classname="Tests_Term_WpDeleteTerm" file="/var/www/html/test/wordpress_test/inpsyde_test/test/wp-content/plugins/plugintestslughere/tests/unit/tests/term/wpDeleteTerm.php" line="14" assertions="4" time="0.204570"/>
      </testsuite>
      <testsuite name="Tests_WP_Generate_Tag_Cloud" file="/var/www/html/test/wordpress_test/inpsyde_test/test/wp-content/plugins/plugintestslughere/tests/unit/tests/term/wpGenerateTagCloud.php" tests="16" assertions="29" errors="0" failures="0" skipped="0" time="1.794484">
        <testsuite name="Tests_WP_Generate_Tag_Cloud::test_empty_tags_passed" tests="4" assertions="4" errors="0" failures="0" skipped="0" time="0.088424">
          <testcase name="test_empty_tags_passed with data set #0" class="Tests_WP_Generate_Tag_Cloud" classname="Tests_WP_Generate_Tag_Cloud" file="/var/www/html/test/wordpress_test/inpsyde_test/test/wp-content/plugins/plugintestslughere/tests/unit/tests/term/wpGenerateTagCloud.php" line="16" assertions="1" time="0.022040"/>
          <testcase name="test_empty_tags_passed with data set #1" class="Tests_WP_Generate_Tag_Cloud" classname="Tests_WP_Generate_Tag_Cloud" file="/var/www/html/test/wordpress_test/inpsyde_test/test/wp-content/plugins/plugintestslughere/tests/unit/tests/term/wpGenerateTagCloud.php" line="16" assertions="1" time="0.022927"/>
          <testcase name="test_empty_tags_passed with data set #2" class="Tests_WP_Generate_Tag_Cloud" classname="Tests_WP_Generate_Tag_Cloud" file="/var/www/html/test/wordpress_test/inpsyde_test/test/wp-content/plugins/plugintestslughere/tests/unit/tests/term/wpGenerateTagCloud.php" line="16" assertions="1" time="0.021819"/>
          <testcase name="test_empty_tags_passed with data set #3" class="Tests_WP_Generate_Tag_Cloud" classname="Tests_WP_Generate_Tag_Cloud" file="/var/www/html/test/wordpress_test/inpsyde_test/test/wp-content/plugins/plugintestslughere/tests/unit/tests/term/wpGenerateTagCloud.php" line="16" assertions="1" time="0.021638"/>
        </testsuite>
        <testsuite name="Tests_WP_Generate_Tag_Cloud::test_empty_tags_list_returned" tests="4" assertions="4" errors="0" failures="0" skipped="0" time="0.629090">
          <testcase name="test_empty_tags_list_returned with data set #0" class="Tests_WP_Generate_Tag_Cloud" classname="Tests_WP_Generate_Tag_Cloud" file="/var/www/html/test/wordpress_test/inpsyde_test/test/wp-content/plugins/plugintestslughere/tests/unit/tests/term/wpGenerateTagCloud.php" line="29" assertions="1" time="0.113509"/>
          <testcase name="test_empty_tags_list_returned with data set #1" class="Tests_WP_Generate_Tag_Cloud" classname="Tests_WP_Generate_Tag_Cloud" file="/var/www/html/test/wordpress_test/inpsyde_test/test/wp-content/plugins/plugintestslughere/tests/unit/tests/term/wpGenerateTagCloud.php" line="29" assertions="1" time="0.263872"/>
          <testcase name="test_empty_tags_list_returned with data set #2" class="Tests_WP_Generate_Tag_Cloud" classname="Tests_WP_Generate_Tag_Cloud" file="/var/www/html/test/wordpress_test/inpsyde_test/test/wp-content/plugins/plugintestslughere/tests/unit/tests/term/wpGenerateTagCloud.php" line="29" assertions="1" time="0.131732"/>
          <testcase name="test_empty_tags_list_returned with data set #3" class="Tests_WP_Generate_Tag_Cloud" classname="Tests_WP_Generate_Tag_Cloud" file="/var/www/html/test/wordpress_test/inpsyde_test/test/wp-content/plugins/plugintestslughere/tests/unit/tests/term/wpGenerateTagCloud.php" line="29" assertions="1" time="0.119977"/>
        </testsuite>
        <testcase name="test_hide_empty_false" class="Tests_WP_Generate_Tag_Cloud" classname="Tests_WP_Generate_Tag_Cloud" file="/var/www/html/test/wordpress_test/inpsyde_test/test/wp-content/plugins/plugintestslughere/tests/unit/tests/term/wpGenerateTagCloud.php" line="68" assertions="1" time="0.076590"/>
        <testcase name="test_hide_empty_false_format_array" class="Tests_WP_Generate_Tag_Cloud" classname="Tests_WP_Generate_Tag_Cloud" file="/var/www/html/test/wordpress_test/inpsyde_test/test/wp-content/plugins/plugintestslughere/tests/unit/tests/term/wpGenerateTagCloud.php" line="89" assertions="2" time="0.164815"/>
        <testcase name="test_hide_empty_false_format_list" class="Tests_WP_Generate_Tag_Cloud" classname="Tests_WP_Generate_Tag_Cloud" file="/var/www/html/test/wordpress_test/inpsyde_test/test/wp-content/plugins/plugintestslughere/tests/unit/tests/term/wpGenerateTagCloud.php" line="113" assertions="3" time="0.076617"/>
        <testcase name="test_hide_empty_false_multi" class="Tests_WP_Generate_Tag_Cloud" classname="Tests_WP_Generate_Tag_Cloud" file="/var/www/html/test/wordpress_test/inpsyde_test/test/wp-content/plugins/plugintestslughere/tests/unit/tests/term/wpGenerateTagCloud.php" line="137" assertions="4" time="0.164771"/>
        <testcase name="test_hide_empty_false_multi_format_list" class="Tests_WP_Generate_Tag_Cloud" classname="Tests_WP_Generate_Tag_Cloud" file="/var/www/html/test/wordpress_test/inpsyde_test/test/wp-content/plugins/plugintestslughere/tests/unit/tests/term/wpGenerateTagCloud.php" line="164" assertions="6" time="0.120754"/>
        <testcase name="test_topic_count_text" class="Tests_WP_Generate_Tag_Cloud" classname="Tests_WP_Generate_Tag_Cloud" file="/var/www/html/test/wordpress_test/inpsyde_test/test/wp-content/plugins/plugintestslughere/tests/unit/tests/term/wpGenerateTagCloud.php" line="195" assertions="2" time="0.187906"/>
        <testcase name="test_topic_count_text_callback" class="Tests_WP_Generate_Tag_Cloud" classname="Tests_WP_Generate_Tag_Cloud" file="/var/www/html/test/wordpress_test/inpsyde_test/test/wp-content/plugins/plugintestslughere/tests/unit/tests/term/wpGenerateTagCloud.php" line="231" assertions="2" time="0.164725"/>
        <testcase name="test_should_include_tag_link_position_class" class="Tests_WP_Generate_Tag_Cloud" classname="Tests_WP_Generate_Tag_Cloud" file="/var/www/html/test/wordpress_test/inpsyde_test/test/wp-content/plugins/plugintestslughere/tests/unit/tests/term/wpGenerateTagCloud.php" line="265" assertions="1" time="0.120792"/>
      </testsuite>
      <testsuite name="Tests_Term_WpGetObjectTerms" file="/var/www/html/test/wordpress_test/inpsyde_test/test/wp-content/plugins/plugintestslughere/tests/unit/tests/term/wpGetObjectTerms.php" tests="30" assertions="59" errors="0" failures="0" skipped="0" time="5.429980">
        <testcase name="test_get_object_terms_by_slug" class="Tests_Term_WpGetObjectTerms" classname="Tests_Term_WpGetObjectTerms" file="/var/www/html/test/wordpress_test/inpsyde_test/test/wp-content/plugins/plugintestslughere/tests/unit/tests/term/wpGetObjectTerms.php" line="15" assertions="2" time="0.123755"/>
        <testcase name="test_should_not_filter_out_duplicate_terms_associated_with_different_objects" class="Tests_Term_WpGetObjectTerms" classname="Tests_Term_WpGetObjectTerms" file="/var/www/html/test/wordpress_test/inpsyde_test/test/wp-content/plugins/plugintestslughere/tests/unit/tests/term/wpGetObjectTerms.php" line="40" assertions="4" time="0.176193"/>
        <testcase name="test_should_return_objects_with_int_properties" class="Tests_Term_WpGetObjectTerms" classname="Tests_Term_WpGetObjectTerms" file="/var/www/html/test/wordpress_test/inpsyde_test/test/wp-content/plugins/plugintestslughere/tests/unit/tests/term/wpGetObjectTerms.php" line="67" assertions="7" time="0.120156"/>
        <testcase name="test_references_should_be_reset_after_wp_get_object_terms_filter" class="Tests_Term_WpGetObjectTerms" classname="Tests_Term_WpGetObjectTerms" file="/var/www/html/test/wordpress_test/inpsyde_test/test/wp-content/plugins/plugintestslughere/tests/unit/tests/term/wpGetObjectTerms.php" line="87" assertions="3" time="0.120507"/>
        <testcase name="test_taxonomies_passed_to_wp_get_object_terms_filter_should_be_quoted" class="Tests_Term_WpGetObjectTerms" classname="Tests_Term_WpGetObjectTerms" file="/var/www/html/test/wordpress_test/inpsyde_test/test/wp-content/plugins/plugintestslughere/tests/unit/tests/term/wpGetObjectTerms.php" line="103" assertions="1" time="0.088643"/>
        <testcase name="test_orderby_name" class="Tests_Term_WpGetObjectTerms" classname="Tests_Term_WpGetObjectTerms" file="/var/www/html/test/wordpress_test/inpsyde_test/test/wp-content/plugins/plugintestslughere/tests/unit/tests/term/wpGetObjectTerms.php" line="119" assertions="1" time="0.120593"/>
        <testcase name="test_orderby_count" class="Tests_Term_WpGetObjectTerms" classname="Tests_Term_WpGetObjectTerms" file="/var/www/html/test/wordpress_test/inpsyde_test/test/wp-content/plugins/plugintestslughere/tests/unit/tests/term/wpGetObjectTerms.php" line="155" assertions="1" time="0.208576"/>
        <testcase name="test_orderby_slug" class="Tests_Term_WpGetObjectTerms" classname="Tests_Term_WpGetObjectTerms" file="/var/www/html/test/wordpress_test/inpsyde_test/test/wp-content/plugins/plugintestslughere/tests/unit/tests/term/wpGetObjectTerms.php" line="193" assertions="1" time="0.200320"/>
        <testcase name="test_orderby_term_group" class="Tests_Term_WpGetObjectTerms" classname="Tests_Term_WpGetObjectTerms" file="/var/www/html/test/wordpress_test/inpsyde_test/test/wp-content/plugins/plugintestslughere/tests/unit/tests/term/wpGetObjectTerms.php" line="229" assertions="1" time="0.252920"/>
        <testcase name="test_orderby_term_order" class="Tests_Term_WpGetObjectTerms" classname="Tests_Term_WpGetObjectTerms" file="/var/www/html/test/wordpress_test/inpsyde_test/test/wp-content/plugins/plugintestslughere/tests/unit/tests/term/wpGetObjectTerms.php" line="268" assertions="1" time="0.242054"/>
        <testcase name="test_orderby_parent" class="Tests_Term_WpGetObjectTerms" classname="Tests_Term_WpGetObjectTerms" file="/var/www/html/test/wordpress_test/inpsyde_test/test/wp-content/plugins/plugintestslughere/tests/unit/tests/term/wpGetObjectTerms.php" line="335" assertions="1" time="0.286317"/>
        <testcase name="test_orderby_taxonomy" class="Tests_Term_WpGetObjectTerms" classname="Tests_Term_WpGetObjectTerms" file="/var/www/html/test/wordpress_test/inpsyde_test/test/wp-content/plugins/plugintestslughere/tests/unit/tests/term/wpGetObjectTerms.php" line="380" assertions="1" time="0.329347"/>
        <testcase name="test_orderby_tt_id" class="Tests_Term_WpGetObjectTerms" classname="Tests_Term_WpGetObjectTerms" file="/var/www/html/test/wordpress_test/inpsyde_test/test/wp-content/plugins/plugintestslughere/tests/unit/tests/term/wpGetObjectTerms.php" line="421" assertions="1" time="0.450963"/>
        <testcase name="test_order_desc" class="Tests_Term_WpGetObjectTerms" classname="Tests_Term_WpGetObjectTerms" file="/var/www/html/test/wordpress_test/inpsyde_test/test/wp-content/plugins/plugintestslughere/tests/unit/tests/term/wpGetObjectTerms.php" line="464" assertions="1" time="0.307357"/>
        <testcase name="test_parent" class="Tests_Term_WpGetObjectTerms" classname="Tests_Term_WpGetObjectTerms" file="/var/www/html/test/wordpress_test/inpsyde_test/test/wp-content/plugins/plugintestslughere/tests/unit/tests/term/wpGetObjectTerms.php" line="504" assertions="1" time="0.208498"/>
        <testcase name="test_parent_0" class="Tests_Term_WpGetObjectTerms" classname="Tests_Term_WpGetObjectTerms" file="/var/www/html/test/wordpress_test/inpsyde_test/test/wp-content/plugins/plugintestslughere/tests/unit/tests/term/wpGetObjectTerms.php" line="555" assertions="1" time="0.142580"/>
        <testcase name="test_termmeta_cache_should_be_primed_by_default" class="Tests_Term_WpGetObjectTerms" classname="Tests_Term_WpGetObjectTerms" file="/var/www/html/test/wordpress_test/inpsyde_test/test/wp-content/plugins/plugintestslughere/tests/unit/tests/term/wpGetObjectTerms.php" line="598" assertions="4" time="0.253558"/>
        <testcase name="test_termmeta_cache_should_not_be_primed_when_update_term_meta_cache_is_false" class="Tests_Term_WpGetObjectTerms" classname="Tests_Term_WpGetObjectTerms" file="/var/www/html/test/wordpress_test/inpsyde_test/test/wp-content/plugins/plugintestslughere/tests/unit/tests/term/wpGetObjectTerms.php" line="624" assertions="4" time="0.175032"/>
        <testcase name="test_termmeta_cache_should_be_primed_when_fields_is_all_with_object_id" class="Tests_Term_WpGetObjectTerms" classname="Tests_Term_WpGetObjectTerms" file="/var/www/html/test/wordpress_test/inpsyde_test/test/wp-content/plugins/plugintestslughere/tests/unit/tests/term/wpGetObjectTerms.php" line="656" assertions="4" time="0.131172"/>
        <testcase name="test_termmeta_cache_should_be_primed_when_fields_is_ids" class="Tests_Term_WpGetObjectTerms" classname="Tests_Term_WpGetObjectTerms" file="/var/www/html/test/wordpress_test/inpsyde_test/test/wp-content/plugins/plugintestslughere/tests/unit/tests/term/wpGetObjectTerms.php" line="689" assertions="4" time="0.142884"/>
        <testcase name="test_meta_query" class="Tests_Term_WpGetObjectTerms" classname="Tests_Term_WpGetObjectTerms" file="/var/www/html/test/wordpress_test/inpsyde_test/test/wp-content/plugins/plugintestslughere/tests/unit/tests/term/wpGetObjectTerms.php" line="722" assertions="1" time="0.143338"/>
        <testcase name="test_should_return_wp_term_objects_for_fields_all" class="Tests_Term_WpGetObjectTerms" classname="Tests_Term_WpGetObjectTerms" file="/var/www/html/test/wordpress_test/inpsyde_test/test/wp-content/plugins/plugintestslughere/tests/unit/tests/term/wpGetObjectTerms.php" line="752" assertions="2" time="0.120104"/>
        <testcase name="test_should_return_wp_term_objects_for_fields_all_with_object_id" class="Tests_Term_WpGetObjectTerms" classname="Tests_Term_WpGetObjectTerms" file="/var/www/html/test/wordpress_test/inpsyde_test/test/wp-content/plugins/plugintestslughere/tests/unit/tests/term/wpGetObjectTerms.php" line="775" assertions="2" time="0.109939"/>
        <testcase name="test_should_prime_cache_for_found_terms" class="Tests_Term_WpGetObjectTerms" classname="Tests_Term_WpGetObjectTerms" file="/var/www/html/test/wordpress_test/inpsyde_test/test/wp-content/plugins/plugintestslughere/tests/unit/tests/term/wpGetObjectTerms.php" line="798" assertions="1" time="0.098541"/>
        <testcase name="test_object_id_should_not_be_cached_with_term_object" class="Tests_Term_WpGetObjectTerms" classname="Tests_Term_WpGetObjectTerms" file="/var/www/html/test/wordpress_test/inpsyde_test/test/wp-content/plugins/plugintestslughere/tests/unit/tests/term/wpGetObjectTerms.php" line="822" assertions="2" time="0.131863"/>
        <testcase name="test_term_cache_should_be_primed_for_all_taxonomies" class="Tests_Term_WpGetObjectTerms" classname="Tests_Term_WpGetObjectTerms" file="/var/www/html/test/wordpress_test/inpsyde_test/test/wp-content/plugins/plugintestslughere/tests/unit/tests/term/wpGetObjectTerms.php" line="847" assertions="2" time="0.142404"/>
        <testcase name="test_object_id_should_be_set_on_objects_that_share_terms" class="Tests_Term_WpGetObjectTerms" classname="Tests_Term_WpGetObjectTerms" file="/var/www/html/test/wordpress_test/inpsyde_test/test/wp-content/plugins/plugintestslughere/tests/unit/tests/term/wpGetObjectTerms.php" line="880" assertions="1" time="0.153546"/>
        <testcase name="test_verify_args_parameter_can_be_string" class="Tests_Term_WpGetObjectTerms" classname="Tests_Term_WpGetObjectTerms" file="/var/www/html/test/wordpress_test/inpsyde_test/test/wp-content/plugins/plugintestslughere/tests/unit/tests/term/wpGetObjectTerms.php" line="904" assertions="1" time="0.131601"/>
        <testcase name="test_wp_get_object_terms_args_filter" class="Tests_Term_WpGetObjectTerms" classname="Tests_Term_WpGetObjectTerms" file="/var/www/html/test/wordpress_test/inpsyde_test/test/wp-content/plugins/plugintestslughere/tests/unit/tests/term/wpGetObjectTerms.php" line="936" assertions="2" time="0.152992"/>
        <testcase name="test_duplicate_terms_should_not_be_returned_when_passed_multiple_taxonomies_registered_with_args_array" class="Tests_Term_WpGetObjectTerms" classname="Tests_Term_WpGetObjectTerms" file="/var/www/html/test/wordpress_test/inpsyde_test/test/wp-content/plugins/plugintestslughere/tests/unit/tests/term/wpGetObjectTerms.php" line="964" assertions="1" time="0.164227"/>
      </testsuite>
      <testsuite name="Tests_Term_WpInsertTerm" file="/var/www/html/test/wordpress_test/inpsyde_test/test/wp-content/plugins/plugintestslughere/tests/unit/tests/term/wpInsertTerm.php" tests="36" assertions="116" errors="0" failures="0" skipped="0" time="4.468017">
        <testcase name="test_wp_insert_delete_term" class="Tests_Term_WpInsertTerm" classname="Tests_Term_WpInsertTerm" file="/var/www/html/test/wordpress_test/inpsyde_test/test/wp-content/plugins/plugintestslughere/tests/unit/tests/term/wpInsertTerm.php" line="19" assertions="19" time="0.144603"/>
        <testcase name="test_wp_insert_term_taxonomy_does_not_exist" class="Tests_Term_WpInsertTerm" classname="Tests_Term_WpInsertTerm" file="/var/www/html/test/wordpress_test/inpsyde_test/test/wp-content/plugins/plugintestslughere/tests/unit/tests/term/wpInsertTerm.php" line="49" assertions="2" time="0.131778"/>
        <testcase name="test_wp_insert_term_pre_insert_term_filter_returns_wp_error" class="Tests_Term_WpInsertTerm" classname="Tests_Term_WpInsertTerm" file="/var/www/html/test/wordpress_test/inpsyde_test/test/wp-content/plugins/plugintestslughere/tests/unit/tests/term/wpInsertTerm.php" line="56" assertions="2" time="0.131693"/>
        <testcase name="test_wp_insert_term_term_0" class="Tests_Term_WpInsertTerm" classname="Tests_Term_WpInsertTerm" file="/var/www/html/test/wordpress_test/inpsyde_test/test/wp-content/plugins/plugintestslughere/tests/unit/tests/term/wpInsertTerm.php" line="65" assertions="2" time="0.076716"/>
        <testcase name="test_wp_insert_term_term_trims_to_empty_string" class="Tests_Term_WpInsertTerm" classname="Tests_Term_WpInsertTerm" file="/var/www/html/test/wordpress_test/inpsyde_test/test/wp-content/plugins/plugintestslughere/tests/unit/tests/term/wpInsertTerm.php" line="72" assertions="2" time="0.076921"/>
        <testcase name="test_wp_insert_term_parent_does_not_exist" class="Tests_Term_WpInsertTerm" classname="Tests_Term_WpInsertTerm" file="/var/www/html/test/wordpress_test/inpsyde_test/test/wp-content/plugins/plugintestslughere/tests/unit/tests/term/wpInsertTerm.php" line="79" assertions="2" time="0.076707"/>
        <testcase name="test_wp_insert_term_unslash_name" class="Tests_Term_WpInsertTerm" classname="Tests_Term_WpInsertTerm" file="/var/www/html/test/wordpress_test/inpsyde_test/test/wp-content/plugins/plugintestslughere/tests/unit/tests/term/wpInsertTerm.php" line="92" assertions="1" time="0.098938"/>
        <testcase name="test_wp_insert_term_unslash_description" class="Tests_Term_WpInsertTerm" classname="Tests_Term_WpInsertTerm" file="/var/www/html/test/wordpress_test/inpsyde_test/test/wp-content/plugins/plugintestslughere/tests/unit/tests/term/wpInsertTerm.php" line="102" assertions="1" time="0.120839"/>
        <testcase name="test_wp_insert_term_parent_string" class="Tests_Term_WpInsertTerm" classname="Tests_Term_WpInsertTerm" file="/var/www/html/test/wordpress_test/inpsyde_test/test/wp-content/plugins/plugintestslughere/tests/unit/tests/term/wpInsertTerm.php" line="118" assertions="1" time="0.098967"/>
        <testcase name="test_wp_insert_term_slug_empty_string" class="Tests_Term_WpInsertTerm" classname="Tests_Term_WpInsertTerm" file="/var/www/html/test/wordpress_test/inpsyde_test/test/wp-content/plugins/plugintestslughere/tests/unit/tests/term/wpInsertTerm.php" line="135" assertions="1" time="0.109277"/>
        <testcase name="test_wp_insert_term_slug_whitespace_string" class="Tests_Term_WpInsertTerm" classname="Tests_Term_WpInsertTerm" file="/var/www/html/test/wordpress_test/inpsyde_test/test/wp-content/plugins/plugintestslughere/tests/unit/tests/term/wpInsertTerm.php" line="152" assertions="1" time="0.121260"/>
        <testcase name="test_wp_insert_term_slug_0" class="Tests_Term_WpInsertTerm" classname="Tests_Term_WpInsertTerm" file="/var/www/html/test/wordpress_test/inpsyde_test/test/wp-content/plugins/plugintestslughere/tests/unit/tests/term/wpInsertTerm.php" line="168" assertions="1" time="0.120229"/>
        <testcase name="test_wp_insert_term_duplicate_name" class="Tests_Term_WpInsertTerm" classname="Tests_Term_WpInsertTerm" file="/var/www/html/test/wordpress_test/inpsyde_test/test/wp-content/plugins/plugintestslughere/tests/unit/tests/term/wpInsertTerm.php" line="187" assertions="21" time="0.241382"/>
        <testcase name="test_wp_insert_term_should_not_allow_duplicate_names_when_slug_is_a_duplicate_of_the_same_term_in_non_hierarchical_taxonomy" class="Tests_Term_WpInsertTerm" classname="Tests_Term_WpInsertTerm" file="/var/www/html/test/wordpress_test/inpsyde_test/test/wp-content/plugins/plugintestslughere/tests/unit/tests/term/wpInsertTerm.php" line="263" assertions="2" time="0.087845"/>
        <testcase name="test_wp_insert_term_should_not_allow_duplicate_names_when_slug_is_a_duplicate_of_a_different_term_in_non_hierarchical_taxonomy" class="Tests_Term_WpInsertTerm" classname="Tests_Term_WpInsertTerm" file="/var/www/html/test/wordpress_test/inpsyde_test/test/wp-content/plugins/plugintestslughere/tests/unit/tests/term/wpInsertTerm.php" line="288" assertions="2" time="0.109928"/>
        <testcase name="test_wp_insert_term_should_allow_duplicate_names_when_a_unique_slug_has_been_provided_in_non_hierarchical_taxonomy" class="Tests_Term_WpInsertTerm" classname="Tests_Term_WpInsertTerm" file="/var/www/html/test/wordpress_test/inpsyde_test/test/wp-content/plugins/plugintestslughere/tests/unit/tests/term/wpInsertTerm.php" line="321" assertions="3" time="0.109751"/>
        <testcase name="test_wp_insert_term_should_not_allow_duplicate_names_when_the_slug_is_not_provided_in_non_hierarchical_taxonomy" class="Tests_Term_WpInsertTerm" classname="Tests_Term_WpInsertTerm" file="/var/www/html/test/wordpress_test/inpsyde_test/test/wp-content/plugins/plugintestslughere/tests/unit/tests/term/wpInsertTerm.php" line="349" assertions="2" time="0.098893"/>
        <testcase name="test_wp_insert_term_should_not_allow_duplicate_names_when_slug_is_a_duplicate_of_the_same_term_in_hierarchical_taxonomy" class="Tests_Term_WpInsertTerm" classname="Tests_Term_WpInsertTerm" file="/var/www/html/test/wordpress_test/inpsyde_test/test/wp-content/plugins/plugintestslughere/tests/unit/tests/term/wpInsertTerm.php" line="368" assertions="2" time="0.132252"/>
        <testcase name="test_wp_insert_term_should_not_allow_duplicate_names_when_slug_is_a_duplicate_of_a_different_term_at_same_hierarchy_level_in_hierarchical_taxonomy" class="Tests_Term_WpInsertTerm" classname="Tests_Term_WpInsertTerm" file="/var/www/html/test/wordpress_test/inpsyde_test/test/wp-content/plugins/plugintestslughere/tests/unit/tests/term/wpInsertTerm.php" line="393" assertions="2" time="0.120272"/>
        <testcase name="test_wp_insert_term_should_allow_duplicate_names_when_slug_is_a_duplicate_of_a_term_at_different_hierarchy_level_in_hierarchical_taxonomy" class="Tests_Term_WpInsertTerm" classname="Tests_Term_WpInsertTerm" file="/var/www/html/test/wordpress_test/inpsyde_test/test/wp-content/plugins/plugintestslughere/tests/unit/tests/term/wpInsertTerm.php" line="426" assertions="3" time="0.174853"/>
        <testcase name="test_duplicate_name_check_should_fail_when_no_slug_is_provided_even_when_slugs_would_not_clash" class="Tests_Term_WpInsertTerm" classname="Tests_Term_WpInsertTerm" file="/var/www/html/test/wordpress_test/inpsyde_test/test/wp-content/plugins/plugintestslughere/tests/unit/tests/term/wpInsertTerm.php" line="466" assertions="3" time="0.110008"/>
        <testcase name="test_error_should_reference_correct_term_when_rejected_as_duplicate" class="Tests_Term_WpInsertTerm" classname="Tests_Term_WpInsertTerm" file="/var/www/html/test/wordpress_test/inpsyde_test/test/wp-content/plugins/plugintestslughere/tests/unit/tests/term/wpInsertTerm.php" line="486" assertions="3" time="0.153855"/>
        <testcase name="test_wp_insert_term_should_allow_duplicate_names_when_a_unique_slug_has_been_provided_in_hierarchical_taxonomy" class="Tests_Term_WpInsertTerm" classname="Tests_Term_WpInsertTerm" file="/var/www/html/test/wordpress_test/inpsyde_test/test/wp-content/plugins/plugintestslughere/tests/unit/tests/term/wpInsertTerm.php" line="536" assertions="3" time="0.142524"/>
        <testcase name="test_wp_insert_term_should_not_allow_duplicate_names_when_the_slug_is_not_provided_in_hierarchical_taxonomy" class="Tests_Term_WpInsertTerm" classname="Tests_Term_WpInsertTerm" file="/var/www/html/test/wordpress_test/inpsyde_test/test/wp-content/plugins/plugintestslughere/tests/unit/tests/term/wpInsertTerm.php" line="564" assertions="2" time="0.131432"/>
        <testcase name="test_wp_insert_term_duplicate_slug_same_taxonomy" class="Tests_Term_WpInsertTerm" classname="Tests_Term_WpInsertTerm" file="/var/www/html/test/wordpress_test/inpsyde_test/test/wp-content/plugins/plugintestslughere/tests/unit/tests/term/wpInsertTerm.php" line="582" assertions="1" time="0.141977"/>
        <testcase name="test_wp_insert_term_duplicate_slug_different_taxonomy" class="Tests_Term_WpInsertTerm" classname="Tests_Term_WpInsertTerm" file="/var/www/html/test/wordpress_test/inpsyde_test/test/wp-content/plugins/plugintestslughere/tests/unit/tests/term/wpInsertTerm.php" line="611" assertions="2" time="0.120523"/>
        <testcase name="test_wp_insert_term_duplicate_slug_different_taxonomy_before_410_schema_change" class="Tests_Term_WpInsertTerm" classname="Tests_Term_WpInsertTerm" file="/var/www/html/test/wordpress_test/inpsyde_test/test/wp-content/plugins/plugintestslughere/tests/unit/tests/term/wpInsertTerm.php" line="644" assertions="3" time="0.122667"/>
        <testcase name="test_wp_insert_term_alias_of_no_term_group" class="Tests_Term_WpInsertTerm" classname="Tests_Term_WpInsertTerm" file="/var/www/html/test/wordpress_test/inpsyde_test/test/wp-content/plugins/plugintestslughere/tests/unit/tests/term/wpInsertTerm.php" line="682" assertions="3" time="0.130851"/>
        <testcase name="test_wp_insert_term_alias_of_existing_term_group" class="Tests_Term_WpInsertTerm" classname="Tests_Term_WpInsertTerm" file="/var/www/html/test/wordpress_test/inpsyde_test/test/wp-content/plugins/plugintestslughere/tests/unit/tests/term/wpInsertTerm.php" line="710" assertions="2" time="0.165044"/>
        <testcase name="test_wp_insert_term_alias_of_nonexistent_term" class="Tests_Term_WpInsertTerm" classname="Tests_Term_WpInsertTerm" file="/var/www/html/test/wordpress_test/inpsyde_test/test/wp-content/plugins/plugintestslughere/tests/unit/tests/term/wpInsertTerm.php" line="741" assertions="1" time="0.110712"/>
        <testcase name="test_wp_insert_term_should_not_create_shared_term" class="Tests_Term_WpInsertTerm" classname="Tests_Term_WpInsertTerm" file="/var/www/html/test/wordpress_test/inpsyde_test/test/wp-content/plugins/plugintestslughere/tests/unit/tests/term/wpInsertTerm.php" line="759" assertions="1" time="0.151806"/>
        <testcase name="test_wp_insert_term_should_return_term_id_and_term_taxonomy_id" class="Tests_Term_WpInsertTerm" classname="Tests_Term_WpInsertTerm" file="/var/www/html/test/wordpress_test/inpsyde_test/test/wp-content/plugins/plugintestslughere/tests/unit/tests/term/wpInsertTerm.php" line="769" assertions="6" time="0.109740"/>
        <testcase name="test_wp_insert_term_should_clean_term_cache" class="Tests_Term_WpInsertTerm" classname="Tests_Term_WpInsertTerm" file="/var/www/html/test/wordpress_test/inpsyde_test/test/wp-content/plugins/plugintestslughere/tests/unit/tests/term/wpInsertTerm.php" line="787" assertions="4" time="0.143145"/>
        <testcase name="test_wp_insert_term_with_and_without_accents" class="Tests_Term_WpInsertTerm" classname="Tests_Term_WpInsertTerm" file="/var/www/html/test/wordpress_test/inpsyde_test/test/wp-content/plugins/plugintestslughere/tests/unit/tests/term/wpInsertTerm.php" line="831" assertions="5" time="0.142128"/>
        <testcase name="test_term_whose_slug_matches_existing_term_but_name_does_not_should_get_suffixed_slug" class="Tests_Term_WpInsertTerm" classname="Tests_Term_WpInsertTerm" file="/var/www/html/test/wordpress_test/inpsyde_test/test/wp-content/plugins/plugintestslughere/tests/unit/tests/term/wpInsertTerm.php" line="860" assertions="3" time="0.109533"/>
        <testcase name="test_wp_insert_term_with_null_description" class="Tests_Term_WpInsertTerm" classname="Tests_Term_WpInsertTerm" file="/var/www/html/test/wordpress_test/inpsyde_test/test/wp-content/plugins/plugintestslughere/tests/unit/tests/term/wpInsertTerm.php" line="882" assertions="2" time="0.098968"/>
      </testsuite>
      <testsuite name="Tests_Term_WpRemoveObjectTerms" file="/var/www/html/test/wordpress_test/inpsyde_test/test/wp-content/plugins/plugintestslughere/tests/unit/tests/term/wpRemoveObjectTerms.php" tests="1" assertions="1" errors="0" failures="0" skipped="0" time="0.095631">
        <testcase name="test_removal_should_delete_object_relationship_cache" class="Tests_Term_WpRemoveObjectTerms" classname="Tests_Term_WpRemoveObjectTerms" file="/var/www/html/test/wordpress_test/inpsyde_test/test/wp-content/plugins/plugintestslughere/tests/unit/tests/term/wpRemoveObjectTerms.php" line="10" assertions="1" time="0.095631"/>
      </testsuite>
      <testsuite name="Tests_Term_WpSetObjectTerms" file="/var/www/html/test/wordpress_test/inpsyde_test/test/wp-content/plugins/plugintestslughere/tests/unit/tests/term/wpSetObjectTerms.php" tests="14" assertions="81" errors="0" failures="0" skipped="0" time="1.517015">
        <testcase name="test_set_object_terms" class="Tests_Term_WpSetObjectTerms" classname="Tests_Term_WpSetObjectTerms" file="/var/www/html/test/wordpress_test/inpsyde_test/test/wp-content/plugins/plugintestslughere/tests/unit/tests/term/wpSetObjectTerms.php" line="17" assertions="16" time="0.211172"/>
        <testcase name="test_set_object_terms_by_id" class="Tests_Term_WpSetObjectTerms" classname="Tests_Term_WpSetObjectTerms" file="/var/www/html/test/wordpress_test/inpsyde_test/test/wp-content/plugins/plugintestslughere/tests/unit/tests/term/wpSetObjectTerms.php" line="102" assertions="14" time="0.175449"/>
        <testcase name="test_set_object_terms_by_name" class="Tests_Term_WpSetObjectTerms" classname="Tests_Term_WpSetObjectTerms" file="/var/www/html/test/wordpress_test/inpsyde_test/test/wp-content/plugins/plugintestslughere/tests/unit/tests/term/wpSetObjectTerms.php" line="132" assertions="11" time="0.187230"/>
        <testcase name="test_set_object_terms_invalid" class="Tests_Term_WpSetObjectTerms" classname="Tests_Term_WpSetObjectTerms" file="/var/www/html/test/wordpress_test/inpsyde_test/test/wp-content/plugins/plugintestslughere/tests/unit/tests/term/wpSetObjectTerms.php" line="165" assertions="1" time="0.035143"/>
        <testcase name="test_wp_set_object_terms_append_true" class="Tests_Term_WpSetObjectTerms" classname="Tests_Term_WpSetObjectTerms" file="/var/www/html/test/wordpress_test/inpsyde_test/test/wp-content/plugins/plugintestslughere/tests/unit/tests/term/wpSetObjectTerms.php" line="171" assertions="4" time="0.095292"/>
        <testcase name="test_wp_set_object_terms_append_false" class="Tests_Term_WpSetObjectTerms" classname="Tests_Term_WpSetObjectTerms" file="/var/www/html/test/wordpress_test/inpsyde_test/test/wp-content/plugins/plugintestslughere/tests/unit/tests/term/wpSetObjectTerms.php" line="196" assertions="4" time="0.098369"/>
        <testcase name="test_wp_set_object_terms_append_default_to_false" class="Tests_Term_WpSetObjectTerms" classname="Tests_Term_WpSetObjectTerms" file="/var/www/html/test/wordpress_test/inpsyde_test/test/wp-content/plugins/plugintestslughere/tests/unit/tests/term/wpSetObjectTerms.php" line="221" assertions="4" time="0.076796"/>
        <testcase name="test_change_object_terms_by_id" class="Tests_Term_WpSetObjectTerms" classname="Tests_Term_WpSetObjectTerms" file="/var/www/html/test/wordpress_test/inpsyde_test/test/wp-content/plugins/plugintestslughere/tests/unit/tests/term/wpSetObjectTerms.php" line="249" assertions="8" time="0.109997"/>
        <testcase name="test_change_object_terms_by_name" class="Tests_Term_WpSetObjectTerms" classname="Tests_Term_WpSetObjectTerms" file="/var/www/html/test/wordpress_test/inpsyde_test/test/wp-content/plugins/plugintestslughere/tests/unit/tests/term/wpSetObjectTerms.php" line="307" assertions="5" time="0.109499"/>
        <testcase name="test_should_create_term_that_does_not_exist" class="Tests_Term_WpSetObjectTerms" classname="Tests_Term_WpSetObjectTerms" file="/var/www/html/test/wordpress_test/inpsyde_test/test/wp-content/plugins/plugintestslughere/tests/unit/tests/term/wpSetObjectTerms.php" line="348" assertions="4" time="0.076704"/>
        <testcase name="test_should_find_existing_term_by_slug_match" class="Tests_Term_WpSetObjectTerms" classname="Tests_Term_WpSetObjectTerms" file="/var/www/html/test/wordpress_test/inpsyde_test/test/wp-content/plugins/plugintestslughere/tests/unit/tests/term/wpSetObjectTerms.php" line="361" assertions="3" time="0.065746"/>
        <testcase name="test_should_find_existing_term_by_name_match" class="Tests_Term_WpSetObjectTerms" classname="Tests_Term_WpSetObjectTerms" file="/var/www/html/test/wordpress_test/inpsyde_test/test/wp-content/plugins/plugintestslughere/tests/unit/tests/term/wpSetObjectTerms.php" line="380" assertions="3" time="0.132486"/>
        <testcase name="test_should_give_precedence_to_slug_match_over_name_match" class="Tests_Term_WpSetObjectTerms" classname="Tests_Term_WpSetObjectTerms" file="/var/www/html/test/wordpress_test/inpsyde_test/test/wp-content/plugins/plugintestslughere/tests/unit/tests/term/wpSetObjectTerms.php" line="399" assertions="3" time="0.109165"/>
        <testcase name="test_non_existent_integers_should_be_ignored" class="Tests_Term_WpSetObjectTerms" classname="Tests_Term_WpSetObjectTerms" file="/var/www/html/test/wordpress_test/inpsyde_test/test/wp-content/plugins/plugintestslughere/tests/unit/tests/term/wpSetObjectTerms.php" line="426" assertions="1" time="0.033968"/>
      </testsuite>
      <testsuite name="Tests_WP_Taxonomy" file="/var/www/html/test/wordpress_test/inpsyde_test/test/wp-content/plugins/plugintestslughere/tests/unit/tests/term/wpTaxonomy.php" tests="5" assertions="12" errors="0" failures="0" skipped="0" time="0.261666">
        <testcase name="test_instances" class="Tests_WP_Taxonomy" classname="Tests_WP_Taxonomy" file="/var/www/html/test/wordpress_test/inpsyde_test/test/wp-content/plugins/plugintestslughere/tests/unit/tests/term/wpTaxonomy.php" line="7" assertions="5" time="0.024139"/>
        <testcase name="test_does_not_add_query_var_if_not_public" class="Tests_WP_Taxonomy" classname="Tests_WP_Taxonomy" file="/var/www/html/test/wordpress_test/inpsyde_test/test/wp-content/plugins/plugintestslughere/tests/unit/tests/term/wpTaxonomy.php" line="15" assertions="1" time="0.082686"/>
        <testcase name="test_adds_query_var_if_public" class="Tests_WP_Taxonomy" classname="Tests_WP_Taxonomy" file="/var/www/html/test/wordpress_test/inpsyde_test/test/wp-content/plugins/plugintestslughere/tests/unit/tests/term/wpTaxonomy.php" line="28" assertions="2" time="0.065598"/>
        <testcase name="test_adds_rewrite_rules" class="Tests_WP_Taxonomy" classname="Tests_WP_Taxonomy" file="/var/www/html/test/wordpress_test/inpsyde_test/test/wp-content/plugins/plugintestslughere/tests/unit/tests/term/wpTaxonomy.php" line="55" assertions="2" time="0.065845"/>
        <testcase name="test_adds_ajax_callback" class="Tests_WP_Taxonomy" classname="Tests_WP_Taxonomy" file="/var/www/html/test/wordpress_test/inpsyde_test/test/wp-content/plugins/plugintestslughere/tests/unit/tests/term/wpTaxonomy.php" line="81" assertions="2" time="0.023398"/>
      </testsuite>
      <testsuite name="Tests_Term_WpTerm" file="/var/www/html/test/wordpress_test/inpsyde_test/test/wp-content/plugins/plugintestslughere/tests/unit/tests/term/wpTerm.php" tests="5" assertions="5" errors="0" failures="0" skipped="0" time="0.132332">
        <testcase name="test_get_instance_should_work_for_numeric_string" class="Tests_Term_WpTerm" classname="Tests_Term_WpTerm" file="/var/www/html/test/wordpress_test/inpsyde_test/test/wp-content/plugins/plugintestslughere/tests/unit/tests/term/wpTerm.php" line="45" assertions="1" time="0.023295"/>
        <testcase name="test_get_instance_should_fail_for_negative_number" class="Tests_Term_WpTerm" classname="Tests_Term_WpTerm" file="/var/www/html/test/wordpress_test/inpsyde_test/test/wp-content/plugins/plugintestslughere/tests/unit/tests/term/wpTerm.php" line="54" assertions="1" time="0.037842"/>
        <testcase name="test_get_instance_should_fail_for_non_numeric_string" class="Tests_Term_WpTerm" classname="Tests_Term_WpTerm" file="/var/www/html/test/wordpress_test/inpsyde_test/test/wp-content/plugins/plugintestslughere/tests/unit/tests/term/wpTerm.php" line="63" assertions="1" time="0.022817"/>
        <testcase name="test_get_instance_should_succeed_for_float_that_is_equal_to_post_id" class="Tests_Term_WpTerm" classname="Tests_Term_WpTerm" file="/var/www/html/test/wordpress_test/inpsyde_test/test/wp-content/plugins/plugintestslughere/tests/unit/tests/term/wpTerm.php" line="72" assertions="1" time="0.022981"/>
        <testcase name="test_get_instance_should_respect_taxonomy_when_term_id_is_found_in_cache" class="Tests_Term_WpTerm" classname="Tests_Term_WpTerm" file="/var/www/html/test/wordpress_test/inpsyde_test/test/wp-content/plugins/plugintestslughere/tests/unit/tests/term/wpTerm.php" line="81" assertions="1" time="0.025397"/>
      </testsuite>
      <testsuite name="Tests_Term_WpUniqueTermSlug" file="/var/www/html/test/wordpress_test/inpsyde_test/test/wp-content/plugins/plugintestslughere/tests/unit/tests/term/wpUniqueTermSlug.php" tests="6" assertions="6" errors="0" failures="0" skipped="0" time="0.708178">
        <testcase name="test_unique_slug_should_be_unchanged" class="Tests_Term_WpUniqueTermSlug" classname="Tests_Term_WpUniqueTermSlug" file="/var/www/html/test/wordpress_test/inpsyde_test/test/wp-content/plugins/plugintestslughere/tests/unit/tests/term/wpUniqueTermSlug.php" line="13" assertions="1" time="0.082084"/>
        <testcase name="test_nonunique_slug_in_different_taxonomy_should_be_unchanged" class="Tests_Term_WpUniqueTermSlug" classname="Tests_Term_WpUniqueTermSlug" file="/var/www/html/test/wordpress_test/inpsyde_test/test/wp-content/plugins/plugintestslughere/tests/unit/tests/term/wpUniqueTermSlug.php" line="26" assertions="1" time="0.120434"/>
        <testcase name="test_nonunique_slug_in_same_nonhierarchical_taxonomy_should_be_changed" class="Tests_Term_WpUniqueTermSlug" classname="Tests_Term_WpUniqueTermSlug" file="/var/www/html/test/wordpress_test/inpsyde_test/test/wp-content/plugins/plugintestslughere/tests/unit/tests/term/wpUniqueTermSlug.php" line="48" assertions="1" time="0.142651"/>
        <testcase name="test_nonunique_slug_in_same_hierarchical_taxonomy_with_same_parent_should_be_suffixed_with_parent_slug" class="Tests_Term_WpUniqueTermSlug" classname="Tests_Term_WpUniqueTermSlug" file="/var/www/html/test/wordpress_test/inpsyde_test/test/wp-content/plugins/plugintestslughere/tests/unit/tests/term/wpUniqueTermSlug.php" line="70" assertions="1" time="0.132294"/>
        <testcase name="test_nonunique_slug_in_same_hierarchical_taxonomy_at_different_level_of_hierarchy_should_be_suffixed_with_number" class="Tests_Term_WpUniqueTermSlug" classname="Tests_Term_WpUniqueTermSlug" file="/var/www/html/test/wordpress_test/inpsyde_test/test/wp-content/plugins/plugintestslughere/tests/unit/tests/term/wpUniqueTermSlug.php" line="101" assertions="1" time="0.110130"/>
        <testcase name="test_duplicate_parent_suffixed_slug_should_get_numeric_suffix" class="Tests_Term_WpUniqueTermSlug" classname="Tests_Term_WpUniqueTermSlug" file="/var/www/html/test/wordpress_test/inpsyde_test/test/wp-content/plugins/plugintestslughere/tests/unit/tests/term/wpUniqueTermSlug.php" line="134" assertions="1" time="0.120585"/>
      </testsuite>
      <testsuite name="Tests_Term_WpUpdateTerm" file="/var/www/html/test/wordpress_test/inpsyde_test/test/wp-content/plugins/plugintestslughere/tests/unit/tests/term/wpUpdateTerm.php" tests="27" assertions="56" errors="0" failures="0" skipped="0" time="2.851287">
        <testcase name="test_wp_update_term_taxonomy_does_not_exist" class="Tests_Term_WpUpdateTerm" classname="Tests_Term_WpUpdateTerm" file="/var/www/html/test/wordpress_test/inpsyde_test/test/wp-content/plugins/plugintestslughere/tests/unit/tests/term/wpUpdateTerm.php" line="7" assertions="2" time="0.036292"/>
        <testcase name="test_wp_update_term_term_empty_string_should_return_wp_error" class="Tests_Term_WpUpdateTerm" classname="Tests_Term_WpUpdateTerm" file="/var/www/html/test/wordpress_test/inpsyde_test/test/wp-content/plugins/plugintestslughere/tests/unit/tests/term/wpUpdateTerm.php" line="14" assertions="2" time="0.031962"/>
        <testcase name="test_wp_update_term_unslash_name" class="Tests_Term_WpUpdateTerm" classname="Tests_Term_WpUpdateTerm" file="/var/www/html/test/wordpress_test/inpsyde_test/test/wp-content/plugins/plugintestslughere/tests/unit/tests/term/wpUpdateTerm.php" line="21" assertions="1" time="0.087062"/>
        <testcase name="test_wp_update_term_unslash_description" class="Tests_Term_WpUpdateTerm" classname="Tests_Term_WpUpdateTerm" file="/var/www/html/test/wordpress_test/inpsyde_test/test/wp-content/plugins/plugintestslughere/tests/unit/tests/term/wpUpdateTerm.php" line="43" assertions="1" time="0.109483"/>
        <testcase name="test_wp_update_term_name_empty_string" class="Tests_Term_WpUpdateTerm" classname="Tests_Term_WpUpdateTerm" file="/var/www/html/test/wordpress_test/inpsyde_test/test/wp-content/plugins/plugintestslughere/tests/unit/tests/term/wpUpdateTerm.php" line="65" assertions="2" time="0.098232"/>
        <testcase name="test_wp_update_term_parent_does_not_exist" class="Tests_Term_WpUpdateTerm" classname="Tests_Term_WpUpdateTerm" file="/var/www/html/test/wordpress_test/inpsyde_test/test/wp-content/plugins/plugintestslughere/tests/unit/tests/term/wpUpdateTerm.php" line="89" assertions="4" time="0.098628"/>
        <testcase name="test_wp_update_term_slug_empty_string_while_not_updating_name" class="Tests_Term_WpUpdateTerm" classname="Tests_Term_WpUpdateTerm" file="/var/www/html/test/wordpress_test/inpsyde_test/test/wp-content/plugins/plugintestslughere/tests/unit/tests/term/wpUpdateTerm.php" line="122" assertions="1" time="0.098330"/>
        <testcase name="test_wp_update_term_slug_empty_string_while_updating_name" class="Tests_Term_WpUpdateTerm" classname="Tests_Term_WpUpdateTerm" file="/var/www/html/test/wordpress_test/inpsyde_test/test/wp-content/plugins/plugintestslughere/tests/unit/tests/term/wpUpdateTerm.php" line="144" assertions="1" time="0.109083"/>
        <testcase name="test_wp_update_term_slug_set_slug" class="Tests_Term_WpUpdateTerm" classname="Tests_Term_WpUpdateTerm" file="/var/www/html/test/wordpress_test/inpsyde_test/test/wp-content/plugins/plugintestslughere/tests/unit/tests/term/wpUpdateTerm.php" line="166" assertions="1" time="0.132241"/>
        <testcase name="test_wp_update_term_should_not_create_duplicate_slugs_within_the_same_taxonomy" class="Tests_Term_WpUpdateTerm" classname="Tests_Term_WpUpdateTerm" file="/var/www/html/test/wordpress_test/inpsyde_test/test/wp-content/plugins/plugintestslughere/tests/unit/tests/term/wpUpdateTerm.php" line="190" assertions="2" time="0.120473"/>
        <testcase name="test_wp_update_term_should_allow_duplicate_slugs_in_different_taxonomy" class="Tests_Term_WpUpdateTerm" classname="Tests_Term_WpUpdateTerm" file="/var/www/html/test/wordpress_test/inpsyde_test/test/wp-content/plugins/plugintestslughere/tests/unit/tests/term/wpUpdateTerm.php" line="224" assertions="2" time="0.131328"/>
        <testcase name="test_wp_update_term_should_allow_duplicate_names_in_different_taxonomies" class="Tests_Term_WpUpdateTerm" classname="Tests_Term_WpUpdateTerm" file="/var/www/html/test/wordpress_test/inpsyde_test/test/wp-content/plugins/plugintestslughere/tests/unit/tests/term/wpUpdateTerm.php" line="262" assertions="2" time="0.109461"/>
        <testcase name="test_wp_update_term_should_allow_duplicate_names_at_different_levels_of_the_same_taxonomy" class="Tests_Term_WpUpdateTerm" classname="Tests_Term_WpUpdateTerm" file="/var/www/html/test/wordpress_test/inpsyde_test/test/wp-content/plugins/plugintestslughere/tests/unit/tests/term/wpUpdateTerm.php" line="299" assertions="2" time="0.153461"/>
        <testcase name="test_wp_update_term_should_split_shared_term" class="Tests_Term_WpUpdateTerm" classname="Tests_Term_WpUpdateTerm" file="/var/www/html/test/wordpress_test/inpsyde_test/test/wp-content/plugins/plugintestslughere/tests/unit/tests/term/wpUpdateTerm.php" line="351" assertions="2" time="0.207968"/>
        <testcase name="test_wp_update_term_alias_of_no_term_group" class="Tests_Term_WpUpdateTerm" classname="Tests_Term_WpUpdateTerm" file="/var/www/html/test/wordpress_test/inpsyde_test/test/wp-content/plugins/plugintestslughere/tests/unit/tests/term/wpUpdateTerm.php" line="391" assertions="3" time="0.098925"/>
        <testcase name="test_wp_update_term_alias_of_existing_term_group" class="Tests_Term_WpUpdateTerm" classname="Tests_Term_WpUpdateTerm" file="/var/www/html/test/wordpress_test/inpsyde_test/test/wp-content/plugins/plugintestslughere/tests/unit/tests/term/wpUpdateTerm.php" line="418" assertions="2" time="0.109179"/>
        <testcase name="test_wp_update_term_alias_of_nonexistent_term" class="Tests_Term_WpUpdateTerm" classname="Tests_Term_WpUpdateTerm" file="/var/www/html/test/wordpress_test/inpsyde_test/test/wp-content/plugins/plugintestslughere/tests/unit/tests/term/wpUpdateTerm.php" line="450" assertions="1" time="0.076907"/>
        <testcase name="test_wp_update_term_slug_same_as_old_slug" class="Tests_Term_WpUpdateTerm" classname="Tests_Term_WpUpdateTerm" file="/var/www/html/test/wordpress_test/inpsyde_test/test/wp-content/plugins/plugintestslughere/tests/unit/tests/term/wpUpdateTerm.php" line="466" assertions="2" time="0.076993"/>
        <testcase name="test_wp_update_term_duplicate_slug_generated_due_to_empty_slug_param" class="Tests_Term_WpUpdateTerm" classname="Tests_Term_WpUpdateTerm" file="/var/www/html/test/wordpress_test/inpsyde_test/test/wp-content/plugins/plugintestslughere/tests/unit/tests/term/wpUpdateTerm.php" line="490" assertions="2" time="0.109478"/>
        <testcase name="test_wp_update_term_duplicate_slug_with_changed_parent" class="Tests_Term_WpUpdateTerm" classname="Tests_Term_WpUpdateTerm" file="/var/www/html/test/wordpress_test/inpsyde_test/test/wp-content/plugins/plugintestslughere/tests/unit/tests/term/wpUpdateTerm.php" line="521" assertions="2" time="0.121037"/>
        <testcase name="test_wp_update_term_duplicate_slug_failure" class="Tests_Term_WpUpdateTerm" classname="Tests_Term_WpUpdateTerm" file="/var/www/html/test/wordpress_test/inpsyde_test/test/wp-content/plugins/plugintestslughere/tests/unit/tests/term/wpUpdateTerm.php" line="563" assertions="3" time="0.109830"/>
        <testcase name="test_wp_update_term_should_return_term_id_and_term_taxonomy_id" class="Tests_Term_WpUpdateTerm" classname="Tests_Term_WpUpdateTerm" file="/var/www/html/test/wordpress_test/inpsyde_test/test/wp-content/plugins/plugintestslughere/tests/unit/tests/term/wpUpdateTerm.php" line="594" assertions="6" time="0.099179"/>
        <testcase name="test_wp_update_term_should_return_int_values_for_term_id_and_term_taxonomy_id" class="Tests_Term_WpUpdateTerm" classname="Tests_Term_WpUpdateTerm" file="/var/www/html/test/wordpress_test/inpsyde_test/test/wp-content/plugins/plugintestslughere/tests/unit/tests/term/wpUpdateTerm.php" line="626" assertions="2" time="0.098335"/>
        <testcase name="test_wp_update_term_should_clean_term_cache" class="Tests_Term_WpUpdateTerm" classname="Tests_Term_WpUpdateTerm" file="/var/www/html/test/wordpress_test/inpsyde_test/test/wp-content/plugins/plugintestslughere/tests/unit/tests/term/wpUpdateTerm.php" line="645" assertions="4" time="0.108936"/>
        <testcase name="test_wp_update_term_should_assign_new_slug_when_reassigning_parent_as_long_as_there_is_no_other_term_with_the_same_slug" class="Tests_Term_WpUpdateTerm" classname="Tests_Term_WpUpdateTerm" file="/var/www/html/test/wordpress_test/inpsyde_test/test/wp-content/plugins/plugintestslughere/tests/unit/tests/term/wpUpdateTerm.php" line="694" assertions="1" time="0.109888"/>
        <testcase name="test_wp_update_term_should_not_assign_new_slug_when_reassigning_parent_as_long_as_there_is_no_other_slug_conflict_within_the_taxonomy" class="Tests_Term_WpUpdateTerm" classname="Tests_Term_WpUpdateTerm" file="/var/www/html/test/wordpress_test/inpsyde_test/test/wp-content/plugins/plugintestslughere/tests/unit/tests/term/wpUpdateTerm.php" line="742" assertions="1" time="0.120974"/>
        <testcase name="test_wp_update_term_with_null_get_term" class="Tests_Term_WpUpdateTerm" classname="Tests_Term_WpUpdateTerm" file="/var/www/html/test/wordpress_test/inpsyde_test/test/wp-content/plugins/plugintestslughere/tests/unit/tests/term/wpUpdateTerm.php" line="798" assertions="2" time="0.087623"/>
      </testsuite>
      <testsuite name="Tests_Theme" file="/var/www/html/test/wordpress_test/inpsyde_test/test/wp-content/plugins/plugintestslughere/tests/unit/tests/theme.php" tests="29" assertions="1787" errors="0" failures="0" skipped="0" time="3.663765">
        <testcase name="test_wp_get_themes_default" class="Tests_Theme" classname="Tests_Theme" file="/var/www/html/test/wordpress_test/inpsyde_test/test/wp-content/plugins/plugintestslughere/tests/unit/tests/theme.php" line="49" assertions="4" time="0.170958"/>
        <testcase name="test_get_themes_default" class="Tests_Theme" classname="Tests_Theme" file="/var/www/html/test/wordpress_test/inpsyde_test/test/wp-content/plugins/plugintestslughere/tests/unit/tests/theme.php" line="63" assertions="6" time="0.077071"/>
        <testcase name="test_get_theme" class="Tests_Theme" classname="Tests_Theme" file="/var/www/html/test/wordpress_test/inpsyde_test/test/wp-content/plugins/plugintestslughere/tests/unit/tests/theme.php" line="77" assertions="31" time="0.098222"/>
        <testcase name="test_wp_get_theme" class="Tests_Theme" classname="Tests_Theme" file="/var/www/html/test/wordpress_test/inpsyde_test/test/wp-content/plugins/plugintestslughere/tests/unit/tests/theme.php" line="88" assertions="40" time="0.121073"/>
        <testcase name="test_get_themes_contents" class="Tests_Theme" classname="Tests_Theme" file="/var/www/html/test/wordpress_test/inpsyde_test/test/wp-content/plugins/plugintestslughere/tests/unit/tests/theme.php" line="103" assertions="889" time="0.439030"/>
        <testcase name="test_wp_get_theme_contents" class="Tests_Theme" classname="Tests_Theme" file="/var/www/html/test/wordpress_test/inpsyde_test/test/wp-content/plugins/plugintestslughere/tests/unit/tests/theme.php" line="172" assertions="13" time="0.076671"/>
        <testcase name="test_default_theme_in_default_theme_list" class="Tests_Theme" classname="Tests_Theme" file="/var/www/html/test/wordpress_test/inpsyde_test/test/wp-content/plugins/plugintestslughere/tests/unit/tests/theme.php" line="197" assertions="1" time="0.076746"/>
        <testcase name="test_default_themes_have_textdomain" class="Tests_Theme" classname="Tests_Theme" file="/var/www/html/test/wordpress_test/inpsyde_test/test/wp-content/plugins/plugintestslughere/tests/unit/tests/theme.php" line="205" assertions="10" time="0.077042"/>
        <testcase name="test_year_in_readme" class="Tests_Theme" classname="Tests_Theme" file="/var/www/html/test/wordpress_test/inpsyde_test/test/wp-content/plugins/plugintestslughere/tests/unit/tests/theme.php" line="216" assertions="20" time="0.242226"/>
        <testcase name="test_extra_theme_headers" class="Tests_Theme" classname="Tests_Theme" file="/var/www/html/test/wordpress_test/inpsyde_test/test/wp-content/plugins/plugintestslughere/tests/unit/tests/theme.php" line="244" assertions="7" time="0.087776"/>
        <testcase name="test_switch_theme" class="Tests_Theme" classname="Tests_Theme" file="/var/www/html/test/wordpress_test/inpsyde_test/test/wp-content/plugins/plugintestslughere/tests/unit/tests/theme.php" line="264" assertions="721" time="0.340727"/>
        <testcase name="test_switch_theme_bogus" class="Tests_Theme" classname="Tests_Theme" file="/var/www/html/test/wordpress_test/inpsyde_test/test/wp-content/plugins/plugintestslughere/tests/unit/tests/theme.php" line="335" assertions="5" time="0.076711"/>
        <testcase name="test_wp_keep_alive_customize_changeset_dependent_auto_drafts" class="Tests_Theme" classname="Tests_Theme" file="/var/www/html/test/wordpress_test/inpsyde_test/test/wp-content/plugins/plugintestslughere/tests/unit/tests/theme.php" line="357" assertions="10" time="0.353934"/>
        <testcase name="test_register_theme_support_defaults" class="Tests_Theme" classname="Tests_Theme" file="/var/www/html/test/wordpress_test/inpsyde_test/test/wp-content/plugins/plugintestslughere/tests/unit/tests/theme.php" line="422" assertions="2" time="0.097433"/>
        <testcase name="test_register_theme_support_explicit" class="Tests_Theme" classname="Tests_Theme" file="/var/www/html/test/wordpress_test/inpsyde_test/test/wp-content/plugins/plugintestslughere/tests/unit/tests/theme.php" line="438" assertions="4" time="0.098310"/>
        <testcase name="test_register_theme_support_upgrades_show_in_rest" class="Tests_Theme" classname="Tests_Theme" file="/var/www/html/test/wordpress_test/inpsyde_test/test/wp-content/plugins/plugintestslughere/tests/unit/tests/theme.php" line="464" assertions="1" time="0.098707"/>
        <testcase name="test_register_theme_support_fills_schema" class="Tests_Theme" classname="Tests_Theme" file="/var/www/html/test/wordpress_test/inpsyde_test/test/wp-content/plugins/plugintestslughere/tests/unit/tests/theme.php" line="484" assertions="1" time="0.087365"/>
        <testcase name="test_register_theme_support_does_not_add_boolean_type_if_non_bool_default" class="Tests_Theme" classname="Tests_Theme" file="/var/www/html/test/wordpress_test/inpsyde_test/test/wp-content/plugins/plugintestslughere/tests/unit/tests/theme.php" line="518" assertions="1" time="0.087499"/>
        <testcase name="test_register_theme_support_defaults_additional_properties_to_false" class="Tests_Theme" classname="Tests_Theme" file="/var/www/html/test/wordpress_test/inpsyde_test/test/wp-content/plugins/plugintestslughere/tests/unit/tests/theme.php" line="541" assertions="2" time="0.065703"/>
        <testcase name="test_register_theme_support_with_additional_properties" class="Tests_Theme" classname="Tests_Theme" file="/var/www/html/test/wordpress_test/inpsyde_test/test/wp-content/plugins/plugintestslughere/tests/unit/tests/theme.php" line="568" assertions="1" time="0.065732"/>
        <testcase name="test_register_theme_support_defaults_additional_properties_to_false_in_array" class="Tests_Theme" classname="Tests_Theme" file="/var/www/html/test/wordpress_test/inpsyde_test/test/wp-content/plugins/plugintestslughere/tests/unit/tests/theme.php" line="596" assertions="2" time="0.065816"/>
        <testsuite name="Tests_Theme::test_register_theme_support_validation" tests="8" assertions="16" errors="0" failures="0" skipped="0" time="0.759013">
          <testcase name="test_register_theme_support_validation with data set #0" class="Tests_Theme" classname="Tests_Theme" file="/var/www/html/test/wordpress_test/inpsyde_test/test/wp-content/plugins/plugintestslughere/tests/unit/tests/theme.php" line="631" assertions="2" time="0.065454"/>
          <testcase name="test_register_theme_support_validation with data set #1" class="Tests_Theme" classname="Tests_Theme" file="/var/www/html/test/wordpress_test/inpsyde_test/test/wp-content/plugins/plugintestslughere/tests/unit/tests/theme.php" line="631" assertions="2" time="0.065854"/>
          <testcase name="test_register_theme_support_validation with data set #2" class="Tests_Theme" classname="Tests_Theme" file="/var/www/html/test/wordpress_test/inpsyde_test/test/wp-content/plugins/plugintestslughere/tests/unit/tests/theme.php" line="631" assertions="2" time="0.188140"/>
          <testcase name="test_register_theme_support_validation with data set #3" class="Tests_Theme" classname="Tests_Theme" file="/var/www/html/test/wordpress_test/inpsyde_test/test/wp-content/plugins/plugintestslughere/tests/unit/tests/theme.php" line="631" assertions="2" time="0.086544"/>
          <testcase name="test_register_theme_support_validation with data set #4" class="Tests_Theme" classname="Tests_Theme" file="/var/www/html/test/wordpress_test/inpsyde_test/test/wp-content/plugins/plugintestslughere/tests/unit/tests/theme.php" line="631" assertions="2" time="0.122373"/>
          <testcase name="test_register_theme_support_validation with data set #5" class="Tests_Theme" classname="Tests_Theme" file="/var/www/html/test/wordpress_test/inpsyde_test/test/wp-content/plugins/plugintestslughere/tests/unit/tests/theme.php" line="631" assertions="2" time="0.077257"/>
          <testcase name="test_register_theme_support_validation with data set #6" class="Tests_Theme" classname="Tests_Theme" file="/var/www/html/test/wordpress_test/inpsyde_test/test/wp-content/plugins/plugintestslughere/tests/unit/tests/theme.php" line="631" assertions="2" time="0.076645"/>
          <testcase name="test_register_theme_support_validation with data set #7" class="Tests_Theme" classname="Tests_Theme" file="/var/www/html/test/wordpress_test/inpsyde_test/test/wp-content/plugins/plugintestslughere/tests/unit/tests/theme.php" line="631" assertions="2" time="0.076746"/>
        </testsuite>
      </testsuite>
      <testsuite name="Tests_Theme_WPTheme" file="/var/www/html/test/wordpress_test/inpsyde_test/test/wp-content/plugins/plugintestslughere/tests/unit/tests/theme/WPTheme.php" tests="7" assertions="45" errors="0" failures="0" skipped="0" time="0.575933">
        <testcase name="test_new_WP_Theme_top_level" class="Tests_Theme_WPTheme" classname="Tests_Theme_WPTheme" file="/var/www/html/test/wordpress_test/inpsyde_test/test/wp-content/plugins/plugintestslughere/tests/unit/tests/theme/WPTheme.php" line="35" assertions="11" time="0.104283"/>
        <testcase name="test_new_WP_Theme_subdir" class="Tests_Theme_WPTheme" classname="Tests_Theme_WPTheme" file="/var/www/html/test/wordpress_test/inpsyde_test/test/wp-content/plugins/plugintestslughere/tests/unit/tests/theme/WPTheme.php" line="54" assertions="11" time="0.076850"/>
        <testcase name="test_new_WP_Theme_subdir_bad_root" class="Tests_Theme_WPTheme" classname="Tests_Theme_WPTheme" file="/var/www/html/test/wordpress_test/inpsyde_test/test/wp-content/plugins/plugintestslughere/tests/unit/tests/theme/WPTheme.php" line="76" assertions="11" time="0.076828"/>
        <testcase name="test_wp_theme_uris_with_spaces" class="Tests_Theme_WPTheme" classname="Tests_Theme_WPTheme" file="/var/www/html/test/wordpress_test/inpsyde_test/test/wp-content/plugins/plugintestslughere/tests/unit/tests/theme/WPTheme.php" line="99" assertions="4" time="0.076717"/>
        <testcase name="test_theme_uris_with_spaces" class="Tests_Theme_WPTheme" classname="Tests_Theme_WPTheme" file="/var/www/html/test/wordpress_test/inpsyde_test/test/wp-content/plugins/plugintestslughere/tests/unit/tests/theme/WPTheme.php" line="116" assertions="2" time="0.076798"/>
        <testcase name="test_display_method_on_get_method_failure" class="Tests_Theme_WPTheme" classname="Tests_Theme_WPTheme" file="/var/www/html/test/wordpress_test/inpsyde_test/test/wp-content/plugins/plugintestslughere/tests/unit/tests/theme/WPTheme.php" line="135" assertions="4" time="0.077045"/>
        <testcase name="test_child_theme_with_itself_as_parent_should_appear_as_broken" class="Tests_Theme_WPTheme" classname="Tests_Theme_WPTheme" file="/var/www/html/test/wordpress_test/inpsyde_test/test/wp-content/plugins/plugintestslughere/tests/unit/tests/theme/WPTheme.php" line="146" assertions="2" time="0.087412"/>
      </testsuite>
      <testsuite name="Tests_Theme_Custom_Header" file="/var/www/html/test/wordpress_test/inpsyde_test/test/wp-content/plugins/plugintestslughere/tests/unit/tests/theme/customHeader.php" tests="23" assertions="42" errors="0" failures="0" skipped="0" time="1.801692">
        <testcase name="test_add_and_remove_theme_support" class="Tests_Theme_Custom_Header" classname="Tests_Theme_Custom_Header" file="/var/www/html/test/wordpress_test/inpsyde_test/test/wp-content/plugins/plugintestslughere/tests/unit/tests/theme/customHeader.php" line="45" assertions="2" time="0.038790"/>
        <testcase name="test_get_header_image_without_registered_default" class="Tests_Theme_Custom_Header" classname="Tests_Theme_Custom_Header" file="/var/www/html/test/wordpress_test/inpsyde_test/test/wp-content/plugins/plugintestslughere/tests/unit/tests/theme/customHeader.php" line="52" assertions="2" time="0.034220"/>
        <testcase name="test_get_header_image_with_registered_default" class="Tests_Theme_Custom_Header" classname="Tests_Theme_Custom_Header" file="/var/www/html/test/wordpress_test/inpsyde_test/test/wp-content/plugins/plugintestslughere/tests/unit/tests/theme/customHeader.php" line="59" assertions="2" time="0.031110"/>
        <testcase name="test_get_header_image_from_theme_mod" class="Tests_Theme_Custom_Header" classname="Tests_Theme_Custom_Header" file="/var/www/html/test/wordpress_test/inpsyde_test/test/wp-content/plugins/plugintestslughere/tests/unit/tests/theme/customHeader.php" line="68" assertions="4" time="0.098153"/>
        <testcase name="test_get_header_image_tag_without_registered_default_image" class="Tests_Theme_Custom_Header" classname="Tests_Theme_Custom_Header" file="/var/www/html/test/wordpress_test/inpsyde_test/test/wp-content/plugins/plugintestslughere/tests/unit/tests/theme/customHeader.php" line="84" assertions="1" time="0.032343"/>
        <testcase name="test_get_header_image_tag_with_registered_default_image" class="Tests_Theme_Custom_Header" classname="Tests_Theme_Custom_Header" file="/var/www/html/test/wordpress_test/inpsyde_test/test/wp-content/plugins/plugintestslughere/tests/unit/tests/theme/customHeader.php" line="90" assertions="2" time="0.030838"/>
        <testcase name="test_get_header_image_tag_with_registered_default_image_and_remove_header_theme_mod" class="Tests_Theme_Custom_Header" classname="Tests_Theme_Custom_Header" file="/var/www/html/test/wordpress_test/inpsyde_test/test/wp-content/plugins/plugintestslughere/tests/unit/tests/theme/customHeader.php" line="102" assertions="1" time="0.325232"/>
        <testcase name="test_get_header_image_tag_with_registered_default_image_and_custom_theme_mod" class="Tests_Theme_Custom_Header" classname="Tests_Theme_Custom_Header" file="/var/www/html/test/wordpress_test/inpsyde_test/test/wp-content/plugins/plugintestslughere/tests/unit/tests/theme/customHeader.php" line="111" assertions="2" time="0.267817"/>
        <testcase name="test_get_custom_header_markup_without_registered_default_image" class="Tests_Theme_Custom_Header" classname="Tests_Theme_Custom_Header" file="/var/www/html/test/wordpress_test/inpsyde_test/test/wp-content/plugins/plugintestslughere/tests/unit/tests/theme/customHeader.php" line="122" assertions="3" time="0.052239"/>
        <testcase name="test_get_custom_header_markup_with_registered_default_image" class="Tests_Theme_Custom_Header" classname="Tests_Theme_Custom_Header" file="/var/www/html/test/wordpress_test/inpsyde_test/test/wp-content/plugins/plugintestslughere/tests/unit/tests/theme/customHeader.php" line="135" assertions="3" time="0.038314"/>
        <testcase name="test_get_header_video_url" class="Tests_Theme_Custom_Header" classname="Tests_Theme_Custom_Header" file="/var/www/html/test/wordpress_test/inpsyde_test/test/wp-content/plugins/plugintestslughere/tests/unit/tests/theme/customHeader.php" line="144" assertions="3" time="0.100155"/>
        <testcase name="test_get_external_header_video_url" class="Tests_Theme_Custom_Header" classname="Tests_Theme_Custom_Header" file="/var/www/html/test/wordpress_test/inpsyde_test/test/wp-content/plugins/plugintestslughere/tests/unit/tests/theme/customHeader.php" line="153" assertions="3" time="0.098552"/>
        <testcase name="test_get_header_video_url_prefers_local_video" class="Tests_Theme_Custom_Header" classname="Tests_Theme_Custom_Header" file="/var/www/html/test/wordpress_test/inpsyde_test/test/wp-content/plugins/plugintestslughere/tests/unit/tests/theme/customHeader.php" line="163" assertions="1" time="0.087737"/>
        <testcase name="test_get_custom_header_markup_with_video_and_without_an_image" class="Tests_Theme_Custom_Header" classname="Tests_Theme_Custom_Header" file="/var/www/html/test/wordpress_test/inpsyde_test/test/wp-content/plugins/plugintestslughere/tests/unit/tests/theme/customHeader.php" line="172" assertions="3" time="0.098808"/>
        <testcase name="test_header_script_is_not_enqueued_by_the_custom_header_markup_without_video" class="Tests_Theme_Custom_Header" classname="Tests_Theme_Custom_Header" file="/var/www/html/test/wordpress_test/inpsyde_test/test/wp-content/plugins/plugintestslughere/tests/unit/tests/theme/customHeader.php" line="188" assertions="2" time="0.076483"/>
        <testcase name="test_header_script_is_not_enqueued_by_the_custom_header_markup_when_active_callback_is_false" class="Tests_Theme_Custom_Header" classname="Tests_Theme_Custom_Header" file="/var/www/html/test/wordpress_test/inpsyde_test/test/wp-content/plugins/plugintestslughere/tests/unit/tests/theme/customHeader.php" line="209" assertions="1" time="0.077112"/>
        <testcase name="test_header_script_is_enqueued_by_the_custom_header_markup_without_video_when_previewing_in_customizer" class="Tests_Theme_Custom_Header" classname="Tests_Theme_Custom_Header" file="/var/www/html/test/wordpress_test/inpsyde_test/test/wp-content/plugins/plugintestslughere/tests/unit/tests/theme/customHeader.php" line="224" assertions="1" time="0.052471"/>
        <testcase name="test_header_script_is_enqueued_by_the_custom_header_markup_with_video" class="Tests_Theme_Custom_Header" classname="Tests_Theme_Custom_Header" file="/var/www/html/test/wordpress_test/inpsyde_test/test/wp-content/plugins/plugintestslughere/tests/unit/tests/theme/customHeader.php" line="239" assertions="1" time="0.078513"/>
        <testcase name="test_video_header_callback_front_page_from_front_page" class="Tests_Theme_Custom_Header" classname="Tests_Theme_Custom_Header" file="/var/www/html/test/wordpress_test/inpsyde_test/test/wp-content/plugins/plugintestslughere/tests/unit/tests/theme/customHeader.php" line="257" assertions="1" time="0.043336"/>
        <testcase name="test_video_header_callback_front_page_from_elsewhere" class="Tests_Theme_Custom_Header" classname="Tests_Theme_Custom_Header" file="/var/www/html/test/wordpress_test/inpsyde_test/test/wp-content/plugins/plugintestslughere/tests/unit/tests/theme/customHeader.php" line="274" assertions="1" time="0.033500"/>
        <testcase name="test_video_header_callback_globally_from_front_page" class="Tests_Theme_Custom_Header" classname="Tests_Theme_Custom_Header" file="/var/www/html/test/wordpress_test/inpsyde_test/test/wp-content/plugins/plugintestslughere/tests/unit/tests/theme/customHeader.php" line="291" assertions="1" time="0.035732"/>
        <testcase name="test_video_header_callback_globally_from_elsewhere" class="Tests_Theme_Custom_Header" classname="Tests_Theme_Custom_Header" file="/var/www/html/test/wordpress_test/inpsyde_test/test/wp-content/plugins/plugintestslughere/tests/unit/tests/theme/customHeader.php" line="309" assertions="1" time="0.035353"/>
        <testcase name="test_video_header_callback_globally_with_negative_filter" class="Tests_Theme_Custom_Header" classname="Tests_Theme_Custom_Header" file="/var/www/html/test/wordpress_test/inpsyde_test/test/wp-content/plugins/plugintestslughere/tests/unit/tests/theme/customHeader.php" line="327" assertions="1" time="0.034884"/>
      </testsuite>
      <testsuite name="Tests_WP_Theme_Get_Theme_Starter_Content" file="/var/www/html/test/wordpress_test/inpsyde_test/test/wp-content/plugins/plugintestslughere/tests/unit/tests/theme/getThemeStarterContent.php" tests="4" assertions="136" errors="0" failures="0" skipped="0" time="0.093830">
        <testcase name="test_add_theme_support_empty" class="Tests_WP_Theme_Get_Theme_Starter_Content" classname="Tests_WP_Theme_Get_Theme_Starter_Content" file="/var/www/html/test/wordpress_test/inpsyde_test/test/wp-content/plugins/plugintestslughere/tests/unit/tests/theme/getThemeStarterContent.php" line="13" assertions="1" time="0.022896"/>
        <testcase name="test_add_theme_support_single_param" class="Tests_WP_Theme_Get_Theme_Starter_Content" classname="Tests_WP_Theme_Get_Theme_Starter_Content" file="/var/www/html/test/wordpress_test/inpsyde_test/test/wp-content/plugins/plugintestslughere/tests/unit/tests/theme/getThemeStarterContent.php" line="23" assertions="1" time="0.023322"/>
        <testcase name="test_default_content_sections" class="Tests_WP_Theme_Get_Theme_Starter_Content" classname="Tests_WP_Theme_Get_Theme_Starter_Content" file="/var/www/html/test/wordpress_test/inpsyde_test/test/wp-content/plugins/plugintestslughere/tests/unit/tests/theme/getThemeStarterContent.php" line="33" assertions="130" time="0.024668"/>
        <testcase name="test_get_theme_starter_content_filter" class="Tests_WP_Theme_Get_Theme_Starter_Content" classname="Tests_WP_Theme_Get_Theme_Starter_Content" file="/var/www/html/test/wordpress_test/inpsyde_test/test/wp-content/plugins/plugintestslughere/tests/unit/tests/theme/getThemeStarterContent.php" line="175" assertions="4" time="0.022944"/>
      </testsuite>
      <testsuite name="Tests_Theme_Support" file="/var/www/html/test/wordpress_test/inpsyde_test/test/wp-content/plugins/plugintestslughere/tests/unit/tests/theme/support.php" tests="11" assertions="63" errors="0" failures="0" skipped="0" time="0.270587">
        <testcase name="test_the_basics" class="Tests_Theme_Support" classname="Tests_Theme_Support" file="/var/www/html/test/wordpress_test/inpsyde_test/test/wp-content/plugins/plugintestslughere/tests/unit/tests/theme/support.php" line="8" assertions="3" time="0.037997"/>
        <testcase name="test_admin_bar" class="Tests_Theme_Support" classname="Tests_Theme_Support" file="/var/www/html/test/wordpress_test/inpsyde_test/test/wp-content/plugins/plugintestslughere/tests/unit/tests/theme/support.php" line="17" assertions="7" time="0.026177"/>
        <testcase name="test_post_thumbnails" class="Tests_Theme_Support" classname="Tests_Theme_Support" file="/var/www/html/test/wordpress_test/inpsyde_test/test/wp-content/plugins/plugintestslughere/tests/unit/tests/theme/support.php" line="37" assertions="3" time="0.026274"/>
        <testcase name="test_post_thumbnails_flat_array_of_post_types" class="Tests_Theme_Support" classname="Tests_Theme_Support" file="/var/www/html/test/wordpress_test/inpsyde_test/test/wp-content/plugins/plugintestslughere/tests/unit/tests/theme/support.php" line="46" assertions="3" time="0.023680"/>
        <testcase name="test_post_thumbnails_mixed_args" class="Tests_Theme_Support" classname="Tests_Theme_Support" file="/var/www/html/test/wordpress_test/inpsyde_test/test/wp-content/plugins/plugintestslughere/tests/unit/tests/theme/support.php" line="59" assertions="5" time="0.022484"/>
        <testcase name="test_supports_html5" class="Tests_Theme_Support" classname="Tests_Theme_Support" file="/var/www/html/test/wordpress_test/inpsyde_test/test/wp-content/plugins/plugintestslughere/tests/unit/tests/theme/support.php" line="80" assertions="8" time="0.022589"/>
        <testcase name="test_supports_html5_subset" class="Tests_Theme_Support" classname="Tests_Theme_Support" file="/var/www/html/test/wordpress_test/inpsyde_test/test/wp-content/plugins/plugintestslughere/tests/unit/tests/theme/support.php" line="97" assertions="16" time="0.022380"/>
        <testcase name="test_supports_html5_invalid" class="Tests_Theme_Support" classname="Tests_Theme_Support" file="/var/www/html/test/wordpress_test/inpsyde_test/test/wp-content/plugins/plugintestslughere/tests/unit/tests/theme/support.php" line="128" assertions="4" time="0.021677"/>
        <testcase name="test_plugin_hook" class="Tests_Theme_Support" classname="Tests_Theme_Support" file="/var/www/html/test/wordpress_test/inpsyde_test/test/wp-content/plugins/plugintestslughere/tests/unit/tests/theme/support.php" line="142" assertions="5" time="0.023287"/>
        <testcase name="test_supports_menus" class="Tests_Theme_Support" classname="Tests_Theme_Support" file="/var/www/html/test/wordpress_test/inpsyde_test/test/wp-content/plugins/plugintestslughere/tests/unit/tests/theme/support.php" line="160" assertions="6" time="0.022632"/>
        <testcase name="test_responsive_embeds" class="Tests_Theme_Support" classname="Tests_Theme_Support" file="/var/www/html/test/wordpress_test/inpsyde_test/test/wp-content/plugins/plugintestslughere/tests/unit/tests/theme/support.php" line="190" assertions="3" time="0.021410"/>
      </testsuite>
      <testsuite name="Tests_Theme_ThemeDir" file="/var/www/html/test/wordpress_test/inpsyde_test/test/wp-content/plugins/plugintestslughere/tests/unit/tests/theme/themeDir.php" tests="10" assertions="93" errors="0" failures="0" skipped="0" time="0.485172">
        <testcase name="test_theme_default" class="Tests_Theme_ThemeDir" classname="Tests_Theme_ThemeDir" file="/var/www/html/test/wordpress_test/inpsyde_test/test/wp-content/plugins/plugintestslughere/tests/unit/tests/theme/themeDir.php" line="46" assertions="17" time="0.054172"/>
        <testcase name="test_theme_sandbox" class="Tests_Theme_ThemeDir" classname="Tests_Theme_ThemeDir" file="/var/www/html/test/wordpress_test/inpsyde_test/test/wp-content/plugins/plugintestslughere/tests/unit/tests/theme/themeDir.php" line="77" assertions="16" time="0.065304"/>
        <testcase name="test_theme_stylesheet_only" class="Tests_Theme_ThemeDir" classname="Tests_Theme_ThemeDir" file="/var/www/html/test/wordpress_test/inpsyde_test/test/wp-content/plugins/plugintestslughere/tests/unit/tests/theme/themeDir.php" line="113" assertions="16" time="0.041448"/>
        <testcase name="test_theme_list" class="Tests_Theme_ThemeDir" classname="Tests_Theme_ThemeDir" file="/var/www/html/test/wordpress_test/inpsyde_test/test/wp-content/plugins/plugintestslughere/tests/unit/tests/theme/themeDir.php" line="143" assertions="2" time="0.038350"/>
        <testcase name="test_broken_themes" class="Tests_Theme_ThemeDir" classname="Tests_Theme_ThemeDir" file="/var/www/html/test/wordpress_test/inpsyde_test/test/wp-content/plugins/plugintestslughere/tests/unit/tests/theme/themeDir.php" line="179" assertions="2" time="0.038603"/>
        <testcase name="test_wp_get_theme_with_non_default_theme_root" class="Tests_Theme_ThemeDir" classname="Tests_Theme_ThemeDir" file="/var/www/html/test/wordpress_test/inpsyde_test/test/wp-content/plugins/plugintestslughere/tests/unit/tests/theme/themeDir.php" line="198" assertions="2" time="0.033790"/>
        <testcase name="test_page_templates" class="Tests_Theme_ThemeDir" classname="Tests_Theme_ThemeDir" file="/var/www/html/test/wordpress_test/inpsyde_test/test/wp-content/plugins/plugintestslughere/tests/unit/tests/theme/themeDir.php" line="206" assertions="3" time="0.050996"/>
        <testcase name="test_get_theme_data_top_level" class="Tests_Theme_ThemeDir" classname="Tests_Theme_ThemeDir" file="/var/www/html/test/wordpress_test/inpsyde_test/test/wp-content/plugins/plugintestslughere/tests/unit/tests/theme/themeDir.php" line="219" assertions="12" time="0.034799"/>
        <testcase name="test_get_theme_data_subdir" class="Tests_Theme_ThemeDir" classname="Tests_Theme_ThemeDir" file="/var/www/html/test/wordpress_test/inpsyde_test/test/wp-content/plugins/plugintestslughere/tests/unit/tests/theme/themeDir.php" line="238" assertions="12" time="0.034356"/>
        <testcase name="test_theme_dir_slashes" class="Tests_Theme_ThemeDir" classname="Tests_Theme_ThemeDir" file="/var/www/html/test/wordpress_test/inpsyde_test/test/wp-content/plugins/plugintestslughere/tests/unit/tests/theme/themeDir.php" line="257" assertions="11" time="0.093354"/>
      </testsuite>
      <testsuite name="Tests_Upload" file="/var/www/html/test/wordpress_test/inpsyde_test/test/wp-content/plugins/plugintestslughere/tests/unit/tests/upload.php" tests="6" assertions="24" errors="0" failures="0" skipped="0" time="0.788655">
        <testcase name="test_upload_dir_default" class="Tests_Upload" classname="Tests_Upload" file="/var/www/html/test/wordpress_test/inpsyde_test/test/wp-content/plugins/plugintestslughere/tests/unit/tests/upload.php" line="22" assertions="4" time="0.121621"/>
        <testcase name="test_upload_dir_relative" class="Tests_Upload" classname="Tests_Upload" file="/var/www/html/test/wordpress_test/inpsyde_test/test/wp-content/plugins/plugintestslughere/tests/unit/tests/upload.php" line="33" assertions="4" time="0.140778"/>
        <testcase name="test_upload_dir_absolute" class="Tests_Upload" classname="Tests_Upload" file="/var/www/html/test/wordpress_test/inpsyde_test/test/wp-content/plugins/plugintestslughere/tests/unit/tests/upload.php" line="48" assertions="4" time="0.131605"/>
        <testcase name="test_upload_dir_no_yearnum" class="Tests_Upload" classname="Tests_Upload" file="/var/www/html/test/wordpress_test/inpsyde_test/test/wp-content/plugins/plugintestslughere/tests/unit/tests/upload.php" line="68" assertions="4" time="0.131549"/>
        <testcase name="test_upload_path_absolute" class="Tests_Upload" classname="Tests_Upload" file="/var/www/html/test/wordpress_test/inpsyde_test/test/wp-content/plugins/plugintestslughere/tests/unit/tests/upload.php" line="80" assertions="4" time="0.131537"/>
        <testcase name="test_upload_dir_empty" class="Tests_Upload" classname="Tests_Upload" file="/var/www/html/test/wordpress_test/inpsyde_test/test/wp-content/plugins/plugintestslughere/tests/unit/tests/upload.php" line="94" assertions="4" time="0.131565"/>
      </testsuite>
      <testsuite name="Tests_URL" file="/var/www/html/test/wordpress_test/inpsyde_test/test/wp-content/plugins/plugintestslughere/tests/unit/tests/url.php" tests="37" assertions="152" errors="0" failures="0" skipped="0" time="1.608163">
        <testsuite name="Tests_URL::test_is_ssl" tests="5" assertions="5" errors="0" failures="0" skipped="0" time="0.142975">
          <testcase name="test_is_ssl with data set #0" class="Tests_URL" classname="Tests_URL" file="/var/www/html/test/wordpress_test/inpsyde_test/test/wp-content/plugins/plugintestslughere/tests/unit/tests/url.php" line="18" assertions="1" time="0.037525"/>
          <testcase name="test_is_ssl with data set #1" class="Tests_URL" classname="Tests_URL" file="/var/www/html/test/wordpress_test/inpsyde_test/test/wp-content/plugins/plugintestslughere/tests/unit/tests/url.php" line="18" assertions="1" time="0.032139"/>
          <testcase name="test_is_ssl with data set #2" class="Tests_URL" classname="Tests_URL" file="/var/www/html/test/wordpress_test/inpsyde_test/test/wp-content/plugins/plugintestslughere/tests/unit/tests/url.php" line="18" assertions="1" time="0.026817"/>
          <testcase name="test_is_ssl with data set #3" class="Tests_URL" classname="Tests_URL" file="/var/www/html/test/wordpress_test/inpsyde_test/test/wp-content/plugins/plugintestslughere/tests/unit/tests/url.php" line="18" assertions="1" time="0.024175"/>
          <testcase name="test_is_ssl with data set #4" class="Tests_URL" classname="Tests_URL" file="/var/www/html/test/wordpress_test/inpsyde_test/test/wp-content/plugins/plugintestslughere/tests/unit/tests/url.php" line="18" assertions="1" time="0.022319"/>
        </testsuite>
        <testcase name="test_is_ssl_by_port" class="Tests_URL" classname="Tests_URL" file="/var/www/html/test/wordpress_test/inpsyde_test/test/wp-content/plugins/plugintestslughere/tests/unit/tests/url.php" line="50" assertions="1" time="0.023649"/>
        <testcase name="test_is_ssl_with_no_value" class="Tests_URL" classname="Tests_URL" file="/var/www/html/test/wordpress_test/inpsyde_test/test/wp-content/plugins/plugintestslughere/tests/unit/tests/url.php" line="58" assertions="1" time="0.023747"/>
        <testsuite name="Tests_URL::test_admin_url" tests="11" assertions="22" errors="0" failures="0" skipped="0" time="0.247999">
          <testcase name="test_admin_url with data set #0" class="Tests_URL" classname="Tests_URL" file="/var/www/html/test/wordpress_test/inpsyde_test/test/wp-content/plugins/plugintestslughere/tests/unit/tests/url.php" line="71" assertions="2" time="0.022290"/>
          <testcase name="test_admin_url with data set #1" class="Tests_URL" classname="Tests_URL" file="/var/www/html/test/wordpress_test/inpsyde_test/test/wp-content/plugins/plugintestslughere/tests/unit/tests/url.php" line="71" assertions="2" time="0.021430"/>
          <testcase name="test_admin_url with data set #2" class="Tests_URL" classname="Tests_URL" file="/var/www/html/test/wordpress_test/inpsyde_test/test/wp-content/plugins/plugintestslughere/tests/unit/tests/url.php" line="71" assertions="2" time="0.023498"/>
          <testcase name="test_admin_url with data set #3" class="Tests_URL" classname="Tests_URL" file="/var/www/html/test/wordpress_test/inpsyde_test/test/wp-content/plugins/plugintestslughere/tests/unit/tests/url.php" line="71" assertions="2" time="0.023377"/>
          <testcase name="test_admin_url with data set #4" class="Tests_URL" classname="Tests_URL" file="/var/www/html/test/wordpress_test/inpsyde_test/test/wp-content/plugins/plugintestslughere/tests/unit/tests/url.php" line="71" assertions="2" time="0.022120"/>
          <testcase name="test_admin_url with data set #5" class="Tests_URL" classname="Tests_URL" file="/var/www/html/test/wordpress_test/inpsyde_test/test/wp-content/plugins/plugintestslughere/tests/unit/tests/url.php" line="71" assertions="2" time="0.023614"/>
          <testcase name="test_admin_url with data set #6" class="Tests_URL" classname="Tests_URL" file="/var/www/html/test/wordpress_test/inpsyde_test/test/wp-content/plugins/plugintestslughere/tests/unit/tests/url.php" line="71" assertions="2" time="0.022799"/>
          <testcase name="test_admin_url with data set #7" class="Tests_URL" classname="Tests_URL" file="/var/www/html/test/wordpress_test/inpsyde_test/test/wp-content/plugins/plugintestslughere/tests/unit/tests/url.php" line="71" assertions="2" time="0.022814"/>
          <testcase name="test_admin_url with data set #8" class="Tests_URL" classname="Tests_URL" file="/var/www/html/test/wordpress_test/inpsyde_test/test/wp-content/plugins/plugintestslughere/tests/unit/tests/url.php" line="71" assertions="2" time="0.022327"/>
          <testcase name="test_admin_url with data set #9" class="Tests_URL" classname="Tests_URL" file="/var/www/html/test/wordpress_test/inpsyde_test/test/wp-content/plugins/plugintestslughere/tests/unit/tests/url.php" line="71" assertions="2" time="0.022058"/>
          <testcase name="test_admin_url with data set #10" class="Tests_URL" classname="Tests_URL" file="/var/www/html/test/wordpress_test/inpsyde_test/test/wp-content/plugins/plugintestslughere/tests/unit/tests/url.php" line="71" assertions="2" time="0.021672"/>
        </testsuite>
        <testsuite name="Tests_URL::test_home_url" tests="11" assertions="22" errors="0" failures="0" skipped="0" time="0.250307">
          <testcase name="test_home_url with data set #0" class="Tests_URL" classname="Tests_URL" file="/var/www/html/test/wordpress_test/inpsyde_test/test/wp-content/plugins/plugintestslughere/tests/unit/tests/url.php" line="139" assertions="2" time="0.022612"/>
          <testcase name="test_home_url with data set #1" class="Tests_URL" classname="Tests_URL" file="/var/www/html/test/wordpress_test/inpsyde_test/test/wp-content/plugins/plugintestslughere/tests/unit/tests/url.php" line="139" assertions="2" time="0.022073"/>
          <testcase name="test_home_url with data set #2" class="Tests_URL" classname="Tests_URL" file="/var/www/html/test/wordpress_test/inpsyde_test/test/wp-content/plugins/plugintestslughere/tests/unit/tests/url.php" line="139" assertions="2" time="0.023821"/>
          <testcase name="test_home_url with data set #3" class="Tests_URL" classname="Tests_URL" file="/var/www/html/test/wordpress_test/inpsyde_test/test/wp-content/plugins/plugintestslughere/tests/unit/tests/url.php" line="139" assertions="2" time="0.022955"/>
          <testcase name="test_home_url with data set #4" class="Tests_URL" classname="Tests_URL" file="/var/www/html/test/wordpress_test/inpsyde_test/test/wp-content/plugins/plugintestslughere/tests/unit/tests/url.php" line="139" assertions="2" time="0.022918"/>
          <testcase name="test_home_url with data set #5" class="Tests_URL" classname="Tests_URL" file="/var/www/html/test/wordpress_test/inpsyde_test/test/wp-content/plugins/plugintestslughere/tests/unit/tests/url.php" line="139" assertions="2" time="0.022958"/>
          <testcase name="test_home_url with data set #6" class="Tests_URL" classname="Tests_URL" file="/var/www/html/test/wordpress_test/inpsyde_test/test/wp-content/plugins/plugintestslughere/tests/unit/tests/url.php" line="139" assertions="2" time="0.022442"/>
          <testcase name="test_home_url with data set #7" class="Tests_URL" classname="Tests_URL" file="/var/www/html/test/wordpress_test/inpsyde_test/test/wp-content/plugins/plugintestslughere/tests/unit/tests/url.php" line="139" assertions="2" time="0.023373"/>
          <testcase name="test_home_url with data set #8" class="Tests_URL" classname="Tests_URL" file="/var/www/html/test/wordpress_test/inpsyde_test/test/wp-content/plugins/plugintestslughere/tests/unit/tests/url.php" line="139" assertions="2" time="0.022368"/>
          <testcase name="test_home_url with data set #9" class="Tests_URL" classname="Tests_URL" file="/var/www/html/test/wordpress_test/inpsyde_test/test/wp-content/plugins/plugintestslughere/tests/unit/tests/url.php" line="139" assertions="2" time="0.023178"/>
          <testcase name="test_home_url with data set #10" class="Tests_URL" classname="Tests_URL" file="/var/www/html/test/wordpress_test/inpsyde_test/test/wp-content/plugins/plugintestslughere/tests/unit/tests/url.php" line="139" assertions="2" time="0.021610"/>
        </testsuite>
        <testcase name="test_home_url_from_admin" class="Tests_URL" classname="Tests_URL" file="/var/www/html/test/wordpress_test/inpsyde_test/test/wp-content/plugins/plugintestslughere/tests/unit/tests/url.php" line="201" assertions="9" time="0.066964"/>
        <testcase name="test_network_home_url_from_admin" class="Tests_URL" classname="Tests_URL" file="/var/www/html/test/wordpress_test/inpsyde_test/test/wp-content/plugins/plugintestslughere/tests/unit/tests/url.php" line="249" assertions="5" time="0.023494"/>
        <testcase name="test_set_url_scheme" class="Tests_URL" classname="Tests_URL" file="/var/www/html/test/wordpress_test/inpsyde_test/test/wp-content/plugins/plugintestslughere/tests/unit/tests/url.php" line="274" assertions="52" time="0.026957"/>
        <testcase name="test_get_adjacent_post" class="Tests_URL" classname="Tests_URL" file="/var/www/html/test/wordpress_test/inpsyde_test/test/wp-content/plugins/plugintestslughere/tests/unit/tests/url.php" line="338" assertions="6" time="0.103151"/>
        <testcase name="test_get_adjacent_post_should_return_private_posts_belonging_to_the_current_user" class="Tests_URL" classname="Tests_URL" file="/var/www/html/test/wordpress_test/inpsyde_test/test/wp-content/plugins/plugintestslughere/tests/unit/tests/url.php" line="373" assertions="1" time="0.219391"/>
        <testcase name="test_get_adjacent_post_should_return_private_posts_belonging_to_other_users_if_the_current_user_can_read_private_posts" class="Tests_URL" classname="Tests_URL" file="/var/www/html/test/wordpress_test/inpsyde_test/test/wp-content/plugins/plugintestslughere/tests/unit/tests/url.php" line="410" assertions="1" time="0.198567"/>
        <testcase name="test_get_adjacent_post_should_not_return_private_posts_belonging_to_other_users_if_the_current_user_cannot_read_private_posts" class="Tests_URL" classname="Tests_URL" file="/var/www/html/test/wordpress_test/inpsyde_test/test/wp-content/plugins/plugintestslughere/tests/unit/tests/url.php" line="448" assertions="1" time="0.241397"/>
        <testcase name="test_url_functions_for_dots_in_paths" class="Tests_URL" classname="Tests_URL" file="/var/www/html/test/wordpress_test/inpsyde_test/test/wp-content/plugins/plugintestslughere/tests/unit/tests/url.php" line="494" assertions="26" time="0.039565"/>
      </testsuite>
      <testsuite name="Tests_Url_GetPrivacyPolicyUrl" file="/var/www/html/test/wordpress_test/inpsyde_test/test/wp-content/plugins/plugintestslughere/tests/unit/tests/url/getPrivacyPolicyUrl.php" tests="5" assertions="5" errors="0" failures="0" skipped="0" time="0.291147">
        <testcase name="test_get_privacy_policy_url_should_return_empty_string_when_policy_page_not_set" class="Tests_Url_GetPrivacyPolicyUrl" classname="Tests_Url_GetPrivacyPolicyUrl" file="/var/www/html/test/wordpress_test/inpsyde_test/test/wp-content/plugins/plugintestslughere/tests/unit/tests/url/getPrivacyPolicyUrl.php" line="53" assertions="1" time="0.042749"/>
        <testcase name="test_get_privacy_policy_url_should_return_valid_url_when_policy_page_set" class="Tests_Url_GetPrivacyPolicyUrl" classname="Tests_Url_GetPrivacyPolicyUrl" file="/var/www/html/test/wordpress_test/inpsyde_test/test/wp-content/plugins/plugintestslughere/tests/unit/tests/url/getPrivacyPolicyUrl.php" line="60" assertions="1" time="0.084095"/>
        <testcase name="test_get_privacy_policy_url_should_return_empty_when_privacy_policy_page_not_set" class="Tests_Url_GetPrivacyPolicyUrl" classname="Tests_Url_GetPrivacyPolicyUrl" file="/var/www/html/test/wordpress_test/inpsyde_test/test/wp-content/plugins/plugintestslughere/tests/unit/tests/url/getPrivacyPolicyUrl.php" line="70" assertions="1" time="0.027648"/>
        <testcase name="test_get_privacy_policy_url_should_return_empty_for_non_existing_page" class="Tests_Url_GetPrivacyPolicyUrl" classname="Tests_Url_GetPrivacyPolicyUrl" file="/var/www/html/test/wordpress_test/inpsyde_test/test/wp-content/plugins/plugintestslughere/tests/unit/tests/url/getPrivacyPolicyUrl.php" line="77" assertions="1" time="0.070344"/>
        <testcase name="test_get_privacy_policy_url_should_be_filterable" class="Tests_Url_GetPrivacyPolicyUrl" classname="Tests_Url_GetPrivacyPolicyUrl" file="/var/www/html/test/wordpress_test/inpsyde_test/test/wp-content/plugins/plugintestslughere/tests/unit/tests/url/getPrivacyPolicyUrl.php" line="86" assertions="1" time="0.066311"/>
      </testsuite>
      <testsuite name="Tests_User" file="/var/www/html/test/wordpress_test/inpsyde_test/test/wp-content/plugins/plugintestslughere/tests/unit/tests/user.php" tests="80" assertions="293" errors="0" failures="0" skipped="0" time="6.518181">
        <testcase name="test_get_users_of_blog" class="Tests_User" classname="Tests_User" file="/var/www/html/test/wordpress_test/inpsyde_test/test/wp-content/plugins/plugintestslughere/tests/unit/tests/user.php" line="69" assertions="1" time="0.041619"/>
        <testcase name="test_user_option" class="Tests_User" classname="Tests_User" file="/var/www/html/test/wordpress_test/inpsyde_test/test/wp-content/plugins/plugintestslughere/tests/unit/tests/user.php" line="95" assertions="3" time="0.088528"/>
        <testcase name="test_usermeta" class="Tests_User" classname="Tests_User" file="/var/www/html/test/wordpress_test/inpsyde_test/test/wp-content/plugins/plugintestslughere/tests/unit/tests/user.php" line="115" assertions="6" time="0.076721"/>
        <testcase name="test_usermeta_array" class="Tests_User" classname="Tests_User" file="/var/www/html/test/wordpress_test/inpsyde_test/test/wp-content/plugins/plugintestslughere/tests/unit/tests/user.php" line="149" assertions="7" time="0.088181"/>
        <testcase name="test_user_properties" class="Tests_User" classname="Tests_User" file="/var/www/html/test/wordpress_test/inpsyde_test/test/wp-content/plugins/plugintestslughere/tests/unit/tests/user.php" line="189" assertions="21" time="0.024927"/>
        <testcase name="test_user_unset" class="Tests_User" classname="Tests_User" file="/var/www/html/test/wordpress_test/inpsyde_test/test/wp-content/plugins/plugintestslughere/tests/unit/tests/user.php" line="213" assertions="2" time="0.024119"/>
        <testcase name="test_user_unset_lowercase_id" class="Tests_User" classname="Tests_User" file="/var/www/html/test/wordpress_test/inpsyde_test/test/wp-content/plugins/plugintestslughere/tests/unit/tests/user.php" line="233" assertions="2" time="0.023645"/>
        <testcase name="test_user_unset_uppercase_id" class="Tests_User" classname="Tests_User" file="/var/www/html/test/wordpress_test/inpsyde_test/test/wp-content/plugins/plugintestslughere/tests/unit/tests/user.php" line="246" assertions="2" time="0.023076"/>
        <testcase name="test_user_meta_properties" class="Tests_User" classname="Tests_User" file="/var/www/html/test/wordpress_test/inpsyde_test/test/wp-content/plugins/plugintestslughere/tests/unit/tests/user.php" line="255" assertions="2" time="0.077663"/>
        <testcase name="test_id_property_back_compat" class="Tests_User" classname="Tests_User" file="/var/www/html/test/wordpress_test/inpsyde_test/test/wp-content/plugins/plugintestslughere/tests/unit/tests/user.php" line="268" assertions="4" time="0.032163"/>
        <testcase name="test_user_level_property_back_compat" class="Tests_User" classname="Tests_User" file="/var/www/html/test/wordpress_test/inpsyde_test/test/wp-content/plugins/plugintestslughere/tests/unit/tests/user.php" line="280" assertions="10" time="0.036624"/>
        <testcase name="test_construction" class="Tests_User" classname="Tests_User" file="/var/www/html/test/wordpress_test/inpsyde_test/test/wp-content/plugins/plugintestslughere/tests/unit/tests/user.php" line="297" assertions="21" time="0.026823"/>
        <testcase name="test_get" class="Tests_User" classname="Tests_User" file="/var/www/html/test/wordpress_test/inpsyde_test/test/wp-content/plugins/plugintestslughere/tests/unit/tests/user.php" line="336" assertions="5" time="0.068068"/>
        <testcase name="test_has_prop" class="Tests_User" classname="Tests_User" file="/var/www/html/test/wordpress_test/inpsyde_test/test/wp-content/plugins/plugintestslughere/tests/unit/tests/user.php" line="347" assertions="4" time="0.131367"/>
        <testcase name="test_update_user" class="Tests_User" classname="Tests_User" file="/var/www/html/test/wordpress_test/inpsyde_test/test/wp-content/plugins/plugintestslughere/tests/unit/tests/user.php" line="357" assertions="16" time="0.153888"/>
        <testcase name="test_global_userdata" class="Tests_User" classname="Tests_User" file="/var/www/html/test/wordpress_test/inpsyde_test/test/wp-content/plugins/plugintestslughere/tests/unit/tests/user.php" line="415" assertions="4" time="0.037881"/>
        <testcase name="test_global_userdata_is_null_when_logged_out" class="Tests_User" classname="Tests_User" file="/var/www/html/test/wordpress_test/inpsyde_test/test/wp-content/plugins/plugintestslughere/tests/unit/tests/user.php" line="431" assertions="1" time="0.023980"/>
        <testcase name="test_exists" class="Tests_User" classname="Tests_User" file="/var/www/html/test/wordpress_test/inpsyde_test/test/wp-content/plugins/plugintestslughere/tests/unit/tests/user.php" line="437" assertions="3" time="0.024306"/>
        <testcase name="test_global_authordata" class="Tests_User" classname="Tests_User" file="/var/www/html/test/wordpress_test/inpsyde_test/test/wp-content/plugins/plugintestslughere/tests/unit/tests/user.php" line="451" assertions="4" time="0.088554"/>
        <testcase name="test_get_userdata" class="Tests_User" classname="Tests_User" file="/var/www/html/test/wordpress_test/inpsyde_test/test/wp-content/plugins/plugintestslughere/tests/unit/tests/user.php" line="484" assertions="4" time="0.035898"/>
        <testcase name="test_user_get_data_by_id" class="Tests_User" classname="Tests_User" file="/var/www/html/test/wordpress_test/inpsyde_test/test/wp-content/plugins/plugintestslughere/tests/unit/tests/user.php" line="494" assertions="9" time="0.031039"/>
        <testcase name="test_user_get_data_by_ID_should_alias_to_id" class="Tests_User" classname="Tests_User" file="/var/www/html/test/wordpress_test/inpsyde_test/test/wp-content/plugins/plugintestslughere/tests/unit/tests/user.php" line="525" assertions="1" time="0.027488"/>
        <testcase name="test_count_many_users_posts" class="Tests_User" classname="Tests_User" file="/var/www/html/test/wordpress_test/inpsyde_test/test/wp-content/plugins/plugintestslughere/tests/unit/tests/user.php" line="533" assertions="8" time="0.211748"/>
        <testcase name="test_wp_update_user_on_nonexistent_users" class="Tests_User" classname="Tests_User" file="/var/www/html/test/wordpress_test/inpsyde_test/test/wp-content/plugins/plugintestslughere/tests/unit/tests/user.php" line="566" assertions="1" time="0.025559"/>
        <testcase name="test_wp_update_user_should_not_change_password_when_passed_WP_User_instance" class="Tests_User" classname="Tests_User" file="/var/www/html/test/wordpress_test/inpsyde_test/test/wp-content/plugins/plugintestslughere/tests/unit/tests/user.php" line="580" assertions="1" time="0.072419"/>
        <testcase name="test_wp_update_user_should_not_mark_user_as_spam_on_single_site" class="Tests_User" classname="Tests_User" file="/var/www/html/test/wordpress_test/inpsyde_test/test/wp-content/plugins/plugintestslughere/tests/unit/tests/user.php" line="595" assertions="3" time="0.076882"/>
        <testcase name="test_user_meta_error" class="Tests_User" classname="Tests_User" file="/var/www/html/test/wordpress_test/inpsyde_test/test/wp-content/plugins/plugintestslughere/tests/unit/tests/user.php" line="619" assertions="2" time="0.142760"/>
        <testcase name="test_user_update_email_error" class="Tests_User" classname="Tests_User" file="/var/www/html/test/wordpress_test/inpsyde_test/test/wp-content/plugins/plugintestslughere/tests/unit/tests/user.php" line="650" assertions="3" time="0.197809"/>
        <testsuite name="Tests_User::test_illegal_user_logins_single" tests="2" assertions="6" errors="0" failures="0" skipped="0" time="0.252190">
          <testcase name="test_illegal_user_logins_single with data set #0" class="Tests_User" classname="Tests_User" file="/var/www/html/test/wordpress_test/inpsyde_test/test/wp-content/plugins/plugintestslughere/tests/unit/tests/user.php" line="695" assertions="3" time="0.120304"/>
          <testcase name="test_illegal_user_logins_single with data set #1" class="Tests_User" classname="Tests_User" file="/var/www/html/test/wordpress_test/inpsyde_test/test/wp-content/plugins/plugintestslughere/tests/unit/tests/user.php" line="695" assertions="3" time="0.131886"/>
        </testsuite>
        <testsuite name="Tests_User::test_illegal_user_logins_single_wp_create_user" tests="2" assertions="6" errors="0" failures="0" skipped="0" time="0.307590">
          <testcase name="test_illegal_user_logins_single_wp_create_user with data set #0" class="Tests_User" classname="Tests_User" file="/var/www/html/test/wordpress_test/inpsyde_test/test/wp-content/plugins/plugintestslughere/tests/unit/tests/user.php" line="719" assertions="3" time="0.175253"/>
          <testcase name="test_illegal_user_logins_single_wp_create_user with data set #1" class="Tests_User" classname="Tests_User" file="/var/www/html/test/wordpress_test/inpsyde_test/test/wp-content/plugins/plugintestslughere/tests/unit/tests/user.php" line="719" assertions="3" time="0.132337"/>
        </testsuite>
        <testcase name="test_validate_username_string" class="Tests_User" classname="Tests_User" file="/var/www/html/test/wordpress_test/inpsyde_test/test/wp-content/plugins/plugintestslughere/tests/unit/tests/user.php" line="777" assertions="2" time="0.023016"/>
        <testcase name="test_validate_username_contains_uppercase_letters" class="Tests_User" classname="Tests_User" file="/var/www/html/test/wordpress_test/inpsyde_test/test/wp-content/plugins/plugintestslughere/tests/unit/tests/user.php" line="785" assertions="1" time="0.022150"/>
        <testcase name="test_validate_username_empty" class="Tests_User" classname="Tests_User" file="/var/www/html/test/wordpress_test/inpsyde_test/test/wp-content/plugins/plugintestslughere/tests/unit/tests/user.php" line="796" assertions="1" time="0.022838"/>
        <testcase name="test_validate_username_invalid" class="Tests_User" classname="Tests_User" file="/var/www/html/test/wordpress_test/inpsyde_test/test/wp-content/plugins/plugintestslughere/tests/unit/tests/user.php" line="803" assertions="1" time="0.021728"/>
        <testcase name="test_wp_insert_user_should_not_wipe_existing_password" class="Tests_User" classname="Tests_User" file="/var/www/html/test/wordpress_test/inpsyde_test/test/wp-content/plugins/plugintestslughere/tests/unit/tests/user.php" line="810" assertions="2" time="0.106017"/>
        <testcase name="test_wp_insert_user_should_sanitize_user_nicename_parameter" class="Tests_User" classname="Tests_User" file="/var/www/html/test/wordpress_test/inpsyde_test/test/wp-content/plugins/plugintestslughere/tests/unit/tests/user.php" line="832" assertions="1" time="0.076645"/>
        <testcase name="test_wp_insert_user_should_accept_user_login_with_60_characters" class="Tests_User" classname="Tests_User" file="/var/www/html/test/wordpress_test/inpsyde_test/test/wp-content/plugins/plugintestslughere/tests/unit/tests/user.php" line="847" assertions="3" time="0.121407"/>
        <testcase name="test_wp_insert_user_should_reject_user_login_over_60_characters" class="Tests_User" classname="Tests_User" file="/var/www/html/test/wordpress_test/inpsyde_test/test/wp-content/plugins/plugintestslughere/tests/unit/tests/user.php" line="868" assertions="2" time="0.065222"/>
        <testcase name="test_wp_insert_user_should_reject_user_nicename_over_50_characters" class="Tests_User" classname="Tests_User" file="/var/www/html/test/wordpress_test/inpsyde_test/test/wp-content/plugins/plugintestslughere/tests/unit/tests/user.php" line="886" assertions="2" time="0.048428"/>
        <testcase name="test_wp_insert_user_should_not_generate_user_nicename_longer_than_50_chars" class="Tests_User" classname="Tests_User" file="/var/www/html/test/wordpress_test/inpsyde_test/test/wp-content/plugins/plugintestslughere/tests/unit/tests/user.php" line="904" assertions="2" time="0.115756"/>
        <testcase name="test_wp_insert_user_should_not_truncate_to_a_duplicate_user_nicename" class="Tests_User" classname="Tests_User" file="/var/www/html/test/wordpress_test/inpsyde_test/test/wp-content/plugins/plugintestslughere/tests/unit/tests/user.php" line="923" assertions="3" time="0.197376"/>
        <testcase name="test_wp_insert_user_should_not_truncate_to_a_duplicate_user_nicename_when_suffix_has_more_than_one_character" class="Tests_User" classname="Tests_User" file="/var/www/html/test/wordpress_test/inpsyde_test/test/wp-content/plugins/plugintestslughere/tests/unit/tests/user.php" line="953" assertions="6" time="0.308206"/>
        <testcase name="test_wp_insert_user_with_invalid_user_id" class="Tests_User" classname="Tests_User" file="/var/www/html/test/wordpress_test/inpsyde_test/test/wp-content/plugins/plugintestslughere/tests/unit/tests/user.php" line="989" assertions="2" time="0.026649"/>
        <testcase name="test_wp_insert_user_with_empty_data" class="Tests_User" classname="Tests_User" file="/var/www/html/test/wordpress_test/inpsyde_test/test/wp-content/plugins/plugintestslughere/tests/unit/tests/user.php" line="1009" assertions="2" time="0.040133"/>
        <testcase name="test_wp_update_user_should_delete_userslugs_cache" class="Tests_User" classname="Tests_User" file="/var/www/html/test/wordpress_test/inpsyde_test/test/wp-content/plugins/plugintestslughere/tests/unit/tests/user.php" line="1023" assertions="2" time="0.107487"/>
        <testcase name="test_changing_email_invalidates_password_reset_key" class="Tests_User" classname="Tests_User" file="/var/www/html/test/wordpress_test/inpsyde_test/test/wp-content/plugins/plugintestslughere/tests/unit/tests/user.php" line="1039" assertions="3" time="0.109819"/>
        <testcase name="test_changing_password_invalidates_password_reset_key" class="Tests_User" classname="Tests_User" file="/var/www/html/test/wordpress_test/inpsyde_test/test/wp-content/plugins/plugintestslughere/tests/unit/tests/user.php" line="1071" assertions="2" time="0.120727"/>
        <testcase name="test_search_users_login" class="Tests_User" classname="Tests_User" file="/var/www/html/test/wordpress_test/inpsyde_test/test/wp-content/plugins/plugintestslughere/tests/unit/tests/user.php" line="1091" assertions="1" time="0.044198"/>
        <testcase name="test_search_users_url" class="Tests_User" classname="Tests_User" file="/var/www/html/test/wordpress_test/inpsyde_test/test/wp-content/plugins/plugintestslughere/tests/unit/tests/user.php" line="1102" assertions="1" time="0.031015"/>
        <testcase name="test_search_users_email" class="Tests_User" classname="Tests_User" file="/var/www/html/test/wordpress_test/inpsyde_test/test/wp-content/plugins/plugintestslughere/tests/unit/tests/user.php" line="1113" assertions="1" time="0.028681"/>
        <testcase name="test_search_users_nicename" class="Tests_User" classname="Tests_User" file="/var/www/html/test/wordpress_test/inpsyde_test/test/wp-content/plugins/plugintestslughere/tests/unit/tests/user.php" line="1124" assertions="1" time="0.026327"/>
        <testcase name="test_search_users_display_name" class="Tests_User" classname="Tests_User" file="/var/www/html/test/wordpress_test/inpsyde_test/test/wp-content/plugins/plugintestslughere/tests/unit/tests/user.php" line="1135" assertions="1" time="0.024598"/>
        <testcase name="test_email_case" class="Tests_User" classname="Tests_User" file="/var/www/html/test/wordpress_test/inpsyde_test/test/wp-content/plugins/plugintestslughere/tests/unit/tests/user.php" line="1149" assertions="1" time="0.073504"/>
        <testcase name="test_email_change" class="Tests_User" classname="Tests_User" file="/var/www/html/test/wordpress_test/inpsyde_test/test/wp-content/plugins/plugintestslughere/tests/unit/tests/user.php" line="1163" assertions="2" time="0.089175"/>
        <testsuite name="Tests_User::test_wp_new_user_notification" tests="5" assertions="10" errors="0" failures="0" skipped="0" time="0.262726">
          <testcase name="test_wp_new_user_notification with data set #0" class="Tests_User" classname="Tests_User" file="/var/www/html/test/wordpress_test/inpsyde_test/test/wp-content/plugins/plugintestslughere/tests/unit/tests/user.php" line="1186" assertions="2" time="0.024879"/>
          <testcase name="test_wp_new_user_notification with data set #1" class="Tests_User" classname="Tests_User" file="/var/www/html/test/wordpress_test/inpsyde_test/test/wp-content/plugins/plugintestslughere/tests/unit/tests/user.php" line="1186" assertions="2" time="0.025867"/>
          <testcase name="test_wp_new_user_notification with data set #2" class="Tests_User" classname="Tests_User" file="/var/www/html/test/wordpress_test/inpsyde_test/test/wp-content/plugins/plugintestslughere/tests/unit/tests/user.php" line="1186" assertions="2" time="0.091309"/>
          <testcase name="test_wp_new_user_notification with data set #3" class="Tests_User" classname="Tests_User" file="/var/www/html/test/wordpress_test/inpsyde_test/test/wp-content/plugins/plugintestslughere/tests/unit/tests/user.php" line="1186" assertions="2" time="0.098226"/>
          <testcase name="test_wp_new_user_notification with data set #4" class="Tests_User" classname="Tests_User" file="/var/www/html/test/wordpress_test/inpsyde_test/test/wp-content/plugins/plugintestslughere/tests/unit/tests/user.php" line="1186" assertions="2" time="0.022445"/>
        </testsuite>
        <testcase name="test_wp_new_user_notification_old_signature_throws_deprecated_warning_but_sends" class="Tests_User" classname="Tests_User" file="/var/www/html/test/wordpress_test/inpsyde_test/test/wp-content/plugins/plugintestslughere/tests/unit/tests/user.php" line="1266" assertions="3" time="0.098498"/>
        <testcase name="test_wp_new_user_notification_old_signature_no_password" class="Tests_User" classname="Tests_User" file="/var/www/html/test/wordpress_test/inpsyde_test/test/wp-content/plugins/plugintestslughere/tests/unit/tests/user.php" line="1291" assertions="2" time="0.044464"/>
        <testcase name="test_new_admin_email_notification_html_entities_decoded" class="Tests_User" classname="Tests_User" file="/var/www/html/test/wordpress_test/inpsyde_test/test/wp-content/plugins/plugintestslughere/tests/unit/tests/user.php" line="1316" assertions="3" time="0.075598"/>
        <testsuite name="Tests_User::test_new_admin_email_confirmation_not_sent_when_email_invalid" tests="2" assertions="2" errors="0" failures="0" skipped="0" time="0.059374">
          <testcase name="test_new_admin_email_confirmation_not_sent_when_email_invalid with data set #0" class="Tests_User" classname="Tests_User" file="/var/www/html/test/wordpress_test/inpsyde_test/test/wp-content/plugins/plugintestslughere/tests/unit/tests/user.php" line="1349" assertions="1" time="0.031321"/>
          <testcase name="test_new_admin_email_confirmation_not_sent_when_email_invalid with data set #1" class="Tests_User" classname="Tests_User" file="/var/www/html/test/wordpress_test/inpsyde_test/test/wp-content/plugins/plugintestslughere/tests/unit/tests/user.php" line="1349" assertions="1" time="0.028053"/>
        </testsuite>
        <testsuite name="Tests_User::test_profile_email_confirmation_not_sent_invalid_email" tests="3" assertions="3" errors="0" failures="0" skipped="0" time="0.553606">
          <testcase name="test_profile_email_confirmation_not_sent_invalid_email with data set #0" class="Tests_User" classname="Tests_User" file="/var/www/html/test/wordpress_test/inpsyde_test/test/wp-content/plugins/plugintestslughere/tests/unit/tests/user.php" line="1390" assertions="1" time="0.169111"/>
          <testcase name="test_profile_email_confirmation_not_sent_invalid_email with data set #1" class="Tests_User" classname="Tests_User" file="/var/www/html/test/wordpress_test/inpsyde_test/test/wp-content/plugins/plugintestslughere/tests/unit/tests/user.php" line="1390" assertions="1" time="0.196881"/>
          <testcase name="test_profile_email_confirmation_not_sent_invalid_email with data set #2" class="Tests_User" classname="Tests_User" file="/var/www/html/test/wordpress_test/inpsyde_test/test/wp-content/plugins/plugintestslughere/tests/unit/tests/user.php" line="1390" assertions="1" time="0.187614"/>
        </testsuite>
        <testcase name="test_edit_user_blank_pw" class="Tests_User" classname="Tests_User" file="/var/www/html/test/wordpress_test/inpsyde_test/test/wp-content/plugins/plugintestslughere/tests/unit/tests/user.php" line="1455" assertions="12" time="0.164016"/>
        <testcase name="test_send_confirmation_on_profile_email" class="Tests_User" classname="Tests_User" file="/var/www/html/test/wordpress_test/inpsyde_test/test/wp-content/plugins/plugintestslughere/tests/unit/tests/user.php" line="1524" assertions="3" time="0.143055"/>
        <testcase name="test_remove_send_confirmation_on_profile_email" class="Tests_User" classname="Tests_User" file="/var/www/html/test/wordpress_test/inpsyde_test/test/wp-content/plugins/plugintestslughere/tests/unit/tests/user.php" line="1559" assertions="3" time="0.131640"/>
        <testcase name="test_send_confirmation_on_profile_email_html_entities_decoded" class="Tests_User" classname="Tests_User" file="/var/www/html/test/wordpress_test/inpsyde_test/test/wp-content/plugins/plugintestslughere/tests/unit/tests/user.php" line="1599" assertions="3" time="0.121514"/>
        <testcase name="test_edit_user_role_update" class="Tests_User" classname="Tests_User" file="/var/www/html/test/wordpress_test/inpsyde_test/test/wp-content/plugins/plugintestslughere/tests/unit/tests/user.php" line="1635" assertions="4" time="0.251941"/>
        <testcase name="test_wp_user_personal_data_exporter_no_user" class="Tests_User" classname="Tests_User" file="/var/www/html/test/wordpress_test/inpsyde_test/test/wp-content/plugins/plugintestslughere/tests/unit/tests/user.php" line="1678" assertions="1" time="0.024072"/>
        <testcase name="test_wp_user_personal_data_exporter" class="Tests_User" classname="Tests_User" file="/var/www/html/test/wordpress_test/inpsyde_test/test/wp-content/plugins/plugintestslughere/tests/unit/tests/user.php" line="1695" assertions="3" time="0.026288"/>
        <testcase name="test_wp_community_events_location_ip_personal_data_exporter" class="Tests_User" classname="Tests_User" file="/var/www/html/test/wordpress_test/inpsyde_test/test/wp-content/plugins/plugintestslughere/tests/unit/tests/user.php" line="1715" assertions="4" time="0.069387"/>
        <testcase name="test_wp_community_events_location_city_personal_data_exporter" class="Tests_User" classname="Tests_User" file="/var/www/html/test/wordpress_test/inpsyde_test/test/wp-content/plugins/plugintestslughere/tests/unit/tests/user.php" line="1739" assertions="10" time="0.065842"/>
        <testcase name="test_wp_session_tokens_personal_data_exporter" class="Tests_User" classname="Tests_User" file="/var/www/html/test/wordpress_test/inpsyde_test/test/wp-content/plugins/plugintestslughere/tests/unit/tests/user.php" line="1781" assertions="10" time="0.077268"/>
        <testcase name="test_filter_wp_privacy_additional_user_profile_data" class="Tests_User" classname="Tests_User" file="/var/www/html/test/wordpress_test/inpsyde_test/test/wp-content/plugins/plugintestslughere/tests/unit/tests/user.php" line="1825" assertions="10" time="0.024276"/>
      </testsuite>
      <testsuite name="Tests_User_Author_Template" file="/var/www/html/test/wordpress_test/inpsyde_test/test/wp-content/plugins/plugintestslughere/tests/unit/tests/user/author.php" tests="7" assertions="26" errors="0" failures="0" skipped="0" time="1.513266">
        <testcase name="test_get_the_author" class="Tests_User_Author_Template" classname="Tests_User_Author_Template" file="/var/www/html/test/wordpress_test/inpsyde_test/test/wp-content/plugins/plugintestslughere/tests/unit/tests/user/author.php" line="46" assertions="2" time="0.023280"/>
        <testcase name="test_get_the_author_meta" class="Tests_User_Author_Template" classname="Tests_User_Author_Template" file="/var/www/html/test/wordpress_test/inpsyde_test/test/wp-content/plugins/plugintestslughere/tests/unit/tests/user/author.php" line="54" assertions="12" time="0.071793"/>
        <testcase name="test_get_the_author_meta_no_authordata" class="Tests_User_Author_Template" classname="Tests_User_Author_Template" file="/var/www/html/test/wordpress_test/inpsyde_test/test/wp-content/plugins/plugintestslughere/tests/unit/tests/user/author.php" line="75" assertions="3" time="0.026081"/>
        <testcase name="test_get_the_author_posts" class="Tests_User_Author_Template" classname="Tests_User_Author_Template" file="/var/www/html/test/wordpress_test/inpsyde_test/test/wp-content/plugins/plugintestslughere/tests/unit/tests/user/author.php" line="82" assertions="2" time="0.073910"/>
        <testcase name="test_get_the_author_posts_with_custom_post_type" class="Tests_User_Author_Template" classname="Tests_User_Author_Template" file="/var/www/html/test/wordpress_test/inpsyde_test/test/wp-content/plugins/plugintestslughere/tests/unit/tests/user/author.php" line="92" assertions="1" time="1.021702"/>
        <testcase name="test_get_the_author_posts_link_no_permalinks" class="Tests_User_Author_Template" classname="Tests_User_Author_Template" file="/var/www/html/test/wordpress_test/inpsyde_test/test/wp-content/plugins/plugintestslughere/tests/unit/tests/user/author.php" line="112" assertions="3" time="0.154343"/>
        <testcase name="test_get_the_author_posts_link_with_permalinks" class="Tests_User_Author_Template" classname="Tests_User_Author_Template" file="/var/www/html/test/wordpress_test/inpsyde_test/test/wp-content/plugins/plugintestslughere/tests/unit/tests/user/author.php" line="136" assertions="3" time="0.142157"/>
      </testsuite>
      <testsuite name="Tests_User_Capabilities" file="/var/www/html/test/wordpress_test/inpsyde_test/test/wp-content/plugins/plugintestslughere/tests/unit/tests/user/capabilities.php" tests="142" assertions="2566" errors="0" failures="0" skipped="0" time="8.407150">
        <testcase name="test_single_and_multisite_cap_tests_match" class="Tests_User_Capabilities" classname="Tests_User_Capabilities" file="/var/www/html/test/wordpress_test/inpsyde_test/test/wp-content/plugins/plugintestslughere/tests/unit/tests/user/capabilities.php" line="340" assertions="2" time="0.027645"/>
        <testcase name="test_all_caps_of_users_are_being_tested" class="Tests_User_Capabilities" classname="Tests_User_Capabilities" file="/var/www/html/test/wordpress_test/inpsyde_test/test/wp-content/plugins/plugintestslughere/tests/unit/tests/user/capabilities.php" line="357" assertions="12" time="0.027297"/>
        <testcase name="testPrimitiveCapsTestsAreCorrect" class="Tests_User_Capabilities" classname="Tests_User_Capabilities" file="/var/www/html/test/wordpress_test/inpsyde_test/test/wp-content/plugins/plugintestslughere/tests/unit/tests/user/capabilities.php" line="394" assertions="2" time="0.024014"/>
        <testcase name="testMetaCapsTestsAreCorrect" class="Tests_User_Capabilities" classname="Tests_User_Capabilities" file="/var/www/html/test/wordpress_test/inpsyde_test/test/wp-content/plugins/plugintestslughere/tests/unit/tests/user/capabilities.php" line="435" assertions="6" time="0.027125"/>
        <testcase name="test_all_roles_and_caps" class="Tests_User_Capabilities" classname="Tests_User_Capabilities" file="/var/www/html/test/wordpress_test/inpsyde_test/test/wp-content/plugins/plugintestslughere/tests/unit/tests/user/capabilities.php" line="515" assertions="986" time="0.098631"/>
        <testcase name="test_do_not_allow_is_denied_for_all_roles" class="Tests_User_Capabilities" classname="Tests_User_Capabilities" file="/var/www/html/test/wordpress_test/inpsyde_test/test/wp-content/plugins/plugintestslughere/tests/unit/tests/user/capabilities.php" line="550" assertions="15" time="0.132532"/>
        <testcase name="test_link_manager_caps" class="Tests_User_Capabilities" classname="Tests_User_Capabilities" file="/var/www/html/test/wordpress_test/inpsyde_test/test/wp-content/plugins/plugintestslughere/tests/unit/tests/user/capabilities.php" line="601" assertions="23" time="0.075977"/>
        <testcase name="test_unfiltered_upload_caps" class="Tests_User_Capabilities" classname="Tests_User_Capabilities" file="/var/www/html/test/wordpress_test/inpsyde_test/test/wp-content/plugins/plugintestslughere/tests/unit/tests/user/capabilities.php" line="639" assertions="11" time="0.034134"/>
        <testsuite name="Tests_User_Capabilities::test_user_can_edit_comment_on_own_post" tests="5" assertions="5" errors="0" failures="0" skipped="0" time="0.711601">
          <testcase name="test_user_can_edit_comment_on_own_post with data set #0" class="Tests_User_Capabilities" classname="Tests_User_Capabilities" file="/var/www/html/test/wordpress_test/inpsyde_test/test/wp-content/plugins/plugintestslughere/tests/unit/tests/user/capabilities.php" line="656" assertions="1" time="0.106922"/>
          <testcase name="test_user_can_edit_comment_on_own_post with data set #1" class="Tests_User_Capabilities" classname="Tests_User_Capabilities" file="/var/www/html/test/wordpress_test/inpsyde_test/test/wp-content/plugins/plugintestslughere/tests/unit/tests/user/capabilities.php" line="656" assertions="1" time="0.175897"/>
          <testcase name="test_user_can_edit_comment_on_own_post with data set #2" class="Tests_User_Capabilities" classname="Tests_User_Capabilities" file="/var/www/html/test/wordpress_test/inpsyde_test/test/wp-content/plugins/plugintestslughere/tests/unit/tests/user/capabilities.php" line="656" assertions="1" time="0.098624"/>
          <testcase name="test_user_can_edit_comment_on_own_post with data set #3" class="Tests_User_Capabilities" classname="Tests_User_Capabilities" file="/var/www/html/test/wordpress_test/inpsyde_test/test/wp-content/plugins/plugintestslughere/tests/unit/tests/user/capabilities.php" line="656" assertions="1" time="0.165032"/>
          <testcase name="test_user_can_edit_comment_on_own_post with data set #4" class="Tests_User_Capabilities" classname="Tests_User_Capabilities" file="/var/www/html/test/wordpress_test/inpsyde_test/test/wp-content/plugins/plugintestslughere/tests/unit/tests/user/capabilities.php" line="656" assertions="1" time="0.165126"/>
        </testsuite>
        <testsuite name="Tests_User_Capabilities::test_user_can_edit_comment_on_others_post" tests="5" assertions="5" errors="0" failures="0" skipped="0" time="0.845748">
          <testcase name="test_user_can_edit_comment_on_others_post with data set #0" class="Tests_User_Capabilities" classname="Tests_User_Capabilities" file="/var/www/html/test/wordpress_test/inpsyde_test/test/wp-content/plugins/plugintestslughere/tests/unit/tests/user/capabilities.php" line="679" assertions="1" time="0.209096"/>
          <testcase name="test_user_can_edit_comment_on_others_post with data set #1" class="Tests_User_Capabilities" classname="Tests_User_Capabilities" file="/var/www/html/test/wordpress_test/inpsyde_test/test/wp-content/plugins/plugintestslughere/tests/unit/tests/user/capabilities.php" line="679" assertions="1" time="0.154150"/>
          <testcase name="test_user_can_edit_comment_on_others_post with data set #2" class="Tests_User_Capabilities" classname="Tests_User_Capabilities" file="/var/www/html/test/wordpress_test/inpsyde_test/test/wp-content/plugins/plugintestslughere/tests/unit/tests/user/capabilities.php" line="679" assertions="1" time="0.163897"/>
          <testcase name="test_user_can_edit_comment_on_others_post with data set #3" class="Tests_User_Capabilities" classname="Tests_User_Capabilities" file="/var/www/html/test/wordpress_test/inpsyde_test/test/wp-content/plugins/plugintestslughere/tests/unit/tests/user/capabilities.php" line="679" assertions="1" time="0.165910"/>
          <testcase name="test_user_can_edit_comment_on_others_post with data set #4" class="Tests_User_Capabilities" classname="Tests_User_Capabilities" file="/var/www/html/test/wordpress_test/inpsyde_test/test/wp-content/plugins/plugintestslughere/tests/unit/tests/user/capabilities.php" line="679" assertions="1" time="0.152695"/>
        </testsuite>
        <testcase name="test_bogus_role" class="Tests_User_Capabilities" classname="Tests_User_Capabilities" file="/var/www/html/test/wordpress_test/inpsyde_test/test/wp-content/plugins/plugintestslughere/tests/unit/tests/user/capabilities.php" line="757" assertions="196" time="0.142657"/>
        <testcase name="test_user_subscriber_contributor" class="Tests_User_Capabilities" classname="Tests_User_Capabilities" file="/var/www/html/test/wordpress_test/inpsyde_test/test/wp-content/plugins/plugintestslughere/tests/unit/tests/user/capabilities.php" line="777" assertions="197" time="0.088698"/>
        <testcase name="test_add_empty_role" class="Tests_User_Capabilities" classname="Tests_User_Capabilities" file="/var/www/html/test/wordpress_test/inpsyde_test/test/wp-content/plugins/plugintestslughere/tests/unit/tests/user/capabilities.php" line="809" assertions="198" time="0.164071"/>
        <testcase name="test_add_role" class="Tests_User_Capabilities" classname="Tests_User_Capabilities" file="/var/www/html/test/wordpress_test/inpsyde_test/test/wp-content/plugins/plugintestslughere/tests/unit/tests/user/capabilities.php" line="842" assertions="138" time="0.131676"/>
        <testcase name="test_role_add_cap" class="Tests_User_Capabilities" classname="Tests_User_Capabilities" file="/var/www/html/test/wordpress_test/inpsyde_test/test/wp-content/plugins/plugintestslughere/tests/unit/tests/user/capabilities.php" line="888" assertions="103" time="0.131803"/>
        <testcase name="test_role_remove_cap" class="Tests_User_Capabilities" classname="Tests_User_Capabilities" file="/var/www/html/test/wordpress_test/inpsyde_test/test/wp-content/plugins/plugintestslughere/tests/unit/tests/user/capabilities.php" line="930" assertions="8" time="0.131798"/>
        <testcase name="test_user_add_cap" class="Tests_User_Capabilities" classname="Tests_User_Capabilities" file="/var/www/html/test/wordpress_test/inpsyde_test/test/wp-content/plugins/plugintestslughere/tests/unit/tests/user/capabilities.php" line="974" assertions="104" time="0.198041"/>
        <testcase name="test_user_remove_cap" class="Tests_User_Capabilities" classname="Tests_User_Capabilities" file="/var/www/html/test/wordpress_test/inpsyde_test/test/wp-content/plugins/plugintestslughere/tests/unit/tests/user/capabilities.php" line="1013" assertions="7" time="0.186909"/>
        <testcase name="test_user_level_update" class="Tests_User_Capabilities" classname="Tests_User_Capabilities" file="/var/www/html/test/wordpress_test/inpsyde_test/test/wp-content/plugins/plugintestslughere/tests/unit/tests/user/capabilities.php" line="1045" assertions="6" time="0.142529"/>
        <testcase name="test_user_remove_all_caps" class="Tests_User_Capabilities" classname="Tests_User_Capabilities" file="/var/www/html/test/wordpress_test/inpsyde_test/test/wp-content/plugins/plugintestslughere/tests/unit/tests/user/capabilities.php" line="1068" assertions="105" time="0.142526"/>
        <testcase name="test_post_meta_caps" class="Tests_User_Capabilities" classname="Tests_User_Capabilities" file="/var/www/html/test/wordpress_test/inpsyde_test/test/wp-content/plugins/plugintestslughere/tests/unit/tests/user/capabilities.php" line="1109" assertions="35" time="0.330200"/>
        <testsuite name="Tests_User_Capabilities::test_authorless_post" tests="3" assertions="24" errors="0" failures="0" skipped="0" time="0.284858">
          <testcase name="test_authorless_post with data set #0" class="Tests_User_Capabilities" classname="Tests_User_Capabilities" file="/var/www/html/test/wordpress_test/inpsyde_test/test/wp-content/plugins/plugintestslughere/tests/unit/tests/user/capabilities.php" line="1208" assertions="8" time="0.098511"/>
          <testcase name="test_authorless_post with data set #1" class="Tests_User_Capabilities" classname="Tests_User_Capabilities" file="/var/www/html/test/wordpress_test/inpsyde_test/test/wp-content/plugins/plugintestslughere/tests/unit/tests/user/capabilities.php" line="1208" assertions="8" time="0.087730"/>
          <testcase name="test_authorless_post with data set #2" class="Tests_User_Capabilities" classname="Tests_User_Capabilities" file="/var/www/html/test/wordpress_test/inpsyde_test/test/wp-content/plugins/plugintestslughere/tests/unit/tests/user/capabilities.php" line="1208" assertions="8" time="0.098617"/>
        </testsuite>
        <testcase name="test_create_posts_caps" class="Tests_User_Capabilities" classname="Tests_User_Capabilities" file="/var/www/html/test/wordpress_test/inpsyde_test/test/wp-content/plugins/plugintestslughere/tests/unit/tests/user/capabilities.php" line="1238" assertions="29" time="0.098589"/>
        <testcase name="test_page_meta_caps" class="Tests_User_Capabilities" classname="Tests_User_Capabilities" file="/var/www/html/test/wordpress_test/inpsyde_test/test/wp-content/plugins/plugintestslughere/tests/unit/tests/user/capabilities.php" line="1304" assertions="11" time="0.142227"/>
        <testsuite name="Tests_User_Capabilities::test_taxonomy_capabilities_are_correct" tests="3" assertions="12" errors="0" failures="0" skipped="0" time="0.078773">
          <testcase name="test_taxonomy_capabilities_are_correct with data set #0" class="Tests_User_Capabilities" classname="Tests_User_Capabilities" file="/var/www/html/test/wordpress_test/inpsyde_test/test/wp-content/plugins/plugintestslughere/tests/unit/tests/user/capabilities.php" line="1347" assertions="4" time="0.027642"/>
          <testcase name="test_taxonomy_capabilities_are_correct with data set #1" class="Tests_User_Capabilities" classname="Tests_User_Capabilities" file="/var/www/html/test/wordpress_test/inpsyde_test/test/wp-content/plugins/plugintestslughere/tests/unit/tests/user/capabilities.php" line="1347" assertions="4" time="0.025536"/>
          <testcase name="test_taxonomy_capabilities_are_correct with data set #2" class="Tests_User_Capabilities" classname="Tests_User_Capabilities" file="/var/www/html/test/wordpress_test/inpsyde_test/test/wp-content/plugins/plugintestslughere/tests/unit/tests/user/capabilities.php" line="1347" assertions="4" time="0.025595"/>
        </testsuite>
        <testsuite name="Tests_User_Capabilities::test_default_taxonomy_term_cannot_be_deleted" tests="3" assertions="6" errors="0" failures="0" skipped="0" time="0.313666">
          <testcase name="test_default_taxonomy_term_cannot_be_deleted with data set #0" class="Tests_User_Capabilities" classname="Tests_User_Capabilities" file="/var/www/html/test/wordpress_test/inpsyde_test/test/wp-content/plugins/plugintestslughere/tests/unit/tests/user/capabilities.php" line="1380" assertions="2" time="0.072268"/>
          <testcase name="test_default_taxonomy_term_cannot_be_deleted with data set #1" class="Tests_User_Capabilities" classname="Tests_User_Capabilities" file="/var/www/html/test/wordpress_test/inpsyde_test/test/wp-content/plugins/plugintestslughere/tests/unit/tests/user/capabilities.php" line="1380" assertions="2" time="0.154274"/>
          <testcase name="test_default_taxonomy_term_cannot_be_deleted with data set #2" class="Tests_User_Capabilities" classname="Tests_User_Capabilities" file="/var/www/html/test/wordpress_test/inpsyde_test/test/wp-content/plugins/plugintestslughere/tests/unit/tests/user/capabilities.php" line="1380" assertions="2" time="0.087124"/>
        </testsuite>
        <testsuite name="Tests_User_Capabilities::test_taxonomy_caps_map_correctly_to_their_meta_cap" tests="3" assertions="45" errors="0" failures="0" skipped="0" time="0.285025">
          <testcase name="test_taxonomy_caps_map_correctly_to_their_meta_cap with data set #0" class="Tests_User_Capabilities" classname="Tests_User_Capabilities" file="/var/www/html/test/wordpress_test/inpsyde_test/test/wp-content/plugins/plugintestslughere/tests/unit/tests/user/capabilities.php" line="1404" assertions="15" time="0.087530"/>
          <testcase name="test_taxonomy_caps_map_correctly_to_their_meta_cap with data set #1" class="Tests_User_Capabilities" classname="Tests_User_Capabilities" file="/var/www/html/test/wordpress_test/inpsyde_test/test/wp-content/plugins/plugintestslughere/tests/unit/tests/user/capabilities.php" line="1404" assertions="15" time="0.098662"/>
          <testcase name="test_taxonomy_caps_map_correctly_to_their_meta_cap with data set #2" class="Tests_User_Capabilities" classname="Tests_User_Capabilities" file="/var/www/html/test/wordpress_test/inpsyde_test/test/wp-content/plugins/plugintestslughere/tests/unit/tests/user/capabilities.php" line="1404" assertions="15" time="0.098833"/>
        </testsuite>
        <testcase name="test_taxonomy_capabilities_with_custom_caps_are_correct" class="Tests_User_Capabilities" classname="Tests_User_Capabilities" file="/var/www/html/test/wordpress_test/inpsyde_test/test/wp-content/plugins/plugintestslughere/tests/unit/tests/user/capabilities.php" line="1453" assertions="4" time="0.026501"/>
        <testcase name="test_taxonomy_meta_capabilities_with_non_existent_terms" class="Tests_User_Capabilities" classname="Tests_User_Capabilities" file="/var/www/html/test/wordpress_test/inpsyde_test/test/wp-content/plugins/plugintestslughere/tests/unit/tests/user/capabilities.php" line="1487" assertions="3" time="0.026467"/>
        <testcase name="test_negative_caps" class="Tests_User_Capabilities" classname="Tests_User_Capabilities" file="/var/www/html/test/wordpress_test/inpsyde_test/test/wp-content/plugins/plugintestslughere/tests/unit/tests/user/capabilities.php" line="1508" assertions="4" time="0.077423"/>
        <testcase name="test_set_role_same_role" class="Tests_User_Capabilities" classname="Tests_User_Capabilities" file="/var/www/html/test/wordpress_test/inpsyde_test/test/wp-content/plugins/plugintestslughere/tests/unit/tests/user/capabilities.php" line="1523" assertions="3" time="0.025532"/>
        <testcase name="test_current_user_can_for_blog" class="Tests_User_Capabilities" classname="Tests_User_Capabilities" file="/var/www/html/test/wordpress_test/inpsyde_test/test/wp-content/plugins/plugintestslughere/tests/unit/tests/user/capabilities.php" line="1532" assertions="3" time="0.025822"/>
        <testcase name="test_current_user_edit_caps" class="Tests_User_Capabilities" classname="Tests_User_Capabilities" file="/var/www/html/test/wordpress_test/inpsyde_test/test/wp-content/plugins/plugintestslughere/tests/unit/tests/user/capabilities.php" line="1589" assertions="4" time="0.091176"/>
        <testcase name="test_subscriber_cant_edit_posts" class="Tests_User_Capabilities" classname="Tests_User_Capabilities" file="/var/www/html/test/wordpress_test/inpsyde_test/test/wp-content/plugins/plugintestslughere/tests/unit/tests/user/capabilities.php" line="1606" assertions="2" time="0.098600"/>
        <testcase name="test_user_can_edit_self" class="Tests_User_Capabilities" classname="Tests_User_Capabilities" file="/var/www/html/test/wordpress_test/inpsyde_test/test/wp-content/plugins/plugintestslughere/tests/unit/tests/user/capabilities.php" line="1628" assertions="5" time="0.036584"/>
        <testcase name="test_only_admins_and_super_admins_can_remove_users" class="Tests_User_Capabilities" classname="Tests_User_Capabilities" file="/var/www/html/test/wordpress_test/inpsyde_test/test/wp-content/plugins/plugintestslughere/tests/unit/tests/user/capabilities.php" line="1635" assertions="5" time="0.034937"/>
        <testcase name="test_only_admins_can_delete_users_on_single_site" class="Tests_User_Capabilities" classname="Tests_User_Capabilities" file="/var/www/html/test/wordpress_test/inpsyde_test/test/wp-content/plugins/plugintestslughere/tests/unit/tests/user/capabilities.php" line="1664" assertions="5" time="0.033843"/>
        <testcase name="test_only_admins_and_super_admins_can_promote_users" class="Tests_User_Capabilities" classname="Tests_User_Capabilities" file="/var/www/html/test/wordpress_test/inpsyde_test/test/wp-content/plugins/plugintestslughere/tests/unit/tests/user/capabilities.php" line="1673" assertions="5" time="0.033665"/>
        <testcase name="test_contributor_cannot_edit_scheduled_post" class="Tests_User_Capabilities" classname="Tests_User_Capabilities" file="/var/www/html/test/wordpress_test/inpsyde_test/test/wp-content/plugins/plugintestslughere/tests/unit/tests/user/capabilities.php" line="1689" assertions="7" time="0.210767"/>
        <testcase name="test_require_edit_others_posts_if_post_type_doesnt_exist" class="Tests_User_Capabilities" classname="Tests_User_Capabilities" file="/var/www/html/test/wordpress_test/inpsyde_test/test/wp-content/plugins/plugintestslughere/tests/unit/tests/user/capabilities.php" line="1757" assertions="17" time="0.088194"/>
        <testcase name="test_require_edit_others_posts_if_post_status_doesnt_exist" class="Tests_User_Capabilities" classname="Tests_User_Capabilities" file="/var/www/html/test/wordpress_test/inpsyde_test/test/wp-content/plugins/plugintestslughere/tests/unit/tests/user/capabilities.php" line="1780" assertions="9" time="0.098818"/>
        <testcase name="test_cpt_with_page_capability_type" class="Tests_User_Capabilities" classname="Tests_User_Capabilities" file="/var/www/html/test/wordpress_test/inpsyde_test/test/wp-content/plugins/plugintestslughere/tests/unit/tests/user/capabilities.php" line="1802" assertions="13" time="0.088576"/>
        <testcase name="test_non_logged_in_users_have_no_capabilities" class="Tests_User_Capabilities" classname="Tests_User_Capabilities" file="/var/www/html/test/wordpress_test/inpsyde_test/test/wp-content/plugins/plugintestslughere/tests/unit/tests/user/capabilities.php" line="1851" assertions="102" time="0.033946"/>
        <testcase name="test_wp_logout_should_clear_current_user" class="Tests_User_Capabilities" classname="Tests_User_Capabilities" file="/var/www/html/test/wordpress_test/inpsyde_test/test/wp-content/plugins/plugintestslughere/tests/unit/tests/user/capabilities.php" line="1871" assertions="1" time="0.108733"/>
        <testcase name="test_wp_roles_init_action" class="Tests_User_Capabilities" classname="Tests_User_Capabilities" file="/var/www/html/test/wordpress_test/inpsyde_test/test/wp-content/plugins/plugintestslughere/tests/unit/tests/user/capabilities.php" line="1886" assertions="2" time="0.057194"/>
        <testcase name="test_wp_roles_reinit_deprecated" class="Tests_User_Capabilities" classname="Tests_User_Capabilities" file="/var/www/html/test/wordpress_test/inpsyde_test/test/wp-content/plugins/plugintestslughere/tests/unit/tests/user/capabilities.php" line="1916" assertions="1" time="0.026893"/>
        <testcase name="test_no_one_can_edit_user_meta_for_non_existent_term" class="Tests_User_Capabilities" classname="Tests_User_Capabilities" file="/var/www/html/test/wordpress_test/inpsyde_test/test/wp-content/plugins/plugintestslughere/tests/unit/tests/user/capabilities.php" line="1924" assertions="1" time="0.033689"/>
        <testcase name="test_user_can_edit_user_meta" class="Tests_User_Capabilities" classname="Tests_User_Capabilities" file="/var/www/html/test/wordpress_test/inpsyde_test/test/wp-content/plugins/plugintestslughere/tests/unit/tests/user/capabilities.php" line="1932" assertions="1" time="0.043556"/>
        <testcase name="test_user_cannot_edit_user_meta" class="Tests_User_Capabilities" classname="Tests_User_Capabilities" file="/var/www/html/test/wordpress_test/inpsyde_test/test/wp-content/plugins/plugintestslughere/tests/unit/tests/user/capabilities.php" line="1943" assertions="1" time="0.043190"/>
        <testcase name="test_no_one_can_delete_user_meta_for_non_existent_term" class="Tests_User_Capabilities" classname="Tests_User_Capabilities" file="/var/www/html/test/wordpress_test/inpsyde_test/test/wp-content/plugins/plugintestslughere/tests/unit/tests/user/capabilities.php" line="1951" assertions="1" time="0.029679"/>
        <testcase name="test_user_can_delete_user_meta" class="Tests_User_Capabilities" classname="Tests_User_Capabilities" file="/var/www/html/test/wordpress_test/inpsyde_test/test/wp-content/plugins/plugintestslughere/tests/unit/tests/user/capabilities.php" line="1959" assertions="1" time="0.028266"/>
        <testcase name="test_user_cannot_delete_user_meta" class="Tests_User_Capabilities" classname="Tests_User_Capabilities" file="/var/www/html/test/wordpress_test/inpsyde_test/test/wp-content/plugins/plugintestslughere/tests/unit/tests/user/capabilities.php" line="1970" assertions="1" time="0.029420"/>
        <testcase name="test_no_one_can_add_user_meta_for_non_existent_term" class="Tests_User_Capabilities" classname="Tests_User_Capabilities" file="/var/www/html/test/wordpress_test/inpsyde_test/test/wp-content/plugins/plugintestslughere/tests/unit/tests/user/capabilities.php" line="1978" assertions="1" time="0.029439"/>
        <testcase name="test_user_can_add_user_meta" class="Tests_User_Capabilities" classname="Tests_User_Capabilities" file="/var/www/html/test/wordpress_test/inpsyde_test/test/wp-content/plugins/plugintestslughere/tests/unit/tests/user/capabilities.php" line="1986" assertions="1" time="0.030943"/>
        <testcase name="test_user_cannot_add_user_meta" class="Tests_User_Capabilities" classname="Tests_User_Capabilities" file="/var/www/html/test/wordpress_test/inpsyde_test/test/wp-content/plugins/plugintestslughere/tests/unit/tests/user/capabilities.php" line="1997" assertions="1" time="0.030398"/>
        <testcase name="test_get_caps_data" class="Tests_User_Capabilities" classname="Tests_User_Capabilities" file="/var/www/html/test/wordpress_test/inpsyde_test/test/wp-content/plugins/plugintestslughere/tests/unit/tests/user/capabilities.php" line="2077" assertions="1" time="0.063137"/>
        <testcase name="test_user_get_site_id_default" class="Tests_User_Capabilities" classname="Tests_User_Capabilities" file="/var/www/html/test/wordpress_test/inpsyde_test/test/wp-content/plugins/plugintestslughere/tests/unit/tests/user/capabilities.php" line="2095" assertions="1" time="0.026465"/>
        <testcase name="test_user_get_site_id" class="Tests_User_Capabilities" classname="Tests_User_Capabilities" file="/var/www/html/test/wordpress_test/inpsyde_test/test/wp-content/plugins/plugintestslughere/tests/unit/tests/user/capabilities.php" line="2103" assertions="1" time="0.028552"/>
        <testcase name="test_get_roles_data" class="Tests_User_Capabilities" classname="Tests_User_Capabilities" file="/var/www/html/test/wordpress_test/inpsyde_test/test/wp-content/plugins/plugintestslughere/tests/unit/tests/user/capabilities.php" line="2147" assertions="1" time="0.064474"/>
        <testcase name="test_roles_get_site_id_default" class="Tests_User_Capabilities" classname="Tests_User_Capabilities" file="/var/www/html/test/wordpress_test/inpsyde_test/test/wp-content/plugins/plugintestslughere/tests/unit/tests/user/capabilities.php" line="2170" assertions="1" time="0.024911"/>
        <testcase name="test_roles_get_site_id" class="Tests_User_Capabilities" classname="Tests_User_Capabilities" file="/var/www/html/test/wordpress_test/inpsyde_test/test/wp-content/plugins/plugintestslughere/tests/unit/tests/user/capabilities.php" line="2178" assertions="1" time="0.027598"/>
        <testsuite name="Tests_User_Capabilities::test_block_caps" tests="65" assertions="65" errors="0" failures="0" skipped="0" time="1.651011">
          <testcase name="test_block_caps with data set #0" class="Tests_User_Capabilities" classname="Tests_User_Capabilities" file="/var/www/html/test/wordpress_test/inpsyde_test/test/wp-content/plugins/plugintestslughere/tests/unit/tests/user/capabilities.php" line="2193" assertions="1" time="0.029644"/>
          <testcase name="test_block_caps with data set #1" class="Tests_User_Capabilities" classname="Tests_User_Capabilities" file="/var/www/html/test/wordpress_test/inpsyde_test/test/wp-content/plugins/plugintestslughere/tests/unit/tests/user/capabilities.php" line="2193" assertions="1" time="0.027490"/>
          <testcase name="test_block_caps with data set #2" class="Tests_User_Capabilities" classname="Tests_User_Capabilities" file="/var/www/html/test/wordpress_test/inpsyde_test/test/wp-content/plugins/plugintestslughere/tests/unit/tests/user/capabilities.php" line="2193" assertions="1" time="0.026815"/>
          <testcase name="test_block_caps with data set #3" class="Tests_User_Capabilities" classname="Tests_User_Capabilities" file="/var/www/html/test/wordpress_test/inpsyde_test/test/wp-content/plugins/plugintestslughere/tests/unit/tests/user/capabilities.php" line="2193" assertions="1" time="0.026436"/>
          <testcase name="test_block_caps with data set #4" class="Tests_User_Capabilities" classname="Tests_User_Capabilities" file="/var/www/html/test/wordpress_test/inpsyde_test/test/wp-content/plugins/plugintestslughere/tests/unit/tests/user/capabilities.php" line="2193" assertions="1" time="0.023354"/>
          <testcase name="test_block_caps with data set #5" class="Tests_User_Capabilities" classname="Tests_User_Capabilities" file="/var/www/html/test/wordpress_test/inpsyde_test/test/wp-content/plugins/plugintestslughere/tests/unit/tests/user/capabilities.php" line="2193" assertions="1" time="0.026065"/>
          <testcase name="test_block_caps with data set #6" class="Tests_User_Capabilities" classname="Tests_User_Capabilities" file="/var/www/html/test/wordpress_test/inpsyde_test/test/wp-content/plugins/plugintestslughere/tests/unit/tests/user/capabilities.php" line="2193" assertions="1" time="0.023565"/>
          <testcase name="test_block_caps with data set #7" class="Tests_User_Capabilities" classname="Tests_User_Capabilities" file="/var/www/html/test/wordpress_test/inpsyde_test/test/wp-content/plugins/plugintestslughere/tests/unit/tests/user/capabilities.php" line="2193" assertions="1" time="0.027637"/>
          <testcase name="test_block_caps with data set #8" class="Tests_User_Capabilities" classname="Tests_User_Capabilities" file="/var/www/html/test/wordpress_test/inpsyde_test/test/wp-content/plugins/plugintestslughere/tests/unit/tests/user/capabilities.php" line="2193" assertions="1" time="0.025458"/>
          <testcase name="test_block_caps with data set #9" class="Tests_User_Capabilities" classname="Tests_User_Capabilities" file="/var/www/html/test/wordpress_test/inpsyde_test/test/wp-content/plugins/plugintestslughere/tests/unit/tests/user/capabilities.php" line="2193" assertions="1" time="0.025538"/>
          <testcase name="test_block_caps with data set #10" class="Tests_User_Capabilities" classname="Tests_User_Capabilities" file="/var/www/html/test/wordpress_test/inpsyde_test/test/wp-content/plugins/plugintestslughere/tests/unit/tests/user/capabilities.php" line="2193" assertions="1" time="0.025971"/>
          <testcase name="test_block_caps with data set #11" class="Tests_User_Capabilities" classname="Tests_User_Capabilities" file="/var/www/html/test/wordpress_test/inpsyde_test/test/wp-content/plugins/plugintestslughere/tests/unit/tests/user/capabilities.php" line="2193" assertions="1" time="0.024478"/>
          <testcase name="test_block_caps with data set #12" class="Tests_User_Capabilities" classname="Tests_User_Capabilities" file="/var/www/html/test/wordpress_test/inpsyde_test/test/wp-content/plugins/plugintestslughere/tests/unit/tests/user/capabilities.php" line="2193" assertions="1" time="0.027024"/>
          <testcase name="test_block_caps with data set #13" class="Tests_User_Capabilities" classname="Tests_User_Capabilities" file="/var/www/html/test/wordpress_test/inpsyde_test/test/wp-content/plugins/plugintestslughere/tests/unit/tests/user/capabilities.php" line="2193" assertions="1" time="0.026522"/>
          <testcase name="test_block_caps with data set #14" class="Tests_User_Capabilities" classname="Tests_User_Capabilities" file="/var/www/html/test/wordpress_test/inpsyde_test/test/wp-content/plugins/plugintestslughere/tests/unit/tests/user/capabilities.php" line="2193" assertions="1" time="0.027529"/>
          <testcase name="test_block_caps with data set #15" class="Tests_User_Capabilities" classname="Tests_User_Capabilities" file="/var/www/html/test/wordpress_test/inpsyde_test/test/wp-content/plugins/plugintestslughere/tests/unit/tests/user/capabilities.php" line="2193" assertions="1" time="0.027778"/>
          <testcase name="test_block_caps with data set #16" class="Tests_User_Capabilities" classname="Tests_User_Capabilities" file="/var/www/html/test/wordpress_test/inpsyde_test/test/wp-content/plugins/plugintestslughere/tests/unit/tests/user/capabilities.php" line="2193" assertions="1" time="0.023882"/>
          <testcase name="test_block_caps with data set #17" class="Tests_User_Capabilities" classname="Tests_User_Capabilities" file="/var/www/html/test/wordpress_test/inpsyde_test/test/wp-content/plugins/plugintestslughere/tests/unit/tests/user/capabilities.php" line="2193" assertions="1" time="0.025520"/>
          <testcase name="test_block_caps with data set #18" class="Tests_User_Capabilities" classname="Tests_User_Capabilities" file="/var/www/html/test/wordpress_test/inpsyde_test/test/wp-content/plugins/plugintestslughere/tests/unit/tests/user/capabilities.php" line="2193" assertions="1" time="0.024121"/>
          <testcase name="test_block_caps with data set #19" class="Tests_User_Capabilities" classname="Tests_User_Capabilities" file="/var/www/html/test/wordpress_test/inpsyde_test/test/wp-content/plugins/plugintestslughere/tests/unit/tests/user/capabilities.php" line="2193" assertions="1" time="0.029601"/>
          <testcase name="test_block_caps with data set #20" class="Tests_User_Capabilities" classname="Tests_User_Capabilities" file="/var/www/html/test/wordpress_test/inpsyde_test/test/wp-content/plugins/plugintestslughere/tests/unit/tests/user/capabilities.php" line="2193" assertions="1" time="0.023008"/>
          <testcase name="test_block_caps with data set #21" class="Tests_User_Capabilities" classname="Tests_User_Capabilities" file="/var/www/html/test/wordpress_test/inpsyde_test/test/wp-content/plugins/plugintestslughere/tests/unit/tests/user/capabilities.php" line="2193" assertions="1" time="0.025959"/>
          <testcase name="test_block_caps with data set #22" class="Tests_User_Capabilities" classname="Tests_User_Capabilities" file="/var/www/html/test/wordpress_test/inpsyde_test/test/wp-content/plugins/plugintestslughere/tests/unit/tests/user/capabilities.php" line="2193" assertions="1" time="0.022827"/>
          <testcase name="test_block_caps with data set #23" class="Tests_User_Capabilities" classname="Tests_User_Capabilities" file="/var/www/html/test/wordpress_test/inpsyde_test/test/wp-content/plugins/plugintestslughere/tests/unit/tests/user/capabilities.php" line="2193" assertions="1" time="0.025624"/>
          <testcase name="test_block_caps with data set #24" class="Tests_User_Capabilities" classname="Tests_User_Capabilities" file="/var/www/html/test/wordpress_test/inpsyde_test/test/wp-content/plugins/plugintestslughere/tests/unit/tests/user/capabilities.php" line="2193" assertions="1" time="0.023966"/>
          <testcase name="test_block_caps with data set #25" class="Tests_User_Capabilities" classname="Tests_User_Capabilities" file="/var/www/html/test/wordpress_test/inpsyde_test/test/wp-content/plugins/plugintestslughere/tests/unit/tests/user/capabilities.php" line="2193" assertions="1" time="0.025756"/>
          <testcase name="test_block_caps with data set #26" class="Tests_User_Capabilities" classname="Tests_User_Capabilities" file="/var/www/html/test/wordpress_test/inpsyde_test/test/wp-content/plugins/plugintestslughere/tests/unit/tests/user/capabilities.php" line="2193" assertions="1" time="0.024002"/>
          <testcase name="test_block_caps with data set #27" class="Tests_User_Capabilities" classname="Tests_User_Capabilities" file="/var/www/html/test/wordpress_test/inpsyde_test/test/wp-content/plugins/plugintestslughere/tests/unit/tests/user/capabilities.php" line="2193" assertions="1" time="0.025442"/>
          <testcase name="test_block_caps with data set #28" class="Tests_User_Capabilities" classname="Tests_User_Capabilities" file="/var/www/html/test/wordpress_test/inpsyde_test/test/wp-content/plugins/plugintestslughere/tests/unit/tests/user/capabilities.php" line="2193" assertions="1" time="0.023693"/>
          <testcase name="test_block_caps with data set #29" class="Tests_User_Capabilities" classname="Tests_User_Capabilities" file="/var/www/html/test/wordpress_test/inpsyde_test/test/wp-content/plugins/plugintestslughere/tests/unit/tests/user/capabilities.php" line="2193" assertions="1" time="0.025616"/>
          <testcase name="test_block_caps with data set #30" class="Tests_User_Capabilities" classname="Tests_User_Capabilities" file="/var/www/html/test/wordpress_test/inpsyde_test/test/wp-content/plugins/plugintestslughere/tests/unit/tests/user/capabilities.php" line="2193" assertions="1" time="0.022864"/>
          <testcase name="test_block_caps with data set #31" class="Tests_User_Capabilities" classname="Tests_User_Capabilities" file="/var/www/html/test/wordpress_test/inpsyde_test/test/wp-content/plugins/plugintestslughere/tests/unit/tests/user/capabilities.php" line="2193" assertions="1" time="0.026474"/>
          <testcase name="test_block_caps with data set #32" class="Tests_User_Capabilities" classname="Tests_User_Capabilities" file="/var/www/html/test/wordpress_test/inpsyde_test/test/wp-content/plugins/plugintestslughere/tests/unit/tests/user/capabilities.php" line="2193" assertions="1" time="0.026555"/>
          <testcase name="test_block_caps with data set #33" class="Tests_User_Capabilities" classname="Tests_User_Capabilities" file="/var/www/html/test/wordpress_test/inpsyde_test/test/wp-content/plugins/plugintestslughere/tests/unit/tests/user/capabilities.php" line="2193" assertions="1" time="0.025762"/>
          <testcase name="test_block_caps with data set #34" class="Tests_User_Capabilities" classname="Tests_User_Capabilities" file="/var/www/html/test/wordpress_test/inpsyde_test/test/wp-content/plugins/plugintestslughere/tests/unit/tests/user/capabilities.php" line="2193" assertions="1" time="0.024607"/>
          <testcase name="test_block_caps with data set #35" class="Tests_User_Capabilities" classname="Tests_User_Capabilities" file="/var/www/html/test/wordpress_test/inpsyde_test/test/wp-content/plugins/plugintestslughere/tests/unit/tests/user/capabilities.php" line="2193" assertions="1" time="0.024093"/>
          <testcase name="test_block_caps with data set #36" class="Tests_User_Capabilities" classname="Tests_User_Capabilities" file="/var/www/html/test/wordpress_test/inpsyde_test/test/wp-content/plugins/plugintestslughere/tests/unit/tests/user/capabilities.php" line="2193" assertions="1" time="0.024063"/>
          <testcase name="test_block_caps with data set #37" class="Tests_User_Capabilities" classname="Tests_User_Capabilities" file="/var/www/html/test/wordpress_test/inpsyde_test/test/wp-content/plugins/plugintestslughere/tests/unit/tests/user/capabilities.php" line="2193" assertions="1" time="0.024594"/>
          <testcase name="test_block_caps with data set #38" class="Tests_User_Capabilities" classname="Tests_User_Capabilities" file="/var/www/html/test/wordpress_test/inpsyde_test/test/wp-content/plugins/plugintestslughere/tests/unit/tests/user/capabilities.php" line="2193" assertions="1" time="0.024793"/>
          <testcase name="test_block_caps with data set #39" class="Tests_User_Capabilities" classname="Tests_User_Capabilities" file="/var/www/html/test/wordpress_test/inpsyde_test/test/wp-content/plugins/plugintestslughere/tests/unit/tests/user/capabilities.php" line="2193" assertions="1" time="0.025295"/>
          <testcase name="test_block_caps with data set #40" class="Tests_User_Capabilities" classname="Tests_User_Capabilities" file="/var/www/html/test/wordpress_test/inpsyde_test/test/wp-content/plugins/plugintestslughere/tests/unit/tests/user/capabilities.php" line="2193" assertions="1" time="0.025567"/>
          <testcase name="test_block_caps with data set #41" class="Tests_User_Capabilities" classname="Tests_User_Capabilities" file="/var/www/html/test/wordpress_test/inpsyde_test/test/wp-content/plugins/plugintestslughere/tests/unit/tests/user/capabilities.php" line="2193" assertions="1" time="0.024011"/>
          <testcase name="test_block_caps with data set #42" class="Tests_User_Capabilities" classname="Tests_User_Capabilities" file="/var/www/html/test/wordpress_test/inpsyde_test/test/wp-content/plugins/plugintestslughere/tests/unit/tests/user/capabilities.php" line="2193" assertions="1" time="0.026316"/>
          <testcase name="test_block_caps with data set #43" class="Tests_User_Capabilities" classname="Tests_User_Capabilities" file="/var/www/html/test/wordpress_test/inpsyde_test/test/wp-content/plugins/plugintestslughere/tests/unit/tests/user/capabilities.php" line="2193" assertions="1" time="0.025614"/>
          <testcase name="test_block_caps with data set #44" class="Tests_User_Capabilities" classname="Tests_User_Capabilities" file="/var/www/html/test/wordpress_test/inpsyde_test/test/wp-content/plugins/plugintestslughere/tests/unit/tests/user/capabilities.php" line="2193" assertions="1" time="0.025177"/>
          <testcase name="test_block_caps with data set #45" class="Tests_User_Capabilities" classname="Tests_User_Capabilities" file="/var/www/html/test/wordpress_test/inpsyde_test/test/wp-content/plugins/plugintestslughere/tests/unit/tests/user/capabilities.php" line="2193" assertions="1" time="0.023941"/>
          <testcase name="test_block_caps with data set #46" class="Tests_User_Capabilities" classname="Tests_User_Capabilities" file="/var/www/html/test/wordpress_test/inpsyde_test/test/wp-content/plugins/plugintestslughere/tests/unit/tests/user/capabilities.php" line="2193" assertions="1" time="0.026209"/>
          <testcase name="test_block_caps with data set #47" class="Tests_User_Capabilities" classname="Tests_User_Capabilities" file="/var/www/html/test/wordpress_test/inpsyde_test/test/wp-content/plugins/plugintestslughere/tests/unit/tests/user/capabilities.php" line="2193" assertions="1" time="0.022875"/>
          <testcase name="test_block_caps with data set #48" class="Tests_User_Capabilities" classname="Tests_User_Capabilities" file="/var/www/html/test/wordpress_test/inpsyde_test/test/wp-content/plugins/plugintestslughere/tests/unit/tests/user/capabilities.php" line="2193" assertions="1" time="0.026827"/>
          <testcase name="test_block_caps with data set #49" class="Tests_User_Capabilities" classname="Tests_User_Capabilities" file="/var/www/html/test/wordpress_test/inpsyde_test/test/wp-content/plugins/plugintestslughere/tests/unit/tests/user/capabilities.php" line="2193" assertions="1" time="0.024844"/>
          <testcase name="test_block_caps with data set #50" class="Tests_User_Capabilities" classname="Tests_User_Capabilities" file="/var/www/html/test/wordpress_test/inpsyde_test/test/wp-content/plugins/plugintestslughere/tests/unit/tests/user/capabilities.php" line="2193" assertions="1" time="0.027477"/>
          <testcase name="test_block_caps with data set #51" class="Tests_User_Capabilities" classname="Tests_User_Capabilities" file="/var/www/html/test/wordpress_test/inpsyde_test/test/wp-content/plugins/plugintestslughere/tests/unit/tests/user/capabilities.php" line="2193" assertions="1" time="0.024258"/>
          <testcase name="test_block_caps with data set #52" class="Tests_User_Capabilities" classname="Tests_User_Capabilities" file="/var/www/html/test/wordpress_test/inpsyde_test/test/wp-content/plugins/plugintestslughere/tests/unit/tests/user/capabilities.php" line="2193" assertions="1" time="0.026827"/>
          <testcase name="test_block_caps with data set #53" class="Tests_User_Capabilities" classname="Tests_User_Capabilities" file="/var/www/html/test/wordpress_test/inpsyde_test/test/wp-content/plugins/plugintestslughere/tests/unit/tests/user/capabilities.php" line="2193" assertions="1" time="0.027029"/>
          <testcase name="test_block_caps with data set #54" class="Tests_User_Capabilities" classname="Tests_User_Capabilities" file="/var/www/html/test/wordpress_test/inpsyde_test/test/wp-content/plugins/plugintestslughere/tests/unit/tests/user/capabilities.php" line="2193" assertions="1" time="0.025579"/>
          <testcase name="test_block_caps with data set #55" class="Tests_User_Capabilities" classname="Tests_User_Capabilities" file="/var/www/html/test/wordpress_test/inpsyde_test/test/wp-content/plugins/plugintestslughere/tests/unit/tests/user/capabilities.php" line="2193" assertions="1" time="0.027501"/>
          <testcase name="test_block_caps with data set #56" class="Tests_User_Capabilities" classname="Tests_User_Capabilities" file="/var/www/html/test/wordpress_test/inpsyde_test/test/wp-content/plugins/plugintestslughere/tests/unit/tests/user/capabilities.php" line="2193" assertions="1" time="0.023196"/>
          <testcase name="test_block_caps with data set #57" class="Tests_User_Capabilities" classname="Tests_User_Capabilities" file="/var/www/html/test/wordpress_test/inpsyde_test/test/wp-content/plugins/plugintestslughere/tests/unit/tests/user/capabilities.php" line="2193" assertions="1" time="0.024720"/>
          <testcase name="test_block_caps with data set #58" class="Tests_User_Capabilities" classname="Tests_User_Capabilities" file="/var/www/html/test/wordpress_test/inpsyde_test/test/wp-content/plugins/plugintestslughere/tests/unit/tests/user/capabilities.php" line="2193" assertions="1" time="0.023385"/>
          <testcase name="test_block_caps with data set #59" class="Tests_User_Capabilities" classname="Tests_User_Capabilities" file="/var/www/html/test/wordpress_test/inpsyde_test/test/wp-content/plugins/plugintestslughere/tests/unit/tests/user/capabilities.php" line="2193" assertions="1" time="0.026225"/>
          <testcase name="test_block_caps with data set #60" class="Tests_User_Capabilities" classname="Tests_User_Capabilities" file="/var/www/html/test/wordpress_test/inpsyde_test/test/wp-content/plugins/plugintestslughere/tests/unit/tests/user/capabilities.php" line="2193" assertions="1" time="0.023758"/>
          <testcase name="test_block_caps with data set #61" class="Tests_User_Capabilities" classname="Tests_User_Capabilities" file="/var/www/html/test/wordpress_test/inpsyde_test/test/wp-content/plugins/plugintestslughere/tests/unit/tests/user/capabilities.php" line="2193" assertions="1" time="0.026018"/>
          <testcase name="test_block_caps with data set #62" class="Tests_User_Capabilities" classname="Tests_User_Capabilities" file="/var/www/html/test/wordpress_test/inpsyde_test/test/wp-content/plugins/plugintestslughere/tests/unit/tests/user/capabilities.php" line="2193" assertions="1" time="0.023068"/>
          <testcase name="test_block_caps with data set #63" class="Tests_User_Capabilities" classname="Tests_User_Capabilities" file="/var/www/html/test/wordpress_test/inpsyde_test/test/wp-content/plugins/plugintestslughere/tests/unit/tests/user/capabilities.php" line="2193" assertions="1" time="0.026323"/>
          <testcase name="test_block_caps with data set #64" class="Tests_User_Capabilities" classname="Tests_User_Capabilities" file="/var/www/html/test/wordpress_test/inpsyde_test/test/wp-content/plugins/plugintestslughere/tests/unit/tests/user/capabilities.php" line="2193" assertions="1" time="0.024844"/>
        </testsuite>
      </testsuite>
      <testsuite name="Tests_User_CountUserPosts" file="/var/www/html/test/wordpress_test/inpsyde_test/test/wp-content/plugins/plugintestslughere/tests/unit/tests/user/countUserPosts.php" tests="5" assertions="5" errors="0" failures="0" skipped="0" time="0.154029">
        <testcase name="test_count_user_posts_post_type_should_default_to_post" class="Tests_User_CountUserPosts" classname="Tests_User_CountUserPosts" file="/var/www/html/test/wordpress_test/inpsyde_test/test/wp-content/plugins/plugintestslughere/tests/unit/tests/user/countUserPosts.php" line="66" assertions="1" time="0.027646"/>
        <testcase name="test_count_user_posts_post_type_post" class="Tests_User_CountUserPosts" classname="Tests_User_CountUserPosts" file="/var/www/html/test/wordpress_test/inpsyde_test/test/wp-content/plugins/plugintestslughere/tests/unit/tests/user/countUserPosts.php" line="73" assertions="1" time="0.027356"/>
        <testcase name="test_count_user_posts_post_type_cpt" class="Tests_User_CountUserPosts" classname="Tests_User_CountUserPosts" file="/var/www/html/test/wordpress_test/inpsyde_test/test/wp-content/plugins/plugintestslughere/tests/unit/tests/user/countUserPosts.php" line="80" assertions="1" time="0.029735"/>
        <testcase name="test_count_user_posts_with_multiple_post_types" class="Tests_User_CountUserPosts" classname="Tests_User_CountUserPosts" file="/var/www/html/test/wordpress_test/inpsyde_test/test/wp-content/plugins/plugintestslughere/tests/unit/tests/user/countUserPosts.php" line="87" assertions="1" time="0.042673"/>
        <testcase name="test_count_user_posts_should_ignore_non_existent_post_types" class="Tests_User_CountUserPosts" classname="Tests_User_CountUserPosts" file="/var/www/html/test/wordpress_test/inpsyde_test/test/wp-content/plugins/plugintestslughere/tests/unit/tests/user/countUserPosts.php" line="94" assertions="1" time="0.026619"/>
      </testsuite>
      <testsuite name="Tests_User_CountUsers" file="/var/www/html/test/wordpress_test/inpsyde_test/test/wp-content/plugins/plugintestslughere/tests/unit/tests/user/countUsers.php" tests="6" assertions="12" errors="0" failures="0" skipped="0" time="1.710588">
        <testsuite name="Tests_User_CountUsers::test_count_users_is_accurate" tests="2" assertions="4" errors="0" failures="0" skipped="0" time="1.063043">
          <testcase name="test_count_users_is_accurate with data set #0" class="Tests_User_CountUsers" classname="Tests_User_CountUsers" file="/var/www/html/test/wordpress_test/inpsyde_test/test/wp-content/plugins/plugintestslughere/tests/unit/tests/user/countUsers.php" line="14" assertions="2" time="0.523729"/>
          <testcase name="test_count_users_is_accurate with data set #1" class="Tests_User_CountUsers" classname="Tests_User_CountUsers" file="/var/www/html/test/wordpress_test/inpsyde_test/test/wp-content/plugins/plugintestslughere/tests/unit/tests/user/countUsers.php" line="14" assertions="2" time="0.539314"/>
        </testsuite>
        <testsuite name="Tests_User_CountUsers::test_count_users_is_accurate_with_multiple_roles" tests="2" assertions="6" errors="0" failures="0" skipped="0" time="0.384205">
          <testcase name="test_count_users_is_accurate_with_multiple_roles with data set #0" class="Tests_User_CountUsers" classname="Tests_User_CountUsers" file="/var/www/html/test/wordpress_test/inpsyde_test/test/wp-content/plugins/plugintestslughere/tests/unit/tests/user/countUsers.php" line="214" assertions="3" time="0.197069"/>
          <testcase name="test_count_users_is_accurate_with_multiple_roles with data set #1" class="Tests_User_CountUsers" classname="Tests_User_CountUsers" file="/var/www/html/test/wordpress_test/inpsyde_test/test/wp-content/plugins/plugintestslughere/tests/unit/tests/user/countUsers.php" line="214" assertions="3" time="0.187136"/>
        </testsuite>
        <testsuite name="Tests_User_CountUsers::test_count_users_should_not_count_users_who_are_not_in_posts_table" tests="2" assertions="2" errors="0" failures="0" skipped="0" time="0.263340">
          <testcase name="test_count_users_should_not_count_users_who_are_not_in_posts_table with data set #0" class="Tests_User_CountUsers" classname="Tests_User_CountUsers" file="/var/www/html/test/wordpress_test/inpsyde_test/test/wp-content/plugins/plugintestslughere/tests/unit/tests/user/countUsers.php" line="259" assertions="1" time="0.130829"/>
          <testcase name="test_count_users_should_not_count_users_who_are_not_in_posts_table with data set #1" class="Tests_User_CountUsers" classname="Tests_User_CountUsers" file="/var/www/html/test/wordpress_test/inpsyde_test/test/wp-content/plugins/plugintestslughere/tests/unit/tests/user/countUsers.php" line="259" assertions="1" time="0.132511"/>
        </testsuite>
      </testsuite>
      <testsuite name="Tests_User_DateQuery" file="/var/www/html/test/wordpress_test/inpsyde_test/test/wp-content/plugins/plugintestslughere/tests/unit/tests/user/dateQuery.php" tests="2" assertions="2" errors="0" failures="0" skipped="0" time="0.458557">
        <testcase name="test_user_registered" class="Tests_User_DateQuery" classname="Tests_User_DateQuery" file="/var/www/html/test/wordpress_test/inpsyde_test/test/wp-content/plugins/plugintestslughere/tests/unit/tests/user/dateQuery.php" line="11" assertions="1" time="0.194369"/>
        <testcase name="test_user_registered_relation_or" class="Tests_User_DateQuery" classname="Tests_User_DateQuery" file="/var/www/html/test/wordpress_test/inpsyde_test/test/wp-content/plugins/plugintestslughere/tests/unit/tests/user/dateQuery.php" line="39" assertions="1" time="0.264188"/>
      </testsuite>
      <testsuite name="Tests_User_ListAuthors" file="/var/www/html/test/wordpress_test/inpsyde_test/test/wp-content/plugins/plugintestslughere/tests/unit/tests/user/listAuthors.php" tests="13" assertions="13" errors="0" failures="0" skipped="0" time="0.604459">
        <testcase name="test_wp_list_authors_default" class="Tests_User_ListAuthors" classname="Tests_User_ListAuthors" file="/var/www/html/test/wordpress_test/inpsyde_test/test/wp-content/plugins/plugintestslughere/tests/unit/tests/user/listAuthors.php" line="77" assertions="1" time="0.054649"/>
        <testcase name="test_wp_list_authors_orderby" class="Tests_User_ListAuthors" classname="Tests_User_ListAuthors" file="/var/www/html/test/wordpress_test/inpsyde_test/test/wp-content/plugins/plugintestslughere/tests/unit/tests/user/listAuthors.php" line="86" assertions="1" time="0.072447"/>
        <testcase name="test_wp_list_authors_order" class="Tests_User_ListAuthors" classname="Tests_User_ListAuthors" file="/var/www/html/test/wordpress_test/inpsyde_test/test/wp-content/plugins/plugintestslughere/tests/unit/tests/user/listAuthors.php" line="103" assertions="1" time="0.058395"/>
        <testcase name="test_wp_list_authors_optioncount" class="Tests_User_ListAuthors" classname="Tests_User_ListAuthors" file="/var/www/html/test/wordpress_test/inpsyde_test/test/wp-content/plugins/plugintestslughere/tests/unit/tests/user/listAuthors.php" line="121" assertions="1" time="0.035866"/>
        <testcase name="test_wp_list_authors_exclude_admin" class="Tests_User_ListAuthors" classname="Tests_User_ListAuthors" file="/var/www/html/test/wordpress_test/inpsyde_test/test/wp-content/plugins/plugintestslughere/tests/unit/tests/user/listAuthors.php" line="138" assertions="1" time="0.112065"/>
        <testcase name="test_wp_list_authors_show_fullname" class="Tests_User_ListAuthors" classname="Tests_User_ListAuthors" file="/var/www/html/test/wordpress_test/inpsyde_test/test/wp-content/plugins/plugintestslughere/tests/unit/tests/user/listAuthors.php" line="163" assertions="1" time="0.031238"/>
        <testcase name="test_wp_list_authors_hide_empty" class="Tests_User_ListAuthors" classname="Tests_User_ListAuthors" file="/var/www/html/test/wordpress_test/inpsyde_test/test/wp-content/plugins/plugintestslughere/tests/unit/tests/user/listAuthors.php" line="180" assertions="1" time="0.033855"/>
        <testcase name="test_wp_list_authors_echo" class="Tests_User_ListAuthors" classname="Tests_User_ListAuthors" file="/var/www/html/test/wordpress_test/inpsyde_test/test/wp-content/plugins/plugintestslughere/tests/unit/tests/user/listAuthors.php" line="200" assertions="1" time="0.032683"/>
        <testcase name="test_wp_list_authors_feed" class="Tests_User_ListAuthors" classname="Tests_User_ListAuthors" file="/var/www/html/test/wordpress_test/inpsyde_test/test/wp-content/plugins/plugintestslughere/tests/unit/tests/user/listAuthors.php" line="210" assertions="1" time="0.038638"/>
        <testcase name="test_wp_list_authors_feed_image" class="Tests_User_ListAuthors" classname="Tests_User_ListAuthors" file="/var/www/html/test/wordpress_test/inpsyde_test/test/wp-content/plugins/plugintestslughere/tests/unit/tests/user/listAuthors.php" line="231" assertions="1" time="0.034719"/>
        <testcase name="test_wp_list_authors_feed_type" class="Tests_User_ListAuthors" classname="Tests_User_ListAuthors" file="/var/www/html/test/wordpress_test/inpsyde_test/test/wp-content/plugins/plugintestslughere/tests/unit/tests/user/listAuthors.php" line="255" assertions="1" time="0.033094"/>
        <testcase name="test_wp_list_authors_style" class="Tests_User_ListAuthors" classname="Tests_User_ListAuthors" file="/var/www/html/test/wordpress_test/inpsyde_test/test/wp-content/plugins/plugintestslughere/tests/unit/tests/user/listAuthors.php" line="277" assertions="1" time="0.033007"/>
        <testcase name="test_wp_list_authors_html" class="Tests_User_ListAuthors" classname="Tests_User_ListAuthors" file="/var/www/html/test/wordpress_test/inpsyde_test/test/wp-content/plugins/plugintestslughere/tests/unit/tests/user/listAuthors.php" line="294" assertions="1" time="0.033802"/>
      </testsuite>
      <testsuite name="Tests_User_MapMetaCap" file="/var/www/html/test/wordpress_test/inpsyde_test/test/wp-content/plugins/plugintestslughere/tests/unit/tests/user/mapMetaCap.php" tests="13" assertions="54" errors="0" failures="0" skipped="0" time="0.563525">
        <testcase name="test_capability_type_post_with_invalid_id" class="Tests_User_MapMetaCap" classname="Tests_User_MapMetaCap" file="/var/www/html/test/wordpress_test/inpsyde_test/test/wp-content/plugins/plugintestslughere/tests/unit/tests/user/mapMetaCap.php" line="44" assertions="1" time="0.025288"/>
        <testcase name="test_capability_type_post_with_no_extra_caps" class="Tests_User_MapMetaCap" classname="Tests_User_MapMetaCap" file="/var/www/html/test/wordpress_test/inpsyde_test/test/wp-content/plugins/plugintestslughere/tests/unit/tests/user/mapMetaCap.php" line="51" assertions="7" time="0.028662"/>
        <testcase name="test_custom_capability_type_with_map_meta_cap" class="Tests_User_MapMetaCap" classname="Tests_User_MapMetaCap" file="/var/www/html/test/wordpress_test/inpsyde_test/test/wp-content/plugins/plugintestslughere/tests/unit/tests/user/mapMetaCap.php" line="91" assertions="6" time="0.029291"/>
        <testcase name="test_capability_type_post_with_one_renamed_cap" class="Tests_User_MapMetaCap" classname="Tests_User_MapMetaCap" file="/var/www/html/test/wordpress_test/inpsyde_test/test/wp-content/plugins/plugintestslughere/tests/unit/tests/user/mapMetaCap.php" line="130" assertions="7" time="0.027598"/>
        <testcase name="test_capability_type_post_map_meta_cap_true_with_renamed_cap" class="Tests_User_MapMetaCap" classname="Tests_User_MapMetaCap" file="/var/www/html/test/wordpress_test/inpsyde_test/test/wp-content/plugins/plugintestslughere/tests/unit/tests/user/mapMetaCap.php" line="171" assertions="7" time="0.027808"/>
        <testcase name="test_capability_type_post_with_all_meta_caps_renamed" class="Tests_User_MapMetaCap" classname="Tests_User_MapMetaCap" file="/var/www/html/test/wordpress_test/inpsyde_test/test/wp-content/plugins/plugintestslughere/tests/unit/tests/user/mapMetaCap.php" line="216" assertions="7" time="0.028952"/>
        <testcase name="test_capability_type_post_with_all_meta_caps_renamed_mapped" class="Tests_User_MapMetaCap" classname="Tests_User_MapMetaCap" file="/var/www/html/test/wordpress_test/inpsyde_test/test/wp-content/plugins/plugintestslughere/tests/unit/tests/user/mapMetaCap.php" line="261" assertions="7" time="0.028926"/>
        <testcase name="test_delete_posts_cap_without_map_meta_cap" class="Tests_User_MapMetaCap" classname="Tests_User_MapMetaCap" file="/var/www/html/test/wordpress_test/inpsyde_test/test/wp-content/plugins/plugintestslughere/tests/unit/tests/user/mapMetaCap.php" line="310" assertions="2" time="0.025847"/>
        <testcase name="test_unfiltered_html_cap" class="Tests_User_MapMetaCap" classname="Tests_User_MapMetaCap" file="/var/www/html/test/wordpress_test/inpsyde_test/test/wp-content/plugins/plugintestslughere/tests/unit/tests/user/mapMetaCap.php" line="325" assertions="1" time="0.026262"/>
        <testcase name="test_file_edit_caps_not_reliant_on_unfiltered_html_constant" class="Tests_User_MapMetaCap" classname="Tests_User_MapMetaCap" file="/var/www/html/test/wordpress_test/inpsyde_test/test/wp-content/plugins/plugintestslughere/tests/unit/tests/user/mapMetaCap.php" line="341" assertions="5" time="0.026128"/>
        <testcase name="test_authorless_posts_capabilties" class="Tests_User_MapMetaCap" classname="Tests_User_MapMetaCap" file="/var/www/html/test/wordpress_test/inpsyde_test/test/wp-content/plugins/plugintestslughere/tests/unit/tests/user/mapMetaCap.php" line="359" assertions="2" time="0.147707"/>
        <testcase name="test_only_users_who_can_manage_options_can_delete_page_on_front" class="Tests_User_MapMetaCap" classname="Tests_User_MapMetaCap" file="/var/www/html/test/wordpress_test/inpsyde_test/test/wp-content/plugins/plugintestslughere/tests/unit/tests/user/mapMetaCap.php" line="379" assertions="1" time="0.075501"/>
        <testcase name="test_only_users_who_can_manage_options_can_delete_page_for_posts" class="Tests_User_MapMetaCap" classname="Tests_User_MapMetaCap" file="/var/www/html/test/wordpress_test/inpsyde_test/test/wp-content/plugins/plugintestslughere/tests/unit/tests/user/mapMetaCap.php" line="399" assertions="1" time="0.065555"/>
      </testsuite>
      <testsuite name="Tests_User_Query" file="/var/www/html/test/wordpress_test/inpsyde_test/test/wp-content/plugins/plugintestslughere/tests/unit/tests/user/query.php" tests="65" assertions="172" errors="0" failures="0" skipped="0" time="4.729944">
        <testcase name="test_get_and_set" class="Tests_User_Query" classname="Tests_User_Query" file="/var/www/html/test/wordpress_test/inpsyde_test/test/wp-content/plugins/plugintestslughere/tests/unit/tests/user/query.php" line="52" assertions="6" time="0.024746"/>
        <testcase name="test_include_single" class="Tests_User_Query" classname="Tests_User_Query" file="/var/www/html/test/wordpress_test/inpsyde_test/test/wp-content/plugins/plugintestslughere/tests/unit/tests/user/query.php" line="72" assertions="1" time="0.051060"/>
        <testcase name="test_include_comma_separated" class="Tests_User_Query" classname="Tests_User_Query" file="/var/www/html/test/wordpress_test/inpsyde_test/test/wp-content/plugins/plugintestslughere/tests/unit/tests/user/query.php" line="84" assertions="1" time="0.027370"/>
        <testcase name="test_include_array" class="Tests_User_Query" classname="Tests_User_Query" file="/var/www/html/test/wordpress_test/inpsyde_test/test/wp-content/plugins/plugintestslughere/tests/unit/tests/user/query.php" line="96" assertions="1" time="0.026571"/>
        <testcase name="test_include_array_bad_values" class="Tests_User_Query" classname="Tests_User_Query" file="/var/www/html/test/wordpress_test/inpsyde_test/test/wp-content/plugins/plugintestslughere/tests/unit/tests/user/query.php" line="108" assertions="1" time="0.026013"/>
        <testcase name="test_exclude" class="Tests_User_Query" classname="Tests_User_Query" file="/var/www/html/test/wordpress_test/inpsyde_test/test/wp-content/plugins/plugintestslughere/tests/unit/tests/user/query.php" line="120" assertions="2" time="0.027885"/>
        <testcase name="test_get_all" class="Tests_User_Query" classname="Tests_User_Query" file="/var/www/html/test/wordpress_test/inpsyde_test/test/wp-content/plugins/plugintestslughere/tests/unit/tests/user/query.php" line="135" assertions="28" time="0.040047"/>
        <testcase name="test_get_total_is_int" class="Tests_User_Query" classname="Tests_User_Query" file="/var/www/html/test/wordpress_test/inpsyde_test/test/wp-content/plugins/plugintestslughere/tests/unit/tests/user/query.php" line="161" assertions="1" time="0.036907"/>
        <testsuite name="Tests_User_Query::test_orderby_should_convert_non_prefixed_keys" tests="5" assertions="5" errors="0" failures="0" skipped="0" time="0.238230">
          <testcase name="test_orderby_should_convert_non_prefixed_keys with data set #0" class="Tests_User_Query" classname="Tests_User_Query" file="/var/www/html/test/wordpress_test/inpsyde_test/test/wp-content/plugins/plugintestslughere/tests/unit/tests/user/query.php" line="171" assertions="1" time="0.038213"/>
          <testcase name="test_orderby_should_convert_non_prefixed_keys with data set #1" class="Tests_User_Query" classname="Tests_User_Query" file="/var/www/html/test/wordpress_test/inpsyde_test/test/wp-content/plugins/plugintestslughere/tests/unit/tests/user/query.php" line="171" assertions="1" time="0.087833"/>
          <testcase name="test_orderby_should_convert_non_prefixed_keys with data set #2" class="Tests_User_Query" classname="Tests_User_Query" file="/var/www/html/test/wordpress_test/inpsyde_test/test/wp-content/plugins/plugintestslughere/tests/unit/tests/user/query.php" line="171" assertions="1" time="0.034062"/>
          <testcase name="test_orderby_should_convert_non_prefixed_keys with data set #3" class="Tests_User_Query" classname="Tests_User_Query" file="/var/www/html/test/wordpress_test/inpsyde_test/test/wp-content/plugins/plugintestslughere/tests/unit/tests/user/query.php" line="171" assertions="1" time="0.040962"/>
          <testcase name="test_orderby_should_convert_non_prefixed_keys with data set #4" class="Tests_User_Query" classname="Tests_User_Query" file="/var/www/html/test/wordpress_test/inpsyde_test/test/wp-content/plugins/plugintestslughere/tests/unit/tests/user/query.php" line="171" assertions="1" time="0.037160"/>
        </testsuite>
        <testcase name="test_orderby_meta_value" class="Tests_User_Query" classname="Tests_User_Query" file="/var/www/html/test/wordpress_test/inpsyde_test/test/wp-content/plugins/plugintestslughere/tests/unit/tests/user/query.php" line="191" assertions="1" time="0.672333"/>
        <testcase name="test_orderby_meta_value_num" class="Tests_User_Query" classname="Tests_User_Query" file="/var/www/html/test/wordpress_test/inpsyde_test/test/wp-content/plugins/plugintestslughere/tests/unit/tests/user/query.php" line="213" assertions="1" time="0.077201"/>
        <testcase name="test_orderby_somekey_where_meta_key_is_somekey" class="Tests_User_Query" classname="Tests_User_Query" file="/var/www/html/test/wordpress_test/inpsyde_test/test/wp-content/plugins/plugintestslughere/tests/unit/tests/user/query.php" line="235" assertions="1" time="0.175328"/>
        <testcase name="test_orderby_clause_key" class="Tests_User_Query" classname="Tests_User_Query" file="/var/www/html/test/wordpress_test/inpsyde_test/test/wp-content/plugins/plugintestslughere/tests/unit/tests/user/query.php" line="257" assertions="1" time="0.077254"/>
        <testcase name="test_orderby_clause_key_as_secondary_sort" class="Tests_User_Query" classname="Tests_User_Query" file="/var/www/html/test/wordpress_test/inpsyde_test/test/wp-content/plugins/plugintestslughere/tests/unit/tests/user/query.php" line="282" assertions="1" time="0.241156"/>
        <testcase name="test_orderby_more_than_one_clause_key" class="Tests_User_Query" classname="Tests_User_Query" file="/var/www/html/test/wordpress_test/inpsyde_test/test/wp-content/plugins/plugintestslughere/tests/unit/tests/user/query.php" line="325" assertions="1" time="0.087682"/>
        <testcase name="test_orderby_include_with_empty_include" class="Tests_User_Query" classname="Tests_User_Query" file="/var/www/html/test/wordpress_test/inpsyde_test/test/wp-content/plugins/plugintestslughere/tests/unit/tests/user/query.php" line="359" assertions="1" time="0.038258"/>
        <testcase name="test_orderby_include" class="Tests_User_Query" classname="Tests_User_Query" file="/var/www/html/test/wordpress_test/inpsyde_test/test/wp-content/plugins/plugintestslughere/tests/unit/tests/user/query.php" line="372" assertions="2" time="0.025523"/>
        <testcase name="test_orderby_include_duplicate_values" class="Tests_User_Query" classname="Tests_User_Query" file="/var/www/html/test/wordpress_test/inpsyde_test/test/wp-content/plugins/plugintestslughere/tests/unit/tests/user/query.php" line="393" assertions="2" time="0.026608"/>
        <testcase name="test_orderby_space_separated" class="Tests_User_Query" classname="Tests_User_Query" file="/var/www/html/test/wordpress_test/inpsyde_test/test/wp-content/plugins/plugintestslughere/tests/unit/tests/user/query.php" line="414" assertions="1" time="0.035746"/>
        <testcase name="test_orderby_flat_array" class="Tests_User_Query" classname="Tests_User_Query" file="/var/www/html/test/wordpress_test/inpsyde_test/test/wp-content/plugins/plugintestslughere/tests/unit/tests/user/query.php" line="428" assertions="1" time="0.049192"/>
        <testcase name="test_orderby_array_contains_invalid_item" class="Tests_User_Query" classname="Tests_User_Query" file="/var/www/html/test/wordpress_test/inpsyde_test/test/wp-content/plugins/plugintestslughere/tests/unit/tests/user/query.php" line="441" assertions="1" time="0.034262"/>
        <testcase name="test_orderby_array_contains_all_invalid_items" class="Tests_User_Query" classname="Tests_User_Query" file="/var/www/html/test/wordpress_test/inpsyde_test/test/wp-content/plugins/plugintestslughere/tests/unit/tests/user/query.php" line="454" assertions="1" time="0.033549"/>
        <testcase name="test_orderby_array" class="Tests_User_Query" classname="Tests_User_Query" file="/var/www/html/test/wordpress_test/inpsyde_test/test/wp-content/plugins/plugintestslughere/tests/unit/tests/user/query.php" line="467" assertions="1" time="0.035200"/>
        <testcase name="test_orderby_array_should_discard_invalid_columns" class="Tests_User_Query" classname="Tests_User_Query" file="/var/www/html/test/wordpress_test/inpsyde_test/test/wp-content/plugins/plugintestslughere/tests/unit/tests/user/query.php" line="484" assertions="1" time="0.039151"/>
        <testcase name="test_number" class="Tests_User_Query" classname="Tests_User_Query" file="/var/www/html/test/wordpress_test/inpsyde_test/test/wp-content/plugins/plugintestslughere/tests/unit/tests/user/query.php" line="501" assertions="4" time="0.041476"/>
        <testcase name="test_prepare_query" class="Tests_User_Query" classname="Tests_User_Query" file="/var/www/html/test/wordpress_test/inpsyde_test/test/wp-content/plugins/plugintestslughere/tests/unit/tests/user/query.php" line="538" assertions="20" time="0.029085"/>
        <testcase name="test_meta_vars_should_be_converted_to_meta_query" class="Tests_User_Query" classname="Tests_User_Query" file="/var/www/html/test/wordpress_test/inpsyde_test/test/wp-content/plugins/plugintestslughere/tests/unit/tests/user/query.php" line="576" assertions="4" time="0.030085"/>
        <testcase name="test_meta_query_with_role" class="Tests_User_Query" classname="Tests_User_Query" file="/var/www/html/test/wordpress_test/inpsyde_test/test/wp-content/plugins/plugintestslughere/tests/unit/tests/user/query.php" line="603" assertions="1" time="0.093923"/>
        <testcase name="test_roles_and_caps_should_be_populated_for_default_value_of_blog_id" class="Tests_User_Query" classname="Tests_User_Query" file="/var/www/html/test/wordpress_test/inpsyde_test/test/wp-content/plugins/plugintestslughere/tests/unit/tests/user/query.php" line="629" assertions="3" time="0.026015"/>
        <testcase name="test_roles_and_caps_should_be_populated_for_explicit_value_of_blog_id_on_nonms" class="Tests_User_Query" classname="Tests_User_Query" file="/var/www/html/test/wordpress_test/inpsyde_test/test/wp-content/plugins/plugintestslughere/tests/unit/tests/user/query.php" line="647" assertions="3" time="0.026154"/>
        <testcase name="test_has_published_posts_with_value_true_should_show_authors_of_posts_in_public_post_types" class="Tests_User_Query" classname="Tests_User_Query" file="/var/www/html/test/wordpress_test/inpsyde_test/test/wp-content/plugins/plugintestslughere/tests/unit/tests/user/query.php" line="822" assertions="1" time="0.099579"/>
        <testcase name="test_has_published_posts_should_obey_post_types" class="Tests_User_Query" classname="Tests_User_Query" file="/var/www/html/test/wordpress_test/inpsyde_test/test/wp-content/plugins/plugintestslughere/tests/unit/tests/user/query.php" line="856" assertions="1" time="0.120586"/>
        <testcase name="test_has_published_posts_should_ignore_non_published_posts" class="Tests_User_Query" classname="Tests_User_Query" file="/var/www/html/test/wordpress_test/inpsyde_test/test/wp-content/plugins/plugintestslughere/tests/unit/tests/user/query.php" line="897" assertions="1" time="0.120968"/>
        <testcase name="test_top_level_or_meta_query_should_eliminate_duplicate_matches" class="Tests_User_Query" classname="Tests_User_Query" file="/var/www/html/test/wordpress_test/inpsyde_test/test/wp-content/plugins/plugintestslughere/tests/unit/tests/user/query.php" line="983" assertions="1" time="0.088283"/>
        <testcase name="test_nested_or_meta_query_should_eliminate_duplicate_matches" class="Tests_User_Query" classname="Tests_User_Query" file="/var/www/html/test/wordpress_test/inpsyde_test/test/wp-content/plugins/plugintestslughere/tests/unit/tests/user/query.php" line="1013" assertions="1" time="0.086436"/>
        <testcase name="test_nicename_returns_user_with_nicename" class="Tests_User_Query" classname="Tests_User_Query" file="/var/www/html/test/wordpress_test/inpsyde_test/test/wp-content/plugins/plugintestslughere/tests/unit/tests/user/query.php" line="1051" assertions="2" time="0.076155"/>
        <testcase name="test_nicename__in_returns_users_with_included_nicenames" class="Tests_User_Query" classname="Tests_User_Query" file="/var/www/html/test/wordpress_test/inpsyde_test/test/wp-content/plugins/plugintestslughere/tests/unit/tests/user/query.php" line="1075" assertions="2" time="0.110036"/>
        <testcase name="test_nicename__not_in_returns_users_without_included_nicenames" class="Tests_User_Query" classname="Tests_User_Query" file="/var/www/html/test/wordpress_test/inpsyde_test/test/wp-content/plugins/plugintestslughere/tests/unit/tests/user/query.php" line="1113" assertions="2" time="0.131942"/>
        <testcase name="test_orderby_nicename__in" class="Tests_User_Query" classname="Tests_User_Query" file="/var/www/html/test/wordpress_test/inpsyde_test/test/wp-content/plugins/plugintestslughere/tests/unit/tests/user/query.php" line="1151" assertions="2" time="0.109604"/>
        <testcase name="test_login_returns_user_with_login" class="Tests_User_Query" classname="Tests_User_Query" file="/var/www/html/test/wordpress_test/inpsyde_test/test/wp-content/plugins/plugintestslughere/tests/unit/tests/user/query.php" line="1190" assertions="2" time="0.030245"/>
        <testcase name="test_login__in_returns_users_with_included_logins" class="Tests_User_Query" classname="Tests_User_Query" file="/var/www/html/test/wordpress_test/inpsyde_test/test/wp-content/plugins/plugintestslughere/tests/unit/tests/user/query.php" line="1210" assertions="2" time="0.031540"/>
        <testcase name="test_login__not_in_returns_users_without_included_logins" class="Tests_User_Query" classname="Tests_User_Query" file="/var/www/html/test/wordpress_test/inpsyde_test/test/wp-content/plugins/plugintestslughere/tests/unit/tests/user/query.php" line="1231" assertions="2" time="0.038512"/>
        <testcase name="test_orderby_login__in" class="Tests_User_Query" classname="Tests_User_Query" file="/var/www/html/test/wordpress_test/inpsyde_test/test/wp-content/plugins/plugintestslughere/tests/unit/tests/user/query.php" line="1252" assertions="2" time="0.032998"/>
        <testcase name="test_paged" class="Tests_User_Query" classname="Tests_User_Query" file="/var/www/html/test/wordpress_test/inpsyde_test/test/wp-content/plugins/plugintestslughere/tests/unit/tests/user/query.php" line="1274" assertions="1" time="0.028346"/>
        <testcase name="test_query_vars_should_be_filled_in_after_pre_get_users" class="Tests_User_Query" classname="Tests_User_Query" file="/var/www/html/test/wordpress_test/inpsyde_test/test/wp-content/plugins/plugintestslughere/tests/unit/tests/user/query.php" line="1291" assertions="18" time="0.049793"/>
        <testcase name="test_get_single_role_by_user_query" class="Tests_User_Query" classname="Tests_User_Query" file="/var/www/html/test/wordpress_test/inpsyde_test/test/wp-content/plugins/plugintestslughere/tests/unit/tests/user/query.php" line="1313" assertions="1" time="0.031364"/>
        <testcase name="test_get_multiple_roles_by_user_query" class="Tests_User_Query" classname="Tests_User_Query" file="/var/www/html/test/wordpress_test/inpsyde_test/test/wp-content/plugins/plugintestslughere/tests/unit/tests/user/query.php" line="1323" assertions="1" time="0.032679"/>
        <testcase name="test_get_single_role_by_string" class="Tests_User_Query" classname="Tests_User_Query" file="/var/www/html/test/wordpress_test/inpsyde_test/test/wp-content/plugins/plugintestslughere/tests/unit/tests/user/query.php" line="1332" assertions="1" time="0.031863"/>
        <testcase name="test_get_single_role_by_string_which_is_similar" class="Tests_User_Query" classname="Tests_User_Query" file="/var/www/html/test/wordpress_test/inpsyde_test/test/wp-content/plugins/plugintestslughere/tests/unit/tests/user/query.php" line="1345" assertions="1" time="0.138703"/>
        <testcase name="test_get_single_role_by_array" class="Tests_User_Query" classname="Tests_User_Query" file="/var/www/html/test/wordpress_test/inpsyde_test/test/wp-content/plugins/plugintestslughere/tests/unit/tests/user/query.php" line="1368" assertions="1" time="0.030259"/>
        <testcase name="test_get_multiple_roles_should_only_match_users_who_have_each_role" class="Tests_User_Query" classname="Tests_User_Query" file="/var/www/html/test/wordpress_test/inpsyde_test/test/wp-content/plugins/plugintestslughere/tests/unit/tests/user/query.php" line="1381" assertions="4" time="0.090964"/>
        <testcase name="test_get_multiple_roles_or" class="Tests_User_Query" classname="Tests_User_Query" file="/var/www/html/test/wordpress_test/inpsyde_test/test/wp-content/plugins/plugintestslughere/tests/unit/tests/user/query.php" line="1405" assertions="9" time="0.040263"/>
        <testcase name="test_get_multiple_roles_by_comma_separated_list" class="Tests_User_Query" classname="Tests_User_Query" file="/var/www/html/test/wordpress_test/inpsyde_test/test/wp-content/plugins/plugintestslughere/tests/unit/tests/user/query.php" line="1419" assertions="2" time="0.089955"/>
        <testcase name="test_get_multiple_roles_with_meta" class="Tests_User_Query" classname="Tests_User_Query" file="/var/www/html/test/wordpress_test/inpsyde_test/test/wp-content/plugins/plugintestslughere/tests/unit/tests/user/query.php" line="1445" assertions="2" time="0.098228"/>
        <testcase name="test_role_exclusion" class="Tests_User_Query" classname="Tests_User_Query" file="/var/www/html/test/wordpress_test/inpsyde_test/test/wp-content/plugins/plugintestslughere/tests/unit/tests/user/query.php" line="1492" assertions="2" time="0.045666"/>
        <testcase name="test_role__in_role__not_in_combined" class="Tests_User_Query" classname="Tests_User_Query" file="/var/www/html/test/wordpress_test/inpsyde_test/test/wp-content/plugins/plugintestslughere/tests/unit/tests/user/query.php" line="1515" assertions="2" time="0.096014"/>
        <testcase name="test_role__not_in_role_combined" class="Tests_User_Query" classname="Tests_User_Query" file="/var/www/html/test/wordpress_test/inpsyde_test/test/wp-content/plugins/plugintestslughere/tests/unit/tests/user/query.php" line="1542" assertions="1" time="0.077571"/>
        <testcase name="test_role__not_in_user_without_role" class="Tests_User_Query" classname="Tests_User_Query" file="/var/www/html/test/wordpress_test/inpsyde_test/test/wp-content/plugins/plugintestslughere/tests/unit/tests/user/query.php" line="1559" assertions="2" time="0.087100"/>
        <testcase name="test_search_by_display_name_only" class="Tests_User_Query" classname="Tests_User_Query" file="/var/www/html/test/wordpress_test/inpsyde_test/test/wp-content/plugins/plugintestslughere/tests/unit/tests/user/query.php" line="1643" assertions="1" time="0.132630"/>
        <testcase name="test_search_by_display_name_only_ignore_others" class="Tests_User_Query" classname="Tests_User_Query" file="/var/www/html/test/wordpress_test/inpsyde_test/test/wp-content/plugins/plugintestslughere/tests/unit/tests/user/query.php" line="1671" assertions="1" time="0.131525"/>
        <testcase name="test_users_pre_query_filter_should_bypass_database_query" class="Tests_User_Query" classname="Tests_User_Query" file="/var/www/html/test/wordpress_test/inpsyde_test/test/wp-content/plugins/plugintestslughere/tests/unit/tests/user/query.php" line="1699" assertions="3" time="0.026126"/>
      </testsuite>
      <testsuite name="Tests_User_Session" file="/var/www/html/test/wordpress_test/inpsyde_test/test/wp-content/plugins/plugintestslughere/tests/unit/tests/user/session.php" tests="3" assertions="19" errors="0" failures="0" skipped="0" time="0.413748">
        <testcase name="test_verify_and_destroy_token" class="Tests_User_Session" classname="Tests_User_Session" file="/var/www/html/test/wordpress_test/inpsyde_test/test/wp-content/plugins/plugintestslughere/tests/unit/tests/user/session.php" line="19" assertions="5" time="0.128046"/>
        <testcase name="test_destroy_other_tokens" class="Tests_User_Session" classname="Tests_User_Session" file="/var/www/html/test/wordpress_test/inpsyde_test/test/wp-content/plugins/plugintestslughere/tests/unit/tests/user/session.php" line="28" assertions="8" time="0.143091"/>
        <testcase name="test_destroy_all_tokens" class="Tests_User_Session" classname="Tests_User_Session" file="/var/www/html/test/wordpress_test/inpsyde_test/test/wp-content/plugins/plugintestslughere/tests/unit/tests/user/session.php" line="42" assertions="6" time="0.142611"/>
      </testsuite>
      <testsuite name="Tests_User_Slashes" file="/var/www/html/test/wordpress_test/inpsyde_test/test/wp-content/plugins/plugintestslughere/tests/unit/tests/user/slashes.php" tests="4" assertions="40" errors="0" failures="0" skipped="0" time="0.661311">
        <testcase name="test_add_user" class="Tests_User_Slashes" classname="Tests_User_Slashes" file="/var/www/html/test/wordpress_test/inpsyde_test/test/wp-content/plugins/plugintestslughere/tests/unit/tests/user/slashes.php" line="36" assertions="10" time="0.210764"/>
        <testcase name="test_edit_user" class="Tests_User_Slashes" classname="Tests_User_Slashes" file="/var/www/html/test/wordpress_test/inpsyde_test/test/wp-content/plugins/plugintestslughere/tests/unit/tests/user/slashes.php" line="91" assertions="10" time="0.132381"/>
        <testcase name="test_wp_insert_user" class="Tests_User_Slashes" classname="Tests_User_Slashes" file="/var/www/html/test/wordpress_test/inpsyde_test/test/wp-content/plugins/plugintestslughere/tests/unit/tests/user/slashes.php" line="142" assertions="10" time="0.197501"/>
        <testcase name="test_wp_update_user" class="Tests_User_Slashes" classname="Tests_User_Slashes" file="/var/www/html/test/wordpress_test/inpsyde_test/test/wp-content/plugins/plugintestslughere/tests/unit/tests/user/slashes.php" line="189" assertions="10" time="0.120665"/>
      </testsuite>
      <testsuite name="Tests_User_UpdateUserCaches" file="/var/www/html/test/wordpress_test/inpsyde_test/test/wp-content/plugins/plugintestslughere/tests/unit/tests/user/updateUserCaches.php" tests="5" assertions="6" errors="0" failures="0" skipped="0" time="0.332217">
        <testcase name="test_should_store_entire_database_row_in_users_bucket" class="Tests_User_UpdateUserCaches" classname="Tests_User_UpdateUserCaches" file="/var/www/html/test/wordpress_test/inpsyde_test/test/wp-content/plugins/plugintestslughere/tests/unit/tests/user/updateUserCaches.php" line="7" assertions="1" time="0.124585"/>
        <testcase name="test_should_store_user_id_in_userlogins_bucket" class="Tests_User_UpdateUserCaches" classname="Tests_User_UpdateUserCaches" file="/var/www/html/test/wordpress_test/inpsyde_test/test/wp-content/plugins/plugintestslughere/tests/unit/tests/user/updateUserCaches.php" line="18" assertions="1" time="0.026057"/>
        <testcase name="test_should_store_user_id_in_useremail_bucket" class="Tests_User_UpdateUserCaches" classname="Tests_User_UpdateUserCaches" file="/var/www/html/test/wordpress_test/inpsyde_test/test/wp-content/plugins/plugintestslughere/tests/unit/tests/user/updateUserCaches.php" line="30" assertions="1" time="0.024042"/>
        <testcase name="test_should_store_user_id_in_userslugs_bucket" class="Tests_User_UpdateUserCaches" classname="Tests_User_UpdateUserCaches" file="/var/www/html/test/wordpress_test/inpsyde_test/test/wp-content/plugins/plugintestslughere/tests/unit/tests/user/updateUserCaches.php" line="42" assertions="1" time="0.026657"/>
        <testcase name="test_should_store_raw_data_in_users_bucket_when_passed_a_wp_user_object" class="Tests_User_UpdateUserCaches" classname="Tests_User_UpdateUserCaches" file="/var/www/html/test/wordpress_test/inpsyde_test/test/wp-content/plugins/plugintestslughere/tests/unit/tests/user/updateUserCaches.php" line="57" assertions="2" time="0.130876"/>
      </testsuite>
      <testsuite name="Tests_User_WpAuthenticateSpamCheck" file="/var/www/html/test/wordpress_test/inpsyde_test/test/wp-content/plugins/plugintestslughere/tests/unit/tests/user/wpAuthenticateSpamCheck.php" tests="1" assertions="1" errors="0" failures="0" skipped="0" time="0.171410">
        <testcase name="test_wp_authenticate_spam_check_returns_user_when_single_site" class="Tests_User_WpAuthenticateSpamCheck" classname="Tests_User_WpAuthenticateSpamCheck" file="/var/www/html/test/wordpress_test/inpsyde_test/test/wp-content/plugins/plugintestslughere/tests/unit/tests/user/wpAuthenticateSpamCheck.php" line="11" assertions="1" time="0.171410"/>
      </testsuite>
      <testsuite name="Tests_User_WpDeleteUser" file="/var/www/html/test/wordpress_test/inpsyde_test/test/wp-content/plugins/plugintestslughere/tests/unit/tests/user/wpDeleteUser.php" tests="7" assertions="30" errors="0" failures="0" skipped="0" time="1.136236">
        <testcase name="test_get_blogs_of_user" class="Tests_User_WpDeleteUser" classname="Tests_User_WpDeleteUser" file="/var/www/html/test/wordpress_test/inpsyde_test/test/wp-content/plugins/plugintestslughere/tests/unit/tests/user/wpDeleteUser.php" line="13" assertions="4" time="0.148288"/>
        <testcase name="test_is_user_member_of_blog" class="Tests_User_WpDeleteUser" classname="Tests_User_WpDeleteUser" file="/var/www/html/test/wordpress_test/inpsyde_test/test/wp-content/plugins/plugintestslughere/tests/unit/tests/user/wpDeleteUser.php" line="34" assertions="7" time="0.143337"/>
        <testcase name="test_delete_user" class="Tests_User_WpDeleteUser" classname="Tests_User_WpDeleteUser" file="/var/www/html/test/wordpress_test/inpsyde_test/test/wp-content/plugins/plugintestslughere/tests/unit/tests/user/wpDeleteUser.php" line="56" assertions="13" time="0.273698"/>
        <testcase name="test_wp_delete_user_reassignment_clears_post_caches" class="Tests_User_WpDeleteUser" classname="Tests_User_WpDeleteUser" file="/var/www/html/test/wordpress_test/inpsyde_test/test/wp-content/plugins/plugintestslughere/tests/unit/tests/user/wpDeleteUser.php" line="114" assertions="1" time="0.241850"/>
        <testcase name="test_numeric_string_user_id" class="Tests_User_WpDeleteUser" classname="Tests_User_WpDeleteUser" file="/var/www/html/test/wordpress_test/inpsyde_test/test/wp-content/plugins/plugintestslughere/tests/unit/tests/user/wpDeleteUser.php" line="130" assertions="2" time="0.154078"/>
        <testcase name="test_should_return_false_for_non_numeric_string_user_id" class="Tests_User_WpDeleteUser" classname="Tests_User_WpDeleteUser" file="/var/www/html/test/wordpress_test/inpsyde_test/test/wp-content/plugins/plugintestslughere/tests/unit/tests/user/wpDeleteUser.php" line="141" assertions="1" time="0.027756"/>
        <testcase name="test_should_return_false_for_object_user_id" class="Tests_User_WpDeleteUser" classname="Tests_User_WpDeleteUser" file="/var/www/html/test/wordpress_test/inpsyde_test/test/wp-content/plugins/plugintestslughere/tests/unit/tests/user/wpDeleteUser.php" line="149" assertions="2" time="0.147229"/>
      </testsuite>
      <testsuite name="Tests_User_WpDropdownUsers" file="/var/www/html/test/wordpress_test/inpsyde_test/test/wp-content/plugins/plugintestslughere/tests/unit/tests/user/wpDropdownUsers.php" tests="9" assertions="12" errors="0" failures="0" skipped="0" time="1.379327">
        <testcase name="test_default_value_of_show_should_be_display_name" class="Tests_User_WpDropdownUsers" classname="Tests_User_WpDropdownUsers" file="/var/www/html/test/wordpress_test/inpsyde_test/test/wp-content/plugins/plugintestslughere/tests/unit/tests/user/wpDropdownUsers.php" line="13" assertions="1" time="0.172293"/>
        <testcase name="test_show_should_display_display_name_show_is_specified_as_empty" class="Tests_User_WpDropdownUsers" classname="Tests_User_WpDropdownUsers" file="/var/www/html/test/wordpress_test/inpsyde_test/test/wp-content/plugins/plugintestslughere/tests/unit/tests/user/wpDropdownUsers.php" line="37" assertions="1" time="0.130984"/>
        <testcase name="test_show_should_display_user_property_when_the_value_of_show_is_a_valid_user_property" class="Tests_User_WpDropdownUsers" classname="Tests_User_WpDropdownUsers" file="/var/www/html/test/wordpress_test/inpsyde_test/test/wp-content/plugins/plugintestslughere/tests/unit/tests/user/wpDropdownUsers.php" line="63" assertions="1" time="0.131916"/>
        <testcase name="test_show_display_name_with_login" class="Tests_User_WpDropdownUsers" classname="Tests_User_WpDropdownUsers" file="/var/www/html/test/wordpress_test/inpsyde_test/test/wp-content/plugins/plugintestslughere/tests/unit/tests/user/wpDropdownUsers.php" line="89" assertions="1" time="0.131812"/>
        <testcase name="test_include_selected" class="Tests_User_WpDropdownUsers" classname="Tests_User_WpDropdownUsers" file="/var/www/html/test/wordpress_test/inpsyde_test/test/wp-content/plugins/plugintestslughere/tests/unit/tests/user/wpDropdownUsers.php" line="115" assertions="1" time="0.197804"/>
        <testcase name="test_include_selected_with_non_existing_user_id" class="Tests_User_WpDropdownUsers" classname="Tests_User_WpDropdownUsers" file="/var/www/html/test/wordpress_test/inpsyde_test/test/wp-content/plugins/plugintestslughere/tests/unit/tests/user/wpDropdownUsers.php" line="135" assertions="1" time="0.037673"/>
        <testcase name="test_role" class="Tests_User_WpDropdownUsers" classname="Tests_User_WpDropdownUsers" file="/var/www/html/test/wordpress_test/inpsyde_test/test/wp-content/plugins/plugintestslughere/tests/unit/tests/user/wpDropdownUsers.php" line="151" assertions="2" time="0.203843"/>
        <testcase name="test_role__in" class="Tests_User_WpDropdownUsers" classname="Tests_User_WpDropdownUsers" file="/var/www/html/test/wordpress_test/inpsyde_test/test/wp-content/plugins/plugintestslughere/tests/unit/tests/user/wpDropdownUsers.php" line="170" assertions="2" time="0.186789"/>
        <testcase name="test_role__not_in" class="Tests_User_WpDropdownUsers" classname="Tests_User_WpDropdownUsers" file="/var/www/html/test/wordpress_test/inpsyde_test/test/wp-content/plugins/plugintestslughere/tests/unit/tests/user/wpDropdownUsers.php" line="189" assertions="2" time="0.186213"/>
      </testsuite>
      <testsuite name="Tests_User_GetUsersWithNoRole" file="/var/www/html/test/wordpress_test/inpsyde_test/test/wp-content/plugins/plugintestslughere/tests/unit/tests/user/wpGetUsersWithNoRole.php" tests="2" assertions="2" errors="0" failures="0" skipped="0" time="0.478961">
        <testcase name="test_get_users_with_no_role_is_accurate" class="Tests_User_GetUsersWithNoRole" classname="Tests_User_GetUsersWithNoRole" file="/var/www/html/test/wordpress_test/inpsyde_test/test/wp-content/plugins/plugintestslughere/tests/unit/tests/user/wpGetUsersWithNoRole.php" line="12" assertions="1" time="0.336974"/>
        <testcase name="test_get_users_with_no_role_matches_on_role_name" class="Tests_User_GetUsersWithNoRole" classname="Tests_User_GetUsersWithNoRole" file="/var/www/html/test/wordpress_test/inpsyde_test/test/wp-content/plugins/plugintestslughere/tests/unit/tests/user/wpGetUsersWithNoRole.php" line="113" assertions="1" time="0.141987"/>
      </testsuite>
      <testsuite name="Tests_User_WpSendUserRequest" file="/var/www/html/test/wordpress_test/inpsyde_test/test/wp-content/plugins/plugintestslughere/tests/unit/tests/user/wpSendUserRequest.php" tests="15" assertions="35" errors="0" failures="0" skipped="0" time="2.162247">
        <testcase name="test_should_error_when_invalid_request_id" class="Tests_User_WpSendUserRequest" classname="Tests_User_WpSendUserRequest" file="/var/www/html/test/wordpress_test/inpsyde_test/test/wp-content/plugins/plugintestslughere/tests/unit/tests/user/wpSendUserRequest.php" line="96" assertions="2" time="0.025626"/>
        <testcase name="test_should_send_user_request_export_email_when_requester_registered_user" class="Tests_User_WpSendUserRequest" classname="Tests_User_WpSendUserRequest" file="/var/www/html/test/wordpress_test/inpsyde_test/test/wp-content/plugins/plugintestslughere/tests/unit/tests/user/wpSendUserRequest.php" line="108" assertions="5" time="0.116525"/>
        <testcase name="test_should_send_user_request_erase_email_when_requester_registered_user" class="Tests_User_WpSendUserRequest" classname="Tests_User_WpSendUserRequest" file="/var/www/html/test/wordpress_test/inpsyde_test/test/wp-content/plugins/plugintestslughere/tests/unit/tests/user/wpSendUserRequest.php" line="126" assertions="5" time="0.120429"/>
        <testcase name="test_should_send_user_request_export_email_when_user_not_registered" class="Tests_User_WpSendUserRequest" classname="Tests_User_WpSendUserRequest" file="/var/www/html/test/wordpress_test/inpsyde_test/test/wp-content/plugins/plugintestslughere/tests/unit/tests/user/wpSendUserRequest.php" line="144" assertions="5" time="0.131903"/>
        <testcase name="test_should_send_user_request_erase_email_when_user_not_registered" class="Tests_User_WpSendUserRequest" classname="Tests_User_WpSendUserRequest" file="/var/www/html/test/wordpress_test/inpsyde_test/test/wp-content/plugins/plugintestslughere/tests/unit/tests/user/wpSendUserRequest.php" line="162" assertions="5" time="0.131275"/>
        <testcase name="test_email_subject_should_be_filterable" class="Tests_User_WpSendUserRequest" classname="Tests_User_WpSendUserRequest" file="/var/www/html/test/wordpress_test/inpsyde_test/test/wp-content/plugins/plugintestslughere/tests/unit/tests/user/wpSendUserRequest.php" line="180" assertions="2" time="0.120869"/>
        <testcase name="test_email_content_should_be_filterable" class="Tests_User_WpSendUserRequest" classname="Tests_User_WpSendUserRequest" file="/var/www/html/test/wordpress_test/inpsyde_test/test/wp-content/plugins/plugintestslughere/tests/unit/tests/user/wpSendUserRequest.php" line="208" assertions="2" time="0.120450"/>
        <testcase name="test_email_headers_should_be_filterable" class="Tests_User_WpSendUserRequest" classname="Tests_User_WpSendUserRequest" file="/var/www/html/test/wordpress_test/inpsyde_test/test/wp-content/plugins/plugintestslughere/tests/unit/tests/user/wpSendUserRequest.php" line="238" assertions="1" time="0.109587"/>
        <testcase name="test_return_wp_error_when_sending_fails" class="Tests_User_WpSendUserRequest" classname="Tests_User_WpSendUserRequest" file="/var/www/html/test/wordpress_test/inpsyde_test/test/wp-content/plugins/plugintestslughere/tests/unit/tests/user/wpSendUserRequest.php" line="270" assertions="2" time="0.110292"/>
        <testcase name="test_should_send_user_request_email_in_user_locale" class="Tests_User_WpSendUserRequest" classname="Tests_User_WpSendUserRequest" file="/var/www/html/test/wordpress_test/inpsyde_test/test/wp-content/plugins/plugintestslughere/tests/unit/tests/user/wpSendUserRequest.php" line="286" assertions="1" time="0.198321"/>
        <testcase name="test_should_send_user_request_email_in_user_locale_when_site_is_not_en_us" class="Tests_User_WpSendUserRequest" classname="Tests_User_WpSendUserRequest" file="/var/www/html/test/wordpress_test/inpsyde_test/test/wp-content/plugins/plugintestslughere/tests/unit/tests/user/wpSendUserRequest.php" line="305" assertions="1" time="0.186347"/>
        <testcase name="test_should_send_user_request_email_in_user_locale_when_admin_and_site_have_different_locales" class="Tests_User_WpSendUserRequest" classname="Tests_User_WpSendUserRequest" file="/var/www/html/test/wordpress_test/inpsyde_test/test/wp-content/plugins/plugintestslughere/tests/unit/tests/user/wpSendUserRequest.php" line="327" assertions="1" time="0.274646"/>
        <testcase name="test_should_send_user_request_email_in_user_locale_when_both_have_different_locales_than_site" class="Tests_User_WpSendUserRequest" classname="Tests_User_WpSendUserRequest" file="/var/www/html/test/wordpress_test/inpsyde_test/test/wp-content/plugins/plugintestslughere/tests/unit/tests/user/wpSendUserRequest.php" line="349" assertions="1" time="0.175625"/>
        <testcase name="test_should_send_user_request_email_in_site_locale" class="Tests_User_WpSendUserRequest" classname="Tests_User_WpSendUserRequest" file="/var/www/html/test/wordpress_test/inpsyde_test/test/wp-content/plugins/plugintestslughere/tests/unit/tests/user/wpSendUserRequest.php" line="373" assertions="1" time="0.165353"/>
        <testcase name="test_should_send_user_request_email_in_site_locale_when_not_en_us_and_admin_has_different_locale" class="Tests_User_WpSendUserRequest" classname="Tests_User_WpSendUserRequest" file="/var/www/html/test/wordpress_test/inpsyde_test/test/wp-content/plugins/plugintestslughere/tests/unit/tests/user/wpSendUserRequest.php" line="392" assertions="1" time="0.175000"/>
      </testsuite>
      <testsuite name="Tests_User_WpSetCurrentUser" file="/var/www/html/test/wordpress_test/inpsyde_test/test/wp-content/plugins/plugintestslughere/tests/unit/tests/user/wpSetCurrentUser.php" tests="4" assertions="14" errors="0" failures="0" skipped="0" time="0.113574">
        <testcase name="test_set_by_id" class="Tests_User_WpSetCurrentUser" classname="Tests_User_WpSetCurrentUser" file="/var/www/html/test/wordpress_test/inpsyde_test/test/wp-content/plugins/plugintestslughere/tests/unit/tests/user/wpSetCurrentUser.php" line="18" assertions="3" time="0.026092"/>
        <testcase name="test_name_should_be_ignored_if_id_is_not_null" class="Tests_User_WpSetCurrentUser" classname="Tests_User_WpSetCurrentUser" file="/var/www/html/test/wordpress_test/inpsyde_test/test/wp-content/plugins/plugintestslughere/tests/unit/tests/user/wpSetCurrentUser.php" line="26" assertions="3" time="0.028411"/>
        <testcase name="test_should_set_by_name_if_id_is_null_and_current_user_is_nonempty" class="Tests_User_WpSetCurrentUser" classname="Tests_User_WpSetCurrentUser" file="/var/www/html/test/wordpress_test/inpsyde_test/test/wp-content/plugins/plugintestslughere/tests/unit/tests/user/wpSetCurrentUser.php" line="34" assertions="4" time="0.032312"/>
        <testcase name="test_should_set_by_name_if_id_is_null" class="Tests_User_WpSetCurrentUser" classname="Tests_User_WpSetCurrentUser" file="/var/www/html/test/wordpress_test/inpsyde_test/test/wp-content/plugins/plugintestslughere/tests/unit/tests/user/wpSetCurrentUser.php" line="50" assertions="4" time="0.026759"/>
      </testsuite>
      <testsuite name="Tests_Walker" file="/var/www/html/test/wordpress_test/inpsyde_test/test/wp-content/plugins/plugintestslughere/tests/unit/tests/walker.php" tests="13" assertions="26" errors="0" failures="0" skipped="0" time="0.331506">
        <testcase name="test_single_item" class="Tests_Walker" classname="Tests_Walker" file="/var/www/html/test/wordpress_test/inpsyde_test/test/wp-content/plugins/plugintestslughere/tests/unit/tests/walker.php" line="19" assertions="2" time="0.026752"/>
        <testcase name="test_single_item_flat" class="Tests_Walker" classname="Tests_Walker" file="/var/www/html/test/wordpress_test/inpsyde_test/test/wp-content/plugins/plugintestslughere/tests/unit/tests/walker.php" line="34" assertions="2" time="0.024816"/>
        <testcase name="test_single_item_depth_1" class="Tests_Walker" classname="Tests_Walker" file="/var/www/html/test/wordpress_test/inpsyde_test/test/wp-content/plugins/plugintestslughere/tests/unit/tests/walker.php" line="49" assertions="2" time="0.025107"/>
        <testcase name="test_multiple_items_single_level" class="Tests_Walker" classname="Tests_Walker" file="/var/www/html/test/wordpress_test/inpsyde_test/test/wp-content/plugins/plugintestslughere/tests/unit/tests/walker.php" line="64" assertions="2" time="0.023220"/>
        <testcase name="test_multiple_items_multiple_levels" class="Tests_Walker" classname="Tests_Walker" file="/var/www/html/test/wordpress_test/inpsyde_test/test/wp-content/plugins/plugintestslughere/tests/unit/tests/walker.php" line="84" assertions="2" time="0.027135"/>
        <testcase name="test_multiple_items_multiple_levels_flat" class="Tests_Walker" classname="Tests_Walker" file="/var/www/html/test/wordpress_test/inpsyde_test/test/wp-content/plugins/plugintestslughere/tests/unit/tests/walker.php" line="104" assertions="2" time="0.023902"/>
        <testcase name="test_multiple_items_multiple_levels_depth_1" class="Tests_Walker" classname="Tests_Walker" file="/var/www/html/test/wordpress_test/inpsyde_test/test/wp-content/plugins/plugintestslughere/tests/unit/tests/walker.php" line="124" assertions="2" time="0.026084"/>
        <testcase name="test_multiple_items_multiple_levels_depth_2" class="Tests_Walker" classname="Tests_Walker" file="/var/www/html/test/wordpress_test/inpsyde_test/test/wp-content/plugins/plugintestslughere/tests/unit/tests/walker.php" line="144" assertions="2" time="0.024194"/>
        <testcase name="test_multiple_items_recursive" class="Tests_Walker" classname="Tests_Walker" file="/var/www/html/test/wordpress_test/inpsyde_test/test/wp-content/plugins/plugintestslughere/tests/unit/tests/walker.php" line="168" assertions="2" time="0.025059"/>
        <testcase name="test_single_item_child" class="Tests_Walker" classname="Tests_Walker" file="/var/www/html/test/wordpress_test/inpsyde_test/test/wp-content/plugins/plugintestslughere/tests/unit/tests/walker.php" line="188" assertions="2" time="0.024725"/>
        <testcase name="test_single_item_missing_parent_depth_1" class="Tests_Walker" classname="Tests_Walker" file="/var/www/html/test/wordpress_test/inpsyde_test/test/wp-content/plugins/plugintestslughere/tests/unit/tests/walker.php" line="204" assertions="2" time="0.027342"/>
        <testcase name="test_multiple_items_missing_parents" class="Tests_Walker" classname="Tests_Walker" file="/var/www/html/test/wordpress_test/inpsyde_test/test/wp-content/plugins/plugintestslughere/tests/unit/tests/walker.php" line="227" assertions="2" time="0.025929"/>
        <testcase name="test_multiple_items_missing_parents_depth_1" class="Tests_Walker" classname="Tests_Walker" file="/var/www/html/test/wordpress_test/inpsyde_test/test/wp-content/plugins/plugintestslughere/tests/unit/tests/walker.php" line="251" assertions="2" time="0.027241"/>
      </testsuite>
      <testsuite name="Tests_Widgets" file="/var/www/html/test/wordpress_test/inpsyde_test/test/wp-content/plugins/plugintestslughere/tests/unit/tests/widgets.php" tests="48" assertions="215" errors="0" failures="0" skipped="0" time="1.852559">
        <testcase name="test_register_and_unregister_widget_core_widget" class="Tests_Widgets" classname="Tests_Widgets" file="/var/www/html/test/wordpress_test/inpsyde_test/test/wp-content/plugins/plugintestslughere/tests/unit/tests/widgets.php" line="35" assertions="2" time="0.029634"/>
        <testcase name="test_register_and_unregister_widget_instance" class="Tests_Widgets" classname="Tests_Widgets" file="/var/www/html/test/wordpress_test/inpsyde_test/test/wp-content/plugins/plugintestslughere/tests/unit/tests/widgets.php" line="53" assertions="21" time="0.063358"/>
        <testcase name="test_register_sidebars_single" class="Tests_Widgets" classname="Tests_Widgets" file="/var/www/html/test/wordpress_test/inpsyde_test/test/wp-content/plugins/plugintestslughere/tests/unit/tests/widgets.php" line="129" assertions="1" time="0.025337"/>
        <testcase name="test_register_sidebars_multiple" class="Tests_Widgets" classname="Tests_Widgets" file="/var/www/html/test/wordpress_test/inpsyde_test/test/wp-content/plugins/plugintestslughere/tests/unit/tests/widgets.php" line="142" assertions="1" time="0.027647"/>
        <testcase name="test_register_sidebar_with_no_id" class="Tests_Widgets" classname="Tests_Widgets" file="/var/www/html/test/wordpress_test/inpsyde_test/test/wp-content/plugins/plugintestslughere/tests/unit/tests/widgets.php" line="165" assertions="2" time="0.026574"/>
        <testcase name="test_unregister_sidebar_registered_with_no_id" class="Tests_Widgets" classname="Tests_Widgets" file="/var/www/html/test/wordpress_test/inpsyde_test/test/wp-content/plugins/plugintestslughere/tests/unit/tests/widgets.php" line="182" assertions="2" time="0.024998"/>
        <testcase name="test_register_sidebar_with_string_id" class="Tests_Widgets" classname="Tests_Widgets" file="/var/www/html/test/wordpress_test/inpsyde_test/test/wp-content/plugins/plugintestslughere/tests/unit/tests/widgets.php" line="201" assertions="1" time="0.030282"/>
        <testcase name="test_unregister_sidebar_with_string_id" class="Tests_Widgets" classname="Tests_Widgets" file="/var/www/html/test/wordpress_test/inpsyde_test/test/wp-content/plugins/plugintestslughere/tests/unit/tests/widgets.php" line="214" assertions="1" time="0.026445"/>
        <testcase name="test_register_sidebar_with_numeric_id" class="Tests_Widgets" classname="Tests_Widgets" file="/var/www/html/test/wordpress_test/inpsyde_test/test/wp-content/plugins/plugintestslughere/tests/unit/tests/widgets.php" line="227" assertions="1" time="0.025812"/>
        <testcase name="test_unregister_sidebar_with_numeric_id" class="Tests_Widgets" classname="Tests_Widgets" file="/var/www/html/test/wordpress_test/inpsyde_test/test/wp-content/plugins/plugintestslughere/tests/unit/tests/widgets.php" line="239" assertions="1" time="0.027885"/>
        <testcase name="test_dynamic_sidebar_using_sidebar_registered_with_no_id" class="Tests_Widgets" classname="Tests_Widgets" file="/var/www/html/test/wordpress_test/inpsyde_test/test/wp-content/plugins/plugintestslughere/tests/unit/tests/widgets.php" line="260" assertions="2" time="0.033272"/>
        <testcase name="test_dynamic_sidebar_using_invalid_sidebar_id" class="Tests_Widgets" classname="Tests_Widgets" file="/var/www/html/test/wordpress_test/inpsyde_test/test/wp-content/plugins/plugintestslughere/tests/unit/tests/widgets.php" line="279" assertions="1" time="0.025069"/>
        <testcase name="test_dynamic_sidebar_numeric_id" class="Tests_Widgets" classname="Tests_Widgets" file="/var/www/html/test/wordpress_test/inpsyde_test/test/wp-content/plugins/plugintestslughere/tests/unit/tests/widgets.php" line="297" assertions="1" time="0.027537"/>
        <testcase name="test_dynamic_sidebar_string_id" class="Tests_Widgets" classname="Tests_Widgets" file="/var/www/html/test/wordpress_test/inpsyde_test/test/wp-content/plugins/plugintestslughere/tests/unit/tests/widgets.php" line="311" assertions="1" time="0.027243"/>
        <testcase name="test_wp_widget_search_form" class="Tests_Widgets" classname="Tests_Widgets" file="/var/www/html/test/wordpress_test/inpsyde_test/test/wp-content/plugins/plugintestslughere/tests/unit/tests/widgets.php" line="325" assertions="4" time="0.026063"/>
        <testcase name="test_wp_widget_form" class="Tests_Widgets" classname="Tests_Widgets" file="/var/www/html/test/wordpress_test/inpsyde_test/test/wp-content/plugins/plugintestslughere/tests/unit/tests/widgets.php" line="347" assertions="2" time="0.025747"/>
        <testcase name="test_wp_widget_constructor" class="Tests_Widgets" classname="Tests_Widgets" file="/var/www/html/test/wordpress_test/inpsyde_test/test/wp-content/plugins/plugintestslughere/tests/unit/tests/widgets.php" line="359" assertions="9" time="0.025293"/>
        <testsuite name="Tests_Widgets::test_wp_widget_get_field_name" tests="5" assertions="5" errors="0" failures="0" skipped="0" time="0.131559">
          <testcase name="test_wp_widget_get_field_name with data set #0" class="Tests_Widgets" classname="Tests_Widgets" file="/var/www/html/test/wordpress_test/inpsyde_test/test/wp-content/plugins/plugintestslughere/tests/unit/tests/widgets.php" line="389" assertions="1" time="0.027687"/>
          <testcase name="test_wp_widget_get_field_name with data set #1" class="Tests_Widgets" classname="Tests_Widgets" file="/var/www/html/test/wordpress_test/inpsyde_test/test/wp-content/plugins/plugintestslughere/tests/unit/tests/widgets.php" line="389" assertions="1" time="0.024202"/>
          <testcase name="test_wp_widget_get_field_name with data set #2" class="Tests_Widgets" classname="Tests_Widgets" file="/var/www/html/test/wordpress_test/inpsyde_test/test/wp-content/plugins/plugintestslughere/tests/unit/tests/widgets.php" line="389" assertions="1" time="0.027871"/>
          <testcase name="test_wp_widget_get_field_name with data set #3" class="Tests_Widgets" classname="Tests_Widgets" file="/var/www/html/test/wordpress_test/inpsyde_test/test/wp-content/plugins/plugintestslughere/tests/unit/tests/widgets.php" line="389" assertions="1" time="0.027089"/>
          <testcase name="test_wp_widget_get_field_name with data set #4" class="Tests_Widgets" classname="Tests_Widgets" file="/var/www/html/test/wordpress_test/inpsyde_test/test/wp-content/plugins/plugintestslughere/tests/unit/tests/widgets.php" line="389" assertions="1" time="0.024710"/>
        </testsuite>
        <testsuite name="Tests_Widgets::test_wp_widget_get_field_id" tests="5" assertions="5" errors="0" failures="0" skipped="0" time="0.132328">
          <testcase name="test_wp_widget_get_field_id with data set #0" class="Tests_Widgets" classname="Tests_Widgets" file="/var/www/html/test/wordpress_test/inpsyde_test/test/wp-content/plugins/plugintestslughere/tests/unit/tests/widgets.php" line="439" assertions="1" time="0.029076"/>
          <testcase name="test_wp_widget_get_field_id with data set #1" class="Tests_Widgets" classname="Tests_Widgets" file="/var/www/html/test/wordpress_test/inpsyde_test/test/wp-content/plugins/plugintestslughere/tests/unit/tests/widgets.php" line="439" assertions="1" time="0.027504"/>
          <testcase name="test_wp_widget_get_field_id with data set #2" class="Tests_Widgets" classname="Tests_Widgets" file="/var/www/html/test/wordpress_test/inpsyde_test/test/wp-content/plugins/plugintestslughere/tests/unit/tests/widgets.php" line="439" assertions="1" time="0.023733"/>
          <testcase name="test_wp_widget_get_field_id with data set #3" class="Tests_Widgets" classname="Tests_Widgets" file="/var/www/html/test/wordpress_test/inpsyde_test/test/wp-content/plugins/plugintestslughere/tests/unit/tests/widgets.php" line="439" assertions="1" time="0.026801"/>
          <testcase name="test_wp_widget_get_field_id with data set #4" class="Tests_Widgets" classname="Tests_Widgets" file="/var/www/html/test/wordpress_test/inpsyde_test/test/wp-content/plugins/plugintestslughere/tests/unit/tests/widgets.php" line="439" assertions="1" time="0.025214"/>
        </testsuite>
        <testcase name="test_wp_widget__register" class="Tests_Widgets" classname="Tests_Widgets" file="/var/www/html/test/wordpress_test/inpsyde_test/test/wp-content/plugins/plugintestslughere/tests/unit/tests/widgets.php" line="488" assertions="3" time="0.033757"/>
        <testcase name="test_wp_widget_is_preview" class="Tests_Widgets" classname="Tests_Widgets" file="/var/www/html/test/wordpress_test/inpsyde_test/test/wp-content/plugins/plugintestslughere/tests/unit/tests/widgets.php" line="510" assertions="3" time="0.129687"/>
        <testcase name="test_wp_widget_get_settings" class="Tests_Widgets" classname="Tests_Widgets" file="/var/www/html/test/wordpress_test/inpsyde_test/test/wp-content/plugins/plugintestslughere/tests/unit/tests/widgets.php" line="533" assertions="10" time="0.076786"/>
        <testcase name="test_wp_widget_save_settings" class="Tests_Widgets" classname="Tests_Widgets" file="/var/www/html/test/wordpress_test/inpsyde_test/test/wp-content/plugins/plugintestslughere/tests/unit/tests/widgets.php" line="570" assertions="2" time="0.077294"/>
        <testcase name="test_wp_widget_save_settings_delete" class="Tests_Widgets" classname="Tests_Widgets" file="/var/www/html/test/wordpress_test/inpsyde_test/test/wp-content/plugins/plugintestslughere/tests/unit/tests/widgets.php" line="601" assertions="2" time="0.064072"/>
        <testcase name="test_wp_widget_control" class="Tests_Widgets" classname="Tests_Widgets" file="/var/www/html/test/wordpress_test/inpsyde_test/test/wp-content/plugins/plugintestslughere/tests/unit/tests/widgets.php" line="618" assertions="21" time="0.035731"/>
        <testcase name="test_the_widget_custom_before_title_arg" class="Tests_Widgets" classname="Tests_Widgets" file="/var/www/html/test/wordpress_test/inpsyde_test/test/wp-content/plugins/plugintestslughere/tests/unit/tests/widgets.php" line="679" assertions="1" time="0.025598"/>
        <testcase name="test_the_widget_with_unregistered_widget" class="Tests_Widgets" classname="Tests_Widgets" file="/var/www/html/test/wordpress_test/inpsyde_test/test/wp-content/plugins/plugintestslughere/tests/unit/tests/widgets.php" line="708" assertions="1" time="0.024529"/>
        <testcase name="test_the_widget_should_short_circuit_with_widget_display_callback" class="Tests_Widgets" classname="Tests_Widgets" file="/var/www/html/test/wordpress_test/inpsyde_test/test/wp-content/plugins/plugintestslughere/tests/unit/tests/widgets.php" line="716" assertions="1" time="0.023169"/>
        <testcase name="test_retrieve_widgets_with_theme_mod" class="Tests_Widgets" classname="Tests_Widgets" file="/var/www/html/test/wordpress_test/inpsyde_test/test/wp-content/plugins/plugintestslughere/tests/unit/tests/widgets.php" line="745" assertions="20" time="0.075935"/>
        <testcase name="test_retrieve_widgets_with_sidebars_widgets_matching_registered_sidebars" class="Tests_Widgets" classname="Tests_Widgets" file="/var/www/html/test/wordpress_test/inpsyde_test/test/wp-content/plugins/plugintestslughere/tests/unit/tests/widgets.php" line="809" assertions="10" time="0.037169"/>
        <testcase name="test_retrieve_widgets_with_sidebars_widgets_not_matching_registered_sidebars" class="Tests_Widgets" classname="Tests_Widgets" file="/var/www/html/test/wordpress_test/inpsyde_test/test/wp-content/plugins/plugintestslughere/tests/unit/tests/widgets.php" line="847" assertions="38" time="0.082604"/>
        <testcase name="test_retrieve_widgets_for_customizer" class="Tests_Widgets" classname="Tests_Widgets" file="/var/www/html/test/wordpress_test/inpsyde_test/test/wp-content/plugins/plugintestslughere/tests/unit/tests/widgets.php" line="941" assertions="19" time="0.087223"/>
        <testcase name="test_retreive_widgets_with_single_widget" class="Tests_Widgets" classname="Tests_Widgets" file="/var/www/html/test/wordpress_test/inpsyde_test/test/wp-content/plugins/plugintestslughere/tests/unit/tests/widgets.php" line="986" assertions="1" time="0.077175"/>
        <testcase name="test_retrieve_widgets_move_orphaned_widgets_to_inactive" class="Tests_Widgets" classname="Tests_Widgets" file="/var/www/html/test/wordpress_test/inpsyde_test/test/wp-content/plugins/plugintestslughere/tests/unit/tests/widgets.php" line="1013" assertions="9" time="0.076369"/>
        <testcase name="test__wp_remove_unregistered_widgets" class="Tests_Widgets" classname="Tests_Widgets" file="/var/www/html/test/wordpress_test/inpsyde_test/test/wp-content/plugins/plugintestslughere/tests/unit/tests/widgets.php" line="1048" assertions="6" time="0.028085"/>
        <testcase name="test_one_sidebar_each" class="Tests_Widgets" classname="Tests_Widgets" file="/var/www/html/test/wordpress_test/inpsyde_test/test/wp-content/plugins/plugintestslughere/tests/unit/tests/widgets.php" line="1078" assertions="1" time="0.022733"/>
        <testcase name="test_sidebars_with_same_slug" class="Tests_Widgets" classname="Tests_Widgets" file="/var/www/html/test/wordpress_test/inpsyde_test/test/wp-content/plugins/plugintestslughere/tests/unit/tests/widgets.php" line="1098" assertions="1" time="0.028413"/>
        <testcase name="test_sidebar_guessing" class="Tests_Widgets" classname="Tests_Widgets" file="/var/www/html/test/wordpress_test/inpsyde_test/test/wp-content/plugins/plugintestslughere/tests/unit/tests/widgets.php" line="1116" assertions="1" time="0.029049"/>
        <testcase name="test_sidebar_guessing_one_menu_per_group" class="Tests_Widgets" classname="Tests_Widgets" file="/var/www/html/test/wordpress_test/inpsyde_test/test/wp-content/plugins/plugintestslughere/tests/unit/tests/widgets.php" line="1139" assertions="1" time="0.028572"/>
        <testcase name="test_sidebar_guessing_one_menu_per_sidebar" class="Tests_Widgets" classname="Tests_Widgets" file="/var/www/html/test/wordpress_test/inpsyde_test/test/wp-content/plugins/plugintestslughere/tests/unit/tests/widgets.php" line="1160" assertions="1" time="0.026526"/>
      </testsuite>
      <testsuite name="Test_WP_Widget_Custom_HTML" file="/var/www/html/test/wordpress_test/inpsyde_test/test/wp-content/plugins/plugintestslughere/tests/unit/tests/widgets/custom-html-widget.php" tests="10" assertions="43" errors="0" failures="0" skipped="0" time="0.729822">
        <testcase name="test_construct" class="Test_WP_Widget_Custom_HTML" classname="Test_WP_Widget_Custom_HTML" file="/var/www/html/test/wordpress_test/inpsyde_test/test/wp-content/plugins/plugintestslughere/tests/unit/tests/widgets/custom-html-widget.php" line="48" assertions="5" time="0.026855"/>
        <testcase name="test__register" class="Test_WP_Widget_Custom_HTML" classname="Test_WP_Widget_Custom_HTML" file="/var/www/html/test/wordpress_test/inpsyde_test/test/wp-content/plugins/plugintestslughere/tests/unit/tests/widgets/custom-html-widget.php" line="62" assertions="4" time="0.085864"/>
        <testcase name="test_widget" class="Test_WP_Widget_Custom_HTML" classname="Test_WP_Widget_Custom_HTML" file="/var/www/html/test/wordpress_test/inpsyde_test/test/wp-content/plugins/plugintestslughere/tests/unit/tests/widgets/custom-html-widget.php" line="78" assertions="13" time="0.068791"/>
        <testcase name="test_update" class="Test_WP_Widget_Custom_HTML" classname="Test_WP_Widget_Custom_HTML" file="/var/www/html/test/wordpress_test/inpsyde_test/test/wp-content/plugins/plugintestslughere/tests/unit/tests/widgets/custom-html-widget.php" line="167" assertions="5" time="0.132087"/>
        <testcase name="test_enqueue_admin_scripts_when_logged_in_and_syntax_highlighting_on" class="Test_WP_Widget_Custom_HTML" classname="Test_WP_Widget_Custom_HTML" file="/var/www/html/test/wordpress_test/inpsyde_test/test/wp-content/plugins/plugintestslughere/tests/unit/tests/widgets/custom-html-widget.php" line="243" assertions="6" time="0.153580"/>
        <testcase name="test_enqueue_admin_scripts_when_logged_in_and_syntax_highlighting_off" class="Test_WP_Widget_Custom_HTML" classname="Test_WP_Widget_Custom_HTML" file="/var/www/html/test/wordpress_test/inpsyde_test/test/wp-content/plugins/plugintestslughere/tests/unit/tests/widgets/custom-html-widget.php" line="264" assertions="6" time="0.153694"/>
        <testcase name="test_render_control_template_scripts" class="Test_WP_Widget_Custom_HTML" classname="Test_WP_Widget_Custom_HTML" file="/var/www/html/test/wordpress_test/inpsyde_test/test/wp-content/plugins/plugintestslughere/tests/unit/tests/widgets/custom-html-widget.php" line="285" assertions="1" time="0.025448"/>
        <testcase name="test_add_help_text" class="Test_WP_Widget_Custom_HTML" classname="Test_WP_Widget_Custom_HTML" file="/var/www/html/test/wordpress_test/inpsyde_test/test/wp-content/plugins/plugintestslughere/tests/unit/tests/widgets/custom-html-widget.php" line="298" assertions="1" time="0.030547"/>
        <testcase name="test_render_links_with_target" class="Test_WP_Widget_Custom_HTML" classname="Test_WP_Widget_Custom_HTML" file="/var/www/html/test/wordpress_test/inpsyde_test/test/wp-content/plugins/plugintestslughere/tests/unit/tests/widgets/custom-html-widget.php" line="311" assertions="1" time="0.024840"/>
        <testcase name="test_render_links_without_target" class="Test_WP_Widget_Custom_HTML" classname="Test_WP_Widget_Custom_HTML" file="/var/www/html/test/wordpress_test/inpsyde_test/test/wp-content/plugins/plugintestslughere/tests/unit/tests/widgets/custom-html-widget.php" line="337" assertions="1" time="0.028115"/>
      </testsuite>
      <testsuite name="Test_WP_Widget_Media_Audio" file="/var/www/html/test/wordpress_test/inpsyde_test/test/wp-content/plugins/plugintestslughere/tests/unit/tests/widgets/media-audio-widget.php" tests="8" assertions="33" errors="0" failures="0" skipped="0" time="0.380636">
        <testcase name="test_get_instance_schema" class="Test_WP_Widget_Media_Audio" classname="Test_WP_Widget_Media_Audio" file="/var/www/html/test/wordpress_test/inpsyde_test/test/wp-content/plugins/plugintestslughere/tests/unit/tests/widgets/media-audio-widget.php" line="34" assertions="1" time="0.026096"/>
        <testcase name="test_get_instance_schema_filtering" class="Test_WP_Widget_Media_Audio" classname="Test_WP_Widget_Media_Audio" file="/var/www/html/test/wordpress_test/inpsyde_test/test/wp-content/plugins/plugintestslughere/tests/unit/tests/widgets/media-audio-widget.php" line="60" assertions="1" time="0.028031"/>
        <testcase name="test_constructor" class="Test_WP_Widget_Media_Audio" classname="Test_WP_Widget_Media_Audio" file="/var/www/html/test/wordpress_test/inpsyde_test/test/wp-content/plugins/plugintestslughere/tests/unit/tests/widgets/media-audio-widget.php" line="90" assertions="6" time="0.027853"/>
        <testcase name="test_update" class="Test_WP_Widget_Media_Audio" classname="Test_WP_Widget_Media_Audio" file="/var/www/html/test/wordpress_test/inpsyde_test/test/wp-content/plugins/plugintestslughere/tests/unit/tests/widgets/media-audio-widget.php" line="119" assertions="12" time="0.029116"/>
        <testcase name="test_render_media" class="Test_WP_Widget_Media_Audio" classname="Test_WP_Widget_Media_Audio" file="/var/www/html/test/wordpress_test/inpsyde_test/test/wp-content/plugins/plugintestslughere/tests/unit/tests/widgets/media-audio-widget.php" line="219" assertions="7" time="0.121906"/>
        <testcase name="test_enqueue_preview_scripts" class="Test_WP_Widget_Media_Audio" classname="Test_WP_Widget_Media_Audio" file="/var/www/html/test/wordpress_test/inpsyde_test/test/wp-content/plugins/plugintestslughere/tests/unit/tests/widgets/media-audio-widget.php" line="285" assertions="4" time="0.047997"/>
        <testcase name="test_enqueue_admin_scripts" class="Test_WP_Widget_Media_Audio" classname="Test_WP_Widget_Media_Audio" file="/var/www/html/test/wordpress_test/inpsyde_test/test/wp-content/plugins/plugintestslughere/tests/unit/tests/widgets/media-audio-widget.php" line="305" assertions="1" time="0.071673"/>
        <testcase name="test_render_control_template_scripts" class="Test_WP_Widget_Media_Audio" classname="Test_WP_Widget_Media_Audio" file="/var/www/html/test/wordpress_test/inpsyde_test/test/wp-content/plugins/plugintestslughere/tests/unit/tests/widgets/media-audio-widget.php" line="318" assertions="1" time="0.027964"/>
      </testsuite>
      <testsuite name="Test_WP_Widget_Media_Gallery" file="/var/www/html/test/wordpress_test/inpsyde_test/test/wp-content/plugins/plugintestslughere/tests/unit/tests/widgets/media-gallery-widget.php" tests="5" assertions="25" errors="0" failures="0" skipped="0" time="0.361580">
        <testcase name="test_get_instance_schema" class="Test_WP_Widget_Media_Gallery" classname="Test_WP_Widget_Media_Gallery" file="/var/www/html/test/wordpress_test/inpsyde_test/test/wp-content/plugins/plugintestslughere/tests/unit/tests/widgets/media-gallery-widget.php" line="34" assertions="1" time="0.024637"/>
        <testcase name="test_render_media" class="Test_WP_Widget_Media_Gallery" classname="Test_WP_Widget_Media_Gallery" file="/var/www/html/test/wordpress_test/inpsyde_test/test/wp-content/plugins/plugintestslughere/tests/unit/tests/widgets/media-gallery-widget.php" line="56" assertions="4" time="0.223771"/>
        <testcase name="test_enqueue_admin_scripts" class="Test_WP_Widget_Media_Gallery" classname="Test_WP_Widget_Media_Gallery" file="/var/www/html/test/wordpress_test/inpsyde_test/test/wp-content/plugins/plugintestslughere/tests/unit/tests/widgets/media-gallery-widget.php" line="94" assertions="3" time="0.053619"/>
        <testcase name="test_update" class="Test_WP_Widget_Media_Gallery" classname="Test_WP_Widget_Media_Gallery" file="/var/www/html/test/wordpress_test/inpsyde_test/test/wp-content/plugins/plugintestslughere/tests/unit/tests/widgets/media-gallery-widget.php" line="113" assertions="16" time="0.031911"/>
        <testcase name="test_render_control_template_scripts" class="Test_WP_Widget_Media_Gallery" classname="Test_WP_Widget_Media_Gallery" file="/var/www/html/test/wordpress_test/inpsyde_test/test/wp-content/plugins/plugintestslughere/tests/unit/tests/widgets/media-gallery-widget.php" line="194" assertions="1" time="0.027642"/>
      </testsuite>
      <testsuite name="Test_WP_Widget_Media_Image" file="/var/www/html/test/wordpress_test/inpsyde_test/test/wp-content/plugins/plugintestslughere/tests/unit/tests/widgets/media-image-widget.php" tests="7" assertions="43" errors="0" failures="0" skipped="1" time="0.198599">
        <testcase name="test_get_instance_schema" class="Test_WP_Widget_Media_Image" classname="Test_WP_Widget_Media_Image" file="/var/www/html/test/wordpress_test/inpsyde_test/test/wp-content/plugins/plugintestslughere/tests/unit/tests/widgets/media-image-widget.php" line="34" assertions="1" time="0.026308"/>
        <testcase name="test_get_instance_schema_filtering" class="Test_WP_Widget_Media_Image" classname="Test_WP_Widget_Media_Image" file="/var/www/html/test/wordpress_test/inpsyde_test/test/wp-content/plugins/plugintestslughere/tests/unit/tests/widgets/media-image-widget.php" line="67" assertions="1" time="0.025898"/>
        <testcase name="test_constructor" class="Test_WP_Widget_Media_Image" classname="Test_WP_Widget_Media_Image" file="/var/www/html/test/wordpress_test/inpsyde_test/test/wp-content/plugins/plugintestslughere/tests/unit/tests/widgets/media-image-widget.php" line="97" assertions="6" time="0.025178"/>
        <testcase name="test_update" class="Test_WP_Widget_Media_Image" classname="Test_WP_Widget_Media_Image" file="/var/www/html/test/wordpress_test/inpsyde_test/test/wp-content/plugins/plugintestslughere/tests/unit/tests/widgets/media-image-widget.php" line="126" assertions="33" time="0.039797"/>
        <testcase name="test_render_media" class="Test_WP_Widget_Media_Image" classname="Test_WP_Widget_Media_Image" file="/var/www/html/test/wordpress_test/inpsyde_test/test/wp-content/plugins/plugintestslughere/tests/unit/tests/widgets/media-image-widget.php" line="413" assertions="0" time="0.000410">
          <skipped/>
        </testcase>
        <testcase name="test_enqueue_admin_scripts" class="Test_WP_Widget_Media_Image" classname="Test_WP_Widget_Media_Image" file="/var/www/html/test/wordpress_test/inpsyde_test/test/wp-content/plugins/plugintestslughere/tests/unit/tests/widgets/media-image-widget.php" line="611" assertions="1" time="0.052782"/>
        <testcase name="test_render_control_template_scripts" class="Test_WP_Widget_Media_Image" classname="Test_WP_Widget_Media_Image" file="/var/www/html/test/wordpress_test/inpsyde_test/test/wp-content/plugins/plugintestslughere/tests/unit/tests/widgets/media-image-widget.php" line="624" assertions="1" time="0.028226"/>
      </testsuite>
      <testsuite name="Test_WP_Widget_Media_Video" file="/var/www/html/test/wordpress_test/inpsyde_test/test/wp-content/plugins/plugintestslughere/tests/unit/tests/widgets/media-video-widget.php" tests="8" assertions="41" errors="0" failures="0" skipped="0" time="0.352487">
        <testcase name="test_get_instance_schema" class="Test_WP_Widget_Media_Video" classname="Test_WP_Widget_Media_Video" file="/var/www/html/test/wordpress_test/inpsyde_test/test/wp-content/plugins/plugintestslughere/tests/unit/tests/widgets/media-video-widget.php" line="34" assertions="1" time="0.026095"/>
        <testcase name="test_get_instance_schema_filtering" class="Test_WP_Widget_Media_Video" classname="Test_WP_Widget_Media_Video" file="/var/www/html/test/wordpress_test/inpsyde_test/test/wp-content/plugins/plugintestslughere/tests/unit/tests/widgets/media-video-widget.php" line="61" assertions="1" time="0.025227"/>
        <testcase name="test_constructor" class="Test_WP_Widget_Media_Video" classname="Test_WP_Widget_Media_Video" file="/var/www/html/test/wordpress_test/inpsyde_test/test/wp-content/plugins/plugintestslughere/tests/unit/tests/widgets/media-video-widget.php" line="91" assertions="6" time="0.025410"/>
        <testcase name="test_update" class="Test_WP_Widget_Media_Video" classname="Test_WP_Widget_Media_Video" file="/var/www/html/test/wordpress_test/inpsyde_test/test/wp-content/plugins/plugintestslughere/tests/unit/tests/widgets/media-video-widget.php" line="120" assertions="12" time="0.027958"/>
        <testcase name="test_render_media" class="Test_WP_Widget_Media_Video" classname="Test_WP_Widget_Media_Video" file="/var/www/html/test/wordpress_test/inpsyde_test/test/wp-content/plugins/plugintestslughere/tests/unit/tests/widgets/media-video-widget.php" line="221" assertions="13" time="0.108039"/>
        <testcase name="test_enqueue_preview_scripts" class="Test_WP_Widget_Media_Video" classname="Test_WP_Widget_Media_Video" file="/var/www/html/test/wordpress_test/inpsyde_test/test/wp-content/plugins/plugintestslughere/tests/unit/tests/widgets/media-video-widget.php" line="308" assertions="6" time="0.059441"/>
        <testcase name="test_enqueue_admin_scripts" class="Test_WP_Widget_Media_Video" classname="Test_WP_Widget_Media_Video" file="/var/www/html/test/wordpress_test/inpsyde_test/test/wp-content/plugins/plugintestslughere/tests/unit/tests/widgets/media-video-widget.php" line="333" assertions="1" time="0.054697"/>
        <testcase name="test_render_control_template_scripts" class="Test_WP_Widget_Media_Video" classname="Test_WP_Widget_Media_Video" file="/var/www/html/test/wordpress_test/inpsyde_test/test/wp-content/plugins/plugintestslughere/tests/unit/tests/widgets/media-video-widget.php" line="346" assertions="1" time="0.025619"/>
      </testsuite>
      <testsuite name="Test_WP_Widget_Media" file="/var/www/html/test/wordpress_test/inpsyde_test/test/wp-content/plugins/plugintestslughere/tests/unit/tests/widgets/media-widget.php" tests="12" assertions="57" errors="0" failures="0" skipped="0" time="0.817239">
        <testcase name="test_constructor" class="Test_WP_Widget_Media" classname="Test_WP_Widget_Media" file="/var/www/html/test/wordpress_test/inpsyde_test/test/wp-content/plugins/plugintestslughere/tests/unit/tests/widgets/media-widget.php" line="56" assertions="14" time="0.094435"/>
        <testcase name="test_constructor_in_customize_preview" class="Test_WP_Widget_Media" classname="Test_WP_Widget_Media" file="/var/www/html/test/wordpress_test/inpsyde_test/test/wp-content/plugins/plugintestslughere/tests/unit/tests/widgets/media-widget.php" line="112" assertions="1" time="0.144011"/>
        <testcase name="test_is_attachment_with_mime_type" class="Test_WP_Widget_Media" classname="Test_WP_Widget_Media" file="/var/www/html/test/wordpress_test/inpsyde_test/test/wp-content/plugins/plugintestslughere/tests/unit/tests/widgets/media-widget.php" line="139" assertions="5" time="0.164590"/>
        <testcase name="test_sanitize_token_list_string" class="Test_WP_Widget_Media" classname="Test_WP_Widget_Media" file="/var/www/html/test/wordpress_test/inpsyde_test/test/wp-content/plugins/plugintestslughere/tests/unit/tests/widgets/media-widget.php" line="168" assertions="2" time="0.031223"/>
        <testcase name="test_get_instance_schema" class="Test_WP_Widget_Media" classname="Test_WP_Widget_Media" file="/var/www/html/test/wordpress_test/inpsyde_test/test/wp-content/plugins/plugintestslughere/tests/unit/tests/widgets/media-widget.php" line="205" assertions="5" time="0.028416"/>
        <testcase name="test_update" class="Test_WP_Widget_Media" classname="Test_WP_Widget_Media" file="/var/www/html/test/wordpress_test/inpsyde_test/test/wp-content/plugins/plugintestslughere/tests/unit/tests/widgets/media-widget.php" line="233" assertions="8" time="0.026235"/>
        <testcase name="test_widget" class="Test_WP_Widget_Media" classname="Test_WP_Widget_Media" file="/var/www/html/test/wordpress_test/inpsyde_test/test/wp-content/plugins/plugintestslughere/tests/unit/tests/widgets/media-widget.php" line="320" assertions="11" time="0.054450"/>
        <testcase name="test_form" class="Test_WP_Widget_Media" classname="Test_WP_Widget_Media" file="/var/www/html/test/wordpress_test/inpsyde_test/test/wp-content/plugins/plugintestslughere/tests/unit/tests/widgets/media-widget.php" line="394" assertions="3" time="0.025872"/>
        <testcase name="test_display_media_state" class="Test_WP_Widget_Media" classname="Test_WP_Widget_Media" file="/var/www/html/test/wordpress_test/inpsyde_test/test/wp-content/plugins/plugintestslughere/tests/unit/tests/widgets/media-widget.php" line="411" assertions="3" time="0.083562"/>
        <testcase name="test_enqueue_admin_scripts" class="Test_WP_Widget_Media" classname="Test_WP_Widget_Media" file="/var/www/html/test/wordpress_test/inpsyde_test/test/wp-content/plugins/plugintestslughere/tests/unit/tests/widgets/media-widget.php" line="453" assertions="1" time="0.059497"/>
        <testcase name="test_render_control_template_scripts" class="Test_WP_Widget_Media" classname="Test_WP_Widget_Media" file="/var/www/html/test/wordpress_test/inpsyde_test/test/wp-content/plugins/plugintestslughere/tests/unit/tests/widgets/media-widget.php" line="466" assertions="1" time="0.026543"/>
        <testcase name="test_has_content" class="Test_WP_Widget_Media" classname="Test_WP_Widget_Media" file="/var/www/html/test/wordpress_test/inpsyde_test/test/wp-content/plugins/plugintestslughere/tests/unit/tests/widgets/media-widget.php" line="481" assertions="3" time="0.078405"/>
      </testsuite>
      <testsuite name="Test_WP_Widget_Text" file="/var/www/html/test/wordpress_test/inpsyde_test/test/wp-content/plugins/plugintestslughere/tests/unit/tests/widgets/text-widget.php" tests="14" assertions="178" errors="0" failures="0" skipped="0" time="0.763443">
        <testcase name="test_construct" class="Test_WP_Widget_Text" classname="Test_WP_Widget_Text" file="/var/www/html/test/wordpress_test/inpsyde_test/test/wp-content/plugins/plugintestslughere/tests/unit/tests/widgets/text-widget.php" line="49" assertions="5" time="0.026001"/>
        <testcase name="test__register" class="Test_WP_Widget_Text" classname="Test_WP_Widget_Text" file="/var/www/html/test/wordpress_test/inpsyde_test/test/wp-content/plugins/plugintestslughere/tests/unit/tests/widgets/text-widget.php" line="63" assertions="4" time="0.038718"/>
        <testcase name="test__register_in_customize_preview" class="Test_WP_Widget_Text" classname="Test_WP_Widget_Text" file="/var/www/html/test/wordpress_test/inpsyde_test/test/wp-content/plugins/plugintestslughere/tests/unit/tests/widgets/text-widget.php" line="81" assertions="1" time="0.194048"/>
        <testcase name="test_enqueue_preview_scripts" class="Test_WP_Widget_Text" classname="Test_WP_Widget_Text" file="/var/www/html/test/wordpress_test/inpsyde_test/test/wp-content/plugins/plugintestslughere/tests/unit/tests/widgets/text-widget.php" line="110" assertions="4" time="0.040578"/>
        <testcase name="test_widget" class="Test_WP_Widget_Text" classname="Test_WP_Widget_Text" file="/var/www/html/test/wordpress_test/inpsyde_test/test/wp-content/plugins/plugintestslughere/tests/unit/tests/widgets/text-widget.php" line="132" assertions="53" time="0.029423"/>
        <testcase name="test_widget_shortcodes" class="Test_WP_Widget_Text" classname="Test_WP_Widget_Text" file="/var/www/html/test/wordpress_test/inpsyde_test/test/wp-content/plugins/plugintestslughere/tests/unit/tests/widgets/text-widget.php" line="316" assertions="33" time="0.094116"/>
        <testcase name="test_is_legacy_instance" class="Test_WP_Widget_Text" classname="Test_WP_Widget_Text" file="/var/www/html/test/wordpress_test/inpsyde_test/test/wp-content/plugins/plugintestslughere/tests/unit/tests/widgets/text-widget.php" line="468" assertions="41" time="0.033867"/>
        <testcase name="test_form" class="Test_WP_Widget_Text" classname="Test_WP_Widget_Text" file="/var/www/html/test/wordpress_test/inpsyde_test/test/wp-content/plugins/plugintestslughere/tests/unit/tests/widgets/text-widget.php" line="633" assertions="16" time="0.026456"/>
        <testcase name="test_update" class="Test_WP_Widget_Text" classname="Test_WP_Widget_Text" file="/var/www/html/test/wordpress_test/inpsyde_test/test/wp-content/plugins/plugintestslughere/tests/unit/tests/widgets/text-widget.php" line="709" assertions="6" time="0.125045"/>
        <testcase name="test_update_legacy" class="Test_WP_Widget_Text" classname="Test_WP_Widget_Text" file="/var/www/html/test/wordpress_test/inpsyde_test/test/wp-content/plugins/plugintestslughere/tests/unit/tests/widgets/text-widget.php" line="758" assertions="11" time="0.031238"/>
        <testcase name="test_enqueue_admin_scripts" class="Test_WP_Widget_Text" classname="Test_WP_Widget_Text" file="/var/www/html/test/wordpress_test/inpsyde_test/test/wp-content/plugins/plugintestslughere/tests/unit/tests/widgets/text-widget.php" line="984" assertions="1" time="0.050287"/>
        <testcase name="test_render_control_template_scripts" class="Test_WP_Widget_Text" classname="Test_WP_Widget_Text" file="/var/www/html/test/wordpress_test/inpsyde_test/test/wp-content/plugins/plugintestslughere/tests/unit/tests/widgets/text-widget.php" line="997" assertions="1" time="0.023238"/>
        <testcase name="test_render_links_with_target" class="Test_WP_Widget_Text" classname="Test_WP_Widget_Text" file="/var/www/html/test/wordpress_test/inpsyde_test/test/wp-content/plugins/plugintestslughere/tests/unit/tests/widgets/text-widget.php" line="1010" assertions="1" time="0.026326"/>
        <testcase name="test_render_links_without_target" class="Test_WP_Widget_Text" classname="Test_WP_Widget_Text" file="/var/www/html/test/wordpress_test/inpsyde_test/test/wp-content/plugins/plugintestslughere/tests/unit/tests/widgets/text-widget.php" line="1037" assertions="1" time="0.024103"/>
      </testsuite>
      <testsuite name="Tests_WP" file="/var/www/html/test/wordpress_test/inpsyde_test/test/wp-content/plugins/plugintestslughere/tests/unit/tests/wp.php" tests="2" assertions="5" errors="0" failures="0" skipped="0" time="0.050298">
        <testcase name="test_add_query_var" class="Tests_WP" classname="Tests_WP" file="/var/www/html/test/wordpress_test/inpsyde_test/test/wp-content/plugins/plugintestslughere/tests/unit/tests/wp.php" line="17" assertions="3" time="0.023502"/>
        <testcase name="test_remove_query_var" class="Tests_WP" classname="Tests_WP" file="/var/www/html/test/wordpress_test/inpsyde_test/test/wp-content/plugins/plugintestslughere/tests/unit/tests/wp.php" line="29" assertions="2" time="0.026796"/>
      </testsuite>
      <testsuite name="Tests_XMLRPC_Basic" file="/var/www/html/test/wordpress_test/inpsyde_test/test/wp-content/plugins/plugintestslughere/tests/unit/tests/xmlrpc/basic.php" tests="5" assertions="11" errors="0" failures="0" skipped="0" time="0.583273">
        <testcase name="test_enabled" class="Tests_XMLRPC_Basic" classname="Tests_XMLRPC_Basic" file="/var/www/html/test/wordpress_test/inpsyde_test/test/wp-content/plugins/plugintestslughere/tests/unit/tests/xmlrpc/basic.php" line="11" assertions="2" time="0.025704"/>
        <testcase name="test_login_pass_ok" class="Tests_XMLRPC_Basic" classname="Tests_XMLRPC_Basic" file="/var/www/html/test/wordpress_test/inpsyde_test/test/wp-content/plugins/plugintestslughere/tests/unit/tests/xmlrpc/basic.php" line="19" assertions="2" time="0.166840"/>
        <testcase name="test_login_pass_bad" class="Tests_XMLRPC_Basic" classname="Tests_XMLRPC_Basic" file="/var/www/html/test/wordpress_test/inpsyde_test/test/wp-content/plugins/plugintestslughere/tests/unit/tests/xmlrpc/basic.php" line="26" assertions="3" time="0.131349"/>
        <testcase name="test_multicall_invalidates_all_calls_after_invalid_call" class="Tests_XMLRPC_Basic" classname="Tests_XMLRPC_Basic" file="/var/www/html/test/wordpress_test/inpsyde_test/test/wp-content/plugins/plugintestslughere/tests/unit/tests/xmlrpc/basic.php" line="39" assertions="3" time="0.232844"/>
        <testcase name="test_isStruct_on_non_numerically_indexed_array" class="Tests_XMLRPC_Basic" classname="Tests_XMLRPC_Basic" file="/var/www/html/test/wordpress_test/inpsyde_test/test/wp-content/plugins/plugintestslughere/tests/unit/tests/xmlrpc/basic.php" line="102" assertions="1" time="0.026536"/>
      </testsuite>
      <testsuite name="Tests_XMLRPC_Client" file="/var/www/html/test/wordpress_test/inpsyde_test/test/wp-content/plugins/plugintestslughere/tests/unit/tests/xmlrpc/client.php" tests="2" assertions="6" errors="0" failures="0" skipped="0" time="0.056955">
        <testcase name="test_ixr_client_allows_query_strings" class="Tests_XMLRPC_Client" classname="Tests_XMLRPC_Client" file="/var/www/html/test/wordpress_test/inpsyde_test/test/wp-content/plugins/plugintestslughere/tests/unit/tests/xmlrpc/client.php" line="13" assertions="3" time="0.032140"/>
        <testcase name="test_wp_ixr_client_allows_query_strings" class="Tests_XMLRPC_Client" classname="Tests_XMLRPC_Client" file="/var/www/html/test/wordpress_test/inpsyde_test/test/wp-content/plugins/plugintestslughere/tests/unit/tests/xmlrpc/client.php" line="23" assertions="3" time="0.024815"/>
      </testsuite>
      <testsuite name="Tests_XMLRPC_mt_getRecentPostTitles" file="/var/www/html/test/wordpress_test/inpsyde_test/test/wp-content/plugins/plugintestslughere/tests/unit/tests/xmlrpc/mt/getRecentPostTitles.php" tests="4" assertions="7" errors="0" failures="0" skipped="0" time="0.656054">
        <testcase name="test_invalid_username_password" class="Tests_XMLRPC_mt_getRecentPostTitles" classname="Tests_XMLRPC_mt_getRecentPostTitles" file="/var/www/html/test/wordpress_test/inpsyde_test/test/wp-content/plugins/plugintestslughere/tests/unit/tests/xmlrpc/mt/getRecentPostTitles.php" line="8" assertions="2" time="0.027986"/>
        <testcase name="test_no_posts" class="Tests_XMLRPC_mt_getRecentPostTitles" classname="Tests_XMLRPC_mt_getRecentPostTitles" file="/var/www/html/test/wordpress_test/inpsyde_test/test/wp-content/plugins/plugintestslughere/tests/unit/tests/xmlrpc/mt/getRecentPostTitles.php" line="14" assertions="2" time="0.144418"/>
        <testcase name="test_no_editable_posts" class="Tests_XMLRPC_mt_getRecentPostTitles" classname="Tests_XMLRPC_mt_getRecentPostTitles" file="/var/www/html/test/wordpress_test/inpsyde_test/test/wp-content/plugins/plugintestslughere/tests/unit/tests/xmlrpc/mt/getRecentPostTitles.php" line="22" assertions="2" time="0.285912"/>
        <testcase name="test_date" class="Tests_XMLRPC_mt_getRecentPostTitles" classname="Tests_XMLRPC_mt_getRecentPostTitles" file="/var/www/html/test/wordpress_test/inpsyde_test/test/wp-content/plugins/plugintestslughere/tests/unit/tests/xmlrpc/mt/getRecentPostTitles.php" line="32" assertions="1" time="0.197738"/>
      </testsuite>
      <testsuite name="Tests_XMLRPC_mw_editPost" file="/var/www/html/test/wordpress_test/inpsyde_test/test/wp-content/plugins/plugintestslughere/tests/unit/tests/xmlrpc/mw/editPost.php" tests="13" assertions="49" errors="0" failures="0" skipped="0" time="3.071958">
        <testcase name="test_invalid_username_password" class="Tests_XMLRPC_mw_editPost" classname="Tests_XMLRPC_mw_editPost" file="/var/www/html/test/wordpress_test/inpsyde_test/test/wp-content/plugins/plugintestslughere/tests/unit/tests/xmlrpc/mw/editPost.php" line="8" assertions="2" time="0.026163"/>
        <testcase name="test_edit_own_post" class="Tests_XMLRPC_mw_editPost" classname="Tests_XMLRPC_mw_editPost" file="/var/www/html/test/wordpress_test/inpsyde_test/test/wp-content/plugins/plugintestslughere/tests/unit/tests/xmlrpc/mw/editPost.php" line="15" assertions="3" time="0.210637"/>
        <testcase name="test_capable_edit_others_post" class="Tests_XMLRPC_mw_editPost" classname="Tests_XMLRPC_mw_editPost" file="/var/www/html/test/wordpress_test/inpsyde_test/test/wp-content/plugins/plugintestslughere/tests/unit/tests/xmlrpc/mw/editPost.php" line="33" assertions="3" time="0.264465"/>
        <testcase name="test_incapable_edit_others_post" class="Tests_XMLRPC_mw_editPost" classname="Tests_XMLRPC_mw_editPost" file="/var/www/html/test/wordpress_test/inpsyde_test/test/wp-content/plugins/plugintestslughere/tests/unit/tests/xmlrpc/mw/editPost.php" line="53" assertions="3" time="0.229315"/>
        <testcase name="test_capable_reassign_author" class="Tests_XMLRPC_mw_editPost" classname="Tests_XMLRPC_mw_editPost" file="/var/www/html/test/wordpress_test/inpsyde_test/test/wp-content/plugins/plugintestslughere/tests/unit/tests/xmlrpc/mw/editPost.php" line="74" assertions="3" time="0.319587"/>
        <testcase name="test_incapable_reassign_author" class="Tests_XMLRPC_mw_editPost" classname="Tests_XMLRPC_mw_editPost" file="/var/www/html/test/wordpress_test/inpsyde_test/test/wp-content/plugins/plugintestslughere/tests/unit/tests/xmlrpc/mw/editPost.php" line="94" assertions="3" time="0.220252"/>
        <testcase name="test_capable_reassign_author_to_self" class="Tests_XMLRPC_mw_editPost" classname="Tests_XMLRPC_mw_editPost" file="/var/www/html/test/wordpress_test/inpsyde_test/test/wp-content/plugins/plugintestslughere/tests/unit/tests/xmlrpc/mw/editPost.php" line="116" assertions="3" time="0.240922"/>
        <testcase name="test_post_thumbnail" class="Tests_XMLRPC_mw_editPost" classname="Tests_XMLRPC_mw_editPost" file="/var/www/html/test/wordpress_test/inpsyde_test/test/wp-content/plugins/plugintestslughere/tests/unit/tests/xmlrpc/mw/editPost.php" line="135" assertions="9" time="0.407046"/>
        <testcase name="test_edit_basic_post_info" class="Tests_XMLRPC_mw_editPost" classname="Tests_XMLRPC_mw_editPost" file="/var/www/html/test/wordpress_test/inpsyde_test/test/wp-content/plugins/plugintestslughere/tests/unit/tests/xmlrpc/mw/editPost.php" line="182" assertions="12" time="0.341307"/>
        <testcase name="test_make_post_sticky" class="Tests_XMLRPC_mw_editPost" classname="Tests_XMLRPC_mw_editPost" file="/var/www/html/test/wordpress_test/inpsyde_test/test/wp-content/plugins/plugintestslughere/tests/unit/tests/xmlrpc/mw/editPost.php" line="233" assertions="2" time="0.198394"/>
        <testcase name="test_change_post_type" class="Tests_XMLRPC_mw_editPost" classname="Tests_XMLRPC_mw_editPost" file="/var/www/html/test/wordpress_test/inpsyde_test/test/wp-content/plugins/plugintestslughere/tests/unit/tests/xmlrpc/mw/editPost.php" line="250" assertions="2" time="0.163559"/>
        <testcase name="test_empty_not_null" class="Tests_XMLRPC_mw_editPost" classname="Tests_XMLRPC_mw_editPost" file="/var/www/html/test/wordpress_test/inpsyde_test/test/wp-content/plugins/plugintestslughere/tests/unit/tests/xmlrpc/mw/editPost.php" line="268" assertions="2" time="0.220907"/>
        <testcase name="test_draft_not_prematurely_published" class="Tests_XMLRPC_mw_editPost" classname="Tests_XMLRPC_mw_editPost" file="/var/www/html/test/wordpress_test/inpsyde_test/test/wp-content/plugins/plugintestslughere/tests/unit/tests/xmlrpc/mw/editPost.php" line="300" assertions="2" time="0.229403"/>
      </testsuite>
      <testsuite name="Tests_XMLRPC_mw_getPost" file="/var/www/html/test/wordpress_test/inpsyde_test/test/wp-content/plugins/plugintestslughere/tests/unit/tests/xmlrpc/mw/getPost.php" tests="6" assertions="47" errors="0" failures="0" skipped="0" time="0.470096">
        <testcase name="test_invalid_username_password" class="Tests_XMLRPC_mw_getPost" classname="Tests_XMLRPC_mw_getPost" file="/var/www/html/test/wordpress_test/inpsyde_test/test/wp-content/plugins/plugintestslughere/tests/unit/tests/xmlrpc/mw/getPost.php" line="24" assertions="2" time="0.027313"/>
        <testcase name="test_incapable_user" class="Tests_XMLRPC_mw_getPost" classname="Tests_XMLRPC_mw_getPost" file="/var/www/html/test/wordpress_test/inpsyde_test/test/wp-content/plugins/plugintestslughere/tests/unit/tests/xmlrpc/mw/getPost.php" line="30" assertions="2" time="0.137670"/>
        <testcase name="test_invalid_postid" class="Tests_XMLRPC_mw_getPost" classname="Tests_XMLRPC_mw_getPost" file="/var/www/html/test/wordpress_test/inpsyde_test/test/wp-content/plugins/plugintestslughere/tests/unit/tests/xmlrpc/mw/getPost.php" line="41" assertions="2" time="0.045708"/>
        <testcase name="test_valid_post" class="Tests_XMLRPC_mw_getPost" classname="Tests_XMLRPC_mw_getPost" file="/var/www/html/test/wordpress_test/inpsyde_test/test/wp-content/plugins/plugintestslughere/tests/unit/tests/xmlrpc/mw/getPost.php" line="47" assertions="29" time="0.061080"/>
        <testcase name="test_post_thumbnail" class="Tests_XMLRPC_mw_getPost" classname="Tests_XMLRPC_mw_getPost" file="/var/www/html/test/wordpress_test/inpsyde_test/test/wp-content/plugins/plugintestslughere/tests/unit/tests/xmlrpc/mw/getPost.php" line="92" assertions="3" time="0.134207"/>
        <testcase name="test_date" class="Tests_XMLRPC_mw_getPost" classname="Tests_XMLRPC_mw_getPost" file="/var/www/html/test/wordpress_test/inpsyde_test/test/wp-content/plugins/plugintestslughere/tests/unit/tests/xmlrpc/mw/getPost.php" line="111" assertions="9" time="0.064118"/>
      </testsuite>
      <testsuite name="Tests_XMLRPC_mw_getRecentPosts" file="/var/www/html/test/wordpress_test/inpsyde_test/test/wp-content/plugins/plugintestslughere/tests/unit/tests/xmlrpc/mw/getRecentPosts.php" tests="6" assertions="9" errors="0" failures="0" skipped="0" time="0.650026">
        <testcase name="test_invalid_username_password" class="Tests_XMLRPC_mw_getRecentPosts" classname="Tests_XMLRPC_mw_getRecentPosts" file="/var/www/html/test/wordpress_test/inpsyde_test/test/wp-content/plugins/plugintestslughere/tests/unit/tests/xmlrpc/mw/getRecentPosts.php" line="25" assertions="2" time="0.025457"/>
        <testcase name="test_no_editing_privileges" class="Tests_XMLRPC_mw_getRecentPosts" classname="Tests_XMLRPC_mw_getRecentPosts" file="/var/www/html/test/wordpress_test/inpsyde_test/test/wp-content/plugins/plugintestslughere/tests/unit/tests/xmlrpc/mw/getRecentPosts.php" line="34" assertions="2" time="0.150532"/>
        <testcase name="test_no_editable_posts" class="Tests_XMLRPC_mw_getRecentPosts" classname="Tests_XMLRPC_mw_getRecentPosts" file="/var/www/html/test/wordpress_test/inpsyde_test/test/wp-content/plugins/plugintestslughere/tests/unit/tests/xmlrpc/mw/getRecentPosts.php" line="42" assertions="2" time="0.111423"/>
        <testcase name="test_valid_post" class="Tests_XMLRPC_mw_getRecentPosts" classname="Tests_XMLRPC_mw_getRecentPosts" file="/var/www/html/test/wordpress_test/inpsyde_test/test/wp-content/plugins/plugintestslughere/tests/unit/tests/xmlrpc/mw/getRecentPosts.php" line="50" assertions="1" time="0.049935"/>
        <testcase name="test_post_thumbnail" class="Tests_XMLRPC_mw_getRecentPosts" classname="Tests_XMLRPC_mw_getRecentPosts" file="/var/www/html/test/wordpress_test/inpsyde_test/test/wp-content/plugins/plugintestslughere/tests/unit/tests/xmlrpc/mw/getRecentPosts.php" line="97" assertions="1" time="0.135171"/>
        <testcase name="test_date" class="Tests_XMLRPC_mw_getRecentPosts" classname="Tests_XMLRPC_mw_getRecentPosts" file="/var/www/html/test/wordpress_test/inpsyde_test/test/wp-content/plugins/plugintestslughere/tests/unit/tests/xmlrpc/mw/getRecentPosts.php" line="122" assertions="1" time="0.177508"/>
      </testsuite>
      <testsuite name="Tests_XMLRPC_mw_newPost" file="/var/www/html/test/wordpress_test/inpsyde_test/test/wp-content/plugins/plugintestslughere/tests/unit/tests/xmlrpc/mw/newPost.php" tests="15" assertions="36" errors="0" failures="0" skipped="0" time="2.644132">
        <testcase name="test_invalid_username_password" class="Tests_XMLRPC_mw_newPost" classname="Tests_XMLRPC_mw_newPost" file="/var/www/html/test/wordpress_test/inpsyde_test/test/wp-content/plugins/plugintestslughere/tests/unit/tests/xmlrpc/mw/newPost.php" line="8" assertions="2" time="0.028722"/>
        <testcase name="test_incapable_user" class="Tests_XMLRPC_mw_newPost" classname="Tests_XMLRPC_mw_newPost" file="/var/www/html/test/wordpress_test/inpsyde_test/test/wp-content/plugins/plugintestslughere/tests/unit/tests/xmlrpc/mw/newPost.php" line="15" assertions="2" time="0.175782"/>
        <testcase name="test_no_content" class="Tests_XMLRPC_mw_newPost" classname="Tests_XMLRPC_mw_newPost" file="/var/www/html/test/wordpress_test/inpsyde_test/test/wp-content/plugins/plugintestslughere/tests/unit/tests/xmlrpc/mw/newPost.php" line="24" assertions="3" time="0.155114"/>
        <testcase name="test_basic_content" class="Tests_XMLRPC_mw_newPost" classname="Tests_XMLRPC_mw_newPost" file="/var/www/html/test/wordpress_test/inpsyde_test/test/wp-content/plugins/plugintestslughere/tests/unit/tests/xmlrpc/mw/newPost.php" line="34" assertions="2" time="0.196508"/>
        <testcase name="test_ignore_id" class="Tests_XMLRPC_mw_newPost" classname="Tests_XMLRPC_mw_newPost" file="/var/www/html/test/wordpress_test/inpsyde_test/test/wp-content/plugins/plugintestslughere/tests/unit/tests/xmlrpc/mw/newPost.php" line="43" assertions="2" time="0.197845"/>
        <testcase name="test_capable_publish" class="Tests_XMLRPC_mw_newPost" classname="Tests_XMLRPC_mw_newPost" file="/var/www/html/test/wordpress_test/inpsyde_test/test/wp-content/plugins/plugintestslughere/tests/unit/tests/xmlrpc/mw/newPost.php" line="55" assertions="1" time="0.197628"/>
        <testcase name="test_incapable_publish" class="Tests_XMLRPC_mw_newPost" classname="Tests_XMLRPC_mw_newPost" file="/var/www/html/test/wordpress_test/inpsyde_test/test/wp-content/plugins/plugintestslughere/tests/unit/tests/xmlrpc/mw/newPost.php" line="66" assertions="2" time="0.145240"/>
        <testcase name="test_capable_other_author" class="Tests_XMLRPC_mw_newPost" classname="Tests_XMLRPC_mw_newPost" file="/var/www/html/test/wordpress_test/inpsyde_test/test/wp-content/plugins/plugintestslughere/tests/unit/tests/xmlrpc/mw/newPost.php" line="78" assertions="1" time="0.251299"/>
        <testcase name="test_incapable_other_author" class="Tests_XMLRPC_mw_newPost" classname="Tests_XMLRPC_mw_newPost" file="/var/www/html/test/wordpress_test/inpsyde_test/test/wp-content/plugins/plugintestslughere/tests/unit/tests/xmlrpc/mw/newPost.php" line="90" assertions="2" time="0.197273"/>
        <testcase name="test_invalid_author" class="Tests_XMLRPC_mw_newPost" classname="Tests_XMLRPC_mw_newPost" file="/var/www/html/test/wordpress_test/inpsyde_test/test/wp-content/plugins/plugintestslughere/tests/unit/tests/xmlrpc/mw/newPost.php" line="106" assertions="2" time="0.142391"/>
        <testcase name="test_empty_author" class="Tests_XMLRPC_mw_newPost" classname="Tests_XMLRPC_mw_newPost" file="/var/www/html/test/wordpress_test/inpsyde_test/test/wp-content/plugins/plugintestslughere/tests/unit/tests/xmlrpc/mw/newPost.php" line="118" assertions="4" time="0.209059"/>
        <testcase name="test_post_thumbnail" class="Tests_XMLRPC_mw_newPost" classname="Tests_XMLRPC_mw_newPost" file="/var/www/html/test/wordpress_test/inpsyde_test/test/wp-content/plugins/plugintestslughere/tests/unit/tests/xmlrpc/mw/newPost.php" line="131" assertions="2" time="0.253669"/>
        <testcase name="test_incapable_set_post_type_as_page" class="Tests_XMLRPC_mw_newPost" classname="Tests_XMLRPC_mw_newPost" file="/var/www/html/test/wordpress_test/inpsyde_test/test/wp-content/plugins/plugintestslughere/tests/unit/tests/xmlrpc/mw/newPost.php" line="151" assertions="2" time="0.142149"/>
        <testcase name="test_capable_set_post_type_as_page" class="Tests_XMLRPC_mw_newPost" classname="Tests_XMLRPC_mw_newPost" file="/var/www/html/test/wordpress_test/inpsyde_test/test/wp-content/plugins/plugintestslughere/tests/unit/tests/xmlrpc/mw/newPost.php" line="163" assertions="4" time="0.164624"/>
        <testcase name="test_draft_post_date" class="Tests_XMLRPC_mw_newPost" classname="Tests_XMLRPC_mw_newPost" file="/var/www/html/test/wordpress_test/inpsyde_test/test/wp-content/plugins/plugintestslughere/tests/unit/tests/xmlrpc/mw/newPost.php" line="183" assertions="5" time="0.186829"/>
      </testsuite>
      <testsuite name="Tests_XMLRPC_wp_deletePost" file="/var/www/html/test/wordpress_test/inpsyde_test/test/wp-content/plugins/plugintestslughere/tests/unit/tests/xmlrpc/wp/deletePost.php" tests="4" assertions="9" errors="0" failures="0" skipped="0" time="0.534248">
        <testcase name="test_invalid_username_password" class="Tests_XMLRPC_wp_deletePost" classname="Tests_XMLRPC_wp_deletePost" file="/var/www/html/test/wordpress_test/inpsyde_test/test/wp-content/plugins/plugintestslughere/tests/unit/tests/xmlrpc/wp/deletePost.php" line="8" assertions="2" time="0.028475"/>
        <testcase name="test_invalid_post" class="Tests_XMLRPC_wp_deletePost" classname="Tests_XMLRPC_wp_deletePost" file="/var/www/html/test/wordpress_test/inpsyde_test/test/wp-content/plugins/plugintestslughere/tests/unit/tests/xmlrpc/wp/deletePost.php" line="14" assertions="2" time="0.132098"/>
        <testcase name="test_incapable_user" class="Tests_XMLRPC_wp_deletePost" classname="Tests_XMLRPC_wp_deletePost" file="/var/www/html/test/wordpress_test/inpsyde_test/test/wp-content/plugins/plugintestslughere/tests/unit/tests/xmlrpc/wp/deletePost.php" line="22" assertions="2" time="0.164432"/>
        <testcase name="test_post_deleted" class="Tests_XMLRPC_wp_deletePost" classname="Tests_XMLRPC_wp_deletePost" file="/var/www/html/test/wordpress_test/inpsyde_test/test/wp-content/plugins/plugintestslughere/tests/unit/tests/xmlrpc/wp/deletePost.php" line="31" assertions="3" time="0.209243"/>
      </testsuite>
      <testsuite name="Tests_XMLRPC_wp_deleteTerm" file="/var/www/html/test/wordpress_test/inpsyde_test/test/wp-content/plugins/plugintestslughere/tests/unit/tests/xmlrpc/wp/deleteTerm.php" tests="7" assertions="19" errors="0" failures="0" skipped="0" time="0.888710">
        <testcase name="test_invalid_username_password" class="Tests_XMLRPC_wp_deleteTerm" classname="Tests_XMLRPC_wp_deleteTerm" file="/var/www/html/test/wordpress_test/inpsyde_test/test/wp-content/plugins/plugintestslughere/tests/unit/tests/xmlrpc/wp/deleteTerm.php" line="17" assertions="2" time="0.027148"/>
        <testcase name="test_empty_taxonomy" class="Tests_XMLRPC_wp_deleteTerm" classname="Tests_XMLRPC_wp_deleteTerm" file="/var/www/html/test/wordpress_test/inpsyde_test/test/wp-content/plugins/plugintestslughere/tests/unit/tests/xmlrpc/wp/deleteTerm.php" line="23" assertions="3" time="0.137455"/>
        <testcase name="test_invalid_taxonomy" class="Tests_XMLRPC_wp_deleteTerm" classname="Tests_XMLRPC_wp_deleteTerm" file="/var/www/html/test/wordpress_test/inpsyde_test/test/wp-content/plugins/plugintestslughere/tests/unit/tests/xmlrpc/wp/deleteTerm.php" line="32" assertions="3" time="0.141567"/>
        <testcase name="test_incapable_user" class="Tests_XMLRPC_wp_deleteTerm" classname="Tests_XMLRPC_wp_deleteTerm" file="/var/www/html/test/wordpress_test/inpsyde_test/test/wp-content/plugins/plugintestslughere/tests/unit/tests/xmlrpc/wp/deleteTerm.php" line="41" assertions="3" time="0.143848"/>
        <testcase name="test_empty_term" class="Tests_XMLRPC_wp_deleteTerm" classname="Tests_XMLRPC_wp_deleteTerm" file="/var/www/html/test/wordpress_test/inpsyde_test/test/wp-content/plugins/plugintestslughere/tests/unit/tests/xmlrpc/wp/deleteTerm.php" line="50" assertions="3" time="0.141810"/>
        <testcase name="test_invalid_term" class="Tests_XMLRPC_wp_deleteTerm" classname="Tests_XMLRPC_wp_deleteTerm" file="/var/www/html/test/wordpress_test/inpsyde_test/test/wp-content/plugins/plugintestslughere/tests/unit/tests/xmlrpc/wp/deleteTerm.php" line="59" assertions="3" time="0.131825"/>
        <testcase name="test_term_deleted" class="Tests_XMLRPC_wp_deleteTerm" classname="Tests_XMLRPC_wp_deleteTerm" file="/var/www/html/test/wordpress_test/inpsyde_test/test/wp-content/plugins/plugintestslughere/tests/unit/tests/xmlrpc/wp/deleteTerm.php" line="68" assertions="2" time="0.165057"/>
      </testsuite>
      <testsuite name="Tests_XMLRPC_wp_editComment" file="/var/www/html/test/wordpress_test/inpsyde_test/test/wp-content/plugins/plugintestslughere/tests/unit/tests/xmlrpc/wp/editComment.php" tests="3" assertions="7" errors="0" failures="0" skipped="0" time="1.557519">
        <testcase name="test_author_can_edit_own_comment" class="Tests_XMLRPC_wp_editComment" classname="Tests_XMLRPC_wp_editComment" file="/var/www/html/test/wordpress_test/inpsyde_test/test/wp-content/plugins/plugintestslughere/tests/unit/tests/xmlrpc/wp/editComment.php" line="8" assertions="2" time="0.258536"/>
        <testcase name="test_author_cannot_edit_others_comment" class="Tests_XMLRPC_wp_editComment" classname="Tests_XMLRPC_wp_editComment" file="/var/www/html/test/wordpress_test/inpsyde_test/test/wp-content/plugins/plugintestslughere/tests/unit/tests/xmlrpc/wp/editComment.php" line="41" assertions="3" time="0.242002"/>
        <testcase name="test_trash_comment" class="Tests_XMLRPC_wp_editComment" classname="Tests_XMLRPC_wp_editComment" file="/var/www/html/test/wordpress_test/inpsyde_test/test/wp-content/plugins/plugintestslughere/tests/unit/tests/xmlrpc/wp/editComment.php" line="66" assertions="2" time="1.056981"/>
      </testsuite>
      <testsuite name="Tests_XMLRPC_wp_editPost" file="/var/www/html/test/wordpress_test/inpsyde_test/test/wp-content/plugins/plugintestslughere/tests/unit/tests/xmlrpc/wp/editPost.php" tests="19" assertions="72" errors="0" failures="0" skipped="0" time="4.617202">
        <testcase name="test_invalid_username_password" class="Tests_XMLRPC_wp_editPost" classname="Tests_XMLRPC_wp_editPost" file="/var/www/html/test/wordpress_test/inpsyde_test/test/wp-content/plugins/plugintestslughere/tests/unit/tests/xmlrpc/wp/editPost.php" line="8" assertions="2" time="0.025403"/>
        <testcase name="test_edit_own_post" class="Tests_XMLRPC_wp_editPost" classname="Tests_XMLRPC_wp_editPost" file="/var/www/html/test/wordpress_test/inpsyde_test/test/wp-content/plugins/plugintestslughere/tests/unit/tests/xmlrpc/wp/editPost.php" line="14" assertions="3" time="0.233159"/>
        <testcase name="test_capable_edit_others_post" class="Tests_XMLRPC_wp_editPost" classname="Tests_XMLRPC_wp_editPost" file="/var/www/html/test/wordpress_test/inpsyde_test/test/wp-content/plugins/plugintestslughere/tests/unit/tests/xmlrpc/wp/editPost.php" line="33" assertions="3" time="0.275403"/>
        <testcase name="test_incapable_edit_others_post" class="Tests_XMLRPC_wp_editPost" classname="Tests_XMLRPC_wp_editPost" file="/var/www/html/test/wordpress_test/inpsyde_test/test/wp-content/plugins/plugintestslughere/tests/unit/tests/xmlrpc/wp/editPost.php" line="53" assertions="3" time="0.231113"/>
        <testcase name="test_capable_reassign_author" class="Tests_XMLRPC_wp_editPost" classname="Tests_XMLRPC_wp_editPost" file="/var/www/html/test/wordpress_test/inpsyde_test/test/wp-content/plugins/plugintestslughere/tests/unit/tests/xmlrpc/wp/editPost.php" line="74" assertions="3" time="0.318690"/>
        <testcase name="test_incapable_reassign_author" class="Tests_XMLRPC_wp_editPost" classname="Tests_XMLRPC_wp_editPost" file="/var/www/html/test/wordpress_test/inpsyde_test/test/wp-content/plugins/plugintestslughere/tests/unit/tests/xmlrpc/wp/editPost.php" line="94" assertions="3" time="0.240405"/>
        <testcase name="test_capable_reassign_author_to_self" class="Tests_XMLRPC_wp_editPost" classname="Tests_XMLRPC_wp_editPost" file="/var/www/html/test/wordpress_test/inpsyde_test/test/wp-content/plugins/plugintestslughere/tests/unit/tests/xmlrpc/wp/editPost.php" line="116" assertions="3" time="0.263920"/>
        <testcase name="test_post_thumbnail" class="Tests_XMLRPC_wp_editPost" classname="Tests_XMLRPC_wp_editPost" file="/var/www/html/test/wordpress_test/inpsyde_test/test/wp-content/plugins/plugintestslughere/tests/unit/tests/xmlrpc/wp/editPost.php" line="135" assertions="15" time="0.442754"/>
        <testcase name="test_edit_custom_fields" class="Tests_XMLRPC_wp_editPost" classname="Tests_XMLRPC_wp_editPost" file="/var/www/html/test/wordpress_test/inpsyde_test/test/wp-content/plugins/plugintestslughere/tests/unit/tests/xmlrpc/wp/editPost.php" line="195" assertions="6" time="0.208586"/>
        <testcase name="test_capable_unsticky" class="Tests_XMLRPC_wp_editPost" classname="Tests_XMLRPC_wp_editPost" file="/var/www/html/test/wordpress_test/inpsyde_test/test/wp-content/plugins/plugintestslughere/tests/unit/tests/xmlrpc/wp/editPost.php" line="239" assertions="2" time="0.209511"/>
        <testcase name="test_password_transition_unsticky" class="Tests_XMLRPC_wp_editPost" classname="Tests_XMLRPC_wp_editPost" file="/var/www/html/test/wordpress_test/inpsyde_test/test/wp-content/plugins/plugintestslughere/tests/unit/tests/xmlrpc/wp/editPost.php" line="251" assertions="2" time="0.208950"/>
        <testcase name="test_if_not_modified_since" class="Tests_XMLRPC_wp_editPost" classname="Tests_XMLRPC_wp_editPost" file="/var/www/html/test/wordpress_test/inpsyde_test/test/wp-content/plugins/plugintestslughere/tests/unit/tests/xmlrpc/wp/editPost.php" line="266" assertions="5" time="0.219930"/>
        <testcase name="test_edit_attachment" class="Tests_XMLRPC_wp_editPost" classname="Tests_XMLRPC_wp_editPost" file="/var/www/html/test/wordpress_test/inpsyde_test/test/wp-content/plugins/plugintestslughere/tests/unit/tests/xmlrpc/wp/editPost.php" line="305" assertions="2" time="0.176137"/>
        <testcase name="test_use_invalid_post_status" class="Tests_XMLRPC_wp_editPost" classname="Tests_XMLRPC_wp_editPost" file="/var/www/html/test/wordpress_test/inpsyde_test/test/wp-content/plugins/plugintestslughere/tests/unit/tests/xmlrpc/wp/editPost.php" line="326" assertions="2" time="0.197201"/>
        <testcase name="test_loss_of_categories_on_edit" class="Tests_XMLRPC_wp_editPost" classname="Tests_XMLRPC_wp_editPost" file="/var/www/html/test/wordpress_test/inpsyde_test/test/wp-content/plugins/plugintestslughere/tests/unit/tests/xmlrpc/wp/editPost.php" line="348" assertions="4" time="0.219889"/>
        <testcase name="test_clear_categories_on_edit" class="Tests_XMLRPC_wp_editPost" classname="Tests_XMLRPC_wp_editPost" file="/var/www/html/test/wordpress_test/inpsyde_test/test/wp-content/plugins/plugintestslughere/tests/unit/tests/xmlrpc/wp/editPost.php" line="379" assertions="4" time="0.382549"/>
        <testcase name="test_add_enclosure_if_new" class="Tests_XMLRPC_wp_editPost" classname="Tests_XMLRPC_wp_editPost" file="/var/www/html/test/wordpress_test/inpsyde_test/test/wp-content/plugins/plugintestslughere/tests/unit/tests/xmlrpc/wp/editPost.php" line="406" assertions="6" time="0.290463"/>
        <testcase name="test_draft_not_prematurely_published" class="Tests_XMLRPC_wp_editPost" classname="Tests_XMLRPC_wp_editPost" file="/var/www/html/test/wordpress_test/inpsyde_test/test/wp-content/plugins/plugintestslughere/tests/unit/tests/xmlrpc/wp/editPost.php" line="467" assertions="2" time="0.242360"/>
        <testcase name="test_draft_not_assigned_published_date" class="Tests_XMLRPC_wp_editPost" classname="Tests_XMLRPC_wp_editPost" file="/var/www/html/test/wordpress_test/inpsyde_test/test/wp-content/plugins/plugintestslughere/tests/unit/tests/xmlrpc/wp/editPost.php" line="503" assertions="2" time="0.230780"/>
      </testsuite>
      <testsuite name="Tests_XMLRPC_wp_editProfile" file="/var/www/html/test/wordpress_test/inpsyde_test/test/wp-content/plugins/plugintestslughere/tests/unit/tests/xmlrpc/wp/editProfile.php" tests="4" assertions="18" errors="0" failures="0" skipped="0" time="0.534553">
        <testcase name="test_invalid_username_password" class="Tests_XMLRPC_wp_editProfile" classname="Tests_XMLRPC_wp_editProfile" file="/var/www/html/test/wordpress_test/inpsyde_test/test/wp-content/plugins/plugintestslughere/tests/unit/tests/xmlrpc/wp/editProfile.php" line="9" assertions="2" time="0.027039"/>
        <testcase name="test_subscriber_profile" class="Tests_XMLRPC_wp_editProfile" classname="Tests_XMLRPC_wp_editProfile" file="/var/www/html/test/wordpress_test/inpsyde_test/test/wp-content/plugins/plugintestslughere/tests/unit/tests/xmlrpc/wp/editProfile.php" line="15" assertions="9" time="0.144812"/>
        <testcase name="test_ignore_password_change" class="Tests_XMLRPC_wp_editProfile" classname="Tests_XMLRPC_wp_editProfile" file="/var/www/html/test/wordpress_test/inpsyde_test/test/wp-content/plugins/plugintestslughere/tests/unit/tests/xmlrpc/wp/editProfile.php" line="42" assertions="4" time="0.176029"/>
        <testcase name="test_ignore_email_change" class="Tests_XMLRPC_wp_editProfile" classname="Tests_XMLRPC_wp_editProfile" file="/var/www/html/test/wordpress_test/inpsyde_test/test/wp-content/plugins/plugintestslughere/tests/unit/tests/xmlrpc/wp/editProfile.php" line="57" assertions="3" time="0.186673"/>
      </testsuite>
      <testsuite name="Tests_XMLRPC_wp_editTerm" file="/var/www/html/test/wordpress_test/inpsyde_test/test/wp-content/plugins/plugintestslughere/tests/unit/tests/xmlrpc/wp/editTerm.php" tests="16" assertions="42" errors="0" failures="0" skipped="0" time="2.650489">
        <testcase name="test_invalid_username_password" class="Tests_XMLRPC_wp_editTerm" classname="Tests_XMLRPC_wp_editTerm" file="/var/www/html/test/wordpress_test/inpsyde_test/test/wp-content/plugins/plugintestslughere/tests/unit/tests/xmlrpc/wp/editTerm.php" line="29" assertions="2" time="0.028163"/>
        <testcase name="test_empty_taxonomy" class="Tests_XMLRPC_wp_editTerm" classname="Tests_XMLRPC_wp_editTerm" file="/var/www/html/test/wordpress_test/inpsyde_test/test/wp-content/plugins/plugintestslughere/tests/unit/tests/xmlrpc/wp/editTerm.php" line="35" assertions="3" time="0.135082"/>
        <testcase name="test_invalid_taxonomy" class="Tests_XMLRPC_wp_editTerm" classname="Tests_XMLRPC_wp_editTerm" file="/var/www/html/test/wordpress_test/inpsyde_test/test/wp-content/plugins/plugintestslughere/tests/unit/tests/xmlrpc/wp/editTerm.php" line="44" assertions="3" time="0.143732"/>
        <testcase name="test_incapable_user" class="Tests_XMLRPC_wp_editTerm" classname="Tests_XMLRPC_wp_editTerm" file="/var/www/html/test/wordpress_test/inpsyde_test/test/wp-content/plugins/plugintestslughere/tests/unit/tests/xmlrpc/wp/editTerm.php" line="53" assertions="3" time="0.141663"/>
        <testcase name="test_term_not_exists" class="Tests_XMLRPC_wp_editTerm" classname="Tests_XMLRPC_wp_editTerm" file="/var/www/html/test/wordpress_test/inpsyde_test/test/wp-content/plugins/plugintestslughere/tests/unit/tests/xmlrpc/wp/editTerm.php" line="62" assertions="3" time="0.143601"/>
        <testcase name="test_empty_term" class="Tests_XMLRPC_wp_editTerm" classname="Tests_XMLRPC_wp_editTerm" file="/var/www/html/test/wordpress_test/inpsyde_test/test/wp-content/plugins/plugintestslughere/tests/unit/tests/xmlrpc/wp/editTerm.php" line="71" assertions="3" time="0.174940"/>
        <testcase name="test_empty_term_name" class="Tests_XMLRPC_wp_editTerm" classname="Tests_XMLRPC_wp_editTerm" file="/var/www/html/test/wordpress_test/inpsyde_test/test/wp-content/plugins/plugintestslughere/tests/unit/tests/xmlrpc/wp/editTerm.php" line="80" assertions="3" time="0.176182"/>
        <testcase name="test_parent_for_nonhierarchical" class="Tests_XMLRPC_wp_editTerm" classname="Tests_XMLRPC_wp_editTerm" file="/var/www/html/test/wordpress_test/inpsyde_test/test/wp-content/plugins/plugintestslughere/tests/unit/tests/xmlrpc/wp/editTerm.php" line="100" assertions="3" time="0.186878"/>
        <testcase name="test_parent_empty" class="Tests_XMLRPC_wp_editTerm" classname="Tests_XMLRPC_wp_editTerm" file="/var/www/html/test/wordpress_test/inpsyde_test/test/wp-content/plugins/plugintestslughere/tests/unit/tests/xmlrpc/wp/editTerm.php" line="120" assertions="2" time="0.393731"/>
        <testcase name="test_parent_null" class="Tests_XMLRPC_wp_editTerm" classname="Tests_XMLRPC_wp_editTerm" file="/var/www/html/test/wordpress_test/inpsyde_test/test/wp-content/plugins/plugintestslughere/tests/unit/tests/xmlrpc/wp/editTerm.php" line="140" assertions="3" time="0.192780"/>
        <testcase name="test_parent_invalid" class="Tests_XMLRPC_wp_editTerm" classname="Tests_XMLRPC_wp_editTerm" file="/var/www/html/test/wordpress_test/inpsyde_test/test/wp-content/plugins/plugintestslughere/tests/unit/tests/xmlrpc/wp/editTerm.php" line="164" assertions="2" time="0.153681"/>
        <testcase name="test_parent_not_existing" class="Tests_XMLRPC_wp_editTerm" classname="Tests_XMLRPC_wp_editTerm" file="/var/www/html/test/wordpress_test/inpsyde_test/test/wp-content/plugins/plugintestslughere/tests/unit/tests/xmlrpc/wp/editTerm.php" line="184" assertions="3" time="0.153913"/>
        <testcase name="test_parent_duplicate_slug" class="Tests_XMLRPC_wp_editTerm" classname="Tests_XMLRPC_wp_editTerm" file="/var/www/html/test/wordpress_test/inpsyde_test/test/wp-content/plugins/plugintestslughere/tests/unit/tests/xmlrpc/wp/editTerm.php" line="205" assertions="3" time="0.143088"/>
        <testcase name="test_edit_all_fields" class="Tests_XMLRPC_wp_editTerm" classname="Tests_XMLRPC_wp_editTerm" file="/var/www/html/test/wordpress_test/inpsyde_test/test/wp-content/plugins/plugintestslughere/tests/unit/tests/xmlrpc/wp/editTerm.php" line="226" assertions="2" time="0.153604"/>
        <testcase name="test_update_term_meta" class="Tests_XMLRPC_wp_editTerm" classname="Tests_XMLRPC_wp_editTerm" file="/var/www/html/test/wordpress_test/inpsyde_test/test/wp-content/plugins/plugintestslughere/tests/unit/tests/xmlrpc/wp/editTerm.php" line="245" assertions="2" time="0.164823"/>
        <testcase name="test_delete_term_meta" class="Tests_XMLRPC_wp_editTerm" classname="Tests_XMLRPC_wp_editTerm" file="/var/www/html/test/wordpress_test/inpsyde_test/test/wp-content/plugins/plugintestslughere/tests/unit/tests/xmlrpc/wp/editTerm.php" line="285" assertions="2" time="0.164628"/>
      </testsuite>
      <testsuite name="Tests_XMLRPC_wp_getComment" file="/var/www/html/test/wordpress_test/inpsyde_test/test/wp-content/plugins/plugintestslughere/tests/unit/tests/xmlrpc/wp/getComment.php" tests="5" assertions="35" errors="0" failures="0" skipped="0" time="0.592575">
        <testcase name="test_invalid_username_password" class="Tests_XMLRPC_wp_getComment" classname="Tests_XMLRPC_wp_getComment" file="/var/www/html/test/wordpress_test/inpsyde_test/test/wp-content/plugins/plugintestslughere/tests/unit/tests/xmlrpc/wp/getComment.php" line="36" assertions="2" time="0.026030"/>
        <testcase name="test_incapable_user" class="Tests_XMLRPC_wp_getComment" classname="Tests_XMLRPC_wp_getComment" file="/var/www/html/test/wordpress_test/inpsyde_test/test/wp-content/plugins/plugintestslughere/tests/unit/tests/xmlrpc/wp/getComment.php" line="42" assertions="2" time="0.141116"/>
        <testcase name="test_valid_comment" class="Tests_XMLRPC_wp_getComment" classname="Tests_XMLRPC_wp_getComment" file="/var/www/html/test/wordpress_test/inpsyde_test/test/wp-content/plugins/plugintestslughere/tests/unit/tests/xmlrpc/wp/getComment.php" line="50" assertions="26" time="0.139872"/>
        <testcase name="test_valid_child_comment" class="Tests_XMLRPC_wp_getComment" classname="Tests_XMLRPC_wp_getComment" file="/var/www/html/test/wordpress_test/inpsyde_test/test/wp-content/plugins/plugintestslughere/tests/unit/tests/xmlrpc/wp/getComment.php" line="86" assertions="3" time="0.142858"/>
        <testcase name="test_invalid_id" class="Tests_XMLRPC_wp_getComment" classname="Tests_XMLRPC_wp_getComment" file="/var/www/html/test/wordpress_test/inpsyde_test/test/wp-content/plugins/plugintestslughere/tests/unit/tests/xmlrpc/wp/getComment.php" line="96" assertions="2" time="0.142699"/>
      </testsuite>
      <testsuite name="Tests_XMLRPC_wp_getComments" file="/var/www/html/test/wordpress_test/inpsyde_test/test/wp-content/plugins/plugintestslughere/tests/unit/tests/xmlrpc/wp/getComments.php" tests="8" assertions="26" errors="0" failures="0" skipped="0" time="1.667273">
        <testcase name="test_invalid_username_password" class="Tests_XMLRPC_wp_getComments" classname="Tests_XMLRPC_wp_getComments" file="/var/www/html/test/wordpress_test/inpsyde_test/test/wp-content/plugins/plugintestslughere/tests/unit/tests/xmlrpc/wp/getComments.php" line="9" assertions="2" time="0.027166"/>
        <testcase name="test_incapable_user" class="Tests_XMLRPC_wp_getComments" classname="Tests_XMLRPC_wp_getComments" file="/var/www/html/test/wordpress_test/inpsyde_test/test/wp-content/plugins/plugintestslughere/tests/unit/tests/xmlrpc/wp/getComments.php" line="15" assertions="2" time="0.134223"/>
        <testcase name="test_capable_user" class="Tests_XMLRPC_wp_getComments" classname="Tests_XMLRPC_wp_getComments" file="/var/www/html/test/wordpress_test/inpsyde_test/test/wp-content/plugins/plugintestslughere/tests/unit/tests/xmlrpc/wp/getComments.php" line="23" assertions="3" time="0.264309"/>
        <testcase name="test_post_filter" class="Tests_XMLRPC_wp_getComments" classname="Tests_XMLRPC_wp_getComments" file="/var/www/html/test/wordpress_test/inpsyde_test/test/wp-content/plugins/plugintestslughere/tests/unit/tests/xmlrpc/wp/getComments.php" line="38" assertions="3" time="0.164107"/>
        <testcase name="test_number_filter" class="Tests_XMLRPC_wp_getComments" classname="Tests_XMLRPC_wp_getComments" file="/var/www/html/test/wordpress_test/inpsyde_test/test/wp-content/plugins/plugintestslughere/tests/unit/tests/xmlrpc/wp/getComments.php" line="61" assertions="4" time="0.242269"/>
        <testcase name="test_contributor_capabilities" class="Tests_XMLRPC_wp_getComments" classname="Tests_XMLRPC_wp_getComments" file="/var/www/html/test/wordpress_test/inpsyde_test/test/wp-content/plugins/plugintestslughere/tests/unit/tests/xmlrpc/wp/getComments.php" line="97" assertions="2" time="0.285522"/>
        <testcase name="test_author_capabilities" class="Tests_XMLRPC_wp_getComments" classname="Tests_XMLRPC_wp_getComments" file="/var/www/html/test/wordpress_test/inpsyde_test/test/wp-content/plugins/plugintestslughere/tests/unit/tests/xmlrpc/wp/getComments.php" line="140" assertions="6" time="0.285740"/>
        <testcase name="test_editor_capabilities" class="Tests_XMLRPC_wp_getComments" classname="Tests_XMLRPC_wp_getComments" file="/var/www/html/test/wordpress_test/inpsyde_test/test/wp-content/plugins/plugintestslughere/tests/unit/tests/xmlrpc/wp/getComments.php" line="232" assertions="4" time="0.263937"/>
      </testsuite>
      <testsuite name="Tests_XMLRPC_wp_getMediaItem" file="/var/www/html/test/wordpress_test/inpsyde_test/test/wp-content/plugins/plugintestslughere/tests/unit/tests/xmlrpc/wp/getMediaItem.php" tests="2" assertions="16" errors="0" failures="0" skipped="0" time="0.347103">
        <testcase name="test_invalid_username_password" class="Tests_XMLRPC_wp_getMediaItem" classname="Tests_XMLRPC_wp_getMediaItem" file="/var/www/html/test/wordpress_test/inpsyde_test/test/wp-content/plugins/plugintestslughere/tests/unit/tests/xmlrpc/wp/getMediaItem.php" line="39" assertions="2" time="0.181759"/>
        <testcase name="test_valid_media_item" class="Tests_XMLRPC_wp_getMediaItem" classname="Tests_XMLRPC_wp_getMediaItem" file="/var/www/html/test/wordpress_test/inpsyde_test/test/wp-content/plugins/plugintestslughere/tests/unit/tests/xmlrpc/wp/getMediaItem.php" line="45" assertions="14" time="0.165344"/>
      </testsuite>
      <testsuite name="Tests_XMLRPC_wp_getOptions" file="/var/www/html/test/wordpress_test/inpsyde_test/test/wp-content/plugins/plugintestslughere/tests/unit/tests/xmlrpc/wp/getOptions.php" tests="5" assertions="113" errors="0" failures="0" skipped="0" time="0.619009">
        <testcase name="test_invalid_username_password" class="Tests_XMLRPC_wp_getOptions" classname="Tests_XMLRPC_wp_getOptions" file="/var/www/html/test/wordpress_test/inpsyde_test/test/wp-content/plugins/plugintestslughere/tests/unit/tests/xmlrpc/wp/getOptions.php" line="8" assertions="2" time="0.028740"/>
        <testcase name="test_valid_username_password" class="Tests_XMLRPC_wp_getOptions" classname="Tests_XMLRPC_wp_getOptions" file="/var/www/html/test/wordpress_test/inpsyde_test/test/wp-content/plugins/plugintestslughere/tests/unit/tests/xmlrpc/wp/getOptions.php" line="14" assertions="2" time="0.151731"/>
        <testcase name="test_option_value" class="Tests_XMLRPC_wp_getOptions" classname="Tests_XMLRPC_wp_getOptions" file="/var/www/html/test/wordpress_test/inpsyde_test/test/wp-content/plugins/plugintestslughere/tests/unit/tests/xmlrpc/wp/getOptions.php" line="22" assertions="3" time="0.141977"/>
        <testcase name="test_option_values_subscriber" class="Tests_XMLRPC_wp_getOptions" classname="Tests_XMLRPC_wp_getOptions" file="/var/www/html/test/wordpress_test/inpsyde_test/test/wp-content/plugins/plugintestslughere/tests/unit/tests/xmlrpc/wp/getOptions.php" line="35" assertions="53" time="0.143548"/>
        <testcase name="test_option_values_admin" class="Tests_XMLRPC_wp_getOptions" classname="Tests_XMLRPC_wp_getOptions" file="/var/www/html/test/wordpress_test/inpsyde_test/test/wp-content/plugins/plugintestslughere/tests/unit/tests/xmlrpc/wp/getOptions.php" line="123" assertions="53" time="0.153013"/>
      </testsuite>
      <testsuite name="Tests_XMLRPC_wp_getPage" file="/var/www/html/test/wordpress_test/inpsyde_test/test/wp-content/plugins/plugintestslughere/tests/unit/tests/xmlrpc/wp/getPage.php" tests="4" assertions="38" errors="0" failures="0" skipped="0" time="0.450420">
        <testcase name="test_invalid_username_password" class="Tests_XMLRPC_wp_getPage" classname="Tests_XMLRPC_wp_getPage" file="/var/www/html/test/wordpress_test/inpsyde_test/test/wp-content/plugins/plugintestslughere/tests/unit/tests/xmlrpc/wp/getPage.php" line="25" assertions="2" time="0.026665"/>
        <testcase name="test_invalid_pageid" class="Tests_XMLRPC_wp_getPage" classname="Tests_XMLRPC_wp_getPage" file="/var/www/html/test/wordpress_test/inpsyde_test/test/wp-content/plugins/plugintestslughere/tests/unit/tests/xmlrpc/wp/getPage.php" line="34" assertions="2" time="0.138114"/>
        <testcase name="test_valid_page" class="Tests_XMLRPC_wp_getPage" classname="Tests_XMLRPC_wp_getPage" file="/var/www/html/test/wordpress_test/inpsyde_test/test/wp-content/plugins/plugintestslughere/tests/unit/tests/xmlrpc/wp/getPage.php" line="42" assertions="29" time="0.143628"/>
        <testcase name="test_date" class="Tests_XMLRPC_wp_getPage" classname="Tests_XMLRPC_wp_getPage" file="/var/www/html/test/wordpress_test/inpsyde_test/test/wp-content/plugins/plugintestslughere/tests/unit/tests/xmlrpc/wp/getPage.php" line="83" assertions="5" time="0.142013"/>
      </testsuite>
      <testsuite name="Tests_XMLRPC_wp_getPageList" file="/var/www/html/test/wordpress_test/inpsyde_test/test/wp-content/plugins/plugintestslughere/tests/unit/tests/xmlrpc/wp/getPageList.php" tests="3" assertions="9" errors="0" failures="0" skipped="0" time="0.307098">
        <testcase name="test_invalid_username_password" class="Tests_XMLRPC_wp_getPageList" classname="Tests_XMLRPC_wp_getPageList" file="/var/www/html/test/wordpress_test/inpsyde_test/test/wp-content/plugins/plugintestslughere/tests/unit/tests/xmlrpc/wp/getPageList.php" line="25" assertions="2" time="0.029002"/>
        <testcase name="test_incapable_user" class="Tests_XMLRPC_wp_getPageList" classname="Tests_XMLRPC_wp_getPageList" file="/var/www/html/test/wordpress_test/inpsyde_test/test/wp-content/plugins/plugintestslughere/tests/unit/tests/xmlrpc/wp/getPageList.php" line="31" assertions="2" time="0.135340"/>
        <testcase name="test_date" class="Tests_XMLRPC_wp_getPageList" classname="Tests_XMLRPC_wp_getPageList" file="/var/www/html/test/wordpress_test/inpsyde_test/test/wp-content/plugins/plugintestslughere/tests/unit/tests/xmlrpc/wp/getPageList.php" line="39" assertions="5" time="0.142756"/>
      </testsuite>
      <testsuite name="Tests_XMLRPC_wp_getPages" file="/var/www/html/test/wordpress_test/inpsyde_test/test/wp-content/plugins/plugintestslughere/tests/unit/tests/xmlrpc/wp/getPages.php" tests="4" assertions="8" errors="0" failures="0" skipped="0" time="0.348019">
        <testcase name="test_invalid_username_password" class="Tests_XMLRPC_wp_getPages" classname="Tests_XMLRPC_wp_getPages" file="/var/www/html/test/wordpress_test/inpsyde_test/test/wp-content/plugins/plugintestslughere/tests/unit/tests/xmlrpc/wp/getPages.php" line="33" assertions="2" time="0.030944"/>
        <testcase name="test_incapable_user" class="Tests_XMLRPC_wp_getPages" classname="Tests_XMLRPC_wp_getPages" file="/var/www/html/test/wordpress_test/inpsyde_test/test/wp-content/plugins/plugintestslughere/tests/unit/tests/xmlrpc/wp/getPages.php" line="39" assertions="2" time="0.156181"/>
        <testcase name="test_capable_user" class="Tests_XMLRPC_wp_getPages" classname="Tests_XMLRPC_wp_getPages" file="/var/www/html/test/wordpress_test/inpsyde_test/test/wp-content/plugins/plugintestslughere/tests/unit/tests/xmlrpc/wp/getPages.php" line="47" assertions="2" time="0.112387"/>
        <testcase name="test_semi_capable_user" class="Tests_XMLRPC_wp_getPages" classname="Tests_XMLRPC_wp_getPages" file="/var/www/html/test/wordpress_test/inpsyde_test/test/wp-content/plugins/plugintestslughere/tests/unit/tests/xmlrpc/wp/getPages.php" line="70" assertions="2" time="0.048507"/>
      </testsuite>
      <testsuite name="Tests_XMLRPC_wp_getPost" file="/var/www/html/test/wordpress_test/inpsyde_test/test/wp-content/plugins/plugintestslughere/tests/unit/tests/xmlrpc/wp/getPost.php" tests="6" assertions="60" errors="0" failures="0" skipped="0" time="1.307404">
        <testcase name="test_invalid_username_password" class="Tests_XMLRPC_wp_getPost" classname="Tests_XMLRPC_wp_getPost" file="/var/www/html/test/wordpress_test/inpsyde_test/test/wp-content/plugins/plugintestslughere/tests/unit/tests/xmlrpc/wp/getPost.php" line="31" assertions="2" time="0.324982"/>
        <testcase name="test_valid_post" class="Tests_XMLRPC_wp_getPost" classname="Tests_XMLRPC_wp_getPost" file="/var/www/html/test/wordpress_test/inpsyde_test/test/wp-content/plugins/plugintestslughere/tests/unit/tests/xmlrpc/wp/getPost.php" line="37" assertions="32" time="0.188084"/>
        <testcase name="test_no_fields" class="Tests_XMLRPC_wp_getPost" classname="Tests_XMLRPC_wp_getPost" file="/var/www/html/test/wordpress_test/inpsyde_test/test/wp-content/plugins/plugintestslughere/tests/unit/tests/xmlrpc/wp/getPost.php" line="82" assertions="3" time="0.164763"/>
        <testcase name="test_default_fields" class="Tests_XMLRPC_wp_getPost" classname="Tests_XMLRPC_wp_getPost" file="/var/www/html/test/wordpress_test/inpsyde_test/test/wp-content/plugins/plugintestslughere/tests/unit/tests/xmlrpc/wp/getPost.php" line="92" assertions="5" time="0.164742"/>
        <testcase name="test_date" class="Tests_XMLRPC_wp_getPost" classname="Tests_XMLRPC_wp_getPost" file="/var/www/html/test/wordpress_test/inpsyde_test/test/wp-content/plugins/plugintestslughere/tests/unit/tests/xmlrpc/wp/getPost.php" line="102" assertions="9" time="0.198510"/>
        <testcase name="test_valid_page" class="Tests_XMLRPC_wp_getPost" classname="Tests_XMLRPC_wp_getPost" file="/var/www/html/test/wordpress_test/inpsyde_test/test/wp-content/plugins/plugintestslughere/tests/unit/tests/xmlrpc/wp/getPost.php" line="125" assertions="9" time="0.266323"/>
      </testsuite>
      <testsuite name="Tests_XMLRPC_wp_getPostType" file="/var/www/html/test/wordpress_test/inpsyde_test/test/wp-content/plugins/plugintestslughere/tests/unit/tests/xmlrpc/wp/getPostType.php" tests="5" assertions="64" errors="0" failures="0" skipped="0" time="0.588935">
        <testcase name="test_invalid_username_password" class="Tests_XMLRPC_wp_getPostType" classname="Tests_XMLRPC_wp_getPostType" file="/var/www/html/test/wordpress_test/inpsyde_test/test/wp-content/plugins/plugintestslughere/tests/unit/tests/xmlrpc/wp/getPostType.php" line="32" assertions="2" time="0.028449"/>
        <testcase name="test_invalid_post_type_name" class="Tests_XMLRPC_wp_getPostType" classname="Tests_XMLRPC_wp_getPostType" file="/var/www/html/test/wordpress_test/inpsyde_test/test/wp-content/plugins/plugintestslughere/tests/unit/tests/xmlrpc/wp/getPostType.php" line="38" assertions="2" time="0.132436"/>
        <testcase name="test_valid_post_type_name" class="Tests_XMLRPC_wp_getPostType" classname="Tests_XMLRPC_wp_getPostType" file="/var/www/html/test/wordpress_test/inpsyde_test/test/wp-content/plugins/plugintestslughere/tests/unit/tests/xmlrpc/wp/getPostType.php" line="46" assertions="1" time="0.142760"/>
        <testcase name="test_incapable_user" class="Tests_XMLRPC_wp_getPostType" classname="Tests_XMLRPC_wp_getPostType" file="/var/www/html/test/wordpress_test/inpsyde_test/test/wp-content/plugins/plugintestslughere/tests/unit/tests/xmlrpc/wp/getPostType.php" line="53" assertions="2" time="0.143324"/>
        <testcase name="test_valid_type" class="Tests_XMLRPC_wp_getPostType" classname="Tests_XMLRPC_wp_getPostType" file="/var/www/html/test/wordpress_test/inpsyde_test/test/wp-content/plugins/plugintestslughere/tests/unit/tests/xmlrpc/wp/getPostType.php" line="61" assertions="57" time="0.141966"/>
      </testsuite>
      <testsuite name="Tests_XMLRPC_wp_getPostTypes" file="/var/www/html/test/wordpress_test/inpsyde_test/test/wp-content/plugins/plugintestslughere/tests/unit/tests/xmlrpc/wp/getPostTypes.php" tests="4" assertions="12" errors="0" failures="0" skipped="0" time="0.444940">
        <testcase name="test_invalid_username_password" class="Tests_XMLRPC_wp_getPostTypes" classname="Tests_XMLRPC_wp_getPostTypes" file="/var/www/html/test/wordpress_test/inpsyde_test/test/wp-content/plugins/plugintestslughere/tests/unit/tests/xmlrpc/wp/getPostTypes.php" line="7" assertions="2" time="0.028748"/>
        <testcase name="test_incapable_user" class="Tests_XMLRPC_wp_getPostTypes" classname="Tests_XMLRPC_wp_getPostTypes" file="/var/www/html/test/wordpress_test/inpsyde_test/test/wp-content/plugins/plugintestslughere/tests/unit/tests/xmlrpc/wp/getPostTypes.php" line="13" assertions="3" time="0.141307"/>
        <testcase name="test_capable_user" class="Tests_XMLRPC_wp_getPostTypes" classname="Tests_XMLRPC_wp_getPostTypes" file="/var/www/html/test/wordpress_test/inpsyde_test/test/wp-content/plugins/plugintestslughere/tests/unit/tests/xmlrpc/wp/getPostTypes.php" line="22" assertions="3" time="0.142495"/>
        <testcase name="test_simple_filter" class="Tests_XMLRPC_wp_getPostTypes" classname="Tests_XMLRPC_wp_getPostTypes" file="/var/www/html/test/wordpress_test/inpsyde_test/test/wp-content/plugins/plugintestslughere/tests/unit/tests/xmlrpc/wp/getPostTypes.php" line="31" assertions="4" time="0.132390"/>
      </testsuite>
      <testsuite name="Tests_XMLRPC_wp_getPosts" file="/var/www/html/test/wordpress_test/inpsyde_test/test/wp-content/plugins/plugintestslughere/tests/unit/tests/xmlrpc/wp/getPosts.php" tests="7" assertions="38" errors="0" failures="0" skipped="0" time="1.237055">
        <testcase name="test_invalid_username_password" class="Tests_XMLRPC_wp_getPosts" classname="Tests_XMLRPC_wp_getPosts" file="/var/www/html/test/wordpress_test/inpsyde_test/test/wp-content/plugins/plugintestslughere/tests/unit/tests/xmlrpc/wp/getPosts.php" line="8" assertions="2" time="0.026064"/>
        <testcase name="test_incapable_user" class="Tests_XMLRPC_wp_getPosts" classname="Tests_XMLRPC_wp_getPosts" file="/var/www/html/test/wordpress_test/inpsyde_test/test/wp-content/plugins/plugintestslughere/tests/unit/tests/xmlrpc/wp/getPosts.php" line="17" assertions="4" time="0.155946"/>
        <testcase name="test_capable_user" class="Tests_XMLRPC_wp_getPosts" classname="Tests_XMLRPC_wp_getPosts" file="/var/www/html/test/wordpress_test/inpsyde_test/test/wp-content/plugins/plugintestslughere/tests/unit/tests/xmlrpc/wp/getPosts.php" line="30" assertions="1" time="0.142642"/>
        <testcase name="test_invalid_post_type" class="Tests_XMLRPC_wp_getPosts" classname="Tests_XMLRPC_wp_getPosts" file="/var/www/html/test/wordpress_test/inpsyde_test/test/wp-content/plugins/plugintestslughere/tests/unit/tests/xmlrpc/wp/getPosts.php" line="37" assertions="1" time="0.131805"/>
        <testcase name="test_filters" class="Tests_XMLRPC_wp_getPosts" classname="Tests_XMLRPC_wp_getPosts" file="/var/www/html/test/wordpress_test/inpsyde_test/test/wp-content/plugins/plugintestslughere/tests/unit/tests/xmlrpc/wp/getPosts.php" line="45" assertions="15" time="0.375084"/>
        <testcase name="test_fields" class="Tests_XMLRPC_wp_getPosts" classname="Tests_XMLRPC_wp_getPosts" file="/var/www/html/test/wordpress_test/inpsyde_test/test/wp-content/plugins/plugintestslughere/tests/unit/tests/xmlrpc/wp/getPosts.php" line="126" assertions="11" time="0.196427"/>
        <testcase name="test_search" class="Tests_XMLRPC_wp_getPosts" classname="Tests_XMLRPC_wp_getPosts" file="/var/www/html/test/wordpress_test/inpsyde_test/test/wp-content/plugins/plugintestslughere/tests/unit/tests/xmlrpc/wp/getPosts.php" line="152" assertions="4" time="0.209087"/>
      </testsuite>
      <testsuite name="Tests_XMLRPC_wp_getProfile" file="/var/www/html/test/wordpress_test/inpsyde_test/test/wp-content/plugins/plugintestslughere/tests/unit/tests/xmlrpc/wp/getProfile.php" tests="4" assertions="11" errors="0" failures="0" skipped="0" time="0.456028">
        <testcase name="test_invalid_username_password" class="Tests_XMLRPC_wp_getProfile" classname="Tests_XMLRPC_wp_getProfile" file="/var/www/html/test/wordpress_test/inpsyde_test/test/wp-content/plugins/plugintestslughere/tests/unit/tests/xmlrpc/wp/getProfile.php" line="9" assertions="2" time="0.025955"/>
        <testcase name="test_subscriber" class="Tests_XMLRPC_wp_getProfile" classname="Tests_XMLRPC_wp_getProfile" file="/var/www/html/test/wordpress_test/inpsyde_test/test/wp-content/plugins/plugintestslughere/tests/unit/tests/xmlrpc/wp/getProfile.php" line="15" assertions="3" time="0.143953"/>
        <testcase name="test_administrator" class="Tests_XMLRPC_wp_getProfile" classname="Tests_XMLRPC_wp_getProfile" file="/var/www/html/test/wordpress_test/inpsyde_test/test/wp-content/plugins/plugintestslughere/tests/unit/tests/xmlrpc/wp/getProfile.php" line="24" assertions="3" time="0.144368"/>
        <testcase name="test_arbitrary_fields" class="Tests_XMLRPC_wp_getProfile" classname="Tests_XMLRPC_wp_getProfile" file="/var/www/html/test/wordpress_test/inpsyde_test/test/wp-content/plugins/plugintestslughere/tests/unit/tests/xmlrpc/wp/getProfile.php" line="33" assertions="3" time="0.141751"/>
      </testsuite>
      <testsuite name="Tests_XMLRPC_wp_getRevisions" file="/var/www/html/test/wordpress_test/inpsyde_test/test/wp-content/plugins/plugintestslughere/tests/unit/tests/xmlrpc/wp/getRevisions.php" tests="5" assertions="10" errors="0" failures="0" skipped="0" time="0.862713">
        <testcase name="test_invalid_username_password" class="Tests_XMLRPC_wp_getRevisions" classname="Tests_XMLRPC_wp_getRevisions" file="/var/www/html/test/wordpress_test/inpsyde_test/test/wp-content/plugins/plugintestslughere/tests/unit/tests/xmlrpc/wp/getRevisions.php" line="8" assertions="2" time="0.030137"/>
        <testcase name="test_incapable_user" class="Tests_XMLRPC_wp_getRevisions" classname="Tests_XMLRPC_wp_getRevisions" file="/var/www/html/test/wordpress_test/inpsyde_test/test/wp-content/plugins/plugintestslughere/tests/unit/tests/xmlrpc/wp/getRevisions.php" line="14" assertions="2" time="0.162379"/>
        <testcase name="test_capable_user" class="Tests_XMLRPC_wp_getRevisions" classname="Tests_XMLRPC_wp_getRevisions" file="/var/www/html/test/wordpress_test/inpsyde_test/test/wp-content/plugins/plugintestslughere/tests/unit/tests/xmlrpc/wp/getRevisions.php" line="24" assertions="1" time="0.208078"/>
        <testcase name="test_revision_count" class="Tests_XMLRPC_wp_getRevisions" classname="Tests_XMLRPC_wp_getRevisions" file="/var/www/html/test/wordpress_test/inpsyde_test/test/wp-content/plugins/plugintestslughere/tests/unit/tests/xmlrpc/wp/getRevisions.php" line="32" assertions="4" time="0.252759"/>
        <testcase name="test_revision_count_for_auto_draft_post_creation" class="Tests_XMLRPC_wp_getRevisions" classname="Tests_XMLRPC_wp_getRevisions" file="/var/www/html/test/wordpress_test/inpsyde_test/test/wp-content/plugins/plugintestslughere/tests/unit/tests/xmlrpc/wp/getRevisions.php" line="62" assertions="1" time="0.209360"/>
      </testsuite>
      <testsuite name="Tests_XMLRPC_wp_getTaxonomies" file="/var/www/html/test/wordpress_test/inpsyde_test/test/wp-content/plugins/plugintestslughere/tests/unit/tests/xmlrpc/wp/getTaxonomies.php" tests="2" assertions="3" errors="0" failures="0" skipped="0" time="0.203230">
        <testcase name="test_invalid_username_password" class="Tests_XMLRPC_wp_getTaxonomies" classname="Tests_XMLRPC_wp_getTaxonomies" file="/var/www/html/test/wordpress_test/inpsyde_test/test/wp-content/plugins/plugintestslughere/tests/unit/tests/xmlrpc/wp/getTaxonomies.php" line="8" assertions="2" time="0.026113"/>
        <testcase name="test_taxonomy_validated" class="Tests_XMLRPC_wp_getTaxonomies" classname="Tests_XMLRPC_wp_getTaxonomies" file="/var/www/html/test/wordpress_test/inpsyde_test/test/wp-content/plugins/plugintestslughere/tests/unit/tests/xmlrpc/wp/getTaxonomies.php" line="14" assertions="1" time="0.177117"/>
      </testsuite>
      <testsuite name="Tests_XMLRPC_wp_getTaxonomy" file="/var/www/html/test/wordpress_test/inpsyde_test/test/wp-content/plugins/plugintestslughere/tests/unit/tests/xmlrpc/wp/getTaxonomy.php" tests="6" assertions="21" errors="0" failures="0" skipped="0" time="0.765868">
        <testcase name="test_invalid_username_password" class="Tests_XMLRPC_wp_getTaxonomy" classname="Tests_XMLRPC_wp_getTaxonomy" file="/var/www/html/test/wordpress_test/inpsyde_test/test/wp-content/plugins/plugintestslughere/tests/unit/tests/xmlrpc/wp/getTaxonomy.php" line="8" assertions="2" time="0.030652"/>
        <testcase name="test_empty_taxonomy" class="Tests_XMLRPC_wp_getTaxonomy" classname="Tests_XMLRPC_wp_getTaxonomy" file="/var/www/html/test/wordpress_test/inpsyde_test/test/wp-content/plugins/plugintestslughere/tests/unit/tests/xmlrpc/wp/getTaxonomy.php" line="14" assertions="3" time="0.152910"/>
        <testcase name="test_invalid_taxonomy" class="Tests_XMLRPC_wp_getTaxonomy" classname="Tests_XMLRPC_wp_getTaxonomy" file="/var/www/html/test/wordpress_test/inpsyde_test/test/wp-content/plugins/plugintestslughere/tests/unit/tests/xmlrpc/wp/getTaxonomy.php" line="23" assertions="3" time="0.142932"/>
        <testcase name="test_incapable_user" class="Tests_XMLRPC_wp_getTaxonomy" classname="Tests_XMLRPC_wp_getTaxonomy" file="/var/www/html/test/wordpress_test/inpsyde_test/test/wp-content/plugins/plugintestslughere/tests/unit/tests/xmlrpc/wp/getTaxonomy.php" line="32" assertions="3" time="0.153771"/>
        <testcase name="test_taxonomy_validated" class="Tests_XMLRPC_wp_getTaxonomy" classname="Tests_XMLRPC_wp_getTaxonomy" file="/var/www/html/test/wordpress_test/inpsyde_test/test/wp-content/plugins/plugintestslughere/tests/unit/tests/xmlrpc/wp/getTaxonomy.php" line="41" assertions="1" time="0.144077"/>
        <testcase name="test_prepare_taxonomy" class="Tests_XMLRPC_wp_getTaxonomy" classname="Tests_XMLRPC_wp_getTaxonomy" file="/var/www/html/test/wordpress_test/inpsyde_test/test/wp-content/plugins/plugintestslughere/tests/unit/tests/xmlrpc/wp/getTaxonomy.php" line="48" assertions="9" time="0.141526"/>
      </testsuite>
      <testsuite name="Tests_XMLRPC_wp_getTerm" file="/var/www/html/test/wordpress_test/inpsyde_test/test/wp-content/plugins/plugintestslughere/tests/unit/tests/xmlrpc/wp/getTerm.php" tests="8" assertions="36" errors="0" failures="0" skipped="0" time="1.030861">
        <testcase name="test_invalid_username_password" class="Tests_XMLRPC_wp_getTerm" classname="Tests_XMLRPC_wp_getTerm" file="/var/www/html/test/wordpress_test/inpsyde_test/test/wp-content/plugins/plugintestslughere/tests/unit/tests/xmlrpc/wp/getTerm.php" line="18" assertions="2" time="0.026864"/>
        <testcase name="test_empty_taxonomy" class="Tests_XMLRPC_wp_getTerm" classname="Tests_XMLRPC_wp_getTerm" file="/var/www/html/test/wordpress_test/inpsyde_test/test/wp-content/plugins/plugintestslughere/tests/unit/tests/xmlrpc/wp/getTerm.php" line="24" assertions="3" time="0.136919"/>
        <testcase name="test_invalid_taxonomy" class="Tests_XMLRPC_wp_getTerm" classname="Tests_XMLRPC_wp_getTerm" file="/var/www/html/test/wordpress_test/inpsyde_test/test/wp-content/plugins/plugintestslughere/tests/unit/tests/xmlrpc/wp/getTerm.php" line="33" assertions="3" time="0.142718"/>
        <testcase name="test_incapable_user" class="Tests_XMLRPC_wp_getTerm" classname="Tests_XMLRPC_wp_getTerm" file="/var/www/html/test/wordpress_test/inpsyde_test/test/wp-content/plugins/plugintestslughere/tests/unit/tests/xmlrpc/wp/getTerm.php" line="42" assertions="3" time="0.143009"/>
        <testcase name="test_empty_term" class="Tests_XMLRPC_wp_getTerm" classname="Tests_XMLRPC_wp_getTerm" file="/var/www/html/test/wordpress_test/inpsyde_test/test/wp-content/plugins/plugintestslughere/tests/unit/tests/xmlrpc/wp/getTerm.php" line="52" assertions="3" time="0.142489"/>
        <testcase name="test_invalid_term" class="Tests_XMLRPC_wp_getTerm" classname="Tests_XMLRPC_wp_getTerm" file="/var/www/html/test/wordpress_test/inpsyde_test/test/wp-content/plugins/plugintestslughere/tests/unit/tests/xmlrpc/wp/getTerm.php" line="61" assertions="3" time="0.143133"/>
        <testcase name="test_valid_term" class="Tests_XMLRPC_wp_getTerm" classname="Tests_XMLRPC_wp_getTerm" file="/var/www/html/test/wordpress_test/inpsyde_test/test/wp-content/plugins/plugintestslughere/tests/unit/tests/xmlrpc/wp/getTerm.php" line="70" assertions="16" time="0.143167"/>
        <testcase name="test_get_term_meta" class="Tests_XMLRPC_wp_getTerm" classname="Tests_XMLRPC_wp_getTerm" file="/var/www/html/test/wordpress_test/inpsyde_test/test/wp-content/plugins/plugintestslughere/tests/unit/tests/xmlrpc/wp/getTerm.php" line="105" assertions="3" time="0.152562"/>
      </testsuite>
      <testsuite name="Tests_XMLRPC_wp_getTerms" file="/var/www/html/test/wordpress_test/inpsyde_test/test/wp-content/plugins/plugintestslughere/tests/unit/tests/xmlrpc/wp/getTerms.php" tests="8" assertions="56" errors="0" failures="0" skipped="0" time="1.435730">
        <testcase name="test_invalid_username_password" class="Tests_XMLRPC_wp_getTerms" classname="Tests_XMLRPC_wp_getTerms" file="/var/www/html/test/wordpress_test/inpsyde_test/test/wp-content/plugins/plugintestslughere/tests/unit/tests/xmlrpc/wp/getTerms.php" line="8" assertions="2" time="0.037254"/>
        <testcase name="test_empty_taxonomy" class="Tests_XMLRPC_wp_getTerms" classname="Tests_XMLRPC_wp_getTerms" file="/var/www/html/test/wordpress_test/inpsyde_test/test/wp-content/plugins/plugintestslughere/tests/unit/tests/xmlrpc/wp/getTerms.php" line="14" assertions="3" time="0.145658"/>
        <testcase name="test_invalid_taxonomy" class="Tests_XMLRPC_wp_getTerms" classname="Tests_XMLRPC_wp_getTerms" file="/var/www/html/test/wordpress_test/inpsyde_test/test/wp-content/plugins/plugintestslughere/tests/unit/tests/xmlrpc/wp/getTerms.php" line="23" assertions="3" time="0.143323"/>
        <testcase name="test_incapable_user" class="Tests_XMLRPC_wp_getTerms" classname="Tests_XMLRPC_wp_getTerms" file="/var/www/html/test/wordpress_test/inpsyde_test/test/wp-content/plugins/plugintestslughere/tests/unit/tests/xmlrpc/wp/getTerms.php" line="32" assertions="3" time="0.142305"/>
        <testcase name="test_valid_terms" class="Tests_XMLRPC_wp_getTerms" classname="Tests_XMLRPC_wp_getTerms" file="/var/www/html/test/wordpress_test/inpsyde_test/test/wp-content/plugins/plugintestslughere/tests/unit/tests/xmlrpc/wp/getTerms.php" line="41" assertions="13" time="0.154930"/>
        <testcase name="test_custom_taxonomy" class="Tests_XMLRPC_wp_getTerms" classname="Tests_XMLRPC_wp_getTerms" file="/var/www/html/test/wordpress_test/inpsyde_test/test/wp-content/plugins/plugintestslughere/tests/unit/tests/xmlrpc/wp/getTerms.php" line="65" assertions="22" time="0.295707"/>
        <testcase name="test_term_ordering" class="Tests_XMLRPC_wp_getTerms" classname="Tests_XMLRPC_wp_getTerms" file="/var/www/html/test/wordpress_test/inpsyde_test/test/wp-content/plugins/plugintestslughere/tests/unit/tests/xmlrpc/wp/getTerms.php" line="107" assertions="2" time="0.341221"/>
        <testcase name="test_terms_search" class="Tests_XMLRPC_wp_getTerms" classname="Tests_XMLRPC_wp_getTerms" file="/var/www/html/test/wordpress_test/inpsyde_test/test/wp-content/plugins/plugintestslughere/tests/unit/tests/xmlrpc/wp/getTerms.php" line="133" assertions="8" time="0.175331"/>
      </testsuite>
      <testsuite name="Tests_XMLRPC_wp_getUser" file="/var/www/html/test/wordpress_test/inpsyde_test/test/wp-content/plugins/plugintestslughere/tests/unit/tests/xmlrpc/wp/getUser.php" tests="8" assertions="44" errors="0" failures="0" skipped="0" time="1.564590">
        <testcase name="test_invalid_username_password" class="Tests_XMLRPC_wp_getUser" classname="Tests_XMLRPC_wp_getUser" file="/var/www/html/test/wordpress_test/inpsyde_test/test/wp-content/plugins/plugintestslughere/tests/unit/tests/xmlrpc/wp/getUser.php" line="27" assertions="2" time="0.124291"/>
        <testcase name="test_invalid_user" class="Tests_XMLRPC_wp_getUser" classname="Tests_XMLRPC_wp_getUser" file="/var/www/html/test/wordpress_test/inpsyde_test/test/wp-content/plugins/plugintestslughere/tests/unit/tests/xmlrpc/wp/getUser.php" line="33" assertions="2" time="0.154826"/>
        <testcase name="test_incapable_user" class="Tests_XMLRPC_wp_getUser" classname="Tests_XMLRPC_wp_getUser" file="/var/www/html/test/wordpress_test/inpsyde_test/test/wp-content/plugins/plugintestslughere/tests/unit/tests/xmlrpc/wp/getUser.php" line="39" assertions="2" time="0.252279"/>
        <testcase name="test_subscriber_self" class="Tests_XMLRPC_wp_getUser" classname="Tests_XMLRPC_wp_getUser" file="/var/www/html/test/wordpress_test/inpsyde_test/test/wp-content/plugins/plugintestslughere/tests/unit/tests/xmlrpc/wp/getUser.php" line="48" assertions="2" time="0.198262"/>
        <testcase name="test_valid_user" class="Tests_XMLRPC_wp_getUser" classname="Tests_XMLRPC_wp_getUser" file="/var/www/html/test/wordpress_test/inpsyde_test/test/wp-content/plugins/plugintestslughere/tests/unit/tests/xmlrpc/wp/getUser.php" line="56" assertions="27" time="0.219736"/>
        <testcase name="test_no_fields" class="Tests_XMLRPC_wp_getUser" classname="Tests_XMLRPC_wp_getUser" file="/var/www/html/test/wordpress_test/inpsyde_test/test/wp-content/plugins/plugintestslughere/tests/unit/tests/xmlrpc/wp/getUser.php" line="111" assertions="3" time="0.208419"/>
        <testcase name="test_basic_fields" class="Tests_XMLRPC_wp_getUser" classname="Tests_XMLRPC_wp_getUser" file="/var/www/html/test/wordpress_test/inpsyde_test/test/wp-content/plugins/plugintestslughere/tests/unit/tests/xmlrpc/wp/getUser.php" line="122" assertions="3" time="0.208036"/>
        <testcase name="test_arbitrary_fields" class="Tests_XMLRPC_wp_getUser" classname="Tests_XMLRPC_wp_getUser" file="/var/www/html/test/wordpress_test/inpsyde_test/test/wp-content/plugins/plugintestslughere/tests/unit/tests/xmlrpc/wp/getUser.php" line="136" assertions="3" time="0.198741"/>
      </testsuite>
      <testsuite name="Tests_XMLRPC_wp_getUsers" file="/var/www/html/test/wordpress_test/inpsyde_test/test/wp-content/plugins/plugintestslughere/tests/unit/tests/xmlrpc/wp/getUsers.php" tests="7" assertions="31" errors="0" failures="0" skipped="0" time="1.436736">
        <testcase name="test_invalid_username_password" class="Tests_XMLRPC_wp_getUsers" classname="Tests_XMLRPC_wp_getUsers" file="/var/www/html/test/wordpress_test/inpsyde_test/test/wp-content/plugins/plugintestslughere/tests/unit/tests/xmlrpc/wp/getUsers.php" line="9" assertions="2" time="0.025937"/>
        <testcase name="test_incapable_user" class="Tests_XMLRPC_wp_getUsers" classname="Tests_XMLRPC_wp_getUsers" file="/var/www/html/test/wordpress_test/inpsyde_test/test/wp-content/plugins/plugintestslughere/tests/unit/tests/xmlrpc/wp/getUsers.php" line="15" assertions="2" time="0.145226"/>
        <testcase name="test_capable_user" class="Tests_XMLRPC_wp_getUsers" classname="Tests_XMLRPC_wp_getUsers" file="/var/www/html/test/wordpress_test/inpsyde_test/test/wp-content/plugins/plugintestslughere/tests/unit/tests/xmlrpc/wp/getUsers.php" line="23" assertions="14" time="0.143176"/>
        <testcase name="test_invalid_role" class="Tests_XMLRPC_wp_getUsers" classname="Tests_XMLRPC_wp_getUsers" file="/var/www/html/test/wordpress_test/inpsyde_test/test/wp-content/plugins/plugintestslughere/tests/unit/tests/xmlrpc/wp/getUsers.php" line="45" assertions="2" time="0.153761"/>
        <testcase name="test_role_filter" class="Tests_XMLRPC_wp_getUsers" classname="Tests_XMLRPC_wp_getUsers" file="/var/www/html/test/wordpress_test/inpsyde_test/test/wp-content/plugins/plugintestslughere/tests/unit/tests/xmlrpc/wp/getUsers.php" line="57" assertions="5" time="0.274528"/>
        <testcase name="test_paging_filters" class="Tests_XMLRPC_wp_getUsers" classname="Tests_XMLRPC_wp_getUsers" file="/var/www/html/test/wordpress_test/inpsyde_test/test/wp-content/plugins/plugintestslughere/tests/unit/tests/xmlrpc/wp/getUsers.php" line="79" assertions="1" time="0.506003"/>
        <testcase name="test_order_filters" class="Tests_XMLRPC_wp_getUsers" classname="Tests_XMLRPC_wp_getUsers" file="/var/www/html/test/wordpress_test/inpsyde_test/test/wp-content/plugins/plugintestslughere/tests/unit/tests/xmlrpc/wp/getUsers.php" line="108" assertions="5" time="0.188105"/>
      </testsuite>
      <testsuite name="Tests_XMLRPC_wp_newComment" file="/var/www/html/test/wordpress_test/inpsyde_test/test/wp-content/plugins/plugintestslughere/tests/unit/tests/xmlrpc/wp/newComment.php" tests="4" assertions="9" errors="0" failures="0" skipped="0" time="0.944827">
        <testcase name="test_valid_comment" class="Tests_XMLRPC_wp_newComment" classname="Tests_XMLRPC_wp_newComment" file="/var/www/html/test/wordpress_test/inpsyde_test/test/wp-content/plugins/plugintestslughere/tests/unit/tests/xmlrpc/wp/newComment.php" line="8" assertions="1" time="0.172931"/>
        <testcase name="test_empty_comment" class="Tests_XMLRPC_wp_newComment" classname="Tests_XMLRPC_wp_newComment" file="/var/www/html/test/wordpress_test/inpsyde_test/test/wp-content/plugins/plugintestslughere/tests/unit/tests/xmlrpc/wp/newComment.php" line="27" assertions="2" time="0.238284"/>
        <testcase name="test_new_comment_post_closed" class="Tests_XMLRPC_wp_newComment" classname="Tests_XMLRPC_wp_newComment" file="/var/www/html/test/wordpress_test/inpsyde_test/test/wp-content/plugins/plugintestslughere/tests/unit/tests/xmlrpc/wp/newComment.php" line="47" assertions="3" time="0.301421"/>
        <testcase name="test_new_comment_duplicated" class="Tests_XMLRPC_wp_newComment" classname="Tests_XMLRPC_wp_newComment" file="/var/www/html/test/wordpress_test/inpsyde_test/test/wp-content/plugins/plugintestslughere/tests/unit/tests/xmlrpc/wp/newComment.php" line="73" assertions="3" time="0.232191"/>
      </testsuite>
      <testsuite name="Tests_XMLRPC_wp_newPost" file="/var/www/html/test/wordpress_test/inpsyde_test/test/wp-content/plugins/plugintestslughere/tests/unit/tests/xmlrpc/wp/newPost.php" tests="30" assertions="71" errors="0" failures="0" skipped="0" time="6.743257">
        <testcase name="test_invalid_username_password" class="Tests_XMLRPC_wp_newPost" classname="Tests_XMLRPC_wp_newPost" file="/var/www/html/test/wordpress_test/inpsyde_test/test/wp-content/plugins/plugintestslughere/tests/unit/tests/xmlrpc/wp/newPost.php" line="8" assertions="2" time="0.024990"/>
        <testcase name="test_incapable_user" class="Tests_XMLRPC_wp_newPost" classname="Tests_XMLRPC_wp_newPost" file="/var/www/html/test/wordpress_test/inpsyde_test/test/wp-content/plugins/plugintestslughere/tests/unit/tests/xmlrpc/wp/newPost.php" line="14" assertions="2" time="0.144697"/>
        <testcase name="test_no_content" class="Tests_XMLRPC_wp_newPost" classname="Tests_XMLRPC_wp_newPost" file="/var/www/html/test/wordpress_test/inpsyde_test/test/wp-content/plugins/plugintestslughere/tests/unit/tests/xmlrpc/wp/newPost.php" line="22" assertions="3" time="0.165222"/>
        <testcase name="test_basic_content" class="Tests_XMLRPC_wp_newPost" classname="Tests_XMLRPC_wp_newPost" file="/var/www/html/test/wordpress_test/inpsyde_test/test/wp-content/plugins/plugintestslughere/tests/unit/tests/xmlrpc/wp/newPost.php" line="31" assertions="2" time="0.186410"/>
        <testcase name="test_ignore_id" class="Tests_XMLRPC_wp_newPost" classname="Tests_XMLRPC_wp_newPost" file="/var/www/html/test/wordpress_test/inpsyde_test/test/wp-content/plugins/plugintestslughere/tests/unit/tests/xmlrpc/wp/newPost.php" line="40" assertions="2" time="0.197992"/>
        <testcase name="test_capable_publish" class="Tests_XMLRPC_wp_newPost" classname="Tests_XMLRPC_wp_newPost" file="/var/www/html/test/wordpress_test/inpsyde_test/test/wp-content/plugins/plugintestslughere/tests/unit/tests/xmlrpc/wp/newPost.php" line="52" assertions="1" time="0.186580"/>
        <testcase name="test_incapable_publish" class="Tests_XMLRPC_wp_newPost" classname="Tests_XMLRPC_wp_newPost" file="/var/www/html/test/wordpress_test/inpsyde_test/test/wp-content/plugins/plugintestslughere/tests/unit/tests/xmlrpc/wp/newPost.php" line="63" assertions="2" time="0.143617"/>
        <testcase name="test_capable_private" class="Tests_XMLRPC_wp_newPost" classname="Tests_XMLRPC_wp_newPost" file="/var/www/html/test/wordpress_test/inpsyde_test/test/wp-content/plugins/plugintestslughere/tests/unit/tests/xmlrpc/wp/newPost.php" line="75" assertions="1" time="0.196715"/>
        <testcase name="test_incapable_private" class="Tests_XMLRPC_wp_newPost" classname="Tests_XMLRPC_wp_newPost" file="/var/www/html/test/wordpress_test/inpsyde_test/test/wp-content/plugins/plugintestslughere/tests/unit/tests/xmlrpc/wp/newPost.php" line="86" assertions="2" time="0.142802"/>
        <testcase name="test_capable_other_author" class="Tests_XMLRPC_wp_newPost" classname="Tests_XMLRPC_wp_newPost" file="/var/www/html/test/wordpress_test/inpsyde_test/test/wp-content/plugins/plugintestslughere/tests/unit/tests/xmlrpc/wp/newPost.php" line="98" assertions="1" time="0.241870"/>
        <testcase name="test_incapable_other_author" class="Tests_XMLRPC_wp_newPost" classname="Tests_XMLRPC_wp_newPost" file="/var/www/html/test/wordpress_test/inpsyde_test/test/wp-content/plugins/plugintestslughere/tests/unit/tests/xmlrpc/wp/newPost.php" line="110" assertions="2" time="0.197765"/>
        <testcase name="test_invalid_author" class="Tests_XMLRPC_wp_newPost" classname="Tests_XMLRPC_wp_newPost" file="/var/www/html/test/wordpress_test/inpsyde_test/test/wp-content/plugins/plugintestslughere/tests/unit/tests/xmlrpc/wp/newPost.php" line="123" assertions="2" time="0.142892"/>
        <testcase name="test_empty_author" class="Tests_XMLRPC_wp_newPost" classname="Tests_XMLRPC_wp_newPost" file="/var/www/html/test/wordpress_test/inpsyde_test/test/wp-content/plugins/plugintestslughere/tests/unit/tests/xmlrpc/wp/newPost.php" line="135" assertions="4" time="0.186251"/>
        <testcase name="test_post_thumbnail" class="Tests_XMLRPC_wp_newPost" classname="Tests_XMLRPC_wp_newPost" file="/var/www/html/test/wordpress_test/inpsyde_test/test/wp-content/plugins/plugintestslughere/tests/unit/tests/xmlrpc/wp/newPost.php" line="148" assertions="2" time="0.210000"/>
        <testcase name="test_invalid_post_status" class="Tests_XMLRPC_wp_newPost" classname="Tests_XMLRPC_wp_newPost" file="/var/www/html/test/wordpress_test/inpsyde_test/test/wp-content/plugins/plugintestslughere/tests/unit/tests/xmlrpc/wp/newPost.php" line="168" assertions="2" time="0.186006"/>
        <testcase name="test_incapable_sticky" class="Tests_XMLRPC_wp_newPost" classname="Tests_XMLRPC_wp_newPost" file="/var/www/html/test/wordpress_test/inpsyde_test/test/wp-content/plugins/plugintestslughere/tests/unit/tests/xmlrpc/wp/newPost.php" line="180" assertions="2" time="0.154006"/>
        <testcase name="test_capable_sticky" class="Tests_XMLRPC_wp_newPost" classname="Tests_XMLRPC_wp_newPost" file="/var/www/html/test/wordpress_test/inpsyde_test/test/wp-content/plugins/plugintestslughere/tests/unit/tests/xmlrpc/wp/newPost.php" line="192" assertions="2" time="0.209773"/>
        <testcase name="test_private_sticky" class="Tests_XMLRPC_wp_newPost" classname="Tests_XMLRPC_wp_newPost" file="/var/www/html/test/wordpress_test/inpsyde_test/test/wp-content/plugins/plugintestslughere/tests/unit/tests/xmlrpc/wp/newPost.php" line="204" assertions="2" time="0.164190"/>
        <testcase name="test_post_format" class="Tests_XMLRPC_wp_newPost" classname="Tests_XMLRPC_wp_newPost" file="/var/www/html/test/wordpress_test/inpsyde_test/test/wp-content/plugins/plugintestslughere/tests/unit/tests/xmlrpc/wp/newPost.php" line="217" assertions="2" time="0.208914"/>
        <testcase name="test_invalid_post_format" class="Tests_XMLRPC_wp_newPost" classname="Tests_XMLRPC_wp_newPost" file="/var/www/html/test/wordpress_test/inpsyde_test/test/wp-content/plugins/plugintestslughere/tests/unit/tests/xmlrpc/wp/newPost.php" line="229" assertions="2" time="0.186588"/>
        <testcase name="test_invalid_taxonomy" class="Tests_XMLRPC_wp_newPost" classname="Tests_XMLRPC_wp_newPost" file="/var/www/html/test/wordpress_test/inpsyde_test/test/wp-content/plugins/plugintestslughere/tests/unit/tests/xmlrpc/wp/newPost.php" line="241" assertions="4" time="0.186707"/>
        <testcase name="test_invalid_term_id" class="Tests_XMLRPC_wp_newPost" classname="Tests_XMLRPC_wp_newPost" file="/var/www/html/test/wordpress_test/inpsyde_test/test/wp-content/plugins/plugintestslughere/tests/unit/tests/xmlrpc/wp/newPost.php" line="265" assertions="2" time="0.968782"/>
        <testcase name="test_terms" class="Tests_XMLRPC_wp_newPost" classname="Tests_XMLRPC_wp_newPost" file="/var/www/html/test/wordpress_test/inpsyde_test/test/wp-content/plugins/plugintestslughere/tests/unit/tests/xmlrpc/wp/newPost.php" line="279" assertions="7" time="0.340641"/>
        <testcase name="test_terms_names" class="Tests_XMLRPC_wp_newPost" classname="Tests_XMLRPC_wp_newPost" file="/var/www/html/test/wordpress_test/inpsyde_test/test/wp-content/plugins/plugintestslughere/tests/unit/tests/xmlrpc/wp/newPost.php" line="304" assertions="6" time="0.462542"/>
        <testcase name="test_invalid_post_date_does_not_fatal" class="Tests_XMLRPC_wp_newPost" classname="Tests_XMLRPC_wp_newPost" file="/var/www/html/test/wordpress_test/inpsyde_test/test/wp-content/plugins/plugintestslughere/tests/unit/tests/xmlrpc/wp/newPost.php" line="347" assertions="2" time="0.241342"/>
        <testcase name="test_invalid_post_date_gmt_does_not_fatal" class="Tests_XMLRPC_wp_newPost" classname="Tests_XMLRPC_wp_newPost" file="/var/www/html/test/wordpress_test/inpsyde_test/test/wp-content/plugins/plugintestslughere/tests/unit/tests/xmlrpc/wp/newPost.php" line="364" assertions="2" time="0.263919"/>
        <testcase name="test_valid_string_post_date" class="Tests_XMLRPC_wp_newPost" classname="Tests_XMLRPC_wp_newPost" file="/var/www/html/test/wordpress_test/inpsyde_test/test/wp-content/plugins/plugintestslughere/tests/unit/tests/xmlrpc/wp/newPost.php" line="381" assertions="2" time="0.209301"/>
        <testcase name="test_valid_string_post_date_gmt" class="Tests_XMLRPC_wp_newPost" classname="Tests_XMLRPC_wp_newPost" file="/var/www/html/test/wordpress_test/inpsyde_test/test/wp-content/plugins/plugintestslughere/tests/unit/tests/xmlrpc/wp/newPost.php" line="398" assertions="2" time="0.208032"/>
        <testcase name="test_valid_IXR_post_date" class="Tests_XMLRPC_wp_newPost" classname="Tests_XMLRPC_wp_newPost" file="/var/www/html/test/wordpress_test/inpsyde_test/test/wp-content/plugins/plugintestslughere/tests/unit/tests/xmlrpc/wp/newPost.php" line="415" assertions="2" time="0.186889"/>
        <testcase name="test_valid_IXR_post_date_gmt" class="Tests_XMLRPC_wp_newPost" classname="Tests_XMLRPC_wp_newPost" file="/var/www/html/test/wordpress_test/inpsyde_test/test/wp-content/plugins/plugintestslughere/tests/unit/tests/xmlrpc/wp/newPost.php" line="432" assertions="2" time="0.197822"/>
      </testsuite>
      <testsuite name="Tests_XMLRPC_wp_newTerm" file="/var/www/html/test/wordpress_test/inpsyde_test/test/wp-content/plugins/plugintestslughere/tests/unit/tests/xmlrpc/wp/newTerm.php" tests="12" assertions="30" errors="0" failures="0" skipped="0" time="1.603440">
        <testcase name="test_invalid_username_password" class="Tests_XMLRPC_wp_newTerm" classname="Tests_XMLRPC_wp_newTerm" file="/var/www/html/test/wordpress_test/inpsyde_test/test/wp-content/plugins/plugintestslughere/tests/unit/tests/xmlrpc/wp/newTerm.php" line="18" assertions="2" time="0.025864"/>
        <testcase name="test_empty_taxonomy" class="Tests_XMLRPC_wp_newTerm" classname="Tests_XMLRPC_wp_newTerm" file="/var/www/html/test/wordpress_test/inpsyde_test/test/wp-content/plugins/plugintestslughere/tests/unit/tests/xmlrpc/wp/newTerm.php" line="24" assertions="3" time="0.138845"/>
        <testcase name="test_invalid_taxonomy" class="Tests_XMLRPC_wp_newTerm" classname="Tests_XMLRPC_wp_newTerm" file="/var/www/html/test/wordpress_test/inpsyde_test/test/wp-content/plugins/plugintestslughere/tests/unit/tests/xmlrpc/wp/newTerm.php" line="33" assertions="3" time="0.131895"/>
        <testcase name="test_incapable_user" class="Tests_XMLRPC_wp_newTerm" classname="Tests_XMLRPC_wp_newTerm" file="/var/www/html/test/wordpress_test/inpsyde_test/test/wp-content/plugins/plugintestslughere/tests/unit/tests/xmlrpc/wp/newTerm.php" line="42" assertions="3" time="0.142924"/>
        <testcase name="test_empty_term" class="Tests_XMLRPC_wp_newTerm" classname="Tests_XMLRPC_wp_newTerm" file="/var/www/html/test/wordpress_test/inpsyde_test/test/wp-content/plugins/plugintestslughere/tests/unit/tests/xmlrpc/wp/newTerm.php" line="51" assertions="3" time="0.142153"/>
        <testcase name="test_parent_for_nonhierarchical" class="Tests_XMLRPC_wp_newTerm" classname="Tests_XMLRPC_wp_newTerm" file="/var/www/html/test/wordpress_test/inpsyde_test/test/wp-content/plugins/plugintestslughere/tests/unit/tests/xmlrpc/wp/newTerm.php" line="70" assertions="3" time="0.132187"/>
        <testcase name="test_parent_invalid" class="Tests_XMLRPC_wp_newTerm" classname="Tests_XMLRPC_wp_newTerm" file="/var/www/html/test/wordpress_test/inpsyde_test/test/wp-content/plugins/plugintestslughere/tests/unit/tests/xmlrpc/wp/newTerm.php" line="90" assertions="2" time="0.142345"/>
        <testcase name="test_parent_not_existing" class="Tests_XMLRPC_wp_newTerm" classname="Tests_XMLRPC_wp_newTerm" file="/var/www/html/test/wordpress_test/inpsyde_test/test/wp-content/plugins/plugintestslughere/tests/unit/tests/xmlrpc/wp/newTerm.php" line="109" assertions="3" time="0.142968"/>
        <testcase name="test_add_term" class="Tests_XMLRPC_wp_newTerm" classname="Tests_XMLRPC_wp_newTerm" file="/var/www/html/test/wordpress_test/inpsyde_test/test/wp-content/plugins/plugintestslughere/tests/unit/tests/xmlrpc/wp/newTerm.php" line="130" assertions="2" time="0.154589"/>
        <testcase name="test_add_term_with_parent" class="Tests_XMLRPC_wp_newTerm" classname="Tests_XMLRPC_wp_newTerm" file="/var/www/html/test/wordpress_test/inpsyde_test/test/wp-content/plugins/plugintestslughere/tests/unit/tests/xmlrpc/wp/newTerm.php" line="148" assertions="2" time="0.152705"/>
        <testcase name="test_add_term_with_all" class="Tests_XMLRPC_wp_newTerm" classname="Tests_XMLRPC_wp_newTerm" file="/var/www/html/test/wordpress_test/inpsyde_test/test/wp-content/plugins/plugintestslughere/tests/unit/tests/xmlrpc/wp/newTerm.php" line="167" assertions="2" time="0.143094"/>
        <testcase name="test_add_term_meta" class="Tests_XMLRPC_wp_newTerm" classname="Tests_XMLRPC_wp_newTerm" file="/var/www/html/test/wordpress_test/inpsyde_test/test/wp-content/plugins/plugintestslughere/tests/unit/tests/xmlrpc/wp/newTerm.php" line="185" assertions="2" time="0.153870"/>
      </testsuite>
      <testsuite name="Tests_XMLRPC_wp_restoreRevision" file="/var/www/html/test/wordpress_test/inpsyde_test/test/wp-content/plugins/plugintestslughere/tests/unit/tests/xmlrpc/wp/restoreRevision.php" tests="4" assertions="7" errors="0" failures="0" skipped="0" time="0.821324">
        <testcase name="test_invalid_username_password" class="Tests_XMLRPC_wp_restoreRevision" classname="Tests_XMLRPC_wp_restoreRevision" file="/var/www/html/test/wordpress_test/inpsyde_test/test/wp-content/plugins/plugintestslughere/tests/unit/tests/xmlrpc/wp/restoreRevision.php" line="30" assertions="2" time="0.139266"/>
        <testcase name="test_incapable_user" class="Tests_XMLRPC_wp_restoreRevision" classname="Tests_XMLRPC_wp_restoreRevision" file="/var/www/html/test/wordpress_test/inpsyde_test/test/wp-content/plugins/plugintestslughere/tests/unit/tests/xmlrpc/wp/restoreRevision.php" line="36" assertions="2" time="0.199254"/>
        <testcase name="test_capable_user" class="Tests_XMLRPC_wp_restoreRevision" classname="Tests_XMLRPC_wp_restoreRevision" file="/var/www/html/test/wordpress_test/inpsyde_test/test/wp-content/plugins/plugintestslughere/tests/unit/tests/xmlrpc/wp/restoreRevision.php" line="44" assertions="1" time="0.240374"/>
        <testcase name="test_revision_restored" class="Tests_XMLRPC_wp_restoreRevision" classname="Tests_XMLRPC_wp_restoreRevision" file="/var/www/html/test/wordpress_test/inpsyde_test/test/wp-content/plugins/plugintestslughere/tests/unit/tests/xmlrpc/wp/restoreRevision.php" line="51" assertions="2" time="0.242430"/>
      </testsuite>
      <testsuite name="Tests_XMLRPC_wp_setOptions" file="/var/www/html/test/wordpress_test/inpsyde_test/test/wp-content/plugins/plugintestslughere/tests/unit/tests/xmlrpc/wp/setOptions.php" tests="1" assertions="4" errors="0" failures="0" skipped="0" time="0.139804">
        <testcase name="test_set_option_no_escape_strings" class="Tests_XMLRPC_wp_setOptions" classname="Tests_XMLRPC_wp_setOptions" file="/var/www/html/test/wordpress_test/inpsyde_test/test/wp-content/plugins/plugintestslughere/tests/unit/tests/xmlrpc/wp/setOptions.php" line="10" assertions="4" time="0.139804"/>
      </testsuite>
      <testsuite name="Tests_XMLRPC_wp_uploadFile" file="/var/www/html/test/wordpress_test/inpsyde_test/test/wp-content/plugins/plugintestslughere/tests/unit/tests/xmlrpc/wp/uploadFile.php" tests="1" assertions="6" errors="0" failures="0" skipped="0" time="0.173566">
        <testcase name="test_valid_attachment" class="Tests_XMLRPC_wp_uploadFile" classname="Tests_XMLRPC_wp_uploadFile" file="/var/www/html/test/wordpress_test/inpsyde_test/test/wp-content/plugins/plugintestslughere/tests/unit/tests/xmlrpc/wp/uploadFile.php" line="14" assertions="6" time="0.173566"/>
      </testsuite>
    </testsuite>
    <testsuite name="restapi-autosave" tests="25" assertions="247" errors="0" failures="0" skipped="0" time="2.139560">
      <testsuite name="WP_Test_REST_Autosaves_Controller" file="/var/www/html/test/wordpress_test/inpsyde_test/test/wp-content/plugins/plugintestslughere/tests/unit/tests/rest-api/rest-autosaves-controller.php" tests="25" assertions="247" errors="0" failures="0" skipped="0" time="2.139560">
        <testcase name="test_register_routes" class="WP_Test_REST_Autosaves_Controller" classname="WP_Test_REST_Autosaves_Controller" file="/var/www/html/test/wordpress_test/inpsyde_test/test/wp-content/plugins/plugintestslughere/tests/unit/tests/rest-api/rest-autosaves-controller.php" line="129" assertions="8" time="0.052124"/>
        <testcase name="test_context_param" class="WP_Test_REST_Autosaves_Controller" classname="WP_Test_REST_Autosaves_Controller" file="/var/www/html/test/wordpress_test/inpsyde_test/test/wp-content/plugins/plugintestslughere/tests/unit/tests/rest-api/rest-autosaves-controller.php" line="137" assertions="8" time="0.059813"/>
        <testcase name="test_registered_query_params" class="WP_Test_REST_Autosaves_Controller" classname="WP_Test_REST_Autosaves_Controller" file="/var/www/html/test/wordpress_test/inpsyde_test/test/wp-content/plugins/plugintestslughere/tests/unit/tests/rest-api/rest-autosaves-controller.php" line="154" assertions="5" time="0.056179"/>
        <testcase name="test_get_items" class="WP_Test_REST_Autosaves_Controller" classname="WP_Test_REST_Autosaves_Controller" file="/var/www/html/test/wordpress_test/inpsyde_test/test/wp-content/plugins/plugintestslughere/tests/unit/tests/rest-api/rest-autosaves-controller.php" line="169" assertions="21" time="0.066729"/>
        <testcase name="test_get_items_no_permission" class="WP_Test_REST_Autosaves_Controller" classname="WP_Test_REST_Autosaves_Controller" file="/var/www/html/test/wordpress_test/inpsyde_test/test/wp-content/plugins/plugintestslughere/tests/unit/tests/rest-api/rest-autosaves-controller.php" line="182" assertions="12" time="0.104451"/>
        <testcase name="test_get_items_missing_parent" class="WP_Test_REST_Autosaves_Controller" classname="WP_Test_REST_Autosaves_Controller" file="/var/www/html/test/wordpress_test/inpsyde_test/test/wp-content/plugins/plugintestslughere/tests/unit/tests/rest-api/rest-autosaves-controller.php" line="192" assertions="8" time="0.056581"/>
        <testcase name="test_get_items_invalid_parent_post_type" class="WP_Test_REST_Autosaves_Controller" classname="WP_Test_REST_Autosaves_Controller" file="/var/www/html/test/wordpress_test/inpsyde_test/test/wp-content/plugins/plugintestslughere/tests/unit/tests/rest-api/rest-autosaves-controller.php" line="199" assertions="8" time="0.056134"/>
        <testcase name="test_get_item" class="WP_Test_REST_Autosaves_Controller" classname="WP_Test_REST_Autosaves_Controller" file="/var/www/html/test/wordpress_test/inpsyde_test/test/wp-content/plugins/plugintestslughere/tests/unit/tests/rest-api/rest-autosaves-controller.php" line="206" assertions="20" time="0.064091"/>
        <testcase name="test_get_item_embed_context" class="WP_Test_REST_Autosaves_Controller" classname="WP_Test_REST_Autosaves_Controller" file="/var/www/html/test/wordpress_test/inpsyde_test/test/wp-content/plugins/plugintestslughere/tests/unit/tests/rest-api/rest-autosaves-controller.php" line="232" assertions="6" time="0.063438"/>
        <testcase name="test_get_item_no_permission" class="WP_Test_REST_Autosaves_Controller" classname="WP_Test_REST_Autosaves_Controller" file="/var/www/html/test/wordpress_test/inpsyde_test/test/wp-content/plugins/plugintestslughere/tests/unit/tests/rest-api/rest-autosaves-controller.php" line="250" assertions="8" time="0.061126"/>
        <testcase name="test_get_item_missing_parent" class="WP_Test_REST_Autosaves_Controller" classname="WP_Test_REST_Autosaves_Controller" file="/var/www/html/test/wordpress_test/inpsyde_test/test/wp-content/plugins/plugintestslughere/tests/unit/tests/rest-api/rest-autosaves-controller.php" line="257" assertions="8" time="0.056421"/>
        <testcase name="test_get_item_invalid_parent_post_type" class="WP_Test_REST_Autosaves_Controller" classname="WP_Test_REST_Autosaves_Controller" file="/var/www/html/test/wordpress_test/inpsyde_test/test/wp-content/plugins/plugintestslughere/tests/unit/tests/rest-api/rest-autosaves-controller.php" line="265" assertions="8" time="0.099311"/>
        <testcase name="test_delete_item" class="WP_Test_REST_Autosaves_Controller" classname="WP_Test_REST_Autosaves_Controller" file="/var/www/html/test/wordpress_test/inpsyde_test/test/wp-content/plugins/plugintestslughere/tests/unit/tests/rest-api/rest-autosaves-controller.php" line="272" assertions="4" time="0.052992"/>
        <testcase name="test_prepare_item" class="WP_Test_REST_Autosaves_Controller" classname="WP_Test_REST_Autosaves_Controller" file="/var/www/html/test/wordpress_test/inpsyde_test/test/wp-content/plugins/plugintestslughere/tests/unit/tests/rest-api/rest-autosaves-controller.php" line="276" assertions="18" time="0.067882"/>
        <testcase name="test_get_item_schema" class="WP_Test_REST_Autosaves_Controller" classname="WP_Test_REST_Autosaves_Controller" file="/var/www/html/test/wordpress_test/inpsyde_test/test/wp-content/plugins/plugintestslughere/tests/unit/tests/rest-api/rest-autosaves-controller.php" line="284" assertions="18" time="0.057580"/>
        <testcase name="test_create_item" class="WP_Test_REST_Autosaves_Controller" classname="WP_Test_REST_Autosaves_Controller" file="/var/www/html/test/wordpress_test/inpsyde_test/test/wp-content/plugins/plugintestslughere/tests/unit/tests/rest-api/rest-autosaves-controller.php" line="305" assertions="9" time="0.140911"/>
        <testcase name="test_update_item" class="WP_Test_REST_Autosaves_Controller" classname="WP_Test_REST_Autosaves_Controller" file="/var/www/html/test/wordpress_test/inpsyde_test/test/wp-content/plugins/plugintestslughere/tests/unit/tests/rest-api/rest-autosaves-controller.php" line="322" assertions="9" time="0.132480"/>
        <testcase name="test_update_item_nopriv" class="WP_Test_REST_Autosaves_Controller" classname="WP_Test_REST_Autosaves_Controller" file="/var/www/html/test/wordpress_test/inpsyde_test/test/wp-content/plugins/plugintestslughere/tests/unit/tests/rest-api/rest-autosaves-controller.php" line="340" assertions="8" time="0.064897"/>
        <testcase name="test_rest_autosave_published_post" class="WP_Test_REST_Autosaves_Controller" classname="WP_Test_REST_Autosaves_Controller" file="/var/www/html/test/wordpress_test/inpsyde_test/test/wp-content/plugins/plugintestslughere/tests/unit/tests/rest-api/rest-autosaves-controller.php" line="359" assertions="12" time="0.131938"/>
        <testcase name="test_rest_autosave_draft_post_same_author" class="WP_Test_REST_Autosaves_Controller" classname="WP_Test_REST_Autosaves_Controller" file="/var/www/html/test/wordpress_test/inpsyde_test/test/wp-content/plugins/plugintestslughere/tests/unit/tests/rest-api/rest-autosaves-controller.php" line="393" assertions="10" time="0.219758"/>
        <testcase name="test_rest_autosave_draft_post_different_author" class="WP_Test_REST_Autosaves_Controller" classname="WP_Test_REST_Autosaves_Controller" file="/var/www/html/test/wordpress_test/inpsyde_test/test/wp-content/plugins/plugintestslughere/tests/unit/tests/rest-api/rest-autosaves-controller.php" line="430" assertions="12" time="0.165306"/>
        <testcase name="test_get_additional_field_registration" class="WP_Test_REST_Autosaves_Controller" classname="WP_Test_REST_Autosaves_Controller" file="/var/www/html/test/wordpress_test/inpsyde_test/test/wp-content/plugins/plugintestslughere/tests/unit/tests/rest-api/rest-autosaves-controller.php" line="475" assertions="8" time="0.072221"/>
        <testcase name="test_get_item_sets_up_postdata" class="WP_Test_REST_Autosaves_Controller" classname="WP_Test_REST_Autosaves_Controller" file="/var/www/html/test/wordpress_test/inpsyde_test/test/wp-content/plugins/plugintestslughere/tests/unit/tests/rest-api/rest-autosaves-controller.php" line="555" assertions="7" time="0.064901"/>
        <testcase name="test_update_item_draft_page_with_parent" class="WP_Test_REST_Autosaves_Controller" classname="WP_Test_REST_Autosaves_Controller" file="/var/www/html/test/wordpress_test/inpsyde_test/test/wp-content/plugins/plugintestslughere/tests/unit/tests/rest-api/rest-autosaves-controller.php" line="567" assertions="7" time="0.114482"/>
        <testcase name="test_schema_validation_is_applied" class="WP_Test_REST_Autosaves_Controller" classname="WP_Test_REST_Autosaves_Controller" file="/var/www/html/test/wordpress_test/inpsyde_test/test/wp-content/plugins/plugintestslughere/tests/unit/tests/rest-api/rest-autosaves-controller.php" line="587" assertions="5" time="0.057814"/>
      </testsuite>
    </testsuite>
  </testsuite>
</testsuites>
